Models will save to DLV3_effb7_x
Use efficientnet-b7 encoder
Start training...
----------
0
----------
DLS create!
Traceback (most recent call last):
  File "/home/vskovoroda/Stones/train_model.py", line 90, in <module>
    learn.fit(90)
  File "/home/vskovoroda/miniconda3/envs/tf-gpu/lib/python3.9/site-packages/fastai/learner.py", line 264, in fit
    self._with_events(self._do_fit, 'fit', CancelFitException, self._end_cleanup)
  File "/home/vskovoroda/miniconda3/envs/tf-gpu/lib/python3.9/site-packages/fastai/learner.py", line 199, in _with_events
    try: self(f'before_{event_type}');  f()
  File "/home/vskovoroda/miniconda3/envs/tf-gpu/lib/python3.9/site-packages/fastai/learner.py", line 253, in _do_fit
    self._with_events(self._do_epoch, 'epoch', CancelEpochException)
  File "/home/vskovoroda/miniconda3/envs/tf-gpu/lib/python3.9/site-packages/fastai/learner.py", line 199, in _with_events
    try: self(f'before_{event_type}');  f()
  File "/home/vskovoroda/miniconda3/envs/tf-gpu/lib/python3.9/site-packages/fastai/learner.py", line 247, in _do_epoch
    self._do_epoch_train()
  File "/home/vskovoroda/miniconda3/envs/tf-gpu/lib/python3.9/site-packages/fastai/learner.py", line 239, in _do_epoch_train
    self._with_events(self.all_batches, 'train', CancelTrainException)
  File "/home/vskovoroda/miniconda3/envs/tf-gpu/lib/python3.9/site-packages/fastai/learner.py", line 199, in _with_events
    try: self(f'before_{event_type}');  f()
  File "/home/vskovoroda/miniconda3/envs/tf-gpu/lib/python3.9/site-packages/fastai/learner.py", line 205, in all_batches
    for o in enumerate(self.dl): self.one_batch(*o)
  File "/home/vskovoroda/miniconda3/envs/tf-gpu/lib/python3.9/site-packages/fastai/learner.py", line 235, in one_batch
    self._with_events(self._do_one_batch, 'batch', CancelBatchException)
  File "/home/vskovoroda/miniconda3/envs/tf-gpu/lib/python3.9/site-packages/fastai/learner.py", line 199, in _with_events
    try: self(f'before_{event_type}');  f()
  File "/home/vskovoroda/miniconda3/envs/tf-gpu/lib/python3.9/site-packages/fastai/learner.py", line 216, in _do_one_batch
    self.pred = self.model(*self.xb)
  File "/home/vskovoroda/miniconda3/envs/tf-gpu/lib/python3.9/site-packages/torch/nn/modules/module.py", line 1501, in _ca[3, 0.5183480381965637, 0.5256639719009399, 0.9601065516471863, 0.17617245018482208, 1.0263683795928955, 0.999022364616394, '02:08']
[4, 0.5192022919654846, 0.5320237278938293, 0.9601088762283325, 0.1748121976852417, 1.077763557434082, 0.9990040063858032, '02:07']
[5, 0.5152899622917175, 0.5278096795082092, 0.9601090550422668, 0.17456911504268646, 1.0120723247528076, 0.9995215535163879, '02:06']
[6, 0.5176107287406921, 0.5298019051551819, 0.9601104259490967, 0.17467144131660461, 1.0122044086456299, 0.9998867511749268, '02:07']
[7, 0.5180482864379883, 0.5261467099189758, 0.9601075053215027, 0.17512202262878418, 1.0145487785339355, 0.9995918273925781, '02:07']
[8, 0.516546905040741, 0.5689660310745239, 0.9601121544837952, 0.1748557984828949, 1.017661690711975, 1.000596046447754, '02:07']
[9, 0.5155936479568481, 0.5342276096343994, 0.9601050019264221, 0.17507092654705048, 1.0213592052459717, 0.9996119737625122, '02:07']
[10, 0.5152512192726135, 0.5264121294021606, 0.9601078629493713, 0.1754475086927414, 1.0231614112854004, 0.9997111558914185, '02:07']
No improvement since epoch 2: early stopping
----------
2
----------
DLS create!
[0, 0.5224666595458984, 0.5227497816085815, 0.9018638134002686, 0.17991338670253754, 1.0380072593688965, 1.0004360675811768, '02:07']
Better model found at epoch 0 with valid_loss value: 0.5227497816085815.
[1, 0.5182111859321594, 0.5229891538619995, 0.9018648862838745, 0.17479544878005981, 1.0109436511993408, 1.0004326105117798, '02:07']
[2, 0.5189073085784912, 0.7279142737388611, 0.9018641710281372, 0.1732977032661438, 1.000972032546997, 0.9965322017669678, '02:09']
[3, 0.5190179347991943, 0.6227750778198242, 0.9018593430519104, 0.17424330115318298, 1.0185225009918213, 0.9988703727722168, '02:07']
[4, 0.5157511234283447, 0.5228946208953857, 0.9018612504005432, 0.1759636551141739, 1.0293803215026855, 0.9991505742073059, '02:07']
[5, 0.5174934267997742, 0.5241645574569702, 0.9018619656562805, 0.17499947547912598, 1.0379838943481445, 1.0006332397460938, '02:06']
[6, 0.5191201567649841, 0.5204428434371948, 0.9018590450286865, 0.17599262297153473, 1.0146507024765015, 0.9995870590209961, '02:08']
Better model found at epoch 6 with valid_loss value: 0.5204428434371948.
[7, 0.5208936333656311, 0.5213643908500671, 0.901858925819397, 0.17695243656635284, 1.0259056091308594, 0.9998657703399658, '02:06']
[8, 0.5170961618423462, 0.5523183345794678, 0.9018581509590149, 0.17388539016246796, 1.020193338394165, 0.9996832609176636, '02:07']
[9, 0.5212079882621765, 0.521245539188385, 0.9018629789352417, 0.1765306293964386, 1.0211721658706665, 0.9999406933784485, '02:05']
[10, 0.5192716717720032, 0.5215355753898621, 0.9018634557723999, 0.17533855140209198, 1.0178272724151611, 1.000083327293396, '02:08']
[11, 0.5174132585525513, 0.5225679278373718, 0.9018650650978088, 0.1748029738664627, 1.011951208114624, 1.0002082586288452, '02:05']
[12, 0.5196378827095032, 0.5213184356689453, 0.9018638134002686, 0.17631657421588898, 1.0244438648223877, 1.0000617504119873, '02:08']
[13, 0.5202155709266663, 0.5210044384002686, 0.9018506407737732, 0.17482756078243256, 1.0174455642700195, 0.9973500967025757, '02:07']
[14, 0.5167374610900879, 0.5206217169761658, 0.9018547534942627, 0.17683811485767365, 1.01729416847229, 0.9987261295318604, '02:07']
No improvement since epoch 6: early stopping
----------
3
----------
DLS create!
[0, 0.5233176350593567, 0.5212867259979248, 0.9825503826141357, 0.1765471249818802, 1.019611120223999, 0.9999831318855286, '02:08']
Better model found at epoch 0 with valid_loss value: 0.5212867259979248.
[1, 0.5171199440956116, 0.5223409533500671, 0.9825473427772522, 0.17973409593105316, 1.0250307321548462, 0.9999192357063293, '02:06']
[2, 0.5158526301383972, 0.5223336219787598, 0.9825525879859924, 0.17576730251312256, 1.0138702392578125, 1.000406265258789, '02:09']
[3, 0.5182454586029053, 0.6152081489562988, 0.9825553297996521, 0.1740684062242508, 1.0277736186981201, 1.0012449026107788, '02:08']
[4, 0.5198863744735718, 2.022582530975342, 0.9826214909553528, 0.20338588953018188, 1.870563268661499, 1.0060315132141113, '02:07']
[5, 0.5152201652526855, 0.5252811908721924, 0.9825429320335388, 0.1750861406326294, 1.0189826488494873, 0.9984959363937378, '02:07']
[6, 0.5129944682121277, 0.8558375239372253, 0.9825525879859924, 0.1735725998878479, 1.0176974534988403, 1.0004615783691406, '02:08']
[7, 0.5155763626098633, 0.5746743679046631, 0.9825462102890015, 0.17513325810432434, 1.010638952255249, 0.999119222164154, '02:07']
[8, 0.5173587203025818, 0.5280888676643372, 0.9825447797775269, 0.17516928911209106, 1.020687460899353, 0.9987647533416748, '02:06']
No improvement since epoch 0: early stopping
----------
4
----------
DLS create!
[0, 0.5239858627319336, 0.5207308530807495, 0.9920474886894226, 0.17676621675491333, 1.0157408714294434, 1.0000241994857788, '02:07']
Better model found at epoch 0 with valid_loss value: 0.5207308530807495.
[1, 0.518500566482544, 0.5222459435462952, 0.9920489192008972, 0.1746644824743271, 1.0069831609725952, 1.0000370740890503, '02:06']
[2, 0.5170184969902039, 0.5210034847259521, 0.9920482039451599, 0.17560039460659027, 1.0117391347885132, 1.0000061988830566, '02:05']
[3, 0.5169175863265991, 0.55318683385849, 0.9920483827590942, 0.17606186866760254, 1.0247435569763184, 0.9999224543571472, '02:05']
[4, 0.5174751877784729, 0.6083877682685852, 0.9920482635498047, 0.17470289766788483, 1.027971625328064, 1.0001252889633179, '02:05']
[5, 0.5214841365814209, 0.5215108394622803, 0.9920497536659241, 0.17647947371006012, 1.0261890888214111, 0.9999905824661255, '02:06']
[6, 0.515984058380127, 0.5250972509384155, 0.9920534491539001, 0.17584426701068878, 1.0167903900146484, 1.0008856058120728, '02:07']
[7, 0.5191602110862732, 0.5262864232063293, 0.9920468926429749, 0.17614902555942535, 1.031156301498413, 0.9995549917221069, '02:05']
[8, 0.5148828625679016, 0.5216601490974426, 0.9920486807823181, 0.17509040236473083, 1.0156359672546387, 0.9999204277992249, '02:06']
No improvement since epoch 0: early stopping
DeepLabV3 Done!
