Models will save to DLV3_mobs4_x
Use mobileone_s4 encoder
Start training...
----------
0
----------
DLS create!
[0, 0.5694776773452759, 0.5184881687164307, 0.9926847815513611, 0.17586641013622284, 1.0391616821289062, 0.9996985197067261, '00:44']
Better model found at epoch 0 with valid_loss value: 0.5184881687164307.
[1, 0.5348883867263794, 0.5182799100875854, 0.9926822185516357, 0.17758765816688538, 1.0433932542800903, 0.9995494484901428, '00:44']
Better model found at epoch 1 with valid_loss value: 0.5182799100875854.
[2, 0.5259341597557068, 0.5192434191703796, 0.9926803708076477, 0.1770472526550293, 1.0405983924865723, 0.9992958307266235, '00:44']
[3, 0.5213987231254578, 0.5523346066474915, 0.9926900863647461, 0.1761951893568039, 1.0401753187179565, 1.000569462776184, '00:44']
[4, 0.519361138343811, 0.5175875425338745, 0.9926797151565552, 0.17646099627017975, 1.0324890613555908, 0.9988788962364197, '00:46']
Better model found at epoch 4 with valid_loss value: 0.5175875425338745.
[5, 0.5177184343338013, 0.5285643935203552, 0.9926788806915283, 0.1754530817270279, 1.0400500297546387, 0.9983198642730713, '00:44']
[6, 0.516119122505188, 0.5201333165168762, 0.9926701188087463, 0.1759425848722458, 1.0729074478149414, 0.9960192441940308, '00:44']
[7, 0.5155521035194397, 0.5179080367088318, 0.9926708340644836, 0.1756395399570465, 1.0574226379394531, 0.9964464902877808, '00:45']
[8, 0.5142722129821777, 2.034202814102173, 0.9922149181365967, 0.2627205550670624, 1.9533146619796753, 0.9736921191215515, '00:45']
[9, 0.5140052437782288, 0.5184094309806824, 0.9926590323448181, 0.17702828347682953, 1.0959643125534058, 0.9943297505378723, '00:46']
[10, 0.5139250159263611, 0.5111444592475891, 0.9925971627235413, 0.17610739171504974, 1.2196412086486816, 0.9822848439216614, '00:45']
Better model found at epoch 10 with valid_loss value: 0.5111444592475891.
[11, 0.5110787749290466, 0.523895800113678, 0.9926695227622986, 0.17551974952220917, 1.3069987297058105, 0.9958080053329468, '00:46']
[12, 0.5078691840171814, 0.5212656259536743, 0.9926769733428955, 0.17414458096027374, 1.0820183753967285, 0.9969834089279175, '00:44']
[13, 0.5058996677398682, 0.5147559642791748, 0.9923578500747681, 0.18487168848514557, 1.6508700847625732, 0.9516220092773438, '00:45']
[14, 0.5074628591537476, 0.5078265070915222, 0.9924624562263489, 0.1791863888502121, 1.4646105766296387, 0.9619478583335876, '00:45']
Better model found at epoch 14 with valid_loss value: 0.5078265070915222.
[15, 0.5056761503219604, 0.5248305797576904, 0.9926871657371521, 0.1740129590034485, 1.0829250812530518, 1.0003389120101929, '00:45']
[16, 0.5103760957717896, 0.5130708813667297, 0.9926307797431946, 0.17537488043308258, 1.13998544216156, 0.9871993064880371, '00:45']
[17, 0.5111252665519714, 0.5151821970939636, 0.9926310777664185, 0.1765342652797699, 1.2302879095077515, 0.9871585369110107, '00:45']
[18, 0.5093852281570435, 0.5075583457946777, 0.9924353957176208, 0.1797572374343872, 1.453385591506958, 0.9609892964363098, '00:45']
Better model found at epoch 18 with valid_loss value: 0.5075583457946777.
[19, 0.5064597725868225, 0.524518609046936, 0.9925191402435303, 0.1773095428943634, 1.4141106605529785, 0.9766981601715088, '00:44']
[20, 0.5048003196716309, 0.4956499934196472, 0.9923690557479858, 0.176900714635849, 1.4220386743545532, 0.9381311535835266, '00:45']
Better model found at epoch 20 with valid_loss value: 0.4956499934196472.
[21, 0.5048618316650391, 0.4901607036590576, 0.9924202561378479, 0.1759972721338272, 1.3663817644119263, 0.9367915987968445, '00:45']
Better model found at epoch 21 with valid_loss value: 0.4901607036590576.
[22, 0.4976035952568054, 0.48381155729293823, 0.9922403693199158, 0.17571280896663666, 1.243572473526001, 0.9211496114730835, '00:45']
Better model found at epoch 22 with valid_loss value: 0.48381155729293823.
[23, 0.496611088514328, 0.5243610143661499, 0.9921963214874268, 0.18074201047420502, 1.581512689590454, 0.9333518147468567, '00:46']
[24, 0.4924531877040863, 0.47724291682243347, 0.9921692609786987, 0.17693959176540375, 1.4511942863464355, 0.9019386768341064, '00:45']
Better model found at epoch 24 with valid_loss value: 0.47724291682243347.
[25, 0.49518340826034546, 0.5002343058586121, 0.9920974373817444, 0.180226668715477, 1.633294939994812, 0.9061452746391296, '00:45']
[26, 0.48946723341941833, 0.48145249485969543, 0.9922369718551636, 0.1756015419960022, 1.318177342414856, 0.9108369946479797, '00:45']
[27, 0.48911911249160767, 0.49706587195396423, 0.992095947265625, 0.18081550300121307, 1.6331642866134644, 0.9150795936584473, '00:45']
[28, 0.4964062571525574, 0.4802221953868866, 0.9921501278877258, 0.17743857204914093, 1.4402624368667603, 0.9066382050514221, '00:45']
[29, 0.4958449900150299, 0.48179277777671814, 0.992118775844574, 0.17915239930152893, 1.5580788850784302, 0.8990148305892944, '00:45']
[30, 0.49343764781951904, 0.5125774145126343, 0.9925976991653442, 0.17357714474201202, 1.0337531566619873, 0.9665948748588562, '00:45']
[31, 0.48696577548980713, 0.4983874261379242, 0.9923931360244751, 0.17483209073543549, 1.210605502128601, 0.9428866505622864, '00:46']
[32, 0.4801739454269409, 0.5177852511405945, 0.9926412105560303, 0.1737550050020218, 1.1065661907196045, 0.9778936505317688, '00:44']
No improvement since epoch 24: early stopping
----------
1
----------
DLS create!
[0, 0.5772436261177063, 0.5274304747581482, 0.9885366559028625, 0.1810418665409088, 1.0662500858306885, 1.0000433921813965, '00:47']
Better model found at epoch 0 with valid_loss value: 0.5274304747581482.
[1, 0.5402436852455139, 0.5268644094467163, 0.9885359406471252, 0.17989511787891388, 1.0697835683822632, 0.9996088743209839, '00:44']
Better model found at epoch 1 with valid_loss value: 0.5268644094467163.
[2, 0.5260704159736633, 0.534051775932312, 0.9885330200195312, 0.17674961686134338, 1.0399049520492554, 0.9986016750335693, '00:46']
[3, 0.5194588899612427, 0.5305392742156982, 0.9885380268096924, 0.17604313790798187, 1.1627718210220337, 0.9993430972099304, '00:45']
[4, 0.5173692107200623, 0.5291649103164673, 0.9885447025299072, 0.17735515534877777, 1.0595979690551758, 1.0003867149353027, '00:45']
[5, 0.5175438523292542, 0.5271491408348083, 0.9885327219963074, 0.17818592488765717, 1.0521132946014404, 0.9992795586585999, '00:48']
[6, 0.5170918703079224, 0.5284409523010254, 0.9883853793144226, 0.1851799637079239, 1.2985641956329346, 0.9841622710227966, '00:44']
[7, 0.5150224566459656, 0.5296435952186584, 0.9883009791374207, 0.18521195650100708, 1.3534901142120361, 0.9794401526451111, '00:45']
[8, 0.5126658082008362, 0.8865798115730286, 0.9877537488937378, 0.24358491599559784, 1.9176914691925049, 0.9562718868255615, '00:45']
[9, 0.5127440690994263, 0.5225961804389954, 0.9884538054466248, 0.17545264959335327, 1.1568541526794434, 0.9831545948982239, '00:44']
Better model found at epoch 9 with valid_loss value: 0.5225961804389954.
[10, 0.5129446387290955, 0.5270388722419739, 0.9884907603263855, 0.17529071867465973, 1.0889493227005005, 0.9891396164894104, '00:45']
[11, 0.5112180113792419, 0.5220906734466553, 0.9881864190101624, 0.17861418426036835, 1.383772373199463, 0.9535177946090698, '00:44']
Better model found at epoch 11 with valid_loss value: 0.5220906734466553.
[12, 0.5087171196937561, 0.6095166206359863, 0.987980842590332, 0.20349539816379547, 1.818285346031189, 0.9530361294746399, '00:45']
[13, 0.5070574879646301, 0.522934079170227, 0.9883219599723816, 0.17640487849712372, 1.302781105041504, 0.9612290859222412, '00:44']
[14, 0.5031844973564148, 0.5158731937408447, 0.988359808921814, 0.17537370324134827, 1.286146879196167, 0.952641487121582, '00:45']
Better model found at epoch 14 with valid_loss value: 0.5158731937408447.
[15, 0.5014193058013916, 0.6911676526069641, 0.9878723621368408, 0.1980029195547104, 1.7632524967193604, 0.9438784718513489, '00:44']
[16, 0.4967786967754364, 0.5757718682289124, 0.9881767630577087, 0.1760716438293457, 1.168994665145874, 0.9564164876937866, '00:47']
[17, 0.4959656000137329, 0.524041473865509, 0.9883354306221008, 0.17478932440280914, 1.2400356531143188, 0.957534909248352, '00:45']
[18, 0.49568602442741394, 0.5133025050163269, 0.9882024526596069, 0.17773954570293427, 1.4261960983276367, 0.9463238716125488, '00:45']
Better model found at epoch 18 with valid_loss value: 0.5133025050163269.
[19, 0.499519407749176, 0.5060513615608215, 0.9878763556480408, 0.17926794290542603, 1.4594035148620605, 0.9128854870796204, '00:45']
Better model found at epoch 19 with valid_loss value: 0.5060513615608215.
[20, 0.4982019364833832, 0.5123975872993469, 0.9882996678352356, 0.17496412992477417, 1.2015742063522339, 0.9385287761688232, '00:45']
[21, 0.4999009370803833, 0.5002099275588989, 0.9878217577934265, 0.18195810914039612, 1.536385416984558, 0.9101252555847168, '00:46']
Better model found at epoch 21 with valid_loss value: 0.5002099275588989.
[22, 0.49439072608947754, 0.49581754207611084, 0.9877679347991943, 0.17966850101947784, 1.5014983415603638, 0.8930081129074097, '00:46']
Better model found at epoch 22 with valid_loss value: 0.49581754207611084.
[23, 0.49087128043174744, 0.5185935497283936, 0.9879773855209351, 0.17999814450740814, 1.5132883787155151, 0.9125054478645325, '00:44']
[24, 0.49254289269447327, 0.5448333024978638, 0.987455427646637, 0.19584016501903534, 1.769237756729126, 0.9033288359642029, '00:44']
[25, 0.49016448855400085, 0.47663241624832153, 0.9877980351448059, 0.17732205986976624, 1.422154188156128, 0.8719606995582581, '00:47']
Better model found at epoch 25 with valid_loss value: 0.47663241624832153.
[26, 0.48838600516319275, 0.48205432295799255, 0.9879258275032043, 0.1757010668516159, 1.3284900188446045, 0.8686813116073608, '00:45']
[27, 0.48474782705307007, 0.5739632248878479, 0.9875013828277588, 0.19440840184688568, 1.7648797035217285, 0.9060124754905701, '00:44']
[28, 0.4902239143848419, 0.49958866834640503, 0.9876917004585266, 0.18270063400268555, 1.5679508447647095, 0.902410626411438, '00:44']
[29, 0.488864541053772, 0.5392125844955444, 0.9885076284408569, 0.17344217002391815, 1.0159388780593872, 0.9841973781585693, '00:44']
[30, 0.48920679092407227, 0.4925990402698517, 0.9875432252883911, 0.18165600299835205, 1.5958330631256104, 0.8673549294471741, '00:46']
[31, 0.4895669221878052, 0.5016922950744629, 0.9880001544952393, 0.17982134222984314, 1.5189436674118042, 0.9178383350372314, '00:44']
[32, 0.48998376727104187, 0.4864155650138855, 0.9878045916557312, 0.17785894870758057, 1.4438707828521729, 0.8827148079872131, '00:46']
[33, 0.4794827997684479, 0.4888697862625122, 0.9879260659217834, 0.1763170212507248, 1.3523030281066895, 0.8818479180335999, '00:45']
No improvement since epoch 25: early stopping
----------
2
----------
DLS create!
[0, 0.6214873790740967, 0.5233694911003113, 0.9913218021392822, 0.18107713758945465, 1.1021045446395874, 1.0001857280731201, '00:45']
Better model found at epoch 0 with valid_loss value: 0.5233694911003113.
[1, 0.5549493432044983, 0.5216449499130249, 0.9913196563720703, 0.17952851951122284, 1.0598753690719604, 0.999756932258606, '00:46']
Better model found at epoch 1 with valid_loss value: 0.5216449499130249.
[2, 0.5340636372566223, 0.5198359489440918, 0.9913129210472107, 0.1774524450302124, 1.0480647087097168, 0.998231828212738, '00:47']
Better model found at epoch 2 with valid_loss value: 0.5198359489440918.
[3, 0.5248855948448181, 0.5207661390304565, 0.9913209080696106, 0.17719468474388123, 1.0375187397003174, 0.9998493194580078, '00:45']
[4, 0.5210529565811157, 0.5413382649421692, 0.9913094639778137, 0.17618340253829956, 1.0511579513549805, 0.9969956278800964, '00:46']
[5, 0.5196977257728577, 0.5208533406257629, 0.9913162589073181, 0.17601551115512848, 1.0401890277862549, 0.9993311762809753, '00:45']
[6, 0.5181499123573303, 0.5224844813346863, 0.9913171529769897, 0.17591647803783417, 1.057836651802063, 0.9994626045227051, '00:47']
[7, 0.5164055824279785, 0.519120991230011, 0.9912981986999512, 0.17860296368598938, 1.0888450145721436, 0.9966471195220947, '00:46']
Better model found at epoch 7 with valid_loss value: 0.519120991230011.
[8, 0.5156153440475464, 0.5238192677497864, 0.9913116693496704, 0.17590512335300446, 1.0540993213653564, 0.9985103011131287, '00:46']
[9, 0.5161266922950745, 0.519213855266571, 0.9913079142570496, 0.17731651663780212, 1.0462172031402588, 0.9964671730995178, '00:45']
[10, 0.5167526006698608, 0.5219296813011169, 0.9913188219070435, 0.17555135488510132, 1.059786081314087, 0.9994590282440186, '00:45']
[11, 0.5168159008026123, 0.5171918272972107, 0.9912950396537781, 0.1764611005783081, 1.0382543802261353, 0.9944597482681274, '00:46']
Better model found at epoch 11 with valid_loss value: 0.5171918272972107.
[12, 0.5148307681083679, 0.518890380859375, 0.991191029548645, 0.17901159822940826, 1.3405276536941528, 0.9798340201377869, '00:46']
[13, 0.5142330527305603, 0.5237650871276855, 0.9913005828857422, 0.17659272253513336, 1.1716814041137695, 0.9954826831817627, '00:46']
[14, 0.5156742334365845, 0.5204368233680725, 0.9913149476051331, 0.17625707387924194, 1.0306334495544434, 0.9984144568443298, '00:46']
[15, 0.5153782963752747, 0.5208113789558411, 0.9913166165351868, 0.17699705064296722, 1.0467067956924438, 0.9991521239280701, '00:45']
[16, 0.5168771147727966, 0.5182487964630127, 0.9912651777267456, 0.17954517900943756, 1.1090620756149292, 0.9923884868621826, '00:45']
[17, 0.5166918039321899, 0.5217807292938232, 0.9913205504417419, 0.17538727819919586, 1.0311059951782227, 0.9994398951530457, '00:48']
[18, 0.5177731513977051, 0.5209178924560547, 0.9913170337677002, 0.17754971981048584, 1.1281553506851196, 0.9988570213317871, '00:46']
[19, 0.5162544250488281, 0.524689793586731, 0.9913219213485718, 0.17423637211322784, 1.0096327066421509, 1.0000083446502686, '00:45']
No improvement since epoch 11: early stopping
----------
3
----------
DLS create!
[0, 0.5659775733947754, 0.5215700268745422, 0.990902304649353, 0.17811548709869385, 1.0391708612442017, 1.0001201629638672, '00:45']
Better model found at epoch 0 with valid_loss value: 0.5215700268745422.
[1, 0.5344809889793396, 0.5215247273445129, 0.9908979535102844, 0.17651650309562683, 1.04582679271698, 0.999214231967926, '00:47']
Better model found at epoch 1 with valid_loss value: 0.5215247273445129.
[2, 0.5251539349555969, 0.5417860746383667, 0.9909016489982605, 0.17711417376995087, 1.0435043573379517, 1.0001291036605835, '00:48']
[3, 0.5205050706863403, 0.5214079022407532, 0.9908826947212219, 0.1753149926662445, 1.0367116928100586, 0.9948551654815674, '00:46']
Better model found at epoch 3 with valid_loss value: 0.5214079022407532.
[4, 0.5181758999824524, 0.5235253572463989, 0.990869402885437, 0.1810324341058731, 1.143753170967102, 0.997400164604187, '00:45']
[5, 0.5175047516822815, 0.6633315682411194, 0.9909003376960754, 0.175467848777771, 1.0358747243881226, 0.9999019503593445, '00:46']
[6, 0.5166035890579224, 0.524868369102478, 0.9908957481384277, 0.1760847270488739, 1.0344420671463013, 0.9987107515335083, '00:46']
[7, 0.5160266757011414, 0.5203776955604553, 0.9908907413482666, 0.17648176848888397, 1.0380167961120605, 0.9979379773139954, '00:46']
Better model found at epoch 7 with valid_loss value: 0.5203776955604553.
[8, 0.5164280533790588, 0.5223856568336487, 0.9908958673477173, 0.1751895248889923, 1.0237828493118286, 0.9983820915222168, '00:47']
[9, 0.5163043141365051, 0.5217668414115906, 0.9909001588821411, 0.17617490887641907, 1.030855655670166, 0.9995942115783691, '00:45']
[10, 0.5164265036582947, 0.5240011215209961, 0.990909218788147, 0.1775648146867752, 1.0333545207977295, 1.0016858577728271, '00:46']
[11, 0.5170460343360901, 0.5217958688735962, 0.9908922910690308, 0.17553065717220306, 1.0306730270385742, 0.9981587529182434, '00:46']
[12, 0.5169593691825867, 0.5215936899185181, 0.9908972382545471, 0.17569011449813843, 1.0204120874404907, 0.9986038208007812, '00:46']
[13, 0.5168524980545044, 0.5229324698448181, 0.9909012913703918, 0.1757921725511551, 1.0486412048339844, 0.9999656081199646, '00:45']
[14, 0.5160872340202332, 0.5206831693649292, 0.9908826947212219, 0.17667986452579498, 1.0489720106124878, 0.9969942569732666, '00:45']
[15, 0.5163525342941284, 0.529786229133606, 0.9908978939056396, 0.1763416826725006, 1.026215672492981, 0.999113917350769, '00:45']
No improvement since epoch 7: early stopping
----------
4
----------
DLS create!
[0, 0.5682704448699951, 0.5182209610939026, 0.9936540126800537, 0.17867600917816162, 1.0964202880859375, 1.0006505250930786, '00:48']
Better model found at epoch 0 with valid_loss value: 0.5182209610939026.
[1, 0.5351255536079407, 0.559674859046936, 0.9936409592628479, 0.1755615770816803, 1.0346821546554565, 0.9977402091026306, '00:46']
[2, 0.5254004597663879, 0.5172815322875977, 0.9936506152153015, 0.177180677652359, 1.0435558557510376, 1.0001857280731201, '00:44']
Better model found at epoch 2 with valid_loss value: 0.5172815322875977.
[3, 0.5207553505897522, 0.5165973901748657, 0.9936302304267883, 0.17694184184074402, 1.0485665798187256, 0.9962815046310425, '00:44']
Better model found at epoch 3 with valid_loss value: 0.5165973901748657.
[4, 0.518995463848114, 0.5155166983604431, 0.993634819984436, 0.17767901718616486, 1.0469502210617065, 0.9972634315490723, '00:44']
Better model found at epoch 4 with valid_loss value: 0.5155166983604431.
[5, 0.5189441442489624, 0.5218332409858704, 0.9936158657073975, 0.17791476845741272, 1.095386266708374, 0.9941612482070923, '00:45']
[6, 0.5182217359542847, 0.5202583074569702, 0.9936487674713135, 0.17520833015441895, 1.0183148384094238, 0.9994657039642334, '00:46']
[7, 0.5174362063407898, 0.512028694152832, 0.9936190843582153, 0.17619143426418304, 1.0388718843460083, 0.9932394027709961, '00:46']
Better model found at epoch 7 with valid_loss value: 0.512028694152832.
[8, 0.5167283415794373, 0.5163912773132324, 0.993648111820221, 0.17591820657253265, 1.0658270120620728, 0.9992815852165222, '00:45']
[9, 0.516277551651001, 0.5175536870956421, 0.9936477541923523, 0.17527508735656738, 1.0949045419692993, 0.9986604452133179, '00:45']
[10, 0.5152489542961121, 0.5051958560943604, 0.9934617280960083, 0.1792670041322708, 1.3324710130691528, 0.9707804918289185, '00:46']
Better model found at epoch 10 with valid_loss value: 0.5051958560943604.
[11, 0.5134950280189514, 0.5036911368370056, 0.9934665560722351, 0.17773349583148956, 1.4921289682388306, 0.9630624651908875, '00:46']
Better model found at epoch 11 with valid_loss value: 0.5036911368370056.
[12, 0.5083221793174744, 0.5026035308837891, 0.9933407306671143, 0.1781902313232422, 1.5229599475860596, 0.9508721828460693, '00:45']
Better model found at epoch 12 with valid_loss value: 0.5026035308837891.
[13, 0.5053388476371765, 0.5189421772956848, 0.9936482310295105, 0.1739823818206787, 1.0411200523376465, 0.9980344772338867, '00:44']
[14, 0.5084965825080872, 0.5092374682426453, 0.9935494065284729, 0.17582948505878448, 1.2984060049057007, 0.9771969318389893, '00:45']
[15, 0.5121756196022034, 0.49982577562332153, 0.9934521913528442, 0.1773444414138794, 1.4392553567886353, 0.958717942237854, '00:44']
Better model found at epoch 15 with valid_loss value: 0.49982577562332153.
[16, 0.5099622011184692, 0.49501916766166687, 0.9934291839599609, 0.17691895365715027, 1.4209047555923462, 0.9502786993980408, '00:46']
Better model found at epoch 16 with valid_loss value: 0.49501916766166687.
[17, 0.5078884959220886, 0.5072605609893799, 0.9935754537582397, 0.17421367764472961, 1.1058247089385986, 0.9778001308441162, '00:44']
[18, 0.5027168989181519, 0.4873938262462616, 0.9933446645736694, 0.17535322904586792, 1.330980658531189, 0.933923602104187, '00:47']
Better model found at epoch 18 with valid_loss value: 0.4873938262462616.
[19, 0.500062108039856, 0.4857114851474762, 0.9932941794395447, 0.17721033096313477, 1.4917720556259155, 0.9234376549720764, '00:46']
Better model found at epoch 19 with valid_loss value: 0.4857114851474762.
[20, 0.5008316040039062, 0.4903664290904999, 0.9934206008911133, 0.17510999739170074, 1.3151899576187134, 0.929926872253418, '00:45']
[21, 0.5034478902816772, 0.4964231252670288, 0.9934823513031006, 0.17631453275680542, 1.399668574333191, 0.9497588276863098, '00:48']
[22, 0.5054203867912292, 0.49930548667907715, 0.9933587908744812, 0.17859885096549988, 1.5510209798812866, 0.9375753402709961, '00:44']
[23, 0.49868449568748474, 0.48323962092399597, 0.993448793888092, 0.17441116273403168, 1.2463719844818115, 0.9256784319877625, '00:45']
Better model found at epoch 23 with valid_loss value: 0.48323962092399597.
[24, 0.4910372495651245, 0.4894694983959198, 0.9934364557266235, 0.17402736842632294, 1.147216558456421, 0.9328526854515076, '00:44']
[25, 0.49085232615470886, 0.4759484827518463, 0.9930827617645264, 0.17890708148479462, 1.5661444664001465, 0.8922625184059143, '00:45']
Better model found at epoch 25 with valid_loss value: 0.4759484827518463.
[26, 0.493304967880249, 0.46314314007759094, 0.9930808544158936, 0.17501923441886902, 1.2754863500595093, 0.8781884908676147, '00:45']
Better model found at epoch 26 with valid_loss value: 0.46314314007759094.
[27, 0.4875977039337158, 0.46652835607528687, 0.9932554960250854, 0.17408595979213715, 1.2071952819824219, 0.880455493927002, '00:45']
[28, 0.4892127513885498, 0.5015732049942017, 0.9935677647590637, 0.17364594340324402, 1.0797648429870605, 0.949226975440979, '00:45']
[29, 0.4919975697994232, 0.4818999171257019, 0.9930753707885742, 0.1802937090396881, 1.6397465467453003, 0.8941974639892578, '00:45']
[30, 0.4923155605792999, 0.46251580119132996, 0.9930123090744019, 0.17648744583129883, 1.4143425226211548, 0.8704395890235901, '00:45']
Better model found at epoch 30 with valid_loss value: 0.46251580119132996.
[31, 0.4941718280315399, 0.4554734230041504, 0.9931471943855286, 0.1752939671278, 1.3770657777786255, 0.8619705438613892, '00:45']
Better model found at epoch 31 with valid_loss value: 0.4554734230041504.
[32, 0.4886913001537323, 0.44273293018341064, 0.9931411743164062, 0.1743154674768448, 1.258245825767517, 0.8385135531425476, '00:46']
Better model found at epoch 32 with valid_loss value: 0.44273293018341064.
[33, 0.4806945025920868, 0.44972819089889526, 0.9930769801139832, 0.17545132339000702, 1.41007661819458, 0.8431022763252258, '00:45']
[34, 0.481547474861145, 0.4411300718784332, 0.9930613040924072, 0.17498761415481567, 1.3596785068511963, 0.8299262523651123, '00:44']
Better model found at epoch 34 with valid_loss value: 0.4411300718784332.
[35, 0.48203352093696594, 0.46403390169143677, 0.9929477572441101, 0.17771174013614655, 1.5437604188919067, 0.8527315258979797, '00:47']
[36, 0.4783998429775238, 0.46859288215637207, 0.9933218955993652, 0.17391382157802582, 1.1605039834976196, 0.8879747986793518, '00:45']
[37, 0.477995902299881, 0.4619311988353729, 0.9929023385047913, 0.17908526957035065, 1.626771330833435, 0.8475468158721924, '00:46']
[38, 0.4681665897369385, 0.44106706976890564, 0.9929106831550598, 0.17575643956661224, 1.417611837387085, 0.8229767680168152, '00:45']
Better model found at epoch 38 with valid_loss value: 0.44106706976890564.
[39, 0.466001957654953, 0.47982633113861084, 0.9929385185241699, 0.17591431736946106, 1.325890302658081, 0.8675770163536072, '00:44']
[40, 0.47442206740379333, 0.4506229758262634, 0.9929594993591309, 0.17657335102558136, 1.5243206024169922, 0.8372088074684143, '00:46']
[41, 0.4748440980911255, 0.459346741437912, 0.9929124116897583, 0.17877744138240814, 1.6293424367904663, 0.8501465916633606, '00:44']
[42, 0.4709338843822479, 0.4327418804168701, 0.9929214715957642, 0.1752820611000061, 1.3790934085845947, 0.8119169473648071, '00:45']
Better model found at epoch 42 with valid_loss value: 0.4327418804168701.
[43, 0.47073256969451904, 0.43087446689605713, 0.9928728342056274, 0.17580541968345642, 1.4513978958129883, 0.801852822303772, '00:45']
Better model found at epoch 43 with valid_loss value: 0.43087446689605713.
[44, 0.47505056858062744, 0.45837128162384033, 0.993122935295105, 0.1756615787744522, 1.4020005464553833, 0.8589088320732117, '00:45']
[45, 0.47579461336135864, 0.45780622959136963, 0.9929127097129822, 0.17867621779441833, 1.590193271636963, 0.8530476689338684, '00:45']
[46, 0.47615671157836914, 0.4462144672870636, 0.9929332733154297, 0.1770239770412445, 1.5210132598876953, 0.8283363580703735, '00:47']
[47, 0.4764123260974884, 0.4414299428462982, 0.993016242980957, 0.1756526529788971, 1.4371304512023926, 0.8160401582717896, '00:47']
[48, 0.47550487518310547, 0.4374973475933075, 0.9929161667823792, 0.1758354902267456, 1.3968037366867065, 0.8199149370193481, '00:45']
[49, 0.47406700253486633, 0.5228576064109802, 0.9926957488059998, 0.18614773452281952, 1.7656779289245605, 0.8547954559326172, '00:46']
[50, 0.4657762348651886, 0.45858728885650635, 0.9932804703712463, 0.1740255504846573, 1.1951441764831543, 0.859069287776947, '00:45']
[51, 0.4671023190021515, 0.4649650454521179, 0.9926403164863586, 0.1806778609752655, 1.6651138067245483, 0.8237464427947998, '00:46']
No improvement since epoch 43: early stopping
DeepLabV3 Done!
