Models will save to DLV3_dpn131_x
Use dpn131 encoder
Start training...
----------
0
----------
DLS create!
[0, 0.53887540102005, 0.5217214822769165, 0.9910750389099121, 0.1783144474029541, 1.0419753789901733, 0.9995548129081726, '02:01']
Better model found at epoch 0 with valid_loss value: 0.5217214822769165.
[1, 0.52042555809021, 0.5267801880836487, 0.9910658597946167, 0.17635296285152435, 1.0360738039016724, 0.9975457787513733, '02:02']
[2, 0.5176692008972168, 0.521787703037262, 0.9910656809806824, 0.17637339234352112, 1.0542683601379395, 0.9978024363517761, '02:01']
[3, 0.5158274173736572, 0.5214800834655762, 0.991057276725769, 0.1756419837474823, 1.0438681840896606, 0.9962553381919861, '02:02']
Better model found at epoch 3 with valid_loss value: 0.5214800834655762.
[4, 0.5179256200790405, 0.5225735902786255, 0.9910746812820435, 0.17586588859558105, 1.0312165021896362, 0.9996707439422607, '02:02']
[5, 0.5156579613685608, 0.516331136226654, 0.991028904914856, 0.17537513375282288, 1.0913183689117432, 0.9883511066436768, '02:02']
Better model found at epoch 5 with valid_loss value: 0.516331136226654.
[6, 0.5148199200630188, 0.518524706363678, 0.9910479187965393, 0.1753508597612381, 1.0583317279815674, 0.9925336241722107, '02:03']
[7, 0.5149201154708862, 0.5194069147109985, 0.9910450577735901, 0.1757735162973404, 1.0819886922836304, 0.9926122426986694, '02:02']
[8, 0.5120401382446289, 0.5187410116195679, 0.9910129904747009, 0.17676322162151337, 1.2264784574508667, 0.9869045615196228, '02:02']
[9, 0.5161329507827759, 0.5134785771369934, 0.9909042716026306, 0.17926602065563202, 1.3152503967285156, 0.9783836603164673, '02:02']
Better model found at epoch 9 with valid_loss value: 0.5134785771369934.
[10, 0.513673722743988, 0.5187551975250244, 0.9910007119178772, 0.17685920000076294, 1.2297940254211426, 0.9883750677108765, '02:02']
[11, 0.5076285004615784, 0.50525963306427, 0.9907422661781311, 0.17983750998973846, 1.4617482423782349, 0.9439219832420349, '02:03']
Better model found at epoch 11 with valid_loss value: 0.50525963306427.
[12, 0.5034317970275879, 0.4950520396232605, 0.9906535744667053, 0.17859181761741638, 1.4735945463180542, 0.923764705657959, '02:02']
Better model found at epoch 12 with valid_loss value: 0.4950520396232605.
[13, 0.5010126233100891, 0.4948733150959015, 0.9908019304275513, 0.17519362270832062, 1.2959061861038208, 0.9298128485679626, '02:02']
Better model found at epoch 13 with valid_loss value: 0.4948733150959015.
[14, 0.4999464154243469, 0.49393853545188904, 0.9908170700073242, 0.175383523106575, 1.309505820274353, 0.9309151768684387, '02:02']
Better model found at epoch 14 with valid_loss value: 0.49393853545188904.
[15, 0.49704644083976746, 0.4887405335903168, 0.9907180666923523, 0.17589662969112396, 1.364917516708374, 0.9147666096687317, '02:02']
Better model found at epoch 15 with valid_loss value: 0.4887405335903168.
[16, 0.4972171485424042, 0.5026511549949646, 0.9907106757164001, 0.17847783863544464, 1.522304892539978, 0.9285115003585815, '02:02']
[17, 0.48959630727767944, 0.47729143500328064, 0.9905726313591003, 0.17637582123279572, 1.4085564613342285, 0.8896119594573975, '02:02']
Better model found at epoch 17 with valid_loss value: 0.47729143500328064.
[18, 0.4952574372291565, 0.4918370544910431, 0.9908249378204346, 0.1749839186668396, 1.2496082782745361, 0.9305769205093384, '02:02']
[19, 0.4873398244380951, 0.49791252613067627, 0.9907864332199097, 0.17551684379577637, 1.2897459268569946, 0.9286097884178162, '02:02']
[20, 0.49521389603614807, 0.4956647753715515, 0.9907705187797546, 0.1767333745956421, 1.387290596961975, 0.934995710849762, '02:01']
[21, 0.4962277114391327, 0.49894407391548157, 0.9906177520751953, 0.18024583160877228, 1.5524158477783203, 0.9243561029434204, '02:02']
[22, 0.49292537569999695, 0.4781424403190613, 0.9905178546905518, 0.17772072553634644, 1.4506287574768066, 0.8915016651153564, '02:03']
[23, 0.48594772815704346, 0.46980881690979004, 0.9904342293739319, 0.17739242315292358, 1.4629883766174316, 0.870376706123352, '02:03']
Better model found at epoch 23 with valid_loss value: 0.46980881690979004.
[24, 0.48218834400177, 0.4726111590862274, 0.9905091524124146, 0.17729157209396362, 1.4214212894439697, 0.8821003437042236, '02:03']
[25, 0.4864458441734314, 0.4868636131286621, 0.9902879595756531, 0.18143194913864136, 1.5771843194961548, 0.8783193826675415, '02:04']
[26, 0.4861622154712677, 0.4757072329521179, 0.9902468323707581, 0.17977504432201385, 1.5566209554672241, 0.8587138652801514, '02:02']
[27, 0.48557502031326294, 0.4683118164539337, 0.9902093410491943, 0.17937630414962769, 1.543707013130188, 0.8547426462173462, '02:02']
Better model found at epoch 27 with valid_loss value: 0.4683118164539337.
[28, 0.4854923188686371, 0.5464776754379272, 0.9900839924812317, 0.1924278736114502, 1.7380759716033936, 0.8871502876281738, '02:02']
[29, 0.4895371198654175, 0.4731847941875458, 0.9905822277069092, 0.17581070959568024, 1.3372862339019775, 0.8770622611045837, '02:03']
[30, 0.4790632426738739, 0.4923774302005768, 0.990206241607666, 0.18132561445236206, 1.5841299295425415, 0.8614999651908875, '02:03']
[31, 0.48609820008277893, 0.4750460088253021, 0.9902512431144714, 0.17958836257457733, 1.520072102546692, 0.8678215146064758, '02:03']
[32, 0.48086652159690857, 0.48449692130088806, 0.9900625348091125, 0.18230906128883362, 1.6111900806427002, 0.846997857093811, '02:04']
[33, 0.48718762397766113, 0.4842919707298279, 0.9907400608062744, 0.17486105859279633, 1.2549220323562622, 0.9122795462608337, '02:02']
[34, 0.4797247350215912, 0.4667104482650757, 0.9905630350112915, 0.17649374902248383, 1.3769676685333252, 0.8646253943443298, '02:04']
Better model found at epoch 34 with valid_loss value: 0.4667104482650757.
[35, 0.4793969988822937, 0.462248295545578, 0.9905737638473511, 0.17544978857040405, 1.343772053718567, 0.8597584366798401, '02:03']
Better model found at epoch 35 with valid_loss value: 0.462248295545578.
[36, 0.47322937846183777, 0.4690469205379486, 0.9906609058380127, 0.17452079057693481, 1.2301032543182373, 0.8708811402320862, '02:05']
[37, 0.481063574552536, 0.4774412214756012, 0.9900233149528503, 0.18232783675193787, 1.6033989191055298, 0.8492476344108582, '02:04']
[38, 0.47864681482315063, 0.5160906910896301, 0.9900633692741394, 0.1869988590478897, 1.702909231185913, 0.8777549266815186, '02:03']
[39, 0.4706582725048065, 0.45758551359176636, 0.9902489185333252, 0.17771419882774353, 1.4890047311782837, 0.8294945359230042, '02:04']
Better model found at epoch 39 with valid_loss value: 0.45758551359176636.
[40, 0.47355660796165466, 0.4507083296775818, 0.9903483986854553, 0.17675897479057312, 1.4441031217575073, 0.8301931619644165, '02:02']
Better model found at epoch 40 with valid_loss value: 0.4507083296775818.
[41, 0.4795221984386444, 0.4527718126773834, 0.9901975393295288, 0.17807583510875702, 1.5087107419967651, 0.8214235305786133, '02:03']
[42, 0.47774264216423035, 0.4707704782485962, 0.9902886152267456, 0.1781236082315445, 1.4752861261367798, 0.8597093224525452, '02:02']
[43, 0.47517943382263184, 0.46281638741493225, 0.9899858236312866, 0.18059469759464264, 1.5911264419555664, 0.823424220085144, '02:02']
[44, 0.4750192165374756, 0.4473424255847931, 0.9901288151741028, 0.1779981404542923, 1.5003547668457031, 0.8147603869438171, '02:03']
Better model found at epoch 44 with valid_loss value: 0.4473424255847931.
[45, 0.4770439863204956, 0.5157142281532288, 0.990127444267273, 0.19072477519512177, 1.7252750396728516, 0.887825608253479, '02:02']
[46, 0.47041043639183044, 0.48769721388816833, 0.9901922345161438, 0.18090485036373138, 1.5225330591201782, 0.8539813756942749, '02:02']
[47, 0.473208487033844, 0.4540794789791107, 0.9900653958320618, 0.17876887321472168, 1.5340485572814941, 0.8143905997276306, '02:04']
[48, 0.4739351272583008, 0.44967684149742126, 0.9901360273361206, 0.1777394562959671, 1.4595575332641602, 0.8163095712661743, '02:02']
[49, 0.47226813435554504, 0.4689389765262604, 0.9901286363601685, 0.1791505068540573, 1.5025966167449951, 0.8328191041946411, '02:04']
[50, 0.4681070148944855, 0.4635746479034424, 0.9901002049446106, 0.17890508472919464, 1.510098934173584, 0.8254126906394958, '02:03']
[51, 0.46025902032852173, 0.4512704312801361, 0.9900326728820801, 0.1785012036561966, 1.5124188661575317, 0.8031034469604492, '02:03']
[52, 0.46161749958992004, 0.5018262267112732, 0.9899629354476929, 0.18510684370994568, 1.6102697849273682, 0.8356802463531494, '02:04']
No improvement since epoch 44: early stopping
----------
1
----------
DLS create!
[0, 0.5453561544418335, 0.5221379995346069, 0.9914121031761169, 0.17988678812980652, 1.056588053703308, 0.9993197917938232, '02:02']
Better model found at epoch 0 with valid_loss value: 0.5221379995346069.
[1, 0.5220127105712891, 0.5251273512840271, 0.9913113713264465, 0.17651613056659698, 1.1455610990524292, 0.9794285893440247, '02:04']
[2, 0.5188820362091064, 0.5208588242530823, 0.9913980960845947, 0.17728009819984436, 1.0621821880340576, 0.996297299861908, '02:04']
Better model found at epoch 2 with valid_loss value: 0.5208588242530823.
[3, 0.517301082611084, 0.5260765552520752, 0.9914178848266602, 0.17419014871120453, 1.01247239112854, 0.9999334812164307, '02:02']
[4, 0.5160702466964722, 0.5225824117660522, 0.9914166927337646, 0.17495203018188477, 1.0302188396453857, 0.9996173977851868, '02:02']
[5, 0.5162741541862488, 0.520872175693512, 0.9914131760597229, 0.17597800493240356, 1.022156000137329, 0.999045729637146, '02:02']
[6, 0.5184728503227234, 0.5199536085128784, 0.9914098978042603, 0.17655451595783234, 1.0290858745574951, 0.9986239671707153, '02:02']
Better model found at epoch 6 with valid_loss value: 0.5199536085128784.
[7, 0.5174784660339355, 0.5199622511863708, 0.9914065003395081, 0.17715910077095032, 1.0454384088516235, 0.9984342455863953, '02:03']
[8, 0.5182307362556458, 0.5207355618476868, 0.9914118051528931, 0.17571836709976196, 1.0219582319259644, 0.9987671375274658, '02:02']
[9, 0.5166969299316406, 0.5188894271850586, 0.9913773536682129, 0.17519207298755646, 1.0836647748947144, 0.9893028736114502, '02:03']
Better model found at epoch 9 with valid_loss value: 0.5188894271850586.
[10, 0.5191978812217712, 0.5383841395378113, 0.9913313388824463, 0.1890595704317093, 1.586852788925171, 0.9883065223693848, '02:02']
[11, 0.5163785815238953, 0.5195426940917969, 0.9914056658744812, 0.17592103779315948, 1.0259147882461548, 0.9978296756744385, '02:03']
[12, 0.5143047571182251, 0.5218066573143005, 0.9913887977600098, 0.17930914461612701, 1.228769063949585, 0.9931634068489075, '02:02']
[13, 0.517126202583313, 0.5175220966339111, 0.9913783073425293, 0.17731298506259918, 1.1082079410552979, 0.9909260869026184, '02:02']
Better model found at epoch 13 with valid_loss value: 0.5175220966339111.
[14, 0.5153259634971619, 0.5190939903259277, 0.9913959503173828, 0.1752844750881195, 1.0574945211410522, 0.9941839575767517, '02:02']
[15, 0.5135799646377563, 0.5232981443405151, 0.9913805723190308, 0.176057368516922, 1.2140676975250244, 0.9911877512931824, '02:02']
[16, 0.5138081312179565, 0.5130650997161865, 0.9913449287414551, 0.1761116087436676, 1.1184064149856567, 0.9833772778511047, '02:02']
Better model found at epoch 16 with valid_loss value: 0.5130650997161865.
[17, 0.512084424495697, 0.5065566301345825, 0.991275429725647, 0.17578484117984772, 1.210038423538208, 0.9639132022857666, '02:02']
Better model found at epoch 17 with valid_loss value: 0.5065566301345825.
[18, 0.5073674321174622, 0.5075085163116455, 0.9911080002784729, 0.17953935265541077, 1.3473591804504395, 0.9622184038162231, '02:02']
[19, 0.5094103217124939, 0.4968126118183136, 0.9912365078926086, 0.17461982369422913, 1.2071220874786377, 0.9423444271087646, '02:03']
Better model found at epoch 19 with valid_loss value: 0.4968126118183136.
[20, 0.5056326985359192, 0.48471513390541077, 0.9909194111824036, 0.1778823584318161, 1.369404673576355, 0.917725145816803, '02:04']
Better model found at epoch 20 with valid_loss value: 0.48471513390541077.
[21, 0.5062198042869568, 0.48516470193862915, 0.9909372925758362, 0.17796699702739716, 1.4362876415252686, 0.9143773913383484, '02:02']
[22, 0.49917304515838623, 0.4850901961326599, 0.9908513426780701, 0.17956990003585815, 1.53230619430542, 0.9045541882514954, '02:03']
[23, 0.4990628659725189, 0.49289843440055847, 0.9909234642982483, 0.17988623678684235, 1.5705525875091553, 0.9122467637062073, '02:02']
[24, 0.4970172047615051, 0.4789483845233917, 0.9907712936401367, 0.1790415644645691, 1.5437904596328735, 0.8916412591934204, '02:03']
Better model found at epoch 24 with valid_loss value: 0.4789483845233917.
[25, 0.5006717443466187, 0.4806654751300812, 0.9909485578536987, 0.17717760801315308, 1.4138150215148926, 0.9092248678207397, '02:02']
[26, 0.4923873245716095, 0.4845987558364868, 0.9910656809806824, 0.17564094066619873, 1.3626165390014648, 0.9096460938453674, '02:02']
[27, 0.49439504742622375, 0.47546932101249695, 0.9909200668334961, 0.1762673407793045, 1.398934006690979, 0.8947069048881531, '02:02']
Better model found at epoch 27 with valid_loss value: 0.47546932101249695.
[28, 0.48555344343185425, 0.4712158441543579, 0.9907828569412231, 0.17761090397834778, 1.5095226764678955, 0.8733738660812378, '02:02']
Better model found at epoch 28 with valid_loss value: 0.4712158441543579.
[29, 0.4898906350135803, 0.47245219349861145, 0.9907158613204956, 0.1790071725845337, 1.5576155185699463, 0.8777629733085632, '02:02']
[30, 0.4969656467437744, 0.4869671165943146, 0.9911761283874512, 0.17461365461349487, 1.225812554359436, 0.9229912161827087, '02:02']
[31, 0.49484843015670776, 0.4763486385345459, 0.9908673763275146, 0.17693014442920685, 1.4146686792373657, 0.8887779116630554, '02:02']
[32, 0.48630279302597046, 0.500667154788971, 0.9906720519065857, 0.18366080522537231, 1.6473878622055054, 0.8849010467529297, '02:03']
[33, 0.4982203245162964, 0.5071333050727844, 0.9912932515144348, 0.1749468445777893, 1.1948908567428589, 0.9649964570999146, '02:02']
[34, 0.497165322303772, 0.47079670429229736, 0.9908247590065002, 0.1772642880678177, 1.449155569076538, 0.8838502168655396, '02:02']
Better model found at epoch 34 with valid_loss value: 0.47079670429229736.
[35, 0.4916345179080963, 0.4681548476219177, 0.9908953309059143, 0.17592397332191467, 1.3771138191223145, 0.8797277212142944, '02:02']
Better model found at epoch 35 with valid_loss value: 0.4681548476219177.
[36, 0.48945921659469604, 0.471223384141922, 0.9908909201622009, 0.17659206688404083, 1.436892032623291, 0.8831541538238525, '02:02']
[37, 0.48922601342201233, 0.4704810678958893, 0.9905015826225281, 0.1803426891565323, 1.590389609336853, 0.8565786480903625, '02:02']
[38, 0.488296777009964, 0.47277235984802246, 0.9906110167503357, 0.17901627719402313, 1.5660444498062134, 0.861752986907959, '02:02']
[39, 0.48214906454086304, 0.47658270597457886, 0.9909730553627014, 0.1750413179397583, 1.3060781955718994, 0.8904908299446106, '02:02']
[40, 0.4890771508216858, 0.48304349184036255, 0.99052894115448, 0.18198293447494507, 1.6247758865356445, 0.8706570863723755, '02:02']
[41, 0.489136666059494, 0.46783608198165894, 0.9908503890037537, 0.17606094479560852, 1.3924494981765747, 0.8712368011474609, '02:03']
Better model found at epoch 41 with valid_loss value: 0.46783608198165894.
[42, 0.48957395553588867, 0.47287705540657043, 0.9908624887466431, 0.1766834259033203, 1.4127147197723389, 0.8810247182846069, '02:02']
[43, 0.48314598202705383, 0.4679843485355377, 0.9908415079116821, 0.17625048756599426, 1.4114668369293213, 0.8665307760238647, '02:02']
[44, 0.47797366976737976, 0.46473830938339233, 0.9907032251358032, 0.17701007425785065, 1.4394418001174927, 0.8560048937797546, '02:02']
Better model found at epoch 44 with valid_loss value: 0.46473830938339233.
[45, 0.48142266273498535, 0.4627087116241455, 0.9905920624732971, 0.17844000458717346, 1.5212925672531128, 0.8429379463195801, '02:02']
Better model found at epoch 45 with valid_loss value: 0.4627087116241455.
[46, 0.47982388734817505, 0.4568425118923187, 0.9907540678977966, 0.17574328184127808, 1.3663246631622314, 0.8430143594741821, '02:04']
Better model found at epoch 46 with valid_loss value: 0.4568425118923187.
[47, 0.4851924777030945, 0.49272191524505615, 0.9905754923820496, 0.1831553876399994, 1.660757064819336, 0.8744380474090576, '02:02']
[48, 0.4872681498527527, 0.456968754529953, 0.990738034248352, 0.1766958236694336, 1.4542771577835083, 0.848270058631897, '02:02']
[49, 0.48350921273231506, 0.4555361568927765, 0.9906309843063354, 0.17732423543930054, 1.4646399021148682, 0.8400453925132751, '02:02']
Better model found at epoch 49 with valid_loss value: 0.4555361568927765.
[50, 0.47544389963150024, 0.4558056890964508, 0.9907654523849487, 0.17589536309242249, 1.3989243507385254, 0.8428143858909607, '02:02']
[51, 0.4803740680217743, 0.4599663019180298, 0.9905557036399841, 0.17838241159915924, 1.496282696723938, 0.8313149809837341, '02:02']
[52, 0.4838106632232666, 0.4535265266895294, 0.9905632734298706, 0.1779804527759552, 1.5082688331604004, 0.8283077478408813, '02:02']
Better model found at epoch 52 with valid_loss value: 0.4535265266895294.
[53, 0.47980251908302307, 0.43984678387641907, 0.9906657338142395, 0.17582152783870697, 1.3706494569778442, 0.8177207112312317, '02:03']
Better model found at epoch 53 with valid_loss value: 0.43984678387641907.
[54, 0.4777292013168335, 0.4490886926651001, 0.9907867312431335, 0.17572157084941864, 1.3846852779388428, 0.8366864919662476, '02:02']
[55, 0.4817529320716858, 0.46395066380500793, 0.9909526705741882, 0.17562298476696014, 1.3699157238006592, 0.8618938326835632, '02:02']
[56, 0.46905317902565, 0.4467924237251282, 0.9907296895980835, 0.1750660538673401, 1.3143274784088135, 0.8302716016769409, '02:02']
[57, 0.47320663928985596, 0.44609904289245605, 0.990531325340271, 0.17751376330852509, 1.4981961250305176, 0.8143852353096008, '02:02']
[58, 0.4742521643638611, 0.4478663504123688, 0.9908208847045898, 0.1752936840057373, 1.346549153327942, 0.8362053632736206, '02:03']
[59, 0.47444403171539307, 0.44221609830856323, 0.990752637386322, 0.17518718540668488, 1.3465970754623413, 0.822303831577301, '02:03']
[60, 0.46803417801856995, 0.4712878167629242, 0.9904488325119019, 0.17947480082511902, 1.5720423460006714, 0.8269079923629761, '02:02']
[61, 0.4632432758808136, 0.4417078197002411, 0.9907734990119934, 0.17524929344654083, 1.342358112335205, 0.8216621279716492, '02:02']
No improvement since epoch 53: early stopping
----------
2
----------
DLS create!
[0, 0.5377920269966125, 0.5221134424209595, 0.9905037879943848, 0.17863020300865173, 1.0506483316421509, 0.9979397654533386, '02:02']
Better model found at epoch 0 with valid_loss value: 0.5221134424209595.
[1, 0.5210848450660706, 0.5264835953712463, 0.9904757738113403, 0.1782733052968979, 1.1624021530151367, 0.993240237236023, '02:02']
[2, 0.5171709060668945, 0.5225547552108765, 0.9905080199241638, 0.17571473121643066, 1.0322667360305786, 0.9981369376182556, '02:02']
[3, 0.5165796875953674, 0.5231357216835022, 0.9905126094818115, 0.17671610414981842, 1.0323883295059204, 0.9993442893028259, '02:03']
[4, 0.5168253779411316, 0.5329333543777466, 0.9905129671096802, 0.17622163891792297, 1.0409740209579468, 0.999151349067688, '02:02']
[5, 0.5147223472595215, 0.5307405591011047, 0.9905037879943848, 0.17572826147079468, 1.0296683311462402, 0.997080385684967, '02:02']
[6, 0.5170666575431824, 0.5191187262535095, 0.9904631972312927, 0.17620022594928741, 1.0760139226913452, 0.9919109344482422, '02:02']
Better model found at epoch 6 with valid_loss value: 0.5191187262535095.
[7, 0.5164687037467957, 0.525248110294342, 0.9905158281326294, 0.17619925737380981, 1.028501033782959, 0.9993988275527954, '02:02']
[8, 0.5160011649131775, 0.5241185426712036, 0.9905129671096802, 0.17572931945323944, 1.0257089138031006, 0.9988341927528381, '02:02']
[9, 0.5159271359443665, 0.5198085904121399, 0.9904906749725342, 0.17570476233959198, 1.037705659866333, 0.993902325630188, '02:02']
[10, 0.5153248310089111, 0.5224971175193787, 0.990509033203125, 0.1768379807472229, 1.0343565940856934, 0.9984121918678284, '02:01']
[11, 0.5137434005737305, 0.5272990465164185, 0.9905189275741577, 0.174775630235672, 1.019249677658081, 0.9997488856315613, '02:02']
[12, 0.5143711566925049, 0.5216962099075317, 0.9904980063438416, 0.17494305968284607, 1.0317457914352417, 0.9952465891838074, '02:01']
[13, 0.5149421095848083, 0.520176351070404, 0.9904969334602356, 0.1756260097026825, 1.0271672010421753, 0.99509197473526, '02:04']
[14, 0.5148642659187317, 0.5227558016777039, 0.9905067682266235, 0.1748647391796112, 1.0164967775344849, 0.9970353245735168, '02:02']
No improvement since epoch 6: early stopping
----------
3
----------
DLS create!
[0, 0.5396451354026794, 0.5190767049789429, 0.9926950931549072, 0.1788576990365982, 1.0619815587997437, 0.9987290501594543, '02:02']
Better model found at epoch 0 with valid_loss value: 0.5190767049789429.
[1, 0.5221119523048401, 0.564267098903656, 0.9927150011062622, 0.17875555157661438, 1.1295911073684692, 1.001050591468811, '02:03']
[2, 0.5145859122276306, 0.5094942450523376, 0.9925723075866699, 0.1771831512451172, 1.36925208568573, 0.9761403799057007, '02:02']
Better model found at epoch 2 with valid_loss value: 0.5094942450523376.
[3, 0.5133487582206726, 0.5398867130279541, 0.9924850463867188, 0.17670735716819763, 1.346497893333435, 0.9643460512161255, '02:02']
[4, 0.5102329850196838, 0.49976351857185364, 0.9924100041389465, 0.1771705150604248, 1.3892147541046143, 0.9563872814178467, '02:02']
Better model found at epoch 4 with valid_loss value: 0.49976351857185364.
[5, 0.5044406056404114, 0.5119034051895142, 0.9926198124885559, 0.1747497320175171, 1.193197250366211, 0.9779499769210815, '02:02']
[6, 0.508916974067688, 0.5100082755088806, 0.9925890564918518, 0.17653068900108337, 1.3311824798583984, 0.9768862128257751, '02:02']
[7, 0.5014596581459045, 0.4972366988658905, 0.9923554062843323, 0.1777244359254837, 1.4794093370437622, 0.9467786550521851, '02:02']
Better model found at epoch 7 with valid_loss value: 0.4972366988658905.
[8, 0.5032228827476501, 0.5114255547523499, 0.9925442934036255, 0.17692947387695312, 1.336783528327942, 0.9735839366912842, '02:02']
[9, 0.49669986963272095, 0.49512743949890137, 0.9921716451644897, 0.17963282763957977, 1.6015502214431763, 0.9279909133911133, '02:02']
Better model found at epoch 9 with valid_loss value: 0.49512743949890137.
[10, 0.500633716583252, 0.48773643374443054, 0.9923651814460754, 0.17564339935779572, 1.3551883697509766, 0.9333850741386414, '02:02']
Better model found at epoch 10 with valid_loss value: 0.48773643374443054.
[11, 0.5037465691566467, 0.4875440299510956, 0.9923149943351746, 0.17630977928638458, 1.430751085281372, 0.9267421364784241, '02:02']
Better model found at epoch 11 with valid_loss value: 0.4875440299510956.
[12, 0.4986727237701416, 0.4912542402744293, 0.9924094676971436, 0.1748904138803482, 1.3101811408996582, 0.9365060925483704, '02:02']
[13, 0.4945281744003296, 0.48851463198661804, 0.992314875125885, 0.17601853609085083, 1.4238300323486328, 0.9284311532974243, '02:02']
[14, 0.4923555254936218, 0.4852791726589203, 0.992167055606842, 0.17712952196598053, 1.5327218770980835, 0.9157162308692932, '02:02']
Better model found at epoch 14 with valid_loss value: 0.4852791726589203.
[15, 0.49108755588531494, 0.5032758116722107, 0.9921262860298157, 0.18227362632751465, 1.691481351852417, 0.9282504916191101, '02:01']
[16, 0.5021599531173706, 0.4958970248699188, 0.9924055933952332, 0.17666277289390564, 1.473118543624878, 0.9407577514648438, '02:02']
[17, 0.49603623151779175, 0.5008994340896606, 0.9924594759941101, 0.17530716955661774, 1.3607617616653442, 0.9529316425323486, '02:02']
[18, 0.4901491105556488, 0.4897121787071228, 0.9921327829360962, 0.1779383420944214, 1.5584144592285156, 0.9164782166481018, '02:02']
[19, 0.49393031001091003, 0.4944338798522949, 0.9920815825462341, 0.17928795516490936, 1.5616048574447632, 0.9216501116752625, '02:03']
[20, 0.4969957768917084, 0.48570242524147034, 0.9920029044151306, 0.17872926592826843, 1.547685146331787, 0.9168338179588318, '02:01']
[21, 0.49473801255226135, 0.5036442279815674, 0.9925425052642822, 0.1741403043270111, 1.2021125555038452, 0.9518274068832397, '02:02']
[22, 0.49053168296813965, 0.5180440545082092, 0.991879403591156, 0.18924978375434875, 1.7761847972869873, 0.9189823269844055, '02:02']
No improvement since epoch 14: early stopping
----------
4
----------
DLS create!
[0, 0.5373672246932983, 0.5459045171737671, 0.9525043964385986, 0.1796654313802719, 1.4900922775268555, 0.9973448514938354, '02:02']
Better model found at epoch 0 with valid_loss value: 0.5459045171737671.
[1, 0.5207567811012268, 0.5186227560043335, 0.9525080323219299, 0.17663869261741638, 1.054046630859375, 0.9957507252693176, '02:02']
Better model found at epoch 1 with valid_loss value: 0.5186227560043335.
[2, 0.5173618197441101, 0.6100820899009705, 0.9525341391563416, 0.17456483840942383, 1.0493860244750977, 1.001384973526001, '02:02']
[3, 0.5163304209709167, 0.5409754514694214, 0.9523379802703857, 0.19327795505523682, 1.4330257177352905, 0.982139527797699, '02:02']
[4, 0.5119200348854065, 0.5078959465026855, 0.9523526430130005, 0.17667250335216522, 1.2636805772781372, 0.9696474075317383, '02:02']
Better model found at epoch 4 with valid_loss value: 0.5078959465026855.
[5, 0.5089690089225769, 0.5317229628562927, 0.9524437785148621, 0.17467723786830902, 1.2240865230560303, 0.9767335057258606, '02:02']
[6, 0.5070635080337524, 0.5064731240272522, 0.952244758605957, 0.1785816252231598, 1.5066994428634644, 0.951874315738678, '02:02']
Better model found at epoch 6 with valid_loss value: 0.5064731240272522.
[7, 0.5032543540000916, 0.5198736786842346, 0.9523634314537048, 0.17732474207878113, 1.4919239282608032, 0.9642582535743713, '02:02']
[8, 0.5008507966995239, 0.4948870539665222, 0.9521464109420776, 0.17701256275177002, 1.4718303680419922, 0.9331645965576172, '02:01']
Better model found at epoch 8 with valid_loss value: 0.4948870539665222.
[9, 0.49708694219589233, 0.5617783665657043, 0.9515498876571655, 0.20419059693813324, 1.8623653650283813, 0.9135979413986206, '02:01']
[10, 0.5002047419548035, 0.4871115982532501, 0.9519660472869873, 0.17818540334701538, 1.5333389043807983, 0.914413571357727, '02:02']
Better model found at epoch 10 with valid_loss value: 0.4871115982532501.
[11, 0.49917346239089966, 0.487505167722702, 0.9521792531013489, 0.1756930947303772, 1.379929542541504, 0.9227669835090637, '02:02']
[12, 0.4938088059425354, 0.47980836033821106, 0.9519493579864502, 0.17612801492214203, 1.422485589981079, 0.903807520866394, '02:02']
Better model found at epoch 12 with valid_loss value: 0.47980836033821106.
[13, 0.4915430247783661, 0.5082080364227295, 0.9518027305603027, 0.18342755734920502, 1.7082489728927612, 0.9155605435371399, '02:03']
[14, 0.493694931268692, 0.48994192481040955, 0.9517874717712402, 0.18120622634887695, 1.6691155433654785, 0.8975809216499329, '02:03']
[15, 0.49050790071487427, 0.49140042066574097, 0.9521564841270447, 0.1754385530948639, 1.3703062534332275, 0.9240925312042236, '02:03']
[16, 0.49016818404197693, 0.4888196587562561, 0.9517051577568054, 0.1809871792793274, 1.6697807312011719, 0.8891828060150146, '02:04']
[17, 0.4863678216934204, 0.4908251464366913, 0.9522241353988647, 0.17472130060195923, 1.2968788146972656, 0.9238187074661255, '02:03']
[18, 0.49381205439567566, 0.48481425642967224, 0.9521325826644897, 0.17587505280971527, 1.4019265174865723, 0.9150164127349854, '02:03']
[19, 0.4849628210067749, 0.49656713008880615, 0.9516436457633972, 0.18393485248088837, 1.7032767534255981, 0.8907437920570374, '02:02']
[20, 0.4906174838542938, 0.4835761487483978, 0.9520766735076904, 0.17651769518852234, 1.4898710250854492, 0.9007321000099182, '02:03']
No improvement since epoch 12: early stopping
DeepLabV3 Done!
