Models will save to DLV3+_dpn131_x
Use dpn131 encoder
Start training...
----------
0
----------
DLS create!
[0, 0.533393919467926, 0.5122628211975098, 0.9926406145095825, 0.17961513996124268, 1.1758769750595093, 0.9837859272956848, '00:44']
Better model found at epoch 0 with valid_loss value: 0.5122628211975098.
[1, 0.5131918787956238, 0.4938480854034424, 0.992479681968689, 0.17728683352470398, 1.3882445096969604, 0.9406328797340393, '00:43']
Better model found at epoch 1 with valid_loss value: 0.4938480854034424.
[2, 0.5001771450042725, 0.5122362375259399, 0.9918040633201599, 0.19127143919467926, 1.7867820262908936, 0.8919217586517334, '00:43']
[3, 0.4997349679470062, 0.626110851764679, 0.9923534393310547, 0.23350174725055695, 1.8633965253829956, 0.9707081913948059, '00:44']
[4, 0.499399334192276, 0.5061872601509094, 0.9921689629554749, 0.1854337453842163, 1.7109084129333496, 0.91851806640625, '00:43']
[5, 0.49206218123435974, 0.4754093289375305, 0.9921625852584839, 0.17826855182647705, 1.599979043006897, 0.8813841342926025, '00:43']
Better model found at epoch 5 with valid_loss value: 0.4754093289375305.
[6, 0.49317705631256104, 0.497404545545578, 0.9923740029335022, 0.17920179665088654, 1.5666872262954712, 0.9281535744667053, '00:43']
[7, 0.48572325706481934, 0.48138314485549927, 0.9921272993087769, 0.17928463220596313, 1.6312633752822876, 0.8893544673919678, '00:43']
[8, 0.4895702004432678, 0.49321869015693665, 0.9925617575645447, 0.1743626445531845, 1.2261300086975098, 0.9370238780975342, '00:43']
[9, 0.48781052231788635, 0.4856835901737213, 0.9920318722724915, 0.18202762305736542, 1.6824146509170532, 0.8872328996658325, '00:43']
[10, 0.4848838448524475, 0.4787747859954834, 0.9923455715179443, 0.17582795023918152, 1.450708031654358, 0.9070982336997986, '00:43']
[11, 0.4872918725013733, 0.4751468300819397, 0.9924347400665283, 0.17437216639518738, 1.2959343194961548, 0.8980501890182495, '00:43']
Better model found at epoch 11 with valid_loss value: 0.4751468300819397.
[12, 0.48750630021095276, 0.467357337474823, 0.9920558333396912, 0.17822860181331635, 1.5959914922714233, 0.8670086860656738, '00:43']
Better model found at epoch 12 with valid_loss value: 0.467357337474823.
[13, 0.48380979895591736, 0.4718272387981415, 0.9922183752059937, 0.17627114057540894, 1.4939789772033691, 0.885295033454895, '00:43']
[14, 0.4806496798992157, 0.47599169611930847, 0.9924142360687256, 0.17432521283626556, 1.294368863105774, 0.8919522762298584, '00:44']
[15, 0.478901207447052, 0.46739494800567627, 0.9920436143875122, 0.17834560573101044, 1.6169596910476685, 0.8558295369148254, '00:43']
[16, 0.47325599193573, 0.46890005469322205, 0.9923192858695984, 0.17514736950397491, 1.3712321519851685, 0.8872085809707642, '00:43']
[17, 0.48198461532592773, 0.4639984369277954, 0.9921151995658875, 0.17719696462154388, 1.5364305973052979, 0.8678501844406128, '00:43']
Better model found at epoch 17 with valid_loss value: 0.4639984369277954.
[18, 0.4766823947429657, 0.4592384994029999, 0.9923099279403687, 0.17459717392921448, 1.3333559036254883, 0.8678376078605652, '00:43']
Better model found at epoch 18 with valid_loss value: 0.4592384994029999.
[19, 0.47120827436447144, 0.46346962451934814, 0.9922506213188171, 0.1752953827381134, 1.4118478298187256, 0.8731609582901001, '00:44']
[20, 0.47056612372398376, 0.4554689824581146, 0.9919933676719666, 0.1773005574941635, 1.5602177381515503, 0.8481082320213318, '00:43']
Better model found at epoch 20 with valid_loss value: 0.4554689824581146.
[21, 0.4672614336013794, 0.4645131826400757, 0.992319643497467, 0.1746695339679718, 1.3316270112991333, 0.8749253749847412, '00:43']
[22, 0.4671574831008911, 0.46162647008895874, 0.9922024607658386, 0.1747984141111374, 1.357053518295288, 0.8619685173034668, '00:43']
[23, 0.472545862197876, 0.4430006742477417, 0.9921600222587585, 0.17464588582515717, 1.334497094154358, 0.83597332239151, '00:43']
Better model found at epoch 23 with valid_loss value: 0.4430006742477417.
[24, 0.4699341952800751, 0.458128958940506, 0.9921198487281799, 0.1761164516210556, 1.4996570348739624, 0.8575872182846069, '00:43']
[25, 0.47407352924346924, 0.463212788105011, 0.9922673106193542, 0.17537501454353333, 1.4312376976013184, 0.8648995161056519, '00:43']
[26, 0.47083956003189087, 0.4610321819782257, 0.9922260642051697, 0.17495222389698029, 1.3518338203430176, 0.859351634979248, '00:43']
[27, 0.47650420665740967, 0.44942837953567505, 0.9920802712440491, 0.17568694055080414, 1.4354262351989746, 0.8505274057388306, '00:44']
[28, 0.46918460726737976, 0.4710100293159485, 0.9923921227455139, 0.17373144626617432, 1.1423615217208862, 0.8819742202758789, '00:43']
[29, 0.46256983280181885, 0.4457935392856598, 0.9920655488967896, 0.1753780096769333, 1.396141767501831, 0.8361937999725342, '00:43']
[30, 0.47019457817077637, 0.46288591623306274, 0.9922742247581482, 0.17451269924640656, 1.290719747543335, 0.866703450679779, '00:44']
[31, 0.46512678265571594, 0.4415263533592224, 0.9919636845588684, 0.17609114944934845, 1.4729739427566528, 0.8217965960502625, '00:44']
Better model found at epoch 31 with valid_loss value: 0.4415263533592224.
[32, 0.4636373817920685, 0.46258610486984253, 0.9923100471496582, 0.17382532358169556, 1.1615961790084839, 0.8543648719787598, '00:43']
[33, 0.4666230082511902, 0.46866375207901, 0.9918323755264282, 0.17976482212543488, 1.6485971212387085, 0.8449782133102417, '00:43']
[34, 0.4699151813983917, 0.4598381817340851, 0.9922175407409668, 0.1746605932712555, 1.3157066106796265, 0.8708382248878479, '00:43']
[35, 0.4651379883289337, 0.43906304240226746, 0.9921911954879761, 0.1741677075624466, 1.2557368278503418, 0.8229250311851501, '00:44']
Better model found at epoch 35 with valid_loss value: 0.43906304240226746.
[36, 0.4587383270263672, 0.44487032294273376, 0.991765022277832, 0.1774124950170517, 1.5262410640716553, 0.8121567964553833, '00:43']
[37, 0.4664410948753357, 0.45193156599998474, 0.9919326305389404, 0.17674335837364197, 1.539192795753479, 0.8370412588119507, '00:43']
[38, 0.46494171023368835, 0.45311999320983887, 0.9918891191482544, 0.17656199634075165, 1.4308911561965942, 0.8426513671875, '00:44']
[39, 0.46468478441238403, 0.448777973651886, 0.9918742775917053, 0.17611505091190338, 1.4232566356658936, 0.8342115879058838, '00:43']
[40, 0.47408512234687805, 0.4483354687690735, 0.9918920397758484, 0.17714440822601318, 1.5283479690551758, 0.8256288170814514, '00:43']
[41, 0.47096842527389526, 0.43971917033195496, 0.9920077919960022, 0.17519566416740417, 1.3570547103881836, 0.8250905871391296, '00:43']
[42, 0.45365044474601746, 0.4755893647670746, 0.9918988347053528, 0.17864248156547546, 1.5635157823562622, 0.8641892671585083, '00:43']
[43, 0.46472853422164917, 0.45566198229789734, 0.9918854236602783, 0.17745022475719452, 1.5820248126983643, 0.8383337259292603, '00:43']
No improvement since epoch 35: early stopping
----------
1
----------
DLS create!
[0, 0.5369228720664978, 0.5113427042961121, 0.9914289712905884, 0.184213787317276, 1.3157252073287964, 0.9665170907974243, '00:44']
Better model found at epoch 0 with valid_loss value: 0.5113427042961121.
[1, 0.5130161046981812, 0.5117122530937195, 0.9914513826370239, 0.17571519315242767, 1.2377417087554932, 0.9570184946060181, '00:44']
[2, 0.5068291425704956, 0.4874606728553772, 0.9912627339363098, 0.17774228751659393, 1.4084177017211914, 0.9252954721450806, '00:44']
Better model found at epoch 2 with valid_loss value: 0.4874606728553772.
[3, 0.496942400932312, 0.47810202836990356, 0.9911726117134094, 0.17756472527980804, 1.428001880645752, 0.9095056653022766, '00:44']
Better model found at epoch 3 with valid_loss value: 0.47810202836990356.
[4, 0.48715609312057495, 0.49964964389801025, 0.9913885593414307, 0.17515748739242554, 1.3025898933410645, 0.9189308285713196, '00:44']
[5, 0.49326881766319275, 0.4829998314380646, 0.9913766980171204, 0.17504408955574036, 1.2841845750808716, 0.9170240759849548, '00:43']
[6, 0.49148619174957275, 0.5042163133621216, 0.990874707698822, 0.18596525490283966, 1.7289659976959229, 0.8934646844863892, '00:44']
[7, 0.4944910705089569, 0.47660914063453674, 0.9912177324295044, 0.17689813673496246, 1.4269382953643799, 0.9041659832000732, '00:44']
Better model found at epoch 7 with valid_loss value: 0.47660914063453674.
[8, 0.49135011434555054, 0.47925838828086853, 0.9912877082824707, 0.17548225820064545, 1.364318609237671, 0.8983551859855652, '00:44']
[9, 0.4890027344226837, 0.4606937766075134, 0.9910582304000854, 0.17612001299858093, 1.3903106451034546, 0.874081015586853, '00:44']
Better model found at epoch 9 with valid_loss value: 0.4606937766075134.
[10, 0.4860645532608032, 0.4850712716579437, 0.9913622140884399, 0.1746460348367691, 1.2688024044036865, 0.9145674705505371, '00:44']
[11, 0.4841700494289398, 0.47593268752098083, 0.9911422729492188, 0.17777426540851593, 1.5183258056640625, 0.8922153115272522, '00:44']
[12, 0.4798937439918518, 0.46744218468666077, 0.9912623763084412, 0.17453213036060333, 1.247812032699585, 0.8790932297706604, '00:44']
[13, 0.48034319281578064, 0.4685313403606415, 0.9911900162696838, 0.17575091123580933, 1.3834912776947021, 0.8827368021011353, '00:44']
[14, 0.4840054214000702, 0.46529263257980347, 0.9911748170852661, 0.17495830357074738, 1.2916902303695679, 0.8852549195289612, '00:44']
[15, 0.4859994947910309, 0.46189865469932556, 0.9911398887634277, 0.17579112946987152, 1.3965915441513062, 0.8678316473960876, '00:44']
[16, 0.4814154803752899, 0.464688241481781, 0.9908924102783203, 0.179054856300354, 1.5714144706726074, 0.8608781695365906, '00:44']
[17, 0.4789770543575287, 0.4751373827457428, 0.9908312559127808, 0.18136104941368103, 1.6331883668899536, 0.8636474609375, '00:44']
No improvement since epoch 9: early stopping
----------
2
----------
DLS create!
[0, 0.536115825176239, 0.5072590708732605, 0.9919313788414001, 0.18062430620193481, 1.2628675699234009, 0.9691692590713501, '00:44']
Better model found at epoch 0 with valid_loss value: 0.5072590708732605.
[1, 0.5146210789680481, 0.5015131235122681, 0.9917322397232056, 0.17846332490444183, 1.338745355606079, 0.9348613023757935, '00:44']
Better model found at epoch 1 with valid_loss value: 0.5015131235122681.
[2, 0.5020829439163208, 0.4714685380458832, 0.9910715222358704, 0.1838831752538681, 1.6442369222640991, 0.8610249757766724, '00:44']
Better model found at epoch 2 with valid_loss value: 0.4714685380458832.
[3, 0.5010350346565247, 0.47420957684516907, 0.9916262030601501, 0.17786014080047607, 1.4555574655532837, 0.9008972644805908, '00:44']
[4, 0.5034475326538086, 0.4772275984287262, 0.9915345311164856, 0.1790589541196823, 1.4993319511413574, 0.8986361622810364, '00:44']
[5, 0.49928897619247437, 0.4836731553077698, 0.9918971657752991, 0.17486853897571564, 1.2736902236938477, 0.9215333461761475, '00:44']
[6, 0.49723976850509644, 0.5052781105041504, 0.9915587902069092, 0.17599770426750183, 1.4215856790542603, 0.8635514974594116, '00:44']
[7, 0.493881493806839, 0.47275418043136597, 0.9917780160903931, 0.17528581619262695, 1.3469469547271729, 0.8986271023750305, '00:44']
[8, 0.49014168977737427, 0.4707079231739044, 0.9915817975997925, 0.17649541795253754, 1.43288254737854, 0.8791112303733826, '00:44']
Better model found at epoch 8 with valid_loss value: 0.4707079231739044.
[9, 0.48573067784309387, 0.4601582884788513, 0.9913290739059448, 0.17855462431907654, 1.5759308338165283, 0.8493434190750122, '00:43']
Better model found at epoch 9 with valid_loss value: 0.4601582884788513.
[10, 0.4846208989620209, 0.45806577801704407, 0.9913824200630188, 0.17794163525104523, 1.5400282144546509, 0.8507881760597229, '00:44']
Better model found at epoch 10 with valid_loss value: 0.45806577801704407.
[11, 0.4857282340526581, 0.45460885763168335, 0.9915035367012024, 0.17582833766937256, 1.4117730855941772, 0.8600550889968872, '00:44']
Better model found at epoch 11 with valid_loss value: 0.45460885763168335.
[12, 0.472104012966156, 0.4563586711883545, 0.9912117719650269, 0.1792488545179367, 1.5674612522125244, 0.8402087688446045, '00:44']
[13, 0.48727211356163025, 0.4540737569332123, 0.9916664361953735, 0.17461930215358734, 1.2961232662200928, 0.8615990281105042, '00:43']
Better model found at epoch 13 with valid_loss value: 0.4540737569332123.
[14, 0.4819071590900421, 0.5375487208366394, 0.991817057132721, 0.17745478451251984, 1.5000590085983276, 0.9190796613693237, '00:44']
[15, 0.4828663170337677, 0.4660812318325043, 0.9917464852333069, 0.17468635737895966, 1.3293867111206055, 0.8738544583320618, '00:44']
[16, 0.4902905225753784, 0.44681844115257263, 0.9914494156837463, 0.1762172281742096, 1.431098222732544, 0.8456078767776489, '00:44']
Better model found at epoch 16 with valid_loss value: 0.44681844115257263.
[17, 0.4783516228199005, 0.44738292694091797, 0.9914639592170715, 0.17612043023109436, 1.4453963041305542, 0.8433414697647095, '00:44']
[18, 0.4822176992893219, 0.4808851480484009, 0.9918356537818909, 0.1752622276544571, 1.3732255697250366, 0.9044917225837708, '00:44']
[19, 0.4775580167770386, 0.44771620631217957, 0.9911236763000488, 0.17868927121162415, 1.5906630754470825, 0.8196172714233398, '00:44']
[20, 0.4762343466281891, 0.44144701957702637, 0.9914668202400208, 0.1755845993757248, 1.3985700607299805, 0.8313481211662292, '00:44']
Better model found at epoch 20 with valid_loss value: 0.44144701957702637.
[21, 0.47704169154167175, 0.45938968658447266, 0.9914895296096802, 0.17698003351688385, 1.5180330276489258, 0.8527823686599731, '00:44']
[22, 0.460614413022995, 0.48158177733421326, 0.9919518828392029, 0.17358063161373138, 1.1266297101974487, 0.8900587558746338, '00:43']
[23, 0.4702169597148895, 0.44618934392929077, 0.9916064739227295, 0.1749107986688614, 1.3614236116409302, 0.8358054161071777, '00:44']
[24, 0.4632643759250641, 0.4435040354728699, 0.9914435148239136, 0.1758916974067688, 1.4490928649902344, 0.8255908489227295, '00:44']
[25, 0.459214985370636, 0.4675857126712799, 0.9918978810310364, 0.17384062707424164, 1.1832517385482788, 0.8711429834365845, '00:44']
[26, 0.47185152769088745, 0.46210354566574097, 0.9913338422775269, 0.17832832038402557, 1.5615144968032837, 0.8543049693107605, '00:44']
[27, 0.47164687514305115, 0.43110692501068115, 0.9914155006408691, 0.1752214878797531, 1.3857653141021729, 0.8117064237594604, '00:44']
Better model found at epoch 27 with valid_loss value: 0.43110692501068115.
[28, 0.46837571263313293, 0.4488942325115204, 0.9916477203369141, 0.17425890266895294, 1.2675613164901733, 0.8424227833747864, '00:44']
[29, 0.4679315388202667, 0.4551066756248474, 0.9916800856590271, 0.17473341524600983, 1.3259003162384033, 0.8563539385795593, '00:44']
[30, 0.46411681175231934, 0.44954240322113037, 0.991051197052002, 0.178656667470932, 1.5520603656768799, 0.8174721598625183, '00:44']
[31, 0.4670594036579132, 0.4522017240524292, 0.9914325475692749, 0.17635393142700195, 1.4826908111572266, 0.8401141166687012, '00:44']
[32, 0.47515979409217834, 0.44810083508491516, 0.9915675520896912, 0.17503765225410461, 1.3482333421707153, 0.84454345703125, '00:44']
[33, 0.4632640779018402, 0.4383082985877991, 0.9915844798088074, 0.17406108975410461, 1.2312103509902954, 0.8234907984733582, '00:44']
[34, 0.47407999634742737, 0.4436759650707245, 0.9914423227310181, 0.17582863569259644, 1.4341864585876465, 0.8333162069320679, '00:44']
[35, 0.4688187539577484, 0.430877149105072, 0.9914119243621826, 0.17536039650440216, 1.4040026664733887, 0.8127062916755676, '00:44']
Better model found at epoch 35 with valid_loss value: 0.430877149105072.
[36, 0.4600449502468109, 0.43785881996154785, 0.991629958152771, 0.1739635467529297, 1.225912094116211, 0.8191968202590942, '00:44']
[37, 0.46530577540397644, 0.4575475752353668, 0.9911971688270569, 0.1786753088235855, 1.5754023790359497, 0.830903172492981, '00:44']
[38, 0.4628959000110626, 0.4418206214904785, 0.9910206198692322, 0.17830516397953033, 1.5501738786697388, 0.8055089116096497, '00:44']
[39, 0.46471163630485535, 0.4413798153400421, 0.9911180734634399, 0.17802903056144714, 1.5644797086715698, 0.8091113567352295, '00:44']
[40, 0.4689267873764038, 0.435160368680954, 0.991300106048584, 0.17613641917705536, 1.4625215530395508, 0.8109639286994934, '00:44']
[41, 0.4649149775505066, 0.42852115631103516, 0.9911476373672485, 0.17657358944416046, 1.4892667531967163, 0.7938283085823059, '00:44']
Better model found at epoch 41 with valid_loss value: 0.42852115631103516.
[42, 0.46373993158340454, 0.42413201928138733, 0.991034984588623, 0.17707495391368866, 1.5177875757217407, 0.7795125842094421, '00:44']
Better model found at epoch 42 with valid_loss value: 0.42413201928138733.
[43, 0.4658893048763275, 0.4511057436466217, 0.9909942150115967, 0.1796080619096756, 1.6118043661117554, 0.8099179863929749, '00:44']
[44, 0.45957863330841064, 0.42066454887390137, 0.9914056658744812, 0.1747557669878006, 1.34979248046875, 0.7885515093803406, '00:44']
Better model found at epoch 44 with valid_loss value: 0.42066454887390137.
[45, 0.4600801169872284, 0.4306167662143707, 0.9911924004554749, 0.17661716043949127, 1.4840391874313354, 0.7999843955039978, '00:44']
[46, 0.46515005826950073, 0.443938672542572, 0.9909323453903198, 0.17999784648418427, 1.6144517660140991, 0.7948475480079651, '00:44']
[47, 0.45851364731788635, 0.4574681520462036, 0.9912102818489075, 0.17911045253276825, 1.6099269390106201, 0.8157340288162231, '00:44']
[48, 0.44816917181015015, 0.4268614649772644, 0.991231381893158, 0.17607082426548004, 1.466225504875183, 0.7906721234321594, '00:44']
[49, 0.4573395252227783, 0.4286314845085144, 0.9912283420562744, 0.17616015672683716, 1.4658446311950684, 0.7969128489494324, '00:43']
[50, 0.4530830681324005, 0.428725004196167, 0.9912112951278687, 0.17643755674362183, 1.4810289144515991, 0.7916145920753479, '00:44']
[51, 0.45881387591362, 0.44113022089004517, 0.9910027384757996, 0.17813746631145477, 1.5644408464431763, 0.7926629185676575, '00:44']
[52, 0.4492570161819458, 0.4386640787124634, 0.9909940958023071, 0.1781383454799652, 1.5689009428024292, 0.7936597466468811, '00:44']
No improvement since epoch 44: early stopping
----------
3
----------
DLS create!
[0, 0.5325539112091064, 0.5174341797828674, 0.9913761615753174, 0.18264934420585632, 1.159330129623413, 0.9858800768852234, '00:44']
Better model found at epoch 0 with valid_loss value: 0.5174341797828674.
[1, 0.5055487751960754, 0.5008829832077026, 0.9912682175636292, 0.17774130403995514, 1.4154843091964722, 0.9451889395713806, '00:44']
Better model found at epoch 1 with valid_loss value: 0.5008829832077026.
[2, 0.5024925470352173, 0.49882039427757263, 0.9913195371627808, 0.1762547791004181, 1.387179970741272, 0.9416319727897644, '00:44']
Better model found at epoch 2 with valid_loss value: 0.49882039427757263.
[3, 0.4954022765159607, 0.5101451873779297, 0.9911782145500183, 0.18139831721782684, 1.6191531419754028, 0.9377325177192688, '00:44']
[4, 0.49840444326400757, 0.5024898648262024, 0.9914067983627319, 0.1743740737438202, 1.2364671230316162, 0.9454135894775391, '00:44']
[5, 0.49849626421928406, 0.4944292902946472, 0.9912134408950806, 0.1764836311340332, 1.4606138467788696, 0.9206756353378296, '00:44']
Better model found at epoch 5 with valid_loss value: 0.4944292902946472.
[6, 0.48873254656791687, 0.4987523555755615, 0.9912878274917603, 0.17582014203071594, 1.451069951057434, 0.9319432377815247, '00:44']
[7, 0.48918217420578003, 0.4893832802772522, 0.9913178086280823, 0.1746482402086258, 1.3200266361236572, 0.9162651896476746, '00:44']
Better model found at epoch 7 with valid_loss value: 0.4893832802772522.
[8, 0.49063846468925476, 0.5022639036178589, 0.9913743138313293, 0.17503300309181213, 1.3537706136703491, 0.9403650760650635, '00:44']
[9, 0.490237832069397, 0.5002346038818359, 0.9911509156227112, 0.17857390642166138, 1.5832349061965942, 0.9253758788108826, '00:44']
[10, 0.48924413323402405, 0.48650631308555603, 0.9912002086639404, 0.17592081427574158, 1.4440834522247314, 0.9073653221130371, '00:44']
Better model found at epoch 10 with valid_loss value: 0.48650631308555603.
[11, 0.4793282151222229, 0.48123618960380554, 0.9911527633666992, 0.17552973330020905, 1.4338188171386719, 0.8912515640258789, '00:44']
Better model found at epoch 11 with valid_loss value: 0.48123618960380554.
[12, 0.47981229424476624, 0.48435062170028687, 0.9909787774085999, 0.17836204171180725, 1.5966547727584839, 0.8843544125556946, '00:44']
[13, 0.4867299199104309, 0.47792452573776245, 0.9911660552024841, 0.1754009872674942, 1.4323325157165527, 0.8839713335037231, '00:44']
Better model found at epoch 13 with valid_loss value: 0.47792452573776245.
[14, 0.483712762594223, 0.47547289729118347, 0.9911698698997498, 0.17526254057884216, 1.4016071557998657, 0.8820188641548157, '00:44']
Better model found at epoch 14 with valid_loss value: 0.47547289729118347.
[15, 0.4763558506965637, 0.48705729842185974, 0.9912773966789246, 0.17475898563861847, 1.3515146970748901, 0.9051020741462708, '00:44']
[16, 0.4730844497680664, 0.4943167567253113, 0.9913716912269592, 0.17373856902122498, 1.1822338104248047, 0.9146109819412231, '00:44']
[17, 0.46983006596565247, 0.4651893973350525, 0.9910088777542114, 0.175826758146286, 1.4565627574920654, 0.8520630598068237, '00:44']
Better model found at epoch 17 with valid_loss value: 0.4651893973350525.
[18, 0.4828028976917267, 0.4778605103492737, 0.9909946322441101, 0.17753542959690094, 1.5421524047851562, 0.8785132765769958, '00:44']
[19, 0.4772424101829529, 0.49050673842430115, 0.9911066293716431, 0.177107036113739, 1.520730972290039, 0.9011285305023193, '00:44']
[20, 0.46785885095596313, 0.5013985633850098, 0.9912276268005371, 0.17678232491016388, 1.5216593742370605, 0.9212501645088196, '00:44']
[21, 0.47227743268013, 0.4747067987918854, 0.991096556186676, 0.1757921725511551, 1.4358195066452026, 0.8723028302192688, '00:44']
[22, 0.4790778160095215, 0.47480255365371704, 0.9910917282104492, 0.17580080032348633, 1.4336775541305542, 0.8764671087265015, '00:44']
[23, 0.45776525139808655, 0.48288440704345703, 0.991216778755188, 0.17465069890022278, 1.3141775131225586, 0.8915127515792847, '00:44']
[24, 0.4748114049434662, 0.4884299337863922, 0.9911102056503296, 0.17699573934078217, 1.526273488998413, 0.901865541934967, '00:44']
[25, 0.4697187542915344, 0.4901808500289917, 0.9908455610275269, 0.18011614680290222, 1.6486700773239136, 0.8701087832450867, '00:44']
No improvement since epoch 17: early stopping
----------
4
----------
DLS create!
[0, 0.5342029929161072, 0.5187166929244995, 0.9888385534286499, 0.18435706198215485, 1.2603468894958496, 0.972192645072937, '00:44']
Better model found at epoch 0 with valid_loss value: 0.5187166929244995.
[1, 0.5103490352630615, 0.49882012605667114, 0.9888128042221069, 0.17594516277313232, 1.274850845336914, 0.9391464591026306, '00:43']
Better model found at epoch 1 with valid_loss value: 0.49882012605667114.
[2, 0.5025182366371155, 0.5116050243377686, 0.9886648058891296, 0.17788851261138916, 1.4655704498291016, 0.9165928959846497, '00:44']
[3, 0.49836206436157227, 0.48255887627601624, 0.9884278774261475, 0.17848025262355804, 1.5388973951339722, 0.8780215978622437, '00:44']
Better model found at epoch 3 with valid_loss value: 0.48255887627601624.
[4, 0.5014830827713013, 0.4804842472076416, 0.9885571002960205, 0.17719662189483643, 1.4701242446899414, 0.883948802947998, '00:44']
Better model found at epoch 4 with valid_loss value: 0.4804842472076416.
[5, 0.4927205741405487, 0.6793295741081238, 0.9880402088165283, 0.24318644404411316, 1.8896340131759644, 0.9284918308258057, '00:44']
[6, 0.4992314875125885, 0.5124489068984985, 0.9889075756072998, 0.17589318752288818, 1.2907055616378784, 0.9596416354179382, '00:43']
[7, 0.49387988448143005, 0.48371267318725586, 0.9886754155158997, 0.17597134411334991, 1.4018189907073975, 0.8926915526390076, '00:44']
[8, 0.4831498861312866, 0.5014914870262146, 0.9880222678184509, 0.18707527220249176, 1.7076702117919922, 0.8655576705932617, '00:44']
[9, 0.489942342042923, 0.47805047035217285, 0.9885238409042358, 0.1759105771780014, 1.4030026197433472, 0.8692708611488342, '00:44']
Better model found at epoch 9 with valid_loss value: 0.47805047035217285.
[10, 0.48975321650505066, 0.4749901592731476, 0.9886786937713623, 0.1751115769147873, 1.346784234046936, 0.8725196719169617, '00:44']
Better model found at epoch 10 with valid_loss value: 0.4749901592731476.
[11, 0.4857155382633209, 0.48870548605918884, 0.988871157169342, 0.17389413714408875, 1.180156946182251, 0.8867806196212769, '00:43']
[12, 0.4801090657711029, 0.4462977647781372, 0.9883695840835571, 0.17558391392230988, 1.4079734086990356, 0.804949164390564, '00:44']
Better model found at epoch 12 with valid_loss value: 0.4462977647781372.
[13, 0.4789101183414459, 0.4652547240257263, 0.988347053527832, 0.17719943821430206, 1.5094324350357056, 0.8451223969459534, '00:44']
[14, 0.47767600417137146, 0.4608391523361206, 0.9881839156150818, 0.17808067798614502, 1.5362192392349243, 0.8111125826835632, '00:44']
[15, 0.4797607660293579, 0.4473854899406433, 0.9883453249931335, 0.17575258016586304, 1.4102500677108765, 0.8017985820770264, '00:44']
[16, 0.4765372574329376, 0.47297751903533936, 0.9878631830215454, 0.18216560781002045, 1.6504590511322021, 0.8080160021781921, '00:44']
[17, 0.4739099442958832, 0.4637272357940674, 0.9884727597236633, 0.1758238524198532, 1.4306747913360596, 0.8390782475471497, '00:44']
[18, 0.48293325304985046, 0.4493601620197296, 0.9880287051200867, 0.1779358983039856, 1.5436196327209473, 0.7842693328857422, '00:44']
[19, 0.47545069456100464, 0.441885769367218, 0.9885494709014893, 0.17416220903396606, 1.2648159265518188, 0.7958208918571472, '00:44']
Better model found at epoch 19 with valid_loss value: 0.441885769367218.
[20, 0.47286951541900635, 0.46011367440223694, 0.9884624481201172, 0.17587123811244965, 1.431396722793579, 0.833041787147522, '00:43']
[21, 0.48084402084350586, 0.4658713638782501, 0.9880308508872986, 0.17980556190013885, 1.5726276636123657, 0.8233584761619568, '00:44']
[22, 0.4783727824687958, 0.4547663927078247, 0.9884212017059326, 0.17566999793052673, 1.4218727350234985, 0.8235769867897034, '00:43']
[23, 0.4703652560710907, 0.4447818398475647, 0.988498330116272, 0.17461933195590973, 1.3272944688796997, 0.8106737732887268, '00:44']
[24, 0.4702087938785553, 0.46795153617858887, 0.9886047840118408, 0.17474932968616486, 1.3538607358932495, 0.8402738571166992, '00:44']
[25, 0.481808602809906, 0.45268282294273376, 0.9881287813186646, 0.1777467131614685, 1.52619469165802, 0.8055757880210876, '00:44']
[26, 0.47172707319259644, 0.4544033408164978, 0.9878231287002563, 0.17963899672031403, 1.6041820049285889, 0.7817372679710388, '00:45']
[27, 0.47709721326828003, 0.4437328279018402, 0.988502562046051, 0.17467555403709412, 1.3346666097640991, 0.8045914769172668, '00:45']
No improvement since epoch 19: early stopping
DeepLabV3Plus Done!
