Models will save to FPN_res152_x
Use resnet152 encoder
Start training...
----------
0
----------
DLS create!
[0, 0.5254459381103516, 0.5244080424308777, 0.9911270141601562, 0.17422206699848175, 1.0288623571395874, 0.9979072213172913, '00:24']
Better model found at epoch 0 with valid_loss value: 0.5244080424308777.
[1, 0.5200325846672058, 0.5230567455291748, 0.9911206960678101, 0.17481063306331635, 1.0720758438110352, 0.9964339137077332, '00:23']
Better model found at epoch 1 with valid_loss value: 0.5230567455291748.
[2, 0.5164198875427246, 0.5264555811882019, 0.9911195635795593, 0.1742246150970459, 1.0927882194519043, 0.9950293302536011, '00:24']
[3, 0.5162042379379272, 0.5296981334686279, 0.991119921207428, 0.17370739579200745, 1.0792603492736816, 0.9922809600830078, '00:24']
[4, 0.5148749351501465, 0.5258136987686157, 0.9910839200019836, 0.17434906959533691, 1.2046986818313599, 0.9789415597915649, '00:23']
[5, 0.5135014653205872, 0.5134119987487793, 0.9909969568252563, 0.17745041847229004, 1.3711237907409668, 0.9727593660354614, '00:25']
Better model found at epoch 5 with valid_loss value: 0.5134119987487793.
[6, 0.5047155618667603, 0.514140248298645, 0.9910246133804321, 0.17365624010562897, 1.118947148323059, 0.9493740797042847, '00:23']
[7, 0.5058878064155579, 0.5222986340522766, 0.9910904169082642, 0.17388170957565308, 1.1202573776245117, 0.9763224720954895, '00:23']
[8, 0.5037698149681091, 0.5225662589073181, 0.9911031723022461, 0.17425376176834106, 1.1615875959396362, 0.9875005483627319, '00:23']
[9, 0.5013477206230164, 0.496950626373291, 0.9908514022827148, 0.17588327825069427, 1.3563326597213745, 0.9351100921630859, '00:23']
Better model found at epoch 9 with valid_loss value: 0.496950626373291.
[10, 0.5073378682136536, 0.5143323540687561, 0.9910525679588318, 0.17466191947460175, 1.1660622358322144, 0.9764373898506165, '00:24']
[11, 0.5037462115287781, 0.5104500651359558, 0.9909340739250183, 0.17574629187583923, 1.388919472694397, 0.95299232006073, '00:23']
[12, 0.5017790794372559, 0.5008445978164673, 0.9908723831176758, 0.17626692354679108, 1.4346860647201538, 0.9363617897033691, '00:24']
[13, 0.4998747706413269, 0.4969055950641632, 0.9908888936042786, 0.1755700707435608, 1.3743326663970947, 0.9352571964263916, '00:23']
Better model found at epoch 13 with valid_loss value: 0.4969055950641632.
[14, 0.49343591928482056, 0.4903688132762909, 0.99077308177948, 0.17597976326942444, 1.38808274269104, 0.9225305318832397, '00:23']
Better model found at epoch 14 with valid_loss value: 0.4903688132762909.
[15, 0.4848504662513733, 0.536841094493866, 0.9903344511985779, 0.18814580142498016, 1.7455343008041382, 0.9009546041488647, '00:22']
[16, 0.48555073142051697, 0.48465049266815186, 0.9905555844306946, 0.17787843942642212, 1.5292561054229736, 0.8870639801025391, '00:23']
Better model found at epoch 16 with valid_loss value: 0.48465049266815186.
[17, 0.49210792779922485, 0.5389711856842041, 0.9902923703193665, 0.19024606049060822, 1.7833353281021118, 0.8935403823852539, '00:24']
[18, 0.49224525690078735, 0.5123084187507629, 0.9910317659378052, 0.17357251048088074, 1.0797489881515503, 0.9478183388710022, '00:23']
[19, 0.4867182970046997, 0.5101307034492493, 0.9906546473503113, 0.18306192755699158, 1.641620397567749, 0.9267017245292664, '00:23']
[20, 0.4899381995201111, 0.4937611222267151, 0.9906759262084961, 0.17787641286849976, 1.5297274589538574, 0.9124709963798523, '00:23']
[21, 0.4887271225452423, 0.49001237750053406, 0.9905100464820862, 0.18081343173980713, 1.600494623184204, 0.8952845931053162, '00:23']
[22, 0.48930662870407104, 0.47258326411247253, 0.9906068444252014, 0.17636074125766754, 1.458946943283081, 0.8777897357940674, '00:23']
Better model found at epoch 22 with valid_loss value: 0.47258326411247253.
[23, 0.4799087643623352, 0.5035483241081238, 0.9909433126449585, 0.17393861711025238, 1.1786903142929077, 0.9286573529243469, '00:24']
[24, 0.48789727687835693, 0.4645000398159027, 0.9906443953514099, 0.1754438877105713, 1.3757492303848267, 0.8671689629554749, '00:23']
Better model found at epoch 24 with valid_loss value: 0.4645000398159027.
[25, 0.48319053649902344, 0.4749206304550171, 0.990671694278717, 0.17589282989501953, 1.397391438484192, 0.8889272809028625, '00:23']
[26, 0.48159417510032654, 0.4801104664802551, 0.990623414516449, 0.17679248750209808, 1.4943652153015137, 0.8827023506164551, '00:23']
[27, 0.4798285961151123, 0.47661295533180237, 0.9906780123710632, 0.17532038688659668, 1.3664017915725708, 0.8867600560188293, '00:23']
[28, 0.4818280339241028, 0.48440849781036377, 0.9906805753707886, 0.17677581310272217, 1.4845205545425415, 0.8977840542793274, '00:23']
[29, 0.47878795862197876, 0.4988560378551483, 0.9909371137619019, 0.17414115369319916, 1.2205491065979004, 0.9248318076133728, '00:24']
[30, 0.47308865189552307, 0.5103965401649475, 0.9904396533966064, 0.18276287615299225, 1.679826021194458, 0.8975095152854919, '00:23']
[31, 0.4733121991157532, 0.47714003920555115, 0.9907394051551819, 0.1747502088546753, 1.3044843673706055, 0.8816230297088623, '00:25']
[32, 0.4736182987689972, 0.4738655090332031, 0.9906972050666809, 0.17487214505672455, 1.2829023599624634, 0.8850294947624207, '00:24']
No improvement since epoch 24: early stopping
----------
1
----------
DLS create!
[0, 0.5234816074371338, 0.5270663499832153, 0.9917495250701904, 0.1736954301595688, 1.0249505043029785, 0.9977986812591553, '00:25']
Better model found at epoch 0 with valid_loss value: 0.5270663499832153.
[1, 0.5188792943954468, 0.5184043645858765, 0.9917320013046265, 0.17488308250904083, 1.0425904989242554, 0.994270384311676, '00:25']
Better model found at epoch 1 with valid_loss value: 0.5184043645858765.
[2, 0.5196294784545898, 0.5128180980682373, 0.9916844367980957, 0.17519384622573853, 1.1883951425552368, 0.9818457365036011, '00:25']
Better model found at epoch 2 with valid_loss value: 0.5128180980682373.
[3, 0.5167601108551025, 0.5282060503959656, 0.9917461276054382, 0.1734549105167389, 1.0110963582992554, 0.9937359094619751, '00:25']
[4, 0.5169475078582764, 0.502888560295105, 0.9915992617607117, 0.17584893107414246, 1.254743218421936, 0.9602340459823608, '00:25']
Better model found at epoch 4 with valid_loss value: 0.502888560295105.
[5, 0.509495735168457, 0.5147980451583862, 0.991574227809906, 0.17630478739738464, 1.4504622220993042, 0.959114134311676, '00:25']
[6, 0.5119803547859192, 0.5153876543045044, 0.9917123317718506, 0.17485123872756958, 1.0756235122680664, 0.9886875748634338, '00:25']
[7, 0.5096946358680725, 0.4980847239494324, 0.991496205329895, 0.17637009918689728, 1.446570634841919, 0.9346018433570862, '00:25']
Better model found at epoch 7 with valid_loss value: 0.4980847239494324.
[8, 0.5080380439758301, 0.5300197601318359, 0.9917430281639099, 0.17349891364574432, 1.0422134399414062, 0.9921199679374695, '00:25']
[9, 0.508974552154541, 0.5128142833709717, 0.9914975762367249, 0.18068930506706238, 1.5311816930770874, 0.9624930024147034, '00:25']
[10, 0.5094974637031555, 0.5115444660186768, 0.991660475730896, 0.17437024414539337, 1.2178488969802856, 0.9684941172599792, '00:25']
[11, 0.5072119235992432, 0.49816247820854187, 0.9915093183517456, 0.17639277875423431, 1.457519769668579, 0.9346588253974915, '00:25']
[12, 0.5039039254188538, 0.48732811212539673, 0.9914537668228149, 0.1760021150112152, 1.40726637840271, 0.9188117980957031, '00:24']
Better model found at epoch 12 with valid_loss value: 0.48732811212539673.
[13, 0.500014066696167, 0.4840794503688812, 0.9912542700767517, 0.1781013309955597, 1.5502629280090332, 0.8993521332740784, '00:25']
Better model found at epoch 13 with valid_loss value: 0.4840794503688812.
[14, 0.5048489570617676, 0.4850441515445709, 0.991419792175293, 0.17584627866744995, 1.4026143550872803, 0.9180154800415039, '00:24']
[15, 0.5032107830047607, 0.5184026956558228, 0.9913114905357361, 0.18729224801063538, 1.607134461402893, 0.9497658610343933, '00:25']
[16, 0.49917182326316833, 0.47326838970184326, 0.9913512468338013, 0.175401508808136, 1.3543351888656616, 0.8885271549224854, '00:25']
Better model found at epoch 16 with valid_loss value: 0.47326838970184326.
[17, 0.49651139974594116, 0.472733736038208, 0.9913231134414673, 0.1760229468345642, 1.4202545881271362, 0.8880061507225037, '00:25']
Better model found at epoch 17 with valid_loss value: 0.472733736038208.
[18, 0.4928440749645233, 0.4935624301433563, 0.9914405345916748, 0.1754540205001831, 1.3906735181808472, 0.9198888540267944, '00:25']
[19, 0.4953477084636688, 0.49588334560394287, 0.9911521077156067, 0.1818920075893402, 1.6380165815353394, 0.9033750295639038, '00:25']
[20, 0.4967508614063263, 0.4761544466018677, 0.9914450645446777, 0.17452585697174072, 1.2211754322052002, 0.9018629789352417, '00:25']
[21, 0.4964328706264496, 0.47498616576194763, 0.9914116263389587, 0.17492640018463135, 1.3005856275558472, 0.8962562084197998, '00:25']
[22, 0.4964230954647064, 0.4732711911201477, 0.9913679957389832, 0.17512239515781403, 1.3279122114181519, 0.8940120935440063, '00:25']
[23, 0.493278443813324, 0.464865505695343, 0.9909952878952026, 0.17846234142780304, 1.5473575592041016, 0.8598544597625732, '00:25']
Better model found at epoch 23 with valid_loss value: 0.464865505695343.
[24, 0.48736172914505005, 0.45962223410606384, 0.9910873174667358, 0.1762416958808899, 1.418798804283142, 0.8549396991729736, '00:24']
Better model found at epoch 24 with valid_loss value: 0.45962223410606384.
[25, 0.4894998073577881, 0.4705667197704315, 0.9913257956504822, 0.17535021901130676, 1.3658201694488525, 0.8863686919212341, '00:25']
[26, 0.4868074953556061, 0.464752733707428, 0.9909763336181641, 0.17832636833190918, 1.5632474422454834, 0.8508858680725098, '00:25']
[27, 0.48918992280960083, 0.4559553563594818, 0.9912590384483337, 0.17481371760368347, 1.319846749305725, 0.8556991219520569, '00:25']
Better model found at epoch 27 with valid_loss value: 0.4559553563594818.
[28, 0.48701921105384827, 0.48682543635368347, 0.9915450811386108, 0.17360742390155792, 1.0989388227462769, 0.8974592685699463, '00:25']
[29, 0.48643258213996887, 0.47121307253837585, 0.9908503293991089, 0.17960184812545776, 1.6283609867095947, 0.8420675992965698, '00:25']
[30, 0.4828910529613495, 0.4624706208705902, 0.9913932085037231, 0.1739305555820465, 1.1570730209350586, 0.8661320209503174, '00:24']
[31, 0.48167386651039124, 0.46474888920783997, 0.9913826584815979, 0.1741700917482376, 1.2508095502853394, 0.8644106984138489, '00:25']
[32, 0.4833451807498932, 0.4597243070602417, 0.9912869334220886, 0.17452459037303925, 1.2952239513397217, 0.8578511476516724, '00:25']
[33, 0.48165956139564514, 0.4619884192943573, 0.9908162951469421, 0.17901435494422913, 1.5977840423583984, 0.8296880722045898, '00:25']
[34, 0.47576767206192017, 0.4510066509246826, 0.9913100004196167, 0.17429693043231964, 1.2576546669006348, 0.8365025520324707, '00:25']
Better model found at epoch 34 with valid_loss value: 0.4510066509246826.
[35, 0.47507601976394653, 0.4556536376476288, 0.9912040829658508, 0.17520883679389954, 1.3786306381225586, 0.8530075550079346, '00:25']
[36, 0.475191593170166, 0.44650062918663025, 0.9911945462226868, 0.17439399659633636, 1.2586572170257568, 0.8355141282081604, '00:25']
Better model found at epoch 36 with valid_loss value: 0.44650062918663025.
[37, 0.47205397486686707, 0.4398145377635956, 0.9909814596176147, 0.17564256489276886, 1.4012439250946045, 0.8122622966766357, '00:25']
Better model found at epoch 37 with valid_loss value: 0.4398145377635956.
[38, 0.4718692898750305, 0.4651634991168976, 0.9912847280502319, 0.1746361255645752, 1.2878087759017944, 0.8607040047645569, '00:25']
[39, 0.47045424580574036, 0.45762309432029724, 0.9912936687469482, 0.17517122626304626, 1.389530062675476, 0.8422832489013672, '00:25']
[40, 0.46763667464256287, 0.42966970801353455, 0.9909732937812805, 0.17535926401615143, 1.3820748329162598, 0.8003067374229431, '00:24']
Better model found at epoch 40 with valid_loss value: 0.42966970801353455.
[41, 0.4686489403247833, 0.450395405292511, 0.990801215171814, 0.17808888852596283, 1.577537178993225, 0.8034582734107971, '00:25']
[42, 0.46431124210357666, 0.4458104968070984, 0.9908662438392639, 0.17706166207790375, 1.4826287031173706, 0.810089111328125, '00:25']
[43, 0.4686931371688843, 0.44313639402389526, 0.9909652471542358, 0.17596745491027832, 1.4259709119796753, 0.8180408477783203, '00:25']
[44, 0.4668971300125122, 0.4396463930606842, 0.9910057187080383, 0.17538291215896606, 1.3802392482757568, 0.8097608685493469, '00:25']
[45, 0.47196003794670105, 0.44217661023139954, 0.9910851120948792, 0.17478476464748383, 1.2967191934585571, 0.8213212490081787, '00:25']
[46, 0.46764621138572693, 0.4425976276397705, 0.990911066532135, 0.17614001035690308, 1.4179288148880005, 0.8088365197181702, '00:25']
[47, 0.4668334424495697, 0.4376789331436157, 0.9909792542457581, 0.17544712126255035, 1.350694179534912, 0.8043285012245178, '00:25']
[48, 0.46500635147094727, 0.4320283830165863, 0.991057813167572, 0.1745954006910324, 1.2596286535263062, 0.7973037958145142, '00:25']
No improvement since epoch 40: early stopping
----------
2
----------
DLS create!
[0, 0.5598767399787903, 0.5294418931007385, 0.9900555610656738, 0.17396074533462524, 1.0062490701675415, 0.9993971586227417, '00:24']
Better model found at epoch 0 with valid_loss value: 0.5294418931007385.
[1, 0.5302607417106628, 0.5159513354301453, 0.989809513092041, 0.1807927042245865, 1.513098955154419, 0.9658806324005127, '00:24']
Better model found at epoch 1 with valid_loss value: 0.5159513354301453.
[2, 0.5224426984786987, 0.5099302530288696, 0.9898864030838013, 0.17714300751686096, 1.2720310688018799, 0.970941424369812, '00:23']
Better model found at epoch 2 with valid_loss value: 0.5099302530288696.
[3, 0.5180560350418091, 0.516607403755188, 0.9899670481681824, 0.17429368197917938, 1.140233039855957, 0.9702013731002808, '00:24']
[4, 0.5185838341712952, 0.5063841938972473, 0.9898993372917175, 0.17595835030078888, 1.1947853565216064, 0.9672549962997437, '00:23']
Better model found at epoch 4 with valid_loss value: 0.5063841938972473.
[5, 0.5138362646102905, 0.5158101916313171, 0.9899768829345703, 0.17415784299373627, 1.0909734964370728, 0.9728753566741943, '00:24']
[6, 0.5119103193283081, 0.5020578503608704, 0.98981773853302, 0.1764792650938034, 1.3391884565353394, 0.9493767619132996, '00:23']
Better model found at epoch 6 with valid_loss value: 0.5020578503608704.
[7, 0.5105149149894714, 0.48970046639442444, 0.9896343946456909, 0.17709986865520477, 1.409645438194275, 0.919759213924408, '00:24']
Better model found at epoch 7 with valid_loss value: 0.48970046639442444.
[8, 0.5092761516571045, 0.5034522414207458, 0.9898618459701538, 0.17544135451316833, 1.2510097026824951, 0.9534177184104919, '00:25']
[9, 0.5066779851913452, 0.495482474565506, 0.9897947311401367, 0.17531119287014008, 1.2457232475280762, 0.935912549495697, '00:25']
[10, 0.5043269395828247, 0.5057340264320374, 0.9898993372917175, 0.17427244782447815, 1.1129928827285767, 0.9530564546585083, '00:24']
[11, 0.5063830018043518, 0.4969058930873871, 0.9897640347480774, 0.17510564625263214, 1.2651934623718262, 0.9309447407722473, '00:23']
[12, 0.5025453567504883, 0.48566797375679016, 0.9896003603935242, 0.17564256489276886, 1.346133828163147, 0.8993372917175293, '00:23']
Better model found at epoch 12 with valid_loss value: 0.48566797375679016.
[13, 0.5046544671058655, 0.471113383769989, 0.9892275929450989, 0.17896808683872223, 1.468835711479187, 0.8824782967567444, '00:24']
Better model found at epoch 13 with valid_loss value: 0.471113383769989.
[14, 0.501535952091217, 0.47949662804603577, 0.9896355867385864, 0.17425954341888428, 1.1745308637619019, 0.8829199075698853, '00:23']
[15, 0.5003014802932739, 0.4679216146469116, 0.9894025325775146, 0.1766040176153183, 1.3885118961334229, 0.8801667094230652, '00:24']
Better model found at epoch 15 with valid_loss value: 0.4679216146469116.
[16, 0.4972466826438904, 0.5209237337112427, 0.9886907935142517, 0.19483205676078796, 1.7756776809692383, 0.8744080662727356, '00:26']
[17, 0.5011368989944458, 0.4904586672782898, 0.98936927318573, 0.18150801956653595, 1.5676016807556152, 0.9060832262039185, '00:24']
[18, 0.4991806745529175, 0.4723138213157654, 0.9895416498184204, 0.17554408311843872, 1.294386625289917, 0.8891178965568542, '00:24']
[19, 0.4958341121673584, 0.4889194965362549, 0.9889464974403381, 0.1842186599969864, 1.6706628799438477, 0.8666779398918152, '00:23']
[20, 0.49029484391212463, 0.45083490014076233, 0.9891538619995117, 0.1771766096353531, 1.4311866760253906, 0.8436731100082397, '00:24']
Better model found at epoch 20 with valid_loss value: 0.45083490014076233.
[21, 0.4875679910182953, 0.4586559534072876, 0.9889436364173889, 0.1798865646123886, 1.566042423248291, 0.8355368375778198, '00:26']
[22, 0.48999595642089844, 0.46708711981773376, 0.9893491864204407, 0.17673379182815552, 1.4100157022476196, 0.8691613078117371, '00:25']
[23, 0.4878009855747223, 0.47588446736335754, 0.9891839623451233, 0.17978769540786743, 1.5619330406188965, 0.8705536127090454, '00:24']
[24, 0.49072742462158203, 0.4743480980396271, 0.9893556833267212, 0.17774945497512817, 1.4756139516830444, 0.8754473924636841, '00:25']
[25, 0.484272837638855, 0.510246753692627, 0.9889736175537109, 0.18822579085826874, 1.725576400756836, 0.8846585750579834, '00:23']
[26, 0.48576706647872925, 0.48142001032829285, 0.9895589351654053, 0.1764364093542099, 1.386812686920166, 0.8987724781036377, '00:23']
[27, 0.49132391810417175, 0.4569832682609558, 0.989376962184906, 0.17486421763896942, 1.203937292098999, 0.8586117625236511, '00:23']
[28, 0.48907387256622314, 0.46243634819984436, 0.9891701936721802, 0.17817085981369019, 1.4811782836914062, 0.8487664461135864, '00:24']
No improvement since epoch 20: early stopping
----------
3
----------
DLS create!
[0, 0.5279033780097961, 0.5257061719894409, 0.9829473495483398, 0.1739332675933838, 1.0206443071365356, 0.9983433485031128, '00:23']
Better model found at epoch 0 with valid_loss value: 0.5257061719894409.
[1, 0.525084376335144, 0.5195972919464111, 0.9829413890838623, 0.1758560836315155, 1.0399065017700195, 0.9976333975791931, '00:24']
Better model found at epoch 1 with valid_loss value: 0.5195972919464111.
[2, 0.5193306803703308, 0.5272660851478577, 0.982948899269104, 0.17365114390850067, 1.0125428438186646, 0.9986773133277893, '00:25']
[3, 0.5190591812133789, 0.5149943232536316, 0.9828688502311707, 0.17631804943084717, 1.2122598886489868, 0.9883279204368591, '00:24']
Better model found at epoch 3 with valid_loss value: 0.5149943232536316.
[4, 0.5171656012535095, 0.5154281258583069, 0.9828992486000061, 0.17580874264240265, 1.1391433477401733, 0.9905713796615601, '00:24']
[5, 0.5138258337974548, 0.5123916864395142, 0.9828084111213684, 0.17583604156970978, 1.3632121086120605, 0.9732502698898315, '00:25']
Better model found at epoch 5 with valid_loss value: 0.5123916864395142.
[6, 0.5100172758102417, 0.5218788385391235, 0.9826714992523193, 0.18232367932796478, 1.6684966087341309, 0.962656557559967, '00:25']
[7, 0.50443434715271, 0.5192714929580688, 0.9828787446022034, 0.17365992069244385, 1.1172630786895752, 0.9672471284866333, '00:24']
[8, 0.5060251355171204, 0.4874565899372101, 0.9826877117156982, 0.17525066435337067, 1.3630913496017456, 0.920286238193512, '00:25']
Better model found at epoch 8 with valid_loss value: 0.4874565899372101.
[9, 0.5027467012405396, 0.4900079667568207, 0.9827805757522583, 0.1744401901960373, 1.2723134756088257, 0.9251676797866821, '00:24']
[10, 0.4984356760978699, 0.4913731515407562, 0.9826827645301819, 0.1756848841905594, 1.367095708847046, 0.9297307729721069, '00:23']
[11, 0.4987209737300873, 0.4768720269203186, 0.9826453924179077, 0.1745893657207489, 1.3015128374099731, 0.8918247222900391, '00:23']
Better model found at epoch 11 with valid_loss value: 0.4768720269203186.
[12, 0.49472129344940186, 0.49956217408180237, 0.9823434948921204, 0.18021996319293976, 1.600163221359253, 0.9166781306266785, '00:24']
[13, 0.5029979348182678, 0.4968087673187256, 0.9826065301895142, 0.17710256576538086, 1.4957571029663086, 0.9389472603797913, '00:25']
[14, 0.4995749890804291, 0.484681099653244, 0.9824730753898621, 0.1777222752571106, 1.5523433685302734, 0.9046505093574524, '00:24']
[15, 0.4933631122112274, 0.5208002328872681, 0.9822173118591309, 0.18789668381214142, 1.7706868648529053, 0.9107266664505005, '00:23']
[16, 0.4865301251411438, 0.48757779598236084, 0.9826104640960693, 0.1753014773130417, 1.3406577110290527, 0.9153143763542175, '00:25']
[17, 0.4871750473976135, 0.48079657554626465, 0.9825886487960815, 0.17553213238716125, 1.3935906887054443, 0.8998590707778931, '00:24']
[18, 0.4868648946285248, 0.5013059973716736, 0.9828414916992188, 0.17360779643058777, 1.0870280265808105, 0.9280495643615723, '00:26']
[19, 0.4904365539550781, 0.4766995906829834, 0.9825829863548279, 0.17512251436710358, 1.3600873947143555, 0.8955885767936707, '00:24']
Better model found at epoch 19 with valid_loss value: 0.4766995906829834.
[20, 0.49088209867477417, 0.48001396656036377, 0.9823603630065918, 0.17870835959911346, 1.6101170778274536, 0.8807911276817322, '00:25']
[21, 0.48040467500686646, 0.4819250702857971, 0.9826721549034119, 0.17424122989177704, 1.2673015594482422, 0.8862505555152893, '00:23']
[22, 0.4821602702140808, 0.46816614270210266, 0.9825639128684998, 0.17497120797634125, 1.3129550218582153, 0.8842841386795044, '00:23']
Better model found at epoch 22 with valid_loss value: 0.46816614270210266.
[23, 0.4850305914878845, 0.4921446144580841, 0.98269122838974, 0.1743442714214325, 1.2357417345046997, 0.9217591881752014, '00:23']
[24, 0.48873552680015564, 0.4941011667251587, 0.9822796583175659, 0.18178606033325195, 1.6799705028533936, 0.8910624980926514, '00:23']
[25, 0.48461443185806274, 0.4756781756877899, 0.9825093150138855, 0.17528136074543, 1.409185767173767, 0.887357234954834, '00:23']
[26, 0.4859663248062134, 0.5241491794586182, 0.982112467288971, 0.1913153976202011, 1.791947603225708, 0.9083678722381592, '00:24']
[27, 0.474335640668869, 0.4672902822494507, 0.9825922250747681, 0.17464762926101685, 1.3127549886703491, 0.8720123171806335, '00:24']
Better model found at epoch 27 with valid_loss value: 0.4672902822494507.
[28, 0.47489067912101746, 0.4714915454387665, 0.9826361536979675, 0.1741248518228531, 1.1843852996826172, 0.8807532787322998, '00:23']
[29, 0.4844978451728821, 0.4846433699131012, 0.9825308322906494, 0.1768604964017868, 1.5230226516723633, 0.8963097929954529, '00:24']
[30, 0.48810720443725586, 0.4700855016708374, 0.982414186000824, 0.1765950620174408, 1.5269969701766968, 0.8672977685928345, '00:24']
[31, 0.48436102271080017, 0.49286457896232605, 0.9826573729515076, 0.17593994736671448, 1.469925045967102, 0.9100949168205261, '00:23']
[32, 0.4771628975868225, 0.47419628500938416, 0.9824714660644531, 0.17516762018203735, 1.3559163808822632, 0.8805626034736633, '00:23']
[33, 0.47085028886795044, 0.4630108177661896, 0.982479453086853, 0.17544780671596527, 1.3947023153305054, 0.8617270588874817, '00:23']
Better model found at epoch 33 with valid_loss value: 0.4630108177661896.
[34, 0.47233447432518005, 0.45833820104599, 0.9823618531227112, 0.17566180229187012, 1.4370919466018677, 0.8492315411567688, '00:23']
Better model found at epoch 34 with valid_loss value: 0.45833820104599.
[35, 0.47353997826576233, 0.4745417833328247, 0.9826143383979797, 0.17443706095218658, 1.3009006977081299, 0.8807566165924072, '00:24']
[36, 0.4859877824783325, 0.47692498564720154, 0.9826247692108154, 0.1741655468940735, 1.2263109683990479, 0.8905801177024841, '00:25']
[37, 0.4781765639781952, 0.4653112292289734, 0.9825025200843811, 0.17540942132472992, 1.4293736219406128, 0.8665790557861328, '00:24']
[38, 0.4809635281562805, 0.45925605297088623, 0.9823744297027588, 0.17574818432331085, 1.454340934753418, 0.8525595664978027, '00:24']
[39, 0.47603562474250793, 0.4784337878227234, 0.9823502898216248, 0.1782170534133911, 1.602903962135315, 0.8783513307571411, '00:24']
[40, 0.47391507029533386, 0.4605323374271393, 0.9822977781295776, 0.17637641727924347, 1.5050305128097534, 0.852753758430481, '00:23']
[41, 0.47180092334747314, 0.4583193063735962, 0.9824125170707703, 0.17609913647174835, 1.4914062023162842, 0.8431551456451416, '00:24']
Better model found at epoch 41 with valid_loss value: 0.4583193063735962.
[42, 0.46218329668045044, 0.4782199263572693, 0.9823427796363831, 0.17702625691890717, 1.5251133441925049, 0.8861445784568787, '00:23']
[43, 0.4758102297782898, 0.4719156324863434, 0.982234537601471, 0.17828567326068878, 1.5757801532745361, 0.8663361072540283, '00:23']
[44, 0.4641721844673157, 0.4505104720592499, 0.9821458458900452, 0.1766994148492813, 1.5146392583847046, 0.8276669383049011, '00:23']
Better model found at epoch 44 with valid_loss value: 0.4505104720592499.
[45, 0.4645158648490906, 0.45580559968948364, 0.9824413061141968, 0.17448775470256805, 1.3230443000793457, 0.8393099904060364, '00:23']
[46, 0.47359272837638855, 0.4667418301105499, 0.9821363091468811, 0.17870649695396423, 1.6023637056350708, 0.8522002696990967, '00:24']
[47, 0.47023263573646545, 0.4807470738887787, 0.9826878905296326, 0.17401844263076782, 1.236956000328064, 0.8913463950157166, '00:24']
[48, 0.4709673821926117, 0.45760342478752136, 0.9824588298797607, 0.1751195192337036, 1.4044760465621948, 0.8487997055053711, '00:24']
[49, 0.47106730937957764, 0.4633074104785919, 0.9823347330093384, 0.17613935470581055, 1.4434815645217896, 0.8683526515960693, '00:25']
[50, 0.46998199820518494, 0.4564487040042877, 0.9822970628738403, 0.17583300173282623, 1.4263591766357422, 0.8464154601097107, '00:26']
[51, 0.4738858640193939, 0.4617283344268799, 0.9822942018508911, 0.17790760099887848, 1.575394868850708, 0.8476374745368958, '00:25']
[52, 0.47431981563568115, 0.47473084926605225, 0.9826207160949707, 0.17424771189689636, 1.2623875141143799, 0.8867062926292419, '00:24']
No improvement since epoch 44: early stopping
----------
4
----------
DLS create!
[0, 0.5505455732345581, 0.5249333381652832, 0.9922299385070801, 0.17422933876514435, 1.028008222579956, 0.9993162155151367, '00:24']
Better model found at epoch 0 with valid_loss value: 0.5249333381652832.
[1, 0.5307691693305969, 0.517102837562561, 0.9922062158584595, 0.17535337805747986, 1.0694050788879395, 0.9925907254219055, '00:25']
Better model found at epoch 1 with valid_loss value: 0.517102837562561.
[2, 0.5257052779197693, 0.5114737153053284, 0.9921547174453735, 0.17610353231430054, 1.2335318326950073, 0.9799978137016296, '00:24']
Better model found at epoch 2 with valid_loss value: 0.5114737153053284.
[3, 0.5190926790237427, 0.5050233006477356, 0.9921055436134338, 0.17592863738536835, 1.2618542909622192, 0.9677766561508179, '00:23']
Better model found at epoch 3 with valid_loss value: 0.5050233006477356.
[4, 0.5151935815811157, 0.4972255229949951, 0.9920712113380432, 0.17450016736984253, 1.2494592666625977, 0.9346376657485962, '00:23']
Better model found at epoch 4 with valid_loss value: 0.4972255229949951.
[5, 0.513358473777771, 0.5123777985572815, 0.9916301369667053, 0.18626777827739716, 1.713068962097168, 0.922212541103363, '00:23']
[6, 0.5092074275016785, 0.5206729173660278, 0.9922122359275818, 0.17423374950885773, 1.052608847618103, 0.9931873679161072, '00:23']
[7, 0.5063729882240295, 0.49180975556373596, 0.9919412732124329, 0.17560014128684998, 1.370424747467041, 0.9227700233459473, '00:24']
Better model found at epoch 7 with valid_loss value: 0.49180975556373596.
[8, 0.5057843327522278, 0.4982786476612091, 0.9920700788497925, 0.1749860793352127, 1.2592051029205322, 0.9474772214889526, '00:24']
[9, 0.49965518712997437, 0.4963182806968689, 0.9920938611030579, 0.17414774000644684, 1.1941123008728027, 0.931890606880188, '00:24']
[10, 0.5035537481307983, 0.5027205944061279, 0.9921293258666992, 0.17407383024692535, 1.120348334312439, 0.9555525779724121, '00:23']
[11, 0.5019859075546265, 0.4862193763256073, 0.9917284250259399, 0.17945052683353424, 1.5568323135375977, 0.9078747630119324, '00:24']
Better model found at epoch 11 with valid_loss value: 0.4862193763256073.
[12, 0.5041273832321167, 0.4796469211578369, 0.9917986392974854, 0.17714926600456238, 1.47969388961792, 0.9001582264900208, '00:24']
Better model found at epoch 12 with valid_loss value: 0.4796469211578369.
[13, 0.4997982680797577, 0.47531044483184814, 0.9915688037872314, 0.17976590991020203, 1.5972260236740112, 0.8779771327972412, '00:23']
Better model found at epoch 13 with valid_loss value: 0.47531044483184814.
[14, 0.4962700605392456, 0.5693467259407043, 0.9914265871047974, 0.20705966651439667, 1.8532509803771973, 0.9289337396621704, '00:23']
[15, 0.4930836856365204, 0.4784473478794098, 0.9918569326400757, 0.17574694752693176, 1.3943811655044556, 0.8953106999397278, '00:24']
[16, 0.4965200126171112, 0.4789796769618988, 0.9918473958969116, 0.17605049908161163, 1.3607882261276245, 0.909981369972229, '00:23']
[17, 0.4930298626422882, 0.5220800638198853, 0.9917809367179871, 0.18179574608802795, 1.6700916290283203, 0.9299173355102539, '00:24']
[18, 0.4921099841594696, 0.4828230142593384, 0.9919131398200989, 0.17549481987953186, 1.3341495990753174, 0.9120524525642395, '00:24']
[19, 0.492618203163147, 0.49320676922798157, 0.9920247197151184, 0.17400307953357697, 1.1556472778320312, 0.9185124039649963, '00:26']
[20, 0.4857826232910156, 0.4886407256126404, 0.9917157888412476, 0.17827638983726501, 1.5572357177734375, 0.8962107300758362, '00:25']
[21, 0.4907928705215454, 0.5044302940368652, 0.9921069741249084, 0.1749175786972046, 1.24752938747406, 0.9636968374252319, '00:25']
No improvement since epoch 13: early stopping
FPN Done!
