Models will save to FPN_xcep_x
Use xception encoder
Start training...
----------
0
----------
DLS create!
[0, 0.5604314208030701, 0.5230686664581299, 0.990175187587738, 0.1749822050333023, 1.092082142829895, 0.9860427379608154, '00:18']
Better model found at epoch 0 with valid_loss value: 0.5230686664581299.
[1, 0.5286554098129272, 0.519504189491272, 0.9895285367965698, 0.18766416609287262, 1.6985583305358887, 0.9248244166374207, '00:17']
Better model found at epoch 1 with valid_loss value: 0.519504189491272.
[2, 0.522885262966156, 0.49518027901649475, 0.9895387291908264, 0.1821182668209076, 1.5633554458618164, 0.9129149317741394, '00:17']
Better model found at epoch 2 with valid_loss value: 0.49518027901649475.
[3, 0.5154656171798706, 0.4929537773132324, 0.9896015524864197, 0.18036220967769623, 1.5622859001159668, 0.908810555934906, '00:18']
Better model found at epoch 3 with valid_loss value: 0.4929537773132324.
[4, 0.5100953578948975, 0.5140846371650696, 0.9897481203079224, 0.1824359893798828, 1.5882568359375, 0.9373064637184143, '00:19']
[5, 0.5068165063858032, 0.4888814389705658, 0.9897583723068237, 0.1771811842918396, 1.4040688276290894, 0.914190411567688, '00:20']
Better model found at epoch 5 with valid_loss value: 0.4888814389705658.
[6, 0.5014564990997314, 0.498993456363678, 0.9899498820304871, 0.17491841316223145, 1.2639533281326294, 0.9301099181175232, '00:20']
[7, 0.4998348355293274, 0.48854297399520874, 0.9898630976676941, 0.17569780349731445, 1.3154524564743042, 0.9186275601387024, '00:20']
Better model found at epoch 7 with valid_loss value: 0.48854297399520874.
[8, 0.4928146004676819, 0.5050886869430542, 0.9899320602416992, 0.1772429645061493, 1.4287779331207275, 0.9460042119026184, '00:20']
[9, 0.4996209740638733, 0.49855107069015503, 0.9899191856384277, 0.17553941905498505, 1.2841755151748657, 0.9324195981025696, '00:22']
[10, 0.4939284026622772, 0.5413318276405334, 0.990219235420227, 0.17333298921585083, 1.012357234954834, 0.9826942682266235, '00:22']
[11, 0.5080111026763916, 0.4927715063095093, 0.9899167418479919, 0.17585183680057526, 1.3095121383666992, 0.9328253865242004, '00:23']
[12, 0.5035154223442078, 0.48223355412483215, 0.9897865056991577, 0.17601194977760315, 1.3505991697311401, 0.904850959777832, '00:22']
Better model found at epoch 12 with valid_loss value: 0.48223355412483215.
[13, 0.49665114283561707, 0.5041550993919373, 0.989805281162262, 0.1791500449180603, 1.5123565196990967, 0.9334051609039307, '00:21']
[14, 0.4928029775619507, 0.49134349822998047, 0.9897996187210083, 0.17618365585803986, 1.3965165615081787, 0.9061057567596436, '00:21']
[15, 0.49197113513946533, 0.49222737550735474, 0.98932945728302, 0.18208889663219452, 1.6442042589187622, 0.8755010962486267, '00:21']
[16, 0.4945390224456787, 0.474261075258255, 0.9896429181098938, 0.17682383954524994, 1.4299159049987793, 0.8851909637451172, '00:21']
Better model found at epoch 16 with valid_loss value: 0.474261075258255.
[17, 0.4883159101009369, 0.4778726398944855, 0.9897611141204834, 0.17563554644584656, 1.3568183183670044, 0.8869471549987793, '00:21']
[18, 0.4863189160823822, 0.491230309009552, 0.9897362589836121, 0.17736412584781647, 1.4548841714859009, 0.9065068960189819, '00:20']
[19, 0.493115097284317, 0.4900272488594055, 0.9899319410324097, 0.17441663146018982, 1.2216042280197144, 0.9084762930870056, '00:20']
[20, 0.491372674703598, 0.48505160212516785, 0.9891871809959412, 0.18311303853988647, 1.6514664888381958, 0.8624728322029114, '00:20']
[21, 0.4888468384742737, 0.4745481014251709, 0.9896312355995178, 0.1769336611032486, 1.439806342124939, 0.8820867538452148, '00:19']
[22, 0.4992032051086426, 0.5012348294258118, 0.9900529980659485, 0.17389678955078125, 1.1046791076660156, 0.9343157410621643, '00:17']
[23, 0.4837452173233032, 0.4895020127296448, 0.9894950985908508, 0.1802542358636856, 1.5882574319839478, 0.88909912109375, '00:19']
[24, 0.4852290451526642, 0.48006829619407654, 0.9896875619888306, 0.17702460289001465, 1.4396859407424927, 0.8972740769386292, '00:19']
No improvement since epoch 16: early stopping
----------
1
----------
DLS create!
[0, 0.5305333137512207, 0.5231889486312866, 0.9909286499023438, 0.17577634751796722, 1.1055303812026978, 0.9877774715423584, '00:19']
Better model found at epoch 0 with valid_loss value: 0.5231889486312866.
[1, 0.5161029100418091, 0.5181267857551575, 0.9907169938087463, 0.17928969860076904, 1.563585638999939, 0.9538347721099854, '00:19']
Better model found at epoch 1 with valid_loss value: 0.5181267857551575.
[2, 0.5079041123390198, 0.5324970483779907, 0.9909292459487915, 0.17655980587005615, 1.4468464851379395, 0.9874090552330017, '00:19']
[3, 0.5076872110366821, 0.4874604046344757, 0.99053955078125, 0.17586703598499298, 1.429149866104126, 0.9079084992408752, '00:20']
Better model found at epoch 3 with valid_loss value: 0.4874604046344757.
[4, 0.5103204846382141, 0.5258762836456299, 0.9905440211296082, 0.1887023001909256, 1.698580026626587, 0.9487577080726624, '00:19']
[5, 0.5051348805427551, 0.4868720471858978, 0.9905939102172852, 0.1758704036474228, 1.3811709880828857, 0.9184718132019043, '00:19']
Better model found at epoch 5 with valid_loss value: 0.4868720471858978.
[6, 0.5009363293647766, 0.5020033717155457, 0.9904176592826843, 0.18277134001255035, 1.6419107913970947, 0.9231546521186829, '00:19']
[7, 0.4977776110172272, 0.4818735122680664, 0.9903920292854309, 0.17688427865505219, 1.4768716096878052, 0.9060484766960144, '00:18']
Better model found at epoch 7 with valid_loss value: 0.4818735122680664.
[8, 0.49656206369400024, 0.47796759009361267, 0.9904376268386841, 0.17605732381343842, 1.4402152299880981, 0.8978764414787292, '00:19']
Better model found at epoch 8 with valid_loss value: 0.47796759009361267.
[9, 0.4938952922821045, 0.47200343012809753, 0.9903746843338013, 0.17603889107704163, 1.432113766670227, 0.880491316318512, '00:21']
Better model found at epoch 9 with valid_loss value: 0.47200343012809753.
[10, 0.4934520125389099, 0.47898709774017334, 0.9905136823654175, 0.17542070150375366, 1.3730894327163696, 0.8937423825263977, '00:22']
[11, 0.49575042724609375, 0.4828353226184845, 0.9904319643974304, 0.17607471346855164, 1.4319967031478882, 0.9056296348571777, '00:22']
[12, 0.49327680468559265, 0.4672834277153015, 0.9903030395507812, 0.17609979212284088, 1.433546781539917, 0.8729788064956665, '00:23']
Better model found at epoch 12 with valid_loss value: 0.4672834277153015.
[13, 0.49894246459007263, 0.48319682478904724, 0.9905337691307068, 0.1749517172574997, 1.3228089809417725, 0.9076266884803772, '00:19']
[14, 0.49325206875801086, 0.47875526547431946, 0.990237295627594, 0.17786024510860443, 1.5592429637908936, 0.8835834860801697, '00:19']
[15, 0.49549129605293274, 0.47913262248039246, 0.990364134311676, 0.17656050622463226, 1.4346754550933838, 0.8976442217826843, '00:19']
[16, 0.49489590525627136, 0.4761291742324829, 0.990384042263031, 0.17590825259685516, 1.4168273210525513, 0.8915550708770752, '00:20']
[17, 0.4928145408630371, 0.47326019406318665, 0.9904802441596985, 0.17449288070201874, 1.2703856229782104, 0.8879355192184448, '00:19']
[18, 0.49534767866134644, 0.47153741121292114, 0.9903757572174072, 0.17680254578590393, 1.4711740016937256, 0.8797014355659485, '00:19']
[19, 0.4915010929107666, 0.47504866123199463, 0.9901407361030579, 0.17984120547771454, 1.6166502237319946, 0.8654592037200928, '00:19']
[20, 0.48752620816230774, 0.46511006355285645, 0.9901856184005737, 0.17689530551433563, 1.4796303510665894, 0.8661366105079651, '00:23']
Better model found at epoch 20 with valid_loss value: 0.46511006355285645.
[21, 0.4830993115901947, 0.46140897274017334, 0.9901324510574341, 0.1777818650007248, 1.5247201919555664, 0.8555156588554382, '00:22']
Better model found at epoch 21 with valid_loss value: 0.46140897274017334.
[22, 0.48366406559944153, 0.45632022619247437, 0.9902178049087524, 0.1759115308523178, 1.445166826248169, 0.8498015403747559, '00:21']
Better model found at epoch 22 with valid_loss value: 0.45632022619247437.
[23, 0.478832870721817, 0.47452259063720703, 0.9904616475105286, 0.17528823018074036, 1.3842735290527344, 0.8857206702232361, '00:21']
[24, 0.47805488109588623, 0.48338183760643005, 0.9905344247817993, 0.17486554384231567, 1.31593918800354, 0.9055162072181702, '00:21']
[25, 0.48168110847473145, 0.4690242409706116, 0.9902538061141968, 0.17735375463962555, 1.5274107456207275, 0.8588927388191223, '00:20']
[26, 0.4844978153705597, 0.4685085713863373, 0.9903225302696228, 0.176608145236969, 1.4767518043518066, 0.8736746311187744, '00:21']
[27, 0.4723651707172394, 0.4771750867366791, 0.9904797077178955, 0.17426449060440063, 1.2559276819229126, 0.8749740719795227, '00:19']
[28, 0.47283661365509033, 0.4581356942653656, 0.9903219938278198, 0.17543117702007294, 1.3903069496154785, 0.8485476970672607, '00:19']
[29, 0.4748229384422302, 0.45562106370925903, 0.9902704954147339, 0.17572514712810516, 1.4268051385879517, 0.8388753533363342, '00:21']
Better model found at epoch 29 with valid_loss value: 0.45562106370925903.
[30, 0.47500601410865784, 0.46091482043266296, 0.9903057813644409, 0.17584355175495148, 1.4090313911437988, 0.8590120673179626, '00:21']
[31, 0.46335238218307495, 0.466256320476532, 0.9904249906539917, 0.17529171705245972, 1.387634515762329, 0.862605094909668, '00:20']
[32, 0.47171857953071594, 0.4672301709651947, 0.9902480244636536, 0.17635352909564972, 1.4571459293365479, 0.8678897619247437, '00:20']
[33, 0.4762269854545593, 0.48221275210380554, 0.9905043840408325, 0.1756386011838913, 1.3863604068756104, 0.899653971195221, '00:20']
[34, 0.48488733172416687, 0.4741522967815399, 0.9898035526275635, 0.18270649015903473, 1.6886470317840576, 0.8369553089141846, '00:20']
[35, 0.4815726578235626, 0.4506956934928894, 0.9903071522712708, 0.17484615743160248, 1.310927391052246, 0.8471378087997437, '00:20']
Better model found at epoch 35 with valid_loss value: 0.4506956934928894.
[36, 0.47330546379089355, 0.4583454430103302, 0.9903628826141357, 0.17499083280563354, 1.3461703062057495, 0.854492723941803, '00:20']
[37, 0.4661618769168854, 0.490001380443573, 0.9898660778999329, 0.18459858000278473, 1.7227927446365356, 0.8515647649765015, '00:19']
[38, 0.4677034616470337, 0.5042511224746704, 0.9897087216377258, 0.1887052357196808, 1.7676807641983032, 0.8534661531448364, '00:20']
[39, 0.4677044749259949, 0.4683316946029663, 0.9904510974884033, 0.17467869818210602, 1.2878899574279785, 0.8601035475730896, '00:20']
[40, 0.4708594083786011, 0.47749263048171997, 0.989766001701355, 0.1832023411989212, 1.699460506439209, 0.8386551141738892, '00:21']
[41, 0.4742031395435333, 0.46098393201828003, 0.9903383851051331, 0.1743590086698532, 1.280373454093933, 0.8466885089874268, '00:20']
[42, 0.46615976095199585, 0.4489065706729889, 0.9900558590888977, 0.1766955703496933, 1.5070322751998901, 0.8285048007965088, '00:21']
Better model found at epoch 42 with valid_loss value: 0.4489065706729889.
[43, 0.4680393934249878, 0.4513065814971924, 0.9902251362800598, 0.17599914968013763, 1.4597399234771729, 0.8317430019378662, '00:19']
[44, 0.46608489751815796, 0.4819831848144531, 0.9898910522460938, 0.18324758112430573, 1.698172688484192, 0.8493877649307251, '00:19']
[45, 0.4668915569782257, 0.45135223865509033, 0.9902645349502563, 0.17486737668514252, 1.3117073774337769, 0.8366450071334839, '00:20']
[46, 0.4758318066596985, 0.45065173506736755, 0.990144670009613, 0.17630670964717865, 1.4881192445755005, 0.8264052867889404, '00:20']
[47, 0.4739196002483368, 0.4836896061897278, 0.9899522662162781, 0.18267448246479034, 1.6930662393569946, 0.8510118126869202, '00:21']
[48, 0.4739942252635956, 0.4653238356113434, 0.9903244376182556, 0.17625294625759125, 1.451509952545166, 0.8636057376861572, '00:20']
[49, 0.4611610472202301, 0.4689132273197174, 0.9901542067527771, 0.17878514528274536, 1.5933117866516113, 0.8550534844398499, '00:21']
[50, 0.465503454208374, 0.44518184661865234, 0.9902015924453735, 0.1758691817522049, 1.4447883367538452, 0.824536919593811, '00:21']
Better model found at epoch 50 with valid_loss value: 0.44518184661865234.
[51, 0.4662087559700012, 0.44443193078041077, 0.9902907609939575, 0.1747470647096634, 1.3316482305526733, 0.8247427940368652, '00:22']
Better model found at epoch 51 with valid_loss value: 0.44443193078041077.
[52, 0.45947152376174927, 0.47107264399528503, 0.9899957180023193, 0.17999368906021118, 1.6358267068862915, 0.8380962610244751, '00:22']
[53, 0.45915818214416504, 0.45706799626350403, 0.9902687668800354, 0.17529647052288055, 1.3975701332092285, 0.8467016816139221, '00:21']
[54, 0.45789071917533875, 0.47668933868408203, 0.9905315637588501, 0.1740632951259613, 1.2237502336502075, 0.8687514066696167, '00:19']
[55, 0.46042513847351074, 0.48154786229133606, 0.9899768829345703, 0.18267755210399628, 1.6793755292892456, 0.8519307374954224, '00:19']
[56, 0.4573197364807129, 0.45170167088508606, 0.9900094866752625, 0.17814522981643677, 1.5739625692367554, 0.8163495063781738, '00:21']
[57, 0.45975327491760254, 0.44031330943107605, 0.9901997447013855, 0.174848273396492, 1.3585050106048584, 0.8110880255699158, '00:20']
Better model found at epoch 57 with valid_loss value: 0.44031330943107605.
[58, 0.4554402828216553, 0.44843101501464844, 0.9902265071868896, 0.17487171292304993, 1.3617180585861206, 0.8279683589935303, '00:21']
[59, 0.45645689964294434, 0.43947306275367737, 0.9901054501533508, 0.17580105364322662, 1.4320110082626343, 0.8082476854324341, '00:21']
Better model found at epoch 59 with valid_loss value: 0.43947306275367737.
[60, 0.45952048897743225, 0.46127304434776306, 0.9904674291610718, 0.17377133667469025, 1.1388555765151978, 0.8423741459846497, '00:20']
[61, 0.4596753418445587, 0.47160467505455017, 0.9906045198440552, 0.17365781962871552, 1.1382848024368286, 0.8542913794517517, '00:21']
[62, 0.45790573954582214, 0.4397798776626587, 0.9899697303771973, 0.1772766411304474, 1.525520920753479, 0.8052853941917419, '00:21']
[63, 0.4573444128036499, 0.43514323234558105, 0.990157961845398, 0.17541201412677765, 1.427544355392456, 0.7954752445220947, '00:19']
Better model found at epoch 63 with valid_loss value: 0.43514323234558105.
[64, 0.4548814296722412, 0.4521557688713074, 0.9902107119560242, 0.17598092555999756, 1.4489010572433472, 0.8333818912506104, '00:22']
[65, 0.4626895785331726, 0.44847825169563293, 0.9899696111679077, 0.17806915938854218, 1.5687658786773682, 0.8083761930465698, '00:21']
[66, 0.45465004444122314, 0.44390109181404114, 0.9901782870292664, 0.1756051778793335, 1.4267072677612305, 0.8134006857872009, '00:20']
[67, 0.4509067237377167, 0.4566386938095093, 0.9902782440185547, 0.17532223463058472, 1.390221118927002, 0.8416787385940552, '00:21']
[68, 0.4554295539855957, 0.4332161843776703, 0.9901184439659119, 0.1755933165550232, 1.4446109533309937, 0.7903114557266235, '00:20']
Better model found at epoch 68 with valid_loss value: 0.4332161843776703.
[69, 0.44717326760292053, 0.4317448139190674, 0.9900608658790588, 0.17563365399837494, 1.4338752031326294, 0.7853019833564758, '00:20']
Better model found at epoch 69 with valid_loss value: 0.4317448139190674.
[70, 0.45317116379737854, 0.4413331151008606, 0.9901503324508667, 0.1754649579524994, 1.427877426147461, 0.815132737159729, '00:20']
[71, 0.45178723335266113, 0.4321010112762451, 0.9901397228240967, 0.17539538443088531, 1.4170247316360474, 0.7974163293838501, '00:20']
[72, 0.4508887231349945, 0.4428764581680298, 0.9902197122573853, 0.1748240739107132, 1.3324025869369507, 0.8142251372337341, '00:23']
[73, 0.4420004189014435, 0.4348320960998535, 0.9900822639465332, 0.1754618138074875, 1.4370739459991455, 0.7877437472343445, '00:23']
[74, 0.4484027624130249, 0.4392685890197754, 0.9899541139602661, 0.17712043225765228, 1.532518982887268, 0.8017414212226868, '00:19']
[75, 0.4518139362335205, 0.4247898757457733, 0.9900062084197998, 0.1755509078502655, 1.4380666017532349, 0.782096266746521, '00:20']
Better model found at epoch 75 with valid_loss value: 0.4247898757457733.
[76, 0.45324409008026123, 0.43341484665870667, 0.9900004267692566, 0.1762828826904297, 1.4794816970825195, 0.7925817370414734, '00:20']
[77, 0.4515467584133148, 0.4375808835029602, 0.9898489117622375, 0.17783498764038086, 1.5691261291503906, 0.794252336025238, '00:21']
[78, 0.4501694440841675, 0.42708879709243774, 0.9901251196861267, 0.17517802119255066, 1.3874850273132324, 0.7884508371353149, '00:19']
[79, 0.45215004682540894, 0.4481959044933319, 0.9899356365203857, 0.17815706133842468, 1.5855604410171509, 0.7991626262664795, '00:20']
[80, 0.44848552346229553, 0.429248571395874, 0.9901853203773499, 0.17474332451820374, 1.32718026638031, 0.7910178303718567, '00:21']
[81, 0.44410043954849243, 0.4368050694465637, 0.990263044834137, 0.17425282299518585, 1.2333145141601562, 0.7985741496086121, '00:19']
[82, 0.4435650110244751, 0.45405980944633484, 0.9898108243942261, 0.17975451052188873, 1.6330958604812622, 0.8012904524803162, '00:21']
[83, 0.4456455409526825, 0.4460532069206238, 0.9901595115661621, 0.17603692412376404, 1.4587011337280273, 0.8157543540000916, '00:21']
No improvement since epoch 75: early stopping
----------
2
----------
DLS create!
[0, 0.5339258909225464, 0.5178003907203674, 0.9818307757377625, 0.17413397133350372, 1.1012324094772339, 0.9714406132698059, '00:21']
Better model found at epoch 0 with valid_loss value: 0.5178003907203674.
[1, 0.5178714990615845, 0.48780709505081177, 0.9814246296882629, 0.17683608829975128, 1.384650468826294, 0.9181482791900635, '00:19']
Better model found at epoch 1 with valid_loss value: 0.48780709505081177.
[2, 0.5046103596687317, 0.48168042302131653, 0.981254518032074, 0.1777789443731308, 1.5135118961334229, 0.8922275900840759, '00:20']
Better model found at epoch 2 with valid_loss value: 0.48168042302131653.
[3, 0.49836280941963196, 0.5222069621086121, 0.9817661643028259, 0.17610397934913635, 1.3776031732559204, 0.9654633402824402, '00:21']
[4, 0.5053137540817261, 0.5120375156402588, 0.9817824959754944, 0.1743241846561432, 1.1749662160873413, 0.9585144519805908, '00:22']
[5, 0.5011034607887268, 0.49149489402770996, 0.981621265411377, 0.17463891208171844, 1.2492460012435913, 0.9222680330276489, '00:20']
[6, 0.5010946393013, 0.48277273774147034, 0.9815903902053833, 0.1746630072593689, 1.2548232078552246, 0.9048643112182617, '00:19']
[7, 0.5019286870956421, 0.4717404842376709, 0.9812843799591064, 0.1766209453344345, 1.4362586736679077, 0.8816194534301758, '00:22']
Better model found at epoch 7 with valid_loss value: 0.4717404842376709.
[8, 0.5020847916603088, 0.4757559299468994, 0.9811225533485413, 0.17917944490909576, 1.5672273635864258, 0.8795844316482544, '00:19']
[9, 0.49982723593711853, 0.47712066769599915, 0.9812673330307007, 0.17814598977565765, 1.4885278940200806, 0.8943182826042175, '00:21']
[10, 0.5018302202224731, 0.4786545932292938, 0.981447160243988, 0.1755538284778595, 1.3027292490005493, 0.9038074016571045, '00:19']
[11, 0.49730029702186584, 0.4701307713985443, 0.9814885854721069, 0.17454637587070465, 1.2265971899032593, 0.8861467242240906, '00:21']
Better model found at epoch 11 with valid_loss value: 0.4701307713985443.
[12, 0.49230483174324036, 0.4639568626880646, 0.9811943173408508, 0.17671188712120056, 1.4452279806137085, 0.8678263425827026, '00:20']
Better model found at epoch 12 with valid_loss value: 0.4639568626880646.
[13, 0.48996439576148987, 0.48113226890563965, 0.9813876748085022, 0.17704670131206512, 1.469663143157959, 0.9002820253372192, '00:18']
[14, 0.4943646490573883, 0.5088161826133728, 0.9817711114883423, 0.1741202473640442, 1.1680450439453125, 0.9478269219398499, '00:18']
[15, 0.49276840686798096, 0.4688130021095276, 0.9811453819274902, 0.1776573657989502, 1.4952141046524048, 0.8721768260002136, '00:18']
[16, 0.49143338203430176, 0.4710897207260132, 0.9811307787895203, 0.1781744509935379, 1.5127482414245605, 0.878731369972229, '00:18']
[17, 0.4831021726131439, 0.4815339744091034, 0.9815573692321777, 0.17426054179668427, 1.2000510692596436, 0.8967655301094055, '00:19']
[18, 0.48664742708206177, 0.45908746123313904, 0.9811858534812927, 0.1763772815465927, 1.4344830513000488, 0.8592902421951294, '00:18']
Better model found at epoch 18 with valid_loss value: 0.45908746123313904.
[19, 0.49069395661354065, 0.471800297498703, 0.9814485311508179, 0.1745774894952774, 1.2075546979904175, 0.8913767337799072, '00:18']
[20, 0.4845227301120758, 0.45669323205947876, 0.981166422367096, 0.17611849308013916, 1.4121745824813843, 0.8584326505661011, '00:18']
Better model found at epoch 20 with valid_loss value: 0.45669323205947876.
[21, 0.4870801866054535, 0.4549141824245453, 0.9811249375343323, 0.17654620110988617, 1.4355010986328125, 0.8540611863136292, '00:18']
Better model found at epoch 21 with valid_loss value: 0.4549141824245453.
[22, 0.481832891702652, 0.48013484477996826, 0.9814654588699341, 0.17497371137142181, 1.2573285102844238, 0.8987941741943359, '00:18']
[23, 0.4870349168777466, 0.46382781863212585, 0.9811924695968628, 0.17693093419075012, 1.4709728956222534, 0.8593111038208008, '00:18']
[24, 0.4841090738773346, 0.45764023065567017, 0.9812015295028687, 0.17557071149349213, 1.374716877937317, 0.8553081154823303, '00:18']
[25, 0.47753578424453735, 0.455699622631073, 0.9812313914299011, 0.17575743794441223, 1.3824222087860107, 0.8491344451904297, '00:18']
[26, 0.47623321413993835, 0.45901787281036377, 0.9812307953834534, 0.1758377104997635, 1.3754078149795532, 0.8552326560020447, '00:18']
[27, 0.4740069806575775, 0.4700396656990051, 0.9814947843551636, 0.1739785522222519, 1.168932318687439, 0.871341347694397, '00:18']
[28, 0.4721706509590149, 0.47789105772972107, 0.9808404445648193, 0.18192461133003235, 1.6432315111160278, 0.8569024205207825, '00:18']
[29, 0.4765302836894989, 0.44888806343078613, 0.9811627864837646, 0.17558157444000244, 1.3915760517120361, 0.8385896682739258, '00:18']
Better model found at epoch 29 with valid_loss value: 0.44888806343078613.
[30, 0.47465619444847107, 0.46388867497444153, 0.9814639091491699, 0.17378449440002441, 1.1428430080413818, 0.8433279991149902, '00:18']
[31, 0.48185381293296814, 0.451179563999176, 0.981116771697998, 0.17655979096889496, 1.431381344795227, 0.8471144437789917, '00:18']
[32, 0.48026156425476074, 0.4462246298789978, 0.98115074634552, 0.17580625414848328, 1.3953217267990112, 0.8327718377113342, '00:18']
Better model found at epoch 32 with valid_loss value: 0.4462246298789978.
[33, 0.48243093490600586, 0.4471191167831421, 0.981063723564148, 0.17671886086463928, 1.4568066596984863, 0.8334991931915283, '00:19']
[34, 0.4728892743587494, 0.4531562626361847, 0.9813358783721924, 0.1742909699678421, 1.2330043315887451, 0.8418287634849548, '00:18']
[35, 0.46423935890197754, 0.4687303304672241, 0.9806032776832581, 0.1831219345331192, 1.6782039403915405, 0.8220579624176025, '00:18']
[36, 0.4777110517024994, 0.4644191563129425, 0.9814156293869019, 0.1743096560239792, 1.2047275304794312, 0.8684231638908386, '00:18']
[37, 0.47242864966392517, 0.4512079358100891, 0.980918288230896, 0.17762678861618042, 1.5128474235534668, 0.8299899697303772, '00:18']
[38, 0.4663441479206085, 0.48862332105636597, 0.9816154837608337, 0.1735781580209732, 1.0786974430084229, 0.8766101002693176, '00:18']
[39, 0.45916783809661865, 0.4426653981208801, 0.9812237024307251, 0.17446614801883698, 1.2631651163101196, 0.8190608024597168, '00:18']
Better model found at epoch 39 with valid_loss value: 0.4426653981208801.
[40, 0.4616474211215973, 0.44742122292518616, 0.9811305999755859, 0.17570903897285461, 1.3959401845932007, 0.8271784782409668, '00:18']
[41, 0.4530375301837921, 0.4582825303077698, 0.9807602763175964, 0.1796710193157196, 1.60630202293396, 0.8247655034065247, '00:18']
[42, 0.46824410557746887, 0.44395938515663147, 0.9808550477027893, 0.1780092418193817, 1.5341393947601318, 0.8114088773727417, '00:18']
[43, 0.4582582116127014, 0.47666147351264954, 0.9815477728843689, 0.1736423373222351, 1.092325210571289, 0.8554260730743408, '00:19']
[44, 0.4584697484970093, 0.43647289276123047, 0.9810836911201477, 0.17552629113197327, 1.3971407413482666, 0.8031494617462158, '00:18']
Better model found at epoch 44 with valid_loss value: 0.43647289276123047.
[45, 0.45666930079460144, 0.44434353709220886, 0.9812902212142944, 0.1742493361234665, 1.2133824825286865, 0.8183780908584595, '00:18']
[46, 0.4584120512008667, 0.4448312819004059, 0.9811667203903198, 0.17515188455581665, 1.3419089317321777, 0.8234870433807373, '00:19']
[47, 0.4594055414199829, 0.44646644592285156, 0.9812478423118591, 0.17504285275936127, 1.3467134237289429, 0.8271710872650146, '00:18']
[48, 0.4632043242454529, 0.46864181756973267, 0.9815504550933838, 0.17384524643421173, 1.1486049890518188, 0.8558627963066101, '00:18']
[49, 0.4602479934692383, 0.45016273856163025, 0.9812884330749512, 0.17465607821941376, 1.2768992185592651, 0.8273777961730957, '00:18']
[50, 0.4645192325115204, 0.460523396730423, 0.9806505441665649, 0.18128566443920135, 1.6555850505828857, 0.8188037872314453, '00:18']
[51, 0.4608142077922821, 0.43465274572372437, 0.9808238744735718, 0.17729449272155762, 1.5081521272659302, 0.7960615754127502, '00:19']
Better model found at epoch 51 with valid_loss value: 0.43465274572372437.
[52, 0.46785420179367065, 0.4411795735359192, 0.9812454581260681, 0.1750362366437912, 1.347669243812561, 0.8163372278213501, '00:18']
[53, 0.4582800567150116, 0.43429240584373474, 0.9812738299369812, 0.17428645491600037, 1.2353931665420532, 0.7998045682907104, '00:18']
Better model found at epoch 53 with valid_loss value: 0.43429240584373474.
[54, 0.4497841000556946, 0.4367109537124634, 0.9806951284408569, 0.1784854382276535, 1.5726970434188843, 0.7936426997184753, '00:19']
[55, 0.4496327042579651, 0.4522310495376587, 0.9814190864562988, 0.17400993406772614, 1.1939812898635864, 0.8315101861953735, '00:18']
[56, 0.45543405413627625, 0.44572097063064575, 0.9811879992485046, 0.17548874020576477, 1.3750674724578857, 0.8147295117378235, '00:18']
[57, 0.45639944076538086, 0.43096932768821716, 0.9808003306388855, 0.17698092758655548, 1.4882264137268066, 0.7895047068595886, '00:18']
Better model found at epoch 57 with valid_loss value: 0.43096932768821716.
[58, 0.46044838428497314, 0.4273524582386017, 0.9809971451759338, 0.1755039393901825, 1.3795719146728516, 0.7945830821990967, '00:18']
Better model found at epoch 58 with valid_loss value: 0.4273524582386017.
[59, 0.4500977396965027, 0.46727243065834045, 0.9815490245819092, 0.17378170788288116, 1.1229654550552368, 0.8463246822357178, '00:18']
[60, 0.4448384642601013, 0.45128992199897766, 0.980861246585846, 0.17835715413093567, 1.567801594734192, 0.8130736947059631, '00:19']
[61, 0.45243024826049805, 0.45406296849250793, 0.981415331363678, 0.17384137213230133, 1.152016282081604, 0.825100302696228, '00:18']
[62, 0.46282947063446045, 0.46409717202186584, 0.9815026521682739, 0.1737935096025467, 1.1403197050094604, 0.837186336517334, '00:18']
[63, 0.45997878909111023, 0.47801411151885986, 0.9805732369422913, 0.1840209811925888, 1.7088758945465088, 0.8219801783561707, '00:18']
[64, 0.46215003728866577, 0.4358745813369751, 0.9810439944267273, 0.17598305642604828, 1.4279974699020386, 0.8036727905273438, '00:18']
[65, 0.45975029468536377, 0.4356916844844818, 0.9809686541557312, 0.17612846195697784, 1.4114211797714233, 0.8018693327903748, '00:18']
[66, 0.44706258177757263, 0.432268351316452, 0.9811462759971619, 0.17449916899204254, 1.2747761011123657, 0.797730028629303, '00:18']
No improvement since epoch 58: early stopping
----------
3
----------
DLS create!
[0, 0.5558795928955078, 0.5196427702903748, 0.9929287433624268, 0.17578034102916718, 1.118856430053711, 0.9932883977890015, '00:17']
Better model found at epoch 0 with valid_loss value: 0.5196427702903748.
[1, 0.5290411114692688, 0.5068314671516418, 0.9927713871002197, 0.17864461243152618, 1.34834623336792, 0.9651426076889038, '00:18']
Better model found at epoch 1 with valid_loss value: 0.5068314671516418.
[2, 0.518156111240387, 0.507536768913269, 0.9928739070892334, 0.17444846034049988, 1.1163827180862427, 0.9721577763557434, '00:17']
[3, 0.5060126185417175, 0.5013858675956726, 0.9928140640258789, 0.17437900602817535, 1.1773693561553955, 0.9518294334411621, '00:18']
Better model found at epoch 3 with valid_loss value: 0.5013858675956726.
[4, 0.5145865082740784, 0.49942418932914734, 0.9928157925605774, 0.17460009455680847, 1.2560858726501465, 0.9509047269821167, '00:18']
Better model found at epoch 4 with valid_loss value: 0.49942418932914734.
[5, 0.5100085735321045, 0.48752257227897644, 0.9925272464752197, 0.17838041484355927, 1.5443663597106934, 0.9170876145362854, '00:17']
Better model found at epoch 5 with valid_loss value: 0.48752257227897644.
[6, 0.5062530040740967, 0.4775502383708954, 0.9926169514656067, 0.1755695790052414, 1.3945831060409546, 0.9067602753639221, '00:17']
Better model found at epoch 6 with valid_loss value: 0.4775502383708954.
[7, 0.5018392205238342, 0.4935407340526581, 0.9927232265472412, 0.1754843294620514, 1.3481011390686035, 0.9401466250419617, '00:17']
[8, 0.5047646164894104, 0.4804794192314148, 0.9923737049102783, 0.17930378019809723, 1.5986177921295166, 0.8907356262207031, '00:17']
[9, 0.49884435534477234, 0.48562952876091003, 0.9925907254219055, 0.17666207253932953, 1.4435832500457764, 0.918583869934082, '00:17']
[10, 0.5004445314407349, 0.49005311727523804, 0.992728590965271, 0.17482812702655792, 1.3229448795318604, 0.9270586967468262, '00:17']
[11, 0.5040543079376221, 0.48547762632369995, 0.9925029277801514, 0.1785697638988495, 1.5025490522384644, 0.9162456393241882, '00:17']
[12, 0.5003487467765808, 0.4870361089706421, 0.9926874041557312, 0.17537392675876617, 1.3294306993484497, 0.9267410635948181, '00:17']
[13, 0.501315712928772, 0.5069745779037476, 0.9921131134033203, 0.18720100820064545, 1.7602262496948242, 0.8883188366889954, '00:18']
[14, 0.49131229519844055, 0.4705738127231598, 0.9922894835472107, 0.1785830706357956, 1.575483798980713, 0.872105062007904, '00:18']
Better model found at epoch 14 with valid_loss value: 0.4705738127231598.
[15, 0.4980795681476593, 0.47958239912986755, 0.9926373958587646, 0.175689235329628, 1.344777226448059, 0.9184826016426086, '00:17']
[16, 0.49369025230407715, 0.4904370903968811, 0.9922803640365601, 0.18302282691001892, 1.68229079246521, 0.8965590000152588, '00:17']
[17, 0.4949958920478821, 0.458996057510376, 0.992408812046051, 0.17630738019943237, 1.4393625259399414, 0.8677199482917786, '00:18']
Better model found at epoch 17 with valid_loss value: 0.458996057510376.
[18, 0.4941692054271698, 0.4669210612773895, 0.9925585389137268, 0.17493613064289093, 1.3247593641281128, 0.8857311606407166, '00:17']
[19, 0.4910866618156433, 0.4742113947868347, 0.9923505187034607, 0.17841863632202148, 1.5796505212783813, 0.8731874823570251, '00:17']
[20, 0.4883743226528168, 0.46282586455345154, 0.9923235177993774, 0.17748861014842987, 1.5397958755493164, 0.8627315759658813, '00:18']
[21, 0.49034830927848816, 0.45060211420059204, 0.9924167990684509, 0.1756066232919693, 1.39115309715271, 0.8551563620567322, '00:17']
Better model found at epoch 21 with valid_loss value: 0.45060211420059204.
[22, 0.4932307004928589, 0.48660022020339966, 0.9927608370780945, 0.1739797294139862, 1.1489297151565552, 0.9248176217079163, '00:18']
[23, 0.49343883991241455, 0.462889164686203, 0.9925389289855957, 0.17501121759414673, 1.2970448732376099, 0.8794485926628113, '00:17']
[24, 0.4917476177215576, 0.4735831022262573, 0.9925997853279114, 0.1749962419271469, 1.3034788370132446, 0.9013555645942688, '00:17']
[25, 0.4991842806339264, 0.5143212676048279, 0.9929027557373047, 0.17343376576900482, 1.0246025323867798, 0.9678160548210144, '00:17']
[26, 0.49093082547187805, 0.45051977038383484, 0.9923792481422424, 0.17577721178531647, 1.4009222984313965, 0.850278913974762, '00:17']
Better model found at epoch 26 with valid_loss value: 0.45051977038383484.
[27, 0.4868510663509369, 0.45810380578041077, 0.9921796917915344, 0.1785583198070526, 1.5605226755142212, 0.8469601273536682, '00:18']
[28, 0.48618027567863464, 0.45404255390167236, 0.9922011494636536, 0.1775590181350708, 1.5357638597488403, 0.8400509357452393, '00:17']
[29, 0.4779397249221802, 0.4967597723007202, 0.992095410823822, 0.18597431480884552, 1.7445788383483887, 0.8833672404289246, '00:18']
[30, 0.48478835821151733, 0.44999897480010986, 0.9923222064971924, 0.17644043266773224, 1.4726786613464355, 0.8410487771034241, '00:17']
Better model found at epoch 30 with valid_loss value: 0.44999897480010986.
[31, 0.47675085067749023, 0.4438613951206207, 0.9921172261238098, 0.17778822779655457, 1.5505868196487427, 0.8217020034790039, '00:17']
Better model found at epoch 31 with valid_loss value: 0.4438613951206207.
[32, 0.47991493344306946, 0.45885077118873596, 0.9925337433815002, 0.17500635981559753, 1.3102378845214844, 0.8769751191139221, '00:17']
[33, 0.4855469763278961, 0.46940067410469055, 0.9918286204338074, 0.18309369683265686, 1.721571922302246, 0.822963297367096, '00:17']
[34, 0.47950661182403564, 0.4381984770298004, 0.9918869137763977, 0.17869743704795837, 1.572434425354004, 0.808261513710022, '00:17']
Better model found at epoch 34 with valid_loss value: 0.4381984770298004.
[35, 0.476858526468277, 0.447185218334198, 0.9920816421508789, 0.1781839281320572, 1.56766676902771, 0.8210408687591553, '00:17']
[36, 0.47602778673171997, 0.443183958530426, 0.9921873211860657, 0.177018404006958, 1.5298433303833008, 0.8205754160881042, '00:17']
[37, 0.46934133768081665, 0.4393475651741028, 0.9921103119850159, 0.17728157341480255, 1.5199174880981445, 0.8101816773414612, '00:17']
[38, 0.47398489713668823, 0.47022539377212524, 0.9920618534088135, 0.1806236207485199, 1.6565711498260498, 0.839598536491394, '00:18']
[39, 0.47747260332107544, 0.44238120317459106, 0.9922190308570862, 0.17648085951805115, 1.465450406074524, 0.8283432722091675, '00:17']
[40, 0.48386621475219727, 0.4417687952518463, 0.9923037886619568, 0.1758737564086914, 1.407123327255249, 0.8352190852165222, '00:17']
[41, 0.4689320921897888, 0.42779719829559326, 0.9923025965690613, 0.17496956884860992, 1.3537421226501465, 0.8053699135780334, '00:17']
Better model found at epoch 41 with valid_loss value: 0.42779719829559326.
[42, 0.4680016040802002, 0.4448881447315216, 0.9922023415565491, 0.17677760124206543, 1.4658464193344116, 0.827959418296814, '00:18']
[43, 0.46300771832466125, 0.42177942395210266, 0.9921104907989502, 0.17596261203289032, 1.4593425989151, 0.7820226550102234, '00:17']
Better model found at epoch 43 with valid_loss value: 0.42177942395210266.
[44, 0.4629255533218384, 0.4280921220779419, 0.9920151829719543, 0.17704205214977264, 1.510896921157837, 0.79019695520401, '00:17']
[45, 0.45993468165397644, 0.4425854980945587, 0.9923816323280334, 0.17462219297885895, 1.2498382329940796, 0.8284051418304443, '00:18']
[46, 0.468681663274765, 0.41842541098594666, 0.9920910000801086, 0.1760249137878418, 1.417109727859497, 0.7800229787826538, '00:17']
Better model found at epoch 46 with valid_loss value: 0.41842541098594666.
[47, 0.4592389464378357, 0.4752078056335449, 0.9926161170005798, 0.17410999536514282, 1.1951308250427246, 0.8861833810806274, '00:17']
[48, 0.46333423256874084, 0.44523584842681885, 0.9919221997261047, 0.17932240664958954, 1.633474588394165, 0.8070465326309204, '00:17']
[49, 0.46222227811813354, 0.42853641510009766, 0.9921837449073792, 0.17565684020519257, 1.3913195133209229, 0.8054440021514893, '00:17']
[50, 0.4579246938228607, 0.437247097492218, 0.992125928401947, 0.17679038643836975, 1.506300926208496, 0.8104937076568604, '00:17']
[51, 0.46625280380249023, 0.4552384614944458, 0.9925567507743835, 0.1740230917930603, 1.1656638383865356, 0.8573923707008362, '00:18']
[52, 0.47231897711753845, 0.43655967712402344, 0.9920028448104858, 0.17771746218204498, 1.551697850227356, 0.8039849400520325, '00:18']
[53, 0.4647596478462219, 0.43364641070365906, 0.9923214912414551, 0.17496006190776825, 1.3303117752075195, 0.8099566102027893, '00:18']
[54, 0.46475541591644287, 0.4345971643924713, 0.9920558929443359, 0.17748519778251648, 1.544679880142212, 0.8064609169960022, '00:17']
No improvement since epoch 46: early stopping
----------
4
----------
DLS create!
[0, 0.539365291595459, 0.5394822955131531, 0.9919897317886353, 0.17541450262069702, 1.0998812913894653, 1.0003299713134766, '00:18']
Better model found at epoch 0 with valid_loss value: 0.5394822955131531.
[1, 0.5256531238555908, 0.5162234306335449, 0.9919501543045044, 0.17448918521404266, 1.0849484205245972, 0.9888436794281006, '00:18']
Better model found at epoch 1 with valid_loss value: 0.5162234306335449.
[2, 0.5168848633766174, 0.5007359981536865, 0.9918289184570312, 0.17527899146080017, 1.2578622102737427, 0.9583343267440796, '00:18']
Better model found at epoch 2 with valid_loss value: 0.5007359981536865.
[3, 0.5101216435432434, 0.4951900541782379, 0.991783082485199, 0.17513497173786163, 1.2744935750961304, 0.9436623454093933, '00:17']
Better model found at epoch 3 with valid_loss value: 0.4951900541782379.
[4, 0.5080125331878662, 0.4936673641204834, 0.9915665984153748, 0.17838484048843384, 1.5418946743011475, 0.9200268983840942, '00:17']
Better model found at epoch 4 with valid_loss value: 0.4936673641204834.
[5, 0.5063660740852356, 0.5054804086685181, 0.9917520880699158, 0.17661172151565552, 1.456455945968628, 0.9432751536369324, '00:17']
[6, 0.5041345357894897, 0.48887619376182556, 0.9917140603065491, 0.17486202716827393, 1.2780632972717285, 0.919279158115387, '00:17']
Better model found at epoch 6 with valid_loss value: 0.48887619376182556.
[7, 0.5022359490394592, 0.48416751623153687, 0.9915903210639954, 0.17630216479301453, 1.4266929626464844, 0.9084452390670776, '00:17']
Better model found at epoch 7 with valid_loss value: 0.48416751623153687.
[8, 0.5019096732139587, 0.4821288287639618, 0.9917219281196594, 0.17474932968616486, 1.2729450464248657, 0.9158508777618408, '00:18']
Better model found at epoch 8 with valid_loss value: 0.4821288287639618.
[9, 0.4924025237560272, 0.4750145375728607, 0.9914277791976929, 0.17695340514183044, 1.4909719228744507, 0.876491904258728, '00:17']
Better model found at epoch 9 with valid_loss value: 0.4750145375728607.
[10, 0.4932810962200165, 0.48402488231658936, 0.9916937947273254, 0.17483438551425934, 1.3045305013656616, 0.9112042784690857, '00:17']
[11, 0.49289482831954956, 0.4959768056869507, 0.9917605519294739, 0.17413660883903503, 1.1986637115478516, 0.925597071647644, '00:17']
[12, 0.49133315682411194, 0.48381245136260986, 0.9913554787635803, 0.1785215586423874, 1.537843942642212, 0.8914570212364197, '00:17']
[13, 0.48698943853378296, 0.48708808422088623, 0.9916523098945618, 0.17481271922588348, 1.31951904296875, 0.9013956189155579, '00:17']
[14, 0.4859336018562317, 0.4730524718761444, 0.9915676116943359, 0.17583973705768585, 1.3915483951568604, 0.8933925032615662, '00:17']
Better model found at epoch 14 with valid_loss value: 0.4730524718761444.
[15, 0.4898744225502014, 0.47128409147262573, 0.9915707111358643, 0.1750880926847458, 1.3159687519073486, 0.8879506587982178, '00:17']
Better model found at epoch 15 with valid_loss value: 0.47128409147262573.
[16, 0.4893682301044464, 0.478476345539093, 0.9913588762283325, 0.17822296917438507, 1.5256434679031372, 0.8874876499176025, '00:17']
[17, 0.4852013885974884, 0.4731043875217438, 0.9915331602096558, 0.1753080189228058, 1.355565071105957, 0.882963240146637, '00:17']
[18, 0.49096643924713135, 0.4820961356163025, 0.9915041923522949, 0.1764138638973236, 1.4235361814498901, 0.8975876569747925, '00:18']
[19, 0.48783621191978455, 0.46984124183654785, 0.9914942979812622, 0.1758105307817459, 1.4015603065490723, 0.8770300149917603, '00:17']
Better model found at epoch 19 with valid_loss value: 0.46984124183654785.
[20, 0.48139166831970215, 0.4697447121143341, 0.9914762377738953, 0.17592109739780426, 1.3854601383209229, 0.8822957873344421, '00:18']
Better model found at epoch 20 with valid_loss value: 0.4697447121143341.
[21, 0.48235657811164856, 0.47474774718284607, 0.991414487361908, 0.177450492978096, 1.5166163444519043, 0.879623532295227, '00:17']
[22, 0.48134902119636536, 0.4820067584514618, 0.9916903972625732, 0.17410840094089508, 1.1854578256607056, 0.8963316679000854, '00:18']
[23, 0.47987648844718933, 0.4744022488594055, 0.9913418292999268, 0.178107351064682, 1.5247738361358643, 0.8763850927352905, '00:18']
[24, 0.4845496118068695, 0.4791983664035797, 0.991691529750824, 0.17407357692718506, 1.1877758502960205, 0.892336905002594, '00:17']
[25, 0.48254895210266113, 0.46626296639442444, 0.9914324283599854, 0.17639054358005524, 1.4363032579421997, 0.8770615458488464, '00:18']
Better model found at epoch 25 with valid_loss value: 0.46626296639442444.
[26, 0.48586082458496094, 0.46782031655311584, 0.9915916323661804, 0.17452841997146606, 1.2563321590423584, 0.8764244318008423, '00:17']
[27, 0.477518767118454, 0.47625964879989624, 0.9915626645088196, 0.17491768300533295, 1.2841317653656006, 0.8898667097091675, '00:17']
[28, 0.47565150260925293, 0.46858954429626465, 0.9915225505828857, 0.17556704580783844, 1.37434983253479, 0.8787275552749634, '00:17']
[29, 0.47079017758369446, 0.48708510398864746, 0.9917442202568054, 0.17366397380828857, 1.0928677320480347, 0.8908109664916992, '00:17']
[30, 0.4777734577655792, 0.45646700263023376, 0.9914197325706482, 0.17547523975372314, 1.3385980129241943, 0.8567160367965698, '00:18']
Better model found at epoch 30 with valid_loss value: 0.45646700263023376.
[31, 0.47167494893074036, 0.47403550148010254, 0.9915227890014648, 0.1752043068408966, 1.27916419506073, 0.8764089345932007, '00:17']
[32, 0.4734881520271301, 0.4587360620498657, 0.9915251731872559, 0.1747327297925949, 1.2827852964401245, 0.863062858581543, '00:18']
[33, 0.46940723061561584, 0.502414345741272, 0.9918361306190491, 0.17345325648784637, 1.0617870092391968, 0.9220400452613831, '00:17']
[34, 0.4764806628227234, 0.47289109230041504, 0.9913800954818726, 0.17693372070789337, 1.4676865339279175, 0.8702131509780884, '00:18']
[35, 0.473298579454422, 0.47718068957328796, 0.9917051792144775, 0.1738273948431015, 1.1389862298965454, 0.8893937468528748, '00:18']
[36, 0.46248266100883484, 0.4680924415588379, 0.9913768768310547, 0.17652811110019684, 1.4546126127243042, 0.865780770778656, '00:17']
[37, 0.4675637483596802, 0.4810589849948883, 0.9916672110557556, 0.17381994426250458, 1.1090104579925537, 0.8819781541824341, '00:18']
[38, 0.46503207087516785, 0.4434685707092285, 0.9912552833557129, 0.17582419514656067, 1.4069576263427734, 0.8213884830474854, '00:17']
Better model found at epoch 38 with valid_loss value: 0.4434685707092285.
[39, 0.4674457311630249, 0.459128201007843, 0.9915379881858826, 0.17427867650985718, 1.2110196352005005, 0.8553929328918457, '00:18']
[40, 0.46120354533195496, 0.4585734009742737, 0.9911634922027588, 0.1780150830745697, 1.525749921798706, 0.8384748697280884, '00:17']
[41, 0.4630112946033478, 0.4555549621582031, 0.9915298819541931, 0.1741655021905899, 1.1940219402313232, 0.8513765335083008, '00:18']
[42, 0.46552518010139465, 0.4660770893096924, 0.9914620518684387, 0.1753925383090973, 1.3656569719314575, 0.8677248954772949, '00:17']
[43, 0.4682557284832001, 0.46243396401405334, 0.9912692308425903, 0.1774119883775711, 1.5069866180419922, 0.8476675152778625, '00:17']
[44, 0.4603060185909271, 0.4619917869567871, 0.9913942217826843, 0.1756768375635147, 1.3943417072296143, 0.8497626185417175, '00:17']
[45, 0.46114712953567505, 0.4566098749637604, 0.9912346005439758, 0.17702053487300873, 1.4609012603759766, 0.838138222694397, '00:17']
[46, 0.472605437040329, 0.4790472090244293, 0.9909495711326599, 0.18269437551498413, 1.676751971244812, 0.8419685959815979, '00:17']
No improvement since epoch 38: early stopping
FPN Done!
