Models will save to FPN_mitb5_x
Use mit_b5 encoder
Start training...
----------
0
----------
DLS create!
[0, 0.5268551707267761, 0.4987541735172272, 0.9917708039283752, 0.1783144772052765, 1.5175012350082397, 0.9417003393173218, '00:40']
Better model found at epoch 0 with valid_loss value: 0.4987541735172272.
[1, 0.5147207379341125, 0.5063343048095703, 0.9919716715812683, 0.17478464543819427, 1.2573720216751099, 0.9614147543907166, '00:38']
[2, 0.5129368305206299, 0.5119302868843079, 0.9920171499252319, 0.17396126687526703, 1.1806765794754028, 0.9595435857772827, '00:38']
[3, 0.5101408958435059, 0.49393612146377563, 0.9918429851531982, 0.17571759223937988, 1.3537544012069702, 0.9378311038017273, '00:38']
Better model found at epoch 3 with valid_loss value: 0.49393612146377563.
[4, 0.5098178386688232, 0.5048367977142334, 0.9919914603233337, 0.17458288371562958, 1.2640490531921387, 0.9571555852890015, '00:38']
[5, 0.5077133774757385, 0.536607027053833, 0.9921101331710815, 0.1733165830373764, 1.0019651651382446, 0.9985888600349426, '00:38']
[6, 0.5125733613967896, 0.49040520191192627, 0.9915976524353027, 0.1797494888305664, 1.5666700601577759, 0.9189223051071167, '00:39']
Better model found at epoch 6 with valid_loss value: 0.49040520191192627.
[7, 0.5105307102203369, 0.4819016456604004, 0.9916333556175232, 0.1771606206893921, 1.496938943862915, 0.9052473902702332, '00:39']
Better model found at epoch 7 with valid_loss value: 0.4819016456604004.
[8, 0.5076225399971008, 0.4853282868862152, 0.9916908740997314, 0.17725016176700592, 1.4675719738006592, 0.9193934798240662, '00:39']
[9, 0.5061468482017517, 0.4898780584335327, 0.9917892813682556, 0.17627327144145966, 1.3968191146850586, 0.9286381602287292, '00:38']
[10, 0.5065231919288635, 0.48780250549316406, 0.9916013479232788, 0.1789790391921997, 1.518094778060913, 0.917190432548523, '00:39']
[11, 0.5065001249313354, 0.4878482222557068, 0.9915215373039246, 0.1803058683872223, 1.5998804569244385, 0.9082989692687988, '00:39']
[12, 0.5080211758613586, 0.4954585134983063, 0.9918310046195984, 0.17689591646194458, 1.3525761365890503, 0.9449205994606018, '00:38']
[13, 0.5056454539299011, 0.5077158808708191, 0.9920217990875244, 0.1742497980594635, 1.1473699808120728, 0.965912401676178, '00:39']
[14, 0.5030474066734314, 0.4809919595718384, 0.9914966225624084, 0.17953577637672424, 1.5693612098693848, 0.8986783623695374, '00:39']
Better model found at epoch 14 with valid_loss value: 0.4809919595718384.
[15, 0.5018935203552246, 0.47126147150993347, 0.9917352199554443, 0.17485374212265015, 1.317065954208374, 0.8926129341125488, '00:39']
Better model found at epoch 15 with valid_loss value: 0.47126147150993347.
[16, 0.49974510073661804, 0.4717336595058441, 0.9916728138923645, 0.17551660537719727, 1.3992440700531006, 0.8897435665130615, '00:38']
[17, 0.5025186538696289, 0.47429439425468445, 0.9917432069778442, 0.17508140206336975, 1.3128477334976196, 0.9003894329071045, '00:39']
[18, 0.5068262815475464, 0.4770200848579407, 0.9917011260986328, 0.17608536779880524, 1.3647288084030151, 0.9088353514671326, '00:39']
[19, 0.5035399794578552, 0.4739640951156616, 0.9915720224380493, 0.17727382481098175, 1.5079498291015625, 0.8908074498176575, '00:39']
[20, 0.5003309845924377, 0.4764399230480194, 0.9916449785232544, 0.17667897045612335, 1.448249101638794, 0.9041402339935303, '00:38']
[21, 0.5004121661186218, 0.4766167998313904, 0.9916850924491882, 0.1761506199836731, 1.3994513750076294, 0.9029120206832886, '00:39']
[22, 0.4975886642932892, 0.469083309173584, 0.9915962815284729, 0.17645305395126343, 1.4590052366256714, 0.8826608061790466, '00:39']
Better model found at epoch 22 with valid_loss value: 0.469083309173584.
[23, 0.5079812407493591, 0.5258206129074097, 0.9921022653579712, 0.17346343398094177, 1.0092060565948486, 0.9930315613746643, '00:39']
[24, 0.5062445998191833, 0.482317179441452, 0.991754949092865, 0.17597460746765137, 1.4010299444198608, 0.9160320162773132, '00:39']
[25, 0.5036982297897339, 0.4678281843662262, 0.9916872978210449, 0.17540083825588226, 1.364497184753418, 0.8892269730567932, '00:39']
Better model found at epoch 25 with valid_loss value: 0.4678281843662262.
[26, 0.5020111203193665, 0.47422075271606445, 0.9915649890899658, 0.17756828665733337, 1.5071102380752563, 0.895866334438324, '00:39']
[27, 0.499333918094635, 0.47607892751693726, 0.9916889667510986, 0.17615970969200134, 1.4241838455200195, 0.9042941331863403, '00:39']
[28, 0.49934905767440796, 0.4841269254684448, 0.9917892217636108, 0.17633722722530365, 1.4474279880523682, 0.9159801602363586, '00:39']
[29, 0.502898633480072, 0.4774087369441986, 0.9915762543678284, 0.17845091223716736, 1.5754609107971191, 0.890927791595459, '00:39']
[30, 0.4997937083244324, 0.47363248467445374, 0.9914934039115906, 0.17891429364681244, 1.5915251970291138, 0.8804996609687805, '00:39']
[31, 0.49947628378868103, 0.47378888726234436, 0.99158775806427, 0.17739568650722504, 1.4955110549926758, 0.8910633325576782, '00:40']
[32, 0.49524161219596863, 0.4766167104244232, 0.9916943907737732, 0.17564696073532104, 1.4187506437301636, 0.8920802474021912, '00:38']
[33, 0.49271729588508606, 0.48051053285598755, 0.9918646216392517, 0.17430102825164795, 1.2472033500671387, 0.9076132774353027, '00:39']
No improvement since epoch 25: early stopping
----------
1
----------
DLS create!
[0, 0.5155036449432373, 0.5041141510009766, 0.9921075701713562, 0.17548386752605438, 1.3811687231063843, 0.9513264894485474, '00:40']
Better model found at epoch 0 with valid_loss value: 0.5041141510009766.
[1, 0.5149904489517212, 0.4996238946914673, 0.9919834136962891, 0.17856912314891815, 1.4338933229446411, 0.9517234563827515, '00:40']
Better model found at epoch 1 with valid_loss value: 0.4996238946914673.
[2, 0.51302570104599, 0.4990493357181549, 0.9919898509979248, 0.1783299446105957, 1.385120153427124, 0.9524653553962708, '00:40']
Better model found at epoch 2 with valid_loss value: 0.4990493357181549.
[3, 0.5127595067024231, 0.5076520442962646, 0.9921777844429016, 0.17535896599292755, 1.139616847038269, 0.9751421809196472, '00:40']
[4, 0.5091740489006042, 0.5314001441001892, 0.9922841191291809, 0.17368459701538086, 1.0201047658920288, 1.0008392333984375, '00:40']
[5, 0.5124717950820923, 0.5199266672134399, 0.992256760597229, 0.1737404465675354, 1.0536819696426392, 0.9870596528053284, '00:40']
[6, 0.5070236921310425, 0.49604445695877075, 0.9920374751091003, 0.17551608383655548, 1.3760167360305786, 0.9398532509803772, '00:40']
Better model found at epoch 6 with valid_loss value: 0.49604445695877075.
[7, 0.5068526268005371, 0.5221834182739258, 0.9922657608985901, 0.17358896136283875, 1.0293986797332764, 0.9897176623344421, '00:40']
[8, 0.5106052756309509, 0.5014107823371887, 0.9921119213104248, 0.17505374550819397, 1.3178386688232422, 0.9520187377929688, '00:40']
[9, 0.5094245076179504, 0.49999597668647766, 0.9920489192008972, 0.17727155983448029, 1.4451537132263184, 0.9516128897666931, '00:40']
[10, 0.5056038498878479, 0.5011504292488098, 0.9920708537101746, 0.17707987129688263, 1.492232084274292, 0.9495930075645447, '00:40']
[11, 0.5110166668891907, 0.5043449401855469, 0.9921467304229736, 0.175643190741539, 1.2025021314620972, 0.9694010615348816, '00:40']
[12, 0.5061837434768677, 0.4993567168712616, 0.9920578002929688, 0.1753411740064621, 1.3172857761383057, 0.9476062655448914, '00:40']
[13, 0.508386492729187, 0.49825480580329895, 0.9919648766517639, 0.17827580869197845, 1.4674313068389893, 0.9464496970176697, '00:40']
[14, 0.508399248123169, 0.503193736076355, 0.9921033978462219, 0.17637279629707336, 1.2287914752960205, 0.9644805788993835, '00:40']
No improvement since epoch 6: early stopping
----------
2
----------
DLS create!
[0, 0.5428977012634277, 0.5013846158981323, 0.9924731850624084, 0.17599298059940338, 1.2528973817825317, 0.9647555947303772, '00:41']
Better model found at epoch 0 with valid_loss value: 0.5013846158981323.
[1, 0.5191087126731873, 0.5061274170875549, 0.9925155639648438, 0.17534565925598145, 1.208633542060852, 0.9720827341079712, '00:41']
[2, 0.51181560754776, 0.5022603869438171, 0.9924703240394592, 0.17561912536621094, 1.3084442615509033, 0.959493100643158, '00:40']
[3, 0.5130122303962708, 0.5071948170661926, 0.9925177693367004, 0.17490842938423157, 1.244228720664978, 0.9664961099624634, '00:41']
[4, 0.5142788290977478, 0.5045453310012817, 0.9923126697540283, 0.1809270679950714, 1.4759056568145752, 0.9507556557655334, '00:40']
[5, 0.5140935182571411, 0.5008601546287537, 0.992462694644928, 0.17589139938354492, 1.3186382055282593, 0.9601029753684998, '00:40']
Better model found at epoch 5 with valid_loss value: 0.5008601546287537.
[6, 0.5117834806442261, 0.5001375079154968, 0.9923831820487976, 0.17744632065296173, 1.473224401473999, 0.9474295973777771, '00:41']
Better model found at epoch 6 with valid_loss value: 0.5001375079154968.
[7, 0.5139105319976807, 0.5124732255935669, 0.9925755262374878, 0.17435942590236664, 1.108410120010376, 0.9815298914909363, '00:40']
[8, 0.512180507183075, 0.49836429953575134, 0.9924248456954956, 0.176753968000412, 1.3197681903839111, 0.9569291472434998, '00:41']
Better model found at epoch 8 with valid_loss value: 0.49836429953575134.
[9, 0.5049008727073669, 0.5000711679458618, 0.9924521446228027, 0.17626698315143585, 1.3126235008239746, 0.9613308310508728, '00:40']
[10, 0.5083187222480774, 0.5136648416519165, 0.9925976991653442, 0.17418816685676575, 1.0466383695602417, 0.9870649576187134, '00:40']
[11, 0.5094488859176636, 0.5138301253318787, 0.9925901889801025, 0.17517544329166412, 1.094735860824585, 0.9887320399284363, '00:40']
[12, 0.5099000334739685, 0.519781231880188, 0.9926059246063232, 0.17370280623435974, 1.058637022972107, 0.9876529574394226, '00:41']
[13, 0.511062502861023, 0.5081536769866943, 0.9922316074371338, 0.18377172946929932, 1.6178135871887207, 0.9458437561988831, '00:40']
[14, 0.5133273601531982, 0.5035341382026672, 0.9924732446670532, 0.17655421793460846, 1.281487226486206, 0.9663649797439575, '00:40']
[15, 0.5116527676582336, 0.516570508480072, 0.9926055669784546, 0.17430517077445984, 1.0988572835922241, 0.9911513924598694, '00:40']
[16, 0.5121217370033264, 0.5079392194747925, 0.9925462603569031, 0.17532497644424438, 1.206286907196045, 0.9774406552314758, '00:40']
No improvement since epoch 8: early stopping
----------
3
----------
DLS create!
[0, 0.5205520987510681, 0.5212635397911072, 0.9824686050415039, 0.1742362231016159, 1.128926396369934, 0.9867079257965088, '00:40']
Better model found at epoch 0 with valid_loss value: 0.5212635397911072.
[1, 0.5157275199890137, 0.5380773544311523, 0.9825112223625183, 0.17333984375, 1.0115495920181274, 0.9961484670639038, '00:40']
[2, 0.5147358775138855, 0.5191028714179993, 0.9818276762962341, 0.19044673442840576, 1.72989821434021, 0.9360251426696777, '00:40']
Better model found at epoch 2 with valid_loss value: 0.5191028714179993.
[3, 0.5136495232582092, 0.5184835195541382, 0.9824788570404053, 0.1741025149822235, 1.0441198348999023, 0.9885611534118652, '00:41']
Better model found at epoch 3 with valid_loss value: 0.5184835195541382.
[4, 0.5110611319541931, 0.5122978687286377, 0.9824060201644897, 0.1747170090675354, 1.1998412609100342, 0.9741178750991821, '00:41']
Better model found at epoch 4 with valid_loss value: 0.5122978687286377.
[5, 0.5042792558670044, 0.5186918377876282, 0.9824034571647644, 0.1749473214149475, 1.3511263132095337, 0.9680112600326538, '00:40']
[6, 0.5040491223335266, 0.5079951286315918, 0.9823288321495056, 0.17643284797668457, 1.4028077125549316, 0.9652752876281738, '00:40']
Better model found at epoch 6 with valid_loss value: 0.5079951286315918.
[7, 0.5057172179222107, 0.501761257648468, 0.9820106029510498, 0.18112483620643616, 1.6197683811187744, 0.9366676807403564, '00:40']
Better model found at epoch 7 with valid_loss value: 0.501761257648468.
[8, 0.5056087970733643, 0.4965347349643707, 0.9819697737693787, 0.1804085522890091, 1.621178388595581, 0.9271019101142883, '00:40']
Better model found at epoch 8 with valid_loss value: 0.4965347349643707.
[9, 0.505748987197876, 0.49210676550865173, 0.982081413269043, 0.17772160470485687, 1.4985226392745972, 0.9309238791465759, '00:40']
Better model found at epoch 9 with valid_loss value: 0.49210676550865173.
[10, 0.5053237080574036, 0.4985394775867462, 0.982240617275238, 0.1757662147283554, 1.4094481468200684, 0.9442051649093628, '00:39']
[11, 0.5076315402984619, 0.5151513814926147, 0.9824378490447998, 0.17427104711532593, 1.2077661752700806, 0.9746548533439636, '00:39']
[12, 0.5031872987747192, 0.5086979269981384, 0.9822975397109985, 0.17543333768844604, 1.3992563486099243, 0.9519409537315369, '00:39']
[13, 0.5060298442840576, 0.5188276171684265, 0.9824537038803101, 0.17391377687454224, 1.131145715713501, 0.9783146381378174, '00:39']
[14, 0.510829508304596, 0.5046060681343079, 0.9823077917098999, 0.176115021109581, 1.375229835510254, 0.959625244140625, '00:40']
[15, 0.5098302960395813, 0.506893515586853, 0.9823349714279175, 0.17548857629299164, 1.327216386795044, 0.9637262225151062, '00:39']
[16, 0.5043244957923889, 0.5023539066314697, 0.9822528958320618, 0.1758277416229248, 1.4211206436157227, 0.9475752711296082, '00:39']
[17, 0.5061690211296082, 0.5034369826316833, 0.9823017120361328, 0.17498376965522766, 1.2958672046661377, 0.9551507234573364, '00:39']
No improvement since epoch 9: early stopping
----------
4
----------
DLS create!
[0, 0.5372576713562012, 0.534641444683075, 0.9885615110397339, 0.1741778552532196, 1.0947606563568115, 0.9909524321556091, '00:40']
Better model found at epoch 0 with valid_loss value: 0.534641444683075.
[1, 0.5198394656181335, 0.5220898389816284, 0.9884881973266602, 0.1744372546672821, 1.1307954788208008, 0.9719566106796265, '00:40']
Better model found at epoch 1 with valid_loss value: 0.5220898389816284.
[2, 0.5138152837753296, 0.5254529714584351, 0.9885070323944092, 0.17465929687023163, 1.0881623029708862, 0.9783785343170166, '00:40']
[3, 0.510911226272583, 0.5246631503105164, 0.988510251045227, 0.17415913939476013, 1.1104729175567627, 0.975655198097229, '00:38']
[4, 0.5112510919570923, 0.5183680057525635, 0.9884340167045593, 0.17502248287200928, 1.2363165616989136, 0.9602730870246887, '00:39']
Better model found at epoch 4 with valid_loss value: 0.5183680057525635.
[5, 0.5112501382827759, 0.5194373726844788, 0.9884539246559143, 0.17505457997322083, 1.1749565601348877, 0.9698529243469238, '00:39']
[6, 0.511695384979248, 0.514890193939209, 0.9882984757423401, 0.18014737963676453, 1.3921149969100952, 0.9620787501335144, '00:40']
Better model found at epoch 6 with valid_loss value: 0.514890193939209.
[7, 0.5132351517677307, 0.5210074782371521, 0.9884907603263855, 0.1745641678571701, 1.1501668691635132, 0.9725703597068787, '00:39']
[8, 0.509545624256134, 0.5298054814338684, 0.9884772896766663, 0.17447224259376526, 1.1939804553985596, 0.9648770093917847, '00:40']
[9, 0.511508584022522, 0.5415124893188477, 0.98858642578125, 0.17344167828559875, 1.0092452764511108, 0.9959926009178162, '00:39']
[10, 0.5105130672454834, 0.5137603282928467, 0.98842853307724, 0.17631138861179352, 1.1718082427978516, 0.9722509980201721, '00:40']
Better model found at epoch 10 with valid_loss value: 0.5137603282928467.
[11, 0.5114608407020569, 0.5355368256568909, 0.9885830283164978, 0.17368803918361664, 1.0093469619750977, 0.9960652589797974, '00:40']
[12, 0.5113471150398254, 0.5094473958015442, 0.9883373379707336, 0.17796355485916138, 1.2445032596588135, 0.9632972478866577, '00:39']
Better model found at epoch 12 with valid_loss value: 0.5094473958015442.
[13, 0.5090385675430298, 0.5296905040740967, 0.9885066151618958, 0.17406412959098816, 1.1331737041473389, 0.970406174659729, '00:39']
[14, 0.509938657283783, 0.5112959742546082, 0.9883617162704468, 0.17609401047229767, 1.2813630104064941, 0.9586372375488281, '00:39']
[15, 0.50825035572052, 0.5279639363288879, 0.9885366559028625, 0.17385637760162354, 1.057578206062317, 0.9797751903533936, '00:39']
[16, 0.5066978335380554, 0.5200581550598145, 0.98848956823349, 0.17415300011634827, 1.0942991971969604, 0.9679178595542908, '00:39']
[17, 0.5085334181785583, 0.5033367276191711, 0.9883165955543518, 0.1765507310628891, 1.2567931413650513, 0.9507358074188232, '00:40']
Better model found at epoch 17 with valid_loss value: 0.5033367276191711.
[18, 0.5088919401168823, 0.507205605506897, 0.9883690476417542, 0.17544573545455933, 1.2359538078308105, 0.9504498243331909, '00:39']
[19, 0.5099389553070068, 0.516048789024353, 0.9884836673736572, 0.17470885813236237, 1.1090147495269775, 0.9717935919761658, '00:39']
[20, 0.5081551671028137, 0.49777743220329285, 0.988176703453064, 0.17747382819652557, 1.3757288455963135, 0.9322378039360046, '00:39']
Better model found at epoch 20 with valid_loss value: 0.49777743220329285.
[21, 0.5076614022254944, 0.5159669518470764, 0.988444447517395, 0.1743343025445938, 1.1477829217910767, 0.9554896354675293, '00:39']
[22, 0.5073172450065613, 0.5004023909568787, 0.988190770149231, 0.17839232087135315, 1.4064730405807495, 0.9385244846343994, '00:39']
[23, 0.5036188364028931, 0.4957238733768463, 0.9881913661956787, 0.1765241175889969, 1.3691602945327759, 0.9215515851974487, '00:39']
Better model found at epoch 23 with valid_loss value: 0.4957238733768463.
[24, 0.5021053552627563, 0.4876416325569153, 0.9881044030189514, 0.17665493488311768, 1.348409652709961, 0.9116379618644714, '00:40']
Better model found at epoch 24 with valid_loss value: 0.4876416325569153.
[25, 0.4982856810092926, 0.4978274703025818, 0.9882454872131348, 0.17485862970352173, 1.2551673650741577, 0.9058864712715149, '00:39']
[26, 0.5034787058830261, 0.5150368809700012, 0.9884576797485352, 0.17430588603019714, 1.1139603853225708, 0.9615519046783447, '00:39']
[27, 0.5003243088722229, 0.4824065566062927, 0.9878759980201721, 0.17876090109348297, 1.4902106523513794, 0.8913891315460205, '00:39']
Better model found at epoch 27 with valid_loss value: 0.4824065566062927.
[28, 0.5011734962463379, 0.4937850534915924, 0.988166332244873, 0.17665372788906097, 1.363734483718872, 0.9189095497131348, '00:39']
[29, 0.5002783536911011, 0.5029847621917725, 0.9883396029472351, 0.17459367215633392, 1.2041507959365845, 0.931763768196106, '00:39']
[30, 0.49833032488822937, 0.5312427282333374, 0.9885183572769165, 0.17356880009174347, 1.0489695072174072, 0.9632778167724609, '00:40']
[31, 0.5005931854248047, 0.48073530197143555, 0.9877356886863708, 0.18003900349140167, 1.5258891582489014, 0.8849323391914368, '00:39']
Better model found at epoch 31 with valid_loss value: 0.48073530197143555.
[32, 0.499223530292511, 0.4895366430282593, 0.9882113337516785, 0.17520952224731445, 1.2661751508712769, 0.9112090468406677, '00:39']
[33, 0.49878326058387756, 0.4873327314853668, 0.9881559014320374, 0.17559728026390076, 1.2967479228973389, 0.9056476950645447, '00:39']
[34, 0.49430155754089355, 0.476765900850296, 0.9880563616752625, 0.17559202015399933, 1.323923110961914, 0.8792129755020142, '00:39']
Better model found at epoch 34 with valid_loss value: 0.476765900850296.
[35, 0.4930649697780609, 0.4942920207977295, 0.9882652759552002, 0.17474190890789032, 1.224877119064331, 0.9165863990783691, '00:40']
[36, 0.49343761801719666, 0.48760753870010376, 0.9882103800773621, 0.17488467693328857, 1.245046854019165, 0.9011724591255188, '00:39']
[37, 0.4956623315811157, 0.47875693440437317, 0.9879224896430969, 0.17722655832767487, 1.4379725456237793, 0.8801910281181335, '00:39']
[38, 0.4922384023666382, 0.48648056387901306, 0.9881356954574585, 0.17547725141048431, 1.3136265277862549, 0.8962826728820801, '00:39']
[39, 0.49327003955841064, 0.47590383887290955, 0.9878538846969604, 0.1781693398952484, 1.4675289392471313, 0.8791010975837708, '00:39']
Better model found at epoch 39 with valid_loss value: 0.47590383887290955.
[40, 0.4938981533050537, 0.46939435601234436, 0.9878638386726379, 0.17696119844913483, 1.4143030643463135, 0.8682358860969543, '00:39']
Better model found at epoch 40 with valid_loss value: 0.46939435601234436.
[41, 0.49286362528800964, 0.502479076385498, 0.9880741238594055, 0.17805805802345276, 1.4673579931259155, 0.9164960384368896, '00:39']
[42, 0.49476778507232666, 0.47553130984306335, 0.9879605770111084, 0.17660017311573029, 1.3938850164413452, 0.8789284229278564, '00:39']
[43, 0.49093690514564514, 0.47530597448349, 0.9878025054931641, 0.17818281054496765, 1.4917043447494507, 0.8673588633537292, '00:39']
[44, 0.49672627449035645, 0.47159871459007263, 0.9878239631652832, 0.1780576854944229, 1.4517332315444946, 0.8756673336029053, '00:40']
[45, 0.4954441785812378, 0.4793280065059662, 0.9880258440971375, 0.1758895218372345, 1.3569722175598145, 0.8792424201965332, '00:39']
[46, 0.48891136050224304, 0.4738704562187195, 0.9880514740943909, 0.17540481686592102, 1.3051588535308838, 0.8763275742530823, '00:40']
[47, 0.4913259744644165, 0.4752512574195862, 0.9877257943153381, 0.17960810661315918, 1.518528699874878, 0.8741660118103027, '00:39']
[48, 0.48667287826538086, 0.476406991481781, 0.9881143569946289, 0.17466871440410614, 1.2460814714431763, 0.8697267174720764, '00:40']
No improvement since epoch 40: early stopping
FPN Done!
