Models will save to FPN_vgg19_x
Use vgg19_bn encoder
Start training...
----------
0
----------
DLS create!
[0, 0.534692645072937, 0.5244264006614685, 0.9911693334579468, 0.17392079532146454, 1.032617449760437, 0.9901214838027954, '00:21']
Better model found at epoch 0 with valid_loss value: 0.5244264006614685.
[1, 0.517235517501831, 0.5113939642906189, 0.9910728931427002, 0.1750263124704361, 1.2445517778396606, 0.9622794389724731, '00:20']
Better model found at epoch 1 with valid_loss value: 0.5113939642906189.
[2, 0.5153887271881104, 0.49127471446990967, 0.9907359480857849, 0.179096519947052, 1.4828864336013794, 0.9193272590637207, '00:20']
Better model found at epoch 2 with valid_loss value: 0.49127471446990967.
[3, 0.5110880136489868, 0.5041850805282593, 0.9910497069358826, 0.17518603801727295, 1.2395732402801514, 0.9581270217895508, '00:20']
[4, 0.5045416951179504, 0.5251505970954895, 0.9911481738090515, 0.1735634058713913, 1.0785341262817383, 0.9640180468559265, '00:20']
[5, 0.5062865018844604, 0.5174033045768738, 0.9911373257637024, 0.173811137676239, 1.0675779581069946, 0.9721082448959351, '00:20']
[6, 0.5054282546043396, 0.49332770705223083, 0.9908460974693298, 0.17733991146087646, 1.4213435649871826, 0.9256983995437622, '00:20']
[7, 0.5069432854652405, 0.5285274386405945, 0.9904642105102539, 0.19112443923950195, 1.76191246509552, 0.9189056158065796, '00:21']
[8, 0.5004690289497375, 0.5121870636940002, 0.9910798668861389, 0.1745079904794693, 1.2351254224777222, 0.9540998339653015, '00:20']
[9, 0.5024771690368652, 0.48699089884757996, 0.9908258318901062, 0.17687591910362244, 1.4203660488128662, 0.9160147309303284, '00:21']
Better model found at epoch 9 with valid_loss value: 0.48699089884757996.
[10, 0.4944130778312683, 0.4885852336883545, 0.9908968806266785, 0.17573124170303345, 1.3432682752609253, 0.9211776852607727, '00:21']
[11, 0.49197298288345337, 0.5884195566177368, 0.9901851415634155, 0.21406163275241852, 1.8682570457458496, 0.921360433101654, '00:20']
[12, 0.4948573410511017, 0.6811050772666931, 0.9903936386108398, 0.24537530541419983, 1.9154986143112183, 0.9495930075645447, '00:21']
[13, 0.4946649372577667, 0.5027808547019958, 0.9910489916801453, 0.17391088604927063, 1.1487559080123901, 0.9284838438034058, '00:20']
[14, 0.4966818690299988, 0.4877011775970459, 0.9909175038337708, 0.1749187707901001, 1.261527419090271, 0.9134318828582764, '00:20']
[15, 0.49509695172309875, 0.4757300913333893, 0.9906421899795532, 0.17802764475345612, 1.4821703433990479, 0.8873785138130188, '00:20']
Better model found at epoch 15 with valid_loss value: 0.4757300913333893.
[16, 0.4885081648826599, 0.5046574473381042, 0.9910261631011963, 0.17497457563877106, 1.2828937768936157, 0.9424706101417542, '00:20']
[17, 0.4891757667064667, 0.49476510286331177, 0.990901529788971, 0.17645880579948425, 1.4104719161987305, 0.9220868945121765, '00:20']
[18, 0.4917910397052765, 0.5233573913574219, 0.99099200963974, 0.18043658137321472, 1.5665055513381958, 0.9657593965530396, '00:20']
[19, 0.4923754036426544, 0.4795025885105133, 0.9907833933830261, 0.175977885723114, 1.3981438875198364, 0.8898760676383972, '00:20']
[20, 0.486920028924942, 0.4902549088001251, 0.9907870888710022, 0.1773325800895691, 1.4924583435058594, 0.9064238667488098, '00:20']
[21, 0.49080872535705566, 0.4965794086456299, 0.9909741282463074, 0.1750754863023758, 1.2960565090179443, 0.9319532513618469, '00:20']
[22, 0.4936372935771942, 0.47074753046035767, 0.9907801151275635, 0.17560556530952454, 1.3500092029571533, 0.8818219900131226, '00:21']
Better model found at epoch 22 with valid_loss value: 0.47074753046035767.
[23, 0.4852336347103119, 0.5148235559463501, 0.991118848323822, 0.17348743975162506, 1.0434662103652954, 0.9469219446182251, '00:20']
[24, 0.4894287586212158, 0.47952041029930115, 0.9908228516578674, 0.17593948543071747, 1.3599766492843628, 0.9048016667366028, '00:22']
[25, 0.48931190371513367, 0.4835386872291565, 0.9908971190452576, 0.1751139909029007, 1.2935646772384644, 0.9109132289886475, '00:22']
[26, 0.4864785671234131, 0.47670266032218933, 0.9904902577400208, 0.17977076768875122, 1.5560766458511353, 0.8738099932670593, '00:20']
[27, 0.48621702194213867, 0.48285192251205444, 0.9908151030540466, 0.17579104006290436, 1.3874174356460571, 0.8959822654724121, '00:21']
[28, 0.48201796412467957, 0.4679092466831207, 0.9905264377593994, 0.17807017266750336, 1.5190106630325317, 0.8610458374023438, '00:20']
Better model found at epoch 28 with valid_loss value: 0.4679092466831207.
[29, 0.4870914816856384, 0.47137168049812317, 0.9906798601150513, 0.17684635519981384, 1.4314135313034058, 0.880342960357666, '00:21']
[30, 0.4822693467140198, 0.46656307578086853, 0.9907941222190857, 0.1747642606496811, 1.296939730644226, 0.8633437752723694, '00:20']
Better model found at epoch 30 with valid_loss value: 0.46656307578086853.
[31, 0.48573774099349976, 0.4636295437812805, 0.9904463291168213, 0.1787903606891632, 1.530072569847107, 0.8565573692321777, '00:21']
Better model found at epoch 31 with valid_loss value: 0.4636295437812805.
[32, 0.48543840646743774, 0.4835068881511688, 0.9909533262252808, 0.17388005554676056, 1.1381770372390747, 0.897750735282898, '00:21']
[33, 0.47836652398109436, 0.4871586561203003, 0.990873396396637, 0.1754603087902069, 1.3473819494247437, 0.9062634706497192, '00:22']
[34, 0.47836828231811523, 0.4732040464878082, 0.9904841184616089, 0.17906664311885834, 1.5658555030822754, 0.8572127223014832, '00:21']
[35, 0.4738578498363495, 0.4577448070049286, 0.9906312823295593, 0.17594380676746368, 1.3958457708358765, 0.8507782816886902, '00:21']
Better model found at epoch 35 with valid_loss value: 0.4577448070049286.
[36, 0.47128692269325256, 0.47040483355522156, 0.9908592104911804, 0.17437852919101715, 1.2360889911651611, 0.8687402009963989, '00:20']
[37, 0.47612977027893066, 0.47033271193504333, 0.990725040435791, 0.17615695297718048, 1.411028265953064, 0.874935507774353, '00:20']
[38, 0.475055992603302, 0.47046902775764465, 0.9903596639633179, 0.18013568222522736, 1.5974243879318237, 0.8502290844917297, '00:20']
[39, 0.47820863127708435, 0.46277305483818054, 0.9906638860702515, 0.17602822184562683, 1.3853404521942139, 0.8643072247505188, '00:20']
[40, 0.47077274322509766, 0.46030479669570923, 0.9907822012901306, 0.17438438534736633, 1.242713451385498, 0.8519806861877441, '00:21']
[41, 0.4760672152042389, 0.466640442609787, 0.9906587600708008, 0.17644533514976501, 1.4275180101394653, 0.8690231442451477, '00:20']
[42, 0.46696123480796814, 0.476387083530426, 0.9908145666122437, 0.17501240968704224, 1.3107669353485107, 0.8732702136039734, '00:20']
[43, 0.47486254572868347, 0.45982080698013306, 0.9906116724014282, 0.17616331577301025, 1.414443016052246, 0.8523645997047424, '00:20']
No improvement since epoch 35: early stopping
----------
1
----------
DLS create!
[0, 0.5462521910667419, 0.5290772318840027, 0.9917519092559814, 0.1742924004793167, 1.0281299352645874, 1.0001099109649658, '00:21']
Better model found at epoch 0 with valid_loss value: 0.5290772318840027.
[1, 0.5252018570899963, 0.5190311670303345, 0.9916985630989075, 0.17545445263385773, 1.2258594036102295, 0.9841832518577576, '00:21']
Better model found at epoch 1 with valid_loss value: 0.5190311670303345.
[2, 0.5177016854286194, 0.5094956755638123, 0.9915726780891418, 0.1750437617301941, 1.3022300004959106, 0.9488893747329712, '00:21']
Better model found at epoch 2 with valid_loss value: 0.5094956755638123.
[3, 0.508895993232727, 0.5064700245857239, 0.9915896058082581, 0.17502981424331665, 1.2634375095367432, 0.9547680020332336, '00:20']
Better model found at epoch 3 with valid_loss value: 0.5064700245857239.
[4, 0.5095952749252319, 0.49754753708839417, 0.9913458228111267, 0.17888598144054413, 1.5424879789352417, 0.9243922829627991, '00:21']
Better model found at epoch 4 with valid_loss value: 0.49754753708839417.
[5, 0.5070021152496338, 0.5031446814537048, 0.9915805459022522, 0.17433996498584747, 1.1906967163085938, 0.9409568309783936, '00:20']
[6, 0.5058423280715942, 0.49526405334472656, 0.9915288686752319, 0.17535622417926788, 1.2840683460235596, 0.9431484937667847, '00:21']
Better model found at epoch 6 with valid_loss value: 0.49526405334472656.
[7, 0.5030520558357239, 0.5143976807594299, 0.9911653995513916, 0.1863456666469574, 1.7073988914489746, 0.9223878383636475, '00:22']
[8, 0.5033260583877563, 0.5204998254776001, 0.9916940927505493, 0.17585952579975128, 1.267327070236206, 0.986918032169342, '00:20']
[9, 0.5046398043632507, 0.5079531669616699, 0.9915722012519836, 0.17630602419376373, 1.3671244382858276, 0.9603127837181091, '00:22']
[10, 0.5057500004768372, 0.5092284679412842, 0.9914858937263489, 0.1797598898410797, 1.5260897874832153, 0.9564077854156494, '00:20']
[11, 0.49943315982818604, 0.5005242228507996, 0.9915122389793396, 0.17508336901664734, 1.3122855424880981, 0.9301960468292236, '00:21']
[12, 0.4938727617263794, 0.4965229630470276, 0.991457462310791, 0.17613834142684937, 1.369262933731079, 0.9332801699638367, '00:21']
[13, 0.4996849000453949, 0.488860547542572, 0.9914388656616211, 0.1760023683309555, 1.365799069404602, 0.9279639720916748, '00:21']
Better model found at epoch 13 with valid_loss value: 0.488860547542572.
[14, 0.4963873624801636, 0.48641490936279297, 0.9913573861122131, 0.17669528722763062, 1.4136441946029663, 0.92092365026474, '00:21']
Better model found at epoch 14 with valid_loss value: 0.48641490936279297.
[15, 0.49809256196022034, 0.493851900100708, 0.9914715886116028, 0.17504824697971344, 1.3097251653671265, 0.9262233376502991, '00:20']
[16, 0.4931331276893616, 0.49065378308296204, 0.9913935661315918, 0.1767117977142334, 1.4232276678085327, 0.9175816178321838, '00:20']
[17, 0.49612024426460266, 0.48517078161239624, 0.9914054274559021, 0.17597663402557373, 1.3541330099105835, 0.9156158566474915, '00:20']
Better model found at epoch 17 with valid_loss value: 0.48517078161239624.
[18, 0.4914495348930359, 0.49026140570640564, 0.9914627075195312, 0.17472076416015625, 1.257906436920166, 0.9204403758049011, '00:21']
[19, 0.4963233470916748, 0.4861716032028198, 0.9914674758911133, 0.17481322586536407, 1.2439550161361694, 0.9220226407051086, '00:20']
[20, 0.492462158203125, 0.5055519342422485, 0.9915933012962341, 0.17400150001049042, 1.1750596761703491, 0.9389476180076599, '00:23']
[21, 0.49324649572372437, 0.49174320697784424, 0.9914438128471375, 0.1765594184398651, 1.4088877439498901, 0.9251804947853088, '00:21']
[22, 0.49233579635620117, 0.4900500178337097, 0.9913764595985413, 0.17630800604820251, 1.4175947904586792, 0.9205415844917297, '00:20']
[23, 0.49063071608543396, 0.4809902608394623, 0.9911952018737793, 0.1782650351524353, 1.5335580110549927, 0.8941732048988342, '00:20']
Better model found at epoch 23 with valid_loss value: 0.4809902608394623.
[24, 0.4899887442588806, 0.4831264019012451, 0.9912647604942322, 0.1775607019662857, 1.4833078384399414, 0.9054592847824097, '00:20']
[25, 0.49262362718582153, 0.4819750189781189, 0.9913255572319031, 0.17632989585399628, 1.4032859802246094, 0.9071540832519531, '00:20']
[26, 0.4925273060798645, 0.47635239362716675, 0.9911163449287415, 0.17874208092689514, 1.5413484573364258, 0.8843066692352295, '00:21']
Better model found at epoch 26 with valid_loss value: 0.47635239362716675.
[27, 0.48821747303009033, 0.4846280813217163, 0.9915058612823486, 0.17384400963783264, 1.1168040037155151, 0.9058749079704285, '00:21']
[28, 0.48914283514022827, 0.4702790081501007, 0.9911971688270569, 0.17670471966266632, 1.4433790445327759, 0.8846820592880249, '00:20']
Better model found at epoch 28 with valid_loss value: 0.4702790081501007.
[29, 0.491049200296402, 0.465349406003952, 0.9912073612213135, 0.17655576765537262, 1.42046058177948, 0.8740360140800476, '00:21']
Better model found at epoch 29 with valid_loss value: 0.465349406003952.
[30, 0.49050822854042053, 0.4706415832042694, 0.9912639260292053, 0.1759045422077179, 1.3714863061904907, 0.8823114633560181, '00:20']
[31, 0.48636266589164734, 0.47463086247444153, 0.9910693764686584, 0.1790812611579895, 1.5604804754257202, 0.8811051845550537, '00:21']
[32, 0.48539644479751587, 0.5003833770751953, 0.9915609359741211, 0.17420174181461334, 1.192145586013794, 0.9334646463394165, '00:20']
[33, 0.4808967411518097, 0.4646070897579193, 0.9912149906158447, 0.17628887295722961, 1.4090389013290405, 0.8742155432701111, '00:22']
Better model found at epoch 33 with valid_loss value: 0.4646070897579193.
[34, 0.48029929399490356, 0.4814181923866272, 0.9913303256034851, 0.17656326293945312, 1.4396634101867676, 0.9053888916969299, '00:21']
[35, 0.48050305247306824, 0.5094482898712158, 0.9916145205497742, 0.17402739822864532, 1.1664398908615112, 0.9396017789840698, '00:20']
[36, 0.4772386848926544, 0.47799861431121826, 0.9911456108093262, 0.17859092354774475, 1.5316753387451172, 0.8876898884773254, '00:20']
[37, 0.4793602526187897, 0.48501184582710266, 0.99146568775177, 0.17435239255428314, 1.2102394104003906, 0.9061519503593445, '00:22']
[38, 0.48260945081710815, 0.46902891993522644, 0.991336464881897, 0.1749807596206665, 1.291214942932129, 0.8845527172088623, '00:20']
[39, 0.47879907488822937, 0.49622172117233276, 0.991546630859375, 0.17380358278751373, 1.1142207384109497, 0.9192989468574524, '00:23']
[40, 0.4829670488834381, 0.46326422691345215, 0.9910366535186768, 0.178580641746521, 1.5169665813446045, 0.8581426739692688, '00:20']
Better model found at epoch 40 with valid_loss value: 0.46326422691345215.
[41, 0.4718489646911621, 0.47945675253868103, 0.9914261102676392, 0.17434637248516083, 1.2283357381820679, 0.8937024474143982, '00:21']
[42, 0.4796734154224396, 0.46226468682289124, 0.9912099242210388, 0.17615725100040436, 1.3924099206924438, 0.8677098751068115, '00:21']
Better model found at epoch 42 with valid_loss value: 0.46226468682289124.
[43, 0.47890177369117737, 0.4730619490146637, 0.9909581542015076, 0.1802922636270523, 1.6084100008010864, 0.8623161315917969, '00:20']
[44, 0.4752110242843628, 0.4920670688152313, 0.9915304780006409, 0.17418131232261658, 1.1925235986709595, 0.9178676605224609, '00:21']
[45, 0.4724941551685333, 0.4672502279281616, 0.9910110831260681, 0.17915481328964233, 1.5508805513381958, 0.855651319026947, '00:20']
[46, 0.47007495164871216, 0.47266995906829834, 0.9914088249206543, 0.17404693365097046, 1.1752192974090576, 0.8758941888809204, '00:21']
[47, 0.4694569408893585, 0.46462443470954895, 0.9909257292747498, 0.1796218901872635, 1.589068055152893, 0.8530909419059753, '00:20']
[48, 0.4682564437389374, 0.4633003771305084, 0.9909149408340454, 0.17907477915287018, 1.561779260635376, 0.8488916158676147, '00:21']
[49, 0.4645402133464813, 0.4603138267993927, 0.9912744760513306, 0.17495274543762207, 1.2999684810638428, 0.857846200466156, '00:20']
Better model found at epoch 49 with valid_loss value: 0.4603138267993927.
[50, 0.47392451763153076, 0.45279213786125183, 0.9912219643592834, 0.17493177950382233, 1.2843236923217773, 0.8525794744491577, '00:22']
Better model found at epoch 50 with valid_loss value: 0.45279213786125183.
[51, 0.47186917066574097, 0.44817236065864563, 0.9911072254180908, 0.17587970197200775, 1.398648977279663, 0.8401654362678528, '00:21']
Better model found at epoch 51 with valid_loss value: 0.44817236065864563.
[52, 0.4763385057449341, 0.455658495426178, 0.991061806678772, 0.17695936560630798, 1.4553407430648804, 0.8519650101661682, '00:21']
[53, 0.4714978039264679, 0.4687061011791229, 0.9912046194076538, 0.17581117153167725, 1.3872344493865967, 0.8689438700675964, '00:20']
[54, 0.46893081068992615, 0.4513193666934967, 0.9910112619400024, 0.17748618125915527, 1.4689310789108276, 0.8246316313743591, '00:20']
[55, 0.46313491463661194, 0.4834034740924835, 0.9907671213150024, 0.18421365320682526, 1.697455883026123, 0.8424561023712158, '00:21']
[56, 0.4672984182834625, 0.4650723934173584, 0.9908924102783203, 0.18045605719089508, 1.6078873872756958, 0.8441212773323059, '00:21']
[57, 0.4676661789417267, 0.467560350894928, 0.9913783669471741, 0.17384064197540283, 1.1456069946289062, 0.8607997894287109, '00:20']
[58, 0.4639539420604706, 0.4668560326099396, 0.9911408424377441, 0.17805394530296326, 1.4919570684432983, 0.8606390357017517, '00:21']
[59, 0.4686039388179779, 0.4522324800491333, 0.9911038279533386, 0.1755213737487793, 1.3340156078338623, 0.8474427461624146, '00:20']
No improvement since epoch 51: early stopping
----------
2
----------
DLS create!
[0, 0.5300354957580566, 0.514642059803009, 0.991788387298584, 0.17500092089176178, 1.2175889015197754, 0.9791898727416992, '00:21']
Better model found at epoch 0 with valid_loss value: 0.514642059803009.
[1, 0.5106419920921326, 0.522191047668457, 0.9913380742073059, 0.18509191274642944, 1.7089893817901611, 0.9275625348091125, '00:20']
[2, 0.5123646855354309, 0.5189117789268494, 0.9918313026428223, 0.1748332679271698, 1.0779592990875244, 0.9950218796730042, '00:21']
[3, 0.5083751678466797, 0.5180350542068481, 0.991791307926178, 0.1740942895412445, 1.1571589708328247, 0.9732127785682678, '00:21']
[4, 0.512669563293457, 0.4995505213737488, 0.9916918873786926, 0.17430824041366577, 1.1870627403259277, 0.9378373622894287, '00:21']
Better model found at epoch 4 with valid_loss value: 0.4995505213737488.
[5, 0.5117276906967163, 0.4972478747367859, 0.991694450378418, 0.1741112619638443, 1.147986650466919, 0.9364941120147705, '00:21']
Better model found at epoch 5 with valid_loss value: 0.4972478747367859.
[6, 0.5131028890609741, 0.5070419311523438, 0.9917387962341309, 0.17516399919986725, 1.1536891460418701, 0.9728325605392456, '00:21']
[7, 0.5089196562767029, 0.48911938071250916, 0.9916281700134277, 0.17434096336364746, 1.1974527835845947, 0.9219931364059448, '00:21']
Better model found at epoch 7 with valid_loss value: 0.48911938071250916.
[8, 0.5062640309333801, 0.47308945655822754, 0.9913480281829834, 0.17692553997039795, 1.4172693490982056, 0.8958003520965576, '00:20']
Better model found at epoch 8 with valid_loss value: 0.47308945655822754.
[9, 0.5060486793518066, 0.49903032183647156, 0.9916945695877075, 0.17428487539291382, 1.183154821395874, 0.9420442581176758, '00:20']
[10, 0.5048813819885254, 0.5365968346595764, 0.9918498992919922, 0.17353181540966034, 1.0059292316436768, 1.000970482826233, '00:20']
[11, 0.5084362030029297, 0.5028180480003357, 0.9917489886283875, 0.1744338423013687, 1.1116124391555786, 0.9612637758255005, '00:21']
[12, 0.5001623034477234, 0.4645971357822418, 0.9911124110221863, 0.1784953474998474, 1.5350379943847656, 0.8587228655815125, '00:20']
Better model found at epoch 12 with valid_loss value: 0.4645971357822418.
[13, 0.5036875605583191, 0.4768335521221161, 0.991298258304596, 0.17818956077098846, 1.497861623764038, 0.8963297009468079, '00:21']
[14, 0.5032923221588135, 0.45564839243888855, 0.9911954402923584, 0.17683303356170654, 1.4310320615768433, 0.856000542640686, '00:20']
Better model found at epoch 14 with valid_loss value: 0.45564839243888855.
[15, 0.5011181831359863, 0.4643500745296478, 0.9914724826812744, 0.1745956540107727, 1.240767240524292, 0.8743394017219543, '00:20']
[16, 0.49845853447914124, 0.4984772801399231, 0.9917017817497253, 0.17487040162086487, 1.1961350440979004, 0.9520318508148193, '00:20']
[17, 0.5008270740509033, 0.4648563861846924, 0.9912076592445374, 0.17790181934833527, 1.4775723218917847, 0.8743417263031006, '00:21']
[18, 0.49655818939208984, 0.6823005080223083, 0.9910215139389038, 0.24596796929836273, 1.9213535785675049, 0.9407709836959839, '00:20']
[19, 0.49540871381759644, 0.48339545726776123, 0.9915662407875061, 0.1748938411474228, 1.277482032775879, 0.9142716526985168, '00:21']
[20, 0.5022826790809631, 0.46703699231147766, 0.9914339184761047, 0.17548605799674988, 1.3126987218856812, 0.8890035152435303, '00:20']
[21, 0.4967786371707916, 0.49116814136505127, 0.9915875196456909, 0.17558102309703827, 1.3348112106323242, 0.9300391674041748, '00:21']
[22, 0.4933735132217407, 0.5169540047645569, 0.9917614459991455, 0.17390364408493042, 1.1336338520050049, 0.9656428694725037, '00:21']
No improvement since epoch 14: early stopping
----------
3
----------
DLS create!
[0, 0.539273738861084, 0.5248112678527832, 0.9926756620407104, 0.17388364672660828, 1.0124506950378418, 1.0001249313354492, '00:21']
Better model found at epoch 0 with valid_loss value: 0.5248112678527832.
[1, 0.5212968587875366, 0.5201968550682068, 0.9926624894142151, 0.17459474503993988, 1.1068283319473267, 0.9952494502067566, '00:21']
Better model found at epoch 1 with valid_loss value: 0.5201968550682068.
[2, 0.5179781317710876, 0.5116413831710815, 0.9926192164421082, 0.17527848482131958, 1.0935806035995483, 0.9852664470672607, '00:20']
Better model found at epoch 2 with valid_loss value: 0.5116413831710815.
[3, 0.5144649147987366, 0.5140488743782043, 0.992581307888031, 0.17511005699634552, 1.254846453666687, 0.9805485606193542, '00:21']
[4, 0.5133307576179504, 0.5126332640647888, 0.9925886988639832, 0.1759372055530548, 1.2019405364990234, 0.9842008948326111, '00:21']
[5, 0.5079089403152466, 0.49719372391700745, 0.9924289584159851, 0.1754438877105713, 1.3593804836273193, 0.9495280385017395, '00:21']
Better model found at epoch 5 with valid_loss value: 0.49719372391700745.
[6, 0.5102571249008179, 0.5018723607063293, 0.9924918413162231, 0.17519482970237732, 1.1916589736938477, 0.9664273858070374, '00:20']
[7, 0.5068689584732056, 0.4914169907569885, 0.9922833442687988, 0.17637567222118378, 1.3904049396514893, 0.9405377507209778, '00:21']
Better model found at epoch 7 with valid_loss value: 0.4914169907569885.
[8, 0.5057559013366699, 0.5556260347366333, 0.9921004176139832, 0.19880472123622894, 1.8340344429016113, 0.9516054391860962, '00:19']
[9, 0.5052764415740967, 0.48833128809928894, 0.9921721816062927, 0.17798134684562683, 1.548118233680725, 0.9244064092636108, '00:21']
Better model found at epoch 9 with valid_loss value: 0.48833128809928894.
[10, 0.5041699409484863, 0.49771252274513245, 0.9924771189689636, 0.17466138303279877, 1.2773854732513428, 0.9475710988044739, '00:20']
[11, 0.5007874965667725, 0.47767913341522217, 0.9920564293861389, 0.17629413306713104, 1.4394569396972656, 0.9116016626358032, '00:22']
Better model found at epoch 11 with valid_loss value: 0.47767913341522217.
[12, 0.5030986666679382, 0.4874550700187683, 0.9923298358917236, 0.17525167763233185, 1.3306618928909302, 0.9314852952957153, '00:19']
[13, 0.5016405582427979, 0.5109102129936218, 0.9923825860023499, 0.17906107008457184, 1.5659489631652832, 0.9587381482124329, '00:21']
[14, 0.5030741095542908, 0.5080162882804871, 0.9921198487281799, 0.18283303081989288, 1.7067145109176636, 0.9330214262008667, '00:20']
[15, 0.4954112470149994, 0.48662543296813965, 0.9923161864280701, 0.17491434514522552, 1.3248276710510254, 0.9253876209259033, '00:20']
[16, 0.49575716257095337, 0.5012996196746826, 0.9924699664115906, 0.1746472865343094, 1.2765811681747437, 0.9541857838630676, '00:21']
[17, 0.4998805522918701, 0.5049719214439392, 0.9925170540809631, 0.1743892878293991, 1.226649522781372, 0.9615925550460815, '00:20']
[18, 0.4972526431083679, 0.4821220934391022, 0.9920852184295654, 0.1763865053653717, 1.4668502807617188, 0.9176485538482666, '00:20']
[19, 0.5020438432693481, 0.48123297095298767, 0.9921830892562866, 0.17621587216854095, 1.4285293817520142, 0.9221128821372986, '00:20']
No improvement since epoch 11: early stopping
----------
4
----------
DLS create!
[0, 0.555712878704071, 0.5292598009109497, 0.9896565675735474, 0.1741253137588501, 1.0137306451797485, 0.9977633357048035, '00:20']
Better model found at epoch 0 with valid_loss value: 0.5292598009109497.
[1, 0.52829909324646, 0.5223737359046936, 0.9896246790885925, 0.17492057383060455, 1.1106843948364258, 0.9868808388710022, '00:22']
Better model found at epoch 1 with valid_loss value: 0.5223737359046936.
[2, 0.5167092084884644, 0.511463463306427, 0.9894712567329407, 0.17849193513393402, 1.2205134630203247, 0.9695322513580322, '00:21']
Better model found at epoch 2 with valid_loss value: 0.511463463306427.
[3, 0.5151594281196594, 0.5093212723731995, 0.9895315766334534, 0.1748194694519043, 1.1868600845336914, 0.9558318257331848, '00:22']
Better model found at epoch 3 with valid_loss value: 0.5093212723731995.
[4, 0.5068045854568481, 0.48198816180229187, 0.9891727566719055, 0.17634272575378418, 1.3880444765090942, 0.8988702297210693, '00:22']
Better model found at epoch 4 with valid_loss value: 0.48198816180229187.
[5, 0.5084535479545593, 0.5057491660118103, 0.989473283290863, 0.17539040744304657, 1.226185917854309, 0.9506790041923523, '00:20']
[6, 0.5102755427360535, 0.5021304488182068, 0.9894047379493713, 0.17571134865283966, 1.246124505996704, 0.9479860663414001, '00:21']
[7, 0.5029118657112122, 0.505967915058136, 0.9894598722457886, 0.1741527020931244, 1.1718456745147705, 0.9328427910804749, '00:21']
[8, 0.5025151968002319, 0.4935060441493988, 0.9892319440841675, 0.1772344559431076, 1.4522053003311157, 0.9134095311164856, '00:21']
[9, 0.5001819133758545, 0.5097354650497437, 0.9894990921020508, 0.17408913373947144, 1.2091639041900635, 0.9289180636405945, '00:21']
[10, 0.505266010761261, 0.5040722489356995, 0.9894660115242004, 0.17441977560520172, 1.1453208923339844, 0.9433614611625671, '00:21']
[11, 0.5030161142349243, 0.5120896100997925, 0.9895082116127014, 0.1740451455116272, 1.1459287405014038, 0.9476495385169983, '00:20']
[12, 0.5012615919113159, 0.5186828374862671, 0.9895502328872681, 0.17353859543800354, 1.0564054250717163, 0.9508049488067627, '00:21']
No improvement since epoch 4: early stopping
FPN Done!
