Models will save to FPN_effb7_x
Use efficientnet-b7 encoder
Start training...
----------
0
----------
DLS create!
[0, 0.5568302869796753, 0.5298590064048767, 0.992118775844574, 0.17353996634483337, 1.0087394714355469, 0.9999791979789734, '00:39']
Better model found at epoch 0 with valid_loss value: 0.5298590064048767.
[1, 0.5291750431060791, 0.5302236080169678, 0.9921186566352844, 0.173501119017601, 1.0066579580307007, 0.9999660849571228, '00:39']
[2, 0.5162003636360168, 0.5265182852745056, 0.992118775844574, 0.17370127141475677, 1.008095383644104, 1.0000121593475342, '00:37']
Better model found at epoch 2 with valid_loss value: 0.5265182852745056.
[3, 0.5093851685523987, 0.536650538444519, 0.992118775844574, 0.17332354187965393, 1.000927209854126, 0.999989926815033, '00:37']
[4, 0.5089341402053833, 0.525667667388916, 0.9921185970306396, 0.17371588945388794, 1.0030595064163208, 0.9999597668647766, '00:38']
Better model found at epoch 4 with valid_loss value: 0.525667667388916.
[5, 0.5041307806968689, 0.532451331615448, 0.9921186566352844, 0.17336837947368622, 1.000556230545044, 0.9999549388885498, '00:38']
[6, 0.5047458410263062, 0.5212317705154419, 0.9921162128448486, 0.17431746423244476, 1.0077403783798218, 0.9991066455841064, '00:38']
Better model found at epoch 6 with valid_loss value: 0.5212317705154419.
[7, 0.5015624165534973, 0.5244021415710449, 0.9921174049377441, 0.17380426824092865, 1.0042219161987305, 0.9993826746940613, '00:38']
[8, 0.4991166591644287, 0.5308748483657837, 0.9921176433563232, 0.17337659001350403, 1.0015438795089722, 0.9989194869995117, '00:40']
[9, 0.498796284198761, 0.520734429359436, 0.992075502872467, 0.17345398664474487, 1.0162276029586792, 0.9767431020736694, '00:39']
Better model found at epoch 9 with valid_loss value: 0.520734429359436.
[10, 0.4979267418384552, 0.5232033133506775, 0.9920894503593445, 0.1734769642353058, 1.0361088514328003, 0.9830970168113708, '00:38']
[11, 0.4982048273086548, 0.5000349283218384, 0.9919645190238953, 0.17413435876369476, 1.1947849988937378, 0.9410668611526489, '00:38']
Better model found at epoch 11 with valid_loss value: 0.5000349283218384.
[12, 0.4966784417629242, 0.5245872139930725, 0.9921000003814697, 0.1735563725233078, 1.0503578186035156, 0.9871715307235718, '00:38']
[13, 0.49952617287635803, 0.5147048234939575, 0.992037296295166, 0.17404145002365112, 1.128440260887146, 0.9736866354942322, '00:38']
[14, 0.501061201095581, 0.5014464259147644, 0.9919247627258301, 0.1738917976617813, 1.1668351888656616, 0.9394007325172424, '00:39']
[15, 0.504271924495697, 0.4842914342880249, 0.991791844367981, 0.17458964884281158, 1.2708113193511963, 0.9155449271202087, '00:38']
Better model found at epoch 15 with valid_loss value: 0.4842914342880249.
[16, 0.5027191042900085, 0.4816140830516815, 0.9914788007736206, 0.18046651780605316, 1.5884041786193848, 0.8952299356460571, '00:38']
Better model found at epoch 16 with valid_loss value: 0.4816140830516815.
[17, 0.5012032985687256, 0.49074262380599976, 0.9918524622917175, 0.1747712641954422, 1.2932454347610474, 0.9277611970901489, '00:37']
[18, 0.49364960193634033, 0.4892464876174927, 0.9918386936187744, 0.17508162558078766, 1.3340415954589844, 0.9223806858062744, '00:40']
[19, 0.4967638850212097, 0.4887100160121918, 0.9918828010559082, 0.17414431273937225, 1.211570143699646, 0.918314516544342, '00:37']
[20, 0.4996267557144165, 0.4767519235610962, 0.9917835593223572, 0.1744184046983719, 1.2356995344161987, 0.9025029540061951, '00:37']
Better model found at epoch 20 with valid_loss value: 0.4767519235610962.
[21, 0.4939062297344208, 0.47213661670684814, 0.9912903904914856, 0.17982707917690277, 1.617494821548462, 0.8631530404090881, '00:39']
Better model found at epoch 21 with valid_loss value: 0.47213661670684814.
[22, 0.4869421422481537, 0.4572873115539551, 0.9914042949676514, 0.17683382332324982, 1.4908477067947388, 0.8549248576164246, '00:38']
Better model found at epoch 22 with valid_loss value: 0.4572873115539551.
[23, 0.48040929436683655, 0.5352141261100769, 0.9915956854820251, 0.18575310707092285, 1.747454285621643, 0.9343268871307373, '00:37']
[24, 0.48798292875289917, 0.4698149859905243, 0.9914995431900024, 0.17741285264492035, 1.5072282552719116, 0.8774913549423218, '00:38']
[25, 0.49141013622283936, 0.47299543023109436, 0.991745114326477, 0.17427191138267517, 1.2318240404129028, 0.8852329254150391, '00:38']
[26, 0.48970070481300354, 0.4849989712238312, 0.9918602108955383, 0.17377781867980957, 1.1288460493087769, 0.9057191014289856, '00:41']
[27, 0.48146331310272217, 0.4630321264266968, 0.9914426207542419, 0.17652128636837006, 1.4724867343902588, 0.8648718595504761, '00:41']
[28, 0.4870817959308624, 0.4732418954372406, 0.9916163682937622, 0.17473401129245758, 1.2843825817108154, 0.8908295631408691, '00:37']
[29, 0.4859388768672943, 0.4540385901927948, 0.991506040096283, 0.17540299892425537, 1.3752142190933228, 0.8561778664588928, '00:39']
Better model found at epoch 29 with valid_loss value: 0.4540385901927948.
[30, 0.4879247844219208, 0.46680545806884766, 0.9914448261260986, 0.17729191482067108, 1.514531135559082, 0.8691611289978027, '00:37']
[31, 0.4843378961086273, 0.4904405176639557, 0.9916410446166992, 0.176522359251976, 1.4503769874572754, 0.913974404335022, '00:38']
[32, 0.4904336929321289, 0.4590459167957306, 0.9913459420204163, 0.17765608429908752, 1.5162791013717651, 0.859954297542572, '00:39']
[33, 0.48676246404647827, 0.4672582149505615, 0.9916777014732361, 0.17506365478038788, 1.3488531112670898, 0.8810136914253235, '00:39']
[34, 0.4859389066696167, 0.5280833840370178, 0.9921131134033203, 0.17459625005722046, 1.1872981786727905, 0.9986669421195984, '00:37']
[35, 0.49358439445495605, 0.5242883563041687, 0.9920632243156433, 0.17837756872177124, 1.4728386402130127, 0.9852234721183777, '00:39']
[36, 0.4969868063926697, 0.49976804852485657, 0.9916572570800781, 0.18070665001869202, 1.609857439994812, 0.9233870506286621, '00:38']
[37, 0.49209702014923096, 0.4807118773460388, 0.9914791584014893, 0.17877258360385895, 1.5978045463562012, 0.8833739757537842, '00:37']
No improvement since epoch 29: early stopping
----------
1
----------
DLS create!
[0, 0.5302534699440002, 0.5320883393287659, 0.9903309941291809, 0.1738310605287552, 1.011527180671692, 1.0001633167266846, '00:40']
Better model found at epoch 0 with valid_loss value: 0.5320883393287659.
[1, 0.5209720730781555, 0.5363510847091675, 0.990330696105957, 0.1735207438468933, 1.004596471786499, 1.0001142024993896, '00:41']
[2, 0.5184057950973511, 0.5316595435142517, 0.9903305768966675, 0.17374487221240997, 1.0037240982055664, 1.000023603439331, '00:42']
Better model found at epoch 2 with valid_loss value: 0.5316595435142517.
[3, 0.5087328553199768, 0.5370352268218994, 0.9903305768966675, 0.17345018684864044, 1.002202033996582, 1.0000277757644653, '00:40']
[4, 0.5046742558479309, 0.5360825657844543, 0.9903305172920227, 0.17348313331604004, 1.001880407333374, 1.0000014305114746, '00:42']
[5, 0.502130925655365, 0.5307160019874573, 0.9903292059898376, 0.17373843491077423, 1.0034756660461426, 0.9994242191314697, '00:41']
Better model found at epoch 5 with valid_loss value: 0.5307160019874573.
[6, 0.4979560971260071, 0.5373566150665283, 0.9903298616409302, 0.17340847849845886, 1.001926064491272, 0.9994479417800903, '00:39']
[7, 0.49979448318481445, 0.5392885208129883, 0.9903298616409302, 0.17336533963680267, 1.001189947128296, 0.9992858171463013, '00:39']
[8, 0.49678102135658264, 0.5352391600608826, 0.9903278350830078, 0.17341572046279907, 1.004311442375183, 0.9974176287651062, '00:42']
[9, 0.4919106960296631, 0.5385802388191223, 0.9903247356414795, 0.17335015535354614, 1.0047273635864258, 0.9930605292320251, '00:38']
[10, 0.4912949204444885, 0.5053509473800659, 0.9901588559150696, 0.17358867824077606, 1.1016966104507446, 0.9175082445144653, '00:41']
Better model found at epoch 10 with valid_loss value: 0.5053509473800659.
[11, 0.48938170075416565, 0.4707649052143097, 0.989750325679779, 0.17558404803276062, 1.3648277521133423, 0.867431640625, '00:41']
Better model found at epoch 11 with valid_loss value: 0.4707649052143097.
[12, 0.4899853765964508, 0.5203543305397034, 0.9901917576789856, 0.1770799458026886, 1.4519290924072266, 0.9526440501213074, '00:40']
[13, 0.49297744035720825, 0.5510009527206421, 0.9903305768966675, 0.1733010858297348, 1.0001238584518433, 1.0000377893447876, '00:41']
[14, 0.49178141355514526, 0.5419608950614929, 0.9903289675712585, 0.17350178956985474, 1.0679622888565063, 0.9983709454536438, '00:40']
[15, 0.4881265461444855, 0.5324512720108032, 0.990300714969635, 0.17408008873462677, 1.2172728776931763, 0.9762818217277527, '00:41']
[16, 0.4863717555999756, 0.5389688014984131, 0.9903179407119751, 0.17419223487377167, 1.2287423610687256, 0.9886478185653687, '00:39']
[17, 0.49130910634994507, 0.5010438561439514, 0.9900466203689575, 0.17528744041919708, 1.3567012548446655, 0.9256781339645386, '00:39']
[18, 0.4915044903755188, 0.48942193388938904, 0.9900681972503662, 0.1737077832221985, 1.1373566389083862, 0.893222451210022, '00:40']
[19, 0.4875767230987549, 0.4714334309101105, 0.9896376132965088, 0.17708460986614227, 1.5039628744125366, 0.8569490909576416, '00:39']
No improvement since epoch 11: early stopping
----------
2
----------
DLS create!
[0, 0.5289843082427979, 0.5177638530731201, 0.9843519926071167, 0.17571476101875305, 1.0393072366714478, 1.0001226663589478, '00:39']
Better model found at epoch 0 with valid_loss value: 0.5177638530731201.
[1, 0.5215666890144348, 0.5195378661155701, 0.984351634979248, 0.17409458756446838, 1.0065068006515503, 0.9999883770942688, '00:39']
[2, 0.5189763307571411, 0.5249127745628357, 0.9843518137931824, 0.17346781492233276, 1.0025664567947388, 1.0000016689300537, '00:40']
[3, 0.5161606669425964, 0.5290331244468689, 0.9843516945838928, 0.17334288358688354, 1.0010207891464233, 0.9999977946281433, '00:39']
[4, 0.5120604038238525, 0.5233741998672485, 0.9843516945838928, 0.17353826761245728, 1.0013463497161865, 0.9999657869338989, '00:40']
[5, 0.5071243643760681, 0.5288302898406982, 0.9843516945838928, 0.1733391433954239, 1.0008904933929443, 0.9999055862426758, '00:40']
[6, 0.5088223814964294, 0.521570086479187, 0.9843507409095764, 0.173623725771904, 1.002705693244934, 0.9993724822998047, '00:39']
[7, 0.50175541639328, 0.526802659034729, 0.984351634979248, 0.1734190732240677, 1.00287926197052, 0.9997203946113586, '00:40']
[8, 0.5047451257705688, 0.5217953324317932, 0.9843505024909973, 0.17367464303970337, 1.0091118812561035, 0.9994646310806274, '00:39']
No improvement since epoch 0: early stopping
----------
3
----------
DLS create!
[0, 0.5422050952911377, 0.5289384722709656, 0.9923123121261597, 0.17379435896873474, 1.0299303531646729, 1.0001755952835083, '00:41']
Better model found at epoch 0 with valid_loss value: 0.5289384722709656.
[1, 0.5265187621116638, 0.5276104807853699, 0.9923121333122253, 0.1736358255147934, 1.0112913846969604, 1.0000725984573364, '00:40']
Better model found at epoch 1 with valid_loss value: 0.5276104807853699.
[2, 0.515164852142334, 0.5202171206474304, 0.992311954498291, 0.1752004474401474, 1.0273716449737549, 1.0000666379928589, '00:41']
Better model found at epoch 2 with valid_loss value: 0.5202171206474304.
[3, 0.514941930770874, 0.5214362740516663, 0.992311954498291, 0.1743934452533722, 1.0119856595993042, 1.0000003576278687, '00:39']
[4, 0.5124585032463074, 0.5294086933135986, 0.992311954498291, 0.1734287142753601, 1.0013859272003174, 0.9999273419380188, '00:41']
[5, 0.5039837956428528, 0.5341789722442627, 0.9923120737075806, 0.17333415150642395, 1.0009679794311523, 0.9999616742134094, '00:39']
[6, 0.5018180012702942, 0.5293763279914856, 0.9923115968704224, 0.173405721783638, 1.0016387701034546, 0.9995011687278748, '00:39']
[7, 0.499764621257782, 0.5278450846672058, 0.9923108816146851, 0.17342592775821686, 1.001881718635559, 0.9987726211547852, '00:41']
[8, 0.5012573599815369, 0.5157582759857178, 0.9922812581062317, 0.17394223809242249, 1.0610393285751343, 0.9857274889945984, '00:41']
Better model found at epoch 8 with valid_loss value: 0.5157582759857178.
[9, 0.4961611032485962, 0.5034551024436951, 0.992180347442627, 0.17490902543067932, 1.2590523958206177, 0.9590809941291809, '00:39']
Better model found at epoch 9 with valid_loss value: 0.5034551024436951.
[10, 0.4955621659755707, 0.5074148774147034, 0.9922330379486084, 0.17379866540431976, 1.1075552701950073, 0.9556130766868591, '00:40']
[11, 0.4921967089176178, 0.48766905069351196, 0.9920623302459717, 0.17477503418922424, 1.2848707437515259, 0.9186004400253296, '00:39']
Better model found at epoch 11 with valid_loss value: 0.48766905069351196.
[12, 0.4900161027908325, 0.5118520259857178, 0.9921963214874268, 0.17339837551116943, 1.0238227844238281, 0.9501082301139832, '00:38']
[13, 0.4931463301181793, 0.5068073272705078, 0.9921405911445618, 0.17521904408931732, 1.291532278060913, 0.9577634930610657, '00:40']
[14, 0.49500080943107605, 0.4838953912258148, 0.9920086860656738, 0.17531055212020874, 1.3567649126052856, 0.9115931391716003, '00:38']
Better model found at epoch 14 with valid_loss value: 0.4838953912258148.
[15, 0.49365079402923584, 0.4748804271221161, 0.9918308258056641, 0.17624957859516144, 1.395125389099121, 0.8929115533828735, '00:38']
Better model found at epoch 15 with valid_loss value: 0.4748804271221161.
[16, 0.4899391829967499, 0.4828201234340668, 0.9919251203536987, 0.17492516338825226, 1.2999563217163086, 0.9039270877838135, '00:38']
[17, 0.4898855984210968, 0.4654448330402374, 0.9916841983795166, 0.17637161910533905, 1.3885935544967651, 0.8704941868782043, '00:38']
Better model found at epoch 17 with valid_loss value: 0.4654448330402374.
[18, 0.48941752314567566, 0.47504130005836487, 0.9913021326065063, 0.183159738779068, 1.658569574356079, 0.8586036562919617, '00:38']
[19, 0.485981285572052, 0.482593834400177, 0.9914525151252747, 0.18271954357624054, 1.6460624933242798, 0.8657053112983704, '00:37']
[20, 0.48494791984558105, 0.5347194671630859, 0.9923120737075806, 0.1733325719833374, 1.0023651123046875, 1.0001107454299927, '00:37']
[21, 0.49503880739212036, 0.5255918502807617, 0.9922813177108765, 0.17458510398864746, 1.2294108867645264, 0.9865989089012146, '00:37']
[22, 0.49412989616394043, 0.5108342170715332, 0.9921646118164062, 0.1760374903678894, 1.4016846418380737, 0.9598715901374817, '00:37']
[23, 0.49040231108665466, 0.4899645745754242, 0.9920580983161926, 0.17423883080482483, 1.1920098066329956, 0.9254591464996338, '00:38']
[24, 0.4818795323371887, 0.48954153060913086, 0.9920771718025208, 0.17358751595020294, 1.088704228401184, 0.9032579064369202, '00:38']
[25, 0.48284050822257996, 0.47272080183029175, 0.9913269877433777, 0.18114915490150452, 1.6253758668899536, 0.8491929173469543, '00:37']
No improvement since epoch 17: early stopping
----------
4
----------
DLS create!
[0, 0.5228286981582642, 0.5542690753936768, 0.9890099167823792, 0.17334428429603577, 1.003835916519165, 0.9999841451644897, '00:37']
Better model found at epoch 0 with valid_loss value: 0.5542690753936768.
[1, 0.5175377130508423, 0.5425643920898438, 0.9890096187591553, 0.17344814538955688, 1.0036908388137817, 0.9999698400497437, '00:36']
Better model found at epoch 1 with valid_loss value: 0.5425643920898438.
[2, 0.5127140879631042, 0.5462253093719482, 0.9890097975730896, 0.1733618527650833, 1.0008870363235474, 0.9999791979789734, '00:38']
[3, 0.5088726282119751, 0.5431428551673889, 0.9890097975730896, 0.17341168224811554, 1.0008413791656494, 0.9999881982803345, '00:38']
[4, 0.5021957159042358, 0.5352275967597961, 0.9890092015266418, 0.17376509308815002, 1.003755807876587, 0.9998595118522644, '00:38']
Better model found at epoch 4 with valid_loss value: 0.5352275967597961.
[5, 0.5031809210777283, 0.5445655584335327, 0.9890097379684448, 0.17340634763240814, 1.0025033950805664, 0.9999936819076538, '00:38']
[6, 0.5026505589485168, 0.5498813390731812, 0.9890097975730896, 0.17337651550769806, 1.001265048980713, 0.9998899102210999, '00:37']
[7, 0.5039260983467102, 0.5405905246734619, 0.9890095591545105, 0.1734897345304489, 1.0010406970977783, 0.9999611377716064, '00:37']
[8, 0.5024328827857971, 0.5544880628585815, 0.9890099763870239, 0.1733332723379135, 1.0014551877975464, 1.0004135370254517, '00:37']
[9, 0.5019292235374451, 0.5473780632019043, 0.9890088438987732, 0.1733679622411728, 1.001815915107727, 0.9988586902618408, '00:38']
[10, 0.4988778531551361, 0.5213814377784729, 0.9889385104179382, 0.17354989051818848, 1.0422662496566772, 0.9511313438415527, '00:37']
Better model found at epoch 10 with valid_loss value: 0.5213814377784729.
[11, 0.49393603205680847, 0.5291192531585693, 0.9889574646949768, 0.17363230884075165, 1.0225578546524048, 0.973202109336853, '00:37']
[12, 0.49217018485069275, 0.5305900573730469, 0.9889577627182007, 0.1734142005443573, 1.0205016136169434, 0.9619177579879761, '00:38']
[13, 0.48714151978492737, 0.5295246839523315, 0.9886128306388855, 0.18174022436141968, 1.5890802145004272, 0.9316955208778381, '00:38']
[14, 0.4941040575504303, 0.5167502164840698, 0.9888651967048645, 0.17390300333499908, 1.1095918416976929, 0.9408944845199585, '00:37']
Better model found at epoch 14 with valid_loss value: 0.5167502164840698.
[15, 0.48645439743995667, 0.5275650024414062, 0.9887009859085083, 0.18051974475383759, 1.5680739879608154, 0.9457578063011169, '00:38']
[16, 0.48271894454956055, 0.4851013720035553, 0.9885727763175964, 0.1752145141363144, 1.273728609085083, 0.8875935077667236, '00:38']
Better model found at epoch 16 with valid_loss value: 0.4851013720035553.
[17, 0.4845471680164337, 0.527326762676239, 0.9889185428619385, 0.17414145171642303, 1.1562151908874512, 0.9641568064689636, '00:37']
[18, 0.48625892400741577, 0.4998216927051544, 0.988529622554779, 0.17841695249080658, 1.4759447574615479, 0.911995530128479, '00:37']
[19, 0.48307085037231445, 0.4829234778881073, 0.9884656667709351, 0.17651979625225067, 1.3376545906066895, 0.886715292930603, '00:37']
Better model found at epoch 19 with valid_loss value: 0.4829234778881073.
[20, 0.48838382959365845, 0.5343979597091675, 0.9889342784881592, 0.17355526983737946, 1.0369603633880615, 0.964131772518158, '00:37']
[21, 0.4915674924850464, 0.5110357999801636, 0.988866925239563, 0.1746111959218979, 1.2011098861694336, 0.9455686211585999, '00:38']
[22, 0.4848915636539459, 0.47896304726600647, 0.9883314967155457, 0.1774982362985611, 1.432396411895752, 0.8713330626487732, '00:38']
Better model found at epoch 22 with valid_loss value: 0.47896304726600647.
[23, 0.4782303273677826, 0.49657556414604187, 0.9882686138153076, 0.17975689470767975, 1.5282962322235107, 0.8799101114273071, '00:38']
[24, 0.48123693466186523, 0.5145084261894226, 0.988774836063385, 0.17440363764762878, 1.1901538372039795, 0.9252424836158752, '00:38']
[25, 0.476946622133255, 0.4986919164657593, 0.9884612560272217, 0.178730309009552, 1.5023610591888428, 0.8929189443588257, '00:37']
[26, 0.47883033752441406, 0.5235328078269958, 0.9888967275619507, 0.17522810399532318, 1.2499926090240479, 0.9734863638877869, '00:38']
[27, 0.4733605980873108, 0.510221004486084, 0.9881923794746399, 0.18396443128585815, 1.6467595100402832, 0.8893095254898071, '00:38']
[28, 0.47082945704460144, 0.5023579597473145, 0.9887005090713501, 0.1753302365541458, 1.300383448600769, 0.9162560701370239, '00:38']
[29, 0.4737265110015869, 0.4995567202568054, 0.9887793660163879, 0.17396847903728485, 1.0965251922607422, 0.9210693836212158, '00:37']
[30, 0.4726184010505676, 0.47692206501960754, 0.9883354306221008, 0.17680157721042633, 1.3772180080413818, 0.8643845319747925, '00:38']
Better model found at epoch 30 with valid_loss value: 0.47692206501960754.
[31, 0.46559593081474304, 0.47589343786239624, 0.9884055256843567, 0.17584894597530365, 1.3313969373703003, 0.8615840673446655, '00:38']
Better model found at epoch 31 with valid_loss value: 0.47589343786239624.
[32, 0.473219096660614, 0.4837425947189331, 0.9885974526405334, 0.17493222653865814, 1.252652883529663, 0.886309027671814, '00:37']
[33, 0.4700765609741211, 0.49015679955482483, 0.9886626601219177, 0.17424651980400085, 1.167987585067749, 0.8916448354721069, '00:37']
[34, 0.47574862837791443, 0.48915883898735046, 0.9884704947471619, 0.17803482711315155, 1.4311044216156006, 0.9004550576210022, '00:38']
[35, 0.4783918261528015, 0.4734787046909332, 0.9883629083633423, 0.17621955275535583, 1.3419520854949951, 0.8638757467269897, '00:37']
Better model found at epoch 35 with valid_loss value: 0.4734787046909332.
[36, 0.46853387355804443, 0.47724512219429016, 0.9881889820098877, 0.17821775376796722, 1.4763131141662598, 0.8490291833877563, '00:37']
[37, 0.475413054227829, 0.4950536787509918, 0.9879785776138306, 0.18288680911064148, 1.618090033531189, 0.8580085039138794, '00:37']
[38, 0.47446945309638977, 0.5429844260215759, 0.988286554813385, 0.19013960659503937, 1.7217663526535034, 0.916854739189148, '00:38']
[39, 0.4695512056350708, 0.48219454288482666, 0.9883572459220886, 0.17685796320438385, 1.383568525314331, 0.8703182339668274, '00:37']
[40, 0.4682871997356415, 0.4823912978172302, 0.9884603023529053, 0.1763012707233429, 1.3448472023010254, 0.8751320838928223, '00:37']
[41, 0.4710579216480255, 0.5036869049072266, 0.9885265827178955, 0.17929694056510925, 1.507873773574829, 0.9201419949531555, '00:38']
[42, 0.47763964533805847, 0.484462708234787, 0.988731324672699, 0.17380258440971375, 1.0939483642578125, 0.8833764791488647, '00:37']
[43, 0.46709638833999634, 0.469592809677124, 0.9881051182746887, 0.17776796221733093, 1.4260364770889282, 0.8376497030258179, '00:38']
Better model found at epoch 43 with valid_loss value: 0.469592809677124.
[44, 0.46402961015701294, 0.4700964391231537, 0.9882073998451233, 0.17663319408893585, 1.3369859457015991, 0.8417156934738159, '00:38']
[45, 0.46178773045539856, 0.48051145672798157, 0.9880334138870239, 0.17969225347042084, 1.5162335634231567, 0.841099202632904, '00:37']
[46, 0.4634741544723511, 0.4687393307685852, 0.9880639314651489, 0.1789707988500595, 1.510001301765442, 0.8518980741500854, '00:37']
Better model found at epoch 46 with valid_loss value: 0.4687393307685852.
[47, 0.4680839478969574, 0.4850561022758484, 0.9884974360466003, 0.17686986923217773, 1.370039463043213, 0.8933323621749878, '00:37']
[48, 0.47463446855545044, 0.5040861964225769, 0.9887985587120056, 0.17378920316696167, 1.1040456295013428, 0.9050394892692566, '00:37']
[49, 0.4680302143096924, 0.4687129855155945, 0.9883311986923218, 0.1758165955543518, 1.315638542175293, 0.8454376459121704, '00:38']
Better model found at epoch 49 with valid_loss value: 0.4687129855155945.
[50, 0.4604083001613617, 0.47761204838752747, 0.988472044467926, 0.1751750409603119, 1.268073558807373, 0.8618310689926147, '00:37']
[51, 0.46027618646621704, 0.4702833592891693, 0.9883170127868652, 0.17602382600307465, 1.3164936304092407, 0.8538137674331665, '00:38']
[52, 0.4579070508480072, 0.4702727496623993, 0.9884133338928223, 0.17505556344985962, 1.2623270750045776, 0.851631760597229, '00:37']
[53, 0.4603663384914398, 0.4636176526546478, 0.9879071712493896, 0.17954836785793304, 1.5228383541107178, 0.8253257870674133, '00:37']
Better model found at epoch 53 with valid_loss value: 0.4636176526546478.
[54, 0.45906588435173035, 0.4783879518508911, 0.9885168671607971, 0.17512406408786774, 1.2716327905654907, 0.8727203607559204, '00:38']
[55, 0.46029067039489746, 0.49476876854896545, 0.9887319803237915, 0.17373314499855042, 1.0949267148971558, 0.8851771950721741, '00:37']
[56, 0.4677472710609436, 0.4728893041610718, 0.9881038069725037, 0.1788492500782013, 1.4946964979171753, 0.8397255539894104, '00:37']
[57, 0.4656149744987488, 0.5039877891540527, 0.988383412361145, 0.17936880886554718, 1.524006962776184, 0.8926789164543152, '00:37']
[58, 0.4629577696323395, 0.47799545526504517, 0.9880391955375671, 0.17923055589199066, 1.5064833164215088, 0.8393784761428833, '00:38']
[59, 0.4716742932796478, 0.48182642459869385, 0.9878461360931396, 0.18288815021514893, 1.62342369556427, 0.8303960561752319, '00:37']
[60, 0.46244943141937256, 0.4956796169281006, 0.9876918792724609, 0.18566353619098663, 1.6792371273040771, 0.832602858543396, '00:37']
[61, 0.45523595809936523, 0.47134435176849365, 0.9879028797149658, 0.18039752542972565, 1.5450115203857422, 0.8291676640510559, '00:37']
No improvement since epoch 53: early stopping
FPN Done!
