Models will save to Linknet_vgg19_x
Use vgg19_bn encoder
Start training...
----------
0
----------
DLS create!
[0, 0.6390320658683777, 0.5803125500679016, 0.9902167916297913, 0.2215012162923813, 1.2957674264907837, 0.9974663853645325, '00:23']
Better model found at epoch 0 with valid_loss value: 0.5803125500679016.
[1, 0.5828452110290527, 0.5494685173034668, 0.9902224540710449, 0.20170268416404724, 1.1699095964431763, 0.9966551661491394, '00:21']
Better model found at epoch 1 with valid_loss value: 0.5494685173034668.
[2, 0.5558468699455261, 0.536193311214447, 0.9901905655860901, 0.1934756487607956, 1.1363282203674316, 0.9929695129394531, '00:21']
Better model found at epoch 2 with valid_loss value: 0.536193311214447.
[3, 0.5389282703399658, 0.5259531140327454, 0.9901934266090393, 0.18643151223659515, 1.1011568307876587, 0.991635799407959, '00:22']
Better model found at epoch 3 with valid_loss value: 0.5259531140327454.
[4, 0.5288970470428467, 0.5185909867286682, 0.99012291431427, 0.18354661762714386, 1.1454883813858032, 0.9823437929153442, '00:21']
Better model found at epoch 4 with valid_loss value: 0.5185909867286682.
[5, 0.5214935541152954, 0.5077319741249084, 0.9899510741233826, 0.18251775205135345, 1.2560304403305054, 0.9597174525260925, '00:22']
Better model found at epoch 5 with valid_loss value: 0.5077319741249084.
[6, 0.5149953365325928, 0.5042822360992432, 0.9899854063987732, 0.17976966500282288, 1.2529723644256592, 0.960794985294342, '00:22']
Better model found at epoch 6 with valid_loss value: 0.5042822360992432.
[7, 0.5109001994132996, 0.5024816989898682, 0.9894372224807739, 0.18886911869049072, 1.5469657182693481, 0.9087183475494385, '00:21']
Better model found at epoch 7 with valid_loss value: 0.5024816989898682.
[8, 0.5072028040885925, 0.4906976819038391, 0.9895232915878296, 0.18382152915000916, 1.5043429136276245, 0.9081649780273438, '00:21']
Better model found at epoch 8 with valid_loss value: 0.4906976819038391.
[9, 0.4987764060497284, 0.4763270318508148, 0.9896376132965088, 0.1787218153476715, 1.4665132761001587, 0.8932955861091614, '00:21']
Better model found at epoch 9 with valid_loss value: 0.4763270318508148.
[10, 0.49529480934143066, 0.48027271032333374, 0.9898855090141296, 0.17528468370437622, 1.2523491382598877, 0.9074548482894897, '00:22']
[11, 0.4918031692504883, 0.4758460819721222, 0.9895089268684387, 0.18033099174499512, 1.5442538261413574, 0.8784450888633728, '00:22']
Better model found at epoch 11 with valid_loss value: 0.4758460819721222.
[12, 0.4954928159713745, 0.46329739689826965, 0.9897056818008423, 0.17614781856536865, 1.3811522722244263, 0.8665775060653687, '00:22']
Better model found at epoch 12 with valid_loss value: 0.46329739689826965.
[13, 0.4921134114265442, 0.4780654311180115, 0.98983234167099, 0.1756950467824936, 1.3371366262435913, 0.8974719643592834, '00:22']
[14, 0.48876768350601196, 0.47058427333831787, 0.9893348217010498, 0.18121741712093353, 1.6051241159439087, 0.8564810752868652, '00:21']
[15, 0.484815776348114, 0.473380982875824, 0.9893088340759277, 0.18211248517036438, 1.611815333366394, 0.8553115129470825, '00:22']
[16, 0.48540812730789185, 0.4687390625476837, 0.9896700382232666, 0.17667390406131744, 1.4174870252609253, 0.8774304986000061, '00:21']
[17, 0.49077340960502625, 0.46242398023605347, 0.9896143078804016, 0.1766742616891861, 1.4106082916259766, 0.8654795289039612, '00:22']
Better model found at epoch 17 with valid_loss value: 0.46242398023605347.
[18, 0.48833417892456055, 0.46081510186195374, 0.9896869659423828, 0.17558415234088898, 1.3450549840927124, 0.8620957136154175, '00:22']
Better model found at epoch 18 with valid_loss value: 0.46081510186195374.
[19, 0.4828627109527588, 0.46171554923057556, 0.9895889163017273, 0.1767173856496811, 1.4403201341629028, 0.8569250702857971, '00:22']
[20, 0.4828927516937256, 0.46856406331062317, 0.9898345470428467, 0.1748572736978531, 1.2826358079910278, 0.8678046464920044, '00:22']
[21, 0.48106399178504944, 0.45758211612701416, 0.9893893003463745, 0.17871244251728058, 1.542593002319336, 0.8363764882087708, '00:22']
Better model found at epoch 21 with valid_loss value: 0.45758211612701416.
[22, 0.481344074010849, 0.4587545692920685, 0.9895544648170471, 0.17717552185058594, 1.4642118215560913, 0.8489052653312683, '00:22']
[23, 0.48544830083847046, 0.4532075822353363, 0.9894537329673767, 0.17763903737068176, 1.4842170476913452, 0.8384435176849365, '00:23']
Better model found at epoch 23 with valid_loss value: 0.4532075822353363.
[24, 0.487941175699234, 0.4583742916584015, 0.9894470572471619, 0.17813193798065186, 1.5028716325759888, 0.8430441617965698, '00:24']
[25, 0.4878615736961365, 0.4573875069618225, 0.9896635413169861, 0.17577102780342102, 1.354304313659668, 0.8559006452560425, '00:22']
[26, 0.4887358248233795, 0.4493606984615326, 0.989464282989502, 0.1769806444644928, 1.4284850358963013, 0.8386736512184143, '00:22']
Better model found at epoch 26 with valid_loss value: 0.4493606984615326.
[27, 0.4844875931739807, 0.45940864086151123, 0.9894090294837952, 0.17827852070331573, 1.510717511177063, 0.851712167263031, '00:23']
[28, 0.4864248037338257, 0.4546377658843994, 0.9895670413970947, 0.17643976211547852, 1.4128623008728027, 0.8473208546638489, '00:23']
[29, 0.4823400378227234, 0.4485388994216919, 0.9892274141311646, 0.17888081073760986, 1.536881446838379, 0.8249214887619019, '00:22']
Better model found at epoch 29 with valid_loss value: 0.4485388994216919.
[30, 0.48511892557144165, 0.4697974622249603, 0.9889598488807678, 0.18480117619037628, 1.6707754135131836, 0.8274292349815369, '00:21']
[31, 0.4821876585483551, 0.4707707166671753, 0.9896702766418457, 0.1766708642244339, 1.430721402168274, 0.8784486651420593, '00:21']
[32, 0.4786325991153717, 0.4694173038005829, 0.9895597696304321, 0.17747773230075836, 1.4790128469467163, 0.8722694516181946, '00:21']
[33, 0.4814966320991516, 0.4739813804626465, 0.9897438883781433, 0.17582929134368896, 1.3579106330871582, 0.8861854672431946, '00:22']
[34, 0.47672417759895325, 0.48379653692245483, 0.9897481203079224, 0.1762213557958603, 1.3975740671157837, 0.8974972367286682, '00:21']
[35, 0.4891461431980133, 0.4561268091201782, 0.9895288944244385, 0.17689412832260132, 1.4207688570022583, 0.8529816269874573, '00:22']
[36, 0.49173447489738464, 0.4649509787559509, 0.9895339608192444, 0.17776338756084442, 1.4674673080444336, 0.8694730401039124, '00:23']
[37, 0.4849996566772461, 0.4497431516647339, 0.9891150593757629, 0.18030445277690887, 1.583673119544983, 0.8131439685821533, '00:21']
No improvement since epoch 29: early stopping
----------
1
----------
DLS create!
[0, 0.6147458553314209, 0.5727775692939758, 0.9929201006889343, 0.2172851860523224, 1.2502199411392212, 0.9978345632553101, '00:23']
Better model found at epoch 0 with valid_loss value: 0.5727775692939758.
[1, 0.5710293650627136, 0.5422825813293457, 0.9929284453392029, 0.19751065969467163, 1.1393293142318726, 0.9974181652069092, '00:23']
Better model found at epoch 1 with valid_loss value: 0.5422825813293457.
[2, 0.5465930104255676, 0.5277735590934753, 0.9927713871002197, 0.1914394497871399, 1.300307035446167, 0.9812436103820801, '00:23']
Better model found at epoch 2 with valid_loss value: 0.5277735590934753.
[3, 0.531568706035614, 0.5181139707565308, 0.9928699731826782, 0.18329553306102753, 1.1806750297546387, 0.9880260229110718, '00:23']
Better model found at epoch 3 with valid_loss value: 0.5181139707565308.
[4, 0.5210577249526978, 0.5108165740966797, 0.992800235748291, 0.18105539679527283, 1.339613676071167, 0.9758957624435425, '00:24']
Better model found at epoch 4 with valid_loss value: 0.5108165740966797.
[5, 0.5132758021354675, 0.51131272315979, 0.9926849603652954, 0.18435607850551605, 1.4572107791900635, 0.9636545777320862, '00:26']
[6, 0.506725549697876, 0.5014809370040894, 0.992723822593689, 0.17915041744709015, 1.4666451215744019, 0.9577674269676208, '00:23']
Better model found at epoch 6 with valid_loss value: 0.5014809370040894.
[7, 0.5033124685287476, 0.5087192058563232, 0.9924147129058838, 0.18807677924633026, 1.6364306211471558, 0.931383490562439, '00:23']
[8, 0.49512946605682373, 0.5269047617912292, 0.9924834370613098, 0.1921091079711914, 1.7321672439575195, 0.9462519288063049, '00:24']
[9, 0.4966587722301483, 0.4927159547805786, 0.9926698207855225, 0.17775364220142365, 1.5310354232788086, 0.9353511929512024, '00:25']
Better model found at epoch 9 with valid_loss value: 0.4927159547805786.
[10, 0.49234727025032043, 0.4943784773349762, 0.9927924275398254, 0.17501457035541534, 1.3325526714324951, 0.945638120174408, '00:23']
[11, 0.48686233162879944, 0.49206748604774475, 0.9927668571472168, 0.17530548572540283, 1.3659682273864746, 0.9406123161315918, '00:24']
Better model found at epoch 11 with valid_loss value: 0.49206748604774475.
[12, 0.4927012026309967, 0.5020877718925476, 0.9928561449050903, 0.17446139454841614, 1.2600208520889282, 0.9586936831474304, '00:23']
[13, 0.492144912481308, 0.4851081073284149, 0.9925639033317566, 0.1780352145433426, 1.5618559122085571, 0.9142798781394958, '00:23']
Better model found at epoch 13 with valid_loss value: 0.4851081073284149.
[14, 0.4874018728733063, 0.4831027090549469, 0.9925288558006287, 0.17818987369537354, 1.5835715532302856, 0.9067726731300354, '00:23']
Better model found at epoch 14 with valid_loss value: 0.4831027090549469.
[15, 0.49007269740104675, 0.48030489683151245, 0.9926397800445557, 0.17614910006523132, 1.4687623977661133, 0.9119080305099487, '00:23']
Better model found at epoch 15 with valid_loss value: 0.48030489683151245.
[16, 0.48370054364204407, 0.4957006275653839, 0.9925687313079834, 0.17985279858112335, 1.6459330320358276, 0.9189844727516174, '00:24']
[17, 0.48771294951438904, 0.48857536911964417, 0.9924899339675903, 0.18013019859790802, 1.6193766593933105, 0.9106668829917908, '00:23']
[18, 0.48889607191085815, 0.5012205243110657, 0.9923616051673889, 0.18448328971862793, 1.710945963859558, 0.9118671417236328, '00:23']
[19, 0.4900166094303131, 0.4922783672809601, 0.9927210807800293, 0.17674070596694946, 1.4488004446029663, 0.9377692341804504, '00:23']
[20, 0.4893108308315277, 0.4846116304397583, 0.9924575686454773, 0.17975614964962006, 1.6330130100250244, 0.9033448100090027, '00:23']
[21, 0.484999418258667, 0.4865945875644684, 0.9926360845565796, 0.17725276947021484, 1.514478325843811, 0.9234017729759216, '00:23']
[22, 0.4797149896621704, 0.4696524143218994, 0.9924490451812744, 0.17726832628250122, 1.54038405418396, 0.8847657442092896, '00:23']
Better model found at epoch 22 with valid_loss value: 0.4696524143218994.
[23, 0.4840206801891327, 0.4910163879394531, 0.9927701950073242, 0.1749020665884018, 1.3683000802993774, 0.9317491054534912, '00:24']
[24, 0.47822827100753784, 0.4810340702533722, 0.9926593899726868, 0.17582911252975464, 1.4480875730514526, 0.9146600365638733, '00:23']
[25, 0.4783560633659363, 0.49059590697288513, 0.9927756786346436, 0.1743890345096588, 1.277529001235962, 0.9315683841705322, '00:23']
[26, 0.4746001362800598, 0.46826425194740295, 0.9925065040588379, 0.17646822333335876, 1.5138459205627441, 0.8801100254058838, '00:23']
Better model found at epoch 26 with valid_loss value: 0.46826425194740295.
[27, 0.47894713282585144, 0.47256237268447876, 0.9925048351287842, 0.1771823614835739, 1.5313302278518677, 0.8898799419403076, '00:23']
[28, 0.48104292154312134, 0.4830866754055023, 0.9927438497543335, 0.174441397190094, 1.2706284523010254, 0.9188211560249329, '00:23']
[29, 0.4784136414527893, 0.47992566227912903, 0.9924995303153992, 0.17790675163269043, 1.5613412857055664, 0.900906503200531, '00:23']
[30, 0.48484236001968384, 0.47592693567276, 0.9925581812858582, 0.17680418491363525, 1.5223416090011597, 0.8972452282905579, '00:23']
[31, 0.49009576439857483, 0.4735739827156067, 0.9925197958946228, 0.17718830704689026, 1.5255355834960938, 0.8956666588783264, '00:23']
[32, 0.48252031207084656, 0.47254830598831177, 0.9926587343215942, 0.17487488687038422, 1.33102285861969, 0.9005152583122253, '00:24']
[33, 0.4850807785987854, 0.4766775667667389, 0.9925472140312195, 0.1770419329404831, 1.5271542072296143, 0.8987996578216553, '00:24']
[34, 0.47986871004104614, 0.47799819707870483, 0.992527425289154, 0.17765489220619202, 1.561098575592041, 0.9001962542533875, '00:24']
No improvement since epoch 26: early stopping
----------
2
----------
DLS create!
[0, 0.6166750192642212, 0.5695497393608093, 0.9838021993637085, 0.21503356099128723, 1.214873194694519, 0.9984508156776428, '00:23']
Better model found at epoch 0 with valid_loss value: 0.5695497393608093.
[1, 0.5703633427619934, 0.5446563959121704, 0.9838204383850098, 0.1984984427690506, 1.136400818824768, 0.9991700053215027, '00:23']
Better model found at epoch 1 with valid_loss value: 0.5446563959121704.
[2, 0.5495524406433105, 0.5597559213638306, 0.9837908744812012, 0.19062471389770508, 1.270733118057251, 0.9965421557426453, '00:22']
[3, 0.5370225310325623, 0.5252031683921814, 0.9837627410888672, 0.1870006024837494, 1.1413917541503906, 0.9924416542053223, '00:22']
Better model found at epoch 3 with valid_loss value: 0.5252031683921814.
[4, 0.5269711017608643, 0.5162898302078247, 0.9836654663085938, 0.1842285841703415, 1.2932641506195068, 0.9786123037338257, '00:22']
Better model found at epoch 4 with valid_loss value: 0.5162898302078247.
[5, 0.5188580751419067, 0.5092494487762451, 0.9836798906326294, 0.18008822202682495, 1.2787145376205444, 0.9740749001502991, '00:22']
Better model found at epoch 5 with valid_loss value: 0.5092494487762451.
[6, 0.512349545955658, 0.5056338906288147, 0.9834592938423157, 0.1838623434305191, 1.4580556154251099, 0.9488357901573181, '00:22']
Better model found at epoch 6 with valid_loss value: 0.5056338906288147.
[7, 0.5048102736473083, 0.4998813271522522, 0.9834548234939575, 0.18165665864944458, 1.5480867624282837, 0.9372565746307373, '00:22']
Better model found at epoch 7 with valid_loss value: 0.4998813271522522.
[8, 0.5005151629447937, 0.49528318643569946, 0.9835261702537537, 0.1789519339799881, 1.4930293560028076, 0.9393235445022583, '00:22']
Better model found at epoch 8 with valid_loss value: 0.49528318643569946.
[9, 0.4987660050392151, 0.484406441450119, 0.9835322499275208, 0.17663522064685822, 1.4558113813400269, 0.9206221103668213, '00:22']
Better model found at epoch 9 with valid_loss value: 0.484406441450119.
[10, 0.4984745681285858, 0.48334047198295593, 0.9834928512573242, 0.17711228132247925, 1.4967139959335327, 0.917969822883606, '00:23']
Better model found at epoch 10 with valid_loss value: 0.48334047198295593.
[11, 0.4940275549888611, 0.48846572637557983, 0.9836272597312927, 0.1748751550912857, 1.3112272024154663, 0.9317501187324524, '00:22']
[12, 0.49476689100265503, 0.48376739025115967, 0.9835653901100159, 0.1754336655139923, 1.3937594890594482, 0.9192962050437927, '00:22']
[13, 0.4893296957015991, 0.48477089405059814, 0.9833346605300903, 0.1799125373363495, 1.6441656351089478, 0.897894024848938, '00:22']
[14, 0.48741599917411804, 0.47134602069854736, 0.9833798408508301, 0.1769799143075943, 1.5353350639343262, 0.8876661062240601, '00:22']
Better model found at epoch 14 with valid_loss value: 0.47134602069854736.
[15, 0.49211764335632324, 0.4826066792011261, 0.9833706617355347, 0.1788230836391449, 1.5948976278305054, 0.8981882929801941, '00:22']
[16, 0.48584550619125366, 0.4790416955947876, 0.9832646250724792, 0.17954595386981964, 1.643309473991394, 0.8868796825408936, '00:23']
[17, 0.4849609136581421, 0.5267414450645447, 0.983155369758606, 0.19255870580673218, 1.7990459203720093, 0.9187166690826416, '00:23']
[18, 0.49089133739471436, 0.4873417615890503, 0.983622670173645, 0.1747971624135971, 1.3295764923095703, 0.9235076308250427, '00:22']
[19, 0.48348572850227356, 0.4950981140136719, 0.9832316637039185, 0.18296539783477783, 1.7059606313705444, 0.8998684287071228, '00:23']
[20, 0.47720247507095337, 0.4754171371459961, 0.9832932353019714, 0.17844784259796143, 1.6174408197402954, 0.8798930048942566, '00:22']
[21, 0.4811094105243683, 0.4803929924964905, 0.9833840727806091, 0.17805902659893036, 1.5849510431289673, 0.8998517394065857, '00:22']
[22, 0.486947238445282, 0.4789513945579529, 0.9833533763885498, 0.17818281054496765, 1.5806010961532593, 0.8927158713340759, '00:23']
No improvement since epoch 14: early stopping
----------
3
----------
DLS create!
[0, 0.6251546740531921, 0.5804708003997803, 0.9808218479156494, 0.22016246616840363, 1.266308069229126, 0.9990239143371582, '00:22']
Better model found at epoch 0 with valid_loss value: 0.5804708003997803.
[1, 0.5793553590774536, 3.6657180786132812, 0.9808162450790405, 0.23384128510951996, 1.8960332870483398, 0.9989302158355713, '00:24']
[2, 0.5516068935394287, 0.5306419730186462, 0.9807486534118652, 0.1897740662097931, 1.1811672449111938, 0.9908277988433838, '00:22']
Better model found at epoch 2 with valid_loss value: 0.5306419730186462.
[3, 0.5352952480316162, 0.5213107466697693, 0.9807177186012268, 0.18438620865345, 1.170139193534851, 0.9855793714523315, '00:22']
Better model found at epoch 3 with valid_loss value: 0.5213107466697693.
[4, 0.5248088836669922, 0.5193357467651367, 0.9807394742965698, 0.18223795294761658, 1.1347564458847046, 0.9869664311408997, '00:22']
Better model found at epoch 4 with valid_loss value: 0.5193357467651367.
[5, 0.5177289247512817, 0.5098344683647156, 0.9804080128669739, 0.18536655604839325, 1.3773819208145142, 0.9518859386444092, '00:21']
Better model found at epoch 5 with valid_loss value: 0.5098344683647156.
[6, 0.5109082460403442, 0.4990871846675873, 0.980504035949707, 0.1790042221546173, 1.28354012966156, 0.9495955109596252, '00:22']
Better model found at epoch 6 with valid_loss value: 0.4990871846675873.
[7, 0.5035717487335205, 0.4958151578903198, 0.980531632900238, 0.17693407833576202, 1.3063839673995972, 0.9402948021888733, '00:22']
Better model found at epoch 7 with valid_loss value: 0.4958151578903198.
[8, 0.5005263686180115, 0.47777116298675537, 0.9801952838897705, 0.17893649637699127, 1.49391770362854, 0.8932399749755859, '00:23']
Better model found at epoch 8 with valid_loss value: 0.47777116298675537.
[9, 0.49844685196876526, 0.5222755670547485, 0.9797273278236389, 0.1971861869096756, 1.7294894456863403, 0.8969479203224182, '00:22']
[10, 0.49521440267562866, 0.4844003915786743, 0.980484127998352, 0.175502747297287, 1.2996114492416382, 0.9133634567260742, '00:22']
[11, 0.49756258726119995, 0.47962021827697754, 0.9803841710090637, 0.17618636786937714, 1.3749364614486694, 0.9015063047409058, '00:22']
[12, 0.49633482098579407, 0.47181737422943115, 0.9802058339118958, 0.17730247974395752, 1.4489145278930664, 0.8836122751235962, '00:22']
Better model found at epoch 12 with valid_loss value: 0.47181737422943115.
[13, 0.4953278601169586, 0.47782301902770996, 0.9801654815673828, 0.17886453866958618, 1.5018179416656494, 0.8911458253860474, '00:22']
[14, 0.4948637783527374, 0.48535847663879395, 0.9805009365081787, 0.17477664351463318, 1.2700210809707642, 0.9032769799232483, '00:22']
[15, 0.49551326036453247, 0.4883890748023987, 0.9805020093917847, 0.17529045045375824, 1.2997592687606812, 0.9176763892173767, '00:22']
[16, 0.49018579721450806, 0.4701682925224304, 0.9802099466323853, 0.1770121306180954, 1.4574730396270752, 0.8752257227897644, '00:22']
Better model found at epoch 16 with valid_loss value: 0.4701682925224304.
[17, 0.48816007375717163, 0.4729899764060974, 0.980128824710846, 0.1783435344696045, 1.510223627090454, 0.8769089579582214, '00:22']
[18, 0.484601765871048, 0.46879225969314575, 0.9802431464195251, 0.17654508352279663, 1.4184849262237549, 0.8768875002861023, '00:23']
Better model found at epoch 18 with valid_loss value: 0.46879225969314575.
[19, 0.4840470254421234, 0.4947718679904938, 0.9798192381858826, 0.18622295558452606, 1.6949023008346558, 0.8785990476608276, '00:22']
[20, 0.4886942505836487, 0.4821773171424866, 0.9800200462341309, 0.1818922758102417, 1.5927925109863281, 0.8804419636726379, '00:23']
[21, 0.4863869845867157, 0.4689951539039612, 0.9802060127258301, 0.17691974341869354, 1.4592833518981934, 0.8703214526176453, '00:22']
[22, 0.48893558979034424, 0.4935667812824249, 0.9805600047111511, 0.17452706396579742, 1.2509808540344238, 0.9115563631057739, '00:22']
[23, 0.48303255438804626, 0.4697422683238983, 0.9802338480949402, 0.17607052624225616, 1.4102423191070557, 0.8683192133903503, '00:22']
[24, 0.48269394040107727, 0.46892789006233215, 0.9800841808319092, 0.1779605597257614, 1.511186957359314, 0.8625871539115906, '00:21']
[25, 0.48476994037628174, 0.4703179895877838, 0.9802643060684204, 0.17603176832199097, 1.3966530561447144, 0.8739044070243835, '00:22']
[26, 0.49083685874938965, 0.4679763913154602, 0.9802197813987732, 0.17666660249233246, 1.420880913734436, 0.8749812841415405, '00:22']
Better model found at epoch 26 with valid_loss value: 0.4679763913154602.
[27, 0.48296457529067993, 0.46275535225868225, 0.9800350069999695, 0.17795330286026, 1.5121573209762573, 0.8550913333892822, '00:22']
Better model found at epoch 27 with valid_loss value: 0.46275535225868225.
[28, 0.4800283908843994, 0.46635693311691284, 0.9800892472267151, 0.17756779491901398, 1.4954296350479126, 0.8595024943351746, '00:23']
[29, 0.4852508008480072, 0.4699905514717102, 0.980155348777771, 0.17748813331127167, 1.4740285873413086, 0.872154176235199, '00:22']
[30, 0.47906333208084106, 0.47721728682518005, 0.9802982807159424, 0.17647996544837952, 1.4357024431228638, 0.8843861222267151, '00:23']
[31, 0.4816623628139496, 0.4742318093776703, 0.9802955389022827, 0.1764087677001953, 1.4320807456970215, 0.8755944967269897, '00:22']
[32, 0.4822455644607544, 0.47320932149887085, 0.9800695180892944, 0.17925448715686798, 1.5544869899749756, 0.8677650690078735, '00:22']
[33, 0.4828856885433197, 0.47532719373703003, 0.9802571535110474, 0.17654021084308624, 1.4389287233352661, 0.8769186735153198, '00:24']
[34, 0.4759977161884308, 0.46839433908462524, 0.9802765846252441, 0.17575779557228088, 1.3818821907043457, 0.8674883842468262, '00:22']
[35, 0.4780375361442566, 0.4636644124984741, 0.9800865650177002, 0.1770813912153244, 1.4736655950546265, 0.8525816798210144, '00:22']
No improvement since epoch 27: early stopping
----------
4
----------
DLS create!
[0, 0.6005640625953674, 0.5676007866859436, 0.9911580681800842, 0.21338197588920593, 1.220592975616455, 0.9993637204170227, '00:21']
Better model found at epoch 0 with valid_loss value: 0.5676007866859436.
[1, 0.5611420273780823, 0.5375730991363525, 0.9911561608314514, 0.1933768391609192, 1.113405704498291, 0.998410165309906, '00:22']
Better model found at epoch 1 with valid_loss value: 0.5375730991363525.
[2, 0.5415743589401245, 0.5284920334815979, 0.9911195039749146, 0.18791961669921875, 1.106243371963501, 0.9944322109222412, '00:22']
Better model found at epoch 2 with valid_loss value: 0.5284920334815979.
[3, 0.530267059803009, 0.5208559632301331, 0.9910992383956909, 0.18326297402381897, 1.1133720874786377, 0.9917375445365906, '00:22']
Better model found at epoch 3 with valid_loss value: 0.5208559632301331.
[4, 0.5204247832298279, 0.519318163394928, 0.9908639788627625, 0.18757396936416626, 1.3503867387771606, 0.9724389314651489, '00:23']
Better model found at epoch 4 with valid_loss value: 0.519318163394928.
[5, 0.5151611566543579, 0.502280056476593, 0.9909314513206482, 0.17774197459220886, 1.2334847450256348, 0.9642782807350159, '00:22']
Better model found at epoch 5 with valid_loss value: 0.502280056476593.
[6, 0.5045731067657471, 0.49384960532188416, 0.9908493161201477, 0.1768236607313156, 1.2827363014221191, 0.9455206394195557, '00:22']
Better model found at epoch 6 with valid_loss value: 0.49384960532188416.
[7, 0.49734383821487427, 0.4911617636680603, 0.9908336400985718, 0.17604060471057892, 1.2882393598556519, 0.9376863241195679, '00:22']
Better model found at epoch 7 with valid_loss value: 0.4911617636680603.
[8, 0.5008562207221985, 0.514654815196991, 0.9905288219451904, 0.188449889421463, 1.611876368522644, 0.939031183719635, '00:22']
[9, 0.49834609031677246, 0.5104103684425354, 0.9910545945167542, 0.17445307970046997, 1.1481356620788574, 0.9678664803504944, '00:23']
[10, 0.49527618288993835, 0.4970356225967407, 0.9909289479255676, 0.17487771809101105, 1.2238136529922485, 0.9445378184318542, '00:23']
[11, 0.4870806336402893, 0.5051783919334412, 0.9910041689872742, 0.1740366667509079, 1.1190999746322632, 0.9498793482780457, '00:22']
[12, 0.4934089183807373, 0.490691602230072, 0.990788996219635, 0.1759941279888153, 1.3772902488708496, 0.9273046255111694, '00:22']
Better model found at epoch 12 with valid_loss value: 0.490691602230072.
[13, 0.49676966667175293, 0.48538950085639954, 0.9907114505767822, 0.17614804208278656, 1.3764467239379883, 0.9203082323074341, '00:22']
Better model found at epoch 13 with valid_loss value: 0.48538950085639954.
[14, 0.4901086091995239, 0.48591816425323486, 0.9907310009002686, 0.1757705807685852, 1.3733760118484497, 0.9161237478256226, '00:23']
[15, 0.4886167645454407, 0.48373737931251526, 0.9906307458877563, 0.17641475796699524, 1.421362042427063, 0.9122598767280579, '00:22']
Better model found at epoch 15 with valid_loss value: 0.48373737931251526.
[16, 0.4838946759700775, 0.49063724279403687, 0.9908121824264526, 0.17453959584236145, 1.233192801475525, 0.923507809638977, '00:22']
[17, 0.4889177083969116, 0.48466575145721436, 0.9905576705932617, 0.17839349806308746, 1.5189656019210815, 0.9050086140632629, '00:22']
[18, 0.485965371131897, 0.4975135624408722, 0.9904711842536926, 0.18165689706802368, 1.6288268566131592, 0.9157165884971619, '00:22']
[19, 0.4901249408721924, 0.4852823317050934, 0.990601658821106, 0.17760586738586426, 1.4746508598327637, 0.9129294157028198, '00:22']
[20, 0.49222657084465027, 0.4801454246044159, 0.9904604554176331, 0.17856015264987946, 1.5268093347549438, 0.8975759744644165, '00:22']
Better model found at epoch 20 with valid_loss value: 0.4801454246044159.
[21, 0.49325132369995117, 0.5054158568382263, 0.9907833337783813, 0.18045149743556976, 1.523371934890747, 0.9431108236312866, '00:22']
[22, 0.48887789249420166, 0.4885445535182953, 0.9905122518539429, 0.17891694605350494, 1.5638453960418701, 0.9076642394065857, '00:24']
[23, 0.48972395062446594, 0.4992454946041107, 0.9909335374832153, 0.1743524968624115, 1.2121893167495728, 0.9371233582496643, '00:23']
[24, 0.48542284965515137, 0.4826178550720215, 0.9905256032943726, 0.17800375819206238, 1.5158591270446777, 0.9016223549842834, '00:22']
[25, 0.48762086033821106, 0.48804333806037903, 0.9907390475273132, 0.17620722949504852, 1.3675127029418945, 0.9246366024017334, '00:22']
[26, 0.4905867874622345, 0.48416805267333984, 0.9907465577125549, 0.17509682476520538, 1.3000472784042358, 0.9128493070602417, '00:22']
[27, 0.48803654313087463, 0.49607914686203003, 0.9908963441848755, 0.17511369287967682, 1.2990124225616455, 0.9352437853813171, '00:22']
[28, 0.48302707076072693, 0.47827956080436707, 0.9906107783317566, 0.17607201635837555, 1.3982359170913696, 0.9024648070335388, '00:22']
Better model found at epoch 28 with valid_loss value: 0.47827956080436707.
[29, 0.48336076736450195, 0.47917211055755615, 0.9904063940048218, 0.17838077247142792, 1.5336068868637085, 0.8934676051139832, '00:23']
[30, 0.4790059030056, 0.4892496168613434, 0.9903473854064941, 0.18065115809440613, 1.6073188781738281, 0.9034486413002014, '00:22']
[31, 0.4832681715488434, 0.47999581694602966, 0.9904661178588867, 0.1783190369606018, 1.5298606157302856, 0.8940213322639465, '00:22']
[32, 0.47941291332244873, 0.4831470251083374, 0.9904197454452515, 0.1788128912448883, 1.552098035812378, 0.8999250531196594, '00:22']
[33, 0.4863823354244232, 0.47729602456092834, 0.9905996918678284, 0.17584165930747986, 1.377658724784851, 0.8976361751556396, '00:22']
Better model found at epoch 33 with valid_loss value: 0.47729602456092834.
[34, 0.48657000064849854, 0.480270117521286, 0.9905948042869568, 0.17648352682590485, 1.4206711053848267, 0.9058442115783691, '00:23']
[35, 0.48598212003707886, 0.48783236742019653, 0.9907945990562439, 0.17462290823459625, 1.1985187530517578, 0.9255871176719666, '00:23']
[36, 0.4822758436203003, 0.4823797643184662, 0.9904326796531677, 0.17876355350017548, 1.524043321609497, 0.8986990451812744, '00:22']
[37, 0.4839637279510498, 0.4835303723812103, 0.990623414516449, 0.17618907988071442, 1.40214204788208, 0.9129953980445862, '00:22']
[38, 0.48216068744659424, 0.4767930805683136, 0.9905678629875183, 0.17589493095874786, 1.3720556497573853, 0.9002854824066162, '00:22']
Better model found at epoch 38 with valid_loss value: 0.4767930805683136.
[39, 0.47964972257614136, 0.4810069799423218, 0.990511953830719, 0.1771938055753708, 1.4597134590148926, 0.9053745865821838, '00:22']
[40, 0.481308251619339, 0.47822749614715576, 0.9904025197029114, 0.17805474996566772, 1.5196467638015747, 0.890485405921936, '00:23']
[41, 0.48457956314086914, 0.4787741005420685, 0.9905216097831726, 0.17712561786174774, 1.4580473899841309, 0.8997730612754822, '00:22']
[42, 0.4828599691390991, 0.47684672474861145, 0.9904567003250122, 0.17690715193748474, 1.4618830680847168, 0.893989622592926, '00:22']
[43, 0.47992751002311707, 0.4796155095100403, 0.9906274080276489, 0.17574436962604523, 1.3692359924316406, 0.9046626091003418, '00:22']
[44, 0.47934645414352417, 0.5158758759498596, 0.9910476207733154, 0.1754675805568695, 1.3614730834960938, 0.9658251404762268, '00:22']
[45, 0.47522851824760437, 0.48756006360054016, 0.9905470013618469, 0.17766577005386353, 1.4882307052612305, 0.9003154039382935, '00:22']
[46, 0.4775543808937073, 0.48051324486732483, 0.9902130961418152, 0.17964455485343933, 1.5678551197052002, 0.8835157155990601, '00:24']
No improvement since epoch 38: early stopping
Linknet Done!
