Models will save to Linknet_dense161_x
Use densenet161 encoder
Start training...
----------
0
----------
DLS create!
[0, 0.6285552382469177, 0.573503851890564, 0.9905329346656799, 0.21599522233009338, 1.5037003755569458, 0.9924265742301941, '00:29']
Better model found at epoch 0 with valid_loss value: 0.573503851890564.
[1, 0.5707950592041016, 0.5410295128822327, 0.9906094074249268, 0.1959773302078247, 1.2342954874038696, 0.9960078597068787, '00:28']
Better model found at epoch 1 with valid_loss value: 0.5410295128822327.
[2, 0.5451275110244751, 0.525774359703064, 0.9905162453651428, 0.18832240998744965, 1.1572788953781128, 0.9860172867774963, '00:27']
Better model found at epoch 2 with valid_loss value: 0.525774359703064.
[3, 0.5301963686943054, 0.5125095248222351, 0.9903642535209656, 0.18432477116584778, 1.256291151046753, 0.9667140245437622, '00:27']
Better model found at epoch 3 with valid_loss value: 0.5125095248222351.
[4, 0.5206809043884277, 0.5186144113540649, 0.9905115365982056, 0.18249759078025818, 1.3542457818984985, 0.9805737733840942, '00:27']
[5, 0.5152133107185364, 0.5056912302970886, 0.9902768135070801, 0.18242326378822327, 1.4072868824005127, 0.9512717723846436, '00:26']
Better model found at epoch 5 with valid_loss value: 0.5056912302970886.
[6, 0.5081677436828613, 0.48912858963012695, 0.9900398850440979, 0.1813693642616272, 1.4811570644378662, 0.9152694344520569, '00:26']
Better model found at epoch 6 with valid_loss value: 0.48912858963012695.
[7, 0.5034446716308594, 0.48184624314308167, 0.9901805520057678, 0.17765231430530548, 1.3980002403259277, 0.9110721349716187, '00:27']
Better model found at epoch 7 with valid_loss value: 0.48184624314308167.
[8, 0.4989205002784729, 0.48523563146591187, 0.9901411533355713, 0.17861957848072052, 1.4889039993286133, 0.9098014831542969, '00:27']
[9, 0.49811726808547974, 0.4775480031967163, 0.9900858402252197, 0.17763254046440125, 1.4227261543273926, 0.9006833434104919, '00:27']
Better model found at epoch 9 with valid_loss value: 0.4775480031967163.
[10, 0.5029945969581604, 0.5104551911354065, 0.990567147731781, 0.17516537010669708, 1.1087764501571655, 0.9742117524147034, '00:28']
[11, 0.4994886815547943, 0.48697853088378906, 0.9903034567832947, 0.17634262144565582, 1.3688150644302368, 0.920283854007721, '00:28']
[12, 0.49406203627586365, 0.48658913373947144, 0.9902872443199158, 0.17619910836219788, 1.394782304763794, 0.9136102199554443, '00:28']
[13, 0.4934963583946228, 0.4743490219116211, 0.9898028373718262, 0.18031048774719238, 1.6004228591918945, 0.865172803401947, '00:29']
Better model found at epoch 13 with valid_loss value: 0.4743490219116211.
[14, 0.4924834668636322, 0.46551042795181274, 0.9900348782539368, 0.17665526270866394, 1.4707096815109253, 0.8664705753326416, '00:29']
Better model found at epoch 14 with valid_loss value: 0.46551042795181274.
[15, 0.49001944065093994, 0.4713694751262665, 0.9900385141372681, 0.17689262330532074, 1.444435715675354, 0.8825362920761108, '00:29']
[16, 0.4872712790966034, 0.472792387008667, 0.9900802969932556, 0.17676085233688354, 1.4159562587738037, 0.8866611123085022, '00:29']
[17, 0.4822952449321747, 0.4708235561847687, 0.9901730418205261, 0.1754642128944397, 1.3718185424804688, 0.8734551668167114, '00:27']
[18, 0.48477301001548767, 0.4869852662086487, 0.990088939666748, 0.17845089733600616, 1.5195685625076294, 0.8989402651786804, '00:27']
[19, 0.48431989550590515, 0.49057406187057495, 0.9903878569602966, 0.17440903186798096, 1.2462778091430664, 0.9124249815940857, '00:27']
[20, 0.48524877429008484, 0.46297919750213623, 0.9900702238082886, 0.1759793907403946, 1.4324538707733154, 0.8538421392440796, '00:27']
Better model found at epoch 20 with valid_loss value: 0.46297919750213623.
[21, 0.4826100468635559, 0.4881802499294281, 0.9898149371147156, 0.1825011521577835, 1.6458899974822998, 0.8754505515098572, '00:28']
[22, 0.4875395894050598, 0.4674704968929291, 0.9901356101036072, 0.17581717669963837, 1.386691689491272, 0.8724291920661926, '00:28']
[23, 0.4869934618473053, 0.4584495723247528, 0.9900178909301758, 0.17618651688098907, 1.446155309677124, 0.8470167517662048, '00:28']
Better model found at epoch 23 with valid_loss value: 0.4584495723247528.
[24, 0.4831273853778839, 0.46093904972076416, 0.9900616407394409, 0.17587235569953918, 1.418931007385254, 0.855552077293396, '00:30']
[25, 0.47755104303359985, 0.49123209714889526, 0.9898669719696045, 0.18214279413223267, 1.629883050918579, 0.8827611804008484, '00:30']
[26, 0.47488898038864136, 0.4698847532272339, 0.9899546504020691, 0.17757923901081085, 1.5188430547714233, 0.8612262010574341, '00:28']
[27, 0.4691505432128906, 0.4612109065055847, 0.9901070594787598, 0.17512160539627075, 1.3701704740524292, 0.854085385799408, '00:28']
[28, 0.46494823694229126, 0.4677065908908844, 0.9901328086853027, 0.17506133019924164, 1.3318010568618774, 0.8660010099411011, '00:27']
[29, 0.46192440390586853, 0.4719361662864685, 0.9902226328849792, 0.17482420802116394, 1.3045721054077148, 0.8729626536369324, '00:27']
[30, 0.4682774543762207, 0.4453235864639282, 0.9898233413696289, 0.17627617716789246, 1.446253776550293, 0.8183150887489319, '00:28']
Better model found at epoch 30 with valid_loss value: 0.4453235864639282.
[31, 0.46625202894210815, 0.4400988519191742, 0.9898852109909058, 0.17522364854812622, 1.3737430572509766, 0.810269296169281, '00:28']
Better model found at epoch 31 with valid_loss value: 0.4400988519191742.
[32, 0.4737597107887268, 0.47839611768722534, 0.9892982244491577, 0.18498508632183075, 1.7057164907455444, 0.8304336071014404, '00:27']
[33, 0.47434568405151367, 0.44668254256248474, 0.9900071024894714, 0.17507262527942657, 1.3392040729522705, 0.8241947293281555, '00:28']
[34, 0.47015389800071716, 0.44097432494163513, 0.9899259209632874, 0.175295889377594, 1.3533501625061035, 0.8199097514152527, '00:29']
[35, 0.4675232172012329, 0.4752097427845001, 0.990005373954773, 0.17750482261180878, 1.5086283683776855, 0.8746957182884216, '00:29']
[36, 0.46455952525138855, 0.42889291048049927, 0.9898749589920044, 0.17487061023712158, 1.3393518924713135, 0.7891376614570618, '00:28']
Better model found at epoch 36 with valid_loss value: 0.42889291048049927.
[37, 0.4684036672115326, 0.473616361618042, 0.989820122718811, 0.17994900047779083, 1.5867544412612915, 0.8551833629608154, '00:28']
[38, 0.4652882218360901, 0.455371618270874, 0.9898861050605774, 0.17640246450901031, 1.4476693868637085, 0.8328924179077148, '00:30']
[39, 0.46805864572525024, 0.4691948890686035, 0.9899278879165649, 0.17694111168384552, 1.421163558959961, 0.8611213564872742, '00:34']
[40, 0.46190640330314636, 0.4454556107521057, 0.9897899627685547, 0.17676955461502075, 1.452807903289795, 0.8143216967582703, '00:30']
[41, 0.45618557929992676, 0.4604646563529968, 0.9898163080215454, 0.17793187499046326, 1.515341877937317, 0.8403623700141907, '00:28']
[42, 0.4680851399898529, 0.4614395201206207, 0.9897090792655945, 0.17926746606826782, 1.568190336227417, 0.8327749371528625, '00:28']
[43, 0.46307283639907837, 0.4593179225921631, 0.9898466467857361, 0.17712320387363434, 1.467198371887207, 0.8403851985931396, '00:27']
[44, 0.46360957622528076, 0.4547004699707031, 0.9899065494537354, 0.17602825164794922, 1.396339774131775, 0.8361772298812866, '00:28']
No improvement since epoch 36: early stopping
----------
1
----------
DLS create!
[0, 0.61268550157547, 0.5653313398361206, 0.9834569096565247, 0.21241448819637299, 1.2123568058013916, 0.998177170753479, '00:28']
Better model found at epoch 0 with valid_loss value: 0.5653313398361206.
[1, 0.5634886622428894, 0.5326389074325562, 0.9834463596343994, 0.1913139969110489, 1.1112419366836548, 0.9961747527122498, '00:29']
Better model found at epoch 1 with valid_loss value: 0.5326389074325562.
[2, 0.5403668284416199, 0.5227099657058716, 0.9834287762641907, 0.18510007858276367, 1.1526507139205933, 0.993349552154541, '00:31']
Better model found at epoch 2 with valid_loss value: 0.5227099657058716.
[3, 0.5276561379432678, 0.5135842561721802, 0.9833108186721802, 0.18322324752807617, 1.2476860284805298, 0.9780674576759338, '00:31']
Better model found at epoch 3 with valid_loss value: 0.5135842561721802.
[4, 0.5201091766357422, 0.5006589889526367, 0.983169436454773, 0.18100379407405853, 1.2920163869857788, 0.9567503333091736, '00:28']
Better model found at epoch 4 with valid_loss value: 0.5006589889526367.
[5, 0.5159082412719727, 0.49495452642440796, 0.9831674098968506, 0.1790609508752823, 1.2755627632141113, 0.9505160450935364, '00:28']
Better model found at epoch 5 with valid_loss value: 0.49495452642440796.
[6, 0.5088316202163696, 0.49907413125038147, 0.9829623699188232, 0.18403667211532593, 1.5535305738449097, 0.9329603314399719, '00:28']
[7, 0.5051189661026001, 0.4976850748062134, 0.9833161234855652, 0.17545562982559204, 1.1657627820968628, 0.9591139554977417, '00:28']
[8, 0.4982164800167084, 0.5053988099098206, 0.9825937151908875, 0.1908944845199585, 1.7261563539505005, 0.8989972472190857, '00:30']
[9, 0.49692007899284363, 0.47398677468299866, 0.9827830195426941, 0.18017636239528656, 1.5293611288070679, 0.8915347456932068, '00:29']
Better model found at epoch 9 with valid_loss value: 0.47398677468299866.
[10, 0.4887615740299225, 0.47328323125839233, 0.9829251170158386, 0.1778687834739685, 1.5296659469604492, 0.894258439540863, '00:29']
Better model found at epoch 10 with valid_loss value: 0.47328323125839233.
[11, 0.4854603111743927, 0.4677768349647522, 0.9830037951469421, 0.17579108476638794, 1.3890457153320312, 0.8908938765525818, '00:31']
Better model found at epoch 11 with valid_loss value: 0.4677768349647522.
[12, 0.4851085841655731, 0.4633216857910156, 0.9826813340187073, 0.17903375625610352, 1.588255524635315, 0.8632014393806458, '00:31']
Better model found at epoch 12 with valid_loss value: 0.4633216857910156.
[13, 0.4865266680717468, 0.45696374773979187, 0.9828836917877197, 0.1761583834886551, 1.4170912504196167, 0.8677046298980713, '00:28']
Better model found at epoch 13 with valid_loss value: 0.45696374773979187.
[14, 0.48458388447761536, 0.45907193422317505, 0.9829118251800537, 0.17615146934986115, 1.4070281982421875, 0.8738589286804199, '00:27']
[15, 0.48497965931892395, 0.44088098406791687, 0.9827703237533569, 0.17542657256126404, 1.3673299551010132, 0.8405594825744629, '00:27']
Better model found at epoch 15 with valid_loss value: 0.44088098406791687.
[16, 0.47934550046920776, 0.44979438185691833, 0.9823555946350098, 0.1800379753112793, 1.6225223541259766, 0.8246224522590637, '00:28']
[17, 0.47619250416755676, 0.4411500096321106, 0.9828842282295227, 0.17469154298305511, 1.2983412742614746, 0.8373464345932007, '00:28']
[18, 0.4793735444545746, 0.4253479242324829, 0.9826230406761169, 0.175876647233963, 1.4190561771392822, 0.809417724609375, '00:28']
Better model found at epoch 18 with valid_loss value: 0.4253479242324829.
[19, 0.47810056805610657, 0.44563746452331543, 0.9823888540267944, 0.17954304814338684, 1.6218622922897339, 0.8187639713287354, '00:28']
[20, 0.4722946286201477, 0.41875189542770386, 0.9825022220611572, 0.17611955106258392, 1.448722243309021, 0.7906751036643982, '00:28']
Better model found at epoch 20 with valid_loss value: 0.41875189542770386.
[21, 0.4805683195590973, 0.4402158260345459, 0.9827911257743835, 0.17549090087413788, 1.32770574092865, 0.8376736044883728, '00:28']
[22, 0.48193415999412537, 0.44396477937698364, 0.9826540350914001, 0.17721568048000336, 1.509507656097412, 0.8365952372550964, '00:28']
[23, 0.48129722476005554, 0.4210754632949829, 0.9825665950775146, 0.17601025104522705, 1.4356023073196411, 0.7974168062210083, '00:28']
[24, 0.47315457463264465, 0.4206158518791199, 0.9824579954147339, 0.17657770216464996, 1.4504419565200806, 0.7907549738883972, '00:29']
[25, 0.4721745252609253, 0.41726037859916687, 0.9824885129928589, 0.17588508129119873, 1.398813009262085, 0.7875410318374634, '00:28']
Better model found at epoch 25 with valid_loss value: 0.41726037859916687.
[26, 0.46676182746887207, 0.42072609066963196, 0.9826561212539673, 0.1752508282661438, 1.3773698806762695, 0.7962930798530579, '00:29']
[27, 0.47053688764572144, 0.43883705139160156, 0.9823976755142212, 0.17832718789577484, 1.5713213682174683, 0.8098559975624084, '00:29']
[28, 0.47490543127059937, 0.4298052489757538, 0.9826648235321045, 0.17580215632915497, 1.4043934345245361, 0.8134501576423645, '00:28']
[29, 0.4760734438896179, 0.4299801290035248, 0.9825298190116882, 0.1766856163740158, 1.4563180208206177, 0.8088890910148621, '00:29']
[30, 0.4704572558403015, 0.41488519310951233, 0.9823254942893982, 0.17700158059597015, 1.512473464012146, 0.7725949883460999, '00:28']
Better model found at epoch 30 with valid_loss value: 0.41488519310951233.
[31, 0.46601974964141846, 0.4416082203388214, 0.9826129674911499, 0.17762339115142822, 1.5250433683395386, 0.8288277387619019, '00:29']
[32, 0.47076958417892456, 0.45089593529701233, 0.9820631146430969, 0.18149249255657196, 1.6575449705123901, 0.8000196218490601, '00:28']
[33, 0.46280649304389954, 0.4305691719055176, 0.9826280474662781, 0.17655526101589203, 1.474905252456665, 0.8100139498710632, '00:31']
[34, 0.4663974940776825, 0.40998825430870056, 0.9825398921966553, 0.17467479407787323, 1.2601736783981323, 0.7703332304954529, '00:31']
Better model found at epoch 34 with valid_loss value: 0.40998825430870056.
[35, 0.47214475274086, 0.4241054952144623, 0.9825252294540405, 0.17658008635044098, 1.4832323789596558, 0.798097550868988, '00:29']
[36, 0.4645000100135803, 0.40938282012939453, 0.9825419187545776, 0.1747543066740036, 1.2622543573379517, 0.7698256373405457, '00:28']
Better model found at epoch 36 with valid_loss value: 0.40938282012939453.
[37, 0.47200071811676025, 0.40970537066459656, 0.982315182685852, 0.17650547623634338, 1.4307783842086792, 0.7678907513618469, '00:28']
[38, 0.4694957435131073, 0.4292827546596527, 0.9821104407310486, 0.17960785329341888, 1.6244618892669678, 0.7753261923789978, '00:28']
[39, 0.47091564536094666, 0.43209385871887207, 0.9820945262908936, 0.18015949428081512, 1.629469871520996, 0.7829979062080383, '00:28']
[40, 0.46164193749427795, 0.40428876876831055, 0.9823530316352844, 0.1758461892604828, 1.4076259136199951, 0.7605970501899719, '00:28']
Better model found at epoch 40 with valid_loss value: 0.40428876876831055.
[41, 0.47076550126075745, 0.4060032069683075, 0.9825074076652527, 0.17528900504112244, 1.3487474918365479, 0.7701035737991333, '00:28']
[42, 0.4627799987792969, 0.42598310112953186, 0.9822568893432617, 0.17874056100845337, 1.6006841659545898, 0.7769663333892822, '00:30']
[43, 0.45818057656288147, 0.4144674241542816, 0.9826077222824097, 0.17506512999534607, 1.3359020948410034, 0.7815194129943848, '00:28']
[44, 0.4568423628807068, 0.39731356501579285, 0.9823806285858154, 0.1752656251192093, 1.3587566614151, 0.751335859298706, '00:28']
Better model found at epoch 44 with valid_loss value: 0.39731356501579285.
[45, 0.454108864068985, 0.4323268532752991, 0.9820087552070618, 0.18094226717948914, 1.6357407569885254, 0.7726385593414307, '00:28']
[46, 0.45521220564842224, 0.4206896126270294, 0.9827449321746826, 0.1745903640985489, 1.2493836879730225, 0.7869651317596436, '00:28']
[47, 0.46121829748153687, 0.395072877407074, 0.9822953343391418, 0.17599940299987793, 1.421326994895935, 0.7422231435775757, '00:29']
Better model found at epoch 47 with valid_loss value: 0.395072877407074.
[48, 0.46303412318229675, 0.3987361788749695, 0.9823089838027954, 0.17597973346710205, 1.4207087755203247, 0.7499983310699463, '00:29']
[49, 0.4686177968978882, 0.41161349415779114, 0.9822583794593811, 0.17720849812030792, 1.5000505447387695, 0.7675216794013977, '00:29']
[50, 0.4659651219844818, 0.4038639962673187, 0.9825889468193054, 0.17466825246810913, 1.3108189105987549, 0.7629787921905518, '00:31']
[51, 0.4643869400024414, 0.39756760001182556, 0.9824181795120239, 0.1753515750169754, 1.3757003545761108, 0.751453161239624, '00:30']
[52, 0.4592859148979187, 0.40367236733436584, 0.9821499586105347, 0.17734293639659882, 1.5183155536651611, 0.7450228929519653, '00:29']
[53, 0.4627889096736908, 0.40889814496040344, 0.9824503660202026, 0.17634399235248566, 1.464436411857605, 0.7688985466957092, '00:29']
[54, 0.4635695517063141, 0.43335676193237305, 0.9821748733520508, 0.17907008528709412, 1.578503131866455, 0.784929633140564, '00:29']
[55, 0.4559742212295532, 0.4245660901069641, 0.9827505946159363, 0.1741056740283966, 1.153965711593628, 0.7855915427207947, '00:28']
No improvement since epoch 47: early stopping
----------
2
----------
DLS create!
[0, 0.6632864475250244, 0.609741747379303, 0.9936171770095825, 0.24050460755825043, 1.3181328773498535, 0.998672366142273, '00:27']
Better model found at epoch 0 with valid_loss value: 0.609741747379303.
[1, 0.5983757972717285, 0.5576384663581848, 0.9936167001724243, 0.2076312005519867, 1.1832287311553955, 0.9979877471923828, '00:28']
Better model found at epoch 1 with valid_loss value: 0.5576384663581848.
[2, 0.5643684267997742, 0.5369290709495544, 0.9936044216156006, 0.19452589750289917, 1.1486079692840576, 0.9962249994277954, '00:27']
Better model found at epoch 2 with valid_loss value: 0.5369290709495544.
[3, 0.5439361929893494, 0.5246613025665283, 0.993500292301178, 0.1891578882932663, 1.2527453899383545, 0.9847369194030762, '00:27']
Better model found at epoch 3 with valid_loss value: 0.5246613025665283.
[4, 0.5312743782997131, 0.5153403282165527, 0.9935275316238403, 0.18290816247463226, 1.19651198387146, 0.9854415655136108, '00:27']
Better model found at epoch 4 with valid_loss value: 0.5153403282165527.
[5, 0.5236753821372986, 0.5117685198783875, 0.9935030341148376, 0.1812416911125183, 1.2333368062973022, 0.9791644811630249, '00:27']
Better model found at epoch 5 with valid_loss value: 0.5117685198783875.
[6, 0.5168430209159851, 0.502155601978302, 0.9933162927627563, 0.18210242688655853, 1.3558427095413208, 0.9550868272781372, '00:27']
Better model found at epoch 6 with valid_loss value: 0.502155601978302.
[7, 0.5093885064125061, 0.49497362971305847, 0.993375837802887, 0.1783270537853241, 1.3306605815887451, 0.9507582783699036, '00:27']
Better model found at epoch 7 with valid_loss value: 0.49497362971305847.
[8, 0.5086066722869873, 0.49084141850471497, 0.9932796955108643, 0.1790662258863449, 1.440613865852356, 0.9376345276832581, '00:26']
Better model found at epoch 8 with valid_loss value: 0.49084141850471497.
[9, 0.5035011768341064, 0.4838261008262634, 0.9932453632354736, 0.1778736114501953, 1.461344838142395, 0.9252369999885559, '00:27']
Better model found at epoch 9 with valid_loss value: 0.4838261008262634.
[10, 0.4993517994880676, 0.48403632640838623, 0.9932326078414917, 0.17790934443473816, 1.5168402194976807, 0.9223713278770447, '00:27']
[11, 0.49991726875305176, 0.4770900011062622, 0.9931080937385559, 0.17893514037132263, 1.5501607656478882, 0.9019332528114319, '00:28']
Better model found at epoch 11 with valid_loss value: 0.4770900011062622.
[12, 0.49502265453338623, 0.4749278724193573, 0.9932793378829956, 0.17581535875797272, 1.4083257913589478, 0.9096173048019409, '00:28']
Better model found at epoch 12 with valid_loss value: 0.4749278724193573.
[13, 0.48799699544906616, 0.4716300964355469, 0.9930036664009094, 0.17914173007011414, 1.6273442506790161, 0.879757821559906, '00:28']
Better model found at epoch 13 with valid_loss value: 0.4716300964355469.
[14, 0.49528589844703674, 0.4730464220046997, 0.9932593107223511, 0.17565132677555084, 1.438815951347351, 0.9054221510887146, '00:28']
[15, 0.4983657896518707, 0.4719029664993286, 0.9931082725524902, 0.17803214490413666, 1.5517081022262573, 0.8921226263046265, '00:27']
[16, 0.4892609715461731, 0.4747685194015503, 0.9930292367935181, 0.17926302552223206, 1.6305756568908691, 0.8870327472686768, '00:27']
[17, 0.49146920442581177, 0.46661216020584106, 0.9931167960166931, 0.17692440748214722, 1.5184948444366455, 0.8858231902122498, '00:27']
Better model found at epoch 17 with valid_loss value: 0.46661216020584106.
[18, 0.4875204563140869, 0.4688493013381958, 0.9932677745819092, 0.17504741251468658, 1.41079580783844, 0.8940013647079468, '00:27']
[19, 0.48671942949295044, 0.49073007702827454, 0.9929527044296265, 0.18280057609081268, 1.7367339134216309, 0.8948067426681519, '00:28']
[20, 0.48859724402427673, 0.4669168293476105, 0.9931292533874512, 0.17691344022750854, 1.5414997339248657, 0.8834237456321716, '00:29']
[21, 0.4826050102710724, 0.4815250039100647, 0.9927480220794678, 0.18367165327072144, 1.7384687662124634, 0.868167519569397, '00:28']
[22, 0.4804483950138092, 0.46370548009872437, 0.9931008219718933, 0.17679142951965332, 1.5401055812835693, 0.8758922219276428, '00:28']
Better model found at epoch 22 with valid_loss value: 0.46370548009872437.
[23, 0.4784548878669739, 0.4779457449913025, 0.9929152727127075, 0.1808636337518692, 1.6763554811477661, 0.8775870203971863, '00:27']
[24, 0.48396700620651245, 0.45395269989967346, 0.9931550621986389, 0.17537921667099, 1.4288979768753052, 0.8636752963066101, '00:28']
Better model found at epoch 24 with valid_loss value: 0.45395269989967346.
[25, 0.47814685106277466, 0.45846644043922424, 0.9930532574653625, 0.17709341645240784, 1.543028712272644, 0.8564335107803345, '00:28']
[26, 0.47801855206489563, 0.46172183752059937, 0.9931849837303162, 0.17583492398262024, 1.4942189455032349, 0.8741555213928223, '00:27']
[27, 0.4743465483188629, 0.44752171635627747, 0.9930388927459717, 0.17588193714618683, 1.4899768829345703, 0.8436724543571472, '00:28']
Better model found at epoch 27 with valid_loss value: 0.44752171635627747.
[28, 0.47295257449150085, 0.4453870952129364, 0.9930514097213745, 0.1752559244632721, 1.4447436332702637, 0.8421342372894287, '00:27']
Better model found at epoch 28 with valid_loss value: 0.4453870952129364.
[29, 0.47193846106529236, 0.4632737338542938, 0.9932692050933838, 0.17467235028743744, 1.3198041915893555, 0.8817506432533264, '00:27']
[30, 0.4733369052410126, 0.49331989884376526, 0.9927566051483154, 0.18417121469974518, 1.7410342693328857, 0.8673281669616699, '00:27']
[31, 0.4727727472782135, 0.4373093843460083, 0.9928118586540222, 0.17668545246124268, 1.542900562286377, 0.8212302327156067, '00:28']
Better model found at epoch 31 with valid_loss value: 0.4373093843460083.
[32, 0.4711979031562805, 0.43596455454826355, 0.9930050373077393, 0.17507624626159668, 1.4075355529785156, 0.8270607590675354, '00:28']
Better model found at epoch 32 with valid_loss value: 0.43596455454826355.
[33, 0.46964994072914124, 0.43623512983322144, 0.9928977489471436, 0.1758785843849182, 1.4803255796432495, 0.8199911713600159, '00:28']
[34, 0.47431403398513794, 0.4469233751296997, 0.9930663704872131, 0.175635427236557, 1.4737709760665894, 0.8442686796188354, '00:27']
[35, 0.46756836771965027, 0.46920135617256165, 0.9927281737327576, 0.18046894669532776, 1.6532047986984253, 0.8490656614303589, '00:28']
[36, 0.46769601106643677, 0.4349632263183594, 0.9930430054664612, 0.17495031654834747, 1.386623501777649, 0.8280351758003235, '00:28']
Better model found at epoch 36 with valid_loss value: 0.4349632263183594.
[37, 0.46138662099838257, 0.44045498967170715, 0.9930955767631531, 0.17502298951148987, 1.3802683353424072, 0.8341333866119385, '00:28']
[38, 0.4590698778629303, 0.43838098645210266, 0.9930233955383301, 0.17537875473499298, 1.4502273797988892, 0.8254508376121521, '00:28']
[39, 0.4653790593147278, 0.4390856623649597, 0.9931171536445618, 0.17460356652736664, 1.3403053283691406, 0.8307043313980103, '00:28']
[40, 0.46349063515663147, 0.44596409797668457, 0.9929560422897339, 0.17611059546470642, 1.4925040006637573, 0.8385918736457825, '00:27']
[41, 0.45355328917503357, 0.4629855155944824, 0.9928387999534607, 0.17887073755264282, 1.6015515327453613, 0.8384984731674194, '00:27']
[42, 0.4618030786514282, 0.4578460156917572, 0.9927616715431213, 0.17909514904022217, 1.6164391040802002, 0.8440436124801636, '00:28']
[43, 0.46165865659713745, 0.4404641389846802, 0.9929808378219604, 0.17518553137779236, 1.4257408380508423, 0.8333220481872559, '00:28']
[44, 0.46950894594192505, 0.43815380334854126, 0.9930024743080139, 0.1754429042339325, 1.4280065298080444, 0.8293878436088562, '00:27']
No improvement since epoch 36: early stopping
----------
3
----------
DLS create!
[0, 0.7572583556175232, 9.395294189453125, 0.9809157252311707, 0.3854239583015442, 1.967510461807251, 0.9931558966636658, '00:29']
Better model found at epoch 0 with valid_loss value: 9.395294189453125.
[1, 0.6699236035346985, 0.6214005351066589, 0.9810976982116699, 0.23516269028186798, 1.3155694007873535, 0.9980046153068542, '00:27']
Better model found at epoch 1 with valid_loss value: 0.6214005351066589.
[2, 0.6204962730407715, 0.5748217701911926, 0.9811073541641235, 0.21821007132530212, 1.1828850507736206, 0.9982656240463257, '00:28']
Better model found at epoch 2 with valid_loss value: 0.5748217701911926.
[3, 0.5875839591026306, 0.5556413531303406, 0.9810970425605774, 0.2042977660894394, 1.1603487730026245, 0.9968968033790588, '00:29']
Better model found at epoch 3 with valid_loss value: 0.5556413531303406.
[4, 0.5621252059936523, 0.538591206073761, 0.9810683727264404, 0.19479984045028687, 1.1493675708770752, 0.9936530590057373, '00:28']
Better model found at epoch 4 with valid_loss value: 0.538591206073761.
[5, 0.544605553150177, 0.5300531983375549, 0.9810014963150024, 0.1898287534713745, 1.2475323677062988, 0.9859233498573303, '00:28']
Better model found at epoch 5 with valid_loss value: 0.5300531983375549.
[6, 0.5346538424491882, 0.52186119556427, 0.9809620976448059, 0.18605434894561768, 1.2462056875228882, 0.9794500470161438, '00:28']
Better model found at epoch 6 with valid_loss value: 0.52186119556427.
[7, 0.5243034362792969, 0.5097891092300415, 0.9807820916175842, 0.18414321541786194, 1.3759585618972778, 0.9558647274971008, '00:28']
Better model found at epoch 7 with valid_loss value: 0.5097891092300415.
[8, 0.5173695087432861, 0.5277736783027649, 0.9811029434204102, 0.17989887297153473, 1.1880594491958618, 0.9935727119445801, '00:28']
[9, 0.5121735334396362, 0.502787709236145, 0.9807376265525818, 0.18209899961948395, 1.3889646530151367, 0.9448093771934509, '00:28']
Better model found at epoch 9 with valid_loss value: 0.502787709236145.
[10, 0.5061830878257751, 0.5031854510307312, 0.980872631072998, 0.17874224483966827, 1.3398221731185913, 0.9535713195800781, '00:27']
[11, 0.5060564875602722, 0.4987661838531494, 0.9807900786399841, 0.17927111685276031, 1.4022663831710815, 0.9397115707397461, '00:27']
Better model found at epoch 11 with valid_loss value: 0.4987661838531494.
[12, 0.4959515929222107, 0.5032618045806885, 0.9809725880622864, 0.17565420269966125, 1.202988862991333, 0.955675482749939, '00:28']
[13, 0.4943981170654297, 0.4891955852508545, 0.9806597232818604, 0.17877410352230072, 1.477796196937561, 0.9105644226074219, '00:27']
Better model found at epoch 13 with valid_loss value: 0.4891955852508545.
[14, 0.48851773142814636, 0.4855431318283081, 0.9807515740394592, 0.17664244771003723, 1.3888343572616577, 0.9114417433738708, '00:29']
Better model found at epoch 14 with valid_loss value: 0.4855431318283081.
[15, 0.4872860908508301, 0.4862624704837799, 0.9808436036109924, 0.17544765770435333, 1.3016183376312256, 0.9108172655105591, '00:29']
[16, 0.4820087254047394, 0.49110111594200134, 0.9808818697929382, 0.17519211769104004, 1.2898914813995361, 0.9178509712219238, '00:28']
[17, 0.4826788008213043, 0.48809710144996643, 0.9808461666107178, 0.17554183304309845, 1.3376845121383667, 0.9081228375434875, '00:27']
[18, 0.48219937086105347, 0.4836556017398834, 0.980858325958252, 0.17467308044433594, 1.236789345741272, 0.9015130996704102, '00:28']
Better model found at epoch 18 with valid_loss value: 0.4836556017398834.
[19, 0.48361536860466003, 0.49517104029655457, 0.980854868888855, 0.17485599219799042, 1.2711858749389648, 0.9012458324432373, '00:28']
[20, 0.4783138334751129, 0.48362016677856445, 0.9805231094360352, 0.17911076545715332, 1.5483365058898926, 0.8820136189460754, '00:29']
Better model found at epoch 20 with valid_loss value: 0.48362016677856445.
[21, 0.47738319635391235, 0.4765361547470093, 0.9807288646697998, 0.17572376132011414, 1.3632934093475342, 0.8820397257804871, '00:28']
Better model found at epoch 21 with valid_loss value: 0.4765361547470093.
[22, 0.4792400002479553, 0.47178182005882263, 0.9807690978050232, 0.17486625909805298, 1.2736736536026, 0.8753855228424072, '00:28']
Better model found at epoch 22 with valid_loss value: 0.47178182005882263.
[23, 0.46774911880493164, 0.49692559242248535, 0.9807316660881042, 0.1775352656841278, 1.4855420589447021, 0.9047256112098694, '00:29']
[24, 0.473429799079895, 0.49562445282936096, 0.9804612994194031, 0.18152375519275665, 1.6198372840881348, 0.8886057734489441, '00:30']
[25, 0.47749704122543335, 0.4627389907836914, 0.9806440472602844, 0.1753300130367279, 1.3225940465927124, 0.8556077480316162, '00:28']
Better model found at epoch 25 with valid_loss value: 0.4627389907836914.
[26, 0.4697384536266327, 0.47422170639038086, 0.9805393218994141, 0.1773456484079361, 1.4655977487564087, 0.8702197670936584, '00:29']
[27, 0.4649033844470978, 0.4688652753829956, 0.9805645942687988, 0.17664599418640137, 1.4352264404296875, 0.8605989813804626, '00:31']
[28, 0.46639591455459595, 0.49377813935279846, 0.9801847338676453, 0.1846463829278946, 1.680249810218811, 0.8669257760047913, '00:30']
[29, 0.47801676392555237, 0.4619644582271576, 0.9805193543434143, 0.17626532912254333, 1.402504801750183, 0.8466871976852417, '00:28']
Better model found at epoch 29 with valid_loss value: 0.4619644582271576.
[30, 0.47296154499053955, 0.47058990597724915, 0.9805471897125244, 0.17706578969955444, 1.462414026260376, 0.8649833798408508, '00:28']
[31, 0.4600895345211029, 0.4702457785606384, 0.9807036519050598, 0.17493300139904022, 1.2790136337280273, 0.8651950359344482, '00:28']
[32, 0.46403488516807556, 0.48566293716430664, 0.9804620742797852, 0.1798517405986786, 1.567273736000061, 0.8724943399429321, '00:29']
[33, 0.45988646149635315, 0.47051361203193665, 0.9806232452392578, 0.17582055926322937, 1.3683342933654785, 0.8594555258750916, '00:28']
[34, 0.4692538380622864, 0.46982279419898987, 0.9805123805999756, 0.17736880481243134, 1.4759420156478882, 0.8562816381454468, '00:29']
[35, 0.45624053478240967, 0.4666772782802582, 0.980472207069397, 0.17712557315826416, 1.4630988836288452, 0.8492063283920288, '00:29']
[36, 0.4607017934322357, 0.4750464856624603, 0.9808173775672913, 0.17420609295368195, 1.2022758722305298, 0.8712745904922485, '00:31']
[37, 0.456857830286026, 0.4553040862083435, 0.9806499481201172, 0.17434917390346527, 1.2195703983306885, 0.8330062627792358, '00:31']
Better model found at epoch 37 with valid_loss value: 0.4553040862083435.
[38, 0.4539591372013092, 0.4606400728225708, 0.9806227087974548, 0.17488662898540497, 1.2820055484771729, 0.845646858215332, '00:28']
[39, 0.4544145166873932, 0.49735504388809204, 0.9802556037902832, 0.18274308741092682, 1.636301040649414, 0.8626729249954224, '00:29']
[40, 0.455501526594162, 0.46711698174476624, 0.9805957674980164, 0.17559200525283813, 1.3436427116394043, 0.8559123873710632, '00:28']
[41, 0.45359066128730774, 0.4754430651664734, 0.9803896546363831, 0.1785811483860016, 1.519520878791809, 0.8575045466423035, '00:29']
[42, 0.46058160066604614, 0.46831491589546204, 0.9805123805999756, 0.1771732121706009, 1.4494056701660156, 0.8596789836883545, '00:29']
[43, 0.4594621956348419, 0.468647301197052, 0.9805617928504944, 0.17627178132534027, 1.3874720335006714, 0.8578299880027771, '00:28']
[44, 0.4630122184753418, 0.47328895330429077, 0.9805079698562622, 0.1777476966381073, 1.4687484502792358, 0.8641554713249207, '00:30']
[45, 0.45432764291763306, 0.4538428485393524, 0.9805464744567871, 0.17510025203227997, 1.2938728332519531, 0.8259120583534241, '00:30']
Better model found at epoch 45 with valid_loss value: 0.4538428485393524.
[46, 0.4509897232055664, 0.47293898463249207, 0.980522096157074, 0.1774180829524994, 1.4675016403198242, 0.8571277856826782, '00:30']
[47, 0.4583093822002411, 0.4860338568687439, 0.980509340763092, 0.17751982808113098, 1.424302339553833, 0.8600694537162781, '00:29']
[48, 0.44681504368782043, 0.468090295791626, 0.9807441234588623, 0.174543559551239, 1.2434892654418945, 0.852350652217865, '00:28']
[49, 0.45477068424224854, 0.4660433232784271, 0.9806166887283325, 0.17555366456508636, 1.3540761470794678, 0.8588127493858337, '00:28']
[50, 0.452841579914093, 0.4727400243282318, 0.9804649949073792, 0.17737017571926117, 1.4689311981201172, 0.8550554513931274, '00:28']
[51, 0.4420980215072632, 0.4708499312400818, 0.9804139733314514, 0.1776355654001236, 1.4755290746688843, 0.8477036952972412, '00:28']
[52, 0.4563452899456024, 0.48281121253967285, 0.9804182648658752, 0.18013015389442444, 1.5853888988494873, 0.8630386590957642, '00:29']
[53, 0.4562821090221405, 0.45777204632759094, 0.9805318713188171, 0.17594870924949646, 1.3748725652694702, 0.83240807056427, '00:27']
No improvement since epoch 45: early stopping
----------
4
----------
DLS create!
[0, 0.619664192199707, 0.8372176885604858, 0.9901036024093628, 0.22799810767173767, 1.6550660133361816, 0.9982256889343262, '00:28']
Better model found at epoch 0 with valid_loss value: 0.8372176885604858.
[1, 0.5728006958961487, 0.5562921166419983, 0.990089476108551, 0.20574204623699188, 1.3370306491851807, 0.9963399767875671, '00:30']
Better model found at epoch 1 with valid_loss value: 0.5562921166419983.
[2, 0.5483888983726501, 0.5298181176185608, 0.9899978637695312, 0.19032379984855652, 1.2191746234893799, 0.9867342710494995, '00:32']
Better model found at epoch 2 with valid_loss value: 0.5298181176185608.
[3, 0.5304567217826843, 0.5339160561561584, 0.9899663329124451, 0.18491962552070618, 1.364571452140808, 0.9802324175834656, '00:30']
[4, 0.5198214650154114, 0.5100364089012146, 0.9898360967636108, 0.18229594826698303, 1.3287599086761475, 0.9632474780082703, '00:28']
Better model found at epoch 4 with valid_loss value: 0.5100364089012146.
[5, 0.5142796039581299, 0.5185389518737793, 0.9900882244110107, 0.17774178087711334, 1.087334394454956, 0.9901019334793091, '00:28']
[6, 0.5075334310531616, 0.509179413318634, 0.9899842143058777, 0.176849365234375, 1.2791714668273926, 0.9672202467918396, '00:28']
Better model found at epoch 6 with valid_loss value: 0.509179413318634.
[7, 0.49805736541748047, 0.49646592140197754, 0.9894763827323914, 0.1829557865858078, 1.5990345478057861, 0.9083059430122375, '00:28']
Better model found at epoch 7 with valid_loss value: 0.49646592140197754.
[8, 0.4990865886211395, 0.493446409702301, 0.9897334575653076, 0.17826087772846222, 1.3908476829528809, 0.9289821982383728, '00:29']
Better model found at epoch 8 with valid_loss value: 0.493446409702301.
[9, 0.4925464391708374, 0.5111238360404968, 0.9899752736091614, 0.17591165006160736, 1.3089951276779175, 0.9634754061698914, '00:28']
[10, 0.4931751489639282, 0.4910050928592682, 0.9896821975708008, 0.17827320098876953, 1.471925139427185, 0.9151673913002014, '00:28']
Better model found at epoch 10 with valid_loss value: 0.4910050928592682.
[11, 0.48891136050224304, 0.48729056119918823, 0.9897067546844482, 0.17708338797092438, 1.4062838554382324, 0.9129916429519653, '00:28']
Better model found at epoch 11 with valid_loss value: 0.48729056119918823.
[12, 0.48906785249710083, 0.5021529793739319, 0.9899409413337708, 0.17475980520248413, 1.232100486755371, 0.9387014508247375, '00:28']
[13, 0.4861161708831787, 0.4916556477546692, 0.9898588061332703, 0.17493708431720734, 1.2650412321090698, 0.918449878692627, '00:28']
[14, 0.4893170893192291, 0.48704394698143005, 0.9897334575653076, 0.17622512578964233, 1.3748314380645752, 0.9076945781707764, '00:27']
Better model found at epoch 14 with valid_loss value: 0.48704394698143005.
[15, 0.48511654138565063, 0.49235713481903076, 0.9898668527603149, 0.17518465220928192, 1.295555591583252, 0.9185243844985962, '00:28']
[16, 0.4859471023082733, 0.48263993859291077, 0.9896160364151001, 0.17720502614974976, 1.455857515335083, 0.8929003477096558, '00:27']
Better model found at epoch 16 with valid_loss value: 0.48263993859291077.
[17, 0.4859779477119446, 0.48120740056037903, 0.9896042346954346, 0.1773885041475296, 1.4636415243148804, 0.8938173651695251, '00:27']
Better model found at epoch 17 with valid_loss value: 0.48120740056037903.
[18, 0.48255863785743713, 0.4879472851753235, 0.989687442779541, 0.17636638879776, 1.3985443115234375, 0.9059983491897583, '00:27']
[19, 0.48173120617866516, 0.4766327142715454, 0.9896613955497742, 0.17593614757061005, 1.380937933921814, 0.8824616074562073, '00:27']
Better model found at epoch 19 with valid_loss value: 0.4766327142715454.
[20, 0.47823891043663025, 0.475006103515625, 0.9895663857460022, 0.17712603509426117, 1.4595848321914673, 0.8779383897781372, '00:28']
Better model found at epoch 20 with valid_loss value: 0.475006103515625.
[21, 0.47513502836227417, 0.4770190715789795, 0.9896429777145386, 0.1757204830646515, 1.3576229810714722, 0.8836833834648132, '00:27']
[22, 0.47279495000839233, 0.47966328263282776, 0.9894468784332275, 0.1786261796951294, 1.5364116430282593, 0.8737421035766602, '00:28']
[23, 0.4708540141582489, 0.4855152368545532, 0.9898211359977722, 0.1747046411037445, 1.2506699562072754, 0.8964157104492188, '00:28']
[24, 0.4708220958709717, 0.472699910402298, 0.9895724058151245, 0.1765328198671341, 1.4441863298416138, 0.8685381412506104, '00:27']
Better model found at epoch 24 with valid_loss value: 0.472699910402298.
[25, 0.4734666049480438, 0.47925642132759094, 0.989570140838623, 0.1772950291633606, 1.4789081811904907, 0.8793643116950989, '00:27']
[26, 0.4779030680656433, 0.46702373027801514, 0.9894668459892273, 0.17708899080753326, 1.4667057991027832, 0.8572244048118591, '00:27']
Better model found at epoch 26 with valid_loss value: 0.46702373027801514.
[27, 0.47244933247566223, 0.4933888614177704, 0.9895135164260864, 0.1797664910554886, 1.5953174829483032, 0.8807542324066162, '00:27']
[28, 0.4697639048099518, 0.46279188990592957, 0.9895795583724976, 0.1756509393453598, 1.3701822757720947, 0.8542768359184265, '00:27']
Better model found at epoch 28 with valid_loss value: 0.46279188990592957.
[29, 0.47549864649772644, 0.4902554452419281, 0.989594578742981, 0.17896339297294617, 1.5619616508483887, 0.8863496780395508, '00:27']
[30, 0.4679213762283325, 0.4696258306503296, 0.9897172451019287, 0.17493340373039246, 1.2904855012893677, 0.8658841252326965, '00:28']
[31, 0.4663356840610504, 0.4749201834201813, 0.9895032644271851, 0.177547425031662, 1.5022914409637451, 0.858948826789856, '00:28']
[32, 0.46828535199165344, 0.4664367437362671, 0.9896045327186584, 0.17535778880119324, 1.3531503677368164, 0.8567155003547668, '00:27']
[33, 0.46344083547592163, 0.46979212760925293, 0.9892923831939697, 0.1789337396621704, 1.548052430152893, 0.8440089821815491, '00:27']
[34, 0.4632665812969208, 0.47260716557502747, 0.9897123575210571, 0.17492321133613586, 1.2726835012435913, 0.8675758242607117, '00:27']
[35, 0.458036333322525, 0.4908818006515503, 0.9898511171340942, 0.17420198023319244, 1.1975655555725098, 0.8963256478309631, '00:28']
[36, 0.454555481672287, 0.4591001570224762, 0.9894037246704102, 0.17677466571331024, 1.443457841873169, 0.8363816142082214, '00:27']
Better model found at epoch 36 with valid_loss value: 0.4591001570224762.
[37, 0.4631018340587616, 0.4749903082847595, 0.9893026947975159, 0.17990106344223022, 1.5887106657028198, 0.855695366859436, '00:28']
[38, 0.45464929938316345, 0.46708157658576965, 0.9893915057182312, 0.17713211476802826, 1.446146845817566, 0.8403707146644592, '00:28']
[39, 0.45500510931015015, 0.4618673324584961, 0.9894877672195435, 0.1759810745716095, 1.3883577585220337, 0.844065248966217, '00:27']
[40, 0.4574368894100189, 0.4579658806324005, 0.9893855452537537, 0.176749125123024, 1.459317684173584, 0.8253543376922607, '00:27']
Better model found at epoch 40 with valid_loss value: 0.4579658806324005.
[41, 0.4613509178161621, 0.4717351198196411, 0.9894728064537048, 0.17733341455459595, 1.4851490259170532, 0.8585671782493591, '00:28']
[42, 0.4639282524585724, 0.4706926643848419, 0.9894243478775024, 0.1779399961233139, 1.4905457496643066, 0.8530592322349548, '00:28']
[43, 0.456844300031662, 0.4753793179988861, 0.9895248413085938, 0.17687559127807617, 1.4199758768081665, 0.8632609844207764, '00:28']
[44, 0.4560772478580475, 0.4650789201259613, 0.9896042346954346, 0.1748829483985901, 1.274573564529419, 0.852758526802063, '00:27']
[45, 0.46173352003097534, 0.4563990831375122, 0.9895482063293457, 0.1755734384059906, 1.3680002689361572, 0.8377726674079895, '00:27']
Better model found at epoch 45 with valid_loss value: 0.4563990831375122.
[46, 0.4564722776412964, 0.4615001976490021, 0.9896364808082581, 0.1747932732105255, 1.2788078784942627, 0.8417330980300903, '00:28']
[47, 0.45147570967674255, 0.4532228410243988, 0.9895065426826477, 0.1756887584924698, 1.3625779151916504, 0.8234267830848694, '00:27']
Better model found at epoch 47 with valid_loss value: 0.4532228410243988.
[48, 0.44393035769462585, 0.4709320664405823, 0.9897353053092957, 0.17429666221141815, 1.188551425933838, 0.8528798222541809, '00:27']
[49, 0.4625627398490906, 0.45933839678764343, 0.989441990852356, 0.17675431072711945, 1.4524747133255005, 0.834439754486084, '00:27']
[50, 0.456844300031662, 0.45858967304229736, 0.9896818399429321, 0.17460724711418152, 1.251625657081604, 0.839377760887146, '00:28']
[51, 0.4570092260837555, 0.4583713710308075, 0.9894697666168213, 0.17596650123596191, 1.389273762702942, 0.8413257598876953, '00:27']
[52, 0.4551003575325012, 0.470217227935791, 0.9893369078636169, 0.17806574702262878, 1.5019422769546509, 0.8383594751358032, '00:27']
[53, 0.45185762643814087, 0.45129385590553284, 0.989412248134613, 0.17622606456279755, 1.4221097230911255, 0.8219728469848633, '00:27']
Better model found at epoch 53 with valid_loss value: 0.45129385590553284.
[54, 0.4512121081352234, 0.46864619851112366, 0.9894404411315918, 0.1767045557498932, 1.4377425909042358, 0.8590466380119324, '00:27']
[55, 0.44897255301475525, 0.45443621277809143, 0.9895731806755066, 0.17482326924800873, 1.2964024543762207, 0.8284068703651428, '00:28']
[56, 0.44286543130874634, 0.44685041904449463, 0.9894273281097412, 0.17598146200180054, 1.3677756786346436, 0.8118381500244141, '00:28']
Better model found at epoch 56 with valid_loss value: 0.44685041904449463.
[57, 0.4482871890068054, 0.46436384320259094, 0.9893609881401062, 0.17874261736869812, 1.5079445838928223, 0.8335762619972229, '00:28']
[58, 0.4491429328918457, 0.4630417823791504, 0.9896042346954346, 0.1755872219800949, 1.3659017086029053, 0.8516020774841309, '00:28']
[59, 0.44774097204208374, 0.46669620275497437, 0.989400327205658, 0.1770097315311432, 1.4456011056900024, 0.8457058668136597, '00:28']
[60, 0.4444527328014374, 0.4671120345592499, 0.9894293546676636, 0.17730727791786194, 1.4784393310546875, 0.8418679237365723, '00:28']
[61, 0.44567298889160156, 0.4543372690677643, 0.989436686038971, 0.17612886428833008, 1.3768796920776367, 0.8315140008926392, '00:27']
[62, 0.4479581117630005, 0.4485456645488739, 0.9894220232963562, 0.17625339329242706, 1.412325143814087, 0.8166424036026001, '00:28']
[63, 0.4459412395954132, 0.4685722887516022, 0.9896736741065979, 0.17478060722351074, 1.2710438966751099, 0.8534581661224365, '00:28']
[64, 0.451048880815506, 0.46925804018974304, 0.9893894791603088, 0.17818519473075867, 1.5253056287765503, 0.8532698154449463, '00:28']
No improvement since epoch 56: early stopping
Linknet Done!
