Models will save to Linknet_mobs4_x
Use mobileone_s4 encoder
Start training...
----------
0
----------
DLS create!
[0, 0.6829646229743958, 0.6409549117088318, 0.9929379820823669, 0.26017171144485474, 1.4012099504470825, 0.9974179267883301, '00:23']
Better model found at epoch 0 with valid_loss value: 0.6409549117088318.
[1, 0.6206041574478149, 0.5694005489349365, 0.9929535388946533, 0.21521426737308502, 1.2292354106903076, 0.9976091980934143, '00:21']
Better model found at epoch 1 with valid_loss value: 0.5694005489349365.
[2, 0.5834274888038635, 0.5435270667076111, 0.9929344654083252, 0.1989917904138565, 1.1757482290267944, 0.995262622833252, '00:22']
Better model found at epoch 2 with valid_loss value: 0.5435270667076111.
[3, 0.5591879487037659, 0.5313469767570496, 0.992863655090332, 0.1927453875541687, 1.1996033191680908, 0.9876741766929626, '00:21']
Better model found at epoch 3 with valid_loss value: 0.5313469767570496.
[4, 0.5431751608848572, 0.5193428993225098, 0.9928311109542847, 0.18639077246189117, 1.2171385288238525, 0.9812338948249817, '00:23']
Better model found at epoch 4 with valid_loss value: 0.5193428993225098.
[5, 0.5314854979515076, 0.5113195180892944, 0.9928568005561829, 0.18029680848121643, 1.1756961345672607, 0.9793025851249695, '00:21']
Better model found at epoch 5 with valid_loss value: 0.5113195180892944.
[6, 0.522318422794342, 0.5089799761772156, 0.9926191568374634, 0.18591125309467316, 1.4067227840423584, 0.955499529838562, '00:22']
Better model found at epoch 6 with valid_loss value: 0.5089799761772156.
[7, 0.5160582661628723, 0.4986985921859741, 0.9926118850708008, 0.181272953748703, 1.3982633352279663, 0.9422402381896973, '00:20']
Better model found at epoch 7 with valid_loss value: 0.4986985921859741.
[8, 0.5074573755264282, 0.4890904128551483, 0.9926450848579407, 0.17868976294994354, 1.376063585281372, 0.9371194243431091, '00:21']
Better model found at epoch 8 with valid_loss value: 0.4890904128551483.
[9, 0.5032495260238647, 0.48483261466026306, 0.9925295114517212, 0.17994745075702667, 1.4540280103683472, 0.9205830693244934, '00:22']
Better model found at epoch 9 with valid_loss value: 0.48483261466026306.
[10, 0.49699729681015015, 0.4772830009460449, 0.9925663471221924, 0.1775261014699936, 1.4191420078277588, 0.9147195816040039, '00:21']
Better model found at epoch 10 with valid_loss value: 0.4772830009460449.
[11, 0.4971778690814972, 0.4872659146785736, 0.9927681684494019, 0.17570039629936218, 1.2741591930389404, 0.9375517964363098, '00:22']
[12, 0.49394679069519043, 0.46653875708580017, 0.9924259781837463, 0.17812107503414154, 1.5013924837112427, 0.8848446011543274, '00:21']
Better model found at epoch 12 with valid_loss value: 0.46653875708580017.
[13, 0.48902612924575806, 0.46611279249191284, 0.9925847053527832, 0.1761181503534317, 1.3835300207138062, 0.8915782570838928, '00:21']
Better model found at epoch 13 with valid_loss value: 0.46611279249191284.
[14, 0.4872506856918335, 0.4605794847011566, 0.99250328540802, 0.17679816484451294, 1.460091471672058, 0.8723104000091553, '00:21']
Better model found at epoch 14 with valid_loss value: 0.4605794847011566.
[15, 0.48326510190963745, 0.46801137924194336, 0.9923982620239258, 0.17901112139225006, 1.5557957887649536, 0.8773133158683777, '00:22']
[16, 0.48196181654930115, 0.45968660712242126, 0.9925422668457031, 0.17595742642879486, 1.415046215057373, 0.8714175224304199, '00:21']
Better model found at epoch 16 with valid_loss value: 0.45968660712242126.
[17, 0.4813478887081146, 0.4650890827178955, 0.9925649762153625, 0.17633657157421112, 1.4384697675704956, 0.882117748260498, '00:21']
[18, 0.4830790162086487, 0.4670065939426422, 0.9925982356071472, 0.1760556995868683, 1.4110326766967773, 0.8846275210380554, '00:21']
[19, 0.48072144389152527, 0.45695945620536804, 0.9925230741500854, 0.17622090876102448, 1.4419246912002563, 0.8633225560188293, '00:22']
Better model found at epoch 19 with valid_loss value: 0.45695945620536804.
[20, 0.4801311194896698, 0.45371440052986145, 0.9925153851509094, 0.17563018202781677, 1.3862477540969849, 0.8647680878639221, '00:21']
Better model found at epoch 20 with valid_loss value: 0.45371440052986145.
[21, 0.47576677799224854, 0.4433344900608063, 0.9921529293060303, 0.17941182851791382, 1.5609437227249146, 0.8186424374580383, '00:22']
Better model found at epoch 21 with valid_loss value: 0.4433344900608063.
[22, 0.4718017876148224, 0.47621962428092957, 0.9924301505088806, 0.1793580800294876, 1.6019630432128906, 0.8836656808853149, '00:21']
[23, 0.4723597764968872, 0.4455581605434418, 0.9923511743545532, 0.17701855301856995, 1.4991685152053833, 0.8345420360565186, '00:22']
[24, 0.46748533844947815, 0.4790952205657959, 0.9927690625190735, 0.17434997856616974, 1.2315880060195923, 0.9010804295539856, '00:21']
[25, 0.47291800379753113, 0.45044833421707153, 0.9923273324966431, 0.1772390902042389, 1.515161156654358, 0.846298098564148, '00:22']
[26, 0.47629791498184204, 0.4438028335571289, 0.9923766255378723, 0.17608341574668884, 1.4331997632980347, 0.838466227054596, '00:21']
[27, 0.4735727310180664, 0.45166465640068054, 0.9920960664749146, 0.18025799095630646, 1.6289845705032349, 0.8244752883911133, '00:22']
[28, 0.4731005132198334, 0.44702455401420593, 0.9921432137489319, 0.17891734838485718, 1.55826735496521, 0.8168163299560547, '00:21']
[29, 0.47765371203422546, 0.44437453150749207, 0.9924737811088562, 0.1755714863538742, 1.3912550210952759, 0.8430124521255493, '00:22']
No improvement since epoch 21: early stopping
----------
1
----------
DLS create!
[0, 0.6470257043838501, 0.6025876998901367, 0.9909528493881226, 0.23596981167793274, 1.306024432182312, 0.9991832375526428, '00:23']
Better model found at epoch 0 with valid_loss value: 0.6025876998901367.
[1, 0.5914199352264404, 0.5518019795417786, 0.9909608364105225, 0.20300471782684326, 1.165329933166504, 0.9990149140357971, '00:25']
Better model found at epoch 1 with valid_loss value: 0.5518019795417786.
[2, 0.5618717074394226, 0.5355387330055237, 0.9909149408340454, 0.1931254267692566, 1.1375112533569336, 0.9945100545883179, '00:25']
Better model found at epoch 2 with valid_loss value: 0.5355387330055237.
[3, 0.5443171262741089, 0.5396866202354431, 0.990857720375061, 0.1895068734884262, 1.2252416610717773, 0.9882451295852661, '00:23']
[4, 0.5328871011734009, 0.5287050604820251, 0.9908782839775085, 0.18357698619365692, 1.2092512845993042, 0.9880682826042175, '00:25']
Better model found at epoch 4 with valid_loss value: 0.5287050604820251.
[5, 0.5247927308082581, 0.5135928392410278, 0.990681529045105, 0.18516938388347626, 1.2866806983947754, 0.9681069254875183, '00:23']
Better model found at epoch 5 with valid_loss value: 0.5135928392410278.
[6, 0.517661988735199, 0.5041884183883667, 0.9906926155090332, 0.18080201745033264, 1.2571731805801392, 0.9613707065582275, '00:23']
Better model found at epoch 6 with valid_loss value: 0.5041884183883667.
[7, 0.5131105184555054, 0.5035272836685181, 0.9906599521636963, 0.18085961043834686, 1.328305721282959, 0.9568517208099365, '00:22']
Better model found at epoch 7 with valid_loss value: 0.5035272836685181.
[8, 0.5078114867210388, 0.4933260381221771, 0.9901886582374573, 0.18583393096923828, 1.508785605430603, 0.9100766181945801, '00:24']
Better model found at epoch 8 with valid_loss value: 0.4933260381221771.
[9, 0.5073698163032532, 0.4942604899406433, 0.9905906915664673, 0.17944569885730743, 1.3499832153320312, 0.9405495524406433, '00:22']
[10, 0.5012757182121277, 0.4727739095687866, 0.9901058077812195, 0.1818494200706482, 1.5245537757873535, 0.8790196180343628, '00:23']
Better model found at epoch 10 with valid_loss value: 0.4727739095687866.
[11, 0.4989870488643646, 0.47777706384658813, 0.990439772605896, 0.17875024676322937, 1.406521201133728, 0.9060987234115601, '00:22']
[12, 0.49594226479530334, 0.47651392221450806, 0.9905078411102295, 0.176937997341156, 1.3734322786331177, 0.9020329713821411, '00:23']
[13, 0.492838978767395, 0.49247825145721436, 0.9906747341156006, 0.1762927919626236, 1.3195018768310547, 0.9303264617919922, '00:22']
[14, 0.4905894696712494, 0.49691227078437805, 0.990188717842102, 0.18477076292037964, 1.6771222352981567, 0.8909838795661926, '00:23']
[15, 0.4842112064361572, 0.5192541480064392, 0.9902771711349487, 0.190003901720047, 1.7160975933074951, 0.9164519309997559, '00:22']
[16, 0.48060745000839233, 0.46723607182502747, 0.9903995394706726, 0.17692643404006958, 1.4127297401428223, 0.8759732842445374, '00:23']
Better model found at epoch 16 with valid_loss value: 0.46723607182502747.
[17, 0.47385838627815247, 0.4880804121494293, 0.9903969764709473, 0.1799708604812622, 1.5363985300064087, 0.8955655694007874, '00:23']
[18, 0.4628053307533264, 0.48109400272369385, 0.9901845455169678, 0.18124184012413025, 1.5436592102050781, 0.8632546067237854, '00:24']
[19, 0.46824344992637634, 0.4660787880420685, 0.9902442693710327, 0.1786257028579712, 1.5205638408660889, 0.8573102355003357, '00:23']
Better model found at epoch 19 with valid_loss value: 0.4660787880420685.
[20, 0.46935656666755676, 0.4703221917152405, 0.9903856515884399, 0.17689289152622223, 1.4055649042129517, 0.8711777925491333, '00:24']
[21, 0.4699620008468628, 0.5129857659339905, 0.9899605512619019, 0.19011731445789337, 1.74497389793396, 0.8796752095222473, '00:22']
[22, 0.4767375886440277, 0.48192405700683594, 0.990605890750885, 0.1758277416229248, 1.3362122774124146, 0.8998822569847107, '00:25']
[23, 0.47729939222335815, 0.4737387001514435, 0.9906401634216309, 0.17443408071994781, 1.2045491933822632, 0.8832990527153015, '00:22']
[24, 0.4690345823764801, 0.49485525488853455, 0.989863395690918, 0.18720759451389313, 1.7129307985305786, 0.8514845967292786, '00:24']
[25, 0.4792270362377167, 0.45740795135498047, 0.9902827739715576, 0.17742010951042175, 1.4557147026062012, 0.8474511504173279, '00:22']
Better model found at epoch 25 with valid_loss value: 0.45740795135498047.
[26, 0.4733428359031677, 0.4636026918888092, 0.9904288649559021, 0.17584767937660217, 1.3315372467041016, 0.8555659055709839, '00:24']
[27, 0.46993184089660645, 0.4653063118457794, 0.9900000691413879, 0.18117347359657288, 1.6108982563018799, 0.8410477638244629, '00:22']
[28, 0.4704211354255676, 0.46446967124938965, 0.9904159307479858, 0.17610177397727966, 1.3368741273880005, 0.8612143993377686, '00:23']
[29, 0.47103622555732727, 0.48866456747055054, 0.9900751113891602, 0.1834888607263565, 1.6147204637527466, 0.8618256449699402, '00:22']
[30, 0.46771684288978577, 0.4825614392757416, 0.9905002117156982, 0.17693302035331726, 1.3789068460464478, 0.8903464078903198, '00:23']
[31, 0.46805229783058167, 0.46467292308807373, 0.990526556968689, 0.17488433420658112, 1.2535600662231445, 0.8641768097877502, '00:22']
[32, 0.4616113305091858, 0.4791657030582428, 0.9903808236122131, 0.1791410595178604, 1.4684432744979858, 0.8758220672607422, '00:22']
[33, 0.4663444757461548, 0.45162084698677063, 0.9902256727218628, 0.17715802788734436, 1.4554362297058105, 0.8391433954238892, '00:21']
Better model found at epoch 33 with valid_loss value: 0.45162084698677063.
[34, 0.46066346764564514, 0.4544268548488617, 0.9899386167526245, 0.17996364831924438, 1.5761497020721436, 0.8177473545074463, '00:23']
[35, 0.4556252658367157, 0.4498539865016937, 0.9900098443031311, 0.1786259561777115, 1.5235859155654907, 0.8237608671188354, '00:22']
Better model found at epoch 35 with valid_loss value: 0.4498539865016937.
[36, 0.4583379924297333, 0.4580039978027344, 0.9898616671562195, 0.18122369050979614, 1.6271402835845947, 0.8160500526428223, '00:23']
[37, 0.46298518776893616, 0.4502638578414917, 0.9899066686630249, 0.1801973283290863, 1.5819865465164185, 0.8141828775405884, '00:22']
[38, 0.4606879949569702, 0.44880855083465576, 0.9899000525474548, 0.17983882129192352, 1.5812458992004395, 0.8110892176628113, '00:23']
Better model found at epoch 38 with valid_loss value: 0.44880855083465576.
[39, 0.45652496814727783, 0.4525000751018524, 0.9904205799102783, 0.17500421404838562, 1.2637699842453003, 0.8338111042976379, '00:22']
[40, 0.46208035945892334, 0.4682283103466034, 0.9898279309272766, 0.1830754429101944, 1.656251072883606, 0.827147901058197, '00:23']
[41, 0.46116530895233154, 0.4635113775730133, 0.9900138974189758, 0.18064747750759125, 1.5812242031097412, 0.8336604833602905, '00:22']
[42, 0.46104785799980164, 0.44415003061294556, 0.9901219010353088, 0.1774519681930542, 1.4494502544403076, 0.8085521459579468, '00:23']
Better model found at epoch 42 with valid_loss value: 0.44415003061294556.
[43, 0.45142829418182373, 0.4570103585720062, 0.9902393221855164, 0.17715999484062195, 1.4271886348724365, 0.8379620909690857, '00:22']
[44, 0.44383010268211365, 0.4556432366371155, 0.9902986884117126, 0.17627479135990143, 1.376215934753418, 0.832095205783844, '00:23']
[45, 0.4456212520599365, 0.4457947313785553, 0.9903508424758911, 0.17530985176563263, 1.3127844333648682, 0.8172987699508667, '00:22']
[46, 0.43932753801345825, 0.4304182827472687, 0.9898644685745239, 0.17818127572536469, 1.505340576171875, 0.7721419930458069, '00:23']
Better model found at epoch 46 with valid_loss value: 0.4304182827472687.
[47, 0.4417990744113922, 0.42471885681152344, 0.990028977394104, 0.1766432374715805, 1.4005509614944458, 0.7747527956962585, '00:22']
Better model found at epoch 47 with valid_loss value: 0.42471885681152344.
[48, 0.4407379627227783, 0.4565918743610382, 0.9904926419258118, 0.1746719628572464, 1.2225145101547241, 0.8373371958732605, '00:22']
[49, 0.44709691405296326, 0.43037667870521545, 0.9902459979057312, 0.17544955015182495, 1.323577642440796, 0.7943023443222046, '00:22']
[50, 0.45347100496292114, 0.4193045198917389, 0.9899774789810181, 0.1770230382680893, 1.446285605430603, 0.7747582793235779, '00:22']
Better model found at epoch 50 with valid_loss value: 0.4193045198917389.
[51, 0.4467754065990448, 0.41462674736976624, 0.9899968504905701, 0.17639152705669403, 1.403849482536316, 0.7641061544418335, '00:22']
Better model found at epoch 51 with valid_loss value: 0.41462674736976624.
[52, 0.4448901414871216, 0.4486119747161865, 0.989983081817627, 0.1790330410003662, 1.5202767848968506, 0.8045642375946045, '00:22']
[53, 0.44123342633247375, 0.42750921845436096, 0.9901377558708191, 0.17600543797016144, 1.3767032623291016, 0.7882856130599976, '00:22']
[54, 0.43855559825897217, 0.43360576033592224, 0.9900646209716797, 0.1771053671836853, 1.419364333152771, 0.7866436243057251, '00:22']
[55, 0.4461500942707062, 0.42466863989830017, 0.9901536107063293, 0.1757880598306656, 1.3579936027526855, 0.7871854305267334, '00:22']
[56, 0.4519585072994232, 0.4425777792930603, 0.9903265833854675, 0.17518992722034454, 1.2893966436386108, 0.8125194907188416, '00:22']
[57, 0.4447442591190338, 0.4255823493003845, 0.9900665879249573, 0.1764400452375412, 1.4162286520004272, 0.785537838935852, '00:22']
[58, 0.43684250116348267, 0.44052910804748535, 0.9903835654258728, 0.17473986744880676, 1.238338828086853, 0.8016343712806702, '00:24']
[59, 0.4409548044204712, 0.4453848898410797, 0.9901586771011353, 0.177368625998497, 1.4579325914382935, 0.8168377876281738, '00:22']
No improvement since epoch 51: early stopping
----------
2
----------
DLS create!
[0, 0.6945263147354126, 0.6429969072341919, 0.9893592596054077, 0.2615083158016205, 1.3819959163665771, 0.9987365007400513, '00:23']
Better model found at epoch 0 with valid_loss value: 0.6429969072341919.
[1, 0.6182065010070801, 0.5650275349617004, 0.9893779754638672, 0.21144628524780273, 1.2103549242019653, 0.9985529184341431, '00:20']
Better model found at epoch 1 with valid_loss value: 0.5650275349617004.
[2, 0.5797727704048157, 0.5465341806411743, 0.989382266998291, 0.19886930286884308, 1.151443600654602, 0.9983085989952087, '00:22']
Better model found at epoch 2 with valid_loss value: 0.5465341806411743.
[3, 0.5580896735191345, 0.536422610282898, 0.9893629550933838, 0.19220277667045593, 1.1292753219604492, 0.9962365031242371, '00:21']
Better model found at epoch 3 with valid_loss value: 0.536422610282898.
[4, 0.543432891368866, 0.5354927778244019, 0.9892737865447998, 0.19039751589298248, 1.2841041088104248, 0.9883130788803101, '00:22']
Better model found at epoch 4 with valid_loss value: 0.5354927778244019.
[5, 0.5334845781326294, 0.5238719582557678, 0.9892860651016235, 0.18515616655349731, 1.1904065608978271, 0.9873268008232117, '00:21']
Better model found at epoch 5 with valid_loss value: 0.5238719582557678.
[6, 0.526083767414093, 0.5158672332763672, 0.9891881346702576, 0.18294933438301086, 1.2358086109161377, 0.9754928946495056, '00:21']
Better model found at epoch 6 with valid_loss value: 0.5158672332763672.
[7, 0.5185702443122864, 0.5073238611221313, 0.9891314506530762, 0.17972826957702637, 1.2365612983703613, 0.9637567400932312, '00:21']
Better model found at epoch 7 with valid_loss value: 0.5073238611221313.
[8, 0.5133727192878723, 0.5053256154060364, 0.9890249371528625, 0.1812705248594284, 1.3143595457077026, 0.9541139602661133, '00:20']
Better model found at epoch 8 with valid_loss value: 0.5053256154060364.
[9, 0.5083560347557068, 0.5136127471923828, 0.9892479777336121, 0.17708228528499603, 1.2120704650878906, 0.9698658585548401, '00:21']
[10, 0.5037180185317993, 0.501827597618103, 0.989107072353363, 0.1768004149198532, 1.2449897527694702, 0.9521130919456482, '00:20']
Better model found at epoch 10 with valid_loss value: 0.501827597618103.
[11, 0.49941372871398926, 0.503738522529602, 0.9886667132377625, 0.18645241856575012, 1.5816564559936523, 0.9203288555145264, '00:21']
[12, 0.49662670493125916, 0.5130146741867065, 0.989296019077301, 0.17524045705795288, 1.2110724449157715, 0.9656111598014832, '00:21']
[13, 0.49294960498809814, 0.4913438558578491, 0.9890052676200867, 0.17674367129802704, 1.378441333770752, 0.9217718839645386, '00:24']
Better model found at epoch 13 with valid_loss value: 0.4913438558578491.
[14, 0.49409598112106323, 0.49083757400512695, 0.9890337586402893, 0.17633000016212463, 1.3649768829345703, 0.918980598449707, '00:21']
Better model found at epoch 14 with valid_loss value: 0.49083757400512695.
[15, 0.48944419622421265, 0.47580596804618835, 0.9886471629142761, 0.17859306931495667, 1.5050153732299805, 0.8797258138656616, '00:23']
Better model found at epoch 15 with valid_loss value: 0.47580596804618835.
[16, 0.486889123916626, 0.47407805919647217, 0.9887868762016296, 0.1765550971031189, 1.4200806617736816, 0.8797920942306519, '00:22']
Better model found at epoch 16 with valid_loss value: 0.47407805919647217.
[17, 0.47724026441574097, 0.46380385756492615, 0.9886915683746338, 0.17579838633537292, 1.3641318082809448, 0.8605565428733826, '00:25']
Better model found at epoch 17 with valid_loss value: 0.46380385756492615.
[18, 0.47353261709213257, 0.47637370228767395, 0.9887139797210693, 0.17726382613182068, 1.4447957277297974, 0.8750517964363098, '00:20']
[19, 0.4710938632488251, 0.48548418283462524, 0.9889624714851379, 0.17512664198875427, 1.2467920780181885, 0.8953707218170166, '00:21']
[20, 0.4650607109069824, 0.45433640480041504, 0.9885453581809998, 0.17600737512111664, 1.3663324117660522, 0.8399673700332642, '00:20']
Better model found at epoch 20 with valid_loss value: 0.45433640480041504.
[21, 0.4702806770801544, 0.4871707558631897, 0.9890019297599792, 0.1755780130624771, 1.3823611736297607, 0.8899921178817749, '00:21']
[22, 0.47005975246429443, 0.4700806438922882, 0.9889203906059265, 0.17474646866321564, 1.269514799118042, 0.8596994280815125, '00:21']
[23, 0.4687126576900482, 0.4757925570011139, 0.9883245825767517, 0.18144655227661133, 1.5907145738601685, 0.8459765911102295, '00:22']
[24, 0.46823206543922424, 0.45453470945358276, 0.9885085225105286, 0.17662498354911804, 1.4405064582824707, 0.8303214311599731, '00:20']
[25, 0.4660007357597351, 0.45247793197631836, 0.9885833859443665, 0.17592504620552063, 1.3940871953964233, 0.829982340335846, '00:21']
Better model found at epoch 25 with valid_loss value: 0.45247793197631836.
[26, 0.46812519431114197, 0.4606061577796936, 0.9886650443077087, 0.17566965520381927, 1.3212311267852783, 0.8483715057373047, '00:21']
[27, 0.4673129618167877, 0.5206551551818848, 0.9892755150794983, 0.17388127744197845, 1.1071070432662964, 0.9506650567054749, '00:22']
[28, 0.47352170944213867, 0.46589362621307373, 0.988813042640686, 0.17530930042266846, 1.3572654724121094, 0.852211058139801, '00:21']
[29, 0.4661237299442291, 0.4683133661746979, 0.9888110756874084, 0.1744244247674942, 1.226806402206421, 0.8517880439758301, '00:21']
[30, 0.4594283699989319, 0.4512401819229126, 0.9885680675506592, 0.17573681473731995, 1.3832104206085205, 0.8253858685493469, '00:21']
Better model found at epoch 30 with valid_loss value: 0.4512401819229126.
[31, 0.4627141058444977, 0.4599522650241852, 0.9885830283164978, 0.1756286472082138, 1.347743034362793, 0.8422181010246277, '00:24']
[32, 0.4604351818561554, 0.4516482353210449, 0.9885889887809753, 0.17543639242649078, 1.3752264976501465, 0.8211843371391296, '00:21']
[33, 0.4558258354663849, 0.4527510106563568, 0.9885764122009277, 0.17611481249332428, 1.4219939708709717, 0.8250108957290649, '00:23']
[34, 0.4572017788887024, 0.4473792612552643, 0.9886236190795898, 0.17507843673229218, 1.3386565446853638, 0.814670205116272, '00:21']
Better model found at epoch 34 with valid_loss value: 0.4473792612552643.
[35, 0.45802924036979675, 0.4725532531738281, 0.9883542060852051, 0.17921686172485352, 1.5618442296981812, 0.8432139754295349, '00:21']
[36, 0.4541285037994385, 0.45339155197143555, 0.988581657409668, 0.17547138035297394, 1.3512245416641235, 0.8273552060127258, '00:21']
[37, 0.44943156838417053, 0.4390939176082611, 0.9884896278381348, 0.17520646750926971, 1.3330702781677246, 0.8010429739952087, '00:21']
Better model found at epoch 37 with valid_loss value: 0.4390939176082611.
[38, 0.4527910351753235, 0.4819198548793793, 0.9884970784187317, 0.18025001883506775, 1.5984240770339966, 0.8564968109130859, '00:21']
[39, 0.45617035031318665, 0.4514857232570648, 0.9882789850234985, 0.17788559198379517, 1.5166771411895752, 0.8149057626724243, '00:21']
[40, 0.4509245753288269, 0.4629741907119751, 0.988404393196106, 0.1778687834739685, 1.490746021270752, 0.8357083797454834, '00:22']
[41, 0.4581233561038971, 0.4575878381729126, 0.9886633157730103, 0.17515471577644348, 1.2948895692825317, 0.836789608001709, '00:20']
[42, 0.4545786678791046, 0.4497344195842743, 0.9884152412414551, 0.17611655592918396, 1.3549600839614868, 0.8234241008758545, '00:25']
[43, 0.4496365487575531, 0.4451345205307007, 0.9883208274841309, 0.1768588125705719, 1.4757763147354126, 0.8029221296310425, '00:20']
[44, 0.44687336683273315, 0.4455043077468872, 0.9886061549186707, 0.174801766872406, 1.3061245679855347, 0.809116005897522, '00:22']
[45, 0.44745850563049316, 0.4526894986629486, 0.9884677529335022, 0.17594997584819794, 1.3754310607910156, 0.827865719795227, '00:21']
No improvement since epoch 37: early stopping
----------
3
----------
DLS create!
[0, 0.6430919766426086, 0.6133280992507935, 0.992047905921936, 0.24303239583969116, 1.3512132167816162, 0.9968405365943909, '00:23']
Better model found at epoch 0 with valid_loss value: 0.6133280992507935.
[1, 0.5888428092002869, 0.559432864189148, 0.9920741319656372, 0.20356179773807526, 1.2393513917922974, 0.9973957538604736, '00:23']
Better model found at epoch 1 with valid_loss value: 0.559432864189148.
[2, 0.5606420040130615, 0.5356389880180359, 0.9920555949211121, 0.19328828155994415, 1.1607067584991455, 0.994631290435791, '00:24']
Better model found at epoch 2 with valid_loss value: 0.5356389880180359.
[3, 0.5436127781867981, 0.5280134081840515, 0.99205482006073, 0.18800851702690125, 1.2226767539978027, 0.9935740828514099, '00:25']
Better model found at epoch 3 with valid_loss value: 0.5280134081840515.
[4, 0.53251713514328, 0.5201504826545715, 0.9920227527618408, 0.18383683264255524, 1.188279390335083, 0.9880467057228088, '00:23']
Better model found at epoch 4 with valid_loss value: 0.5201504826545715.
[5, 0.5248720645904541, 0.5187374949455261, 0.9918786287307739, 0.18698635697364807, 1.2828102111816406, 0.9708141088485718, '00:25']
Better model found at epoch 5 with valid_loss value: 0.5187374949455261.
[6, 0.5187261700630188, 0.5284357070922852, 0.9919726848602295, 0.18814906477928162, 1.3250153064727783, 0.9829950928688049, '00:22']
[7, 0.5143579840660095, 0.5073619484901428, 0.9919628500938416, 0.17879721522331238, 1.2458827495574951, 0.9714605808258057, '00:23']
Better model found at epoch 7 with valid_loss value: 0.5073619484901428.
[8, 0.5082778930664062, 0.4999382793903351, 0.9918901324272156, 0.17809896171092987, 1.36542809009552, 0.9524449110031128, '00:22']
Better model found at epoch 8 with valid_loss value: 0.4999382793903351.
[9, 0.5029429197311401, 0.511223316192627, 0.991966724395752, 0.17872536182403564, 1.4127781391143799, 0.9685243964195251, '00:23']
[10, 0.4962734580039978, 0.4917646646499634, 0.9918637275695801, 0.17667177319526672, 1.3739176988601685, 0.936843752861023, '00:22']
Better model found at epoch 10 with valid_loss value: 0.4917646646499634.
[11, 0.4941696524620056, 0.489637553691864, 0.9918272495269775, 0.17711621522903442, 1.4194568395614624, 0.9266136288642883, '00:23']
Better model found at epoch 11 with valid_loss value: 0.489637553691864.
[12, 0.486097127199173, 0.48225119709968567, 0.9917443990707397, 0.17653919756412506, 1.4441250562667847, 0.9004051089286804, '00:22']
Better model found at epoch 12 with valid_loss value: 0.48225119709968567.
[13, 0.48193806409835815, 0.49281957745552063, 0.9917401075363159, 0.17878757417201996, 1.529946208000183, 0.9180495738983154, '00:24']
[14, 0.4778916537761688, 0.4917905926704407, 0.9919183254241943, 0.1750495582818985, 1.328226089477539, 0.9272121787071228, '00:22']
[15, 0.47386717796325684, 0.5029006600379944, 0.9919677376747131, 0.17487281560897827, 1.2922722101211548, 0.9439613223075867, '00:23']
[16, 0.47255200147628784, 0.4772527515888214, 0.9917396306991577, 0.176004558801651, 1.4282561540603638, 0.8875890970230103, '00:22']
Better model found at epoch 16 with valid_loss value: 0.4772527515888214.
[17, 0.47313302755355835, 0.47253918647766113, 0.9916184544563293, 0.17725704610347748, 1.5173635482788086, 0.8699543476104736, '00:23']
Better model found at epoch 17 with valid_loss value: 0.47253918647766113.
[18, 0.4668213725090027, 0.48896071314811707, 0.9918927550315857, 0.17492134869098663, 1.3418583869934082, 0.9144993424415588, '00:22']
[19, 0.4671720862388611, 0.4639187455177307, 0.9917432069778442, 0.17531441152095795, 1.3812007904052734, 0.8633220195770264, '00:24']
Better model found at epoch 19 with valid_loss value: 0.4639187455177307.
[20, 0.461534321308136, 0.49047911167144775, 0.9916865825653076, 0.17889080941677094, 1.5805400609970093, 0.9025773406028748, '00:22']
[21, 0.4592614471912384, 0.473116397857666, 0.9917795658111572, 0.1753023862838745, 1.383279800415039, 0.883778989315033, '00:23']
[22, 0.45938411355018616, 0.4648917615413666, 0.9918149709701538, 0.1744440644979477, 1.2763549089431763, 0.8658887147903442, '00:23']
[23, 0.45844006538391113, 0.48249706625938416, 0.9918807744979858, 0.1740894913673401, 1.171072244644165, 0.9015907049179077, '00:23']
[24, 0.45943698287010193, 0.4752124845981598, 0.9918546676635742, 0.1746618151664734, 1.3134537935256958, 0.8851260542869568, '00:22']
[25, 0.45975589752197266, 0.4855765998363495, 0.9914913773536682, 0.1813717484474182, 1.6638517379760742, 0.8740178346633911, '00:23']
[26, 0.4626017212867737, 0.46554428339004517, 0.991703450679779, 0.17630763351917267, 1.4610892534255981, 0.8639937043190002, '00:22']
[27, 0.4638863801956177, 0.4690400958061218, 0.9916104078292847, 0.1775188446044922, 1.5372164249420166, 0.8660008907318115, '00:24']
No improvement since epoch 19: early stopping
----------
4
----------
DLS create!
[0, 0.7482931017875671, 0.6862356662750244, 0.9915096759796143, 0.28792911767959595, 1.4450368881225586, 0.9978052377700806, '00:22']
Better model found at epoch 0 with valid_loss value: 0.6862356662750244.
[1, 0.6687848567962646, 0.6043556332588196, 0.9915227890014648, 0.23734137415885925, 1.3011928796768188, 0.9978958368301392, '00:23']
Better model found at epoch 1 with valid_loss value: 0.6043556332588196.
[2, 0.6222303509712219, 0.8922919034957886, 0.9915059208869934, 0.22050219774246216, 1.613460898399353, 0.9964166879653931, '00:22']
[3, 0.589853048324585, 0.5520246624946594, 0.9915162920951843, 0.20246060192584991, 1.1814240217208862, 0.996219277381897, '00:23']
Better model found at epoch 3 with valid_loss value: 0.5520246624946594.
[4, 0.5665901303291321, 0.5391362905502319, 0.9914970397949219, 0.19494232535362244, 1.1579570770263672, 0.9938830137252808, '00:22']
Better model found at epoch 4 with valid_loss value: 0.5391362905502319.
[5, 0.550409197807312, 0.5305059552192688, 0.9914958477020264, 0.18959371745586395, 1.1343837976455688, 0.9928171038627625, '00:24']
Better model found at epoch 5 with valid_loss value: 0.5305059552192688.
[6, 0.5389998555183411, 0.5232826471328735, 0.9914605617523193, 0.1861264556646347, 1.1496938467025757, 0.9881741404533386, '00:22']
Better model found at epoch 6 with valid_loss value: 0.5232826471328735.
[7, 0.5300614833831787, 0.5195277333259583, 0.9913021326065063, 0.18720348179340363, 1.2923943996429443, 0.971371054649353, '00:23']
Better model found at epoch 7 with valid_loss value: 0.5195277333259583.
[8, 0.5221276879310608, 0.5090612173080444, 0.9913945198059082, 0.1796094924211502, 1.201596975326538, 0.9730368256568909, '00:22']
Better model found at epoch 8 with valid_loss value: 0.5090612173080444.
[9, 0.5152645707130432, 0.4933972656726837, 0.9910499453544617, 0.18201863765716553, 1.4130326509475708, 0.9296443462371826, '00:23']
Better model found at epoch 9 with valid_loss value: 0.4933972656726837.
[10, 0.5091759562492371, 0.4803812801837921, 0.9909918904304504, 0.17979861795902252, 1.4075018167495728, 0.9098402857780457, '00:22']
Better model found at epoch 10 with valid_loss value: 0.4803812801837921.
[11, 0.5012479424476624, 0.4752201437950134, 0.9906426668167114, 0.18309827148914337, 1.584824800491333, 0.8740958571434021, '00:23']
Better model found at epoch 11 with valid_loss value: 0.4752201437950134.
[12, 0.49287205934524536, 0.46500349044799805, 0.9908754229545593, 0.17839278280735016, 1.4688040018081665, 0.8750890493392944, '00:22']
Better model found at epoch 12 with valid_loss value: 0.46500349044799805.
[13, 0.48850587010383606, 0.528588056564331, 0.9901713132858276, 0.1954338401556015, 1.7808400392532349, 0.8513708710670471, '00:23']
[14, 0.48443007469177246, 0.44891995191574097, 0.9909142851829529, 0.17634834349155426, 1.3739784955978394, 0.8521155118942261, '00:22']
Better model found at epoch 14 with valid_loss value: 0.44891995191574097.
[15, 0.4787903130054474, 0.43068698048591614, 0.9906771779060364, 0.17677882313728333, 1.4222159385681152, 0.8117108345031738, '00:24']
Better model found at epoch 15 with valid_loss value: 0.43068698048591614.
[16, 0.47289255261421204, 0.4342317283153534, 0.9907471537590027, 0.17643220722675323, 1.4004333019256592, 0.8155350089073181, '00:22']
[17, 0.47650855779647827, 0.43456408381462097, 0.9907915592193604, 0.1761123389005661, 1.3933771848678589, 0.8203626275062561, '00:23']
[18, 0.4722455143928528, 0.5027792453765869, 0.9914231896400452, 0.17372827231884003, 1.05716872215271, 0.937179446220398, '00:22']
[19, 0.4763253629207611, 0.45727846026420593, 0.9909297823905945, 0.17646904289722443, 1.4312670230865479, 0.8514532446861267, '00:24']
[20, 0.47863754630088806, 0.4281006455421448, 0.9906109571456909, 0.17684409022331238, 1.4547183513641357, 0.8026817440986633, '00:22']
Better model found at epoch 20 with valid_loss value: 0.4281006455421448.
[21, 0.4731816351413727, 0.42715293169021606, 0.9907124042510986, 0.1762927770614624, 1.4201496839523315, 0.8017842769622803, '00:23']
Better model found at epoch 21 with valid_loss value: 0.42715293169021606.
[22, 0.46714282035827637, 0.42475706338882446, 0.990442156791687, 0.17802515625953674, 1.5248287916183472, 0.7832536101341248, '00:22']
Better model found at epoch 22 with valid_loss value: 0.42475706338882446.
[23, 0.4667181968688965, 0.41307884454727173, 0.9906174540519714, 0.17593033611774445, 1.3993817567825317, 0.771294116973877, '00:23']
Better model found at epoch 23 with valid_loss value: 0.41307884454727173.
[24, 0.47034698724746704, 0.41943222284317017, 0.9907982349395752, 0.17456364631652832, 1.251608967781067, 0.7827587127685547, '00:22']
[25, 0.4670969843864441, 0.44021573662757874, 0.9906769394874573, 0.17721231281757355, 1.48380708694458, 0.8181957006454468, '00:24']
[26, 0.4700477421283722, 0.4205475449562073, 0.9902917146682739, 0.1788681596517563, 1.5199347734451294, 0.7650816440582275, '00:22']
[27, 0.4633035659790039, 0.4183283746242523, 0.9908273816108704, 0.17433960735797882, 1.2096084356307983, 0.770710825920105, '00:23']
[28, 0.46355557441711426, 0.4072490632534027, 0.9907112717628479, 0.1747637242078781, 1.279675006866455, 0.7588491439819336, '00:22']
Better model found at epoch 28 with valid_loss value: 0.4072490632534027.
[29, 0.4624159634113312, 0.41242796182632446, 0.9907156229019165, 0.17509184777736664, 1.3283220529556274, 0.7706913948059082, '00:22']
[30, 0.458965927362442, 0.42526084184646606, 0.9901436567306519, 0.18016937375068665, 1.5885827541351318, 0.7597678899765015, '00:22']
[31, 0.45996469259262085, 0.44872644543647766, 0.9911212921142578, 0.1739959418773651, 1.1705756187438965, 0.8259299397468567, '00:23']
[32, 0.4661160111427307, 0.45742031931877136, 0.9911178350448608, 0.17461660504341125, 1.255394697189331, 0.8545114398002625, '00:22']
[33, 0.45952922105789185, 0.41436147689819336, 0.9906539916992188, 0.1754303276538849, 1.3371657133102417, 0.7741336226463318, '00:22']
[34, 0.45457640290260315, 0.40252286195755005, 0.9907304644584656, 0.17453499138355255, 1.2585673332214355, 0.7420695424079895, '00:21']
Better model found at epoch 34 with valid_loss value: 0.40252286195755005.
[35, 0.45518216490745544, 0.4087366759777069, 0.9904647469520569, 0.17663832008838654, 1.4336528778076172, 0.7565986514091492, '00:21']
[36, 0.4583050310611725, 0.3979174494743347, 0.9904267191886902, 0.17609453201293945, 1.4075578451156616, 0.7362937927246094, '00:21']
Better model found at epoch 36 with valid_loss value: 0.3979174494743347.
[37, 0.458504319190979, 0.3933343291282654, 0.9903945922851562, 0.17602449655532837, 1.3964437246322632, 0.7304438948631287, '00:23']
Better model found at epoch 37 with valid_loss value: 0.3933343291282654.
[38, 0.45150303840637207, 0.43901145458221436, 0.9908854961395264, 0.1754429042339325, 1.3540396690368652, 0.8172251582145691, '00:21']
[39, 0.453836590051651, 0.4140213131904602, 0.9902399778366089, 0.1782776415348053, 1.535690188407898, 0.7567498683929443, '00:22']
[40, 0.45611605048179626, 0.3992229402065277, 0.9905040860176086, 0.1754702776670456, 1.3585840463638306, 0.7459617257118225, '00:21']
[41, 0.4556454122066498, 0.4226885139942169, 0.9906694889068604, 0.1756156086921692, 1.349860429763794, 0.7875018119812012, '00:21']
[42, 0.4533205032348633, 0.4045605957508087, 0.9903527498245239, 0.17686356604099274, 1.4384063482284546, 0.7425110936164856, '00:23']
[43, 0.4578213691711426, 0.401500403881073, 0.9901832342147827, 0.17752210795879364, 1.470781683921814, 0.7291883826255798, '00:21']
[44, 0.4498710334300995, 0.39475321769714355, 0.9901561141014099, 0.17749981582164764, 1.487680196762085, 0.7179463505744934, '00:22']
[45, 0.4396700859069824, 0.4002203643321991, 0.9902562499046326, 0.1773400604724884, 1.479764699935913, 0.7294453382492065, '00:21']
No improvement since epoch 37: early stopping
Linknet Done!
