Models will save to Linknet_effb7_x
Use efficientnet-b7 encoder
Start training...
----------
0
----------
DLS create!
[0, 0.703719973564148, 0.645234227180481, 0.9901567697525024, 0.2628803551197052, 1.3615219593048096, 0.9986875653266907, '00:40']
Better model found at epoch 0 with valid_loss value: 0.645234227180481.
[1, 0.6254516243934631, 0.5878351926803589, 0.9901551008224487, 0.2265830785036087, 1.2847768068313599, 0.9974647760391235, '00:37']
Better model found at epoch 1 with valid_loss value: 0.5878351926803589.
[2, 0.5828186273574829, 0.5564011931419373, 0.9901601672172546, 0.20600196719169617, 1.2343002557754517, 0.996695876121521, '00:38']
Better model found at epoch 2 with valid_loss value: 0.5564011931419373.
[3, 0.554081380367279, 0.5395382046699524, 0.9901701211929321, 0.19431278109550476, 1.1814671754837036, 0.996769368648529, '00:37']
Better model found at epoch 3 with valid_loss value: 0.5395382046699524.
[4, 0.5371553897857666, 0.527546226978302, 0.9901808500289917, 0.1850307136774063, 1.1130039691925049, 0.9970430135726929, '00:38']
Better model found at epoch 4 with valid_loss value: 0.527546226978302.
[5, 0.526025652885437, 0.5245513319969177, 0.9901789426803589, 0.18221311271190643, 1.1453887224197388, 0.9961792826652527, '00:37']
Better model found at epoch 5 with valid_loss value: 0.5245513319969177.
[6, 0.5171209573745728, 0.5218651294708252, 0.9901909232139587, 0.17796604335308075, 1.0711002349853516, 0.9970319867134094, '00:37']
Better model found at epoch 6 with valid_loss value: 0.5218651294708252.
[7, 0.5094996094703674, 0.522341787815094, 0.9901970624923706, 0.17644962668418884, 1.042102336883545, 0.9977313280105591, '00:37']
[8, 0.5027658939361572, 0.5213120579719543, 0.9901826977729797, 0.17508868873119354, 1.0493435859680176, 0.9937165975570679, '00:37']
Better model found at epoch 8 with valid_loss value: 0.5213120579719543.
[9, 0.4989009499549866, 0.5002052783966064, 0.9899332523345947, 0.17644593119621277, 1.3015433549880981, 0.9514251947402954, '00:37']
Better model found at epoch 9 with valid_loss value: 0.5002052783966064.
[10, 0.4964088499546051, 0.4966343641281128, 0.9898918271064758, 0.17604978382587433, 1.3411589860916138, 0.9379940629005432, '00:38']
Better model found at epoch 10 with valid_loss value: 0.4966343641281128.
[11, 0.4887259602546692, 0.488990843296051, 0.9898601174354553, 0.17502284049987793, 1.2619270086288452, 0.9201504588127136, '00:38']
Better model found at epoch 11 with valid_loss value: 0.488990843296051.
[12, 0.4877029359340668, 0.5016211867332458, 0.9899948239326477, 0.17456351220607758, 1.196730136871338, 0.9410004615783691, '00:37']
[13, 0.4811563491821289, 0.47897329926490784, 0.9898175597190857, 0.1745259314775467, 1.2166129350662231, 0.892809271812439, '00:38']
Better model found at epoch 13 with valid_loss value: 0.47897329926490784.
[14, 0.4825889468193054, 0.47093960642814636, 0.9896631836891174, 0.17546989023685455, 1.3337316513061523, 0.8843500018119812, '00:38']
Better model found at epoch 14 with valid_loss value: 0.47093960642814636.
[15, 0.47823047637939453, 0.465128630399704, 0.9895960092544556, 0.17525865137577057, 1.3304134607315063, 0.8690797090530396, '00:37']
Better model found at epoch 15 with valid_loss value: 0.465128630399704.
[16, 0.47723856568336487, 0.47840404510498047, 0.9893703460693359, 0.17951428890228271, 1.5692492723464966, 0.8762665390968323, '00:37']
[17, 0.4773469865322113, 0.4743174910545349, 0.98920738697052, 0.1814076006412506, 1.5806605815887451, 0.8633748888969421, '00:38']
[18, 0.4756125211715698, 0.47621333599090576, 0.9891241788864136, 0.18153657019138336, 1.6277718544006348, 0.8508131504058838, '00:37']
[19, 0.47975414991378784, 0.4637419581413269, 0.9895767569541931, 0.17559634149074554, 1.3343876600265503, 0.860054075717926, '00:38']
Better model found at epoch 19 with valid_loss value: 0.4637419581413269.
[20, 0.46625852584838867, 0.48228582739830017, 0.9898123741149902, 0.17447371780872345, 1.233590841293335, 0.8859858512878418, '00:38']
[21, 0.4689180850982666, 0.4728825092315674, 0.9893650412559509, 0.17880316078662872, 1.5496665239334106, 0.8626430630683899, '00:37']
[22, 0.4627842307090759, 0.469408243894577, 0.9896695017814636, 0.17460788786411285, 1.2511332035064697, 0.8671485781669617, '00:38']
[23, 0.45927923917770386, 0.4740886986255646, 0.9896104335784912, 0.1760256290435791, 1.3182573318481445, 0.8718019127845764, '00:37']
[24, 0.46230348944664, 0.47488725185394287, 0.9890600442886353, 0.18125766515731812, 1.6271098852157593, 0.8462992906570435, '00:37']
[25, 0.4582976698875427, 0.464830607175827, 0.9894276261329651, 0.17680366337299347, 1.377145767211914, 0.8479464650154114, '00:38']
[26, 0.4525519609451294, 0.4819028079509735, 0.9890007376670837, 0.18234701454639435, 1.6493744850158691, 0.8435520529747009, '00:38']
[27, 0.45224180817604065, 0.472646027803421, 0.9892537593841553, 0.17885075509548187, 1.5274888277053833, 0.8498957753181458, '00:38']
No improvement since epoch 19: early stopping
----------
1
----------
DLS create!
[0, 0.6547085046768188, 0.6135236024856567, 0.9900913238525391, 0.24318307638168335, 1.3098596334457397, 0.997400164604187, '00:39']
Better model found at epoch 0 with valid_loss value: 0.6135236024856567.
[1, 0.5877524018287659, 0.5574122667312622, 0.9900763630867004, 0.20729291439056396, 1.2318826913833618, 0.994867742061615, '00:39']
Better model found at epoch 1 with valid_loss value: 0.5574122667312622.
[2, 0.5560766458511353, 0.5422739386558533, 0.9900923371315002, 0.1968795657157898, 1.188949704170227, 0.9950346946716309, '00:40']
Better model found at epoch 2 with valid_loss value: 0.5422739386558533.
[3, 0.5381826162338257, 0.5278575420379639, 0.9901160001754761, 0.18605706095695496, 1.1071703433990479, 0.9955804347991943, '00:39']
Better model found at epoch 3 with valid_loss value: 0.5278575420379639.
[4, 0.5284289717674255, 0.5235893726348877, 0.9901431798934937, 0.18109282851219177, 1.0672271251678467, 0.9979509115219116, '00:39']
Better model found at epoch 4 with valid_loss value: 0.5235893726348877.
[5, 0.5178858637809753, 0.5221081376075745, 0.9901461005210876, 0.17894771695137024, 1.0523866415023804, 0.9978313446044922, '00:40']
Better model found at epoch 5 with valid_loss value: 0.5221081376075745.
[6, 0.5109661221504211, 0.5236575603485107, 0.9901588559150696, 0.1758054941892624, 1.0247493982315063, 0.9994608759880066, '00:39']
[7, 0.5036715865135193, 0.5232182741165161, 0.9901540875434875, 0.1753106415271759, 1.0232329368591309, 0.9981096386909485, '00:39']
[8, 0.49828988313674927, 0.5260165929794312, 0.9901578426361084, 0.1745421141386032, 1.0126712322235107, 0.9988304376602173, '00:40']
[9, 0.4904870390892029, 0.5029169321060181, 0.9899936318397522, 0.17460505664348602, 1.1254963874816895, 0.9508879780769348, '00:39']
Better model found at epoch 9 with valid_loss value: 0.5029169321060181.
[10, 0.4846700131893158, 0.509189248085022, 0.9900315403938293, 0.1742885857820511, 1.0656791925430298, 0.9603334665298462, '00:40']
[11, 0.47794678807258606, 0.45983588695526123, 0.9896153807640076, 0.17571409046649933, 1.3038089275360107, 0.8582584261894226, '00:40']
Better model found at epoch 11 with valid_loss value: 0.45983588695526123.
[12, 0.47531864047050476, 0.4760396182537079, 0.9898236393928528, 0.174194797873497, 1.141324758529663, 0.8830281496047974, '00:39']
[13, 0.47104355692863464, 0.45956137776374817, 0.9896240234375, 0.17548616230487823, 1.3216358423233032, 0.8510571718215942, '00:40']
Better model found at epoch 13 with valid_loss value: 0.45956137776374817.
[14, 0.46670839190483093, 0.48064297437667847, 0.9892303347587585, 0.18276064097881317, 1.6401779651641846, 0.8456546664237976, '00:39']
[15, 0.4640788733959198, 0.5034316778182983, 0.9894677400588989, 0.18294298648834229, 1.6037509441375732, 0.8753324151039124, '00:39']
[16, 0.4603782892227173, 0.5355542898178101, 0.9892799258232117, 0.19023633003234863, 1.7132455110549927, 0.8753690719604492, '00:39']
[17, 0.46286556124687195, 0.527272641658783, 0.9892191290855408, 0.18959645926952362, 1.7001099586486816, 0.8603149056434631, '00:40']
[18, 0.46327948570251465, 0.541835367679596, 0.9894693493843079, 0.1935078650712967, 1.7605267763137817, 0.9188631176948547, '00:41']
[19, 0.46738386154174805, 0.48211655020713806, 0.9898326992988586, 0.17454661428928375, 1.16477632522583, 0.8851655721664429, '00:39']
[20, 0.4609401226043701, 0.4689566195011139, 0.9892188906669617, 0.18162594735622406, 1.5717036724090576, 0.8173054456710815, '00:39']
[21, 0.46115973591804504, 0.46430832147598267, 0.9892866015434265, 0.17956270277500153, 1.537635087966919, 0.8233518600463867, '00:40']
No improvement since epoch 13: early stopping
----------
2
----------
DLS create!
[0, 0.673740565776825, 0.606292188167572, 0.9821383357048035, 0.2388935685157776, 1.316920518875122, 0.9952377080917358, '00:39']
Better model found at epoch 0 with valid_loss value: 0.606292188167572.
[1, 0.6025180220603943, 0.5572115778923035, 0.9821789264678955, 0.2071513682603836, 1.1767752170562744, 0.9965608716011047, '00:39']
Better model found at epoch 1 with valid_loss value: 0.5572115778923035.
[2, 0.564384937286377, 0.5378983616828918, 0.9822067022323608, 0.1937052607536316, 1.1165765523910522, 0.9979220628738403, '00:37']
Better model found at epoch 2 with valid_loss value: 0.5378983616828918.
[3, 0.5433368682861328, 0.5279668569564819, 0.9822072386741638, 0.1865779459476471, 1.0840449333190918, 0.9973803162574768, '00:39']
Better model found at epoch 3 with valid_loss value: 0.5279668569564819.
[4, 0.5308352708816528, 0.523338258266449, 0.9822178483009338, 0.18232038617134094, 1.0620673894882202, 0.9980103969573975, '00:38']
Better model found at epoch 4 with valid_loss value: 0.523338258266449.
[5, 0.5225386619567871, 0.5237669348716736, 0.9822491407394409, 0.1791573017835617, 1.0446521043777466, 1.0021835565567017, '00:39']
[6, 0.516180157661438, 0.5208974480628967, 0.9822327494621277, 0.17725995182991028, 1.029699444770813, 0.9996239542961121, '00:38']
Better model found at epoch 6 with valid_loss value: 0.5208974480628967.
[7, 0.5094974040985107, 0.5202768445014954, 0.9822291731834412, 0.17616894841194153, 1.0226000547409058, 0.9988007545471191, '00:38']
Better model found at epoch 7 with valid_loss value: 0.5202768445014954.
[8, 0.5007416605949402, 0.5183306336402893, 0.982210099697113, 0.17537692189216614, 1.038671851158142, 0.9943557977676392, '00:38']
Better model found at epoch 8 with valid_loss value: 0.5183306336402893.
[9, 0.49671316146850586, 0.5104534029960632, 0.9821475148200989, 0.17450790107250214, 1.0860704183578491, 0.9724833965301514, '00:38']
Better model found at epoch 9 with valid_loss value: 0.5104534029960632.
[10, 0.4923257827758789, 0.471897155046463, 0.9817997217178345, 0.17518222332000732, 1.2263273000717163, 0.8954567909240723, '00:39']
Better model found at epoch 10 with valid_loss value: 0.471897155046463.
[11, 0.4844233989715576, 0.45373016595840454, 0.9813491106033325, 0.17931070923805237, 1.5195287466049194, 0.83586585521698, '00:38']
Better model found at epoch 11 with valid_loss value: 0.45373016595840454.
[12, 0.47902822494506836, 0.4891168773174286, 0.9813659191131592, 0.18066707253456116, 1.4607077836990356, 0.8719654083251953, '00:38']
[13, 0.48676493763923645, 0.452470988035202, 0.9816798567771912, 0.17504943907260895, 1.2904484272003174, 0.8483885526657104, '00:39']
Better model found at epoch 13 with valid_loss value: 0.452470988035202.
[14, 0.48151296377182007, 0.4616487920284271, 0.981174886226654, 0.18109934031963348, 1.6109219789505005, 0.828087329864502, '00:38']
[15, 0.4805516004562378, 0.44838589429855347, 0.9816563725471497, 0.1748642772436142, 1.294050931930542, 0.8434059023857117, '00:38']
Better model found at epoch 15 with valid_loss value: 0.44838589429855347.
[16, 0.4783158600330353, 0.5501009225845337, 0.9807350039482117, 0.20171432197093964, 1.8416390419006348, 0.8440749049186707, '00:38']
[17, 0.4735949635505676, 0.45458874106407166, 0.9813408255577087, 0.17837190628051758, 1.489431619644165, 0.8327903151512146, '00:38']
[18, 0.46894681453704834, 1.0751115083694458, 0.9816819429397583, 0.19486169517040253, 1.8305385112762451, 0.9346725940704346, '00:38']
[19, 0.46250784397125244, 1.2955296039581299, 0.981253981590271, 0.1967114806175232, 1.8060729503631592, 0.9030479192733765, '00:37']
[20, 0.46719276905059814, 0.4608902633190155, 0.9816778302192688, 0.17529962956905365, 1.313820719718933, 0.8584802746772766, '00:38']
[21, 0.4500812590122223, 0.5289663076400757, 0.9811348915100098, 0.1844017505645752, 1.6369643211364746, 0.8383108973503113, '00:38']
[22, 0.4574911296367645, 0.4955849349498749, 0.981070876121521, 0.1832963228225708, 1.6432651281356812, 0.8226566910743713, '00:38']
[23, 0.4675716459751129, 0.578345537185669, 0.9811666011810303, 0.18383342027664185, 1.608283519744873, 0.8415651321411133, '00:39']
No improvement since epoch 15: early stopping
----------
3
----------
DLS create!
[0, 0.6301687359809875, 0.5922309756278992, 0.9935142397880554, 0.22911182045936584, 1.272554874420166, 1.0014127492904663, '00:38']
Better model found at epoch 0 with valid_loss value: 0.5922309756278992.
[1, 0.5747907161712646, 0.5452736020088196, 0.9935197234153748, 0.1985640823841095, 1.1488693952560425, 1.0018796920776367, '00:38']
Better model found at epoch 1 with valid_loss value: 0.5452736020088196.
[2, 0.5469377040863037, 0.5293431878089905, 0.993512749671936, 0.18763191998004913, 1.1017109155654907, 1.0013900995254517, '00:38']
Better model found at epoch 2 with valid_loss value: 0.5293431878089905.
[3, 0.5309662818908691, 0.5206523537635803, 0.9934978485107422, 0.181672602891922, 1.0614686012268066, 0.9995043873786926, '00:38']
Better model found at epoch 3 with valid_loss value: 0.5206523537635803.
[4, 0.5207371115684509, 0.5158756971359253, 0.9934819936752319, 0.17890489101409912, 1.0535134077072144, 0.9965699315071106, '00:38']
Better model found at epoch 4 with valid_loss value: 0.5158756971359253.
[5, 0.511119544506073, 0.5137402415275574, 0.9934600591659546, 0.17857985198497772, 1.1314916610717773, 0.9927221536636353, '00:38']
Better model found at epoch 5 with valid_loss value: 0.5137402415275574.
[6, 0.5061840415000916, 0.5109363198280334, 0.9934656620025635, 0.1758599728345871, 1.059438943862915, 0.9911541938781738, '00:39']
Better model found at epoch 6 with valid_loss value: 0.5109363198280334.
[7, 0.49714502692222595, 0.500076174736023, 0.9933502674102783, 0.17681436240673065, 1.3056666851043701, 0.9646572470664978, '00:38']
Better model found at epoch 7 with valid_loss value: 0.500076174736023.
[8, 0.493025004863739, 0.4861081838607788, 0.9932968616485596, 0.17521877586841583, 1.2553209066390991, 0.9375318288803101, '00:40']
Better model found at epoch 8 with valid_loss value: 0.4861081838607788.
[9, 0.4882047772407532, 0.47016531229019165, 0.9931284785270691, 0.17598263919353485, 1.3572293519973755, 0.9004684090614319, '00:38']
Better model found at epoch 9 with valid_loss value: 0.47016531229019165.
[10, 0.4840657711029053, 0.4701019525527954, 0.993130624294281, 0.17552682757377625, 1.3368991613388062, 0.902335524559021, '00:39']
Better model found at epoch 10 with valid_loss value: 0.4701019525527954.
[11, 0.4818044900894165, 0.4648154377937317, 0.9930391311645508, 0.1766635775566101, 1.4371026754379272, 0.8835710287094116, '00:38']
Better model found at epoch 11 with valid_loss value: 0.4648154377937317.
[12, 0.4832504391670227, 0.4707966446876526, 0.9930329918861389, 0.17633822560310364, 1.4485976696014404, 0.8965387344360352, '00:38']
[13, 0.482084721326828, 0.47331562638282776, 0.9928708672523499, 0.17876924574375153, 1.5868147611618042, 0.8867244124412537, '00:38']
[14, 0.47493231296539307, 0.4549603760242462, 0.9930186867713928, 0.175523042678833, 1.3694359064102173, 0.8613846898078918, '00:38']
Better model found at epoch 14 with valid_loss value: 0.4549603760242462.
[15, 0.47505658864974976, 0.4516989588737488, 0.9928687810897827, 0.17702099680900574, 1.4974220991134644, 0.8455359935760498, '00:38']
Better model found at epoch 15 with valid_loss value: 0.4516989588737488.
[16, 0.4667426645755768, 0.46140986680984497, 0.9931557178497314, 0.174412801861763, 1.2241394519805908, 0.8669997453689575, '00:38']
[17, 0.470615416765213, 0.4620356857776642, 0.9929412007331848, 0.17661204934120178, 1.4942376613616943, 0.8591970205307007, '00:38']
[18, 0.46952953934669495, 0.5424636602401733, 0.9923506379127502, 0.1903529167175293, 1.7907447814941406, 0.868922770023346, '00:38']
[19, 0.4680657386779785, 0.45326653122901917, 0.9927271008491516, 0.17828868329524994, 1.5632293224334717, 0.8381051421165466, '00:38']
[20, 0.46667999029159546, 0.448976069688797, 0.9926432371139526, 0.17752259969711304, 1.4872974157333374, 0.8260747194290161, '00:38']
Better model found at epoch 20 with valid_loss value: 0.448976069688797.
[21, 0.471371591091156, 0.4525073766708374, 0.9930498003959656, 0.17475496232509613, 1.303987979888916, 0.8547789454460144, '00:39']
[22, 0.46983468532562256, 0.46116605401039124, 0.9924667477607727, 0.1817275583744049, 1.6601948738098145, 0.8307022452354431, '00:38']
[23, 0.4591652750968933, 0.47359928488731384, 0.9923992156982422, 0.1827349066734314, 1.7069944143295288, 0.8361765146255493, '00:38']
[24, 0.4628007709980011, 0.444025456905365, 0.9926782846450806, 0.1774495393037796, 1.4764991998672485, 0.8299576044082642, '00:38']
Better model found at epoch 24 with valid_loss value: 0.444025456905365.
[25, 0.4665813148021698, 0.5351991653442383, 0.9922438859939575, 0.19572529196739197, 1.848024606704712, 0.8583551645278931, '00:38']
[26, 0.4642105996608734, 0.5685718655586243, 0.9922593235969543, 0.20480184257030487, 1.869895100593567, 0.8796579837799072, '00:38']
[27, 0.46042054891586304, 0.45344746112823486, 0.9928672909736633, 0.17568206787109375, 1.3172861337661743, 0.8466154336929321, '00:38']
[28, 0.4661424160003662, 0.4548744857311249, 0.9931132197380066, 0.17379829287528992, 1.1230714321136475, 0.8581306338310242, '00:38']
[29, 0.46153387427330017, 0.46302855014801025, 0.9927025437355042, 0.17868341505527496, 1.5196512937545776, 0.8398330211639404, '00:37']
[30, 0.45829713344573975, 0.5173949599266052, 0.9923760890960693, 0.19103214144706726, 1.8215460777282715, 0.847446858882904, '00:37']
[31, 0.4616810381412506, 0.4548419117927551, 0.992680549621582, 0.17829178273677826, 1.5884886980056763, 0.8419535160064697, '00:38']
[32, 0.46472516655921936, 0.45879992842674255, 0.9927794933319092, 0.17827758193016052, 1.5952287912368774, 0.8497430086135864, '00:37']
No improvement since epoch 24: early stopping
----------
4
----------
DLS create!
[0, 0.6498168706893921, 0.6027711629867554, 0.9919658899307251, 0.23618848621845245, 1.294939398765564, 0.998718798160553, '00:37']
Better model found at epoch 0 with valid_loss value: 0.6027711629867554.
[1, 0.5832552909851074, 0.5529085397720337, 0.9919676184654236, 0.20419733226299286, 1.1844658851623535, 0.9979622960090637, '00:38']
Better model found at epoch 1 with valid_loss value: 0.5529085397720337.
[2, 0.5531461238861084, 0.5344817042350769, 0.9919778108596802, 0.19162768125534058, 1.1210485696792603, 0.9981997609138489, '00:37']
Better model found at epoch 2 with valid_loss value: 0.5344817042350769.
[3, 0.5361981391906738, 0.5243864059448242, 0.99197918176651, 0.1842104196548462, 1.1077642440795898, 0.997617244720459, '00:37']
Better model found at epoch 3 with valid_loss value: 0.5243864059448242.
[4, 0.5251376032829285, 0.5198410749435425, 0.9919880032539368, 0.17975974082946777, 1.0638437271118164, 0.9981561899185181, '00:37']
Better model found at epoch 4 with valid_loss value: 0.5198410749435425.
[5, 0.517308235168457, 0.518723726272583, 0.9919883608818054, 0.17842867970466614, 1.0467958450317383, 0.9979844689369202, '00:37']
Better model found at epoch 5 with valid_loss value: 0.518723726272583.
[6, 0.5138381719589233, 0.5181967616081238, 0.9919888973236084, 0.17758309841156006, 1.0521585941314697, 0.9978141784667969, '00:37']
Better model found at epoch 6 with valid_loss value: 0.5181967616081238.
[7, 0.5064843893051147, 0.5181461572647095, 0.9919914603233337, 0.17565806210041046, 1.033565640449524, 0.9976446628570557, '00:37']
Better model found at epoch 7 with valid_loss value: 0.5181461572647095.
[8, 0.5025298595428467, 0.5128786563873291, 0.9919464588165283, 0.17501139640808105, 1.057799220085144, 0.9860385060310364, '00:37']
Better model found at epoch 8 with valid_loss value: 0.5128786563873291.
[9, 0.48984161019325256, 0.5119612216949463, 0.9919353127479553, 0.1744646281003952, 1.0662587881088257, 0.9798909425735474, '00:37']
Better model found at epoch 9 with valid_loss value: 0.5119612216949463.
[10, 0.4872247576713562, 0.454306423664093, 0.9911163449287415, 0.17862504720687866, 1.547931432723999, 0.8498526215553284, '00:38']
Better model found at epoch 10 with valid_loss value: 0.454306423664093.
[11, 0.47689545154571533, 0.46023446321487427, 0.9913599491119385, 0.17638029158115387, 1.4329107999801636, 0.8680123090744019, '00:38']
[12, 0.4822564423084259, 0.4407544732093811, 0.991087019443512, 0.1770482361316681, 1.5068793296813965, 0.82664954662323, '00:38']
Better model found at epoch 12 with valid_loss value: 0.4407544732093811.
[13, 0.48075440526008606, 0.4646628797054291, 0.991620659828186, 0.17388293147087097, 1.15321683883667, 0.8719035387039185, '00:38']
[14, 0.47607338428497314, 0.43771061301231384, 0.9909882545471191, 0.1775643527507782, 1.5365430116653442, 0.8140105605125427, '00:38']
Better model found at epoch 14 with valid_loss value: 0.43771061301231384.
[15, 0.4746013581752777, 0.4713815748691559, 0.9912109375, 0.17925986647605896, 1.6183462142944336, 0.8614832758903503, '00:38']
[16, 0.4729911983013153, 0.454874724149704, 0.9909505844116211, 0.17962267994880676, 1.6298197507858276, 0.8274341821670532, '00:38']
[17, 0.47617870569229126, 0.4636217951774597, 0.9909827709197998, 0.1803971529006958, 1.6543922424316406, 0.8394445180892944, '00:38']
[18, 0.4648115038871765, 0.44458502531051636, 0.9908573031425476, 0.1791439652442932, 1.614033818244934, 0.8107518553733826, '00:38']
[19, 0.4720020294189453, 0.44146737456321716, 0.9912063479423523, 0.17593862116336823, 1.4208546876907349, 0.8236743807792664, '00:38']
[20, 0.4629876911640167, 0.46120476722717285, 0.9906070232391357, 0.18317313492298126, 1.7211334705352783, 0.8042870163917542, '00:38']
[21, 0.4684607982635498, 0.41845643520355225, 0.9910948276519775, 0.17503629624843597, 1.3864349126815796, 0.7799168229103088, '00:38']
Better model found at epoch 21 with valid_loss value: 0.41845643520355225.
[22, 0.4619792699813843, 0.4271462559700012, 0.9910500049591064, 0.17605482041835785, 1.458958625793457, 0.7922874689102173, '00:38']
[23, 0.4546230733394623, 0.4370986819267273, 0.9912615418434143, 0.17522236704826355, 1.3812257051467896, 0.8082936406135559, '00:38']
[24, 0.4571031630039215, 0.44381260871887207, 0.9913722276687622, 0.17465852200984955, 1.3428937196731567, 0.8209435343742371, '00:38']
[25, 0.4570809304714203, 0.4607652425765991, 0.9913846850395203, 0.1761690378189087, 1.478752613067627, 0.8511369824409485, '00:38']
[26, 0.46533575654029846, 0.43558141589164734, 0.9912134408950806, 0.17544043064117432, 1.4099735021591187, 0.8119029998779297, '00:37']
[27, 0.46270880103111267, 0.44119083881378174, 0.9909974336624146, 0.1776823103427887, 1.5659780502319336, 0.8095319867134094, '00:38']
[28, 0.4637718200683594, 0.49146121740341187, 0.9905596971511841, 0.18822284042835236, 1.7766982316970825, 0.827632486820221, '00:38']
[29, 0.45933735370635986, 0.4743625819683075, 0.990728497505188, 0.18415981531143188, 1.7143640518188477, 0.8219420313835144, '00:38']
No improvement since epoch 21: early stopping
Linknet Done!
