Models will save to Linknet_incv4_x
Use inceptionv4 encoder
Start training...
----------
0
----------
DLS create!
[0, 0.647391140460968, 0.7552182078361511, 0.9800049662590027, 0.24654072523117065, 1.743678331375122, 1.0025323629379272, '00:25']
Better model found at epoch 0 with valid_loss value: 0.7552182078361511.
[1, 0.5888116359710693, 0.5555498003959656, 0.9799357652664185, 0.2053559422492981, 1.1802952289581299, 0.9973148107528687, '00:22']
Better model found at epoch 1 with valid_loss value: 0.5555498003959656.
[2, 0.5577501654624939, 0.5432987809181213, 0.9799400568008423, 0.1921418011188507, 1.1805745363235474, 0.9966220855712891, '00:24']
Better model found at epoch 2 with valid_loss value: 0.5432987809181213.
[3, 0.5394997596740723, 0.5293480753898621, 0.9798250198364258, 0.18616478145122528, 1.2081313133239746, 0.984825074672699, '00:23']
Better model found at epoch 3 with valid_loss value: 0.5293480753898621.
[4, 0.5273764133453369, 0.513064980506897, 0.9797354936599731, 0.18221522867679596, 1.2003039121627808, 0.9717697501182556, '00:25']
Better model found at epoch 4 with valid_loss value: 0.513064980506897.
[5, 0.5169814229011536, 0.5226948857307434, 0.9794318079948425, 0.19245046377182007, 1.368901014328003, 0.9536260962486267, '00:24']
[6, 0.5109476447105408, 0.5089978575706482, 0.9797863364219666, 0.17721673846244812, 1.1793806552886963, 0.9689077138900757, '00:22']
Better model found at epoch 6 with valid_loss value: 0.5089978575706482.
[7, 0.5047910213470459, 0.490511953830719, 0.9794200658798218, 0.17890958487987518, 1.3435238599777222, 0.9238543510437012, '00:24']
Better model found at epoch 7 with valid_loss value: 0.490511953830719.
[8, 0.50107342004776, 0.4870574176311493, 0.979425847530365, 0.17872470617294312, 1.3841819763183594, 0.9161843657493591, '00:23']
Better model found at epoch 8 with valid_loss value: 0.4870574176311493.
[9, 0.49982765316963196, 0.503207802772522, 0.9797362089157104, 0.17553307116031647, 1.229361891746521, 0.9478644132614136, '00:23']
[10, 0.4968588650226593, 0.48293614387512207, 0.9794812798500061, 0.17612043023109436, 1.3122025728225708, 0.9058727025985718, '00:23']
Better model found at epoch 10 with valid_loss value: 0.48293614387512207.
[11, 0.49465566873550415, 0.4892052412033081, 0.9794284701347351, 0.17788094282150269, 1.4392893314361572, 0.9070940613746643, '00:23']
[12, 0.49371737241744995, 0.4825873374938965, 0.9791510105133057, 0.18100282549858093, 1.523767352104187, 0.885740339756012, '00:23']
Better model found at epoch 12 with valid_loss value: 0.4825873374938965.
[13, 0.4906805753707886, 0.47389936447143555, 0.9792864322662354, 0.1775665581226349, 1.451176643371582, 0.876693844795227, '00:23']
Better model found at epoch 13 with valid_loss value: 0.47389936447143555.
[14, 0.49076420068740845, 0.46893712878227234, 0.9794055819511414, 0.17522448301315308, 1.2963535785675049, 0.8680897355079651, '00:24']
Better model found at epoch 14 with valid_loss value: 0.46893712878227234.
[15, 0.48666754364967346, 0.5271580815315247, 0.9799277782440186, 0.17365197837352753, 1.0456043481826782, 0.9701954126358032, '00:22']
[16, 0.48624086380004883, 0.47594165802001953, 0.9790671467781067, 0.17977094650268555, 1.5353459119796753, 0.8710781931877136, '00:23']
[17, 0.4929237961769104, 0.4705254137516022, 0.9793804883956909, 0.1758003830909729, 1.3311848640441895, 0.8776332139968872, '00:24']
[18, 0.48538509011268616, 0.47027409076690674, 0.9790580868721008, 0.17925186455249786, 1.5263197422027588, 0.860716700553894, '00:24']
[19, 0.4889572262763977, 0.4974343776702881, 0.9790489673614502, 0.18466317653656006, 1.6309130191802979, 0.8900860548019409, '00:25']
[20, 0.49005499482154846, 0.48562636971473694, 0.9796056151390076, 0.17434340715408325, 1.187286138534546, 0.8949059844017029, '00:22']
[21, 0.48485320806503296, 0.48091500997543335, 0.9793645143508911, 0.17677973210811615, 1.4127120971679688, 0.8883571028709412, '00:23']
[22, 0.4828968346118927, 0.47955554723739624, 0.9793960452079773, 0.176390141248703, 1.3961917161941528, 0.883393406867981, '00:24']
No improvement since epoch 14: early stopping
----------
1
----------
DLS create!
[0, 0.6391463279724121, 0.5855329632759094, 0.9925364851951599, 0.22574619948863983, 1.2980332374572754, 0.9958276152610779, '00:23']
Better model found at epoch 0 with valid_loss value: 0.5855329632759094.
[1, 0.5792406797409058, 0.5407437682151794, 0.9925433397293091, 0.19718009233474731, 1.1471213102340698, 0.9946474432945251, '00:21']
Better model found at epoch 1 with valid_loss value: 0.5407437682151794.
[2, 0.5493735671043396, 0.5236557722091675, 0.9924416542053223, 0.18887558579444885, 1.1815547943115234, 0.9824919700622559, '00:23']
Better model found at epoch 2 with valid_loss value: 0.5236557722091675.
[3, 0.5322482585906982, 0.5135524868965149, 0.9924026131629944, 0.18422994017601013, 1.2130844593048096, 0.9741470217704773, '00:23']
Better model found at epoch 3 with valid_loss value: 0.5135524868965149.
[4, 0.523149847984314, 0.5098531246185303, 0.9924660921096802, 0.18036453425884247, 1.1686874628067017, 0.9788377285003662, '00:23']
Better model found at epoch 4 with valid_loss value: 0.5098531246185303.
[5, 0.5155940055847168, 0.5000537633895874, 0.9920442700386047, 0.1854061484336853, 1.5521949529647827, 0.9293408989906311, '00:23']
Better model found at epoch 5 with valid_loss value: 0.5000537633895874.
[6, 0.5086827874183655, 0.4890681505203247, 0.9922811388969421, 0.17800867557525635, 1.2689143419265747, 0.9385226368904114, '00:23']
Better model found at epoch 6 with valid_loss value: 0.4890681505203247.
[7, 0.5026613473892212, 0.5020247101783752, 0.9918543696403503, 0.18646518886089325, 1.6822174787521362, 0.900638222694397, '00:22']
[8, 0.5023004412651062, 0.46383410692214966, 0.991732120513916, 0.18087537586688995, 1.5535573959350586, 0.862050473690033, '00:23']
Better model found at epoch 8 with valid_loss value: 0.46383410692214966.
[9, 0.49939754605293274, 0.4592716693878174, 0.9920778274536133, 0.17641296982765198, 1.3887789249420166, 0.8796648979187012, '00:23']
Better model found at epoch 9 with valid_loss value: 0.4592716693878174.
[10, 0.4940723478794098, 0.4678804278373718, 0.992182731628418, 0.17606911063194275, 1.3867850303649902, 0.8951981663703918, '00:22']
[11, 0.498089462518692, 0.4791952967643738, 0.9923191070556641, 0.17522691190242767, 1.2811564207077026, 0.9200882315635681, '00:23']
[12, 0.4936116635799408, 0.47198477387428284, 0.992092490196228, 0.17764078080654144, 1.5129611492156982, 0.8933058977127075, '00:23']
[13, 0.491132527589798, 0.4691298305988312, 0.9922410249710083, 0.17519931495189667, 1.3429425954818726, 0.8924228549003601, '00:24']
[14, 0.49021610617637634, 0.469973087310791, 0.9921445846557617, 0.17642110586166382, 1.4538688659667969, 0.8921854496002197, '00:23']
[15, 0.4935147762298584, 0.4615474343299866, 0.991943359375, 0.17783987522125244, 1.532099962234497, 0.867918848991394, '00:22']
[16, 0.4933578670024872, 0.47336822748184204, 0.9921915531158447, 0.17636902630329132, 1.4564353227615356, 0.897264838218689, '00:23']
[17, 0.48875293135643005, 0.4756198525428772, 0.9923033118247986, 0.17475475370883942, 1.3008952140808105, 0.9030202627182007, '00:23']
No improvement since epoch 9: early stopping
----------
2
----------
DLS create!
[0, 0.6059923768043518, 0.5630037188529968, 0.9783614873886108, 0.210176020860672, 1.214023232460022, 0.9969859719276428, '00:25']
Better model found at epoch 0 with valid_loss value: 0.5630037188529968.
[1, 0.5604299902915955, 0.5384395718574524, 0.9783388376235962, 0.1933797150850296, 1.161323070526123, 0.9936511516571045, '00:24']
Better model found at epoch 1 with valid_loss value: 0.5384395718574524.
[2, 0.5379334092140198, 0.5263540148735046, 0.9782531261444092, 0.1866225004196167, 1.2268104553222656, 0.9836942553520203, '00:25']
Better model found at epoch 2 with valid_loss value: 0.5263540148735046.
[3, 0.5237629413604736, 0.5316036939620972, 0.9780438542366028, 0.19316396117210388, 1.4122209548950195, 0.9709742069244385, '00:24']
[4, 0.5136261582374573, 0.5072082281112671, 0.9780711531639099, 0.18038234114646912, 1.279909610748291, 0.956600546836853, '00:25']
Better model found at epoch 4 with valid_loss value: 0.5072082281112671.
[5, 0.5086857676506042, 0.5165289640426636, 0.9779437780380249, 0.18523141741752625, 1.4121891260147095, 0.9517536163330078, '00:24']
[6, 0.5034022331237793, 0.5001928806304932, 0.9780651926994324, 0.1774907112121582, 1.298061728477478, 0.9400553107261658, '00:26']
Better model found at epoch 6 with valid_loss value: 0.5001928806304932.
[7, 0.4998064339160919, 0.5063654184341431, 0.9778757691383362, 0.18213804066181183, 1.476679801940918, 0.932708740234375, '00:25']
[8, 0.4943847358226776, 0.5213735699653625, 0.9783094525337219, 0.1742457002401352, 1.0823545455932617, 0.9590067267417908, '00:24']
[9, 0.4954637885093689, 0.49428001046180725, 0.9778127074241638, 0.1790817826986313, 1.4494938850402832, 0.9090112447738647, '00:24']
Better model found at epoch 9 with valid_loss value: 0.49428001046180725.
[10, 0.4889499247074127, 0.5053532123565674, 0.9782017469406128, 0.1745479702949524, 1.158115029335022, 0.9277225732803345, '00:25']
[11, 0.4915563762187958, 0.5835091471672058, 0.9780421853065491, 0.17774121463298798, 1.4058306217193604, 0.9344469308853149, '00:24']
[12, 0.48552995920181274, 0.4915466904640198, 0.977936863899231, 0.17679129540920258, 1.3668212890625, 0.9044210314750671, '00:25']
Better model found at epoch 12 with valid_loss value: 0.4915466904640198.
[13, 0.4856066107749939, 0.5126245021820068, 0.977559506893158, 0.18686853349208832, 1.6387979984283447, 0.905914306640625, '00:24']
[14, 0.48458364605903625, 0.5044701099395752, 0.9780470728874207, 0.1759125292301178, 1.3067271709442139, 0.9154573082923889, '00:25']
[15, 0.4853270351886749, 0.49090608954429626, 0.9779115915298462, 0.17695575952529907, 1.3809911012649536, 0.9015750288963318, '00:24']
Better model found at epoch 15 with valid_loss value: 0.49090608954429626.
[16, 0.4849453568458557, 0.5147634148597717, 0.9780673980712891, 0.17532089352607727, 1.2638646364212036, 0.9090849161148071, '00:25']
[17, 0.4840764105319977, 0.5005989074707031, 0.977890133857727, 0.17829550802707672, 1.4438252449035645, 0.9072542190551758, '00:25']
[18, 0.4860450327396393, 0.49761223793029785, 0.9780900478363037, 0.17506782710552216, 1.2320494651794434, 0.9070514440536499, '00:24']
[19, 0.48408043384552, 0.48753800988197327, 0.977837085723877, 0.17723552882671356, 1.3891059160232544, 0.8913604617118835, '00:24']
Better model found at epoch 19 with valid_loss value: 0.48753800988197327.
[20, 0.4850302040576935, 0.49901118874549866, 0.9779360890388489, 0.17762650549411774, 1.4136651754379272, 0.909995973110199, '00:24']
[21, 0.48305821418762207, 0.5144121050834656, 0.9782590270042419, 0.17407435178756714, 1.1156823635101318, 0.9351990222930908, '00:25']
[22, 0.4833364486694336, 0.5060204863548279, 0.9776715636253357, 0.18216708302497864, 1.5619739294052124, 0.9048421382904053, '00:25']
[23, 0.48594722151756287, 0.5158687233924866, 0.9781566262245178, 0.17466560006141663, 1.19417405128479, 0.9184955954551697, '00:24']
[24, 0.48262548446655273, 0.49824103713035583, 0.9775351881980896, 0.18245457112789154, 1.5740004777908325, 0.8870824575424194, '00:24']
[25, 0.4809083044528961, 0.4762246608734131, 0.9777078628540039, 0.17688977718353271, 1.3775972127914429, 0.8674338459968567, '00:25']
Better model found at epoch 25 with valid_loss value: 0.4762246608734131.
[26, 0.47458305954933167, 0.4828491806983948, 0.9774554967880249, 0.17973573505878448, 1.4777472019195557, 0.859494149684906, '00:25']
[27, 0.47421011328697205, 0.4953092634677887, 0.9780807495117188, 0.17466896772384644, 1.2197275161743164, 0.8961974382400513, '00:25']
[28, 0.4767332077026367, 0.4762524664402008, 0.9778017401695251, 0.17607736587524414, 1.3270092010498047, 0.8691948056221008, '00:25']
[29, 0.4731123745441437, 0.480439692735672, 0.9776609539985657, 0.1775544434785843, 1.4198771715164185, 0.8654623031616211, '00:24']
[30, 0.46991658210754395, 0.4876168370246887, 0.977935254573822, 0.1752210408449173, 1.2631809711456299, 0.8825623393058777, '00:24']
[31, 0.46912825107574463, 0.4776405692100525, 0.9776584506034851, 0.17690686881542206, 1.3821393251419067, 0.8596184253692627, '00:25']
[32, 0.47750288248062134, 0.5072609186172485, 0.9777671694755554, 0.18178635835647583, 1.5067155361175537, 0.9161775708198547, '00:27']
[33, 0.4803549349308014, 0.4787564277648926, 0.9778633117675781, 0.1753593534231186, 1.2793349027633667, 0.8669435381889343, '00:25']
No improvement since epoch 25: early stopping
----------
3
----------
DLS create!
[0, 0.6059511303901672, 0.5619814991950989, 0.9943540692329407, 0.21031226217746735, 1.2304898500442505, 0.998833179473877, '00:24']
Better model found at epoch 0 with valid_loss value: 0.5619814991950989.
[1, 0.5614755749702454, 0.5339912176132202, 0.9943457245826721, 0.19248953461647034, 1.1217873096466064, 0.997343122959137, '00:24']
Better model found at epoch 1 with valid_loss value: 0.5339912176132202.
[2, 0.5407278537750244, 0.5401695370674133, 0.9943302273750305, 0.18722213804721832, 1.2806346416473389, 0.9947318434715271, '00:23']
[3, 0.5282216668128967, 0.5152426362037659, 0.9942851662635803, 0.18241581320762634, 1.2001590728759766, 0.986361563205719, '00:24']
Better model found at epoch 3 with valid_loss value: 0.5152426362037659.
[4, 0.5170552730560303, 0.5112884044647217, 0.9941520690917969, 0.1829029619693756, 1.3871346712112427, 0.9661778807640076, '00:24']
Better model found at epoch 4 with valid_loss value: 0.5112884044647217.
[5, 0.5092599391937256, 0.4991309344768524, 0.9941015839576721, 0.18032240867614746, 1.4404481649398804, 0.9528720378875732, '00:24']
Better model found at epoch 5 with valid_loss value: 0.4991309344768524.
[6, 0.5031250715255737, 0.5056412220001221, 0.9941513538360596, 0.17717379331588745, 1.4385414123535156, 0.9480471611022949, '00:24']
[7, 0.500385582447052, 0.4914007782936096, 0.9941505193710327, 0.1771439015865326, 1.446000337600708, 0.9455245733261108, '00:23']
Better model found at epoch 7 with valid_loss value: 0.4914007782936096.
[8, 0.4963257610797882, 0.486835777759552, 0.9941256046295166, 0.17662598192691803, 1.4786972999572754, 0.9335899949073792, '00:23']
Better model found at epoch 8 with valid_loss value: 0.486835777759552.
[9, 0.48732835054397583, 0.4826023280620575, 0.9940787553787231, 0.17716175317764282, 1.5321650505065918, 0.9214689135551453, '00:23']
Better model found at epoch 9 with valid_loss value: 0.4826023280620575.
[10, 0.4881804585456848, 0.4836892783641815, 0.9940013885498047, 0.17852157354354858, 1.608039379119873, 0.9134243130683899, '00:23']
[11, 0.49121206998825073, 0.4910928010940552, 0.9941469430923462, 0.1772869974374771, 1.557206630706787, 0.9347115159034729, '00:24']
[12, 0.4877951741218567, 0.486082524061203, 0.9941452145576477, 0.17550459504127502, 1.4492756128311157, 0.9269757270812988, '00:23']
[13, 0.48735493421554565, 0.4831433594226837, 0.9939174056053162, 0.1795751303434372, 1.6664299964904785, 0.9031392931938171, '00:24']
[14, 0.4840035140514374, 0.4856105446815491, 0.9939354062080383, 0.17972323298454285, 1.6636788845062256, 0.9083377718925476, '00:23']
[15, 0.48900243639945984, 0.49575769901275635, 0.9942558407783508, 0.17471179366111755, 1.3479832410812378, 0.9507021307945251, '00:23']
[16, 0.49089303612709045, 0.4763999581336975, 0.9941056370735168, 0.17564845085144043, 1.4519274234771729, 0.9136710166931152, '00:24']
Better model found at epoch 16 with valid_loss value: 0.4763999581336975.
[17, 0.4883871376514435, 0.4733178913593292, 0.9939912557601929, 0.1770526021718979, 1.5709675550460815, 0.8977274298667908, '00:23']
Better model found at epoch 17 with valid_loss value: 0.4733178913593292.
[18, 0.4867404103279114, 0.47389981150627136, 0.9940678477287292, 0.17597191035747528, 1.4963017702102661, 0.9052209258079529, '00:24']
[19, 0.4836275279521942, 0.47458595037460327, 0.9941099286079407, 0.17539048194885254, 1.4454352855682373, 0.907446026802063, '00:23']
[20, 0.4850897789001465, 0.4817916452884674, 0.9939104914665222, 0.17934396862983704, 1.678174614906311, 0.8962967991828918, '00:26']
[21, 0.4843209981918335, 0.4679143726825714, 0.9941068887710571, 0.1750541627407074, 1.4013630151748657, 0.8966456651687622, '00:25']
Better model found at epoch 21 with valid_loss value: 0.4679143726825714.
[22, 0.4800512194633484, 0.47184857726097107, 0.9940547347068787, 0.1760815531015396, 1.4947882890701294, 0.8992980122566223, '00:23']
[23, 0.4821922481060028, 0.4885566532611847, 0.9942514300346375, 0.17418774962425232, 1.2487435340881348, 0.9363817572593689, '00:23']
[24, 0.48518988490104675, 0.47836288809776306, 0.9939199686050415, 0.17895212769508362, 1.6571061611175537, 0.8936914205551147, '00:23']
[25, 0.4762808382511139, 0.47732478380203247, 0.9938642382621765, 0.1789778620004654, 1.674311876296997, 0.8847337365150452, '00:24']
[26, 0.47685787081718445, 0.4733227789402008, 0.9940877556800842, 0.1756514608860016, 1.4723827838897705, 0.9027017951011658, '00:23']
[27, 0.4808485805988312, 0.6056521534919739, 0.9936443567276001, 0.2135244607925415, 1.918646216392517, 0.9235512614250183, '00:24']
[28, 0.4786517024040222, 0.4770437180995941, 0.9941328167915344, 0.17526714503765106, 1.4278632402420044, 0.9105861783027649, '00:24']
[29, 0.48031580448150635, 0.4731679856777191, 0.994134783744812, 0.1749672144651413, 1.4063777923583984, 0.9035966396331787, '00:24']
No improvement since epoch 21: early stopping
----------
4
----------
DLS create!
[0, 0.7960282564163208, 0.7353811860084534, 0.9936651587486267, 0.31091758608818054, 1.5059980154037476, 0.9997388124465942, '00:24']
Better model found at epoch 0 with valid_loss value: 0.7353811860084534.
[1, 0.6834635138511658, 0.6220579147338867, 0.9936506748199463, 0.24018685519695282, 1.411183476448059, 0.9984163641929626, '00:22']
Better model found at epoch 1 with valid_loss value: 0.6220579147338867.
[2, 0.6163842082023621, 0.5625230669975281, 0.993613600730896, 0.2108391672372818, 1.2456210851669312, 0.9946420192718506, '00:23']
Better model found at epoch 2 with valid_loss value: 0.5625230669975281.
[3, 0.5763468742370605, 0.5457512140274048, 0.9936044216156006, 0.19755388796329498, 1.261710524559021, 0.9926460981369019, '00:24']
Better model found at epoch 3 with valid_loss value: 0.5457512140274048.
[4, 0.5525274872779846, 0.5303993821144104, 0.9936058521270752, 0.19030137360095978, 1.2131627798080444, 0.9916112422943115, '00:23']
Better model found at epoch 4 with valid_loss value: 0.5303993821144104.
[5, 0.5371854901313782, 0.522354245185852, 0.9936127662658691, 0.18550945818424225, 1.1931368112564087, 0.9907567501068115, '00:23']
Better model found at epoch 5 with valid_loss value: 0.522354245185852.
[6, 0.5260979533195496, 0.511964738368988, 0.9934372305870056, 0.18461006879806519, 1.3742345571517944, 0.9662143588066101, '00:22']
Better model found at epoch 6 with valid_loss value: 0.511964738368988.
[7, 0.5176499485969543, 0.507447361946106, 0.9935206770896912, 0.18030515313148499, 1.3242406845092773, 0.9710666537284851, '00:23']
Better model found at epoch 7 with valid_loss value: 0.507447361946106.
[8, 0.5122472047805786, 0.5017468333244324, 0.9934869408607483, 0.1787518858909607, 1.3187366724014282, 0.9629589915275574, '00:23']
Better model found at epoch 8 with valid_loss value: 0.5017468333244324.
[9, 0.5070875883102417, 0.4979146718978882, 0.9931288957595825, 0.18478479981422424, 1.6397804021835327, 0.9178681373596191, '00:23']
Better model found at epoch 9 with valid_loss value: 0.4979146718978882.
[10, 0.5027329325675964, 0.5689679384231567, 0.9935812950134277, 0.18232378363609314, 1.6708002090454102, 0.981843113899231, '00:23']
[11, 0.5006271600723267, 0.5086273550987244, 0.9930446743965149, 0.18940278887748718, 1.7222211360931396, 0.9149358868598938, '00:22']
[12, 0.4990488886833191, 0.48192712664604187, 0.993222713470459, 0.17938132584095, 1.5572227239608765, 0.9065611362457275, '00:24']
Better model found at epoch 12 with valid_loss value: 0.48192712664604187.
[13, 0.4989495873451233, 0.4899933934211731, 0.993459165096283, 0.17627772688865662, 1.379268765449524, 0.9424798488616943, '00:23']
[14, 0.5009409785270691, 0.48429450392723083, 0.9931615591049194, 0.1806832253932953, 1.6024017333984375, 0.9062902331352234, '00:23']
[15, 0.48903098702430725, 0.5027449727058411, 0.9935817122459412, 0.17488856613636017, 1.259400725364685, 0.9588420391082764, '00:25']
[16, 0.48915404081344604, 0.48204484581947327, 0.9933579564094543, 0.17731603980064392, 1.526673674583435, 0.9111539125442505, '00:23']
[17, 0.4934554696083069, 0.47659778594970703, 0.9933832883834839, 0.17610448598861694, 1.4182355403900146, 0.9120333790779114, '00:23']
Better model found at epoch 17 with valid_loss value: 0.47659778594970703.
[18, 0.49123528599739075, 0.47276490926742554, 0.9933347105979919, 0.17649373412132263, 1.467096209526062, 0.9018949866294861, '00:23']
Better model found at epoch 18 with valid_loss value: 0.47276490926742554.
[19, 0.49204716086387634, 0.4746844172477722, 0.9932286739349365, 0.17803049087524414, 1.5666639804840088, 0.8907575011253357, '00:25']
[20, 0.4894171357154846, 0.48048895597457886, 0.9931809902191162, 0.17934544384479523, 1.6016019582748413, 0.8923559784889221, '00:23']
[21, 0.48655879497528076, 0.472714900970459, 0.9933797717094421, 0.175775945186615, 1.4105626344680786, 0.9053293466567993, '00:23']
Better model found at epoch 21 with valid_loss value: 0.472714900970459.
[22, 0.48776909708976746, 0.48398494720458984, 0.9934957027435303, 0.17484444379806519, 1.3235838413238525, 0.9247772693634033, '00:24']
[23, 0.48895546793937683, 0.47987100481987, 0.9933497309684753, 0.17691661417484283, 1.4455552101135254, 0.9146164655685425, '00:23']
[24, 0.47966811060905457, 0.4781641364097595, 0.9934146404266357, 0.17553023993968964, 1.4056452512741089, 0.9124578833580017, '00:23']
[25, 0.4869076907634735, 0.4828629493713379, 0.9934351444244385, 0.1758795529603958, 1.4225342273712158, 0.921208918094635, '00:23']
[26, 0.49096137285232544, 0.4725627303123474, 0.9933333396911621, 0.17618221044540405, 1.449886679649353, 0.9033174514770508, '00:24']
Better model found at epoch 26 with valid_loss value: 0.4725627303123474.
[27, 0.48592087626457214, 0.4988064169883728, 0.9934219717979431, 0.1771913319826126, 1.5462148189544678, 0.9273495674133301, '00:24']
[28, 0.4770759046077728, 0.4812454879283905, 0.9933248162269592, 0.1778969019651413, 1.5343667268753052, 0.9077301621437073, '00:24']
[29, 0.47611722350120544, 0.4642910361289978, 0.9931021332740784, 0.17826220393180847, 1.5855934619903564, 0.8641291260719299, '00:23']
Better model found at epoch 29 with valid_loss value: 0.4642910361289978.
[30, 0.47296711802482605, 0.4625217616558075, 0.9933563470840454, 0.17528048157691956, 1.3817930221557617, 0.882113516330719, '00:24']
Better model found at epoch 30 with valid_loss value: 0.4625217616558075.
[31, 0.46878334879875183, 0.47267216444015503, 0.9934661388397217, 0.17443935573101044, 1.279649019241333, 0.8973590135574341, '00:23']
[32, 0.4730715751647949, 0.4610219895839691, 0.993385374546051, 0.17452453076839447, 1.2946361303329468, 0.8790082335472107, '00:25']
Better model found at epoch 32 with valid_loss value: 0.4610219895839691.
[33, 0.4714435040950775, 0.4717984199523926, 0.9930331110954285, 0.17984849214553833, 1.6360044479370117, 0.8558738231658936, '00:23']
[34, 0.4784514307975769, 0.46416640281677246, 0.9932708144187927, 0.17646673321723938, 1.4948828220367432, 0.8798239827156067, '00:23']
[35, 0.4779786765575409, 0.47176939249038696, 0.993196427822113, 0.17731980979442596, 1.4889923334121704, 0.8819648623466492, '00:23']
[36, 0.4752477705478668, 0.5437483787536621, 0.9926091432571411, 0.19506865739822388, 1.853773832321167, 0.8599819540977478, '00:25']
[37, 0.4734785258769989, 0.4601042568683624, 0.9932836294174194, 0.17545783519744873, 1.3844430446624756, 0.8695982694625854, '00:23']
Better model found at epoch 37 with valid_loss value: 0.4601042568683624.
[38, 0.4674944579601288, 0.4366668462753296, 0.9929846525192261, 0.17662478983402252, 1.4970102310180664, 0.8209917545318604, '00:23']
Better model found at epoch 38 with valid_loss value: 0.4366668462753296.
[39, 0.47692349553108215, 0.45128101110458374, 0.9932222366333008, 0.1756555140018463, 1.4139093160629272, 0.8597097992897034, '00:23']
[40, 0.4673647880554199, 0.4454190731048584, 0.9932492971420288, 0.1748502403497696, 1.333844780921936, 0.8501423597335815, '00:24']
[41, 0.46768441796302795, 0.4832773208618164, 0.9935017824172974, 0.17458465695381165, 1.2877817153930664, 0.9203600287437439, '00:23']
[42, 0.4733737111091614, 0.4532167911529541, 0.9930213689804077, 0.17819620668888092, 1.5463840961456299, 0.8430320620536804, '00:23']
[43, 0.46535390615463257, 0.464264839887619, 0.9934014081954956, 0.1742270141839981, 1.2042951583862305, 0.8814298510551453, '00:23']
[44, 0.4695276618003845, 0.4531956911087036, 0.9931727647781372, 0.17655690014362335, 1.5059003829956055, 0.855189323425293, '00:23']
[45, 0.46791234612464905, 0.458683043718338, 0.9928273558616638, 0.18040993809700012, 1.6740264892578125, 0.8249163627624512, '00:24']
[46, 0.4688281714916229, 0.47799399495124817, 0.9928724765777588, 0.18302962183952332, 1.7222026586532593, 0.8542368412017822, '00:23']
No improvement since epoch 38: early stopping
Linknet Done!
