Models will save to Linknet_xcep_x
Use xception encoder
Start training...
----------
0
----------
DLS create!
[0, 0.6012752056121826, 0.565224289894104, 0.9927874207496643, 0.21275922656059265, 1.2420744895935059, 0.9962692260742188, '00:18']
Better model found at epoch 0 with valid_loss value: 0.565224289894104.
[1, 0.5593450665473938, 0.534439206123352, 0.9927998781204224, 0.19270047545433044, 1.1445633172988892, 0.9959179759025574, '00:18']
Better model found at epoch 1 with valid_loss value: 0.534439206123352.
[2, 0.5380625128746033, 0.5274239182472229, 0.9927560687065125, 0.18905657529830933, 1.2035800218582153, 0.9908705949783325, '00:18']
Better model found at epoch 2 with valid_loss value: 0.5274239182472229.
[3, 0.5265400409698486, 0.5152930021286011, 0.9926313161849976, 0.18525712192058563, 1.279480218887329, 0.9750731587409973, '00:18']
Better model found at epoch 3 with valid_loss value: 0.5152930021286011.
[4, 0.5181694626808167, 0.500775933265686, 0.9925894737243652, 0.1797686070203781, 1.2768049240112305, 0.9600420594215393, '00:18']
Better model found at epoch 4 with valid_loss value: 0.500775933265686.
[5, 0.5129258632659912, 0.4917302429676056, 0.9924646615982056, 0.1798020750284195, 1.4035630226135254, 0.9378268122673035, '00:20']
Better model found at epoch 5 with valid_loss value: 0.4917302429676056.
[6, 0.5035547614097595, 0.49422580003738403, 0.9923417568206787, 0.18196193873882294, 1.5311150550842285, 0.9285849928855896, '00:21']
[7, 0.4973239004611969, 0.47892600297927856, 0.9921631217002869, 0.18151259422302246, 1.595076322555542, 0.8925550580024719, '00:21']
Better model found at epoch 7 with valid_loss value: 0.47892600297927856.
[8, 0.4972885549068451, 0.4747859239578247, 0.9924323558807373, 0.17670519649982452, 1.4058700799942017, 0.9073005318641663, '00:21']
Better model found at epoch 8 with valid_loss value: 0.4747859239578247.
[9, 0.49425584077835083, 0.4828735589981079, 0.9925791621208191, 0.17564207315444946, 1.3357875347137451, 0.9237364530563354, '00:19']
[10, 0.4894562363624573, 0.4894148111343384, 0.9926565289497375, 0.17439603805541992, 1.1866099834442139, 0.935272216796875, '00:19']
[11, 0.48858365416526794, 0.46878522634506226, 0.9923948645591736, 0.1765112727880478, 1.435152530670166, 0.8927472233772278, '00:18']
Better model found at epoch 11 with valid_loss value: 0.46878522634506226.
[12, 0.4888564944267273, 0.46451959013938904, 0.9923665523529053, 0.1763450652360916, 1.4464969635009766, 0.8826748728752136, '00:19']
Better model found at epoch 12 with valid_loss value: 0.46451959013938904.
[13, 0.48674365878105164, 0.47990477085113525, 0.9926151037216187, 0.1744297742843628, 1.2268385887145996, 0.911216676235199, '00:21']
[14, 0.4873848855495453, 0.4640507996082306, 0.99238121509552, 0.17613837122917175, 1.4314171075820923, 0.8802410364151001, '00:18']
Better model found at epoch 14 with valid_loss value: 0.4640507996082306.
[15, 0.48719897866249084, 0.47668883204460144, 0.9924651980400085, 0.17657002806663513, 1.4593397378921509, 0.9014826416969299, '00:18']
[16, 0.48389047384262085, 0.45987263321876526, 0.9923017621040344, 0.17702342569828033, 1.4931820631027222, 0.8681974411010742, '00:18']
Better model found at epoch 16 with valid_loss value: 0.45987263321876526.
[17, 0.4867513179779053, 0.47225552797317505, 0.9925258755683899, 0.17507347464561462, 1.3234401941299438, 0.8973391652107239, '00:19']
[18, 0.48534095287323, 0.45962080359458923, 0.9923499822616577, 0.17610642313957214, 1.4464715719223022, 0.8683074116706848, '00:20']
Better model found at epoch 18 with valid_loss value: 0.45962080359458923.
[19, 0.4856816530227661, 0.45566290616989136, 0.9923248887062073, 0.17586849629878998, 1.4118281602859497, 0.8639945983886719, '00:18']
Better model found at epoch 19 with valid_loss value: 0.45566290616989136.
[20, 0.476126492023468, 0.4720877707004547, 0.9922149181365967, 0.1792633980512619, 1.6171878576278687, 0.8709070682525635, '00:18']
[21, 0.47476518154144287, 0.46864134073257446, 0.9921608567237854, 0.1787806898355484, 1.5945543050765991, 0.8687772750854492, '00:19']
[22, 0.47558537125587463, 0.47222745418548584, 0.9926199913024902, 0.17378327250480652, 1.1202300786972046, 0.8821213245391846, '00:18']
[23, 0.4726334810256958, 0.4532599449157715, 0.9923174381256104, 0.17572909593582153, 1.4129215478897095, 0.8545382022857666, '00:18']
Better model found at epoch 23 with valid_loss value: 0.4532599449157715.
[24, 0.47345831990242004, 0.462706983089447, 0.9922902584075928, 0.17676286399364471, 1.4867202043533325, 0.8700923323631287, '00:22']
[25, 0.47849246859550476, 0.4541099965572357, 0.9924246668815613, 0.17493028938770294, 1.3189347982406616, 0.8605250716209412, '00:18']
[26, 0.4793455898761749, 0.46682208776474, 0.992549479007721, 0.17429091036319733, 1.2262073755264282, 0.8817380666732788, '00:21']
[27, 0.4725811779499054, 0.4609181582927704, 0.9921271800994873, 0.1788034439086914, 1.6006865501403809, 0.8498889803886414, '00:18']
[28, 0.469982385635376, 0.4540758430957794, 0.9923736453056335, 0.1753506362438202, 1.3768699169158936, 0.8605105876922607, '00:18']
[29, 0.4739943742752075, 0.45829451084136963, 0.9924669861793518, 0.17463797330856323, 1.2899469137191772, 0.8673818707466125, '00:18']
[30, 0.476565420627594, 0.4923531115055084, 0.9920867085456848, 0.18377405405044556, 1.721581220626831, 0.882018506526947, '00:19']
[31, 0.4783242344856262, 0.44450387358665466, 0.9921989440917969, 0.1761721670627594, 1.4293204545974731, 0.8413360714912415, '00:20']
Better model found at epoch 31 with valid_loss value: 0.44450387358665466.
[32, 0.47139471769332886, 0.45401284098625183, 0.9921380281448364, 0.17759335041046143, 1.5394763946533203, 0.8461702466011047, '00:19']
[33, 0.4662635326385498, 0.46342629194259644, 0.9925523400306702, 0.17410504817962646, 1.1975483894348145, 0.8694862127304077, '00:21']
[34, 0.46916377544403076, 0.4593108594417572, 0.9925366640090942, 0.1738724708557129, 1.1517099142074585, 0.858797550201416, '00:19']
[35, 0.45816296339035034, 0.4507419168949127, 0.9921396374702454, 0.17729972302913666, 1.5262397527694702, 0.8377887010574341, '00:20']
[36, 0.463487446308136, 0.4480942189693451, 0.9920705556869507, 0.17743752896785736, 1.5110269784927368, 0.8317244052886963, '00:18']
[37, 0.46496284008026123, 0.4419153928756714, 0.992183268070221, 0.1762395203113556, 1.4593926668167114, 0.8286893367767334, '00:19']
Better model found at epoch 37 with valid_loss value: 0.4419153928756714.
[38, 0.46489647030830383, 0.43354564905166626, 0.9922115802764893, 0.17527711391448975, 1.3753901720046997, 0.8152514100074768, '00:19']
Better model found at epoch 38 with valid_loss value: 0.43354564905166626.
[39, 0.4690185487270355, 0.46281698346138, 0.9917331337928772, 0.18272380530834198, 1.7080602645874023, 0.8192769289016724, '00:18']
[40, 0.46207383275032043, 0.43972036242485046, 0.9922942519187927, 0.1750534325838089, 1.34907066822052, 0.8295908570289612, '00:19']
[41, 0.4628430902957916, 0.44276291131973267, 0.9922282099723816, 0.17615322768688202, 1.4593735933303833, 0.831303596496582, '00:18']
[42, 0.4574677348136902, 0.43758490681648254, 0.9922773838043213, 0.1752093881368637, 1.3723502159118652, 0.8223002552986145, '00:18']
[43, 0.45252910256385803, 0.43780678510665894, 0.992281436920166, 0.17507247626781464, 1.3562425374984741, 0.8229216933250427, '00:19']
[44, 0.4663871228694916, 0.44714978337287903, 0.9918685555458069, 0.1797330528497696, 1.6361078023910522, 0.8128585815429688, '00:18']
[45, 0.46224963665008545, 0.4820026159286499, 0.9919925928115845, 0.1828654706478119, 1.7075620889663696, 0.8621037006378174, '00:18']
[46, 0.46386057138442993, 0.4454275667667389, 0.9924563765525818, 0.17412669956684113, 1.2016901969909668, 0.835115373134613, '00:18']
No improvement since epoch 38: early stopping
----------
1
----------
DLS create!
[0, 0.6934930086135864, 0.741188645362854, 0.9799817800521851, 0.25411179661750793, 1.7546181678771973, 1.0001522302627563, '00:18']
Better model found at epoch 0 with valid_loss value: 0.741188645362854.
[1, 0.6137818694114685, 0.5727159380912781, 0.9799739718437195, 0.20885096490383148, 1.306183099746704, 0.9975241422653198, '00:18']
Better model found at epoch 1 with valid_loss value: 0.5727159380912781.
[2, 0.5732770562171936, 0.548413097858429, 0.9799883365631104, 0.19556142389774323, 1.1889621019363403, 0.9977761507034302, '00:18']
Better model found at epoch 2 with valid_loss value: 0.548413097858429.
[3, 0.5511618852615356, 0.5382609963417053, 0.9799867272377014, 0.18920092284679413, 1.1307581663131714, 0.9967119693756104, '00:20']
Better model found at epoch 3 with valid_loss value: 0.5382609963417053.
[4, 0.5365627408027649, 0.5265840888023376, 0.9799375534057617, 0.185344398021698, 1.130831003189087, 0.9904860258102417, '00:20']
Better model found at epoch 4 with valid_loss value: 0.5265840888023376.
[5, 0.5258486866950989, 0.5216758847236633, 0.9799228310585022, 0.18149638175964355, 1.1728242635726929, 0.9883226752281189, '00:19']
Better model found at epoch 5 with valid_loss value: 0.5216758847236633.
[6, 0.5182400345802307, 0.5073631405830383, 0.9796487092971802, 0.18152955174446106, 1.2815252542495728, 0.9529195427894592, '00:18']
Better model found at epoch 6 with valid_loss value: 0.5073631405830383.
[7, 0.5113494992256165, 0.5013356804847717, 0.9795724749565125, 0.18043015897274017, 1.3149207830429077, 0.94277423620224, '00:18']
Better model found at epoch 7 with valid_loss value: 0.5013356804847717.
[8, 0.5048960447311401, 0.49764707684516907, 0.9796267151832581, 0.17709016799926758, 1.3108818531036377, 0.9393916130065918, '00:19']
Better model found at epoch 8 with valid_loss value: 0.49764707684516907.
[9, 0.5013553500175476, 0.48546016216278076, 0.9794105291366577, 0.17867831885814667, 1.4089274406433105, 0.9042271375656128, '00:20']
Better model found at epoch 9 with valid_loss value: 0.48546016216278076.
[10, 0.4989011883735657, 0.48474305868148804, 0.9794718623161316, 0.17711369693279266, 1.4018404483795166, 0.9067821502685547, '00:19']
Better model found at epoch 10 with valid_loss value: 0.48474305868148804.
[11, 0.49429047107696533, 0.4855966567993164, 0.979385256767273, 0.1784818172454834, 1.5096473693847656, 0.8954235911369324, '00:19']
[12, 0.49227744340896606, 0.4938804507255554, 0.9793533682823181, 0.17901533842086792, 1.533827781677246, 0.908137321472168, '00:18']
[13, 0.49554505944252014, 0.4948691427707672, 0.9796150922775269, 0.1766451746225357, 1.430258870124817, 0.9150027632713318, '00:20']
[14, 0.49238908290863037, 0.5006903409957886, 0.9797458648681641, 0.17481161653995514, 1.2721670866012573, 0.9334725141525269, '00:20']
[15, 0.4916713535785675, 0.4928695559501648, 0.9794403910636902, 0.17705680429935455, 1.4848198890686035, 0.9084969162940979, '00:18']
[16, 0.4885697662830353, 0.490642249584198, 0.9793503880500793, 0.17763881385326385, 1.5065637826919556, 0.8980039358139038, '00:18']
[17, 0.48643460869789124, 0.47285306453704834, 0.9791983962059021, 0.17828594148159027, 1.5259113311767578, 0.8631508350372314, '00:18']
Better model found at epoch 17 with valid_loss value: 0.47285306453704834.
[18, 0.4813087582588196, 0.49338605999946594, 0.97965008020401, 0.1743425875902176, 1.2067339420318604, 0.9096453189849854, '00:20']
[19, 0.48837822675704956, 0.4904884099960327, 0.9796278476715088, 0.17481303215026855, 1.3235440254211426, 0.9018722176551819, '00:19']
[20, 0.48780426383018494, 0.5108031034469604, 0.9786893129348755, 0.19220174849033356, 1.729570984840393, 0.8660303950309753, '00:20']
[21, 0.48326027393341064, 0.45543694496154785, 0.9791063666343689, 0.17714744806289673, 1.4873600006103516, 0.8315649628639221, '00:18']
Better model found at epoch 21 with valid_loss value: 0.45543694496154785.
[22, 0.48380112648010254, 0.4851050078868866, 0.9788902401924133, 0.18354244530200958, 1.6571409702301025, 0.8554367423057556, '00:18']
[23, 0.47766050696372986, 0.4617275595664978, 0.9793426394462585, 0.17577777802944183, 1.4132864475250244, 0.8441835641860962, '00:18']
[24, 0.4768963158130646, 0.49125784635543823, 0.9789464473724365, 0.18301934003829956, 1.677807092666626, 0.8619722127914429, '00:19']
[25, 0.47526758909225464, 0.47742754220962524, 0.9790518283843994, 0.1802009791135788, 1.599753975868225, 0.853752076625824, '00:19']
[26, 0.4800119996070862, 0.46326306462287903, 0.9792666435241699, 0.17642661929130554, 1.4404864311218262, 0.8506938815116882, '00:19']
[27, 0.4780900776386261, 0.4629884958267212, 0.9791699647903442, 0.17711476981639862, 1.4528591632843018, 0.8439409136772156, '00:21']
[28, 0.47899237275123596, 0.46839821338653564, 0.9792022109031677, 0.17726773023605347, 1.496071696281433, 0.8540180325508118, '00:20']
[29, 0.4798589050769806, 0.466708242893219, 0.979021430015564, 0.1786944568157196, 1.562971830368042, 0.8430521488189697, '00:19']
No improvement since epoch 21: early stopping
----------
2
----------
DLS create!
[0, 0.6370795369148254, 0.5832326412200928, 0.99144446849823, 0.22319141030311584, 1.2604789733886719, 1.0007801055908203, '00:19']
Better model found at epoch 0 with valid_loss value: 0.5832326412200928.
[1, 0.5779546499252319, 0.5461412072181702, 0.9914112687110901, 0.1993546187877655, 1.2362146377563477, 0.9979286789894104, '00:20']
Better model found at epoch 1 with valid_loss value: 0.5461412072181702.
[2, 0.5507614016532898, 0.5319143533706665, 0.991425096988678, 0.18928544223308563, 1.1038497686386108, 0.9983922839164734, '00:20']
Better model found at epoch 2 with valid_loss value: 0.5319143533706665.
[3, 0.535621702671051, 0.5226336717605591, 0.9913766384124756, 0.18422795832157135, 1.134597897529602, 0.9928015470504761, '00:20']
Better model found at epoch 3 with valid_loss value: 0.5226336717605591.
[4, 0.5256044268608093, 0.5183566212654114, 0.9913648962974548, 0.18160608410835266, 1.1188114881515503, 0.9904984831809998, '00:20']
Better model found at epoch 4 with valid_loss value: 0.5183566212654114.
[5, 0.5181452035903931, 0.5120846629142761, 0.9912765622138977, 0.18038907647132874, 1.2530590295791626, 0.9776184558868408, '00:21']
Better model found at epoch 5 with valid_loss value: 0.5120846629142761.
[6, 0.514094889163971, 0.5101686716079712, 0.9910863637924194, 0.1839352697134018, 1.415182113647461, 0.9587507843971252, '00:22']
Better model found at epoch 6 with valid_loss value: 0.5101686716079712.
[7, 0.5084561109542847, 0.5085324048995972, 0.9912671446800232, 0.17781643569469452, 1.2732627391815186, 0.9746562838554382, '00:22']
Better model found at epoch 7 with valid_loss value: 0.5085324048995972.
[8, 0.5028561949729919, 0.500656247138977, 0.9911606311798096, 0.17770928144454956, 1.3712091445922852, 0.9538285732269287, '00:21']
Better model found at epoch 8 with valid_loss value: 0.500656247138977.
[9, 0.4968956410884857, 0.4934842586517334, 0.9911613464355469, 0.17523950338363647, 1.2680509090423584, 0.9392269253730774, '00:20']
Better model found at epoch 9 with valid_loss value: 0.4934842586517334.
[10, 0.4939257502555847, 0.4939192533493042, 0.9911521673202515, 0.1760382503271103, 1.388630986213684, 0.9335702657699585, '00:21']
[11, 0.4923287034034729, 0.48887354135513306, 0.9908370971679688, 0.1796588897705078, 1.5708560943603516, 0.9170649647712708, '00:20']
Better model found at epoch 11 with valid_loss value: 0.48887354135513306.
[12, 0.4856344759464264, 0.4888416528701782, 0.9907750487327576, 0.18033833801746368, 1.617666244506836, 0.9054677486419678, '00:21']
Better model found at epoch 12 with valid_loss value: 0.4888416528701782.
[13, 0.48348018527030945, 0.4899740219116211, 0.9909297823905945, 0.1788157820701599, 1.558474063873291, 0.9153372645378113, '00:20']
[14, 0.4830523729324341, 0.497210294008255, 0.9911930561065674, 0.17504416406154633, 1.317542314529419, 0.9323397874832153, '00:20']
[15, 0.4806932508945465, 0.47577980160713196, 0.990842342376709, 0.17684313654899597, 1.4860403537750244, 0.8910877108573914, '00:20']
Better model found at epoch 15 with valid_loss value: 0.47577980160713196.
[16, 0.4813721477985382, 0.4820387661457062, 0.991081714630127, 0.17512227594852448, 1.3413362503051758, 0.9061474204063416, '00:22']
[17, 0.4783180356025696, 0.47512733936309814, 0.9908479452133179, 0.17678223550319672, 1.4632974863052368, 0.8889044523239136, '00:21']
Better model found at epoch 17 with valid_loss value: 0.47512733936309814.
[18, 0.4764687716960907, 0.4919567406177521, 0.9906045198440552, 0.18268319964408875, 1.6619023084640503, 0.8872361779212952, '00:20']
[19, 0.47201794385910034, 0.4804190695285797, 0.9910622835159302, 0.17466989159584045, 1.2906416654586792, 0.8949323892593384, '00:20']
[20, 0.47191935777664185, 0.47891515493392944, 0.9910629391670227, 0.1747220754623413, 1.3027197122573853, 0.8955991864204407, '00:20']
[21, 0.47794362902641296, 0.4679658114910126, 0.9909977912902832, 0.17460763454437256, 1.2915703058242798, 0.8737424612045288, '00:22']
Better model found at epoch 21 with valid_loss value: 0.4679658114910126.
[22, 0.47492554783821106, 0.4626655876636505, 0.9908079504966736, 0.17554347217082977, 1.379206895828247, 0.8632301092147827, '00:24']
Better model found at epoch 22 with valid_loss value: 0.4626655876636505.
[23, 0.46933457255363464, 0.4741010367870331, 0.9910624623298645, 0.17461557686328888, 1.2990010976791382, 0.8799126744270325, '00:20']
[24, 0.4744094908237457, 0.4788438379764557, 0.9909859299659729, 0.17474447190761566, 1.2826200723648071, 0.8897914290428162, '00:20']
[25, 0.4735126197338104, 0.4770900011062622, 0.991065502166748, 0.17462041974067688, 1.294053316116333, 0.8915680050849915, '00:21']
[26, 0.4692740738391876, 0.48575150966644287, 0.9910117983818054, 0.1761520504951477, 1.4531978368759155, 0.9015935659408569, '00:20']
[27, 0.4669780731201172, 0.4685315787792206, 0.9910257458686829, 0.1741730123758316, 1.2212144136428833, 0.8669077754020691, '00:20']
[28, 0.4584592580795288, 0.5011594891548157, 0.9904384613037109, 0.18503592908382416, 1.7062783241271973, 0.880773663520813, '00:20']
[29, 0.47048676013946533, 0.4617980420589447, 0.9908167123794556, 0.17561613023281097, 1.417194128036499, 0.858423113822937, '00:20']
Better model found at epoch 29 with valid_loss value: 0.4617980420589447.
[30, 0.4627684950828552, 0.45970574021339417, 0.9907887578010559, 0.17537786066532135, 1.3591889142990112, 0.8553656339645386, '00:21']
Better model found at epoch 30 with valid_loss value: 0.45970574021339417.
[31, 0.46442273259162903, 0.490159273147583, 0.9903466105461121, 0.18496599793434143, 1.720320463180542, 0.8617678284645081, '00:24']
[32, 0.458464115858078, 0.4606410264968872, 0.9907132983207703, 0.17665104568004608, 1.4629619121551514, 0.8574883341789246, '00:21']
[33, 0.4684699475765228, 0.4601821303367615, 0.9909603595733643, 0.17451120913028717, 1.2658143043518066, 0.8592090606689453, '00:20']
[34, 0.46541380882263184, 0.4726370573043823, 0.9903612732887268, 0.18110452592372894, 1.6582444906234741, 0.8417199850082397, '00:20']
[35, 0.46395403146743774, 0.49188247323036194, 0.9906965494155884, 0.17996099591255188, 1.642799735069275, 0.8791900873184204, '00:21']
[36, 0.4686434864997864, 0.4699276387691498, 0.9909936189651489, 0.174391970038414, 1.24900221824646, 0.8737276792526245, '00:22']
[37, 0.4689297676086426, 0.469959020614624, 0.9906317591667175, 0.1784113347530365, 1.5579400062561035, 0.8660010099411011, '00:21']
[38, 0.4653420150279999, 0.453705757856369, 0.9906013011932373, 0.17698368430137634, 1.4795608520507812, 0.8400048613548279, '00:23']
Better model found at epoch 38 with valid_loss value: 0.453705757856369.
[39, 0.4561954438686371, 0.4608379304409027, 0.9906967282295227, 0.1768736094236374, 1.5045156478881836, 0.8484166264533997, '00:20']
[40, 0.45655786991119385, 0.4657241404056549, 0.9905886650085449, 0.1786212921142578, 1.5641380548477173, 0.8528958559036255, '00:22']
[41, 0.45552313327789307, 0.46170318126678467, 0.990918755531311, 0.1740381419658661, 1.174567461013794, 0.85207599401474, '00:22']
[42, 0.4556441903114319, 0.477128803730011, 0.9910097122192383, 0.17393170297145844, 1.1368833780288696, 0.8814435005187988, '00:22']
[43, 0.45369166135787964, 0.4685482382774353, 0.9910575151443481, 0.17406272888183594, 1.220641851425171, 0.8644002079963684, '00:20']
[44, 0.4505428671836853, 0.46118971705436707, 0.9905059933662415, 0.1778128445148468, 1.5166891813278198, 0.8442904353141785, '00:22']
[45, 0.4490186274051666, 0.45223870873451233, 0.9905874729156494, 0.17641672492027283, 1.458503007888794, 0.8276106119155884, '00:20']
Better model found at epoch 45 with valid_loss value: 0.45223870873451233.
[46, 0.4451627731323242, 0.4677591919898987, 0.9909828305244446, 0.17465834319591522, 1.266524076461792, 0.8605334758758545, '00:22']
[47, 0.45133498311042786, 0.4454147219657898, 0.9907116293907166, 0.17522403597831726, 1.3603383302688599, 0.8230936527252197, '00:22']
Better model found at epoch 47 with valid_loss value: 0.4454147219657898.
[48, 0.4397055208683014, 0.44986701011657715, 0.990597665309906, 0.17664118111133575, 1.48858642578125, 0.8238039016723633, '00:22']
[49, 0.45038604736328125, 0.4714988172054291, 0.9904125332832336, 0.1805538535118103, 1.6348216533660889, 0.8585298657417297, '00:21']
[50, 0.44985851645469666, 0.45404818654060364, 0.9908043742179871, 0.17508958280086517, 1.329219102859497, 0.8417993783950806, '00:22']
[51, 0.45244327187538147, 0.4674871861934662, 0.9904392957687378, 0.1794888824224472, 1.5967904329299927, 0.8512883186340332, '00:20']
[52, 0.4526139497756958, 0.4693306088447571, 0.990361750125885, 0.1810186207294464, 1.6592460870742798, 0.8413656949996948, '00:22']
[53, 0.4554469585418701, 0.45503464341163635, 0.990879476070404, 0.1745041459798813, 1.2695977687835693, 0.8429272174835205, '00:20']
[54, 0.4500298500061035, 0.4542674422264099, 0.9908649921417236, 0.17423924803733826, 1.2103900909423828, 0.8367255330085754, '00:21']
[55, 0.4580644369125366, 0.44866856932640076, 0.9908259510993958, 0.17445436120033264, 1.2494016885757446, 0.8344286680221558, '00:19']
No improvement since epoch 47: early stopping
----------
3
----------
DLS create!
[0, 0.770919680595398, 0.6922183036804199, 0.9917764067649841, 0.2875576913356781, 1.6311005353927612, 0.9982096552848816, '00:19']
Better model found at epoch 0 with valid_loss value: 0.6922183036804199.
[1, 0.6674044132232666, 0.6261550188064575, 0.9917888641357422, 0.23416483402252197, 1.3589495420455933, 0.9983569979667664, '00:19']
Better model found at epoch 1 with valid_loss value: 0.6261550188064575.
[2, 0.6167472004890442, 0.6740054488182068, 0.9918047189712524, 0.2153361290693283, 1.5821956396102905, 0.9992282390594482, '00:19']
[3, 0.5816047787666321, 0.6111416816711426, 0.9917982220649719, 0.19923047721385956, 1.3386069536209106, 0.9979773163795471, '00:19']
Better model found at epoch 3 with valid_loss value: 0.6111416816711426.
[4, 0.555839478969574, 0.539429247379303, 0.9917807579040527, 0.1900361180305481, 1.1366353034973145, 0.995478630065918, '00:20']
Better model found at epoch 4 with valid_loss value: 0.539429247379303.
[5, 0.5397093892097473, 0.5247474908828735, 0.9917603731155396, 0.18572121858596802, 1.1053837537765503, 0.992435872554779, '00:19']
Better model found at epoch 5 with valid_loss value: 0.5247474908828735.
[6, 0.5305262207984924, 0.5188490748405457, 0.9917266368865967, 0.1824415773153305, 1.1201337575912476, 0.9870147109031677, '00:19']
Better model found at epoch 6 with valid_loss value: 0.5188490748405457.
[7, 0.5235626697540283, 0.5201268196105957, 0.9917280673980713, 0.1809280961751938, 1.1381027698516846, 0.9859659671783447, '00:18']
[8, 0.5178661346435547, 0.5073853135108948, 0.9916419386863708, 0.1794120818376541, 1.1992478370666504, 0.9716585874557495, '00:19']
Better model found at epoch 8 with valid_loss value: 0.5073853135108948.
[9, 0.513779878616333, 0.4973318576812744, 0.9915045499801636, 0.179361492395401, 1.2943135499954224, 0.9490905404090881, '00:19']
Better model found at epoch 9 with valid_loss value: 0.4973318576812744.
[10, 0.5087375044822693, 0.48128533363342285, 0.9913077354431152, 0.17924021184444427, 1.446205973625183, 0.9104654788970947, '00:20']
Better model found at epoch 10 with valid_loss value: 0.48128533363342285.
[11, 0.5057973265647888, 0.4904286563396454, 0.9913690090179443, 0.17953623831272125, 1.4212690591812134, 0.9234293103218079, '00:19']
[12, 0.49691158533096313, 0.4820953607559204, 0.9909719228744507, 0.18348585069179535, 1.634269118309021, 0.8797568082809448, '00:19']
[13, 0.49307993054389954, 0.48187169432640076, 0.9915639758110046, 0.17471560835838318, 1.1921344995498657, 0.9184040427207947, '00:18']
[14, 0.4892464876174927, 0.4646320641040802, 0.9911609292030334, 0.17812371253967285, 1.5029377937316895, 0.8698033690452576, '00:19']
Better model found at epoch 14 with valid_loss value: 0.4646320641040802.
[15, 0.4886036217212677, 0.4916478395462036, 0.9908952116966248, 0.18527044355869293, 1.705215573310852, 0.8794233798980713, '00:20']
[16, 0.48893919587135315, 0.6025168895721436, 0.9912779927253723, 0.22165097296237946, 1.8628870248794556, 0.954166054725647, '00:19']
[17, 0.49119189381599426, 0.45650094747543335, 0.9911485910415649, 0.17706328630447388, 1.4524954557418823, 0.8627266883850098, '00:18']
Better model found at epoch 17 with valid_loss value: 0.45650094747543335.
[18, 0.4986574649810791, 0.5206589698791504, 0.9918126463890076, 0.17440705001354218, 1.0421122312545776, 0.9939405918121338, '00:19']
[19, 0.5022695660591125, 0.5070092082023621, 0.9917252659797668, 0.1751575917005539, 1.1069252490997314, 0.9716348648071289, '00:20']
[20, 0.4912455976009369, 0.4534105062484741, 0.9909176826477051, 0.17922405898571014, 1.5313993692398071, 0.8430027961730957, '00:19']
Better model found at epoch 20 with valid_loss value: 0.4534105062484741.
[21, 0.479085236787796, 0.46502986550331116, 0.9913427233695984, 0.17525702714920044, 1.304161787033081, 0.8774751424789429, '00:20']
[22, 0.4818120300769806, 0.46237045526504517, 0.9912986159324646, 0.17602747678756714, 1.3827769756317139, 0.8751004338264465, '00:18']
[23, 0.4763197600841522, 0.4573017954826355, 0.9911872744560242, 0.17647923529148102, 1.4220032691955566, 0.8586841821670532, '00:18']
[24, 0.4785776734352112, 0.46096357703208923, 0.9913955926895142, 0.1748402714729309, 1.2778174877166748, 0.8681966662406921, '00:19']
[25, 0.4824439287185669, 0.45773202180862427, 0.9908984303474426, 0.17994368076324463, 1.5744404792785645, 0.8427140712738037, '00:19']
[26, 0.48640546202659607, 0.4444868862628937, 0.9912206530570984, 0.17520789802074432, 1.3295340538024902, 0.8411693572998047, '00:20']
Better model found at epoch 26 with valid_loss value: 0.4444868862628937.
[27, 0.4744325280189514, 0.45399942994117737, 0.9913435578346252, 0.1745278686285019, 1.2449369430541992, 0.8511866927146912, '00:19']
[28, 0.47147345542907715, 0.4423377811908722, 0.9911454916000366, 0.17556776106357574, 1.3690835237503052, 0.8290010094642639, '00:19']
Better model found at epoch 28 with valid_loss value: 0.4423377811908722.
[29, 0.47093647718429565, 0.4630626440048218, 0.9913554787635803, 0.17499646544456482, 1.2731733322143555, 0.8641484975814819, '00:21']
[30, 0.47935691475868225, 0.46971258521080017, 0.9913762807846069, 0.17579233646392822, 1.3610984086990356, 0.8790438771247864, '00:18']
[31, 0.4720112979412079, 0.4412430226802826, 0.9910269379615784, 0.17656786739826202, 1.429782748222351, 0.8244707584381104, '00:19']
Better model found at epoch 31 with valid_loss value: 0.4412430226802826.
[32, 0.4683966040611267, 0.4844822287559509, 0.990689218044281, 0.1852005273103714, 1.7202434539794922, 0.8417357206344604, '00:18']
[33, 0.4665697515010834, 0.4545612931251526, 0.9911763072013855, 0.17626826465129852, 1.415200114250183, 0.8453496694564819, '00:19']
[34, 0.46792006492614746, 0.4702307879924774, 0.9910106062889099, 0.17966443300247192, 1.5713251829147339, 0.8517403602600098, '00:18']
[35, 0.46395325660705566, 0.43904104828834534, 0.9909051060676575, 0.17720133066177368, 1.4553241729736328, 0.8060820698738098, '00:19']
Better model found at epoch 35 with valid_loss value: 0.43904104828834534.
[36, 0.4686284065246582, 0.4327504336833954, 0.9909483790397644, 0.17603786289691925, 1.3852643966674805, 0.8089208006858826, '00:20']
Better model found at epoch 36 with valid_loss value: 0.4327504336833954.
[37, 0.4654977023601532, 0.4635546803474426, 0.9914515018463135, 0.17401129007339478, 1.1732159852981567, 0.8591545224189758, '00:19']
[38, 0.46844157576560974, 0.4490076005458832, 0.9912520051002502, 0.1749415099620819, 1.3088468313217163, 0.8402082324028015, '00:18']
[39, 0.47067537903785706, 0.44397008419036865, 0.9910849928855896, 0.17603115737438202, 1.3925143480300903, 0.8326548933982849, '00:18']
[40, 0.4707218408584595, 0.46278882026672363, 0.9909819960594177, 0.17876917123794556, 1.5494441986083984, 0.845321774482727, '00:19']
[41, 0.46583184599876404, 0.49489742517471313, 0.990594744682312, 0.18483251333236694, 1.6836766004562378, 0.8353407979011536, '00:18']
[42, 0.460043728351593, 0.4760322868824005, 0.9906457662582397, 0.18326391279697418, 1.6776164770126343, 0.8249649405479431, '00:18']
[43, 0.46385422348976135, 0.4568268358707428, 0.9913105368614197, 0.17477722465991974, 1.2505074739456177, 0.8447679877281189, '00:19']
[44, 0.46527498960494995, 0.45230185985565186, 0.9910075068473816, 0.17712312936782837, 1.411505103111267, 0.8290883898735046, '00:19']
No improvement since epoch 36: early stopping
----------
4
----------
DLS create!
[0, 0.7683476805686951, 0.7142301201820374, 0.9919397830963135, 0.29215574264526367, 1.5468887090682983, 0.9993647336959839, '00:18']
Better model found at epoch 0 with valid_loss value: 0.7142301201820374.
[1, 0.6612587571144104, 0.6001636981964111, 0.9919300675392151, 0.23072214424610138, 1.3460216522216797, 0.9981098175048828, '00:20']
Better model found at epoch 1 with valid_loss value: 0.6001636981964111.
[2, 0.6020856499671936, 0.5568419694900513, 0.9919340014457703, 0.20521831512451172, 1.2158477306365967, 0.9975224733352661, '00:20']
Better model found at epoch 2 with valid_loss value: 0.5568419694900513.
[3, 0.5660536289215088, 0.5378807187080383, 0.991920530796051, 0.1924329698085785, 1.154207706451416, 0.9955845475196838, '00:19']
Better model found at epoch 3 with valid_loss value: 0.5378807187080383.
[4, 0.5457947850227356, 0.5323107838630676, 0.9919159412384033, 0.18751582503318787, 1.1388609409332275, 0.994239866733551, '00:19']
Better model found at epoch 4 with valid_loss value: 0.5323107838630676.
[5, 0.5315436124801636, 0.5430326461791992, 0.9917391538619995, 0.18721087276935577, 1.4992485046386719, 0.9737414121627808, '00:18']
[6, 0.5218749046325684, 0.5094013810157776, 0.9916794300079346, 0.1830407828092575, 1.2953687906265259, 0.9617454409599304, '00:18']
Better model found at epoch 6 with valid_loss value: 0.5094013810157776.
[7, 0.5138656497001648, 0.52064049243927, 0.9913219809532166, 0.1887609213590622, 1.5978989601135254, 0.9257363677024841, '00:19']
[8, 0.512189507484436, 0.5002074241638184, 0.9917203783988953, 0.17828765511512756, 1.262069582939148, 0.9545668363571167, '00:18']
Better model found at epoch 8 with valid_loss value: 0.5002074241638184.
[9, 0.5048295855522156, 0.498738557100296, 0.9911059141159058, 0.1884109377861023, 1.6690922975540161, 0.8963205814361572, '00:18']
Better model found at epoch 9 with valid_loss value: 0.498738557100296.
[10, 0.5029531121253967, 0.4845248758792877, 0.9915038347244263, 0.17883913218975067, 1.4856082201004028, 0.9141474366188049, '00:18']
Better model found at epoch 10 with valid_loss value: 0.4845248758792877.
[11, 0.49681246280670166, 0.5134268403053284, 0.9916749596595764, 0.18032558262348175, 1.5669784545898438, 0.9452963471412659, '00:18']
[12, 0.4961552023887634, 0.4906596839427948, 0.9912431240081787, 0.1823190152645111, 1.6389585733413696, 0.8840011358261108, '00:18']
[13, 0.4961926341056824, 0.4723101556301117, 0.9915401339530945, 0.17642834782600403, 1.41550874710083, 0.8906376361846924, '00:18']
Better model found at epoch 13 with valid_loss value: 0.4723101556301117.
[14, 0.4939495921134949, 0.474839985370636, 0.991487979888916, 0.17696624994277954, 1.4439018964767456, 0.8865565657615662, '00:18']
[15, 0.49227428436279297, 0.4766794741153717, 0.9915865063667297, 0.17586803436279297, 1.3597134351730347, 0.8984949588775635, '00:18']
[16, 0.4870811700820923, 0.46544149518013, 0.9915143847465515, 0.1753712296485901, 1.3316266536712646, 0.868939995765686, '00:18']
Better model found at epoch 16 with valid_loss value: 0.46544149518013.
[17, 0.4917096495628357, 0.4671107530593872, 0.991496205329895, 0.17622257769107819, 1.3975839614868164, 0.8806858062744141, '00:18']
[18, 0.4856218993663788, 0.4768289625644684, 0.9912538528442383, 0.18029135465621948, 1.594596028327942, 0.8697187304496765, '00:18']
[19, 0.48524343967437744, 0.4637877345085144, 0.9912003874778748, 0.17955267429351807, 1.5726615190505981, 0.855685830116272, '00:18']
Better model found at epoch 19 with valid_loss value: 0.4637877345085144.
[20, 0.4869126081466675, 0.49151602387428284, 0.9918028712272644, 0.17424918711185455, 1.1778901815414429, 0.926600992679596, '00:18']
[21, 0.4916045367717743, 0.4698161482810974, 0.9913182258605957, 0.17849035561084747, 1.5004701614379883, 0.8753019571304321, '00:18']
[22, 0.48490893840789795, 0.47255462408065796, 0.9914421439170837, 0.17719368636608124, 1.4782946109771729, 0.8829538822174072, '00:18']
[23, 0.4836162030696869, 0.44883742928504944, 0.9914254546165466, 0.1757292002439499, 1.3817929029464722, 0.8453091382980347, '00:18']
Better model found at epoch 23 with valid_loss value: 0.44883742928504944.
[24, 0.48354196548461914, 0.4457239806652069, 0.9910801649093628, 0.1784602850675583, 1.542366862297058, 0.8234698176383972, '00:18']
Better model found at epoch 24 with valid_loss value: 0.4457239806652069.
[25, 0.4766252636909485, 0.4695087671279907, 0.9916712045669556, 0.17449951171875, 1.2553094625473022, 0.8790923953056335, '00:18']
[26, 0.46750932931900024, 0.4399961233139038, 0.9913133978843689, 0.17546215653419495, 1.3556833267211914, 0.8202018141746521, '00:18']
Better model found at epoch 26 with valid_loss value: 0.4399961233139038.
[27, 0.4674875736236572, 0.48513486981391907, 0.9909641146659851, 0.1852196604013443, 1.7012478113174438, 0.8573700189590454, '00:18']
[28, 0.47221216559410095, 0.44184038043022156, 0.9914276003837585, 0.17474104464054108, 1.2798717021942139, 0.8256375789642334, '00:18']
[29, 0.47399020195007324, 0.4518476128578186, 0.9914972186088562, 0.17500074207782745, 1.313381552696228, 0.8482956290245056, '00:18']
[30, 0.4736473262310028, 0.46704065799713135, 0.9908203482627869, 0.18323500454425812, 1.678596019744873, 0.8225232362747192, '00:18']
[31, 0.47277534008026123, 0.4377242624759674, 0.9911551475524902, 0.17692376673221588, 1.4776819944381714, 0.8102303147315979, '00:18']
Better model found at epoch 31 with valid_loss value: 0.4377242624759674.
[32, 0.47268110513687134, 0.45773452520370483, 0.9911053776741028, 0.17954093217849731, 1.5947272777557373, 0.8353259563446045, '00:18']
[33, 0.46435120701789856, 0.4380803406238556, 0.9914014935493469, 0.17481105029582977, 1.295475721359253, 0.8142405152320862, '00:18']
[34, 0.46503087878227234, 0.4365067481994629, 0.9913035035133362, 0.17583516240119934, 1.4016047716140747, 0.8142072558403015, '00:18']
Better model found at epoch 34 with valid_loss value: 0.4365067481994629.
[35, 0.4718434810638428, 0.4342339336872101, 0.9911850094795227, 0.17648880183696747, 1.451425552368164, 0.8089611530303955, '00:18']
Better model found at epoch 35 with valid_loss value: 0.4342339336872101.
[36, 0.4728435277938843, 0.4319140911102295, 0.9911490082740784, 0.17687390744686127, 1.4762637615203857, 0.80211341381073, '00:18']
Better model found at epoch 36 with valid_loss value: 0.4319140911102295.
[37, 0.46541088819503784, 0.46599820256233215, 0.9908764362335205, 0.18210363388061523, 1.65660560131073, 0.8228313326835632, '00:18']
[38, 0.4597567319869995, 0.44988107681274414, 0.9908921718597412, 0.18025225400924683, 1.6201294660568237, 0.801508367061615, '00:18']
[39, 0.4632353186607361, 0.4565054774284363, 0.9907453060150146, 0.1827949434518814, 1.6738409996032715, 0.7999884486198425, '00:18']
[40, 0.47023841738700867, 0.48126912117004395, 0.9907654523849487, 0.1860579252243042, 1.7130037546157837, 0.8354123830795288, '00:18']
[41, 0.4649268388748169, 0.4540565311908722, 0.9910151958465576, 0.17985111474990845, 1.605522871017456, 0.8249006867408752, '00:18']
[42, 0.4590211808681488, 0.4364668130874634, 0.9909190535545349, 0.1787310242652893, 1.5673034191131592, 0.7903290390968323, '00:18']
[43, 0.45258012413978577, 0.45784592628479004, 0.9906855225563049, 0.18294495344161987, 1.688043475151062, 0.7946304678916931, '00:18']
[44, 0.4526553153991699, 0.46751105785369873, 0.9908854961395264, 0.18213863670825958, 1.6533472537994385, 0.8210384845733643, '00:18']
No improvement since epoch 36: early stopping
Linknet Done!
