Models will save to MAnet_mobs4_x
Use mobileone_s4 encoder
Start training...
----------
0
----------
DLS create!
[0, 0.6444730758666992, 0.5661861896514893, 0.9925577640533447, 0.21320539712905884, 1.2933828830718994, 0.9966418743133545, '00:24']
Better model found at epoch 0 with valid_loss value: 0.5661861896514893.
[1, 0.5645768642425537, 0.520488977432251, 0.9924792051315308, 0.1859099417924881, 1.2060874700546265, 0.984322190284729, '00:23']
Better model found at epoch 1 with valid_loss value: 0.520488977432251.
[2, 0.5338947176933289, 0.5171157121658325, 0.9924989342689514, 0.17852169275283813, 1.1772844791412354, 0.980222761631012, '00:23']
Better model found at epoch 2 with valid_loss value: 0.5171157121658325.
[3, 0.5180515646934509, 0.4917895197868347, 0.9922855496406555, 0.17807628214359283, 1.3384239673614502, 0.940651535987854, '00:22']
Better model found at epoch 3 with valid_loss value: 0.4917895197868347.
[4, 0.5044549703598022, 0.5036875605583191, 0.9924539923667908, 0.17610478401184082, 1.292575478553772, 0.9615395069122314, '00:23']
[5, 0.5017450451850891, 0.5014904141426086, 0.9924337267875671, 0.1752982884645462, 1.2504364252090454, 0.9459156394004822, '00:22']
[6, 0.49643969535827637, 0.49679043889045715, 0.9919244647026062, 0.1847892850637436, 1.668700098991394, 0.8993161916732788, '00:23']
[7, 0.4957529306411743, 0.4816748797893524, 0.9922806024551392, 0.17631518840789795, 1.4177581071853638, 0.9164701700210571, '00:23']
Better model found at epoch 7 with valid_loss value: 0.4816748797893524.
[8, 0.4938669502735138, 0.4813118875026703, 0.9918298125267029, 0.18300241231918335, 1.6763684749603271, 0.8769014477729797, '00:23']
Better model found at epoch 8 with valid_loss value: 0.4813118875026703.
[9, 0.4721176326274872, 0.4884665906429291, 0.9920913577079773, 0.17984426021575928, 1.6146894693374634, 0.8980433344841003, '00:24']
[10, 0.4806285500526428, 0.4843651056289673, 0.9922093152999878, 0.17689917981624603, 1.4852358102798462, 0.8977173566818237, '00:23']
[11, 0.47404077649116516, 0.46345290541648865, 0.991948664188385, 0.17824243009090424, 1.5583680868148804, 0.8620741963386536, '00:23']
Better model found at epoch 11 with valid_loss value: 0.46345290541648865.
[12, 0.47341349720954895, 0.5047726631164551, 0.9916433095932007, 0.1897806078195572, 1.774733543395996, 0.8725554943084717, '00:23']
[13, 0.47848638892173767, 0.4788871109485626, 0.9918695092201233, 0.1817508488893509, 1.6679478883743286, 0.8691595792770386, '00:23']
[14, 0.4731382131576538, 0.47315382957458496, 0.9920944571495056, 0.17776615917682648, 1.5332753658294678, 0.8819148540496826, '00:23']
[15, 0.4760465919971466, 0.45338600873947144, 0.9919357299804688, 0.17743660509586334, 1.5111736059188843, 0.8478603363037109, '00:22']
Better model found at epoch 15 with valid_loss value: 0.45338600873947144.
[16, 0.47482749819755554, 0.45609843730926514, 0.9921598434448242, 0.17555971443653107, 1.379730463027954, 0.8598626255989075, '00:23']
[17, 0.4698937237262726, 0.4978964924812317, 0.9925064444541931, 0.1737043410539627, 1.0877634286880493, 0.9342931509017944, '00:23']
[18, 0.47504380345344543, 0.44691893458366394, 0.9921530485153198, 0.17469193041324615, 1.284207820892334, 0.8413931131362915, '00:23']
Better model found at epoch 18 with valid_loss value: 0.44691893458366394.
[19, 0.4689263105392456, 0.45159417390823364, 0.9920555353164673, 0.1760406345129013, 1.423326015472412, 0.8478025197982788, '00:22']
[20, 0.4569632411003113, 0.44492653012275696, 0.9920241236686707, 0.1757967323064804, 1.4056240320205688, 0.8304482698440552, '00:24']
Better model found at epoch 20 with valid_loss value: 0.44492653012275696.
[21, 0.4678634703159332, 0.4533762037754059, 0.9918828010559082, 0.17794111371040344, 1.547842025756836, 0.839479923248291, '00:23']
[22, 0.46030381321907043, 0.4482426047325134, 0.9921920895576477, 0.17443811893463135, 1.2528153657913208, 0.8382249474525452, '00:25']
[23, 0.45658349990844727, 0.4391341209411621, 0.991973340511322, 0.1758655309677124, 1.420878291130066, 0.8229588270187378, '00:24']
Better model found at epoch 23 with valid_loss value: 0.4391341209411621.
[24, 0.4569237530231476, 0.4713232219219208, 0.9917060732841492, 0.18116030097007751, 1.6744613647460938, 0.8372923731803894, '00:22']
[25, 0.4605242908000946, 0.4596276581287384, 0.9920127987861633, 0.17703017592430115, 1.4997127056121826, 0.8604011535644531, '00:23']
[26, 0.45929303765296936, 0.43681564927101135, 0.9919830560684204, 0.1755608320236206, 1.380021333694458, 0.819979727268219, '00:23']
Better model found at epoch 26 with valid_loss value: 0.43681564927101135.
[27, 0.4577718675136566, 0.4541434049606323, 0.9920693635940552, 0.17617963254451752, 1.4411234855651855, 0.843589186668396, '00:22']
[28, 0.4542396366596222, 0.4458381235599518, 0.9918240308761597, 0.17769040167331696, 1.548598051071167, 0.8246535062789917, '00:23']
[29, 0.46536123752593994, 0.4416949152946472, 0.9919682145118713, 0.17611001431941986, 1.4214197397232056, 0.8295034170150757, '00:23']
[30, 0.46151575446128845, 0.43906378746032715, 0.992043137550354, 0.1752091646194458, 1.3422167301177979, 0.824009358882904, '00:23']
[31, 0.4598694145679474, 0.45142078399658203, 0.992254376411438, 0.1742664873600006, 1.2184385061264038, 0.8450955152511597, '00:24']
[32, 0.4527718424797058, 0.4531886577606201, 0.992261528968811, 0.17405547201633453, 1.1639370918273926, 0.8417975902557373, '00:24']
[33, 0.4631628692150116, 0.43986180424690247, 0.9921000599861145, 0.17494794726371765, 1.3247020244598389, 0.8244083523750305, '00:23']
[34, 0.4550437033176422, 0.4402923583984375, 0.991907000541687, 0.17653553187847137, 1.4661504030227661, 0.8141968250274658, '00:23']
No improvement since epoch 26: early stopping
----------
1
----------
DLS create!
[0, 0.6008123159408569, 0.5362638235092163, 0.9928852915763855, 0.19308045506477356, 1.1826668977737427, 0.998464047908783, '00:23']
Better model found at epoch 0 with valid_loss value: 0.5362638235092163.
[1, 0.5458171367645264, 0.5267784595489502, 0.9928568005561829, 0.18263205885887146, 1.1048308610916138, 0.9932636022567749, '00:24']
Better model found at epoch 1 with valid_loss value: 0.5267784595489502.
[2, 0.5265122056007385, 0.5307596325874329, 0.9928466081619263, 0.17604626715183258, 1.103643536567688, 0.9853781461715698, '00:24']
[3, 0.5107210278511047, 0.5055741667747498, 0.9927405118942261, 0.1784229427576065, 1.288399338722229, 0.9672399759292603, '00:24']
Better model found at epoch 3 with valid_loss value: 0.5055741667747498.
[4, 0.5046780705451965, 0.4965500831604004, 0.9927346110343933, 0.17594726383686066, 1.317907452583313, 0.9528365135192871, '00:24']
Better model found at epoch 4 with valid_loss value: 0.4965500831604004.
[5, 0.4984961748123169, 0.6172976493835449, 0.9928207397460938, 0.17603687942028046, 1.4197626113891602, 0.9707876443862915, '00:23']
[6, 0.4954855442047119, 0.49629825353622437, 0.9927668571472168, 0.17516230046749115, 1.3053874969482422, 0.9467982649803162, '00:24']
Better model found at epoch 6 with valid_loss value: 0.49629825353622437.
[7, 0.4943106174468994, 0.49467742443084717, 0.9927289485931396, 0.17588165402412415, 1.3987655639648438, 0.9422380328178406, '00:24']
Better model found at epoch 7 with valid_loss value: 0.49467742443084717.
[8, 0.49589449167251587, 0.5011282563209534, 0.9927765727043152, 0.17613781988620758, 1.3985023498535156, 0.9493164420127869, '00:24']
[9, 0.4953997731208801, 0.48983636498451233, 0.9922971129417419, 0.18154841661453247, 1.6825497150421143, 0.8995314836502075, '00:24']
Better model found at epoch 9 with valid_loss value: 0.48983636498451233.
[10, 0.48773762583732605, 0.490738183259964, 0.992592453956604, 0.1776849776506424, 1.5147143602371216, 0.9207537174224854, '00:24']
[11, 0.4876575171947479, 0.4920822083950043, 0.9927307963371277, 0.17529438436031342, 1.3665391206741333, 0.9316720366477966, '00:25']
[12, 0.4853833317756653, 0.4665256142616272, 0.9922389984130859, 0.17864182591438293, 1.5934479236602783, 0.867299497127533, '00:24']
Better model found at epoch 12 with valid_loss value: 0.4665256142616272.
[13, 0.4841066002845764, 0.459556519985199, 0.9923833608627319, 0.17684133350849152, 1.521322250366211, 0.8613781332969666, '00:25']
Better model found at epoch 13 with valid_loss value: 0.459556519985199.
[14, 0.47779205441474915, 0.45799747109413147, 0.9924786686897278, 0.17518487572669983, 1.3732105493545532, 0.8670642375946045, '00:24']
Better model found at epoch 14 with valid_loss value: 0.45799747109413147.
[15, 0.47470763325691223, 0.46372464299201965, 0.9922040104866028, 0.1786937415599823, 1.5875086784362793, 0.8650282025337219, '00:24']
[16, 0.47471097111701965, 0.4865218997001648, 0.9921119809150696, 0.18284621834754944, 1.7143216133117676, 0.8794891238212585, '00:24']
[17, 0.47796830534935, 0.45812657475471497, 0.9924234747886658, 0.1755089908838272, 1.4118640422821045, 0.8663844466209412, '00:24']
[18, 0.47357457876205444, 0.45651936531066895, 0.992498517036438, 0.17500069737434387, 1.3533035516738892, 0.8609142303466797, '00:24']
Better model found at epoch 18 with valid_loss value: 0.45651936531066895.
[19, 0.46429845690727234, 0.4555796980857849, 0.9925251007080078, 0.1745765656232834, 1.3051228523254395, 0.8537124991416931, '00:26']
Better model found at epoch 19 with valid_loss value: 0.4555796980857849.
[20, 0.47019970417022705, 0.4615843594074249, 0.9922477006912231, 0.1780215948820114, 1.5756734609603882, 0.8605024814605713, '00:23']
[21, 0.47422924637794495, 0.46801212430000305, 0.9925828576087952, 0.17490528523921967, 1.360050082206726, 0.8774555325508118, '00:24']
[22, 0.47817081212997437, 0.45605048537254333, 0.9925342798233032, 0.174895241856575, 1.3279706239700317, 0.8645597696304321, '00:24']
[23, 0.4776209890842438, 0.4508971571922302, 0.9924514293670654, 0.17524820566177368, 1.3654325008392334, 0.8562206029891968, '00:24']
Better model found at epoch 23 with valid_loss value: 0.4508971571922302.
[24, 0.4732432961463928, 0.45106905698776245, 0.9924525618553162, 0.17552921175956726, 1.424499750137329, 0.8502410054206848, '00:23']
[25, 0.47285839915275574, 0.4469216465950012, 0.9923054575920105, 0.17594927549362183, 1.4448975324630737, 0.8475174903869629, '00:24']
Better model found at epoch 25 with valid_loss value: 0.4469216465950012.
[26, 0.4754893183708191, 0.43724769353866577, 0.9922252297401428, 0.17609424889087677, 1.4663785696029663, 0.8231378197669983, '00:24']
Better model found at epoch 26 with valid_loss value: 0.43724769353866577.
[27, 0.4636416733264923, 0.44697606563568115, 0.9923207759857178, 0.1757424771785736, 1.439007043838501, 0.8412415385246277, '00:23']
[28, 0.4674256443977356, 0.4470677077770233, 0.9925030469894409, 0.17464376986026764, 1.335182547569275, 0.8411444425582886, '00:24']
[29, 0.4669581353664398, 0.4421364367008209, 0.9924543499946594, 0.17480270564556122, 1.3578870296478271, 0.8292580842971802, '00:24']
[30, 0.46845582127571106, 0.43812698125839233, 0.9923080801963806, 0.17545340955257416, 1.4343980550765991, 0.8208732008934021, '00:26']
[31, 0.46628856658935547, 0.4340571165084839, 0.9922470450401306, 0.17573131620883942, 1.4217681884765625, 0.8177346587181091, '00:24']
Better model found at epoch 31 with valid_loss value: 0.4340571165084839.
[32, 0.46548429131507874, 0.4400504231452942, 0.9923163652420044, 0.17574280500411987, 1.432897686958313, 0.8260762095451355, '00:24']
[33, 0.46486809849739075, 0.4314091205596924, 0.9921992421150208, 0.17550750076770782, 1.3953220844268799, 0.8116417527198792, '00:24']
Better model found at epoch 33 with valid_loss value: 0.4314091205596924.
[34, 0.4612480103969574, 0.4562325179576874, 0.9925952553749084, 0.1737070381641388, 1.1395816802978516, 0.8482853174209595, '00:24']
[35, 0.463230699300766, 0.4347870945930481, 0.99238121509552, 0.17433083057403564, 1.2643450498580933, 0.8225803375244141, '00:24']
[36, 0.4645485579967499, 0.44401541352272034, 0.9925352931022644, 0.1740923970937729, 1.2182611227035522, 0.8331683874130249, '00:24']
[37, 0.4617466926574707, 0.44008827209472656, 0.9923951029777527, 0.17464716732501984, 1.3309272527694702, 0.824330747127533, '00:24']
[38, 0.46306806802749634, 0.42654135823249817, 0.9922231435775757, 0.17530328035354614, 1.3574968576431274, 0.8022065162658691, '00:24']
Better model found at epoch 38 with valid_loss value: 0.42654135823249817.
[39, 0.4623003900051117, 0.4753252863883972, 0.9927206635475159, 0.1740795522928238, 1.2296327352523804, 0.8931050896644592, '00:24']
[40, 0.4681716561317444, 0.42645367980003357, 0.9922681450843811, 0.17492403090000153, 1.339711308479309, 0.8078374266624451, '00:24']
Better model found at epoch 40 with valid_loss value: 0.42645367980003357.
[41, 0.4574352502822876, 0.4280979335308075, 0.9921873807907104, 0.1759280562400818, 1.4558919668197632, 0.8053081035614014, '00:24']
[42, 0.4538044035434723, 0.4534284472465515, 0.992158055305481, 0.1780705600976944, 1.5877982378005981, 0.8318034410476685, '00:25']
[43, 0.4588560461997986, 0.44415777921676636, 0.9925377368927002, 0.17395561933517456, 1.1929863691329956, 0.8326003551483154, '00:24']
[44, 0.46010470390319824, 0.4297351539134979, 0.9921595454216003, 0.1761857271194458, 1.4742672443389893, 0.8096956014633179, '00:24']
[45, 0.45499277114868164, 0.42804279923439026, 0.9922854900360107, 0.17515933513641357, 1.377244234085083, 0.8088106513023376, '00:24']
[46, 0.4506012201309204, 0.45029640197753906, 0.9924668073654175, 0.17471791803836823, 1.30842924118042, 0.8497053384780884, '00:24']
[47, 0.45750245451927185, 0.43756020069122314, 0.992429792881012, 0.17447005212306976, 1.2934499979019165, 0.8276236057281494, '00:24']
[48, 0.45406684279441833, 0.4380515515804291, 0.9920231699943542, 0.1769344061613083, 1.4691944122314453, 0.8140659332275391, '00:24']
No improvement since epoch 40: early stopping
----------
2
----------
DLS create!
[0, 0.5927238464355469, 0.5388107299804688, 0.9922594428062439, 0.1949407011270523, 1.1812679767608643, 0.9974998235702515, '00:24']
Better model found at epoch 0 with valid_loss value: 0.5388107299804688.
[1, 0.5412635207176208, 0.5126179456710815, 0.9921528697013855, 0.18088334798812866, 1.1923738718032837, 0.9778798222541809, '00:24']
Better model found at epoch 1 with valid_loss value: 0.5126179456710815.
[2, 0.5194698572158813, 0.5159356594085693, 0.9916900396347046, 0.19201846420764923, 1.440658450126648, 0.935582160949707, '00:24']
[3, 0.5106817483901978, 0.4968140423297882, 0.9920934438705444, 0.17626960575580597, 1.2384966611862183, 0.9527199268341064, '00:24']
Better model found at epoch 3 with valid_loss value: 0.4968140423297882.
[4, 0.5031558275222778, 0.4932514429092407, 0.9921176433563232, 0.17492277920246124, 1.1981682777404785, 0.9448814988136292, '00:25']
Better model found at epoch 4 with valid_loss value: 0.4932514429092407.
[5, 0.4915228486061096, 0.4968624711036682, 0.9921404123306274, 0.17477522790431976, 1.2704367637634277, 0.9352152943611145, '00:26']
[6, 0.4824138283729553, 0.48180830478668213, 0.9913198947906494, 0.18424004316329956, 1.7116405963897705, 0.8553489446640015, '00:24']
Better model found at epoch 6 with valid_loss value: 0.48180830478668213.
[7, 0.4807533919811249, 0.4705885648727417, 0.9918044209480286, 0.1770123839378357, 1.4868052005767822, 0.8730342388153076, '00:24']
Better model found at epoch 7 with valid_loss value: 0.4705885648727417.
[8, 0.4892483055591583, 0.4591536819934845, 0.9917232394218445, 0.17692209780216217, 1.4673031568527222, 0.8588802814483643, '00:24']
Better model found at epoch 8 with valid_loss value: 0.4591536819934845.
[9, 0.47901445627212524, 0.46667444705963135, 0.9916755557060242, 0.1784900426864624, 1.5595530271530151, 0.8625508546829224, '00:24']
[10, 0.4729931950569153, 0.4765247404575348, 0.9915809035301208, 0.18083970248699188, 1.6313929557800293, 0.8599459528923035, '00:25']
[11, 0.47877734899520874, 0.46123233437538147, 0.9917647242546082, 0.17644254863262177, 1.4555670022964478, 0.8621906042098999, '00:24']
[12, 0.4798877239227295, 0.4598073959350586, 0.9917851686477661, 0.17633046209812164, 1.427231788635254, 0.8616973757743835, '00:24']
[13, 0.46916672587394714, 0.44793418049812317, 0.9917622804641724, 0.17524810135364532, 1.3552637100219727, 0.8341245651245117, '00:24']
Better model found at epoch 13 with valid_loss value: 0.44793418049812317.
[14, 0.47197043895721436, 0.45915254950523376, 0.9915074110031128, 0.1790069192647934, 1.5691252946853638, 0.8436838388442993, '00:23']
[15, 0.47077029943466187, 0.47053077816963196, 0.991515040397644, 0.1803942322731018, 1.6364597082138062, 0.851652204990387, '00:24']
[16, 0.47687938809394836, 0.4587412476539612, 0.9915928244590759, 0.17790864408016205, 1.5362305641174316, 0.8466777801513672, '00:24']
[17, 0.46313104033470154, 0.4527807831764221, 0.9918067455291748, 0.1750628650188446, 1.3417519330978394, 0.8442807793617249, '00:24']
[18, 0.4616478383541107, 0.45523548126220703, 0.9918245673179626, 0.17499543726444244, 1.3310329914093018, 0.8503697514533997, '00:24']
[19, 0.4585089385509491, 0.45825982093811035, 0.9917908906936646, 0.17542864382266998, 1.366802453994751, 0.8543665409088135, '00:24']
[20, 0.4643373191356659, 0.4450136423110962, 0.9915415048599243, 0.17706185579299927, 1.4883977174758911, 0.8226747512817383, '00:24']
Better model found at epoch 20 with valid_loss value: 0.4450136423110962.
[21, 0.4658743739128113, 0.4531638026237488, 0.9916557669639587, 0.17670542001724243, 1.4640843868255615, 0.8396461009979248, '00:23']
[22, 0.46600666642189026, 0.4796504080295563, 0.9920842051506042, 0.1737905591726303, 1.14366614818573, 0.8887983560562134, '00:24']
[23, 0.46414393186569214, 0.4432561695575714, 0.9916658401489258, 0.175552636384964, 1.377105951309204, 0.8252935409545898, '00:24']
Better model found at epoch 23 with valid_loss value: 0.4432561695575714.
[24, 0.45177245140075684, 0.4532657265663147, 0.9918543100357056, 0.17464427649974823, 1.2844613790512085, 0.838647723197937, '00:24']
[25, 0.4538535177707672, 0.44951683282852173, 0.9914815425872803, 0.17786890268325806, 1.5409164428710938, 0.8268573880195618, '00:24']
[26, 0.46313008666038513, 0.4432103633880615, 0.991791307926178, 0.17470689117908478, 1.286311388015747, 0.8324342370033264, '00:24']
Better model found at epoch 26 with valid_loss value: 0.4432103633880615.
[27, 0.4610685706138611, 0.4371059238910675, 0.9917173385620117, 0.17484810948371887, 1.2775444984436035, 0.8202293515205383, '00:23']
Better model found at epoch 27 with valid_loss value: 0.4371059238910675.
[28, 0.45766186714172363, 0.44652339816093445, 0.9916400909423828, 0.17621560394763947, 1.4398828744888306, 0.8302613496780396, '00:24']
[29, 0.459608793258667, 0.4487691819667816, 0.9915996193885803, 0.17652499675750732, 1.4485827684402466, 0.8295049667358398, '00:24']
[30, 0.4514331519603729, 0.4714120030403137, 0.9914930462837219, 0.17912805080413818, 1.5878677368164062, 0.8458847403526306, '00:25']
[31, 0.4585605561733246, 0.4435665011405945, 0.9915895462036133, 0.17647050321102142, 1.4372942447662354, 0.823756754398346, '00:24']
[32, 0.451720267534256, 0.4459204375743866, 0.9918126463890076, 0.17462675273418427, 1.2792645692825317, 0.829854428768158, '00:24']
[33, 0.4431268870830536, 0.46574845910072327, 0.9913268685340881, 0.1805211305618286, 1.6238607168197632, 0.8264332413673401, '00:24']
[34, 0.4509265124797821, 0.44075337052345276, 0.9914559721946716, 0.1771608591079712, 1.4868301153182983, 0.8128840923309326, '00:24']
[35, 0.4454490840435028, 0.4756568670272827, 0.9914072155952454, 0.1811382919549942, 1.6639604568481445, 0.8445760011672974, '00:24']
No improvement since epoch 27: early stopping
----------
3
----------
DLS create!
[0, 0.586365282535553, 0.5417356491088867, 0.9898834824562073, 0.1955348551273346, 1.1815615892410278, 0.9978492856025696, '00:24']
Better model found at epoch 0 with valid_loss value: 0.5417356491088867.
[1, 0.5384944081306458, 0.5125670433044434, 0.9897182583808899, 0.18064802885055542, 1.2168715000152588, 0.9724821448326111, '00:25']
Better model found at epoch 1 with valid_loss value: 0.5125670433044434.
[2, 0.5177952647209167, 0.4964744448661804, 0.9895918369293213, 0.17740075290203094, 1.3197591304779053, 0.9403481483459473, '00:24']
Better model found at epoch 2 with valid_loss value: 0.4964744448661804.
[3, 0.502051591873169, 0.531404972076416, 0.9897276759147644, 0.17545917630195618, 1.272013545036316, 0.9534870982170105, '00:24']
[4, 0.4984720051288605, 0.48466864228248596, 0.9892733097076416, 0.17948296666145325, 1.514677882194519, 0.8948096036911011, '00:24']
Better model found at epoch 4 with valid_loss value: 0.48466864228248596.
[5, 0.4956309199333191, 0.5198147892951965, 0.9898030757904053, 0.17444013059139252, 1.1362030506134033, 0.9638280272483826, '00:23']
[6, 0.49144166707992554, 0.5600330233573914, 0.9888203144073486, 0.2009660005569458, 1.8252556324005127, 0.8953327536582947, '00:24']
[7, 0.49096351861953735, 0.48636922240257263, 0.9894141554832458, 0.17633187770843506, 1.3968937397003174, 0.8989374041557312, '00:24']
[8, 0.48351576924324036, 0.4700923562049866, 0.9894182682037354, 0.17513926327228546, 1.297548532485962, 0.8772841691970825, '00:24']
Better model found at epoch 8 with valid_loss value: 0.4700923562049866.
[9, 0.4778023660182953, 0.4691968262195587, 0.9891065359115601, 0.17803360521793365, 1.4906755685806274, 0.8507001399993896, '00:24']
Better model found at epoch 9 with valid_loss value: 0.4691968262195587.
[10, 0.4774838984012604, 0.47453024983406067, 0.9892170429229736, 0.17806117236614227, 1.4890915155410767, 0.8676713109016418, '00:25']
[11, 0.4717457592487335, 0.46139758825302124, 0.9892768859863281, 0.17481496930122375, 1.2920458316802979, 0.8451613187789917, '00:26']
Better model found at epoch 11 with valid_loss value: 0.46139758825302124.
[12, 0.46644604206085205, 0.46664106845855713, 0.9892646670341492, 0.17575372755527496, 1.3670604228973389, 0.8569824695587158, '00:24']
[13, 0.47374510765075684, 0.4688440263271332, 0.9894102215766907, 0.17486292123794556, 1.3035156726837158, 0.8620789647102356, '00:24']
[14, 0.47133299708366394, 0.455576628446579, 0.9891236424446106, 0.17705890536308289, 1.4616636037826538, 0.8306965231895447, '00:24']
Better model found at epoch 14 with valid_loss value: 0.455576628446579.
[15, 0.47076675295829773, 0.48696133494377136, 0.989564836025238, 0.1745253950357437, 1.2514317035675049, 0.9002171158790588, '00:25']
[16, 0.4734627306461334, 0.46388059854507446, 0.9890974164009094, 0.17712238430976868, 1.4498542547225952, 0.850784182548523, '00:24']
[17, 0.46793457865715027, 0.4699822962284088, 0.989173948764801, 0.17721307277679443, 1.4893978834152222, 0.8582956194877625, '00:24']
[18, 0.4701603651046753, 0.4576493501663208, 0.9892483949661255, 0.17585192620754242, 1.3890767097473145, 0.8389427065849304, '00:24']
[19, 0.47347718477249146, 0.47462207078933716, 0.9890854954719543, 0.17951513826847076, 1.5598946809768677, 0.8596428036689758, '00:26']
[20, 0.46680784225463867, 0.4509665369987488, 0.9891822934150696, 0.17558488249778748, 1.3726437091827393, 0.8274080753326416, '00:25']
Better model found at epoch 20 with valid_loss value: 0.4509665369987488.
[21, 0.46769604086875916, 0.4486718475818634, 0.989240288734436, 0.1752229630947113, 1.333762288093567, 0.8240329027175903, '00:24']
Better model found at epoch 21 with valid_loss value: 0.4486718475818634.
[22, 0.46450379490852356, 0.4463196396827698, 0.9891209006309509, 0.17605851590633392, 1.4080191850662231, 0.8132254481315613, '00:25']
Better model found at epoch 22 with valid_loss value: 0.4463196396827698.
[23, 0.46142810583114624, 0.45687490701675415, 0.9892584681510925, 0.17517594993114471, 1.347793459892273, 0.8315243721008301, '00:24']
[24, 0.4701908528804779, 0.4571168124675751, 0.9892862439155579, 0.17503632605075836, 1.316232442855835, 0.8460147976875305, '00:24']
[25, 0.458392471075058, 0.4389950931072235, 0.9890397191047668, 0.176234632730484, 1.4267815351486206, 0.7963137030601501, '00:24']
Better model found at epoch 25 with valid_loss value: 0.4389950931072235.
[26, 0.4557439982891083, 0.4522164762020111, 0.9892898201942444, 0.1742575317621231, 1.2172223329544067, 0.8217167854309082, '00:24']
[27, 0.46171414852142334, 0.4403882324695587, 0.9891499280929565, 0.17538346350193024, 1.3527733087539673, 0.8065149784088135, '00:24']
[28, 0.45287516713142395, 0.4468793570995331, 0.9890073537826538, 0.17689387500286102, 1.4593851566314697, 0.8054670095443726, '00:24']
[29, 0.4454376995563507, 0.4533541202545166, 0.9889971017837524, 0.1773461103439331, 1.491837739944458, 0.8064978718757629, '00:24']
[30, 0.4435442090034485, 0.45598119497299194, 0.9892702698707581, 0.17472951114177704, 1.2695001363754272, 0.8162140846252441, '00:25']
[31, 0.4495049715042114, 0.4377819895744324, 0.9889014363288879, 0.17698508501052856, 1.467900276184082, 0.7921372652053833, '00:24']
Better model found at epoch 31 with valid_loss value: 0.4377819895744324.
[32, 0.4605749845504761, 0.46183276176452637, 0.9888713359832764, 0.18052808940410614, 1.6005662679672241, 0.8178846836090088, '00:24']
[33, 0.45813068747520447, 0.44301480054855347, 0.9888977408409119, 0.17764534056186676, 1.4992313385009766, 0.7954396605491638, '00:24']
[34, 0.46444693207740784, 0.44473719596862793, 0.9889259934425354, 0.17784252762794495, 1.5083134174346924, 0.8032183647155762, '00:24']
[35, 0.45434051752090454, 0.4800501763820648, 0.9891257286071777, 0.17868982255458832, 1.5483726263046265, 0.8529438376426697, '00:25']
[36, 0.4410945475101471, 0.4358643889427185, 0.9891716837882996, 0.1745685189962387, 1.2760812044143677, 0.7808510661125183, '00:24']
Better model found at epoch 36 with valid_loss value: 0.4358643889427185.
[37, 0.4415915608406067, 0.4499411880970001, 0.9888913035392761, 0.1776052862405777, 1.4941507577896118, 0.7991515398025513, '00:24']
[38, 0.4447033703327179, 0.4447919726371765, 0.989153265953064, 0.17519418895244598, 1.3356361389160156, 0.8040357232093811, '00:24']
[39, 0.446607381105423, 0.43608033657073975, 0.9889378547668457, 0.17689834535121918, 1.4678736925125122, 0.7843380570411682, '00:25']
[40, 0.4500603675842285, 0.4570688307285309, 0.988853931427002, 0.17936456203460693, 1.5537430047988892, 0.8051466345787048, '00:25']
[41, 0.4576146900653839, 0.43075400590896606, 0.989023745059967, 0.17578016221523285, 1.3871831893920898, 0.7846672534942627, '00:24']
Better model found at epoch 41 with valid_loss value: 0.43075400590896606.
[42, 0.45719844102859497, 0.4519091546535492, 0.9892747402191162, 0.17461125552654266, 1.288016438484192, 0.8219993710517883, '00:24']
[43, 0.441650390625, 0.43299055099487305, 0.9889947175979614, 0.17586201429367065, 1.4119772911071777, 0.7777849435806274, '00:23']
[44, 0.44475898146629333, 0.43789201974868774, 0.9890230894088745, 0.1760682612657547, 1.4327303171157837, 0.7923107147216797, '00:25']
[45, 0.44811952114105225, 0.4217471182346344, 0.9890663027763367, 0.17462943494319916, 1.3016774654388428, 0.7622794508934021, '00:24']
Better model found at epoch 45 with valid_loss value: 0.4217471182346344.
[46, 0.44735220074653625, 0.4466650187969208, 0.9886941313743591, 0.17913077771663666, 1.5761187076568604, 0.780208170413971, '00:25']
[47, 0.44920897483825684, 0.4380794167518616, 0.9889547228813171, 0.17664363980293274, 1.4666175842285156, 0.7867864966392517, '00:24']
[48, 0.4456954598426819, 0.4399867653846741, 0.9890986084938049, 0.1755087524652481, 1.3833856582641602, 0.7954638600349426, '00:25']
[49, 0.4429086148738861, 0.4447443187236786, 0.9888632893562317, 0.17817740142345428, 1.5305380821228027, 0.7912188768386841, '00:25']
[50, 0.4494688808917999, 0.4251565635204315, 0.9890583753585815, 0.1751665323972702, 1.3539918661117554, 0.7729243636131287, '00:24']
[51, 0.44696348905563354, 0.43847373127937317, 0.989183783531189, 0.174872487783432, 1.3244913816452026, 0.793088972568512, '00:24']
[52, 0.44706377387046814, 0.434548556804657, 0.9888222217559814, 0.1772194653749466, 1.5020216703414917, 0.7786189913749695, '00:24']
[53, 0.44794076681137085, 0.4359859526157379, 0.9891948699951172, 0.17451266944408417, 1.2753816843032837, 0.7880659699440002, '00:25']
No improvement since epoch 45: early stopping
----------
4
----------
DLS create!
[0, 0.6246052980422974, 0.551345944404602, 0.9893090128898621, 0.20375679433345795, 1.2666805982589722, 0.9925092458724976, '00:25']
Better model found at epoch 0 with valid_loss value: 0.551345944404602.
[1, 0.5580846667289734, 0.5269885659217834, 0.9893617630004883, 0.18551893532276154, 1.2002525329589844, 0.9931259155273438, '00:27']
Better model found at epoch 1 with valid_loss value: 0.5269885659217834.
[2, 0.5314106345176697, 0.5047246217727661, 0.9891430735588074, 0.1785459965467453, 1.2467982769012451, 0.9593454599380493, '00:25']
Better model found at epoch 2 with valid_loss value: 0.5047246217727661.
[3, 0.518272876739502, 0.500603437423706, 0.9890395402908325, 0.1783326268196106, 1.3090945482254028, 0.9465233683586121, '00:24']
Better model found at epoch 3 with valid_loss value: 0.500603437423706.
[4, 0.5080665946006775, 0.5058659911155701, 0.9891699552536011, 0.17664657533168793, 1.3302208185195923, 0.950055718421936, '00:25']
[5, 0.5050453543663025, 0.501304030418396, 0.9889156222343445, 0.1801893711090088, 1.5158578157424927, 0.9288159608840942, '00:25']
[6, 0.49750837683677673, 0.4767385423183441, 0.9885137677192688, 0.17994949221611023, 1.5320115089416504, 0.8812863230705261, '00:27']
Better model found at epoch 6 with valid_loss value: 0.4767385423183441.
[7, 0.4894122779369354, 0.513924241065979, 0.9881876707077026, 0.19203080236911774, 1.74479079246521, 0.8920962810516357, '00:25']
[8, 0.4892527461051941, 0.47466742992401123, 0.9886104464530945, 0.17865458130836487, 1.5243289470672607, 0.8748874664306641, '00:25']
Better model found at epoch 8 with valid_loss value: 0.47466742992401123.
[9, 0.4861676096916199, 0.4761084020137787, 0.9888907074928284, 0.17456868290901184, 1.2273279428482056, 0.8824493885040283, '00:25']
[10, 0.4819695055484772, 0.48227089643478394, 0.9882580637931824, 0.18250177800655365, 1.650803565979004, 0.8636195063591003, '00:24']
[11, 0.48084986209869385, 0.46098560094833374, 0.9882516264915466, 0.1789701133966446, 1.5750104188919067, 0.8354905247688293, '00:25']
Better model found at epoch 11 with valid_loss value: 0.46098560094833374.
[12, 0.4798118770122528, 0.4769350290298462, 0.988136887550354, 0.18342456221580505, 1.6640338897705078, 0.8556738495826721, '00:25']
[13, 0.480370432138443, 0.46532750129699707, 0.9887391328811646, 0.17582552134990692, 1.3922148942947388, 0.8646571040153503, '00:24']
[14, 0.4807283878326416, 0.45443007349967957, 0.9882028102874756, 0.17844386398792267, 1.5238564014434814, 0.8329656720161438, '00:25']
Better model found at epoch 14 with valid_loss value: 0.45443007349967957.
[15, 0.47969603538513184, 0.46703779697418213, 0.9882520437240601, 0.17903299629688263, 1.5772947072982788, 0.8384699821472168, '00:25']
[16, 0.47480377554893494, 0.4629293382167816, 0.9883863925933838, 0.17781376838684082, 1.4974617958068848, 0.8439978957176208, '00:25']
[17, 0.4776803255081177, 0.469254732131958, 0.9883363246917725, 0.1796748787164688, 1.5783504247665405, 0.8534435629844666, '00:25']
[18, 0.469603955745697, 0.46472740173339844, 0.9888493418693542, 0.17417070269584656, 1.2267491817474365, 0.8505980968475342, '00:25']
[19, 0.4735339879989624, 0.4675000309944153, 0.9881234169006348, 0.18008723855018616, 1.6028231382369995, 0.8318896889686584, '00:25']
[20, 0.47180721163749695, 0.4634026288986206, 0.988036036491394, 0.18101206421852112, 1.6204802989959717, 0.8261500597000122, '00:24']
[21, 0.46570301055908203, 0.4451374113559723, 0.9884293675422668, 0.17597252130508423, 1.4171760082244873, 0.8124303221702576, '00:25']
Better model found at epoch 21 with valid_loss value: 0.4451374113559723.
[22, 0.4699668288230896, 0.4510040879249573, 0.9880841374397278, 0.17911246418952942, 1.5796434879302979, 0.8095007538795471, '00:25']
[23, 0.4654088020324707, 0.4489155411720276, 0.9880836606025696, 0.17905759811401367, 1.575956106185913, 0.8106600642204285, '00:25']
[24, 0.46388116478919983, 0.45710185170173645, 0.9881077408790588, 0.1802869290113449, 1.6087749004364014, 0.818440318107605, '00:24']
[25, 0.46054476499557495, 0.443808376789093, 0.9885658025741577, 0.1744917929172516, 1.2470500469207764, 0.8175773620605469, '00:25']
Better model found at epoch 25 with valid_loss value: 0.443808376789093.
[26, 0.45980462431907654, 0.48156285285949707, 0.9878351092338562, 0.18536977469921112, 1.7105907201766968, 0.8253910541534424, '00:25']
[27, 0.461492657661438, 0.4502311050891876, 0.9885863065719604, 0.1746950000524521, 1.2733603715896606, 0.8223544955253601, '00:25']
[28, 0.46845874190330505, 0.4397064745426178, 0.9881976842880249, 0.17708729207515717, 1.4801419973373413, 0.8005011081695557, '00:25']
Better model found at epoch 28 with valid_loss value: 0.4397064745426178.
[29, 0.4671265184879303, 0.4338870644569397, 0.9882800579071045, 0.17601405084133148, 1.406659483909607, 0.796488881111145, '00:25']
Better model found at epoch 29 with valid_loss value: 0.4338870644569397.
[30, 0.46635445952415466, 0.4381824731826782, 0.9880512356758118, 0.17799904942512512, 1.5356026887893677, 0.7901367545127869, '00:26']
[31, 0.46428003907203674, 0.4455908238887787, 0.9882130026817322, 0.17752495408058167, 1.5142349004745483, 0.7984737157821655, '00:25']
[32, 0.4667109549045563, 0.4427257478237152, 0.9885303378105164, 0.17495031654834747, 1.3013769388198853, 0.8176236748695374, '00:25']
[33, 0.45935046672821045, 0.4486807882785797, 0.9886624217033386, 0.17439715564250946, 1.2571698427200317, 0.8172810673713684, '00:25']
[34, 0.4500649571418762, 0.4588760435581207, 0.9879364967346191, 0.18012923002243042, 1.612617015838623, 0.8072516918182373, '00:24']
[35, 0.46138569712638855, 0.43330493569374084, 0.9883553981781006, 0.17525874078273773, 1.3317570686340332, 0.7959693670272827, '00:26']
Better model found at epoch 35 with valid_loss value: 0.43330493569374084.
[36, 0.46468761563301086, 0.44274988770484924, 0.9881910681724548, 0.1769234538078308, 1.4876394271850586, 0.8038666248321533, '00:25']
[37, 0.46083587408065796, 0.4406527876853943, 0.9882266521453857, 0.1768280416727066, 1.463675856590271, 0.8026036024093628, '00:25']
[38, 0.4680553376674652, 0.4364433288574219, 0.988065779209137, 0.17770454287528992, 1.5218032598495483, 0.791124701499939, '00:27']
[39, 0.4596398174762726, 0.4444873332977295, 0.9885219931602478, 0.1744053214788437, 1.2321535348892212, 0.8073036074638367, '00:25']
[40, 0.46434730291366577, 0.43159136176109314, 0.9883881211280823, 0.17499332129955292, 1.3298060894012451, 0.79317706823349, '00:25']
Better model found at epoch 40 with valid_loss value: 0.43159136176109314.
[41, 0.4521079957485199, 0.45715683698654175, 0.987887442111969, 0.17949499189853668, 1.581610918045044, 0.8022909760475159, '00:25']
[42, 0.4582347869873047, 0.4390341341495514, 0.9880650639533997, 0.17748479545116425, 1.5209808349609375, 0.7864028215408325, '00:25']
[43, 0.45513126254081726, 0.4323159456253052, 0.9883579611778259, 0.17517869174480438, 1.3391551971435547, 0.7930954694747925, '00:25']
[44, 0.45215341448783875, 0.4366030693054199, 0.9882480502128601, 0.17575661838054657, 1.3792375326156616, 0.7980257868766785, '00:27']
[45, 0.4598599672317505, 0.43285977840423584, 0.9881572723388672, 0.17676973342895508, 1.4662435054779053, 0.7936974167823792, '00:25']
[46, 0.4582737684249878, 0.43622663617134094, 0.988192617893219, 0.17615579068660736, 1.4074561595916748, 0.7948159575462341, '00:25']
[47, 0.4520536959171295, 0.43048223853111267, 0.9881032705307007, 0.17694512009620667, 1.4760541915893555, 0.7861593961715698, '00:25']
Better model found at epoch 47 with valid_loss value: 0.43048223853111267.
[48, 0.4518766701221466, 0.44150036573410034, 0.9882271885871887, 0.17609438300132751, 1.3981744050979614, 0.7987945079803467, '00:25']
[49, 0.4502650797367096, 0.4601607620716095, 0.9879133105278015, 0.1807360053062439, 1.596313714981079, 0.8156931400299072, '00:27']
[50, 0.45015576481819153, 0.43175679445266724, 0.9881964921951294, 0.17671075463294983, 1.4809255599975586, 0.7840772271156311, '00:26']
[51, 0.44517982006073, 0.4402296245098114, 0.9881265759468079, 0.17709627747535706, 1.453198790550232, 0.7952576875686646, '00:25']
[52, 0.45440757274627686, 0.46696197986602783, 0.9876840114593506, 0.18527917563915253, 1.7076528072357178, 0.7981112599372864, '00:25']
[53, 0.45394405722618103, 0.42985469102859497, 0.9882246255874634, 0.17580096423625946, 1.3948220014572144, 0.7898027896881104, '00:25']
Better model found at epoch 53 with valid_loss value: 0.42985469102859497.
[54, 0.4498734772205353, 0.4288330674171448, 0.9882603287696838, 0.17602096498012543, 1.4321917295455933, 0.785795271396637, '00:27']
Better model found at epoch 54 with valid_loss value: 0.4288330674171448.
[55, 0.45144084095954895, 0.42578089237213135, 0.9882287383079529, 0.1757287085056305, 1.4084630012512207, 0.781924307346344, '00:25']
Better model found at epoch 55 with valid_loss value: 0.42578089237213135.
[56, 0.4531649947166443, 0.4360531270503998, 0.9879595041275024, 0.17866729199886322, 1.5667845010757446, 0.7792409658432007, '00:24']
[57, 0.4485113024711609, 0.43745797872543335, 0.9879322052001953, 0.17857499420642853, 1.5474467277526855, 0.7820729613304138, '00:25']
[58, 0.43934816122055054, 0.44401243329048157, 0.9879254102706909, 0.17926685512065887, 1.5952115058898926, 0.7886309623718262, '00:25']
[59, 0.43850278854370117, 0.4335241913795471, 0.9882624745368958, 0.175716370344162, 1.3734791278839111, 0.7928740978240967, '00:27']
[60, 0.44552290439605713, 0.44196492433547974, 0.9878931641578674, 0.17916424572467804, 1.584891676902771, 0.7881208658218384, '00:25']
[61, 0.4488770365715027, 0.44060835242271423, 0.988397479057312, 0.1754447966814041, 1.3386627435684204, 0.8068954944610596, '00:24']
[62, 0.4390193521976471, 0.43335267901420593, 0.9880716800689697, 0.17711351811885834, 1.4868260622024536, 0.7873089909553528, '00:25']
[63, 0.4435533583164215, 0.42744556069374084, 0.9880790114402771, 0.17696236073970795, 1.4924931526184082, 0.7796018719673157, '00:25']
No improvement since epoch 55: early stopping
MAnet Done!
