Models will save to MAnet_res152_x
Use resnet152 encoder
Start training...
----------
0
----------
DLS create!
[0, 0.5715898871421814, 0.5319452881813049, 0.9830015897750854, 0.19013552367687225, 1.1774578094482422, 0.9967676997184753, '00:31']
Better model found at epoch 0 with valid_loss value: 0.5319452881813049.
[1, 0.5337496995925903, 0.5190480351448059, 0.9828612208366394, 0.18454350531101227, 1.261893391609192, 0.9775393605232239, '00:32']
Better model found at epoch 1 with valid_loss value: 0.5190480351448059.
[2, 0.5171650648117065, 0.5070962309837341, 0.9827142357826233, 0.18237146735191345, 1.513580083847046, 0.9511806964874268, '00:28']
Better model found at epoch 2 with valid_loss value: 0.5070962309837341.
[3, 0.5069130063056946, 0.5008153915405273, 0.9828860759735107, 0.17559108138084412, 1.2553398609161377, 0.9600918292999268, '00:30']
Better model found at epoch 3 with valid_loss value: 0.5008153915405273.
[4, 0.4993073642253876, 0.5024259686470032, 0.9828378558158875, 0.17617705464363098, 1.3858485221862793, 0.9478281140327454, '00:32']
[5, 0.49512946605682373, 0.49835291504859924, 0.9826099276542664, 0.18090614676475525, 1.6037263870239258, 0.9261706471443176, '00:31']
Better model found at epoch 5 with valid_loss value: 0.49835291504859924.
[6, 0.4926738440990448, 0.4903295934200287, 0.9827903509140015, 0.1754368096590042, 1.3629413843154907, 0.9290609359741211, '00:29']
Better model found at epoch 6 with valid_loss value: 0.4903295934200287.
[7, 0.49079057574272156, 0.4714455306529999, 0.9825319647789001, 0.17729490995407104, 1.5086277723312378, 0.8831613063812256, '00:29']
Better model found at epoch 7 with valid_loss value: 0.4714455306529999.
[8, 0.4851911664009094, 0.4869668781757355, 0.982820451259613, 0.17452818155288696, 1.2801475524902344, 0.9169168472290039, '00:30']
[9, 0.48297515511512756, 0.490217924118042, 0.982670783996582, 0.1767968386411667, 1.4891016483306885, 0.9217648506164551, '00:27']
[10, 0.4816530644893646, 0.48056355118751526, 0.9826163649559021, 0.1763860285282135, 1.4715713262557983, 0.9039629101753235, '00:30']
[11, 0.48094484210014343, 0.49534860253334045, 0.9827942252159119, 0.1747647374868393, 1.3128676414489746, 0.933590829372406, '00:29']
[12, 0.4805450141429901, 0.4898045063018799, 0.982872486114502, 0.1741611808538437, 1.2267905473709106, 0.9179474115371704, '00:32']
[13, 0.48242509365081787, 0.47095632553100586, 0.9824897050857544, 0.1766795814037323, 1.485323190689087, 0.8779457211494446, '00:31']
Better model found at epoch 13 with valid_loss value: 0.47095632553100586.
[14, 0.4783841669559479, 0.47697868943214417, 0.9825102090835571, 0.17784565687179565, 1.5442787408828735, 0.8904421925544739, '00:28']
[15, 0.48381105065345764, 0.4998452961444855, 0.9824278354644775, 0.18345363438129425, 1.6914666891098022, 0.9080829620361328, '00:29']
[16, 0.4794069230556488, 0.47735273838043213, 0.9825222492218018, 0.1774032711982727, 1.547118902206421, 0.8896977305412292, '00:29']
[17, 0.47140052914619446, 0.5059373378753662, 0.9828879833221436, 0.1737268716096878, 1.098643183708191, 0.9426844120025635, '00:32']
[18, 0.47585394978523254, 0.45518672466278076, 0.9825674295425415, 0.17502851784229279, 1.369700312614441, 0.8517026901245117, '00:27']
Better model found at epoch 18 with valid_loss value: 0.45518672466278076.
[19, 0.47579890489578247, 0.486637145280838, 0.9828225374221802, 0.17447717487812042, 1.2811263799667358, 0.916016161441803, '00:29']
[20, 0.46828576922416687, 0.49361541867256165, 0.9822015762329102, 0.1829337328672409, 1.7230607271194458, 0.8689770102500916, '00:31']
[21, 0.47025689482688904, 0.5062512159347534, 0.9822760820388794, 0.18500949442386627, 1.7560755014419556, 0.8866006135940552, '00:32']
[22, 0.47167468070983887, 0.4546307623386383, 0.9822619557380676, 0.1776198148727417, 1.5448166131973267, 0.8389846682548523, '00:28']
Better model found at epoch 22 with valid_loss value: 0.4546307623386383.
[23, 0.4752049446105957, 0.46387138962745667, 0.9826193451881409, 0.17473262548446655, 1.302966833114624, 0.8689679503440857, '00:30']
[24, 0.4679093658924103, 0.45549413561820984, 0.9824742674827576, 0.1765793263912201, 1.5010242462158203, 0.8424164652824402, '00:28']
[25, 0.4716625511646271, 0.454072505235672, 0.9825968146324158, 0.17447848618030548, 1.2944575548171997, 0.8499178290367126, '00:29']
Better model found at epoch 25 with valid_loss value: 0.454072505235672.
[26, 0.47128134965896606, 0.46740925312042236, 0.9826593399047852, 0.17430363595485687, 1.2503021955490112, 0.8741673231124878, '00:27']
[27, 0.47305619716644287, 0.44554403424263, 0.9824561476707458, 0.17510488629341125, 1.3396846055984497, 0.8361189365386963, '00:28']
Better model found at epoch 27 with valid_loss value: 0.44554403424263.
[28, 0.46660807728767395, 0.4509819447994232, 0.9824845790863037, 0.17478758096694946, 1.3216711282730103, 0.8422665596008301, '00:29']
[29, 0.4531995356082916, 0.4480975866317749, 0.982442319393158, 0.17528261244297028, 1.3855066299438477, 0.8363606333732605, '00:29']
[30, 0.46199116110801697, 0.4521922469139099, 0.9823697209358215, 0.17655855417251587, 1.4978280067443848, 0.8421023488044739, '00:28']
[31, 0.46507975459098816, 0.4524992108345032, 0.9824988842010498, 0.1750539094209671, 1.3521373271942139, 0.8497950434684753, '00:28']
[32, 0.46011072397232056, 0.46151965856552124, 0.9823110699653625, 0.1783822476863861, 1.6083465814590454, 0.8421856164932251, '00:29']
[33, 0.4678809344768524, 0.47136130928993225, 0.982601523399353, 0.1765134632587433, 1.4818878173828125, 0.8816577792167664, '00:27']
[34, 0.4628128707408905, 0.44348257780075073, 0.982571005821228, 0.17426759004592896, 1.2555347681045532, 0.8276844620704651, '00:28']
Better model found at epoch 34 with valid_loss value: 0.44348257780075073.
[35, 0.4561236798763275, 0.4488071799278259, 0.982256293296814, 0.17771263420581818, 1.5591069459915161, 0.8271939158439636, '00:29']
[36, 0.4490315616130829, 0.4508189558982849, 0.9826014041900635, 0.17417529225349426, 1.234089970588684, 0.8390697240829468, '00:29']
[37, 0.46475544571876526, 0.4434308111667633, 0.9825875759124756, 0.17422690987586975, 1.2279213666915894, 0.826256275177002, '00:28']
Better model found at epoch 37 with valid_loss value: 0.4434308111667633.
[38, 0.46496227383613586, 0.45036885142326355, 0.9821598529815674, 0.1786767691373825, 1.6171302795410156, 0.8157609105110168, '00:28']
[39, 0.45241209864616394, 0.43887534737586975, 0.9824708104133606, 0.17441265285015106, 1.231191873550415, 0.8105501532554626, '00:29']
Better model found at epoch 39 with valid_loss value: 0.43887534737586975.
[40, 0.4553508460521698, 0.4722622334957123, 0.982141375541687, 0.18091799318790436, 1.68329918384552, 0.8413974642753601, '00:28']
[41, 0.45163199305534363, 0.5083342790603638, 0.9821141362190247, 0.18807941675186157, 1.784833312034607, 0.8683651089668274, '00:28']
[42, 0.4460892975330353, 0.4472018778324127, 0.9824681282043457, 0.1747632473707199, 1.296186089515686, 0.8289567828178406, '00:28']
[43, 0.4515697658061981, 0.44077643752098083, 0.9824815392494202, 0.1748589277267456, 1.3349974155426025, 0.8199256062507629, '00:30']
[44, 0.45051777362823486, 0.4517805874347687, 0.9823346138000488, 0.17673666775226593, 1.4670590162277222, 0.8263307809829712, '00:28']
[45, 0.45394355058670044, 0.4345836043357849, 0.9824475646018982, 0.17457306385040283, 1.2780818939208984, 0.8052339553833008, '00:28']
Better model found at epoch 45 with valid_loss value: 0.4345836043357849.
[46, 0.45198526978492737, 0.4721454679965973, 0.9827868938446045, 0.17357352375984192, 1.0895074605941772, 0.8545984029769897, '00:29']
[47, 0.4500768184661865, 0.4429622292518616, 0.9823400378227234, 0.17655208706855774, 1.5065428018569946, 0.8070514798164368, '00:29']
[48, 0.4496833384037018, 0.4375512897968292, 0.9824748635292053, 0.1746402382850647, 1.3285654783248901, 0.8139619827270508, '00:27']
[49, 0.446027010679245, 0.45642200112342834, 0.9822612404823303, 0.17778721451759338, 1.5790847539901733, 0.8274442553520203, '00:28']
[50, 0.45457738637924194, 0.5150609016418457, 0.9821499586105347, 0.1895349770784378, 1.7954646348953247, 0.8838586211204529, '00:29']
[51, 0.4538876712322235, 0.45094501972198486, 0.9825835227966309, 0.17416444420814514, 1.2117254734039307, 0.8350034356117249, '00:29']
[52, 0.44278427958488464, 0.4387345314025879, 0.9824648499488831, 0.1744198352098465, 1.2563550472259521, 0.8093574047088623, '00:28']
[53, 0.4598263204097748, 0.44414907693862915, 0.9822075963020325, 0.17769365012645721, 1.5772606134414673, 0.8056495785713196, '00:28']
No improvement since epoch 45: early stopping
----------
1
----------
DLS create!
[0, 0.6218765377998352, 0.550634503364563, 0.9809266924858093, 0.20357534289360046, 1.2331688404083252, 0.9929378032684326, '00:29']
Better model found at epoch 0 with valid_loss value: 0.550634503364563.
[1, 0.5551633834838867, 0.5289329290390015, 0.9809660911560059, 0.18320171535015106, 1.1802616119384766, 0.9920485019683838, '00:29']
Better model found at epoch 1 with valid_loss value: 0.5289329290390015.
[2, 0.5301416516304016, 0.5838773846626282, 0.9808856248855591, 0.17972151935100555, 1.340564489364624, 0.9789736866950989, '00:29']
[3, 0.5178562998771667, 0.5050307512283325, 0.9802844524383545, 0.1880774348974228, 1.4391933679580688, 0.9304212927818298, '00:28']
Better model found at epoch 3 with valid_loss value: 0.5050307512283325.
[4, 0.5077325105667114, 0.4777863323688507, 0.9801788926124573, 0.18099477887153625, 1.4423331022262573, 0.898099422454834, '00:29']
Better model found at epoch 4 with valid_loss value: 0.4777863323688507.
[5, 0.5009166598320007, 0.5018893480300903, 0.9807601571083069, 0.1761985868215561, 1.2987051010131836, 0.9447348713874817, '00:30']
[6, 0.4937836229801178, 0.4893908202648163, 0.9806833863258362, 0.175187349319458, 1.2494319677352905, 0.9224778413772583, '00:29']
[7, 0.4872809946537018, 0.4978107511997223, 0.980678141117096, 0.17660115659236908, 1.373839020729065, 0.9303398132324219, '00:29']
[8, 0.4920928180217743, 0.469040185213089, 0.9802517294883728, 0.17829492688179016, 1.439016580581665, 0.8824667930603027, '00:29']
Better model found at epoch 8 with valid_loss value: 0.469040185213089.
[9, 0.49275535345077515, 0.4658302962779999, 0.9803491830825806, 0.17632360756397247, 1.3602005243301392, 0.8769236207008362, '00:30']
Better model found at epoch 9 with valid_loss value: 0.4658302962779999.
[10, 0.48909199237823486, 0.47403812408447266, 0.9804285168647766, 0.17590324580669403, 1.3052912950515747, 0.8888938426971436, '00:28']
[11, 0.48341044783592224, 0.48182761669158936, 0.9805435538291931, 0.1759142279624939, 1.3436745405197144, 0.9021804332733154, '00:29']
[12, 0.481501042842865, 0.47236886620521545, 0.9798916578292847, 0.18128551542758942, 1.5554462671279907, 0.858078122138977, '00:31']
[13, 0.48480191826820374, 0.4661792516708374, 0.9803016185760498, 0.17650026082992554, 1.3799188137054443, 0.8717314004898071, '00:28']
[14, 0.4824371337890625, 0.4728218615055084, 0.980526864528656, 0.17477518320083618, 1.2354592084884644, 0.8841114640235901, '00:30']
[15, 0.46905866265296936, 0.4637415409088135, 0.9803141355514526, 0.17512843012809753, 1.279113531112671, 0.8569187521934509, '00:30']
Better model found at epoch 15 with valid_loss value: 0.4637415409088135.
[16, 0.47061941027641296, 0.4566906988620758, 0.9801320433616638, 0.17695282399654388, 1.4097065925598145, 0.8482092618942261, '00:28']
Better model found at epoch 16 with valid_loss value: 0.4566906988620758.
[17, 0.46834465861320496, 0.4659741520881653, 0.9804020524024963, 0.17513449490070343, 1.2797316312789917, 0.8651434779167175, '00:28']
[18, 0.48154518008232117, 0.47681915760040283, 0.9804596900939941, 0.1759176403284073, 1.3644424676895142, 0.8876270651817322, '00:31']
[19, 0.47457605600357056, 0.46606242656707764, 0.9803611636161804, 0.1756751537322998, 1.3282166719436646, 0.8693533539772034, '00:28']
[20, 0.48069941997528076, 0.46942847967147827, 0.9804682731628418, 0.17477761209011078, 1.251668095588684, 0.8709186911582947, '00:28']
[21, 0.47457072138786316, 0.46989843249320984, 0.9803439378738403, 0.1758691817522049, 1.3509314060211182, 0.8737785816192627, '00:29']
[22, 0.466363787651062, 0.46249109506607056, 0.9803981781005859, 0.17433397471904755, 1.1926571130752563, 0.8490167260169983, '00:29']
[23, 0.4652528166770935, 0.48006170988082886, 0.9803820252418518, 0.1769048273563385, 1.4337857961654663, 0.8797481060028076, '00:28']
[24, 0.465827077627182, 0.45505291223526, 0.9799071550369263, 0.17826399207115173, 1.488034963607788, 0.8328330516815186, '00:28']
Better model found at epoch 24 with valid_loss value: 0.45505291223526.
[25, 0.46108970046043396, 0.4711054861545563, 0.9798703789710999, 0.1794651299715042, 1.5092228651046753, 0.838302493095398, '00:29']
[26, 0.47222408652305603, 0.47497642040252686, 0.9800360202789307, 0.18005074560642242, 1.5542364120483398, 0.8651975989341736, '00:28']
[27, 0.4700954556465149, 0.47357961535453796, 0.9803956151008606, 0.17582151293754578, 1.344454050064087, 0.8756923675537109, '00:28']
[28, 0.46621862053871155, 0.4633204936981201, 0.9802326560020447, 0.17534251511096954, 1.296335220336914, 0.8452825546264648, '00:29']
[29, 0.46607446670532227, 0.4618006944656372, 0.980349063873291, 0.17468057572841644, 1.220646619796753, 0.8521941304206848, '00:30']
[30, 0.46765056252479553, 0.4637936055660248, 0.9800866842269897, 0.17784738540649414, 1.4728269577026367, 0.8485097289085388, '00:28']
[31, 0.46656593680381775, 0.4514065682888031, 0.9802225232124329, 0.17476899921894073, 1.237999677658081, 0.8291352987289429, '00:29']
Better model found at epoch 31 with valid_loss value: 0.4514065682888031.
[32, 0.455228328704834, 0.4542973041534424, 0.9797799587249756, 0.17875634133815765, 1.5155633687973022, 0.8200557827949524, '00:29']
[33, 0.46573564410209656, 0.462070494890213, 0.980155885219574, 0.1766015589237213, 1.377777338027954, 0.8495914340019226, '00:28']
[34, 0.46241435408592224, 0.4599621295928955, 0.9799462556838989, 0.17808851599693298, 1.4774378538131714, 0.839396059513092, '00:29']
[35, 0.4676043689250946, 0.45261406898498535, 0.9800549745559692, 0.17692941427230835, 1.4152761697769165, 0.8378459215164185, '00:29']
[36, 0.46271947026252747, 0.4717260003089905, 0.9802160859107971, 0.17760410904884338, 1.4464430809020996, 0.8662341237068176, '00:29']
[37, 0.4531283974647522, 0.4498681426048279, 0.9796256422996521, 0.18000362813472748, 1.529097557067871, 0.8117859363555908, '00:28']
Better model found at epoch 37 with valid_loss value: 0.4498681426048279.
[38, 0.4481218755245209, 0.4756789207458496, 0.9801300168037415, 0.17801588773727417, 1.4468402862548828, 0.853334367275238, '00:29']
[39, 0.4597304165363312, 0.450924813747406, 0.9800149202346802, 0.17647160589694977, 1.3764654397964478, 0.8240228891372681, '00:29']
[40, 0.4577777683734894, 0.4514174461364746, 0.9800336956977844, 0.17667269706726074, 1.390095829963684, 0.8221300840377808, '00:28']
[41, 0.46347370743751526, 0.44666388630867004, 0.9800922870635986, 0.1759607195854187, 1.3479734659194946, 0.8292330503463745, '00:29']
Better model found at epoch 41 with valid_loss value: 0.44666388630867004.
[42, 0.45923158526420593, 0.4568817913532257, 0.9802265167236328, 0.17522627115249634, 1.2762306928634644, 0.8329038023948669, '00:30']
[43, 0.45831936597824097, 0.4505428671836853, 0.9801838994026184, 0.17514744400978088, 1.285894751548767, 0.8307642936706543, '00:29']
[44, 0.45716944336891174, 0.45321646332740784, 0.9800279140472412, 0.176761656999588, 1.4129917621612549, 0.8272395133972168, '00:28']
[45, 0.4645688533782959, 0.45258837938308716, 0.9802286624908447, 0.17499065399169922, 1.2610394954681396, 0.8318602442741394, '00:29']
[46, 0.4582529664039612, 0.44841405749320984, 0.9798998236656189, 0.17761939764022827, 1.453528881072998, 0.815151572227478, '00:29']
[47, 0.4546205997467041, 0.48133111000061035, 0.980644166469574, 0.17451974749565125, 1.2033171653747559, 0.8832268118858337, '00:28']
[48, 0.4456310272216797, 0.4687506854534149, 0.9796801209449768, 0.18045952916145325, 1.5326693058013916, 0.8169031739234924, '00:29']
[49, 0.4303039014339447, 0.4517485797405243, 0.9802260994911194, 0.17453224956989288, 1.2083543539047241, 0.8102626800537109, '00:30']
No improvement since epoch 41: early stopping
----------
2
----------
DLS create!
[0, 0.5944499969482422, 0.5420379638671875, 0.9837771058082581, 0.19694344699382782, 1.2432667016983032, 0.9987446665763855, '00:28']
Better model found at epoch 0 with valid_loss value: 0.5420379638671875.
[1, 0.5435839891433716, 0.5093367695808411, 0.9834891557693481, 0.18458539247512817, 1.3581268787384033, 0.9599353671073914, '00:29']
Better model found at epoch 1 with valid_loss value: 0.5093367695808411.
[2, 0.5243141055107117, 0.5126808881759644, 0.9832372069358826, 0.19023393094539642, 1.5096467733383179, 0.9348325729370117, '00:29']
[3, 0.5108351707458496, 0.4885443150997162, 0.9831205606460571, 0.18346987664699554, 1.6259428262710571, 0.8999862670898438, '00:28']
Better model found at epoch 3 with valid_loss value: 0.4885443150997162.
[4, 0.506564199924469, 0.4852486848831177, 0.9835854768753052, 0.17462952435016632, 1.1945451498031616, 0.9314689040184021, '00:28']
Better model found at epoch 4 with valid_loss value: 0.4852486848831177.
[5, 0.4981936812400818, 0.4673197567462921, 0.9833287000656128, 0.17640887200832367, 1.4385278224945068, 0.8811737298965454, '00:30']
Better model found at epoch 5 with valid_loss value: 0.4673197567462921.
[6, 0.49629974365234375, 0.49470239877700806, 0.9830115437507629, 0.1870650202035904, 1.6604286432266235, 0.8962162137031555, '00:28']
[7, 0.4911077916622162, 0.4653623104095459, 0.9833152890205383, 0.1764685958623886, 1.427834391593933, 0.8877177834510803, '00:30']
Better model found at epoch 7 with valid_loss value: 0.4653623104095459.
[8, 0.49362942576408386, 0.4840022921562195, 0.9835646152496338, 0.1743316352367401, 1.2212599515914917, 0.9226174354553223, '00:32']
[9, 0.49111953377723694, 0.4707939326763153, 0.9832907319068909, 0.1772359311580658, 1.5057218074798584, 0.8868106007575989, '00:28']
[10, 0.49115699529647827, 0.4604552090167999, 0.9833377003669739, 0.17542290687561035, 1.3845131397247314, 0.8739749789237976, '00:29']
Better model found at epoch 10 with valid_loss value: 0.4604552090167999.
[11, 0.4868910014629364, 0.45210766792297363, 0.9830971360206604, 0.17759263515472412, 1.544414758682251, 0.8434979915618896, '00:30']
Better model found at epoch 11 with valid_loss value: 0.45210766792297363.
[12, 0.4931033253669739, 0.45578131079673767, 0.9833900332450867, 0.1743859350681305, 1.2548933029174805, 0.8653327226638794, '00:29']
[13, 0.4844771921634674, 0.441872775554657, 0.983177125453949, 0.1756453663110733, 1.4200934171676636, 0.8333386778831482, '00:31']
Better model found at epoch 13 with valid_loss value: 0.441872775554657.
[14, 0.4835313558578491, 0.4427376091480255, 0.9831950068473816, 0.1754227578639984, 1.3927875757217407, 0.8418831825256348, '00:28']
[15, 0.48465126752853394, 0.4496416449546814, 0.9830610156059265, 0.17803408205509186, 1.5338356494903564, 0.841044008731842, '00:29']
[16, 0.4875388443470001, 0.4638354182243347, 0.9830564856529236, 0.17945381999015808, 1.5932393074035645, 0.8602764010429382, '00:30']
[17, 0.4891660511493683, 0.4516946077346802, 0.9832637310028076, 0.175486221909523, 1.3710256814956665, 0.8591439723968506, '00:28']
[18, 0.48726359009742737, 0.44530898332595825, 0.9828662872314453, 0.1791752427816391, 1.5748229026794434, 0.8175224661827087, '00:29']
[19, 0.47831857204437256, 0.46670636534690857, 0.9835010766983032, 0.17384158074855804, 1.135651707649231, 0.8794639706611633, '00:28']
[20, 0.47790414094924927, 0.45488154888153076, 0.9833186268806458, 0.1749573051929474, 1.3530341386795044, 0.8564562201499939, '00:29']
[21, 0.4788163900375366, 0.45258814096450806, 0.982967734336853, 0.17858581244945526, 1.593731164932251, 0.8400358557701111, '00:29']
No improvement since epoch 13: early stopping
----------
3
----------
DLS create!
[0, 0.6088329553604126, 0.5397947430610657, 0.9906660318374634, 0.19475597143173218, 1.2133079767227173, 0.9974278807640076, '00:27']
Better model found at epoch 0 with valid_loss value: 0.5397947430610657.
[1, 0.5485218167304993, 0.5193530321121216, 0.9906244277954102, 0.1812141090631485, 1.146371603012085, 0.9900311231613159, '00:28']
Better model found at epoch 1 with valid_loss value: 0.5193530321121216.
[2, 0.524664044380188, 0.5131906867027283, 0.9906015992164612, 0.17591522634029388, 1.1215609312057495, 0.9801388382911682, '00:29']
Better model found at epoch 2 with valid_loss value: 0.5131906867027283.
[3, 0.5146372318267822, 0.5068984031677246, 0.9905390739440918, 0.17637865245342255, 1.1967747211456299, 0.9675077795982361, '00:28']
Better model found at epoch 3 with valid_loss value: 0.5068984031677246.
[4, 0.505219042301178, 0.4908269941806793, 0.9902060627937317, 0.17935194075107574, 1.3962960243225098, 0.9255647659301758, '00:27']
Better model found at epoch 4 with valid_loss value: 0.4908269941806793.
[5, 0.5009346008300781, 0.4840347170829773, 0.990244448184967, 0.17756567895412445, 1.3986434936523438, 0.915583074092865, '00:27']
Better model found at epoch 5 with valid_loss value: 0.4840347170829773.
[6, 0.49577879905700684, 0.5064885020256042, 0.9899455904960632, 0.18642768263816833, 1.6513023376464844, 0.905143678188324, '00:27']
[7, 0.49225860834121704, 0.48978564143180847, 0.9903513193130493, 0.17452292144298553, 1.211416482925415, 0.9107487201690674, '00:27']
[8, 0.4903987944126129, 0.482871949672699, 0.9903383255004883, 0.17538049817085266, 1.3265719413757324, 0.9021872878074646, '00:27']
Better model found at epoch 8 with valid_loss value: 0.482871949672699.
[9, 0.4892454743385315, 0.48564285039901733, 0.9903351664543152, 0.17473077774047852, 1.2702326774597168, 0.9030888080596924, '00:27']
[10, 0.4850176274776459, 0.473050057888031, 0.9901500344276428, 0.17677438259124756, 1.4513088464736938, 0.8787078261375427, '00:28']
Better model found at epoch 10 with valid_loss value: 0.473050057888031.
[11, 0.4914020001888275, 0.47933414578437805, 0.9903244376182556, 0.17497552931308746, 1.3067163228988647, 0.8980186581611633, '00:28']
[12, 0.47989559173583984, 0.49068155884742737, 0.9903958439826965, 0.17392191290855408, 1.134121298789978, 0.9082978963851929, '00:28']
[13, 0.48267436027526855, 0.46739357709884644, 0.9900656342506409, 0.176548033952713, 1.4420961141586304, 0.8720709681510925, '00:28']
Better model found at epoch 13 with valid_loss value: 0.46739357709884644.
[14, 0.4850585460662842, 0.4727192521095276, 0.9898930191993713, 0.17961882054805756, 1.5843586921691895, 0.8608490228652954, '00:28']
[15, 0.48110032081604004, 0.48135706782341003, 0.9901175498962402, 0.17743507027626038, 1.5115619897842407, 0.8845360279083252, '00:28']
[16, 0.4781036376953125, 0.5264808535575867, 0.989736020565033, 0.1912766695022583, 1.7815883159637451, 0.886415421962738, '00:28']
[17, 0.4727001190185547, 0.47301238775253296, 0.990147054195404, 0.17591191828250885, 1.3989499807357788, 0.8769684433937073, '00:28']
[18, 0.47683027386665344, 0.46085649728775024, 0.9902326464653015, 0.17452611029148102, 1.2603650093078613, 0.8566382527351379, '00:28']
Better model found at epoch 18 with valid_loss value: 0.46085649728775024.
[19, 0.481382817029953, 0.4625340402126312, 0.9900302886962891, 0.17647847533226013, 1.4419708251953125, 0.8598827123641968, '00:28']
[20, 0.48047128319740295, 0.5133618712425232, 0.9897761344909668, 0.18929995596408844, 1.7406374216079712, 0.8862660527229309, '00:28']
[21, 0.4763009250164032, 0.4560633897781372, 0.99000084400177, 0.176369771361351, 1.4253069162368774, 0.8461564779281616, '00:28']
Better model found at epoch 21 with valid_loss value: 0.4560633897781372.
[22, 0.48113223910331726, 0.4651454985141754, 0.9898536801338196, 0.1791427582502365, 1.5712531805038452, 0.8482056856155396, '00:27']
[23, 0.4778232276439667, 0.4925176501274109, 0.9903801083564758, 0.17426763474941254, 1.1957471370697021, 0.9127299785614014, '00:28']
[24, 0.4739009737968445, 0.4587855637073517, 0.9901174306869507, 0.1752518266439438, 1.3505877256393433, 0.8466616272926331, '00:28']
[25, 0.47396180033683777, 0.49813374876976013, 0.9898366332054138, 0.1845770627260208, 1.6876693964004517, 0.8769001364707947, '00:28']
[26, 0.4727455675601959, 0.4522489309310913, 0.9901239275932312, 0.17471732199192047, 1.2899224758148193, 0.8361281156539917, '00:27']
Better model found at epoch 26 with valid_loss value: 0.4522489309310913.
[27, 0.4735931158065796, 0.4781166613101959, 0.9903380870819092, 0.17464983463287354, 1.2723538875579834, 0.8893544673919678, '00:28']
[28, 0.467012494802475, 0.4537751376628876, 0.9901121854782104, 0.17438127100467682, 1.235733151435852, 0.8322018980979919, '00:28']
[29, 0.47161200642585754, 0.45477092266082764, 0.9898101687431335, 0.17758719623088837, 1.5058647394180298, 0.8291303515434265, '00:28']
[30, 0.45485156774520874, 0.45279955863952637, 0.9898916482925415, 0.1774802953004837, 1.5154767036437988, 0.8211253881454468, '00:28']
[31, 0.4559763967990875, 0.46240565180778503, 0.9899550676345825, 0.17652669548988342, 1.4333263635635376, 0.8316980600357056, '00:28']
[32, 0.4601055979728699, 0.4467611610889435, 0.9899546504020691, 0.17545968294143677, 1.3723944425582886, 0.815494954586029, '00:28']
Better model found at epoch 32 with valid_loss value: 0.4467611610889435.
[33, 0.46871262788772583, 0.44749385118484497, 0.9899411797523499, 0.1759965419769287, 1.4106676578521729, 0.8241356015205383, '00:28']
[34, 0.4536188542842865, 0.46536576747894287, 0.9899242520332336, 0.17702707648277283, 1.474892497062683, 0.8454915285110474, '00:28']
[35, 0.46256008744239807, 0.4540046155452728, 0.9898195862770081, 0.1776631623506546, 1.513171911239624, 0.8241865634918213, '00:27']
[36, 0.4661424458026886, 0.4428531229496002, 0.9900366067886353, 0.17486466467380524, 1.3046468496322632, 0.819056510925293, '00:27']
Better model found at epoch 36 with valid_loss value: 0.4428531229496002.
[37, 0.4565753936767578, 0.449119508266449, 0.989869236946106, 0.17723040282726288, 1.4915063381195068, 0.8150409460067749, '00:27']
[38, 0.4668835401535034, 0.47509998083114624, 0.9903759360313416, 0.17404738068580627, 1.1906214952468872, 0.8737488985061646, '00:27']
[39, 0.4640032947063446, 0.4647181034088135, 0.9903210997581482, 0.17419762909412384, 1.226747751235962, 0.8529479503631592, '00:28']
[40, 0.46694329380989075, 0.44823339581489563, 0.9900456666946411, 0.17512273788452148, 1.3475161790847778, 0.8255223631858826, '00:27']
[41, 0.46322256326675415, 0.44370102882385254, 0.9898552298545837, 0.1766638606786728, 1.4571640491485596, 0.8075907230377197, '00:27']
[42, 0.4538114070892334, 0.45480024814605713, 0.9897416234016418, 0.1784704625606537, 1.563843011856079, 0.8142752647399902, '00:27']
[43, 0.4568262994289398, 0.44588348269462585, 0.9901365637779236, 0.17463265359401703, 1.2691974639892578, 0.8233830332756042, '00:27']
[44, 0.464849591255188, 0.45241498947143555, 0.9897194504737854, 0.1787417232990265, 1.5509251356124878, 0.8190324902534485, '00:27']
No improvement since epoch 36: early stopping
----------
4
----------
DLS create!
[0, 0.6166825890541077, 0.5548124313354492, 0.991437554359436, 0.2051447480916977, 1.2573342323303223, 0.9979897737503052, '00:27']
Better model found at epoch 0 with valid_loss value: 0.5548124313354492.
[1, 0.5557116866111755, 0.5221964120864868, 0.9914389252662659, 0.18237432837486267, 1.1336143016815186, 0.9959219098091125, '00:27']
Better model found at epoch 1 with valid_loss value: 0.5221964120864868.
[2, 0.5319299697875977, 0.5160965323448181, 0.9914298057556152, 0.17791199684143066, 1.0783206224441528, 0.9928143620491028, '00:27']
Better model found at epoch 2 with valid_loss value: 0.5160965323448181.
[3, 0.5188859105110168, 0.5028623342514038, 0.9911771416664124, 0.17884120345115662, 1.364886999130249, 0.9532734751701355, '00:27']
Better model found at epoch 3 with valid_loss value: 0.5028623342514038.
[4, 0.5101064443588257, 0.5131160616874695, 0.9912230968475342, 0.18171745538711548, 1.4155691862106323, 0.9639776945114136, '00:26']
[5, 0.5042621493339539, 0.492550790309906, 0.9911055564880371, 0.17769157886505127, 1.3950300216674805, 0.9349662065505981, '00:27']
Better model found at epoch 5 with valid_loss value: 0.492550790309906.
[6, 0.4982287585735321, 0.4984973967075348, 0.9912316203117371, 0.17447546124458313, 1.2417304515838623, 0.9250047206878662, '00:27']
[7, 0.4935820996761322, 0.4823378026485443, 0.9910082221031189, 0.17700056731700897, 1.4557865858078003, 0.9103018045425415, '00:27']
Better model found at epoch 7 with valid_loss value: 0.4823378026485443.
[8, 0.49074065685272217, 0.48437395691871643, 0.9908767938613892, 0.17944103479385376, 1.5133355855941772, 0.9070242047309875, '00:28']
[9, 0.49325448274612427, 0.48321598768234253, 0.9910979270935059, 0.1757582724094391, 1.3389719724655151, 0.9185364842414856, '00:28']
[10, 0.49137669801712036, 0.48567813634872437, 0.9911127090454102, 0.1760987639427185, 1.3930286169052124, 0.9191881418228149, '00:27']
[11, 0.49398744106292725, 0.5081993341445923, 0.9907057285308838, 0.1883624941110611, 1.6661243438720703, 0.9189086556434631, '00:27']
[12, 0.49154379963874817, 0.48965558409690857, 0.9911296367645264, 0.17595773935317993, 1.397606611251831, 0.9209103584289551, '00:27']
[13, 0.4924175441265106, 0.482969731092453, 0.9909446239471436, 0.17839191854000092, 1.5083255767822266, 0.9075623750686646, '00:27']
[14, 0.4877490997314453, 0.5071367621421814, 0.9913270473480225, 0.17420794069766998, 1.1988974809646606, 0.9475721120834351, '00:27']
[15, 0.491669237613678, 0.5046246647834778, 0.991274893283844, 0.17547237873077393, 1.3278160095214844, 0.9533069133758545, '00:27']
No improvement since epoch 7: early stopping
MAnet Done!
