Models will save to MAnet_incv4_x
Use inceptionv4 encoder
Start training...
----------
0
----------
DLS create!
[0, 0.5732396841049194, 0.5289024114608765, 0.9904026389122009, 0.18779200315475464, 1.1381665468215942, 0.9941977858543396, '00:27']
Better model found at epoch 0 with valid_loss value: 0.5289024114608765.
[1, 0.5336611270904541, 0.5117919445037842, 0.9902880787849426, 0.18022838234901428, 1.1565041542053223, 0.975641131401062, '00:26']
Better model found at epoch 1 with valid_loss value: 0.5117919445037842.
[2, 0.514808714389801, 0.5088876485824585, 0.9899752736091614, 0.18569111824035645, 1.4265321493148804, 0.941315233707428, '00:25']
Better model found at epoch 2 with valid_loss value: 0.5088876485824585.
[3, 0.5071377754211426, 0.5107825398445129, 0.9901909232139587, 0.1807379573583603, 1.4589593410491943, 0.9528777599334717, '00:25']
[4, 0.4994133412837982, 0.5074462294578552, 0.9903165698051453, 0.1747601181268692, 1.186853289604187, 0.9561057090759277, '00:26']
Better model found at epoch 4 with valid_loss value: 0.5074462294578552.
[5, 0.49517661333084106, 0.5600745677947998, 0.9898495674133301, 0.20313432812690735, 1.783211350440979, 0.9463683366775513, '00:26']
[6, 0.4945399761199951, 0.5888076424598694, 0.98979651927948, 0.20576314628124237, 1.851783037185669, 0.9371259212493896, '00:28']
[7, 0.4958643317222595, 0.46409767866134644, 0.9896727800369263, 0.17799711227416992, 1.4985575675964355, 0.8566250205039978, '00:26']
Better model found at epoch 7 with valid_loss value: 0.46409767866134644.
[8, 0.4981662333011627, 0.4935935139656067, 0.9894695281982422, 0.18645313382148743, 1.668756127357483, 0.8769267201423645, '00:25']
[9, 0.49181967973709106, 0.47691744565963745, 0.9895604252815247, 0.1807158887386322, 1.5723506212234497, 0.8651484847068787, '00:26']
[10, 0.49093490839004517, 0.4934939444065094, 0.9901620745658875, 0.1754218190908432, 1.3291901350021362, 0.9159375429153442, '00:26']
[11, 0.4902748465538025, 0.4795699119567871, 0.989618718624115, 0.18120914697647095, 1.5880777835845947, 0.8726699352264404, '00:26']
[12, 0.4934551417827606, 0.5229790210723877, 0.9897331595420837, 0.18876972794532776, 1.7146207094192505, 0.9197402596473694, '00:29']
[13, 0.4872279465198517, 0.4841785132884979, 0.9900354146957397, 0.17542731761932373, 1.3369228839874268, 0.9001734256744385, '00:26']
[14, 0.49282875657081604, 0.47477149963378906, 0.9895115494728088, 0.18113616108894348, 1.595693588256836, 0.8581626415252686, '00:26']
[15, 0.49192366003990173, 0.4616064727306366, 0.9897336959838867, 0.17690874636173248, 1.4242991209030151, 0.8596510291099548, '00:26']
Better model found at epoch 15 with valid_loss value: 0.4616064727306366.
[16, 0.4851377308368683, 0.4669596254825592, 0.989563524723053, 0.17924556136131287, 1.5454834699630737, 0.8507019877433777, '00:26']
[17, 0.48306891322135925, 0.47980374097824097, 0.9898603558540344, 0.17791436612606049, 1.5008777379989624, 0.8817464113235474, '00:26']
[18, 0.48760786652565, 0.5088581442832947, 0.9894077181816101, 0.19048961997032166, 1.7222295999526978, 0.8841608762741089, '00:26']
[19, 0.4813789129257202, 0.48759016394615173, 0.9895588755607605, 0.18252956867218018, 1.6339656114578247, 0.8736812472343445, '00:26']
[20, 0.4847526252269745, 0.4751130938529968, 0.9899460673332214, 0.1761564165353775, 1.3742951154708862, 0.881926417350769, '00:26']
[21, 0.48620957136154175, 0.4622158110141754, 0.9895735383033752, 0.1790606826543808, 1.5433748960494995, 0.8498363494873047, '00:26']
[22, 0.4773634672164917, 0.46000730991363525, 0.9896854162216187, 0.17682240903377533, 1.4209929704666138, 0.848118245601654, '00:26']
Better model found at epoch 22 with valid_loss value: 0.46000730991363525.
[23, 0.4818846881389618, 0.46749040484428406, 0.9897365570068359, 0.17765267193317413, 1.4790931940078735, 0.8622944355010986, '00:27']
[24, 0.48025912046432495, 0.4747970998287201, 0.9899460673332214, 0.17614665627479553, 1.3470940589904785, 0.8837305903434753, '00:26']
[25, 0.47752565145492554, 0.4535426199436188, 0.9895794987678528, 0.17748184502124786, 1.4799482822418213, 0.8280678987503052, '00:26']
Better model found at epoch 25 with valid_loss value: 0.4535426199436188.
[26, 0.48266705870628357, 0.46358248591423035, 0.9891993403434753, 0.18239153921604156, 1.645389199256897, 0.824447751045227, '00:26']
[27, 0.47180071473121643, 0.47169947624206543, 0.9900339245796204, 0.17415279150009155, 1.178110957145691, 0.8715682625770569, '00:25']
[28, 0.473484069108963, 0.45584091544151306, 0.9897559285163879, 0.17582333087921143, 1.358451008796692, 0.843781054019928, '00:26']
[29, 0.4759306013584137, 0.508517861366272, 0.9897372126579285, 0.18463101983070374, 1.6792489290237427, 0.8994360566139221, '00:25']
[30, 0.4751949608325958, 0.4560158848762512, 0.9895460605621338, 0.17795637249946594, 1.486586332321167, 0.830627977848053, '00:26']
[31, 0.4801381230354309, 0.46556851267814636, 0.9899539351463318, 0.1746852844953537, 1.2263902425765991, 0.8572030067443848, '00:27']
[32, 0.4744647741317749, 0.44957730174064636, 0.9894760847091675, 0.1776057928800583, 1.456058382987976, 0.8220285177230835, '00:25']
Better model found at epoch 32 with valid_loss value: 0.44957730174064636.
[33, 0.47446706891059875, 0.4939006567001343, 0.9895186424255371, 0.18326866626739502, 1.649672508239746, 0.8730927109718323, '00:27']
[34, 0.4780794084072113, 0.45139673352241516, 0.9897138476371765, 0.176049143075943, 1.3781657218933105, 0.8355981111526489, '00:25']
[35, 0.4695284366607666, 0.455079048871994, 0.9895426630973816, 0.17750348150730133, 1.4968905448913574, 0.830976128578186, '00:27']
[36, 0.47545549273490906, 0.4532092213630676, 0.9895914793014526, 0.1774328052997589, 1.4743928909301758, 0.8322331309318542, '00:28']
[37, 0.46981051564216614, 0.44017985463142395, 0.9896160364151001, 0.175539031624794, 1.3314850330352783, 0.8094841837882996, '00:27']
Better model found at epoch 37 with valid_loss value: 0.44017985463142395.
[38, 0.4694996476173401, 0.45834648609161377, 0.9899618029594421, 0.17430855333805084, 1.228278398513794, 0.8411291837692261, '00:26']
[39, 0.46596160531044006, 0.4460143446922302, 0.9897357225418091, 0.1754273623228073, 1.3403091430664062, 0.8175902962684631, '00:26']
[40, 0.4752650856971741, 0.47107386589050293, 0.9892856478691101, 0.1822318285703659, 1.646247386932373, 0.827818751335144, '00:26']
[41, 0.47148752212524414, 0.4642224907875061, 0.9896432757377625, 0.17740944027900696, 1.4902492761611938, 0.8392254114151001, '00:26']
[42, 0.46697187423706055, 0.46565061807632446, 0.9892817139625549, 0.18124131858348846, 1.6280083656311035, 0.8250355124473572, '00:26']
[43, 0.47149163484573364, 0.43708014488220215, 0.9895933270454407, 0.175961434841156, 1.3978968858718872, 0.8070423007011414, '00:26']
Better model found at epoch 43 with valid_loss value: 0.43708014488220215.
[44, 0.46362534165382385, 0.47350120544433594, 0.9894849061965942, 0.18068301677703857, 1.6131445169448853, 0.8435401320457458, '00:26']
[45, 0.47148579359054565, 0.439177542924881, 0.9896860718727112, 0.17542994022369385, 1.363926887512207, 0.8075209856033325, '00:26']
[46, 0.46603837609291077, 0.45196717977523804, 0.9897277355194092, 0.1759180724620819, 1.3900220394134521, 0.8280224204063416, '00:26']
[47, 0.46805620193481445, 0.43289899826049805, 0.9895832538604736, 0.17552658915519714, 1.35426926612854, 0.8003955483436584, '00:25']
Better model found at epoch 47 with valid_loss value: 0.43289899826049805.
[48, 0.4636877477169037, 0.4428443908691406, 0.9898550510406494, 0.17423881590366364, 1.224759817123413, 0.8085291385650635, '00:27']
[49, 0.46471086144447327, 0.44901424646377563, 0.9898545742034912, 0.174683079123497, 1.2681852579116821, 0.8276969194412231, '00:28']
[50, 0.4521443843841553, 0.4684995412826538, 0.9893320202827454, 0.18093448877334595, 1.6208853721618652, 0.8243120312690735, '00:26']
[51, 0.45627695322036743, 0.46483469009399414, 0.9899975657463074, 0.1744472235441208, 1.2424869537353516, 0.8639954328536987, '00:28']
[52, 0.4566960632801056, 0.4504844546318054, 0.9893797039985657, 0.1781846284866333, 1.524115800857544, 0.8054453730583191, '00:28']
[53, 0.4482762813568115, 0.824334979057312, 0.9893161654472351, 0.18658849596977234, 1.6775336265563965, 0.8447449803352356, '00:26']
[54, 0.4555116891860962, 0.44292938709259033, 0.9897471070289612, 0.17449726164340973, 1.2435184717178345, 0.8086202144622803, '00:26']
[55, 0.4614095687866211, 0.4516369700431824, 0.9895110130310059, 0.17782039940357208, 1.5018677711486816, 0.8248911499977112, '00:26']
No improvement since epoch 47: early stopping
----------
1
----------
DLS create!
[0, 0.5672657489776611, 0.5217519402503967, 0.9936879277229309, 0.18885363638401031, 1.2358944416046143, 0.9796476364135742, '00:27']
Better model found at epoch 0 with valid_loss value: 0.5217519402503967.
[1, 0.5289300680160522, 0.5082833766937256, 0.9933515787124634, 0.1884630173444748, 1.4343888759613037, 0.9396554827690125, '00:26']
Better model found at epoch 1 with valid_loss value: 0.5082833766937256.
[2, 0.5127035975456238, 0.4833536744117737, 0.9933725595474243, 0.18056444823741913, 1.462588906288147, 0.9177718758583069, '00:29']
Better model found at epoch 2 with valid_loss value: 0.4833536744117737.
[3, 0.5052565336227417, 0.47790083289146423, 0.9932424426078796, 0.18109694123268127, 1.5579618215560913, 0.8984553813934326, '00:26']
Better model found at epoch 3 with valid_loss value: 0.47790083289146423.
[4, 0.5025771856307983, 0.46928882598876953, 0.9934530854225159, 0.17668189108371735, 1.4802758693695068, 0.8980692028999329, '00:26']
Better model found at epoch 4 with valid_loss value: 0.46928882598876953.
[5, 0.500795841217041, 0.4676327109336853, 0.9934913516044617, 0.17590643465518951, 1.4188753366470337, 0.8986101746559143, '00:26']
Better model found at epoch 5 with valid_loss value: 0.4676327109336853.
[6, 0.5008842349052429, 0.4637531042098999, 0.9934377074241638, 0.17609676718711853, 1.4058837890625, 0.8881058096885681, '00:27']
Better model found at epoch 6 with valid_loss value: 0.4637531042098999.
[7, 0.495912104845047, 0.45749199390411377, 0.9931923151016235, 0.17854484915733337, 1.602725625038147, 0.8604373335838318, '00:29']
Better model found at epoch 7 with valid_loss value: 0.45749199390411377.
[8, 0.4924670159816742, 0.4401627779006958, 0.9933596253395081, 0.1752087026834488, 1.3803303241729736, 0.8396550416946411, '00:29']
Better model found at epoch 8 with valid_loss value: 0.4401627779006958.
[9, 0.48939070105552673, 0.4557960629463196, 0.993253767490387, 0.17771433293819427, 1.5630755424499512, 0.8669168949127197, '00:26']
[10, 0.49156811833381653, 0.4757347106933594, 0.9935434460639954, 0.17607320845127106, 1.4663238525390625, 0.9087338447570801, '00:26']
[11, 0.4866347908973694, 0.48672419786453247, 0.993045449256897, 0.18525272607803345, 1.7193477153778076, 0.8766680955886841, '00:25']
[12, 0.49177199602127075, 0.48133304715156555, 0.9934232234954834, 0.17894797027111053, 1.5903242826461792, 0.9104101061820984, '00:26']
[13, 0.4951257109642029, 0.4988643527030945, 0.9931360483169556, 0.18661734461784363, 1.7684680223464966, 0.8990301489830017, '00:26']
[14, 0.49129796028137207, 0.4696721136569977, 0.9930592179298401, 0.1812729686498642, 1.666856050491333, 0.8699171543121338, '00:26']
[15, 0.4937618672847748, 0.45272648334503174, 0.9933193922042847, 0.1763533651828766, 1.478245496749878, 0.8652505874633789, '00:26']
[16, 0.4902900457382202, 0.45005643367767334, 0.993446409702301, 0.1749114692211151, 1.3467715978622437, 0.8613736033439636, '00:26']
No improvement since epoch 8: early stopping
----------
2
----------
DLS create!
[0, 0.5674750208854675, 0.5280135869979858, 0.981020987033844, 0.18724700808525085, 1.165563941001892, 0.9939801692962646, '00:26']
Better model found at epoch 0 with valid_loss value: 0.5280135869979858.
[1, 0.5310313701629639, 0.5145540237426758, 0.9809640049934387, 0.17880094051361084, 1.133594036102295, 0.981737494468689, '00:28']
Better model found at epoch 1 with valid_loss value: 0.5145540237426758.
[2, 0.5131736397743225, 0.5023154020309448, 0.9806665182113647, 0.18018226325511932, 1.4437658786773682, 0.9408147931098938, '00:26']
Better model found at epoch 2 with valid_loss value: 0.5023154020309448.
[3, 0.5095831155776978, 0.5055268406867981, 0.9807038307189941, 0.17880761623382568, 1.3612422943115234, 0.9403449892997742, '00:26']
[4, 0.5026861429214478, 0.4911852777004242, 0.9804928302764893, 0.17982251942157745, 1.50435471534729, 0.9085347652435303, '00:26']
Better model found at epoch 4 with valid_loss value: 0.4911852777004242.
[5, 0.49550387263298035, 0.498359739780426, 0.9808675050735474, 0.17480166256427765, 1.2208356857299805, 0.9347956776618958, '00:26']
[6, 0.4934982359409332, 0.47255465388298035, 0.9804994463920593, 0.17702709138393402, 1.4310823678970337, 0.8772289752960205, '00:26']
Better model found at epoch 6 with valid_loss value: 0.47255465388298035.
[7, 0.4913376271724701, 0.7745296359062195, 0.9810779094696045, 0.1734849214553833, 1.049321174621582, 0.988068699836731, '00:26']
[8, 0.4917535185813904, 0.5479052662849426, 0.9801903367042542, 0.197645902633667, 1.7796355485916138, 0.916297972202301, '00:26']
[9, 0.4866486191749573, 0.4984845817089081, 0.9808411002159119, 0.17400753498077393, 1.1386760473251343, 0.9122180938720703, '00:26']
[10, 0.4854368269443512, 0.48297223448753357, 0.9806228876113892, 0.1760229915380478, 1.3875999450683594, 0.8950634002685547, '00:26']
[11, 0.48462361097335815, 0.47071921825408936, 0.9804151654243469, 0.1773860603570938, 1.4399157762527466, 0.8642066717147827, '00:28']
Better model found at epoch 11 with valid_loss value: 0.47071921825408936.
[12, 0.485597163438797, 0.485636442899704, 0.9806953072547913, 0.1748553216457367, 1.2175112962722778, 0.8989126682281494, '00:27']
[13, 0.48169076442718506, 0.4714045822620392, 0.980318546295166, 0.17877499759197235, 1.5000965595245361, 0.8689859509468079, '00:26']
[14, 0.4819037616252899, 0.48144933581352234, 0.9807435870170593, 0.17387019097805023, 1.1098010540008545, 0.8782575130462646, '00:28']
[15, 0.4797574281692505, 0.47587451338768005, 0.9804278612136841, 0.17716902494430542, 1.3926745653152466, 0.8749609589576721, '00:27']
[16, 0.4797241985797882, 0.47881191968917847, 0.980689525604248, 0.1741294115781784, 1.162109136581421, 0.8690723776817322, '00:26']
[17, 0.4885644018650055, 0.4898459315299988, 0.9800996780395508, 0.18444350361824036, 1.657501459121704, 0.8723581433296204, '00:26']
[18, 0.48069193959236145, 0.49668553471565247, 0.9808024168014526, 0.17388567328453064, 1.1201608180999756, 0.9155341386795044, '00:26']
[19, 0.48352399468421936, 0.4566715955734253, 0.9802590012550354, 0.1777232587337494, 1.4539014101028442, 0.8471255302429199, '00:26']
Better model found at epoch 19 with valid_loss value: 0.4566715955734253.
[20, 0.47244152426719666, 0.46927210688591003, 0.9803535342216492, 0.1777375042438507, 1.4743095636367798, 0.8665573596954346, '00:26']
[21, 0.47524622082710266, 0.47570809721946716, 0.980318546295166, 0.1785999834537506, 1.4888226985931396, 0.8661791086196899, '00:26']
[22, 0.4770074784755707, 0.46925440430641174, 0.9804622530937195, 0.17649537324905396, 1.3710155487060547, 0.8685734272003174, '00:27']
[23, 0.473599910736084, 0.47116896510124207, 0.9802520871162415, 0.1790514588356018, 1.5223734378814697, 0.8575519323348999, '00:26']
[24, 0.47775235772132874, 0.4612940847873688, 0.9803707599639893, 0.17690159380435944, 1.4288609027862549, 0.8469265699386597, '00:28']
[25, 0.47822970151901245, 0.4654969871044159, 0.9800911545753479, 0.18073146045207977, 1.5789432525634766, 0.8430834412574768, '00:29']
[26, 0.46783047914505005, 0.46021223068237305, 0.9805510640144348, 0.17466594278812408, 1.2440627813339233, 0.8457788228988647, '00:26']
[27, 0.4801118075847626, 0.47789812088012695, 0.9806279540061951, 0.1750299334526062, 1.2489304542541504, 0.882781982421875, '00:26']
No improvement since epoch 19: early stopping
----------
3
----------
DLS create!
[0, 0.6159220933914185, 0.5533263683319092, 0.9914613962173462, 0.20333385467529297, 1.2618194818496704, 0.9964531660079956, '00:26']
Better model found at epoch 0 with valid_loss value: 0.5533263683319092.
[1, 0.5547451376914978, 0.5183637738227844, 0.991348385810852, 0.1838621199131012, 1.2379000186920166, 0.9809734225273132, '00:26']
Better model found at epoch 1 with valid_loss value: 0.5183637738227844.
[2, 0.5273588299751282, 0.5093521475791931, 0.9911587238311768, 0.1838519275188446, 1.4027849435806274, 0.9563116431236267, '00:26']
Better model found at epoch 2 with valid_loss value: 0.5093521475791931.
[3, 0.5145343542098999, 0.5119654536247253, 0.9914073944091797, 0.17603732645511627, 1.193907618522644, 0.9750412702560425, '00:27']
[4, 0.4986756145954132, 0.5011010766029358, 0.991144597530365, 0.17874126136302948, 1.4707783460617065, 0.9414100050926208, '00:26']
Better model found at epoch 4 with valid_loss value: 0.5011010766029358.
[5, 0.4948323667049408, 0.49654459953308105, 0.9911747574806213, 0.17707638442516327, 1.4418613910675049, 0.9362322688102722, '00:26']
Better model found at epoch 5 with valid_loss value: 0.49654459953308105.
[6, 0.49618932604789734, 0.4968985319137573, 0.9912559390068054, 0.1755949705839157, 1.3427149057388306, 0.9418979287147522, '00:26']
[7, 0.4927031397819519, 0.4990594983100891, 0.9910656809806824, 0.1794053316116333, 1.5537776947021484, 0.9282991886138916, '00:25']
[8, 0.4877893626689911, 0.49764877557754517, 0.9912934899330139, 0.1745399385690689, 1.2364768981933594, 0.9392366409301758, '00:26']
[9, 0.4876803457736969, 0.5000318288803101, 0.991271436214447, 0.17464740574359894, 1.2592105865478516, 0.941587507724762, '00:25']
[10, 0.49159109592437744, 0.5078576803207397, 0.9908975958824158, 0.1849370300769806, 1.6659040451049805, 0.9240639209747314, '00:25']
[11, 0.4877760708332062, 0.4983923137187958, 0.9912859797477722, 0.1744275987148285, 1.2244793176651, 0.9385026693344116, '00:26']
[12, 0.4863658845424652, 0.4982832670211792, 0.9910876750946045, 0.17779631912708282, 1.5207836627960205, 0.9277025461196899, '00:26']
[13, 0.4801982343196869, 0.5006290674209595, 0.9911720156669617, 0.1772870123386383, 1.4981874227523804, 0.9375119805335999, '00:26']
No improvement since epoch 5: early stopping
----------
4
----------
DLS create!
[0, 0.5611787438392639, 0.5266866683959961, 0.9820690155029297, 0.18706625699996948, 1.1555653810501099, 0.9927850365638733, '00:26']
Better model found at epoch 0 with valid_loss value: 0.5266866683959961.
[1, 0.5277949571609497, 0.49889716506004333, 0.9818325042724609, 0.17951509356498718, 1.2537214756011963, 0.951411783695221, '00:25']
Better model found at epoch 1 with valid_loss value: 0.49889716506004333.
[2, 0.5126660466194153, 0.4945642650127411, 0.9817779064178467, 0.17834797501564026, 1.3771229982376099, 0.9328979849815369, '00:26']
Better model found at epoch 2 with valid_loss value: 0.4945642650127411.
[3, 0.5033822655677795, 0.47232380509376526, 0.9815838932991028, 0.17775624990463257, 1.4396487474441528, 0.8892600536346436, '00:26']
Better model found at epoch 3 with valid_loss value: 0.47232380509376526.
[4, 0.49701303243637085, 0.47613731026649475, 0.9815557599067688, 0.17862753570079803, 1.4972223043441772, 0.8853341937065125, '00:26']
[5, 0.4955998361110687, 0.4906338155269623, 0.981809139251709, 0.17703106999397278, 1.4330086708068848, 0.9231846928596497, '00:25']
[6, 0.4945448637008667, 0.49052301049232483, 0.9816077351570129, 0.17966899275779724, 1.576042890548706, 0.908629298210144, '00:26']
[7, 0.4941674470901489, 0.4753820598125458, 0.9816058874130249, 0.17718206346035004, 1.4481004476547241, 0.890143871307373, '00:26']
[8, 0.4972917139530182, 0.48815032839775085, 0.9816667437553406, 0.1787596195936203, 1.5286530256271362, 0.9021502733230591, '00:25']
[9, 0.4951128661632538, 0.4760605990886688, 0.9814886450767517, 0.17931775748729706, 1.5321756601333618, 0.8828926086425781, '00:26']
[10, 0.48858678340911865, 0.48692527413368225, 0.9817709922790527, 0.17640972137451172, 1.4242535829544067, 0.914551317691803, '00:25']
[11, 0.49034547805786133, 0.47485873103141785, 0.9815102815628052, 0.1785082072019577, 1.5354777574539185, 0.8771166205406189, '00:26']
No improvement since epoch 3: early stopping
MAnet Done!
