Models will save to MAnet_dense161_x
Use densenet161 encoder
Start training...
----------
0
----------
DLS create!
[0, 0.5844200849533081, 0.5392208099365234, 0.9893944263458252, 0.19450394809246063, 1.1615312099456787, 0.9932332634925842, '00:30']
Better model found at epoch 0 with valid_loss value: 0.5392208099365234.
[1, 0.5392512679100037, 0.5105909109115601, 0.9891442656517029, 0.18329794704914093, 1.301061987876892, 0.9562990069389343, '00:31']
Better model found at epoch 1 with valid_loss value: 0.5105909109115601.
[2, 0.5199145078659058, 0.5101525187492371, 0.9891112446784973, 0.18264426290988922, 1.4377015829086304, 0.9475924968719482, '00:31']
Better model found at epoch 2 with valid_loss value: 0.5101525187492371.
[3, 0.5103505253791809, 0.4965713620185852, 0.9891592264175415, 0.17743918299674988, 1.3608793020248413, 0.9348330497741699, '00:30']
Better model found at epoch 3 with valid_loss value: 0.4965713620185852.
[4, 0.5044274926185608, 0.4999767541885376, 0.9891802072525024, 0.17623905837535858, 1.3223284482955933, 0.9293790459632874, '00:31']
[5, 0.5011215209960938, 0.4906008541584015, 0.9891848564147949, 0.17565251886844635, 1.2973599433898926, 0.9199851751327515, '00:33']
Better model found at epoch 5 with valid_loss value: 0.4906008541584015.
[6, 0.4930683970451355, 0.4777890741825104, 0.9891323447227478, 0.17478151619434357, 1.2483736276626587, 0.8906118869781494, '00:30']
Better model found at epoch 6 with valid_loss value: 0.4777890741825104.
[7, 0.48813945055007935, 0.47997209429740906, 0.9891776442527771, 0.1744672656059265, 1.202510952949524, 0.8919270038604736, '00:30']
[8, 0.48439282178878784, 0.4752211570739746, 0.9891040325164795, 0.1750652939081192, 1.3183212280273438, 0.8778839707374573, '00:31']
Better model found at epoch 8 with valid_loss value: 0.4752211570739746.
[9, 0.4804932177066803, 0.45889872312545776, 0.9889023303985596, 0.17578773200511932, 1.3881438970565796, 0.8418340682983398, '00:31']
Better model found at epoch 9 with valid_loss value: 0.45889872312545776.
[10, 0.484870582818985, 0.492948055267334, 0.9890946745872498, 0.17669852077960968, 1.4426345825195312, 0.9042436480522156, '00:32']
[11, 0.48294511437416077, 0.486235111951828, 0.988593578338623, 0.18231938779354095, 1.6321461200714111, 0.8471627235412598, '00:31']
[12, 0.47930917143821716, 0.481334388256073, 0.9885793924331665, 0.18090014159679413, 1.61241614818573, 0.8445427417755127, '00:30']
[13, 0.4852575957775116, 0.45314377546310425, 0.9887959957122803, 0.1764640510082245, 1.4089630842208862, 0.8355517983436584, '00:32']
Better model found at epoch 13 with valid_loss value: 0.45314377546310425.
[14, 0.48351481556892395, 0.47253528237342834, 0.9886769652366638, 0.17930854856967926, 1.5763624906539917, 0.8406034111976624, '00:31']
[15, 0.4801792800426483, 0.4656948447227478, 0.9887377023696899, 0.1779668927192688, 1.5190722942352295, 0.8373090624809265, '00:30']
[16, 0.478442519903183, 0.4528694450855255, 0.9889363050460815, 0.1749011129140854, 1.309045672416687, 0.8344274759292603, '00:32']
Better model found at epoch 16 with valid_loss value: 0.4528694450855255.
[17, 0.4687163531780243, 0.4400860667228699, 0.9887207746505737, 0.17565815150737762, 1.3882931470870972, 0.8017794489860535, '00:30']
Better model found at epoch 17 with valid_loss value: 0.4400860667228699.
[18, 0.47734349966049194, 0.46734970808029175, 0.9889590740203857, 0.17580564320087433, 1.3806898593902588, 0.8485482931137085, '00:31']
[19, 0.47442030906677246, 0.49223026633262634, 0.9889672994613647, 0.17836648225784302, 1.537219762802124, 0.8846161365509033, '00:32']
[20, 0.4754638075828552, 0.4732438623905182, 0.989130973815918, 0.1745605170726776, 1.2529253959655762, 0.8719602227210999, '00:30']
[21, 0.47967642545700073, 0.4726160764694214, 0.9889204502105713, 0.176897794008255, 1.467063307762146, 0.8652179837226868, '00:31']
[22, 0.4744596779346466, 0.4451266825199127, 0.9886766076087952, 0.17658701539039612, 1.4519364833831787, 0.8048560619354248, '00:34']
[23, 0.47498583793640137, 0.4496501684188843, 0.9886909127235413, 0.17720437049865723, 1.4730385541915894, 0.8216912746429443, '00:30']
[24, 0.4706755578517914, 0.4838894307613373, 0.9882395267486572, 0.18402978777885437, 1.6884077787399292, 0.7990525364875793, '00:31']
[25, 0.47177350521087646, 0.447936087846756, 0.9885799884796143, 0.1777852177619934, 1.5236247777938843, 0.8044998049736023, '00:32']
No improvement since epoch 17: early stopping
----------
1
----------
DLS create!
[0, 0.581683337688446, 0.5339401960372925, 0.9895046949386597, 0.19025902450084686, 1.2217682600021362, 0.9907763600349426, '00:31']
Better model found at epoch 0 with valid_loss value: 0.5339401960372925.
[1, 0.5389100909233093, 0.5146244168281555, 0.9894566535949707, 0.18060170114040375, 1.14487624168396, 0.9800498485565186, '00:32']
Better model found at epoch 1 with valid_loss value: 0.5146244168281555.
[2, 0.5209507346153259, 0.500729501247406, 0.9890953302383423, 0.1820915788412094, 1.3620572090148926, 0.9408320188522339, '00:31']
Better model found at epoch 2 with valid_loss value: 0.500729501247406.
[3, 0.5125908255577087, 0.5667376518249512, 0.9889035820960999, 0.21647393703460693, 1.5191547870635986, 0.9553706645965576, '00:33']
[4, 0.5068913102149963, 0.5034933686256409, 0.9892579317092896, 0.17915531992912292, 1.3772125244140625, 0.9441811442375183, '00:31']
[5, 0.5012276768684387, 0.4933677017688751, 0.9892665147781372, 0.17595240473747253, 1.3280993700027466, 0.9278620481491089, '00:31']
Better model found at epoch 5 with valid_loss value: 0.4933677017688751.
[6, 0.498159259557724, 0.4927397072315216, 0.9887802600860596, 0.18275447189807892, 1.6126933097839355, 0.8937674164772034, '00:33']
Better model found at epoch 6 with valid_loss value: 0.4927397072315216.
[7, 0.49973973631858826, 0.4838985800743103, 0.9889307618141174, 0.17880083620548248, 1.5019320249557495, 0.8976401090621948, '00:31']
Better model found at epoch 7 with valid_loss value: 0.4838985800743103.
[8, 0.4975070655345917, 0.47600916028022766, 0.9890017509460449, 0.17661169171333313, 1.390434741973877, 0.8890314102172852, '00:30']
Better model found at epoch 8 with valid_loss value: 0.47600916028022766.
[9, 0.4936397969722748, 0.47176238894462585, 0.9888296723365784, 0.17808593809604645, 1.4744350910186768, 0.8758494257926941, '00:31']
Better model found at epoch 9 with valid_loss value: 0.47176238894462585.
[10, 0.4965165853500366, 0.47761431336402893, 0.9889099597930908, 0.1781425178050995, 1.4672224521636963, 0.8897483944892883, '00:30']
[11, 0.4929974675178528, 0.47538405656814575, 0.988741397857666, 0.17851458489894867, 1.5110673904418945, 0.8785104155540466, '00:31']
[12, 0.4914814829826355, 0.5058624148368835, 0.9886816740036011, 0.1879500150680542, 1.6605409383773804, 0.8983038663864136, '00:32']
[13, 0.49269646406173706, 0.4753172695636749, 0.9889202117919922, 0.17654690146446228, 1.3959861993789673, 0.888706624507904, '00:30']
[14, 0.49216940999031067, 0.467039555311203, 0.9889306426048279, 0.1757713109254837, 1.3255857229232788, 0.8753887414932251, '00:31']
Better model found at epoch 14 with valid_loss value: 0.467039555311203.
[15, 0.48459574580192566, 0.4704248607158661, 0.9889013171195984, 0.17566680908203125, 1.317317008972168, 0.8797085285186768, '00:32']
[16, 0.4860859215259552, 0.48253002762794495, 0.988515317440033, 0.18175137042999268, 1.6013225317001343, 0.8744670152664185, '00:31']
[17, 0.48373234272003174, 0.4734867811203003, 0.988800585269928, 0.1766510009765625, 1.3960379362106323, 0.8786136507987976, '00:30']
[18, 0.4774956703186035, 0.46253615617752075, 0.988892138004303, 0.17585346102714539, 1.3705099821090698, 0.8564313054084778, '00:31']
Better model found at epoch 18 with valid_loss value: 0.46253615617752075.
[19, 0.47871410846710205, 0.45278400182724, 0.9885897040367126, 0.1774095594882965, 1.4691730737686157, 0.8349350690841675, '00:30']
Better model found at epoch 19 with valid_loss value: 0.45278400182724.
[20, 0.4746401309967041, 0.4843963384628296, 0.9890236854553223, 0.1747293323278427, 1.2201193571090698, 0.8908770084381104, '00:31']
[21, 0.4739745259284973, 0.46318233013153076, 0.9887111783027649, 0.1774754673242569, 1.4794272184371948, 0.845853328704834, '00:31']
[22, 0.47571495175361633, 0.45836660265922546, 0.9886844754219055, 0.1767917424440384, 1.4362430572509766, 0.8451705574989319, '00:30']
[23, 0.47329285740852356, 0.4588145911693573, 0.9888764023780823, 0.1749180108308792, 1.2793149948120117, 0.8449167013168335, '00:30']
[24, 0.47460702061653137, 0.47123515605926514, 0.9884347319602966, 0.17979392409324646, 1.5779246091842651, 0.838839590549469, '00:33']
[25, 0.4681911766529083, 0.46432819962501526, 0.9885694980621338, 0.178169384598732, 1.4977020025253296, 0.8511099815368652, '00:30']
[26, 0.4648849070072174, 0.4611838459968567, 0.9889158010482788, 0.17467719316482544, 1.236792802810669, 0.8484463095664978, '00:30']
[27, 0.4656547009944916, 0.4511551558971405, 0.988815188407898, 0.17494399845600128, 1.2678879499435425, 0.8310955762863159, '00:31']
Better model found at epoch 27 with valid_loss value: 0.4511551558971405.
[28, 0.4727066159248352, 0.45740923285484314, 0.9887557625770569, 0.1764809936285019, 1.4152188301086426, 0.8487011790275574, '00:30']
[29, 0.4679597020149231, 0.4549994468688965, 0.9886380434036255, 0.1769329309463501, 1.4333961009979248, 0.8313770890235901, '00:32']
[30, 0.4693787693977356, 0.45125842094421387, 0.9886241555213928, 0.17683854699134827, 1.4343849420547485, 0.8288342356681824, '00:35']
[31, 0.4663054049015045, 0.4612097442150116, 0.988835334777832, 0.17549924552440643, 1.3020238876342773, 0.8479612469673157, '00:31']
[32, 0.47262290120124817, 0.5028925538063049, 0.9882453083992004, 0.18775273859500885, 1.728964924812317, 0.8611332774162292, '00:31']
[33, 0.47032883763313293, 0.4517004191875458, 0.9888284802436829, 0.17497216165065765, 1.2779852151870728, 0.833674430847168, '00:32']
[34, 0.4701539874076843, 0.4512615501880646, 0.9887644648551941, 0.17560748755931854, 1.3397483825683594, 0.8353261351585388, '00:31']
[35, 0.46535423398017883, 0.4602663815021515, 0.9884723424911499, 0.17853067815303802, 1.5323376655578613, 0.8257015347480774, '00:31']
No improvement since epoch 27: early stopping
----------
2
----------
DLS create!
[0, 0.5876364707946777, 0.5365692973136902, 0.9934273362159729, 0.19458678364753723, 1.24565589427948, 0.9944909811019897, '00:31']
Better model found at epoch 0 with valid_loss value: 0.5365692973136902.
[1, 0.5401342511177063, 0.5153724551200867, 0.9932648539543152, 0.18579192459583282, 1.29450261592865, 0.9728013277053833, '00:31']
Better model found at epoch 1 with valid_loss value: 0.5153724551200867.
[2, 0.5180911421775818, 0.5065529346466064, 0.9933398365974426, 0.17864422500133514, 1.3265180587768555, 0.9706601500511169, '00:31']
Better model found at epoch 2 with valid_loss value: 0.5065529346466064.
[3, 0.513320803642273, 0.4960245192050934, 0.9932600855827332, 0.1780010163784027, 1.2711666822433472, 0.9553802013397217, '00:30']
Better model found at epoch 3 with valid_loss value: 0.4960245192050934.
[4, 0.5032865405082703, 0.497120201587677, 0.9928167462348938, 0.1863880455493927, 1.646744966506958, 0.9119552969932556, '00:31']
[5, 0.5008478760719299, 0.4824252128601074, 0.9931894540786743, 0.17625460028648376, 1.4293639659881592, 0.9182371497154236, '00:31']
Better model found at epoch 5 with valid_loss value: 0.4824252128601074.
[6, 0.4995521903038025, 0.486468106508255, 0.9932392239570618, 0.1763329654932022, 1.4344186782836914, 0.9316835403442383, '00:30']
[7, 0.49750736355781555, 0.5048482418060303, 0.9927923679351807, 0.18807421624660492, 1.7254873514175415, 0.9102702736854553, '00:31']
[8, 0.4970579147338867, 0.47449207305908203, 0.9931716918945312, 0.17584173381328583, 1.4337060451507568, 0.9040663838386536, '00:31']
Better model found at epoch 8 with valid_loss value: 0.47449207305908203.
[9, 0.4890560805797577, 0.47773033380508423, 0.9931625723838806, 0.1763821840286255, 1.465325117111206, 0.9091771841049194, '00:31']
[10, 0.4844081997871399, 0.46821799874305725, 0.9931266903877258, 0.17611464858055115, 1.4471968412399292, 0.8888413906097412, '00:30']
Better model found at epoch 10 with valid_loss value: 0.46821799874305725.
[11, 0.4909215271472931, 0.469929963350296, 0.993071973323822, 0.1768837720155716, 1.4847322702407837, 0.8938441872596741, '00:30']
[12, 0.4832233190536499, 0.47886931896209717, 0.9929463863372803, 0.17995336651802063, 1.6493011713027954, 0.8871849179267883, '00:31']
[13, 0.4824150502681732, 0.462380588054657, 0.9930605292320251, 0.17624419927597046, 1.4834290742874146, 0.8739357590675354, '00:31']
Better model found at epoch 13 with valid_loss value: 0.462380588054657.
[14, 0.47378283739089966, 0.4646490514278412, 0.9929190874099731, 0.17830076813697815, 1.6033891439437866, 0.8651005625724792, '00:31']
[15, 0.4801860451698303, 0.47393059730529785, 0.9932426810264587, 0.17484019696712494, 1.345022201538086, 0.9037211537361145, '00:31']
[16, 0.4738832414150238, 0.45663726329803467, 0.9931026697158813, 0.17516788840293884, 1.3897840976715088, 0.8672758340835571, '00:31']
Better model found at epoch 16 with valid_loss value: 0.45663726329803467.
[17, 0.47821488976478577, 0.4722243845462799, 0.9931025505065918, 0.17666935920715332, 1.4923903942108154, 0.8925382494926453, '00:32']
[18, 0.4814845323562622, 0.46666431427001953, 0.9929972887039185, 0.17772871255874634, 1.514830470085144, 0.8731783628463745, '00:30']
[19, 0.48403501510620117, 0.46344277262687683, 0.9930044412612915, 0.17714780569076538, 1.5400360822677612, 0.8743894696235657, '00:31']
[20, 0.4762769937515259, 0.5744121670722961, 0.9928689002990723, 0.20222793519496918, 1.8735274076461792, 0.9326714277267456, '00:34']
[21, 0.4806261658668518, 0.46101799607276917, 0.9929071664810181, 0.17820732295513153, 1.5737632513046265, 0.8634933829307556, '00:30']
[22, 0.4759370684623718, 0.46479031443595886, 0.9928551912307739, 0.17934757471084595, 1.6335947513580322, 0.861729085445404, '00:30']
[23, 0.47656935453414917, 0.47014492750167847, 0.9930418133735657, 0.17734885215759277, 1.51450514793396, 0.8899766802787781, '00:31']
[24, 0.4798296093940735, 0.4574398994445801, 0.9929772019386292, 0.17673176527023315, 1.5091313123703003, 0.8662137985229492, '00:31']
No improvement since epoch 16: early stopping
----------
3
----------
DLS create!
[0, 0.6561033725738525, 0.5746240615844727, 0.9911439418792725, 0.21798965334892273, 1.2919278144836426, 0.99868243932724, '00:31']
Better model found at epoch 0 with valid_loss value: 0.5746240615844727.
[1, 0.5746772289276123, 0.5277389883995056, 0.9910317063331604, 0.18952350318431854, 1.1994221210479736, 0.9874930381774902, '00:31']
Better model found at epoch 1 with valid_loss value: 0.5277389883995056.
[2, 0.5385839343070984, 0.5122143030166626, 0.9907587766647339, 0.18626989424228668, 1.347733497619629, 0.9578113555908203, '00:30']
Better model found at epoch 2 with valid_loss value: 0.5122143030166626.
[3, 0.521605908870697, 0.5341807007789612, 0.9908663630485535, 0.18837682902812958, 1.4458681344985962, 0.9731659889221191, '00:33']
[4, 0.5108831524848938, 0.521190881729126, 0.9911572337150574, 0.1752280443906784, 1.0675691366195679, 0.9958087205886841, '00:32']
[5, 0.5017971992492676, 0.4862438440322876, 0.9905935525894165, 0.17888905107975006, 1.4618048667907715, 0.9200443029403687, '00:32']
Better model found at epoch 5 with valid_loss value: 0.4862438440322876.
[6, 0.4961637556552887, 0.47929713129997253, 0.9905382394790649, 0.177902951836586, 1.481674075126648, 0.9028746485710144, '00:34']
Better model found at epoch 6 with valid_loss value: 0.47929713129997253.
[7, 0.4923437833786011, 0.48446154594421387, 0.9906444549560547, 0.17693202197551727, 1.4314767122268677, 0.9166167974472046, '00:31']
[8, 0.4921874701976776, 0.5038747787475586, 0.9903313517570496, 0.1866229623556137, 1.6667064428329468, 0.9085800647735596, '00:31']
[9, 0.489727258682251, 0.47768381237983704, 0.9904526472091675, 0.1781301349401474, 1.4769395589828491, 0.8947805166244507, '00:30']
Better model found at epoch 9 with valid_loss value: 0.47768381237983704.
[10, 0.4856640696525574, 0.47575533390045166, 0.9904739260673523, 0.1780085563659668, 1.515271544456482, 0.8856160044670105, '00:31']
Better model found at epoch 10 with valid_loss value: 0.47575533390045166.
[11, 0.480079710483551, 0.4761793911457062, 0.9906940460205078, 0.17512528598308563, 1.337082028388977, 0.8932706713676453, '00:31']
[12, 0.4815371632575989, 0.4858638644218445, 0.9907241463661194, 0.17647495865821838, 1.4480730295181274, 0.9079650044441223, '00:32']
[13, 0.4856036305427551, 0.4740166962146759, 0.990577757358551, 0.17631535232067108, 1.3914402723312378, 0.8914250731468201, '00:34']
Better model found at epoch 13 with valid_loss value: 0.4740166962146759.
[14, 0.4853799641132355, 0.4847191572189331, 0.9907031655311584, 0.17705559730529785, 1.4527027606964111, 0.8988897800445557, '00:30']
[15, 0.48651930689811707, 0.49175989627838135, 0.990272581577301, 0.18286940455436707, 1.657117486000061, 0.8888360261917114, '00:30']
[16, 0.4822128117084503, 0.47549208998680115, 0.9904434084892273, 0.17770493030548096, 1.5066007375717163, 0.8837330937385559, '00:31']
[17, 0.4849711060523987, 0.48377180099487305, 0.990768313407898, 0.17466270923614502, 1.2695019245147705, 0.9089623093605042, '00:30']
[18, 0.48585888743400574, 0.47692036628723145, 0.9908121228218079, 0.1746099293231964, 1.2804721593856812, 0.8929676413536072, '00:31']
[19, 0.47873249650001526, 0.4810432195663452, 0.9907891154289246, 0.17455068230628967, 1.266223669052124, 0.9003140926361084, '00:31']
[20, 0.48076269030570984, 0.48896270990371704, 0.9901474714279175, 0.18455637991428375, 1.6776418685913086, 0.8745144605636597, '00:30']
[21, 0.47892966866493225, 0.45809289813041687, 0.9905047416687012, 0.17565670609474182, 1.386165976524353, 0.8498284220695496, '00:31']
Better model found at epoch 21 with valid_loss value: 0.45809289813041687.
[22, 0.4760820269584656, 0.4627722203731537, 0.9905184507369995, 0.1754174381494522, 1.371835470199585, 0.8600199818611145, '00:33']
[23, 0.4697152078151703, 0.46958720684051514, 0.9905107617378235, 0.17620477080345154, 1.4264299869537354, 0.8728603720664978, '00:30']
[24, 0.4713189899921417, 0.4714781641960144, 0.9900879263877869, 0.1807313859462738, 1.611223816871643, 0.8488881587982178, '00:30']
[25, 0.4626598060131073, 0.4590221345424652, 0.9903659820556641, 0.17622515559196472, 1.4388130903244019, 0.8477479815483093, '00:31']
[26, 0.4670166075229645, 0.4599244296550751, 0.9905282855033875, 0.17489038407802582, 1.307755947113037, 0.8550222516059875, '00:34']
[27, 0.4737093150615692, 0.4566055238246918, 0.9902781844139099, 0.1772751361131668, 1.4595742225646973, 0.8411727547645569, '00:30']
Better model found at epoch 27 with valid_loss value: 0.4566055238246918.
[28, 0.45942264795303345, 0.46302157640457153, 0.9903892278671265, 0.1755540817975998, 1.32597017288208, 0.855553150177002, '00:31']
[29, 0.46007609367370605, 0.4626946449279785, 0.9904181361198425, 0.17606066167354584, 1.4178361892700195, 0.8596410155296326, '00:32']
[30, 0.4655376076698303, 0.47013819217681885, 0.9905105233192444, 0.17704294621944427, 1.4823414087295532, 0.8701258301734924, '00:30']
[31, 0.460306853055954, 0.4562881588935852, 0.9904388189315796, 0.1753688007593155, 1.3644113540649414, 0.8425469994544983, '00:31']
Better model found at epoch 31 with valid_loss value: 0.4562881588935852.
[32, 0.4661185145378113, 0.4688645899295807, 0.9907391667366028, 0.17472206056118011, 1.2948871850967407, 0.8726678490638733, '00:35']
[33, 0.4566690921783447, 0.458567351102829, 0.9906646609306335, 0.17440620064735413, 1.2522555589675903, 0.8469638824462891, '00:30']
[34, 0.4442903399467468, 0.45691338181495667, 0.9903414845466614, 0.17580948770046234, 1.370417833328247, 0.8409040570259094, '00:32']
[35, 0.4525507390499115, 0.4604739546775818, 0.990274965763092, 0.17726749181747437, 1.4734687805175781, 0.8388124704360962, '00:35']
[36, 0.4537530243396759, 0.4819309413433075, 0.9908342957496643, 0.17436958849430084, 1.250725507736206, 0.8859948515892029, '00:31']
[37, 0.4535291790962219, 0.450289785861969, 0.9903498291969299, 0.1762021780014038, 1.4275944232940674, 0.8295667767524719, '00:31']
Better model found at epoch 37 with valid_loss value: 0.450289785861969.
[38, 0.45856326818466187, 0.4708464443683624, 0.9904261231422424, 0.1775243729352951, 1.523751139640808, 0.8631170392036438, '00:33']
[39, 0.45924216508865356, 0.48160281777381897, 0.9899196624755859, 0.18354292213916779, 1.673675298690796, 0.840787410736084, '00:31']
[40, 0.46054354310035706, 0.45317843556404114, 0.9904472827911377, 0.17543666064739227, 1.3765932321548462, 0.838542103767395, '00:31']
[41, 0.44935330748558044, 0.4544031620025635, 0.9902412295341492, 0.17661535739898682, 1.416451334953308, 0.8304861187934875, '00:35']
[42, 0.44180694222450256, 0.4733337163925171, 0.9900081753730774, 0.18089069426059723, 1.6172086000442505, 0.8381439447402954, '00:32']
[43, 0.4453890323638916, 0.45391830801963806, 0.9904858469963074, 0.17492185533046722, 1.3061825037002563, 0.8395176529884338, '00:31']
[44, 0.4498772621154785, 0.4534907639026642, 0.9905078411102295, 0.17499995231628418, 1.3298189640045166, 0.8354113698005676, '00:33']
[45, 0.44715583324432373, 0.4601479470729828, 0.990435004234314, 0.17600758373737335, 1.4054384231567383, 0.855049729347229, '00:33']
No improvement since epoch 37: early stopping
----------
4
----------
DLS create!
[0, 0.5515925884246826, 0.5202488899230957, 0.984380304813385, 0.18381504714488983, 1.2116883993148804, 0.9914512038230896, '00:33']
Better model found at epoch 0 with valid_loss value: 0.5202488899230957.
[1, 0.5252987742424011, 0.5083640813827515, 0.9843252301216125, 0.1788504421710968, 1.273705244064331, 0.9773680567741394, '00:32']
Better model found at epoch 1 with valid_loss value: 0.5083640813827515.
[2, 0.511431097984314, 0.4890596270561218, 0.9840685129165649, 0.17876692116260529, 1.4379469156265259, 0.9328154921531677, '00:30']
Better model found at epoch 2 with valid_loss value: 0.4890596270561218.
[3, 0.5065565705299377, 0.4937185049057007, 0.9842125177383423, 0.17715786397457123, 1.4204803705215454, 0.9472424387931824, '00:35']
[4, 0.49826470017433167, 0.4840388894081116, 0.984184205532074, 0.17599283158779144, 1.459705114364624, 0.9242369532585144, '00:31']
Better model found at epoch 4 with valid_loss value: 0.4840388894081116.
[5, 0.49651068449020386, 0.49122434854507446, 0.9837771058082581, 0.1836632341146469, 1.6958436965942383, 0.8992336988449097, '00:33']
[6, 0.4897230267524719, 0.48726391792297363, 0.984220027923584, 0.17536310851573944, 1.3931866884231567, 0.9323452115058899, '00:33']
[7, 0.4925535023212433, 0.4748340845108032, 0.9841362833976746, 0.1753603219985962, 1.4041368961334229, 0.9096771478652954, '00:30']
Better model found at epoch 7 with valid_loss value: 0.4748340845108032.
[8, 0.4877499043941498, 0.46947604417800903, 0.9840790629386902, 0.1750122457742691, 1.363013505935669, 0.900281548500061, '00:30']
Better model found at epoch 8 with valid_loss value: 0.46947604417800903.
[9, 0.48415136337280273, 0.48168107867240906, 0.9838157892227173, 0.18049505352973938, 1.6568845510482788, 0.8980172872543335, '00:30']
[10, 0.48268744349479675, 0.46670982241630554, 0.9840386509895325, 0.17562457919120789, 1.446331262588501, 0.8912822604179382, '00:30']
Better model found at epoch 10 with valid_loss value: 0.46670982241630554.
[11, 0.48608601093292236, 0.4677262008190155, 0.9837855696678162, 0.17875947058200836, 1.628112554550171, 0.8722010850906372, '00:30']
[12, 0.48414352536201477, 0.4733319580554962, 0.9840425252914429, 0.1764519363641739, 1.5387674570083618, 0.8949825167655945, '00:30']
[13, 0.48978328704833984, 0.47488880157470703, 0.9840938448905945, 0.17594240605831146, 1.4573689699172974, 0.9060549736022949, '00:30']
[14, 0.4768184721469879, 0.4999191164970398, 0.9843378663063049, 0.1737249493598938, 1.060336947441101, 0.9513643383979797, '00:30']
[15, 0.4703231453895569, 0.44736671447753906, 0.9837573170661926, 0.17564956843852997, 1.4389935731887817, 0.8514143824577332, '00:30']
Better model found at epoch 15 with valid_loss value: 0.44736671447753906.
[16, 0.4657571613788605, 0.4887232482433319, 0.9842621088027954, 0.17399024963378906, 1.1878961324691772, 0.9267565011978149, '00:30']
[17, 0.47195082902908325, 0.4522501528263092, 0.9838302731513977, 0.17607758939266205, 1.5087969303131104, 0.8560981750488281, '00:30']
[18, 0.47261515259742737, 0.4593663513660431, 0.9837117791175842, 0.17802512645721436, 1.618167519569397, 0.8565714359283447, '00:30']
[19, 0.47081872820854187, 0.4534563422203064, 0.9838093519210815, 0.1762884259223938, 1.5121132135391235, 0.8617555499076843, '00:30']
[20, 0.47202354669570923, 0.46051400899887085, 0.9839989542961121, 0.1751808077096939, 1.4100587368011475, 0.879664421081543, '00:30']
[21, 0.4624216854572296, 0.4610809087753296, 0.9839661121368408, 0.17504474520683289, 1.3876820802688599, 0.8751160502433777, '00:30']
[22, 0.4615651071071625, 0.47246041893959045, 0.9841622710227966, 0.17439202964305878, 1.292750358581543, 0.8973173499107361, '00:30']
[23, 0.46885791420936584, 0.46090176701545715, 0.9837924242019653, 0.17751385271549225, 1.5950275659561157, 0.8663632273674011, '00:30']
No improvement since epoch 15: early stopping
MAnet Done!
