Models will save to MAnet_dpn131_x
Use dpn131 encoder
Start training...
----------
0
----------
DLS create!
[0, 0.5623517036437988, 0.527043342590332, 0.9878949522972107, 0.18640661239624023, 1.1417535543441772, 0.9895895719528198, '00:47']
Better model found at epoch 0 with valid_loss value: 0.527043342590332.
[1, 0.5296424627304077, 0.516751766204834, 0.9877942800521851, 0.18110936880111694, 1.2658249139785767, 0.9767711758613586, '00:46']
Better model found at epoch 1 with valid_loss value: 0.516751766204834.
[2, 0.5152443647384644, 0.49767306447029114, 0.9875667095184326, 0.17808797955513, 1.265945315361023, 0.9415041208267212, '00:47']
Better model found at epoch 2 with valid_loss value: 0.49767306447029114.
[3, 0.5045891404151917, 0.4971991181373596, 0.987619936466217, 0.17556971311569214, 1.2658193111419678, 0.9294421672821045, '00:47']
Better model found at epoch 3 with valid_loss value: 0.4971991181373596.
[4, 0.49759578704833984, 0.4866189658641815, 0.987314760684967, 0.17628945410251617, 1.3629074096679688, 0.9003753066062927, '00:46']
Better model found at epoch 4 with valid_loss value: 0.4866189658641815.
[5, 0.49713531136512756, 0.5037047863006592, 0.9876120686531067, 0.17708921432495117, 1.3951857089996338, 0.9321160912513733, '00:47']
[6, 0.4928605854511261, 0.47189006209373474, 0.9872764348983765, 0.175827294588089, 1.344353437423706, 0.8704757690429688, '00:47']
Better model found at epoch 6 with valid_loss value: 0.47189006209373474.
[7, 0.48941242694854736, 0.491839200258255, 0.9869115352630615, 0.1834755539894104, 1.637264609336853, 0.8583590388298035, '00:47']
[8, 0.49165308475494385, 0.4700106978416443, 0.9871436953544617, 0.17639604210853577, 1.3759899139404297, 0.8694803714752197, '00:48']
Better model found at epoch 8 with valid_loss value: 0.4700106978416443.
[9, 0.4908505976200104, 0.4794963002204895, 0.9866976141929626, 0.1829991638660431, 1.6264665126800537, 0.8479477763175964, '00:46']
[10, 0.486763596534729, 0.46601492166519165, 0.9872009754180908, 0.17546583712100983, 1.3312963247299194, 0.8550394773483276, '00:46']
Better model found at epoch 10 with valid_loss value: 0.46601492166519165.
[11, 0.48769474029541016, 0.4715878963470459, 0.9872958660125732, 0.1758030354976654, 1.3539831638336182, 0.8657986521720886, '00:47']
[12, 0.47916504740715027, 0.4754672050476074, 0.9872642755508423, 0.17469695210456848, 1.243191123008728, 0.8682186603546143, '00:47']
[13, 0.48067840933799744, 0.47443386912345886, 0.9873393177986145, 0.1748018115758896, 1.2773778438568115, 0.8607991337776184, '00:48']
[14, 0.4819685220718384, 0.48272907733917236, 0.9867019653320312, 0.18297608196735382, 1.627753734588623, 0.8501378893852234, '00:46']
[15, 0.48091137409210205, 0.4610390067100525, 0.9870922565460205, 0.17499814927577972, 1.2835229635238647, 0.8412187695503235, '00:47']
Better model found at epoch 15 with valid_loss value: 0.4610390067100525.
[16, 0.48073676228523254, 0.47379615902900696, 0.9872052669525146, 0.17662498354911804, 1.4063591957092285, 0.868802547454834, '00:46']
[17, 0.476739764213562, 0.48029905557632446, 0.9874354600906372, 0.17451250553131104, 1.2257177829742432, 0.8702099323272705, '00:46']
[18, 0.4775049686431885, 0.4549602270126343, 0.9867727160453796, 0.1783464103937149, 1.5082449913024902, 0.8207024335861206, '00:47']
Better model found at epoch 18 with valid_loss value: 0.4549602270126343.
[19, 0.46853306889533997, 0.4808417558670044, 0.9873198866844177, 0.1745816469192505, 1.2189619541168213, 0.8645125031471252, '00:47']
[20, 0.47625553607940674, 0.4522356688976288, 0.9871330261230469, 0.17479923367500305, 1.2594618797302246, 0.8255698680877686, '00:46']
Better model found at epoch 20 with valid_loss value: 0.4522356688976288.
[21, 0.47070494294166565, 0.4682135283946991, 0.9868642687797546, 0.1788354367017746, 1.5156614780426025, 0.8348524570465088, '00:47']
[22, 0.46853822469711304, 0.4688025712966919, 0.9868232607841492, 0.17790605127811432, 1.4729584455490112, 0.8443331122398376, '00:47']
[23, 0.4666566550731659, 0.47285231947898865, 0.9873261451721191, 0.17429423332214355, 1.1814134120941162, 0.8562042713165283, '00:47']
[24, 0.47757309675216675, 0.4723514914512634, 0.9871911406517029, 0.17671895027160645, 1.4128971099853516, 0.8633376955986023, '00:47']
[25, 0.4687447249889374, 0.4536686837673187, 0.9869251847267151, 0.17623016238212585, 1.3863537311553955, 0.8269423246383667, '00:47']
[26, 0.4658409655094147, 0.47207894921302795, 0.9872543811798096, 0.17378489673137665, 1.0964878797531128, 0.8476969599723816, '00:46']
[27, 0.46016234159469604, 0.45892462134361267, 0.9870195984840393, 0.175030916929245, 1.2806898355484009, 0.8232006430625916, '00:47']
[28, 0.4623149335384369, 0.4676175117492676, 0.9872792959213257, 0.17444013059139252, 1.2090327739715576, 0.8485062718391418, '00:47']
No improvement since epoch 20: early stopping
----------
1
----------
DLS create!
[0, 0.5710479021072388, 0.5321864485740662, 0.9920250773429871, 0.19229359924793243, 1.1580702066421509, 0.9910281896591187, '00:47']
Better model found at epoch 0 with valid_loss value: 0.5321864485740662.
[1, 0.5348133444786072, 0.517396867275238, 0.9920462965965271, 0.18097805976867676, 1.2245193719863892, 0.9885541796684265, '00:47']
Better model found at epoch 1 with valid_loss value: 0.517396867275238.
[2, 0.5205332040786743, 0.5105239152908325, 0.9916782975196838, 0.1848413199186325, 1.3940861225128174, 0.9469692707061768, '00:47']
Better model found at epoch 2 with valid_loss value: 0.5105239152908325.
[3, 0.5069922804832458, 0.5073691606521606, 0.9914445281028748, 0.18885721266269684, 1.4490913152694702, 0.9267271161079407, '00:46']
Better model found at epoch 3 with valid_loss value: 0.5073691606521606.
[4, 0.4976692795753479, 0.48639506101608276, 0.9918394088745117, 0.17583298683166504, 1.3603767156600952, 0.9246397018432617, '00:49']
Better model found at epoch 4 with valid_loss value: 0.48639506101608276.
[5, 0.4931555986404419, 0.5068155527114868, 0.9920065999031067, 0.1752777397632599, 1.3432793617248535, 0.950464129447937, '00:47']
[6, 0.4914887249469757, 0.49151405692100525, 0.9919441938400269, 0.17436426877975464, 1.1965665817260742, 0.9306269288063049, '00:47']
[7, 0.49004286527633667, 0.4543684720993042, 0.9912886619567871, 0.17857760190963745, 1.5625275373458862, 0.8472388386726379, '00:48']
Better model found at epoch 7 with valid_loss value: 0.4543684720993042.
[8, 0.49074676632881165, 0.46660181879997253, 0.9916468262672424, 0.17601993680000305, 1.414799690246582, 0.8816719651222229, '00:47']
[9, 0.48740583658218384, 0.49427878856658936, 0.9910562634468079, 0.18689125776290894, 1.747437834739685, 0.8685103058815002, '00:47']
[10, 0.4858623147010803, 0.47500285506248474, 0.9916509985923767, 0.1768440455198288, 1.4753142595291138, 0.8946496248245239, '00:47']
[11, 0.48428502678871155, 0.4707832634449005, 0.991639256477356, 0.17595914006233215, 1.4128893613815308, 0.8878448605537415, '00:47']
[12, 0.4913398027420044, 0.4569690227508545, 0.9913456439971924, 0.17833945155143738, 1.5369147062301636, 0.8568254709243774, '00:47']
[13, 0.4857177734375, 0.44564980268478394, 0.9912617206573486, 0.17788080871105194, 1.543643593788147, 0.8281805515289307, '00:47']
Better model found at epoch 13 with valid_loss value: 0.44564980268478394.
[14, 0.48374006152153015, 0.4505546987056732, 0.9913375973701477, 0.17783856391906738, 1.5253108739852905, 0.8420260548591614, '00:48']
[15, 0.4843628704547882, 0.45337367057800293, 0.9914675354957581, 0.17664040625095367, 1.4780189990997314, 0.8492358326911926, '00:48']
[16, 0.48337703943252563, 0.43109819293022156, 0.9913088083267212, 0.17610551416873932, 1.420817494392395, 0.8130266070365906, '00:49']
Better model found at epoch 16 with valid_loss value: 0.43109819293022156.
[17, 0.4795193672180176, 0.4776706099510193, 0.991737961769104, 0.17568068206310272, 1.3888134956359863, 0.8951767683029175, '00:47']
[18, 0.47620975971221924, 0.4557662010192871, 0.9916712641716003, 0.1747562140226364, 1.3006278276443481, 0.8537638187408447, '00:47']
[19, 0.4744666814804077, 0.468458890914917, 0.9918011426925659, 0.17422379553318024, 1.2301899194717407, 0.8768308758735657, '00:47']
[20, 0.47069859504699707, 0.42549800872802734, 0.9912508726119995, 0.17616015672683716, 1.4597702026367188, 0.7981768846511841, '00:47']
Better model found at epoch 20 with valid_loss value: 0.42549800872802734.
[21, 0.4684096872806549, 0.448197603225708, 0.9914789795875549, 0.17632855474948883, 1.4701322317123413, 0.8344095349311829, '00:48']
[22, 0.4657474160194397, 0.4339175224304199, 0.9911397099494934, 0.1776956021785736, 1.554762840270996, 0.8003243803977966, '00:47']
[23, 0.46585938334465027, 0.49516066908836365, 0.9908002614974976, 0.189004585146904, 1.7897335290908813, 0.8413636088371277, '00:47']
[24, 0.4719737470149994, 0.4270347058773041, 0.9913498759269714, 0.1756548285484314, 1.425665259361267, 0.8001031875610352, '00:47']
[25, 0.46873733401298523, 0.43610259890556335, 0.9914632439613342, 0.17496788501739502, 1.3284915685653687, 0.8233529925346375, '00:48']
[26, 0.47169795632362366, 0.4225926101207733, 0.9912030696868896, 0.1765097826719284, 1.4706135988235474, 0.7910642623901367, '00:46']
Better model found at epoch 26 with valid_loss value: 0.4225926101207733.
[27, 0.47070327401161194, 0.44538480043411255, 0.9910311102867126, 0.17985916137695312, 1.6423224210739136, 0.8041524887084961, '00:48']
[28, 0.468639999628067, 0.41511210799217224, 0.9911825060844421, 0.1759735643863678, 1.4476141929626465, 0.7739375233650208, '00:48']
Better model found at epoch 28 with valid_loss value: 0.41511210799217224.
[29, 0.4604343771934509, 0.4861264228820801, 0.9908697605133057, 0.18547753989696503, 1.7590618133544922, 0.8296791911125183, '00:47']
[30, 0.47514665126800537, 0.4453444480895996, 0.9910252690315247, 0.18023262917995453, 1.6365165710449219, 0.8074536919593811, '00:47']
[31, 0.46592190861701965, 0.42852118611335754, 0.9913499355316162, 0.1757369339466095, 1.3989555835723877, 0.8013571500778198, '00:47']
[32, 0.46578267216682434, 0.42265236377716064, 0.9909451007843018, 0.17843586206436157, 1.5857465267181396, 0.771673321723938, '00:47']
[33, 0.4650246500968933, 0.44420352578163147, 0.9912334084510803, 0.17837180197238922, 1.5776911973953247, 0.819918692111969, '00:47']
[34, 0.470089852809906, 0.42627158761024475, 0.9913193583488464, 0.17587673664093018, 1.422843337059021, 0.8025631904602051, '00:50']
[35, 0.4675700068473816, 0.4208761751651764, 0.9911410808563232, 0.17685270309448242, 1.5047385692596436, 0.7818949818611145, '00:48']
[36, 0.4665796458721161, 0.42087191343307495, 0.9912973642349243, 0.1758704036474228, 1.437799096107483, 0.7860594987869263, '00:47']
No improvement since epoch 28: early stopping
----------
2
----------
DLS create!
[0, 0.6015734076499939, 0.5460963249206543, 0.9921703338623047, 0.2005014270544052, 1.2499439716339111, 0.9932651519775391, '00:48']
Better model found at epoch 0 with valid_loss value: 0.5460963249206543.
[1, 0.5481849908828735, 0.5207453370094299, 0.9921578168869019, 0.1831185221672058, 1.25332510471344, 0.988095760345459, '00:48']
Better model found at epoch 1 with valid_loss value: 0.5207453370094299.
[2, 0.5242026448249817, 0.5252882242202759, 0.9916444420814514, 0.1950075477361679, 1.5204946994781494, 0.9413517117500305, '00:49']
[3, 0.511502742767334, 0.4887504577636719, 0.9916913509368896, 0.18058659136295319, 1.4653124809265137, 0.919166624546051, '00:48']
Better model found at epoch 3 with valid_loss value: 0.4887504577636719.
[4, 0.503876805305481, 0.48122912645339966, 0.9915377497673035, 0.18070974946022034, 1.5872642993927002, 0.893648624420166, '00:47']
Better model found at epoch 4 with valid_loss value: 0.48122912645339966.
[5, 0.503919243812561, 0.4864593744277954, 0.9918895363807678, 0.17678430676460266, 1.37114679813385, 0.9281795024871826, '00:48']
[6, 0.49982813000679016, 0.46806350350379944, 0.9917449355125427, 0.17619659006595612, 1.4564359188079834, 0.8882784247398376, '00:48']
Better model found at epoch 6 with valid_loss value: 0.46806350350379944.
[7, 0.4971484839916229, 0.4780207872390747, 0.9919291734695435, 0.17473538219928741, 1.312513828277588, 0.9077891707420349, '00:48']
[8, 0.49259400367736816, 0.471178263425827, 0.9916704297065735, 0.17725296318531036, 1.5316919088363647, 0.8843567371368408, '00:48']
[9, 0.4927811622619629, 0.4717597961425781, 0.991706907749176, 0.17687277495861053, 1.503665804862976, 0.8936586976051331, '00:47']
[10, 0.4928167164325714, 0.46297118067741394, 0.9915909767150879, 0.1768653243780136, 1.5161054134368896, 0.8679822683334351, '00:47']
Better model found at epoch 10 with valid_loss value: 0.46297118067741394.
[11, 0.4877648949623108, 0.46826285123825073, 0.9915222525596619, 0.17841194570064545, 1.6080877780914307, 0.8656826019287109, '00:51']
[12, 0.48646992444992065, 0.46116533875465393, 0.9916854500770569, 0.17563879489898682, 1.4466673135757446, 0.8683028817176819, '00:48']
Better model found at epoch 12 with valid_loss value: 0.46116533875465393.
[13, 0.48271164298057556, 0.4656014144420624, 0.9912906885147095, 0.1798340231180191, 1.6621809005737305, 0.8472808599472046, '00:47']
[14, 0.485181599855423, 0.46797001361846924, 0.9918605089187622, 0.17425988614559174, 1.232352614402771, 0.8863034844398499, '00:48']
[15, 0.48782047629356384, 0.48290395736694336, 0.991108775138855, 0.18394339084625244, 1.745255708694458, 0.8447048664093018, '00:48']
[16, 0.48596012592315674, 0.45119524002075195, 0.9914410710334778, 0.17718379199504852, 1.5409306287765503, 0.8381410241127014, '00:49']
Better model found at epoch 16 with valid_loss value: 0.45119524002075195.
[17, 0.4777946472167969, 0.480864942073822, 0.9919172525405884, 0.17486651241779327, 1.3722962141036987, 0.8972308039665222, '00:48']
[18, 0.48211470246315, 0.46581944823265076, 0.9917511940002441, 0.17588397860527039, 1.4680660963058472, 0.8743044137954712, '00:47']
[19, 0.4769420921802521, 0.4498066008090973, 0.9915491938591003, 0.17606379091739655, 1.4415596723556519, 0.8389045596122742, '00:48']
Better model found at epoch 19 with valid_loss value: 0.4498066008090973.
[20, 0.48336291313171387, 0.46400871872901917, 0.991826593875885, 0.1741747111082077, 1.2438091039657593, 0.8714790940284729, '00:48']
[21, 0.47798267006874084, 0.45192262530326843, 0.9912417531013489, 0.1785636693239212, 1.6016550064086914, 0.8299840688705444, '00:49']
[22, 0.4714665412902832, 0.45035454630851746, 0.9915221333503723, 0.1760866492986679, 1.4835983514785767, 0.8343436121940613, '00:47']
[23, 0.47280198335647583, 0.45723575353622437, 0.9916738271713257, 0.17507994174957275, 1.3962433338165283, 0.8496547341346741, '00:47']
[24, 0.47990095615386963, 0.4515853822231293, 0.9914792776107788, 0.17702217400074005, 1.5273233652114868, 0.8441030383110046, '00:47']
[25, 0.4712873697280884, 0.4435290992259979, 0.9915834069252014, 0.17509005963802338, 1.3785490989685059, 0.8319889903068542, '00:48']
Better model found at epoch 25 with valid_loss value: 0.4435290992259979.
[26, 0.4750206172466278, 0.447203129529953, 0.9914842844009399, 0.1757882535457611, 1.461033821105957, 0.838042676448822, '00:51']
[27, 0.46318450570106506, 0.4340967535972595, 0.991401195526123, 0.17569485306739807, 1.4424422979354858, 0.8056299686431885, '00:47']
Better model found at epoch 27 with valid_loss value: 0.4340967535972595.
[28, 0.464629203081131, 0.46305131912231445, 0.9913318157196045, 0.17892508208751678, 1.639891505241394, 0.8475237488746643, '00:47']
[29, 0.4696570634841919, 0.4362426996231079, 0.9914776086807251, 0.1755937933921814, 1.418042778968811, 0.8191613554954529, '00:48']
[30, 0.4565732777118683, 0.4492016136646271, 0.9911548495292664, 0.17845432460308075, 1.6183079481124878, 0.8118441700935364, '00:48']
[31, 0.4659101963043213, 0.4409993588924408, 0.9913995265960693, 0.17576929926872253, 1.418969988822937, 0.8238032460212708, '00:50']
[32, 0.46686846017837524, 0.45655709505081177, 0.9917120337486267, 0.17511598765850067, 1.3875510692596436, 0.8580230474472046, '00:47']
[33, 0.4642547369003296, 0.4404010474681854, 0.9914426803588867, 0.17578530311584473, 1.440441370010376, 0.8135844469070435, '00:47']
[34, 0.45446744561195374, 0.4400638937950134, 0.9915512204170227, 0.1748330444097519, 1.3403105735778809, 0.8194953799247742, '00:47']
[35, 0.45506924390792847, 0.42262113094329834, 0.9913662672042847, 0.17568938434123993, 1.4696344137191772, 0.7835753560066223, '00:48']
Better model found at epoch 35 with valid_loss value: 0.42262113094329834.
[36, 0.45755112171173096, 0.4506181478500366, 0.9909581542015076, 0.18082520365715027, 1.689741849899292, 0.7973350286483765, '00:52']
[37, 0.4576440155506134, 0.4659678041934967, 0.9917851090431213, 0.17533880472183228, 1.4306635856628418, 0.8716599345207214, '00:47']
[38, 0.4673575460910797, 0.4460202753543854, 0.9917515516281128, 0.1740698516368866, 1.2364940643310547, 0.8393252491950989, '00:48']
[39, 0.46299415826797485, 0.4289851784706116, 0.9913192391395569, 0.17627045512199402, 1.5246925354003906, 0.7921030521392822, '00:48']
[40, 0.46190521121025085, 0.45549502968788147, 0.9910445809364319, 0.18033629655838013, 1.686972737312317, 0.8011108040809631, '00:48']
[41, 0.4671144187450409, 0.4465217888355255, 0.9911502599716187, 0.17907023429870605, 1.641294240951538, 0.8061264753341675, '00:49']
[42, 0.4582825303077698, 0.4370143711566925, 0.991385817527771, 0.17612718045711517, 1.481505036354065, 0.8079465627670288, '00:49']
[43, 0.45965391397476196, 0.4370834231376648, 0.991334855556488, 0.17618489265441895, 1.4864873886108398, 0.8096562027931213, '00:47']
No improvement since epoch 35: early stopping
----------
3
----------
DLS create!
[0, 0.6259501576423645, 0.5467099547386169, 0.9930658340454102, 0.20071928203105927, 1.2722662687301636, 0.9963805675506592, '00:48']
Better model found at epoch 0 with valid_loss value: 0.5467099547386169.
[1, 0.5560688972473145, 0.5187691450119019, 0.9930341243743896, 0.18343763053417206, 1.1660466194152832, 0.9898356199264526, '00:49']
Better model found at epoch 1 with valid_loss value: 0.5187691450119019.
[2, 0.5300841927528381, 0.5077853202819824, 0.9929518103599548, 0.18024270236492157, 1.2267138957977295, 0.9739630818367004, '00:49']
Better model found at epoch 2 with valid_loss value: 0.5077853202819824.
[3, 0.5145281553268433, 0.5177411437034607, 0.9926767945289612, 0.1897137314081192, 1.617310881614685, 0.9461746215820312, '00:48']
[4, 0.5067410469055176, 0.502181887626648, 0.9929668307304382, 0.17539481818675995, 1.305527687072754, 0.9546617865562439, '00:48']
Better model found at epoch 4 with valid_loss value: 0.502181887626648.
[5, 0.49883654713630676, 0.4957813322544098, 0.9926600456237793, 0.181314155459404, 1.6133899688720703, 0.9168400764465332, '00:48']
Better model found at epoch 5 with valid_loss value: 0.4957813322544098.
[6, 0.4951005280017853, 0.49977463483810425, 0.992587685585022, 0.18367359042167664, 1.667358160018921, 0.9204068779945374, '00:50']
[7, 0.4908146560192108, 0.47868141531944275, 0.9926044940948486, 0.1790199875831604, 1.5721207857131958, 0.8973264098167419, '00:48']
Better model found at epoch 7 with valid_loss value: 0.47868141531944275.
[8, 0.48824337124824524, 0.49592655897140503, 0.9929932355880737, 0.17399629950523376, 1.1393747329711914, 0.9421899914741516, '00:48']
[9, 0.48470672965049744, 0.4614615738391876, 0.9926300644874573, 0.1767396479845047, 1.4800279140472412, 0.8728460669517517, '00:47']
Better model found at epoch 9 with valid_loss value: 0.4614615738391876.
[10, 0.48436853289604187, 0.4726340174674988, 0.9928632974624634, 0.17449502646923065, 1.279860258102417, 0.8966588377952576, '00:48']
[11, 0.48547711968421936, 0.4847795069217682, 0.9929366111755371, 0.17461353540420532, 1.2896459102630615, 0.9233758449554443, '00:49']
[12, 0.47456902265548706, 0.4789082705974579, 0.9927926063537598, 0.1755959689617157, 1.4196680784225464, 0.9009916186332703, '00:48']
[13, 0.4870172441005707, 0.49190959334373474, 0.9929731488227844, 0.17409572005271912, 1.215218424797058, 0.9312200546264648, '00:48']
[14, 0.47969743609428406, 0.476103276014328, 0.9925975799560547, 0.1778033822774887, 1.5356156826019287, 0.8893649578094482, '00:48']
[15, 0.4804069399833679, 0.47604990005493164, 0.9926174283027649, 0.17813557386398315, 1.5550118684768677, 0.8950880765914917, '00:49']
[16, 0.4834447205066681, 0.4796924293041229, 0.9927712678909302, 0.17544543743133545, 1.4017703533172607, 0.8943771719932556, '00:50']
[17, 0.48380246758461, 0.4768417477607727, 0.9926014542579651, 0.1785745918750763, 1.582330346107483, 0.891883909702301, '00:48']
No improvement since epoch 9: early stopping
----------
4
----------
DLS create!
[0, 0.5974337458610535, 0.5454847812652588, 0.9916208386421204, 0.19920016825199127, 1.2285830974578857, 0.9965042471885681, '00:48']
Better model found at epoch 0 with valid_loss value: 0.5454847812652588.
[1, 0.5475092530250549, 0.5209026336669922, 0.9915497303009033, 0.18473392724990845, 1.2744228839874268, 0.9847546815872192, '00:48']
Better model found at epoch 1 with valid_loss value: 0.5209026336669922.
[2, 0.524863064289093, 0.5127580165863037, 0.9915176033973694, 0.1803157478570938, 1.3351237773895264, 0.9739090204238892, '00:49']
Better model found at epoch 2 with valid_loss value: 0.5127580165863037.
[3, 0.512794017791748, 0.5313537120819092, 0.991162896156311, 0.19560566544532776, 1.5311403274536133, 0.949192464351654, '00:48']
[4, 0.5028746724128723, 0.5141197443008423, 0.9914510250091553, 0.1763049066066742, 1.3844488859176636, 0.9413107633590698, '00:47']
[5, 0.4961661398410797, 0.4851398766040802, 0.9913088083267212, 0.17720375955104828, 1.4223077297210693, 0.9191048741340637, '00:47']
Better model found at epoch 5 with valid_loss value: 0.4851398766040802.
[6, 0.4932948350906372, 0.4838959276676178, 0.9910467267036438, 0.18079279363155365, 1.6126469373703003, 0.8928912878036499, '00:48']
Better model found at epoch 6 with valid_loss value: 0.4838959276676178.
[7, 0.4908977746963501, 0.5009939074516296, 0.9914781451225281, 0.17601263523101807, 1.406319499015808, 0.946355402469635, '00:50']
[8, 0.49379175901412964, 0.4930087625980377, 0.9914624094963074, 0.175001859664917, 1.287598729133606, 0.9328033328056335, '00:48']
[9, 0.49035412073135376, 0.4856070280075073, 0.9914352893829346, 0.17496657371520996, 1.339076042175293, 0.9137438535690308, '00:48']
[10, 0.48551031947135925, 0.49625876545906067, 0.99154132604599, 0.1739339828491211, 1.1580884456634521, 0.9327399134635925, '00:47']
[11, 0.479591965675354, 0.4951724112033844, 0.9915047287940979, 0.1744859665632248, 1.252422571182251, 0.9317802786827087, '00:48']
[12, 0.4866974949836731, 0.4958202838897705, 0.9911280274391174, 0.1815817505121231, 1.6653040647506714, 0.9004111289978027, '00:49']
[13, 0.48231393098831177, 0.4986504912376404, 0.9910119771957397, 0.18364475667476654, 1.6998757123947144, 0.897728443145752, '00:48']
[14, 0.48119717836380005, 0.48206478357315063, 0.9914003014564514, 0.175226092338562, 1.34725022315979, 0.903956949710846, '00:47']
Better model found at epoch 14 with valid_loss value: 0.48206478357315063.
[15, 0.4815715253353119, 0.4905238747596741, 0.9911925792694092, 0.18002618849277496, 1.6337249279022217, 0.8975176811218262, '00:48']
[16, 0.48296597599983215, 0.47249796986579895, 0.99134361743927, 0.1753014475107193, 1.377807855606079, 0.8884815573692322, '00:48']
Better model found at epoch 16 with valid_loss value: 0.47249796986579895.
[17, 0.4794239103794098, 0.49148932099342346, 0.991483747959137, 0.17451128363609314, 1.2824656963348389, 0.9238185286521912, '00:48']
[18, 0.47723037004470825, 0.47321364283561707, 0.9913378357887268, 0.17517340183258057, 1.389892816543579, 0.8853021264076233, '00:48']
[19, 0.4742664694786072, 0.4762498140335083, 0.991309642791748, 0.17588402330875397, 1.4457331895828247, 0.888451099395752, '00:48']
[20, 0.48367437720298767, 0.47456008195877075, 0.9913315176963806, 0.1753827929496765, 1.3724393844604492, 0.8967825770378113, '00:47']
[21, 0.47522711753845215, 0.4544644355773926, 0.9911913275718689, 0.17524613440036774, 1.397838830947876, 0.8520412445068359, '00:48']
Better model found at epoch 21 with valid_loss value: 0.4544644355773926.
[22, 0.46960458159446716, 0.48280054330825806, 0.9911406636238098, 0.17900200188159943, 1.6027295589447021, 0.8856167197227478, '00:47']
[23, 0.4650280475616455, 0.47750967741012573, 0.9913111925125122, 0.17529191076755524, 1.4189859628677368, 0.8866053819656372, '00:47']
[24, 0.45945388078689575, 0.49433398246765137, 0.9910169243812561, 0.18142230808734894, 1.6876606941223145, 0.8811503648757935, '00:48']
[25, 0.46970605850219727, 0.4662463068962097, 0.9913004636764526, 0.1749536544084549, 1.343430757522583, 0.8790654540061951, '00:47']
[26, 0.46871334314346313, 0.464114248752594, 0.9912484288215637, 0.1753152459859848, 1.3976927995681763, 0.8649381995201111, '00:47']
[27, 0.4639469385147095, 0.48961004614830017, 0.991418719291687, 0.17513898015022278, 1.4012914896011353, 0.9142955541610718, '00:47']
[28, 0.4633486270904541, 0.4677324593067169, 0.9913520812988281, 0.17434589564800262, 1.2711528539657593, 0.86922687292099, '00:47']
[29, 0.4658159911632538, 0.5151998996734619, 0.9911029934883118, 0.185006245970726, 1.7320618629455566, 0.9085472226142883, '00:47']
No improvement since epoch 21: early stopping
MAnet Done!
