Models will save to MAnet_mitb5_x
Use mit_b5 encoder
Start training...
----------
0
----------
DLS create!
[0, 0.6296855807304382, 0.5553973913192749, 0.9912478923797607, 0.20544946193695068, 1.240188479423523, 0.9986391663551331, '00:41']
Better model found at epoch 0 with valid_loss value: 0.5553973913192749.
[1, 0.5580763816833496, 0.5254781246185303, 0.9911490678787231, 0.18756450712680817, 1.2010822296142578, 0.9888019561767578, '00:40']
Better model found at epoch 1 with valid_loss value: 0.5254781246185303.
[2, 0.5298023223876953, 0.5227125287055969, 0.9911734461784363, 0.18184569478034973, 1.2877908945083618, 0.9877082705497742, '00:40']
Better model found at epoch 2 with valid_loss value: 0.5227125287055969.
[3, 0.5154711008071899, 0.5220375657081604, 0.9907999038696289, 0.18982942402362823, 1.4391651153564453, 0.9566795229911804, '00:40']
Better model found at epoch 3 with valid_loss value: 0.5220375657081604.
[4, 0.5097061991691589, 0.5079106092453003, 0.9911375045776367, 0.17587070167064667, 1.2304410934448242, 0.9719215631484985, '00:40']
Better model found at epoch 4 with valid_loss value: 0.5079106092453003.
[5, 0.5038050413131714, 0.504753589630127, 0.9910726547241211, 0.1760166585445404, 1.26217782497406, 0.9620465040206909, '00:41']
Better model found at epoch 5 with valid_loss value: 0.504753589630127.
[6, 0.5025944113731384, 0.5019407272338867, 0.9910034537315369, 0.17694133520126343, 1.323871374130249, 0.9529997110366821, '00:42']
Better model found at epoch 6 with valid_loss value: 0.5019407272338867.
[7, 0.5000039339065552, 0.5038871169090271, 0.991097092628479, 0.17504683136940002, 1.2532297372817993, 0.953203558921814, '00:41']
[8, 0.49429187178611755, 0.5021888017654419, 0.9910525679588318, 0.1748402863740921, 1.255275011062622, 0.9439947605133057, '00:40']
[9, 0.4962403178215027, 0.5042153596878052, 0.9911028742790222, 0.17501823604106903, 1.2281789779663086, 0.9582731127738953, '00:41']
[10, 0.49010443687438965, 0.4926329255104065, 0.9908414483070374, 0.177187979221344, 1.355164885520935, 0.9291911721229553, '00:41']
Better model found at epoch 10 with valid_loss value: 0.4926329255104065.
[11, 0.49652397632598877, 0.5023959875106812, 0.9909377694129944, 0.17759285867214203, 1.4422149658203125, 0.941935122013092, '00:41']
[12, 0.4938904941082001, 0.48192140460014343, 0.9907045364379883, 0.17733809351921082, 1.4962211847305298, 0.9008119106292725, '00:43']
Better model found at epoch 12 with valid_loss value: 0.48192140460014343.
[13, 0.4945135712623596, 0.4961756765842438, 0.9905637502670288, 0.18202106654644012, 1.6432271003723145, 0.9078450798988342, '00:40']
[14, 0.4950072169303894, 0.49856722354888916, 0.9909160137176514, 0.17691364884376526, 1.471969485282898, 0.9343839287757874, '00:43']
[15, 0.4905257523059845, 0.5192518830299377, 0.9906284213066101, 0.18965266644954681, 1.6503322124481201, 0.9399183988571167, '00:43']
[16, 0.4892350733280182, 0.48706355690956116, 0.9909349083900452, 0.17471736669540405, 1.3206983804702759, 0.9136204719543457, '00:42']
[17, 0.48716869950294495, 0.47866129875183105, 0.9906023144721985, 0.1783076673746109, 1.5420926809310913, 0.8933175802230835, '00:41']
Better model found at epoch 17 with valid_loss value: 0.47866129875183105.
[18, 0.480553537607193, 0.4803107976913452, 0.9907833337783813, 0.17594663798809052, 1.447354793548584, 0.8973928689956665, '00:43']
[19, 0.4822162389755249, 0.4850850999355316, 0.9908522367477417, 0.17585930228233337, 1.420927882194519, 0.9100602269172668, '00:41']
[20, 0.4819723069667816, 0.48572108149528503, 0.9909765124320984, 0.1745026856660843, 1.274979829788208, 0.9133093953132629, '00:43']
[21, 0.47935158014297485, 0.4787161946296692, 0.9907917380332947, 0.17526455223560333, 1.406119465827942, 0.8876920342445374, '00:41']
[22, 0.4776546359062195, 0.4840734004974365, 0.9904783964157104, 0.17981289327144623, 1.6274837255477905, 0.8827341198921204, '00:42']
[23, 0.4789851903915405, 0.4793906807899475, 0.990727961063385, 0.17651169002056122, 1.480950117111206, 0.895266592502594, '00:42']
[24, 0.47493818402290344, 0.47166919708251953, 0.990717351436615, 0.17550578713417053, 1.422869324684143, 0.8769914507865906, '00:41']
Better model found at epoch 24 with valid_loss value: 0.47166919708251953.
[25, 0.4785175323486328, 0.4710920751094818, 0.9907324910163879, 0.17551207542419434, 1.4142307043075562, 0.8813472986221313, '00:41']
Better model found at epoch 25 with valid_loss value: 0.4710920751094818.
[26, 0.4755862355232239, 0.49080079793930054, 0.9909600019454956, 0.1741681545972824, 1.2671095132827759, 0.9118080735206604, '00:41']
[27, 0.474611759185791, 0.4852181673049927, 0.990933895111084, 0.17475438117980957, 1.3301382064819336, 0.9078336358070374, '00:43']
[28, 0.4759350121021271, 0.5505788326263428, 0.9901666641235352, 0.20050948858261108, 1.8291178941726685, 0.909098744392395, '00:42']
[29, 0.4755893349647522, 0.47223788499832153, 0.9908179640769958, 0.17477339506149292, 1.3213121891021729, 0.8875616192817688, '00:42']
[30, 0.4803839325904846, 0.47025617957115173, 0.9906032681465149, 0.17608951032161713, 1.4662832021713257, 0.8732306361198425, '00:43']
Better model found at epoch 30 with valid_loss value: 0.47025617957115173.
[31, 0.46796151995658875, 0.477539598941803, 0.9903329014778137, 0.17966924607753754, 1.6267595291137695, 0.8653963804244995, '00:42']
[32, 0.4655255973339081, 0.46746641397476196, 0.9907480478286743, 0.174746572971344, 1.3467425107955933, 0.8720543384552002, '00:41']
Better model found at epoch 32 with valid_loss value: 0.46746641397476196.
[33, 0.4715772271156311, 0.46531057357788086, 0.9906984567642212, 0.17532716691493988, 1.4143171310424805, 0.8644835948944092, '00:43']
Better model found at epoch 33 with valid_loss value: 0.46531057357788086.
[34, 0.4720695912837982, 0.4689468443393707, 0.9907925724983215, 0.17479835450649261, 1.3564074039459229, 0.8728927969932556, '00:42']
[35, 0.47582879662513733, 0.47692376375198364, 0.990324079990387, 0.18038663268089294, 1.6444132328033447, 0.8647786378860474, '00:42']
[36, 0.4740173816680908, 0.475248783826828, 0.9908517599105835, 0.17426550388336182, 1.2511132955551147, 0.8898190855979919, '00:42']
[37, 0.46682724356651306, 0.4642481207847595, 0.9906306266784668, 0.17549854516983032, 1.4170379638671875, 0.8644978404045105, '00:42']
Better model found at epoch 37 with valid_loss value: 0.4642481207847595.
[38, 0.47135862708091736, 0.481778085231781, 0.9909260869026184, 0.17413049936294556, 1.255741834640503, 0.8948265314102173, '00:41']
[39, 0.474208801984787, 0.46381133794784546, 0.9906783103942871, 0.17499861121177673, 1.3630884885787964, 0.8686519861221313, '00:43']
Better model found at epoch 39 with valid_loss value: 0.46381133794784546.
[40, 0.47587835788726807, 0.459994375705719, 0.9905349612236023, 0.17616891860961914, 1.4729012250900269, 0.855465292930603, '00:42']
Better model found at epoch 40 with valid_loss value: 0.459994375705719.
[41, 0.47085681557655334, 0.4653145670890808, 0.9907753467559814, 0.17458878457546234, 1.3280633687973022, 0.8655329346656799, '00:40']
[42, 0.4735289216041565, 0.46198633313179016, 0.9906703233718872, 0.1752505898475647, 1.3941442966461182, 0.8649013638496399, '00:42']
[43, 0.47161081433296204, 0.4717622697353363, 0.9908868074417114, 0.17387443780899048, 1.1903177499771118, 0.8782603144645691, '00:42']
[44, 0.46912744641304016, 0.4517778158187866, 0.990533709526062, 0.1752634048461914, 1.397830843925476, 0.8443077206611633, '00:41']
Better model found at epoch 44 with valid_loss value: 0.4517778158187866.
[45, 0.46243178844451904, 0.6194655299186707, 0.990208625793457, 0.2161525934934616, 1.893930435180664, 0.9229978322982788, '00:42']
[46, 0.45848536491394043, 0.46650850772857666, 0.9907001256942749, 0.17505544424057007, 1.3848854303359985, 0.8678455948829651, '00:43']
[47, 0.4672899544239044, 0.4673866033554077, 0.9906811118125916, 0.1754452884197235, 1.4194575548171997, 0.8682878613471985, '00:43']
[48, 0.46043041348457336, 0.46478697657585144, 0.9906246066093445, 0.17554721236228943, 1.4247385263442993, 0.8639134168624878, '00:41']
[49, 0.46280473470687866, 0.45772796869277954, 0.9906551837921143, 0.17448030412197113, 1.3023247718811035, 0.8536015152931213, '00:42']
[50, 0.4716722369194031, 0.494936466217041, 0.9903284907341003, 0.1836857795715332, 1.7026435136795044, 0.8787620663642883, '00:42']
[51, 0.46112751960754395, 0.47467929124832153, 0.990289568901062, 0.17958824336528778, 1.631088137626648, 0.8563191294670105, '00:42']
[52, 0.45892247557640076, 0.4770224690437317, 0.9908520579338074, 0.17378027737140656, 1.1928207874298096, 0.8796035051345825, '00:41']
No improvement since epoch 44: early stopping
----------
1
----------
DLS create!
[0, 0.6987929940223694, 0.6031261086463928, 0.9928968548774719, 0.23624028265476227, 1.3431174755096436, 0.9996781349182129, '00:44']
Better model found at epoch 0 with valid_loss value: 0.6031261086463928.
[1, 0.5945994257926941, 0.5315468311309814, 0.9929015040397644, 0.18972952663898468, 1.1497842073440552, 0.9989463686943054, '00:44']
Better model found at epoch 1 with valid_loss value: 0.5315468311309814.
[2, 0.5497824549674988, 0.5219736695289612, 0.9928929805755615, 0.18300096690654755, 1.1546534299850464, 0.9973233342170715, '00:44']
Better model found at epoch 2 with valid_loss value: 0.5219736695289612.
[3, 0.5297120213508606, 0.5167825818061829, 0.9929049015045166, 0.1771703064441681, 1.0622200965881348, 0.9980502724647522, '00:47']
Better model found at epoch 3 with valid_loss value: 0.5167825818061829.
[4, 0.5205448269844055, 0.5092275142669678, 0.9927547574043274, 0.17968407273292542, 1.2585182189941406, 0.9789907336235046, '00:45']
Better model found at epoch 4 with valid_loss value: 0.5092275142669678.
[5, 0.5138474702835083, 0.5089824795722961, 0.9925078749656677, 0.18451808393001556, 1.4175310134887695, 0.9575914740562439, '00:44']
Better model found at epoch 5 with valid_loss value: 0.5089824795722961.
[6, 0.5094022154808044, 0.49793654680252075, 0.9926078915596008, 0.17809215188026428, 1.361804723739624, 0.9521411061286926, '00:43']
Better model found at epoch 6 with valid_loss value: 0.49793654680252075.
[7, 0.506942093372345, 0.4904349446296692, 0.9925835132598877, 0.17721004784107208, 1.3082984685897827, 0.9442070722579956, '00:45']
Better model found at epoch 7 with valid_loss value: 0.4904349446296692.
[8, 0.5057578086853027, 0.5012648105621338, 0.9923538565635681, 0.18475884199142456, 1.4250593185424805, 0.9371704459190369, '00:43']
[9, 0.5065233707427979, 0.4957734942436218, 0.9926883578300476, 0.17618092894554138, 1.3113155364990234, 0.9529253244400024, '00:43']
[10, 0.5004841685295105, 0.49270159006118774, 0.9927124381065369, 0.17461314797401428, 1.204878568649292, 0.9452011585235596, '00:44']
[11, 0.4983074367046356, 0.4732433557510376, 0.9924409985542297, 0.17662441730499268, 1.3408104181289673, 0.9073342680931091, '00:43']
Better model found at epoch 11 with valid_loss value: 0.4732433557510376.
[12, 0.49893689155578613, 0.483610600233078, 0.992416262626648, 0.17903615534305573, 1.3884409666061401, 0.919131875038147, '00:42']
[13, 0.49808573722839355, 0.4955799877643585, 0.9927090406417847, 0.17554029822349548, 1.2780444622039795, 0.9512538909912109, '00:43']
[14, 0.49615246057510376, 0.4694822430610657, 0.992408812046051, 0.17654138803482056, 1.3387014865875244, 0.8995076417922974, '00:44']
Better model found at epoch 14 with valid_loss value: 0.4694822430610657.
[15, 0.4991472363471985, 0.47617489099502563, 0.9924965500831604, 0.17621824145317078, 1.3183366060256958, 0.9168424606323242, '00:43']
[16, 0.4994085431098938, 0.4769040644168854, 0.9925514459609985, 0.17513614892959595, 1.2784912586212158, 0.9166957139968872, '00:44']
[17, 0.4932253360748291, 0.484483927488327, 0.992645800113678, 0.17482197284698486, 1.263096570968628, 0.9269698858261108, '00:43']
[18, 0.4915570318698883, 0.48349064588546753, 0.9926503300666809, 0.17498068511486053, 1.2848830223083496, 0.9251323938369751, '00:44']
[19, 0.49159345030784607, 0.4847106337547302, 0.9920256733894348, 0.1852395385503769, 1.546322226524353, 0.8870503902435303, '00:44']
[20, 0.49820634722709656, 0.47496527433395386, 0.9924106597900391, 0.17751716077327728, 1.4268732070922852, 0.909084677696228, '00:45']
[21, 0.49126556515693665, 0.45501214265823364, 0.9921994805335999, 0.1772492378950119, 1.5071241855621338, 0.8627722859382629, '00:45']
Better model found at epoch 21 with valid_loss value: 0.45501214265823364.
[22, 0.49235233664512634, 0.46529194712638855, 0.9924494028091431, 0.1756521761417389, 1.401460886001587, 0.8882715702056885, '00:44']
[23, 0.49056476354599, 0.4589588940143585, 0.9923733472824097, 0.17538510262966156, 1.3718246221542358, 0.8783128261566162, '00:44']
[24, 0.49556899070739746, 0.46518370509147644, 0.9923702478408813, 0.17676156759262085, 1.4334232807159424, 0.8875123262405396, '00:46']
[25, 0.48962587118148804, 0.47623419761657715, 0.9925494194030762, 0.1754666119813919, 1.3934972286224365, 0.9077215194702148, '00:46']
[26, 0.4886420965194702, 0.45541825890541077, 0.9919701814651489, 0.17953826487064362, 1.615156888961792, 0.845276951789856, '00:44']
[27, 0.486078143119812, 0.47346267104148865, 0.9925475716590881, 0.1752738654613495, 1.361484408378601, 0.9038798213005066, '00:44']
[28, 0.49122971296310425, 0.48250147700309753, 0.9926623106002808, 0.17443232238292694, 1.2515569925308228, 0.9168347716331482, '00:45']
[29, 0.49160534143447876, 0.46337223052978516, 0.9924256801605225, 0.17552576959133148, 1.38887357711792, 0.8843554258346558, '00:46']
No improvement since epoch 21: early stopping
----------
2
----------
DLS create!
[0, 0.6252488493919373, 0.5458648204803467, 0.9814438223838806, 0.19937202334403992, 1.1999446153640747, 0.9964393377304077, '00:44']
Better model found at epoch 0 with valid_loss value: 0.5458648204803467.
[1, 0.555902898311615, 0.5212910175323486, 0.981417179107666, 0.18309324979782104, 1.1417694091796875, 0.9906119704246521, '00:43']
Better model found at epoch 1 with valid_loss value: 0.5212910175323486.
[2, 0.5299991369247437, 0.5137996077537537, 0.9813371896743774, 0.1808096021413803, 1.2216112613677979, 0.9781613945960999, '00:46']
Better model found at epoch 2 with valid_loss value: 0.5137996077537537.
[3, 0.5156242251396179, 0.49644991755485535, 0.9810615181922913, 0.1805468201637268, 1.4511284828186035, 0.933349609375, '00:45']
Better model found at epoch 3 with valid_loss value: 0.49644991755485535.
[4, 0.507373571395874, 0.502957284450531, 0.9812783598899841, 0.17675627768039703, 1.3331403732299805, 0.9548622369766235, '00:44']
[5, 0.5027260184288025, 0.5198456645011902, 0.981435239315033, 0.17442333698272705, 1.1476902961730957, 0.9764804840087891, '00:45']
[6, 0.5054647922515869, 0.5037898421287537, 0.9812870621681213, 0.17651909589767456, 1.3099842071533203, 0.9555403590202332, '00:44']
[7, 0.5012370944023132, 0.4923202097415924, 0.9811793565750122, 0.17656110227108002, 1.3378857374191284, 0.9325675368309021, '00:45']
Better model found at epoch 7 with valid_loss value: 0.4923202097415924.
[8, 0.5008431673049927, 0.5751329064369202, 0.9814175367355347, 0.21133895218372345, 1.5225788354873657, 0.9955055713653564, '00:44']
[9, 0.5060351490974426, 0.5162530541419983, 0.9814269542694092, 0.17559459805488586, 1.1419720649719238, 0.9829111695289612, '00:45']
[10, 0.5016446113586426, 0.4895302653312683, 0.9811316132545471, 0.176751047372818, 1.3918142318725586, 0.9210266470909119, '00:45']
Better model found at epoch 10 with valid_loss value: 0.4895302653312683.
[11, 0.5017814040184021, 0.5117743015289307, 0.9813849925994873, 0.17475436627864838, 1.217550277709961, 0.9653347730636597, '00:44']
[12, 0.4985055923461914, 0.4968380331993103, 0.9809471964836121, 0.18138068914413452, 1.550691843032837, 0.9184479713439941, '00:45']
[13, 0.5000573992729187, 0.5123914480209351, 0.9813796281814575, 0.1743948608636856, 1.1659423112869263, 0.9626659154891968, '00:46']
[14, 0.49783486127853394, 0.485625684261322, 0.9810433387756348, 0.1784605234861374, 1.4558746814727783, 0.9085462689399719, '00:44']
Better model found at epoch 14 with valid_loss value: 0.485625684261322.
[15, 0.4932360351085663, 0.48872894048690796, 0.9809203743934631, 0.18058331310749054, 1.541202187538147, 0.9049452543258667, '00:45']
[16, 0.4932217001914978, 0.4833121597766876, 0.9809778332710266, 0.17855539917945862, 1.4824771881103516, 0.9001727104187012, '00:43']
Better model found at epoch 16 with valid_loss value: 0.4833121597766876.
[17, 0.49121034145355225, 0.5187601447105408, 0.9814222455024719, 0.17398707568645477, 1.1206798553466797, 0.9688141345977783, '00:44']
[18, 0.4889920949935913, 0.48895263671875, 0.9811133742332458, 0.17666737735271454, 1.419142484664917, 0.9120408892631531, '00:44']
[19, 0.495161771774292, 0.4754678010940552, 0.980961263179779, 0.17790429294109344, 1.4677345752716064, 0.8852016925811768, '00:43']
Better model found at epoch 19 with valid_loss value: 0.4754678010940552.
[20, 0.4894116222858429, 0.4858878254890442, 0.9811252951622009, 0.17592473328113556, 1.3712180852890015, 0.9011475443840027, '00:44']
[21, 0.48896318674087524, 0.48767295479774475, 0.9812420606613159, 0.17481236159801483, 1.2467713356018066, 0.9114973545074463, '00:43']
[22, 0.4905472695827484, 0.47320231795310974, 0.9808463454246521, 0.1789952963590622, 1.526703119277954, 0.8718742728233337, '00:43']
Better model found at epoch 22 with valid_loss value: 0.47320231795310974.
[23, 0.4883471131324768, 0.5070177316665649, 0.9813817143440247, 0.173895001411438, 1.1163215637207031, 0.9420887231826782, '00:44']
[24, 0.48778754472732544, 0.5255964398384094, 0.9814466834068298, 0.17353427410125732, 1.0383172035217285, 0.9709667563438416, '00:44']
[25, 0.48208948969841003, 0.5713015198707581, 0.9802989363670349, 0.20650732517242432, 1.8504953384399414, 0.8891443014144897, '00:44']
[26, 0.4855996072292328, 0.48199793696403503, 0.9811875820159912, 0.17486566305160522, 1.2629199028015137, 0.8973966836929321, '00:43']
[27, 0.4821992516517639, 0.47385135293006897, 0.981075644493103, 0.1754414588212967, 1.3436728715896606, 0.880859375, '00:43']
[28, 0.48167774081230164, 0.5102522373199463, 0.9813600778579712, 0.17382004857063293, 1.0670117139816284, 0.9455580115318298, '00:44']
[29, 0.48497092723846436, 0.49088913202285767, 0.9811866879463196, 0.1759045273065567, 1.320190668106079, 0.9222993850708008, '00:43']
[30, 0.4857259690761566, 0.4654986262321472, 0.9809828996658325, 0.17618152499198914, 1.3816620111465454, 0.868522584438324, '00:44']
Better model found at epoch 30 with valid_loss value: 0.4654986262321472.
[31, 0.4827602207660675, 0.4647597074508667, 0.9807502031326294, 0.1787172108888626, 1.5398327112197876, 0.8513144850730896, '00:43']
Better model found at epoch 31 with valid_loss value: 0.4647597074508667.
[32, 0.4794953167438507, 0.5003398656845093, 0.980617880821228, 0.1852499544620514, 1.710999608039856, 0.8677252531051636, '00:45']
[33, 0.48225411772727966, 0.47319653630256653, 0.9809117317199707, 0.17789919674396515, 1.4877039194107056, 0.8786290287971497, '00:43']
[34, 0.4738578498363495, 0.49856841564178467, 0.9813290238380432, 0.17403839528560638, 1.1498814821243286, 0.9225992560386658, '00:43']
[35, 0.4731762111186981, 0.4842556416988373, 0.9812325239181519, 0.174195796251297, 1.1901090145111084, 0.8895940780639648, '00:43']
[36, 0.4807843863964081, 0.4828434884548187, 0.9808390140533447, 0.18000325560569763, 1.5644569396972656, 0.8751524090766907, '00:44']
[37, 0.48514145612716675, 0.4723803997039795, 0.9805171489715576, 0.18292321264743805, 1.6360673904418945, 0.845919668674469, '00:45']
[38, 0.4714146852493286, 0.5023908019065857, 0.9805700182914734, 0.1863030642271042, 1.712258219718933, 0.8648046255111694, '00:43']
[39, 0.47016826272010803, 0.47018158435821533, 0.9810139536857605, 0.17545805871486664, 1.3304744958877563, 0.8706235885620117, '00:45']
No improvement since epoch 31: early stopping
----------
3
----------
DLS create!
[0, 0.6673716306686401, 0.5711113214492798, 0.9905474185943604, 0.21492601931095123, 1.352309226989746, 1.0008304119110107, '00:45']
Better model found at epoch 0 with valid_loss value: 0.5711113214492798.
[1, 0.5760412216186523, 0.5271815657615662, 0.990512490272522, 0.1857004314661026, 1.1371185779571533, 0.996518611907959, '00:43']
Better model found at epoch 1 with valid_loss value: 0.5271815657615662.
[2, 0.540414035320282, 0.5147700905799866, 0.9903561472892761, 0.1821179836988449, 1.2239112854003906, 0.979324460029602, '00:44']
Better model found at epoch 2 with valid_loss value: 0.5147700905799866.
[3, 0.5248265266418457, 0.5147033929824829, 0.9901746511459351, 0.18553568422794342, 1.3469854593276978, 0.9658782482147217, '00:42']
Better model found at epoch 3 with valid_loss value: 0.5147033929824829.
[4, 0.5140100121498108, 0.5117475390434265, 0.9900327324867249, 0.1859521120786667, 1.4151023626327515, 0.952457845211029, '00:43']
Better model found at epoch 4 with valid_loss value: 0.5117475390434265.
[5, 0.5107424259185791, 0.5128021240234375, 0.9904440641403198, 0.17564769089221954, 1.151996374130249, 0.9789493083953857, '00:43']
[6, 0.5057476162910461, 0.4956904649734497, 0.9901731610298157, 0.17721977829933167, 1.3149203062057495, 0.9418121576309204, '00:43']
Better model found at epoch 6 with valid_loss value: 0.4956904649734497.
[7, 0.503470778465271, 0.51622474193573, 0.9904642105102539, 0.1750730723142624, 1.1466699838638306, 0.9803405404090881, '00:43']
[8, 0.5025579333305359, 0.5483735799789429, 0.9897263050079346, 0.2060329020023346, 1.6175357103347778, 0.9438464641571045, '00:44']
[9, 0.5026853680610657, 0.5014584064483643, 0.9903067946434021, 0.17489105463027954, 1.2307357788085938, 0.9480702877044678, '00:44']
[10, 0.5026205778121948, 0.5053020119667053, 0.9903015494346619, 0.17522448301315308, 1.2904869318008423, 0.9500928521156311, '00:43']
[11, 0.5030648708343506, 0.49248406291007996, 0.9900913238525391, 0.17718791961669922, 1.409304141998291, 0.930091381072998, '00:42']
Better model found at epoch 11 with valid_loss value: 0.49248406291007996.
[12, 0.4978177845478058, 0.6624705791473389, 0.9896044135093689, 0.252463161945343, 1.8371145725250244, 0.9503036141395569, '00:43']
[13, 0.5009406208992004, 0.5061389803886414, 0.9903625845909119, 0.17532549798488617, 1.2908653020858765, 0.9565265774726868, '00:43']
[14, 0.49916112422943115, 0.5002942085266113, 0.9902265071868896, 0.17699600756168365, 1.4398537874221802, 0.9431699514389038, '00:43']
[15, 0.49787986278533936, 0.48820966482162476, 0.9901339411735535, 0.1753854602575302, 1.3304003477096558, 0.9203223586082458, '00:41']
Better model found at epoch 15 with valid_loss value: 0.48820966482162476.
[16, 0.49000367522239685, 0.4975423216819763, 0.9901392459869385, 0.17627876996994019, 1.4202450513839722, 0.9204627871513367, '00:41']
[17, 0.4943840801715851, 0.4860515296459198, 0.9900908470153809, 0.17607824504375458, 1.387286901473999, 0.914673924446106, '00:41']
Better model found at epoch 17 with valid_loss value: 0.4860515296459198.
[18, 0.4947966933250427, 0.49168896675109863, 0.9899203777313232, 0.17991620302200317, 1.5716147422790527, 0.9081729054450989, '00:41']
[19, 0.49633169174194336, 0.48367181420326233, 0.99001544713974, 0.17715248465538025, 1.4662870168685913, 0.9077621102333069, '00:41']
Better model found at epoch 19 with valid_loss value: 0.48367181420326233.
[20, 0.49508798122406006, 0.47171735763549805, 0.9899277091026306, 0.17614863812923431, 1.4169598817825317, 0.8846418857574463, '00:41']
Better model found at epoch 20 with valid_loss value: 0.47171735763549805.
[21, 0.48876577615737915, 0.4796433448791504, 0.9898768663406372, 0.17770935595035553, 1.5234373807907104, 0.8902204036712646, '00:42']
[22, 0.4878416061401367, 0.48164016008377075, 0.9900741577148438, 0.17543281614780426, 1.3583043813705444, 0.9040237665176392, '00:41']
[23, 0.4884513318538666, 0.48104485869407654, 0.9896913766860962, 0.180967777967453, 1.622137427330017, 0.8827963471412659, '00:42']
[24, 0.4892824590206146, 0.516776978969574, 0.9897529482841492, 0.1887485384941101, 1.7093201875686646, 0.9245090484619141, '00:41']
[25, 0.49392059445381165, 0.5059524774551392, 0.9903920292854309, 0.1739134043455124, 1.1132632493972778, 0.9454885721206665, '00:41']
[26, 0.4864530861377716, 0.47780051827430725, 0.9900120496749878, 0.17443759739398956, 1.231997013092041, 0.8898020386695862, '00:41']
[27, 0.4911002218723297, 0.49383288621902466, 0.990229606628418, 0.17479337751865387, 1.289994716644287, 0.924552857875824, '00:41']
[28, 0.4891003370285034, 0.47058504819869995, 0.9898940920829773, 0.17667394876480103, 1.427297830581665, 0.8823562860488892, '00:41']
Better model found at epoch 28 with valid_loss value: 0.47058504819869995.
[29, 0.486661434173584, 0.4728550612926483, 0.9897075295448303, 0.17915749549865723, 1.5804734230041504, 0.8696375489234924, '00:40']
[30, 0.484609991312027, 0.47833871841430664, 0.9900988340377808, 0.1742372065782547, 1.2053461074829102, 0.891746461391449, '00:41']
[31, 0.4855859577655792, 0.48981520533561707, 0.9895317554473877, 0.18346858024597168, 1.6943423748016357, 0.8724542260169983, '00:41']
[32, 0.4877587854862213, 0.48038992285728455, 0.9901770353317261, 0.17433832585811615, 1.2178432941436768, 0.8990308046340942, '00:41']
[33, 0.48426175117492676, 0.45929551124572754, 0.9898355603218079, 0.1757814884185791, 1.4155973196029663, 0.8555007576942444, '00:41']
Better model found at epoch 33 with valid_loss value: 0.45929551124572754.
[34, 0.4808483123779297, 0.4773188531398773, 0.9896414279937744, 0.18012064695358276, 1.6194639205932617, 0.8753506541252136, '00:41']
[35, 0.47975102066993713, 0.47658771276474, 0.9898262023925781, 0.17855024337768555, 1.5781216621398926, 0.8716519474983215, '00:41']
[36, 0.4755550026893616, 0.4710622727870941, 0.9899230599403381, 0.1764093041419983, 1.4708454608917236, 0.8705752491950989, '00:42']
[37, 0.4824988543987274, 0.4663437008857727, 0.9897834062576294, 0.1772548258304596, 1.4924430847167969, 0.8685476779937744, '00:41']
[38, 0.4796614646911621, 0.4606349766254425, 0.9897463917732239, 0.1771143525838852, 1.4997520446777344, 0.8517811894416809, '00:41']
[39, 0.4843536615371704, 0.466309517621994, 0.9897764921188354, 0.17767097055912018, 1.538681983947754, 0.8597202897071838, '00:41']
[40, 0.47767436504364014, 0.4613768458366394, 0.9899670481681824, 0.17457784712314606, 1.2908382415771484, 0.8550135493278503, '00:41']
[41, 0.4785477817058563, 0.46862858533859253, 0.9899080991744995, 0.17665603756904602, 1.475960373878479, 0.8676885962486267, '00:43']
No improvement since epoch 33: early stopping
----------
4
----------
DLS create!
[0, 0.6334671974182129, 0.5517114400863647, 0.9918192028999329, 0.20358698070049286, 1.2392204999923706, 0.9971698522567749, '00:42']
Better model found at epoch 0 with valid_loss value: 0.5517114400863647.
[1, 0.5594958066940308, 0.5201819539070129, 0.9918315410614014, 0.18131065368652344, 1.0849571228027344, 0.9958155155181885, '00:41']
Better model found at epoch 1 with valid_loss value: 0.5201819539070129.
[2, 0.5329853892326355, 0.5155602693557739, 0.9917535781860352, 0.18119607865810394, 1.17777419090271, 0.9852676391601562, '00:41']
Better model found at epoch 2 with valid_loss value: 0.5155602693557739.
[3, 0.5180037021636963, 0.5188673138618469, 0.9914504885673523, 0.18969720602035522, 1.4417500495910645, 0.9598163366317749, '00:42']
[4, 0.5118479132652283, 0.512271523475647, 0.9914849400520325, 0.18511396646499634, 1.452785849571228, 0.9560349583625793, '00:41']
Better model found at epoch 4 with valid_loss value: 0.512271523475647.
[5, 0.5113109946250916, 0.5122236013412476, 0.9917901158332825, 0.17631365358829498, 1.1025745868682861, 0.985262393951416, '00:41']
Better model found at epoch 5 with valid_loss value: 0.5122236013412476.
[6, 0.5060391426086426, 0.49844828248023987, 0.9916163682937622, 0.1773330718278885, 1.400225281715393, 0.9481784701347351, '00:41']
Better model found at epoch 6 with valid_loss value: 0.49844828248023987.
[7, 0.5041630864143372, 0.5062342286109924, 0.9913299679756165, 0.18561908602714539, 1.5744096040725708, 0.9360297322273254, '00:41']
[8, 0.4983949363231659, 0.49625664949417114, 0.9915127158164978, 0.17903971672058105, 1.510414481163025, 0.9360511302947998, '00:41']
Better model found at epoch 8 with valid_loss value: 0.49625664949417114.
[9, 0.494524210691452, 0.49934855103492737, 0.9915547966957092, 0.1778022050857544, 1.494142770767212, 0.9368407130241394, '00:41']
[10, 0.496773362159729, 0.4994579553604126, 0.9912920594215393, 0.18299855291843414, 1.6493167877197266, 0.9183751940727234, '00:42']
[11, 0.49289119243621826, 0.4966017007827759, 0.9912915825843811, 0.18276865780353546, 1.6096335649490356, 0.9177935123443604, '00:41']
[12, 0.4969049394130707, 0.49729254841804504, 0.9915719032287598, 0.17739637196063995, 1.4657701253890991, 0.9360353350639343, '00:42']
[13, 0.4971217215061188, 0.49107494950294495, 0.9914081692695618, 0.17959152162075043, 1.5427058935165405, 0.9193713665008545, '00:42']
Better model found at epoch 13 with valid_loss value: 0.49107494950294495.
[14, 0.4957679212093353, 0.4970133900642395, 0.9916518330574036, 0.1754366010427475, 1.3274632692337036, 0.9397854208946228, '00:41']
[15, 0.4987061023712158, 0.4865438640117645, 0.991336464881897, 0.17990274727344513, 1.5318434238433838, 0.9117242693901062, '00:41']
Better model found at epoch 15 with valid_loss value: 0.4865438640117645.
[16, 0.4936884641647339, 0.49458909034729004, 0.9913246035575867, 0.1804673671722412, 1.6009769439697266, 0.912632405757904, '00:41']
[17, 0.49156954884529114, 0.49221137166023254, 0.9916152954101562, 0.1756986379623413, 1.3599605560302734, 0.9326707720756531, '00:41']
[18, 0.48485270142555237, 0.48898470401763916, 0.9915947318077087, 0.17526473104953766, 1.3281406164169312, 0.9244568943977356, '00:41']
[19, 0.48836106061935425, 0.4966025650501251, 0.9916043877601624, 0.17670802772045135, 1.4133707284927368, 0.9413077235221863, '00:41']
[20, 0.4907190799713135, 0.49717897176742554, 0.9916213154792786, 0.17619746923446655, 1.400206446647644, 0.9375206232070923, '00:41']
[21, 0.49204203486442566, 0.48703068494796753, 0.9915673136711121, 0.17591911554336548, 1.3783867359161377, 0.9221184849739075, '00:41']
[22, 0.48028564453125, 0.47736650705337524, 0.9913255572319031, 0.17762528359889984, 1.5268090963363647, 0.8863999843597412, '00:41']
Better model found at epoch 22 with valid_loss value: 0.47736650705337524.
[23, 0.47668394446372986, 0.4951044023036957, 0.9915012717247009, 0.17728254199028015, 1.4993664026260376, 0.9161645174026489, '00:41']
[24, 0.480816125869751, 0.48999208211898804, 0.9916501641273499, 0.17443875968456268, 1.2346736192703247, 0.9212098717689514, '00:41']
[25, 0.48610252141952515, 0.4811544418334961, 0.9910531044006348, 0.18177294731140137, 1.6509791612625122, 0.8769021034240723, '00:41']
[26, 0.4849749803543091, 0.5284419059753418, 0.9907624125480652, 0.19651755690574646, 1.8136037588119507, 0.8871753215789795, '00:42']
[27, 0.48316437005996704, 0.48724859952926636, 0.99163818359375, 0.17435096204280853, 1.2077966928482056, 0.9184516072273254, '00:41']
[28, 0.4850553572177887, 0.477719783782959, 0.9915047287940979, 0.17515669763088226, 1.3323038816452026, 0.9001386761665344, '00:42']
[29, 0.4842093288898468, 0.4690325856208801, 0.991188645362854, 0.17840901017189026, 1.5494494438171387, 0.8719294667243958, '00:41']
Better model found at epoch 29 with valid_loss value: 0.4690325856208801.
[30, 0.4752334952354431, 0.477262020111084, 0.991439700126648, 0.1758764386177063, 1.4093563556671143, 0.8928225636482239, '00:42']
[31, 0.4702109694480896, 0.48692604899406433, 0.9910489320755005, 0.18229903280735016, 1.6720877885818481, 0.8775798678398132, '00:41']
[32, 0.47330182790756226, 0.4828392565250397, 0.9910155534744263, 0.18222355842590332, 1.6699321269989014, 0.8720822334289551, '00:41']
[33, 0.47735485434532166, 0.4753783643245697, 0.990935742855072, 0.1821327656507492, 1.6553504467010498, 0.8626095652580261, '00:41']
[34, 0.47902610898017883, 0.4822932481765747, 0.9915860295295715, 0.17459416389465332, 1.2609477043151855, 0.9069002866744995, '00:41']
[35, 0.4716624319553375, 0.5140002369880676, 0.9913830161094666, 0.18409357964992523, 1.6447242498397827, 0.9346792101860046, '00:41']
[36, 0.47142159938812256, 0.4626200795173645, 0.9908512234687805, 0.18067024648189545, 1.6338988542556763, 0.8416087031364441, '00:41']
Better model found at epoch 36 with valid_loss value: 0.4626200795173645.
[37, 0.4769350290298462, 0.4707169234752655, 0.9914902448654175, 0.1747007668018341, 1.2824467420578003, 0.8837800025939941, '00:41']
[38, 0.4691041111946106, 0.473332941532135, 0.9914029240608215, 0.17554645240306854, 1.3869909048080444, 0.8829054236412048, '00:42']
[39, 0.46758586168289185, 0.4815392792224884, 0.9915449619293213, 0.17434769868850708, 1.2480075359344482, 0.8935330510139465, '00:42']
[40, 0.4633210301399231, 0.46969202160835266, 0.9911491870880127, 0.17809328436851501, 1.5299707651138306, 0.866890549659729, '00:43']
[41, 0.4635055959224701, 0.47491905093193054, 0.991550087928772, 0.17408794164657593, 1.1996393203735352, 0.8796091675758362, '00:42']
[42, 0.46477076411247253, 0.4607980251312256, 0.9912101030349731, 0.17673318088054657, 1.472629189491272, 0.8557308316230774, '00:42']
Better model found at epoch 42 with valid_loss value: 0.4607980251312256.
[43, 0.4679211378097534, 0.4763839840888977, 0.9908850789070129, 0.18174098432064056, 1.6694271564483643, 0.8496663570404053, '00:41']
[44, 0.4701770544052124, 0.5660475492477417, 0.990476131439209, 0.20691370964050293, 1.866504430770874, 0.8777086138725281, '00:42']
[45, 0.47210776805877686, 0.453418493270874, 0.9911935925483704, 0.1764514297246933, 1.4578136205673218, 0.8481069803237915, '00:41']
Better model found at epoch 45 with valid_loss value: 0.453418493270874.
[46, 0.4702824652194977, 0.449444979429245, 0.991240918636322, 0.17557531595230103, 1.38645339012146, 0.8446989059448242, '00:41']
Better model found at epoch 46 with valid_loss value: 0.449444979429245.
[47, 0.46818670630455017, 0.4915413558483124, 0.9908467531204224, 0.18432730436325073, 1.710005283355713, 0.8659781813621521, '00:41']
[48, 0.460105299949646, 0.46890905499458313, 0.9914863109588623, 0.17405039072036743, 1.1861014366149902, 0.8668649196624756, '00:41']
[49, 0.45681124925613403, 0.48126065731048584, 0.9916110634803772, 0.17393209040164948, 1.176210641860962, 0.8873226046562195, '00:42']
[50, 0.45611390471458435, 0.45476049184799194, 0.9913541078567505, 0.17464548349380493, 1.287883996963501, 0.847501814365387, '00:41']
[51, 0.46464040875434875, 0.4545726478099823, 0.9913066029548645, 0.1756449043750763, 1.382067322731018, 0.8524272441864014, '00:42']
[52, 0.46510401368141174, 0.5465084910392761, 0.9904319643974304, 0.20011761784553528, 1.8496952056884766, 0.8626648783683777, '00:42']
[53, 0.4689975380897522, 0.4529825747013092, 0.991270899772644, 0.17557549476623535, 1.380614161491394, 0.849650502204895, '00:41']
[54, 0.4600363075733185, 0.4719470143318176, 0.9909627437591553, 0.1807442307472229, 1.6313217878341675, 0.851730227470398, '00:42']
No improvement since epoch 46: early stopping
MAnet Done!
