Models will save to MAnet_vgg19_x
Use vgg19_bn encoder
Start training...
----------
0
----------
DLS create!
[0, 0.5448644757270813, 0.5181812047958374, 0.9900916814804077, 0.1811733841896057, 1.1199630498886108, 0.9886585474014282, '00:24']
Better model found at epoch 0 with valid_loss value: 0.5181812047958374.
[1, 0.5232656598091125, 0.5236762166023254, 0.9900301694869995, 0.18450623750686646, 1.4900046586990356, 0.981089174747467, '00:22']
[2, 0.5115267038345337, 0.5152843594551086, 0.9898468852043152, 0.1847493052482605, 1.331281304359436, 0.9623813629150391, '00:23']
Better model found at epoch 2 with valid_loss value: 0.5152843594551086.
[3, 0.5062472224235535, 0.4906472861766815, 0.9897732138633728, 0.17796312272548676, 1.3190430402755737, 0.9286293983459473, '00:22']
Better model found at epoch 3 with valid_loss value: 0.4906472861766815.
[4, 0.5029425024986267, 0.4933030307292938, 0.9896188974380493, 0.1813156008720398, 1.4304392337799072, 0.9226924777030945, '00:22']
[5, 0.49935275316238403, 0.5057347416877747, 0.9896705150604248, 0.18292638659477234, 1.5580710172653198, 0.9300715923309326, '00:22']
[6, 0.49736109375953674, 0.48096469044685364, 0.9895842671394348, 0.17877399921417236, 1.4715887308120728, 0.9004694223403931, '00:22']
Better model found at epoch 6 with valid_loss value: 0.48096469044685364.
[7, 0.49307677149772644, 0.4787385165691376, 0.9895948171615601, 0.17736296355724335, 1.4483617544174194, 0.8892666697502136, '00:23']
Better model found at epoch 7 with valid_loss value: 0.4787385165691376.
[8, 0.49051302671432495, 0.4757184088230133, 0.9894201159477234, 0.17964234948158264, 1.5381019115447998, 0.8721762299537659, '00:23']
Better model found at epoch 8 with valid_loss value: 0.4757184088230133.
[9, 0.48923221230506897, 0.5105952620506287, 0.9899775981903076, 0.17632311582565308, 1.3359278440475464, 0.956034779548645, '00:23']
[10, 0.49157923460006714, 0.4857008755207062, 0.9897027611732483, 0.17736907303333282, 1.4321136474609375, 0.9057109355926514, '00:23']
[11, 0.4881068170070648, 0.48381492495536804, 0.9897612929344177, 0.17602992057800293, 1.3644875288009644, 0.899854302406311, '00:22']
[12, 0.4847993850708008, 0.4811941981315613, 0.9896948933601379, 0.17625103890895844, 1.377223253250122, 0.8894261121749878, '00:24']
[13, 0.489809513092041, 0.4847264587879181, 0.9897032976150513, 0.17760992050170898, 1.4546869993209839, 0.9037528038024902, '00:23']
[14, 0.4917897880077362, 0.4785609543323517, 0.9896608591079712, 0.17664577066898346, 1.4019874334335327, 0.8924403786659241, '00:24']
[15, 0.48719078302383423, 0.4911804795265198, 0.9897415041923523, 0.17737631499767303, 1.4429012537002563, 0.9072468280792236, '00:23']
[16, 0.48892742395401, 0.47829708456993103, 0.9896577596664429, 0.17687726020812988, 1.4218908548355103, 0.8916876912117004, '00:23']
No improvement since epoch 8: early stopping
----------
1
----------
DLS create!
[0, 0.5942124724388123, 0.5368874669075012, 0.9934602379798889, 0.19521641731262207, 1.212131381034851, 0.9930116534233093, '00:24']
Better model found at epoch 0 with valid_loss value: 0.5368874669075012.
[1, 0.5444899797439575, 0.517398476600647, 0.9934818744659424, 0.1801600307226181, 1.120422601699829, 0.9908463954925537, '00:24']
Better model found at epoch 1 with valid_loss value: 0.517398476600647.
[2, 0.5231305360794067, 0.49646201729774475, 0.9931976199150085, 0.1801701784133911, 1.3361551761627197, 0.9462723135948181, '00:24']
Better model found at epoch 2 with valid_loss value: 0.49646201729774475.
[3, 0.5119543671607971, 0.5277400016784668, 0.9934653639793396, 0.17557397484779358, 1.234651803970337, 0.9792471528053284, '00:24']
[4, 0.5082148909568787, 0.463480681180954, 0.9929680228233337, 0.17758716642856598, 1.4154778718948364, 0.8899784684181213, '00:24']
Better model found at epoch 4 with valid_loss value: 0.463480681180954.
[5, 0.5017151236534119, 0.4816775918006897, 0.9932315945625305, 0.1762208640575409, 1.3681000471115112, 0.9276567697525024, '00:24']
[6, 0.49655869603157043, 0.4575546681880951, 0.9928991198539734, 0.17749947309494019, 1.4974470138549805, 0.8720057010650635, '00:24']
Better model found at epoch 6 with valid_loss value: 0.4575546681880951.
[7, 0.49970805644989014, 0.4572872519493103, 0.9926716685295105, 0.18021763861179352, 1.633841633796692, 0.8510215282440186, '00:24']
Better model found at epoch 7 with valid_loss value: 0.4572872519493103.
[8, 0.49626675248146057, 0.4805503487586975, 0.9933023452758789, 0.17418690025806427, 1.1373652219772339, 0.9211573600769043, '00:24']
[9, 0.49399933218955994, 0.45308035612106323, 0.9929978251457214, 0.17565371096134186, 1.399556040763855, 0.867736279964447, '00:24']
Better model found at epoch 9 with valid_loss value: 0.45308035612106323.
[10, 0.4877874553203583, 0.516749918460846, 0.9935064315795898, 0.17370127141475677, 1.0747305154800415, 0.9831212759017944, '00:24']
[11, 0.4924173355102539, 0.4632217288017273, 0.9925685524940491, 0.18197380006313324, 1.669250726699829, 0.8492690920829773, '00:24']
[12, 0.4946539103984833, 0.44251587986946106, 0.9927652478218079, 0.1771891862154007, 1.535612940788269, 0.8390840888023376, '00:24']
Better model found at epoch 12 with valid_loss value: 0.44251587986946106.
[13, 0.4992194175720215, 0.4812237620353699, 0.9929639101028442, 0.18021750450134277, 1.55736243724823, 0.9084477424621582, '00:24']
[14, 0.49774959683418274, 0.46632957458496094, 0.9932257533073425, 0.17427827417850494, 1.1892582178115845, 0.8959981799125671, '00:26']
[15, 0.49855804443359375, 0.45083534717559814, 0.993028998374939, 0.17546012997627258, 1.387052297592163, 0.8654749393463135, '00:26']
[16, 0.48856285214424133, 0.4258480966091156, 0.9925980567932129, 0.17700856924057007, 1.5280605554580688, 0.8059300184249878, '00:25']
Better model found at epoch 16 with valid_loss value: 0.4258480966091156.
[17, 0.4933922290802002, 0.47989165782928467, 0.9922924041748047, 0.18747647106647491, 1.7767395973205566, 0.8383286595344543, '00:26']
[18, 0.49001720547676086, 0.4483858346939087, 0.9924076199531555, 0.18125557899475098, 1.668896198272705, 0.8198472261428833, '00:24']
[19, 0.4896700084209442, 0.43859463930130005, 0.9926681518554688, 0.17781847715377808, 1.5498449802398682, 0.8302426934242249, '00:24']
[20, 0.48769330978393555, 0.4258873760700226, 0.9925950169563293, 0.17696307599544525, 1.499092936515808, 0.8067284226417542, '00:26']
[21, 0.49079856276512146, 0.4826284348964691, 0.9928942322731018, 0.18133506178855896, 1.6190887689590454, 0.8947775959968567, '00:25']
[22, 0.4882689416408539, 0.43634194135665894, 0.9928773045539856, 0.17550285160541534, 1.369429349899292, 0.8412774205207825, '00:24']
[23, 0.49061232805252075, 0.4356231093406677, 0.9926023483276367, 0.17773599922657013, 1.5386093854904175, 0.8252865672111511, '00:24']
[24, 0.4913124740123749, 0.44593143463134766, 0.9928355813026428, 0.1766652911901474, 1.4825966358184814, 0.8498815298080444, '00:24']
No improvement since epoch 16: early stopping
----------
2
----------
DLS create!
[0, 0.6148064136505127, 0.5530486106872559, 0.9889305233955383, 0.2042263299226761, 1.2335866689682007, 0.9948585033416748, '00:24']
Better model found at epoch 0 with valid_loss value: 0.5530486106872559.
[1, 0.5543772578239441, 0.5237302184104919, 0.988853394985199, 0.1862470656633377, 1.1686112880706787, 0.9844743609428406, '00:24']
Better model found at epoch 1 with valid_loss value: 0.5237302184104919.
[2, 0.528429388999939, 0.5205390453338623, 0.9887744784355164, 0.18564966320991516, 1.2823026180267334, 0.9760897755622864, '00:25']
Better model found at epoch 2 with valid_loss value: 0.5205390453338623.
[3, 0.5141811370849609, 0.5239517092704773, 0.9889639019966125, 0.17847737669944763, 1.2355074882507324, 0.9911807179450989, '00:25']
[4, 0.5091795325279236, 0.5048334002494812, 0.9886152148246765, 0.1810600757598877, 1.3446011543273926, 0.9509673118591309, '00:24']
Better model found at epoch 4 with valid_loss value: 0.5048334002494812.
[5, 0.5091332793235779, 0.5055522322654724, 0.9887519478797913, 0.17781022191047668, 1.2376370429992676, 0.9589307904243469, '00:24']
[6, 0.5019705295562744, 0.5118180513381958, 0.9882032871246338, 0.18858236074447632, 1.6471152305603027, 0.916139543056488, '00:24']
[7, 0.5032852292060852, 0.4973539113998413, 0.9886834621429443, 0.1764989197254181, 1.2973722219467163, 0.9386905431747437, '00:25']
Better model found at epoch 7 with valid_loss value: 0.4973539113998413.
[8, 0.5035597681999207, 0.5044859647750854, 0.9887362718582153, 0.17647269368171692, 1.3212356567382812, 0.947239339351654, '00:26']
[9, 0.4985744059085846, 0.5283724069595337, 0.988983154296875, 0.17412333190441132, 1.0820374488830566, 0.985735297203064, '00:25']
[10, 0.5003373622894287, 0.49559667706489563, 0.9885075092315674, 0.17919880151748657, 1.4361493587493896, 0.9264497756958008, '00:24']
Better model found at epoch 10 with valid_loss value: 0.49559667706489563.
[11, 0.49623414874076843, 0.4962192177772522, 0.9886420369148254, 0.17589665949344635, 1.3135472536087036, 0.926207423210144, '00:26']
[12, 0.4912419617176056, 0.49035561084747314, 0.988560140132904, 0.17643482983112335, 1.384676456451416, 0.9106738567352295, '00:24']
Better model found at epoch 12 with valid_loss value: 0.49035561084747314.
[13, 0.4931805729866028, 0.49087539315223694, 0.9883968234062195, 0.17924222350120544, 1.50303053855896, 0.9080538153648376, '00:24']
[14, 0.4916699528694153, 0.49226635694503784, 0.9885624051094055, 0.17587709426879883, 1.3250646591186523, 0.9146941304206848, '00:22']
[15, 0.4897724688053131, 0.4929260015487671, 0.9885988235473633, 0.1758727729320526, 1.3337942361831665, 0.9155057072639465, '00:23']
[16, 0.483292818069458, 0.4921388328075409, 0.9885615110397339, 0.17587104439735413, 1.345226526260376, 0.9126583337783813, '00:24']
[17, 0.48039817810058594, 0.4919387400150299, 0.9884341359138489, 0.17793163657188416, 1.4687031507492065, 0.903923511505127, '00:23']
[18, 0.4860536456108093, 0.49101102352142334, 0.9885351061820984, 0.17609918117523193, 1.3611664772033691, 0.9091275334358215, '00:23']
[19, 0.48446837067604065, 0.49188172817230225, 0.9885526299476624, 0.1766618937253952, 1.3784692287445068, 0.9178087115287781, '00:25']
[20, 0.48963555693626404, 0.4839145243167877, 0.9884220361709595, 0.17723789811134338, 1.4115049839019775, 0.9002702236175537, '00:23']
Better model found at epoch 20 with valid_loss value: 0.4839145243167877.
[21, 0.47355690598487854, 0.5161924362182617, 0.9888169169425964, 0.17369122803211212, 1.0763201713562012, 0.9343736171722412, '00:23']
[22, 0.4776473939418793, 0.5102214813232422, 0.9879348278045654, 0.18855495750904083, 1.709613561630249, 0.8882591724395752, '00:23']
[23, 0.4791872203350067, 0.503506064414978, 0.9884192943572998, 0.17906641960144043, 1.5435293912887573, 0.9040950536727905, '00:24']
[24, 0.48308655619621277, 0.49478214979171753, 0.9885083436965942, 0.17747339606285095, 1.4297252893447876, 0.9179234504699707, '00:23']
[25, 0.473948210477829, 0.4989728033542633, 0.9883192181587219, 0.18064939975738525, 1.5766175985336304, 0.9026966094970703, '00:24']
[26, 0.4816976487636566, 0.4960829019546509, 0.9882435202598572, 0.18141056597232819, 1.5861417055130005, 0.9024794697761536, '00:22']
[27, 0.4775380492210388, 0.49288469552993774, 0.9883849620819092, 0.17871898412704468, 1.5135143995285034, 0.9006528258323669, '00:23']
[28, 0.4820704162120819, 0.48590922355651855, 0.9884981513023376, 0.17627213895320892, 1.3692641258239746, 0.9040089249610901, '00:23']
No improvement since epoch 20: early stopping
----------
3
----------
DLS create!
[0, 0.6243889927864075, 0.5524769425392151, 0.9917285442352295, 0.20377154648303986, 1.3300833702087402, 0.9971862435340881, '00:24']
Better model found at epoch 0 with valid_loss value: 0.5524769425392151.
[1, 0.557640790939331, 0.521858274936676, 0.9916667938232422, 0.1852387934923172, 1.1715666055679321, 0.9878105521202087, '00:24']
Better model found at epoch 1 with valid_loss value: 0.521858274936676.
[2, 0.5292226076126099, 0.5130901336669922, 0.9916559457778931, 0.17970387637615204, 1.2273156642913818, 0.9816906452178955, '00:24']
Better model found at epoch 2 with valid_loss value: 0.5130901336669922.
[3, 0.5145221948623657, 0.504153847694397, 0.991554319858551, 0.17778705060482025, 1.2801920175552368, 0.9634667038917542, '00:26']
Better model found at epoch 3 with valid_loss value: 0.504153847694397.
[4, 0.5011804103851318, 0.5715402960777283, 0.99107825756073, 0.21697869896888733, 1.6491928100585938, 0.947445809841156, '00:24']
[5, 0.49426332116127014, 0.49945002794265747, 0.9911249876022339, 0.1846545785665512, 1.6089130640029907, 0.9135012626647949, '00:24']
Better model found at epoch 5 with valid_loss value: 0.49945002794265747.
[6, 0.4964234530925751, 0.5007073283195496, 0.9915649890899658, 0.17594537138938904, 1.3578829765319824, 0.9444726705551147, '00:24']
[7, 0.4890730082988739, 0.48370522260665894, 0.9913548231124878, 0.17619220912456512, 1.4158533811569214, 0.8916130065917969, '00:24']
Better model found at epoch 7 with valid_loss value: 0.48370522260665894.
[8, 0.48878857493400574, 0.49535152316093445, 0.9914670586585999, 0.1771606206893921, 1.4231148958206177, 0.9320172071456909, '00:26']
[9, 0.490409791469574, 0.5001009702682495, 0.9912076592445374, 0.18278099596500397, 1.618401288986206, 0.9135951399803162, '00:24']
[10, 0.48970720171928406, 0.48250138759613037, 0.9913557171821594, 0.17687107622623444, 1.4557597637176514, 0.9028757214546204, '00:24']
Better model found at epoch 10 with valid_loss value: 0.48250138759613037.
[11, 0.4926682412624359, 0.4858585298061371, 0.9912413358688354, 0.1793099343776703, 1.5292733907699585, 0.9071651697158813, '00:24']
[12, 0.4879772663116455, 0.4802773892879486, 0.9913976192474365, 0.17577074468135834, 1.3783470392227173, 0.9023610949516296, '00:24']
Better model found at epoch 12 with valid_loss value: 0.4802773892879486.
[13, 0.4867532253265381, 0.47534799575805664, 0.9911812543869019, 0.17841199040412903, 1.509873390197754, 0.8927565813064575, '00:24']
Better model found at epoch 13 with valid_loss value: 0.47534799575805664.
[14, 0.48274579644203186, 0.48731860518455505, 0.9915052056312561, 0.17484532296657562, 1.3137415647506714, 0.9133585095405579, '00:25']
[15, 0.4829484820365906, 0.4796295166015625, 0.9912774562835693, 0.1776123046875, 1.4853239059448242, 0.9026540517807007, '00:25']
[16, 0.47777634859085083, 0.4824410676956177, 0.9910132884979248, 0.1812269538640976, 1.6182717084884644, 0.882325291633606, '00:24']
[17, 0.4875909090042114, 0.4882896840572357, 0.9914959669113159, 0.17487148940563202, 1.2839322090148926, 0.9191364645957947, '00:25']
[18, 0.49128156900405884, 0.48319897055625916, 0.9911869168281555, 0.17969827353954315, 1.540177583694458, 0.9009472727775574, '00:24']
[19, 0.49000102281570435, 0.4803088903427124, 0.9914265871047974, 0.17533741891384125, 1.3586158752441406, 0.9023318290710449, '00:26']
[20, 0.4885936379432678, 0.48158448934555054, 0.9914237260818481, 0.1755007803440094, 1.3606292009353638, 0.9067946672439575, '00:24']
[21, 0.4867391288280487, 0.4775599539279938, 0.9912490844726562, 0.17736876010894775, 1.479479432106018, 0.891146183013916, '00:24']
No improvement since epoch 13: early stopping
----------
4
----------
DLS create!
[0, 0.6328380703926086, 0.5688309073448181, 0.9835088849067688, 0.21481920778751373, 1.3558238744735718, 0.996425211429596, '00:24']
Better model found at epoch 0 with valid_loss value: 0.5688309073448181.
[1, 0.5631892681121826, 0.520024836063385, 0.983411431312561, 0.18510310351848602, 1.2392679452896118, 0.9828668236732483, '00:24']
Better model found at epoch 1 with valid_loss value: 0.520024836063385.
[2, 0.5333777070045471, 0.5020127892494202, 0.9833774566650391, 0.17748601734638214, 1.2483620643615723, 0.9658138155937195, '00:24']
Better model found at epoch 2 with valid_loss value: 0.5020127892494202.
[3, 0.5180241465568542, 0.4989248812198639, 0.9831061959266663, 0.18260477483272552, 1.3984163999557495, 0.9408528804779053, '00:24']
Better model found at epoch 3 with valid_loss value: 0.4989248812198639.
[4, 0.5065054297447205, 0.5023617744445801, 0.9831912517547607, 0.17750272154808044, 1.4025053977966309, 0.9318608641624451, '00:24']
[5, 0.4981549382209778, 0.5219831466674805, 0.9832596182823181, 0.17504607141017914, 1.3277665376663208, 0.9183189868927002, '00:24']
[6, 0.4993061423301697, 0.4901879131793976, 0.9832922220230103, 0.1757611483335495, 1.3069666624069214, 0.936179518699646, '00:24']
Better model found at epoch 6 with valid_loss value: 0.4901879131793976.
[7, 0.49114295840263367, 0.4931289255619049, 0.9833498001098633, 0.17452456057071686, 1.259619116783142, 0.9356784820556641, '00:24']
[8, 0.49109840393066406, 0.475930392742157, 0.9829992055892944, 0.17807051539421082, 1.5502170324325562, 0.8924362659454346, '00:25']
Better model found at epoch 8 with valid_loss value: 0.475930392742157.
[9, 0.48900455236434937, 0.4854418635368347, 0.9832764863967896, 0.17483441531658173, 1.3270213603973389, 0.9127919673919678, '00:25']
[10, 0.4958536624908447, 0.4753156900405884, 0.9831321835517883, 0.17622433602809906, 1.4263615608215332, 0.9018347859382629, '00:25']
Better model found at epoch 10 with valid_loss value: 0.4753156900405884.
[11, 0.49020183086395264, 0.47978049516677856, 0.9832250475883484, 0.17511847615242004, 1.3765264749526978, 0.9035927057266235, '00:25']
[12, 0.48587289452552795, 0.4867557883262634, 0.9830997586250305, 0.17737029492855072, 1.542912483215332, 0.907594621181488, '00:25']
[13, 0.48789191246032715, 0.4884953796863556, 0.983221173286438, 0.17511172592639923, 1.3649570941925049, 0.9088537096977234, '00:24']
[14, 0.4927772581577301, 0.48071175813674927, 0.9832243323326111, 0.17538508772850037, 1.3418684005737305, 0.916193962097168, '00:24']
[15, 0.4905639886856079, 0.48411738872528076, 0.9829306602478027, 0.17866533994674683, 1.601478934288025, 0.8860635161399841, '00:24']
[16, 0.4904073476791382, 0.4822690486907959, 0.9830325245857239, 0.1775917261838913, 1.4890040159225464, 0.91197669506073, '00:24']
[17, 0.48218226432800293, 0.4761231243610382, 0.983217179775238, 0.17493084073066711, 1.3395978212356567, 0.8973139524459839, '00:24']
[18, 0.4895201027393341, 0.556530773639679, 0.9833505153656006, 0.1755271703004837, 1.400598406791687, 0.9367437362670898, '00:26']
No improvement since epoch 10: early stopping
MAnet Done!
