Models will save to MAnet_xcep_x
Use xception encoder
Start training...
----------
0
----------
DLS create!
[0, 0.6897379755973816, 0.5876360535621643, 0.9910567998886108, 0.22722339630126953, 1.353165864944458, 0.9944021701812744, '00:23']
Better model found at epoch 0 with valid_loss value: 0.5876360535621643.
[1, 0.5965319871902466, 0.528226375579834, 0.9910552501678467, 0.18907782435417175, 1.2221626043319702, 0.9891754984855652, '00:23']
Better model found at epoch 1 with valid_loss value: 0.528226375579834.
[2, 0.5541407465934753, 0.5087068676948547, 0.9908879995346069, 0.18161003291606903, 1.2482432126998901, 0.9657713770866394, '00:23']
Better model found at epoch 2 with valid_loss value: 0.5087068676948547.
[3, 0.5316630601882935, 0.4998261034488678, 0.9907371401786804, 0.18146173655986786, 1.323419213294983, 0.9443200826644897, '00:25']
Better model found at epoch 3 with valid_loss value: 0.4998261034488678.
[4, 0.5165339112281799, 0.4728090763092041, 0.9904076457023621, 0.18022629618644714, 1.4772703647613525, 0.8878433108329773, '00:23']
Better model found at epoch 4 with valid_loss value: 0.4728090763092041.
[5, 0.509148120880127, 0.4849773347377777, 0.9908336400985718, 0.17595861852169037, 1.3030580282211304, 0.9251448512077332, '00:23']
[6, 0.5037214159965515, 0.5011031627655029, 0.9909751415252686, 0.17571350932121277, 1.3368735313415527, 0.9427120089530945, '00:23']
[7, 0.5025385618209839, 0.47929468750953674, 0.9903560876846313, 0.1820504367351532, 1.58997642993927, 0.881942629814148, '00:23']
[8, 0.49784788489341736, 0.4637017250061035, 0.9906186461448669, 0.1760825663805008, 1.3970445394515991, 0.8709971308708191, '00:23']
Better model found at epoch 8 with valid_loss value: 0.4637017250061035.
[9, 0.4932684302330017, 0.474478542804718, 0.9904672503471375, 0.17946112155914307, 1.5430015325546265, 0.8812167048454285, '00:23']
[10, 0.49348118901252747, 0.45934537053108215, 0.9903891682624817, 0.1780632883310318, 1.5160794258117676, 0.8576244115829468, '00:23']
Better model found at epoch 10 with valid_loss value: 0.45934537053108215.
[11, 0.49120426177978516, 0.4489287734031677, 0.9902520775794983, 0.17811937630176544, 1.5185471773147583, 0.8361446261405945, '00:24']
Better model found at epoch 11 with valid_loss value: 0.4489287734031677.
[12, 0.486007958650589, 0.4636601209640503, 0.9900393486022949, 0.18265073001384735, 1.6427878141403198, 0.8346977233886719, '00:23']
[13, 0.48463746905326843, 0.4701412618160248, 0.9902172088623047, 0.18096990883350372, 1.6179776191711426, 0.8523322939872742, '00:23']
[14, 0.49358969926834106, 0.5035388469696045, 0.9909018278121948, 0.17741703987121582, 1.4256596565246582, 0.9502596259117126, '00:23']
[15, 0.4940471947193146, 0.4577680230140686, 0.9904101490974426, 0.17758260667324066, 1.4278299808502197, 0.8635830283164978, '00:23']
[16, 0.48986324667930603, 0.4453743100166321, 0.9902674555778503, 0.17754501104354858, 1.5063387155532837, 0.8275107741355896, '00:23']
Better model found at epoch 16 with valid_loss value: 0.4453743100166321.
[17, 0.4883671998977661, 0.44800931215286255, 0.9904847741127014, 0.1757083535194397, 1.379692792892456, 0.841342031955719, '00:22']
[18, 0.48778265714645386, 0.4473908543586731, 0.990173876285553, 0.1788221150636673, 1.5492748022079468, 0.8265764713287354, '00:23']
[19, 0.48626449704170227, 0.44774606823921204, 0.9904101490974426, 0.17653745412826538, 1.4384737014770508, 0.836720883846283, '00:23']
[20, 0.4860755503177643, 0.4527606666088104, 0.9905221462249756, 0.1759519875049591, 1.3985600471496582, 0.8525627851486206, '00:23']
[21, 0.48105570673942566, 0.4576742351055145, 0.9901387691497803, 0.17990699410438538, 1.6028838157653809, 0.8334593176841736, '00:24']
[22, 0.47895383834838867, 0.43805956840515137, 0.9903436899185181, 0.1760920286178589, 1.4119681119918823, 0.8181629180908203, '00:23']
Better model found at epoch 22 with valid_loss value: 0.43805956840515137.
[23, 0.4809073507785797, 0.4432884752750397, 0.9903929829597473, 0.17613394558429718, 1.4103713035583496, 0.82941734790802, '00:23']
[24, 0.48083558678627014, 0.4470049738883972, 0.9904029369354248, 0.1759616732597351, 1.396321177482605, 0.8369861245155334, '00:22']
[25, 0.47438952326774597, 0.4390392601490021, 0.9905370473861694, 0.1745520979166031, 1.287035346031189, 0.8137360215187073, '00:22']
[26, 0.4823547303676605, 0.4484936594963074, 0.9899773001670837, 0.18030013144016266, 1.6237049102783203, 0.8161571621894836, '00:23']
[27, 0.48382896184921265, 0.4348839521408081, 0.9903058409690857, 0.17620554566383362, 1.4282723665237427, 0.8109630346298218, '00:24']
Better model found at epoch 27 with valid_loss value: 0.4348839521408081.
[28, 0.4820028841495514, 0.4754064083099365, 0.9902545213699341, 0.18062840402126312, 1.6142581701278687, 0.8657858967781067, '00:23']
[29, 0.4753835201263428, 0.46419963240623474, 0.990627646446228, 0.17603857815265656, 1.4135663509368896, 0.8678860068321228, '00:23']
[30, 0.478742390871048, 0.444197416305542, 0.9903823137283325, 0.17586693167686462, 1.4069727659225464, 0.8295673727989197, '00:23']
[31, 0.480040043592453, 0.45852646231651306, 0.9897900819778442, 0.18368397653102875, 1.6763190031051636, 0.8153079748153687, '00:23']
[32, 0.4827180802822113, 0.428559809923172, 0.9903801679611206, 0.1751740276813507, 1.3338069915771484, 0.8072867393493652, '00:23']
Better model found at epoch 32 with valid_loss value: 0.428559809923172.
[33, 0.48003190755844116, 0.43485739827156067, 0.9904291033744812, 0.17532536387443542, 1.3715702295303345, 0.8104343414306641, '00:23']
[34, 0.4774010181427002, 0.4397742450237274, 0.990178108215332, 0.17751219868659973, 1.4991883039474487, 0.8126804232597351, '00:23']
[35, 0.4689454436302185, 0.42027556896209717, 0.9900397062301636, 0.17734648287296295, 1.4920023679733276, 0.7751384377479553, '00:22']
Better model found at epoch 35 with valid_loss value: 0.42027556896209717.
[36, 0.4727229177951813, 0.4251767098903656, 0.9901615381240845, 0.1767786145210266, 1.4749963283538818, 0.7916989326477051, '00:22']
[37, 0.47335338592529297, 0.43095603585243225, 0.99052894115448, 0.17420481145381927, 1.2169243097305298, 0.7991253137588501, '00:24']
[38, 0.4780125021934509, 0.45216479897499084, 0.9901713132858276, 0.179152712225914, 1.5719261169433594, 0.8289982676506042, '00:24']
[39, 0.4799821674823761, 0.44880959391593933, 0.9904683232307434, 0.17573873698711395, 1.3217847347259521, 0.8485910296440125, '00:23']
[40, 0.4785139858722687, 0.44346269965171814, 0.9904096126556396, 0.17614704370498657, 1.4276652336120605, 0.8265407681465149, '00:23']
[41, 0.47885170578956604, 0.46614140272140503, 0.9907872676849365, 0.17437855899333954, 1.238466501235962, 0.8722109794616699, '00:24']
[42, 0.4763849377632141, 0.4661903381347656, 0.9900932312011719, 0.1818913370370865, 1.6390364170074463, 0.8444764614105225, '00:23']
[43, 0.4702177345752716, 0.43158775568008423, 0.990484356880188, 0.17464607954025269, 1.2979639768600464, 0.8018718957901001, '00:22']
No improvement since epoch 35: early stopping
----------
1
----------
DLS create!
[0, 0.6378502249717712, 0.5667532682418823, 0.9934402704238892, 0.21383406221866608, 1.3173671960830688, 0.9956160187721252, '00:23']
Better model found at epoch 0 with valid_loss value: 0.5667532682418823.
[1, 0.571677029132843, 0.5275745391845703, 0.9933583736419678, 0.19078543782234192, 1.209612488746643, 0.9844092130661011, '00:22']
Better model found at epoch 1 with valid_loss value: 0.5275745391845703.
[2, 0.5428438186645508, 0.5080611705780029, 0.9933311939239502, 0.1809215545654297, 1.2343591451644897, 0.9727175831794739, '00:23']
Better model found at epoch 2 with valid_loss value: 0.5080611705780029.
[3, 0.5264700651168823, 0.5015258193016052, 0.9933120012283325, 0.17873990535736084, 1.2666208744049072, 0.9638791084289551, '00:23']
Better model found at epoch 3 with valid_loss value: 0.5015258193016052.
[4, 0.5160918831825256, 0.5006529688835144, 0.9933519959449768, 0.17697195708751678, 1.269773244857788, 0.9662279486656189, '00:24']
Better model found at epoch 4 with valid_loss value: 0.5006529688835144.
[5, 0.5056380033493042, 0.4776492714881897, 0.9931187033653259, 0.17737406492233276, 1.4474431276321411, 0.9113249778747559, '00:22']
Better model found at epoch 5 with valid_loss value: 0.4776492714881897.
[6, 0.49993377923965454, 0.47332778573036194, 0.9931449294090271, 0.1763378232717514, 1.3956693410873413, 0.9095228910446167, '00:22']
Better model found at epoch 6 with valid_loss value: 0.47332778573036194.
[7, 0.4944647252559662, 0.5143753886222839, 0.9927927851676941, 0.18897683918476105, 1.7941004037857056, 0.8986600041389465, '00:25']
[8, 0.4897465705871582, 0.4711623191833496, 0.9930177927017212, 0.17776717245578766, 1.5324387550354004, 0.877233624458313, '00:23']
Better model found at epoch 8 with valid_loss value: 0.4711623191833496.
[9, 0.48973017930984497, 0.4871256947517395, 0.9933139681816101, 0.1747567355632782, 1.282545566558838, 0.9324131011962891, '00:23']
[10, 0.487869530916214, 0.471238374710083, 0.9928331971168518, 0.18033352494239807, 1.6562232971191406, 0.8670821189880371, '00:23']
[11, 0.4897806942462921, 0.4631292521953583, 0.9931113719940186, 0.17582888901233673, 1.3994863033294678, 0.8845123052597046, '00:23']
Better model found at epoch 11 with valid_loss value: 0.4631292521953583.
[12, 0.48942050337791443, 0.47971272468566895, 0.992862343788147, 0.18120893836021423, 1.6689205169677734, 0.8832471966743469, '00:23']
[13, 0.4891878366470337, 0.511737048625946, 0.9926356673240662, 0.19004392623901367, 1.8086323738098145, 0.8809595704078674, '00:23']
[14, 0.4902038276195526, 0.49986976385116577, 0.9934128522872925, 0.17424671351909637, 1.2177091836929321, 0.9527721405029297, '00:23']
[15, 0.4867094159126282, 0.4748475253582001, 0.9932717680931091, 0.17438004910945892, 1.2490625381469727, 0.9048262238502502, '00:23']
[16, 0.4832436442375183, 0.4834977686405182, 0.9925583004951477, 0.18502305448055267, 1.7511754035949707, 0.8509104251861572, '00:24']
[17, 0.4811570942401886, 0.44913819432258606, 0.9929812550544739, 0.17607545852661133, 1.458670973777771, 0.8500502109527588, '00:23']
Better model found at epoch 17 with valid_loss value: 0.44913819432258606.
[18, 0.4810790717601776, 0.47553786635398865, 0.9927493929862976, 0.18181578814983368, 1.7004647254943848, 0.8612488508224487, '00:23']
[19, 0.47703465819358826, 0.4780084788799286, 0.993247926235199, 0.17507407069206238, 1.3508623838424683, 0.9067559838294983, '00:23']
[20, 0.48140591382980347, 0.477683961391449, 0.9926934838294983, 0.1829419583082199, 1.7000166177749634, 0.8655531406402588, '00:23']
[21, 0.48300841450691223, 0.48364540934562683, 0.9933398365974426, 0.1737316995859146, 1.0988062620162964, 0.9146300554275513, '00:25']
[22, 0.4805617034435272, 0.45182493329048157, 0.9926904439926147, 0.1794557273387909, 1.6252328157424927, 0.8314834833145142, '00:22']
[23, 0.47783228754997253, 0.4959467947483063, 0.992499828338623, 0.18779580295085907, 1.7949565649032593, 0.8523703217506409, '00:23']
[24, 0.47907620668411255, 0.45644450187683105, 0.9927915930747986, 0.17849275469779968, 1.6013832092285156, 0.8482485413551331, '00:23']
[25, 0.479209303855896, 0.4445894658565521, 0.9926972389221191, 0.1785103976726532, 1.6053578853607178, 0.8231472373008728, '00:23']
Better model found at epoch 25 with valid_loss value: 0.4445894658565521.
[26, 0.47916561365127563, 0.44847866892814636, 0.993067741394043, 0.174822598695755, 1.3354158401489258, 0.8534662127494812, '00:23']
[27, 0.47674548625946045, 0.47641339898109436, 0.9927724599838257, 0.18172387778759003, 1.6962686777114868, 0.8664371371269226, '00:23']
[28, 0.47746461629867554, 0.438048392534256, 0.9928033351898193, 0.1771354377269745, 1.5309393405914307, 0.8221498131752014, '00:23']
Better model found at epoch 28 with valid_loss value: 0.438048392534256.
[29, 0.4740598499774933, 0.4529784917831421, 0.9929438233375549, 0.17656885087490082, 1.5100864171981812, 0.8512513637542725, '00:25']
[30, 0.46633821725845337, 0.5039451122283936, 0.9925220012664795, 0.1860145926475525, 1.793088674545288, 0.8503826856613159, '00:24']
[31, 0.4779435396194458, 0.4420902729034424, 0.9927812814712524, 0.1775268018245697, 1.5567997694015503, 0.825461745262146, '00:24']
[32, 0.4808329939842224, 0.4443039894104004, 0.992752194404602, 0.17778509855270386, 1.5842162370681763, 0.8224183917045593, '00:23']
[33, 0.4790317714214325, 0.4765635132789612, 0.9932559132575989, 0.17467401921749115, 1.3197712898254395, 0.904065728187561, '00:22']
[34, 0.4731299877166748, 0.44284185767173767, 0.9928163886070251, 0.17722532153129578, 1.5443367958068848, 0.82880699634552, '00:23']
[35, 0.4711960256099701, 0.4284464418888092, 0.9927361011505127, 0.1767965853214264, 1.5267553329467773, 0.8012641072273254, '00:24']
Better model found at epoch 35 with valid_loss value: 0.4284464418888092.
[36, 0.46574607491493225, 0.4533545672893524, 0.9931360483169556, 0.17409490048885345, 1.2095932960510254, 0.8503683805465698, '00:23']
[37, 0.46708816289901733, 0.44301745295524597, 0.9926967620849609, 0.17816667258739471, 1.5965064764022827, 0.8133590817451477, '00:23']
[38, 0.46328237652778625, 0.4449599087238312, 0.9927293062210083, 0.17832374572753906, 1.6049960851669312, 0.8215577006340027, '00:23']
[39, 0.46452656388282776, 0.43174514174461365, 0.9929196238517761, 0.17546449601650238, 1.4206641912460327, 0.8180087208747864, '00:22']
[40, 0.4661092460155487, 0.4454861283302307, 0.9925935864448547, 0.179599329829216, 1.649137258529663, 0.8131821155548096, '00:23']
[41, 0.46979519724845886, 0.4452398121356964, 0.9927735924720764, 0.17737771570682526, 1.5401256084442139, 0.8363212943077087, '00:23']
[42, 0.46578019857406616, 0.46368780732154846, 0.9932494759559631, 0.17365336418151855, 1.1021084785461426, 0.8649368286132812, '00:23']
[43, 0.4655999541282654, 0.43838366866111755, 0.9926009178161621, 0.1787538230419159, 1.629629373550415, 0.8008573055267334, '00:24']
No improvement since epoch 35: early stopping
----------
2
----------
DLS create!
[0, 0.6014623045921326, 0.5457871556282043, 0.9889135956764221, 0.1988733410835266, 1.2192996740341187, 0.9961817264556885, '00:23']
Better model found at epoch 0 with valid_loss value: 0.5457871556282043.
[1, 0.5533564686775208, 0.5271726250648499, 0.9889336824417114, 0.18470625579357147, 1.1056843996047974, 0.9956693649291992, '00:22']
Better model found at epoch 1 with valid_loss value: 0.5271726250648499.
[2, 0.5334548354148865, 0.5216436982154846, 0.9888997673988342, 0.1799895316362381, 1.1533945798873901, 0.9894267320632935, '00:23']
Better model found at epoch 2 with valid_loss value: 0.5216436982154846.
[3, 0.5229619145393372, 0.5066996216773987, 0.9886214137077332, 0.18215703964233398, 1.2546275854110718, 0.9548737406730652, '00:22']
Better model found at epoch 3 with valid_loss value: 0.5066996216773987.
[4, 0.5152379870414734, 0.5765793919563293, 0.9886164665222168, 0.1809788942337036, 1.3763176202774048, 0.9452700614929199, '00:24']
[5, 0.5104727149009705, 0.5054970979690552, 0.9880475401878357, 0.19020548462867737, 1.5534554719924927, 0.9022090435028076, '00:23']
Better model found at epoch 5 with valid_loss value: 0.5054970979690552.
[6, 0.5045220255851746, 0.5078735947608948, 0.9881827235221863, 0.1886008381843567, 1.5717616081237793, 0.9161953330039978, '00:23']
[7, 0.5007299184799194, 0.47741442918777466, 0.9882314205169678, 0.18031416833400726, 1.5299973487854004, 0.8795921802520752, '00:23']
Better model found at epoch 7 with valid_loss value: 0.47741442918777466.
[8, 0.4927732050418854, 0.48794400691986084, 0.9886329174041748, 0.17573001980781555, 1.3068838119506836, 0.9084786176681519, '00:23']
[9, 0.49094775319099426, 0.48703378438949585, 0.9885503053665161, 0.17676706612110138, 1.3882638216018677, 0.9042861461639404, '00:23']
[10, 0.48857155442237854, 0.4851548373699188, 0.9886096119880676, 0.17561125755310059, 1.3117594718933105, 0.9029087424278259, '00:24']
[11, 0.4854002296924591, 0.4779559075832367, 0.988463819026947, 0.17642252147197723, 1.3863327503204346, 0.8844650387763977, '00:23']
[12, 0.48211178183555603, 0.5097404718399048, 0.9877210259437561, 0.19040527939796448, 1.743053913116455, 0.8520926833152771, '00:23']
[13, 0.48521241545677185, 0.4818214774131775, 0.9886031150817871, 0.1752701997756958, 1.2807695865631104, 0.8936619758605957, '00:23']
[14, 0.4889598488807678, 0.4761403799057007, 0.9884806871414185, 0.17630432546138763, 1.3605995178222656, 0.8873853087425232, '00:23']
Better model found at epoch 14 with valid_loss value: 0.4761403799057007.
[15, 0.48578646779060364, 0.4886408746242523, 0.9881448149681091, 0.1830383688211441, 1.5622714757919312, 0.882652759552002, '00:22']
[16, 0.4820367395877838, 0.4837409257888794, 0.9885897040367126, 0.17500653862953186, 1.268000841140747, 0.8906340599060059, '00:23']
[17, 0.4860466420650482, 0.47550761699676514, 0.9881581664085388, 0.17895060777664185, 1.519649863243103, 0.8569620847702026, '00:22']
Better model found at epoch 17 with valid_loss value: 0.47550761699676514.
[18, 0.48471277952194214, 0.48325222730636597, 0.9886376261711121, 0.17488417029380798, 1.241142749786377, 0.8958209753036499, '00:23']
[19, 0.4761942923069, 0.4806952178478241, 0.9884995222091675, 0.1761225312948227, 1.3743430376052856, 0.8842752575874329, '00:23']
[20, 0.4798012375831604, 0.4945167303085327, 0.9886627793312073, 0.1756327897310257, 1.3213213682174683, 0.9118434190750122, '00:25']
[21, 0.48500245809555054, 0.48835429549217224, 0.9886729121208191, 0.17483773827552795, 1.2411987781524658, 0.9031231999397278, '00:23']
[22, 0.4790627360343933, 0.46410152316093445, 0.9883413910865784, 0.1767251193523407, 1.4002801179885864, 0.8552940487861633, '00:23']
Better model found at epoch 22 with valid_loss value: 0.46410152316093445.
[23, 0.4786542057991028, 0.48527848720550537, 0.9882038235664368, 0.17986764013767242, 1.5564333200454712, 0.8673109412193298, '00:23']
[24, 0.47778093814849854, 0.4605596363544464, 0.9883551001548767, 0.1758384257555008, 1.354509949684143, 0.8478983044624329, '00:23']
Better model found at epoch 24 with valid_loss value: 0.4605596363544464.
[25, 0.4786754250526428, 0.4548030495643616, 0.9883995652198792, 0.1753019541501999, 1.292173147201538, 0.8387297987937927, '00:23']
Better model found at epoch 25 with valid_loss value: 0.4548030495643616.
[26, 0.47866544127464294, 0.47528696060180664, 0.9885944724082947, 0.1745520532131195, 1.201582670211792, 0.8720360398292542, '00:22']
[27, 0.4704909026622772, 0.43683475255966187, 0.9880259037017822, 0.17735153436660767, 1.4141745567321777, 0.7870510816574097, '00:23']
Better model found at epoch 27 with valid_loss value: 0.43683475255966187.
[28, 0.4663362205028534, 0.46401238441467285, 0.9883987307548523, 0.17536664009094238, 1.3071882724761963, 0.845431923866272, '00:23']
[29, 0.4636792242527008, 0.5196526050567627, 0.9888665080070496, 0.17361211776733398, 1.0526477098464966, 0.9410452842712402, '00:24']
[30, 0.46896061301231384, 0.45198068022727966, 0.9883852601051331, 0.1752992421388626, 1.2754586935043335, 0.8304189443588257, '00:23']
[31, 0.47116023302078247, 0.47494274377822876, 0.9884760975837708, 0.17543378472328186, 1.3187447786331177, 0.8685857057571411, '00:24']
[32, 0.45883908867836, 0.4717026352882385, 0.9885387420654297, 0.17451435327529907, 1.2214276790618896, 0.8579267263412476, '00:23']
[33, 0.45850062370300293, 0.48182258009910583, 0.9885966181755066, 0.17433856427669525, 1.1855645179748535, 0.867281973361969, '00:24']
[34, 0.4587785005569458, 0.44279974699020386, 0.9881804585456848, 0.17633624374866486, 1.366107702255249, 0.8063387274742126, '00:24']
[35, 0.45802852511405945, 0.4569615125656128, 0.9883284568786621, 0.17559491097927094, 1.3211421966552734, 0.823872447013855, '00:23']
No improvement since epoch 27: early stopping
----------
3
----------
DLS create!
[0, 0.5952072739601135, 0.5404191613197327, 0.9929284453392029, 0.19780850410461426, 1.261911153793335, 0.9906732439994812, '00:24']
Better model found at epoch 0 with valid_loss value: 0.5404191613197327.
[1, 0.5474874377250671, 0.5126288533210754, 0.9927589893341064, 0.18505491316318512, 1.2901835441589355, 0.968870997428894, '00:23']
Better model found at epoch 1 with valid_loss value: 0.5126288533210754.
[2, 0.5274967551231384, 0.5073807239532471, 0.9929323792457581, 0.17704421281814575, 1.1791447401046753, 0.9807547926902771, '00:23']
Better model found at epoch 2 with valid_loss value: 0.5073807239532471.
[3, 0.5145880579948425, 0.5058196187019348, 0.9925506711006165, 0.18564821779727936, 1.426195502281189, 0.9465779066085815, '00:25']
Better model found at epoch 3 with valid_loss value: 0.5058196187019348.
[4, 0.5062156319618225, 0.5135207772254944, 0.9925997257232666, 0.18764179944992065, 1.4414433240890503, 0.9536072611808777, '00:23']
[5, 0.4999362826347351, 0.4942112863063812, 0.9926673769950867, 0.178682342171669, 1.3880642652511597, 0.9444735646247864, '00:23']
Better model found at epoch 5 with valid_loss value: 0.4942112863063812.
[6, 0.49786651134490967, 0.492358922958374, 0.9927255511283875, 0.17709244787693024, 1.3749444484710693, 0.9451960921287537, '00:23']
Better model found at epoch 6 with valid_loss value: 0.492358922958374.
[7, 0.49588221311569214, 0.5043212175369263, 0.9929584860801697, 0.17415378987789154, 1.1325443983078003, 0.9654501676559448, '00:25']
[8, 0.49437215924263, 0.48877227306365967, 0.9926854968070984, 0.17712798714637756, 1.429993748664856, 0.9347176551818848, '00:23']
Better model found at epoch 8 with valid_loss value: 0.48877227306365967.
[9, 0.4923533797264099, 0.48676279187202454, 0.9927766919136047, 0.175251767039299, 1.3500083684921265, 0.9351781606674194, '00:23']
Better model found at epoch 9 with valid_loss value: 0.48676279187202454.
[10, 0.48868298530578613, 0.4728979766368866, 0.9923649430274963, 0.1786900907754898, 1.5783435106277466, 0.8904362320899963, '00:23']
Better model found at epoch 10 with valid_loss value: 0.4728979766368866.
[11, 0.4820537269115448, 0.48152264952659607, 0.9926609396934509, 0.17546424269676208, 1.4125642776489258, 0.9183162450790405, '00:23']
[12, 0.48532208800315857, 0.4661664664745331, 0.9923312067985535, 0.1782185137271881, 1.602658987045288, 0.8711202144622803, '00:23']
Better model found at epoch 12 with valid_loss value: 0.4661664664745331.
[13, 0.48468905687332153, 0.49603742361068726, 0.9927546977996826, 0.1757405698299408, 1.3571637868881226, 0.9460464119911194, '00:23']
[14, 0.48982664942741394, 0.4851711094379425, 0.9922081828117371, 0.1824488490819931, 1.6938114166259766, 0.891572892665863, '00:24']
[15, 0.4868030846118927, 0.48817333579063416, 0.9927405118942261, 0.17510251700878143, 1.395965337753296, 0.9288488626480103, '00:24']
[16, 0.48400238156318665, 0.4870516061782837, 0.9926602244377136, 0.17553822696208954, 1.4294195175170898, 0.9252948760986328, '00:23']
[17, 0.48493707180023193, 0.49676230549812317, 0.9922343492507935, 0.18450048565864563, 1.7179360389709473, 0.901023805141449, '00:23']
[18, 0.48640331625938416, 0.48613983392715454, 0.9928120374679565, 0.17500227689743042, 1.352461338043213, 0.9228560328483582, '00:23']
[19, 0.4892406463623047, 0.48963043093681335, 0.9927131533622742, 0.17635135352611542, 1.464763879776001, 0.936306893825531, '00:23']
[20, 0.48660868406295776, 0.48503249883651733, 0.9921847581863403, 0.18285423517227173, 1.7150919437408447, 0.8788323998451233, '00:24']
No improvement since epoch 12: early stopping
----------
4
----------
DLS create!
[0, 0.8334538340568542, 0.7594149112701416, 0.9902639985084534, 0.3286557197570801, 1.606925129890442, 0.9941484332084656, '00:22']
Better model found at epoch 0 with valid_loss value: 0.7594149112701416.
[1, 0.7058771252632141, 0.6017141938209534, 0.9903610348701477, 0.23546020686626434, 1.3793017864227295, 0.9980584383010864, '00:23']
Better model found at epoch 1 with valid_loss value: 0.6017141938209534.
[2, 0.6195182800292969, 0.5393515825271606, 0.9903581142425537, 0.19465188682079315, 1.2697560787200928, 0.9955984950065613, '00:23']
Better model found at epoch 2 with valid_loss value: 0.5393515825271606.
[3, 0.5708094835281372, 0.5214176177978516, 0.9902858734130859, 0.18472450971603394, 1.1795789003372192, 0.985685408115387, '00:23']
Better model found at epoch 3 with valid_loss value: 0.5214176177978516.
[4, 0.5428414344787598, 0.5100324749946594, 0.9901214838027954, 0.18271149694919586, 1.2746500968933105, 0.9640452265739441, '00:23']
Better model found at epoch 4 with valid_loss value: 0.5100324749946594.
[5, 0.5239258408546448, 0.5047752261161804, 0.990066409111023, 0.18140017986297607, 1.3158445358276367, 0.9541227221488953, '00:24']
Better model found at epoch 5 with valid_loss value: 0.5047752261161804.
[6, 0.5108809471130371, 0.4976339638233185, 0.9901119470596313, 0.17757263779640198, 1.2785078287124634, 0.9465340375900269, '00:23']
Better model found at epoch 6 with valid_loss value: 0.4976339638233185.
[7, 0.5021862983703613, 0.49804455041885376, 0.9899768829345703, 0.17880626022815704, 1.4461897611618042, 0.9326759576797485, '00:23']
[8, 0.49639081954956055, 0.49097907543182373, 0.9899269342422485, 0.17914460599422455, 1.4707547426223755, 0.9181768894195557, '00:23']
Better model found at epoch 8 with valid_loss value: 0.49097907543182373.
[9, 0.49459409713745117, 0.5002995133399963, 0.9902263283729553, 0.17461350560188293, 1.1807522773742676, 0.9442051649093628, '00:23']
[10, 0.4917861223220825, 0.4824528098106384, 0.9896952509880066, 0.1802951991558075, 1.5520873069763184, 0.8885612487792969, '00:23']
Better model found at epoch 10 with valid_loss value: 0.4824528098106384.
[11, 0.4902574121952057, 0.4781985282897949, 0.9899294972419739, 0.17607629299163818, 1.3642187118530273, 0.8985121250152588, '00:25']
Better model found at epoch 11 with valid_loss value: 0.4781985282897949.
[12, 0.48645368218421936, 0.48841407895088196, 0.9897406697273254, 0.18093399703502655, 1.576619267463684, 0.8929939866065979, '00:25']
[13, 0.4862194061279297, 0.47661450505256653, 0.9898459911346436, 0.17686906456947327, 1.4357916116714478, 0.8852757215499878, '00:23']
Better model found at epoch 13 with valid_loss value: 0.47661450505256653.
[14, 0.4867611229419708, 0.4764847457408905, 0.9899634122848511, 0.17554907500743866, 1.330397367477417, 0.8923897743225098, '00:26']
Better model found at epoch 14 with valid_loss value: 0.4764847457408905.
[15, 0.4841114282608032, 0.4750589430332184, 0.9897086024284363, 0.17868131399154663, 1.5238820314407349, 0.876994252204895, '00:23']
Better model found at epoch 15 with valid_loss value: 0.4750589430332184.
[16, 0.48356908559799194, 0.49174079298973083, 0.9896813631057739, 0.18138694763183594, 1.5993281602859497, 0.8931775689125061, '00:25']
[17, 0.4826165437698364, 0.4730165898799896, 0.9899243712425232, 0.17555658519268036, 1.3263963460922241, 0.8878566026687622, '00:24']
Better model found at epoch 17 with valid_loss value: 0.4730165898799896.
[18, 0.48300573229789734, 0.473340779542923, 0.9899473190307617, 0.17536544799804688, 1.3258678913116455, 0.8856673240661621, '00:24']
[19, 0.4802399277687073, 0.48679280281066895, 0.9897135496139526, 0.17997118830680847, 1.5642802715301514, 0.8859722018241882, '00:23']
[20, 0.48193997144699097, 0.4813680946826935, 0.9897206425666809, 0.17954730987548828, 1.5648374557495117, 0.8765413761138916, '00:25']
[21, 0.48354455828666687, 0.47536858916282654, 0.9897786378860474, 0.17809832096099854, 1.5067799091339111, 0.8761339783668518, '00:23']
[22, 0.4753956198692322, 0.48697376251220703, 0.989745020866394, 0.1794460415840149, 1.56624436378479, 0.8805606961250305, '00:24']
[23, 0.4714497923851013, 0.475212037563324, 0.9899204969406128, 0.17574012279510498, 1.3776088953018188, 0.8728083372116089, '00:24']
[24, 0.47181737422943115, 0.4652891755104065, 0.9898956418037415, 0.1752147376537323, 1.318230390548706, 0.8685901165008545, '00:25']
Better model found at epoch 24 with valid_loss value: 0.4652891755104065.
[25, 0.47032973170280457, 0.49068453907966614, 0.9897273778915405, 0.18153497576713562, 1.6094310283660889, 0.8858213424682617, '00:24']
[26, 0.46436643600463867, 0.4818652868270874, 0.9899454116821289, 0.17619018256664276, 1.3819410800933838, 0.8958156704902649, '00:25']
[27, 0.4650919735431671, 0.4883970320224762, 0.9899774193763733, 0.17552730441093445, 1.337658405303955, 0.8996837735176086, '00:24']
[28, 0.466101735830307, 0.47333744168281555, 0.9897423386573792, 0.1775427758693695, 1.483170986175537, 0.8668349385261536, '00:27']
[29, 0.4665912985801697, 0.48890072107315063, 0.9901123046875, 0.17448236048221588, 1.197547197341919, 0.9019947648048401, '00:24']
[30, 0.4702918827533722, 0.47731438279151917, 0.9900323748588562, 0.17420297861099243, 1.1895004510879517, 0.8849326968193054, '00:23']
[31, 0.46591711044311523, 0.4615112543106079, 0.9898143410682678, 0.1753654181957245, 1.3443522453308105, 0.8552491068840027, '00:25']
Better model found at epoch 31 with valid_loss value: 0.4615112543106079.
[32, 0.4694978892803192, 0.469129353761673, 0.9896259307861328, 0.17841380834579468, 1.5307973623275757, 0.8549200892448425, '00:23']
[33, 0.4656129479408264, 0.4813188910484314, 0.9897019863128662, 0.17900745570659637, 1.5443391799926758, 0.8728817105293274, '00:24']
[34, 0.4636736214160919, 0.4925086796283722, 0.9895652532577515, 0.182217076420784, 1.6496448516845703, 0.8715160489082336, '00:22']
[35, 0.46815210580825806, 0.4617840051651001, 0.9897255897521973, 0.17632821202278137, 1.3999885320663452, 0.8577924966812134, '00:26']
[36, 0.45980769395828247, 0.46562495827674866, 0.9897549748420715, 0.17588050663471222, 1.3804429769515991, 0.8553199172019958, '00:23']
[37, 0.45811283588409424, 0.475629597902298, 0.9898494482040405, 0.17537890374660492, 1.3139090538024902, 0.8748162388801575, '00:24']
[38, 0.4572903513908386, 0.4663156569004059, 0.989811897277832, 0.17586451768875122, 1.3863577842712402, 0.8613263964653015, '00:24']
[39, 0.4667781889438629, 0.4712340533733368, 0.9897910952568054, 0.17733275890350342, 1.4807202816009521, 0.8644924163818359, '00:23']
No improvement since epoch 31: early stopping
MAnet Done!
