Models will save to MAnet_effb7_x
Use efficientnet-b7 encoder
Start training...
----------
0
----------
DLS create!
[0, 0.5932403802871704, 0.537075400352478, 0.9896880984306335, 0.19195415079593658, 1.1648831367492676, 0.9990547895431519, '00:41']
Better model found at epoch 0 with valid_loss value: 0.537075400352478.
[1, 0.5439298748970032, 0.5245213508605957, 0.9896831512451172, 0.1818733960390091, 1.0864084959030151, 0.9976364970207214, '00:40']
Better model found at epoch 1 with valid_loss value: 0.5245213508605957.
[2, 0.5252375602722168, 0.5200148820877075, 0.9896398782730103, 0.18042980134487152, 1.0817698240280151, 0.9920384883880615, '00:39']
Better model found at epoch 2 with valid_loss value: 0.5200148820877075.
[3, 0.5161778926849365, 0.5194241404533386, 0.9896658062934875, 0.17575494945049286, 1.0488507747650146, 0.9918168783187866, '00:39']
Better model found at epoch 3 with valid_loss value: 0.5194241404533386.
[4, 0.5091319680213928, 0.5076749324798584, 0.98953777551651, 0.17608098685741425, 1.1767113208770752, 0.9681956171989441, '00:41']
Better model found at epoch 4 with valid_loss value: 0.5076749324798584.
[5, 0.5021284818649292, 0.5058939456939697, 0.9895278811454773, 0.17492440342903137, 1.1712470054626465, 0.9571487307548523, '00:39']
Better model found at epoch 5 with valid_loss value: 0.5058939456939697.
[6, 0.5008382201194763, 0.5258436799049377, 0.9896870851516724, 0.17399649322032928, 1.0198112726211548, 0.9924966096878052, '00:40']
[7, 0.49876806139945984, 0.5244283080101013, 0.9896548390388489, 0.17379650473594666, 1.0547047853469849, 0.9796600937843323, '00:40']
[8, 0.49365729093551636, 0.5021037459373474, 0.9894661903381348, 0.17416472733020782, 1.159071683883667, 0.9324981570243835, '00:39']
Better model found at epoch 8 with valid_loss value: 0.5021037459373474.
[9, 0.49197298288345337, 0.5142822265625, 0.9895682334899902, 0.17382210493087769, 1.0943342447280884, 0.9523772597312927, '00:40']
[10, 0.4898252487182617, 0.4894272983074188, 0.9893015027046204, 0.17527402937412262, 1.302749514579773, 0.9102641940116882, '00:40']
Better model found at epoch 10 with valid_loss value: 0.4894272983074188.
[11, 0.4896388649940491, 0.5102657079696655, 0.9891449809074402, 0.1777191311120987, 1.4379242658615112, 0.9056442379951477, '00:40']
[12, 0.48625752329826355, 0.6018401384353638, 0.9894136786460876, 0.1741204559803009, 1.1727262735366821, 0.9122795462608337, '00:39']
[13, 0.48049190640449524, 0.48628535866737366, 0.9887847304344177, 0.18163999915122986, 1.6227635145187378, 0.8712902069091797, '00:40']
Better model found at epoch 13 with valid_loss value: 0.48628535866737366.
