Models will save to PAN_mobs4_x
Use mobileone_s4 encoder
Start training...
----------
0
----------
DLS create!
[0, 0.6376228332519531, 0.5228284001350403, 0.9916630387306213, 0.18079562485218048, 1.2568862438201904, 0.9970890879631042, '00:19']
Better model found at epoch 0 with valid_loss value: 0.5228284001350403.
[1, 0.5495582818984985, 0.5345296859741211, 0.9914284944534302, 0.18005600571632385, 1.3929214477539062, 0.9599967002868652, '00:18']
[2, 0.5188963413238525, 0.7873423099517822, 0.9915235638618469, 0.17900840938091278, 1.5442218780517578, 0.9711857438087463, '00:17']
[3, 0.51507169008255, 0.6815086007118225, 0.9914283156394958, 0.18106018006801605, 1.6162937879562378, 0.9588215351104736, '00:18']
[4, 0.5043976306915283, 0.5210531949996948, 0.9916002154350281, 0.17414894700050354, 1.123816967010498, 0.9685783386230469, '00:19']
Better model found at epoch 4 with valid_loss value: 0.5210531949996948.
[5, 0.5016332268714905, 0.5574131608009338, 0.9914127588272095, 0.18204502761363983, 1.5976972579956055, 0.9592169523239136, '00:17']
[6, 0.4984220862388611, 0.4971928894519806, 0.991244375705719, 0.1781851053237915, 1.471300482749939, 0.917077898979187, '00:18']
Better model found at epoch 6 with valid_loss value: 0.4971928894519806.
[7, 0.4929029643535614, 0.5064747929573059, 0.9914948344230652, 0.17576245963573456, 1.3170384168624878, 0.9540642499923706, '00:17']
[8, 0.4944138824939728, 0.547849178314209, 0.9913169741630554, 0.17683859169483185, 1.4104382991790771, 0.924983561038971, '00:18']
[9, 0.4990299940109253, 0.4819033443927765, 0.9909772276878357, 0.1808524876832962, 1.5709556341171265, 0.8891652226448059, '00:18']
Better model found at epoch 9 with valid_loss value: 0.4819033443927765.
[10, 0.499325692653656, 0.48736265301704407, 0.9914270639419556, 0.17493093013763428, 1.2157858610153198, 0.9295541644096375, '00:18']
[11, 0.5002379417419434, 0.46651068329811096, 0.9910731911659241, 0.17751453816890717, 1.4642912149429321, 0.8797836303710938, '00:18']
Better model found at epoch 11 with valid_loss value: 0.46651068329811096.
[12, 0.49801793694496155, 0.48300471901893616, 0.9914206266403198, 0.17457543313503265, 1.1859787702560425, 0.9194216132164001, '00:18']
[13, 0.4917113184928894, 0.47738730907440186, 0.9911596179008484, 0.17767569422721863, 1.4776835441589355, 0.8928661346435547, '00:18']
[14, 0.49111276865005493, 0.47432348132133484, 0.9907652735710144, 0.18171124160289764, 1.617904543876648, 0.8570440411567688, '00:17']
[15, 0.492748886346817, 0.47241294384002686, 0.9910160899162292, 0.17784948647022247, 1.4643229246139526, 0.8746010661125183, '00:17']
[16, 0.4891922175884247, 0.4569742977619171, 0.9909908175468445, 0.1772136092185974, 1.4723460674285889, 0.8551766872406006, '00:18']
Better model found at epoch 16 with valid_loss value: 0.4569742977619171.
[17, 0.4876381456851959, 0.5357174873352051, 0.9914197325706482, 0.1750696301460266, 1.3144489526748657, 0.9202754497528076, '00:17']
[18, 0.48583823442459106, 0.46388643980026245, 0.9911645650863647, 0.17509764432907104, 1.299568772315979, 0.867670476436615, '00:18']
[19, 0.48877304792404175, 0.45276474952697754, 0.9908354878425598, 0.17755047976970673, 1.4789198637008667, 0.8429285287857056, '00:17']
Better model found at epoch 19 with valid_loss value: 0.45276474952697754.
[20, 0.48874637484550476, 0.4502415359020233, 0.9908611178398132, 0.17728401720523834, 1.4606491327285767, 0.8428948521614075, '00:18']
Better model found at epoch 20 with valid_loss value: 0.4502415359020233.
[21, 0.4868637025356293, 0.46015676856040955, 0.9911858439445496, 0.17474448680877686, 1.2572910785675049, 0.8716431856155396, '00:18']
[22, 0.48608294129371643, 0.46912428736686707, 0.9908273220062256, 0.17944563925266266, 1.5598018169403076, 0.8500335216522217, '00:18']
[23, 0.4806106984615326, 0.44679319858551025, 0.9907581210136414, 0.17793914675712585, 1.4765092134475708, 0.8196840882301331, '00:19']
Better model found at epoch 23 with valid_loss value: 0.44679319858551025.
[24, 0.482901394367218, 0.4384140968322754, 0.9908822178840637, 0.1757967174053192, 1.3686684370040894, 0.8237788677215576, '00:17']
Better model found at epoch 24 with valid_loss value: 0.4384140968322754.
[25, 0.4744458794593811, 0.453719824552536, 0.9906026721000671, 0.17950139939785004, 1.568220853805542, 0.8180761933326721, '00:18']
[26, 0.4804489016532898, 0.4530861973762512, 0.9907570481300354, 0.1786610335111618, 1.5397822856903076, 0.8323931694030762, '00:17']
[27, 0.47727885842323303, 0.44578903913497925, 0.9909005165100098, 0.1759965419769287, 1.3717259168624878, 0.8292113542556763, '00:18']
[28, 0.47221696376800537, 0.4387191832065582, 0.9908162355422974, 0.17609000205993652, 1.380072832107544, 0.8221772909164429, '00:19']
[29, 0.48424410820007324, 0.4636993408203125, 0.9910132884979248, 0.17745929956436157, 1.4395722150802612, 0.867989182472229, '00:18']
[30, 0.47807225584983826, 0.4558008015155792, 0.9910228848457336, 0.17574754357337952, 1.3619996309280396, 0.8520318865776062, '00:18']
[31, 0.47500529885292053, 0.4491247832775116, 0.9910269975662231, 0.1755523979663849, 1.3549277782440186, 0.8422361016273499, '00:17']
[32, 0.4650569558143616, 0.4402419924736023, 0.9907958507537842, 0.17636744678020477, 1.3833433389663696, 0.8112754225730896, '00:19']
No improvement since epoch 24: early stopping
----------
1
----------
DLS create!
[0, 0.5522595643997192, 0.5205883383750916, 0.9832676649093628, 0.17432856559753418, 1.033978819847107, 0.99779212474823, '00:18']
Better model found at epoch 0 with valid_loss value: 0.5205883383750916.
[1, 0.5215407609939575, 0.5134693384170532, 0.9831736087799072, 0.1756865531206131, 1.2014474868774414, 0.9762593507766724, '00:19']
Better model found at epoch 1 with valid_loss value: 0.5134693384170532.
[2, 0.5082037448883057, 0.6260215044021606, 0.9832383990287781, 0.17460232973098755, 1.2518552541732788, 0.9856958985328674, '00:19']
[3, 0.5048196315765381, 0.49899357557296753, 0.9829779863357544, 0.17753924429416656, 1.3678697347640991, 0.9408732652664185, '00:19']
Better model found at epoch 3 with valid_loss value: 0.49899357557296753.
[4, 0.49808239936828613, 0.5188454985618591, 0.9829217195510864, 0.17666292190551758, 1.4500670433044434, 0.9239415526390076, '00:19']
[5, 0.4940186142921448, 0.5202529430389404, 0.9831343293190002, 0.17679712176322937, 1.4482221603393555, 0.959140419960022, '00:19']
[6, 0.4873259365558624, 0.48014071583747864, 0.9828407764434814, 0.17571838200092316, 1.3449583053588867, 0.9093508124351501, '00:19']
Better model found at epoch 6 with valid_loss value: 0.48014071583747864.
[7, 0.4892544746398926, 0.5022319555282593, 0.9829857349395752, 0.17658887803554535, 1.4314539432525635, 0.928726315498352, '00:18']
[8, 0.48621922731399536, 0.5246405601501465, 0.9831056594848633, 0.17661356925964355, 1.4045039415359497, 0.9546710252761841, '00:19']
[9, 0.48997294902801514, 0.4989890158176422, 0.982819139957428, 0.17842335999011993, 1.5292483568191528, 0.9170793294906616, '00:18']
[10, 0.4889695346355438, 0.48421424627304077, 0.9829803705215454, 0.1743890643119812, 1.1961588859558105, 0.9115486145019531, '00:18']
[11, 0.4854995012283325, 0.48378610610961914, 0.9828155040740967, 0.1759699434041977, 1.3681694269180298, 0.9039955735206604, '00:19']
[12, 0.4853784143924713, 0.4837682545185089, 0.9829871654510498, 0.17510999739170074, 1.3086572885513306, 0.9207867383956909, '00:19']
[13, 0.4824492037296295, 0.4873908460140228, 0.9825739860534668, 0.17998230457305908, 1.6020442247390747, 0.8879117965698242, '00:19']
[14, 0.48531585931777954, 0.47104519605636597, 0.9828395247459412, 0.17508451640605927, 1.3148072957992554, 0.8951143622398376, '00:18']
Better model found at epoch 14 with valid_loss value: 0.47104519605636597.
[15, 0.4815658926963806, 0.4668799936771393, 0.9827260375022888, 0.1756161004304886, 1.347934603691101, 0.8803442716598511, '00:19']
Better model found at epoch 15 with valid_loss value: 0.4668799936771393.
[16, 0.47832009196281433, 0.4752337336540222, 0.9825746417045593, 0.17820625007152557, 1.5500224828720093, 0.8661178350448608, '00:18']
[17, 0.475712388753891, 0.4698716700077057, 0.9825797080993652, 0.17824319005012512, 1.545730710029602, 0.8713124990463257, '00:19']
[18, 0.46764665842056274, 0.4640100598335266, 0.98243248462677, 0.17837359011173248, 1.5177079439163208, 0.8582431674003601, '00:19']
Better model found at epoch 18 with valid_loss value: 0.4640100598335266.
[19, 0.48224103450775146, 0.46990448236465454, 0.9828243851661682, 0.1755806803703308, 1.3234373331069946, 0.8961391448974609, '00:19']
[20, 0.47588711977005005, 0.4551248252391815, 0.9826338291168213, 0.1763414889574051, 1.4234845638275146, 0.8609083294868469, '00:20']
Better model found at epoch 20 with valid_loss value: 0.4551248252391815.
[21, 0.46854373812675476, 0.4782068729400635, 0.9829273819923401, 0.17406512796878815, 1.1681928634643555, 0.8895229697227478, '00:18']
[22, 0.4666397273540497, 0.45972028374671936, 0.9827314615249634, 0.1753508597612381, 1.3429750204086304, 0.8694214224815369, '00:19']
[23, 0.4709002673625946, 0.4568282663822174, 0.9827267527580261, 0.1750524640083313, 1.3194407224655151, 0.8604297637939453, '00:18']
[24, 0.4754692018032074, 0.4679252505302429, 0.9828649759292603, 0.17471574246883392, 1.2444140911102295, 0.8836324214935303, '00:19']
[25, 0.47013595700263977, 0.4584032893180847, 0.9826337695121765, 0.17627812922000885, 1.3941291570663452, 0.8617741465568542, '00:19']
[26, 0.4739132523536682, 0.4675252139568329, 0.9825093150138855, 0.17840051651000977, 1.531906247138977, 0.8669487833976746, '00:19']
[27, 0.46916675567626953, 0.4457612931728363, 0.9825666546821594, 0.17576096951961517, 1.3931680917739868, 0.8389855027198792, '00:21']
Better model found at epoch 27 with valid_loss value: 0.4457612931728363.
[28, 0.4636901915073395, 0.45744022727012634, 0.9826669096946716, 0.17538534104824066, 1.2779077291488647, 0.8626062870025635, '00:19']
[29, 0.45869114995002747, 0.471576988697052, 0.9826053380966187, 0.17781363427639008, 1.5036954879760742, 0.867368757724762, '00:19']
[30, 0.4607364237308502, 0.4663446545600891, 0.9826796650886536, 0.17560537159442902, 1.3278471231460571, 0.8756375908851624, '00:18']
[31, 0.46520620584487915, 0.4639022946357727, 0.982559323310852, 0.17728666961193085, 1.4987854957580566, 0.859835684299469, '00:19']
[32, 0.4627425968647003, 0.456849068403244, 0.9825391173362732, 0.17691950500011444, 1.4745419025421143, 0.846316933631897, '00:18']
[33, 0.4616948068141937, 0.45530447363853455, 0.9825957417488098, 0.17588041722774506, 1.3937337398529053, 0.8488140106201172, '00:19']
[34, 0.4588960111141205, 0.4477095603942871, 0.9826770424842834, 0.17497947812080383, 1.3106745481491089, 0.8358266949653625, '00:19']
[35, 0.46294859051704407, 0.4622558355331421, 0.9827850461006165, 0.17437779903411865, 1.2062054872512817, 0.8640706539154053, '00:19']
No improvement since epoch 27: early stopping
----------
2
----------
DLS create!
[0, 0.5817243456840515, 0.5167405605316162, 0.9908552765846252, 0.17717181146144867, 1.0938948392868042, 0.9921236038208008, '00:19']
Better model found at epoch 0 with valid_loss value: 0.5167405605316162.
[1, 0.5355144739151001, 0.5405973792076111, 0.9907235503196716, 0.17837123572826385, 1.2872720956802368, 0.9677095413208008, '00:19']
[2, 0.5157995223999023, 0.5166231989860535, 0.9906942248344421, 0.17616768181324005, 1.2726808786392212, 0.9526463150978088, '00:20']
Better model found at epoch 2 with valid_loss value: 0.5166231989860535.
[3, 0.5061131119728088, 0.5368859171867371, 0.9906919598579407, 0.177384153008461, 1.439328908920288, 0.9522780179977417, '00:19']
[4, 0.5055051445960999, 0.4979392886161804, 0.9901167154312134, 0.18348032236099243, 1.6426599025726318, 0.8950775265693665, '00:18']
Better model found at epoch 4 with valid_loss value: 0.4979392886161804.
[5, 0.499019980430603, 0.588445782661438, 0.9904340505599976, 0.1824055165052414, 1.5920805931091309, 0.9249662756919861, '00:18']
[6, 0.49810850620269775, 0.6263295412063599, 0.9908053874969482, 0.18043746054172516, 1.4361698627471924, 0.9660511016845703, '00:19']
[7, 0.49670445919036865, 0.5144438147544861, 0.9907766580581665, 0.17415958642959595, 1.197676420211792, 0.9527543187141418, '00:18']
[8, 0.49458643794059753, 0.5018839240074158, 0.9906665682792664, 0.17535558342933655, 1.3056451082229614, 0.9264342188835144, '00:19']
[9, 0.486651748418808, 0.5021626353263855, 0.9899477362632751, 0.18511994183063507, 1.7118829488754272, 0.880709707736969, '00:18']
[10, 0.49161654710769653, 0.4689370393753052, 0.9900940656661987, 0.17904777824878693, 1.5469356775283813, 0.8604836463928223, '00:18']
Better model found at epoch 10 with valid_loss value: 0.4689370393753052.
[11, 0.489530086517334, 0.5172815322875977, 0.9896272420883179, 0.1902887374162674, 1.7651773691177368, 0.8648796081542969, '00:20']
[12, 0.48629316687583923, 0.4842125177383423, 0.9904813766479492, 0.17467491328716278, 1.3000913858413696, 0.8834690451622009, '00:18']
[13, 0.4822923541069031, 0.4745352268218994, 0.9905250668525696, 0.17470063269138336, 1.2852612733840942, 0.8829056024551392, '00:20']
[14, 0.48045167326927185, 0.4766227602958679, 0.9905344247817993, 0.17470091581344604, 1.3028115034103394, 0.8802933096885681, '00:18']
[15, 0.47836774587631226, 0.4684303104877472, 0.9902784824371338, 0.17663083970546722, 1.446513056755066, 0.8694360852241516, '00:19']
Better model found at epoch 15 with valid_loss value: 0.4684303104877472.
[16, 0.4793897867202759, 0.4821864068508148, 0.9905741214752197, 0.1744886338710785, 1.2483326196670532, 0.8938158750534058, '00:18']
[17, 0.4744589328765869, 0.45760536193847656, 0.9901680946350098, 0.1760658323764801, 1.4396792650222778, 0.8441607356071472, '00:19']
Better model found at epoch 17 with valid_loss value: 0.45760536193847656.
[18, 0.4794095456600189, 0.46362560987472534, 0.9899803996086121, 0.178856760263443, 1.5580474138259888, 0.8503914475440979, '00:19']
[19, 0.4785121977329254, 0.489319771528244, 0.9904547929763794, 0.17580950260162354, 1.3929798603057861, 0.8981083035469055, '00:18']
[20, 0.48256322741508484, 0.46843135356903076, 0.9901899099349976, 0.17670172452926636, 1.4408527612686157, 0.8731541037559509, '00:19']
[21, 0.48270049691200256, 0.46798866987228394, 0.9902178049087524, 0.17686738073825836, 1.4681168794631958, 0.8662878274917603, '00:18']
[22, 0.4815063774585724, 0.4753073751926422, 0.9903172254562378, 0.17683154344558716, 1.4622880220413208, 0.8786128163337708, '00:19']
[23, 0.4812465012073517, 0.4764319062232971, 0.9903293251991272, 0.17647689580917358, 1.4305006265640259, 0.886325478553772, '00:18']
[24, 0.48232200741767883, 0.4666037857532501, 0.9902505874633789, 0.1764691025018692, 1.4364749193191528, 0.8618053197860718, '00:20']
[25, 0.4806765019893646, 0.48358869552612305, 0.9905115365982056, 0.1748635172843933, 1.3107346296310425, 0.8976469039916992, '00:18']
No improvement since epoch 17: early stopping
----------
3
----------
DLS create!
[0, 0.5171236991882324, 0.5109671354293823, 0.9929352402687073, 0.17670291662216187, 1.1602396965026855, 0.9876683354377747, '00:19']
Better model found at epoch 0 with valid_loss value: 0.5109671354293823.
[1, 0.5072766542434692, 0.499786376953125, 0.9928329586982727, 0.17507709562778473, 1.2347776889801025, 0.9522166848182678, '00:20']
Better model found at epoch 1 with valid_loss value: 0.499786376953125.
[2, 0.5010501146316528, 0.4903927743434906, 0.9927322268486023, 0.17639072239398956, 1.3858137130737305, 0.9390921592712402, '00:18']
Better model found at epoch 2 with valid_loss value: 0.4903927743434906.
[3, 0.4963619112968445, 0.48901432752609253, 0.9927499294281006, 0.1754792183637619, 1.2791200876235962, 0.9359146356582642, '00:19']
Better model found at epoch 3 with valid_loss value: 0.48901432752609253.
[4, 0.49483081698417664, 0.49690887331962585, 0.9928304553031921, 0.1745072901248932, 1.2047080993652344, 0.9433690905570984, '00:17']
[5, 0.4924177825450897, 0.47368574142456055, 0.9925947785377502, 0.1757662147283554, 1.3790841102600098, 0.8979672789573669, '00:18']
Better model found at epoch 5 with valid_loss value: 0.47368574142456055.
[6, 0.4858098030090332, 0.5183353424072266, 0.9929407238960266, 0.1739622950553894, 1.1406292915344238, 0.9779143333435059, '00:17']
[7, 0.4955308437347412, 0.48943066596984863, 0.992708146572113, 0.17636337876319885, 1.3631980419158936, 0.9300119280815125, '00:19']
[8, 0.4904579520225525, 0.47697603702545166, 0.9926789999008179, 0.17520776391029358, 1.3462506532669067, 0.9088450074195862, '00:19']
[9, 0.4891413152217865, 0.4982074499130249, 0.9922752976417542, 0.18517182767391205, 1.7228025197982788, 0.8963813781738281, '00:18']
[10, 0.48377078771591187, 0.490355521440506, 0.9927939772605896, 0.17432917654514313, 1.2000540494918823, 0.9289405345916748, '00:18']
[11, 0.481131374835968, 0.48583701252937317, 0.9927542209625244, 0.17461249232292175, 1.2807437181472778, 0.9155761003494263, '00:17']
[12, 0.47584980726242065, 0.4704701602458954, 0.9925644397735596, 0.17596326768398285, 1.4121230840682983, 0.8881868124008179, '00:20']
Better model found at epoch 12 with valid_loss value: 0.4704701602458954.
[13, 0.48162809014320374, 0.48496735095977783, 0.9920932054519653, 0.18319883942604065, 1.7064918279647827, 0.8654381036758423, '00:18']
[14, 0.4759298264980316, 0.46544480323791504, 0.9925849437713623, 0.17537932097911835, 1.3826661109924316, 0.8819506764411926, '00:18']
Better model found at epoch 14 with valid_loss value: 0.46544480323791504.
[15, 0.4758681654930115, 0.47865021228790283, 0.9927296042442322, 0.17434239387512207, 1.2459458112716675, 0.9033821821212769, '00:20']
[16, 0.47538959980010986, 0.46016350388526917, 0.9924955368041992, 0.1758926510810852, 1.422121524810791, 0.8723652958869934, '00:18']
Better model found at epoch 16 with valid_loss value: 0.46016350388526917.
[17, 0.4731064736843109, 0.48619574308395386, 0.9927934408187866, 0.17367340624332428, 1.1252946853637695, 0.9065119028091431, '00:18']
[18, 0.4703964293003082, 0.4602788984775543, 0.9926285743713379, 0.17438368499279022, 1.261042594909668, 0.8739238381385803, '00:17']
[19, 0.46438068151474, 0.4825020134449005, 0.992769718170166, 0.1740632951259613, 1.2044719457626343, 0.9024569392204285, '00:18']
[20, 0.4688165783882141, 0.4526956081390381, 0.9924785494804382, 0.17572954297065735, 1.4300014972686768, 0.8556910753250122, '00:18']
Better model found at epoch 20 with valid_loss value: 0.4526956081390381.
[21, 0.4643826186656952, 0.4722954332828522, 0.9922865033149719, 0.17958121001720428, 1.6325126886367798, 0.8667683005332947, '00:17']
[22, 0.46030253171920776, 0.4660119414329529, 0.9923809766769409, 0.17741015553474426, 1.527833342552185, 0.8711780905723572, '00:17']
[23, 0.45555028319358826, 0.453603059053421, 0.9922454953193665, 0.17717161774635315, 1.5085252523422241, 0.8448812365531921, '00:17']
[24, 0.46034055948257446, 0.44676515460014343, 0.9924008250236511, 0.17560653388500214, 1.418643593788147, 0.8451063632965088, '00:19']
Better model found at epoch 24 with valid_loss value: 0.44676515460014343.
[25, 0.4587631821632385, 0.4570290446281433, 0.9925189018249512, 0.17503803968429565, 1.3516924381256104, 0.8640775680541992, '00:18']
[26, 0.45750126242637634, 0.4538078308105469, 0.9922519326210022, 0.17727580666542053, 1.5405088663101196, 0.8447520136833191, '00:18']
[27, 0.45880118012428284, 0.43748101592063904, 0.9923914074897766, 0.1747620701789856, 1.3205758333206177, 0.8269959688186646, '00:20']
Better model found at epoch 27 with valid_loss value: 0.43748101592063904.
[28, 0.4508993625640869, 0.4396832585334778, 0.9924874305725098, 0.1742776334285736, 1.2288389205932617, 0.8271856307983398, '00:17']
[29, 0.45772266387939453, 0.429447203874588, 0.9923784136772156, 0.17452138662338257, 1.288237452507019, 0.8138959407806396, '00:19']
Better model found at epoch 29 with valid_loss value: 0.429447203874588.
[30, 0.46077093482017517, 0.4348427355289459, 0.9921984076499939, 0.17622682452201843, 1.4465159177780151, 0.8187910318374634, '00:18']
[31, 0.45755428075790405, 0.44777828454971313, 0.9923970103263855, 0.17602571845054626, 1.409879446029663, 0.8436147570610046, '00:19']
[32, 0.45286279916763306, 0.48387229442596436, 0.9920219779014587, 0.18477566540241241, 1.7337822914123535, 0.8502503633499146, '00:18']
[33, 0.45312434434890747, 0.4518844187259674, 0.9926227331161499, 0.17391429841518402, 1.181264042854309, 0.8481962084770203, '00:18']
[34, 0.4494677782058716, 0.4519282281398773, 0.9925170540809631, 0.1744326651096344, 1.249462366104126, 0.8511977791786194, '00:18']
[35, 0.44627928733825684, 0.4385775923728943, 0.9920482635498047, 0.1774473488330841, 1.5507781505584717, 0.8078265190124512, '00:17']
[36, 0.4513165354728699, 0.4325844645500183, 0.9923685193061829, 0.1750974804162979, 1.345862627029419, 0.8206112384796143, '00:17']
[37, 0.4497852027416229, 0.4260256588459015, 0.9922853708267212, 0.17534340918064117, 1.3803273439407349, 0.8065685629844666, '00:18']
Better model found at epoch 37 with valid_loss value: 0.4260256588459015.
[38, 0.44703903794288635, 0.4451296627521515, 0.9925510287284851, 0.1739722490310669, 1.2015246152877808, 0.8289867043495178, '00:18']
[39, 0.45429331064224243, 0.4349413216114044, 0.9924321174621582, 0.1747167706489563, 1.324017882347107, 0.8173521161079407, '00:18']
[40, 0.44859203696250916, 0.42515936493873596, 0.9922021627426147, 0.17552222311496735, 1.3955836296081543, 0.8012434840202332, '00:18']
Better model found at epoch 40 with valid_loss value: 0.42515936493873596.
[41, 0.44632405042648315, 0.45142269134521484, 0.9920298457145691, 0.17853383719921112, 1.5639259815216064, 0.8209266066551208, '00:18']
[42, 0.4470425844192505, 0.4621388614177704, 0.9926334619522095, 0.17392632365226746, 1.168102502822876, 0.8669655323028564, '00:17']
[43, 0.4551601707935333, 0.4335750639438629, 0.9922188520431519, 0.17609187960624695, 1.4585814476013184, 0.8156836628913879, '00:18']
[44, 0.435062050819397, 0.43053075671195984, 0.9922178387641907, 0.1760009378194809, 1.3997738361358643, 0.809636652469635, '00:18']
[45, 0.43846940994262695, 0.45359665155410767, 0.9925511479377747, 0.17447780072689056, 1.2728384733200073, 0.8591113686561584, '00:18']
[46, 0.4460380971431732, 0.4819253981113434, 0.9926750659942627, 0.17496684193611145, 1.3240315914154053, 0.895997166633606, '00:18']
[47, 0.44953569769859314, 0.46902045607566833, 0.9926831126213074, 0.1742631196975708, 1.2598062753677368, 0.8767751455307007, '00:18']
[48, 0.4546906650066376, 0.4415787160396576, 0.9922870993614197, 0.1761305034160614, 1.475536584854126, 0.8303786516189575, '00:18']
No improvement since epoch 40: early stopping
----------
4
----------
DLS create!
[0, 0.5258252024650574, 0.5216487646102905, 0.9892563223838806, 0.17674529552459717, 1.0697975158691406, 0.9938081502914429, '00:18']
Better model found at epoch 0 with valid_loss value: 0.5216487646102905.
[1, 0.5102897882461548, 0.5106985569000244, 0.9890554547309875, 0.177373006939888, 1.3701049089431763, 0.9547901153564453, '00:20']
Better model found at epoch 1 with valid_loss value: 0.5106985569000244.
[2, 0.5033193230628967, 0.5217044949531555, 0.9891875386238098, 0.17461945116519928, 1.1825968027114868, 0.9674584269523621, '00:18']
[3, 0.5028573870658875, 0.5087003707885742, 0.9890854358673096, 0.17661213874816895, 1.2689764499664307, 0.9610058665275574, '00:18']
Better model found at epoch 3 with valid_loss value: 0.5087003707885742.
[4, 0.4984496235847473, 0.5098588466644287, 0.9887894988059998, 0.17908911406993866, 1.5060145854949951, 0.9203969836235046, '00:19']
[5, 0.4999045133590698, 0.5738384127616882, 0.9892165064811707, 0.17565356194972992, 1.2505943775177002, 0.9798648953437805, '00:19']
[6, 0.4921421706676483, 0.5065762400627136, 0.9889207482337952, 0.17718538641929626, 1.4554861783981323, 0.9255554676055908, '00:21']
Better model found at epoch 6 with valid_loss value: 0.5065762400627136.
[7, 0.4859777092933655, 0.5434600114822388, 0.9885261058807373, 0.1910942643880844, 1.7610459327697754, 0.9195543527603149, '00:19']
[8, 0.48560312390327454, 0.5226648449897766, 0.9891459345817566, 0.17414355278015137, 1.1536473035812378, 0.9565192461013794, '00:19']
[9, 0.4887349307537079, 0.5130135416984558, 0.9889594316482544, 0.1757674515247345, 1.3312262296676636, 0.9318409562110901, '00:18']
[10, 0.4877781569957733, 0.49955928325653076, 0.9885938763618469, 0.17902861535549164, 1.5346496105194092, 0.8863313794136047, '00:19']
Better model found at epoch 10 with valid_loss value: 0.49955928325653076.
[11, 0.4879797697067261, 0.5279061198234558, 0.988311231136322, 0.1913348287343979, 1.7428251504898071, 0.8998849987983704, '00:18']
[12, 0.4856378734111786, 0.5497336983680725, 0.9881619215011597, 0.19468088448047638, 1.787693738937378, 0.8917169570922852, '00:19']
[13, 0.4811495840549469, 0.4910178482532501, 0.9886293411254883, 0.17772722244262695, 1.4689390659332275, 0.8940623998641968, '00:19']
Better model found at epoch 13 with valid_loss value: 0.4910178482532501.
[14, 0.4781681001186371, 0.5003301501274109, 0.9888885021209717, 0.17603740096092224, 1.3539454936981201, 0.9226776361465454, '00:18']
[15, 0.48232501745224, 0.4922645688056946, 0.9888365268707275, 0.17593732476234436, 1.3712354898452759, 0.9119530320167542, '00:19']
[16, 0.47767454385757446, 0.4939596354961395, 0.9886126518249512, 0.1786201000213623, 1.5190742015838623, 0.8983322978019714, '00:18']
[17, 0.47771579027175903, 0.5030312538146973, 0.9886870384216309, 0.1782335788011551, 1.4684158563613892, 0.9133907556533813, '00:19']
[18, 0.4806673526763916, 0.49881887435913086, 0.9887781739234924, 0.1767551600933075, 1.3624452352523804, 0.9201642870903015, '00:18']
[19, 0.4791419506072998, 0.48534876108169556, 0.9886444211006165, 0.17731547355651855, 1.436371088027954, 0.8875399827957153, '00:19']
Better model found at epoch 19 with valid_loss value: 0.48534876108169556.
[20, 0.47909167408943176, 0.5019492506980896, 0.988652765750885, 0.17963416874408722, 1.5680032968521118, 0.9002896547317505, '00:18']
[21, 0.47832077741622925, 0.5044249892234802, 0.9889971613883972, 0.17545509338378906, 1.3558977842330933, 0.9278329610824585, '00:18']
[22, 0.4829048812389374, 0.5026017427444458, 0.9888924360275269, 0.17670106887817383, 1.4178632497787476, 0.9226590991020203, '00:19']
[23, 0.47749537229537964, 0.5022295713424683, 0.9889749884605408, 0.1748027354478836, 1.2854435443878174, 0.9212878346443176, '00:18']
[24, 0.4797542095184326, 0.504753053188324, 0.9883820414543152, 0.18265148997306824, 1.649608850479126, 0.8884785175323486, '00:19']
[25, 0.47263047099113464, 0.49729791283607483, 0.988789439201355, 0.17670723795890808, 1.4173951148986816, 0.9078696370124817, '00:18']
[26, 0.4741731286048889, 0.4711136817932129, 0.9885117411613464, 0.17707818746566772, 1.4602947235107422, 0.8637876510620117, '00:19']
Better model found at epoch 26 with valid_loss value: 0.4711136817932129.
[27, 0.4798215627670288, 0.4787154495716095, 0.9884646534919739, 0.17864324152469635, 1.5182965993881226, 0.8688951730728149, '00:18']
[28, 0.4758148789405823, 0.48443636298179626, 0.9886345267295837, 0.1769828498363495, 1.443300724029541, 0.8832431435585022, '00:19']
[29, 0.47274136543273926, 0.49178874492645264, 0.9887797236442566, 0.1756775826215744, 1.348570704460144, 0.9030057787895203, '00:19']
[30, 0.47423604130744934, 0.4867395758628845, 0.9887747764587402, 0.17515772581100464, 1.313651204109192, 0.8922620415687561, '00:18']
[31, 0.4700082838535309, 0.5014433264732361, 0.9889331459999084, 0.17436464130878448, 1.203195333480835, 0.9193302989006042, '00:19']
[32, 0.478462815284729, 0.4920435845851898, 0.9889524579048157, 0.17452897131443024, 1.2509185075759888, 0.9030927419662476, '00:18']
[33, 0.479241281747818, 0.48035991191864014, 0.9886959195137024, 0.1763182133436203, 1.4094624519348145, 0.878503680229187, '00:19']
[34, 0.47877076268196106, 0.4763508439064026, 0.9886466264724731, 0.17634066939353943, 1.4275126457214355, 0.8701075911521912, '00:18']
No improvement since epoch 26: early stopping
PAN Done!
