Models will save to PSPNet_dpn131_x
Use dpn131 encoder
Start training...
----------
0
----------
DLS create!
[0, 0.5329084396362305, 0.5119040012359619, 0.9804661870002747, 0.17747639119625092, 1.2451732158660889, 0.9634249210357666, '00:21']
Better model found at epoch 0 with valid_loss value: 0.5119040012359619.
[1, 0.5184600353240967, 0.5093193650245667, 0.9804240465164185, 0.17636513710021973, 1.3043403625488281, 0.947234570980072, '00:21']
Better model found at epoch 1 with valid_loss value: 0.5093193650245667.
[2, 0.5053720474243164, 0.5052952766418457, 0.9802899360656738, 0.17753423750400543, 1.4662072658538818, 0.933194637298584, '00:22']
Better model found at epoch 2 with valid_loss value: 0.5052952766418457.
[3, 0.5029381513595581, 0.5087850689888, 0.9802765846252441, 0.17955748736858368, 1.5254806280136108, 0.9384644031524658, '00:22']
[4, 0.49668562412261963, 0.5049096345901489, 0.9803194403648376, 0.1757391393184662, 1.354141354560852, 0.9277541041374207, '00:22']
Better model found at epoch 4 with valid_loss value: 0.5049096345901489.
[5, 0.4995136857032776, 0.51301109790802, 0.9805465340614319, 0.17433787882328033, 1.1736277341842651, 0.9511268734931946, '00:25']
[6, 0.4983534812927246, 0.5007057785987854, 0.9802730083465576, 0.1773070991039276, 1.414574146270752, 0.9286055564880371, '00:21']
Better model found at epoch 6 with valid_loss value: 0.5007057785987854.
[7, 0.5005016922950745, 0.5005908608436584, 0.9802359938621521, 0.17778052389621735, 1.466686487197876, 0.9272007346153259, '00:22']
Better model found at epoch 7 with valid_loss value: 0.5005908608436584.
[8, 0.5002769827842712, 0.496442049741745, 0.9801777005195618, 0.17804363369941711, 1.4612642526626587, 0.9210221767425537, '00:21']
Better model found at epoch 8 with valid_loss value: 0.496442049741745.
[9, 0.4967346489429474, 0.4975886642932892, 0.980280339717865, 0.17596663534641266, 1.3792937994003296, 0.9194294810295105, '00:22']
[10, 0.4971213936805725, 0.4926636517047882, 0.9802819490432739, 0.17587566375732422, 1.3509001731872559, 0.9224568605422974, '00:23']
Better model found at epoch 10 with valid_loss value: 0.4926636517047882.
[11, 0.4887251853942871, 0.5070375800132751, 0.9804086089134216, 0.17439916729927063, 1.213082194328308, 0.9226422309875488, '00:21']
[12, 0.5001850128173828, 0.49945688247680664, 0.9803522825241089, 0.1766226589679718, 1.352842092514038, 0.938015878200531, '00:23']
[13, 0.49203285574913025, 0.4982757568359375, 0.9800825715065002, 0.17768579721450806, 1.492867350578308, 0.9040166139602661, '00:22']
[14, 0.49072954058647156, 0.4951360523700714, 0.9800730347633362, 0.1782464236021042, 1.500065803527832, 0.9102919101715088, '00:22']
[15, 0.4900954067707062, 0.4965165853500366, 0.9802694320678711, 0.17599321901798248, 1.385781168937683, 0.9199385643005371, '00:21']
[16, 0.49579575657844543, 0.4900612235069275, 0.9802435636520386, 0.1751737743616104, 1.2985458374023438, 0.9014986157417297, '00:25']
Better model found at epoch 16 with valid_loss value: 0.4900612235069275.
[17, 0.48878127336502075, 0.48940974473953247, 0.9799292683601379, 0.17904405295848846, 1.5112649202346802, 0.8966836333274841, '00:21']
Better model found at epoch 17 with valid_loss value: 0.48940974473953247.
[18, 0.4874200224876404, 0.48329341411590576, 0.9799284338951111, 0.1789272278547287, 1.5346919298171997, 0.8901856541633606, '00:25']
Better model found at epoch 18 with valid_loss value: 0.48329341411590576.
[19, 0.4865173101425171, 0.4910195469856262, 0.980290412902832, 0.17535337805747986, 1.3382099866867065, 0.903048038482666, '00:22']
[20, 0.481288880109787, 0.49073049426078796, 0.980232298374176, 0.1750900149345398, 1.3156418800354004, 0.897941529750824, '00:22']
[21, 0.4767405688762665, 0.49317431449890137, 0.9800195097923279, 0.17778760194778442, 1.5032707452774048, 0.8944410085678101, '00:24']
[22, 0.4817621111869812, 0.486709862947464, 0.9800209999084473, 0.1773722916841507, 1.4716072082519531, 0.8977517485618591, '00:22']
[23, 0.48544228076934814, 0.50651615858078, 0.979751467704773, 0.1860795021057129, 1.699568271636963, 0.9024794101715088, '00:22']
[24, 0.4793197810649872, 0.47769618034362793, 0.9799542427062988, 0.17734216153621674, 1.474124789237976, 0.8823550343513489, '00:23']
Better model found at epoch 24 with valid_loss value: 0.47769618034362793.
[25, 0.4791840612888336, 0.4877609312534332, 0.9799910187721252, 0.17755915224552155, 1.4864660501480103, 0.8952925205230713, '00:21']
[26, 0.4722909927368164, 0.4906405508518219, 0.9799479246139526, 0.17795506119728088, 1.5200226306915283, 0.8894008994102478, '00:22']
[27, 0.47224339842796326, 0.4860367774963379, 0.9801925420761108, 0.17493928968906403, 1.3291462659835815, 0.8923629522323608, '00:24']
[28, 0.47345873713493347, 0.48445606231689453, 0.9802156090736389, 0.17483828961849213, 1.2685825824737549, 0.8890711069107056, '00:21']
[29, 0.4705704152584076, 0.5010868906974792, 0.979824423789978, 0.18060998618602753, 1.6074720621109009, 0.8849361538887024, '00:23']
[30, 0.47801852226257324, 0.4943620264530182, 0.9803416132926941, 0.17429237067699432, 1.197365641593933, 0.9081566333770752, '00:23']
[31, 0.47602638602256775, 0.4795129895210266, 0.980042576789856, 0.17548425495624542, 1.347590684890747, 0.8789077401161194, '00:22']
[32, 0.4719500243663788, 0.4825136065483093, 0.9799314141273499, 0.1773582100868225, 1.4424840211868286, 0.8842836022377014, '00:21']
No improvement since epoch 24: early stopping
----------
1
----------
DLS create!
[0, 0.5190377831459045, 0.5193189382553101, 0.9932655096054077, 0.17490966618061066, 1.2636431455612183, 0.9599836468696594, '00:22']
Better model found at epoch 0 with valid_loss value: 0.5193189382553101.
[1, 0.5093626976013184, 0.4971037209033966, 0.9929912090301514, 0.18150857090950012, 1.56390380859375, 0.9343512058258057, '00:24']
Better model found at epoch 1 with valid_loss value: 0.4971037209033966.
[2, 0.5050821304321289, 0.5027480721473694, 0.9929925799369812, 0.1827721744775772, 1.5653553009033203, 0.9376092553138733, '00:23']
[3, 0.5019263625144958, 0.4974222183227539, 0.9932069778442383, 0.17574311792850494, 1.3451731204986572, 0.9468927383422852, '00:21']
[4, 0.5040922164916992, 0.4936443567276001, 0.992972731590271, 0.1808629184961319, 1.4621533155441284, 0.9318761229515076, '00:22']
Better model found at epoch 4 with valid_loss value: 0.4936443567276001.
[5, 0.500995934009552, 0.4826909005641937, 0.9929488897323608, 0.1783706098794937, 1.556607961654663, 0.9073712825775146, '00:23']
Better model found at epoch 5 with valid_loss value: 0.4826909005641937.
[6, 0.4985926151275635, 0.49527931213378906, 0.9932583570480347, 0.17427483201026917, 1.1584643125534058, 0.9473317265510559, '00:23']
[7, 0.4940080940723419, 0.4822201728820801, 0.9930355548858643, 0.1769041270017624, 1.4387239217758179, 0.9112264513969421, '00:23']
Better model found at epoch 7 with valid_loss value: 0.4822201728820801.
[8, 0.498492568731308, 0.4878307580947876, 0.9929049015045166, 0.1791929304599762, 1.6059085130691528, 0.912086546421051, '00:23']
[9, 0.498079776763916, 0.47411009669303894, 0.9928364157676697, 0.1790970414876938, 1.5768370628356934, 0.8870749473571777, '00:22']
Better model found at epoch 9 with valid_loss value: 0.47411009669303894.
[10, 0.49449244141578674, 0.48397213220596313, 0.9931240081787109, 0.17522816359996796, 1.332977533340454, 0.9253228306770325, '00:22']
[11, 0.491888165473938, 0.4867143929004669, 0.9930503368377686, 0.17678801715373993, 1.478480577468872, 0.9214621186256409, '00:23']
[12, 0.4904336631298065, 0.46502166986465454, 0.992899477481842, 0.17716793715953827, 1.4906939268112183, 0.8728845715522766, '00:22']
Better model found at epoch 12 with valid_loss value: 0.46502166986465454.
[13, 0.47646114230155945, 0.4740127623081207, 0.9930324554443359, 0.17511507868766785, 1.3163962364196777, 0.9008546471595764, '00:22']
[14, 0.48597294092178345, 0.4677830636501312, 0.9928668737411499, 0.17771606147289276, 1.5366517305374146, 0.8798183798789978, '00:22']
[15, 0.4783615469932556, 0.45541125535964966, 0.9928737282752991, 0.17572537064552307, 1.4401885271072388, 0.8519733548164368, '00:22']
Better model found at epoch 15 with valid_loss value: 0.45541125535964966.
[16, 0.4863704442977905, 0.4658541679382324, 0.9930492043495178, 0.17470569908618927, 1.3078278303146362, 0.8739805221557617, '00:24']
[17, 0.4800696074962616, 0.4738598167896271, 0.9928290247917175, 0.17859309911727905, 1.60862135887146, 0.8830536007881165, '00:22']
[18, 0.4803335666656494, 0.4634445607662201, 0.9929405450820923, 0.17619644105434418, 1.4609431028366089, 0.8720658421516418, '00:22']
[19, 0.47726860642433167, 0.4498232305049896, 0.9929239749908447, 0.17511264979839325, 1.3467918634414673, 0.856256902217865, '00:21']
Better model found at epoch 19 with valid_loss value: 0.4498232305049896.
[20, 0.46982327103614807, 0.488919198513031, 0.9932291507720947, 0.17361120879650116, 1.102278232574463, 0.9026472568511963, '00:23']
[21, 0.4775680601596832, 0.46643200516700745, 0.9929198026657104, 0.17631204426288605, 1.4200421571731567, 0.8962929248809814, '00:23']
[22, 0.47799545526504517, 0.437762975692749, 0.9928117990493774, 0.17533166706562042, 1.387101411819458, 0.8300566673278809, '00:22']
Better model found at epoch 22 with valid_loss value: 0.437762975692749.
[23, 0.4782566428184509, 0.46705228090286255, 0.9926988482475281, 0.17886364459991455, 1.6285310983657837, 0.8558663725852966, '00:21']
[24, 0.47672316431999207, 0.4657525420188904, 0.9928459525108337, 0.17772376537322998, 1.5574054718017578, 0.8666753768920898, '00:22']
[25, 0.4750789701938629, 0.44947388768196106, 0.9927259087562561, 0.1773730367422104, 1.538866400718689, 0.8419973254203796, '00:24']
[26, 0.46582645177841187, 0.45927295088768005, 0.9929320216178894, 0.1751573234796524, 1.3395683765411377, 0.8548885583877563, '00:23']
[27, 0.47152456641197205, 0.4633401334285736, 0.9926725029945374, 0.17857442796230316, 1.5927540063858032, 0.8597143888473511, '00:21']
[28, 0.4742070138454437, 0.45552361011505127, 0.9926972985267639, 0.17786988615989685, 1.552751064300537, 0.8563051223754883, '00:23']
[29, 0.46629345417022705, 0.4811156094074249, 0.9931482076644897, 0.17386822402477264, 1.1493033170700073, 0.897648811340332, '00:22']
[30, 0.4693276584148407, 0.45548951625823975, 0.9929741024971008, 0.17436760663986206, 1.2447527647018433, 0.8594327569007874, '00:23']
No improvement since epoch 22: early stopping
----------
2
----------
DLS create!
[0, 0.53232741355896, 0.6492136120796204, 0.9901643395423889, 0.17383310198783875, 1.0602234601974487, 0.9933908581733704, '00:24']
Better model found at epoch 0 with valid_loss value: 0.6492136120796204.
[1, 0.5177730917930603, 0.536897599697113, 0.9901187419891357, 0.1750655174255371, 1.2240350246429443, 0.9855309128761292, '00:22']
Better model found at epoch 1 with valid_loss value: 0.536897599697113.
[2, 0.51510089635849, 0.5079946517944336, 0.9899687767028809, 0.17499859631061554, 1.2457339763641357, 0.949180006980896, '00:22']
Better model found at epoch 2 with valid_loss value: 0.5079946517944336.
[3, 0.5037891864776611, 0.4993107318878174, 0.9898921847343445, 0.17533542215824127, 1.3191020488739014, 0.931472659111023, '00:23']
Better model found at epoch 3 with valid_loss value: 0.4993107318878174.
[4, 0.5033732652664185, 0.5195823907852173, 0.9899336099624634, 0.17934058606624603, 1.4721540212631226, 0.9604830145835876, '00:23']
[5, 0.5006014108657837, 0.49271753430366516, 0.9896480441093445, 0.17873547971248627, 1.49813973903656, 0.9168596863746643, '00:22']
Better model found at epoch 5 with valid_loss value: 0.49271753430366516.
[6, 0.4992341995239258, 0.4883308708667755, 0.9895192980766296, 0.17908243834972382, 1.5337891578674316, 0.9024569988250732, '00:22']
Better model found at epoch 6 with valid_loss value: 0.4883308708667755.
[7, 0.49947187304496765, 0.5085240006446838, 0.989730954170227, 0.1815430223941803, 1.5406033992767334, 0.9440005421638489, '00:23']
[8, 0.49944868683815, 0.5009384751319885, 0.9896879196166992, 0.18036435544490814, 1.5184903144836426, 0.9323923587799072, '00:22']
[9, 0.49684885144233704, 0.4853578805923462, 0.9897520542144775, 0.17627452313899994, 1.3761589527130127, 0.9126870036125183, '00:23']
Better model found at epoch 9 with valid_loss value: 0.4853578805923462.
[10, 0.49604305624961853, 0.5075626969337463, 0.9899332523345947, 0.1753634363412857, 1.30365788936615, 0.9442607760429382, '00:21']
[11, 0.49202394485473633, 0.49894270300865173, 0.9896383285522461, 0.1795663684606552, 1.5701700448989868, 0.911500871181488, '00:22']
[12, 0.4916004538536072, 0.49080604314804077, 0.9896944761276245, 0.17704997956752777, 1.4176827669143677, 0.9120432734489441, '00:22']
[13, 0.4952869713306427, 0.4808526337146759, 0.9894528985023499, 0.17925560474395752, 1.5348844528198242, 0.8914225101470947, '00:22']
Better model found at epoch 13 with valid_loss value: 0.4808526337146759.
[14, 0.4956054091453552, 0.4936155378818512, 0.9898887872695923, 0.1751013696193695, 1.3108851909637451, 0.9207929372787476, '00:22']
[15, 0.49071693420410156, 0.4868703782558441, 0.9893540143966675, 0.18201260268688202, 1.6322380304336548, 0.8818637728691101, '00:22']
[16, 0.4941084384918213, 0.4928894639015198, 0.9895235896110535, 0.1807442456483841, 1.5727711915969849, 0.9078691005706787, '00:24']
[17, 0.4829060137271881, 0.47725406289100647, 0.9895243048667908, 0.17683714628219604, 1.4513607025146484, 0.8797990679740906, '00:23']
Better model found at epoch 17 with valid_loss value: 0.47725406289100647.
[18, 0.48886215686798096, 0.470469206571579, 0.989467203617096, 0.17758022248744965, 1.4901548624038696, 0.8722111582756042, '00:23']
Better model found at epoch 18 with valid_loss value: 0.470469206571579.
[19, 0.48603585362434387, 0.4699329435825348, 0.9896686673164368, 0.175059974193573, 1.2916594743728638, 0.8775636553764343, '00:22']
Better model found at epoch 19 with valid_loss value: 0.4699329435825348.
[20, 0.48905616998672485, 0.4926010072231293, 0.9897755980491638, 0.17600376904010773, 1.3811273574829102, 0.9190033078193665, '00:23']
[21, 0.48098620772361755, 0.49124425649642944, 0.9895248413085938, 0.17945443093776703, 1.5616850852966309, 0.9008596539497375, '00:22']
[22, 0.47695645689964294, 0.45613396167755127, 0.9895296096801758, 0.17515160143375397, 1.330040693283081, 0.8447518348693848, '00:23']
Better model found at epoch 22 with valid_loss value: 0.45613396167755127.
[23, 0.4733699858188629, 0.4940267503261566, 0.9897481203079224, 0.17559504508972168, 1.332740068435669, 0.9144680500030518, '00:23']
[24, 0.47390058636665344, 0.4589771032333374, 0.9891608357429504, 0.17863868176937103, 1.5663952827453613, 0.826847493648529, '00:23']
[25, 0.46732044219970703, 0.46737465262413025, 0.9891239404678345, 0.17947615683078766, 1.5817363262176514, 0.8364322781562805, '00:22']
[26, 0.47344470024108887, 0.46273064613342285, 0.9894291162490845, 0.17644502222537994, 1.427297830581665, 0.849031925201416, '00:23']
[27, 0.4696270525455475, 0.47756242752075195, 0.9896697402000427, 0.17576797306537628, 1.3721133470535278, 0.8848251104354858, '00:23']
[28, 0.4700665771961212, 0.45234909653663635, 0.9893873929977417, 0.1760425716638565, 1.3790894746780396, 0.83652263879776, '00:24']
Better model found at epoch 28 with valid_loss value: 0.45234909653663635.
[29, 0.4614381790161133, 0.4572436213493347, 0.9894101023674011, 0.17560233175754547, 1.3492958545684814, 0.8391970992088318, '00:23']
[30, 0.46973708271980286, 0.45772865414619446, 0.9894226789474487, 0.1761733889579773, 1.420698642730713, 0.8376708626747131, '00:22']
[31, 0.460701584815979, 0.46157318353652954, 0.9889281392097473, 0.18033760786056519, 1.627293348312378, 0.8131545186042786, '00:23']
[32, 0.4688546061515808, 0.4485233426094055, 0.9891003966331482, 0.17806652188301086, 1.527268648147583, 0.8179281949996948, '00:23']
Better model found at epoch 32 with valid_loss value: 0.4485233426094055.
[33, 0.4689742624759674, 0.46082836389541626, 0.9892939329147339, 0.17847581207752228, 1.546750545501709, 0.8449552059173584, '00:24']
[34, 0.4707944691181183, 0.46194273233413696, 0.9896063208580017, 0.17523795366287231, 1.3555372953414917, 0.8551083207130432, '00:25']
[35, 0.4729386866092682, 0.4906834661960602, 0.9892143607139587, 0.1826154589653015, 1.663214921951294, 0.8654468059539795, '00:23']
[36, 0.4732734262943268, 0.48664590716362, 0.9892588257789612, 0.18137629330158234, 1.6328328847885132, 0.8651094436645508, '00:24']
[37, 0.47425714135169983, 0.46723121404647827, 0.9891451597213745, 0.18004198372364044, 1.6109397411346436, 0.843995213508606, '00:22']
[38, 0.46219125390052795, 0.43805697560310364, 0.9892475605010986, 0.17590497434139252, 1.4051685333251953, 0.8056995272636414, '00:23']
Better model found at epoch 38 with valid_loss value: 0.43805697560310364.
[39, 0.46475949883461, 0.4853821396827698, 0.9893229603767395, 0.18048667907714844, 1.5978457927703857, 0.8856443166732788, '00:22']
[40, 0.4635743796825409, 0.45729005336761475, 0.9892079830169678, 0.17767810821533203, 1.5348045825958252, 0.825276255607605, '00:22']
[41, 0.46781954169273376, 0.46591052412986755, 0.9892685413360596, 0.17880520224571228, 1.5443371534347534, 0.8563855886459351, '00:23']
[42, 0.4644070267677307, 0.4660338759422302, 0.9889464974403381, 0.18104863166809082, 1.6446459293365479, 0.8282656073570251, '00:24']
[43, 0.4604018032550812, 0.4438297748565674, 0.9891740679740906, 0.17671199142932892, 1.4755191802978516, 0.8116195797920227, '00:24']
[44, 0.4698767364025116, 0.4497204124927521, 0.9889565706253052, 0.17899411916732788, 1.5854076147079468, 0.805992603302002, '00:24']
[45, 0.46094268560409546, 0.4607888460159302, 0.9893801808357239, 0.17679767310619354, 1.439881443977356, 0.8498989939689636, '00:22']
[46, 0.4608687162399292, 0.4521906077861786, 0.9890336394309998, 0.17855730652809143, 1.5660418272018433, 0.8129531741142273, '00:22']
No improvement since epoch 38: early stopping
----------
3
----------
DLS create!
[0, 0.5364276766777039, 0.5045969486236572, 0.9923505187034607, 0.18579509854316711, 1.4777467250823975, 0.9403180480003357, '00:22']
Better model found at epoch 0 with valid_loss value: 0.5045969486236572.
[1, 0.5167046785354614, 0.49335870146751404, 0.9925540089607239, 0.17524300515651703, 1.2932798862457275, 0.9274201393127441, '00:24']
Better model found at epoch 1 with valid_loss value: 0.49335870146751404.
[2, 0.5094866156578064, 0.6025338172912598, 0.9927847385406494, 0.17489540576934814, 1.2693592309951782, 0.9820134043693542, '00:23']
[3, 0.5073342323303223, 0.5531631112098694, 0.9926278591156006, 0.18013496696949005, 1.5519006252288818, 0.9606326818466187, '00:21']
[4, 0.5044689774513245, 0.4833868443965912, 0.9923354983329773, 0.1796785145998001, 1.5419741868972778, 0.9140684604644775, '00:22']
Better model found at epoch 4 with valid_loss value: 0.4833868443965912.
[5, 0.5019761919975281, 0.49041110277175903, 0.992490828037262, 0.17600204050540924, 1.3665201663970947, 0.9211821556091309, '00:22']
[6, 0.49732160568237305, 0.4663035571575165, 0.9922674894332886, 0.17741088569164276, 1.4558844566345215, 0.8857043385505676, '00:23']
Better model found at epoch 6 with valid_loss value: 0.4663035571575165.
[7, 0.4973900616168976, 0.4826640486717224, 0.992525577545166, 0.17500479519367218, 1.2701417207717896, 0.9186781644821167, '00:23']
[8, 0.49562522768974304, 0.4909164011478424, 0.9926636815071106, 0.1739945262670517, 1.1483010053634644, 0.9321902990341187, '00:24']
[9, 0.4950476288795471, 0.4740646481513977, 0.9924169778823853, 0.17598620057106018, 1.3546267747879028, 0.9014352560043335, '00:24']
[10, 0.4929641783237457, 0.5762589573860168, 0.9919905662536621, 0.20640230178833008, 1.8697595596313477, 0.9217491745948792, '00:22']
[11, 0.49798935651779175, 0.46401336789131165, 0.9924105405807495, 0.17537644505500793, 1.3328843116760254, 0.8896243572235107, '00:22']
Better model found at epoch 11 with valid_loss value: 0.46401336789131165.
[12, 0.5003207921981812, 0.4697958827018738, 0.9921755790710449, 0.17913368344306946, 1.5359141826629639, 0.8816649317741394, '00:21']
[13, 0.49514493346214294, 0.4622802138328552, 0.9921873807907104, 0.17760606110095978, 1.524962067604065, 0.8648344278335571, '00:22']
Better model found at epoch 13 with valid_loss value: 0.4622802138328552.
[14, 0.49388331174850464, 0.4696318805217743, 0.992311954498291, 0.17658501863479614, 1.4469419717788696, 0.8856847286224365, '00:22']
[15, 0.4924028515815735, 0.4612843692302704, 0.9923051595687866, 0.17605622112751007, 1.3948861360549927, 0.8743863701820374, '00:23']
Better model found at epoch 15 with valid_loss value: 0.4612843692302704.
[16, 0.48566555976867676, 0.48857825994491577, 0.9923691153526306, 0.17823131382465363, 1.5207881927490234, 0.9127485752105713, '00:22']
[17, 0.4869125187397003, 0.46394115686416626, 0.992385745048523, 0.17533399164676666, 1.3577871322631836, 0.8820328116416931, '00:22']
[18, 0.4867190718650818, 0.44974273443222046, 0.9919426441192627, 0.17805661261081696, 1.549666166305542, 0.8383790254592896, '00:22']
Better model found at epoch 18 with valid_loss value: 0.44974273443222046.
[19, 0.48590075969696045, 0.4605448842048645, 0.9920679926872253, 0.17840829491615295, 1.544303059577942, 0.8651593923568726, '00:22']
[20, 0.4855717122554779, 0.4551386535167694, 0.992131233215332, 0.17675261199474335, 1.408637285232544, 0.8664638996124268, '00:23']
[21, 0.48678335547447205, 0.4715762734413147, 0.992372453212738, 0.17576833069324493, 1.327843189239502, 0.8788254857063293, '00:23']
[22, 0.47908905148506165, 0.4610387086868286, 0.992184579372406, 0.17659221589565277, 1.4498776197433472, 0.8574634194374084, '00:21']
[23, 0.4821218252182007, 0.4580870270729065, 0.9923794865608215, 0.1745167225599289, 1.2374210357666016, 0.8709554672241211, '00:23']
[24, 0.4830515384674072, 0.45415765047073364, 0.9919869899749756, 0.1782105565071106, 1.5611759424209595, 0.8341401815414429, '00:23']
[25, 0.48324427008628845, 0.465797483921051, 0.9921525120735168, 0.1783103197813034, 1.501535415649414, 0.8699478507041931, '00:24']
[26, 0.48127105832099915, 0.4389839470386505, 0.9922136068344116, 0.17497409880161285, 1.3231923580169678, 0.8305948376655579, '00:23']
Better model found at epoch 26 with valid_loss value: 0.4389839470386505.
[27, 0.47873803973197937, 0.4488508403301239, 0.9923334717750549, 0.17470897734165192, 1.2911514043807983, 0.8443111181259155, '00:22']
[28, 0.47673577070236206, 0.4500831365585327, 0.9919387698173523, 0.17890895903110504, 1.5634111166000366, 0.836110532283783, '00:22']
[29, 0.47351908683776855, 0.4507869780063629, 0.9924200773239136, 0.17425814270973206, 1.2262734174728394, 0.8502587676048279, '00:22']
[30, 0.4782247543334961, 0.46889203786849976, 0.9916714429855347, 0.1830771118402481, 1.6945381164550781, 0.8233373165130615, '00:22']
[31, 0.46922075748443604, 0.46233856678009033, 0.9920417070388794, 0.17878377437591553, 1.5670710802078247, 0.8532735109329224, '00:23']
[32, 0.4811406135559082, 0.44212570786476135, 0.9921412467956543, 0.1757710725069046, 1.3655251264572144, 0.834380567073822, '00:22']
[33, 0.48195013403892517, 0.46243277192115784, 0.9917230606079102, 0.18223810195922852, 1.6575058698654175, 0.823544442653656, '00:22']
[34, 0.4743281304836273, 0.4367617666721344, 0.9922993779182434, 0.17438632249832153, 1.2538493871688843, 0.8199491500854492, '00:21']
Better model found at epoch 34 with valid_loss value: 0.4367617666721344.
[35, 0.4710582494735718, 0.4478527307510376, 0.9922568798065186, 0.17487312853336334, 1.3083751201629639, 0.8416048884391785, '00:23']
[36, 0.47450050711631775, 0.441270112991333, 0.9921854734420776, 0.1756124347448349, 1.3679593801498413, 0.8311978578567505, '00:24']
[37, 0.4678599536418915, 0.4636208415031433, 0.9923936724662781, 0.17427904903888702, 1.2111358642578125, 0.8646215200424194, '00:23']
[38, 0.4735191762447357, 0.45379364490509033, 0.9920060634613037, 0.17787088453769684, 1.5172953605651855, 0.8480134606361389, '00:22']
[39, 0.4756573736667633, 0.4488663375377655, 0.992139458656311, 0.176194429397583, 1.418994665145874, 0.8381848931312561, '00:22']
[40, 0.46742478013038635, 0.4553942084312439, 0.9922609925270081, 0.17512008547782898, 1.2671245336532593, 0.8553752899169922, '00:22']
[41, 0.4690830707550049, 0.46157583594322205, 0.9918451309204102, 0.18043911457061768, 1.6282931566238403, 0.8342190980911255, '00:23']
[42, 0.47725754976272583, 0.44146421551704407, 0.9919312596321106, 0.17739622294902802, 1.4577327966690063, 0.8192685842514038, '00:22']
No improvement since epoch 34: early stopping
----------
4
----------
DLS create!
[0, 0.5313618183135986, 0.5217878818511963, 0.9908002614974976, 0.17559990286827087, 1.236660361289978, 0.9581731557846069, '00:21']
Better model found at epoch 0 with valid_loss value: 0.5217878818511963.
[1, 0.5133634805679321, 0.49197515845298767, 0.9906145930290222, 0.17620113492012024, 1.3162293434143066, 0.9225975275039673, '00:21']
Better model found at epoch 1 with valid_loss value: 0.49197515845298767.
[2, 0.5093525648117065, 0.4849410355091095, 0.9903998970985413, 0.18001849949359894, 1.4120339155197144, 0.9151763319969177, '00:21']
Better model found at epoch 2 with valid_loss value: 0.4849410355091095.
[3, 0.5060662031173706, 0.4911465644836426, 0.990531861782074, 0.1776396781206131, 1.3970298767089844, 0.9189522862434387, '00:21']
[4, 0.5013003945350647, 0.48686566948890686, 0.9904907941818237, 0.17820051312446594, 1.4442933797836304, 0.9135629534721375, '00:21']
[5, 0.49774035811424255, 0.4711610674858093, 0.9902234673500061, 0.17891159653663635, 1.486695647239685, 0.8796727657318115, '00:21']
Better model found at epoch 5 with valid_loss value: 0.4711610674858093.
[6, 0.4951968193054199, 0.4986187815666199, 0.9906991124153137, 0.17569339275360107, 1.304689645767212, 0.9333726763725281, '00:21']
[7, 0.49601686000823975, 0.4939040541648865, 0.9906708002090454, 0.1750258505344391, 1.2521895170211792, 0.9243004322052002, '00:21']
[8, 0.49838390946388245, 0.4845794141292572, 0.9906123876571655, 0.17504647374153137, 1.235884666442871, 0.9167215824127197, '00:21']
[9, 0.49170246720314026, 0.4837876856327057, 0.9905936121940613, 0.17526951432228088, 1.2904584407806396, 0.9020563364028931, '00:21']
[10, 0.4831368625164032, 0.4960191547870636, 0.990639328956604, 0.17560797929763794, 1.3368078470230103, 0.9172707200050354, '00:21']
[11, 0.4907311499118805, 0.5053075551986694, 0.9907037019729614, 0.17418290674686432, 1.1728438138961792, 0.9109664559364319, '00:21']
[12, 0.48745039105415344, 0.4865790605545044, 0.9906408190727234, 0.17425110936164856, 1.1825913190841675, 0.897649347782135, '00:21']
[13, 0.4906435012817383, 0.48325949907302856, 0.9903724789619446, 0.17912249267101288, 1.5162062644958496, 0.897077202796936, '00:21']
No improvement since epoch 5: early stopping
PSPNet Done!
