Models will save to PSPNet_res152_x
Use resnet152 encoder
Start training...
----------
0
----------
DLS create!
[0, 0.5268802642822266, 0.6181017756462097, 0.9933751225471497, 0.1735507696866989, 1.0823595523834229, 0.9981725215911865, '00:21']
Better model found at epoch 0 with valid_loss value: 0.6181017756462097.
[1, 0.5100437998771667, 0.4892512261867523, 0.9930388927459717, 0.1759776920080185, 1.426440715789795, 0.9349827766418457, '00:21']
Better model found at epoch 1 with valid_loss value: 0.4892512261867523.
[2, 0.5079895257949829, 0.4946576952934265, 0.9930922389030457, 0.1759340614080429, 1.326172113418579, 0.9490007162094116, '00:20']
[3, 0.5007337927818298, 0.4933628737926483, 0.993153989315033, 0.17444057762622833, 1.2308772802352905, 0.9409559965133667, '00:20']
[4, 0.5053702592849731, 0.49338671565055847, 0.9929007887840271, 0.17929430305957794, 1.5188992023468018, 0.9323378801345825, '00:20']
[5, 0.5038096904754639, 0.49738776683807373, 0.9930406808853149, 0.17848055064678192, 1.4173364639282227, 0.9545873403549194, '00:21']
[6, 0.4990362226963043, 0.4877108931541443, 0.9930898547172546, 0.17509272694587708, 1.3102798461914062, 0.9367156028747559, '00:17']
Better model found at epoch 6 with valid_loss value: 0.4877108931541443.
[7, 0.4984552562236786, 0.4866010844707489, 0.9929642677307129, 0.17782580852508545, 1.4952679872512817, 0.9265356659889221, '00:21']
Better model found at epoch 7 with valid_loss value: 0.4866010844707489.
[8, 0.4999348521232605, 0.4866916835308075, 0.9930213689804077, 0.17601245641708374, 1.463597059249878, 0.9247681498527527, '00:21']
[9, 0.4938555657863617, 0.4696104824542999, 0.9928393959999084, 0.17550191283226013, 1.396517038345337, 0.8964378833770752, '00:18']
Better model found at epoch 9 with valid_loss value: 0.4696104824542999.
[10, 0.4909974932670593, 0.4952763617038727, 0.9931787252426147, 0.17384888231754303, 1.1550188064575195, 0.920842170715332, '00:21']
[11, 0.49203652143478394, 0.4931667745113373, 0.9926027655601501, 0.18282891809940338, 1.647231101989746, 0.9016937017440796, '00:21']
[12, 0.48240232467651367, 0.47798824310302734, 0.9928486943244934, 0.1773023009300232, 1.5133326053619385, 0.9046939611434937, '00:15']
[13, 0.4818354547023773, 0.4678457975387573, 0.9925665259361267, 0.17753536999225616, 1.5486706495285034, 0.8780413866043091, '00:25']
Better model found at epoch 13 with valid_loss value: 0.4678457975387573.
[14, 0.48805928230285645, 0.48354771733283997, 0.9923160672187805, 0.1842096596956253, 1.719160795211792, 0.8701376914978027, '00:21']
[15, 0.4838330149650574, 0.467425137758255, 0.992848813533783, 0.17567601799964905, 1.4550902843475342, 0.8885849118232727, '00:16']
Better model found at epoch 15 with valid_loss value: 0.467425137758255.
[16, 0.4745450019836426, 0.5208735466003418, 0.9924092888832092, 0.18885527551174164, 1.8139499425888062, 0.8871999979019165, '00:21']
[17, 0.47226884961128235, 0.47779396176338196, 0.992729127407074, 0.17723524570465088, 1.522394061088562, 0.8947946429252625, '00:21']
[18, 0.4841875433921814, 0.4569248855113983, 0.9926485419273376, 0.1772523671388626, 1.5203490257263184, 0.8618512153625488, '00:21']
Better model found at epoch 18 with valid_loss value: 0.4569248855113983.
[19, 0.4721418619155884, 0.5327739119529724, 0.9925013780593872, 0.18953579664230347, 1.8093104362487793, 0.902531623840332, '00:22']
[20, 0.4767829477787018, 0.48019886016845703, 0.993008017539978, 0.1749468594789505, 1.365772008895874, 0.9062643051147461, '00:21']
[21, 0.46959760785102844, 0.4615212678909302, 0.9924495816230774, 0.17822936177253723, 1.5958622694015503, 0.8606327176094055, '00:21']
[22, 0.4808000326156616, 0.45822611451148987, 0.9927598834037781, 0.17579954862594604, 1.4069901704788208, 0.8750442862510681, '00:19']
[23, 0.4683663547039032, 0.48096174001693726, 0.9930856823921204, 0.1746329963207245, 1.3201725482940674, 0.9048280715942383, '00:21']
[24, 0.4783002436161041, 0.47332361340522766, 0.9927448630332947, 0.17674139142036438, 1.4744387865066528, 0.8886088132858276, '00:20']
[25, 0.4764021039009094, 0.4653775691986084, 0.9926996827125549, 0.1772102564573288, 1.512437343597412, 0.8704392910003662, '00:17']
[26, 0.48011112213134766, 0.4537603259086609, 0.9924745559692383, 0.17744353413581848, 1.5482177734375, 0.8471988439559937, '00:21']
Better model found at epoch 26 with valid_loss value: 0.4537603259086609.
[27, 0.4777103066444397, 0.45520591735839844, 0.9926401376724243, 0.1761840581893921, 1.4400713443756104, 0.8683605194091797, '00:21']
[28, 0.47317051887512207, 0.4714270830154419, 0.9925697445869446, 0.17945611476898193, 1.6531188488006592, 0.8737939596176147, '00:21']
[29, 0.4742261469364166, 0.4578869342803955, 0.9927442669868469, 0.17518316209316254, 1.3606128692626953, 0.8732931017875671, '00:22']
[30, 0.47012415528297424, 0.45801711082458496, 0.9926620125770569, 0.1764950305223465, 1.5115313529968262, 0.8611339926719666, '00:21']
[31, 0.47929906845092773, 0.4521762430667877, 0.9924182891845703, 0.17860637605190277, 1.6137189865112305, 0.8393385410308838, '00:16']
Better model found at epoch 31 with valid_loss value: 0.4521762430667877.
[32, 0.47155576944351196, 0.448833703994751, 0.992576003074646, 0.17661213874816895, 1.491452932357788, 0.8407834768295288, '00:21']
Better model found at epoch 32 with valid_loss value: 0.448833703994751.
[33, 0.4667664170265198, 0.4713127017021179, 0.9928496479988098, 0.1748342663049698, 1.3321897983551025, 0.8837319016456604, '00:21']
[34, 0.46781444549560547, 0.46635353565216064, 0.9921334981918335, 0.1819189488887787, 1.6965116262435913, 0.8332592844963074, '00:16']
[35, 0.4686564803123474, 0.45382213592529297, 0.9924633502960205, 0.17806309461593628, 1.5847008228302002, 0.8437604308128357, '00:24']
[36, 0.46814748644828796, 0.48426586389541626, 0.9923951029777527, 0.18273387849330902, 1.7100785970687866, 0.8664363622665405, '00:21']
[37, 0.4645426869392395, 0.4827134311199188, 0.9923253059387207, 0.1830093264579773, 1.7358278036117554, 0.8605471253395081, '00:21']
[38, 0.46327319741249084, 0.452879935503006, 0.9922468066215515, 0.18001915514469147, 1.6655126810073853, 0.8170989155769348, '00:18']
[39, 0.4633331000804901, 0.45099449157714844, 0.9926537871360779, 0.17644312977790833, 1.514797568321228, 0.8467350602149963, '00:21']
[40, 0.4573676586151123, 0.4523777663707733, 0.9924232959747314, 0.177646204829216, 1.5471094846725464, 0.8425178527832031, '00:20']
No improvement since epoch 32: early stopping
----------
1
----------
DLS create!
[0, 0.5136975646018982, 0.5401301383972168, 0.9891239404678345, 0.1785350739955902, 1.4824150800704956, 0.9503608345985413, '00:22']
Better model found at epoch 0 with valid_loss value: 0.5401301383972168.
[1, 0.512059211730957, 0.5351179838180542, 0.9892700910568237, 0.1757459044456482, 1.310385823249817, 0.9640472531318665, '00:22']
Better model found at epoch 1 with valid_loss value: 0.5351179838180542.
[2, 0.5060328841209412, 0.5026946067810059, 0.9889466166496277, 0.18055585026741028, 1.5220221281051636, 0.9318573474884033, '00:21']
Better model found at epoch 2 with valid_loss value: 0.5026946067810059.
[3, 0.5018690824508667, 0.5068897604942322, 0.9890894889831543, 0.1772238165140152, 1.4230765104293823, 0.938123345375061, '00:23']
[4, 0.5009955167770386, 0.5247963070869446, 0.9889161586761475, 0.18721187114715576, 1.6223264932632446, 0.9455126523971558, '00:23']
[5, 0.49845123291015625, 0.505005419254303, 0.9891881346702576, 0.1751672774553299, 1.2637208700180054, 0.9335651397705078, '00:20']
[6, 0.4995659589767456, 0.5180359482765198, 0.9893620014190674, 0.17405235767364502, 1.1384644508361816, 0.9551311135292053, '00:25']
[7, 0.49327918887138367, 0.5185117721557617, 0.9892799854278564, 0.17497552931308746, 1.2460312843322754, 0.9508366584777832, '00:22']
[8, 0.49595117568969727, 0.5038171410560608, 0.9887974858283997, 0.18267403542995453, 1.6136826276779175, 0.9221333265304565, '00:19']
[9, 0.49216341972351074, 0.5034967660903931, 0.9890289902687073, 0.1771746426820755, 1.3812978267669678, 0.9281293749809265, '00:23']
[10, 0.4908972680568695, 0.5062492489814758, 0.9890187382698059, 0.1778770387172699, 1.4448902606964111, 0.9296339750289917, '00:21']
No improvement since epoch 2: early stopping
----------
2
----------
DLS create!
[0, 0.5311379432678223, 0.5134131908416748, 0.9920580983161926, 0.17481237649917603, 1.0777305364608765, 0.9821469187736511, '00:22']
Better model found at epoch 0 with valid_loss value: 0.5134131908416748.
[1, 0.5150307416915894, 0.5097724199295044, 0.9920033812522888, 0.17410217225551605, 1.1227387189865112, 0.9564002752304077, '00:22']
Better model found at epoch 1 with valid_loss value: 0.5097724199295044.
[2, 0.5067712664604187, 0.5138618350028992, 0.9918318390846252, 0.18190257251262665, 1.5781065225601196, 0.9530206918716431, '00:20']
[3, 0.5025231838226318, 0.48051318526268005, 0.9917266964912415, 0.1756930947303772, 1.3699513673782349, 0.9027411937713623, '00:26']
Better model found at epoch 3 with valid_loss value: 0.48051318526268005.
[4, 0.5009722113609314, 0.4878788888454437, 0.9918675422668457, 0.17523786425590515, 1.248704195022583, 0.9334081411361694, '00:22']
[5, 0.5021591782569885, 0.4883839786052704, 0.9918614029884338, 0.1754295825958252, 1.2861342430114746, 0.929731011390686, '00:20']
[6, 0.49538454413414, 0.4570721685886383, 0.9913648962974548, 0.17796646058559418, 1.510077714920044, 0.849349856376648, '00:22']
Better model found at epoch 6 with valid_loss value: 0.4570721685886383.
[7, 0.5008329153060913, 0.49380767345428467, 0.9919203519821167, 0.17498230934143066, 1.233132243156433, 0.9450722932815552, '00:22']
[8, 0.4988258183002472, 0.47760170698165894, 0.9917678833007812, 0.17551524937152863, 1.320422887802124, 0.9118415713310242, '00:19']
[9, 0.4916670322418213, 0.44621139764785767, 0.991330087184906, 0.17757008969783783, 1.495542049407959, 0.8345236778259277, '00:22']
Better model found at epoch 9 with valid_loss value: 0.44621139764785767.
[10, 0.4912974536418915, 0.44638997316360474, 0.9915685057640076, 0.17516367137432098, 1.3320587873458862, 0.8398044109344482, '00:22']
[11, 0.4884200096130371, 0.45021575689315796, 0.9912841320037842, 0.17753076553344727, 1.4784412384033203, 0.8351624011993408, '00:18']
[12, 0.4960329234600067, 0.4964645802974701, 0.9918941259384155, 0.17600807547569275, 1.2037526369094849, 0.946815013885498, '00:17']
[13, 0.49377065896987915, 0.4502534568309784, 0.9914776086807251, 0.1760910600423813, 1.3913265466690063, 0.847338080406189, '00:17']
[14, 0.4923049509525299, 0.48084720969200134, 0.9916546940803528, 0.17760281264781952, 1.478461503982544, 0.906278669834137, '00:17']
[15, 0.49127212166786194, 0.44920605421066284, 0.9911903142929077, 0.17899686098098755, 1.5753974914550781, 0.820764422416687, '00:16']
[16, 0.4895147383213043, 0.4494112432003021, 0.9912399053573608, 0.17828035354614258, 1.5423274040222168, 0.8274745941162109, '00:17']
[17, 0.48446279764175415, 0.46484944224357605, 0.9914775490760803, 0.17757844924926758, 1.4997845888137817, 0.8638128638267517, '00:17']
No improvement since epoch 9: early stopping
----------
3
----------
DLS create!
[0, 0.5264688730239868, 0.6952460408210754, 0.9910844564437866, 0.1737692952156067, 1.0725284814834595, 0.9937969446182251, '00:17']
Better model found at epoch 0 with valid_loss value: 0.6952460408210754.
[1, 0.5108240246772766, 0.484078586101532, 0.9906288385391235, 0.17758022248744965, 1.3782157897949219, 0.9161257743835449, '00:15']
Better model found at epoch 1 with valid_loss value: 0.484078586101532.
[2, 0.5092484951019287, 0.5144088864326477, 0.9906111359596252, 0.18083569407463074, 1.505290150642395, 0.9308559894561768, '00:14']
[3, 0.504021167755127, 0.5187708735466003, 0.9909560680389404, 0.17404937744140625, 1.1470178365707397, 0.9490305185317993, '00:14']
[4, 0.5023261904716492, 0.49651646614074707, 0.990841269493103, 0.17501674592494965, 1.2264139652252197, 0.9342337846755981, '00:14']
[5, 0.49907150864601135, 0.49145013093948364, 0.9905775785446167, 0.17828381061553955, 1.454439401626587, 0.9070901870727539, '00:14']
[6, 0.49560534954071045, 0.4893697500228882, 0.9907506108283997, 0.1754179745912552, 1.3153527975082397, 0.9089497327804565, '00:14']
[7, 0.4943554401397705, 0.4744507074356079, 0.9903143048286438, 0.18015088140964508, 1.5493415594100952, 0.8684279322624207, '00:14']
Better model found at epoch 7 with valid_loss value: 0.4744507074356079.
[8, 0.4998035430908203, 0.5086948871612549, 0.9909456968307495, 0.17463378608226776, 1.2043607234954834, 0.951319694519043, '00:14']
[9, 0.4981605112552643, 0.48220986127853394, 0.9905356168746948, 0.17746980488300323, 1.4104005098342896, 0.894490659236908, '00:14']
[10, 0.4945868253707886, 0.4884251356124878, 0.990437388420105, 0.1804744452238083, 1.539579153060913, 0.8984533548355103, '00:14']
[11, 0.48978742957115173, 0.46647047996520996, 0.9903302192687988, 0.17816615104675293, 1.4785330295562744, 0.8610370755195618, '00:14']
Better model found at epoch 11 with valid_loss value: 0.46647047996520996.
[12, 0.4922164976596832, 0.49016645550727844, 0.9907456636428833, 0.17502757906913757, 1.2794249057769775, 0.9054572582244873, '00:15']
[13, 0.4910406768321991, 0.49435222148895264, 0.9905190467834473, 0.17810358107089996, 1.482742190361023, 0.8981031179428101, '00:15']
[14, 0.49169883131980896, 0.5032967925071716, 0.9906635284423828, 0.1757342517375946, 1.3363994359970093, 0.899467945098877, '00:14']
[15, 0.4836267828941345, 0.4731875956058502, 0.9904932975769043, 0.1759859174489975, 1.356826901435852, 0.8623867034912109, '00:14']
[16, 0.48257967829704285, 0.47411659359931946, 0.9903882741928101, 0.17716608941555023, 1.437490701675415, 0.8595287799835205, '00:14']
[17, 0.48704347014427185, 0.4615362584590912, 0.9903010129928589, 0.178108811378479, 1.4736765623092651, 0.8540126085281372, '00:14']
Better model found at epoch 17 with valid_loss value: 0.4615362584590912.
[18, 0.4832201898097992, 0.47663718461990356, 0.9903760552406311, 0.1789925992488861, 1.4940208196640015, 0.8776432871818542, '00:14']
[19, 0.4813256561756134, 0.46835798025131226, 0.9902744293212891, 0.17877508699893951, 1.514723539352417, 0.8576859831809998, '00:14']
[20, 0.48253029584884644, 0.5237350463867188, 0.9902483224868774, 0.19028492271900177, 1.724801778793335, 0.9080114960670471, '00:14']
[21, 0.4814280867576599, 0.4709494709968567, 0.9904076457023621, 0.17735177278518677, 1.4446688890457153, 0.8673847317695618, '00:14']
[22, 0.4712666869163513, 0.49854665994644165, 0.9900583028793335, 0.18302561342716217, 1.6547272205352783, 0.8610095977783203, '00:18']
[23, 0.4781956970691681, 0.4558272361755371, 0.9903748631477356, 0.17643529176712036, 1.390142798423767, 0.852986752986908, '00:17']
Better model found at epoch 23 with valid_loss value: 0.4558272361755371.
[24, 0.47793927788734436, 0.47936108708381653, 0.9905136227607727, 0.17727287113666534, 1.449805498123169, 0.8877773284912109, '00:15']
[25, 0.4695155918598175, 0.46584999561309814, 0.9905315041542053, 0.17489929497241974, 1.2657579183578491, 0.8528949022293091, '00:17']
[26, 0.47988662123680115, 0.4605156183242798, 0.9903322458267212, 0.17726609110832214, 1.4403640031814575, 0.8556339144706726, '00:17']
[27, 0.47907766699790955, 0.48056378960609436, 0.9905156493186951, 0.17710012197494507, 1.4397245645523071, 0.8864041566848755, '00:18']
[28, 0.4718529284000397, 0.4637517035007477, 0.9904653429985046, 0.17553116381168365, 1.33977210521698, 0.8502956032752991, '00:16']
[29, 0.47617676854133606, 0.5007316470146179, 0.9900432825088501, 0.1870070993900299, 1.6839401721954346, 0.8712580800056458, '00:18']
[30, 0.4622170925140381, 0.4586726427078247, 0.9904677867889404, 0.17528828978538513, 1.322829246520996, 0.8464570045471191, '00:17']
[31, 0.47398626804351807, 0.47196492552757263, 0.9902834296226501, 0.1790359914302826, 1.535021185874939, 0.8605539202690125, '00:16']
No improvement since epoch 23: early stopping
----------
4
----------
DLS create!
[0, 0.5172207951545715, 0.5188800692558289, 0.9818785190582275, 0.1748637557029724, 1.2370694875717163, 0.9532536864280701, '00:16']
Better model found at epoch 0 with valid_loss value: 0.5188800692558289.
[1, 0.5098205208778381, 0.5126775503158569, 0.9819048047065735, 0.17631252110004425, 1.3010183572769165, 0.9618008732795715, '00:17']
Better model found at epoch 1 with valid_loss value: 0.5126775503158569.
[2, 0.5092116594314575, 0.5242465138435364, 0.9817821979522705, 0.1858985424041748, 1.600102186203003, 0.9662801623344421, '00:17']
[3, 0.5044046640396118, 0.49322620034217834, 0.9816382527351379, 0.1777450442314148, 1.457739233970642, 0.9227038025856018, '00:16']
Better model found at epoch 3 with valid_loss value: 0.49322620034217834.
[4, 0.504814088344574, 0.5037051439285278, 0.9818894863128662, 0.174682155251503, 1.181333303451538, 0.9468643069267273, '00:16']
[5, 0.5000357031822205, 0.49107617139816284, 0.9815691113471985, 0.17813648283481598, 1.5028172731399536, 0.9059279561042786, '00:17']
Better model found at epoch 5 with valid_loss value: 0.49107617139816284.
[6, 0.5026219487190247, 0.4892674684524536, 0.981685996055603, 0.17682866752147675, 1.376931071281433, 0.9177116751670837, '00:15']
Better model found at epoch 6 with valid_loss value: 0.4892674684524536.
[7, 0.5012354254722595, 0.4900813400745392, 0.9814975261688232, 0.1798594743013382, 1.526986837387085, 0.9102019667625427, '00:15']
[8, 0.4962439239025116, 0.45880886912345886, 0.9814432859420776, 0.17574942111968994, 1.356552004814148, 0.8535313010215759, '00:19']
Better model found at epoch 8 with valid_loss value: 0.45880886912345886.
[9, 0.4934985041618347, 0.47775015234947205, 0.9814098477363586, 0.17849667370319366, 1.5167601108551025, 0.8850167393684387, '00:18']
[10, 0.49666592478752136, 0.49398404359817505, 0.9816558957099915, 0.17755809426307678, 1.4367209672927856, 0.9189765453338623, '00:16']
[11, 0.49514687061309814, 0.47411486506462097, 0.9814260601997375, 0.17695976793766022, 1.4258782863616943, 0.8708838224411011, '00:16']
[12, 0.4926564693450928, 0.5376155972480774, 0.9814096689224243, 0.1937209516763687, 1.7368272542953491, 0.9347344636917114, '00:16']
[13, 0.4892871379852295, 0.4973186254501343, 0.9817231893539429, 0.1768748015165329, 1.4010403156280518, 0.9347341060638428, '00:17']
[14, 0.4862107038497925, 0.5018042325973511, 0.9814436435699463, 0.1826370656490326, 1.6368441581726074, 0.9086025953292847, '00:16']
[15, 0.48465797305107117, 0.46420732140541077, 0.9814420938491821, 0.17607486248016357, 1.3824794292449951, 0.8551470041275024, '00:15']
[16, 0.4887048602104187, 0.46900129318237305, 0.9815557599067688, 0.17557013034820557, 1.3566464185714722, 0.8744329810142517, '00:16']
No improvement since epoch 8: early stopping
PSPNet Done!
