Models will save to PSPNet_mitb5_x
Use mit_b5 encoder
Start training...
----------
0
----------
DLS create!
[0, 0.5297872424125671, 0.5184521079063416, 0.9803913831710815, 0.17491206526756287, 1.1513721942901611, 0.9686144590377808, '00:24']
Better model found at epoch 0 with valid_loss value: 0.5184521079063416.
[1, 0.5188586115837097, 0.5088745951652527, 0.9802835583686829, 0.1758466511964798, 1.2629833221435547, 0.9535172581672668, '00:22']
Better model found at epoch 1 with valid_loss value: 0.5088745951652527.
[2, 0.5147325396537781, 0.509705126285553, 0.9803153276443481, 0.17581205070018768, 1.2774468660354614, 0.9580495357513428, '00:23']
[3, 0.5098995566368103, 0.490740567445755, 0.9798495173454285, 0.18109272420406342, 1.4515386819839478, 0.9246810674667358, '00:22']
Better model found at epoch 3 with valid_loss value: 0.490740567445755.
[4, 0.5080822110176086, 0.49608924984931946, 0.980043888092041, 0.1791519820690155, 1.3987222909927368, 0.9370259046554565, '00:22']
[5, 0.5076931715011597, 0.48606589436531067, 0.9799482226371765, 0.17764659225940704, 1.4016401767730713, 0.9116193652153015, '00:22']
Better model found at epoch 5 with valid_loss value: 0.48606589436531067.
[6, 0.5075852870941162, 0.5121395587921143, 0.9803687930107117, 0.1781618595123291, 1.189031720161438, 0.9757478833198547, '00:23']
[7, 0.5066503286361694, 0.5104596614837646, 0.9803081154823303, 0.17474766075611115, 1.2019494771957397, 0.9480097889900208, '00:22']
[8, 0.5035993456840515, 0.5074043869972229, 0.980326235294342, 0.17404821515083313, 1.1203418970108032, 0.938204824924469, '00:23']
[9, 0.4996865689754486, 0.48202282190322876, 0.9799284934997559, 0.17705845832824707, 1.3694013357162476, 0.9099047780036926, '00:22']
Better model found at epoch 9 with valid_loss value: 0.48202282190322876.
[10, 0.5035142302513123, 0.5202732086181641, 0.9804180860519409, 0.17500267922878265, 1.1670384407043457, 0.97037273645401, '00:22']
[11, 0.501976728439331, 0.5292779207229614, 0.9804562926292419, 0.173849418759346, 1.1104928255081177, 0.9709484577178955, '00:22']
[12, 0.5058233737945557, 0.4978775084018707, 0.9795162677764893, 0.1858646422624588, 1.6335324048995972, 0.8940012454986572, '00:22']
[13, 0.500344455242157, 0.4822615087032318, 0.9798715710639954, 0.17677195370197296, 1.3749374151229858, 0.8977466821670532, '00:22']
[14, 0.4931204617023468, 0.4831603467464447, 0.9799072742462158, 0.17718572914600372, 1.4178063869476318, 0.9005436897277832, '00:22']
[15, 0.4972345530986786, 0.4814935028553009, 0.9799288511276245, 0.17707014083862305, 1.4080138206481934, 0.8997564315795898, '00:23']
Better model found at epoch 15 with valid_loss value: 0.4814935028553009.
[16, 0.4960213303565979, 0.55247962474823, 0.9805333614349365, 0.17329995334148407, 1.0037673711776733, 0.9932806491851807, '00:22']
[17, 0.5071306228637695, 0.5045571327209473, 0.9802513718605042, 0.1767665296792984, 1.3200911283493042, 0.9535040259361267, '00:22']
[18, 0.5120603442192078, 0.4997354745864868, 0.9800975918769836, 0.17789164185523987, 1.3961223363876343, 0.9381157755851746, '00:23']
[19, 0.5135179162025452, 0.5354898571968079, 0.9805323481559753, 0.17445817589759827, 1.0533961057662964, 0.9993586540222168, '00:23']
[20, 0.5149213671684265, 0.5269142389297485, 0.9796994924545288, 0.19359199702739716, 1.6809170246124268, 0.9372214078903198, '00:22']
[21, 0.5095125436782837, 0.5069590210914612, 0.9802336692810059, 0.1758383810520172, 1.322177529335022, 0.940739095211029, '00:22']
[22, 0.5124527215957642, 0.5233504176139832, 0.9804955124855042, 0.18151763081550598, 1.0784441232681274, 0.9957283735275269, '00:22']
[23, 0.5089656114578247, 0.5093319416046143, 0.9802128672599792, 0.17636120319366455, 1.3798924684524536, 0.9420498609542847, '00:22']
No improvement since epoch 15: early stopping
----------
1
----------
DLS create!
[0, 0.544394850730896, 0.5129418969154358, 0.9933631420135498, 0.1750728189945221, 1.0947390794754028, 0.9878067374229431, '00:24']
Better model found at epoch 0 with valid_loss value: 0.5129418969154358.
[1, 0.527410089969635, 0.5090442299842834, 0.9932474493980408, 0.17704851925373077, 1.44121253490448, 0.9584278464317322, '00:24']
Better model found at epoch 1 with valid_loss value: 0.5090442299842834.
[2, 0.5171909928321838, 0.5263752341270447, 0.9933369159698486, 0.17798063158988953, 1.2854129076004028, 0.9867810606956482, '00:24']
[3, 0.514246940612793, 0.5020103454589844, 0.9932297468185425, 0.1765713095664978, 1.3478589057922363, 0.9544454216957092, '00:24']
Better model found at epoch 3 with valid_loss value: 0.5020103454589844.
[4, 0.5099018216133118, 0.5031270384788513, 0.9932714700698853, 0.17651325464248657, 1.300513744354248, 0.9655588269233704, '00:24']
[5, 0.5048748850822449, 0.514305591583252, 0.9929691553115845, 0.18582648038864136, 1.714651346206665, 0.932686448097229, '00:24']
[6, 0.5065796375274658, 0.4982459247112274, 0.9931448101997375, 0.1779642403125763, 1.4570528268814087, 0.94129478931427, '00:24']
Better model found at epoch 6 with valid_loss value: 0.4982459247112274.
[7, 0.5038347840309143, 0.49082666635513306, 0.9931169748306274, 0.17765100300312042, 1.476472020149231, 0.9309435486793518, '00:24']
Better model found at epoch 7 with valid_loss value: 0.49082666635513306.
[8, 0.5032486915588379, 0.4919985830783844, 0.9931387901306152, 0.17738717794418335, 1.4022767543792725, 0.9381316304206848, '00:24']
[9, 0.5038398504257202, 0.5008096098899841, 0.9931756258010864, 0.1771906465291977, 1.4141366481781006, 0.9423124194145203, '00:24']
[10, 0.502464234828949, 0.5025613903999329, 0.993291974067688, 0.17458051443099976, 1.2488287687301636, 0.953917384147644, '00:24']
[11, 0.5105401873588562, 0.498676061630249, 0.993161141872406, 0.17842619121074677, 1.5445184707641602, 0.9436521530151367, '00:24']
[12, 0.5090941786766052, 0.5037652254104614, 0.9932368993759155, 0.17659921944141388, 1.3825849294662476, 0.9532530307769775, '00:24']
[13, 0.5040058493614197, 0.49961987137794495, 0.9930722117424011, 0.17889386415481567, 1.5293140411376953, 0.9297868609428406, '00:24']
[14, 0.4995041787624359, 0.502156674861908, 0.9933145642280579, 0.17419520020484924, 1.1863266229629517, 0.9545213580131531, '00:24']
[15, 0.4956987202167511, 0.49709445238113403, 0.9928815364837646, 0.1828182190656662, 1.6426770687103271, 0.9110574126243591, '00:24']
No improvement since epoch 7: early stopping
----------
2
----------
DLS create!
[0, 0.5335208177566528, 0.5293428897857666, 0.9914591908454895, 0.17670561373233795, 1.2700623273849487, 0.970463752746582, '00:24']
Better model found at epoch 0 with valid_loss value: 0.5293428897857666.
[1, 0.5189455151557922, 0.5031179785728455, 0.9913613200187683, 0.1766280084848404, 1.3864696025848389, 0.947471559047699, '00:24']
Better model found at epoch 1 with valid_loss value: 0.5031179785728455.
[2, 0.5123097896575928, 0.508251965045929, 0.9914129972457886, 0.17618492245674133, 1.305271863937378, 0.9590004086494446, '00:24']
[3, 0.5105924010276794, 0.5005401968955994, 0.9913685917854309, 0.1766480654478073, 1.3571114540100098, 0.9516907930374146, '00:24']
Better model found at epoch 3 with valid_loss value: 0.5005401968955994.
[4, 0.5076214075088501, 0.5036221742630005, 0.9911563992500305, 0.18042713403701782, 1.5822618007659912, 0.9337557554244995, '00:24']
[5, 0.5102063417434692, 0.4957371950149536, 0.9913423657417297, 0.1752893328666687, 1.3131235837936401, 0.9338709712028503, '00:24']
Better model found at epoch 5 with valid_loss value: 0.4957371950149536.
[6, 0.5059619545936584, 0.5059371590614319, 0.9913933277130127, 0.17532841861248016, 1.3375872373580933, 0.9424915909767151, '00:24']
[7, 0.504851222038269, 0.5146840810775757, 0.9915479421615601, 0.17416946589946747, 1.1240931749343872, 0.976747989654541, '00:24']
[8, 0.502615213394165, 0.48843804001808167, 0.9912794828414917, 0.17584003508090973, 1.3565762042999268, 0.922065258026123, '00:24']
Better model found at epoch 8 with valid_loss value: 0.48843804001808167.
[9, 0.5090104341506958, 0.48941415548324585, 0.9908497929573059, 0.183789923787117, 1.6330020427703857, 0.8991242051124573, '00:24']
[10, 0.5002457499504089, 0.5069530010223389, 0.9914734959602356, 0.17384758591651917, 1.1345964670181274, 0.9403867125511169, '00:24']
[11, 0.5041484236717224, 0.4882354736328125, 0.9912736415863037, 0.17591708898544312, 1.3566139936447144, 0.9229739308357239, '00:24']
Better model found at epoch 11 with valid_loss value: 0.4882354736328125.
[12, 0.5013222098350525, 0.49721190333366394, 0.9910784363746643, 0.18080668151378632, 1.5992145538330078, 0.9185397624969482, '00:24']
[13, 0.5042191743850708, 0.48215413093566895, 0.9911292791366577, 0.17720255255699158, 1.4780136346817017, 0.9015407562255859, '00:24']
Better model found at epoch 13 with valid_loss value: 0.48215413093566895.
[14, 0.4962243139743805, 0.49733251333236694, 0.9913707375526428, 0.1752811223268509, 1.3278220891952515, 0.935279369354248, '00:24']
[15, 0.500839352607727, 0.477000892162323, 0.9911620020866394, 0.17620699107646942, 1.4075766801834106, 0.901466965675354, '00:24']
Better model found at epoch 15 with valid_loss value: 0.477000892162323.
[16, 0.5003302097320557, 0.48012709617614746, 0.9911143183708191, 0.17715376615524292, 1.4534403085708618, 0.9015061259269714, '00:24']
[17, 0.5013963580131531, 0.4929274320602417, 0.9911775588989258, 0.17799705266952515, 1.5064178705215454, 0.9220010042190552, '00:24']
[18, 0.4957888424396515, 0.49388760328292847, 0.9912645220756531, 0.17581479251384735, 1.408223271369934, 0.9165357351303101, '00:24']
[19, 0.5007694363594055, 0.47739407420158386, 0.9910450577735901, 0.17794166505336761, 1.4579675197601318, 0.9024801850318909, '00:24']
[20, 0.50002521276474, 0.4903729557991028, 0.9913681149482727, 0.1744898110628128, 1.2377560138702393, 0.9256622195243835, '00:24']
[21, 0.5062268972396851, 0.5033506155014038, 0.991426408290863, 0.17750069499015808, 1.3454140424728394, 0.9637700319290161, '00:24']
[22, 0.5035886764526367, 0.4951792359352112, 0.9913762807846069, 0.1741430163383484, 1.1994621753692627, 0.9196310043334961, '00:24']
[23, 0.505366325378418, 0.481291264295578, 0.9912257790565491, 0.17577528953552246, 1.3565356731414795, 0.9139904379844666, '00:24']
No improvement since epoch 15: early stopping
----------
3
----------
DLS create!
[0, 0.5393106937408447, 0.5286787152290344, 0.9918811321258545, 0.17401695251464844, 1.0464965105056763, 0.9916761517524719, '00:23']
Better model found at epoch 0 with valid_loss value: 0.5286787152290344.
[1, 0.5179440975189209, 0.5254866480827332, 0.9918397068977356, 0.1745876669883728, 1.1883748769760132, 0.9816152453422546, '00:23']
Better model found at epoch 1 with valid_loss value: 0.5254866480827332.
[2, 0.5165191292762756, 0.5059834122657776, 0.9915559887886047, 0.180849090218544, 1.526249647140503, 0.9526619911193848, '00:23']
Better model found at epoch 2 with valid_loss value: 0.5059834122657776.
[3, 0.5090969204902649, 0.527946949005127, 0.9918650984764099, 0.17462033033370972, 1.0949040651321411, 0.9880916476249695, '00:23']
[4, 0.507768452167511, 0.5148412585258484, 0.9918057918548584, 0.17500825226306915, 1.2220667600631714, 0.9755467176437378, '00:23']
[5, 0.5101693868637085, 0.5106507539749146, 0.9917887449264526, 0.1755034327507019, 1.1539982557296753, 0.9750099778175354, '00:23']
[6, 0.5088637471199036, 0.5200580358505249, 0.9918567538261414, 0.17412827908992767, 1.1550672054290771, 0.9827005863189697, '00:23']
[7, 0.509706437587738, 0.5021015405654907, 0.9915727376937866, 0.17964833974838257, 1.4780418872833252, 0.9500688314437866, '00:23']
Better model found at epoch 7 with valid_loss value: 0.5021015405654907.
[8, 0.5056615471839905, 0.5141629576683044, 0.9917334914207458, 0.17835403978824615, 1.4055137634277344, 0.9704682230949402, '00:23']
[9, 0.5074498653411865, 0.4982950985431671, 0.9915382266044617, 0.178445965051651, 1.4602155685424805, 0.9406359791755676, '00:23']
Better model found at epoch 9 with valid_loss value: 0.4982950985431671.
[10, 0.5037358403205872, 0.5024632811546326, 0.9917077422142029, 0.1755521446466446, 1.3542897701263428, 0.9528285264968872, '00:23']
[11, 0.4994575083255768, 0.5155900120735168, 0.9917899370193481, 0.17465049028396606, 1.2327293157577515, 0.9670345783233643, '00:23']
[12, 0.5056883096694946, 0.5051010847091675, 0.9917288422584534, 0.17570224404335022, 1.3221489191055298, 0.9608164429664612, '00:23']
[13, 0.5007550120353699, 0.5237127542495728, 0.9918334484100342, 0.17389799654483795, 1.1740740537643433, 0.9716193675994873, '00:23']
[14, 0.5002943873405457, 0.5011342763900757, 0.9916492104530334, 0.1755194216966629, 1.3533283472061157, 0.9358987212181091, '00:23']
[15, 0.5037574768066406, 0.5086441040039062, 0.9917219281196594, 0.17576998472213745, 1.3123024702072144, 0.959417462348938, '00:23']
[16, 0.5012602806091309, 0.5023074746131897, 0.9916700720787048, 0.17540745437145233, 1.3657783269882202, 0.9431444406509399, '00:23']
[17, 0.5024597644805908, 0.5120256543159485, 0.9918068051338196, 0.17411597073078156, 1.1984111070632935, 0.9632962346076965, '00:23']
No improvement since epoch 9: early stopping
----------
4
----------
DLS create!
[0, 0.5336569547653198, 0.5285580158233643, 0.9906308054924011, 0.1744547039270401, 1.034391164779663, 0.9954442381858826, '00:23']
Better model found at epoch 0 with valid_loss value: 0.5285580158233643.
[1, 0.5223966240882874, 0.5232796669006348, 0.9904221296310425, 0.1783791035413742, 1.382421851158142, 0.9686253666877747, '00:23']
Better model found at epoch 1 with valid_loss value: 0.5232796669006348.
[2, 0.5163024067878723, 0.5218929648399353, 0.9904327988624573, 0.17852270603179932, 1.429937481880188, 0.9698736667633057, '00:23']
Better model found at epoch 2 with valid_loss value: 0.5218929648399353.
[3, 0.5127747058868408, 0.5103222727775574, 0.9903594851493835, 0.17865362763404846, 1.4382227659225464, 0.9611338973045349, '00:23']
Better model found at epoch 3 with valid_loss value: 0.5103222727775574.
[4, 0.5118063688278198, 0.5198786854743958, 0.990566611289978, 0.17456893622875214, 1.1046956777572632, 0.9773810505867004, '00:23']
[5, 0.5114531517028809, 0.5092015266418457, 0.9904564023017883, 0.17685116827487946, 1.3212388753890991, 0.9654583930969238, '00:23']
Better model found at epoch 5 with valid_loss value: 0.5092015266418457.
[6, 0.5061225295066833, 0.5044792294502258, 0.990407407283783, 0.17533062398433685, 1.256938099861145, 0.950995922088623, '00:23']
Better model found at epoch 6 with valid_loss value: 0.5044792294502258.
[7, 0.5080713033676147, 0.49679967761039734, 0.9902473092079163, 0.17775847017765045, 1.3895107507705688, 0.9375291466712952, '00:23']
Better model found at epoch 7 with valid_loss value: 0.49679967761039734.
[8, 0.5049527287483215, 0.5180782079696655, 0.9905228614807129, 0.1748524010181427, 1.2444735765457153, 0.9649078249931335, '00:23']
[9, 0.5055220127105713, 0.5104038715362549, 0.9903480410575867, 0.17767666280269623, 1.4085122346878052, 0.9556911587715149, '00:23']
[10, 0.5049088597297668, 0.5048893094062805, 0.9904142022132874, 0.17608168721199036, 1.2726404666900635, 0.9598852396011353, '00:23']
[11, 0.5052894949913025, 0.5115862488746643, 0.9903225302696228, 0.1800050586462021, 1.5203720331192017, 0.9540025591850281, '00:23']
[12, 0.5001906156539917, 0.5165853500366211, 0.9904234409332275, 0.17462261021137238, 1.2366195917129517, 0.9458873867988586, '00:23']
[13, 0.5017694234848022, 0.5228528380393982, 0.9905996918678284, 0.17358534038066864, 1.0435800552368164, 0.9737862944602966, '00:23']
[14, 0.4980395436286926, 0.5131446123123169, 0.9904554486274719, 0.1742679476737976, 1.1952663660049438, 0.9385505318641663, '00:23']
[15, 0.5005412697792053, 0.5065854787826538, 0.9904054999351501, 0.17508338391780853, 1.2647651433944702, 0.950107216835022, '00:23']
No improvement since epoch 7: early stopping
PSPNet Done!
