Models will save to PSPNet_dense161_x
Use densenet161 encoder
Start training...
----------
0
----------
DLS create!
[0, 0.5287269949913025, 0.5480785369873047, 0.9834482073783875, 0.17595672607421875, 1.3270275592803955, 0.9591703414916992, '00:19']
Better model found at epoch 0 with valid_loss value: 0.5480785369873047.
[1, 0.5117937326431274, 0.5114923715591431, 0.9835101366043091, 0.17554134130477905, 1.2914055585861206, 0.9689692258834839, '00:18']
Better model found at epoch 1 with valid_loss value: 0.5114923715591431.
[2, 0.5078401565551758, 0.5485712289810181, 0.983368992805481, 0.1828608214855194, 1.669623851776123, 0.9559628367424011, '00:17']
[3, 0.4986989498138428, 0.5086860656738281, 0.9834468364715576, 0.17521588504314423, 1.3730672597885132, 0.9425865411758423, '00:18']
Better model found at epoch 3 with valid_loss value: 0.5086860656738281.
[4, 0.5004532337188721, 0.5031034350395203, 0.9833500385284424, 0.17794238030910492, 1.5055116415023804, 0.9423928260803223, '00:20']
Better model found at epoch 4 with valid_loss value: 0.5031034350395203.
[5, 0.49879190325737, 0.5539607405662537, 0.9834964871406555, 0.1751396805047989, 1.3672313690185547, 0.958430826663971, '00:17']
[6, 0.49626946449279785, 0.4933145344257355, 0.9833434224128723, 0.17598764598369598, 1.434807300567627, 0.9279686212539673, '00:18']
Better model found at epoch 6 with valid_loss value: 0.4933145344257355.
[7, 0.49556294083595276, 0.499386727809906, 0.9834342002868652, 0.1753963679075241, 1.351613163948059, 0.9415009021759033, '00:19']
[8, 0.4899901747703552, 0.49310994148254395, 0.9833317399024963, 0.17649440467357635, 1.4761760234832764, 0.9235296249389648, '00:17']
Better model found at epoch 8 with valid_loss value: 0.49310994148254395.
[9, 0.4893096089363098, 0.4947122037410736, 0.9831539988517761, 0.17909491062164307, 1.6020153760910034, 0.9179381132125854, '00:17']
[10, 0.48802000284194946, 0.4931143522262573, 0.9833295345306396, 0.1758057028055191, 1.414855718612671, 0.9207614064216614, '00:17']
[11, 0.48496773838996887, 0.5045515894889832, 0.9832618236541748, 0.17930087447166443, 1.5686755180358887, 0.9315640330314636, '00:19']
[12, 0.4900396764278412, 0.47640469670295715, 0.9831323027610779, 0.17659135162830353, 1.4800353050231934, 0.8871220946311951, '00:17']
Better model found at epoch 12 with valid_loss value: 0.47640469670295715.
[13, 0.492470383644104, 0.4965740144252777, 0.9831921458244324, 0.17775431275367737, 1.5371004343032837, 0.9108824133872986, '00:17']
[14, 0.4793027341365814, 0.5083705186843872, 0.9830787181854248, 0.18292292952537537, 1.6749192476272583, 0.9120675921440125, '00:18']
[15, 0.48422905802726746, 0.488480806350708, 0.9833146929740906, 0.17536187171936035, 1.3685561418533325, 0.9251405596733093, '00:17']
[16, 0.48064377903938293, 0.48593708872795105, 0.9832540154457092, 0.17656150460243225, 1.4583386182785034, 0.908540666103363, '00:17']
[17, 0.48261788487434387, 0.4817161560058594, 0.9831573963165283, 0.1776563674211502, 1.556079387664795, 0.8974848389625549, '00:21']
[18, 0.4824293553829193, 0.5265514254570007, 0.9831314086914062, 0.18681935966014862, 1.721799373626709, 0.9279975891113281, '00:20']
[19, 0.47942468523979187, 0.4766673743724823, 0.9831176400184631, 0.17641550302505493, 1.4938404560089111, 0.8868386149406433, '00:17']
[20, 0.47840481996536255, 0.46844884753227234, 0.9831743836402893, 0.17531058192253113, 1.4189839363098145, 0.8757939338684082, '00:18']
Better model found at epoch 20 with valid_loss value: 0.46844884753227234.
[21, 0.4782804548740387, 0.49052301049232483, 0.9830148816108704, 0.18004384636878967, 1.6451354026794434, 0.8934919238090515, '00:17']
[22, 0.4768143594264984, 0.49711108207702637, 0.983040452003479, 0.18059132993221283, 1.667720913887024, 0.9037383794784546, '00:18']
[23, 0.4740087389945984, 0.47410231828689575, 0.9831013083457947, 0.17618858814239502, 1.4569164514541626, 0.8828184604644775, '00:17']
[24, 0.4654983580112457, 0.4824245274066925, 0.9830719232559204, 0.17767153680324554, 1.536106824874878, 0.8808566927909851, '00:17']
[25, 0.47266098856925964, 0.4663206934928894, 0.9831370711326599, 0.17591068148612976, 1.4201610088348389, 0.8758900761604309, '00:16']
Better model found at epoch 25 with valid_loss value: 0.4663206934928894.
[26, 0.4681851267814636, 0.47446489334106445, 0.9830377101898193, 0.17731337249279022, 1.5378421545028687, 0.8833776712417603, '00:16']
[27, 0.47351017594337463, 0.4907526671886444, 0.9833140969276428, 0.1761544793844223, 1.4644343852996826, 0.9076622128486633, '00:16']
[28, 0.47742176055908203, 0.47489219903945923, 0.9831924438476562, 0.1758095771074295, 1.4409810304641724, 0.899767279624939, '00:16']
[29, 0.47581300139427185, 0.47647911310195923, 0.9831249713897705, 0.17733684182167053, 1.4967126846313477, 0.8766109943389893, '00:16']
[30, 0.46727314591407776, 0.4707188010215759, 0.9829076528549194, 0.17815791070461273, 1.5757449865341187, 0.8605740666389465, '00:16']
[31, 0.4625839591026306, 0.4930605888366699, 0.9833880066871643, 0.17390741407871246, 1.1795648336410522, 0.9116321802139282, '00:16']
[32, 0.4627860188484192, 0.46738550066947937, 0.9831714630126953, 0.17531262338161469, 1.4235787391662598, 0.8632751107215881, '00:16']
[33, 0.46924352645874023, 0.47601890563964844, 0.9831541180610657, 0.17679455876350403, 1.5050824880599976, 0.8797740936279297, '00:16']
No improvement since epoch 25: early stopping
----------
1
----------
DLS create!
[0, 0.5280139446258545, 0.5299085974693298, 0.9922448396682739, 0.17481674253940582, 1.2850803136825562, 0.9645082354545593, '00:16']
Better model found at epoch 0 with valid_loss value: 0.5299085974693298.
[1, 0.5165213942527771, 0.5160297751426697, 0.992207407951355, 0.1753126084804535, 1.2905900478363037, 0.9619765877723694, '00:16']
Better model found at epoch 1 with valid_loss value: 0.5160297751426697.
[2, 0.5097213983535767, 0.4838765561580658, 0.9918664693832397, 0.17880351841449738, 1.5199271440505981, 0.9128972291946411, '00:16']
Better model found at epoch 2 with valid_loss value: 0.4838765561580658.
[3, 0.5066211819648743, 0.4686258137226105, 0.9917401671409607, 0.17785315215587616, 1.4936219453811646, 0.8857121467590332, '00:16']
Better model found at epoch 3 with valid_loss value: 0.4686258137226105.
[4, 0.49958714842796326, 0.48339641094207764, 0.9918632507324219, 0.17823456227779388, 1.5065958499908447, 0.9079959988594055, '00:16']
[5, 0.5016342401504517, 0.49498456716537476, 0.9918328523635864, 0.18032445013523102, 1.5019861459732056, 0.9258124232292175, '00:16']
[6, 0.4990426003932953, 0.4659339189529419, 0.9919363260269165, 0.17510627210140228, 1.3237673044204712, 0.8844863176345825, '00:16']
Better model found at epoch 6 with valid_loss value: 0.4659339189529419.
[7, 0.4922889471054077, 0.456862211227417, 0.9915551543235779, 0.17827573418617249, 1.554377794265747, 0.8464245200157166, '00:16']
Better model found at epoch 7 with valid_loss value: 0.456862211227417.
[8, 0.4960496127605438, 0.463717520236969, 0.9916521310806274, 0.1783294528722763, 1.5270111560821533, 0.867742657661438, '00:16']
[9, 0.49220409989356995, 0.5184113383293152, 0.9922289252281189, 0.1749412566423416, 1.2560948133468628, 0.9671059846878052, '00:16']
[10, 0.4944521188735962, 0.46634232997894287, 0.991966187953949, 0.1746235191822052, 1.2837966680526733, 0.8804768323898315, '00:16']
[11, 0.48582813143730164, 0.4599922001361847, 0.9915587306022644, 0.17839670181274414, 1.551568865776062, 0.856697678565979, '00:16']
[12, 0.49538466334342957, 0.4790845513343811, 0.9918226599693298, 0.17698653042316437, 1.418262004852295, 0.8933354020118713, '00:16']
[13, 0.49665290117263794, 0.45776623487472534, 0.991608202457428, 0.1778445541858673, 1.519909143447876, 0.8565191030502319, '00:16']
[14, 0.4939848780632019, 0.4452574551105499, 0.9917625188827515, 0.17508195340633392, 1.328292727470398, 0.8407250642776489, '00:16']
Better model found at epoch 14 with valid_loss value: 0.4452574551105499.
[15, 0.4894642233848572, 0.46106401085853577, 0.9917745590209961, 0.1763271987438202, 1.4352530241012573, 0.8729185461997986, '00:16']
[16, 0.48954591155052185, 0.44891056418418884, 0.991673469543457, 0.1761133074760437, 1.4193305969238281, 0.8479321002960205, '00:16']
[17, 0.485958456993103, 0.47161558270454407, 0.9917225241661072, 0.17785869538784027, 1.5109028816223145, 0.8799979090690613, '00:16']
[18, 0.48655936121940613, 0.4497523903846741, 0.9916452169418335, 0.1762370467185974, 1.4150400161743164, 0.849060595035553, '00:16']
[19, 0.4847643971443176, 0.45615965127944946, 0.9915152192115784, 0.17798413336277008, 1.5174006223678589, 0.8480551838874817, '00:16']
[20, 0.48168936371803284, 0.45236536860466003, 0.9914528131484985, 0.17840106785297394, 1.5669265985488892, 0.8348366022109985, '00:16']
[21, 0.4784162640571594, 0.44339054822921753, 0.9917355179786682, 0.1750410944223404, 1.338416337966919, 0.8364179730415344, '00:16']
Better model found at epoch 21 with valid_loss value: 0.44339054822921753.
[22, 0.4828284978866577, 0.46418702602386475, 0.9914214611053467, 0.18023064732551575, 1.6001170873641968, 0.8506849408149719, '00:16']
[23, 0.477013498544693, 0.4481441378593445, 0.9914472103118896, 0.17739813029766083, 1.4991809129714966, 0.8279907703399658, '00:16']
[24, 0.47484952211380005, 0.4445585012435913, 0.9912849068641663, 0.17931951582431793, 1.6062496900558472, 0.814824640750885, '00:16']
[25, 0.4762229323387146, 0.4579409062862396, 0.9912187457084656, 0.18076694011688232, 1.6546026468276978, 0.8204429745674133, '00:16']
[26, 0.4792681932449341, 0.46801358461380005, 0.9916075468063354, 0.17833925783634186, 1.5212358236312866, 0.8668158054351807, '00:16']
[27, 0.4798393249511719, 0.46689748764038086, 0.9919998049736023, 0.17394587397575378, 1.1947890520095825, 0.8641380071640015, '00:16']
[28, 0.48111018538475037, 0.45941245555877686, 0.9914768934249878, 0.17880062758922577, 1.5382943153381348, 0.8496830463409424, '00:16']
[29, 0.47607114911079407, 0.4347991347312927, 0.9917298555374146, 0.1745605170726776, 1.2799935340881348, 0.8139254450798035, '00:16']
Better model found at epoch 29 with valid_loss value: 0.4347991347312927.
[30, 0.4769771099090576, 0.4458724856376648, 0.9918477535247803, 0.1743164360523224, 1.2516993284225464, 0.8276950120925903, '00:16']
[31, 0.4740341305732727, 0.4355778992176056, 0.9915358424186707, 0.17613020539283752, 1.4543546438217163, 0.8091838359832764, '00:16']
[32, 0.4678472578525543, 0.441511869430542, 0.9914288520812988, 0.1772945672273636, 1.475946068763733, 0.8075806498527527, '00:16']
[33, 0.47297003865242004, 0.4478951692581177, 0.991722583770752, 0.17502020299434662, 1.3329076766967773, 0.8434756994247437, '00:16']
[34, 0.4723319113254547, 0.4451819062232971, 0.9913539886474609, 0.17812815308570862, 1.545674443244934, 0.8106706142425537, '00:16']
[35, 0.46424537897109985, 0.4400973320007324, 0.9918027520179749, 0.17426332831382751, 1.2468053102493286, 0.8146266341209412, '00:16']
[36, 0.4651535153388977, 0.47432175278663635, 0.9912068843841553, 0.18229836225509644, 1.6549559831619263, 0.8366666436195374, '00:16']
[37, 0.4700981676578522, 0.46073395013809204, 0.9913792610168457, 0.1796593964099884, 1.573736548423767, 0.8430376648902893, '00:16']
No improvement since epoch 29: early stopping
----------
2
----------
DLS create!
[0, 0.5190733671188354, 0.5104085803031921, 0.9898465275764465, 0.18257787823677063, 1.6485265493392944, 0.9111411571502686, '00:17']
Better model found at epoch 0 with valid_loss value: 0.5104085803031921.
[1, 0.5110636353492737, 0.5105853080749512, 0.9902872443199158, 0.17556388676166534, 1.2800953388214111, 0.9590156078338623, '00:17']
[2, 0.5044813752174377, 0.4997316598892212, 0.9899227619171143, 0.17760588228702545, 1.4851943254470825, 0.9007256031036377, '00:17']
Better model found at epoch 2 with valid_loss value: 0.4997316598892212.
[3, 0.5034754872322083, 0.5092646479606628, 0.98981773853302, 0.1846442073583603, 1.6516318321228027, 0.9303613901138306, '00:17']
[4, 0.4989793002605438, 0.48750656843185425, 0.989965558052063, 0.17628130316734314, 1.3844038248062134, 0.9046112895011902, '00:17']
Better model found at epoch 4 with valid_loss value: 0.48750656843185425.
[5, 0.4975813329219818, 0.4836975336074829, 0.9898870587348938, 0.1774715632200241, 1.4377641677856445, 0.9051247239112854, '00:17']
Better model found at epoch 5 with valid_loss value: 0.4836975336074829.
[6, 0.4950881004333496, 0.4825333058834076, 0.9899258017539978, 0.17735029757022858, 1.3769630193710327, 0.909726619720459, '00:17']
Better model found at epoch 6 with valid_loss value: 0.4825333058834076.
[7, 0.5004827380180359, 0.4830397069454193, 0.989891529083252, 0.1778896600008011, 1.4264718294143677, 0.9043869376182556, '00:17']
[8, 0.494331032037735, 0.48500949144363403, 0.9899564981460571, 0.17521069943904877, 1.3300342559814453, 0.8935940265655518, '00:17']
[9, 0.49496030807495117, 0.47519534826278687, 0.9898913502693176, 0.17654360830783844, 1.400774598121643, 0.8906671404838562, '00:17']
Better model found at epoch 9 with valid_loss value: 0.47519534826278687.
[10, 0.49352696537971497, 0.49029678106307983, 0.9901469349861145, 0.17410172522068024, 1.1848905086517334, 0.9034672975540161, '00:17']
[11, 0.491171270608902, 0.484496533870697, 0.989784300327301, 0.17885813117027283, 1.500807523727417, 0.8982523679733276, '00:17']
[12, 0.4847583770751953, 0.49072104692459106, 0.989974856376648, 0.17579969763755798, 1.3783819675445557, 0.8927373886108398, '00:17']
[13, 0.48397207260131836, 0.48407065868377686, 0.9900047779083252, 0.175103098154068, 1.3321033716201782, 0.8850334882736206, '00:17']
[14, 0.488233745098114, 0.5290912985801697, 0.9897221922874451, 0.19151349365711212, 1.698791265487671, 0.9325826168060303, '00:17']
[15, 0.4893031120300293, 0.48291826248168945, 0.9896717667579651, 0.1785518229007721, 1.5273655652999878, 0.8839305639266968, '00:17']
[16, 0.4890801012516022, 0.477491170167923, 0.9898834824562073, 0.1753072589635849, 1.3155312538146973, 0.883333683013916, '00:17']
[17, 0.48077744245529175, 0.4743706285953522, 0.989916205406189, 0.17556795477867126, 1.339914083480835, 0.8785240054130554, '00:17']
Better model found at epoch 17 with valid_loss value: 0.4743706285953522.
[18, 0.48383834958076477, 0.4718211889266968, 0.9898173213005066, 0.1762027144432068, 1.3949013948440552, 0.8765704035758972, '00:17']
Better model found at epoch 18 with valid_loss value: 0.4718211889266968.
[19, 0.4771856367588043, 0.48029953241348267, 0.9896633625030518, 0.17855264246463776, 1.541739821434021, 0.8612271547317505, '00:17']
[20, 0.48085281252861023, 0.4588870406150818, 0.9896578192710876, 0.1766786277294159, 1.4346953630447388, 0.8470622897148132, '00:17']
Better model found at epoch 20 with valid_loss value: 0.4588870406150818.
[21, 0.4819919466972351, 0.4727599024772644, 0.9897535443305969, 0.1762542575597763, 1.3873777389526367, 0.8679248690605164, '00:17']
[22, 0.4780011475086212, 0.46625566482543945, 0.9897237420082092, 0.1765400469303131, 1.4138410091400146, 0.8592984676361084, '00:17']
[23, 0.47281527519226074, 0.46158039569854736, 0.989621639251709, 0.17678043246269226, 1.446768045425415, 0.847765326499939, '00:17']
[24, 0.47096019983291626, 0.45529142022132874, 0.9896102547645569, 0.17663027346134186, 1.4387078285217285, 0.8454411029815674, '00:17']
Better model found at epoch 24 with valid_loss value: 0.45529142022132874.
[25, 0.4724225103855133, 0.4901171028614044, 0.9898500442504883, 0.17680807411670685, 1.4421836137771606, 0.8940163254737854, '00:17']
[26, 0.47308632731437683, 0.48779305815696716, 0.9901479482650757, 0.17376257479190826, 1.1349037885665894, 0.8889704346656799, '00:17']
[27, 0.4732321500778198, 0.4572889506816864, 0.9897240996360779, 0.17597843706607819, 1.3905752897262573, 0.8466429114341736, '00:17']
[28, 0.46772873401641846, 0.4675443172454834, 0.9898930788040161, 0.17476634681224823, 1.2960169315338135, 0.8572360873222351, '00:17']
[29, 0.47630736231803894, 0.4626730680465698, 0.9896925091743469, 0.1762719601392746, 1.3861510753631592, 0.8602104187011719, '00:17']
[30, 0.4740835428237915, 0.4739164113998413, 0.989458441734314, 0.17975063621997833, 1.5859763622283936, 0.8501697182655334, '00:17']
[31, 0.4742223024368286, 0.46900275349617004, 0.9898834824562073, 0.17489537596702576, 1.2924585342407227, 0.8655980825424194, '00:17']
[32, 0.4729461371898651, 0.4667816162109375, 0.9896271228790283, 0.17763268947601318, 1.494824767112732, 0.8605119585990906, '00:17']
No improvement since epoch 24: early stopping
----------
3
----------
DLS create!
[0, 0.5344564318656921, 0.6647014021873474, 0.9878091216087341, 0.1756438910961151, 1.234516978263855, 0.9866143465042114, '00:17']
Better model found at epoch 0 with valid_loss value: 0.6647014021873474.
[1, 0.5167751908302307, 0.5311604738235474, 0.9872128367424011, 0.1780422329902649, 1.4310293197631836, 0.9067572355270386, '00:17']
Better model found at epoch 1 with valid_loss value: 0.5311604738235474.
[2, 0.506748616695404, 0.4915749132633209, 0.9872503280639648, 0.177338644862175, 1.3589792251586914, 0.9174872636795044, '00:17']
Better model found at epoch 2 with valid_loss value: 0.4915749132633209.
[3, 0.5020187497138977, 0.5072836875915527, 0.987244725227356, 0.1798841953277588, 1.3821370601654053, 0.9359337091445923, '00:17']
[4, 0.4988436996936798, 0.5155458450317383, 0.9870344996452332, 0.18417048454284668, 1.5207401514053345, 0.9228460788726807, '00:17']
[5, 0.4995967149734497, 0.4904444217681885, 0.9869451522827148, 0.1812741458415985, 1.4854592084884644, 0.902615487575531, '00:17']
Better model found at epoch 5 with valid_loss value: 0.4904444217681885.
[6, 0.49562492966651917, 0.4726024568080902, 0.9867761731147766, 0.17894546687602997, 1.438088297843933, 0.8733549118041992, '00:17']
Better model found at epoch 6 with valid_loss value: 0.4726024568080902.
[7, 0.49736523628234863, 0.49806928634643555, 0.9874349236488342, 0.17550785839557648, 1.278977632522583, 0.9101973176002502, '00:17']
[8, 0.4964888095855713, 0.48332229256629944, 0.9871848821640015, 0.17555299401283264, 1.2584799528121948, 0.8899033069610596, '00:17']
[9, 0.49536561965942383, 0.495587557554245, 0.9871599078178406, 0.1798778921365738, 1.4442873001098633, 0.9165769219398499, '00:17']
[10, 0.49427714943885803, 0.4734589755535126, 0.9868322610855103, 0.17891116440296173, 1.436497688293457, 0.8757651448249817, '00:18']
[11, 0.4938175678253174, 0.4726637303829193, 0.986842691898346, 0.17813199758529663, 1.4253873825073242, 0.8670057654380798, '00:17']
[12, 0.4850003123283386, 0.47001177072525024, 0.9866700768470764, 0.1788017898797989, 1.4679794311523438, 0.8507239818572998, '00:18']
Better model found at epoch 12 with valid_loss value: 0.47001177072525024.
[13, 0.49311983585357666, 0.4613524079322815, 0.9866769909858704, 0.17910648882389069, 1.4189356565475464, 0.8602698445320129, '00:18']
Better model found at epoch 13 with valid_loss value: 0.4613524079322815.
[14, 0.49244368076324463, 0.48408645391464233, 0.987284243106842, 0.1755075752735138, 1.275617003440857, 0.8877027630805969, '00:17']
[15, 0.4840310513973236, 0.4680677056312561, 0.9869161248207092, 0.17615549266338348, 1.3283036947250366, 0.8457056879997253, '00:17']
[16, 0.4926512837409973, 0.45916688442230225, 0.9868460893630981, 0.17656463384628296, 1.3541181087493896, 0.8452368378639221, '00:17']
Better model found at epoch 16 with valid_loss value: 0.45916688442230225.
[17, 0.4898369610309601, 0.4891494810581207, 0.9867282509803772, 0.1826322376728058, 1.5775541067123413, 0.8669638633728027, '00:17']
[18, 0.4860580563545227, 0.4524531066417694, 0.986777663230896, 0.17648033797740936, 1.3473914861679077, 0.8378589153289795, '00:18']
Better model found at epoch 18 with valid_loss value: 0.4524531066417694.
[19, 0.4834855794906616, 0.4705922305583954, 0.9864626526832581, 0.1805490255355835, 1.524364709854126, 0.8375823497772217, '00:17']
[20, 0.47984492778778076, 0.45939216017723083, 0.9866079092025757, 0.1780586987733841, 1.4245589971542358, 0.8370845317840576, '00:18']
[21, 0.4845447540283203, 0.5014599561691284, 0.987545371055603, 0.17447368800640106, 1.1646904945373535, 0.9164009094238281, '00:17']
[22, 0.48408064246177673, 0.5039778351783752, 0.98749840259552, 0.1739519089460373, 1.114227294921875, 0.8964835405349731, '00:18']
[23, 0.48017898201942444, 0.45403048396110535, 0.9863028526306152, 0.17961569130420685, 1.4912052154541016, 0.8135553598403931, '00:17']
[24, 0.48402076959609985, 0.5055393576622009, 0.9872643351554871, 0.17965970933437347, 1.387458086013794, 0.9249787926673889, '00:17']
[25, 0.4905490279197693, 0.4562219977378845, 0.9865424633026123, 0.17903833091259003, 1.4575998783111572, 0.8363162875175476, '00:18']
[26, 0.4824528992176056, 0.4535118639469147, 0.9867079854011536, 0.17683729529380798, 1.349478840827942, 0.8375512361526489, '00:17']
No improvement since epoch 18: early stopping
----------
4
----------
DLS create!
[0, 0.5390225648880005, 0.5355785489082336, 0.9847010970115662, 0.17629076540470123, 1.4049265384674072, 0.958713173866272, '00:17']
Better model found at epoch 0 with valid_loss value: 0.5355785489082336.
[1, 0.5124819278717041, 0.5167425274848938, 0.984620988368988, 0.18311238288879395, 1.663751244544983, 0.964131772518158, '00:18']
Better model found at epoch 1 with valid_loss value: 0.5167425274848938.
[2, 0.5050870776176453, 0.49599775671958923, 0.9846046566963196, 0.17760565876960754, 1.5128728151321411, 0.9443471431732178, '00:17']
Better model found at epoch 2 with valid_loss value: 0.49599775671958923.
[3, 0.5030795335769653, 0.5164044499397278, 0.9845564365386963, 0.179830864071846, 1.567359209060669, 0.9489986896514893, '00:17']
[4, 0.49872761964797974, 0.5055013298988342, 0.9846923351287842, 0.1768576204776764, 1.4375200271606445, 0.9615635871887207, '00:18']
[5, 0.4933376610279083, 0.5019767880439758, 0.9845903515815735, 0.1784815788269043, 1.586153268814087, 0.9445889592170715, '00:18']
[6, 0.499553918838501, 0.4990079998970032, 0.9845956563949585, 0.17853695154190063, 1.5004068613052368, 0.9529067277908325, '00:17']
[7, 0.4947701096534729, 0.5091508030891418, 0.9846384525299072, 0.17550307512283325, 1.3995592594146729, 0.9482994675636292, '00:17']
[8, 0.49364668130874634, 0.4953959584236145, 0.9845269322395325, 0.17789480090141296, 1.568185567855835, 0.926979124546051, '00:17']
Better model found at epoch 8 with valid_loss value: 0.4953959584236145.
[9, 0.48822543025016785, 0.4905397891998291, 0.9845376014709473, 0.1770980954170227, 1.5174692869186401, 0.9285085201263428, '00:17']
Better model found at epoch 9 with valid_loss value: 0.4905397891998291.
[10, 0.49013015627861023, 0.5024410486221313, 0.9846815466880798, 0.17680034041404724, 1.4947055578231812, 0.9550888538360596, '00:17']
[11, 0.49139636754989624, 0.49449875950813293, 0.9845550060272217, 0.17688550055027008, 1.517488718032837, 0.9295684695243835, '00:18']
[12, 0.483706533908844, 0.4910641610622406, 0.9846305251121521, 0.1750200390815735, 1.3525643348693848, 0.934249997138977, '00:17']
[13, 0.4869804084300995, 0.5025644898414612, 0.9845969676971436, 0.1786850392818451, 1.5776305198669434, 0.9495730400085449, '00:17']
[14, 0.48310190439224243, 0.4894666373729706, 0.9846284985542297, 0.17460916936397552, 1.3035002946853638, 0.9216856360435486, '00:18']
Better model found at epoch 14 with valid_loss value: 0.4894666373729706.
[15, 0.4862912595272064, 0.48745930194854736, 0.9845942258834839, 0.17622949182987213, 1.4392160177230835, 0.926897406578064, '00:17']
Better model found at epoch 15 with valid_loss value: 0.48745930194854736.
[16, 0.4898821711540222, 0.48468905687332153, 0.9845892786979675, 0.1763390451669693, 1.3906201124191284, 0.924649178981781, '00:17']
Better model found at epoch 16 with valid_loss value: 0.48468905687332153.
[17, 0.48158368468284607, 0.48929154872894287, 0.9845387935638428, 0.1768195480108261, 1.519801139831543, 0.9204972982406616, '00:17']
[18, 0.4856521189212799, 0.486849308013916, 0.9845799803733826, 0.17614252865314484, 1.4310911893844604, 0.9297120571136475, '00:18']
[19, 0.48193731904029846, 0.4851609766483307, 0.9845404028892517, 0.1758529096841812, 1.4282335042953491, 0.9200339317321777, '00:17']
[20, 0.48760271072387695, 0.47501468658447266, 0.9845755100250244, 0.17468971014022827, 1.3441005945205688, 0.9001857042312622, '00:17']
Better model found at epoch 20 with valid_loss value: 0.47501468658447266.
[21, 0.4800504148006439, 0.47762104868888855, 0.984540581703186, 0.1751265823841095, 1.3404767513275146, 0.9124297499656677, '00:17']
[22, 0.47919949889183044, 0.4783989191055298, 0.9845613241195679, 0.17489449679851532, 1.3404426574707031, 0.9136402010917664, '00:17']
[23, 0.47984665632247925, 0.4957602918148041, 0.9844834804534912, 0.1779337376356125, 1.5583406686782837, 0.9306507706642151, '00:17']
[24, 0.47606468200683594, 0.48045164346694946, 0.9845730662345886, 0.1750989556312561, 1.3750600814819336, 0.9144702553749084, '00:17']
[25, 0.47181466221809387, 0.4799157679080963, 0.9844638109207153, 0.17653413116931915, 1.5036545991897583, 0.9099614024162292, '00:17']
[26, 0.4723787009716034, 0.48475781083106995, 0.9845693707466125, 0.1754414588212967, 1.4238123893737793, 0.9177886843681335, '00:17']
[27, 0.46785542368888855, 0.48052287101745605, 0.9845494627952576, 0.17545104026794434, 1.4182991981506348, 0.9132789373397827, '00:17']
[28, 0.47296711802482605, 0.47521352767944336, 0.9844123721122742, 0.17692595720291138, 1.5323808193206787, 0.8911192417144775, '00:17']
No improvement since epoch 20: early stopping
PSPNet Done!
