Models will save to Unet_mobs4_x
Use mobileone_s4 encoder
Start training...
----------
0
----------
DLS create!
[0, 0.6243961453437805, 0.5898189544677734, 0.9877154231071472, 0.22723299264907837, 1.2723896503448486, 1.0009019374847412, '00:24']
Better model found at epoch 0 with valid_loss value: 0.5898189544677734.
[1, 0.5679671764373779, 0.6143863797187805, 0.9876487851142883, 0.18878872692584991, 1.2609301805496216, 0.9944067597389221, '00:23']
[2, 0.5441839098930359, 0.521980881690979, 0.987606406211853, 0.18266452848911285, 1.1224528551101685, 0.9879418015480042, '00:23']
Better model found at epoch 2 with valid_loss value: 0.521980881690979.
[3, 0.5295928120613098, 0.5139194130897522, 0.9875501990318298, 0.17878088355064392, 1.1460890769958496, 0.9769212007522583, '00:23']
Better model found at epoch 3 with valid_loss value: 0.5139194130897522.
[4, 0.519692599773407, 0.5045878291130066, 0.9873942136764526, 0.179009810090065, 1.2512940168380737, 0.9548376798629761, '00:23']
Better model found at epoch 4 with valid_loss value: 0.5045878291130066.
[5, 0.5120328664779663, 0.5225109457969666, 0.9876390695571899, 0.17732028663158417, 1.1792948246002197, 0.9869188666343689, '00:23']
[6, 0.5066313147544861, 0.5027692914009094, 0.9874386787414551, 0.17630617320537567, 1.2248382568359375, 0.9472085237503052, '00:23']
Better model found at epoch 6 with valid_loss value: 0.5027692914009094.
[7, 0.5022801756858826, 0.4934929609298706, 0.9871676564216614, 0.17880718410015106, 1.3891152143478394, 0.9173275232315063, '00:23']
Better model found at epoch 7 with valid_loss value: 0.4934929609298706.
[8, 0.4962786138057709, 0.5222854018211365, 0.9875622987747192, 0.17597800493240356, 1.239764928817749, 0.9668076634407043, '00:23']
[9, 0.4910133183002472, 0.4924846589565277, 0.9871024489402771, 0.17937567830085754, 1.4675041437149048, 0.9027295708656311, '00:23']
Better model found at epoch 9 with valid_loss value: 0.4924846589565277.
[10, 0.4875333607196808, 0.49203822016716003, 0.9873210191726685, 0.17563396692276, 1.2700843811035156, 0.9068289399147034, '00:22']
Better model found at epoch 10 with valid_loss value: 0.49203822016716003.
[11, 0.4837518334388733, 0.500166118144989, 0.9867701530456543, 0.18367280066013336, 1.6095737218856812, 0.8810936212539673, '00:23']
[12, 0.4802314043045044, 0.47715723514556885, 0.9869000911712646, 0.1788780689239502, 1.4692717790603638, 0.8679078221321106, '00:23']
Better model found at epoch 12 with valid_loss value: 0.47715723514556885.
[13, 0.48128247261047363, 0.4810909330844879, 0.9871591329574585, 0.17584387958049774, 1.3088046312332153, 0.8737550973892212, '00:22']
[14, 0.48081064224243164, 0.464155912399292, 0.9868345260620117, 0.1777816116809845, 1.4170840978622437, 0.8489652872085571, '00:22']
Better model found at epoch 14 with valid_loss value: 0.464155912399292.
[15, 0.47903046011924744, 0.4867786467075348, 0.9872697591781616, 0.17538966238498688, 1.2637555599212646, 0.8915311694145203, '00:23']
[16, 0.47768670320510864, 0.49087873101234436, 0.987305760383606, 0.17516016960144043, 1.2447665929794312, 0.8924373388290405, '00:23']
[17, 0.4724605679512024, 0.4998058080673218, 0.9870753884315491, 0.17863769829273224, 1.4722141027450562, 0.8900373578071594, '00:23']
[18, 0.47577908635139465, 0.4810676872730255, 0.9870398640632629, 0.17772404849529266, 1.420597791671753, 0.8778374791145325, '00:23']
[19, 0.4727625548839569, 0.48970332741737366, 0.9872665405273438, 0.17499496042728424, 1.2363002300262451, 0.8822160959243774, '00:23']
[20, 0.4738783836364746, 0.4674431085586548, 0.9870624542236328, 0.17555779218673706, 1.286629319190979, 0.8534859418869019, '00:23']
[21, 0.4713071584701538, 0.4549131989479065, 0.9866492748260498, 0.17828118801116943, 1.4415498971939087, 0.8280919790267944, '00:23']
Better model found at epoch 21 with valid_loss value: 0.4549131989479065.
[22, 0.4663947820663452, 0.5077744126319885, 0.9874075055122375, 0.17468662559986115, 1.207053303718567, 0.905074954032898, '00:23']
[23, 0.4697684645652771, 0.47371795773506165, 0.9867671132087708, 0.17939713597297668, 1.5008107423782349, 0.8513277769088745, '00:22']
[24, 0.47046712040901184, 0.4807617962360382, 0.9871877431869507, 0.17511539161205292, 1.248854398727417, 0.8665370345115662, '00:22']
[25, 0.4666639268398285, 0.4829568564891815, 0.9872960448265076, 0.17443309724330902, 1.1708464622497559, 0.8697366118431091, '00:22']
[26, 0.4661693572998047, 0.47554436326026917, 0.9870170950889587, 0.17677785456180573, 1.379504680633545, 0.8606860637664795, '00:23']
[27, 0.4662614166736603, 0.45616135001182556, 0.9868209958076477, 0.17658469080924988, 1.3576587438583374, 0.825660228729248, '00:23']
[28, 0.4683607220649719, 0.46573466062545776, 0.9870299100875854, 0.17548111081123352, 1.2907708883285522, 0.8402414917945862, '00:23']
[29, 0.46232107281684875, 0.4602900743484497, 0.986733078956604, 0.17790311574935913, 1.4360932111740112, 0.8295995593070984, '00:23']
No improvement since epoch 21: early stopping
----------
1
----------
DLS create!
[0, 0.6836560964584351, 0.6179717779159546, 0.9921056628227234, 0.24606281518936157, 1.3859505653381348, 0.9957289099693298, '00:24']
Better model found at epoch 0 with valid_loss value: 0.6179717779159546.
[1, 0.6071866750717163, 0.5477181673049927, 0.9921382069587708, 0.20114152133464813, 1.227310061454773, 0.9959623217582703, '00:24']
Better model found at epoch 1 with valid_loss value: 0.5477181673049927.
[2, 0.5689346194267273, 0.5261880159378052, 0.9920991659164429, 0.18787047266960144, 1.1851005554199219, 0.9896926879882812, '00:24']
Better model found at epoch 2 with valid_loss value: 0.5261880159378052.
[3, 0.5458102226257324, 0.5134125351905823, 0.9920698404312134, 0.18090127408504486, 1.1850800514221191, 0.9805916547775269, '00:24']
Better model found at epoch 3 with valid_loss value: 0.5134125351905823.
[4, 0.5326036214828491, 0.5096476674079895, 0.9918702244758606, 0.18383963406085968, 1.3828705549240112, 0.9534372091293335, '00:24']
Better model found at epoch 4 with valid_loss value: 0.5096476674079895.
[5, 0.5219515562057495, 0.5129865407943726, 0.991950511932373, 0.18026907742023468, 1.3468670845031738, 0.9588191509246826, '00:24']
[6, 0.5128577947616577, 0.512811005115509, 0.9916185736656189, 0.18896359205245972, 1.5933510065078735, 0.9263625741004944, '00:23']
[7, 0.5058507323265076, 0.4997650384902954, 0.9919783473014832, 0.177688866853714, 1.4087101221084595, 0.9482595324516296, '00:24']
Better model found at epoch 7 with valid_loss value: 0.4997650384902954.
[8, 0.4994123876094818, 0.4947606325149536, 0.9920233488082886, 0.175077885389328, 1.2332643270492554, 0.9450697302818298, '00:24']
Better model found at epoch 8 with valid_loss value: 0.4947606325149536.
[9, 0.4973791241645813, 0.4862794578075409, 0.9917877316474915, 0.1784692108631134, 1.525449514389038, 0.9106150269508362, '00:24']
Better model found at epoch 9 with valid_loss value: 0.4862794578075409.
[10, 0.4927492141723633, 0.5005795359611511, 0.9920724034309387, 0.17490647733211517, 1.2575185298919678, 0.9515631198883057, '00:24']
[11, 0.4875967502593994, 0.47465282678604126, 0.9918071031570435, 0.1765730381011963, 1.4541404247283936, 0.8930708169937134, '00:24']
Better model found at epoch 11 with valid_loss value: 0.47465282678604126.
[12, 0.4852188527584076, 0.4776369035243988, 0.9918656349182129, 0.17597709596157074, 1.4154492616653442, 0.899595320224762, '00:24']
[13, 0.4842143654823303, 0.47533759474754333, 0.991777777671814, 0.17714788019657135, 1.490265130996704, 0.8906265497207642, '00:24']
[14, 0.48108893632888794, 0.4615432620048523, 0.9917847514152527, 0.17555803060531616, 1.386865258216858, 0.8676919341087341, '00:24']
Better model found at epoch 14 with valid_loss value: 0.4615432620048523.
[15, 0.484375, 0.4713083505630493, 0.9918362498283386, 0.17538756132125854, 1.3636796474456787, 0.8876274824142456, '00:24']
[16, 0.47915375232696533, 0.46456584334373474, 0.9917992949485779, 0.17545710504055023, 1.3788211345672607, 0.8741753101348877, '00:24']
[17, 0.4768466055393219, 0.46257084608078003, 0.9917986392974854, 0.1752987802028656, 1.3725870847702026, 0.8681190609931946, '00:24']
[18, 0.4764289855957031, 0.46188884973526, 0.9917329549789429, 0.1760956346988678, 1.4391624927520752, 0.8654764294624329, '00:24']
[19, 0.47203177213668823, 0.4679243862628937, 0.9918602108955383, 0.17466367781162262, 1.2825957536697388, 0.8780094385147095, '00:24']
[20, 0.4716533422470093, 0.4714062809944153, 0.9918980002403259, 0.17440688610076904, 1.2581722736358643, 0.8789174556732178, '00:24']
[21, 0.4716625213623047, 0.46710526943206787, 0.9917522072792053, 0.17611505091190338, 1.4427587985992432, 0.8743689656257629, '00:24']
[22, 0.46927183866500854, 0.4607565104961395, 0.9916792511940002, 0.17653809487819672, 1.484535574913025, 0.8553231954574585, '00:24']
Better model found at epoch 22 with valid_loss value: 0.4607565104961395.
[23, 0.46853139996528625, 0.4624106287956238, 0.9918226599693298, 0.1748279482126236, 1.3207852840423584, 0.8645259737968445, '00:24']
[24, 0.46683773398399353, 0.47106441855430603, 0.9918293356895447, 0.17588891088962555, 1.4351105690002441, 0.8772777915000916, '00:23']
[25, 0.4691421687602997, 0.462704598903656, 0.9916719198226929, 0.1765907108783722, 1.4811986684799194, 0.860923707485199, '00:24']
[26, 0.46646350622177124, 0.46523332595825195, 0.9917445182800293, 0.17617513239383698, 1.4612021446228027, 0.8658220767974854, '00:25']
[27, 0.4643896222114563, 0.45842015743255615, 0.9917070865631104, 0.17587116360664368, 1.4243818521499634, 0.8564313650131226, '00:25']
Better model found at epoch 27 with valid_loss value: 0.45842015743255615.
[28, 0.4655310809612274, 0.46783342957496643, 0.991872251033783, 0.1744859367609024, 1.2773752212524414, 0.8747744560241699, '00:24']
[29, 0.4654271602630615, 0.47057321667671204, 0.9918528199195862, 0.1748926192522049, 1.3360650539398193, 0.8789200782775879, '00:24']
[30, 0.4608772397041321, 0.4567142426967621, 0.9918088912963867, 0.17506864666938782, 1.3567790985107422, 0.8519482016563416, '00:24']
Better model found at epoch 30 with valid_loss value: 0.4567142426967621.
[31, 0.4646013081073761, 0.45224499702453613, 0.9916555881500244, 0.17588944733142853, 1.4377177953720093, 0.8419320583343506, '00:24']
Better model found at epoch 31 with valid_loss value: 0.45224499702453613.
[32, 0.46076181530952454, 0.4849696457386017, 0.9913452863693237, 0.18295221030712128, 1.71159827709198, 0.8493183255195618, '00:24']
[33, 0.45846083760261536, 0.47461289167404175, 0.9918712973594666, 0.17526240646839142, 1.3560140132904053, 0.8768143653869629, '00:24']
[34, 0.4566411077976227, 0.44941216707229614, 0.991752564907074, 0.17484617233276367, 1.3225908279418945, 0.8405569195747375, '00:24']
Better model found at epoch 34 with valid_loss value: 0.44941216707229614.
[35, 0.45330116152763367, 0.47185444831848145, 0.9916233420372009, 0.17857496440410614, 1.5908461809158325, 0.8612224459648132, '00:27']
[36, 0.4485257565975189, 0.43720874190330505, 0.9916671514511108, 0.1753937155008316, 1.3732218742370605, 0.8149787187576294, '00:24']
Better model found at epoch 36 with valid_loss value: 0.43720874190330505.
[37, 0.4439251720905304, 0.4678538143634796, 0.9914829134941101, 0.17919744551181793, 1.6064491271972656, 0.8422341346740723, '00:24']
[38, 0.44839778542518616, 0.45403560996055603, 0.9917693138122559, 0.17499062418937683, 1.3413498401641846, 0.8448619842529297, '00:24']
[39, 0.45155033469200134, 0.44396671652793884, 0.991642951965332, 0.1755024939775467, 1.3858098983764648, 0.8295941352844238, '00:29']
[40, 0.4486097991466522, 0.46372783184051514, 0.9916923642158508, 0.1763991266489029, 1.4541443586349487, 0.8581198453903198, '00:34']
[41, 0.45407211780548096, 0.4569188058376312, 0.9917194843292236, 0.17589624226093292, 1.4394822120666504, 0.8514076471328735, '00:31']
[42, 0.451503187417984, 0.45893964171409607, 0.9917092323303223, 0.1755819022655487, 1.3968594074249268, 0.852870523929596, '00:35']
[43, 0.4494229853153229, 0.4407723546028137, 0.9915791749954224, 0.17635302245616913, 1.4794927835464478, 0.8124099969863892, '00:35']
[44, 0.4511023163795471, 0.4613720178604126, 0.9918052554130554, 0.1742967814207077, 1.2237261533737183, 0.8609596490859985, '00:35']
No improvement since epoch 36: early stopping
----------
2
----------
DLS create!
[0, 0.6720109581947327, 0.5924034118652344, 0.9935258626937866, 0.22998693585395813, 1.4049087762832642, 0.995905876159668, '00:34']
Better model found at epoch 0 with valid_loss value: 0.5924034118652344.
[1, 0.5981157422065735, 0.5384839773178101, 0.9935619831085205, 0.1953234076499939, 1.1896038055419922, 0.9974197745323181, '00:29']
Better model found at epoch 1 with valid_loss value: 0.5384839773178101.
[2, 0.562808096408844, 0.5204948782920837, 0.9935575127601624, 0.18349133431911469, 1.1083483695983887, 0.9955995082855225, '00:34']
Better model found at epoch 2 with valid_loss value: 0.5204948782920837.
[3, 0.541878879070282, 0.5123813152313232, 0.9933391809463501, 0.18515990674495697, 1.3140350580215454, 0.9689999222755432, '00:35']
Better model found at epoch 3 with valid_loss value: 0.5123813152313232.
[4, 0.5289875864982605, 0.540124773979187, 0.9931530356407166, 0.1868748813867569, 1.5522853136062622, 0.9459478855133057, '00:33']
[5, 0.5189483165740967, 0.48770782351493835, 0.9931776523590088, 0.17970144748687744, 1.4201754331588745, 0.9317581057548523, '00:37']
Better model found at epoch 5 with valid_loss value: 0.48770782351493835.
[6, 0.5125349164009094, 0.6381712555885315, 0.9929739832878113, 0.1881539225578308, 1.7188935279846191, 0.9215632081031799, '00:27']
[7, 0.5045949220657349, 0.47810524702072144, 0.9928348064422607, 0.18259604275226593, 1.5984227657318115, 0.8819982409477234, '00:35']
Better model found at epoch 7 with valid_loss value: 0.47810524702072144.
[8, 0.4972413182258606, 0.4586634337902069, 0.9930871725082397, 0.17651711404323578, 1.4089045524597168, 0.8791083097457886, '00:33']
Better model found at epoch 8 with valid_loss value: 0.4586634337902069.
[9, 0.4928049147129059, 0.4438594877719879, 0.9930286407470703, 0.17592038214206696, 1.4040905237197876, 0.8534328937530518, '00:31']
Better model found at epoch 9 with valid_loss value: 0.4438594877719879.
[10, 0.48579663038253784, 0.44808781147003174, 0.9930387139320374, 0.17607638239860535, 1.4236204624176025, 0.8578697443008423, '00:30']
[11, 0.4840903878211975, 0.4369945824146271, 0.9928197264671326, 0.17749057710170746, 1.5447129011154175, 0.825149655342102, '00:35']
Better model found at epoch 11 with valid_loss value: 0.4369945824146271.
[12, 0.47641152143478394, 0.48192355036735535, 0.9925926327705383, 0.18641717731952667, 1.7572072744369507, 0.8520760536193848, '00:42']
[13, 0.47546592354774475, 0.4353537857532501, 0.9929441213607788, 0.17573073506355286, 1.4137262105941772, 0.834781289100647, '00:41']
Better model found at epoch 13 with valid_loss value: 0.4353537857532501.
[14, 0.4723931849002838, 0.4678301513195038, 0.9933546781539917, 0.17369085550308228, 1.101665735244751, 0.8770129680633545, '00:54']
[15, 0.47376346588134766, 0.43089473247528076, 0.9930099248886108, 0.17513032257556915, 1.368487000465393, 0.8255371451377869, '00:41']
Better model found at epoch 15 with valid_loss value: 0.43089473247528076.
[16, 0.4733727276325226, 0.44335657358169556, 0.992497444152832, 0.18082644045352936, 1.6762490272521973, 0.8044121265411377, '00:26']
[17, 0.472939133644104, 0.420173704624176, 0.9927833676338196, 0.1762421876192093, 1.4738351106643677, 0.8004000782966614, '00:31']
Better model found at epoch 17 with valid_loss value: 0.420173704624176.
[18, 0.47124460339546204, 0.4458017349243164, 0.9932123422622681, 0.1740095168352127, 1.1909023523330688, 0.8439847826957703, '00:42']
[19, 0.46965083479881287, 0.4444302022457123, 0.9931954145431519, 0.17402483522891998, 1.190224051475525, 0.840450644493103, '00:39']
[20, 0.4665665030479431, 0.4230765402317047, 0.9930166006088257, 0.17454685270786285, 1.3011561632156372, 0.8060188293457031, '00:37']
[21, 0.462923526763916, 0.431412935256958, 0.9930768013000488, 0.17447921633720398, 1.2870025634765625, 0.8195619583129883, '00:51']
[22, 0.46601927280426025, 0.44516411423683167, 0.9931017160415649, 0.17488574981689453, 1.3421635627746582, 0.8379606604576111, '00:43']
[23, 0.4668315649032593, 0.44242286682128906, 0.9924935102462769, 0.18097124993801117, 1.6822389364242554, 0.8024373650550842, '00:44']
[24, 0.4683515429496765, 0.45953741669654846, 0.9926238059997559, 0.18215493857860565, 1.6987496614456177, 0.8321487307548523, '00:39']
[25, 0.462585985660553, 0.4444786608219147, 0.9928417205810547, 0.17687223851680756, 1.4720159769058228, 0.8392013311386108, '00:39']
No improvement since epoch 17: early stopping
----------
3
----------
DLS create!
[0, 0.5645626187324524, 0.5393704771995544, 0.9912682175636292, 0.19537058472633362, 1.217788815498352, 0.9955314993858337, '00:45']
Better model found at epoch 0 with valid_loss value: 0.5393704771995544.
[1, 0.5375555753707886, 0.5200449228286743, 0.991287112236023, 0.18087486922740936, 1.1098979711532593, 0.9947990775108337, '00:43']
Better model found at epoch 1 with valid_loss value: 0.5200449228286743.
[2, 0.5259833335876465, 0.5108579397201538, 0.991206169128418, 0.1778688132762909, 1.1671645641326904, 0.9793934226036072, '00:38']
Better model found at epoch 2 with valid_loss value: 0.5108579397201538.
[3, 0.5173950791358948, 0.5127045512199402, 0.9912320971488953, 0.1759714037179947, 1.1528574228286743, 0.9796652793884277, '00:40']
[4, 0.5094195604324341, 0.4914936125278473, 0.9908235669136047, 0.17985022068023682, 1.4198522567749023, 0.928156316280365, '00:43']
Better model found at epoch 4 with valid_loss value: 0.4914936125278473.
[5, 0.49920299649238586, 0.4888209104537964, 0.990740180015564, 0.17980198562145233, 1.5090808868408203, 0.9137576818466187, '00:43']
Better model found at epoch 5 with valid_loss value: 0.4888209104537964.
[6, 0.4966907501220703, 0.49641546607017517, 0.9907332062721252, 0.18060915172100067, 1.6039023399353027, 0.9095844626426697, '00:45']
[7, 0.4913235902786255, 0.49577927589416504, 0.9904812574386597, 0.18388904631137848, 1.6897969245910645, 0.8917480111122131, '00:41']
[8, 0.49139198660850525, 0.5080060362815857, 0.9912322163581848, 0.1738395243883133, 1.0824973583221436, 0.9550486207008362, '00:34']
[9, 0.4913040101528168, 0.4770369827747345, 0.9909082651138306, 0.1756647229194641, 1.3788225650787354, 0.8975226283073425, '00:43']
Better model found at epoch 9 with valid_loss value: 0.4770369827747345.
[10, 0.48565199971199036, 0.4854450821876526, 0.990912914276123, 0.17651179432868958, 1.4479559659957886, 0.9101020693778992, '00:40']
[11, 0.48510223627090454, 0.47066861391067505, 0.9906978011131287, 0.17687176167964935, 1.481473684310913, 0.8753544092178345, '00:44']
Better model found at epoch 11 with valid_loss value: 0.47066861391067505.
[12, 0.48210927844047546, 0.48631808161735535, 0.9905585050582886, 0.18055245280265808, 1.6272964477539062, 0.8828199505805969, '00:44']
[13, 0.48274731636047363, 0.4722231924533844, 0.990877091884613, 0.17528975009918213, 1.346413016319275, 0.88660728931427, '00:37']
[14, 0.48114678263664246, 0.48090872168540955, 0.9908181428909302, 0.17705480754375458, 1.4898903369903564, 0.893821120262146, '00:38']
[15, 0.4757482409477234, 0.47655996680259705, 0.9909775853157043, 0.17397700250148773, 1.1929417848587036, 0.8786868453025818, '00:39']
[16, 0.47829049825668335, 0.4789496958255768, 0.9909741282463074, 0.17459291219711304, 1.2719321250915527, 0.8967360258102417, '00:49']
[17, 0.4799947142601013, 0.462907075881958, 0.9907673597335815, 0.17552772164344788, 1.377979040145874, 0.8694793581962585, '00:51']
Better model found at epoch 17 with valid_loss value: 0.462907075881958.
[18, 0.4739364981651306, 0.46665382385253906, 0.9909345507621765, 0.17435671389102936, 1.247971773147583, 0.8691999316215515, '00:42']
[19, 0.469647616147995, 0.47977468371391296, 0.990410327911377, 0.17987246811389923, 1.607844591140747, 0.8649337887763977, '00:46']
[20, 0.4692658483982086, 0.46791645884513855, 0.9908249974250793, 0.17541401088237762, 1.3697174787521362, 0.8737479448318481, '00:48']
[21, 0.4719868004322052, 0.46138060092926025, 0.9905155301094055, 0.17744794487953186, 1.5151251554489136, 0.8548538088798523, '00:46']
Better model found at epoch 21 with valid_loss value: 0.46138060092926025.
[22, 0.4698794484138489, 0.45600056648254395, 0.9904899001121521, 0.17700746655464172, 1.4910861253738403, 0.8487920165061951, '00:49']
Better model found at epoch 22 with valid_loss value: 0.45600056648254395.
[23, 0.46967434883117676, 0.4737759530544281, 0.9909163117408752, 0.17486897110939026, 1.3278477191925049, 0.8817592263221741, '00:37']
[24, 0.46811404824256897, 0.4608374238014221, 0.9906471371650696, 0.17633399367332458, 1.4521247148513794, 0.858212411403656, '00:46']
[25, 0.4645722210407257, 0.517691433429718, 0.9903056621551514, 0.1883399337530136, 1.7769277095794678, 0.8913707733154297, '00:38']
[26, 0.46431466937065125, 0.4553358852863312, 0.9906161427497864, 0.17633704841136932, 1.4617336988449097, 0.8448125123977661, '00:47']
Better model found at epoch 26 with valid_loss value: 0.4553358852863312.
[27, 0.4652429223060608, 0.4643128216266632, 0.9904454350471497, 0.17867201566696167, 1.5766524076461792, 0.8479245901107788, '00:37']
[28, 0.4636658728122711, 0.45428091287612915, 0.9906680583953857, 0.17568112909793854, 1.4078422784805298, 0.8446322679519653, '00:43']
Better model found at epoch 28 with valid_loss value: 0.45428091287612915.
[29, 0.46030393242836, 0.4611063003540039, 0.9908414483070374, 0.17461340129375458, 1.299910068511963, 0.8559806942939758, '00:40']
[30, 0.45618006587028503, 0.45017826557159424, 0.990656316280365, 0.1752779334783554, 1.3570606708526611, 0.8458925485610962, '00:43']
Better model found at epoch 30 with valid_loss value: 0.45017826557159424.
[31, 0.45900899171829224, 0.4654006361961365, 0.9909120202064514, 0.17400190234184265, 1.2003227472305298, 0.8575551509857178, '00:43']
[32, 0.45599862933158875, 0.448505699634552, 0.9905919432640076, 0.17513571679592133, 1.362114667892456, 0.8289058208465576, '00:38']
Better model found at epoch 32 with valid_loss value: 0.448505699634552.
[33, 0.45903316140174866, 0.4460132122039795, 0.9906832575798035, 0.1744072437286377, 1.2679718732833862, 0.8300631046295166, '00:50']
Better model found at epoch 33 with valid_loss value: 0.4460132122039795.
[34, 0.4611188769340515, 0.46243083477020264, 0.9905349612236023, 0.17772150039672852, 1.5284982919692993, 0.8542822599411011, '00:35']
[35, 0.4575919210910797, 0.4540335237979889, 0.9905462265014648, 0.17628459632396698, 1.4502239227294922, 0.8433210849761963, '00:38']
[36, 0.4545164406299591, 0.4581077992916107, 0.9904760122299194, 0.1771286129951477, 1.4984815120697021, 0.8409132361412048, '00:48']
[37, 0.456095427274704, 0.4511430859565735, 0.9905921816825867, 0.17556263506412506, 1.3830604553222656, 0.8350687026977539, '00:40']
[38, 0.45128199458122253, 0.4507230818271637, 0.9905941486358643, 0.17561094462871552, 1.384416937828064, 0.8334882259368896, '00:37']
[39, 0.4515039026737213, 0.4647124707698822, 0.9908673763275146, 0.17473724484443665, 1.3109867572784424, 0.8614067435264587, '00:39']
[40, 0.4576757550239563, 0.4617089033126831, 0.9906249642372131, 0.1769874542951584, 1.4986764192581177, 0.8511137962341309, '00:44']
[41, 0.452981561422348, 0.45015260577201843, 0.9906569719314575, 0.17537450790405273, 1.3715826272964478, 0.8362024426460266, '00:39']
No improvement since epoch 33: early stopping
----------
4
----------
DLS create!
[0, 0.5836268663406372, 0.5407932996749878, 0.9921430349349976, 0.1970527321100235, 1.2364494800567627, 0.9943419694900513, '00:41']
Better model found at epoch 0 with valid_loss value: 0.5407932996749878.
[1, 0.5454928278923035, 0.5172557830810547, 0.9920598268508911, 0.18429134786128998, 1.229190468788147, 0.9814586639404297, '00:41']
Better model found at epoch 1 with valid_loss value: 0.5172557830810547.
[2, 0.5291438698768616, 0.5117573142051697, 0.9920903444290161, 0.17826548218727112, 1.1906070709228516, 0.9787721633911133, '00:43']
Better model found at epoch 2 with valid_loss value: 0.5117573142051697.
[3, 0.5175806879997253, 0.5119913816452026, 0.9917898774147034, 0.18689146637916565, 1.4302242994308472, 0.9495115280151367, '00:44']
[4, 0.5120116472244263, 0.49380648136138916, 0.992002546787262, 0.1762314885854721, 1.2464704513549805, 0.9505184292793274, '00:44']
Better model found at epoch 4 with valid_loss value: 0.49380648136138916.
[5, 0.5058807730674744, 0.4910370409488678, 0.9915671348571777, 0.1837588995695114, 1.6092604398727417, 0.9070150256156921, '00:40']
Better model found at epoch 5 with valid_loss value: 0.4910370409488678.
[6, 0.4988621473312378, 0.491727352142334, 0.9916558861732483, 0.18209761381149292, 1.6152619123458862, 0.9089503884315491, '00:44']
[7, 0.4949514865875244, 0.4841330051422119, 0.9920084476470947, 0.17435778677463531, 1.1598492860794067, 0.9219010472297668, '00:36']
Better model found at epoch 7 with valid_loss value: 0.4841330051422119.
[8, 0.49141034483909607, 0.49516841769218445, 0.991735577583313, 0.18065284192562103, 1.601567268371582, 0.9160219430923462, '00:43']
[9, 0.4870675504207611, 0.49381500482559204, 0.9920579791069031, 0.1741751879453659, 1.1471716165542603, 0.9345929622650146, '00:36']
[10, 0.48195892572402954, 0.4467511773109436, 0.9915832877159119, 0.17626968026161194, 1.4243853092193604, 0.8413082361221313, '00:33']
Better model found at epoch 10 with valid_loss value: 0.4467511773109436.
[11, 0.47503846883773804, 0.5018036365509033, 0.991762638092041, 0.18097779154777527, 1.6337662935256958, 0.9166068434715271, '00:48']
[12, 0.478525310754776, 0.46075138449668884, 0.9917672276496887, 0.1755964159965515, 1.3692668676376343, 0.869831919670105, '00:55']
[13, 0.47465309500694275, 0.4472244679927826, 0.9915912747383118, 0.17609046399593353, 1.4070709943771362, 0.8408454060554504, '00:48']
[14, 0.47673481702804565, 0.45001477003097534, 0.9912604093551636, 0.17937934398651123, 1.5816359519958496, 0.8199887275695801, '00:43']
[15, 0.4758084714412689, 0.46696898341178894, 0.9918606281280518, 0.1748800128698349, 1.2884151935577393, 0.8795653581619263, '00:46']
[16, 0.47167372703552246, 0.6090121269226074, 0.9913785457611084, 0.2081163227558136, 1.8784377574920654, 0.9196904897689819, '00:43']
[17, 0.47640368342399597, 0.43738892674446106, 0.9916451573371887, 0.1751466542482376, 1.322898507118225, 0.8283064365386963, '00:49']
Better model found at epoch 17 with valid_loss value: 0.43738892674446106.
[18, 0.47392791509628296, 0.4628334045410156, 0.9912770986557007, 0.18110617995262146, 1.6133307218551636, 0.831292986869812, '00:49']
[19, 0.46882182359695435, 0.440059632062912, 0.9912282824516296, 0.17904919385910034, 1.5801801681518555, 0.8074145913124084, '00:24']
[20, 0.4585878551006317, 0.4411771297454834, 0.9913686513900757, 0.17791932821273804, 1.5403618812561035, 0.8121963739395142, '00:24']
[21, 0.46034422516822815, 0.4376090466976166, 0.9913967847824097, 0.17704744637012482, 1.4827543497085571, 0.8134825825691223, '00:24']
[22, 0.46157383918762207, 0.43436357378959656, 0.9915725588798523, 0.17557398974895477, 1.3798134326934814, 0.8169134855270386, '00:24']
Better model found at epoch 22 with valid_loss value: 0.43436357378959656.
[23, 0.4603792726993561, 0.4426453709602356, 0.9917440414428711, 0.17434632778167725, 1.229390025138855, 0.8240596652030945, '00:24']
[24, 0.45729294419288635, 0.4484594762325287, 0.9914186000823975, 0.17819617688655853, 1.5484530925750732, 0.8283974528312683, '00:24']
[25, 0.45843520760536194, 0.4415380358695984, 0.9917538166046143, 0.174221009016037, 1.208525538444519, 0.8190425634384155, '00:24']
[26, 0.4587777853012085, 0.43559888005256653, 0.9914030432701111, 0.17714372277259827, 1.5009379386901855, 0.8092842698097229, '00:24']
[27, 0.4579388201236725, 0.44565725326538086, 0.9914703965187073, 0.1771210879087448, 1.494157314300537, 0.8269610404968262, '00:24']
[28, 0.4536474943161011, 0.43877553939819336, 0.9915430545806885, 0.1757977455854416, 1.3982701301574707, 0.8215746283531189, '00:24']
[29, 0.45396724343299866, 0.44737115502357483, 0.9911167025566101, 0.18042758107185364, 1.6371766328811646, 0.8018076419830322, '00:24']
[30, 0.4463224411010742, 0.45559290051460266, 0.9910487532615662, 0.1815447360277176, 1.676542043685913, 0.7994126081466675, '00:24']
No improvement since epoch 22: early stopping
Unet Done!
