Models will save to Unet_dense161_x
Use densenet161 encoder
Start training...
----------
0
----------
DLS create!
[0, 0.6367024779319763, 0.5630301833152771, 0.9929344058036804, 0.21111071109771729, 1.3180371522903442, 0.9956889748573303, '00:26']
Better model found at epoch 0 with valid_loss value: 0.5630301833152771.
[1, 0.5637316703796387, 0.519842803478241, 0.9928990006446838, 0.1845330148935318, 1.2084531784057617, 0.9885239005088806, '00:25']
Better model found at epoch 1 with valid_loss value: 0.519842803478241.
[2, 0.5335704684257507, 0.5018207430839539, 0.9927412867546082, 0.17997552454471588, 1.3229308128356934, 0.9611088037490845, '00:24']
Better model found at epoch 2 with valid_loss value: 0.5018207430839539.
[3, 0.5153202414512634, 0.4950419068336487, 0.9927188754081726, 0.1781354397535324, 1.3420802354812622, 0.9499356150627136, '00:24']
Better model found at epoch 3 with valid_loss value: 0.4950419068336487.
[4, 0.5078315138816833, 0.5003299713134766, 0.9925545454025269, 0.1834767460823059, 1.4729009866714478, 0.9362301826477051, '00:25']
[5, 0.5027905702590942, 0.4863293170928955, 0.9926525950431824, 0.1775275468826294, 1.43947434425354, 0.9284045696258545, '00:25']
Better model found at epoch 5 with valid_loss value: 0.4863293170928955.
[6, 0.5010860562324524, 0.49036625027656555, 0.9927179217338562, 0.17706288397312164, 1.4278291463851929, 0.9374469518661499, '00:25']
[7, 0.49312496185302734, 0.4761965572834015, 0.9926056861877441, 0.1761276125907898, 1.450147032737732, 0.906105101108551, '00:24']
Better model found at epoch 7 with valid_loss value: 0.4761965572834015.
[8, 0.490007221698761, 0.49014827609062195, 0.9927802681922913, 0.17511698603630066, 1.365936517715454, 0.9331228137016296, '00:25']
[9, 0.4921790361404419, 0.5110811591148376, 0.9926345348358154, 0.18490266799926758, 1.6835606098175049, 0.9379814267158508, '00:25']
[10, 0.4947982132434845, 0.48167404532432556, 0.9925121665000916, 0.17915078997612, 1.5641974210739136, 0.9105432629585266, '00:25']
[11, 0.48818859457969666, 0.4754890203475952, 0.9925425052642822, 0.1770898997783661, 1.5224435329437256, 0.8983636498451233, '00:24']
Better model found at epoch 11 with valid_loss value: 0.4754890203475952.
[12, 0.4803942143917084, 0.47301164269447327, 0.9926605820655823, 0.17490144073963165, 1.3643344640731812, 0.896555483341217, '00:25']
Better model found at epoch 12 with valid_loss value: 0.47301164269447327.
[13, 0.4841386079788208, 0.4628336727619171, 0.992523729801178, 0.17586421966552734, 1.4623041152954102, 0.8745992183685303, '00:24']
Better model found at epoch 13 with valid_loss value: 0.4628336727619171.
[14, 0.48422926664352417, 0.47472643852233887, 0.9925456643104553, 0.1770748347043991, 1.5348262786865234, 0.8971660137176514, '00:25']
[15, 0.4843273460865021, 0.48235052824020386, 0.9924545288085938, 0.18065382540225983, 1.638808012008667, 0.8916134834289551, '00:24']
[16, 0.4843090772628784, 0.5068457126617432, 0.9929018020629883, 0.1741446852684021, 1.222769856452942, 0.9579423666000366, '00:25']
[17, 0.4856252372264862, 0.48901212215423584, 0.9928019046783447, 0.17483745515346527, 1.3647589683532715, 0.9273226261138916, '00:25']
[18, 0.47768136858940125, 0.48652154207229614, 0.9925086498260498, 0.18022459745407104, 1.6617580652236938, 0.8941372036933899, '00:25']
[19, 0.47407934069633484, 0.4651356339454651, 0.9926127195358276, 0.17516472935676575, 1.4109752178192139, 0.8811541199684143, '00:25']
[20, 0.4706882834434509, 0.4564530551433563, 0.9924178123474121, 0.17668376863002777, 1.5249665975570679, 0.8582947850227356, '00:24']
Better model found at epoch 20 with valid_loss value: 0.4564530551433563.
[21, 0.4699496030807495, 0.465028315782547, 0.992676854133606, 0.17448854446411133, 1.3400884866714478, 0.8760488033294678, '00:25']
[22, 0.4771060049533844, 0.4665895402431488, 0.9922379851341248, 0.1798621416091919, 1.6453839540481567, 0.857759416103363, '00:25']
[23, 0.47421616315841675, 0.44892653822898865, 0.9924261569976807, 0.1756729930639267, 1.4530689716339111, 0.8485932946205139, '00:25']
Better model found at epoch 23 with valid_loss value: 0.44892653822898865.
[24, 0.47504740953445435, 0.47526898980140686, 0.9927200675010681, 0.17419391870498657, 1.2589119672775269, 0.8986110091209412, '00:25']
[25, 0.4688588082790375, 0.4501775801181793, 0.9924376606941223, 0.1755508929491043, 1.4619332551956177, 0.8445317149162292, '00:25']
[26, 0.46323466300964355, 0.4460119903087616, 0.9924555420875549, 0.1748959869146347, 1.3703783750534058, 0.8411707878112793, '00:24']
Better model found at epoch 26 with valid_loss value: 0.4460119903087616.
[27, 0.4690448045730591, 0.4816007912158966, 0.9921644926071167, 0.1834620088338852, 1.7373409271240234, 0.8533635139465332, '00:24']
[28, 0.4648486375808716, 0.4522189497947693, 0.9924482107162476, 0.1755536049604416, 1.4573723077774048, 0.8488904237747192, '00:25']
[29, 0.4662906229496002, 0.4728027582168579, 0.9926251173019409, 0.17563363909721375, 1.4692107439041138, 0.8829848766326904, '00:24']
[30, 0.4622178077697754, 0.4616778492927551, 0.9922125935554504, 0.17853011190891266, 1.617168664932251, 0.8505669832229614, '00:24']
[31, 0.4710148870944977, 0.4496234059333801, 0.9925344586372375, 0.1747729331254959, 1.3624919652938843, 0.8490548133850098, '00:25']
[32, 0.4669995903968811, 0.4548934996128082, 0.9922753572463989, 0.17787522077560425, 1.605215072631836, 0.8435457944869995, '00:24']
[33, 0.45882269740104675, 0.44877564907073975, 0.9926331639289856, 0.1738523691892624, 1.2247579097747803, 0.8296077847480774, '00:25']
[34, 0.4543493092060089, 0.4724346101284027, 0.9921438694000244, 0.180583655834198, 1.691850185394287, 0.8457142114639282, '00:24']
No improvement since epoch 26: early stopping
----------
1
----------
DLS create!
[0, 0.6505795121192932, 0.5809268951416016, 0.9894417524337769, 0.2221302092075348, 1.29038405418396, 0.9969332814216614, '00:25']
Better model found at epoch 0 with valid_loss value: 0.5809268951416016.
[1, 0.5742290019989014, 0.531437337398529, 0.9894235134124756, 0.18997785449028015, 1.1429120302200317, 0.9918509125709534, '00:25']
Better model found at epoch 1 with valid_loss value: 0.531437337398529.
[2, 0.540239691734314, 0.5139781832695007, 0.9892880320549011, 0.18249425292015076, 1.1871386766433716, 0.9732495546340942, '00:24']
Better model found at epoch 2 with valid_loss value: 0.5139781832695007.
[3, 0.5219375491142273, 0.49787724018096924, 0.9891445636749268, 0.1791059970855713, 1.2972885370254517, 0.9427763223648071, '00:25']
Better model found at epoch 3 with valid_loss value: 0.49787724018096924.
[4, 0.5091128945350647, 0.4871307909488678, 0.9889733195304871, 0.17912015318870544, 1.4033924341201782, 0.9146795272827148, '00:25']
Better model found at epoch 4 with valid_loss value: 0.4871307909488678.
[5, 0.49971556663513184, 0.47859814763069153, 0.988980770111084, 0.1775205284357071, 1.4062918424606323, 0.895403265953064, '00:27']
Better model found at epoch 5 with valid_loss value: 0.47859814763069153.
[6, 0.49416112899780273, 0.4804607331752777, 0.9886707663536072, 0.18165868520736694, 1.5674123764038086, 0.8769446015357971, '00:25']
[7, 0.49158191680908203, 0.47650033235549927, 0.9890220761299133, 0.17607803642749786, 1.3745065927505493, 0.8792876601219177, '00:26']
Better model found at epoch 7 with valid_loss value: 0.47650033235549927.
[8, 0.4931575357913971, 0.47032666206359863, 0.9889280796051025, 0.17657122015953064, 1.3901705741882324, 0.8748094439506531, '00:25']
Better model found at epoch 8 with valid_loss value: 0.47032666206359863.
[9, 0.49465933442115784, 0.4785245656967163, 0.9891265034675598, 0.17468047142028809, 1.2404944896697998, 0.8848600387573242, '00:26']
[10, 0.4909380078315735, 0.47387850284576416, 0.9889306426048279, 0.1771957278251648, 1.4358104467391968, 0.878296971321106, '00:25']
[11, 0.4919522702693939, 0.47060543298721313, 0.9888672232627869, 0.17742690443992615, 1.4504231214523315, 0.8706654906272888, '00:24']
[12, 0.4843578040599823, 0.4676662087440491, 0.9886689186096191, 0.1792285293340683, 1.5185447931289673, 0.8574646711349487, '00:24']
Better model found at epoch 12 with valid_loss value: 0.4676662087440491.
[13, 0.48326587677001953, 0.4780507981777191, 0.989141583442688, 0.1746712625026703, 1.2359035015106201, 0.8821035623550415, '00:25']
[14, 0.4823807179927826, 0.4837377071380615, 0.9891746640205383, 0.17425888776779175, 1.198792815208435, 0.8850810527801514, '00:25']
[15, 0.48787859082221985, 0.4641664922237396, 0.9889377951622009, 0.17571716010570526, 1.3213253021240234, 0.8667519092559814, '00:24']
Better model found at epoch 15 with valid_loss value: 0.4641664922237396.
[16, 0.48252084851264954, 0.4588334858417511, 0.9887884855270386, 0.17682188749313354, 1.4264849424362183, 0.845854640007019, '00:25']
Better model found at epoch 16 with valid_loss value: 0.4588334858417511.
[17, 0.4802410304546356, 0.4565773904323578, 0.9887946248054504, 0.17642764747142792, 1.3974162340164185, 0.8424626588821411, '00:25']
Better model found at epoch 17 with valid_loss value: 0.4565773904323578.
[18, 0.4688553214073181, 0.45003795623779297, 0.9887640476226807, 0.17582984268665314, 1.378197431564331, 0.8205857872962952, '00:25']
Better model found at epoch 18 with valid_loss value: 0.45003795623779297.
[19, 0.4792654812335968, 0.46726804971694946, 0.9886939525604248, 0.17824728786945343, 1.4933890104293823, 0.8483731746673584, '00:25']
[20, 0.48329877853393555, 0.4579463601112366, 0.9888126254081726, 0.17664361000061035, 1.405508279800415, 0.8488691449165344, '00:26']
[21, 0.47418490052223206, 0.4608213007450104, 0.9889256954193115, 0.17493294179439545, 1.2829020023345947, 0.841646671295166, '00:25']
[22, 0.4763159155845642, 0.46406957507133484, 0.989038348197937, 0.17472468316555023, 1.2433770895004272, 0.8549104332923889, '00:25']
[23, 0.4707038998603821, 0.4683123528957367, 0.988704264163971, 0.17758585512638092, 1.4837430715560913, 0.8399013876914978, '00:25']
[24, 0.4602377414703369, 0.472853422164917, 0.9890943169593811, 0.17417766153812408, 1.1841245889663696, 0.8498920798301697, '00:26']
[25, 0.4635113477706909, 0.4491208791732788, 0.9888138175010681, 0.17527812719345093, 1.3136974573135376, 0.828307569026947, '00:25']
Better model found at epoch 25 with valid_loss value: 0.4491208791732788.
[26, 0.4602648913860321, 0.46121618151664734, 0.988642692565918, 0.17808233201503754, 1.5068503618240356, 0.8301089406013489, '00:26']
[27, 0.46798771619796753, 0.45367109775543213, 0.9889267086982727, 0.17477159202098846, 1.2791155576705933, 0.8257513046264648, '00:25']
[28, 0.4651285707950592, 0.45922210812568665, 0.9888213276863098, 0.17663313448429108, 1.3857800960540771, 0.8438630104064941, '00:24']
[29, 0.468197226524353, 0.45838066935539246, 0.9889315366744995, 0.17513272166252136, 1.3112996816635132, 0.8393890261650085, '00:25']
[30, 0.4655887186527252, 0.4631088376045227, 0.9890822172164917, 0.17403310537338257, 1.1608296632766724, 0.8385461568832397, '00:25']
[31, 0.46426597237586975, 0.45015957951545715, 0.9887682199478149, 0.175924614071846, 1.380764126777649, 0.8211632370948792, '00:24']
[32, 0.4613271653652191, 0.46847841143608093, 0.9886452555656433, 0.17859169840812683, 1.528791904449463, 0.8407161831855774, '00:25']
[33, 0.46676722168922424, 0.45281609892845154, 0.9886307716369629, 0.17760421335697174, 1.4721804857254028, 0.8286990523338318, '00:25']
No improvement since epoch 25: early stopping
----------
2
----------
DLS create!
[0, 0.577700138092041, 0.5317001342773438, 0.9847135543823242, 0.1917489916086197, 1.2708381414413452, 0.9931735992431641, '00:26']
Better model found at epoch 0 with valid_loss value: 0.5317001342773438.
[1, 0.5358155965805054, 0.5128874182701111, 0.9846600294113159, 0.18191219866275787, 1.2223294973373413, 0.9823343753814697, '00:25']
Better model found at epoch 1 with valid_loss value: 0.5128874182701111.
[2, 0.5177052617073059, 0.5016153454780579, 0.9845316410064697, 0.1799018234014511, 1.3791028261184692, 0.9577792286872864, '00:25']
Better model found at epoch 2 with valid_loss value: 0.5016153454780579.
[3, 0.5106426477432251, 0.5123329758644104, 0.9844036102294922, 0.1866830587387085, 1.466979742050171, 0.9536231756210327, '00:25']
[4, 0.50789874792099, 0.4952628016471863, 0.9844557642936707, 0.17913421988487244, 1.439211130142212, 0.9438687562942505, '00:26']
Better model found at epoch 4 with valid_loss value: 0.4952628016471863.
[5, 0.5008236169815063, 0.49527350068092346, 0.984230101108551, 0.18301638960838318, 1.6557822227478027, 0.9174491167068481, '00:25']
[6, 0.4958757162094116, 0.4845929443836212, 0.9843716025352478, 0.17836065590381622, 1.5838837623596191, 0.9142389297485352, '00:25']
Better model found at epoch 6 with valid_loss value: 0.4845929443836212.
[7, 0.48805052042007446, 0.47808197140693665, 0.9844248294830322, 0.17668040096759796, 1.5045208930969238, 0.908101499080658, '00:27']
Better model found at epoch 7 with valid_loss value: 0.47808197140693665.
[8, 0.4922216534614563, 0.4792317748069763, 0.9845226407051086, 0.17512153089046478, 1.3885325193405151, 0.9149614572525024, '00:26']
[9, 0.4872710704803467, 0.4697607457637787, 0.9841194152832031, 0.1787201315164566, 1.6259886026382446, 0.8767732977867126, '00:26']
Better model found at epoch 9 with valid_loss value: 0.4697607457637787.
[10, 0.48861265182495117, 0.4715278446674347, 0.9840866923332214, 0.17961497604846954, 1.6457666158676147, 0.8775825500488281, '00:25']
[11, 0.4841145873069763, 0.4782073199748993, 0.9840070605278015, 0.18100453913211823, 1.6780409812927246, 0.8826669454574585, '00:25']
[12, 0.4827372431755066, 0.46940749883651733, 0.9844415187835693, 0.17458465695381165, 1.3312792778015137, 0.8964872360229492, '00:25']
Better model found at epoch 12 with valid_loss value: 0.46940749883651733.
[13, 0.48408499360084534, 0.46183544397354126, 0.984408974647522, 0.17497141659259796, 1.3941423892974854, 0.8798393607139587, '00:25']
Better model found at epoch 13 with valid_loss value: 0.46183544397354126.
[14, 0.4815310835838318, 0.46952706575393677, 0.9842255115509033, 0.1778346747159958, 1.6085959672927856, 0.8759523630142212, '00:24']
[15, 0.47543656826019287, 0.45489901304244995, 0.9843172430992126, 0.1741872876882553, 1.2864556312561035, 0.8661321997642517, '00:25']
Better model found at epoch 15 with valid_loss value: 0.45489901304244995.
[16, 0.48326224088668823, 0.46789586544036865, 0.9842897653579712, 0.17666774988174438, 1.5268604755401611, 0.8862640261650085, '00:25']
[17, 0.4834860563278198, 0.45654281973838806, 0.9843460321426392, 0.17473021149635315, 1.3474761247634888, 0.871491014957428, '00:24']
[18, 0.4802948534488678, 0.4712924361228943, 0.9844732284545898, 0.17531540989875793, 1.420064926147461, 0.8980017304420471, '00:24']
[19, 0.47308894991874695, 0.45916610956192017, 0.9844387173652649, 0.17437058687210083, 1.301951289176941, 0.8737705945968628, '00:24']
[20, 0.4767996668815613, 0.4676193296909332, 0.9839044213294983, 0.1797931045293808, 1.6593843698501587, 0.857269287109375, '00:25']
[21, 0.47412109375, 0.46269720792770386, 0.9843485355377197, 0.17588379979133606, 1.5103893280029297, 0.8672531247138977, '00:25']
[22, 0.4710773527622223, 0.4429187476634979, 0.9841398596763611, 0.17558859288692474, 1.4863556623458862, 0.8327933549880981, '00:25']
Better model found at epoch 22 with valid_loss value: 0.4429187476634979.
[23, 0.4650816321372986, 0.44708216190338135, 0.9840089082717896, 0.17682573199272156, 1.556349754333496, 0.8351467251777649, '00:24']
[24, 0.4690857529640198, 0.44639748334884644, 0.9843519330024719, 0.17445488274097443, 1.343489170074463, 0.847661554813385, '00:25']
[25, 0.4663207530975342, 0.5649051666259766, 0.9836664199829102, 0.20151443779468536, 1.881039023399353, 0.8846733570098877, '00:25']
[26, 0.46691107749938965, 0.45702987909317017, 0.984248697757721, 0.17626668512821198, 1.5325651168823242, 0.8561902642250061, '00:25']
[27, 0.4608957767486572, 0.4712980389595032, 0.9839019179344177, 0.18002820014953613, 1.6657078266143799, 0.8550454378128052, '00:26']
[28, 0.46382203698158264, 0.4479513168334961, 0.9841929078102112, 0.17570073902606964, 1.5013461112976074, 0.8444423675537109, '00:25']
[29, 0.46484681963920593, 0.44227999448776245, 0.9839836955070496, 0.1766548901796341, 1.5436251163482666, 0.8247852921485901, '00:24']
Better model found at epoch 29 with valid_loss value: 0.44227999448776245.
[30, 0.4628015458583832, 0.4493972659111023, 0.984032154083252, 0.17698995769023895, 1.5473400354385376, 0.8379548788070679, '00:25']
[31, 0.4621158242225647, 0.4531777501106262, 0.9838855266571045, 0.17846594750881195, 1.6484875679016113, 0.827066957950592, '00:25']
[32, 0.46166932582855225, 0.4389069378376007, 0.9841211438179016, 0.1755688637495041, 1.4754273891448975, 0.8268187046051025, '00:25']
Better model found at epoch 32 with valid_loss value: 0.4389069378376007.
[33, 0.45591410994529724, 0.43618646264076233, 0.984021782875061, 0.17567472159862518, 1.4844515323638916, 0.8145332336425781, '00:25']
Better model found at epoch 33 with valid_loss value: 0.43618646264076233.
[34, 0.46336400508880615, 0.4471752643585205, 0.9840407967567444, 0.1769474595785141, 1.5548317432403564, 0.8302431106567383, '00:25']
[35, 0.46154940128326416, 0.4379635453224182, 0.984225332736969, 0.17455703020095825, 1.3496248722076416, 0.8349007368087769, '00:24']
[36, 0.45778965950012207, 0.44293951988220215, 0.9841591715812683, 0.17532385885715485, 1.4484144449234009, 0.8376806974411011, '00:25']
[37, 0.4646085202693939, 0.45230230689048767, 0.9842129945755005, 0.17521531879901886, 1.3942686319351196, 0.8609564900398254, '00:24']
[38, 0.4681393802165985, 0.441865473985672, 0.9839885234832764, 0.17635205388069153, 1.5151240825653076, 0.8339724540710449, '00:25']
[39, 0.4635692834854126, 0.45951205492019653, 0.9840911626815796, 0.17818881571292877, 1.6177964210510254, 0.8443640470504761, '00:25']
[40, 0.46087825298309326, 0.43702495098114014, 0.9841641187667847, 0.17517563700675964, 1.4328194856643677, 0.827293336391449, '00:24']
[41, 0.4541817605495453, 0.4503368139266968, 0.9843472242355347, 0.1738693118095398, 1.2077083587646484, 0.8539746999740601, '00:25']
No improvement since epoch 33: early stopping
----------
3
----------
DLS create!
[0, 0.5947717428207397, 0.5426530241966248, 0.9893084764480591, 0.19597488641738892, 1.2664774656295776, 0.9962747693061829, '00:25']
Better model found at epoch 0 with valid_loss value: 0.5426530241966248.
[1, 0.5445862412452698, 0.5196637511253357, 0.9892199635505676, 0.18330055475234985, 1.1394381523132324, 0.9844922423362732, '00:25']
Better model found at epoch 1 with valid_loss value: 0.5196637511253357.
[2, 0.5241535902023315, 0.5088315010070801, 0.9891685247421265, 0.1774853765964508, 1.1670349836349487, 0.9691188931465149, '00:25']
Better model found at epoch 2 with valid_loss value: 0.5088315010070801.
[3, 0.5117150545120239, 0.4877300560474396, 0.9886677861213684, 0.18174535036087036, 1.3296542167663574, 0.9154131412506104, '00:25']
Better model found at epoch 3 with valid_loss value: 0.4877300560474396.
[4, 0.506902277469635, 0.4862719476222992, 0.9888483285903931, 0.17791341245174408, 1.3203542232513428, 0.9164130091667175, '00:25']
Better model found at epoch 4 with valid_loss value: 0.4862719476222992.
[5, 0.5022650361061096, 0.4900670349597931, 0.9884034395217896, 0.18573525547981262, 1.4279937744140625, 0.8961711525917053, '00:25']
[6, 0.4979225695133209, 0.46677836775779724, 0.9885528683662415, 0.17889945209026337, 1.4605076313018799, 0.869996190071106, '00:25']
Better model found at epoch 6 with valid_loss value: 0.46677836775779724.
[7, 0.497852623462677, 0.477783739566803, 0.9887843132019043, 0.17730239033699036, 1.4241446256637573, 0.8884157538414001, '00:25']
[8, 0.4934176206588745, 0.46757492423057556, 0.9880713820457458, 0.18325093388557434, 1.6353704929351807, 0.8302304148674011, '00:25']
[9, 0.48526138067245483, 0.4624958634376526, 0.9888561367988586, 0.17489279806613922, 1.2491282224655151, 0.8575400710105896, '00:24']
Better model found at epoch 9 with valid_loss value: 0.4624958634376526.
[10, 0.4856857657432556, 0.45079338550567627, 0.9885722994804382, 0.17632347345352173, 1.3730865716934204, 0.8357146382331848, '00:25']
Better model found at epoch 10 with valid_loss value: 0.45079338550567627.
[11, 0.4812711179256439, 0.4696415960788727, 0.9887529611587524, 0.17654594779014587, 1.4030089378356934, 0.865519106388092, '00:25']
[12, 0.4782693684101105, 0.4447100758552551, 0.9881908893585205, 0.1784663051366806, 1.5009920597076416, 0.8022667765617371, '00:25']
Better model found at epoch 12 with valid_loss value: 0.4447100758552551.
[13, 0.48294156789779663, 0.4615491032600403, 0.988554835319519, 0.17728860676288605, 1.4387177228927612, 0.8472945094108582, '00:26']
[14, 0.47589874267578125, 0.469133198261261, 0.9886472821235657, 0.17698027193546295, 1.4368038177490234, 0.8531888127326965, '00:25']
[15, 0.47857382893562317, 0.4490814805030823, 0.9885675311088562, 0.1759454309940338, 1.361188292503357, 0.8268241882324219, '00:25']
[16, 0.47634583711624146, 0.4464644193649292, 0.9886453747749329, 0.17534831166267395, 1.3052644729614258, 0.8286648988723755, '00:25']
[17, 0.47142282128334045, 0.49812132120132446, 0.9881211519241333, 0.18751855194568634, 1.6967988014221191, 0.8509348034858704, '00:25']
[18, 0.47620517015457153, 0.4380708932876587, 0.9884060025215149, 0.1764141321182251, 1.3853983879089355, 0.8034961223602295, '00:25']
Better model found at epoch 18 with valid_loss value: 0.4380708932876587.
[19, 0.46720215678215027, 0.4392986595630646, 0.9880800247192383, 0.17831844091415405, 1.5020354986190796, 0.7926751375198364, '00:25']
[20, 0.47454115748405457, 0.4514355957508087, 0.988436758518219, 0.17721614241600037, 1.44905424118042, 0.8248381018638611, '00:25']
[21, 0.4750489294528961, 0.447510689496994, 0.9884592890739441, 0.17698030173778534, 1.3943212032318115, 0.8165749907493591, '00:25']
[22, 0.4789105951786041, 0.480882465839386, 0.9890419244766235, 0.17420800030231476, 1.1722115278244019, 0.8806353211402893, '00:25']
[23, 0.46733978390693665, 0.4939807653427124, 0.9878519773483276, 0.18886558711528778, 1.7142341136932373, 0.8301065564155579, '00:25']
[24, 0.46499332785606384, 0.47327691316604614, 0.988647997379303, 0.17762446403503418, 1.4609090089797974, 0.8679954409599304, '00:25']
[25, 0.4627753496170044, 0.45413097739219666, 0.9885484576225281, 0.17659246921539307, 1.4089181423187256, 0.8282240629196167, '00:25']
[26, 0.4624258577823639, 0.4424563944339752, 0.988627552986145, 0.17508959770202637, 1.2801555395126343, 0.8126964569091797, '00:25']
No improvement since epoch 18: early stopping
----------
4
----------
DLS create!
[0, 0.6069510579109192, 5.354182720184326, 0.9911783337593079, 0.28178033232688904, 1.952276349067688, 0.9923282861709595, '00:25']
Better model found at epoch 0 with valid_loss value: 5.354182720184326.
[1, 0.550727128982544, 0.5184559226036072, 0.9913539290428162, 0.18233340978622437, 1.1490975618362427, 0.9875822067260742, '00:25']
Better model found at epoch 1 with valid_loss value: 0.5184559226036072.
[2, 0.5289058089256287, 0.5132617354393005, 0.9912922382354736, 0.18103215098381042, 1.207672357559204, 0.9768847227096558, '00:25']
Better model found at epoch 2 with valid_loss value: 0.5132617354393005.
[3, 0.5130161643028259, 0.5237979888916016, 0.9908881783485413, 0.19307555258274078, 1.5518481731414795, 0.9393196105957031, '00:24']
[4, 0.50645911693573, 0.5011263489723206, 0.9909270405769348, 0.1834857016801834, 1.558594822883606, 0.9250548481941223, '00:25']
Better model found at epoch 4 with valid_loss value: 0.5011263489723206.
[5, 0.5040203928947449, 0.48832371830940247, 0.9910643696784973, 0.17772147059440613, 1.4695643186569214, 0.9184043407440186, '00:25']
Better model found at epoch 5 with valid_loss value: 0.48832371830940247.
[6, 0.49920031428337097, 0.48469844460487366, 0.9911736249923706, 0.17511659860610962, 1.33042311668396, 0.914230465888977, '00:25']
Better model found at epoch 6 with valid_loss value: 0.48469844460487366.
[7, 0.4940176010131836, 0.49234068393707275, 0.9910385608673096, 0.17823901772499084, 1.5492151975631714, 0.9137436747550964, '00:24']
[8, 0.48924514651298523, 0.5411560535430908, 0.9906908273696899, 0.1974116414785385, 1.7989017963409424, 0.917724609375, '00:25']
[9, 0.48717397451400757, 0.5091036558151245, 0.990770697593689, 0.1864064335823059, 1.712601900100708, 0.9034336805343628, '00:25']
[10, 0.4880944490432739, 0.48730534315109253, 0.991208553314209, 0.17459160089492798, 1.2896424531936646, 0.9144070148468018, '00:24']
[11, 0.4880705773830414, 0.4767623245716095, 0.9910622239112854, 0.17577335238456726, 1.4060940742492676, 0.8916184902191162, '00:25']
Better model found at epoch 11 with valid_loss value: 0.4767623245716095.
[12, 0.4874894917011261, 0.4752505123615265, 0.9909728169441223, 0.17690621316432953, 1.4833569526672363, 0.884615957736969, '00:25']
Better model found at epoch 12 with valid_loss value: 0.4752505123615265.
[13, 0.48546141386032104, 0.47297802567481995, 0.9910428524017334, 0.17568030953407288, 1.3819091320037842, 0.8859460949897766, '00:25']
Better model found at epoch 13 with valid_loss value: 0.47297802567481995.
[14, 0.48184359073638916, 0.46022236347198486, 0.9909789562225342, 0.17545939981937408, 1.401068925857544, 0.857559323310852, '00:25']
Better model found at epoch 14 with valid_loss value: 0.46022236347198486.
[15, 0.47453394532203674, 0.47159895300865173, 0.9910938143730164, 0.1748122274875641, 1.3223811388015747, 0.879245400428772, '00:24']
[16, 0.4788697063922882, 0.46467700600624084, 0.9909023642539978, 0.1767040193080902, 1.4893391132354736, 0.8623343110084534, '00:25']
[17, 0.4732130169868469, 0.4609391987323761, 0.9909490346908569, 0.17551004886627197, 1.4143117666244507, 0.8540230393409729, '00:25']
[18, 0.47544893622398376, 0.4659624993801117, 0.9910375475883484, 0.17508795857429504, 1.3782272338867188, 0.8650405406951904, '00:24']
[19, 0.4671042859554291, 0.46193769574165344, 0.9910390973091125, 0.17467360198497772, 1.3221001625061035, 0.8536742329597473, '00:25']
[20, 0.4705919623374939, 0.46075865626335144, 0.9908793568611145, 0.1762188822031021, 1.4732890129089355, 0.8487997055053711, '00:26']
[21, 0.47391802072525024, 0.5867933630943298, 0.9910145401954651, 0.20831958949565887, 1.8423174619674683, 0.9556940793991089, '00:25']
[22, 0.47673162817955017, 0.4596118628978729, 0.9906827211380005, 0.17835357785224915, 1.5713649988174438, 0.8385995030403137, '00:25']
Better model found at epoch 22 with valid_loss value: 0.4596118628978729.
[23, 0.4728476107120514, 0.47303399443626404, 0.9908510446548462, 0.17762894928455353, 1.5362677574157715, 0.8695838451385498, '00:25']
[24, 0.46635353565216064, 0.44715386629104614, 0.9909449815750122, 0.1748763471841812, 1.349437952041626, 0.831307053565979, '00:25']
Better model found at epoch 24 with valid_loss value: 0.44715386629104614.
[25, 0.46786022186279297, 0.460612952709198, 0.990776538848877, 0.17755848169326782, 1.557003378868103, 0.8381891250610352, '00:25']
[26, 0.46556684374809265, 0.44884008169174194, 0.9908674359321594, 0.17575402557849884, 1.4364187717437744, 0.8291521668434143, '00:25']
[27, 0.4707682430744171, 0.4771422743797302, 0.990716814994812, 0.18012265861034393, 1.6410458087921143, 0.8586086630821228, '00:25']
[28, 0.46817925572395325, 0.46454426646232605, 0.9908511638641357, 0.17673063278198242, 1.494034767150879, 0.8567858338356018, '00:25']
[29, 0.4579840898513794, 0.46282488107681274, 0.9906861186027527, 0.178215891122818, 1.5684685707092285, 0.8327955603599548, '00:25']
[30, 0.45096802711486816, 0.4527691900730133, 0.9909758567810059, 0.1744837462902069, 1.2913506031036377, 0.8356019258499146, '00:25']
[31, 0.45224708318710327, 0.46035435795783997, 0.9905365109443665, 0.17920973896980286, 1.6191461086273193, 0.8176199197769165, '00:25']
[32, 0.4500252604484558, 0.4422532618045807, 0.9908145070075989, 0.17549630999565125, 1.4025496244430542, 0.8113293051719666, '00:25']
Better model found at epoch 32 with valid_loss value: 0.4422532618045807.
[33, 0.44081926345825195, 0.48537304997444153, 0.9905604720115662, 0.18158724904060364, 1.6871702671051025, 0.8435359001159668, '00:25']
[34, 0.4573483467102051, 0.4519392251968384, 0.9910419583320618, 0.1740260124206543, 1.2237273454666138, 0.8332757949829102, '00:25']
[35, 0.4568784236907959, 0.48967602849006653, 0.9905534982681274, 0.18263226747512817, 1.7048492431640625, 0.847618043422699, '00:25']
[36, 0.45025625824928284, 0.4571002125740051, 0.9909695386886597, 0.17439283430576324, 1.2714343070983887, 0.8453667163848877, '00:25']
[37, 0.45306918025016785, 0.4501601755619049, 0.990705132484436, 0.17706166207790375, 1.510711908340454, 0.8176357746124268, '00:25']
[38, 0.4564583897590637, 0.45430171489715576, 0.9908179640769958, 0.17602092027664185, 1.4444665908813477, 0.834645688533783, '00:25']
[39, 0.454994797706604, 0.4783423840999603, 0.9905992746353149, 0.18060165643692017, 1.660080909729004, 0.8488398194313049, '00:25']
[40, 0.4533800184726715, 0.43743154406547546, 0.9907135963439941, 0.17570354044437408, 1.4224148988723755, 0.8049909472465515, '00:25']
Better model found at epoch 40 with valid_loss value: 0.43743154406547546.
[41, 0.4512941241264343, 0.4534033238887787, 0.9909172058105469, 0.17519493401050568, 1.3982661962509155, 0.8365261554718018, '00:25']
[42, 0.457136332988739, 0.43625763058662415, 0.9907726645469666, 0.17541605234146118, 1.404651403427124, 0.7990400195121765, '00:25']
Better model found at epoch 42 with valid_loss value: 0.43625763058662415.
[43, 0.44966331124305725, 0.4541243016719818, 0.9909061193466187, 0.17479544878005981, 1.3065564632415771, 0.8353619575500488, '00:25']
[44, 0.45260298252105713, 0.450429230928421, 0.9909948110580444, 0.17441518604755402, 1.275577425956726, 0.8297790884971619, '00:25']
[45, 0.453082799911499, 0.4432510435581207, 0.9906484484672546, 0.1767827421426773, 1.505470633506775, 0.8111234307289124, '00:25']
[46, 0.4553370475769043, 0.4322996735572815, 0.99063640832901, 0.17606905102729797, 1.462019920349121, 0.7928434014320374, '00:25']
Better model found at epoch 46 with valid_loss value: 0.4322996735572815.
[47, 0.4570416510105133, 0.44951993227005005, 0.9908917546272278, 0.17513586580753326, 1.3752179145812988, 0.8358498215675354, '00:25']
[48, 0.4546705186367035, 0.4357644021511078, 0.990726888179779, 0.17549532651901245, 1.4035234451293945, 0.8006253838539124, '00:25']
[49, 0.4455198049545288, 0.4953281879425049, 0.9905039072036743, 0.18338799476623535, 1.7132811546325684, 0.8628945350646973, '00:25']
[50, 0.4549531638622284, 0.4443054795265198, 0.9908121824264526, 0.17582744359970093, 1.4453144073486328, 0.8208736181259155, '00:25']
[51, 0.4591929614543915, 0.46600767970085144, 0.9910157322883606, 0.1751493662595749, 1.370930552482605, 0.8640985488891602, '00:25']
[52, 0.4542878568172455, 0.44265636801719666, 0.9906624555587769, 0.176487997174263, 1.4473199844360352, 0.8058321475982666, '00:25']
[53, 0.44588935375213623, 0.4541083574295044, 0.9909268617630005, 0.1747695654630661, 1.2966606616973877, 0.8349463939666748, '00:25']
[54, 0.45013391971588135, 0.43996936082839966, 0.9908652305603027, 0.17490652203559875, 1.3295173645019531, 0.8119186162948608, '00:25']
No improvement since epoch 46: early stopping
Unet Done!
