Models will save to Unet_incv4_x
Use inceptionv4 encoder
Start training...
----------
0
----------
DLS create!
[0, 0.5825303196907043, 0.5347302556037903, 0.9809924960136414, 0.19216288626194, 1.182471513748169, 0.9941318035125732, '00:27']
Better model found at epoch 0 with valid_loss value: 0.5347302556037903.
[1, 0.5372316837310791, 0.5195303559303284, 0.9807798862457275, 0.18678563833236694, 1.2744051218032837, 0.9729102849960327, '00:24']
Better model found at epoch 1 with valid_loss value: 0.5195303559303284.
[2, 0.5194600224494934, 0.5042001008987427, 0.9807242751121521, 0.18026289343833923, 1.3387826681137085, 0.9527882933616638, '00:24']
Better model found at epoch 2 with valid_loss value: 0.5042001008987427.
[3, 0.5079442858695984, 0.516304075717926, 0.9803935885429382, 0.19066222012043, 1.4589334726333618, 0.9388805031776428, '00:25']
[4, 0.498281866312027, 0.5027076005935669, 0.9808722734451294, 0.17442932724952698, 1.1886930465698242, 0.9430943131446838, '00:22']
Better model found at epoch 4 with valid_loss value: 0.5027076005935669.
[5, 0.49819740653038025, 0.4989234209060669, 0.9807872772216797, 0.17536211013793945, 1.3039778470993042, 0.9400924444198608, '00:24']
Better model found at epoch 5 with valid_loss value: 0.4989234209060669.
[6, 0.4970419704914093, 0.49524837732315063, 0.9806109070777893, 0.17734095454216003, 1.4406622648239136, 0.9288021922111511, '00:25']
Better model found at epoch 6 with valid_loss value: 0.49524837732315063.
[7, 0.4931785464286804, 0.4870288372039795, 0.9806832075119019, 0.17504936456680298, 1.311805009841919, 0.9065219759941101, '00:24']
Better model found at epoch 7 with valid_loss value: 0.4870288372039795.
[8, 0.4958263039588928, 0.5645797848701477, 0.9806975722312927, 0.17749470472335815, 1.4761055707931519, 0.926950991153717, '00:23']
[9, 0.4906477928161621, 0.6092662811279297, 0.9800021052360535, 0.21462267637252808, 1.873708724975586, 0.9257314801216125, '00:25']
[10, 0.4925726056098938, 0.4829089045524597, 0.9806458353996277, 0.17512322962284088, 1.3152519464492798, 0.9032718539237976, '00:25']
Better model found at epoch 10 with valid_loss value: 0.4829089045524597.
[11, 0.48618534207344055, 0.4930397570133209, 0.9804909229278564, 0.17685608565807343, 1.4678521156311035, 0.8854824900627136, '00:23']
[12, 0.4938749372959137, 0.526848554611206, 0.9801807403564453, 0.18783050775527954, 1.7162038087844849, 0.9031672477722168, '00:23']
[13, 0.49387258291244507, 0.4867149889469147, 0.9803715944290161, 0.1800595074892044, 1.5603872537612915, 0.9002326130867004, '00:24']
[14, 0.4861587882041931, 0.4717291295528412, 0.9805418848991394, 0.17478178441524506, 1.3051756620407104, 0.8743590116500854, '00:24']
Better model found at epoch 14 with valid_loss value: 0.4717291295528412.
[15, 0.4831311106681824, 0.4886428713798523, 0.9806684255599976, 0.17504429817199707, 1.3276680707931519, 0.8963003754615784, '00:23']
[16, 0.48022693395614624, 0.4636022746562958, 0.9803717136383057, 0.17577795684337616, 1.3978005647659302, 0.8513546586036682, '00:24']
Better model found at epoch 16 with valid_loss value: 0.4636022746562958.
[17, 0.4772684574127197, 0.455673485994339, 0.980317234992981, 0.17579247057437897, 1.4154415130615234, 0.8409299850463867, '00:26']
Better model found at epoch 17 with valid_loss value: 0.455673485994339.
[18, 0.47768518328666687, 0.475115567445755, 0.9804949760437012, 0.17575982213020325, 1.4007927179336548, 0.8783805966377258, '00:24']
[19, 0.4770357012748718, 0.4949414134025574, 0.9806119799613953, 0.1768389344215393, 1.4682183265686035, 0.9079173803329468, '00:25']
[20, 0.47444629669189453, 0.4996786415576935, 0.980514645576477, 0.17639614641666412, 1.4418376684188843, 0.882867693901062, '00:27']
[21, 0.4765806496143341, 0.46274715662002563, 0.9802977442741394, 0.17655795812606812, 1.4603216648101807, 0.8502376079559326, '00:23']
[22, 0.4657577574253082, 0.4768409729003906, 0.9804679155349731, 0.17633189260959625, 1.4464755058288574, 0.8667463064193726, '00:24']
[23, 0.4735111892223358, 0.4794614017009735, 0.980170726776123, 0.18079952895641327, 1.6108438968658447, 0.8684523701667786, '00:24']
[24, 0.46774259209632874, 0.4702965021133423, 0.9800640344619751, 0.17893660068511963, 1.571124792098999, 0.8396148085594177, '00:24']
[25, 0.4748351275920868, 0.46262168884277344, 0.9800971150398254, 0.1786845326423645, 1.5410348176956177, 0.8494706153869629, '00:23']
No improvement since epoch 17: early stopping
----------
1
----------
DLS create!
[0, 0.6036839485168457, 0.5434433221817017, 0.9910598993301392, 0.19816598296165466, 1.2579641342163086, 0.9957253336906433, '00:24']
Better model found at epoch 0 with valid_loss value: 0.5434433221817017.
[1, 0.5452952980995178, 0.5153998136520386, 0.9909775257110596, 0.1818748116493225, 1.2587288618087769, 0.9804912805557251, '00:25']
Better model found at epoch 1 with valid_loss value: 0.5153998136520386.
[2, 0.5234121084213257, 0.49913644790649414, 0.990870475769043, 0.17770463228225708, 1.2991212606430054, 0.949823260307312, '00:23']
Better model found at epoch 2 with valid_loss value: 0.49913644790649414.
[3, 0.5086784362792969, 0.49994757771492004, 0.9906660914421082, 0.18203212320804596, 1.4034533500671387, 0.9345597624778748, '00:23']
[4, 0.5009528398513794, 0.49854615330696106, 0.9908307194709778, 0.17751310765743256, 1.343083143234253, 0.9431094527244568, '00:26']
Better model found at epoch 4 with valid_loss value: 0.49854615330696106.
[5, 0.4975675642490387, 0.4924978017807007, 0.9908375144004822, 0.17612935602664948, 1.300067663192749, 0.9314592480659485, '00:23']
Better model found at epoch 5 with valid_loss value: 0.4924978017807007.
[6, 0.4943786859512329, 0.5049164295196533, 0.9909070730209351, 0.17654931545257568, 1.3747822046279907, 0.9508970379829407, '00:24']
[7, 0.49181583523750305, 0.5113521218299866, 0.9910462498664856, 0.17402279376983643, 1.1233880519866943, 0.9596654772758484, '00:27']
[8, 0.4885962903499603, 0.49240800738334656, 0.9905358552932739, 0.180749773979187, 1.5939971208572388, 0.9031127095222473, '00:23']
Better model found at epoch 8 with valid_loss value: 0.49240800738334656.
[9, 0.4907075762748718, 0.4924907982349396, 0.9908292293548584, 0.17624622583389282, 1.34269118309021, 0.9313282370567322, '00:24']
[10, 0.48987454175949097, 0.4942997992038727, 0.9908024072647095, 0.17677704989910126, 1.4287757873535156, 0.9217471480369568, '00:25']
[11, 0.4909464418888092, 0.4947300851345062, 0.9905942678451538, 0.18054643273353577, 1.5737528800964355, 0.9106678366661072, '00:24']
[12, 0.49164992570877075, 0.4940897226333618, 0.9909077882766724, 0.17488616704940796, 1.2766878604888916, 0.9287460446357727, '00:23']
[13, 0.48840877413749695, 0.4860854148864746, 0.9904225468635559, 0.18156838417053223, 1.6312453746795654, 0.8853083252906799, '00:25']
Better model found at epoch 13 with valid_loss value: 0.4860854148864746.
[14, 0.4934498369693756, 0.4914776682853699, 0.9903613924980164, 0.1837279349565506, 1.648755669593811, 0.8895086050033569, '00:25']
[15, 0.48524537682533264, 0.4984852075576782, 0.9905715584754944, 0.181450754404068, 1.6375203132629395, 0.9133985638618469, '00:24']
[16, 0.4794371724128723, 0.4863268733024597, 0.9906808733940125, 0.17665083706378937, 1.4546293020248413, 0.9036041498184204, '00:23']
[17, 0.485278457403183, 0.4973183870315552, 0.9902935028076172, 0.18554726243019104, 1.7091830968856812, 0.8832229971885681, '00:24']
[18, 0.4839240312576294, 0.5088712573051453, 0.9909894466400146, 0.17484934628009796, 1.2870773077011108, 0.9525306224822998, '00:24']
[19, 0.4826101064682007, 0.511821448802948, 0.9907211661338806, 0.17604926228523254, 1.409019947052002, 0.8928461670875549, '00:25']
[20, 0.4874860942363739, 0.48339274525642395, 0.9907606244087219, 0.17604784667491913, 1.4007713794708252, 0.9001109004020691, '00:25']
Better model found at epoch 20 with valid_loss value: 0.48339274525642395.
[21, 0.48873478174209595, 0.4953175187110901, 0.9905142784118652, 0.18226371705532074, 1.6364688873291016, 0.8995998501777649, '00:23']
[22, 0.4837133288383484, 0.5134597420692444, 0.9910172820091248, 0.1749083250761032, 1.258229374885559, 0.9647338390350342, '00:23']
[23, 0.48985975980758667, 0.4941551089286804, 0.9908275008201599, 0.17664805054664612, 1.4124455451965332, 0.9298985600471497, '00:25']
[24, 0.4922347366809845, 0.4779685139656067, 0.9905890226364136, 0.1780019849538803, 1.4957199096679688, 0.8918840289115906, '00:25']
Better model found at epoch 24 with valid_loss value: 0.4779685139656067.
[25, 0.4870174825191498, 0.47946369647979736, 0.9907533526420593, 0.1755989044904709, 1.3501850366592407, 0.9006201028823853, '00:26']
[26, 0.48665404319763184, 0.4992124140262604, 0.9909608364105225, 0.17462705075740814, 1.2258023023605347, 0.9422523379325867, '00:25']
[27, 0.4846673309803009, 0.47947657108306885, 0.9905239939689636, 0.1790446788072586, 1.5662566423416138, 0.8832818269729614, '00:23']
[28, 0.47973573207855225, 0.4913867115974426, 0.990837574005127, 0.17593282461166382, 1.4007375240325928, 0.9188370108604431, '00:24']
[29, 0.474453866481781, 0.4902072548866272, 0.990705132484436, 0.17803868651390076, 1.5294092893600464, 0.9049054980278015, '00:24']
[30, 0.4733096957206726, 0.5018455982208252, 0.9909111857414246, 0.1747787743806839, 1.2884635925292969, 0.922553539276123, '00:25']
[31, 0.47732013463974, 0.4819147288799286, 0.9904850125312805, 0.1799904704093933, 1.5904756784439087, 0.8860064744949341, '00:25']
[32, 0.48056063055992126, 0.4830445945262909, 0.9905248880386353, 0.17934103310108185, 1.5689935684204102, 0.8954960107803345, '00:24']
No improvement since epoch 24: early stopping
----------
2
----------
DLS create!
[0, 0.5867264270782471, 0.5361000895500183, 0.9912039041519165, 0.1933206021785736, 1.2056313753128052, 0.9941235780715942, '00:23']
Better model found at epoch 0 with valid_loss value: 0.5361000895500183.
[1, 0.5401351451873779, 0.5145131349563599, 0.9911302924156189, 0.18132512271404266, 1.1684890985488892, 0.9819806814193726, '00:25']
Better model found at epoch 1 with valid_loss value: 0.5145131349563599.
[2, 0.5200381278991699, 0.52040696144104, 0.9908775091171265, 0.17989778518676758, 1.345784068107605, 0.9401609897613525, '00:26']
[3, 0.5118935108184814, 0.49886277318000793, 0.991002082824707, 0.17745885252952576, 1.3052802085876465, 0.9477955102920532, '00:26']
Better model found at epoch 3 with valid_loss value: 0.49886277318000793.
[4, 0.5070673227310181, 0.4898994266986847, 0.990963339805603, 0.1761225163936615, 1.2685493230819702, 0.933565616607666, '00:23']
Better model found at epoch 4 with valid_loss value: 0.4898994266986847.
[5, 0.4986724853515625, 0.48282352089881897, 0.9908912777900696, 0.17577135562896729, 1.2805495262145996, 0.9161917567253113, '00:24']
Better model found at epoch 5 with valid_loss value: 0.48282352089881897.
[6, 0.4958035945892334, 0.4852244555950165, 0.990968644618988, 0.17505593597888947, 1.2961081266403198, 0.9130612015724182, '00:24']
[7, 0.4941454231739044, 0.46925005316734314, 0.9907421469688416, 0.17591899633407593, 1.4010142087936401, 0.8801508545875549, '00:25']
Better model found at epoch 7 with valid_loss value: 0.46925005316734314.
[8, 0.49676522612571716, 0.5050531625747681, 0.9904829859733582, 0.18773190677165985, 1.676212191581726, 0.905332624912262, '00:25']
[9, 0.49492180347442627, 0.5087007880210876, 0.9905388355255127, 0.18697015941143036, 1.6653753519058228, 0.9181563258171082, '00:23']
[10, 0.4945768117904663, 0.4897909462451935, 0.9910269975662231, 0.17393873631954193, 1.1591851711273193, 0.9144469499588013, '00:23']
[11, 0.49521660804748535, 0.4763132333755493, 0.9908101558685303, 0.17584313452243805, 1.4077974557876587, 0.8936874866485596, '00:23']
[12, 0.495617538690567, 0.47087082266807556, 0.9907750487327576, 0.17588627338409424, 1.3780990839004517, 0.8886142373085022, '00:23']
[13, 0.5007851123809814, 0.48120707273483276, 0.9906941652297974, 0.1787051111459732, 1.4983561038970947, 0.9010807275772095, '00:23']
[14, 0.49333593249320984, 0.4665045440196991, 0.9906348586082458, 0.1767570823431015, 1.4630099534988403, 0.8725876212120056, '00:25']
Better model found at epoch 14 with valid_loss value: 0.4665045440196991.
[15, 0.4894493818283081, 0.4779706597328186, 0.9905937910079956, 0.17927901446819305, 1.5795563459396362, 0.8821221590042114, '00:23']
[16, 0.49319878220558167, 0.47095391154289246, 0.9906537532806396, 0.17730922996997833, 1.4815783500671387, 0.8831930756568909, '00:22']
[17, 0.4908786118030548, 0.4646751284599304, 0.990669846534729, 0.1764015406370163, 1.4376412630081177, 0.8716476559638977, '00:24']
Better model found at epoch 17 with valid_loss value: 0.4646751284599304.
[18, 0.4907330274581909, 0.45911404490470886, 0.9906309247016907, 0.17593516409397125, 1.4149749279022217, 0.8619211316108704, '00:24']
Better model found at epoch 18 with valid_loss value: 0.45911404490470886.
[19, 0.487130343914032, 0.49066606163978577, 0.990264892578125, 0.18458259105682373, 1.7120331525802612, 0.8684017658233643, '00:25']
[20, 0.48809611797332764, 0.47247254848480225, 0.9908128976821899, 0.17557255923748016, 1.3744109869003296, 0.8847517967224121, '00:25']
[21, 0.4820261299610138, 0.48062318563461304, 0.98993980884552, 0.1859770119190216, 1.725835919380188, 0.8379040956497192, '00:24']
[22, 0.48386651277542114, 0.461853951215744, 0.9904875159263611, 0.1767820417881012, 1.4502339363098145, 0.8593253493309021, '00:24']
[23, 0.4885798990726471, 0.46186408400535583, 0.9904976487159729, 0.17740938067436218, 1.4800612926483154, 0.8636261224746704, '00:23']
[24, 0.4892374873161316, 0.47810831665992737, 0.9906182885169983, 0.17846712470054626, 1.5465013980865479, 0.8875848650932312, '00:24']
[25, 0.4812074601650238, 0.4705504775047302, 0.9904300570487976, 0.17871560156345367, 1.5492223501205444, 0.8672193884849548, '00:24']
[26, 0.48170211911201477, 0.4533308744430542, 0.9902952909469604, 0.178287535905838, 1.5303281545639038, 0.8311580419540405, '00:23']
Better model found at epoch 26 with valid_loss value: 0.4533308744430542.
[27, 0.4815581738948822, 0.46619537472724915, 0.9908217191696167, 0.17466914653778076, 1.2881537675857544, 0.8761737942695618, '00:23']
[28, 0.4794727861881256, 0.46185627579689026, 0.9907615184783936, 0.17484164237976074, 1.334507703781128, 0.860257089138031, '00:24']
[29, 0.4810938835144043, 0.45646896958351135, 0.9905701875686646, 0.1755332052707672, 1.3546957969665527, 0.8544781804084778, '00:24']
[30, 0.4871560037136078, 0.4614606201648712, 0.9903094172477722, 0.17946235835552216, 1.5564628839492798, 0.8546621203422546, '00:27']
[31, 0.4795963764190674, 0.45108869671821594, 0.9906474947929382, 0.1746767908334732, 1.275352120399475, 0.8433147072792053, '00:23']
Better model found at epoch 31 with valid_loss value: 0.45108869671821594.
[32, 0.47062069177627563, 0.4490601718425751, 0.9905178546905518, 0.1755077987909317, 1.357383131980896, 0.8346779346466064, '00:25']
Better model found at epoch 32 with valid_loss value: 0.4490601718425751.
[33, 0.47442683577537537, 0.4640158712863922, 0.9906299114227295, 0.1764184832572937, 1.4708788394927979, 0.8610727190971375, '00:25']
[34, 0.4807450473308563, 0.4609855115413666, 0.9907095432281494, 0.17551209032535553, 1.371888279914856, 0.866268515586853, '00:25']
[35, 0.47740471363067627, 0.46740520000457764, 0.9901331067085266, 0.18205785751342773, 1.6576710939407349, 0.8391228914260864, '00:23']
[36, 0.47166991233825684, 0.458891361951828, 0.990543782711029, 0.17657475173473358, 1.468359351158142, 0.853452742099762, '00:23']
[37, 0.48081105947494507, 0.4471287429332733, 0.9905595183372498, 0.1758871227502823, 1.4057399034500122, 0.8368284702301025, '00:24']
Better model found at epoch 37 with valid_loss value: 0.4471287429332733.
[38, 0.4761635661125183, 0.45231491327285767, 0.9904418587684631, 0.1765005737543106, 1.4539132118225098, 0.8375411629676819, '00:24']
[39, 0.4825335144996643, 0.45188185572624207, 0.9904626607894897, 0.17651864886283875, 1.3995640277862549, 0.8507158756256104, '00:23']
[40, 0.4778675138950348, 0.444750040769577, 0.9903608560562134, 0.17730481922626495, 1.4964632987976074, 0.8230769634246826, '00:25']
Better model found at epoch 40 with valid_loss value: 0.444750040769577.
[41, 0.4754152297973633, 0.46638140082359314, 0.9906997680664062, 0.1754576712846756, 1.350333333015442, 0.8664666414260864, '00:26']
[42, 0.47657671570777893, 0.451493501663208, 0.990519642829895, 0.17661935091018677, 1.4894109964370728, 0.8337544202804565, '00:24']
[43, 0.47516223788261414, 0.455232173204422, 0.9904024600982666, 0.17751121520996094, 1.4891778230667114, 0.841987669467926, '00:24']
[44, 0.473237007856369, 0.4441449046134949, 0.990387499332428, 0.17620480060577393, 1.4074177742004395, 0.817288875579834, '00:24']
Better model found at epoch 44 with valid_loss value: 0.4441449046134949.
[45, 0.4704926908016205, 0.45135200023651123, 0.9905955195426941, 0.1754172295331955, 1.3676788806915283, 0.8382266759872437, '00:26']
[46, 0.4823124408721924, 0.46598944067955017, 0.9901735186576843, 0.18100711703300476, 1.5977083444595337, 0.8354415893554688, '00:24']
[47, 0.47177985310554504, 0.45427075028419495, 0.9905391931533813, 0.17605067789554596, 1.4055932760238647, 0.8448697924613953, '00:24']
[48, 0.4702293276786804, 0.46100661158561707, 0.9905868172645569, 0.17536267638206482, 1.3339592218399048, 0.8516981601715088, '00:25']
[49, 0.47004133462905884, 0.46005377173423767, 0.9903485774993896, 0.17795704305171967, 1.48513662815094, 0.8429986834526062, '00:24']
[50, 0.47057366371154785, 0.4560019373893738, 0.990193247795105, 0.17840224504470825, 1.5113834142684937, 0.8261812925338745, '00:23']
[51, 0.47334638237953186, 0.4429493248462677, 0.9903975129127502, 0.17647768557071686, 1.4562106132507324, 0.8231928944587708, '00:24']
Better model found at epoch 51 with valid_loss value: 0.4429493248462677.
[52, 0.4610602557659149, 0.4741691052913666, 0.9901429414749146, 0.1810917854309082, 1.6131483316421509, 0.8331187963485718, '00:25']
[53, 0.4685787558555603, 0.44519996643066406, 0.9904005527496338, 0.17616327106952667, 1.4074598550796509, 0.8192459344863892, '00:25']
[54, 0.46751928329467773, 0.45197242498397827, 0.9905323386192322, 0.17548729479312897, 1.3506685495376587, 0.8384135365486145, '00:23']
[55, 0.46282583475112915, 0.472625195980072, 0.9907572269439697, 0.17629192769527435, 1.4201725721359253, 0.8727819323539734, '00:24']
[56, 0.45855334401130676, 0.45572924613952637, 0.9899554252624512, 0.18083049356937408, 1.6166510581970215, 0.8042795062065125, '00:25']
[57, 0.4621939957141876, 0.45457524061203003, 0.9900600910186768, 0.1802636682987213, 1.6151877641677856, 0.8133403062820435, '00:26']
[58, 0.46932315826416016, 0.4512142539024353, 0.9902827739715576, 0.17787586152553558, 1.508142113685608, 0.8307530879974365, '00:23']
[59, 0.4698440432548523, 0.4411468505859375, 0.9902216196060181, 0.17761951684951782, 1.4923310279846191, 0.8148033618927002, '00:25']
Better model found at epoch 59 with valid_loss value: 0.4411468505859375.
[60, 0.4690040051937103, 0.43804630637168884, 0.9903433322906494, 0.1759909838438034, 1.4015413522720337, 0.8156351447105408, '00:25']
Better model found at epoch 60 with valid_loss value: 0.43804630637168884.
[61, 0.46268272399902344, 0.4516147971153259, 0.9901437163352966, 0.17871129512786865, 1.5134433507919312, 0.8125736117362976, '00:24']
[62, 0.4638434946537018, 0.4654635787010193, 0.9899101257324219, 0.18331164121627808, 1.7040292024612427, 0.8136688470840454, '00:23']
[63, 0.46625789999961853, 0.43508073687553406, 0.9902761578559875, 0.17683155834674835, 1.4745670557022095, 0.8071886301040649, '00:25']
Better model found at epoch 63 with valid_loss value: 0.43508073687553406.
[64, 0.45906099677085876, 0.4398224651813507, 0.9902279376983643, 0.17718645930290222, 1.492497444152832, 0.7998353838920593, '00:28']
[65, 0.46092796325683594, 0.4482820928096771, 0.9902958869934082, 0.1768427938222885, 1.4494396448135376, 0.8205827474594116, '00:24']
[66, 0.4542452394962311, 0.4748730957508087, 0.989992082118988, 0.18375961482524872, 1.7034701108932495, 0.8154141902923584, '00:23']
[67, 0.46031633019447327, 0.4330650568008423, 0.9905194640159607, 0.17472095787525177, 1.307581901550293, 0.8075713515281677, '00:25']
Better model found at epoch 67 with valid_loss value: 0.4330650568008423.
[68, 0.46738964319229126, 0.42994505167007446, 0.9899079203605652, 0.17907629907131195, 1.5884273052215576, 0.7791377902030945, '00:26']
Better model found at epoch 68 with valid_loss value: 0.42994505167007446.
[69, 0.46048542857170105, 0.4340294301509857, 0.9905840158462524, 0.17412465810775757, 1.2074486017227173, 0.8013779520988464, '00:23']
[70, 0.45456212759017944, 0.4487234950065613, 0.9901866912841797, 0.17736698687076569, 1.4900989532470703, 0.8212037682533264, '00:24']
[71, 0.45524078607559204, 0.43911486864089966, 0.9903029203414917, 0.17605040967464447, 1.3844304084777832, 0.8054429292678833, '00:25']
[72, 0.4569909870624542, 0.4643215239048004, 0.9902773499488831, 0.17838402092456818, 1.4999406337738037, 0.839013934135437, '00:25']
[73, 0.4581157863140106, 0.4433564841747284, 0.9904536008834839, 0.17588229477405548, 1.4074312448501587, 0.8177780508995056, '00:23']
[74, 0.46022725105285645, 0.43609288334846497, 0.990364134311676, 0.1763605922460556, 1.4569053649902344, 0.8092191219329834, '00:25']
[75, 0.4539274573326111, 0.4435129165649414, 0.9902667999267578, 0.17735843360424042, 1.5068620443344116, 0.8088008761405945, '00:27']
[76, 0.45666104555130005, 0.4453725814819336, 0.9904040098190308, 0.1763930320739746, 1.4231865406036377, 0.8216979503631592, '00:24']
No improvement since epoch 68: early stopping
----------
3
----------
DLS create!
[0, 0.6223068237304688, 0.5544936656951904, 0.9911261796951294, 0.2056857794523239, 1.2565852403640747, 0.9952905774116516, '00:23']
Better model found at epoch 0 with valid_loss value: 0.5544936656951904.
[1, 0.5572793483734131, 0.526098906993866, 0.9910696148872375, 0.18571391701698303, 1.204578161239624, 0.9859095811843872, '00:26']
Better model found at epoch 1 with valid_loss value: 0.526098906993866.
[2, 0.5308389663696289, 0.511053204536438, 0.9910095930099487, 0.18037894368171692, 1.2071055173873901, 0.9718126654624939, '00:24']
Better model found at epoch 2 with valid_loss value: 0.511053204536438.
[3, 0.5184333324432373, 0.49685001373291016, 0.9908486008644104, 0.17945899069309235, 1.3175541162490845, 0.9456083178520203, '00:24']
Better model found at epoch 3 with valid_loss value: 0.49685001373291016.
[4, 0.5087578296661377, 0.4877212643623352, 0.990864634513855, 0.17684683203697205, 1.2986620664596558, 0.9311688542366028, '00:23']
Better model found at epoch 4 with valid_loss value: 0.4877212643623352.
[5, 0.5013791918754578, 0.4791412353515625, 0.9908300638198853, 0.17594873905181885, 1.313921570777893, 0.9111093282699585, '00:23']
Better model found at epoch 5 with valid_loss value: 0.4791412353515625.
[6, 0.497341126203537, 0.46420562267303467, 0.9904594421386719, 0.17844651639461517, 1.48726487159729, 0.8681739568710327, '00:23']
Better model found at epoch 6 with valid_loss value: 0.46420562267303467.
[7, 0.49688583612442017, 0.47579488158226013, 0.9907323718070984, 0.1767684668302536, 1.393625020980835, 0.8978433012962341, '00:23']
[8, 0.4941423237323761, 0.4754693806171417, 0.990602970123291, 0.17851956188678741, 1.4849406480789185, 0.8897101879119873, '00:23']
[9, 0.4928285479545593, 0.4808485209941864, 0.9909056425094604, 0.17468763887882233, 1.237913966178894, 0.9044000506401062, '00:23']
[10, 0.49351757764816284, 0.46316730976104736, 0.9903422594070435, 0.17968611419200897, 1.5647239685058594, 0.8552349805831909, '00:23']
Better model found at epoch 10 with valid_loss value: 0.46316730976104736.
[11, 0.4878652095794678, 0.47024857997894287, 0.9908297061920166, 0.17468808591365814, 1.2597999572753906, 0.8800051808357239, '00:23']
[12, 0.48953157663345337, 0.4757644534111023, 0.9904289245605469, 0.18014033138751984, 1.5697424411773682, 0.8738058805465698, '00:23']
[13, 0.4861353933811188, 0.457105815410614, 0.9903469085693359, 0.17906299233436584, 1.5586459636688232, 0.843152642250061, '00:23']
Better model found at epoch 13 with valid_loss value: 0.457105815410614.
[14, 0.49162742495536804, 0.4925467371940613, 0.9910138845443726, 0.1741507649421692, 1.149018406867981, 0.9234848022460938, '00:23']
[15, 0.48293110728263855, 0.46118098497390747, 0.9907499551773071, 0.17497235536575317, 1.2981191873550415, 0.8641485571861267, '00:23']
[16, 0.4904238283634186, 0.46445953845977783, 0.9905374646186829, 0.1773543655872345, 1.474366545677185, 0.8659515976905823, '00:23']
[17, 0.48728227615356445, 0.47510480880737305, 0.990808367729187, 0.17584647238254547, 1.3525224924087524, 0.8949543833732605, '00:23']
[18, 0.48954859375953674, 0.4639730453491211, 0.9906092882156372, 0.17673785984516144, 1.428957223892212, 0.8724623918533325, '00:23']
[19, 0.4892467260360718, 0.4677119553089142, 0.9908366799354553, 0.174691304564476, 1.2702405452728271, 0.8743895292282104, '00:23']
[20, 0.4889352321624756, 0.4758778214454651, 0.9907124042510986, 0.17727531492710114, 1.468288540840149, 0.8917128443717957, '00:23']
[21, 0.47908371686935425, 0.4803064465522766, 0.9904800653457642, 0.18004342913627625, 1.5879018306732178, 0.8759663701057434, '00:23']
No improvement since epoch 13: early stopping
----------
4
----------
DLS create!
[0, 0.6612781882286072, 0.5745802521705627, 0.9934012293815613, 0.2182943969964981, 1.2457293272018433, 0.9989305734634399, '00:23']
Better model found at epoch 0 with valid_loss value: 0.5745802521705627.
[1, 0.5741373896598816, 0.5260167717933655, 0.9933170080184937, 0.1891409009695053, 1.1616841554641724, 0.9880272150039673, '00:23']
Better model found at epoch 1 with valid_loss value: 0.5260167717933655.
[2, 0.5395041704177856, 0.5112435817718506, 0.9931361079216003, 0.18532352149486542, 1.3475311994552612, 0.961700439453125, '00:23']
Better model found at epoch 2 with valid_loss value: 0.5112435817718506.
[3, 0.5215855836868286, 0.5116328001022339, 0.9930476546287537, 0.18664266169071198, 1.4026366472244263, 0.9505391716957092, '00:23']
[4, 0.5118165612220764, 0.504142701625824, 0.9930389523506165, 0.18337371945381165, 1.4136441946029663, 0.9433285593986511, '00:23']
Better model found at epoch 4 with valid_loss value: 0.504142701625824.
[5, 0.5057432055473328, 0.48554691672325134, 0.9931278824806213, 0.17707078158855438, 1.3462660312652588, 0.9308140873908997, '00:23']
Better model found at epoch 5 with valid_loss value: 0.48554691672325134.
[6, 0.4998885989189148, 0.49270862340927124, 0.9932273030281067, 0.17587485909461975, 1.3039147853851318, 0.9481131434440613, '00:22']
[7, 0.4951150715351105, 0.4873709976673126, 0.9929368495941162, 0.18048016726970673, 1.6486021280288696, 0.9048240184783936, '00:23']
[8, 0.4963652491569519, 0.5013347864151001, 0.9932022094726562, 0.1767924427986145, 1.391289472579956, 0.9437510371208191, '00:23']
[9, 0.4937094449996948, 0.4930550158023834, 0.9928621053695679, 0.18312492966651917, 1.679916262626648, 0.9047024250030518, '00:23']
[10, 0.4908667802810669, 0.48730409145355225, 0.9931601285934448, 0.176207035779953, 1.4565895795822144, 0.9300209283828735, '00:23']
[11, 0.4887717366218567, 0.47958746552467346, 0.9929933547973633, 0.1783745288848877, 1.5848883390426636, 0.8995093703269958, '00:23']
Better model found at epoch 11 with valid_loss value: 0.47958746552467346.
[12, 0.487957239151001, 0.5506365895271301, 0.9926469326019287, 0.2012266367673874, 1.858195185661316, 0.9140614867210388, '00:23']
[13, 0.48838216066360474, 0.4724622368812561, 0.9930734038352966, 0.17553436756134033, 1.4098408222198486, 0.8952892422676086, '00:22']
Better model found at epoch 13 with valid_loss value: 0.4724622368812561.
[14, 0.4855486750602722, 0.4972190856933594, 0.993316650390625, 0.17385967075824738, 1.1282126903533936, 0.9467778205871582, '00:23']
[15, 0.481694757938385, 0.4829261004924774, 0.9930163025856018, 0.17728430032730103, 1.5608277320861816, 0.90316241979599, '00:23']
[16, 0.4788503646850586, 0.47803032398223877, 0.9932501912117004, 0.17393501102924347, 1.1832345724105835, 0.9040481448173523, '00:23']
[17, 0.4854297637939453, 0.4858502447605133, 0.9929950833320618, 0.17875882983207703, 1.6079704761505127, 0.9070618748664856, '00:23']
[18, 0.47677016258239746, 0.4712139964103699, 0.9930202960968018, 0.17676687240600586, 1.5074557065963745, 0.8933743238449097, '00:22']
Better model found at epoch 18 with valid_loss value: 0.4712139964103699.
[19, 0.4754776358604431, 0.467640221118927, 0.9930287003517151, 0.17596210539340973, 1.4596446752548218, 0.8833710551261902, '00:23']
Better model found at epoch 19 with valid_loss value: 0.467640221118927.
[20, 0.4790154993534088, 0.4646415710449219, 0.9930794835090637, 0.17523029446601868, 1.3800511360168457, 0.8857253193855286, '00:23']
Better model found at epoch 20 with valid_loss value: 0.4646415710449219.
[21, 0.47528406977653503, 0.46448495984077454, 0.993043839931488, 0.17562566697597504, 1.4403150081634521, 0.877321720123291, '00:23']
Better model found at epoch 21 with valid_loss value: 0.46448495984077454.
[22, 0.47356942296028137, 0.46960029006004333, 0.9927977323532104, 0.17924797534942627, 1.6379337310791016, 0.8640019297599792, '00:23']
[23, 0.4706391394138336, 0.4636997878551483, 0.9929392337799072, 0.17639200389385223, 1.498360276222229, 0.8713276982307434, '00:23']
Better model found at epoch 23 with valid_loss value: 0.4636997878551483.
[24, 0.463551789522171, 0.4510612487792969, 0.9929355978965759, 0.17575213313102722, 1.4533745050430298, 0.8502273559570312, '00:23']
Better model found at epoch 24 with valid_loss value: 0.4510612487792969.
[25, 0.46716001629829407, 0.5064825415611267, 0.9926307201385498, 0.18808907270431519, 1.7960833311080933, 0.8734130859375, '00:23']
[26, 0.46325618028640747, 0.46937477588653564, 0.9930682182312012, 0.17499639093875885, 1.3505011796951294, 0.8913657665252686, '00:23']
[27, 0.4718419313430786, 0.4721655547618866, 0.9928520917892456, 0.17858093976974487, 1.5830248594284058, 0.8699145913124084, '00:23']
[28, 0.46179699897766113, 0.9659305810928345, 0.9926868677139282, 0.22910301387310028, 1.9264709949493408, 0.9319394826889038, '00:23']
[29, 0.46519699692726135, 0.45680731534957886, 0.9930168986320496, 0.17512686550617218, 1.3668757677078247, 0.8634245991706848, '00:23']
[30, 0.46989989280700684, 0.5227606892585754, 0.9932080507278442, 0.18287293612957, 1.692559838294983, 0.944666862487793, '00:23']
[31, 0.46754416823387146, 0.4577716588973999, 0.992967963218689, 0.1761993020772934, 1.4807240962982178, 0.8660903573036194, '00:22']
[32, 0.4674190282821655, 0.45643094182014465, 0.9930174946784973, 0.1752895712852478, 1.3956706523895264, 0.8673327565193176, '00:23']
No improvement since epoch 24: early stopping
Unet Done!
