Models will save to Unet_res152_x
Use resnet152 encoder
Start training...
----------
0
----------
DLS create!
[0, 0.6240282654762268, 0.5623877644538879, 0.9927753806114197, 0.21024008095264435, 1.252766489982605, 0.9992570281028748, '00:25']
Better model found at epoch 0 with valid_loss value: 0.5623877644538879.
[1, 0.5605830550193787, 0.5245966911315918, 0.9927183985710144, 0.1870211511850357, 1.1295267343521118, 0.9914584755897522, '00:25']
Better model found at epoch 1 with valid_loss value: 0.5245966911315918.
[2, 0.5334591865539551, 0.5052156448364258, 0.9926137328147888, 0.17950983345508575, 1.215112328529358, 0.9686031937599182, '00:24']
Better model found at epoch 2 with valid_loss value: 0.5052156448364258.
[3, 0.519790530204773, 0.5230289697647095, 0.9927724003791809, 0.17627397179603577, 1.101823329925537, 0.9948359131813049, '00:25']
[4, 0.5109357237815857, 0.4920596480369568, 0.99249267578125, 0.1780422031879425, 1.3939833641052246, 0.9372377395629883, '00:24']
Better model found at epoch 4 with valid_loss value: 0.4920596480369568.
[5, 0.5041389465332031, 0.4841863512992859, 0.9924715161323547, 0.17692875862121582, 1.425990343093872, 0.9223275184631348, '00:24']
Better model found at epoch 5 with valid_loss value: 0.4841863512992859.
[6, 0.49751952290534973, 0.47587957978248596, 0.9924957156181335, 0.17527785897254944, 1.3327187299728394, 0.9072479009628296, '00:24']
Better model found at epoch 6 with valid_loss value: 0.47587957978248596.
[7, 0.4935753047466278, 0.48824355006217957, 0.9925521612167358, 0.17564445734024048, 1.4004629850387573, 0.9279159903526306, '00:25']
[8, 0.49083924293518066, 0.4736773371696472, 0.9924032092094421, 0.1763213574886322, 1.4626808166503906, 0.8948107361793518, '00:24']
Better model found at epoch 8 with valid_loss value: 0.4736773371696472.
[9, 0.48630473017692566, 0.48481613397598267, 0.9925912022590637, 0.1746216118335724, 1.2897297143936157, 0.9196522831916809, '00:25']
[10, 0.4916622042655945, 0.47333353757858276, 0.9923766255378723, 0.17694410681724548, 1.4806841611862183, 0.8936344385147095, '00:25']
Better model found at epoch 10 with valid_loss value: 0.47333353757858276.
[11, 0.487400621175766, 0.4690152108669281, 0.9924067258834839, 0.1755964159965515, 1.4164222478866577, 0.881282389163971, '00:25']
Better model found at epoch 11 with valid_loss value: 0.4690152108669281.
[12, 0.48141103982925415, 0.47490012645721436, 0.9925715923309326, 0.173968106508255, 1.208362102508545, 0.8910945653915405, '00:25']
[13, 0.4794507324695587, 0.47729289531707764, 0.992345929145813, 0.17749932408332825, 1.540594220161438, 0.894291341304779, '00:24']
[14, 0.47924795746803284, 0.46786874532699585, 0.9924309849739075, 0.17509742081165314, 1.354900598526001, 0.8892827033996582, '00:25']
Better model found at epoch 14 with valid_loss value: 0.46786874532699585.
[15, 0.47776681184768677, 0.47008654475212097, 0.9922475218772888, 0.1781071424484253, 1.5619572401046753, 0.8753694295883179, '00:24']
[16, 0.47753313183784485, 0.45911964774131775, 0.9923660159111023, 0.1751396656036377, 1.3674238920211792, 0.8698459267616272, '00:25']
Better model found at epoch 16 with valid_loss value: 0.45911964774131775.
[17, 0.4807092547416687, 0.4663603603839874, 0.9922349452972412, 0.17748413980007172, 1.5524516105651855, 0.8702946901321411, '00:24']
[18, 0.48541250824928284, 0.4720577597618103, 0.9923961758613586, 0.17649546265602112, 1.4791486263275146, 0.8889424800872803, '00:24']
[19, 0.47946134209632874, 0.4553912878036499, 0.9924110174179077, 0.1747705340385437, 1.3369784355163574, 0.8595841526985168, '00:25']
Better model found at epoch 19 with valid_loss value: 0.4553912878036499.
[20, 0.4765639901161194, 0.47935017943382263, 0.9920546412467957, 0.18129591643810272, 1.6798676252365112, 0.8656802177429199, '00:24']
[21, 0.4816093444824219, 0.47439244389533997, 0.9924444556236267, 0.17602156102657318, 1.4458980560302734, 0.896262526512146, '00:24']
[22, 0.4833950698375702, 0.4592876136302948, 0.9923160672187805, 0.17594781517982483, 1.4402308464050293, 0.866806149482727, '00:24']
[23, 0.4772006571292877, 0.4603448212146759, 0.9920873045921326, 0.17847266793251038, 1.5949472188949585, 0.8469083309173584, '00:25']
[24, 0.4629448652267456, 0.46355628967285156, 0.99228435754776, 0.17639169096946716, 1.493044137954712, 0.8654599189758301, '00:25']
[25, 0.471670925617218, 0.4689628779888153, 0.9921247363090515, 0.17856115102767944, 1.588726282119751, 0.8566718697547913, '00:24']
[26, 0.4673125445842743, 0.4480574429035187, 0.9922557473182678, 0.17534072697162628, 1.3980592489242554, 0.8388462066650391, '00:25']
Better model found at epoch 26 with valid_loss value: 0.4480574429035187.
[27, 0.4664958715438843, 0.46409615874290466, 0.9925135970115662, 0.1738651692867279, 1.1783124208450317, 0.8690030574798584, '00:25']
[28, 0.4683806002140045, 0.45718011260032654, 0.992338240146637, 0.17548002302646637, 1.4182713031768799, 0.8589030504226685, '00:24']
[29, 0.46498769521713257, 0.4458290934562683, 0.9922081828117371, 0.17573916912078857, 1.4386413097381592, 0.8331897258758545, '00:25']
Better model found at epoch 29 with valid_loss value: 0.4458290934562683.
[30, 0.46095865964889526, 0.45108500123023987, 0.9920873045921326, 0.1770414113998413, 1.528761863708496, 0.8306956887245178, '00:25']
[31, 0.4670669436454773, 0.4464617073535919, 0.9921953082084656, 0.17574158310890198, 1.448494791984558, 0.8383104205131531, '00:24']
[32, 0.47031012177467346, 0.44940894842147827, 0.9923437833786011, 0.17471736669540405, 1.337039828300476, 0.843960702419281, '00:24']
[33, 0.4693671464920044, 0.45136675238609314, 0.992158055305481, 0.17641600966453552, 1.4891082048416138, 0.8396772146224976, '00:24']
[34, 0.45846930146217346, 0.46716487407684326, 0.992161750793457, 0.17789535224437714, 1.5711418390274048, 0.8666800856590271, '00:24']
[35, 0.45746317505836487, 0.45528101921081543, 0.9922708868980408, 0.17530062794685364, 1.3998737335205078, 0.8550754189491272, '00:25']
[36, 0.4650660753250122, 0.4623323380947113, 0.9924408197402954, 0.1745566725730896, 1.3152974843978882, 0.8654017448425293, '00:25']
[37, 0.45735135674476624, 0.45424485206604004, 0.9921582937240601, 0.17688320577144623, 1.5274149179458618, 0.8405572175979614, '00:25']
No improvement since epoch 29: early stopping
----------
1
----------
DLS create!
[0, 0.5785729885101318, 0.5357310771942139, 0.9877825975418091, 0.18929991126060486, 1.1401487588882446, 0.9986739754676819, '00:26']
Better model found at epoch 0 with valid_loss value: 0.5357310771942139.
[1, 0.5374817252159119, 0.5253828167915344, 0.9877769947052002, 0.1778493970632553, 1.0578709840774536, 0.9955442547798157, '00:26']
Better model found at epoch 1 with valid_loss value: 0.5253828167915344.
[2, 0.5240694880485535, 0.5189772248268127, 0.9877046942710876, 0.17767475545406342, 1.098313331604004, 0.9845598340034485, '00:26']
Better model found at epoch 2 with valid_loss value: 0.5189772248268127.
[3, 0.5129054188728333, 0.5005881190299988, 0.987189769744873, 0.1817130744457245, 1.390058994293213, 0.9285016059875488, '00:26']
Better model found at epoch 3 with valid_loss value: 0.5005881190299988.
[4, 0.5045166611671448, 0.4911971092224121, 0.9871301054954529, 0.17972134053707123, 1.462005853652954, 0.9084312915802002, '00:27']
Better model found at epoch 4 with valid_loss value: 0.4911971092224121.
[5, 0.49823808670043945, 0.5109502077102661, 0.9875015616416931, 0.1771201491355896, 1.3905301094055176, 0.9435203671455383, '00:27']
[6, 0.49488866329193115, 0.4970270097255707, 0.9873981475830078, 0.17534680664539337, 1.3273000717163086, 0.9130203127861023, '00:27']
[7, 0.4925052523612976, 0.5081210136413574, 0.9875921010971069, 0.1739022582769394, 1.1067492961883545, 0.9294237494468689, '00:26']
[8, 0.49034786224365234, 0.5045592188835144, 0.9875662326812744, 0.1740594208240509, 1.1537883281707764, 0.9219303727149963, '00:28']
[9, 0.48478686809539795, 0.48423057794570923, 0.9868155121803284, 0.18009383976459503, 1.5959386825561523, 0.8597484230995178, '00:27']
Better model found at epoch 9 with valid_loss value: 0.48423057794570923.
[10, 0.48644039034843445, 0.5155490040779114, 0.9866145849227905, 0.1891000121831894, 1.7295652627944946, 0.8816743493080139, '00:28']
[11, 0.4846678674221039, 0.4802488386631012, 0.9873607754707336, 0.1744021475315094, 1.2450792789459229, 0.8741853833198547, '00:27']
Better model found at epoch 11 with valid_loss value: 0.4802488386631012.
[12, 0.47557371854782104, 0.5201292037963867, 0.9876311421394348, 0.17363597452640533, 1.0817484855651855, 0.9354849457740784, '00:28']
[13, 0.4753616452217102, 0.4716279208660126, 0.9872322678565979, 0.17453715205192566, 1.2783255577087402, 0.850904107093811, '00:26']
Better model found at epoch 13 with valid_loss value: 0.4716279208660126.
[14, 0.4830152988433838, 0.5184428095817566, 0.9868565201759338, 0.1878012865781784, 1.703741431236267, 0.9022054672241211, '00:26']
[15, 0.47733503580093384, 0.4748351275920868, 0.9872514605522156, 0.1746719479560852, 1.2771471738815308, 0.8612464666366577, '00:26']
[16, 0.4810642600059509, 0.5174482464790344, 0.9875981211662292, 0.17411579191684723, 1.1849641799926758, 0.9317301511764526, '00:26']
[17, 0.4794526994228363, 0.47049614787101746, 0.9870697259902954, 0.17617666721343994, 1.4233083724975586, 0.8562259078025818, '00:26']
Better model found at epoch 17 with valid_loss value: 0.47049614787101746.
[18, 0.4764772355556488, 0.5088810920715332, 0.9870753288269043, 0.18076179921627045, 1.5583176612854004, 0.9020264744758606, '00:26']
[19, 0.475627064704895, 0.46517303586006165, 0.9869405627250671, 0.17640791833400726, 1.4404864311218262, 0.8310892581939697, '00:27']
Better model found at epoch 19 with valid_loss value: 0.46517303586006165.
[20, 0.47557127475738525, 0.46107518672943115, 0.9871184825897217, 0.174775630235672, 1.2828561067581177, 0.8327853083610535, '00:26']
Better model found at epoch 20 with valid_loss value: 0.46107518672943115.
[21, 0.4709353446960449, 0.4665871560573578, 0.9867659211158752, 0.17809981107711792, 1.5376665592193604, 0.8272173404693604, '00:26']
[22, 0.46641504764556885, 0.4544075131416321, 0.9870724678039551, 0.17479929327964783, 1.2960668802261353, 0.8171452879905701, '00:27']
Better model found at epoch 22 with valid_loss value: 0.4544075131416321.
[23, 0.4710739850997925, 0.4506276547908783, 0.9868382215499878, 0.17636115849018097, 1.4304701089859009, 0.8178637623786926, '00:27']
Better model found at epoch 23 with valid_loss value: 0.4506276547908783.
[24, 0.4653394818305969, 0.47090309858322144, 0.9873102903366089, 0.17392393946647644, 1.1958675384521484, 0.8333081603050232, '00:29']
[25, 0.46550390124320984, 0.48299482464790344, 0.9874258637428284, 0.1737605184316635, 1.1327675580978394, 0.8591052889823914, '00:30']
[26, 0.46349596977233887, 0.47212475538253784, 0.98671954870224, 0.1787007749080658, 1.548789620399475, 0.8321497440338135, '00:28']
[27, 0.461611807346344, 0.4550209045410156, 0.9866837859153748, 0.17804372310638428, 1.5267623662948608, 0.8052647709846497, '00:26']
[28, 0.46639683842658997, 0.4641837775707245, 0.9869866967201233, 0.17601217329502106, 1.421140193939209, 0.8371515274047852, '00:26']
[29, 0.46477341651916504, 0.44857412576675415, 0.9869892597198486, 0.17506302893161774, 1.3468446731567383, 0.8016913533210754, '00:26']
Better model found at epoch 29 with valid_loss value: 0.44857412576675415.
[30, 0.4608937203884125, 0.4582148492336273, 0.9868295192718506, 0.17677775025367737, 1.4710756540298462, 0.8197391629219055, '00:26']
[31, 0.4599422216415405, 0.47464749217033386, 0.9864205718040466, 0.18150046467781067, 1.6363893747329712, 0.8107423782348633, '00:26']
[32, 0.4563739001750946, 0.4604237377643585, 0.9870636463165283, 0.17477726936340332, 1.2648109197616577, 0.8222023248672485, '00:26']
[33, 0.4618305265903473, 0.4579687714576721, 0.9866223931312561, 0.17825807631015778, 1.5332249402999878, 0.8062570095062256, '00:26']
[34, 0.46354180574417114, 0.46296778321266174, 0.9867168068885803, 0.17826449871063232, 1.5432167053222656, 0.8185677528381348, '00:26']
[35, 0.4577614665031433, 0.44902926683425903, 0.9866173267364502, 0.1777011603116989, 1.517716884613037, 0.7910374402999878, '00:28']
[36, 0.4604249596595764, 0.453697144985199, 0.9870513677597046, 0.17488855123519897, 1.3053241968154907, 0.8127099275588989, '00:27']
[37, 0.4531649053096771, 0.46048641204833984, 0.9871082901954651, 0.17499575018882751, 1.3197063207626343, 0.8216844201087952, '00:26']
No improvement since epoch 29: early stopping
----------
2
----------
DLS create!
[0, 0.5714276432991028, 0.531578779220581, 0.9814980030059814, 0.18999165296554565, 1.1861239671707153, 0.9943511486053467, '00:27']
Better model found at epoch 0 with valid_loss value: 0.531578779220581.
[1, 0.5354987382888794, 0.5146456360816956, 0.9814449548721313, 0.180321604013443, 1.1190370321273804, 0.9840400218963623, '00:27']
Better model found at epoch 1 with valid_loss value: 0.5146456360816956.
[2, 0.5219542980194092, 0.517736554145813, 0.9814964532852173, 0.17752739787101746, 1.1129610538482666, 0.9881848692893982, '00:26']
[3, 0.5106342434883118, 0.49323147535324097, 0.980803906917572, 0.18467342853546143, 1.57051682472229, 0.9065917134284973, '00:25']
Better model found at epoch 3 with valid_loss value: 0.49323147535324097.
[4, 0.5025218725204468, 0.48364725708961487, 0.981145977973938, 0.17680881917476654, 1.3814860582351685, 0.9125140905380249, '00:27']
Better model found at epoch 4 with valid_loss value: 0.48364725708961487.
[5, 0.5016840100288391, 0.47263193130493164, 0.9807520508766174, 0.18041440844535828, 1.5712597370147705, 0.871428370475769, '00:29']
Better model found at epoch 5 with valid_loss value: 0.47263193130493164.
[6, 0.4996422529220581, 0.5080243349075317, 0.9814507365226746, 0.1742399036884308, 1.127548098564148, 0.9576444625854492, '00:26']
[7, 0.4978679120540619, 0.48715877532958984, 0.9812606573104858, 0.17520040273666382, 1.2706505060195923, 0.9179804921150208, '00:26']
[8, 0.4921141266822815, 0.4830530285835266, 0.9812246561050415, 0.17517498135566711, 1.3121209144592285, 0.9019901752471924, '00:25']
[9, 0.4867817163467407, 0.46526065468788147, 0.9810383915901184, 0.17588649690151215, 1.3698724508285522, 0.8729089498519897, '00:26']
Better model found at epoch 9 with valid_loss value: 0.46526065468788147.
[10, 0.48249030113220215, 0.4705869257450104, 0.9810771942138672, 0.17592065036296844, 1.3928922414779663, 0.876108705997467, '00:25']
[11, 0.48485052585601807, 0.45346903800964355, 0.9808648228645325, 0.17664067447185516, 1.4294971227645874, 0.8489280939102173, '00:25']
Better model found at epoch 11 with valid_loss value: 0.45346903800964355.
[12, 0.48926234245300293, 0.4615010619163513, 0.9809750914573669, 0.17621491849422455, 1.4078938961029053, 0.8624711036682129, '00:25']
[13, 0.48761019110679626, 0.45256945490837097, 0.9808305501937866, 0.176815003156662, 1.4525095224380493, 0.8404659032821655, '00:25']
Better model found at epoch 13 with valid_loss value: 0.45256945490837097.
[14, 0.4876258671283722, 0.4660319685935974, 0.9809308052062988, 0.17724493145942688, 1.4370181560516357, 0.8730815052986145, '00:25']
[15, 0.47949016094207764, 0.4848235547542572, 0.981269896030426, 0.17421948909759521, 1.2003172636032104, 0.8946906924247742, '00:25']
[16, 0.4767643213272095, 0.4457024037837982, 0.9809616804122925, 0.17502522468566895, 1.3254923820495605, 0.8228920102119446, '00:25']
Better model found at epoch 16 with valid_loss value: 0.4457024037837982.
[17, 0.4775049388408661, 0.4493281841278076, 0.9809418320655823, 0.17535963654518127, 1.3533328771591187, 0.8339533805847168, '00:25']
[18, 0.4753535985946655, 0.43903979659080505, 0.9806278347969055, 0.17715443670749664, 1.4849518537521362, 0.8047375082969666, '00:25']
Better model found at epoch 18 with valid_loss value: 0.43903979659080505.
[19, 0.47838732600212097, 0.4518433213233948, 0.9807435274124146, 0.17733076214790344, 1.496359944343567, 0.8287246227264404, '00:25']
[20, 0.4742130935192108, 0.4927893877029419, 0.9813029170036316, 0.17372772097587585, 1.1052660942077637, 0.8934465646743774, '00:25']
[21, 0.4789324998855591, 0.45348379015922546, 0.9806172847747803, 0.17876648902893066, 1.5542032718658447, 0.8241352438926697, '00:26']
[22, 0.48031094670295715, 0.45505470037460327, 0.9810560345649719, 0.17475271224975586, 1.2796050310134888, 0.8443557620048523, '00:25']
[23, 0.4737768769264221, 0.4593498110771179, 0.9811582565307617, 0.17403706908226013, 1.1786104440689087, 0.8424392938613892, '00:24']
[24, 0.47468072175979614, 0.44253265857696533, 0.9806342720985413, 0.1774316281080246, 1.5011718273162842, 0.8094866275787354, '00:25']
[25, 0.4781642258167267, 0.442330539226532, 0.9808754920959473, 0.1754622459411621, 1.3595499992370605, 0.8207689523696899, '00:25']
[26, 0.46835270524024963, 0.4343138337135315, 0.980858325958252, 0.17512992024421692, 1.3309674263000488, 0.8006656169891357, '00:25']
Better model found at epoch 26 with valid_loss value: 0.4343138337135315.
[27, 0.47216910123825073, 0.462385892868042, 0.9811602830886841, 0.17443205416202545, 1.2268004417419434, 0.8567943572998047, '00:25']
[28, 0.4637558162212372, 0.4534931480884552, 0.9811244010925293, 0.17396314442157745, 1.1597260236740112, 0.8285737633705139, '00:24']
[29, 0.4636457562446594, 0.43175867199897766, 0.9806373119354248, 0.17676886916160583, 1.4610841274261475, 0.7914943099021912, '00:25']
Better model found at epoch 29 with valid_loss value: 0.43175867199897766.
[30, 0.4670732617378235, 0.43773841857910156, 0.9807846546173096, 0.1759696900844574, 1.4022961854934692, 0.8104570508003235, '00:25']
[31, 0.46760767698287964, 0.44603341817855835, 0.980502724647522, 0.17879852652549744, 1.5576035976409912, 0.8081271648406982, '00:24']
[32, 0.4693165421485901, 0.4341672956943512, 0.9808868169784546, 0.17467951774597168, 1.291178822517395, 0.799131453037262, '00:25']
[33, 0.47213244438171387, 0.4306262135505676, 0.9807370901107788, 0.17572619020938873, 1.387600302696228, 0.7974129319190979, '00:25']
Better model found at epoch 33 with valid_loss value: 0.4306262135505676.
[34, 0.4626932740211487, 0.42742204666137695, 0.9808698892593384, 0.1745544672012329, 1.2756725549697876, 0.7852264642715454, '00:25']
Better model found at epoch 34 with valid_loss value: 0.42742204666137695.
[35, 0.4605199992656708, 0.4209521412849426, 0.9806636571884155, 0.1758667677640915, 1.4070273637771606, 0.7726800441741943, '00:25']
Better model found at epoch 35 with valid_loss value: 0.4209521412849426.
[36, 0.4664810299873352, 0.4432945251464844, 0.9806588292121887, 0.1774190366268158, 1.4603989124298096, 0.8084192872047424, '00:25']
[37, 0.464765340089798, 0.41397401690483093, 0.9807343482971191, 0.1746901273727417, 1.2891982793807983, 0.757416307926178, '00:25']
Better model found at epoch 37 with valid_loss value: 0.41397401690483093.
[38, 0.46494171023368835, 0.4408420920372009, 0.980686604976654, 0.17665107548236847, 1.4646438360214233, 0.8024590611457825, '00:25']
[39, 0.47287702560424805, 0.42332348227500916, 0.9806777834892273, 0.17577119171619415, 1.3941346406936646, 0.7800009846687317, '00:25']
[40, 0.47213348746299744, 0.4371882677078247, 0.9806612133979797, 0.17677916586399078, 1.4688767194747925, 0.7979983687400818, '00:25']
[41, 0.46421492099761963, 0.4348495602607727, 0.9805642366409302, 0.17721223831176758, 1.490336298942566, 0.7987281680107117, '00:25']
[42, 0.4631372094154358, 0.4402998387813568, 0.9804143309593201, 0.179183691740036, 1.5620983839035034, 0.7949610352516174, '00:25']
[43, 0.46394532918930054, 0.4349820613861084, 0.9807401895523071, 0.17559003829956055, 1.355711579322815, 0.7998979091644287, '00:25']
[44, 0.4527616500854492, 0.427964448928833, 0.9804871678352356, 0.17663219571113586, 1.4418622255325317, 0.7731307744979858, '00:25']
[45, 0.4610513150691986, 0.4324653744697571, 0.9809418320655823, 0.17420001327991486, 1.2116717100143433, 0.7892040014266968, '00:25']
No improvement since epoch 37: early stopping
----------
3
----------
DLS create!
[0, 0.5598641633987427, 0.5267206430435181, 0.9929026961326599, 0.18663904070854187, 1.1396853923797607, 0.9968748092651367, '00:25']
Better model found at epoch 0 with valid_loss value: 0.5267206430435181.
[1, 0.5292465686798096, 0.5104208588600159, 0.9928358197212219, 0.1785796582698822, 1.1288641691207886, 0.9829843044281006, '00:25']
Better model found at epoch 1 with valid_loss value: 0.5104208588600159.
[2, 0.5164291262626648, 0.5072455406188965, 0.9927444458007812, 0.17977122962474823, 1.2756421566009521, 0.9699783325195312, '00:24']
Better model found at epoch 2 with valid_loss value: 0.5072455406188965.
[3, 0.5102534294128418, 0.5022199749946594, 0.9928047060966492, 0.17551156878471375, 1.2037819623947144, 0.9675067663192749, '00:25']
Better model found at epoch 3 with valid_loss value: 0.5022199749946594.
[4, 0.5037619471549988, 0.5411164164543152, 0.9923751950263977, 0.2029002457857132, 1.4663435220718384, 0.9472095370292664, '00:25']
[5, 0.5025299787521362, 0.48439615964889526, 0.9926161170005798, 0.17634674906730652, 1.3091797828674316, 0.9270773530006409, '00:25']
Better model found at epoch 5 with valid_loss value: 0.48439615964889526.
[6, 0.497136652469635, 0.4856957197189331, 0.9926544427871704, 0.17534269392490387, 1.3002432584762573, 0.9275867342948914, '00:25']
[7, 0.49731436371803284, 0.4857994318008423, 0.9924142360687256, 0.17981655895709991, 1.4045089483261108, 0.9111271500587463, '00:25']
[8, 0.49579131603240967, 0.4796218276023865, 0.9925429821014404, 0.17628754675388336, 1.3478490114212036, 0.9130423069000244, '00:24']
Better model found at epoch 8 with valid_loss value: 0.4796218276023865.
[9, 0.49759939312934875, 0.4844639301300049, 0.9926593899726868, 0.17518022656440735, 1.2829056978225708, 0.9269980192184448, '00:24']
[10, 0.49353283643722534, 0.48050421476364136, 0.9925187230110168, 0.17677433788776398, 1.366434931755066, 0.9134172201156616, '00:25']
[11, 0.4945112466812134, 0.47891610860824585, 0.9924816489219666, 0.17733891308307648, 1.3760379552841187, 0.9104346036911011, '00:25']
Better model found at epoch 11 with valid_loss value: 0.47891610860824585.
[12, 0.491848349571228, 0.48356711864471436, 0.9926567077636719, 0.1752205640077591, 1.2891732454299927, 0.9211710691452026, '00:25']
[13, 0.48601797223091125, 0.4701780378818512, 0.9925609230995178, 0.17493568360805511, 1.3220628499984741, 0.8948211073875427, '00:24']
Better model found at epoch 13 with valid_loss value: 0.4701780378818512.
[14, 0.48728039860725403, 0.47680333256721497, 0.9927030205726624, 0.17432063817977905, 1.257177472114563, 0.9054079055786133, '00:25']
[15, 0.4818001389503479, 0.46042466163635254, 0.992378294467926, 0.17657971382141113, 1.5252310037612915, 0.8623106479644775, '00:25']
Better model found at epoch 15 with valid_loss value: 0.46042466163635254.
[16, 0.47619494795799255, 0.45868635177612305, 0.9924742579460144, 0.17523905634880066, 1.4276046752929688, 0.8625292181968689, '00:25']
Better model found at epoch 16 with valid_loss value: 0.45868635177612305.
[17, 0.47505250573158264, 0.49398401379585266, 0.9923959970474243, 0.1811659187078476, 1.6725645065307617, 0.907988965511322, '00:25']
[18, 0.47478923201560974, 0.4883403182029724, 0.9922091960906982, 0.18240372836589813, 1.7202590703964233, 0.8744629621505737, '00:25']
[19, 0.47989749908447266, 0.4558757543563843, 0.9923839569091797, 0.17605462670326233, 1.4617096185684204, 0.8585301041603088, '00:24']
Better model found at epoch 19 with valid_loss value: 0.4558757543563843.
[20, 0.47716137766838074, 0.46818235516548157, 0.9922468066215515, 0.17901559174060822, 1.6371212005615234, 0.8562192916870117, '00:25']
[21, 0.4756999611854553, 0.46905091404914856, 0.9920435547828674, 0.18087443709373474, 1.6961168050765991, 0.8400775194168091, '00:25']
[22, 0.4721319377422333, 0.4675220251083374, 0.9926331043243408, 0.1739964783191681, 1.2266398668289185, 0.8779866695404053, '00:25']
[23, 0.4797820746898651, 0.45246291160583496, 0.9921174645423889, 0.17799720168113708, 1.5955768823623657, 0.8362096548080444, '00:24']
Better model found at epoch 23 with valid_loss value: 0.45246291160583496.
[24, 0.4735393822193146, 0.45720982551574707, 0.9920750260353088, 0.1786767691373825, 1.6345854997634888, 0.8314009308815002, '00:24']
[25, 0.4726995527744293, 0.4479667842388153, 0.9922785758972168, 0.17578920722007751, 1.4790326356887817, 0.8407999873161316, '00:25']
Better model found at epoch 25 with valid_loss value: 0.4479667842388153.
[26, 0.46998101472854614, 0.4675947427749634, 0.9926401972770691, 0.17406445741653442, 1.2486342191696167, 0.8794395923614502, '00:25']
[27, 0.4741894602775574, 0.44662782549858093, 0.9923841953277588, 0.17532029747962952, 1.4386752843856812, 0.8362764120101929, '00:25']
Better model found at epoch 27 with valid_loss value: 0.44662782549858093.
[28, 0.47215840220451355, 0.4542742669582367, 0.9921916127204895, 0.17725804448127747, 1.5830167531967163, 0.8383252024650574, '00:24']
[29, 0.46937131881713867, 0.47717908024787903, 0.9925649762153625, 0.17583753168582916, 1.4511581659317017, 0.8932163119316101, '00:25']
[30, 0.4678749144077301, 0.4504108726978302, 0.9923293590545654, 0.17644254863262177, 1.528971791267395, 0.8371721506118774, '00:25']
[31, 0.4724328815937042, 0.4604036211967468, 0.9926252961158752, 0.1739702820777893, 1.2415310144424438, 0.8587653636932373, '00:25']
[32, 0.4764333665370941, 0.45310598611831665, 0.9920862317085266, 0.17895743250846863, 1.6218101978302002, 0.8305876851081848, '00:24']
[33, 0.473651647567749, 0.4596395492553711, 0.9922108054161072, 0.17841388285160065, 1.6232208013534546, 0.8396117091178894, '00:25']
[34, 0.46529704332351685, 0.46910205483436584, 0.9925810098648071, 0.17452126741409302, 1.330459475517273, 0.880672812461853, '00:25']
[35, 0.47113075852394104, 0.4511708617210388, 0.9923881888389587, 0.17566299438476562, 1.4607470035552979, 0.8478043675422668, '00:25']
No improvement since epoch 27: early stopping
----------
4
----------
DLS create!
[0, 0.7120787501335144, 0.5879273414611816, 0.9930552840232849, 0.22410055994987488, 1.3343045711517334, 0.9998180866241455, '00:25']
Better model found at epoch 0 with valid_loss value: 0.5879273414611816.
[1, 0.5948911309242249, 0.5419844388961792, 0.9930237531661987, 0.18699496984481812, 1.1806727647781372, 0.9950989484786987, '00:25']
Better model found at epoch 1 with valid_loss value: 0.5419844388961792.
[2, 0.5476112961769104, 0.5192078948020935, 0.992914617061615, 0.18113400042057037, 1.3072149753570557, 0.9760009050369263, '00:25']
Better model found at epoch 2 with valid_loss value: 0.5192078948020935.
[3, 0.5251573920249939, 0.49883028864860535, 0.9927319884300232, 0.1812649965286255, 1.4694257974624634, 0.9433783292770386, '00:25']
Better model found at epoch 3 with valid_loss value: 0.49883028864860535.
[4, 0.5064233541488647, 0.49901971220970154, 0.9926050305366516, 0.1836618036031723, 1.6475859880447388, 0.92336505651474, '00:24']
[5, 0.5051667094230652, 0.49225544929504395, 0.9925936460494995, 0.18164771795272827, 1.5539151430130005, 0.9192535877227783, '00:25']
Better model found at epoch 5 with valid_loss value: 0.49225544929504395.
[6, 0.49403464794158936, 0.5111662745475769, 0.9928744435310364, 0.17565226554870605, 1.3800243139266968, 0.9300745129585266, '00:25']
[7, 0.4898253083229065, 0.4763150215148926, 0.9926846623420715, 0.17690785229206085, 1.4810609817504883, 0.9015054106712341, '00:25']
Better model found at epoch 7 with valid_loss value: 0.4763150215148926.
[8, 0.4894729554653168, 0.4747806489467621, 0.9926566481590271, 0.17695008218288422, 1.4740899801254272, 0.897011399269104, '00:25']
Better model found at epoch 8 with valid_loss value: 0.4747806489467621.
[9, 0.4846193492412567, 0.4765877425670624, 0.9927567839622498, 0.1758873015642166, 1.4099973440170288, 0.9075204730033875, '00:25']
[10, 0.48241451382637024, 0.474250853061676, 0.9926246404647827, 0.17734239995479584, 1.5188349485397339, 0.8877755999565125, '00:25']
Better model found at epoch 10 with valid_loss value: 0.474250853061676.
[11, 0.4795510172843933, 0.47704142332077026, 0.9927563071250916, 0.1755058616399765, 1.4154776334762573, 0.9000105857849121, '00:25']
[12, 0.48209699988365173, 0.4768504500389099, 0.9927998781204224, 0.17501048743724823, 1.3551629781723022, 0.9040064811706543, '00:24']
[13, 0.47843819856643677, 0.468429833650589, 0.9925370216369629, 0.17797496914863586, 1.5602662563323975, 0.8719358444213867, '00:25']
Better model found at epoch 13 with valid_loss value: 0.468429833650589.
[14, 0.4810501039028168, 0.4691196382045746, 0.9926174283027649, 0.17664887011051178, 1.4943346977233887, 0.8793367147445679, '00:25']
[15, 0.4707074463367462, 0.4628364145755768, 0.9926967024803162, 0.1752053052186966, 1.3844987154006958, 0.8705715537071228, '00:25']
Better model found at epoch 15 with valid_loss value: 0.4628364145755768.
[16, 0.4727075397968292, 0.4676884412765503, 0.9925419092178345, 0.17759062349796295, 1.5529025793075562, 0.8648917078971863, '00:25']
[17, 0.46926411986351013, 0.48514196276664734, 0.9928133487701416, 0.17519961297512054, 1.391581416130066, 0.908775806427002, '00:25']
[18, 0.4763014316558838, 0.46681126952171326, 0.992735743522644, 0.175083190202713, 1.3567849397659302, 0.8838816285133362, '00:25']
[19, 0.4691821336746216, 0.4703483581542969, 0.9928011298179626, 0.17437292635440826, 1.2842400074005127, 0.880508303642273, '00:25']
[20, 0.46789368987083435, 0.4589235186576843, 0.9925750494003296, 0.17608967423439026, 1.4654350280761719, 0.8563587069511414, '00:25']
Better model found at epoch 20 with valid_loss value: 0.4589235186576843.
[21, 0.4736018180847168, 0.49446526169776917, 0.992466390132904, 0.18175172805786133, 1.6899168491363525, 0.8873749375343323, '00:25']
[22, 0.47246700525283813, 0.4584289789199829, 0.9925153851509094, 0.1769670993089676, 1.5176441669464111, 0.8550615906715393, '00:25']
Better model found at epoch 22 with valid_loss value: 0.4584289789199829.
[23, 0.4732171297073364, 0.5207209587097168, 0.9921967387199402, 0.19132019579410553, 1.8157436847686768, 0.8805397152900696, '00:25']
[24, 0.47167524695396423, 0.47131526470184326, 0.9926489591598511, 0.17615829408168793, 1.4677189588546753, 0.8832385540008545, '00:25']
[25, 0.4635366201400757, 0.44302642345428467, 0.9925322532653809, 0.17550240457057953, 1.4317094087600708, 0.8236507177352905, '00:25']
Better model found at epoch 25 with valid_loss value: 0.44302642345428467.
[26, 0.45896947383880615, 0.4493337571620941, 0.9924055337905884, 0.17727738618850708, 1.5397138595581055, 0.8288854360580444, '00:25']
[27, 0.4572735130786896, 0.48351240158081055, 0.9926122426986694, 0.17803362011909485, 1.5728398561477661, 0.8889201283454895, '00:25']
[28, 0.46383142471313477, 0.456717312335968, 0.9924732446670532, 0.17685672640800476, 1.5087746381759644, 0.8485531806945801, '00:25']
[29, 0.4586363732814789, 0.4673522412776947, 0.9927648305892944, 0.17445318400859833, 1.305544137954712, 0.8709450960159302, '00:25']
[30, 0.45116111636161804, 0.47925010323524475, 0.9925960302352905, 0.17689312994480133, 1.485612392425537, 0.8824077248573303, '00:25']
[31, 0.4632743000984192, 0.46112146973609924, 0.9926089644432068, 0.17575590312480927, 1.4332478046417236, 0.8669989109039307, '00:25']
[32, 0.46017470955848694, 0.4543558359146118, 0.9925549030303955, 0.17547880113124847, 1.411073923110962, 0.8463523387908936, '00:25']
[33, 0.4544569253921509, 0.4576204717159271, 0.992647647857666, 0.1755462884902954, 1.4177249670028687, 0.852576732635498, '00:25']
No improvement since epoch 25: early stopping
Unet Done!
