Models will save to Unet++_mobs4_x
Use mobileone_s4 encoder
Start training...
----------
0
----------
DLS create!
[0, 0.596113920211792, 0.549143373966217, 0.9944431185722351, 0.20276351273059845, 1.2362616062164307, 0.9955987930297852, '00:35']
Better model found at epoch 0 with valid_loss value: 0.549143373966217.
[1, 0.5510223507881165, 0.5227624177932739, 0.994455873966217, 0.18262989819049835, 1.1323919296264648, 0.9942589998245239, '00:34']
Better model found at epoch 1 with valid_loss value: 0.5227624177932739.
[2, 0.5307663083076477, 0.5113872289657593, 0.9944534301757812, 0.1780286431312561, 1.139832615852356, 0.9913246035575867, '00:34']
Better model found at epoch 2 with valid_loss value: 0.5113872289657593.
[3, 0.5183948278427124, 0.5023241639137268, 0.9943404197692871, 0.1783873587846756, 1.328779935836792, 0.9676601886749268, '00:34']
Better model found at epoch 3 with valid_loss value: 0.5023241639137268.
[4, 0.507802426815033, 0.4948138892650604, 0.9943069815635681, 0.1770414561033249, 1.3695544004440308, 0.9532225728034973, '00:34']
Better model found at epoch 4 with valid_loss value: 0.4948138892650604.
[5, 0.5026601552963257, 0.4957291781902313, 0.9943457245826721, 0.17588889598846436, 1.4037196636199951, 0.9547696709632874, '00:34']
[6, 0.497138112783432, 0.48402899503707886, 0.994209349155426, 0.17709434032440186, 1.5454779863357544, 0.9241310358047485, '00:35']
Better model found at epoch 6 with valid_loss value: 0.48402899503707886.
[7, 0.4893399178981781, 0.4882759749889374, 0.9942967891693115, 0.1756671816110611, 1.4514544010162354, 0.9362600445747375, '00:34']
[8, 0.4894758462905884, 0.48279276490211487, 0.9942694902420044, 0.17559997737407684, 1.4303268194198608, 0.9277955889701843, '00:34']
Better model found at epoch 8 with valid_loss value: 0.48279276490211487.
[9, 0.4910777509212494, 0.5068258047103882, 0.993897557258606, 0.185747891664505, 1.7940500974655151, 0.9040099382400513, '00:34']
[10, 0.4906141459941864, 0.49308452010154724, 0.9939851760864258, 0.18204857409000397, 1.7241569757461548, 0.9015978574752808, '00:34']
[11, 0.48569929599761963, 0.48342135548591614, 0.9942858815193176, 0.17553654313087463, 1.4253871440887451, 0.928347647190094, '00:34']
[12, 0.48187553882598877, 0.476845920085907, 0.9941380620002747, 0.1767788529396057, 1.5626537799835205, 0.8970937132835388, '00:34']
Better model found at epoch 12 with valid_loss value: 0.476845920085907.
[13, 0.4800035357475281, 0.6531082391738892, 0.9935950040817261, 0.22159163653850555, 1.9355884790420532, 0.9176795482635498, '00:35']
[14, 0.47824329137802124, 0.4798824191093445, 0.994328498840332, 0.17410460114479065, 1.2309504747390747, 0.9195125102996826, '00:33']
[15, 0.46779462695121765, 0.49871355295181274, 0.9942628741264343, 0.17703823745250702, 1.4309401512145996, 0.9384199976921082, '00:34']
[16, 0.4771384000778198, 0.4780825078487396, 0.9939327836036682, 0.17942671477794647, 1.6815301179885864, 0.8793413639068604, '00:34']
[17, 0.47490647435188293, 0.4653436243534088, 0.9940537214279175, 0.17687565088272095, 1.5479050874710083, 0.8792955279350281, '00:34']
Better model found at epoch 17 with valid_loss value: 0.4653436243534088.
[18, 0.4687790870666504, 0.4783676564693451, 0.9941959977149963, 0.1752072423696518, 1.398154616355896, 0.8974336981773376, '00:35']
[19, 0.46739622950553894, 0.4790396988391876, 0.9942618012428284, 0.17433694005012512, 1.2557711601257324, 0.9158598184585571, '00:34']
[20, 0.4718194603919983, 0.48742061853408813, 0.9943349361419678, 0.17452117800712585, 1.3149644136428833, 0.9334040284156799, '00:35']
[21, 0.4695080816745758, 0.4793190658092499, 0.9942108392715454, 0.17577610909938812, 1.4829083681106567, 0.9021113514900208, '00:34']
[22, 0.47390133142471313, 0.4883783459663391, 0.9937752485275269, 0.18406596779823303, 1.761594295501709, 0.8678849339485168, '00:34']
[23, 0.4755999445915222, 0.45630761981010437, 0.9941778182983398, 0.17463940382003784, 1.3601384162902832, 0.8729755878448486, '00:34']
Better model found at epoch 23 with valid_loss value: 0.45630761981010437.
[24, 0.46711403131484985, 0.46456626057624817, 0.9940056204795837, 0.17744731903076172, 1.5793883800506592, 0.8635202646255493, '00:34']
[25, 0.46473535895347595, 0.48074373602867126, 0.9943046569824219, 0.17419090867042542, 1.2760225534439087, 0.9127475023269653, '00:35']
[26, 0.4652087688446045, 0.49650898575782776, 0.9941984415054321, 0.17802421748638153, 1.5911285877227783, 0.9192867875099182, '00:34']
[27, 0.46226438879966736, 0.46865665912628174, 0.9939805865287781, 0.17685770988464355, 1.5627601146697998, 0.8793783187866211, '00:35']
[28, 0.4613715708255768, 0.45985251665115356, 0.9940410852432251, 0.1756894886493683, 1.4531276226043701, 0.8650539517402649, '00:34']
[29, 0.46067219972610474, 0.4680219888687134, 0.9939945340156555, 0.1772187054157257, 1.5690085887908936, 0.8821762800216675, '00:35']
[30, 0.46286681294441223, 0.46771836280822754, 0.9941025972366333, 0.1755884885787964, 1.397576928138733, 0.8815624713897705, '00:34']
[31, 0.4655146598815918, 0.4673061966896057, 0.9942889213562012, 0.17393848299980164, 1.2253997325897217, 0.8877602219581604, '00:34']
No improvement since epoch 23: early stopping
----------
1
----------
DLS create!
[0, 0.5680435299873352, 0.5299385190010071, 0.9919829368591309, 0.18821169435977936, 1.1486907005310059, 0.9982435703277588, '00:34']
Better model found at epoch 0 with valid_loss value: 0.5299385190010071.
[1, 0.5364058017730713, 0.5171586871147156, 0.9919717907905579, 0.1782858818769455, 1.0816521644592285, 0.9943501353263855, '00:34']
Better model found at epoch 1 with valid_loss value: 0.5171586871147156.
[2, 0.5226955413818359, 0.5109121203422546, 0.9918704032897949, 0.17773045599460602, 1.2573386430740356, 0.974609375, '00:34']
Better model found at epoch 2 with valid_loss value: 0.5109121203422546.
[3, 0.5111292600631714, 0.5103957056999207, 0.9917300939559937, 0.182260662317276, 1.3981939554214478, 0.9614417552947998, '00:35']
Better model found at epoch 3 with valid_loss value: 0.5103957056999207.
[4, 0.5038365721702576, 0.5015438199043274, 0.9918691515922546, 0.17466576397418976, 1.1863197088241577, 0.9576915502548218, '00:34']
Better model found at epoch 4 with valid_loss value: 0.5015438199043274.
[5, 0.4999803304672241, 0.5007010698318481, 0.991826593875885, 0.1755063533782959, 1.2768473625183105, 0.9538877606391907, '00:35']
Better model found at epoch 5 with valid_loss value: 0.5007010698318481.
[6, 0.4961388111114502, 0.494789183139801, 0.9918192028999329, 0.17455650866031647, 1.2184423208236694, 0.9410401582717896, '00:34']
Better model found at epoch 6 with valid_loss value: 0.494789183139801.
[7, 0.49319154024124146, 0.4989158511161804, 0.99184650182724, 0.17491310834884644, 1.23525071144104, 0.9493931531906128, '00:35']
[8, 0.49150675535202026, 0.4927302598953247, 0.991520345211029, 0.18023808300495148, 1.4084265232086182, 0.9246724247932434, '00:35']
Better model found at epoch 8 with valid_loss value: 0.4927302598953247.
[9, 0.4912973642349243, 0.4723210632801056, 0.9913379549980164, 0.178895503282547, 1.5413061380386353, 0.8793612718582153, '00:35']
Better model found at epoch 9 with valid_loss value: 0.4723210632801056.
[10, 0.48554727435112, 0.48668360710144043, 0.9915157556533813, 0.17911016941070557, 1.5847173929214478, 0.90311199426651, '00:35']
[11, 0.48016828298568726, 0.48760986328125, 0.9917645454406738, 0.17481622099876404, 1.3117921352386475, 0.916358470916748, '00:35']
[12, 0.47987794876098633, 0.5034096240997314, 0.9910629391670227, 0.18723678588867188, 1.7479193210601807, 0.877670407295227, '00:35']
[13, 0.48149561882019043, 0.47764721512794495, 0.9915311336517334, 0.1771285980939865, 1.515619158744812, 0.892242431640625, '00:35']
[14, 0.48165616393089294, 0.4723629057407379, 0.9916158318519592, 0.17561565339565277, 1.3921284675598145, 0.8894668817520142, '00:35']
[15, 0.4844125211238861, 0.47197404503822327, 0.9916535019874573, 0.17506757378578186, 1.3509727716445923, 0.8896647691726685, '00:38']
Better model found at epoch 15 with valid_loss value: 0.47197404503822327.
[16, 0.4779723286628723, 0.4897092878818512, 0.9914625287055969, 0.17978084087371826, 1.6278375387191772, 0.9033496379852295, '00:35']
[17, 0.47931504249572754, 0.47066986560821533, 0.9913941621780396, 0.1779201477766037, 1.5491114854812622, 0.880277693271637, '00:37']
Better model found at epoch 17 with valid_loss value: 0.47066986560821533.
[18, 0.47351208329200745, 0.49441051483154297, 0.991180419921875, 0.18381012976169586, 1.7266647815704346, 0.8747996687889099, '00:35']
[19, 0.47284042835235596, 0.47084879875183105, 0.9917004108428955, 0.17417459189891815, 1.2461189031600952, 0.8764881491661072, '00:35']
[20, 0.46984249353408813, 0.4535047709941864, 0.9914152026176453, 0.17601154744625092, 1.4534862041473389, 0.8497887849807739, '00:35']
Better model found at epoch 20 with valid_loss value: 0.4535047709941864.
[21, 0.4690716564655304, 0.4695033133029938, 0.9916563034057617, 0.1743573695421219, 1.245262622833252, 0.8806489706039429, '00:35']
[22, 0.45890378952026367, 0.4649117588996887, 0.9914949536323547, 0.1758182793855667, 1.4461480379104614, 0.861717164516449, '00:36']
[23, 0.465457022190094, 0.46728450059890747, 0.9916236996650696, 0.1746557354927063, 1.316955804824829, 0.8785277605056763, '00:35']
[24, 0.46689262986183167, 0.47903186082839966, 0.9916680455207825, 0.17486010491847992, 1.267150640487671, 0.9017549157142639, '00:35']
[25, 0.4641643464565277, 0.4726341962814331, 0.9916127920150757, 0.17490005493164062, 1.3505796194076538, 0.8837285041809082, '00:35']
[26, 0.4708138704299927, 0.4661182165145874, 0.9912636280059814, 0.1785704493522644, 1.587822437286377, 0.8513312935829163, '00:35']
[27, 0.4650229513645172, 0.46424901485443115, 0.9913200736045837, 0.17783483862876892, 1.5625379085540771, 0.849904477596283, '00:35']
[28, 0.45917296409606934, 0.4537578821182251, 0.9914510250091553, 0.17569366097450256, 1.4307589530944824, 0.8433136940002441, '00:35']
No improvement since epoch 20: early stopping
----------
2
----------
DLS create!
[0, 0.5884425044059753, 0.5358853340148926, 0.9922524094581604, 0.19246448576450348, 1.1977390050888062, 0.9982998371124268, '00:35']
Better model found at epoch 0 with valid_loss value: 0.5358853340148926.
[1, 0.544262170791626, 0.5193552374839783, 0.9922224283218384, 0.1818229705095291, 1.1127872467041016, 0.9934051632881165, '00:35']
Better model found at epoch 1 with valid_loss value: 0.5193552374839783.
[2, 0.5273602604866028, 0.5066200494766235, 0.9919022917747498, 0.18351584672927856, 1.3370062112808228, 0.9549453258514404, '00:35']
Better model found at epoch 2 with valid_loss value: 0.5066200494766235.
[3, 0.5146732330322266, 0.5026726126670837, 0.9918147921562195, 0.1825980544090271, 1.5154756307601929, 0.9344416260719299, '00:35']
Better model found at epoch 3 with valid_loss value: 0.5026726126670837.
[4, 0.5084344148635864, 0.49397072196006775, 0.991889476776123, 0.17912349104881287, 1.5089648962020874, 0.9311548471450806, '00:35']
Better model found at epoch 4 with valid_loss value: 0.49397072196006775.
[5, 0.5000512003898621, 0.49145278334617615, 0.9920996427536011, 0.17423230409622192, 1.1308767795562744, 0.9359657168388367, '00:38']
Better model found at epoch 5 with valid_loss value: 0.49145278334617615.
[6, 0.49757152795791626, 0.48461127281188965, 0.9920466542243958, 0.17424297332763672, 1.2234083414077759, 0.9125661253929138, '00:35']
Better model found at epoch 6 with valid_loss value: 0.48461127281188965.
[7, 0.49293336272239685, 0.4806382954120636, 0.9919918179512024, 0.17474626004695892, 1.2889338731765747, 0.9106598496437073, '00:36']
Better model found at epoch 7 with valid_loss value: 0.4806382954120636.
[8, 0.48748546838760376, 0.497114896774292, 0.992118775844574, 0.1742134392261505, 1.2552928924560547, 0.9353344440460205, '00:35']
[9, 0.48579928278923035, 0.4723886549472809, 0.9919544458389282, 0.174239844083786, 1.2641175985336304, 0.8844563961029053, '00:36']
Better model found at epoch 9 with valid_loss value: 0.4723886549472809.
[10, 0.48306402564048767, 0.4638112485408783, 0.9915093183517456, 0.17867133021354675, 1.6095471382141113, 0.8588529229164124, '00:35']
Better model found at epoch 10 with valid_loss value: 0.4638112485408783.
[11, 0.4822682738304138, 0.45834672451019287, 0.9918700456619263, 0.17444321513175964, 1.3062021732330322, 0.8612073659896851, '00:35']
Better model found at epoch 11 with valid_loss value: 0.45834672451019287.
[12, 0.4801517426967621, 0.4583714008331299, 0.9917665123939514, 0.1753828376531601, 1.4260389804840088, 0.8606664538383484, '00:35']
[13, 0.4811948835849762, 0.46218225359916687, 0.9917755722999573, 0.1756831854581833, 1.4533389806747437, 0.8659009337425232, '00:35']
[14, 0.4830685257911682, 0.4856579899787903, 0.9913708567619324, 0.1816948801279068, 1.6352739334106445, 0.8698641657829285, '00:35']
[15, 0.4717225730419159, 0.4568535387516022, 0.9917204976081848, 0.17559073865413666, 1.4411466121673584, 0.858177661895752, '00:35']
Better model found at epoch 15 with valid_loss value: 0.4568535387516022.
[16, 0.4763014018535614, 0.45164233446121216, 0.991536021232605, 0.17657963931560516, 1.5244029760360718, 0.8394410610198975, '00:35']
Better model found at epoch 16 with valid_loss value: 0.45164233446121216.
[17, 0.4698792099952698, 0.43436485528945923, 0.9915130138397217, 0.17526736855506897, 1.383658766746521, 0.8148373961448669, '00:36']
Better model found at epoch 17 with valid_loss value: 0.43436485528945923.
[18, 0.47139421105384827, 0.488025963306427, 0.991215705871582, 0.18462443351745605, 1.7049298286437988, 0.8488288521766663, '00:35']
[19, 0.4727362096309662, 0.4230123460292816, 0.9915301203727722, 0.17478470504283905, 1.3166040182113647, 0.7982798218727112, '00:37']
Better model found at epoch 19 with valid_loss value: 0.4230123460292816.
[20, 0.47463834285736084, 0.46394944190979004, 0.9915677309036255, 0.177963986992836, 1.5898959636688232, 0.8578727841377258, '00:35']
[21, 0.4701317250728607, 0.4307934641838074, 0.9916566014289856, 0.17430950701236725, 1.2529839277267456, 0.808530330657959, '00:35']
[22, 0.4732353687286377, 0.44547513127326965, 0.9916144609451294, 0.17599500715732574, 1.4833402633666992, 0.8316613435745239, '00:35']
[23, 0.4668639600276947, 0.4419991970062256, 0.991510272026062, 0.1762479543685913, 1.505364179611206, 0.8221290707588196, '00:35']
[24, 0.4692997932434082, 0.4266497492790222, 0.9915768504142761, 0.17490507662296295, 1.3476897478103638, 0.802496075630188, '00:36']
[25, 0.46786171197891235, 0.4467867910861969, 0.991668701171875, 0.1755959689617157, 1.4570643901824951, 0.8310263752937317, '00:35']
[26, 0.4575631022453308, 0.4336446225643158, 0.9913135766983032, 0.1775534600019455, 1.566412091255188, 0.7940453886985779, '00:35']
[27, 0.4590536952018738, 0.41866809129714966, 0.9915944933891296, 0.1744300127029419, 1.299975037574768, 0.7844192385673523, '00:35']
Better model found at epoch 27 with valid_loss value: 0.41866809129714966.
[28, 0.46177518367767334, 0.43054482340812683, 0.9916390180587769, 0.17459717392921448, 1.3312416076660156, 0.805149495601654, '00:35']
[29, 0.46312153339385986, 0.4455973207950592, 0.9915230870246887, 0.1766122430562973, 1.516420602798462, 0.827921986579895, '00:36']
[30, 0.4523671269416809, 0.42278099060058594, 0.9915720224380493, 0.17501696944236755, 1.3776719570159912, 0.789205014705658, '00:35']
[31, 0.4590367376804352, 0.4268175959587097, 0.9914714694023132, 0.1759413182735443, 1.4763743877410889, 0.7979077696800232, '00:35']
[32, 0.46194663643836975, 0.4351027309894562, 0.9913158416748047, 0.1774519830942154, 1.5630227327346802, 0.8048373460769653, '00:35']
[33, 0.4619649052619934, 0.44098934531211853, 0.9916654825210571, 0.17536017298698425, 1.428157925605774, 0.824039876461029, '00:35']
[34, 0.4635747969150543, 0.4291496276855469, 0.9915077090263367, 0.1757359653711319, 1.4740705490112305, 0.7989704608917236, '00:35']
[35, 0.4605541229248047, 0.415410578250885, 0.9915522933006287, 0.17458179593086243, 1.333795428276062, 0.7810319662094116, '00:35']
Better model found at epoch 35 with valid_loss value: 0.415410578250885.
[36, 0.45531055331230164, 0.4270552396774292, 0.9912823438644409, 0.177094966173172, 1.5663533210754395, 0.7836080193519592, '00:35']
[37, 0.45684611797332764, 0.4458973705768585, 0.9916250705718994, 0.17596353590488434, 1.4580011367797852, 0.8312751650810242, '00:35']
[38, 0.45787954330444336, 0.44877317547798157, 0.991087794303894, 0.18065285682678223, 1.6785573959350586, 0.7935144901275635, '00:36']
[39, 0.4574882984161377, 0.44665664434432983, 0.9914494156837463, 0.1774042844772339, 1.57152259349823, 0.8260943293571472, '00:35']
[40, 0.454487144947052, 0.4287039637565613, 0.9916946291923523, 0.1743404120206833, 1.3025308847427368, 0.8004810214042664, '00:35']
[41, 0.45550841093063354, 0.4259452521800995, 0.9916905760765076, 0.1742779165506363, 1.275892734527588, 0.7969377040863037, '00:36']
[42, 0.45694416761398315, 0.44633588194847107, 0.9913790822029114, 0.1780596524477005, 1.6074504852294922, 0.8188814520835876, '00:35']
[43, 0.45753178000450134, 0.4338335394859314, 0.9911720752716064, 0.17857609689235687, 1.6150728464126587, 0.7915875911712646, '00:36']
No improvement since epoch 35: early stopping
----------
3
----------
DLS create!
[0, 0.6181299090385437, 0.5473734140396118, 0.9891515970230103, 0.200321227312088, 1.245408535003662, 0.9951125383377075, '00:36']
Better model found at epoch 0 with valid_loss value: 0.5473734140396118.
[1, 0.5587364435195923, 0.5255236029624939, 0.9891318678855896, 0.18554557859897614, 1.1287459135055542, 0.9904242753982544, '00:35']
Better model found at epoch 1 with valid_loss value: 0.5255236029624939.
[2, 0.5342032313346863, 0.5162427425384521, 0.9889390468597412, 0.18489433825016022, 1.1909098625183105, 0.9707694053649902, '00:35']
Better model found at epoch 2 with valid_loss value: 0.5162427425384521.
[3, 0.5214983820915222, 0.4949650168418884, 0.9886468052864075, 0.18133243918418884, 1.3344391584396362, 0.9299256205558777, '00:35']
Better model found at epoch 3 with valid_loss value: 0.4949650168418884.
[4, 0.5124377012252808, 0.5033031105995178, 0.9889236092567444, 0.17717929184436798, 1.2539832592010498, 0.9487511515617371, '00:35']
[5, 0.5074948072433472, 0.5040289163589478, 0.9889538288116455, 0.17576321959495544, 1.2110809087753296, 0.947021484375, '00:35']
[6, 0.4995265603065491, 0.4935818314552307, 0.9888516664505005, 0.1766011267900467, 1.2702783346176147, 0.9332767724990845, '00:35']
Better model found at epoch 6 with valid_loss value: 0.4935818314552307.
[7, 0.49935805797576904, 0.49185800552368164, 0.9888657331466675, 0.17589163780212402, 1.2402150630950928, 0.927372395992279, '00:35']
Better model found at epoch 7 with valid_loss value: 0.49185800552368164.
[8, 0.49593350291252136, 0.49198436737060547, 0.9885880947113037, 0.18023772537708282, 1.4049599170684814, 0.9152995347976685, '00:36']
[9, 0.490511417388916, 0.5053076148033142, 0.989023745059967, 0.17413634061813354, 1.1434240341186523, 0.932231068611145, '00:35']
[10, 0.48766985535621643, 0.4845612645149231, 0.9888325929641724, 0.17471039295196533, 1.2373439073562622, 0.8948599696159363, '00:35']
Better model found at epoch 10 with valid_loss value: 0.4845612645149231.
[11, 0.48108866810798645, 0.4844210147857666, 0.9888140559196472, 0.1743829995393753, 1.1974154710769653, 0.8847811818122864, '00:35']
Better model found at epoch 11 with valid_loss value: 0.4844210147857666.
[12, 0.47962212562561035, 0.4834419786930084, 0.9879404902458191, 0.1843859851360321, 1.6543442010879517, 0.851081371307373, '00:35']
Better model found at epoch 12 with valid_loss value: 0.4834419786930084.
[13, 0.47398841381073, 0.46814149618148804, 0.9886483550071716, 0.17506028711795807, 1.288112759590149, 0.8589258790016174, '00:35']
Better model found at epoch 13 with valid_loss value: 0.46814149618148804.
[14, 0.4766617715358734, 0.4701966941356659, 0.9886728525161743, 0.17498813569545746, 1.2759300470352173, 0.8673650026321411, '00:35']
[15, 0.47547078132629395, 0.4677250385284424, 0.9880067110061646, 0.18130271136760712, 1.5887131690979004, 0.8416009545326233, '00:35']
Better model found at epoch 15 with valid_loss value: 0.4677250385284424.
[16, 0.47099974751472473, 0.5180450677871704, 0.9875914454460144, 0.19253288209438324, 1.7704952955245972, 0.8457781076431274, '00:36']
[17, 0.4718429744243622, 0.45605409145355225, 0.9882856607437134, 0.17708060145378113, 1.38120436668396, 0.8347536325454712, '00:35']
Better model found at epoch 17 with valid_loss value: 0.45605409145355225.
[18, 0.4652683138847351, 0.48130670189857483, 0.9888169765472412, 0.17468197643756866, 1.2449314594268799, 0.8788138031959534, '00:37']
[19, 0.467852383852005, 0.5061408877372742, 0.9890421628952026, 0.17367048561573029, 1.0835713148117065, 0.9065279364585876, '00:35']
[20, 0.4618028402328491, 0.499491423368454, 0.9888620972633362, 0.1737421452999115, 1.0702015161514282, 0.8896523714065552, '00:35']
[21, 0.4574505090713501, 0.46235424280166626, 0.9878882765769958, 0.18079443275928497, 1.5742660760879517, 0.8185975551605225, '00:35']
[22, 0.46057605743408203, 0.4835176169872284, 0.9886975884437561, 0.17523625493049622, 1.2343900203704834, 0.8716534972190857, '00:36']
[23, 0.47016921639442444, 0.4560234248638153, 0.9884535670280457, 0.17593371868133545, 1.3656138181686401, 0.8431575298309326, '00:36']
Better model found at epoch 23 with valid_loss value: 0.4560234248638153.
[24, 0.46866917610168457, 0.4405801594257355, 0.988045334815979, 0.1773950755596161, 1.445391297340393, 0.805790364742279, '00:34']
Better model found at epoch 24 with valid_loss value: 0.4405801594257355.
[25, 0.4666318893432617, 0.46187180280685425, 0.9883225560188293, 0.17724719643592834, 1.43986177444458, 0.8469103574752808, '00:35']
[26, 0.46392232179641724, 0.47703278064727783, 0.9876196980476379, 0.18517568707466125, 1.652963638305664, 0.8202768564224243, '00:35']
[27, 0.45806950330734253, 0.46730390191078186, 0.9886069297790527, 0.17558258771896362, 1.3384983539581299, 0.8578569889068604, '00:34']
[28, 0.4551537334918976, 0.4413062632083893, 0.9881775975227356, 0.17594486474990845, 1.303241491317749, 0.7960683703422546, '00:35']
[29, 0.4569275677204132, 0.4368712306022644, 0.9877702593803406, 0.17887470126152039, 1.5135270357131958, 0.7843174338340759, '00:35']
Better model found at epoch 29 with valid_loss value: 0.4368712306022644.
[30, 0.45442575216293335, 0.4618616998195648, 0.987672746181488, 0.18270732462406158, 1.57349693775177, 0.8009464144706726, '00:36']
[31, 0.45376017689704895, 0.45848098397254944, 0.9876264333724976, 0.18210606276988983, 1.6117035150527954, 0.7984384298324585, '00:35']
[32, 0.4546815752983093, 0.4535851776599884, 0.9883841872215271, 0.17645332217216492, 1.3525875806808472, 0.8377544283866882, '00:36']
[33, 0.44713127613067627, 0.43878793716430664, 0.9882725477218628, 0.17546622455120087, 1.3037080764770508, 0.8039594888687134, '00:35']
[34, 0.4437465965747833, 0.4920726716518402, 0.9881465435028076, 0.1808081716299057, 1.4955148696899414, 0.8645238280296326, '00:36']
[35, 0.45413702726364136, 0.4409294128417969, 0.9881199598312378, 0.17689263820648193, 1.3793514966964722, 0.809148907661438, '00:36']
[36, 0.455426424741745, 0.44849154353141785, 0.988205075263977, 0.1769813746213913, 1.4079396724700928, 0.8212829232215881, '00:35']
[37, 0.4515874683856964, 0.5007117390632629, 0.9875571727752686, 0.18815414607524872, 1.714619755744934, 0.8250527381896973, '00:35']
No improvement since epoch 29: early stopping
----------
4
----------
DLS create!
[0, 0.5890742540359497, 0.5463239550590515, 0.9890135526657104, 0.20005474984645844, 1.2080368995666504, 0.9938819408416748, '00:35']
Better model found at epoch 0 with valid_loss value: 0.5463239550590515.
[1, 0.5459052920341492, 0.5220958590507507, 0.9890670776367188, 0.17987509071826935, 1.0896259546279907, 0.9951050281524658, '00:35']
Better model found at epoch 1 with valid_loss value: 0.5220958590507507.
[2, 0.5280386209487915, 0.5144554972648621, 0.9888953566551208, 0.1805611550807953, 1.215233564376831, 0.9738102555274963, '00:36']
Better model found at epoch 2 with valid_loss value: 0.5144554972648621.
[3, 0.5154783725738525, 0.4996717870235443, 0.9887837171554565, 0.1776188760995865, 1.2904486656188965, 0.9471518993377686, '00:35']
Better model found at epoch 3 with valid_loss value: 0.4996717870235443.
[4, 0.506398618221283, 0.5019487738609314, 0.9884404540061951, 0.18505698442459106, 1.5451605319976807, 0.9232375621795654, '00:36']
[5, 0.49951401352882385, 0.5084730982780457, 0.9887478947639465, 0.17788371443748474, 1.418148398399353, 0.9322932362556458, '00:35']
[6, 0.49511194229125977, 0.497081458568573, 0.9887930750846863, 0.17537730932235718, 1.2608356475830078, 0.9241679310798645, '00:35']
Better model found at epoch 6 with valid_loss value: 0.497081458568573.
[7, 0.48910656571388245, 0.47854530811309814, 0.9884301424026489, 0.17831942439079285, 1.464596152305603, 0.8823683857917786, '00:35']
Better model found at epoch 7 with valid_loss value: 0.47854530811309814.
[8, 0.4885720908641815, 0.49273979663848877, 0.9887837171554565, 0.1748676896095276, 1.2261672019958496, 0.9111408591270447, '00:35']
[9, 0.48186859488487244, 0.4873376786708832, 0.988765299320221, 0.17443962395191193, 1.1882160902023315, 0.8927182555198669, '00:35']
[10, 0.48099905252456665, 0.5266796350479126, 0.988218367099762, 0.19027474522590637, 1.7289469242095947, 0.9010834693908691, '00:36']
[11, 0.4797908663749695, 0.5208958387374878, 0.9890046715736389, 0.1735936552286148, 1.0530232191085815, 0.9414255023002625, '00:35']
[12, 0.47834163904190063, 0.46856263279914856, 0.9881690740585327, 0.17924490571022034, 1.5141451358795166, 0.8526828289031982, '00:35']
Better model found at epoch 12 with valid_loss value: 0.46856263279914856.
[13, 0.47496211528778076, 0.47422319650650024, 0.9884616136550903, 0.17687124013900757, 1.404832124710083, 0.8722096085548401, '00:36']
[14, 0.4719410538673401, 0.4657954275608063, 0.9883462190628052, 0.17689356207847595, 1.3993487358093262, 0.8547506332397461, '00:35']
Better model found at epoch 14 with valid_loss value: 0.4657954275608063.
[15, 0.47180017828941345, 0.46738940477371216, 0.9882258772850037, 0.17863591015338898, 1.4975078105926514, 0.8497726917266846, '00:35']
[16, 0.47289660573005676, 0.46531444787979126, 0.9883347749710083, 0.1771835833787918, 1.4220836162567139, 0.8522123694419861, '00:37']
Better model found at epoch 16 with valid_loss value: 0.46531444787979126.
[17, 0.4744178056716919, 0.46512550115585327, 0.988153338432312, 0.17898164689540863, 1.5016181468963623, 0.8469641804695129, '00:35']
Better model found at epoch 17 with valid_loss value: 0.46512550115585327.
[18, 0.47296249866485596, 0.47451746463775635, 0.988005518913269, 0.18159279227256775, 1.5891034603118896, 0.847597599029541, '00:35']
[19, 0.4694485366344452, 0.47920066118240356, 0.9886267781257629, 0.17530184984207153, 1.2864302396774292, 0.8766375780105591, '00:35']
[20, 0.4685423672199249, 0.4731263816356659, 0.9885698556900024, 0.1754322499036789, 1.2945460081100464, 0.8658692836761475, '00:36']
[21, 0.4688381850719452, 0.47219038009643555, 0.9885179400444031, 0.175855353474617, 1.3385752439498901, 0.8641796112060547, '00:35']
[22, 0.4695470631122589, 0.4628008008003235, 0.9884106516838074, 0.1759030520915985, 1.3325990438461304, 0.8489069938659668, '00:35']
Better model found at epoch 22 with valid_loss value: 0.4628008008003235.
[23, 0.4625853896141052, 0.4605264663696289, 0.9883629083633423, 0.17619693279266357, 1.3643536567687988, 0.842195451259613, '00:35']
Better model found at epoch 23 with valid_loss value: 0.4605264663696289.
[24, 0.46640416979789734, 0.4584837257862091, 0.9882955551147461, 0.17685388028621674, 1.4032154083251953, 0.8386435508728027, '00:35']
Better model found at epoch 24 with valid_loss value: 0.4584837257862091.
[25, 0.4658370614051819, 0.47378507256507874, 0.9886085391044617, 0.17483825981616974, 1.2405312061309814, 0.8567147254943848, '00:35']
[26, 0.46430161595344543, 0.4606086313724518, 0.9883037209510803, 0.17667391896247864, 1.3829995393753052, 0.8366187810897827, '00:36']
[27, 0.46515196561813354, 0.46137717366218567, 0.9883664846420288, 0.17646563053131104, 1.3781981468200684, 0.8463299870491028, '00:35']
[28, 0.4652641713619232, 0.4649277925491333, 0.9884694814682007, 0.17545613646507263, 1.3071489334106445, 0.8476915955543518, '00:36']
[29, 0.46852973103523254, 0.46673694252967834, 0.9881077408790588, 0.17934469878673553, 1.5112658739089966, 0.8428338170051575, '00:36']
[30, 0.46224698424339294, 0.4562361538410187, 0.9878525137901306, 0.18032224476337433, 1.5505245923995972, 0.8147768378257751, '00:36']
Better model found at epoch 30 with valid_loss value: 0.4562361538410187.
[31, 0.4576161205768585, 0.4574671685695648, 0.9884045124053955, 0.17531342804431915, 1.288891077041626, 0.8289984464645386, '00:35']
[32, 0.4498977065086365, 0.4588978588581085, 0.9879997968673706, 0.17931586503982544, 1.5132222175598145, 0.8251122832298279, '00:36']
[33, 0.45395785570144653, 0.45711565017700195, 0.9883959889411926, 0.17522269487380981, 1.2839939594268799, 0.8243362307548523, '00:37']
[34, 0.4555620551109314, 0.5390833616256714, 0.987453818321228, 0.19686982035636902, 1.779737114906311, 0.8437694311141968, '00:35']
[35, 0.4545452892780304, 0.44875162839889526, 0.9881904125213623, 0.17665067315101624, 1.3840385675430298, 0.8205596804618835, '00:35']
Better model found at epoch 35 with valid_loss value: 0.44875162839889526.
[36, 0.45340827107429504, 0.45352017879486084, 0.9880792498588562, 0.17766103148460388, 1.4414745569229126, 0.8144442439079285, '00:34']
[37, 0.46015483140945435, 0.4649527072906494, 0.9877332448959351, 0.18259114027023315, 1.597234845161438, 0.813268780708313, '00:36']
[38, 0.4551439881324768, 0.46333611011505127, 0.9880778193473816, 0.17857849597930908, 1.4698983430862427, 0.8290656208992004, '00:35']
[39, 0.4395398497581482, 0.4826899468898773, 0.9883586168289185, 0.17787696421146393, 1.4377672672271729, 0.8659895062446594, '00:35']
[40, 0.44543299078941345, 0.4520723223686218, 0.9882747530937195, 0.17610695958137512, 1.331483006477356, 0.8213390707969666, '00:36']
[41, 0.45343294739723206, 0.4518488943576813, 0.98824542760849, 0.17644186317920685, 1.3711609840393066, 0.8194981217384338, '00:35']
[42, 0.4576505720615387, 0.45079314708709717, 0.9881859421730042, 0.1770608276128769, 1.3940558433532715, 0.8229700922966003, '00:35']
[43, 0.4502148926258087, 0.45875421166419983, 0.9883037805557251, 0.17622090876102448, 1.354323387145996, 0.8249644637107849, '00:35']
No improvement since epoch 35: early stopping
UnetPlusPlus Done!
