Models will save to Unet_effb7_x
Use efficientnet-b7 encoder
Start training...
----------
0
----------
DLS create!
[0, 0.5854918956756592, 0.5398300886154175, 0.9899879693984985, 0.19398729503154755, 1.1659742593765259, 0.9991129636764526, '00:41']
Better model found at epoch 0 with valid_loss value: 0.5398300886154175.
[1, 0.541344165802002, 0.5238150954246521, 0.9899991154670715, 0.17962437868118286, 1.077561378479004, 0.9993064999580383, '00:40']
Better model found at epoch 1 with valid_loss value: 0.5238150954246521.
[2, 0.5204443335533142, 0.5231871604919434, 0.9900006055831909, 0.1767372339963913, 1.0421956777572632, 0.9991937875747681, '00:39']
Better model found at epoch 2 with valid_loss value: 0.5231871604919434.
[3, 0.5065467953681946, 0.5270441770553589, 0.9900040030479431, 0.1744978427886963, 1.017869234085083, 0.9993718862533569, '00:39']
[4, 0.5000863671302795, 0.5278318524360657, 0.9900019764900208, 0.17421047389507294, 1.0169013738632202, 0.998491644859314, '00:41']
[5, 0.494678258895874, 0.5316977500915527, 0.9900034070014954, 0.17375072836875916, 1.0107611417770386, 0.9985554814338684, '00:38']
[6, 0.48875343799591064, 0.5323211550712585, 0.9900028109550476, 0.17367522418498993, 1.0117113590240479, 0.9980869889259338, '00:39']
[7, 0.4794444739818573, 0.5767185091972351, 0.9900048971176147, 0.17341698706150055, 1.004470705986023, 0.9987306594848633, '00:39']
[8, 0.47657692432403564, 0.5345720648765564, 0.9899762868881226, 0.17372658848762512, 1.0246855020523071, 0.9882561564445496, '00:40']
[9, 0.4834602177143097, 0.5246375203132629, 0.9899371862411499, 0.17358893156051636, 1.0368150472640991, 0.9723947048187256, '00:38']
[10, 0.4754545986652374, 0.5186128616333008, 0.989870011806488, 0.17359742522239685, 1.0581190586090088, 0.9525040984153748, '00:39']
Better model found at epoch 10 with valid_loss value: 0.5186128616333008.
[11, 0.4750932455062866, 0.4980887174606323, 0.9896683692932129, 0.17454533278942108, 1.2046300172805786, 0.9278753399848938, '00:38']
Better model found at epoch 11 with valid_loss value: 0.4980887174606323.
[12, 0.4721359312534332, 0.4966956377029419, 0.9896401762962341, 0.17485958337783813, 1.2804458141326904, 0.9196493029594421, '00:39']
Better model found at epoch 12 with valid_loss value: 0.4966956377029419.
[13, 0.47512707114219666, 0.5036336779594421, 0.9895474314689636, 0.17628219723701477, 1.3654040098190308, 0.9274948835372925, '00:38']
[14, 0.4710384011268616, 0.692143440246582, 0.9894254207611084, 0.20956166088581085, 1.8671350479125977, 0.9577749371528625, '00:38']
[15, 0.47219082713127136, 0.49899008870124817, 0.9896828532218933, 0.17444036900997162, 1.2154223918914795, 0.9173648953437805, '00:39']
[16, 0.4698821008205414, 0.5158496499061584, 0.9894216060638428, 0.18150925636291504, 1.6167882680892944, 0.9228217005729675, '00:39']
[17, 0.4684396982192993, 0.5141224265098572, 0.9893098473548889, 0.18226617574691772, 1.592012643814087, 0.9154338836669922, '00:39']
[18, 0.4654162526130676, 0.4897617995738983, 0.9895689487457275, 0.17481938004493713, 1.2735724449157715, 0.9035477638244629, '00:39']
Better model found at epoch 18 with valid_loss value: 0.4897617995738983.
[19, 0.4559139907360077, 0.5099925994873047, 0.98956298828125, 0.17884746193885803, 1.543574571609497, 0.9219111204147339, '00:38']
[20, 0.4674937129020691, 0.4881458878517151, 0.9895187020301819, 0.17546841502189636, 1.3115448951721191, 0.900307297706604, '00:38']
Better model found at epoch 20 with valid_loss value: 0.4881458878517151.
[21, 0.4610024392604828, 0.5518098473548889, 0.9898502230644226, 0.17404808104038239, 1.1791108846664429, 0.9284507632255554, '00:39']
[22, 0.45905303955078125, 0.5107874870300293, 0.9894862174987793, 0.18021909892559052, 1.587528109550476, 0.919156551361084, '00:39']
[23, 0.45321813225746155, 0.5013779401779175, 0.9892910718917847, 0.17919126152992249, 1.5324326753616333, 0.8987728953361511, '00:38']
[24, 0.4520718455314636, 0.555928647518158, 0.9890250563621521, 0.19124191999435425, 1.7475941181182861, 0.905214786529541, '00:39']
[25, 0.45658987760543823, 0.5003360509872437, 0.9893208742141724, 0.1796617954969406, 1.5420308113098145, 0.9037512540817261, '00:39']
[26, 0.4627734124660492, 0.49254024028778076, 0.9894862174987793, 0.17560866475105286, 1.3148304224014282, 0.9103700518608093, '00:38']
[27, 0.4573105573654175, 0.5017106533050537, 0.9894353151321411, 0.17684043943881989, 1.4288603067398071, 0.908577024936676, '00:40']
[28, 0.4556809961795807, 0.48311126232147217, 0.9892529845237732, 0.1776505410671234, 1.4872034788131714, 0.8765518069267273, '00:40']
Better model found at epoch 28 with valid_loss value: 0.48311126232147217.
[29, 0.45277976989746094, 0.5048179030418396, 0.9892551302909851, 0.17904996871948242, 1.4897434711456299, 0.9011191725730896, '00:38']
[30, 0.4567292034626007, 0.48873791098594666, 0.9896449446678162, 0.17421749234199524, 1.1852478981018066, 0.8932746052742004, '00:39']
[31, 0.45554178953170776, 0.540389895439148, 0.989075779914856, 0.18751154839992523, 1.723812222480774, 0.9027153849601746, '00:38']
[32, 0.4474332928657532, 0.5538948774337769, 0.989132285118103, 0.1889338195323944, 1.7141083478927612, 0.9070586562156677, '00:38']
[33, 0.4466853141784668, 0.529330313205719, 0.9891324639320374, 0.18560665845870972, 1.6969325542449951, 0.8991102576255798, '00:38']
[34, 0.4424794614315033, 0.47558271884918213, 0.9893909096717834, 0.1749967783689499, 1.286011815071106, 0.863927960395813, '00:39']
Better model found at epoch 34 with valid_loss value: 0.47558271884918213.
[35, 0.43917036056518555, 0.5288265943527222, 0.9898235201835632, 0.17499417066574097, 1.2978811264038086, 0.9421275854110718, '00:39']
[36, 0.45504581928253174, 0.5575998425483704, 0.989108145236969, 0.1930532604455948, 1.7747114896774292, 0.9160611033439636, '00:39']
[37, 0.45401233434677124, 0.49089670181274414, 0.9894896745681763, 0.17597800493240356, 1.3520293235778809, 0.8964903354644775, '00:39']
[38, 0.4441071152687073, 0.493590384721756, 0.989315927028656, 0.17746256291866302, 1.4624525308609009, 0.8922899961471558, '00:39']
[39, 0.4418215751647949, 0.49001139402389526, 0.9895628094673157, 0.17417234182357788, 1.1829471588134766, 0.8903254270553589, '00:38']
[40, 0.43924084305763245, 0.4891572892665863, 0.9894787669181824, 0.17501841485500336, 1.267276644706726, 0.8930476307868958, '00:38']
[41, 0.4381842017173767, 0.49455463886260986, 0.9894283413887024, 0.17607416212558746, 1.390480399131775, 0.9025229811668396, '00:38']
[42, 0.44761922955513, 0.4833017885684967, 0.989414632320404, 0.17586766183376312, 1.3655894994735718, 0.8847618699073792, '00:39']
No improvement since epoch 34: early stopping
----------
1
----------
DLS create!
[0, 0.5710233449935913, 0.5389614105224609, 0.9918427467346191, 0.19411347806453705, 1.1948758363723755, 0.9993013739585876, '00:40']
Better model found at epoch 0 with valid_loss value: 0.5389614105224609.
[1, 0.5326437950134277, 0.5199697017669678, 0.991851270198822, 0.17624914646148682, 1.0692685842514038, 0.9986412525177002, '00:40']
Better model found at epoch 1 with valid_loss value: 0.5199697017669678.
[2, 0.5185351967811584, 0.520826518535614, 0.9918550252914429, 0.1757674217224121, 1.0507973432540894, 0.9993921518325806, '00:40']
[3, 0.5098679065704346, 0.5200695991516113, 0.9918500781059265, 0.17489364743232727, 1.023620367050171, 0.9977477192878723, '00:41']
[4, 0.5049039125442505, 0.5188321471214294, 0.9918419718742371, 0.17460030317306519, 1.0285331010818481, 0.9949480295181274, '00:40']
Better model found at epoch 4 with valid_loss value: 0.5188321471214294.
[5, 0.49674445390701294, 0.5216884016990662, 0.9918490648269653, 0.174056276679039, 1.015650749206543, 0.9962577223777771, '00:40']
[6, 0.49383440613746643, 0.522948145866394, 0.9918484091758728, 0.17376703023910522, 1.0167638063430786, 0.9950972199440002, '00:41']
[7, 0.4851296544075012, 0.5254597067832947, 0.9918522834777832, 0.17357651889324188, 1.0090936422348022, 0.9961842894554138, '00:40']
[8, 0.48540106415748596, 0.5209743976593018, 0.9918311834335327, 0.17381571233272552, 1.0243312120437622, 0.9880017638206482, '00:41']
[9, 0.48717817664146423, 0.4885462522506714, 0.9915853142738342, 0.17536784708499908, 1.3284587860107422, 0.9281705021858215, '00:40']
Better model found at epoch 9 with valid_loss value: 0.4885462522506714.
[10, 0.4795099198818207, 0.4578703045845032, 0.9913554787635803, 0.17470356822013855, 1.2943670749664307, 0.8615776896476746, '00:41']
Better model found at epoch 10 with valid_loss value: 0.4578703045845032.
[11, 0.48189234733581543, 0.5118589401245117, 0.9915643334388733, 0.17388398945331573, 1.1588945388793945, 0.8913154602050781, '00:40']
[12, 0.4838426411151886, 0.6474569439888, 0.991279125213623, 0.20406943559646606, 1.8437882661819458, 0.9512040615081787, '00:40']
[13, 0.48314282298088074, 0.4792419970035553, 0.9911770224571228, 0.17543084919452667, 1.3820960521697998, 0.8480267524719238, '00:40']
[14, 0.4800681471824646, 0.6078564524650574, 0.9915955066680908, 0.17429029941558838, 1.2325319051742554, 0.9119951725006104, '00:39']
[15, 0.4743107259273529, 0.5609790086746216, 0.9909855127334595, 0.18618376553058624, 1.7678395509719849, 0.8836143612861633, '00:40']
[16, 0.4654242694377899, 0.5039383172988892, 0.9911074638366699, 0.1763913631439209, 1.4588013887405396, 0.833373486995697, '00:40']
[17, 0.47263839840888977, 0.6119330525398254, 0.9913410544395447, 0.1742720603942871, 1.2323895692825317, 0.8459215760231018, '00:40']
[18, 0.48069238662719727, 0.4696107804775238, 0.9905654788017273, 0.1836450695991516, 1.708749532699585, 0.822418749332428, '00:40']
No improvement since epoch 10: early stopping
----------
2
----------
DLS create!
[0, 0.5947388410568237, 0.5417199730873108, 0.9822699427604675, 0.1961946040391922, 1.1994680166244507, 0.9986028075218201, '00:41']
Better model found at epoch 0 with valid_loss value: 0.5417199730873108.
[1, 0.542976438999176, 0.5243766903877258, 0.9822428226470947, 0.18378952145576477, 1.2008755207061768, 0.9946663975715637, '00:40']
Better model found at epoch 1 with valid_loss value: 0.5243766903877258.
[2, 0.5233182907104492, 0.5272415280342102, 0.982214093208313, 0.185448557138443, 1.340042233467102, 0.9917103052139282, '00:41']
[3, 0.51325523853302, 0.5166560411453247, 0.9822195172309875, 0.17837698757648468, 1.1733216047286987, 0.9884437322616577, '00:40']
Better model found at epoch 3 with valid_loss value: 0.5166560411453247.
[4, 0.5043216943740845, 0.5214460492134094, 0.9822844862937927, 0.1744767129421234, 1.0273749828338623, 0.9969909191131592, '00:41']
[5, 0.5057275891304016, 0.5191893577575684, 0.9822682738304138, 0.1747821569442749, 1.0583323240280151, 0.9922526478767395, '00:40']
[6, 0.5026589035987854, 0.5089238286018372, 0.9821969866752625, 0.17446663975715637, 1.15605890750885, 0.9670587182044983, '00:40']
Better model found at epoch 6 with valid_loss value: 0.5089238286018372.
[7, 0.49751436710357666, 0.5239339470863342, 0.9822788834571838, 0.17375394701957703, 1.0299537181854248, 0.9918305277824402, '00:41']
[8, 0.4943268597126007, 0.5244755744934082, 0.982275128364563, 0.17363449931144714, 1.0333646535873413, 0.9878865480422974, '00:41']
[9, 0.48848190903663635, 0.8146384954452515, 0.982270359992981, 0.17341874539852142, 1.0372432470321655, 0.981109082698822, '00:39']
[10, 0.4896085858345032, 0.5063686966896057, 0.9821693897247314, 0.17377620935440063, 1.1068753004074097, 0.9453844428062439, '00:40']
Better model found at epoch 10 with valid_loss value: 0.5063686966896057.
[11, 0.48624157905578613, 0.518267035484314, 0.9821659922599792, 0.17369592189788818, 1.1112741231918335, 0.9397581815719604, '00:39']
[12, 0.481904000043869, 0.46235185861587524, 0.9817721843719482, 0.17550557851791382, 1.3718976974487305, 0.8679303526878357, '00:39']
Better model found at epoch 12 with valid_loss value: 0.46235185861587524.
[13, 0.47619128227233887, 0.48935821652412415, 0.9820851683616638, 0.17360931634902954, 1.0792371034622192, 0.8952212333679199, '00:39']
[14, 0.4828890264034271, 0.5137718319892883, 0.9821702241897583, 0.17684689164161682, 1.3670389652252197, 0.9664901494979858, '00:39']
[15, 0.4764316976070404, 0.5292425751686096, 0.9812542200088501, 0.18880870938301086, 1.756347417831421, 0.8804744482040405, '00:39']
[16, 0.48290306329727173, 0.47919347882270813, 0.981079638004303, 0.18445292115211487, 1.7072498798370361, 0.8369645476341248, '00:39']
[17, 0.4754713177680969, 0.4433230459690094, 0.9811273217201233, 0.1789768785238266, 1.5757262706756592, 0.7986111044883728, '00:39']
Better model found at epoch 17 with valid_loss value: 0.4433230459690094.
[18, 0.47801998257637024, 0.445008248090744, 0.9811630249023438, 0.17907710373401642, 1.5805308818817139, 0.8075131773948669, '00:39']
[19, 0.4778177738189697, 0.4649280607700348, 0.981165885925293, 0.18174394965171814, 1.6564054489135742, 0.8306496143341064, '00:39']
[20, 0.47768300771713257, 0.46199536323547363, 0.9810064435005188, 0.183125838637352, 1.6858494281768799, 0.8170230984687805, '00:39']
[21, 0.47148656845092773, 0.45107313990592957, 0.9813820719718933, 0.1775827258825302, 1.5058412551879883, 0.8331285715103149, '00:39']
[22, 0.47487398982048035, 0.45595911145210266, 0.9810541868209839, 0.1811596155166626, 1.6402395963668823, 0.805402398109436, '00:39']
[23, 0.47003957629203796, 0.45793861150741577, 0.9818621277809143, 0.174082413315773, 1.2067599296569824, 0.845761239528656, '00:39']
[24, 0.4764736592769623, 0.4724019467830658, 0.9808939695358276, 0.18651176989078522, 1.7140164375305176, 0.8249077200889587, '00:39']
[25, 0.4721086621284485, 0.45313966274261475, 0.9818487167358398, 0.17397867143154144, 1.1869618892669678, 0.8344279527664185, '00:39']
No improvement since epoch 17: early stopping
----------
3
----------
DLS create!
[0, 0.6436618566513062, 0.566597580909729, 0.9908431768417358, 0.2141842097043991, 1.337873935699463, 0.9913168549537659, '00:39']
Better model found at epoch 0 with valid_loss value: 0.566597580909729.
[1, 0.5666738152503967, 0.5240851640701294, 0.9909377694129944, 0.18402957916259766, 1.133170247077942, 0.9954944849014282, '00:39']
Better model found at epoch 1 with valid_loss value: 0.5240851640701294.
[2, 0.535580575466156, 0.5168639421463013, 0.9909312129020691, 0.17816384136676788, 1.0816287994384766, 0.9921343326568604, '00:39']
Better model found at epoch 2 with valid_loss value: 0.5168639421463013.
[3, 0.5212974548339844, 0.5181012749671936, 0.9909562468528748, 0.1762385219335556, 1.0553288459777832, 0.9951754808425903, '00:39']
[4, 0.5119460225105286, 0.5094353556632996, 0.9908633232116699, 0.17692314088344574, 1.138088345527649, 0.9777094125747681, '00:39']
Better model found at epoch 4 with valid_loss value: 0.5094353556632996.
[5, 0.5039808750152588, 0.5179705023765564, 0.9909478425979614, 0.17464864253997803, 1.0476115942001343, 0.9901986122131348, '00:38']
[6, 0.49782615900039673, 0.5118488669395447, 0.99090576171875, 0.174517422914505, 1.092750906944275, 0.9757223129272461, '00:38']
[7, 0.49806860089302063, 0.510663628578186, 0.9908921122550964, 0.17457979917526245, 1.119745135307312, 0.9715637564659119, '00:38']
[8, 0.49448758363723755, 0.513670027256012, 0.990905225276947, 0.1742209494113922, 1.0872410535812378, 0.972452700138092, '00:38']
[9, 0.48852285742759705, 0.4891014099121094, 0.990750789642334, 0.1742229461669922, 1.1541743278503418, 0.9142050743103027, '00:38']
Better model found at epoch 9 with valid_loss value: 0.4891014099121094.
[10, 0.4871329963207245, 0.488625705242157, 0.990747332572937, 0.17443712055683136, 1.1812305450439453, 0.9161888957023621, '00:38']
Better model found at epoch 10 with valid_loss value: 0.488625705242157.
[11, 0.4864847660064697, 0.4699096083641052, 0.9905569553375244, 0.17511440813541412, 1.266998052597046, 0.8833637237548828, '00:39']
Better model found at epoch 11 with valid_loss value: 0.4699096083641052.
[12, 0.4831859767436981, 0.475511759519577, 0.9903243780136108, 0.17852169275283813, 1.4781641960144043, 0.8827594518661499, '00:39']
[13, 0.4831998944282532, 0.5010663866996765, 0.9907923340797424, 0.17414717376232147, 1.1621218919754028, 0.9208086133003235, '00:38']
[14, 0.4842240810394287, 0.46851369738578796, 0.9904215931892395, 0.17596034705638885, 1.3237535953521729, 0.8673607707023621, '00:39']
Better model found at epoch 14 with valid_loss value: 0.46851369738578796.
[15, 0.4818275272846222, 0.4605936110019684, 0.9903842210769653, 0.175606831908226, 1.299541711807251, 0.8638661503791809, '00:38']
Better model found at epoch 15 with valid_loss value: 0.4605936110019684.
[16, 0.48415088653564453, 0.4666426479816437, 0.9898588061332703, 0.1822863668203354, 1.634105920791626, 0.8359562158584595, '00:39']
[17, 0.48607611656188965, 0.45778149366378784, 0.9904003143310547, 0.1755446493625641, 1.3082972764968872, 0.8609147071838379, '00:38']
Better model found at epoch 17 with valid_loss value: 0.45778149366378784.
[18, 0.48269760608673096, 0.46200332045555115, 0.9897348880767822, 0.18321718275547028, 1.6304160356521606, 0.8278472423553467, '00:38']
[19, 0.4748810827732086, 0.4468171298503876, 0.9902526140213013, 0.17575523257255554, 1.3530522584915161, 0.827237606048584, '00:38']
Better model found at epoch 19 with valid_loss value: 0.4468171298503876.
[20, 0.47124001383781433, 0.4453800320625305, 0.9904047250747681, 0.1748374104499817, 1.249267816543579, 0.8267679214477539, '00:38']
Better model found at epoch 20 with valid_loss value: 0.4453800320625305.
[21, 0.470268577337265, 0.446654349565506, 0.9901047945022583, 0.1778227537870407, 1.4964914321899414, 0.8225194811820984, '00:39']
[22, 0.472159743309021, 0.8254261612892151, 0.9909608364105225, 0.1733635514974594, 1.0215317010879517, 0.9841971397399902, '00:38']
[23, 0.4659588038921356, 0.6043618321418762, 0.9907572865486145, 0.17430973052978516, 1.180439829826355, 0.9171066284179688, '00:38']
[24, 0.4686754643917084, 0.4784189760684967, 0.9897016286849976, 0.18538476526737213, 1.674100637435913, 0.8316019773483276, '00:38']
[25, 0.46886956691741943, 0.45079728960990906, 0.9903712868690491, 0.17562046647071838, 1.3418443202972412, 0.8447527885437012, '00:38']
[26, 0.4657254219055176, 0.45999810099601746, 0.9899182915687561, 0.17966187000274658, 1.5387123823165894, 0.8198543787002563, '00:39']
[27, 0.46983686089515686, 0.4322298467159271, 0.9902201890945435, 0.17531989514827728, 1.3053444623947144, 0.8049041628837585, '00:38']
Better model found at epoch 27 with valid_loss value: 0.4322298467159271.
[28, 0.46275413036346436, 0.4502445161342621, 0.990318238735199, 0.17541798949241638, 1.2813314199447632, 0.8193557262420654, '00:38']
[29, 0.46089649200439453, 0.44414764642715454, 0.9903944134712219, 0.17457641661167145, 1.2250696420669556, 0.8146416544914246, '00:39']
[30, 0.4613962471485138, 0.45033103227615356, 0.9897577166557312, 0.180315762758255, 1.5864993333816528, 0.8003687858581543, '00:38']
[31, 0.4597313106060028, 0.4542906582355499, 0.9897100925445557, 0.18170620501041412, 1.612307071685791, 0.7947505116462708, '00:38']
[32, 0.46035274863243103, 0.44341930747032166, 0.9901266098022461, 0.17644688487052917, 1.36958909034729, 0.8109519481658936, '00:38']
[33, 0.45049118995666504, 0.4657435715198517, 0.9896801114082336, 0.1820714920759201, 1.6008473634719849, 0.8078188896179199, '00:38']
[34, 0.4578384757041931, 0.425001859664917, 0.9901785850524902, 0.17539730668067932, 1.3372772932052612, 0.7800449728965759, '00:38']
Better model found at epoch 34 with valid_loss value: 0.425001859664917.
[35, 0.4608670175075531, 0.45188015699386597, 0.9904324412345886, 0.1745298057794571, 1.2246946096420288, 0.8283933401107788, '00:38']
[36, 0.45221146941185, 0.4507955014705658, 0.9904101490974426, 0.1748594343662262, 1.2491048574447632, 0.8267549872398376, '00:38']
[37, 0.4614790976047516, 0.4263502359390259, 0.9898562431335449, 0.17753851413726807, 1.4679756164550781, 0.7858808636665344, '00:38']
[38, 0.46086829900741577, 0.7601799964904785, 0.9909490942955017, 0.17357997596263885, 1.0628377199172974, 0.9820058345794678, '00:39']
[39, 0.45507779717445374, 0.4507240653038025, 0.9904641509056091, 0.17438840866088867, 1.1997570991516113, 0.824222981929779, '00:38']
[40, 0.45914554595947266, 0.44345057010650635, 0.9904041886329651, 0.17438825964927673, 1.1993294954299927, 0.8080868721008301, '00:38']
[41, 0.4615858197212219, 0.46111106872558594, 0.9901025891304016, 0.17882786691188812, 1.5140557289123535, 0.8359376192092896, '00:39']
[42, 0.4625973701477051, 0.43044036626815796, 0.990143895149231, 0.1756119430065155, 1.3321951627731323, 0.798181414604187, '00:38']
No improvement since epoch 34: early stopping
----------
4
----------
DLS create!
[0, 0.6395589709281921, 0.5490870475769043, 0.992859959602356, 0.20325790345668793, 1.253942847251892, 0.9914872646331787, '00:38']
Better model found at epoch 0 with valid_loss value: 0.5490870475769043.
[1, 0.5658572316169739, 0.5266885757446289, 0.9929247498512268, 0.1874372959136963, 1.1546486616134644, 0.9953184127807617, '00:38']
Better model found at epoch 1 with valid_loss value: 0.5266885757446289.
[2, 0.5363937616348267, 0.5163576006889343, 0.9929262399673462, 0.1801125705242157, 1.105011224746704, 0.993350088596344, '00:38']
Better model found at epoch 2 with valid_loss value: 0.5163576006889343.
[3, 0.5228161811828613, 0.5146378874778748, 0.9929454922676086, 0.17696714401245117, 1.0722085237503052, 0.9949207901954651, '00:39']
Better model found at epoch 3 with valid_loss value: 0.5146378874778748.
[4, 0.5128369331359863, 0.5142507553100586, 0.9929494261741638, 0.17509062588214874, 1.0541554689407349, 0.9937195181846619, '00:38']
Better model found at epoch 4 with valid_loss value: 0.5142507553100586.
[5, 0.5061017274856567, 0.5124927163124084, 0.9929389953613281, 0.17475977540016174, 1.0701889991760254, 0.9889758229255676, '00:39']
Better model found at epoch 5 with valid_loss value: 0.5124927163124084.
[6, 0.5006222128868103, 0.5177945494651794, 0.9929604530334473, 0.17411786317825317, 1.0278592109680176, 0.9957635402679443, '00:39']
[7, 0.49354368448257446, 0.5207552313804626, 0.9929648041725159, 0.17375582456588745, 1.017601728439331, 0.9973337650299072, '00:38']
[8, 0.5022890567779541, 0.5144659876823425, 0.992942214012146, 0.17439812421798706, 1.107904314994812, 0.9883613586425781, '00:37']
[9, 0.5005987286567688, 0.49653804302215576, 0.9928677082061768, 0.1741977035999298, 1.1836966276168823, 0.9479621052742004, '00:38']
Better model found at epoch 9 with valid_loss value: 0.49653804302215576.
[10, 0.496166855096817, 0.48139381408691406, 0.9928060173988342, 0.17405806481838226, 1.1823961734771729, 0.9079042077064514, '00:38']
Better model found at epoch 10 with valid_loss value: 0.48139381408691406.
[11, 0.4907182455062866, 0.4803556203842163, 0.9925799369812012, 0.176529198884964, 1.48243248462677, 0.8822020292282104, '00:39']
Better model found at epoch 11 with valid_loss value: 0.4803556203842163.
[12, 0.4863380789756775, 0.4448665976524353, 0.9923762083053589, 0.17668387293815613, 1.485363245010376, 0.8225169777870178, '00:38']
Better model found at epoch 12 with valid_loss value: 0.4448665976524353.
[13, 0.48725131154060364, 0.46885237097740173, 0.9926517605781555, 0.17557348310947418, 1.402349591255188, 0.8819640278816223, '00:38']
[14, 0.48524904251098633, 0.47251126170158386, 0.9924212098121643, 0.1795158088207245, 1.5962364673614502, 0.8690394759178162, '00:39']
[15, 0.48146307468414307, 0.46592044830322266, 0.9926897883415222, 0.17451032996177673, 1.2658926248550415, 0.8831551671028137, '00:38']
[16, 0.48591455817222595, 0.45974817872047424, 0.9926372170448303, 0.17497412860393524, 1.3179899454116821, 0.8717299699783325, '00:39']
[17, 0.478314608335495, 0.5085299611091614, 0.9928929805755615, 0.17386461794376373, 1.1674073934555054, 0.9576534032821655, '00:38']
[18, 0.4768030643463135, 0.4801842272281647, 0.9925385117530823, 0.17727568745613098, 1.5232656002044678, 0.8761847019195557, '00:38']
[19, 0.47324949502944946, 0.46459296345710754, 0.9922200441360474, 0.18022997677326202, 1.6465195417404175, 0.822780966758728, '00:38']
[20, 0.47615480422973633, 0.44700154662132263, 0.9923112392425537, 0.17677849531173706, 1.478152871131897, 0.8193812370300293, '00:39']
No improvement since epoch 12: early stopping
Unet Done!
