Models will save to Unet_dpn131_x
Use dpn131 encoder
Start training...
----------
0
----------
DLS create!
[0, 0.5675761103630066, 0.523657500743866, 0.9819289445877075, 0.18494778871536255, 1.1579762697219849, 0.9911975860595703, '00:42']
Better model found at epoch 0 with valid_loss value: 0.523657500743866.
[1, 0.5308749079704285, 0.5309075117111206, 0.9817094206809998, 0.1934046894311905, 1.3890126943588257, 0.9716387987136841, '00:41']
[2, 0.513769805431366, 0.49767419695854187, 0.9816861748695374, 0.1785040646791458, 1.3316136598587036, 0.9463222622871399, '00:41']
Better model found at epoch 2 with valid_loss value: 0.49767419695854187.
[3, 0.5044123530387878, 0.49351853132247925, 0.9816925525665283, 0.17718644440174103, 1.4102598428726196, 0.9326715469360352, '00:42']
Better model found at epoch 3 with valid_loss value: 0.49351853132247925.
[4, 0.5017146468162537, 0.6622393727302551, 0.9816985130310059, 0.24859772622585297, 1.8359063863754272, 0.9787180423736572, '00:44']
[5, 0.4987604022026062, 0.49335119128227234, 0.981506884098053, 0.18029631674289703, 1.5394008159637451, 0.9185267686843872, '00:43']
Better model found at epoch 5 with valid_loss value: 0.49335119128227234.
[6, 0.4901452660560608, 0.4775969684123993, 0.9815423488616943, 0.176581010222435, 1.46608304977417, 0.8929908275604248, '00:43']
Better model found at epoch 6 with valid_loss value: 0.4775969684123993.
[7, 0.49307313561439514, 0.4961719810962677, 0.9818320274353027, 0.17435911297798157, 1.2117315530776978, 0.9321534633636475, '00:41']
[8, 0.4959527552127838, 0.4722829759120941, 0.9815884828567505, 0.17531521618366241, 1.3537689447402954, 0.8873151540756226, '00:42']
Better model found at epoch 8 with valid_loss value: 0.4722829759120941.
[9, 0.4898148775100708, 0.5312058925628662, 0.981113851070404, 0.19398514926433563, 1.7949775457382202, 0.900213360786438, '00:41']
[10, 0.4847782254219055, 0.49213406443595886, 0.9818036556243896, 0.1743582934141159, 1.1998203992843628, 0.9252090454101562, '00:42']
[11, 0.4890381991863251, 0.4765761196613312, 0.9816628098487854, 0.17497296631336212, 1.2965368032455444, 0.8983269929885864, '00:43']
[12, 0.48603808879852295, 0.46741336584091187, 0.981500506401062, 0.17572574317455292, 1.4116665124893188, 0.8751406669616699, '00:42']
Better model found at epoch 12 with valid_loss value: 0.46741336584091187.
[13, 0.4861244857311249, 0.4799433648586273, 0.9813873171806335, 0.17851966619491577, 1.5531373023986816, 0.8906833529472351, '00:41']
[14, 0.483347624540329, 0.49641990661621094, 0.9817938208580017, 0.17365531623363495, 1.0789905786514282, 0.9173991680145264, '00:42']
[15, 0.48090213537216187, 0.4637683928012848, 0.9815422892570496, 0.17508430778980255, 1.3251824378967285, 0.8702552914619446, '00:42']
Better model found at epoch 15 with valid_loss value: 0.4637683928012848.
[16, 0.481148362159729, 0.4493682086467743, 0.9814161658287048, 0.1751357764005661, 1.3666952848434448, 0.8361371755599976, '00:42']
Better model found at epoch 16 with valid_loss value: 0.4493682086467743.
[17, 0.4799690544605255, 0.5437712073326111, 0.9812955856323242, 0.19259746372699738, 1.8023951053619385, 0.9124191403388977, '00:42']
[18, 0.4792638421058655, 0.4605410099029541, 0.9815266728401184, 0.1749359518289566, 1.3331712484359741, 0.8613768815994263, '00:41']
[19, 0.47518008947372437, 0.4878508746623993, 0.9814593195915222, 0.17925851047039032, 1.5945559740066528, 0.8866574168205261, '00:42']
[20, 0.4743419885635376, 0.446180522441864, 0.9814062714576721, 0.1751963347196579, 1.349661946296692, 0.832603931427002, '00:41']
Better model found at epoch 20 with valid_loss value: 0.446180522441864.
[21, 0.48089486360549927, 0.44986847043037415, 0.9814047813415527, 0.17557111382484436, 1.4095596075057983, 0.8325321674346924, '00:41']
[22, 0.4752720892429352, 0.43941444158554077, 0.9811348915100098, 0.17679692804813385, 1.508084774017334, 0.8022801876068115, '00:41']
Better model found at epoch 22 with valid_loss value: 0.43941444158554077.
[23, 0.4701519310474396, 0.481618195772171, 0.9817032217979431, 0.174225315451622, 1.2194992303848267, 0.887817919254303, '00:41']
[24, 0.4711800217628479, 0.4414573013782501, 0.9812772274017334, 0.17538204789161682, 1.4058892726898193, 0.8149787783622742, '00:41']
[25, 0.4703405201435089, 0.48412713408470154, 0.9809081554412842, 0.1847274899482727, 1.7241871356964111, 0.8379666805267334, '00:42']
[26, 0.46487823128700256, 0.4425768256187439, 0.9811184406280518, 0.17722995579242706, 1.5189348459243774, 0.8084443807601929, '00:41']
[27, 0.46021610498428345, 0.4197820723056793, 0.9813092947006226, 0.1745644360780716, 1.2646300792694092, 0.7742809057235718, '00:41']
Better model found at epoch 27 with valid_loss value: 0.4197820723056793.
[28, 0.4669463634490967, 0.42977121472358704, 0.981294572353363, 0.1747298538684845, 1.3165433406829834, 0.7943633794784546, '00:41']
[29, 0.4694083333015442, 0.4245167076587677, 0.9813253283500671, 0.17454388737678528, 1.290718913078308, 0.7864995002746582, '00:41']
[30, 0.4654833674430847, 0.42745426297187805, 0.9812471866607666, 0.17549794912338257, 1.365269422531128, 0.7882013916969299, '00:42']
[31, 0.4566461443901062, 0.4268989861011505, 0.9812483787536621, 0.17529931664466858, 1.3478741645812988, 0.7861788272857666, '00:41']
[32, 0.4600464105606079, 0.4437589943408966, 0.9810303449630737, 0.17824745178222656, 1.5597862005233765, 0.8064510226249695, '00:42']
[33, 0.4633195400238037, 0.43414589762687683, 0.9811449646949768, 0.17644783854484558, 1.4475725889205933, 0.8019209504127502, '00:42']
[34, 0.4559757709503174, 0.42361459136009216, 0.9811235666275024, 0.1760171800851822, 1.458821415901184, 0.7736095190048218, '00:42']
[35, 0.4641532003879547, 0.4895552098751068, 0.9811892509460449, 0.18277746438980103, 1.6852829456329346, 0.8590783476829529, '00:42']
No improvement since epoch 27: early stopping
----------
1
----------
DLS create!
[0, 0.5751712918281555, 0.5285277366638184, 0.9905521273612976, 0.187522292137146, 1.1665382385253906, 0.9943283796310425, '00:42']
Better model found at epoch 0 with valid_loss value: 0.5285277366638184.
[1, 0.533182680606842, 0.5114010572433472, 0.9904849529266357, 0.178339421749115, 1.1621428728103638, 0.978622317314148, '00:41']
Better model found at epoch 1 with valid_loss value: 0.5114010572433472.
[2, 0.5177412629127502, 0.48536205291748047, 0.9898850917816162, 0.18237996101379395, 1.499398112297058, 0.9020902514457703, '00:42']
Better model found at epoch 2 with valid_loss value: 0.48536205291748047.
[3, 0.504254937171936, 0.4911912679672241, 0.9902628660202026, 0.17656239867210388, 1.3311421871185303, 0.9264827966690063, '00:43']
[4, 0.500526487827301, 0.5153064727783203, 0.9897165894508362, 0.19131195545196533, 1.7483243942260742, 0.8952208757400513, '00:42']
[5, 0.4936577081680298, 0.4715385138988495, 0.9898784160614014, 0.17920958995819092, 1.5378986597061157, 0.8701248168945312, '00:42']
Better model found at epoch 5 with valid_loss value: 0.4715385138988495.
[6, 0.492190957069397, 0.4888630211353302, 0.9895842671394348, 0.18590860068798065, 1.700510025024414, 0.8618471026420593, '00:42']
[7, 0.49007701873779297, 0.49973350763320923, 0.9897706508636475, 0.18698447942733765, 1.6241884231567383, 0.8984473347663879, '00:43']
[8, 0.4941655397415161, 0.47110190987586975, 0.9895347356796265, 0.18283727765083313, 1.6515202522277832, 0.841692328453064, '00:43']
Better model found at epoch 8 with valid_loss value: 0.47110190987586975.
[9, 0.4889271855354309, 0.46319034695625305, 0.9901334047317505, 0.17524072527885437, 1.2962541580200195, 0.8720983266830444, '00:44']
Better model found at epoch 9 with valid_loss value: 0.46319034695625305.
[10, 0.4844898581504822, 0.4587457776069641, 0.9898868799209595, 0.17753098905086517, 1.4864329099655151, 0.843289852142334, '00:44']
Better model found at epoch 10 with valid_loss value: 0.4587457776069641.
[11, 0.4846537113189697, 0.48096975684165955, 0.9901657104492188, 0.17507457733154297, 1.2996796369552612, 0.900050699710846, '00:44']
[12, 0.4817585051059723, 0.48681238293647766, 0.990399956703186, 0.1736590564250946, 1.0852470397949219, 0.8915649056434631, '00:45']
[13, 0.4810165464878082, 0.466687947511673, 0.9901062846183777, 0.1756521314382553, 1.3644660711288452, 0.8685105443000793, '00:47']
[14, 0.4821498990058899, 0.4529440999031067, 0.9899657368659973, 0.1758687049150467, 1.3963819742202759, 0.8387662768363953, '00:46']
Better model found at epoch 14 with valid_loss value: 0.4529440999031067.
[15, 0.4860478639602661, 0.47848594188690186, 0.9894131422042847, 0.1847890019416809, 1.6958389282226562, 0.8342222571372986, '00:45']
[16, 0.4844629168510437, 0.4753798246383667, 0.9902130365371704, 0.17462636530399323, 1.2396042346954346, 0.8894110918045044, '00:42']
[17, 0.47998538613319397, 0.44410204887390137, 0.9898942708969116, 0.17554597556591034, 1.3601646423339844, 0.8285402655601501, '00:43']
Better model found at epoch 17 with valid_loss value: 0.44410204887390137.
[18, 0.4730348289012909, 0.4362627863883972, 0.9898214340209961, 0.1756080836057663, 1.3772389888763428, 0.8069199323654175, '00:42']
Better model found at epoch 18 with valid_loss value: 0.4362627863883972.
[19, 0.4681336581707001, 0.48125359416007996, 0.9897933602333069, 0.179939404129982, 1.6049576997756958, 0.8617475032806396, '00:42']
[20, 0.46473464369773865, 0.43499261140823364, 0.989751935005188, 0.17639079689979553, 1.4320343732833862, 0.8003437519073486, '00:43']
Better model found at epoch 20 with valid_loss value: 0.43499261140823364.
[21, 0.4723609685897827, 0.43780067563056946, 0.9898701906204224, 0.17531999945640564, 1.342449426651001, 0.8150103092193604, '00:42']
[22, 0.4669283926486969, 0.4410022795200348, 0.9896255135536194, 0.1773933470249176, 1.4940946102142334, 0.805266261100769, '00:42']
[23, 0.4629824459552765, 0.4571976661682129, 0.98977130651474, 0.17770740389823914, 1.5087683200836182, 0.8349469304084778, '00:42']
[24, 0.4674399197101593, 0.44943562150001526, 0.9896920919418335, 0.17739786207675934, 1.4867804050445557, 0.8200526237487793, '00:43']
[25, 0.4714197814464569, 0.4297313988208771, 0.989899754524231, 0.1747073084115982, 1.2721340656280518, 0.7999100089073181, '00:43']
Better model found at epoch 25 with valid_loss value: 0.4297313988208771.
[26, 0.46963006258010864, 0.43290260434150696, 0.9899643063545227, 0.17448560893535614, 1.250497817993164, 0.7991408109664917, '00:44']
[27, 0.4654291570186615, 0.4403417408466339, 0.9898016452789307, 0.17559944093227386, 1.3624919652938843, 0.8142884373664856, '00:44']
[28, 0.45648232102394104, 0.4298790693283081, 0.9897981286048889, 0.1750601828098297, 1.3120014667510986, 0.7915413975715637, '00:43']
[29, 0.45864713191986084, 0.42650124430656433, 0.9895071983337402, 0.17705532908439636, 1.4729434251785278, 0.7766156196594238, '00:44']
Better model found at epoch 29 with valid_loss value: 0.42650124430656433.
[30, 0.4584684669971466, 0.4447121024131775, 0.9893563985824585, 0.18057775497436523, 1.6128617525100708, 0.7920917868614197, '00:44']
[31, 0.46758487820625305, 0.4401392638683319, 0.9893982410430908, 0.17920272052288055, 1.5813050270080566, 0.7838576436042786, '00:43']
[32, 0.46693578362464905, 0.42890793085098267, 0.9895270466804504, 0.1773233711719513, 1.4865952730178833, 0.7796139717102051, '00:45']
[33, 0.46400755643844604, 0.4715452790260315, 0.9901365041732788, 0.1744496077299118, 1.2348121404647827, 0.8726545572280884, '00:45']
[34, 0.4577193558216095, 0.4273529648780823, 0.9893750548362732, 0.17764027416706085, 1.5106611251831055, 0.7675570249557495, '00:44']
[35, 0.4495365023612976, 0.45981720089912415, 0.9901410937309265, 0.17471803724765778, 1.2726577520370483, 0.8423537015914917, '00:46']
[36, 0.4552963674068451, 0.4833929240703583, 0.9892538785934448, 0.18381960690021515, 1.6833205223083496, 0.8164579272270203, '00:45']
[37, 0.45523354411125183, 0.44855427742004395, 0.989655613899231, 0.17700232565402985, 1.4384669065475464, 0.8119032979011536, '00:46']
No improvement since epoch 29: early stopping
----------
2
----------
DLS create!
[0, 0.7614457607269287, 0.8965965509414673, 0.9916380047798157, 0.2815138101577759, 1.8002614974975586, 0.9983300566673279, '00:47']
Better model found at epoch 0 with valid_loss value: 0.8965965509414673.
[1, 0.6247591376304626, 0.539110004901886, 0.9916148781776428, 0.19564321637153625, 1.1980926990509033, 0.9944047331809998, '00:43']
Better model found at epoch 1 with valid_loss value: 0.539110004901886.
[2, 0.559105634689331, 0.5206844806671143, 0.9916777014732361, 0.17910362780094147, 1.0932538509368896, 0.9982870817184448, '00:44']
Better model found at epoch 2 with valid_loss value: 0.5206844806671143.
[3, 0.5308249592781067, 0.5062150955200195, 0.9914638996124268, 0.17953899502754211, 1.2894011735916138, 0.9653893709182739, '00:42']
Better model found at epoch 3 with valid_loss value: 0.5062150955200195.
[4, 0.516528844833374, 0.5005205273628235, 0.9912540912628174, 0.18213973939418793, 1.4036303758621216, 0.9401201009750366, '00:42']
Better model found at epoch 4 with valid_loss value: 0.5005205273628235.
[5, 0.5088117122650146, 0.5045327544212341, 0.9914833903312683, 0.17728960514068604, 1.3510066270828247, 0.9572460651397705, '00:42']
[6, 0.5036585330963135, 0.48770660161972046, 0.9914222955703735, 0.17523978650569916, 1.2833832502365112, 0.9272903800010681, '00:42']
Better model found at epoch 6 with valid_loss value: 0.48770660161972046.
[7, 0.4966827929019928, 0.48871302604675293, 0.9913737773895264, 0.17640292644500732, 1.3849413394927979, 0.9245457649230957, '00:42']
[8, 0.49375635385513306, 0.6816569566726685, 0.9915001392364502, 0.24522532522678375, 1.8776518106460571, 0.9824837446212769, '00:42']
[9, 0.49007150530815125, 0.48245179653167725, 0.9911609888076782, 0.1783887892961502, 1.5514326095581055, 0.8931112289428711, '00:42']
Better model found at epoch 9 with valid_loss value: 0.48245179653167725.
[10, 0.4871501326560974, 0.48472997546195984, 0.9914402365684509, 0.17447935044765472, 1.223105549812317, 0.9117668271064758, '00:42']
[11, 0.48747143149375916, 0.4927411675453186, 0.9913113117218018, 0.17723259329795837, 1.479657769203186, 0.9241732358932495, '00:42']
[12, 0.48982754349708557, 0.47435858845710754, 0.9911453127861023, 0.17725767195224762, 1.4794617891311646, 0.8853618502616882, '00:42']
Better model found at epoch 12 with valid_loss value: 0.47435858845710754.
[13, 0.491372287273407, 0.474549263715744, 0.9910693764686584, 0.17823658883571625, 1.544315218925476, 0.8782917857170105, '00:41']
[14, 0.4890269339084625, 0.48597419261932373, 0.9912346005439758, 0.17807531356811523, 1.5430121421813965, 0.9004511833190918, '00:42']
[15, 0.4857335090637207, 0.4782661199569702, 0.9913133978843689, 0.17538994550704956, 1.3555712699890137, 0.8977653980255127, '00:42']
[16, 0.4799387454986572, 0.4763755798339844, 0.9912110567092896, 0.17660249769687653, 1.445191740989685, 0.8879194855690002, '00:42']
[17, 0.47345852851867676, 0.4636780321598053, 0.9912006855010986, 0.1755502074956894, 1.383324146270752, 0.8608115315437317, '00:42']
Better model found at epoch 17 with valid_loss value: 0.4636780321598053.
[18, 0.47655346989631653, 0.46571147441864014, 0.9912571310997009, 0.17509113252162933, 1.3288089036941528, 0.86530601978302, '00:42']
[19, 0.4713917672634125, 0.4631456136703491, 0.9911654591560364, 0.17567262053489685, 1.3854023218154907, 0.8641571998596191, '00:42']
Better model found at epoch 19 with valid_loss value: 0.4631456136703491.
[20, 0.4764765202999115, 0.45543229579925537, 0.9911273717880249, 0.17576591670513153, 1.4208173751831055, 0.8465812802314758, '00:43']
Better model found at epoch 20 with valid_loss value: 0.45543229579925537.
[21, 0.4786999821662903, 0.48211389780044556, 0.9910418391227722, 0.1789277046918869, 1.5794450044631958, 0.8768617510795593, '00:42']
[22, 0.472372829914093, 0.4795660674571991, 0.990888237953186, 0.18126925826072693, 1.6486992835998535, 0.8614708781242371, '00:42']
[23, 0.4761947691440582, 0.4609389305114746, 0.9911898374557495, 0.17523477971553802, 1.3508471250534058, 0.8574220538139343, '00:43']
[24, 0.4674496650695801, 0.48634788393974304, 0.9914027452468872, 0.1739295870065689, 1.1617294549942017, 0.9020451903343201, '00:42']
[25, 0.4694366753101349, 0.4600966274738312, 0.9912813901901245, 0.1743936687707901, 1.242281436920166, 0.8572314381599426, '00:43']
[26, 0.471864253282547, 0.4663987159729004, 0.9907767176628113, 0.17979250848293304, 1.5845445394515991, 0.8383534550666809, '00:44']
[27, 0.4638673961162567, 0.45698410272598267, 0.9912980198860168, 0.17405477166175842, 1.1962649822235107, 0.8408693671226501, '00:44']
[28, 0.4675346910953522, 0.46055686473846436, 0.9912397861480713, 0.1746680736541748, 1.2845969200134277, 0.8606997132301331, '00:44']
No improvement since epoch 20: early stopping
----------
3
----------
DLS create!
[0, 0.5917989015579224, 0.539756178855896, 0.9931727051734924, 0.19607685506343842, 1.1934934854507446, 0.9965416789054871, '00:43']
Better model found at epoch 0 with valid_loss value: 0.539756178855896.
[1, 0.5444456934928894, 0.5155782103538513, 0.9931266903877258, 0.18184950947761536, 1.146026849746704, 0.9873335361480713, '00:43']
Better model found at epoch 1 with valid_loss value: 0.5155782103538513.
[2, 0.5228395462036133, 0.504679799079895, 0.9928602576255798, 0.18310506641864777, 1.4599521160125732, 0.9481452107429504, '00:43']
Better model found at epoch 2 with valid_loss value: 0.504679799079895.
[3, 0.5083367824554443, 0.5047378540039062, 0.9929420948028564, 0.1807696521282196, 1.5307599306106567, 0.9553837776184082, '00:43']
[4, 0.49696826934814453, 0.49234887957572937, 0.9929533004760742, 0.177292138338089, 1.4934016466140747, 0.9394875168800354, '00:43']
Better model found at epoch 4 with valid_loss value: 0.49234887957572937.
[5, 0.5017191767692566, 0.48176994919776917, 0.9926695227622986, 0.17992520332336426, 1.6158897876739502, 0.9006484150886536, '00:43']
Better model found at epoch 5 with valid_loss value: 0.48176994919776917.
[6, 0.49214261770248413, 0.4757830500602722, 0.9926166534423828, 0.1791013777256012, 1.6531529426574707, 0.8753528594970703, '00:43']
Better model found at epoch 6 with valid_loss value: 0.4757830500602722.
[7, 0.48911765217781067, 0.46165329217910767, 0.9925393462181091, 0.17821384966373444, 1.5979119539260864, 0.8634254932403564, '00:43']
Better model found at epoch 7 with valid_loss value: 0.46165329217910767.
[8, 0.48892733454704285, 0.46227142214775085, 0.9926204085350037, 0.17747977375984192, 1.5683287382125854, 0.865239679813385, '00:43']
[9, 0.4855623245239258, 0.49393367767333984, 0.9926899075508118, 0.18137827515602112, 1.7027127742767334, 0.9010635018348694, '00:44']
[10, 0.48542264103889465, 0.4737205505371094, 0.9929087162017822, 0.17540127038955688, 1.4335287809371948, 0.8995264172554016, '00:44']
[11, 0.47969329357147217, 0.4605187773704529, 0.9926688075065613, 0.176831915974617, 1.561234712600708, 0.8591107130050659, '00:44']
Better model found at epoch 11 with valid_loss value: 0.4605187773704529.
[12, 0.4773359000682831, 0.46066606044769287, 0.992775559425354, 0.17571444809436798, 1.4874927997589111, 0.8680453896522522, '00:43']
[13, 0.47626522183418274, 0.46491074562072754, 0.9929154515266418, 0.17419099807739258, 1.2804397344589233, 0.8791258931159973, '00:44']
[14, 0.47985661029815674, 0.4626672863960266, 0.9928572177886963, 0.17515823245048523, 1.4324960708618164, 0.8739468455314636, '00:43']
[15, 0.4784800410270691, 0.46054279804229736, 0.9923617839813232, 0.1796818971633911, 1.6731992959976196, 0.8308928608894348, '00:43']
[16, 0.4804035425186157, 0.4583430588245392, 0.9928633570671082, 0.1746000051498413, 1.338618516921997, 0.8707183599472046, '00:44']
Better model found at epoch 16 with valid_loss value: 0.4583430588245392.
[17, 0.4787808060646057, 0.46889448165893555, 0.9923825860023499, 0.18102851510047913, 1.6939291954040527, 0.8454277515411377, '00:43']
[18, 0.48012492060661316, 0.4733034074306488, 0.9924947023391724, 0.17996281385421753, 1.6871345043182373, 0.8557822704315186, '00:43']
[19, 0.47380200028419495, 0.45093533396720886, 0.9927346110343933, 0.17483478784561157, 1.3848944902420044, 0.8536308407783508, '00:42']
Better model found at epoch 19 with valid_loss value: 0.45093533396720886.
[20, 0.4760540723800659, 0.4553763270378113, 0.9925833344459534, 0.17731954157352448, 1.5806584358215332, 0.8444612622261047, '00:43']
[21, 0.48115020990371704, 0.4374447762966156, 0.9925675392150879, 0.17584998905658722, 1.4806615114212036, 0.8238296508789062, '00:44']
Better model found at epoch 21 with valid_loss value: 0.4374447762966156.
[22, 0.4753275215625763, 0.4420027732849121, 0.9926162362098694, 0.17586316168308258, 1.5006297826766968, 0.8266302943229675, '00:43']
[23, 0.46645182371139526, 0.46173956990242004, 0.9924710392951965, 0.17882078886032104, 1.6339255571365356, 0.8388361930847168, '00:43']
[24, 0.47055840492248535, 0.4566267728805542, 0.9929066300392151, 0.1744876652956009, 1.3297895193099976, 0.8606354594230652, '00:43']
[25, 0.46652740240097046, 0.430054634809494, 0.9925934672355652, 0.1753406971693039, 1.4474458694458008, 0.8030595183372498, '00:44']
Better model found at epoch 25 with valid_loss value: 0.430054634809494.
[26, 0.46391022205352783, 0.43558311462402344, 0.9926226139068604, 0.1751517653465271, 1.438645362854004, 0.8168672919273376, '00:43']
[27, 0.46084195375442505, 0.45077478885650635, 0.9923346042633057, 0.17882069945335388, 1.6469483375549316, 0.8179234862327576, '00:43']
[28, 0.46672576665878296, 0.43545258045196533, 0.9923948049545288, 0.1771240383386612, 1.5772608518600464, 0.8076885938644409, '00:43']
[29, 0.4643969237804413, 0.4356585443019867, 0.9927173852920532, 0.17465658485889435, 1.3641377687454224, 0.8183079361915588, '00:43']
[30, 0.45826902985572815, 0.43814051151275635, 0.9926910996437073, 0.17507874965667725, 1.4274593591690063, 0.8247852921485901, '00:44']
[31, 0.459724098443985, 0.428975373506546, 0.9925262928009033, 0.17549888789653778, 1.4804894924163818, 0.7984878420829773, '00:43']
Better model found at epoch 31 with valid_loss value: 0.428975373506546.
[32, 0.44972333312034607, 0.4463590681552887, 0.9926291108131409, 0.17625676095485687, 1.5283998250961304, 0.8253656625747681, '00:43']
[33, 0.46044662594795227, 0.4359227120876312, 0.9927026033401489, 0.1745741218328476, 1.3456374406814575, 0.8196155428886414, '00:43']
[34, 0.4622376263141632, 0.439083069562912, 0.9927286505699158, 0.17502042651176453, 1.4318211078643799, 0.824666440486908, '00:43']
[35, 0.4619123041629791, 0.43466341495513916, 0.9927150011062622, 0.17481617629528046, 1.3998839855194092, 0.8146517276763916, '00:43']
[36, 0.46338582038879395, 0.43797892332077026, 0.9924521446228027, 0.1768641471862793, 1.5678611993789673, 0.8079472184181213, '00:43']
[37, 0.45592784881591797, 0.43535277247428894, 0.9925980567932129, 0.1754511594772339, 1.4683294296264648, 0.8116611838340759, '00:43']
[38, 0.4605371356010437, 0.4283619523048401, 0.9925158619880676, 0.1756916493177414, 1.4911739826202393, 0.7984539270401001, '00:41']
Better model found at epoch 38 with valid_loss value: 0.4283619523048401.
[39, 0.46410703659057617, 0.4382616877555847, 0.992489218711853, 0.17657144367694855, 1.5418769121170044, 0.8082236051559448, '00:41']
[40, 0.4566899240016937, 0.4611019492149353, 0.9923392534255981, 0.1802862286567688, 1.676363229751587, 0.8248541951179504, '00:41']
[41, 0.46660172939300537, 0.449024498462677, 0.9924179911613464, 0.1783910095691681, 1.620475172996521, 0.8246927261352539, '00:42']
[42, 0.4427371323108673, 0.42194148898124695, 0.9926139116287231, 0.17437709867954254, 1.2883061170578003, 0.7839593887329102, '00:41']
Better model found at epoch 42 with valid_loss value: 0.42194148898124695.
[43, 0.4425150752067566, 0.41494256258010864, 0.9924882650375366, 0.17522434890270233, 1.4439903497695923, 0.7751425504684448, '00:41']
Better model found at epoch 43 with valid_loss value: 0.41494256258010864.
[44, 0.4460325837135315, 0.457481324672699, 0.9923939108848572, 0.17875628173351288, 1.6451445817947388, 0.8203650116920471, '00:41']
[45, 0.43835946917533875, 0.4548608362674713, 0.992238461971283, 0.1797969788312912, 1.6716046333312988, 0.807533860206604, '00:41']
[46, 0.43633827567100525, 0.4335821568965912, 0.9924798607826233, 0.1761278510093689, 1.525579571723938, 0.8008306622505188, '00:41']
[47, 0.44031402468681335, 0.4362297058105469, 0.992550790309906, 0.17600084841251373, 1.5154483318328857, 0.8066635131835938, '00:42']
[48, 0.4447448253631592, 0.4479718506336212, 0.9923433065414429, 0.17854365706443787, 1.6417635679244995, 0.8102760910987854, '00:42']
[49, 0.4415284991264343, 0.42781347036361694, 0.9925018548965454, 0.17563126981258392, 1.4649354219436646, 0.7948465347290039, '00:42']
[50, 0.45075997710227966, 0.43700411915779114, 0.9924685955047607, 0.17680113017559052, 1.5655378103256226, 0.8058174848556519, '00:41']
[51, 0.449479877948761, 0.4647862911224365, 0.9922357797622681, 0.18093863129615784, 1.6975995302200317, 0.8099907040596008, '00:42']
No improvement since epoch 43: early stopping
----------
4
----------
DLS create!
[0, 0.6005349159240723, 0.5466132760047913, 0.9905126094818115, 0.20015843212604523, 1.2599797248840332, 0.994661808013916, '00:42']
Better model found at epoch 0 with valid_loss value: 0.5466132760047913.
[1, 0.5464669466018677, 0.5188360810279846, 0.990472674369812, 0.18264652788639069, 1.173704743385315, 0.9863525032997131, '00:41']
Better model found at epoch 1 with valid_loss value: 0.5188360810279846.
[2, 0.5259783267974854, 0.5230706334114075, 0.9901482462882996, 0.19127649068832397, 1.393683671951294, 0.9592581391334534, '00:42']
[3, 0.5124754905700684, 0.5064657926559448, 0.9904441237449646, 0.17598925530910492, 1.1694492101669312, 0.9685749411582947, '00:41']
Better model found at epoch 3 with valid_loss value: 0.5064657926559448.
[4, 0.5054510235786438, 0.500515878200531, 0.990147590637207, 0.17947402596473694, 1.4622502326965332, 0.9306228160858154, '00:41']
Better model found at epoch 4 with valid_loss value: 0.500515878200531.
[5, 0.5033854842185974, 0.4984368681907654, 0.9903860688209534, 0.17523135244846344, 1.2350802421569824, 0.9455432891845703, '00:41']
Better model found at epoch 5 with valid_loss value: 0.4984368681907654.
[6, 0.49196183681488037, 0.4992991089820862, 0.9903600215911865, 0.1752471923828125, 1.3115204572677612, 0.9356303811073303, '00:42']
[7, 0.4903170168399811, 0.48308101296424866, 0.9902374148368835, 0.1752847135066986, 1.3270317316055298, 0.9041131138801575, '00:41']
Better model found at epoch 7 with valid_loss value: 0.48308101296424866.
[8, 0.48733365535736084, 0.4857748746871948, 0.9898502826690674, 0.18121179938316345, 1.6208328008651733, 0.8868123888969421, '00:42']
[9, 0.4796174168586731, 0.4682054817676544, 0.9899604320526123, 0.17708472907543182, 1.478593111038208, 0.8665261268615723, '00:41']
Better model found at epoch 9 with valid_loss value: 0.4682054817676544.
[10, 0.48327529430389404, 0.4793614447116852, 0.9901368021965027, 0.1764805018901825, 1.4373273849487305, 0.8888135552406311, '00:42']
[11, 0.4767245352268219, 0.4658633768558502, 0.989997923374176, 0.17632514238357544, 1.438653826713562, 0.8612774610519409, '00:41']
Better model found at epoch 11 with valid_loss value: 0.4658633768558502.
[12, 0.47537514567375183, 0.4832404553890228, 0.9902482032775879, 0.17485710978507996, 1.2986301183700562, 0.8893497586250305, '00:42']
[13, 0.47224658727645874, 0.5834175944328308, 0.9892982244491577, 0.20353659987449646, 1.854496717453003, 0.8828473091125488, '00:42']
[14, 0.47255104780197144, 0.46519801020622253, 0.9899206757545471, 0.17728407680988312, 1.486592173576355, 0.858579695224762, '00:42']
Better model found at epoch 14 with valid_loss value: 0.46519801020622253.
[15, 0.4673334062099457, 0.49900177121162415, 0.9900029897689819, 0.18019354343414307, 1.6148545742034912, 0.8895381093025208, '00:42']
[16, 0.46907541155815125, 0.7906742691993713, 0.9901199340820312, 0.20349231362342834, 1.8442891836166382, 0.9528933167457581, '00:41']
[17, 0.46877115964889526, 0.4668315649032593, 0.9899813532829285, 0.17673316597938538, 1.4622389078140259, 0.8605433702468872, '00:42']
[18, 0.46731749176979065, 0.5125133991241455, 0.9904736876487732, 0.1734568178653717, 1.0683945417404175, 0.9226911664009094, '00:41']
[19, 0.4769543409347534, 0.4849971830844879, 0.9902803897857666, 0.17478890717029572, 1.2853140830993652, 0.8992766737937927, '00:42']
[20, 0.47032418847084045, 0.48312345147132874, 0.9902909994125366, 0.1746334582567215, 1.2725341320037842, 0.8876507878303528, '00:41']
[21, 0.46759703755378723, 0.47627395391464233, 0.990249514579773, 0.1742570847272873, 1.2288763523101807, 0.8685442209243774, '00:41']
[22, 0.4604817032814026, 0.47941672801971436, 0.9896454811096191, 0.1810428947210312, 1.6291582584381104, 0.842652440071106, '00:41']
No improvement since epoch 14: early stopping
Unet Done!
