Models will save to Unet++_effb7_x
Use efficientnet-b7 encoder
Start training...
----------
0
----------
DLS create!
[0, 0.5884033441543579, 0.543052613735199, 0.9901356101036072, 0.19658851623535156, 1.1664018630981445, 0.9986655712127686, '00:46']
Better model found at epoch 0 with valid_loss value: 0.543052613735199.
[1, 0.542378842830658, 0.5243013501167297, 0.9901450276374817, 0.18149398267269135, 1.0772039890289307, 0.9982870817184448, '00:43']
Better model found at epoch 1 with valid_loss value: 0.5243013501167297.
[2, 0.5227339267730713, 0.5218299031257629, 0.9900535345077515, 0.18312902748584747, 1.140250563621521, 0.9871674180030823, '00:43']
Better model found at epoch 2 with valid_loss value: 0.5218299031257629.
[3, 0.5115838050842285, 0.5245028138160706, 0.9901503324508667, 0.17463627457618713, 1.0248780250549316, 0.9969190359115601, '00:43']
[4, 0.5007702708244324, 0.5195637941360474, 0.9901187419891357, 0.1752103865146637, 1.0679490566253662, 0.9890027642250061, '00:43']
Better model found at epoch 4 with valid_loss value: 0.5195637941360474.
[5, 0.49612945318222046, 0.5313910245895386, 0.9901570081710815, 0.17366114258766174, 1.0101975202560425, 0.9980432987213135, '00:44']
[6, 0.49325188994407654, 0.5316596627235413, 0.9901556372642517, 0.1736336499452591, 1.0097256898880005, 0.9971268773078918, '00:43']
[7, 0.48821166157722473, 0.5301468372344971, 0.9901570081710815, 0.1737745851278305, 1.0092289447784424, 0.998408854007721, '00:44']
[8, 0.4819079041481018, 0.5185228586196899, 0.9900853633880615, 0.17411671578884125, 1.1446774005889893, 0.9705967903137207, '00:44']
Better model found at epoch 8 with valid_loss value: 0.5185228586196899.
[9, 0.4870026707649231, 0.5021793246269226, 0.9899688959121704, 0.17421580851078033, 1.1751517057418823, 0.9355358481407166, '00:44']
Better model found at epoch 9 with valid_loss value: 0.5021793246269226.
[10, 0.48568588495254517, 0.48917657136917114, 0.989863395690918, 0.1745559573173523, 1.2152695655822754, 0.9091023206710815, '00:44']
Better model found at epoch 10 with valid_loss value: 0.48917657136917114.
[11, 0.48225414752960205, 0.5147250294685364, 0.9900323748588562, 0.1754455268383026, 1.3362171649932861, 0.9493827819824219, '00:44']
[12, 0.46840113401412964, 0.49782899022102356, 0.9898688197135925, 0.17505088448524475, 1.2869398593902588, 0.9231353998184204, '00:44']
[13, 0.472363144159317, 0.47393864393234253, 0.9893306493759155, 0.17980876564979553, 1.5586003065109253, 0.8554508090019226, '00:44']
Better model found at epoch 13 with valid_loss value: 0.47393864393234253.
[14, 0.46787309646606445, 0.501123309135437, 0.9894042611122131, 0.1822367012500763, 1.6264907121658325, 0.8847393989562988, '00:44']
[15, 0.47291332483291626, 0.6102810502052307, 0.9891984462738037, 0.1929473578929901, 1.7866034507751465, 0.8855153918266296, '00:45']
[16, 0.47364670038223267, 0.5360336303710938, 0.9893488883972168, 0.18732236325740814, 1.7287256717681885, 0.8919524550437927, '00:45']
[17, 0.46772363781929016, 0.48525217175483704, 0.9897902011871338, 0.17433319985866547, 1.1887260675430298, 0.8863808512687683, '00:45']
[18, 0.4750462472438812, 0.4891636073589325, 0.9898914694786072, 0.17384733259677887, 1.1470224857330322, 0.8960838913917542, '00:45']
[19, 0.4696079194545746, 0.4884258508682251, 0.9898213148117065, 0.17427891492843628, 1.1856907606124878, 0.8970359563827515, '00:44']
[20, 0.4704446494579315, 0.4771677255630493, 0.9895864725112915, 0.17708829045295715, 1.426754117012024, 0.8795900940895081, '00:44']
[21, 0.4647444784641266, 0.49573880434036255, 0.9893993139266968, 0.1807309091091156, 1.5948742628097534, 0.8657189011573792, '00:44']
No improvement since epoch 13: early stopping
----------
1
----------
DLS create!
[0, 0.6111277341842651, 0.543104350566864, 0.9915607571601868, 0.1972203552722931, 1.2195345163345337, 0.9987788200378418, '00:45']
Better model found at epoch 0 with valid_loss value: 0.543104350566864.
[1, 0.5495615601539612, 0.5244693756103516, 0.9915791749954224, 0.18284490704536438, 1.0886549949645996, 0.9998641610145569, '00:46']
Better model found at epoch 1 with valid_loss value: 0.5244693756103516.
[2, 0.524503231048584, 0.5180620551109314, 0.9915609359741211, 0.17733503878116608, 1.0527148246765137, 0.9963312745094299, '00:46']
Better model found at epoch 2 with valid_loss value: 0.5180620551109314.
[3, 0.5144099593162537, 0.5179000496864319, 0.9915618300437927, 0.17653313279151917, 1.0459692478179932, 0.996071457862854, '00:45']
Better model found at epoch 3 with valid_loss value: 0.5179000496864319.
[4, 0.5030650496482849, 0.5226641297340393, 0.9915791749954224, 0.1743650883436203, 1.0142475366592407, 0.9990121722221375, '00:46']
[5, 0.49691465497016907, 0.5238869190216064, 0.9915761351585388, 0.1738646924495697, 1.0105360746383667, 0.9972380995750427, '00:45']
[6, 0.49085041880607605, 0.527053713798523, 0.9915798902511597, 0.1736341416835785, 1.0054783821105957, 0.9986112117767334, '00:45']
[7, 0.4890559911727905, 0.5265228748321533, 0.9915748834609985, 0.17357459664344788, 1.0097845792770386, 0.9952205419540405, '00:46']
[8, 0.48663029074668884, 0.5179757475852966, 0.9915358424186707, 0.17371051013469696, 1.0558637380599976, 0.9747546315193176, '00:45']
[9, 0.48520052433013916, 0.49103668332099915, 0.9913687705993652, 0.17425429821014404, 1.1804852485656738, 0.9236257672309875, '00:46']
Better model found at epoch 9 with valid_loss value: 0.49103668332099915.
[10, 0.48305627703666687, 0.48640552163124084, 0.9913398027420044, 0.17388756573200226, 1.1022464036941528, 0.9112573862075806, '00:46']
Better model found at epoch 10 with valid_loss value: 0.48640552163124084.
[11, 0.4727214574813843, 0.48340320587158203, 0.9913057684898376, 0.17378415167331696, 1.117392897605896, 0.8886314630508423, '00:45']
Better model found at epoch 11 with valid_loss value: 0.48340320587158203.
[12, 0.47393491864204407, 0.46159884333610535, 0.9910076856613159, 0.1752343326807022, 1.3196182250976562, 0.8698084354400635, '00:45']
Better model found at epoch 12 with valid_loss value: 0.46159884333610535.
[13, 0.4711056053638458, 0.4547262489795685, 0.9908689260482788, 0.1760009378194809, 1.4048607349395752, 0.8428815007209778, '00:45']
Better model found at epoch 13 with valid_loss value: 0.4547262489795685.
[14, 0.47377848625183105, 0.4543052017688751, 0.9909330606460571, 0.17525751888751984, 1.3497542142868042, 0.8511057496070862, '00:45']
Better model found at epoch 14 with valid_loss value: 0.4543052017688751.
[15, 0.46819478273391724, 0.47756147384643555, 0.9907584190368652, 0.17981617152690887, 1.601698637008667, 0.8649138808250427, '00:45']
[16, 0.47340691089630127, 0.45641231536865234, 0.9909777045249939, 0.1749294251203537, 1.2926301956176758, 0.852185845375061, '00:45']
[17, 0.469256192445755, 0.4404509365558624, 0.9908114671707153, 0.1753116250038147, 1.3686047792434692, 0.8170602917671204, '00:46']
Better model found at epoch 17 with valid_loss value: 0.4404509365558624.
[18, 0.46065443754196167, 0.4557555019855499, 0.9909923672676086, 0.17517083883285522, 1.3561676740646362, 0.8407397866249084, '00:45']
[19, 0.4712086319923401, 0.4395812451839447, 0.9906020760536194, 0.1772576868534088, 1.4990957975387573, 0.8173561692237854, '00:46']
Better model found at epoch 19 with valid_loss value: 0.4395812451839447.
[20, 0.46631675958633423, 0.45707499980926514, 0.9904736876487732, 0.1801706999540329, 1.6228852272033691, 0.8270097970962524, '00:45']
[21, 0.46564781665802, 0.45361796021461487, 0.9905138611793518, 0.17866720259189606, 1.5564430952072144, 0.8229312300682068, '00:45']
[22, 0.46223774552345276, 0.5900627970695496, 0.9912757277488708, 0.17365126311779022, 1.097124695777893, 0.8823727965354919, '00:46']
[23, 0.455374538898468, 0.48310256004333496, 0.9912412762641907, 0.17373348772525787, 1.1189253330230713, 0.8708531856536865, '00:46']
[24, 0.45311057567596436, 0.4354746639728546, 0.9907678365707397, 0.17542016506195068, 1.3757740259170532, 0.8168666958808899, '00:45']
Better model found at epoch 24 with valid_loss value: 0.4354746639728546.
[25, 0.4643712341785431, 0.47823864221572876, 0.9912588000297546, 0.17377819120883942, 1.1289360523223877, 0.8782640695571899, '00:46']
[26, 0.46551159024238586, 0.4494696855545044, 0.9905175566673279, 0.17872507870197296, 1.5674318075180054, 0.8227368593215942, '00:45']
[27, 0.4591858386993408, 0.49594739079475403, 0.9904880523681641, 0.18570290505886078, 1.7298028469085693, 0.8618441820144653, '00:45']
[28, 0.4557618796825409, 0.4397982656955719, 0.9906001091003418, 0.17686468362808228, 1.4929970502853394, 0.812401294708252, '00:46']
[29, 0.4636649191379547, 0.45446017384529114, 0.9905797839164734, 0.17933446168899536, 1.5983294248580933, 0.8287566304206848, '00:45']
[30, 0.4651327431201935, 0.4542611241340637, 0.9904412031173706, 0.18038922548294067, 1.62359619140625, 0.8227717876434326, '00:45']
[31, 0.4541793465614319, 0.48762667179107666, 0.9904246926307678, 0.18420638144016266, 1.682352900505066, 0.8495914340019226, '00:46']
[32, 0.45558011531829834, 0.4546942412853241, 0.9905385375022888, 0.17806799709796906, 1.5392882823944092, 0.8167794942855835, '00:45']
No improvement since epoch 24: early stopping
----------
2
----------
DLS create!
[0, 0.5482640862464905, 0.5248566269874573, 0.9898777008056641, 0.18318483233451843, 1.1126987934112549, 0.9959841370582581, '00:46']
Better model found at epoch 0 with valid_loss value: 0.5248566269874573.
[1, 0.524827778339386, 0.5224325060844421, 0.9898830056190491, 0.18030016124248505, 1.0658562183380127, 0.995913565158844, '00:45']
Better model found at epoch 1 with valid_loss value: 0.5224325060844421.
[2, 0.5111324191093445, 0.5254626274108887, 0.9899128079414368, 0.17474395036697388, 1.018998384475708, 0.9985659718513489, '00:45']
[3, 0.5042474269866943, 0.5253857374191284, 0.9899108409881592, 0.1746390461921692, 1.0153512954711914, 0.9979419708251953, '00:46']
[4, 0.4934259057044983, 0.5321030616760254, 0.9899170398712158, 0.1737087070941925, 1.0063303709030151, 0.999055802822113, '00:46']
[5, 0.4924943149089813, 0.5347310900688171, 0.9899173974990845, 0.17354170978069305, 1.0062578916549683, 0.9990236163139343, '00:46']
[6, 0.49248406291007996, 0.5346068739891052, 0.9899168014526367, 0.17353081703186035, 1.00423264503479, 0.99869304895401, '00:45']
[7, 0.48014914989471436, 0.5345273017883301, 0.989916205406189, 0.17351756989955902, 1.0042892694473267, 0.9982430934906006, '00:46']
[8, 0.4822072386741638, 0.5265884399414062, 0.9898836612701416, 0.1736828088760376, 1.01997971534729, 0.9828856587409973, '00:46']
[9, 0.47843077778816223, 0.5253685116767883, 0.9898669719696045, 0.17347000539302826, 1.0143406391143799, 0.9659152626991272, '00:46']
No improvement since epoch 1: early stopping
----------
3
----------
DLS create!
[0, 0.5879289507865906, 0.5393024682998657, 0.9933626651763916, 0.196028470993042, 1.1887775659561157, 0.9963003396987915, '00:46']
Better model found at epoch 0 with valid_loss value: 0.5393024682998657.
[1, 0.5411041975021362, 0.5215166807174683, 0.993364691734314, 0.18411357700824738, 1.1242964267730713, 0.9947299957275391, '00:44']
Better model found at epoch 1 with valid_loss value: 0.5215166807174683.
[2, 0.5232793688774109, 0.5143577456474304, 0.9933662414550781, 0.17873582243919373, 1.0899311304092407, 0.9931859374046326, '00:45']
Better model found at epoch 2 with valid_loss value: 0.5143577456474304.
[3, 0.5135955810546875, 0.5143455266952515, 0.993393063545227, 0.17556314170360565, 1.0446603298187256, 0.9963308572769165, '00:45']
Better model found at epoch 3 with valid_loss value: 0.5143455266952515.
[4, 0.5058069825172424, 0.5173089504241943, 0.9934018850326538, 0.17425590753555298, 1.0212860107421875, 0.9981809258460999, '00:45']
[5, 0.49389412999153137, 0.5197740793228149, 0.993404746055603, 0.17384959757328033, 1.0125311613082886, 0.999058187007904, '00:44']
[6, 0.49420613050460815, 0.5211367011070251, 0.9934048056602478, 0.17364048957824707, 1.0090044736862183, 0.998886227607727, '00:45']
[7, 0.48762261867523193, 0.5218465328216553, 0.9934051036834717, 0.17357175052165985, 1.006352186203003, 0.9989897012710571, '00:45']
[8, 0.4885098338127136, 0.5213350653648376, 0.9934046268463135, 0.17359183728694916, 1.0060111284255981, 0.9986725449562073, '00:45']
[9, 0.48678353428840637, 0.5156301856040955, 0.9933688044548035, 0.1756632924079895, 1.2136391401290894, 0.9875766634941101, '00:44']
[10, 0.49097368121147156, 0.4774221181869507, 0.9931493997573853, 0.17513388395309448, 1.2945783138275146, 0.9179871678352356, '00:44']
Better model found at epoch 10 with valid_loss value: 0.4774221181869507.
[11, 0.48418059945106506, 0.4998161196708679, 0.9933268427848816, 0.17365217208862305, 1.054261565208435, 0.9493271708488464, '00:45']
[12, 0.4831419289112091, 0.4748215675354004, 0.9927186965942383, 0.180425226688385, 1.592915654182434, 0.8750342726707458, '00:45']
Better model found at epoch 12 with valid_loss value: 0.4748215675354004.
[13, 0.4734143316745758, 0.4665350615978241, 0.993166983127594, 0.17391133308410645, 1.16428804397583, 0.8813614845275879, '00:44']
Better model found at epoch 13 with valid_loss value: 0.4665350615978241.
[14, 0.47666051983833313, 0.48622453212738037, 0.992745041847229, 0.1824556589126587, 1.6995757818222046, 0.8810378909111023, '00:45']
[15, 0.4761633574962616, 0.4421166777610779, 0.9928687810897827, 0.17531736195087433, 1.3641912937164307, 0.8341160416603088, '00:45']
Better model found at epoch 15 with valid_loss value: 0.4421166777610779.
[16, 0.4763544499874115, 0.4499281346797943, 0.9926336407661438, 0.17845483124256134, 1.571226954460144, 0.8296040296554565, '00:45']
[17, 0.47349226474761963, 0.4694080650806427, 0.9925549030303955, 0.1824275106191635, 1.6775877475738525, 0.8488504886627197, '00:45']
[18, 0.4759127199649811, 0.4537624418735504, 0.9926162958145142, 0.17905054986476898, 1.604675531387329, 0.833165168762207, '00:45']
[19, 0.46995189785957336, 0.4400489032268524, 0.9929306507110596, 0.17502249777317047, 1.3241214752197266, 0.8275900483131409, '00:45']
Better model found at epoch 19 with valid_loss value: 0.4400489032268524.
[20, 0.4713630676269531, 0.4473073184490204, 0.9924236536026001, 0.18034285306930542, 1.6459832191467285, 0.8074376583099365, '00:44']
[21, 0.4731976389884949, 0.5438451766967773, 0.992127001285553, 0.19718290865421295, 1.852683663368225, 0.8582920432090759, '00:44']
[22, 0.47256821393966675, 0.44022759795188904, 0.9926080703735352, 0.17795635759830475, 1.5561840534210205, 0.8122960925102234, '00:45']
[23, 0.4667849540710449, 0.44231417775154114, 0.9926115274429321, 0.17792567610740662, 1.5380231142044067, 0.8135374784469604, '00:45']
[24, 0.47063353657722473, 0.47019192576408386, 0.9932152032852173, 0.17362968623638153, 1.085403323173523, 0.8760064244270325, '00:44']
[25, 0.46263283491134644, 0.43775591254234314, 0.9928585886955261, 0.17551153898239136, 1.3951900005340576, 0.815922737121582, '00:44']
Better model found at epoch 25 with valid_loss value: 0.43775591254234314.
[26, 0.46527957916259766, 0.4423695206642151, 0.9925042390823364, 0.17914044857025146, 1.5880385637283325, 0.8066383600234985, '00:45']
[27, 0.4727949798107147, 0.4740322530269623, 0.9923073649406433, 0.1835957169532776, 1.7384363412857056, 0.8254550099372864, '00:44']
[28, 0.4705734848976135, 0.45852968096733093, 0.9930128455162048, 0.17552825808525085, 1.3036694526672363, 0.8472586870193481, '00:45']
[29, 0.46496817469596863, 0.44235995411872864, 0.9925863146781921, 0.1784772276878357, 1.5790541172027588, 0.8014851808547974, '00:45']
[30, 0.4560672640800476, 0.4678197205066681, 0.992733359336853, 0.17909693717956543, 1.546642780303955, 0.8375627398490906, '00:45']
[31, 0.46005237102508545, 0.4245845675468445, 0.9926908016204834, 0.17587131261825562, 1.423590064048767, 0.7962892055511475, '00:45']
Better model found at epoch 31 with valid_loss value: 0.4245845675468445.
[32, 0.46344342827796936, 0.4485863149166107, 0.9928328394889832, 0.1773594319820404, 1.48341965675354, 0.8362950682640076, '00:45']
[33, 0.4601214826107025, 0.4731619358062744, 0.9926176071166992, 0.18114057183265686, 1.6785861253738403, 0.8444913029670715, '00:45']
[34, 0.4543835520744324, 0.44909021258354187, 0.992583155632019, 0.17874711751937866, 1.600150227546692, 0.8129458427429199, '00:45']
[35, 0.44603803753852844, 0.46332991123199463, 0.9922057390213013, 0.18293119966983795, 1.7167184352874756, 0.7972357273101807, '00:45']
[36, 0.4534814953804016, 0.4305744469165802, 0.9925981760025024, 0.17714394629001617, 1.5317091941833496, 0.7926070094108582, '00:45']
[37, 0.4579550623893738, 0.4592118263244629, 0.9924986958503723, 0.1803254336118698, 1.6296311616897583, 0.8224165439605713, '00:45']
[38, 0.46224451065063477, 0.4844825863838196, 0.992641806602478, 0.18457181751728058, 1.6797393560409546, 0.8665658831596375, '00:45']
[39, 0.46498122811317444, 0.4231713116168976, 0.992584228515625, 0.17690938711166382, 1.4690994024276733, 0.7776562571525574, '00:45']
Better model found at epoch 39 with valid_loss value: 0.4231713116168976.
[40, 0.45900478959083557, 0.4099765419960022, 0.9927700161933899, 0.17494766414165497, 1.3392292261123657, 0.7719642519950867, '00:46']
Better model found at epoch 40 with valid_loss value: 0.4099765419960022.
[41, 0.45247161388397217, 0.4326450526714325, 0.9925054311752319, 0.17797811329364777, 1.5522229671478271, 0.7729285955429077, '00:45']
[42, 0.4572333097457886, 0.45660921931266785, 0.9921455979347229, 0.1832459419965744, 1.7304480075836182, 0.7919389605522156, '00:44']
[43, 0.4532298445701599, 0.41846197843551636, 0.9928032755851746, 0.17488105595111847, 1.3442301750183105, 0.7885963320732117, '00:45']
[44, 0.45672303438186646, 0.42701593041419983, 0.9926725029945374, 0.1765252649784088, 1.495180606842041, 0.7916219234466553, '00:45']
[45, 0.4526304304599762, 0.420408695936203, 0.9928215146064758, 0.17487798631191254, 1.3331273794174194, 0.782551646232605, '00:45']
[46, 0.45224928855895996, 0.4322073459625244, 0.9926249384880066, 0.17709892988204956, 1.5444972515106201, 0.7987849712371826, '00:46']
[47, 0.4529031217098236, 0.46170538663864136, 0.9922141432762146, 0.18307363986968994, 1.6747255325317383, 0.7978522181510925, '00:45']
[48, 0.45137983560562134, 0.4247315227985382, 0.9927335381507874, 0.17566464841365814, 1.420137882232666, 0.7896127104759216, '00:45']
No improvement since epoch 40: early stopping
----------
4
----------
DLS create!
[0, 0.5750819444656372, 0.5363214612007141, 0.9829671382904053, 0.1932838410139084, 1.1541048288345337, 0.9970752596855164, '00:45']
Better model found at epoch 0 with valid_loss value: 0.5363214612007141.
[1, 0.5360453724861145, 0.519792914390564, 0.9829944968223572, 0.1793721467256546, 1.0690292119979858, 0.9986187219619751, '00:45']
Better model found at epoch 1 with valid_loss value: 0.519792914390564.
[2, 0.522472620010376, 0.5182870626449585, 0.9829950332641602, 0.17715749144554138, 1.052051067352295, 0.9982754588127136, '00:45']
Better model found at epoch 2 with valid_loss value: 0.5182870626449585.
[3, 0.5173609852790833, 0.5159856677055359, 0.9829803705215454, 0.17620384693145752, 1.055503249168396, 0.9947729706764221, '00:45']
Better model found at epoch 3 with valid_loss value: 0.5159856677055359.
[4, 0.5080589652061462, 0.5195384621620178, 0.9829986691474915, 0.17488402128219604, 1.0263354778289795, 0.9983105063438416, '00:45']
[5, 0.49986758828163147, 0.5235850214958191, 0.9830020070075989, 0.17384962737560272, 1.0130977630615234, 0.9986809492111206, '00:45']
[6, 0.5023462176322937, 0.5198919177055359, 0.9829962253570557, 0.17427842319011688, 1.0160621404647827, 0.9968708753585815, '00:45']
[7, 0.4939875900745392, 0.5222395062446594, 0.9829950928688049, 0.1737496703863144, 1.0211104154586792, 0.9946792125701904, '00:46']
[8, 0.4891771078109741, 0.5232263803482056, 0.9829954504966736, 0.17364291846752167, 1.013852834701538, 0.9942452907562256, '00:45']
[9, 0.48780587315559387, 0.49683505296707153, 0.9828647971153259, 0.17386750876903534, 1.1286081075668335, 0.9350782036781311, '00:45']
Better model found at epoch 9 with valid_loss value: 0.49683505296707153.
[10, 0.4874821901321411, 0.4655407965183258, 0.9826250672340393, 0.17469638586044312, 1.258889079093933, 0.8717750310897827, '00:47']
Better model found at epoch 10 with valid_loss value: 0.4655407965183258.
[11, 0.47217363119125366, 0.45863622426986694, 0.9824363589286804, 0.1752030998468399, 1.3156436681747437, 0.8501536250114441, '00:45']
Better model found at epoch 11 with valid_loss value: 0.45863622426986694.
[12, 0.4753056764602661, 0.4742107689380646, 0.9825846552848816, 0.17405200004577637, 1.1809546947479248, 0.8749785423278809, '00:45']
[13, 0.46452638506889343, 0.7682188153266907, 0.9830067753791809, 0.18422792851924896, 1.7083311080932617, 0.9997642636299133, '00:44']
[14, 0.4743804335594177, 0.4900769889354706, 0.9828065037727356, 0.1740676760673523, 1.2107406854629517, 0.9112947583198547, '00:45']
[15, 0.4734809696674347, 0.4822939932346344, 0.9826208353042603, 0.17483767867088318, 1.181470274925232, 0.8900392055511475, '00:46']
[16, 0.4721861481666565, 0.5317996144294739, 0.9820168018341064, 0.193501815199852, 1.7764254808425903, 0.8951146602630615, '00:45']
[17, 0.46747538447380066, 0.4541860520839691, 0.9823960065841675, 0.1749984622001648, 1.2698453664779663, 0.8441913723945618, '00:46']
Better model found at epoch 17 with valid_loss value: 0.4541860520839691.
[18, 0.47079455852508545, 0.45710915327072144, 0.982359766960144, 0.1759234517812729, 1.3918615579605103, 0.8459967374801636, '00:45']
[19, 0.4650232493877411, 0.4303814768791199, 0.9820864796638489, 0.17629002034664154, 1.4345468282699585, 0.7855403423309326, '00:44']
Better model found at epoch 19 with valid_loss value: 0.4303814768791199.
[20, 0.46690550446510315, 0.475924551486969, 0.9817681908607483, 0.18445655703544617, 1.6901742219924927, 0.8203110098838806, '00:46']
[21, 0.4599522352218628, 0.5221471190452576, 0.9818625450134277, 0.18848703801631927, 1.6925803422927856, 0.8467127680778503, '00:45']
[22, 0.46116989850997925, 0.4643777012825012, 0.9820706248283386, 0.17967002093791962, 1.577674150466919, 0.8365913033485413, '00:45']
[23, 0.45746901631355286, 0.4502657949924469, 0.9822278618812561, 0.17637592554092407, 1.4255856275558472, 0.8252001404762268, '00:45']
[24, 0.455892413854599, 0.4637104868888855, 0.9818602800369263, 0.18173380196094513, 1.6462039947509766, 0.8159577250480652, '00:45']
[25, 0.4661845266819, 0.4566153585910797, 0.9819743633270264, 0.1796124428510666, 1.540226936340332, 0.8174631595611572, '00:46']
[26, 0.46757423877716064, 0.4326014220714569, 0.98204505443573, 0.17714807391166687, 1.4760797023773193, 0.7977598309516907, '00:45']
[27, 0.4506809115409851, 0.45362189412117004, 0.9822200536727905, 0.17648369073867798, 1.439279317855835, 0.833238959312439, '00:45']
No improvement since epoch 19: early stopping
UnetPlusPlus Done!
