Models will save to Unet_vgg19_x
Use vgg19_bn encoder
Start training...
----------
0
----------
DLS create!
[0, 0.5917938351631165, 0.5360251665115356, 0.9908677935600281, 0.19190560281276703, 1.1920946836471558, 0.9934192299842834, '00:24']
Better model found at epoch 0 with valid_loss value: 0.5360251665115356.
[1, 0.5423757433891296, 0.512947678565979, 0.9907634258270264, 0.181614488363266, 1.182320237159729, 0.9766114354133606, '00:22']
Better model found at epoch 1 with valid_loss value: 0.512947678565979.
[2, 0.5202465057373047, 0.5185177326202393, 0.9907293319702148, 0.17761097848415375, 1.2854156494140625, 0.9609003663063049, '00:25']
[3, 0.509719729423523, 0.5086586475372314, 0.9907622337341309, 0.17616619169712067, 1.2630912065505981, 0.9610891938209534, '00:24']
Better model found at epoch 3 with valid_loss value: 0.5086586475372314.
[4, 0.5008946061134338, 0.4947601854801178, 0.990676760673523, 0.1757490634918213, 1.2967811822891235, 0.9369759559631348, '00:22']
Better model found at epoch 4 with valid_loss value: 0.4947601854801178.
[5, 0.5022297501564026, 0.5033552646636963, 0.9902637004852295, 0.1860864758491516, 1.6132460832595825, 0.9168624877929688, '00:23']
[6, 0.49388933181762695, 0.4895726144313812, 0.9905436038970947, 0.1769844889640808, 1.4279510974884033, 0.9190431237220764, '00:22']
Better model found at epoch 6 with valid_loss value: 0.4895726144313812.
[7, 0.4958023130893707, 0.4955942928791046, 0.9905765652656555, 0.17789140343666077, 1.4552137851715088, 0.9295596480369568, '00:22']
[8, 0.4921106994152069, 0.48237669467926025, 0.9904297590255737, 0.1777665913105011, 1.4970566034317017, 0.8957762122154236, '00:21']
Better model found at epoch 8 with valid_loss value: 0.48237669467926025.
[9, 0.48954200744628906, 0.5007312297821045, 0.9907360076904297, 0.17479100823402405, 1.2582471370697021, 0.9406017661094666, '00:22']
[10, 0.4917862117290497, 0.4769006669521332, 0.9903503060340881, 0.17819815874099731, 1.5008162260055542, 0.8849071860313416, '00:22']
Better model found at epoch 10 with valid_loss value: 0.4769006669521332.
[11, 0.48864468932151794, 0.47955405712127686, 0.9904738664627075, 0.17663687467575073, 1.4326988458633423, 0.8949733376502991, '00:21']
[12, 0.4837632179260254, 0.47982296347618103, 0.9904628396034241, 0.17681188881397247, 1.439610242843628, 0.8945450782775879, '00:22']
[13, 0.4828561544418335, 0.49936679005622864, 0.990350604057312, 0.1819680780172348, 1.611078143119812, 0.9091506600379944, '00:21']
[14, 0.48599883913993835, 0.4840674102306366, 0.9906104803085327, 0.17523621022701263, 1.321307897567749, 0.904540479183197, '00:22']
[15, 0.48443830013275146, 0.48885059356689453, 0.9902867674827576, 0.18062150478363037, 1.5995548963546753, 0.8846537470817566, '00:21']
[16, 0.4839251637458801, 0.48285800218582153, 0.9903369545936584, 0.17908063530921936, 1.5490999221801758, 0.8920447826385498, '00:22']
[17, 0.4811570644378662, 0.4756859242916107, 0.9905003309249878, 0.17566776275634766, 1.367624044418335, 0.8847668170928955, '00:23']
Better model found at epoch 17 with valid_loss value: 0.4756859242916107.
[18, 0.4858573377132416, 0.49176397919654846, 0.9904587864875793, 0.178529292345047, 1.4926525354385376, 0.9165733456611633, '00:22']
[19, 0.48324453830718994, 0.47989383339881897, 0.990570604801178, 0.17482604086399078, 1.2953965663909912, 0.8890532851219177, '00:22']
[20, 0.4896181523799896, 0.48511388897895813, 0.9905802607536316, 0.17533579468727112, 1.3144177198410034, 0.9107466340065002, '00:22']
[21, 0.4837089776992798, 0.4759036600589752, 0.99034583568573, 0.17766627669334412, 1.506035566329956, 0.8774045705795288, '00:22']
[22, 0.48897290229797363, 0.4824305772781372, 0.9906232357025146, 0.17473989725112915, 1.2577409744262695, 0.9043151140213013, '00:22']
[23, 0.4886315166950226, 0.4887303113937378, 0.9906227588653564, 0.1752673089504242, 1.333609700202942, 0.9090729355812073, '00:23']
[24, 0.4832133948802948, 0.4765750467777252, 0.9904752969741821, 0.1758386492729187, 1.385488748550415, 0.8857913017272949, '00:22']
[25, 0.4855998456478119, 0.47797662019729614, 0.9906073808670044, 0.17447391152381897, 1.234483242034912, 0.8899653553962708, '00:22']
No improvement since epoch 17: early stopping
----------
1
----------
DLS create!
[0, 0.6024007797241211, 0.5488196015357971, 0.9931684732437134, 0.20272542536258698, 1.2611668109893799, 0.9930233955383301, '00:22']
Better model found at epoch 0 with valid_loss value: 0.5488196015357971.
[1, 0.5498272776603699, 0.5229014754295349, 0.9930321574211121, 0.18951399624347687, 1.3411891460418701, 0.9757253527641296, '00:22']
Better model found at epoch 1 with valid_loss value: 0.5229014754295349.
[2, 0.5245633721351624, 0.5119664072990417, 0.9928383827209473, 0.1884044110774994, 1.4300589561462402, 0.9473479986190796, '00:23']
Better model found at epoch 2 with valid_loss value: 0.5119664072990417.
[3, 0.5104032754898071, 0.5783243179321289, 0.9929852485656738, 0.22009989619255066, 1.4690364599227905, 0.9761695265769958, '00:23']
[4, 0.5067323446273804, 0.5004605054855347, 0.9931501150131226, 0.1747354418039322, 1.1091524362564087, 0.9675959348678589, '00:22']
Better model found at epoch 4 with valid_loss value: 0.5004605054855347.
[5, 0.5033189654350281, 0.5053303837776184, 0.9929976463317871, 0.18159157037734985, 1.3713659048080444, 0.9544375538825989, '00:22']
[6, 0.5011481642723083, 0.4922688901424408, 0.993098258972168, 0.1745968461036682, 1.1829344034194946, 0.9468446969985962, '00:21']
Better model found at epoch 6 with valid_loss value: 0.4922688901424408.
[7, 0.49462980031967163, 0.4734048545360565, 0.9929499626159668, 0.1752021312713623, 1.2735882997512817, 0.908708930015564, '00:23']
Better model found at epoch 7 with valid_loss value: 0.4734048545360565.
[8, 0.4971098303794861, 0.5129935145378113, 0.9927214980125427, 0.1905054748058319, 1.453031301498413, 0.9321882128715515, '00:22']
[9, 0.4977197051048279, 0.49741438031196594, 0.992630124092102, 0.1859043389558792, 1.4536511898040771, 0.9153586030006409, '00:22']
[10, 0.49634355306625366, 0.4863032400608063, 0.9930121898651123, 0.17607411742210388, 1.3088048696517944, 0.9323130249977112, '00:23']
[11, 0.49686771631240845, 0.47968271374702454, 0.9929006695747375, 0.17715862393379211, 1.4720083475112915, 0.9126164317131042, '00:22']
[12, 0.4934394359588623, 0.5048186779022217, 0.9931123852729797, 0.17661575973033905, 1.463632583618164, 0.9620200991630554, '00:21']
[13, 0.49473002552986145, 0.49103420972824097, 0.9931138157844543, 0.17400580644607544, 1.1478391885757446, 0.9325133562088013, '00:21']
[14, 0.4963763952255249, 0.4687696695327759, 0.9927580952644348, 0.17777790129184723, 1.516038179397583, 0.8886473178863525, '00:22']
Better model found at epoch 14 with valid_loss value: 0.4687696695327759.
[15, 0.49358466267585754, 0.46999722719192505, 0.9928772449493408, 0.17610211670398712, 1.4169508218765259, 0.8980504870414734, '00:22']
[16, 0.49197816848754883, 0.47555574774742126, 0.9926320910453796, 0.18037863075733185, 1.6400197744369507, 0.8810339570045471, '00:24']
[17, 0.49034690856933594, 0.4965124726295471, 0.9931336641311646, 0.1742655336856842, 1.1906962394714355, 0.9464045166969299, '00:22']
[18, 0.4919570982456207, 0.4841129779815674, 0.9929444193840027, 0.17587220668792725, 1.386856198310852, 0.9245164394378662, '00:21']
[19, 0.4931867718696594, 0.4579249620437622, 0.9926295280456543, 0.17824828624725342, 1.5382390022277832, 0.8624274134635925, '00:22']
Better model found at epoch 19 with valid_loss value: 0.4579249620437622.
[20, 0.4879494309425354, 0.46122169494628906, 0.9924594759941101, 0.18052883446216583, 1.6394503116607666, 0.8495290279388428, '00:21']
[21, 0.4888748228549957, 0.47060322761535645, 0.9927930235862732, 0.1772957444190979, 1.4981271028518677, 0.8899387717247009, '00:23']
[22, 0.48594823479652405, 0.4708867371082306, 0.9925894737243652, 0.18005715310573578, 1.6393537521362305, 0.8690454959869385, '00:23']
[23, 0.481649249792099, 0.46570155024528503, 0.9928686022758484, 0.1759602278470993, 1.4231759309768677, 0.8866440653800964, '00:23']
[24, 0.4811115264892578, 0.5004669427871704, 0.9922979474067688, 0.1877247840166092, 1.7895612716674805, 0.8597450852394104, '00:22']
[25, 0.48437273502349854, 0.4812905788421631, 0.9927181005477905, 0.1800176054239273, 1.629760980606079, 0.8952090740203857, '00:22']
[26, 0.4886854887008667, 0.47603732347488403, 0.9927163124084473, 0.1792786866426468, 1.6038479804992676, 0.8926976919174194, '00:22']
[27, 0.48804810643196106, 0.5791615843772888, 0.9922086596488953, 0.20997115969657898, 1.8907246589660645, 0.8931342959403992, '00:22']
No improvement since epoch 19: early stopping
----------
2
----------
DLS create!
[0, 0.5749350190162659, 0.53081876039505, 0.9816855788230896, 0.18991054594516754, 1.1887365579605103, 0.9933035373687744, '00:23']
Better model found at epoch 0 with valid_loss value: 0.53081876039505.
[1, 0.5367087721824646, 0.519126832485199, 0.981699526309967, 0.1800534874200821, 1.1902679204940796, 0.9902074337005615, '00:22']
Better model found at epoch 1 with valid_loss value: 0.519126832485199.
[2, 0.5211146473884583, 0.5168770551681519, 0.9814442992210388, 0.18640950322151184, 1.3481731414794922, 0.9650144577026367, '00:21']
Better model found at epoch 2 with valid_loss value: 0.5168770551681519.
[3, 0.5105671286582947, 0.5494551658630371, 0.9814628958702087, 0.20155629515647888, 1.4776555299758911, 0.9734287858009338, '00:22']
[4, 0.5067070126533508, 0.4953288733959198, 0.9812994003295898, 0.179823637008667, 1.4223991632461548, 0.9290981292724609, '00:21']
Better model found at epoch 4 with valid_loss value: 0.4953288733959198.
[5, 0.5018830895423889, 0.5158710479736328, 0.9811382293701172, 0.18839401006698608, 1.6906718015670776, 0.9281962513923645, '00:22']
[6, 0.50076824426651, 0.5287252068519592, 0.9809902310371399, 0.19232219457626343, 1.7625893354415894, 0.9200026392936707, '00:23']
[7, 0.4966036379337311, 0.49151456356048584, 0.9814459681510925, 0.17593395709991455, 1.3583123683929443, 0.9267608523368835, '00:22']
Better model found at epoch 7 with valid_loss value: 0.49151456356048584.
[8, 0.49305978417396545, 0.4902055859565735, 0.9810235500335693, 0.18241988122463226, 1.6286884546279907, 0.892480731010437, '00:22']
Better model found at epoch 8 with valid_loss value: 0.4902055859565735.
[9, 0.4918099641799927, 0.4769401252269745, 0.9812384843826294, 0.17689800262451172, 1.4473083019256592, 0.8924838900566101, '00:21']
Better model found at epoch 9 with valid_loss value: 0.4769401252269745.
[10, 0.4895157217979431, 0.4902445375919342, 0.9814276099205017, 0.17603731155395508, 1.377882957458496, 0.9169481992721558, '00:23']
[11, 0.4868212342262268, 0.5010097622871399, 0.9809852838516235, 0.18444693088531494, 1.6853399276733398, 0.9013005495071411, '00:21']
[12, 0.48617637157440186, 0.48839494585990906, 0.9813755750656128, 0.17705856263637543, 1.4664982557296753, 0.9053071737289429, '00:23']
[13, 0.48774486780166626, 0.4789314568042755, 0.9813655614852905, 0.17537960410118103, 1.3608393669128418, 0.891567587852478, '00:22']
[14, 0.49138250946998596, 0.5111865997314453, 0.981622576713562, 0.1740083247423172, 1.1524324417114258, 0.9546326398849487, '00:22']
[15, 0.49121901392936707, 0.5097454786300659, 0.9813084006309509, 0.18194904923439026, 1.6066938638687134, 0.9286296367645264, '00:22']
[16, 0.4904073178768158, 0.48271363973617554, 0.9813082814216614, 0.1761171519756317, 1.3999460935592651, 0.9036120176315308, '00:22']
[17, 0.4909098446369171, 0.47774943709373474, 0.9812564253807068, 0.17648190259933472, 1.4164973497390747, 0.8963068723678589, '00:22']
No improvement since epoch 9: early stopping
----------
3
----------
DLS create!
[0, 0.6187224984169006, 0.5580302476882935, 0.9905135035514832, 0.2069917768239975, 1.2561757564544678, 0.999061107635498, '00:22']
Better model found at epoch 0 with valid_loss value: 0.5580302476882935.
[1, 0.5575525164604187, 0.5207498669624329, 0.9903688430786133, 0.18562260270118713, 1.2162292003631592, 0.9806988835334778, '00:23']
Better model found at epoch 1 with valid_loss value: 0.5207498669624329.
[2, 0.5319216847419739, 0.509841799736023, 0.9903466105461121, 0.17864592373371124, 1.2009989023208618, 0.9676592350006104, '00:22']
Better model found at epoch 2 with valid_loss value: 0.509841799736023.
[3, 0.5163653492927551, 0.4976688027381897, 0.9902207851409912, 0.1768513321876526, 1.2606388330459595, 0.9364685416221619, '00:21']
Better model found at epoch 3 with valid_loss value: 0.4976688027381897.
[4, 0.5025708079338074, 0.47342029213905334, 0.9899958968162537, 0.17711156606674194, 1.3828580379486084, 0.892252504825592, '00:22']
Better model found at epoch 4 with valid_loss value: 0.47342029213905334.
[5, 0.49885183572769165, 0.4819161891937256, 0.9896666407585144, 0.18317896127700806, 1.607826590538025, 0.8763636946678162, '00:21']
[6, 0.49573588371276855, 0.487045019865036, 0.9902023077011108, 0.17494206130504608, 1.2484607696533203, 0.9081639647483826, '00:23']
[7, 0.4996197819709778, 0.48555120825767517, 0.9894436597824097, 0.18612398207187653, 1.6985098123550415, 0.8561461567878723, '00:21']
[8, 0.49719569087028503, 0.470830500125885, 0.9900945425033569, 0.17562326788902283, 1.3401273488998413, 0.8852993845939636, '00:21']
Better model found at epoch 8 with valid_loss value: 0.470830500125885.
[9, 0.49734100699424744, 0.47829145193099976, 0.9897005558013916, 0.1815626323223114, 1.554661512374878, 0.8790525794029236, '00:22']
[10, 0.5029400587081909, 0.49781662225723267, 0.9903658032417297, 0.17481516301631927, 1.1700316667556763, 0.943366527557373, '00:22']
[11, 0.5013521909713745, 0.47682350873947144, 0.9901346564292908, 0.1759326159954071, 1.333055853843689, 0.9012434482574463, '00:22']
[12, 0.4951592683792114, 0.4744781255722046, 0.9901366829872131, 0.17554715275764465, 1.3523086309432983, 0.8863459229469299, '00:22']
[13, 0.49247366189956665, 0.45487600564956665, 0.9898741841316223, 0.17638161778450012, 1.3923320770263672, 0.8539983034133911, '00:23']
Better model found at epoch 13 with valid_loss value: 0.45487600564956665.
[14, 0.48759570717811584, 0.4598017632961273, 0.989811897277832, 0.17747648060321808, 1.4972469806671143, 0.8441830277442932, '00:22']
[15, 0.49632328748703003, 0.4684241712093353, 0.9899341464042664, 0.1769678294658661, 1.4180411100387573, 0.879939615726471, '00:22']
[16, 0.4946887791156769, 0.4828513264656067, 0.9901639223098755, 0.17594994604587555, 1.3641560077667236, 0.9064862728118896, '00:22']
[17, 0.48991477489471436, 0.46690621972084045, 0.9900599122047424, 0.1758524477481842, 1.3787307739257812, 0.8665948510169983, '00:22']
[18, 0.4864317774772644, 0.49248749017715454, 0.9894959926605225, 0.18714851140975952, 1.7020364999771118, 0.8662847280502319, '00:22']
[19, 0.4929162263870239, 0.4578000009059906, 0.9896859526634216, 0.17870089411735535, 1.4925416707992554, 0.8487548828125, '00:22']
[20, 0.48325854539871216, 0.46425682306289673, 0.9899709224700928, 0.17586876451969147, 1.3838269710540771, 0.8668601512908936, '00:22']
[21, 0.486060231924057, 0.44865682721138, 0.9898765683174133, 0.1757231503725052, 1.3616124391555786, 0.8343889713287354, '00:22']
Better model found at epoch 21 with valid_loss value: 0.44865682721138.
[22, 0.4924256503582001, 0.4519682228565216, 0.9895246624946594, 0.1788439303636551, 1.5300121307373047, 0.8329377770423889, '00:22']
[23, 0.4914807081222534, 0.45816150307655334, 0.9899670481681824, 0.17569078505039215, 1.3406630754470825, 0.8585513234138489, '00:22']
[24, 0.49083220958709717, 0.45127934217453003, 0.9897649884223938, 0.17690788209438324, 1.4411143064498901, 0.839509904384613, '00:22']
[25, 0.4821493625640869, 0.4534318149089813, 0.9897748827934265, 0.17685627937316895, 1.459631323814392, 0.8369435667991638, '00:22']
[26, 0.487695574760437, 0.45075416564941406, 0.9898799657821655, 0.17591041326522827, 1.376805067062378, 0.8438210487365723, '00:22']
[27, 0.48015058040618896, 0.4653223156929016, 0.9901294708251953, 0.17462146282196045, 1.2580794095993042, 0.8633447885513306, '00:21']
[28, 0.4857730567455292, 0.4740391671657562, 0.9896373152732849, 0.18189258873462677, 1.5721330642700195, 0.8598049879074097, '00:22']
[29, 0.48976144194602966, 0.45386847853660583, 0.989906370639801, 0.17614351212978363, 1.387176752090454, 0.8476364612579346, '00:21']
No improvement since epoch 21: early stopping
----------
4
----------
DLS create!
[0, 0.6730112433433533, 0.5601189136505127, 0.9825253486633301, 0.208426371216774, 1.3016518354415894, 0.9983704090118408, '00:23']
Better model found at epoch 0 with valid_loss value: 0.5601189136505127.
[1, 0.5752672553062439, 0.5306068062782288, 0.9825220704078674, 0.1876988410949707, 1.2697526216506958, 0.9974421858787537, '00:22']
Better model found at epoch 1 with valid_loss value: 0.5306068062782288.
[2, 0.5399093627929688, 0.5166812539100647, 0.9824649691581726, 0.18091075122356415, 1.120723009109497, 0.987996518611908, '00:22']
Better model found at epoch 2 with valid_loss value: 0.5166812539100647.
[3, 0.5221765041351318, 0.5129520297050476, 0.98243248462677, 0.17895828187465668, 1.2247952222824097, 0.9813206791877747, '00:22']
Better model found at epoch 3 with valid_loss value: 0.5129520297050476.
[4, 0.5118358135223389, 0.4973691701889038, 0.9822575449943542, 0.17774486541748047, 1.3292969465255737, 0.9485200643539429, '00:21']
Better model found at epoch 4 with valid_loss value: 0.4973691701889038.
[5, 0.5055753588676453, 0.4881446957588196, 0.9819427728652954, 0.18137957155704498, 1.4807610511779785, 0.9166090488433838, '00:22']
Better model found at epoch 5 with valid_loss value: 0.4881446957588196.
[6, 0.5023118257522583, 0.5083147883415222, 0.982395589351654, 0.17638152837753296, 1.3701752424240112, 0.9643351435661316, '00:22']
[7, 0.49344703555107117, 0.484677255153656, 0.9821544289588928, 0.17659182846546173, 1.4346466064453125, 0.9135227799415588, '00:22']
Better model found at epoch 7 with valid_loss value: 0.484677255153656.
[8, 0.4953768253326416, 0.485041081905365, 0.9819879531860352, 0.1797541379928589, 1.5137773752212524, 0.9059551954269409, '00:21']
[9, 0.4931621253490448, 0.4918729364871979, 0.9820256233215332, 0.17965154349803925, 1.5583224296569824, 0.9198611378669739, '00:21']
[10, 0.49092578887939453, 0.4994528293609619, 0.9823484420776367, 0.1744464933872223, 1.2624348402023315, 0.9363209009170532, '00:22']
[11, 0.49567052721977234, 0.5073931813240051, 0.9823801517486572, 0.1744414120912552, 1.2217423915863037, 0.9430899620056152, '00:23']
[12, 0.4982510805130005, 0.4862110912799835, 0.9822012186050415, 0.17635977268218994, 1.4149929285049438, 0.9204234480857849, '00:21']
[13, 0.4968130886554718, 0.4871874749660492, 0.9821913838386536, 0.17609649896621704, 1.3936198949813843, 0.9228025078773499, '00:21']
[14, 0.4925573766231537, 0.4757865071296692, 0.981965959072113, 0.1778125762939453, 1.5053391456604004, 0.891211986541748, '00:22']
Better model found at epoch 14 with valid_loss value: 0.4757865071296692.
[15, 0.49472394585609436, 0.5046496987342834, 0.9819067716598511, 0.18523207306861877, 1.6156585216522217, 0.9212281107902527, '00:22']
[16, 0.49523690342903137, 0.4883551597595215, 0.9819536805152893, 0.18051248788833618, 1.5763195753097534, 0.9064496755599976, '00:22']
[17, 0.4904323220252991, 0.4824872314929962, 0.981818675994873, 0.18061241507530212, 1.61323082447052, 0.8839989900588989, '00:21']
[18, 0.49998894333839417, 0.5008869171142578, 0.9822875261306763, 0.1770746409893036, 1.4327137470245361, 0.9468269944190979, '00:22']
[19, 0.49560976028442383, 0.509231448173523, 0.9824234247207642, 0.17435559630393982, 1.23808753490448, 0.9558062553405762, '00:21']
[20, 0.5037057399749756, 0.501855731010437, 0.9823486804962158, 0.1759311556816101, 1.3198168277740479, 0.95379638671875, '00:22']
[21, 0.49666327238082886, 0.49119338393211365, 0.9818930625915527, 0.1824834793806076, 1.6084750890731812, 0.9070767164230347, '00:22']
[22, 0.49505260586738586, 0.48938101530075073, 0.982265055179596, 0.17501571774482727, 1.3163362741470337, 0.9236618876457214, '00:22']
No improvement since epoch 14: early stopping
Unet Done!
