Models will save to Unet_xcep_x
Use xception encoder
Start training...
----------
0
----------
DLS create!
[0, 0.5791445970535278, 0.5436133146286011, 0.9928550124168396, 0.1963575929403305, 1.4061551094055176, 0.9966081380844116, '00:19']
Better model found at epoch 0 with valid_loss value: 0.5436133146286011.
[1, 0.5378792881965637, 0.5132125616073608, 0.9924907684326172, 0.18807949125766754, 1.3813434839248657, 0.9530799984931946, '00:17']
Better model found at epoch 1 with valid_loss value: 0.5132125616073608.
[2, 0.5191355347633362, 0.49915310740470886, 0.9923433065414429, 0.18500663340091705, 1.453037977218628, 0.9270796775817871, '00:18']
Better model found at epoch 2 with valid_loss value: 0.49915310740470886.
[3, 0.5067000389099121, 0.48813769221305847, 0.9926174283027649, 0.17627495527267456, 1.3140466213226318, 0.9305856227874756, '00:18']
Better model found at epoch 3 with valid_loss value: 0.48813769221305847.
[4, 0.5001148581504822, 0.4847911596298218, 0.9925575852394104, 0.1772318035364151, 1.474780559539795, 0.9198724031448364, '00:19']
Better model found at epoch 4 with valid_loss value: 0.4847911596298218.
[5, 0.4984688460826874, 0.4787561595439911, 0.9924769997596741, 0.17742690443992615, 1.4959475994110107, 0.9019449353218079, '00:20']
Better model found at epoch 5 with valid_loss value: 0.4787561595439911.
[6, 0.4977516531944275, 0.47354456782341003, 0.9922940135002136, 0.17951662838459015, 1.5743725299835205, 0.8832966685295105, '00:20']
Better model found at epoch 6 with valid_loss value: 0.47354456782341003.
[7, 0.49369120597839355, 0.4746634066104889, 0.9922239780426025, 0.18031394481658936, 1.6124626398086548, 0.8799024224281311, '00:19']
[8, 0.49390241503715515, 0.46690863370895386, 0.9924591183662415, 0.176437646150589, 1.4602580070495605, 0.8837382197380066, '00:18']
Better model found at epoch 8 with valid_loss value: 0.46690863370895386.
[9, 0.49208614230155945, 0.48023560643196106, 0.9926592111587524, 0.17472535371780396, 1.2804183959960938, 0.9126559495925903, '00:18']
[10, 0.49415382742881775, 0.48460653424263, 0.9925345778465271, 0.17731355130672455, 1.4857518672943115, 0.9137970805168152, '00:19']
[11, 0.4961637556552887, 0.4713744521141052, 0.992561399936676, 0.17519842088222504, 1.324210524559021, 0.8981888890266418, '00:19']
[12, 0.4915889501571655, 0.4622962176799774, 0.9924062490463257, 0.1764843761920929, 1.4529913663864136, 0.874725878238678, '00:19']
Better model found at epoch 12 with valid_loss value: 0.4622962176799774.
[13, 0.48816877603530884, 0.4594671130180359, 0.9922400116920471, 0.17805896699428558, 1.5584843158721924, 0.8558415770530701, '00:18']
Better model found at epoch 13 with valid_loss value: 0.4594671130180359.
[14, 0.48804980516433716, 0.4780152142047882, 0.9922621250152588, 0.1803656369447708, 1.599829912185669, 0.8847035765647888, '00:19']
[15, 0.4884626567363739, 0.4644554555416107, 0.9923723340034485, 0.17712262272834778, 1.4841763973236084, 0.8743570446968079, '00:19']
[16, 0.4872303605079651, 0.47680577635765076, 0.9921790957450867, 0.18071430921554565, 1.6415395736694336, 0.8675749897956848, '00:19']
[17, 0.4835122227668762, 0.4585305154323578, 0.9922614693641663, 0.17769810557365417, 1.5340524911880493, 0.857248842716217, '00:19']
Better model found at epoch 17 with valid_loss value: 0.4585305154323578.
[18, 0.4836844205856323, 0.45663630962371826, 0.9922242760658264, 0.1777953803539276, 1.5527135133743286, 0.8485490679740906, '00:18']
Better model found at epoch 18 with valid_loss value: 0.45663630962371826.
[19, 0.4820578098297119, 0.4539565443992615, 0.9922412037849426, 0.17733052372932434, 1.51383638381958, 0.84769207239151, '00:18']
Better model found at epoch 19 with valid_loss value: 0.4539565443992615.
[20, 0.4874311089515686, 0.4644111394882202, 0.992429792881012, 0.1764187067747116, 1.4636280536651611, 0.8760055899620056, '00:18']
[21, 0.4841764569282532, 0.4841833710670471, 0.9920613765716553, 0.18295146524906158, 1.7137430906295776, 0.8616108298301697, '00:18']
[22, 0.4937779903411865, 0.508360743522644, 0.9927741289138794, 0.17701490223407745, 1.3824063539505005, 0.9683905839920044, '00:18']
[23, 0.49754780530929565, 0.4671480655670166, 0.9924798607826233, 0.1761043816804886, 1.3901258707046509, 0.8892556428909302, '00:19']
[24, 0.48934707045555115, 0.4837581515312195, 0.9921942949295044, 0.18215171992778778, 1.6747123003005981, 0.8817530274391174, '00:19']
[25, 0.48270532488822937, 0.45021140575408936, 0.9924615025520325, 0.17507585883140564, 1.3505405187606812, 0.8515896201133728, '00:19']
Better model found at epoch 25 with valid_loss value: 0.45021140575408936.
[26, 0.4841744303703308, 0.44865483045578003, 0.9924229383468628, 0.1750277429819107, 1.3289339542388916, 0.8476352691650391, '00:18']
Better model found at epoch 26 with valid_loss value: 0.44865483045578003.
[27, 0.4791593849658966, 0.4479232728481293, 0.9922494292259216, 0.17662397027015686, 1.4740089178085327, 0.8374359607696533, '00:19']
Better model found at epoch 27 with valid_loss value: 0.4479232728481293.
[28, 0.48119595646858215, 0.4433353543281555, 0.9924262166023254, 0.1748972088098526, 1.3210258483886719, 0.8362245559692383, '00:19']
Better model found at epoch 28 with valid_loss value: 0.4433353543281555.
[29, 0.47697576880455017, 0.4538688659667969, 0.9920355677604675, 0.17931418120861053, 1.6149332523345947, 0.8234999775886536, '00:19']
[30, 0.4777619540691376, 0.46792492270469666, 0.9921823740005493, 0.1795932650566101, 1.6172895431518555, 0.859931468963623, '00:19']
[31, 0.4782787263393402, 0.4767751097679138, 0.9919375777244568, 0.1838383674621582, 1.7193777561187744, 0.846747875213623, '00:19']
[32, 0.473239541053772, 0.4422278106212616, 0.9923003911972046, 0.17577122151851654, 1.4302572011947632, 0.826436460018158, '00:18']
Better model found at epoch 32 with valid_loss value: 0.4422278106212616.
[33, 0.4716126024723053, 0.4617411196231842, 0.9920035004615784, 0.18030007183551788, 1.656109094619751, 0.8268959522247314, '00:19']
[34, 0.4732595682144165, 0.44115689396858215, 0.9924275279045105, 0.17473246157169342, 1.3227322101593018, 0.8291884660720825, '00:18']
Better model found at epoch 34 with valid_loss value: 0.44115689396858215.
[35, 0.47412800788879395, 0.4618617296218872, 0.9924413561820984, 0.17576955258846283, 1.397833228111267, 0.8661067485809326, '00:18']
[36, 0.4636152982711792, 0.4540518522262573, 0.9919986128807068, 0.17944109439849854, 1.6321911811828613, 0.8238924145698547, '00:18']
[37, 0.46172845363616943, 0.4421846270561218, 0.9924569129943848, 0.17437610030174255, 1.2707734107971191, 0.8322227597236633, '00:18']
[38, 0.459822416305542, 0.4331822693347931, 0.9922357201576233, 0.17571330070495605, 1.432515263557434, 0.8060547709465027, '00:18']
Better model found at epoch 38 with valid_loss value: 0.4331822693347931.
[39, 0.46096453070640564, 0.43042802810668945, 0.992317795753479, 0.17487135529518127, 1.3457130193710327, 0.8071704506874084, '00:18']
Better model found at epoch 39 with valid_loss value: 0.43042802810668945.
[40, 0.466278612613678, 0.42978808283805847, 0.9922206997871399, 0.17580050230026245, 1.4326003789901733, 0.8058531284332275, '00:18']
Better model found at epoch 40 with valid_loss value: 0.42978808283805847.
[41, 0.4658632278442383, 0.45295995473861694, 0.9919677376747131, 0.17973564565181732, 1.6330294609069824, 0.8155364394187927, '00:18']
[42, 0.46485430002212524, 0.43439316749572754, 0.9923399090766907, 0.17495983839035034, 1.344361662864685, 0.8133129477500916, '00:19']
[43, 0.4638736844062805, 0.4686262309551239, 0.9919108152389526, 0.18226775527000427, 1.6984835863113403, 0.8340044617652893, '00:18']
[44, 0.46296072006225586, 0.4342147409915924, 0.9922531843185425, 0.17583879828453064, 1.4369922876358032, 0.8123184442520142, '00:18']
[45, 0.46203482151031494, 0.434724360704422, 0.9922317862510681, 0.17602021992206573, 1.4591405391693115, 0.8126096725463867, '00:19']
[46, 0.47247514128685, 0.43617016077041626, 0.9924012422561646, 0.1745917946100235, 1.313123106956482, 0.8172646760940552, '00:19']
[47, 0.46075278520584106, 0.4277498126029968, 0.9923645853996277, 0.17438846826553345, 1.2808747291564941, 0.7964447140693665, '00:19']
Better model found at epoch 47 with valid_loss value: 0.4277498126029968.
[48, 0.4600261151790619, 0.43351003527641296, 0.992172122001648, 0.17638537287712097, 1.485955834388733, 0.8082640171051025, '00:19']
[49, 0.46431243419647217, 0.46411287784576416, 0.9923295378684998, 0.17719796299934387, 1.5334646701812744, 0.8644956946372986, '00:18']
[50, 0.4691355526447296, 0.4520311653614044, 0.9920830130577087, 0.17852559685707092, 1.5863105058670044, 0.8288325667381287, '00:19']
[51, 0.46629053354263306, 0.4439093768596649, 0.9923930764198303, 0.17507405579090118, 1.3776684999465942, 0.8336575031280518, '00:18']
[52, 0.45941391587257385, 0.4328426420688629, 0.992393434047699, 0.17451302707195282, 1.3059123754501343, 0.8089795708656311, '00:18']
[53, 0.45704221725463867, 0.44639381766319275, 0.9923086762428284, 0.17599497735500336, 1.4457769393920898, 0.8379804491996765, '00:18']
[54, 0.45586958527565, 0.46667274832725525, 0.9926249980926514, 0.17395171523094177, 1.1855827569961548, 0.8687781691551208, '00:19']
[55, 0.4626130759716034, 0.4397818148136139, 0.9925247430801392, 0.17378564178943634, 1.165574550628662, 0.8096703886985779, '00:19']
No improvement since epoch 47: early stopping
----------
1
----------
DLS create!
[0, 0.5942018032073975, 0.5390017628669739, 0.9822815656661987, 0.19455775618553162, 1.1976202726364136, 0.9970443844795227, '00:20']
Better model found at epoch 0 with valid_loss value: 0.5390017628669739.
[1, 0.5426732897758484, 0.5151467323303223, 0.9819923639297485, 0.18619757890701294, 1.3126181364059448, 0.9650000333786011, '00:20']
Better model found at epoch 1 with valid_loss value: 0.5151467323303223.
[2, 0.520822286605835, 0.5037143230438232, 0.9820702075958252, 0.17765004932880402, 1.3591066598892212, 0.9592146873474121, '00:20']
Better model found at epoch 2 with valid_loss value: 0.5037143230438232.
[3, 0.5089922547340393, 0.5020366907119751, 0.9820535778999329, 0.17769986391067505, 1.3973442316055298, 0.9529033899307251, '00:20']
Better model found at epoch 3 with valid_loss value: 0.5020366907119751.
[4, 0.503032386302948, 0.49606800079345703, 0.9819598197937012, 0.17731593549251556, 1.5005861520767212, 0.9326007962226868, '00:20']
Better model found at epoch 4 with valid_loss value: 0.49606800079345703.
[5, 0.49763214588165283, 0.4987225830554962, 0.981808602809906, 0.18050992488861084, 1.6141839027404785, 0.9211332201957703, '00:21']
[6, 0.4933319687843323, 0.5062073469161987, 0.9820945262908936, 0.1755482703447342, 1.4275637865066528, 0.9451767802238464, '00:22']
[7, 0.48808979988098145, 0.4907682538032532, 0.9819332361221313, 0.1765221655368805, 1.5033729076385498, 0.9129909873008728, '00:21']
Better model found at epoch 7 with valid_loss value: 0.4907682538032532.
[8, 0.48890066146850586, 0.4953880310058594, 0.9819684028625488, 0.1770016849040985, 1.4625071287155151, 0.9269036054611206, '00:20']
[9, 0.48581555485725403, 0.5002327561378479, 0.9815866351127625, 0.18356584012508392, 1.71623694896698, 0.8961979746818542, '00:20']
[10, 0.48215824365615845, 0.49633142352104187, 0.9817270040512085, 0.18040888011455536, 1.6421297788619995, 0.9042721390724182, '00:21']
[11, 0.4895936846733093, 0.487775057554245, 0.9818516373634338, 0.17719388008117676, 1.5288337469100952, 0.908841073513031, '00:21']
Better model found at epoch 11 with valid_loss value: 0.487775057554245.
[12, 0.484327107667923, 0.5005838871002197, 0.9821081757545471, 0.17465952038764954, 1.3308360576629639, 0.9338454008102417, '00:20']
[13, 0.4831739366054535, 0.4881485402584076, 0.9817525148391724, 0.17773233354091644, 1.5658994913101196, 0.905164361000061, '00:22']
[14, 0.4869740605354309, 0.4889426529407501, 0.9816218018531799, 0.1813189834356308, 1.6667592525482178, 0.8885743618011475, '00:20']
[15, 0.47847482562065125, 0.4909323751926422, 0.9817866086959839, 0.17750710248947144, 1.531722068786621, 0.9127614498138428, '00:20']
[16, 0.480281263589859, 0.48578810691833496, 0.9818688631057739, 0.1762218177318573, 1.497107744216919, 0.9002260565757751, '00:20']
Better model found at epoch 16 with valid_loss value: 0.48578810691833496.
[17, 0.48179203271865845, 0.4811224639415741, 0.9818159341812134, 0.1763869673013687, 1.492335319519043, 0.8958200216293335, '00:20']
Better model found at epoch 17 with valid_loss value: 0.4811224639415741.
[18, 0.47871240973472595, 0.48967158794403076, 0.9815880060195923, 0.18119406700134277, 1.6814240217208862, 0.8783421516418457, '00:22']
[19, 0.46991726756095886, 0.48928892612457275, 0.9818558096885681, 0.17764204740524292, 1.5520895719528198, 0.9023304581642151, '00:19']
[20, 0.47668254375457764, 0.47683051228523254, 0.9818184971809387, 0.17670799791812897, 1.5150525569915771, 0.8844892978668213, '00:22']
Better model found at epoch 20 with valid_loss value: 0.47683051228523254.
[21, 0.4729347825050354, 0.4861519932746887, 0.9818562269210815, 0.17552335560321808, 1.4378999471664429, 0.8992152214050293, '00:20']
[22, 0.47462671995162964, 0.49649715423583984, 0.9820457696914673, 0.1751098334789276, 1.3901511430740356, 0.9244630336761475, '00:20']
[23, 0.4750405251979828, 0.48399385809898376, 0.9818913340568542, 0.17529207468032837, 1.3769675493240356, 0.9027546644210815, '00:20']
[24, 0.4776763617992401, 0.4737440347671509, 0.9818045496940613, 0.17551900446414948, 1.3893330097198486, 0.8840113878250122, '00:22']
Better model found at epoch 24 with valid_loss value: 0.4737440347671509.
[25, 0.4752070903778076, 0.46962979435920715, 0.9817721843719482, 0.1760043203830719, 1.4804139137268066, 0.866844117641449, '00:20']
Better model found at epoch 25 with valid_loss value: 0.46962979435920715.
[26, 0.4592551290988922, 0.4796096682548523, 0.9817283153533936, 0.17664846777915955, 1.4822096824645996, 0.8851150870323181, '00:21']
[27, 0.4756682813167572, 0.5121411085128784, 0.9818177819252014, 0.18306080996990204, 1.6869840621948242, 0.9202207326889038, '00:20']
[28, 0.4674111604690552, 0.47415468096733093, 0.9818889498710632, 0.174934983253479, 1.3799210786819458, 0.8774403929710388, '00:19']
[29, 0.46635299921035767, 0.47078433632850647, 0.9818429350852966, 0.17519047856330872, 1.409570336341858, 0.8658726811408997, '00:20']
[30, 0.46887317299842834, 0.47476309537887573, 0.9819620847702026, 0.17416231334209442, 1.2443262338638306, 0.8815746307373047, '00:21']
[31, 0.46325573325157166, 0.47952988743782043, 0.9817395806312561, 0.17715485394001007, 1.5676403045654297, 0.8701737523078918, '00:22']
[32, 0.46343278884887695, 0.4676584303379059, 0.9816702008247375, 0.17661669850349426, 1.5243650674819946, 0.8545035719871521, '00:20']
Better model found at epoch 32 with valid_loss value: 0.4676584303379059.
[33, 0.4657970368862152, 0.47509801387786865, 0.9819156527519226, 0.17442692816257477, 1.2909376621246338, 0.8748372197151184, '00:20']
[34, 0.4619511365890503, 0.4805534780025482, 0.9817972183227539, 0.17600038647651672, 1.3843222856521606, 0.8854233622550964, '00:20']
[35, 0.4575291574001312, 0.49090421199798584, 0.9816162586212158, 0.18013668060302734, 1.6663404703140259, 0.877492368221283, '00:20']
[36, 0.4628913104534149, 0.470915824174881, 0.9818399548530579, 0.175262913107872, 1.3942115306854248, 0.8725964426994324, '00:20']
[37, 0.4690176248550415, 0.47974836826324463, 0.9814096689224243, 0.18098531663417816, 1.6859477758407593, 0.8610198497772217, '00:20']
[38, 0.45768314599990845, 0.4694451093673706, 0.9814594388008118, 0.17876295745372772, 1.6280827522277832, 0.8446319103240967, '00:20']
[39, 0.45592448115348816, 0.4689827859401703, 0.9817153811454773, 0.17602165043354034, 1.4880151748657227, 0.8618276119232178, '00:20']
[40, 0.4577914774417877, 0.4634251296520233, 0.9816581010818481, 0.1766030490398407, 1.5225886106491089, 0.8478325605392456, '00:20']
Better model found at epoch 40 with valid_loss value: 0.4634251296520233.
[41, 0.45413562655448914, 0.47686514258384705, 0.9815855026245117, 0.1778833270072937, 1.5934077501296997, 0.8581874966621399, '00:20']
[42, 0.4624499976634979, 0.4924161434173584, 0.981607973575592, 0.1808338612318039, 1.6675353050231934, 0.8852649331092834, '00:20']
[43, 0.4568255543708801, 0.4719962775707245, 0.9814575910568237, 0.17856168746948242, 1.608978509902954, 0.8462047576904297, '00:21']
[44, 0.4544411897659302, 0.46200254559516907, 0.9818230867385864, 0.17445434629917145, 1.3241682052612305, 0.8476008176803589, '00:22']
Better model found at epoch 44 with valid_loss value: 0.46200254559516907.
[45, 0.452168345451355, 0.46741974353790283, 0.9814236164093018, 0.17877086997032166, 1.6277650594711304, 0.841762125492096, '00:21']
[46, 0.45607298612594604, 0.46145161986351013, 0.9816368222236633, 0.17638853192329407, 1.5050138235092163, 0.8449345231056213, '00:19']
Better model found at epoch 46 with valid_loss value: 0.46145161986351013.
[47, 0.4530603587627411, 0.48348259925842285, 0.981840193271637, 0.17545144259929657, 1.395706057548523, 0.8815962672233582, '00:20']
[48, 0.45815709233283997, 0.4796029031276703, 0.9814844727516174, 0.18029649555683136, 1.675899624824524, 0.8576222062110901, '00:22']
[49, 0.4620400369167328, 0.4726746380329132, 0.9814994931221008, 0.17867018282413483, 1.620197057723999, 0.8543089032173157, '00:21']
[50, 0.4594697654247284, 0.4782075583934784, 0.9815583229064941, 0.17871548235416412, 1.6041324138641357, 0.8691834211349487, '00:20']
[51, 0.45762062072753906, 0.4730660021305084, 0.9817801117897034, 0.17528797686100006, 1.3656187057495117, 0.8722999691963196, '00:20']
[52, 0.46257051825523376, 0.4672216475009918, 0.9817102551460266, 0.1757931262254715, 1.4642189741134644, 0.8600041270256042, '00:20']
[53, 0.4570714831352234, 0.4647083580493927, 0.9817368984222412, 0.1756659895181656, 1.46479332447052, 0.8567643165588379, '00:19']
[54, 0.46060800552368164, 0.47039008140563965, 0.9817380309104919, 0.17505529522895813, 1.3479903936386108, 0.864471971988678, '00:20']
No improvement since epoch 46: early stopping
----------
2
----------
DLS create!
[0, 0.5840892195701599, 0.5340002775192261, 0.990388810634613, 0.19138936698436737, 1.1739238500595093, 0.993931770324707, '00:19']
Better model found at epoch 0 with valid_loss value: 0.5340002775192261.
[1, 0.5395104289054871, 0.5130481123924255, 0.9903076887130737, 0.18048758804798126, 1.1629246473312378, 0.9782101511955261, '00:19']
Better model found at epoch 1 with valid_loss value: 0.5130481123924255.
[2, 0.5199162364006042, 0.5111876726150513, 0.9902856945991516, 0.17862029373645782, 1.2632694244384766, 0.9732865691184998, '00:20']
Better model found at epoch 2 with valid_loss value: 0.5111876726150513.
[3, 0.5057359337806702, 0.5035874247550964, 0.9897703528404236, 0.1862688660621643, 1.6409070491790771, 0.9128310680389404, '00:19']
Better model found at epoch 3 with valid_loss value: 0.5035874247550964.
[4, 0.4982830882072449, 0.4735352098941803, 0.9896878004074097, 0.17985212802886963, 1.5233662128448486, 0.8784648180007935, '00:19']
Better model found at epoch 4 with valid_loss value: 0.4735352098941803.
[5, 0.5029173493385315, 0.4891555905342102, 0.9900964498519897, 0.1762452870607376, 1.3173120021820068, 0.9261873960494995, '00:20']
[6, 0.5008580088615417, 0.4899172782897949, 0.9901197552680969, 0.1760054975748062, 1.3401321172714233, 0.9219290018081665, '00:19']
[7, 0.4959096908569336, 0.5171751379966736, 0.9903581738471985, 0.1747366487979889, 1.181443691253662, 0.9717811346054077, '00:20']
[8, 0.4952200949192047, 0.476288378238678, 0.9900020360946655, 0.17612607777118683, 1.3991947174072266, 0.887052059173584, '00:19']
[9, 0.48790594935417175, 0.4711291193962097, 0.9898248314857483, 0.17747394740581512, 1.4678468704223633, 0.8748064637184143, '00:19']
Better model found at epoch 9 with valid_loss value: 0.4711291193962097.
[10, 0.48492997884750366, 0.46690818667411804, 0.9898815155029297, 0.17607636749744415, 1.4114476442337036, 0.8657240271568298, '00:18']
Better model found at epoch 10 with valid_loss value: 0.46690818667411804.
[11, 0.48384812474250793, 0.46914470195770264, 0.9898988008499146, 0.1764133870601654, 1.4075359106063843, 0.8775292634963989, '00:19']
[12, 0.49031490087509155, 0.4824325144290924, 0.9898627400398254, 0.17821058630943298, 1.5089422464370728, 0.890349268913269, '00:19']
[13, 0.4946446120738983, 0.4823745787143707, 0.9898780584335327, 0.17867891490459442, 1.5193493366241455, 0.8979114890098572, '00:18']
[14, 0.4851849377155304, 0.46879690885543823, 0.9899590611457825, 0.17578789591789246, 1.363464593887329, 0.8778608441352844, '00:19']
[15, 0.4844388961791992, 0.4903404116630554, 0.9899152517318726, 0.17807544767856598, 1.5155720710754395, 0.9089885950088501, '00:19']
[16, 0.4865306615829468, 0.4714263677597046, 0.989967405796051, 0.17552456259727478, 1.3547313213348389, 0.880649209022522, '00:20']
[17, 0.48139360547065735, 0.4731365442276001, 0.9898450970649719, 0.17726176977157593, 1.4731870889663696, 0.8753223419189453, '00:19']
[18, 0.4849241375923157, 0.47617965936660767, 0.99001544713974, 0.17560243606567383, 1.343335509300232, 0.8940917253494263, '00:19']
No improvement since epoch 10: early stopping
----------
3
----------
DLS create!
[0, 0.6567623019218445, 0.5618804097175598, 0.9911076426506042, 0.210235133767128, 1.2495402097702026, 0.996613621711731, '00:19']
Better model found at epoch 0 with valid_loss value: 0.5618804097175598.
[1, 0.5716009736061096, 0.527703583240509, 0.9911251664161682, 0.18691545724868774, 1.14072585105896, 0.9959229230880737, '00:19']
Better model found at epoch 1 with valid_loss value: 0.527703583240509.
[2, 0.537499189376831, 0.5110856890678406, 0.9909024834632874, 0.1830778270959854, 1.2568962574005127, 0.9695305228233337, '00:19']
Better model found at epoch 2 with valid_loss value: 0.5110856890678406.
[3, 0.5184470415115356, 0.496504008769989, 0.9905784726142883, 0.18336203694343567, 1.46175217628479, 0.9303469061851501, '00:19']
Better model found at epoch 3 with valid_loss value: 0.496504008769989.
[4, 0.5092620253562927, 0.48730432987213135, 0.9907833337783813, 0.1770116686820984, 1.2898236513137817, 0.9322976469993591, '00:19']
Better model found at epoch 4 with valid_loss value: 0.48730432987213135.
[5, 0.5026282668113708, 0.4768843948841095, 0.9904451370239258, 0.1800708770751953, 1.5278329849243164, 0.8939878940582275, '00:20']
Better model found at epoch 5 with valid_loss value: 0.4768843948841095.
[6, 0.4956507086753845, 0.48050713539123535, 0.9907650947570801, 0.1761409491300583, 1.3506722450256348, 0.910068154335022, '00:19']
[7, 0.48909762501716614, 0.4699624180793762, 0.9905866384506226, 0.1769402176141739, 1.429735779762268, 0.8867003321647644, '00:19']
Better model found at epoch 7 with valid_loss value: 0.4699624180793762.
[8, 0.4894344210624695, 0.46958959102630615, 0.9905458688735962, 0.17734895646572113, 1.4799275398254395, 0.8759915828704834, '00:19']
Better model found at epoch 8 with valid_loss value: 0.46958959102630615.
[9, 0.4852707087993622, 0.45699968934059143, 0.9903844594955444, 0.17738547921180725, 1.4917359352111816, 0.8536378741264343, '00:19']
Better model found at epoch 9 with valid_loss value: 0.45699968934059143.
[10, 0.4886949360370636, 0.4724850654602051, 0.9907826781272888, 0.17488551139831543, 1.2889426946640015, 0.8857415318489075, '00:19']
[11, 0.4867294132709503, 0.4631512761116028, 0.9904524683952332, 0.17742332816123962, 1.4757895469665527, 0.8667067289352417, '00:20']
[12, 0.48814326524734497, 0.4640933573246002, 0.9905776977539062, 0.176432803273201, 1.433943510055542, 0.8695919513702393, '00:19']
[13, 0.4858582317829132, 0.4700443744659424, 0.9905236959457397, 0.1773376166820526, 1.4870911836624146, 0.8779840469360352, '00:20']
[14, 0.4853997528553009, 0.44959256052970886, 0.9904906153678894, 0.1755276918411255, 1.355329155921936, 0.8460192084312439, '00:19']
Better model found at epoch 14 with valid_loss value: 0.44959256052970886.
[15, 0.4774271547794342, 0.4455186426639557, 0.9902410507202148, 0.1773378998041153, 1.498262643814087, 0.8263658881187439, '00:19']
Better model found at epoch 15 with valid_loss value: 0.4455186426639557.
[16, 0.4776555597782135, 0.46640390157699585, 0.9904417395591736, 0.17778818309307098, 1.509477972984314, 0.8657516837120056, '00:19']
[17, 0.4779203236103058, 0.4550687372684479, 0.9904997944831848, 0.17557735741138458, 1.3431124687194824, 0.8520103693008423, '00:20']
[18, 0.47728201746940613, 0.4782316982746124, 0.9904109835624695, 0.17994603514671326, 1.5936570167541504, 0.8780609965324402, '00:18']
[19, 0.4753868877887726, 0.45117929577827454, 0.9904292225837708, 0.17625552415847778, 1.4245632886886597, 0.8416858911514282, '00:20']
[20, 0.4796570837497711, 0.46435436606407166, 0.9905634522438049, 0.17566217482089996, 1.3564802408218384, 0.8727728724479675, '00:19']
[21, 0.4749428927898407, 0.46336621046066284, 0.9900932312011719, 0.18070228397846222, 1.6118521690368652, 0.8410459160804749, '00:20']
[22, 0.4735991656780243, 0.4511292576789856, 0.990536630153656, 0.17519570887088776, 1.3312228918075562, 0.8426013588905334, '00:18']
[23, 0.46892112493515015, 0.4828493893146515, 0.9908868074417114, 0.17378737032413483, 1.1194082498550415, 0.8864849805831909, '00:20']
No improvement since epoch 15: early stopping
----------
4
----------
DLS create!
[0, 0.558555006980896, 0.5240852236747742, 0.991240382194519, 0.1840026080608368, 1.1231869459152222, 0.9955435395240784, '00:19']
Better model found at epoch 0 with valid_loss value: 0.5240852236747742.
[1, 0.5292487144470215, 0.5162336826324463, 0.9911315441131592, 0.17991381883621216, 1.1517149209976196, 0.9789139032363892, '00:19']
Better model found at epoch 1 with valid_loss value: 0.5162336826324463.
[2, 0.5166553854942322, 0.5250359773635864, 0.9909818172454834, 0.18950378894805908, 1.4430389404296875, 0.9699558615684509, '00:20']
[3, 0.5084998607635498, 0.4905446767807007, 0.9908692240715027, 0.17775267362594604, 1.358903169631958, 0.9306890964508057, '00:20']
Better model found at epoch 3 with valid_loss value: 0.4905446767807007.
[4, 0.503001868724823, 0.4843592941761017, 0.9908630847930908, 0.17695890367031097, 1.4317796230316162, 0.9095626473426819, '00:19']
Better model found at epoch 4 with valid_loss value: 0.4843592941761017.
[5, 0.49998223781585693, 0.4841891825199127, 0.9909228086471558, 0.17558537423610687, 1.3451677560806274, 0.9161772131919861, '00:19']
Better model found at epoch 5 with valid_loss value: 0.4841891825199127.
[6, 0.4985330104827881, 0.4694279730319977, 0.9906181693077087, 0.1779610514640808, 1.498704195022583, 0.8778299689292908, '00:20']
Better model found at epoch 6 with valid_loss value: 0.4694279730319977.
[7, 0.490324467420578, 0.4889518916606903, 0.9909772276878357, 0.17505061626434326, 1.3300203084945679, 0.9140913486480713, '00:20']
[8, 0.49560457468032837, 0.46816641092300415, 0.9905791282653809, 0.177835613489151, 1.4832572937011719, 0.8787644505500793, '00:18']
Better model found at epoch 8 with valid_loss value: 0.46816641092300415.
[9, 0.4934823215007782, 0.4674164056777954, 0.9907274842262268, 0.17609506845474243, 1.3694705963134766, 0.8844237923622131, '00:20']
Better model found at epoch 9 with valid_loss value: 0.4674164056777954.
[10, 0.494361013174057, 0.48129358887672424, 0.9908377528190613, 0.17624372243881226, 1.4163265228271484, 0.9043782353401184, '00:19']
[11, 0.49287891387939453, 0.4755968749523163, 0.9903942942619324, 0.18151840567588806, 1.628421425819397, 0.8671491742134094, '00:20']
[12, 0.4883447289466858, 0.4649377763271332, 0.990634560585022, 0.17666345834732056, 1.4623372554779053, 0.8679326772689819, '00:19']
Better model found at epoch 12 with valid_loss value: 0.4649377763271332.
[13, 0.487128347158432, 0.47683587670326233, 0.9905812740325928, 0.1793663054704666, 1.5444817543029785, 0.8881938457489014, '00:18']
[14, 0.49072515964508057, 0.4670242965221405, 0.9907768964767456, 0.17551663517951965, 1.378632664680481, 0.8763821125030518, '00:20']
[15, 0.4933042526245117, 0.46221640706062317, 0.990504264831543, 0.17807896435260773, 1.5071743726730347, 0.8642635941505432, '00:19']
Better model found at epoch 15 with valid_loss value: 0.46221640706062317.
[16, 0.4891975522041321, 0.47125303745269775, 0.9906852841377258, 0.17680495977401733, 1.4765591621398926, 0.8778216242790222, '00:19']
[17, 0.4873782992362976, 0.4721873104572296, 0.9906160831451416, 0.17775936424732208, 1.5154013633728027, 0.8794053196907043, '00:20']
[18, 0.48705270886421204, 0.4699101746082306, 0.990780770778656, 0.17555779218673706, 1.3649165630340576, 0.8810726404190063, '00:19']
[19, 0.4829079508781433, 0.4712624251842499, 0.9904603958129883, 0.1785288006067276, 1.5589042901992798, 0.87064129114151, '00:19']
[20, 0.47996681928634644, 0.4719364643096924, 0.9906588792800903, 0.17697253823280334, 1.4766459465026855, 0.8825249075889587, '00:19']
[21, 0.48093146085739136, 0.4761973023414612, 0.9908183217048645, 0.17573654651641846, 1.4142054319381714, 0.8871243596076965, '00:18']
[22, 0.4790940284729004, 0.4755895435810089, 0.9907833933830261, 0.1754046380519867, 1.34511399269104, 0.8977411985397339, '00:20']
[23, 0.48725196719169617, 0.4731510281562805, 0.9907247424125671, 0.1767846941947937, 1.4619319438934326, 0.8852896690368652, '00:20']
No improvement since epoch 15: early stopping
Unet Done!
