Models will save to Unet++_dpn131_x
Use dpn131 encoder
Start training...
----------
0
----------
DLS create!
[0, 0.5847548246383667, 0.5312352180480957, 0.9939060807228088, 0.19035911560058594, 1.1595770120620728, 0.997773289680481, '01:24']
Better model found at epoch 0 with valid_loss value: 0.5312352180480957.
[1, 0.5344446301460266, 0.5135473012924194, 0.9937969446182251, 0.18226170539855957, 1.2740452289581299, 0.9817618727684021, '01:24']
Better model found at epoch 1 with valid_loss value: 0.5135473012924194.
[2, 0.5136932134628296, 0.5659759044647217, 0.9934451580047607, 0.21657800674438477, 1.5013858079910278, 0.9614341855049133, '01:24']
[3, 0.5085362195968628, 0.49258142709732056, 0.9936847686767578, 0.17673876881599426, 1.397460699081421, 0.9377349615097046, '01:24']
Better model found at epoch 3 with valid_loss value: 0.49258142709732056.
[4, 0.5066760182380676, 0.5580217838287354, 0.9932834506034851, 0.21057824790477753, 1.7018766403198242, 0.9417338967323303, '01:25']
[5, 0.504727840423584, 0.4879957437515259, 0.9935778379440308, 0.1787089854478836, 1.4659032821655273, 0.9278303384780884, '01:24']
Better model found at epoch 5 with valid_loss value: 0.4879957437515259.
[6, 0.49561676383018494, 0.4757186472415924, 0.9934728145599365, 0.17764373123645782, 1.5736894607543945, 0.8999797701835632, '01:24']
Better model found at epoch 6 with valid_loss value: 0.4757186472415924.
[7, 0.4988081157207489, 0.4770244359970093, 0.9936395883560181, 0.17596225440502167, 1.4786778688430786, 0.9037819504737854, '01:24']
[8, 0.4945223927497864, 0.46103551983833313, 0.9933640956878662, 0.17738981544971466, 1.5410698652267456, 0.8722715377807617, '01:24']
Better model found at epoch 8 with valid_loss value: 0.46103551983833313.
[9, 0.4890475273132324, 0.4635980427265167, 0.9933688044548035, 0.17773675918579102, 1.5597885847091675, 0.873997151851654, '01:24']
[10, 0.4903773069381714, 0.47214657068252563, 0.9933524131774902, 0.1793014109134674, 1.621270775794983, 0.8830970525741577, '01:24']
[11, 0.4911620616912842, 0.47818779945373535, 0.9931504726409912, 0.182678684592247, 1.7119123935699463, 0.8701907992362976, '01:24']
[12, 0.48208293318748474, 0.4687122404575348, 0.9935089349746704, 0.17707911133766174, 1.571945071220398, 0.8788748979568481, '01:25']
[13, 0.48617327213287354, 0.46631547808647156, 0.993586540222168, 0.17577426135540009, 1.467289924621582, 0.8835254907608032, '01:25']
[14, 0.4912429451942444, 0.4771720767021179, 0.993438184261322, 0.17900221049785614, 1.630631923675537, 0.8942645788192749, '01:24']
[15, 0.48391634225845337, 0.45176464319229126, 0.9935338497161865, 0.1746578961610794, 1.3453088998794556, 0.8602153658866882, '01:26']
Better model found at epoch 15 with valid_loss value: 0.45176464319229126.
[16, 0.47981810569763184, 0.4530434310436249, 0.9932893514633179, 0.17739428579807281, 1.5965814590454102, 0.8454189300537109, '01:24']
[17, 0.48075923323631287, 0.4431874454021454, 0.993543267250061, 0.1745952069759369, 1.330163836479187, 0.8465172648429871, '01:24']
Better model found at epoch 17 with valid_loss value: 0.4431874454021454.
[18, 0.47097083926200867, 0.43580636382102966, 0.9935099482536316, 0.1743590533733368, 1.3017833232879639, 0.8278569579124451, '01:24']
Better model found at epoch 18 with valid_loss value: 0.43580636382102966.
[19, 0.47002384066581726, 0.44399937987327576, 0.9933629035949707, 0.17640168964862823, 1.5265729427337646, 0.8316898941993713, '01:24']
[20, 0.47277188301086426, 0.4415329098701477, 0.9934893846511841, 0.17487074434757233, 1.3599404096603394, 0.8425713777542114, '01:28']
[21, 0.47388917207717896, 0.44924741983413696, 0.9934148192405701, 0.1757773607969284, 1.4826562404632568, 0.8487155437469482, '01:24']
[22, 0.47715190052986145, 0.4395373463630676, 0.9933260083198547, 0.17593979835510254, 1.4872103929519653, 0.8327962756156921, '01:24']
[23, 0.4747849106788635, 0.4449126422405243, 0.9932644367218018, 0.17735081911087036, 1.5933003425598145, 0.8265633583068848, '01:26']
[24, 0.48347920179367065, 0.4454231560230255, 0.9933438897132874, 0.1765511929988861, 1.5408672094345093, 0.8359526991844177, '01:24']
[25, 0.47972699999809265, 0.43815121054649353, 0.9932581782341003, 0.17642155289649963, 1.536859154701233, 0.817130446434021, '01:25']
[26, 0.4818379580974579, 0.46208682656288147, 0.9932522177696228, 0.1788530945777893, 1.6218458414077759, 0.8629830479621887, '01:24']
No improvement since epoch 18: early stopping
----------
1
----------
DLS create!
[0, 0.5762180089950562, 0.5330744981765747, 0.9934975504875183, 0.1916193813085556, 1.1728787422180176, 0.9961282014846802, '01:24']
Better model found at epoch 0 with valid_loss value: 0.5330744981765747.
[1, 0.5307723879814148, 0.5163249969482422, 0.9934731125831604, 0.18136504292488098, 1.1737302541732788, 0.9897304177284241, '01:26']
Better model found at epoch 1 with valid_loss value: 0.5163249969482422.
[2, 0.5084755420684814, 0.5045223832130432, 0.9933983087539673, 0.17749764025211334, 1.3689326047897339, 0.9628416895866394, '01:24']
Better model found at epoch 2 with valid_loss value: 0.5045223832130432.
[3, 0.5008851289749146, 0.5041976571083069, 0.9934665560722351, 0.17472708225250244, 1.279524803161621, 0.9663709998130798, '01:25']
Better model found at epoch 3 with valid_loss value: 0.5041976571083069.
[4, 0.5008245706558228, 0.5135836601257324, 0.9931589961051941, 0.1850828230381012, 1.7117820978164673, 0.9324516654014587, '01:25']
[5, 0.4943087100982666, 0.49050724506378174, 0.9931944012641907, 0.17864365875720978, 1.605535864830017, 0.911771833896637, '01:25']
Better model found at epoch 5 with valid_loss value: 0.49050724506378174.
[6, 0.4762926399707794, 0.49031102657318115, 0.9932286739349365, 0.17772626876831055, 1.602646827697754, 0.9023971557617188, '01:26']
Better model found at epoch 6 with valid_loss value: 0.49031102657318115.
[7, 0.48391100764274597, 0.4748750925064087, 0.9931885600090027, 0.1762593537569046, 1.5175509452819824, 0.8881294131278992, '01:24']
Better model found at epoch 7 with valid_loss value: 0.4748750925064087.
[8, 0.4847409427165985, 0.49416056275367737, 0.99312824010849, 0.17982684075832367, 1.6763993501663208, 0.9033661484718323, '01:24']
[9, 0.48220887780189514, 0.4829230308532715, 0.9934022426605225, 0.1743641346693039, 1.3269293308258057, 0.9097386002540588, '01:27']
[10, 0.48130273818969727, 0.47704359889030457, 0.9932445883750916, 0.17587284743785858, 1.5019234418869019, 0.8853280544281006, '01:24']
[11, 0.4798922538757324, 0.4831143915653229, 0.9932527542114258, 0.17607583105564117, 1.5132704973220825, 0.9084153771400452, '01:25']
[12, 0.4804522693157196, 0.481885701417923, 0.9931217432022095, 0.17813551425933838, 1.6040486097335815, 0.8903080224990845, '01:25']
[13, 0.47179174423217773, 0.48595577478408813, 0.9930768013000488, 0.17884474992752075, 1.6645699739456177, 0.882937490940094, '01:25']
[14, 0.4623972773551941, 0.47446778416633606, 0.9933491945266724, 0.17421701550483704, 1.307563066482544, 0.8879350423812866, '01:25']
Better model found at epoch 14 with valid_loss value: 0.47446778416633606.
[15, 0.46198514103889465, 0.4695633351802826, 0.9931838512420654, 0.1760309338569641, 1.5241950750350952, 0.8722831010818481, '01:24']
Better model found at epoch 15 with valid_loss value: 0.4695633351802826.
[16, 0.46572574973106384, 0.4943694472312927, 0.9934520125389099, 0.17364895343780518, 1.145970344543457, 0.9322861433029175, '01:26']
[17, 0.47218579053878784, 0.4908207058906555, 0.9930225014686584, 0.18062004446983337, 1.6980243921279907, 0.8849809169769287, '01:25']
[18, 0.46576815843582153, 0.4737454950809479, 0.993319034576416, 0.1746065616607666, 1.3699039220809937, 0.8898192644119263, '01:25']
[19, 0.46977025270462036, 0.4650529623031616, 0.99312824010849, 0.17596112191677094, 1.506691336631775, 0.8712262511253357, '01:26']
Better model found at epoch 19 with valid_loss value: 0.4650529623031616.
[20, 0.4573379158973694, 0.47118422389030457, 0.9931266903877258, 0.17660197615623474, 1.569831371307373, 0.8688440918922424, '01:24']
[21, 0.46233123540878296, 0.4604984223842621, 0.9931345582008362, 0.17589804530143738, 1.516129493713379, 0.8554187417030334, '01:25']
Better model found at epoch 21 with valid_loss value: 0.4604984223842621.
[22, 0.4647670388221741, 0.4707508385181427, 0.9932486414909363, 0.17514929175376892, 1.446692705154419, 0.8818572163581848, '01:24']
[23, 0.46906110644340515, 0.490876704454422, 0.9929016828536987, 0.18221698701381683, 1.7269536256790161, 0.8669171333312988, '01:24']
[24, 0.46401047706604004, 0.4663538336753845, 0.9930400848388672, 0.1773616075515747, 1.608575701713562, 0.8552307486534119, '01:25']
[25, 0.46092671155929565, 0.49699971079826355, 0.9930041432380676, 0.18114769458770752, 1.7125170230865479, 0.8912924528121948, '01:25']
[26, 0.45873767137527466, 0.4616856276988983, 0.993181586265564, 0.17518772184848785, 1.4526294469833374, 0.8580204248428345, '01:25']
[27, 0.4651287794113159, 0.46393463015556335, 0.993064820766449, 0.17688967287540436, 1.5641758441925049, 0.8460381627082825, '01:26']
[28, 0.45584362745285034, 0.48049554228782654, 0.9930579662322998, 0.17829367518424988, 1.6243388652801514, 0.8763487339019775, '01:25']
[29, 0.46492403745651245, 0.48085328936576843, 0.9932000637054443, 0.17604638636112213, 1.5050355195999146, 0.8913947343826294, '01:25']
No improvement since epoch 21: early stopping
----------
2
----------
DLS create!
[0, 0.545010507106781, 0.5242885947227478, 0.9914712905883789, 0.18220534920692444, 1.1124651432037354, 0.9984126091003418, '01:25']
Better model found at epoch 0 with valid_loss value: 0.5242885947227478.
[1, 0.5188194513320923, 0.5047907829284668, 0.9912833571434021, 0.17764270305633545, 1.3844153881072998, 0.9622700214385986, '01:25']
Better model found at epoch 1 with valid_loss value: 0.5047907829284668.
[2, 0.5080479979515076, 0.5081212520599365, 0.9909484386444092, 0.18441937863826752, 1.6731873750686646, 0.9329225420951843, '01:27']
[3, 0.5025710463523865, 0.5026716589927673, 0.9912872910499573, 0.1758415549993515, 1.4212826490402222, 0.9438135623931885, '01:25']
Better model found at epoch 3 with valid_loss value: 0.5026716589927673.
[4, 0.492839515209198, 0.50152188539505, 0.9912105798721313, 0.17616669833660126, 1.438875436782837, 0.9335054159164429, '01:25']
Better model found at epoch 4 with valid_loss value: 0.50152188539505.
[5, 0.49461448192596436, 0.48432326316833496, 0.9911307692527771, 0.1752859652042389, 1.3690346479415894, 0.9065865874290466, '01:24']
Better model found at epoch 5 with valid_loss value: 0.48432326316833496.
[6, 0.49046802520751953, 0.4936527907848358, 0.9911327362060547, 0.17724551260471344, 1.520671010017395, 0.9213505983352661, '01:25']
[7, 0.494066447019577, 0.4911676347255707, 0.9911866784095764, 0.17515578866004944, 1.3783451318740845, 0.9181380271911621, '01:26']
[8, 0.4907333254814148, 0.4720372259616852, 0.9908973574638367, 0.17596758902072906, 1.4452813863754272, 0.8782361745834351, '01:25']
Better model found at epoch 8 with valid_loss value: 0.4720372259616852.
[9, 0.47289878129959106, 0.5151922106742859, 0.9914175271987915, 0.17344450950622559, 1.0668649673461914, 0.9513425827026367, '01:27']
[10, 0.48822885751724243, 0.4706234335899353, 0.9908925890922546, 0.17589734494686127, 1.4440420866012573, 0.8772357702255249, '01:24']
Better model found at epoch 10 with valid_loss value: 0.4706234335899353.
[11, 0.47955185174942017, 0.4791046380996704, 0.9910648465156555, 0.17520859837532043, 1.3914433717727661, 0.8909780383110046, '01:26']
[12, 0.48150986433029175, 0.4708079993724823, 0.9909414052963257, 0.17591224610805511, 1.4537889957427979, 0.873786985874176, '01:26']
[13, 0.47762531042099, 0.46652019023895264, 0.9907289743423462, 0.17622382938861847, 1.469045877456665, 0.8549817800521851, '01:25']
Better model found at epoch 13 with valid_loss value: 0.46652019023895264.
[14, 0.47363224625587463, 0.4639083743095398, 0.990753173828125, 0.1763240396976471, 1.4644688367843628, 0.8592121601104736, '01:25']
Better model found at epoch 14 with valid_loss value: 0.4639083743095398.
[15, 0.4732721447944641, 0.54967200756073, 0.9905421137809753, 0.19528603553771973, 1.8267154693603516, 0.9021978378295898, '01:25']
[16, 0.46415358781814575, 0.47146886587142944, 0.9909248352050781, 0.1746964305639267, 1.2860885858535767, 0.8704888224601746, '01:25']
[17, 0.4653661251068115, 0.4914313852787018, 0.9911115169525146, 0.17606182396411896, 1.461320161819458, 0.899225652217865, '01:26']
[18, 0.47127920389175415, 0.4655952751636505, 0.9906967878341675, 0.17669619619846344, 1.4866881370544434, 0.8528955578804016, '01:24']
[19, 0.4729461669921875, 0.4625169038772583, 0.9908486008644104, 0.17584046721458435, 1.4583451747894287, 0.8559882044792175, '01:27']
Better model found at epoch 19 with valid_loss value: 0.4625169038772583.
[20, 0.4795510768890381, 0.4748087525367737, 0.9904822707176208, 0.18126066029071808, 1.6552305221557617, 0.8589646816253662, '01:25']
[21, 0.47786590456962585, 0.4639905095100403, 0.9907661080360413, 0.17696134746074677, 1.5289363861083984, 0.8511067628860474, '01:24']
[22, 0.4654091000556946, 0.48573389649391174, 0.9904431700706482, 0.18160393834114075, 1.6430152654647827, 0.865933895111084, '01:24']
[23, 0.46900591254234314, 0.4640245735645294, 0.9908480048179626, 0.17510029673576355, 1.3396228551864624, 0.8593923449516296, '01:25']
[24, 0.4672872722148895, 0.47302716970443726, 0.9905793070793152, 0.17817087471485138, 1.5552126169204712, 0.8613906502723694, '01:24']
[25, 0.47588911652565, 0.46248283982276917, 0.9907410740852356, 0.17676658928394318, 1.4996726512908936, 0.8571270704269409, '01:24']
Better model found at epoch 25 with valid_loss value: 0.46248283982276917.
[26, 0.4728720784187317, 0.5666918158531189, 0.9901436567306519, 0.20172511041164398, 1.851883053779602, 0.878576397895813, '01:24']
[27, 0.4630618691444397, 0.46472296118736267, 0.9906934499740601, 0.17587752640247345, 1.4181766510009766, 0.8538067936897278, '01:25']
[28, 0.4716053605079651, 0.47561976313591003, 0.9911177158355713, 0.17413508892059326, 1.2689588069915771, 0.8756736516952515, '01:24']
[29, 0.45623674988746643, 0.490671843290329, 0.9903141260147095, 0.18454454839229584, 1.7235260009765625, 0.8537295460700989, '01:25']
[30, 0.4672432243824005, 0.46320247650146484, 0.9909268617630005, 0.17526032030582428, 1.4182181358337402, 0.8561239242553711, '01:25']
[31, 0.46717721223831177, 0.470084011554718, 0.9910039305686951, 0.174713134765625, 1.3611719608306885, 0.8617503046989441, '01:25']
[32, 0.46148499846458435, 0.4562447965145111, 0.990702748298645, 0.17659232020378113, 1.5228843688964844, 0.8334751129150391, '01:25']
Better model found at epoch 32 with valid_loss value: 0.4562447965145111.
[33, 0.45952755212783813, 0.4634705185890198, 0.9906401038169861, 0.17786805331707, 1.5683705806732178, 0.8352192640304565, '01:25']
[34, 0.4627645015716553, 0.45371881127357483, 0.9907187223434448, 0.17526395618915558, 1.358529806137085, 0.8368925452232361, '01:25']
Better model found at epoch 34 with valid_loss value: 0.45371881127357483.
[35, 0.46096935868263245, 0.5144014954566956, 0.9902773499488831, 0.18766698241233826, 1.7487033605575562, 0.8739797472953796, '01:25']
[36, 0.4638894498348236, 0.4471993148326874, 0.9908010959625244, 0.17464520037174225, 1.3277266025543213, 0.8208240866661072, '01:25']
Better model found at epoch 36 with valid_loss value: 0.4471993148326874.
[37, 0.4614591896533966, 0.4559248387813568, 0.990574836730957, 0.17801587283611298, 1.5833995342254639, 0.8288559317588806, '01:25']
[38, 0.46126052737236023, 0.4613243341445923, 0.9907464981079102, 0.1762477606534958, 1.469525694847107, 0.8516693711280823, '01:25']
[39, 0.452078640460968, 0.45397138595581055, 0.9907311797142029, 0.17548619210720062, 1.4105987548828125, 0.8299124240875244, '01:25']
[40, 0.46138572692871094, 0.450327605009079, 0.9907875657081604, 0.17569364607334137, 1.447985291481018, 0.8304858803749084, '01:25']
[41, 0.45467880368232727, 0.44672971963882446, 0.9906813502311707, 0.1753160059452057, 1.3818188905715942, 0.8172852396965027, '01:25']
Better model found at epoch 41 with valid_loss value: 0.44672971963882446.
[42, 0.46111708879470825, 0.4414207637310028, 0.9906368851661682, 0.17599880695343018, 1.4736249446868896, 0.8063685297966003, '01:25']
Better model found at epoch 42 with valid_loss value: 0.4414207637310028.
[43, 0.4447222948074341, 0.4526030719280243, 0.9907900094985962, 0.17487016320228577, 1.3509740829467773, 0.831023633480072, '01:24']
[44, 0.45763513445854187, 0.4645681381225586, 0.9907661080360413, 0.175163134932518, 1.3027092218399048, 0.8501221537590027, '01:25']
[45, 0.4608058035373688, 0.4712996482849121, 0.9907119274139404, 0.17859716713428497, 1.6083391904830933, 0.8580337762832642, '01:25']
[46, 0.4493713974952698, 0.44854873418807983, 0.9909122586250305, 0.17415867745876312, 1.2894210815429688, 0.8182647228240967, '01:25']
[47, 0.45879480242729187, 0.4474343955516815, 0.990740180015564, 0.17512771487236023, 1.3825472593307495, 0.8243268132209778, '01:25']
[48, 0.46073946356773376, 0.452562153339386, 0.9907397031784058, 0.17577756941318512, 1.412479281425476, 0.8328872919082642, '01:25']
[49, 0.4517465829849243, 0.44962623715400696, 0.9905001521110535, 0.17762672901153564, 1.5648810863494873, 0.8145516514778137, '01:24']
[50, 0.4592975080013275, 0.44815513491630554, 0.9906119704246521, 0.1765437126159668, 1.5104576349258423, 0.8216138482093811, '01:25']
No improvement since epoch 42: early stopping
----------
3
----------
DLS create!
[0, 0.5506591200828552, 0.5278782844543457, 0.9873589277267456, 0.18149079382419586, 1.103285551071167, 0.9965497851371765, '01:25']
Better model found at epoch 0 with valid_loss value: 0.5278782844543457.
[1, 0.5211517810821533, 0.5260947942733765, 0.9873369336128235, 0.17646494507789612, 1.132802128791809, 0.9890223741531372, '01:24']
Better model found at epoch 1 with valid_loss value: 0.5260947942733765.
[2, 0.5127446055412292, 0.5199417471885681, 0.9872415661811829, 0.17900624871253967, 1.2421072721481323, 0.9791451096534729, '01:24']
Better model found at epoch 2 with valid_loss value: 0.5199417471885681.
[3, 0.5111703872680664, 0.5203023552894592, 0.9871628880500793, 0.17809945344924927, 1.2824982404708862, 0.9630497097969055, '01:25']
[4, 0.5016074776649475, 0.5040345788002014, 0.9868424534797668, 0.17935208976268768, 1.4653360843658447, 0.9078459739685059, '01:25']
Better model found at epoch 4 with valid_loss value: 0.5040345788002014.
[5, 0.5001842975616455, 0.4955193102359772, 0.9868257641792297, 0.17871516942977905, 1.474670648574829, 0.9015687108039856, '01:25']
Better model found at epoch 5 with valid_loss value: 0.4955193102359772.
[6, 0.4904908537864685, 0.4873131215572357, 0.9865867495536804, 0.1801883429288864, 1.5323752164840698, 0.8725696206092834, '01:25']
Better model found at epoch 6 with valid_loss value: 0.4873131215572357.
[7, 0.4905260503292084, 0.48730453848838806, 0.9867381453514099, 0.17825378477573395, 1.488342046737671, 0.8782488703727722, '01:25']
Better model found at epoch 7 with valid_loss value: 0.48730453848838806.
[8, 0.4866173267364502, 0.48162034153938293, 0.9868414402008057, 0.17623868584632874, 1.3910298347473145, 0.8742401003837585, '01:25']
Better model found at epoch 8 with valid_loss value: 0.48162034153938293.
[9, 0.4877288043498993, 0.4855515658855438, 0.9867543578147888, 0.17754752933979034, 1.4596072435379028, 0.8726384043693542, '01:25']
[10, 0.4882744550704956, 0.4864158630371094, 0.9867925643920898, 0.17716924846172333, 1.4520231485366821, 0.875586986541748, '01:24']
[11, 0.4903283417224884, 0.4843918979167938, 0.9869371652603149, 0.17505957186222076, 1.301382303237915, 0.8781529068946838, '01:25']
[12, 0.48539263010025024, 0.4824811816215515, 0.9866296052932739, 0.178476482629776, 1.5062485933303833, 0.8643958568572998, '01:25']
[13, 0.48938462138175964, 0.4988809823989868, 0.9862061738967896, 0.18547159433364868, 1.672850489616394, 0.8542606234550476, '01:25']
[14, 0.4795890152454376, 0.4957271218299866, 0.9863748550415039, 0.18298931419849396, 1.6328577995300293, 0.8581101894378662, '01:25']
[15, 0.4780479967594147, 0.4770622253417969, 0.9868975877761841, 0.17470234632492065, 1.2836475372314453, 0.8505967259407043, '01:25']
Better model found at epoch 15 with valid_loss value: 0.4770622253417969.
[16, 0.47658559679985046, 0.474067747592926, 0.9865925312042236, 0.1772223860025406, 1.4540183544158936, 0.8472267389297485, '01:25']
Better model found at epoch 16 with valid_loss value: 0.474067747592926.
[17, 0.46962878108024597, 0.49989184737205505, 0.9863407015800476, 0.1841985285282135, 1.635863184928894, 0.8523452281951904, '01:25']
[18, 0.4687628448009491, 0.48349401354789734, 0.9869290590286255, 0.17480629682540894, 1.297833800315857, 0.8638394474983215, '01:25']
[19, 0.46557673811912537, 0.48452553153038025, 0.9869204163551331, 0.17462851107120514, 1.2673856019973755, 0.8610032200813293, '01:25']
[20, 0.46299880743026733, 0.4773092269897461, 0.9863083958625793, 0.1807611584663391, 1.5798841714859009, 0.8353480696678162, '01:25']
[21, 0.4677464962005615, 0.46963050961494446, 0.9865797758102417, 0.17701175808906555, 1.455284833908081, 0.836717963218689, '01:25']
Better model found at epoch 21 with valid_loss value: 0.46963050961494446.
[22, 0.4690020680427551, 0.5259389877319336, 0.9872269630432129, 0.1736818104982376, 1.1007519960403442, 0.9414647817611694, '01:25']
[23, 0.46144697070121765, 0.48325085639953613, 0.9864936470985413, 0.1793108433485031, 1.5341933965682983, 0.8430368900299072, '01:25']
[24, 0.463711678981781, 0.4730183482170105, 0.9868890643119812, 0.17417427897453308, 1.199355959892273, 0.8432784676551819, '01:25']
[25, 0.46416255831718445, 0.4659060835838318, 0.9866483211517334, 0.17571066319942474, 1.3733400106430054, 0.8310495615005493, '01:25']
Better model found at epoch 25 with valid_loss value: 0.4659060835838318.
[26, 0.46588653326034546, 0.4626184403896332, 0.9866278767585754, 0.17565222084522247, 1.3741257190704346, 0.8230692744255066, '01:25']
Better model found at epoch 26 with valid_loss value: 0.4626184403896332.
[27, 0.45981961488723755, 0.4664473533630371, 0.9864597916603088, 0.1773720383644104, 1.464562177658081, 0.8197153210639954, '01:25']
[28, 0.46141743659973145, 0.4709394872188568, 0.9868622422218323, 0.17410746216773987, 1.204136610031128, 0.8382401466369629, '01:25']
[29, 0.4617689251899719, 0.4567016065120697, 0.9865515828132629, 0.17565780878067017, 1.3773634433746338, 0.8136443495750427, '01:25']
Better model found at epoch 29 with valid_loss value: 0.4567016065120697.
[30, 0.4591761529445648, 0.47532638907432556, 0.9868919253349304, 0.1743454784154892, 1.2390691041946411, 0.8435285091400146, '01:25']
[31, 0.45441797375679016, 0.47008970379829407, 0.9867780804634094, 0.1749165803194046, 1.3155697584152222, 0.8332118391990662, '01:25']
[32, 0.4634591042995453, 0.5302563905715942, 0.9862039685249329, 0.1908310502767563, 1.723201870918274, 0.8674798607826233, '01:25']
[33, 0.461958110332489, 0.4710511863231659, 0.9862930178642273, 0.17847737669944763, 1.500884771347046, 0.8171310424804688, '01:25']
[34, 0.45496994256973267, 0.46770694851875305, 0.9864853620529175, 0.17761704325675964, 1.4865180253982544, 0.8301762938499451, '01:25']
[35, 0.4564444422721863, 0.46459469199180603, 0.9863693714141846, 0.17795896530151367, 1.4961918592453003, 0.8140853643417358, '01:25']
[36, 0.46080300211906433, 0.4727838635444641, 0.9862650036811829, 0.18012867867946625, 1.5764729976654053, 0.8208101391792297, '01:25']
[37, 0.46679848432540894, 0.4640192687511444, 0.9867857098579407, 0.17445255815982819, 1.2541189193725586, 0.8310369253158569, '01:24']
No improvement since epoch 29: early stopping
----------
4
----------
DLS create!
[0, 0.5467856526374817, 0.5244868993759155, 0.9908919930458069, 0.18388007581233978, 1.1122652292251587, 0.9954695701599121, '01:25']
Better model found at epoch 0 with valid_loss value: 0.5244868993759155.
[1, 0.5210404992103577, 0.5065903067588806, 0.9907103776931763, 0.17759890854358673, 1.2281038761138916, 0.9677198529243469, '01:25']
Better model found at epoch 1 with valid_loss value: 0.5065903067588806.
[2, 0.5086124539375305, 0.48794716596603394, 0.9903624653816223, 0.17875774204730988, 1.4821175336837769, 0.9196112155914307, '01:25']
Better model found at epoch 2 with valid_loss value: 0.48794716596603394.
[3, 0.5026333332061768, 0.4946092367172241, 0.9906181693077087, 0.1759871244430542, 1.3795267343521118, 0.9317860007286072, '01:25']
[4, 0.4987551271915436, 0.4998960793018341, 0.990450382232666, 0.179275780916214, 1.57769775390625, 0.9298792481422424, '01:25']
[5, 0.49759721755981445, 0.49847012758255005, 0.9899881482124329, 0.18504299223423004, 1.684110403060913, 0.8921498656272888, '01:25']
[6, 0.4892134368419647, 0.47140130400657654, 0.9904143810272217, 0.17506970465183258, 1.3800328969955444, 0.8773658275604248, '01:25']
Better model found at epoch 6 with valid_loss value: 0.47140130400657654.
[7, 0.49095049500465393, 0.46408799290657043, 0.9902462959289551, 0.1760348081588745, 1.4563604593276978, 0.8664495944976807, '01:26']
Better model found at epoch 7 with valid_loss value: 0.46408799290657043.
[8, 0.4923364818096161, 0.4661112427711487, 0.9902023673057556, 0.1763138473033905, 1.4947139024734497, 0.8664642572402954, '01:25']
[9, 0.48633503913879395, 0.5682103633880615, 0.9899404048919678, 0.20100608468055725, 1.8559303283691406, 0.9148122668266296, '01:25']
[10, 0.4884287416934967, 0.4734640419483185, 0.990410327911377, 0.1748058795928955, 1.3633341789245605, 0.8830422759056091, '01:25']
[11, 0.48408401012420654, 0.505447268486023, 0.9901569485664368, 0.18299779295921326, 1.7068884372711182, 0.9125316739082336, '01:25']
[12, 0.4788157343864441, 0.4657081961631775, 0.9903818368911743, 0.17505036294460297, 1.391222596168518, 0.8612882494926453, '01:24']
[13, 0.48184219002723694, 0.45968109369277954, 0.9901334643363953, 0.1765287220478058, 1.5086592435836792, 0.8495486974716187, '01:24']
Better model found at epoch 13 with valid_loss value: 0.45968109369277954.
[14, 0.48321980237960815, 0.4698297083377838, 0.9903929829597473, 0.17486554384231567, 1.3593854904174805, 0.8783417344093323, '01:25']
[15, 0.4767216145992279, 0.45015668869018555, 0.9900611639022827, 0.17569303512573242, 1.439814805984497, 0.8316068649291992, '01:25']
Better model found at epoch 15 with valid_loss value: 0.45015668869018555.
[16, 0.47973641753196716, 0.4595896303653717, 0.9897247552871704, 0.17933499813079834, 1.618412971496582, 0.8368789553642273, '01:25']
[17, 0.47572824358940125, 0.4632560908794403, 0.9900484085083008, 0.17668095231056213, 1.4757578372955322, 0.857913613319397, '01:25']
[18, 0.482947438955307, 0.4556486904621124, 0.9900966286659241, 0.17604494094848633, 1.4491198062896729, 0.8502293229103088, '01:25']
[19, 0.4817085266113281, 0.45056477189064026, 0.9900219440460205, 0.17554855346679688, 1.4339252710342407, 0.8375546336174011, '01:25']
[20, 0.47636720538139343, 0.44639700651168823, 0.9901673197746277, 0.17434124648571014, 1.2617367506027222, 0.8330148458480835, '01:26']
Better model found at epoch 20 with valid_loss value: 0.44639700651168823.
[21, 0.47289785742759705, 0.43848398327827454, 0.9896629452705383, 0.1770976483821869, 1.5263499021530151, 0.8064675331115723, '01:26']
Better model found at epoch 21 with valid_loss value: 0.43848398327827454.
[22, 0.4737430810928345, 0.44063523411750793, 0.9898212552070618, 0.17660728096961975, 1.4902045726776123, 0.813967764377594, '01:25']
[23, 0.4737643301486969, 0.44363051652908325, 0.9899646639823914, 0.17554084956645966, 1.4178097248077393, 0.8204378485679626, '01:25']
[24, 0.47395122051239014, 0.4462532699108124, 0.9899965524673462, 0.17560793459415436, 1.4095356464385986, 0.8327599763870239, '01:25']
[25, 0.4650684595108032, 0.45734092593193054, 0.9900563359260559, 0.17585629224777222, 1.4444645643234253, 0.8505527377128601, '01:25']
[26, 0.47182902693748474, 0.5279422402381897, 0.9895083904266357, 0.1959294080734253, 1.8239854574203491, 0.8796794414520264, '01:26']
[27, 0.4733422100543976, 0.4651980400085449, 0.9898459911346436, 0.17834579944610596, 1.5859739780426025, 0.8522322177886963, '01:25']
[28, 0.4785785973072052, 0.4514111578464508, 0.9901527166366577, 0.17587213218212128, 1.4660273790359497, 0.8301642537117004, '01:24']
[29, 0.4618559181690216, 0.4694546163082123, 0.99020916223526, 0.1766730695962906, 1.5278630256652832, 0.8510951399803162, '01:24']
No improvement since epoch 21: early stopping
UnetPlusPlus Done!
