Models will save to Unet++_vgg19_x
Use vgg19_bn encoder
Start training...
----------
0
----------
DLS create!
[0, 0.5804139971733093, 0.5346593260765076, 0.9896512627601624, 0.19051769375801086, 1.1764662265777588, 0.9976997971534729, '00:46']
Better model found at epoch 0 with valid_loss value: 0.5346593260765076.
[1, 0.5385451912879944, 0.5121191740036011, 0.989411473274231, 0.18237587809562683, 1.2429239749908447, 0.9685269594192505, '00:45']
Better model found at epoch 1 with valid_loss value: 0.5121191740036011.
[2, 0.5194055438041687, 0.5075890421867371, 0.9892700910568237, 0.18131640553474426, 1.363506555557251, 0.9461422562599182, '00:45']
Better model found at epoch 2 with valid_loss value: 0.5075890421867371.
[3, 0.509722888469696, 0.49265727400779724, 0.9892337322235107, 0.17832057178020477, 1.3770707845687866, 0.9257898926734924, '00:45']
Better model found at epoch 3 with valid_loss value: 0.49265727400779724.
[4, 0.5034708380699158, 0.5066851377487183, 0.9889898300170898, 0.18595154583454132, 1.6022273302078247, 0.9171265363693237, '00:45']
[5, 0.5011709332466125, 0.4966801404953003, 0.9893895983695984, 0.1756490021944046, 1.305977702140808, 0.9310360550880432, '00:45']
[6, 0.49680855870246887, 0.48613300919532776, 0.989201545715332, 0.17715170979499817, 1.4399213790893555, 0.9051051735877991, '00:45']
Better model found at epoch 6 with valid_loss value: 0.48613300919532776.
[7, 0.4957030713558197, 0.49560442566871643, 0.9893733859062195, 0.17505355179309845, 1.2783751487731934, 0.9231855273246765, '00:44']
[8, 0.4928860366344452, 0.48897984623908997, 0.9892707467079163, 0.17544309794902802, 1.3366869688034058, 0.9059104323387146, '00:45']
[9, 0.4923577308654785, 0.4924878180027008, 0.9890419244766235, 0.17985929548740387, 1.571603536605835, 0.8986146450042725, '00:45']
[10, 0.48868489265441895, 0.48703745007514954, 0.9889419078826904, 0.18040969967842102, 1.589808702468872, 0.8823959827423096, '00:45']
[11, 0.48814210295677185, 0.4847347140312195, 0.9892541170120239, 0.17581410706043243, 1.3747504949569702, 0.896034836769104, '00:45']
Better model found at epoch 11 with valid_loss value: 0.4847347140312195.
[12, 0.4873884916305542, 0.48526281118392944, 0.9890438318252563, 0.17835606634616852, 1.5161927938461304, 0.8858962655067444, '00:45']
[13, 0.48923012614250183, 0.48745495080947876, 0.9891582727432251, 0.17766918241977692, 1.4921796321868896, 0.8983135223388672, '00:45']
[14, 0.48730748891830444, 0.7901139259338379, 0.9888325929641724, 0.2968788146972656, 1.9029098749160767, 0.957840085029602, '00:47']
[15, 0.48919597268104553, 0.48266011476516724, 0.9890167713165283, 0.1786630004644394, 1.5412226915359497, 0.8790492415428162, '00:45']
Better model found at epoch 15 with valid_loss value: 0.48266011476516724.
[16, 0.4859344959259033, 0.4808131456375122, 0.9892526865005493, 0.17530539631843567, 1.3404141664505005, 0.8827710747718811, '00:46']
Better model found at epoch 16 with valid_loss value: 0.4808131456375122.
[17, 0.48655200004577637, 0.47662362456321716, 0.9892693758010864, 0.17494158446788788, 1.2916167974472046, 0.8811517953872681, '00:45']
Better model found at epoch 17 with valid_loss value: 0.47662362456321716.
[18, 0.49060723185539246, 0.4815326929092407, 0.9893072247505188, 0.1748877465724945, 1.3089946508407593, 0.8806844353675842, '00:45']
[19, 0.48371049761772156, 0.4781557023525238, 0.9889993071556091, 0.17835897207260132, 1.5390986204147339, 0.8708492517471313, '00:45']
[20, 0.4850237965583801, 0.4861634075641632, 0.9891454577445984, 0.17681391537189484, 1.4535311460494995, 0.8904716968536377, '00:45']
[21, 0.48059701919555664, 0.4965088963508606, 0.9893426895141602, 0.17461097240447998, 1.2739394903182983, 0.9024423360824585, '00:44']
[22, 0.47836053371429443, 0.4764816164970398, 0.9890561699867249, 0.17695465683937073, 1.475178599357605, 0.868165910243988, '00:45']
Better model found at epoch 22 with valid_loss value: 0.4764816164970398.
[23, 0.4785938262939453, 0.4808667302131653, 0.9891356229782104, 0.17681589722633362, 1.4655375480651855, 0.8760691285133362, '00:45']
[24, 0.4740498960018158, 0.4863448441028595, 0.989315390586853, 0.17482797801494598, 1.299813151359558, 0.8908662796020508, '00:45']
[25, 0.47961392998695374, 0.4804302155971527, 0.9891708493232727, 0.1760532557964325, 1.3913809061050415, 0.8865837454795837, '00:44']
[26, 0.48122438788414, 0.48927587270736694, 0.9891222715377808, 0.17849808931350708, 1.5364341735839844, 0.8958522081375122, '00:44']
[27, 0.48465678095817566, 0.47970861196517944, 0.989016056060791, 0.17824029922485352, 1.5210280418395996, 0.8769547939300537, '00:45']
[28, 0.48664700984954834, 0.4795737564563751, 0.9892850518226624, 0.17504841089248657, 1.3070398569107056, 0.8877352476119995, '00:44']
[29, 0.4823543429374695, 0.4710257649421692, 0.989120602607727, 0.17551180720329285, 1.3555500507354736, 0.8681696653366089, '00:45']
Better model found at epoch 29 with valid_loss value: 0.4710257649421692.
[30, 0.4813423454761505, 0.5027294158935547, 0.9894888401031494, 0.17427155375480652, 1.2141687870025635, 0.9258719086647034, '00:45']
[31, 0.4778953790664673, 0.48175713419914246, 0.9891082644462585, 0.17731939256191254, 1.4954650402069092, 0.8815072774887085, '00:45']
[32, 0.47981804609298706, 0.49160757660865784, 0.9893019199371338, 0.17571373283863068, 1.3707618713378906, 0.9084348082542419, '00:45']
[33, 0.4726909399032593, 0.47520506381988525, 0.9891771674156189, 0.17580631375312805, 1.3953391313552856, 0.8687382936477661, '00:45']
[34, 0.47227099537849426, 0.4720650911331177, 0.9889945983886719, 0.17714643478393555, 1.4874590635299683, 0.8597170114517212, '00:45']
[35, 0.47391653060913086, 0.4670814275741577, 0.9891483783721924, 0.17526498436927795, 1.3532301187515259, 0.8576974272727966, '00:45']
Better model found at epoch 35 with valid_loss value: 0.4670814275741577.
[36, 0.4683896601200104, 0.47935035824775696, 0.9891672730445862, 0.17581996321678162, 1.4042447805404663, 0.8768697381019592, '00:45']
[37, 0.47795674204826355, 0.46677660942077637, 0.9891155958175659, 0.1754543036222458, 1.353999137878418, 0.8629856705665588, '00:45']
Better model found at epoch 37 with valid_loss value: 0.46677660942077637.
[38, 0.47486183047294617, 0.4688754081726074, 0.9892041087150574, 0.17479851841926575, 1.291552186012268, 0.8631556034088135, '00:45']
[39, 0.4687959849834442, 0.4767930805683136, 0.9892276525497437, 0.17543481290340424, 1.355276346206665, 0.8733765482902527, '00:45']
[40, 0.4702427089214325, 0.4677066206932068, 0.9888617992401123, 0.17811210453510284, 1.5333898067474365, 0.84709632396698, '00:45']
[41, 0.4671564996242523, 0.46874648332595825, 0.9889311194419861, 0.17736506462097168, 1.4914414882659912, 0.8539931178092957, '00:45']
[42, 0.466020405292511, 0.4639458656311035, 0.9889040589332581, 0.17732903361320496, 1.497054934501648, 0.8435728549957275, '00:45']
Better model found at epoch 42 with valid_loss value: 0.4639458656311035.
[43, 0.46649861335754395, 0.46658051013946533, 0.9889976382255554, 0.17649437487125397, 1.44650137424469, 0.8507792949676514, '00:46']
[44, 0.47289764881134033, 0.46987658739089966, 0.9890815019607544, 0.17603695392608643, 1.4127305746078491, 0.8594083786010742, '00:45']
[45, 0.4696551263332367, 0.4748770296573639, 0.9891475439071655, 0.175456702709198, 1.3635265827178955, 0.8739100098609924, '00:46']
[46, 0.4626684784889221, 0.4706957936286926, 0.9890883564949036, 0.17572420835494995, 1.3868504762649536, 0.860716700553894, '00:45']
[47, 0.4633665978908539, 0.4791150689125061, 0.989314079284668, 0.17429235577583313, 1.227205514907837, 0.8673765659332275, '00:45']
[48, 0.4703843891620636, 0.4624265730381012, 0.9889483451843262, 0.1766154021024704, 1.4510600566864014, 0.8455492258071899, '00:46']
Better model found at epoch 48 with valid_loss value: 0.4624265730381012.
[49, 0.465773344039917, 0.4803662598133087, 0.9891393184661865, 0.17680315673351288, 1.4664148092269897, 0.8734599947929382, '00:46']
[50, 0.46844586730003357, 0.4556359052658081, 0.9889318346977234, 0.1762578785419464, 1.435004472732544, 0.8286007046699524, '00:46']
Better model found at epoch 50 with valid_loss value: 0.4556359052658081.
[51, 0.46402841806411743, 0.4711160361766815, 0.9892772436141968, 0.17399747669696808, 1.1826128959655762, 0.8568373918533325, '00:46']
[52, 0.46936658024787903, 0.4726065397262573, 0.9888638257980347, 0.17869995534420013, 1.5560333728790283, 0.850926399230957, '00:45']
[53, 0.4546295404434204, 0.4592483937740326, 0.9891488552093506, 0.17452068626880646, 1.2704137563705444, 0.831497311592102, '00:46']
[54, 0.4645138084888458, 0.45981764793395996, 0.9890145659446716, 0.17572836577892303, 1.393295168876648, 0.838887095451355, '00:46']
[55, 0.4638676941394806, 0.46392521262168884, 0.9890344738960266, 0.17590081691741943, 1.4056845903396606, 0.8489812612533569, '00:45']
[56, 0.46275272965431213, 0.46350353956222534, 0.9890419840812683, 0.17578177154064178, 1.401371955871582, 0.841529905796051, '00:45']
[57, 0.45787325501441956, 0.46969732642173767, 0.9889983534812927, 0.17684540152549744, 1.467116355895996, 0.8548853397369385, '00:45']
[58, 0.4583996832370758, 0.46144333481788635, 0.989051342010498, 0.17584660649299622, 1.4006710052490234, 0.8365491628646851, '00:45']
No improvement since epoch 50: early stopping
----------
1
----------
DLS create!
[0, 0.5832155346870422, 0.5306277275085449, 0.9918445944786072, 0.18873879313468933, 1.2115269899368286, 0.995956301689148, '00:45']
Better model found at epoch 0 with valid_loss value: 0.5306277275085449.
[1, 0.537521243095398, 0.5266508460044861, 0.9916024208068848, 0.19115816056728363, 1.3822553157806396, 0.9696900248527527, '00:45']
Better model found at epoch 1 with valid_loss value: 0.5266508460044861.
[2, 0.5225354433059692, 0.5348292589187622, 0.9916715621948242, 0.17882534861564636, 1.3776171207427979, 0.9625982046127319, '00:45']
[3, 0.5100221633911133, 0.5030894875526428, 0.991606593132019, 0.17794640362262726, 1.4245041608810425, 0.9499490857124329, '00:45']
Better model found at epoch 3 with valid_loss value: 0.5030894875526428.
[4, 0.5005742907524109, 0.5017773509025574, 0.991725504398346, 0.174881711602211, 1.2553330659866333, 0.9539353251457214, '00:45']
Better model found at epoch 4 with valid_loss value: 0.5017773509025574.
[5, 0.49964094161987305, 0.48874807357788086, 0.9913904666900635, 0.17871016263961792, 1.4958889484405518, 0.9149516224861145, '00:46']
Better model found at epoch 5 with valid_loss value: 0.48874807357788086.
[6, 0.49724435806274414, 0.49369391798973083, 0.9912958741188049, 0.1814681738615036, 1.6261249780654907, 0.9097954630851746, '00:46']
[7, 0.49456843733787537, 0.5231112837791443, 0.991186261177063, 0.19251254200935364, 1.742893934249878, 0.9195079207420349, '00:45']
[8, 0.49211427569389343, 0.5005982518196106, 0.9916942715644836, 0.17495201528072357, 1.30103600025177, 0.9462199807167053, '00:45']
[9, 0.4928804337978363, 0.5163007378578186, 0.9915269017219543, 0.1840991973876953, 1.5923612117767334, 0.9472044110298157, '00:45']
[10, 0.49451616406440735, 0.4882235527038574, 0.9916010499000549, 0.17567917704582214, 1.3567768335342407, 0.9260410666465759, '00:46']
Better model found at epoch 10 with valid_loss value: 0.4882235527038574.
[11, 0.4850925803184509, 0.49121347069740295, 0.9916359186172485, 0.17494915425777435, 1.316515564918518, 0.9237633347511292, '00:46']
[12, 0.48974886536598206, 0.4817469120025635, 0.9913959503173828, 0.17728401720523834, 1.4769068956375122, 0.902467668056488, '00:45']
Better model found at epoch 12 with valid_loss value: 0.4817469120025635.
[13, 0.4930018484592438, 0.4820811450481415, 0.9913299679756165, 0.178365558385849, 1.5407565832138062, 0.8975274562835693, '00:46']
[14, 0.4898219406604767, 0.4826089143753052, 0.9914367198944092, 0.1767105758190155, 1.4485479593276978, 0.9071252942085266, '00:45']
[15, 0.48696810007095337, 0.4941871762275696, 0.9916947484016418, 0.17397688329219818, 1.1959298849105835, 0.9255038499832153, '00:45']
[16, 0.4861774742603302, 0.49664223194122314, 0.9912760853767395, 0.18157750368118286, 1.6450649499893188, 0.9027903079986572, '00:45']
[17, 0.488980233669281, 0.4870610535144806, 0.9915798902511597, 0.17518536746501923, 1.3418505191802979, 0.9170073866844177, '00:45']
[18, 0.4897139370441437, 0.48418498039245605, 0.9915074110031128, 0.1756550371646881, 1.4006843566894531, 0.9061477184295654, '00:45']
[19, 0.48622772097587585, 0.4863198697566986, 0.9914692640304565, 0.1771092414855957, 1.4704351425170898, 0.9086059927940369, '00:45']
[20, 0.48589447140693665, 0.49241918325424194, 0.9916626811027527, 0.17444224655628204, 1.2552317380905151, 0.9257529377937317, '00:45']
No improvement since epoch 12: early stopping
----------
2
----------
DLS create!
[0, 0.5564476251602173, 0.523691713809967, 0.9921531081199646, 0.18490296602249146, 1.1313246488571167, 0.995150625705719, '00:45']
Better model found at epoch 0 with valid_loss value: 0.523691713809967.
[1, 0.5278617143630981, 0.5167433619499207, 0.9921208620071411, 0.17871703207492828, 1.1706489324569702, 0.9881617426872253, '00:45']
Better model found at epoch 1 with valid_loss value: 0.5167433619499207.
[2, 0.5134566426277161, 0.5094555020332336, 0.9921097755432129, 0.17549464106559753, 1.1092742681503296, 0.9786506295204163, '00:45']
Better model found at epoch 2 with valid_loss value: 0.5094555020332336.
[3, 0.5072380304336548, 0.5966860055923462, 0.9917789697647095, 0.22550469636917114, 1.7188482284545898, 0.9696437120437622, '00:45']
[4, 0.5051633715629578, 0.5354694724082947, 0.9915043115615845, 0.20010149478912354, 1.6797065734863281, 0.9355271458625793, '00:45']
[5, 0.501018226146698, 0.4812132716178894, 0.9917795062065125, 0.1769254058599472, 1.4221045970916748, 0.912654459476471, '00:46']
Better model found at epoch 5 with valid_loss value: 0.4812132716178894.
[6, 0.5030058026313782, 0.49921736121177673, 0.991622805595398, 0.18410444259643555, 1.590012788772583, 0.9233129024505615, '00:45']
[7, 0.4968469440937042, 0.4772564172744751, 0.9917528033256531, 0.17691099643707275, 1.4467979669570923, 0.9043440818786621, '00:45']
Better model found at epoch 7 with valid_loss value: 0.4772564172744751.
[8, 0.4970504939556122, 0.4782007038593292, 0.9915044903755188, 0.1808394491672516, 1.5840938091278076, 0.8889276385307312, '00:45']
[9, 0.4917643964290619, 0.4898853003978729, 0.9919589161872864, 0.1750945746898651, 1.2921921014785767, 0.9306923747062683, '00:45']
[10, 0.4895568788051605, 0.47834306955337524, 0.9915786385536194, 0.1788615882396698, 1.5595974922180176, 0.8840487003326416, '00:45']
[11, 0.4905584454536438, 0.5184208154678345, 0.9913607835769653, 0.19302034378051758, 1.7344021797180176, 0.9062367081642151, '00:45']
[12, 0.49028512835502625, 0.47555863857269287, 0.9917815327644348, 0.17612455785274506, 1.4055265188217163, 0.8986144661903381, '00:46']
Better model found at epoch 12 with valid_loss value: 0.47555863857269287.
[13, 0.4861161410808563, 0.5233917236328125, 0.9915599822998047, 0.19107823073863983, 1.7396430969238281, 0.9251729846000671, '00:45']
[14, 0.4942302703857422, 0.4798477292060852, 0.9918270707130432, 0.1762549877166748, 1.3548308610916138, 0.9136579036712646, '00:45']
[15, 0.4943576157093048, 0.5059441328048706, 0.9920165538787842, 0.176131933927536, 1.400634527206421, 0.9522444605827332, '00:45']
[16, 0.49136075377464294, 0.4728845953941345, 0.9918065071105957, 0.1753557175397873, 1.3469184637069702, 0.8925907015800476, '00:45']
Better model found at epoch 16 with valid_loss value: 0.4728845953941345.
[17, 0.4914121925830841, 0.46672648191452026, 0.9916902184486389, 0.17645861208438873, 1.4331897497177124, 0.8816432356834412, '00:45']
Better model found at epoch 17 with valid_loss value: 0.46672648191452026.
[18, 0.4863927364349365, 0.4714261591434479, 0.9917672872543335, 0.1758839637041092, 1.3973907232284546, 0.8896806836128235, '00:44']
[19, 0.48828834295272827, 0.4674617648124695, 0.9916568994522095, 0.17697034776210785, 1.455079197883606, 0.8820957541465759, '00:45']
[20, 0.48849594593048096, 0.4742990732192993, 0.9918404221534729, 0.17498935759067535, 1.2957173585891724, 0.8947126865386963, '00:45']
[21, 0.4890032708644867, 0.4677462577819824, 0.9917265176773071, 0.175914466381073, 1.3964948654174805, 0.8812281489372253, '00:45']
[22, 0.48744338750839233, 0.5027406811714172, 0.9915056824684143, 0.18595242500305176, 1.7038577795028687, 0.901915967464447, '00:45']
[23, 0.48866456747055054, 0.47241315245628357, 0.9917986392974854, 0.17569051682949066, 1.375182032585144, 0.8938723206520081, '00:45']
[24, 0.4855618476867676, 0.46821779012680054, 0.9916160106658936, 0.1773284524679184, 1.4960696697235107, 0.8757894039154053, '00:45']
[25, 0.48076578974723816, 0.4658578038215637, 0.9917102456092834, 0.17563806474208832, 1.3751068115234375, 0.8771485090255737, '00:45']
Better model found at epoch 25 with valid_loss value: 0.4658578038215637.
[26, 0.4848734438419342, 0.5007855296134949, 0.9915462732315063, 0.18374991416931152, 1.6957837343215942, 0.9028248190879822, '00:45']
[27, 0.48423853516578674, 0.486788272857666, 0.9919686317443848, 0.17415310442447662, 1.17890465259552, 0.9170171022415161, '00:45']
[28, 0.48682668805122375, 0.46993812918663025, 0.9916032552719116, 0.1779322773218155, 1.514221429824829, 0.8809321522712708, '00:45']
[29, 0.48158493638038635, 0.4716605246067047, 0.9918431043624878, 0.17470072209835052, 1.2644782066345215, 0.8898443579673767, '00:45']
[30, 0.48372870683670044, 0.46192967891693115, 0.9915676116943359, 0.17725437879562378, 1.4916350841522217, 0.866489827632904, '00:45']
Better model found at epoch 30 with valid_loss value: 0.46192967891693115.
[31, 0.48076489567756653, 0.46330899000167847, 0.9917204976081848, 0.17553243041038513, 1.3651129007339478, 0.8747625350952148, '00:45']
[32, 0.4842261075973511, 0.46529829502105713, 0.9916231632232666, 0.1771143525838852, 1.4755821228027344, 0.8755375742912292, '00:45']
[33, 0.4834827482700348, 0.4768606126308441, 0.9915809035301208, 0.1790887862443924, 1.5735081434249878, 0.8844901323318481, '00:45']
[34, 0.4789768159389496, 0.4717290699481964, 0.9918628931045532, 0.17452852427959442, 1.2485952377319336, 0.8870382308959961, '00:45']
[35, 0.48478052020072937, 0.4728480577468872, 0.9918268918991089, 0.1752437800168991, 1.3334397077560425, 0.8949326276779175, '00:45']
[36, 0.4798286259174347, 0.46375399827957153, 0.9916576743125916, 0.1763731986284256, 1.4349634647369385, 0.8735178112983704, '00:45']
[37, 0.4829123616218567, 0.4932939112186432, 0.9914281368255615, 0.18360918760299683, 1.6992627382278442, 0.885073721408844, '00:45']
[38, 0.48287874460220337, 0.47357988357543945, 0.9918821454048157, 0.17426274716854095, 1.2089418172836304, 0.891414225101471, '00:45']
No improvement since epoch 30: early stopping
----------
3
----------
DLS create!
[0, 0.6502893567085266, 0.5564714670181274, 0.9823422431945801, 0.20547933876514435, 1.251779317855835, 1.0008262395858765, '00:45']
Better model found at epoch 0 with valid_loss value: 0.5564714670181274.
[1, 0.5675639510154724, 0.526134192943573, 0.9822899103164673, 0.18575750291347504, 1.175405740737915, 0.9952729940414429, '00:45']
Better model found at epoch 1 with valid_loss value: 0.526134192943573.
[2, 0.536156952381134, 0.5354999303817749, 0.9820036292076111, 0.18620379269123077, 1.5670216083526611, 0.9624745845794678, '00:45']
[3, 0.519069492816925, 0.5325291156768799, 0.9814893007278442, 0.2003137618303299, 1.6978663206100464, 0.9247516393661499, '00:45']
[4, 0.5107629895210266, 0.5152980089187622, 0.9822261929512024, 0.17803998291492462, 1.3607722520828247, 0.977424144744873, '00:45']
Better model found at epoch 4 with valid_loss value: 0.5152980089187622.
[5, 0.5054972171783447, 0.4978185296058655, 0.9819426536560059, 0.18002204596996307, 1.4418492317199707, 0.9418231248855591, '00:46']
Better model found at epoch 5 with valid_loss value: 0.4978185296058655.
[6, 0.4995202422142029, 0.49391189217567444, 0.981623113155365, 0.18376895785331726, 1.5238001346588135, 0.9103526473045349, '00:46']
Better model found at epoch 6 with valid_loss value: 0.49391189217567444.
[7, 0.4977629482746124, 0.4815886318683624, 0.9818792343139648, 0.17731407284736633, 1.4573981761932373, 0.9057574272155762, '00:45']
Better model found at epoch 7 with valid_loss value: 0.4815886318683624.
[8, 0.49701347947120667, 0.4966931939125061, 0.982141375541687, 0.17492350935935974, 1.3035415410995483, 0.9364138245582581, '00:46']
[9, 0.4912038743495941, 0.4828265905380249, 0.9815077185630798, 0.1816670000553131, 1.6462429761886597, 0.8795581459999084, '00:45']
[10, 0.4939896762371063, 0.4828178286552429, 0.9819973707199097, 0.1752810776233673, 1.364723563194275, 0.9084919691085815, '00:45']
[11, 0.49155062437057495, 0.4762406051158905, 0.9819048047065735, 0.17601510882377625, 1.426509141921997, 0.8954398036003113, '00:46']
Better model found at epoch 11 with valid_loss value: 0.4762406051158905.
[12, 0.4914225935935974, 0.49628615379333496, 0.9814687967300415, 0.18531127274036407, 1.695820927619934, 0.8877069354057312, '00:45']
[13, 0.49205586314201355, 0.48935508728027344, 0.9819459915161133, 0.1765366643667221, 1.473776936531067, 0.915888786315918, '00:45']
[14, 0.48829203844070435, 0.48987582325935364, 0.9816167950630188, 0.18076841533184052, 1.6500009298324585, 0.8841820359230042, '00:45']
[15, 0.4803380072116852, 0.4868312478065491, 0.9818676114082336, 0.17725685238838196, 1.525870442390442, 0.9035444855690002, '00:45']
[16, 0.4880371689796448, 0.49010443687438965, 0.9820321202278137, 0.1755352020263672, 1.3830275535583496, 0.9236291646957397, '00:45']
[17, 0.4912010729312897, 0.4791437089443207, 0.9817702174186707, 0.1779586374759674, 1.5394659042358398, 0.8910854458808899, '00:46']
[18, 0.4862793982028961, 0.4870818853378296, 0.9820762872695923, 0.17446349561214447, 1.269516944885254, 0.9167174100875854, '00:45']
[19, 0.4873226284980774, 0.4630012512207031, 0.9818044900894165, 0.17565619945526123, 1.403396725654602, 0.8689326643943787, '00:45']
Better model found at epoch 19 with valid_loss value: 0.4630012512207031.
[20, 0.4910208284854889, 0.4756212532520294, 0.9818058609962463, 0.17714747786521912, 1.4949488639831543, 0.8889930844306946, '00:45']
[21, 0.4781881868839264, 0.4799569249153137, 0.9818928837776184, 0.1761431246995926, 1.4532228708267212, 0.8994133472442627, '00:45']
[22, 0.48105835914611816, 0.468567430973053, 0.9817327260971069, 0.1767590343952179, 1.5024876594543457, 0.8672870993614197, '00:45']
[23, 0.4851244390010834, 0.4731128215789795, 0.9818047285079956, 0.17682312428951263, 1.4727169275283813, 0.8824864029884338, '00:45']
[24, 0.48805248737335205, 0.4831620454788208, 0.9818974137306213, 0.1763157844543457, 1.4604997634887695, 0.9003095030784607, '00:46']
[25, 0.48613253235816956, 0.497128963470459, 0.9817359447479248, 0.1818101555109024, 1.5958194732666016, 0.9107887148857117, '00:45']
[26, 0.48433607816696167, 0.4847138226032257, 0.981631338596344, 0.18060974776744843, 1.6414440870285034, 0.877105176448822, '00:45']
[27, 0.48538467288017273, 0.4664453864097595, 0.9817917943000793, 0.17615503072738647, 1.4316011667251587, 0.8729126453399658, '00:45']
No improvement since epoch 19: early stopping
----------
4
----------
DLS create!
[0, 0.5946667790412903, 0.5379334688186646, 0.9919254183769226, 0.1950167566537857, 1.237280249595642, 0.994479238986969, '00:45']
Better model found at epoch 0 with valid_loss value: 0.5379334688186646.
[1, 0.5436978936195374, 0.5137550830841064, 0.9918161630630493, 0.18262462317943573, 1.2469536066055298, 0.977787435054779, '00:45']
Better model found at epoch 1 with valid_loss value: 0.5137550830841064.
[2, 0.5214765667915344, 0.4983352720737457, 0.9913756847381592, 0.18517440557479858, 1.5037510395050049, 0.9272351861000061, '00:45']
Better model found at epoch 2 with valid_loss value: 0.4983352720737457.
[3, 0.5106983184814453, 0.4929274320602417, 0.991592288017273, 0.17978407442569733, 1.4820947647094727, 0.9319169521331787, '00:44']
Better model found at epoch 3 with valid_loss value: 0.4929274320602417.
[4, 0.5077753067016602, 0.5045716762542725, 0.9918072819709778, 0.17765384912490845, 1.3419804573059082, 0.9636550545692444, '00:46']
[5, 0.5006834268569946, 0.4938546121120453, 0.9911497235298157, 0.18626238405704498, 1.6746670007705688, 0.8947005271911621, '00:44']
[6, 0.4967461824417114, 0.48481059074401855, 0.9916664958000183, 0.17601877450942993, 1.3463417291641235, 0.9240137934684753, '00:45']
Better model found at epoch 6 with valid_loss value: 0.48481059074401855.
[7, 0.4881367087364197, 0.4813665449619293, 0.99156653881073, 0.1771051287651062, 1.445733666419983, 0.9130685925483704, '00:45']
Better model found at epoch 7 with valid_loss value: 0.4813665449619293.
[8, 0.49394193291664124, 0.46942171454429626, 0.9913710355758667, 0.17819775640964508, 1.5199297666549683, 0.8830245733261108, '00:45']
Better model found at epoch 8 with valid_loss value: 0.46942171454429626.
[9, 0.4966415762901306, 0.4689083695411682, 0.9913713335990906, 0.1777973622083664, 1.5094789266586304, 0.8757739663124084, '00:45']
Better model found at epoch 9 with valid_loss value: 0.4689083695411682.
[10, 0.49509406089782715, 0.48196208477020264, 0.9913992881774902, 0.1793603003025055, 1.5528514385223389, 0.9002088308334351, '00:45']
[11, 0.4934654235839844, 0.4733680188655853, 0.9915481209754944, 0.17645981907844543, 1.4138743877410889, 0.896720826625824, '00:45']
[12, 0.4952826201915741, 0.47416362166404724, 0.9915536046028137, 0.17603111267089844, 1.3760641813278198, 0.8993295431137085, '00:45']
[13, 0.48859670758247375, 0.4727928042411804, 0.9914283156394958, 0.17801056802272797, 1.5130058526992798, 0.8874531984329224, '00:45']
[14, 0.4864986538887024, 0.5910794734954834, 0.9906167387962341, 0.22010324895381927, 1.8748621940612793, 0.8907175660133362, '00:45']
[15, 0.49094417691230774, 0.49296069145202637, 0.9918245673179626, 0.1741817742586136, 1.1723562479019165, 0.9312548041343689, '00:45']
[16, 0.4871566593647003, 0.48655787110328674, 0.9915093183517456, 0.17787902057170868, 1.5251871347427368, 0.905122697353363, '00:45']
[17, 0.4875193238258362, 0.45895642042160034, 0.9914158582687378, 0.17647843062877655, 1.455783724784851, 0.8628243207931519, '00:45']
Better model found at epoch 17 with valid_loss value: 0.45895642042160034.
[18, 0.4890614151954651, 0.4677502512931824, 0.9912124276161194, 0.17977368831634521, 1.5898045301437378, 0.8672008514404297, '00:45']
[19, 0.4888794422149658, 0.482294499874115, 0.9916265606880188, 0.175374835729599, 1.377801537513733, 0.9021180272102356, '00:45']
[20, 0.4805964231491089, 0.47775524854660034, 0.9916598796844482, 0.17520040273666382, 1.3490819931030273, 0.894841730594635, '00:45']
[21, 0.48939433693885803, 0.4777492880821228, 0.9912704229354858, 0.18048225343227386, 1.577492594718933, 0.8866482973098755, '00:45']
[22, 0.4857266843318939, 0.48587605357170105, 0.9915010929107666, 0.1778639554977417, 1.5278948545455933, 0.9051419496536255, '00:45']
[23, 0.4867466986179352, 0.47535353899002075, 0.9916461706161499, 0.17477299273014069, 1.2992455959320068, 0.8952580094337463, '00:45']
[24, 0.48693278431892395, 0.46654000878334045, 0.9910436868667603, 0.1809076964855194, 1.6454110145568848, 0.8526998162269592, '00:45']
[25, 0.482416033744812, 0.4771689474582672, 0.9916598796844482, 0.17442473769187927, 1.2252944707870483, 0.9011276960372925, '00:45']
No improvement since epoch 17: early stopping
UnetPlusPlus Done!
