Models will save to FPN_res152_x
Use resnet152 encoder
Start training...
----------
0
----------
DLS create!
[0, 0.5211452841758728, 0.5191289782524109, 0.9925767779350281, 0.9908295273780823, 0.002103132428601384, 0.17469990253448486, 1.1034934520721436, 0.9891195297241211, 0.9853081107139587, 0.9853081107139587, 0.0455472432076931, '01:10']
Better model found at epoch 0 with valid_loss value: 0.5191289782524109.
[1, 0.5168313980102539, 0.5147944688796997, 0.9903369545936584, 0.9907413721084595, 0.0026892172172665596, 0.1759403645992279, 1.125412940979004, 0.9869747757911682, 0.9809250235557556, 0.9809250235557556, 0.07280588895082474, '01:10']
Better model found at epoch 1 with valid_loss value: 0.5147944688796997.
[2, 0.5059095025062561, 0.5068633556365967, 0.967051088809967, 0.9844726920127869, 0.037008948624134064, 0.17782273888587952, 1.5011378526687622, 0.9409196972846985, 0.9378511905670166, 0.9378511905670166, 2.5750086307525635, '01:09']
Better model found at epoch 2 with valid_loss value: 0.5068633556365967.
[3, 0.5084818005561829, 0.5267190933227539, 0.9933246970176697, 0.9907326698303223, 0.003292287001386285, 0.1736873984336853, 1.091521978378296, 0.9843847155570984, 0.9868109226226807, 0.9868109226226807, 0.07271625846624374, '01:09']
[4, 0.5071137547492981, 0.5067494511604309, 0.9751893281936646, 0.9859364628791809, 0.025555452331900597, 0.17814968526363373, 1.4713594913482666, 0.9560229778289795, 0.9521644115447998, 0.9521644115447998, 1.8880043029785156, '01:09']
Better model found at epoch 4 with valid_loss value: 0.5067494511604309.
[5, 0.5060686469078064, 0.5012651681900024, 0.9727635383605957, 0.9891884326934814, 0.023431211709976196, 0.1750752329826355, 1.299169659614563, 0.9478635787963867, 0.9476664066314697, 0.9476664066314697, 0.6462199091911316, '01:09']
Better model found at epoch 5 with valid_loss value: 0.5012651681900024.
[6, 0.49996936321258545, 0.4965777099132538, 0.9601617455482483, 0.9841402173042297, 0.04525677114725113, 0.17855204641819, 1.5238267183303833, 0.9261957406997681, 0.9256929159164429, 0.9256929159164429, 2.6535210609436035, '01:10']
Better model found at epoch 6 with valid_loss value: 0.4965777099132538.
[7, 0.5033648014068604, 0.5132784843444824, 0.9684740304946899, 0.9802895784378052, 0.03471590578556061, 0.1801651418209076, 1.6118842363357544, 0.941002368927002, 0.939765453338623, 0.939765453338623, 4.0735578536987305, '01:10']
[8, 0.4950297176837921, 0.4895288944244385, 0.9509592652320862, 0.9864063262939453, 0.05168614536523819, 0.17627210915088654, 1.4687176942825317, 0.9090816378593445, 0.9089729189872742, 0.9089729189872742, 1.743912935256958, '01:09']
Better model found at epoch 8 with valid_loss value: 0.4895288944244385.
[9, 0.4880595803260803, 0.49783992767333984, 0.949833869934082, 0.9762201309204102, 0.05605017766356468, 0.1816992461681366, 1.6558903455734253, 0.9009965062141418, 0.9074243307113647, 0.9074243307113647, 4.597909450531006, '01:09']
[10, 0.4896652102470398, 0.48978233337402344, 0.937978208065033, 0.9786208271980286, 0.06831569224596024, 0.18047204613685608, 1.6452994346618652, 0.8791782259941101, 0.887631893157959, 0.887631893157959, 4.634702682495117, '01:09']
[11, 0.48281753063201904, 0.4803679287433624, 0.9461475610733032, 0.9907816648483276, 0.054202690720558167, 0.1737729161977768, 1.1517659425735474, 0.8884930610656738, 0.9021207094192505, 0.9021207094192505, 0.22916632890701294, '01:09']
Better model found at epoch 11 with valid_loss value: 0.4803679287433624.
[12, 0.4871334433555603, 0.4805367588996887, 0.948664665222168, 0.990055501461029, 0.05024751275777817, 0.17433740198612213, 1.249638319015503, 0.8995336294174194, 0.9057447910308838, 0.9057447910308838, 0.5034619569778442, '01:09']
[13, 0.48310577869415283, 0.5055134296417236, 0.9746378064155579, 0.9902475476264954, 0.02441788837313652, 0.17402663826942444, 1.1756879091262817, 0.9474280476570129, 0.9521373510360718, 0.9521373510360718, 0.3116375505924225, '01:09']
[14, 0.4732770621776581, 0.46985289454460144, 0.9294135570526123, 0.9899181723594666, 0.07309240847826004, 0.17422030866146088, 1.2685556411743164, 0.863227367401123, 0.8724915385246277, 0.8724915385246277, 0.5461224317550659, '01:10']
Better model found at epoch 14 with valid_loss value: 0.46985289454460144.
[15, 0.4776638448238373, 0.4572821855545044, 0.9103094935417175, 0.9836772084236145, 0.09960202872753143, 0.17807504534721375, 1.5706578493118286, 0.8323833346366882, 0.8422324657440186, 0.8422324657440186, 2.886366367340088, '01:09']
Better model found at epoch 15 with valid_loss value: 0.4572821855545044.
[16, 0.4763365387916565, 0.4841513931751251, 0.9484242796897888, 0.9908287525177002, 0.05399947240948677, 0.17365404963493347, 1.1216717958450317, 0.884032130241394, 0.904606282711029, 0.904606282711029, 0.18903248012065887, '01:09']
[17, 0.46575164794921875, 0.45986682176589966, 0.9132037162780762, 0.9895669221878052, 0.09187837690114975, 0.17442074418067932, 1.2897320985794067, 0.8415997624397278, 0.8476364612579346, 0.8476364612579346, 0.6628659963607788, '01:08']
[18, 0.4644330143928528, 0.469681054353714, 0.9180538654327393, 0.9825376868247986, 0.08793928474187851, 0.17832069098949432, 1.59076988697052, 0.8476073145866394, 0.8541960716247559, 0.8541960716247559, 2.9067842960357666, '01:09']
[19, 0.4646236002445221, 0.44749730825424194, 0.8999840617179871, 0.9850823283195496, 0.10914364457130432, 0.17715036869049072, 1.527289867401123, 0.8199217915534973, 0.8265467286109924, 0.8265467286109924, 2.278496503829956, '01:10']
Better model found at epoch 19 with valid_loss value: 0.44749730825424194.
[20, 0.4621177017688751, 0.4778517186641693, 0.938383936882019, 0.9909591674804688, 0.062113650143146515, 0.17355549335479736, 1.104109764099121, 0.8647838234901428, 0.8899173140525818, 0.8899173140525818, 0.17290033400058746, '01:10']
[21, 0.4600915014743805, 0.44605010747909546, 0.9032528400421143, 0.988977313041687, 0.10486316680908203, 0.17496497929096222, 1.3491727113723755, 0.8266336917877197, 0.8322385549545288, 0.8322385549545288, 0.9598080515861511, '01:10']
Better model found at epoch 21 with valid_loss value: 0.44605010747909546.
[22, 0.46377575397491455, 0.4473503828048706, 0.9074180126190186, 0.9896281361579895, 0.09945235401391983, 0.17453405261039734, 1.304711937904358, 0.8306180238723755, 0.8372040390968323, 0.8372040390968323, 0.7426223754882812, '01:09']
[23, 0.46574336290359497, 0.4410068988800049, 0.8942380547523499, 0.9894877672195435, 0.1112346276640892, 0.17459093034267426, 1.3233020305633545, 0.8094168305397034, 0.8167893290519714, 0.8167893290519714, 0.8400447368621826, '01:10']
Better model found at epoch 23 with valid_loss value: 0.4410068988800049.
[24, 0.4653150737285614, 0.43679994344711304, 0.8934695720672607, 0.9887129068374634, 0.11425930261611938, 0.17519143223762512, 1.3781812191009521, 0.8113325238227844, 0.816573977470398, 0.816573977470398, 1.081473469734192, '01:10']
Better model found at epoch 24 with valid_loss value: 0.43679994344711304.
[25, 0.46316835284233093, 0.4641755223274231, 0.9124504923820496, 0.9817922115325928, 0.09451456367969513, 0.17900994420051575, 1.6078705787658691, 0.8355154991149902, 0.8453202247619629, 0.8453202247619629, 2.6783297061920166, '01:10']
[26, 0.4574167728424072, 0.44919076561927795, 0.9084406495094299, 0.990014910697937, 0.09564565867185593, 0.17433322966098785, 1.2515379190444946, 0.833591878414154, 0.8423298597335815, 0.8423298597335815, 0.5844433307647705, '01:09']
[27, 0.46029695868492126, 0.42953288555145264, 0.8880628943443298, 0.9894168972969055, 0.1243140771985054, 0.1749342679977417, 1.329712986946106, 0.8046404719352722, 0.8089302778244019, 0.8089302778244019, 0.8767322897911072, '01:08']
Better model found at epoch 27 with valid_loss value: 0.42953288555145264.
[28, 0.4560277462005615, 0.4464811384677887, 0.8953828811645508, 0.9842182993888855, 0.11335698515176773, 0.1776943802833557, 1.5372319221496582, 0.8097106218338013, 0.8184756636619568, 0.8184756636619568, 2.2971436977386475, '01:09']
[29, 0.44418269395828247, 0.44244033098220825, 0.8922669887542725, 0.9859559535980225, 0.11505267024040222, 0.17675215005874634, 1.4810677766799927, 0.8072931170463562, 0.8145250678062439, 0.8145250678062439, 1.7493958473205566, '01:10']
[30, 0.4598798155784607, 0.4458618760108948, 0.9019529819488525, 0.9886772632598877, 0.10614391416311264, 0.17522764205932617, 1.3829164505004883, 0.8277451395988464, 0.8311381936073303, 0.8311381936073303, 1.069336175918579, '01:10']
[31, 0.4441604018211365, 0.4345564842224121, 0.8848990797996521, 0.9867533445358276, 0.12379030883312225, 0.17634209990501404, 1.4659066200256348, 0.798668384552002, 0.8039625287055969, 0.8039625287055969, 1.6598258018493652, '01:10']
[32, 0.44871610403060913, 0.43499860167503357, 0.8856279850006104, 0.98764568567276, 0.12376704066991806, 0.17584235966205597, 1.4150283336639404, 0.7988582849502563, 0.8051413297653198, 0.8051413297653198, 1.327698826789856, '01:11']
[33, 0.45858410000801086, 0.45193353295326233, 0.905265748500824, 0.9856558442115784, 0.10420452803373337, 0.17723026871681213, 1.510223627090454, 0.8268839716911316, 0.835551381111145, 0.835551381111145, 1.9572277069091797, '01:10']
[34, 0.4532730281352997, 0.4351177513599396, 0.8863108158111572, 0.9866337776184082, 0.12328971177339554, 0.17648233473300934, 1.4789936542510986, 0.7961450815200806, 0.8052513599395752, 0.8052513599395752, 1.7282285690307617, '01:11']
[35, 0.4471484124660492, 0.45354944467544556, 0.909517228603363, 0.9905188679695129, 0.09287690371274948, 0.17398306727409363, 1.1816450357437134, 0.8315322399139404, 0.844886302947998, 0.844886302947998, 0.3585738241672516, '01:10']
No improvement since epoch 27: early stopping
----------
1
----------
DLS create!
[0, 0.519323468208313, 0.5113465189933777, 0.9881301522254944, 0.9922381639480591, 0.007295716553926468, 0.17752093076705933, 1.240490436553955, 0.982061505317688, 0.9767249226570129, 0.9767249226570129, 0.3374966084957123, '01:11']
Better model found at epoch 0 with valid_loss value: 0.5113465189933777.
[1, 0.5176427364349365, 0.5174893736839294, 0.9840124845504761, 0.9880532622337341, 0.022347038611769676, 0.18142002820968628, 1.4766253232955933, 0.9736477732658386, 0.9691305756568909, 0.9691305756568909, 1.7445454597473145, '01:10']
[2, 0.5098242163658142, 0.5007969737052917, 0.9682819843292236, 0.9860934019088745, 0.04130477458238602, 0.17817836999893188, 1.5360469818115234, 0.9357231259346008, 0.9398715496063232, 0.9398714900016785, 2.6104865074157715, '01:11']
Better model found at epoch 2 with valid_loss value: 0.5007969737052917.
[3, 0.49721387028694153, 0.5053783059120178, 0.9788387417793274, 0.9910353422164917, 0.021610597148537636, 0.1747467964887619, 1.2496869564056396, 0.9636566638946533, 0.9612564444541931, 0.9612564444541931, 0.4779159426689148, '01:10']
[4, 0.4928141236305237, 0.5299526453018188, 0.9710729122161865, 0.9670917987823486, 0.031925175338983536, 0.18690726161003113, 1.7708423137664795, 0.9325749278068542, 0.9451009035110474, 0.9451009035110474, 9.318044662475586, '01:11']
[5, 0.49938541650772095, 0.48442399501800537, 0.9553776979446411, 0.9883136749267578, 0.054855816066265106, 0.17672131955623627, 1.4997026920318604, 0.9116753339767456, 0.9163073301315308, 0.9163073301315308, 1.8219866752624512, '01:10']
Better model found at epoch 5 with valid_loss value: 0.48442399501800537.
[6, 0.49413469433784485, 0.49924811720848083, 0.9681181907653809, 0.987365186214447, 0.036106377840042114, 0.1769372522830963, 1.496346354484558, 0.9412744641304016, 0.9402564167976379, 0.9402564167976379, 2.0906169414520264, '01:10']
[7, 0.4898253083229065, 0.5412693619728088, 0.9661732316017151, 0.9554591178894043, 0.03748335689306259, 0.19256609678268433, 1.8164079189300537, 0.9124622941017151, 0.936336874961853, 0.936336874961853, 15.371492385864258, '01:11']
[8, 0.4859282374382019, 0.47547051310539246, 0.9470793008804321, 0.9910477995872498, 0.06582612544298172, 0.1750195175409317, 1.3411898612976074, 0.9014072418212891, 0.902739405632019, 0.902739405632019, 0.7846792340278625, '01:11']
Better model found at epoch 8 with valid_loss value: 0.47547051310539246.
[9, 0.47029921412467957, 0.47927233576774597, 0.9397013187408447, 0.9850951433181763, 0.06692798435688019, 0.1777762770652771, 1.5903794765472412, 0.8824648261070251, 0.8917419910430908, 0.8917419910430908, 3.329878330230713, '01:10']
[10, 0.4696682095527649, 0.48266831040382385, 0.9457069635391235, 0.9893016219139099, 0.05880476534366608, 0.17545586824417114, 1.3908449411392212, 0.8998079299926758, 0.9032211303710938, 0.9032211303710938, 1.7184420824050903, '01:11']
[11, 0.46723493933677673, 0.5258643627166748, 0.9591451287269592, 0.9622406959533691, 0.044740673154592514, 0.18918077647686005, 1.7906088829040527, 0.8957773447036743, 0.9243043065071106, 0.9243043065071106, 11.971467018127441, '01:11']
[12, 0.46912166476249695, 0.4740827977657318, 0.9344790577888489, 0.9853781461715698, 0.07259251177310944, 0.177705779671669, 1.5754363536834717, 0.8716077208518982, 0.8822768330574036, 0.8822768330574036, 2.543123245239258, '01:11']
Better model found at epoch 12 with valid_loss value: 0.4740827977657318.
[13, 0.46514493227005005, 0.4552115201950073, 0.9145781993865967, 0.9888659119606018, 0.09302717447280884, 0.17572881281375885, 1.4625028371810913, 0.8444942235946655, 0.8506972789764404, 0.8506972789764404, 1.560689091682434, '01:10']
Better model found at epoch 13 with valid_loss value: 0.4552115201950073.
[14, 0.47074994444847107, 0.47114768624305725, 0.9313124418258667, 0.9865644574165344, 0.07565227895975113, 0.1769004613161087, 1.5386909246444702, 0.8701792359352112, 0.8771964311599731, 0.8771964311599731, 2.5952694416046143, '01:10']
[15, 0.45945748686790466, 0.46968650817871094, 0.9347361922264099, 0.9922429323196411, 0.06515657156705856, 0.173888698220253, 1.1622874736785889, 0.8767792582511902, 0.8865678906440735, 0.8865678906440735, 0.2741062641143799, '01:10']
[16, 0.45913004875183105, 0.46331292390823364, 0.9259890913963318, 0.9903644919395447, 0.08005955815315247, 0.1748722791671753, 1.3385852575302124, 0.8672677874565125, 0.8710974454879761, 0.8710974454879761, 0.8551949262619019, '01:12']
[17, 0.45017004013061523, 0.4724510610103607, 0.928534984588623, 0.9838626384735107, 0.07699587941169739, 0.17847824096679688, 1.6053824424743652, 0.8561092615127563, 0.8719281554222107, 0.8719281554222107, 2.877772331237793, '01:11']
[18, 0.4562899172306061, 0.4699644148349762, 0.9258022308349609, 0.9830557107925415, 0.08252961933612823, 0.17898327112197876, 1.6322709321975708, 0.8501469492912292, 0.8683658838272095, 0.8683658838272095, 4.244616508483887, '01:10']
[19, 0.4672609567642212, 0.44512251019477844, 0.9084821939468384, 0.9887807369232178, 0.10490316897630692, 0.17601244151592255, 1.4852484464645386, 0.8331363201141357, 0.8409509062767029, 0.8409509062767029, 1.8501746654510498, '01:11']
Better model found at epoch 19 with valid_loss value: 0.44512251019477844.
[20, 0.45715463161468506, 0.449779212474823, 0.9109336733818054, 0.9893059134483337, 0.09786002337932587, 0.17561179399490356, 1.4466617107391357, 0.8379605412483215, 0.8445169925689697, 0.8445169925689697, 1.3928680419921875, '01:10']
[21, 0.4522601366043091, 0.4829219877719879, 0.9339287877082825, 0.9785699844360352, 0.072527214884758, 0.18116122484207153, 1.6833399534225464, 0.8575674891471863, 0.8819014430046082, 0.8819014430046082, 6.526279926300049, '01:12']
[22, 0.4631204605102539, 0.45720696449279785, 0.9219197034835815, 0.9918097257614136, 0.08567123860120773, 0.17415180802345276, 1.210731029510498, 0.8611441850662231, 0.8663459420204163, 0.8663459420204163, 0.4305118918418884, '01:12']
[23, 0.4559144973754883, 0.4623037278652191, 0.9252857565879822, 0.9906446933746338, 0.08006846904754639, 0.17474834620952606, 1.3097267150878906, 0.8661432862281799, 0.8705276846885681, 0.8705276846885681, 0.756961464881897, '01:11']
[24, 0.4506068229675293, 0.463562548160553, 0.9250395894050598, 0.9922886490821838, 0.07740770280361176, 0.17383353412151337, 1.1730538606643677, 0.862429678440094, 0.8723514676094055, 0.8723514676094055, 0.33202382922172546, '01:11']
[25, 0.45478135347366333, 0.47902989387512207, 0.941238284111023, 0.9866082072257996, 0.06302180141210556, 0.17679929733276367, 1.517912745475769, 0.8857856392860413, 0.8937941789627075, 0.8937941789627075, 2.6346487998962402, '01:11']
[26, 0.4565601646900177, 0.46681198477745056, 0.9254371523857117, 0.9879908561706543, 0.07933571189641953, 0.17612668871879578, 1.4901143312454224, 0.8620679974555969, 0.8681544661521912, 0.8681544661521912, 1.9037083387374878, '01:11']
[27, 0.44353798031806946, 0.44700726866722107, 0.9063418507575989, 0.9899912476539612, 0.1017770990729332, 0.17521962523460388, 1.4235422611236572, 0.8355425000190735, 0.8398130536079407, 0.8398130536079407, 1.438848853111267, '01:10']
No improvement since epoch 19: early stopping
----------
2
----------
DLS create!
[0, 0.5210074186325073, 0.5210586190223694, 0.9955952763557434, 0.992497980594635, 0.0006920240703038871, 0.17391979694366455, 1.098085641860962, 0.9926671385765076, 0.991276204586029, 0.991276204586029, 0.039823018014431, '01:10']
Better model found at epoch 0 with valid_loss value: 0.5210586190223694.
[1, 0.5119396448135376, 0.5261018872261047, 0.9979104995727539, 0.9924729466438293, 0.00027572180260904133, 0.17372271418571472, 1.0584017038345337, 0.9955064654350281, 0.9959194660186768, 0.9959194660186768, 0.03141879290342331, '01:11']
[2, 0.5134696364402771, 0.5051311254501343, 0.9805625677108765, 0.9901214838027954, 0.016661684960126877, 0.17684361338615417, 1.3890684843063354, 0.9663633704185486, 0.9625691175460815, 0.9625691175460815, 1.2176488637924194, '01:12']
Better model found at epoch 2 with valid_loss value: 0.5051311254501343.
[3, 0.5098706483840942, 0.5034069418907166, 0.971403956413269, 0.9854685068130493, 0.037935175001621246, 0.18033146858215332, 1.567734718322754, 0.9476988911628723, 0.9457941651344299, 0.9457941651344299, 2.837782382965088, '01:10']
Better model found at epoch 3 with valid_loss value: 0.5034069418907166.
[4, 0.5084594488143921, 0.5086466073989868, 0.977241039276123, 0.9872417449951172, 0.02291770838201046, 0.17719347774982452, 1.5327091217041016, 0.9590598940849304, 0.9562286138534546, 0.9562286138534546, 2.2512218952178955, '01:12']
[5, 0.4968307614326477, 0.5089839696884155, 0.9737059473991394, 0.9826377630233765, 0.032695189118385315, 0.1807648241519928, 1.6055699586868286, 0.9523698687553406, 0.950164258480072, 0.950164258480072, 3.720144748687744, '01:11']
[6, 0.5006222724914551, 0.5084490180015564, 0.9810905456542969, 0.9916620254516602, 0.013079033233225346, 0.17446868121623993, 1.2506108283996582, 0.963290810585022, 0.9634433388710022, 0.9634433388710022, 0.33528316020965576, '01:11']
[7, 0.4984278678894043, 0.49123069643974304, 0.9602941274642944, 0.9865683913230896, 0.046966008841991425, 0.1775648146867752, 1.523358702659607, 0.9265998005867004, 0.9255825877189636, 0.9255825877189636, 2.166083335876465, '01:12']
Better model found at epoch 7 with valid_loss value: 0.49123069643974304.
[8, 0.48895108699798584, 0.4876028895378113, 0.9596748948097229, 0.990463137626648, 0.04352040961384773, 0.1750224381685257, 1.3655322790145874, 0.9240689873695374, 0.9240363240242004, 0.9240363240242004, 0.9091237187385559, '01:10']
Better model found at epoch 8 with valid_loss value: 0.4876028895378113.
[9, 0.4891948103904724, 0.49574169516563416, 0.9683952331542969, 0.9911004304885864, 0.034434810280799866, 0.17450493574142456, 1.3058382272720337, 0.9394369721412659, 0.9402207136154175, 0.9402207136154175, 0.7000143527984619, '01:10']
[10, 0.47033676505088806, 0.49267739057540894, 0.9496363997459412, 0.9838575720787048, 0.05468333140015602, 0.17816834151744843, 1.587280035018921, 0.9040969014167786, 0.90761798620224, 0.90761798620224, 2.513678550720215, '01:10']
[11, 0.4840390384197235, 0.47647666931152344, 0.9445170164108276, 0.9881561398506165, 0.06318715214729309, 0.17616388201713562, 1.4660050868988037, 0.8962334394454956, 0.8983040452003479, 0.8983040452003479, 1.8452421426773071, '01:12']
Better model found at epoch 11 with valid_loss value: 0.47647666931152344.
[12, 0.4720189571380615, 0.4768897593021393, 0.9404152035713196, 0.9877033233642578, 0.06471025943756104, 0.17618362605571747, 1.4529917240142822, 0.889266848564148, 0.892246663570404, 0.892246663570404, 1.6232285499572754, '01:10']
[13, 0.4682462513446808, 0.4787086248397827, 0.9405516386032104, 0.9892928004264832, 0.06405259668827057, 0.175275519490242, 1.3829160928726196, 0.8909808397293091, 0.8925150632858276, 0.8925150632858276, 1.002681016921997, '01:10']
[14, 0.45378807187080383, 0.49233269691467285, 0.9560985565185547, 0.9905581474304199, 0.04517074674367905, 0.174539715051651, 1.3083163499832153, 0.9122692942619324, 0.9195471405982971, 0.9195471405982971, 0.7679610848426819, '01:09']
[15, 0.4644905626773834, 0.47933652997016907, 0.9414891004562378, 0.9890882968902588, 0.062313687056303024, 0.17536219954490662, 1.4065475463867188, 0.8879534006118774, 0.8930854797363281, 0.8930854797363281, 1.2752916812896729, '01:10']
[16, 0.4714010953903198, 0.47061634063720703, 0.9323285818099976, 0.9829344153404236, 0.07794269919395447, 0.17887474596500397, 1.609222650527954, 0.8676438927650452, 0.8780215978622437, 0.8780215978622437, 3.2966296672821045, '01:12']
Better model found at epoch 16 with valid_loss value: 0.47061634063720703.
[17, 0.4625934362411499, 0.4808467924594879, 0.9357606172561646, 0.9832630157470703, 0.06906522810459137, 0.17849020659923553, 1.6044179201126099, 0.8735523223876953, 0.8833295702934265, 0.8833295702934265, 2.685476541519165, '01:10']
[18, 0.4545235335826874, 0.4758324921131134, 0.9356711506843567, 0.9828996062278748, 0.07238887250423431, 0.17892688512802124, 1.6219533681869507, 0.8746907114982605, 0.8838735818862915, 0.8838735818862915, 3.1754374504089355, '01:11']
[19, 0.4602465033531189, 0.46695107221603394, 0.9322233200073242, 0.987673819065094, 0.0775439515709877, 0.1764892190694809, 1.4745128154754639, 0.8729282021522522, 0.8778362274169922, 0.8778362274169922, 1.4938526153564453, '01:10']
Better model found at epoch 19 with valid_loss value: 0.46695107221603394.
[20, 0.462147057056427, 0.4669860601425171, 0.932045042514801, 0.9878925681114197, 0.07640334218740463, 0.17619623243808746, 1.4523251056671143, 0.8731704354286194, 0.8776657581329346, 0.8776657581329346, 1.4669156074523926, '01:10']
[21, 0.441037118434906, 0.46406084299087524, 0.9257022738456726, 0.9890492558479309, 0.07876645028591156, 0.17554299533367157, 1.4265809059143066, 0.8615209460258484, 0.8671440482139587, 0.8671440482139587, 1.5375710725784302, '01:11']
Better model found at epoch 21 with valid_loss value: 0.46406084299087524.
[22, 0.4532833695411682, 0.4640294313430786, 0.9281991720199585, 0.9912238717079163, 0.07667183876037598, 0.17433296144008636, 1.27892005443573, 0.8668477535247803, 0.8720000982284546, 0.8720000982284546, 0.5769281983375549, '01:10']
Better model found at epoch 22 with valid_loss value: 0.4640294313430786.
[23, 0.454604834318161, 0.4625791311264038, 0.9232604503631592, 0.988739013671875, 0.08348216861486435, 0.17572231590747833, 1.4396262168884277, 0.8582841753959656, 0.8634873628616333, 0.8634873628616333, 1.3744750022888184, '01:10']
Better model found at epoch 23 with valid_loss value: 0.4625791311264038.
[24, 0.4517139196395874, 0.4702475666999817, 0.9328587651252747, 0.9865401983261108, 0.0733647421002388, 0.17683103680610657, 1.5061019659042358, 0.8732814192771912, 0.8787132501602173, 0.8787132501602173, 1.9760810136795044, '01:10']
[25, 0.4458935558795929, 0.4620570242404938, 0.9203951954841614, 0.987003743648529, 0.08487026393413544, 0.17664365470409393, 1.5136114358901978, 0.853525698184967, 0.8600980043411255, 0.8600980043411255, 2.4779672622680664, '01:11']
Better model found at epoch 25 with valid_loss value: 0.4620570242404938.
[26, 0.45677193999290466, 0.4802776575088501, 0.9392582178115845, 0.9903228878974915, 0.0638483539223671, 0.1746918112039566, 1.3390207290649414, 0.8886510729789734, 0.891239583492279, 0.891239583492279, 0.8143287897109985, '01:10']
[27, 0.4421883821487427, 0.45706626772880554, 0.9195669293403625, 0.9904056787490845, 0.08784489333629608, 0.17481911182403564, 1.3530453443527222, 0.8522898554801941, 0.8589963316917419, 0.8589963316917419, 0.960659921169281, '01:11']
Better model found at epoch 27 with valid_loss value: 0.45706626772880554.
[28, 0.450393944978714, 0.45984193682670593, 0.9183682203292847, 0.9864482879638672, 0.0884065255522728, 0.17694500088691711, 1.5375800132751465, 0.8462861776351929, 0.8549736738204956, 0.8549736738204956, 2.208364486694336, '01:10']
[29, 0.45612630248069763, 0.4570801556110382, 0.9230965971946716, 0.9912167191505432, 0.08583042770624161, 0.17448225617408752, 1.2893569469451904, 0.8588957190513611, 0.8637117743492126, 0.8637117743492126, 0.6368277668952942, '01:11']
[30, 0.4417003393173218, 0.46990635991096497, 0.9320484399795532, 0.9894982576370239, 0.07236962765455246, 0.17524811625480652, 1.3890647888183594, 0.8719817996025085, 0.8786738514900208, 0.8786738514900208, 1.1710329055786133, '01:12']
[31, 0.44524502754211426, 0.4621258080005646, 0.9224483966827393, 0.9882335662841797, 0.0840778574347496, 0.17592161893844604, 1.4323917627334595, 0.8557089567184448, 0.8622687458992004, 0.8622687458992004, 1.3103694915771484, '01:10']
[32, 0.4505634009838104, 0.45283183455467224, 0.9143897891044617, 0.989833414554596, 0.0931919515132904, 0.17514672875404358, 1.3891054391860962, 0.845221996307373, 0.8498740196228027, 0.8498740196228027, 1.091778039932251, '01:11']
Better model found at epoch 32 with valid_loss value: 0.45283183455467224.
[33, 0.4382701814174652, 0.475324809551239, 0.9318206310272217, 0.9842954277992249, 0.07250291854143143, 0.1779552400112152, 1.5667524337768555, 0.8665122389793396, 0.8772934675216675, 0.8772934675216675, 2.596351146697998, '01:10']
[34, 0.44532716274261475, 0.4758267402648926, 0.9304726123809814, 0.9823344349861145, 0.07696972787380219, 0.1793908178806305, 1.616400957107544, 0.8564780950546265, 0.8735172152519226, 0.8735172152519226, 2.9436020851135254, '01:13']
[35, 0.4486217498779297, 0.45201271772384644, 0.9164982438087463, 0.9896286725997925, 0.09245391190052032, 0.17535291612148285, 1.4035825729370117, 0.8456980586051941, 0.8527845740318298, 0.8527845740318298, 1.4275668859481812, '01:13']
Better model found at epoch 35 with valid_loss value: 0.45201271772384644.
[36, 0.43313950300216675, 0.45921897888183594, 0.918465256690979, 0.9906460642814636, 0.08481825143098831, 0.17463228106498718, 1.313259243965149, 0.8506376147270203, 0.857650876045227, 0.857650876045227, 0.7815086245536804, '01:11']
[37, 0.44282883405685425, 0.4645247757434845, 0.927510678768158, 0.989039957523346, 0.0803375169634819, 0.17565208673477173, 1.4178873300552368, 0.8679112195968628, 0.8716034889221191, 0.8716034889221191, 1.2394230365753174, '01:11']
[38, 0.44252052903175354, 0.464341938495636, 0.9233848452568054, 0.9853536486625671, 0.08223257213830948, 0.17757973074913025, 1.5435072183609009, 0.8478671312332153, 0.8621647357940674, 0.8621647357940674, 2.231740951538086, '01:11']
[39, 0.44713544845581055, 0.49249616265296936, 0.9581707715988159, 0.9907835125923157, 0.042361319065093994, 0.17439408600330353, 1.273533582687378, 0.9151930212974548, 0.9228788018226624, 0.9228788018226624, 0.7667338252067566, '01:11']
[40, 0.44805294275283813, 0.467250794172287, 0.9292554259300232, 0.9852434396743774, 0.08244622498750687, 0.17820416390895844, 1.5792430639266968, 0.8609834313392639, 0.8728073239326477, 0.8728073239326477, 2.7025206089019775, '01:10']
[41, 0.4318329095840454, 0.45798325538635254, 0.9193723797798157, 0.9899746775627136, 0.08750001341104507, 0.17507660388946533, 1.3768935203552246, 0.8531960844993591, 0.8591422438621521, 0.8591422438621521, 1.0884395837783813, '01:10']
[42, 0.4355531632900238, 0.46788159012794495, 0.9257194995880127, 0.9861803650856018, 0.07840155065059662, 0.177093043923378, 1.531858205795288, 0.8593860268592834, 0.8677818775177002, 0.8677818775177002, 2.304940938949585, '01:10']
[43, 0.4537038505077362, 0.44931790232658386, 0.9123389720916748, 0.9907779097557068, 0.09627294540405273, 0.17462845146656036, 1.3436630964279175, 0.8411257863044739, 0.8457569479942322, 0.8457569479942322, 0.8755735158920288, '01:11']
Better model found at epoch 43 with valid_loss value: 0.44931790232658386.
[44, 0.4380855858325958, 0.4620813727378845, 0.9197182655334473, 0.9864563345909119, 0.08778977394104004, 0.1769605129957199, 1.5199600458145142, 0.8475152254104614, 0.8575355410575867, 0.8575355410575867, 2.3247570991516113, '01:12']
[45, 0.4419746398925781, 0.49054673314094543, 0.9306025505065918, 0.9771690964698792, 0.07341034710407257, 0.18181383609771729, 1.7166215181350708, 0.8532803058624268, 0.875773549079895, 0.875773549079895, 5.156548023223877, '01:11']
[46, 0.44162702560424805, 0.4696557819843292, 0.9290326237678528, 0.9870012402534485, 0.07490242272615433, 0.17658571898937225, 1.5198522806167603, 0.8675086498260498, 0.8725985288619995, 0.8725986480712891, 1.940216302871704, '01:10']
[47, 0.4403621256351471, 0.4605025053024292, 0.9195347428321838, 0.9884442090988159, 0.08581484854221344, 0.17590345442295074, 1.462314486503601, 0.847511887550354, 0.8574029803276062, 0.8574029803276062, 1.613651990890503, '01:10']
[48, 0.44121336936950684, 0.4574938714504242, 0.917025625705719, 0.987483561038971, 0.0903119295835495, 0.17650023102760315, 1.4746479988098145, 0.8431698679924011, 0.8530154228210449, 0.8530154228210449, 1.8706876039505005, '01:10']
[49, 0.4393146336078644, 0.4636194407939911, 0.9229558706283569, 0.9860823154449463, 0.08336441218852997, 0.17724144458770752, 1.5243302583694458, 0.8531187176704407, 0.8628848791122437, 0.8628848791122437, 2.009730815887451, '01:11']
[50, 0.43646830320358276, 0.4823814928531647, 0.9271236658096313, 0.9778842926025391, 0.07770294696092606, 0.1815405637025833, 1.6971445083618164, 0.847389280796051, 0.8697748780250549, 0.8697748780250549, 5.36415433883667, '01:10']
[51, 0.4419904947280884, 0.4618944525718689, 0.9184038639068604, 0.9837316274642944, 0.08823356032371521, 0.17846201360225677, 1.593692660331726, 0.8384186625480652, 0.8547191023826599, 0.8547191023826599, 3.3004462718963623, '01:09']
No improvement since epoch 43: early stopping
----------
3
----------
DLS create!
[0, 0.5220934152603149, 0.5166704058647156, 0.9850823283195496, 0.9923161864280701, 0.002085659885779023, 0.1750270575284958, 1.2020766735076904, 0.9929739832878113, 0.9792903661727905, 0.9792903661727905, inf, '01:09']
Better model found at epoch 0 with valid_loss value: 0.5166704058647156.
[1, 0.5176622271537781, 0.5048553943634033, 0.9694710373878479, 0.9923043251037598, 0.021546900272369385, 0.1742771565914154, 1.2111047506332397, 0.9620926976203918, 0.9522817730903625, 0.9522817730903625, inf, '01:09']
Better model found at epoch 1 with valid_loss value: 0.5048553943634033.
[2, 0.5101729035377502, 0.5162173509597778, 0.9850603342056274, 0.9927686452865601, 0.0012223331723362207, 0.17461442947387695, 1.1240264177322388, 0.9919755458831787, 0.9792449474334717, 0.9792449474334717, inf, '01:10']
[3, 0.5099555253982544, 0.5099163055419922, 0.9782549738883972, 0.9925476908683777, nan, 0.1743023693561554, 1.1516690254211426, 0.9773790240287781, 0.9665395617485046, 0.9665395617485046, nan, '01:10']
[4, 0.5020061731338501, 0.4946829676628113, 0.9585767388343811, 0.9898621439933777, 0.03358181565999985, 0.17589300870895386, 1.413141131401062, 0.9426968097686768, 0.9311538338661194, 0.9311538338661194, inf, '01:09']
Better model found at epoch 4 with valid_loss value: 0.4946829676628113.
[5, 0.5014557838439941, 0.5815689563751221, 0.9725390076637268, 0.9181017279624939, 0.020687364041805267, 0.21106195449829102, 1.871085524559021, 0.9557312726974487, 0.9553976058959961, 0.9553976058959961, inf, '01:09']
[6, 0.4987775981426239, 0.4918052852153778, 0.9557070732116699, 0.9915910959243774, 0.03670376539230347, 0.17441287636756897, 1.294533610343933, 0.9320724606513977, 0.9254752397537231, 0.9254752397537231, inf, '01:09']
Better model found at epoch 6 with valid_loss value: 0.4918052852153778.
[7, 0.49664419889450073, 0.4886269271373749, 0.9505773782730103, 0.988034188747406, nan, 0.17695258557796478, 1.484107255935669, 0.9294314384460449, 0.9167221188545227, 0.9167221188545227, nan, '01:09']
Better model found at epoch 7 with valid_loss value: 0.4886269271373749.
[8, 0.4909980893135071, 0.6309388279914856, 0.9660208225250244, 0.9057883024215698, 0.02762591652572155, 0.2183498740196228, 1.9109864234924316, 0.9256269335746765, 0.9431597590446472, 0.9431597590446472, inf, '01:09']
[9, 0.482770174741745, 0.47458773851394653, 0.9288715720176697, 0.9851124882698059, 0.06910501420497894, 0.1779462844133377, 1.5812431573867798, 0.8810672163963318, 0.8781114816665649, 0.8781114816665649, inf, '01:09']
Better model found at epoch 9 with valid_loss value: 0.47458773851394653.
[10, 0.48378118872642517, 0.4726825952529907, 0.9356746077537537, 0.9922401905059814, 0.05691463127732277, 0.17401593923568726, 1.2269320487976074, 0.8907138109207153, 0.8900588154792786, 0.8900588154792786, inf, '01:09']
Better model found at epoch 10 with valid_loss value: 0.4726825952529907.
[11, 0.4800369441509247, 0.4550243616104126, 0.9116864204406738, 0.9883956909179688, 0.08987472951412201, 0.1763770580291748, 1.490012526512146, 0.8550510406494141, 0.8490232825279236, 0.8490232825279236, inf, '01:09']
Better model found at epoch 11 with valid_loss value: 0.4550243616104126.
[12, 0.4845059812068939, 0.46912774443626404, 0.9291814565658569, 0.985801100730896, 0.07589489221572876, 0.1782931536436081, 1.5617986917495728, 0.8833503723144531, 0.8784798383712769, 0.8784798383712769, inf, '01:09']
[13, 0.4761336147785187, 0.46473854780197144, 0.9216132760047913, 0.9901914596557617, nan, 0.17507250607013702, 1.3806260824203491, 0.8711107969284058, 0.8658916354179382, 0.8658916354179382, nan, '01:08']
[14, 0.4688816964626312, 0.4640939235687256, 0.914002001285553, 0.9855033159255981, 0.08420803397893906, 0.177800714969635, 1.6040796041488647, 0.85804283618927, 0.8537470102310181, 0.8537470102310181, inf, '01:09']
[15, 0.46307888627052307, 0.45817849040031433, 0.9148134589195251, 0.990760326385498, 0.0809018537402153, 0.17481349408626556, 1.3555192947387695, 0.8604565858840942, 0.8554801940917969, 0.8554801940917969, inf, '01:09']
[16, 0.46692413091659546, 0.49644631147384644, 0.9311214685440063, 0.9730431437492371, 0.06505312770605087, 0.18423858284950256, 1.7616924047470093, 0.8692903518676758, 0.8817501664161682, 0.8817501664161682, inf, '01:09']
[17, 0.45950233936309814, 0.45302048325538635, 0.9078401327133179, 0.9907415509223938, 0.08868551254272461, 0.17485395073890686, 1.382615089416504, 0.8515964150428772, 0.8450061678886414, 0.8450061678886414, inf, '01:09']
Better model found at epoch 17 with valid_loss value: 0.45302048325538635.
[18, 0.46626830101013184, 0.4602144658565521, 0.9151955842971802, 0.98755943775177, 0.08359506726264954, 0.17668025195598602, 1.524810552597046, 0.8632240891456604, 0.8569230437278748, 0.8569230437278748, inf, '01:09']
[19, 0.46162161231040955, 0.4488177001476288, 0.9061546921730042, 0.9921031594276428, 0.0904073566198349, 0.17419303953647614, 1.2517011165618896, 0.8429959416389465, 0.8427267074584961, 0.8427267074584961, inf, '01:09']
Better model found at epoch 19 with valid_loss value: 0.4488177001476288.
[20, 0.4650484025478363, 0.43919000029563904, 0.8913894891738892, 0.9884377121925354, 0.11159566789865494, 0.17640843987464905, 1.4961096048355103, 0.8156402111053467, 0.8159338235855103, 0.8159338235855103, inf, '01:09']
Better model found at epoch 20 with valid_loss value: 0.43919000029563904.
[21, 0.4502595365047455, 0.44237780570983887, 0.8952901363372803, 0.9903787970542908, nan, 0.17519965767860413, 1.3789385557174683, 0.831181526184082, 0.8253774046897888, 0.8253774046897888, nan, '01:10']
[22, 0.4589310586452484, 0.4477812647819519, 0.8963517546653748, 0.9854038953781128, 0.10315335541963577, 0.1779118776321411, 1.6022307872772217, 0.8217909336090088, 0.8246593475341797, 0.8246593475341797, inf, '01:09']
[23, 0.4527010917663574, 0.4420489966869354, 0.8906173706054688, 0.9869736433029175, 0.1098770946264267, 0.1770755797624588, 1.5382404327392578, 0.8121491074562073, 0.814509928226471, 0.814509928226471, inf, '01:09']
[24, 0.46288901567459106, 0.4478608965873718, 0.8950693607330322, 0.9838765263557434, 0.1063762828707695, 0.17880678176879883, 1.624343991279602, 0.8133439421653748, 0.8221268653869629, 0.8221268653869629, inf, '01:10']
[25, 0.44839152693748474, 0.4326273202896118, 0.8836922645568848, 0.9894337058067322, 0.11652474850416183, 0.17575791478157043, 1.4548519849777222, 0.8084599375724792, 0.8052271008491516, 0.8052271008491516, inf, '01:09']
Better model found at epoch 25 with valid_loss value: 0.4326273202896118.
[26, 0.4521785378456116, 0.43462881445884705, 0.8849308490753174, 0.9897353053092957, 0.11490243673324585, 0.17558661103248596, 1.4473755359649658, 0.8156058192253113, 0.8089253306388855, 0.8089253306388855, inf, '01:09']
[27, 0.4559768736362457, 0.43284571170806885, 0.8855847716331482, 0.9895671010017395, 0.11670121550559998, 0.175796240568161, 1.440272331237793, 0.8141906261444092, 0.8086798191070557, 0.8086798191070557, inf, '01:09']
[28, 0.4594440758228302, 0.43749579787254333, 0.8907539248466492, 0.9917439222335815, 0.10686323046684265, 0.1743607372045517, 1.2834062576293945, 0.8149569034576416, 0.817148745059967, 0.817148745059967, inf, '01:09']
[29, 0.45612019300460815, 0.44627150893211365, 0.9032139182090759, 0.9919764399528503, 0.09518317878246307, 0.17429587244987488, 1.2490487098693848, 0.8408897519111633, 0.8389754891395569, 0.8389754891395569, inf, '01:09']
[30, 0.4571538269519806, 0.4261171221733093, 0.8782088160514832, 0.9910474419593811, 0.12342812865972519, 0.17490743100643158, 1.3665990829467773, 0.8039379119873047, 0.7977665066719055, 0.7977665066719055, inf, '01:08']
Better model found at epoch 30 with valid_loss value: 0.4261171221733093.
[31, 0.4419930875301361, 0.44302666187286377, 0.8926921486854553, 0.990117609500885, 0.10399144142866135, 0.17523443698883057, 1.4125627279281616, 0.8263858556747437, 0.8213376998901367, 0.8213376998901367, inf, '01:09']
[32, 0.456735223531723, 0.43498194217681885, 0.8901202082633972, 0.9896010160446167, 0.11467088758945465, 0.1758589744567871, 1.4537487030029297, 0.8223426342010498, 0.8163729906082153, 0.8163729906082153, inf, '01:08']
[33, 0.4512775242328644, 0.44266277551651, 0.8991882801055908, 0.9899184107780457, 0.1065959557890892, 0.1758653074502945, 1.400636076927185, 0.8345649242401123, 0.8307834267616272, 0.8307834267616272, inf, '01:09']
[34, 0.4419046938419342, 0.4442528486251831, 0.8959507942199707, 0.9912581443786621, 0.09925929456949234, 0.1746298223733902, 1.3204513788223267, 0.8329503536224365, 0.8275313377380371, 0.8275313377380371, inf, '01:08']
[35, 0.4521890878677368, 0.425934761762619, 0.8750578165054321, 0.9892683625221252, 0.12681728601455688, 0.17592717707157135, 1.4834730625152588, 0.7931241989135742, 0.7910979986190796, 0.7910979986190796, inf, '01:09']
Better model found at epoch 35 with valid_loss value: 0.425934761762619.
[36, 0.4381454288959503, 0.4260898530483246, 0.8719054460525513, 0.9894262552261353, nan, 0.17577601969242096, 1.472342610359192, 0.795658528804779, 0.7887060046195984, 0.7887060046195984, nan, '01:10']
[37, 0.44198694825172424, 0.4338773787021637, 0.8812441825866699, 0.988744854927063, nan, 0.17604109644889832, 1.4694339036941528, 0.8042590618133545, 0.8014008402824402, 0.8014008402824402, nan, '01:10']
[38, 0.45457330346107483, 0.42439234256744385, 0.8761480450630188, 0.9909858703613281, 0.12358741462230682, 0.17494814097881317, 1.3480587005615234, 0.7986584901809692, 0.79510498046875, 0.79510498046875, inf, '01:09']
Better model found at epoch 38 with valid_loss value: 0.42439234256744385.
[39, 0.43583986163139343, 0.4345117509365082, 0.8820066452026367, 0.9880809187889099, 0.11540021747350693, 0.17645341157913208, 1.4962409734725952, 0.8062314987182617, 0.802972674369812, 0.802972674369812, inf, '01:08']
[40, 0.4451110363006592, 0.4376803934574127, 0.8879001140594482, 0.9867703914642334, 0.11380688846111298, 0.17737990617752075, 1.5805978775024414, 0.8089691996574402, 0.810670793056488, 0.810670793056488, inf, '01:08']
[41, 0.4481537640094757, 0.42497584223747253, 0.8750758767127991, 0.9891530871391296, nan, 0.1761140078306198, 1.4595351219177246, 0.7927302122116089, 0.7916731834411621, 0.7916731834411621, nan, '01:08']
[42, 0.4354979693889618, 0.4218197762966156, 0.8687022924423218, 0.9893831610679626, 0.1317959576845169, 0.175863578915596, 1.4536356925964355, 0.784065842628479, 0.7809813022613525, 0.7809813022613525, inf, '01:08']
Better model found at epoch 42 with valid_loss value: 0.4218197762966156.
[43, 0.4402672350406647, 0.44334301352500916, 0.8887876272201538, 0.985876202583313, 0.10946670174598694, 0.17776665091514587, 1.605302333831787, 0.8117133378982544, 0.8139768242835999, 0.8139768242835999, inf, '01:08']
[44, 0.4507080018520355, 0.42233917117118835, 0.8738582134246826, 0.9907593131065369, nan, 0.17514051496982574, 1.3814737796783447, 0.7969633340835571, 0.7913753390312195, 0.7913753390312195, nan, '01:08']
[45, 0.45043110847473145, 0.4321915805339813, 0.8820850253105164, 0.9901353716850281, nan, 0.17535507678985596, 1.424368977546692, 0.8094404339790344, 0.8039360046386719, 0.8039360046386719, nan, '01:08']
[46, 0.44028666615486145, 0.4357108175754547, 0.8829509019851685, 0.9867902994155884, nan, 0.17732137441635132, 1.5661126375198364, 0.8013736605644226, 0.8038613200187683, 0.8038613200187683, nan, '01:10']
[47, 0.4374483525753021, 0.42064210772514343, 0.8693904280662537, 0.9899995923042297, 0.1307680755853653, 0.17548531293869019, 1.4324183464050293, 0.7848533391952515, 0.7820528745651245, 0.7820528745651245, inf, '01:10']
Better model found at epoch 47 with valid_loss value: 0.42064210772514343.
[48, 0.4379498362541199, 0.42759576439857483, 0.8774454593658447, 0.9910386204719543, 0.11951697617769241, 0.17481158673763275, 1.3701478242874146, 0.8013179302215576, 0.7966144680976868, 0.7966144680976868, inf, '01:09']
[49, 0.44454047083854675, 0.4277406632900238, 0.8785155415534973, 0.9913849830627441, nan, 0.174689382314682, 1.3088901042938232, 0.8023197054862976, 0.7991795539855957, 0.7991795539855957, nan, '01:08']
[50, 0.43089428544044495, 0.4271060526371002, 0.8750393986701965, 0.9911959171295166, 0.1216120570898056, 0.17477542161941528, 1.3210231065750122, 0.7931768894195557, 0.7934675812721252, 0.7934675812721252, inf, '01:08']
[51, 0.45186999440193176, 0.4190516769886017, 0.8670237064361572, 0.9898648858070374, nan, 0.17564086616039276, 1.4409276247024536, 0.784561038017273, 0.7805992364883423, 0.7805992364883423, nan, '01:09']
Better model found at epoch 51 with valid_loss value: 0.4190516769886017.
[52, 0.44112616777420044, 0.4678027033805847, 0.9075566530227661, 0.9785795211791992, 0.0912853553891182, 0.18161192536354065, 1.7088288068771362, 0.8240673542022705, 0.8423768877983093, 0.8423768877983093, inf, '01:09']
[53, 0.42621973156929016, 0.43186822533607483, 0.880243182182312, 0.9924464821815491, nan, 0.17397861182689667, 1.2152438163757324, 0.7974209189414978, 0.8040662407875061, 0.8040662407875061, nan, '01:09']
[54, 0.43506914377212524, 0.41556453704833984, 0.8638944625854492, 0.9911284446716309, 0.13773579895496368, 0.1749419867992401, 1.3540840148925781, 0.7805963158607483, 0.7764422297477722, 0.7764422297477722, inf, '01:08']
Better model found at epoch 54 with valid_loss value: 0.41556453704833984.
[55, 0.43829166889190674, 0.4243066906929016, 0.8718425035476685, 0.9881216287612915, 0.12915079295635223, 0.17654798924922943, 1.5132899284362793, 0.7871995568275452, 0.7867914438247681, 0.7867914438247681, inf, '01:08']
[56, 0.43606701493263245, 0.4253028631210327, 0.8729873299598694, 0.9910489320755005, 0.12438400089740753, 0.17485114932060242, 1.3728138208389282, 0.7943539619445801, 0.7907031178474426, 0.7907031178474426, inf, '01:09']
[57, 0.4367138147354126, 0.4235329329967499, 0.8711686134338379, 0.9908989667892456, nan, 0.1749219000339508, 1.3234950304031372, 0.790011465549469, 0.7878538966178894, 0.7878538966178894, nan, '01:09']
[58, 0.4413456618785858, 0.42786455154418945, 0.8747293949127197, 0.9877132177352905, 0.1274596005678177, 0.17684435844421387, 1.5516624450683594, 0.7910339832305908, 0.7911423444747925, 0.7911423444747925, inf, '01:09']
[59, 0.4327661097049713, 0.4264739453792572, 0.877679705619812, 0.9910752773284912, 0.12336144596338272, 0.1747850626707077, 1.3530927896499634, 0.7983158230781555, 0.7957391738891602, 0.7957391738891602, inf, '01:09']
[60, 0.43776196241378784, 0.4267522096633911, 0.8763246536254883, 0.9875213503837585, 0.12938372790813446, 0.17704181373119354, 1.5415469408035278, 0.7920098900794983, 0.7936660051345825, 0.7936660051345825, inf, '01:10']
[61, 0.4446219801902771, 0.42223113775253296, 0.8696541786193848, 0.9895563721656799, 0.1305510401725769, 0.17570403218269348, 1.4595493078231812, 0.7864188551902771, 0.7832150459289551, 0.7832150459289551, inf, '01:09']
[62, 0.4318135380744934, 0.42213764786720276, 0.8674051761627197, 0.9894047975540161, 0.13158166408538818, 0.17577022314071655, 1.4539190530776978, 0.7832897305488586, 0.7805194854736328, 0.7805194854736328, inf, '01:10']
No improvement since epoch 54: early stopping
----------
4
----------
DLS create!
[0, 0.527607798576355, 0.515105664730072, 0.9957177042961121, 0.9937411546707153, 0.0, 0.17540964484214783, 1.0562516450881958, 0.9957168102264404, 0.9914913773536682, 0.9914913773536682, 0.0, '01:09']
Better model found at epoch 0 with valid_loss value: 0.515105664730072.
[1, 0.5183648467063904, 0.51102215051651, 0.9916024208068848, 0.993611752986908, 0.0026423849631100893, 0.17517012357711792, 1.1468544006347656, 0.9861617684364319, 0.9834274649620056, 0.9834274649620056, 0.07085960358381271, '01:09']
Better model found at epoch 1 with valid_loss value: 0.51102215051651.
[2, 0.5085120797157288, 0.4990186393260956, 0.9747116565704346, 0.9923856258392334, 0.021972524002194405, 0.17442463338375092, 1.3418569564819336, 0.950070321559906, 0.952812135219574, 0.952812135219574, 1.0673177242279053, '01:09']
Better model found at epoch 2 with valid_loss value: 0.4990186393260956.
[3, 0.5120946764945984, 0.4990420937538147, 0.9678840637207031, 0.9858546853065491, 0.038999639451503754, 0.17861340939998627, 1.6606419086456299, 0.9327487945556641, 0.9392002820968628, 0.9392002820968628, 5.924962520599365, '01:10']
[4, 0.5021416544914246, 0.5027435421943665, 0.9776976704597473, 0.9929481744766235, 0.023984912782907486, 0.17398861050605774, 1.2847009897232056, 0.9525713920593262, 0.9572799801826477, 0.9572799801826477, 0.672768771648407, '01:10']
[5, 0.4989640712738037, 0.503788948059082, 0.9671029448509216, 0.9821697473526001, 0.03639066591858864, 0.1799723356962204, 1.7160087823867798, 0.9273367524147034, 0.9375168681144714, 0.9375168681144714, 7.772458076477051, '01:09']
[6, 0.4834747016429901, 0.5671224594116211, 0.9795810580253601, 0.9382232427597046, 0.021652022376656532, 0.20047082006931305, 1.8861159086227417, 0.943555474281311, 0.9607830047607422, 0.9607830047607422, 38.77635955810547, '01:09']
[7, 0.484224796295166, 0.47486767172813416, 0.9456303119659424, 0.988895833492279, 0.06314612179994583, 0.17626410722732544, 1.5775879621505737, 0.8904733061790466, 0.9003574252128601, 0.9003574252128601, 3.898287534713745, '01:09']
Better model found at epoch 7 with valid_loss value: 0.47486767172813416.
[8, 0.48719555139541626, 0.47217920422554016, 0.9404051303863525, 0.9884318113327026, 0.06883998960256577, 0.17652851343154907, 1.606818675994873, 0.8763644099235535, 0.8907006978988647, 0.8907008171081543, 4.339843273162842, '01:10']
Better model found at epoch 8 with valid_loss value: 0.47217920422554016.
[9, 0.47985219955444336, 0.4830228388309479, 0.9494572281837463, 0.9910433888435364, 0.054874539375305176, 0.17488835752010345, 1.4157568216323853, 0.9012840390205383, 0.9080094695091248, 0.9080094695091248, 2.8742432594299316, '01:09']
[10, 0.46528729796409607, 0.5263085961341858, 0.9606105089187622, 0.9633570909500122, 0.043100643903017044, 0.18943656980991364, 1.8472638130187988, 0.892031729221344, 0.9259462952613831, 0.9259462952613831, 22.40213966369629, '01:09']
[11, 0.46656107902526855, 0.4652744233608246, 0.9309465289115906, 0.9914062023162842, 0.07393859326839447, 0.17475758492946625, 1.486994743347168, 0.8634522557258606, 0.8756511211395264, 0.8756511211395264, 2.088409423828125, '01:08']
Better model found at epoch 11 with valid_loss value: 0.4652744233608246.
[12, 0.47759687900543213, 0.46041759848594666, 0.9288603067398071, 0.9895442724227905, 0.07914849370718002, 0.17573429644107819, 1.5521607398986816, 0.8603045344352722, 0.8714359402656555, 0.8714359402656555, 3.011894941329956, '01:08']
Better model found at epoch 12 with valid_loss value: 0.46041759848594666.
[13, 0.4689289629459381, 0.46926990151405334, 0.9327602386474609, 0.9849989414215088, 0.07693543285131454, 0.17844688892364502, 1.6610074043273926, 0.8559413552284241, 0.8785538077354431, 0.8785538077354431, 6.542004585266113, '01:09']
[14, 0.46633464097976685, 0.535719096660614, 0.9608749747276306, 0.95638507604599, 0.0428580716252327, 0.1929492950439453, 1.8639472723007202, 0.8863714933395386, 0.926423966884613, 0.926423966884613, 27.923921585083008, '01:08']
[15, 0.46285974979400635, 0.4569489657878876, 0.9239965677261353, 0.9919315576553345, 0.0839526578783989, 0.17446191608905792, 1.4218058586120605, 0.8527581095695496, 0.8657701015472412, 0.8657701015472412, 1.8892569541931152, '01:08']
Better model found at epoch 15 with valid_loss value: 0.4569489657878876.
[16, 0.4664972424507141, 0.4574925899505615, 0.9226284027099609, 0.9857470989227295, 0.08789452165365219, 0.17788703739643097, 1.660276174545288, 0.8354879021644592, 0.8608253002166748, 0.8608253002166748, 5.719440937042236, '01:08']
[17, 0.45925772190093994, 0.46593812108039856, 0.9240216612815857, 0.9835137128829956, 0.08238768577575684, 0.1791027933359146, 1.7133253812789917, 0.8321053981781006, 0.8630059361457825, 0.8630059361457825, 6.775614261627197, '01:08']
[18, 0.4601842761039734, 0.4498122036457062, 0.9122355580329895, 0.9875684380531311, 0.09803413599729538, 0.17705805599689484, 1.6042062044143677, 0.8177245259284973, 0.8441967368125916, 0.8441967368125916, 4.443836688995361, '01:08']
Better model found at epoch 18 with valid_loss value: 0.4498122036457062.
[19, 0.454374223947525, 0.44198712706565857, 0.9066182971000671, 0.9896743297576904, 0.10278182476758957, 0.1758205145597458, 1.5505053997039795, 0.8183648586273193, 0.8348734378814697, 0.8348734378814697, 3.0401346683502197, '01:08']
Better model found at epoch 19 with valid_loss value: 0.44198712706565857.
[20, 0.44985824823379517, 0.44330325722694397, 0.9081971049308777, 0.9904502630233765, 0.10034354776144028, 0.1753895878791809, 1.5036766529083252, 0.8233768343925476, 0.8375757336616516, 0.8375757336616516, 2.2961604595184326, '01:09']
[21, 0.4548483192920685, 0.44341254234313965, 0.9053879976272583, 0.9910061359405518, 0.10269857197999954, 0.17518529295921326, 1.473266363143921, 0.8194878101348877, 0.8355140089988708, 0.8355140089988708, 2.3028101921081543, '01:08']
[22, 0.45360004901885986, 0.4665282070636749, 0.9331414699554443, 0.9896654486656189, 0.07246813923120499, 0.1757311373949051, 1.5398485660552979, 0.8654409646987915, 0.8790580034255981, 0.8790580034255981, 3.129476547241211, '01:08']
[23, 0.46182405948638916, 0.4447605311870575, 0.9079365134239197, 0.9899761080741882, 0.1004086434841156, 0.17571352422237396, 1.5676742792129517, 0.8191244006156921, 0.837614119052887, 0.837614119052887, 3.34675669670105, '01:09']
[24, 0.4477742612361908, 0.4520947337150574, 0.9192082285881042, 0.9922881126403809, 0.09172806888818741, 0.1744811087846756, 1.3568960428237915, 0.8506131768226624, 0.8605152368545532, 0.8605152368545532, 1.354228138923645, '01:08']
[25, 0.43769213557243347, 0.46620824933052063, 0.931216299533844, 0.9867568612098694, 0.07603172212839127, 0.1772950142621994, 1.6195839643478394, 0.85651695728302, 0.8756159543991089, 0.8756159543991089, 4.861082077026367, '01:08']
[26, 0.4443575143814087, 0.4400084912776947, 0.9030523300170898, 0.9907201528549194, 0.10538126528263092, 0.17530664801597595, 1.518342137336731, 0.8089927434921265, 0.8311445713043213, 0.8311445713043213, 2.7794899940490723, '01:08']
Better model found at epoch 26 with valid_loss value: 0.4400084912776947.
[27, 0.44242945313453674, 0.4492700695991516, 0.9131810665130615, 0.9906269907951355, 0.09288644790649414, 0.17535819113254547, 1.4950542449951172, 0.8274769186973572, 0.8469604849815369, 0.8469606041908264, 2.595688581466675, '01:08']
[28, 0.45553842186927795, 0.4388149678707123, 0.901016354560852, 0.9888864755630493, 0.10973908007144928, 0.17643675208091736, 1.586001992225647, 0.8040770292282104, 0.8272428512573242, 0.8272428512573242, 3.924691677093506, '01:08']
Better model found at epoch 28 with valid_loss value: 0.4388149678707123.
[29, 0.4452509880065918, 0.45406079292297363, 0.922264039516449, 0.990036129951477, 0.08329419791698456, 0.17564526200294495, 1.514992117881775, 0.8486428260803223, 0.8611932396888733, 0.8611932992935181, 2.393558979034424, '01:09']
[30, 0.45087018609046936, 0.4374143183231354, 0.9008193612098694, 0.9895294308662415, 0.10746784508228302, 0.1759827584028244, 1.5836061239242554, 0.8055241107940674, 0.8268033266067505, 0.8268033266067505, 3.576319932937622, '01:08']
Better model found at epoch 30 with valid_loss value: 0.4374143183231354.
[31, 0.4518630802631378, 0.45107629895210266, 0.9152956008911133, 0.9868324398994446, 0.09467581659555435, 0.17757649719715118, 1.6605983972549438, 0.8211725950241089, 0.8493320345878601, 0.8493320345878601, 5.433809757232666, '01:08']
[32, 0.4366108179092407, 0.44693177938461304, 0.9091498255729675, 0.9923170208930969, 0.09790019690990448, 0.1743316650390625, 1.3782707452774048, 0.8235111832618713, 0.8424338698387146, 0.8424338698387146, 1.458439588546753, '01:08']
[33, 0.44615909457206726, 0.44679760932922363, 0.9103489518165588, 0.9925015568733215, 0.09460423141717911, 0.17420637607574463, 1.378585696220398, 0.8255044221878052, 0.8434510827064514, 0.8434510827064514, 1.2526261806488037, '01:08']
[34, 0.44219163060188293, 0.44803741574287415, 0.9146491885185242, 0.9894700646400452, 0.09318482130765915, 0.17587986588478088, 1.568793773651123, 0.826689600944519, 0.848089337348938, 0.848089337348938, 3.3919472694396973, '01:08']
[35, 0.44250354170799255, 0.43707022070884705, 0.8980740308761597, 0.9904219508171082, 0.11034898459911346, 0.1754097193479538, 1.5288492441177368, 0.8061119318008423, 0.8238999247550964, 0.8238999247550964, 2.9323537349700928, '01:08']
Better model found at epoch 35 with valid_loss value: 0.43707022070884705.
[36, 0.4421535134315491, 0.42866313457489014, 0.8886902332305908, 0.990168571472168, 0.12147986143827438, 0.1756446808576584, 1.5428624153137207, 0.7925865054130554, 0.8097479343414307, 0.8097479343414307, 3.6699118614196777, '01:10']
Better model found at epoch 36 with valid_loss value: 0.42866313457489014.
[37, 0.4455333948135376, 0.47775062918663025, 0.9289876222610474, 0.9778947234153748, 0.07755097001791, 0.1822735071182251, 1.7767623662948608, 0.8324376940727234, 0.8726487755775452, 0.8726487755775452, 11.733725547790527, '01:07']
[38, 0.4443472623825073, 0.44308242201805115, 0.9053798317909241, 0.9889819622039795, 0.09965913742780685, 0.17619960010051727, 1.579878330230713, 0.8110000491142273, 0.8344874382019043, 0.8344874382019043, 3.7341232299804688, '01:07']
[39, 0.4348296523094177, 0.43926262855529785, 0.897728443145752, 0.9869745969772339, 0.10906574875116348, 0.1773882955312729, 1.6517189741134644, 0.7907113432884216, 0.8223363757133484, 0.8223363757133484, 5.35391902923584, '01:08']
[40, 0.44900405406951904, 0.4398457407951355, 0.9033598899841309, 0.9891947507858276, 0.10426274687051773, 0.1761469841003418, 1.5916577577590942, 0.8062261343002319, 0.8303669691085815, 0.8303669691085815, 3.804992437362671, '01:08']
[41, 0.44890129566192627, 0.45248496532440186, 0.9100238084793091, 0.9844991564750671, 0.09753872454166412, 0.17876644432544708, 1.7008986473083496, 0.7986675500869751, 0.8396737575531006, 0.8396737575531006, 6.60663366317749, '01:08']
[42, 0.4376133382320404, 0.42940056324005127, 0.8922991752624512, 0.991036057472229, 0.11588947474956512, 0.17519864439964294, 1.4820895195007324, 0.7918257713317871, 0.8133829832077026, 0.8133829832077026, 2.3870604038238525, '01:08']
[43, 0.4378877282142639, 0.4420558214187622, 0.9030974507331848, 0.9914700388908386, 0.10219040513038635, 0.17485906183719635, 1.4502506256103516, 0.8110900521278381, 0.8335225582122803, 0.8335225582122803, 2.299389123916626, '01:08']
[44, 0.4497317373752594, 0.44292333722114563, 0.9069911241531372, 0.989986002445221, 0.10264509171247482, 0.17577818036079407, 1.5713030099868774, 0.8161890506744385, 0.8368993997573853, 0.8368995189666748, 3.214169979095459, '01:09']
No improvement since epoch 36: early stopping
FPN_res152 Done!
