Models will save to FPN_dense161_x
Use densenet161 encoder
Start training...
----------
0
----------
DLS create!
[0, 0.5164323449134827, 0.5129786729812622, 0.9725762605667114, 0.9846063852310181, 0.020281165838241577, 0.18065524101257324, 1.5808055400848389, 0.9665287137031555, 0.9555901288986206, 0.9555901288986206, inf, '01:12']
Better model found at epoch 0 with valid_loss value: 0.5129786729812622.
[1, 0.5053389072418213, 0.4973198473453522, 0.9619361758232117, 0.9912758469581604, nan, 0.1750045120716095, 1.306679606437683, 0.9483518004417419, 0.9376401901245117, 0.9376401901245117, nan, '01:15']
Better model found at epoch 1 with valid_loss value: 0.4973198473453522.
[2, 0.5054687857627869, 0.4934447109699249, 0.9539287090301514, 0.9855297207832336, 0.04427323117852211, 0.17918065190315247, 1.579465389251709, 0.928102433681488, 0.9213120341300964, 0.9213120341300964, inf, '01:11']
Better model found at epoch 2 with valid_loss value: 0.4934447109699249.
[3, 0.49722447991371155, 0.4826635420322418, 0.9428856372833252, 0.9847034811973572, 0.0625583752989769, 0.17909981310367584, 1.5907527208328247, 0.9040036201477051, 0.9020856618881226, 0.9020854830741882, inf, '01:10']
Better model found at epoch 3 with valid_loss value: 0.4826635420322418.
[4, 0.4949502646923065, 0.4828275442123413, 0.9374867081642151, 0.9824804067611694, 0.06784641742706299, 0.18025511503219604, 1.658284306526184, 0.8878207802772522, 0.8925560116767883, 0.8925560116767883, inf, '01:10']
[5, 0.48799997568130493, 0.4833761155605316, 0.9462191462516785, 0.991091787815094, 0.0512014664709568, 0.17493842542171478, 1.3564730882644653, 0.9174662828445435, 0.9078574180603027, 0.9078574180603027, inf, '01:11']
[6, 0.49097874760627747, 0.4737984538078308, 0.9397985339164734, 0.9905758500099182, 0.06537468731403351, 0.17566490173339844, 1.3793798685073853, 0.9051506519317627, 0.8960123062133789, 0.8960123062133789, inf, '01:11']
Better model found at epoch 6 with valid_loss value: 0.4737984538078308.
[7, 0.4857451915740967, 0.4607880711555481, 0.9192267656326294, 0.9893195033073425, 0.08222174644470215, 0.17576895654201508, 1.464073896408081, 0.8684020638465881, 0.8618766069412231, 0.8618766069412231, inf, '01:10']
Better model found at epoch 7 with valid_loss value: 0.4607880711555481.
[8, 0.4613417387008667, 0.4796692430973053, 0.9385194778442383, 0.9914010763168335, 0.05498136207461357, 0.1744341105222702, 1.2919344902038574, 0.9002290368080139, 0.8956541419029236, 0.8956541419029236, inf, '01:10']
[9, 0.467379093170166, 0.4533523619174957, 0.9069464206695557, 0.9877995848655701, 0.09306449443101883, 0.1766144037246704, 1.5418524742126465, 0.8430982232093811, 0.8417279720306396, 0.8417279720306396, inf, '01:10']
Better model found at epoch 9 with valid_loss value: 0.4533523619174957.
[10, 0.4656153917312622, 0.45782914757728577, 0.9109827280044556, 0.987330436706543, 0.089253731071949, 0.17683224380016327, 1.5559567213058472, 0.8491629958152771, 0.8478562235832214, 0.8478561043739319, inf, '01:11']
[11, 0.46783605217933655, 0.5199739336967468, 0.9422749280929565, 0.9671380519866943, 0.05250032618641853, 0.18705742061138153, 1.7802202701568604, 0.8871742486953735, 0.9014063477516174, 0.9014063477516174, inf, '01:11']
[12, 0.45665261149406433, 0.45381292700767517, 0.9103865623474121, 0.9915794134140015, 0.08675479888916016, 0.1744437962770462, 1.3025493621826172, 0.8512691259384155, 0.8476209044456482, 0.8476209044456482, inf, '01:10']
[13, 0.4655137360095978, 0.46254101395606995, 0.9173038005828857, 0.985115647315979, 0.08965054899454117, 0.17867079377174377, 1.6033554077148438, 0.8531371355056763, 0.8581156134605408, 0.8581156134605408, inf, '01:10']
[14, 0.45104238390922546, 0.43181782960891724, 0.882567822933197, 0.9897002577781677, 0.11764388531446457, 0.1756102591753006, 1.467477560043335, 0.8038169741630554, 0.8032330274581909, 0.8032330274581909, inf, '01:10']
Better model found at epoch 14 with valid_loss value: 0.43181782960891724.
[15, 0.45934879779815674, 0.4523735046386719, 0.8991474509239197, 0.9854224324226379, 0.10027624666690826, 0.17808866500854492, 1.6049394607543945, 0.8204529881477356, 0.8291628956794739, 0.8291628956794739, inf, '01:11']
[16, 0.4543667137622833, 0.46069619059562683, 0.9130775928497314, 0.9891874194145203, nan, 0.17570607364177704, 1.432747721672058, 0.8601740598678589, 0.8529222011566162, 0.8529222011566162, nan, '01:10']
[17, 0.4551019072532654, 0.4393118619918823, 0.886027455329895, 0.9870752096176147, 0.11488625407218933, 0.17714186012744904, 1.574324131011963, 0.8029665350914001, 0.8089814186096191, 0.8089814186096191, inf, '01:11']
[18, 0.4602568745613098, 0.44668880105018616, 0.8986062407493591, 0.9880478382110596, 0.10405445098876953, 0.17659014463424683, 1.521159291267395, 0.8277868032455444, 0.828994631767273, 0.828994631767273, inf, '01:10']
[19, 0.4530929625034332, 0.43697574734687805, 0.8886778354644775, 0.9907777309417725, 0.11384103447198868, 0.17499148845672607, 1.3955023288726807, 0.8165304064750671, 0.8137887120246887, 0.8137887120246887, inf, '01:11']
[20, 0.4502415359020233, 0.45241227746009827, 0.9101986885070801, 0.9908725619316101, 0.08932756632566452, 0.17500029504299164, 1.3226447105407715, 0.8542540669441223, 0.8490465879440308, 0.8490465879440308, inf, '01:10']
[21, 0.44670429825782776, 0.4298710525035858, 0.8805131316184998, 0.9896818399429321, 0.12135829031467438, 0.1757338047027588, 1.4522653818130493, 0.7993127107620239, 0.8003882169723511, 0.8003882169723511, inf, '01:10']
Better model found at epoch 21 with valid_loss value: 0.4298710525035858.
[22, 0.4518950581550598, 0.4419209659099579, 0.8986181020736694, 0.9925318360328674, nan, 0.17393511533737183, 1.185105800628662, 0.8296131491661072, 0.8318169116973877, 0.8318169116973877, nan, '01:10']
[23, 0.44874879717826843, 0.4239463806152344, 0.8744678497314453, 0.9912025332450867, 0.12620919942855835, 0.17481961846351624, 1.3895467519760132, 0.794609010219574, 0.7926838994026184, 0.7926838994026184, inf, '01:10']
Better model found at epoch 23 with valid_loss value: 0.4239463806152344.
[24, 0.4592269957065582, 0.4290917217731476, 0.8834479451179504, 0.9906840920448303, 0.1230565533041954, 0.17526324093341827, 1.4034068584442139, 0.8100730776786804, 0.8068530559539795, 0.8068530559539795, inf, '01:11']
[25, 0.43904909491539, 0.4452759027481079, 0.8936849236488342, 0.9892231822013855, 0.1036074310541153, 0.17581401765346527, 1.4461188316345215, 0.8226679563522339, 0.8225801587104797, 0.8225801587104797, inf, '01:11']
[26, 0.4450753927230835, 0.4435863792896271, 0.8919100165367126, 0.9872556328773499, 0.106514111161232, 0.17693987488746643, 1.5703257322311401, 0.8112004995346069, 0.8171606659889221, 0.8171606659889221, inf, '01:11']
[27, 0.4510691463947296, 0.45458632707595825, 0.9068842530250549, 0.9921526908874512, nan, 0.17409169673919678, 1.2107207775115967, 0.8487231731414795, 0.8477283120155334, 0.8477283120155334, nan, '01:10']
[28, 0.4353347718715668, 0.42876020073890686, 0.879819393157959, 0.9905959963798523, 0.12092315405607224, 0.1751975268125534, 1.4173451662063599, 0.8036761283874512, 0.8022702932357788, 0.8022702932357788, inf, '01:11']
[29, 0.44671502709388733, 0.43891316652297974, 0.890113353729248, 0.989465594291687, 0.10958745330572128, 0.1757766157388687, 1.4385565519332886, 0.8154148459434509, 0.8162795901298523, 0.8162795901298523, inf, '01:11']
[30, 0.45094048976898193, 0.41914400458335876, 0.8686402440071106, 0.9906302690505981, 0.13291063904762268, 0.17523634433746338, 1.4209939241409302, 0.7851671576499939, 0.7829884886741638, 0.7829884886741638, inf, '01:11']
Better model found at epoch 30 with valid_loss value: 0.41914400458335876.
[31, 0.44753584265708923, 0.4393618106842041, 0.8906468749046326, 0.9884005784988403, nan, 0.17641399800777435, 1.4738366603851318, 0.8166868686676025, 0.8170239329338074, 0.8170239329338074, nan, '01:10']
[32, 0.44870632886886597, 0.43077701330184937, 0.8780987858772278, 0.9883002042770386, 0.12603633105754852, 0.1766371726989746, 1.52750563621521, 0.7927368879318237, 0.7984287142753601, 0.7984287142753601, inf, '01:10']
[33, 0.43581530451774597, 0.4520750343799591, 0.9004208445549011, 0.98660808801651, 0.09785138070583344, 0.17729945480823517, 1.5488172769546509, 0.8285337090492249, 0.8323811292648315, 0.8323811292648315, inf, '01:12']
[34, 0.43928900361061096, 0.4265192747116089, 0.8735477924346924, 0.9886153936386108, 0.12680763006210327, 0.17629635334014893, 1.508323311805725, 0.7825764417648315, 0.7887969017028809, 0.7887969017028809, inf, '01:11']
[35, 0.4494140148162842, 0.44469308853149414, 0.8932597041130066, 0.9853929877281189, 0.11426882445812225, 0.17843052744865417, 1.559931755065918, 0.8074482679367065, 0.8194535374641418, 0.8194535374641418, inf, '01:10']
[36, 0.44844576716423035, 0.4333994686603546, 0.8802546262741089, 0.9872449636459351, 0.12130289524793625, 0.17721903324127197, 1.5392404794692993, 0.7882336974143982, 0.7978975772857666, 0.7978975772857666, inf, '01:11']
[37, 0.4351552724838257, 0.43221911787986755, 0.8815102577209473, 0.9917159080505371, 0.11446284502744675, 0.17445902526378632, 1.27865731716156, 0.803962230682373, 0.8046590685844421, 0.8046590685844421, inf, '01:11']
[38, 0.4357815086841583, 0.4129387140274048, 0.8613159656524658, 0.9912843704223633, 0.13957928121089935, 0.17482952773571014, 1.3767963647842407, 0.7702205777168274, 0.7712779641151428, 0.7712779641151428, inf, '01:10']
Better model found at epoch 38 with valid_loss value: 0.4129387140274048.
[39, 0.448424756526947, 0.42060551047325134, 0.8672255277633667, 0.9887035489082336, 0.13357242941856384, 0.1763099879026413, 1.5311380624771118, 0.7735065817832947, 0.7799213528633118, 0.7799213528633118, inf, '01:10']
[40, 0.4429403841495514, 0.4405060410499573, 0.8907657861709595, 0.9877118468284607, 0.10793152451515198, 0.17686831951141357, 1.5256304740905762, 0.8102691173553467, 0.8175742626190186, 0.8175742626190186, inf, '01:10']
[41, 0.45213475823402405, 0.411199152469635, 0.8616234660148621, 0.9914435148239136, 0.14296017587184906, 0.17478878796100616, 1.3653361797332764, 0.7742350697517395, 0.7724726796150208, 0.7724726796150208, inf, '01:10']
Better model found at epoch 41 with valid_loss value: 0.411199152469635.
[42, 0.44503313302993774, 0.4357353448867798, 0.8848329186439514, 0.9855616092681885, 0.12292821705341339, 0.17846380174160004, 1.5928092002868652, 0.797744870185852, 0.8076860308647156, 0.8076860308647156, inf, '01:12']
[43, 0.4330102801322937, 0.4305412471294403, 0.8820289373397827, 0.9918427467346191, nan, 0.17443272471427917, 1.3048759698867798, 0.8069331645965576, 0.8062968850135803, 0.8062968850135803, nan, '01:10']
[44, 0.43649524450302124, 0.43109065294265747, 0.8801605105400085, 0.9871392846107483, 0.12207908928394318, 0.1773441731929779, 1.5270720720291138, 0.7932150959968567, 0.7992362380027771, 0.7992362380027771, inf, '01:11']
[45, 0.45110103487968445, 0.41795381903648376, 0.8674843311309814, 0.9913622140884399, 0.13818098604679108, 0.1748087853193283, 1.3828299045562744, 0.7830392718315125, 0.7825253009796143, 0.7825253009796143, inf, '01:11']
[46, 0.43296220898628235, 0.4313950538635254, 0.8784638047218323, 0.987458348274231, 0.12497197091579437, 0.17716006934642792, 1.5656492710113525, 0.782440721988678, 0.7958834767341614, 0.7958834767341614, inf, '01:11']
[47, 0.43324705958366394, 0.41926634311676025, 0.8679912090301514, 0.9912543892860413, 0.13141852617263794, 0.17477557063102722, 1.3338128328323364, 0.7809339165687561, 0.7837492227554321, 0.7837492227554321, inf, '01:11']
[48, 0.4311451017856598, 0.43830394744873047, 0.8849490880966187, 0.9879112839698792, nan, 0.17671221494674683, 1.507038950920105, 0.803718626499176, 0.808779239654541, 0.808779239654541, nan, '01:11']
[49, 0.44099903106689453, 0.4369809329509735, 0.8812225461006165, 0.9864665269851685, 0.11775149405002594, 0.17746351659297943, 1.5528333187103271, 0.7939056158065796, 0.8028550744056702, 0.8028550744056702, inf, '01:10']
No improvement since epoch 41: early stopping
----------
1
----------
DLS create!
[0, 0.5152753591537476, 0.5116114616394043, 0.9758768081665039, 0.9913824796676636, nan, 0.17452557384967804, 1.1662009954452515, 0.9737218618392944, 0.9616650938987732, 0.9616650938987732, nan, '01:10']
Better model found at epoch 0 with valid_loss value: 0.5116114616394043.
[1, 0.5003805756568909, 0.7111903429031372, 0.9791370630264282, 0.8506183624267578, 0.011683031916618347, 0.24027520418167114, 1.9309613704681396, 0.9838864207267761, 0.9681015014648438, 0.9681015014648438, inf, '01:11']
[2, 0.4994817078113556, 0.516605794429779, 0.9648069143295288, 0.9803122282028198, 0.029244475066661835, 0.18018566071987152, 1.6241282224655151, 0.951960563659668, 0.9410331845283508, 0.9410331845283508, inf, '01:11']
[3, 0.49470075964927673, 0.48522132635116577, 0.9437556266784668, 0.9858856797218323, 0.06097253039479256, 0.17812806367874146, 1.5149630308151245, 0.9085954427719116, 0.9035030603408813, 0.9035030603408813, inf, '01:11']
Better model found at epoch 3 with valid_loss value: 0.48522132635116577.
[4, 0.49638694524765015, 0.4987492859363556, 0.957422137260437, 0.9879330992698669, 0.038865841925144196, 0.17641803622245789, 1.433876395225525, 0.9373411536216736, 0.9277152419090271, 0.9277152419090271, inf, '01:10']
[5, 0.48416587710380554, 0.48045825958251953, 0.9309983849525452, 0.9896553754806519, 0.06361600756645203, 0.17473982274532318, 1.363290548324585, 0.8874685168266296, 0.8813623189926147, 0.8813623189926147, inf, '01:10']
Better model found at epoch 5 with valid_loss value: 0.48045825958251953.
[6, 0.479568213224411, 0.5049115419387817, 0.9519334435462952, 0.9837005734443665, 0.04183793440461159, 0.1777651160955429, 1.5751219987869263, 0.9232553243637085, 0.9169490337371826, 0.9169490933418274, inf, '01:12']
[7, 0.47970306873321533, 0.47302499413490295, 0.9253038763999939, 0.983941912651062, 0.07583364099264145, 0.17837809026241302, 1.5888705253601074, 0.8719225525856018, 0.8721172213554382, 0.8721172213554382, inf, '01:11']
Better model found at epoch 7 with valid_loss value: 0.47302499413490295.
[8, 0.4782544672489166, 0.4743104875087738, 0.933570384979248, 0.9913265705108643, 0.05947428196668625, 0.17390786111354828, 1.1967387199401855, 0.8867794871330261, 0.8864246010780334, 0.8864246010780334, inf, '01:11']
[9, 0.47259286046028137, 0.4588248133659363, 0.9071111679077148, 0.987314760684967, 0.09329438954591751, 0.17626217007637024, 1.5047677755355835, 0.8442225456237793, 0.8420055508613586, 0.8420055508613586, inf, '01:11']
Better model found at epoch 9 with valid_loss value: 0.4588248133659363.
[10, 0.47530779242515564, 0.4749946892261505, 0.9284687042236328, 0.9864556193351746, 0.07672645151615143, 0.17711696028709412, 1.473223328590393, 0.8800287842750549, 0.877536416053772, 0.877536416053772, inf, '01:10']
[11, 0.46841660141944885, 0.4714213013648987, 0.9176356196403503, 0.9829726815223694, 0.08191746473312378, 0.17855064570903778, 1.614071011543274, 0.8552082777023315, 0.8586409091949463, 0.8586409091949463, inf, '01:11']
[12, 0.46746787428855896, 0.4608708620071411, 0.911799967288971, 0.9874019026756287, 0.09092865139245987, 0.1763196885585785, 1.4932228326797485, 0.8508061766624451, 0.8493209481239319, 0.8493209481239319, inf, '01:10']
[13, 0.4493844211101532, 0.469437837600708, 0.9233957529067993, 0.9898333549499512, 0.07241223007440567, 0.17476652562618256, 1.3558844327926636, 0.8744950294494629, 0.8694072961807251, 0.8694072961807251, inf, '01:11']
[14, 0.4646241068840027, 0.4609135389328003, 0.9134315252304077, 0.9883560538291931, 0.08819063752889633, 0.17571063339710236, 1.4443551301956177, 0.857028603553772, 0.8529645800590515, 0.8529645800590515, inf, '01:11']
[15, 0.4663994312286377, 0.45696133375167847, 0.9048169851303101, 0.9869764447212219, 0.09627637267112732, 0.17640942335128784, 1.5026999711990356, 0.8376587629318237, 0.8374879360198975, 0.8374879360198975, inf, '01:13']
Better model found at epoch 15 with valid_loss value: 0.45696133375167847.
[16, 0.4659274220466614, 0.4475588798522949, 0.8996424674987793, 0.9880583882331848, 0.10425512492656708, 0.17606520652770996, 1.4859466552734375, 0.833966851234436, 0.8312364816665649, 0.8312364816665649, inf, '01:11']
Better model found at epoch 16 with valid_loss value: 0.4475588798522949.
[17, 0.46587133407592773, 0.4424118101596832, 0.8915554881095886, 0.9894569516181946, 0.10942912846803665, 0.1750885248184204, 1.4069061279296875, 0.822651743888855, 0.8180845975875854, 0.8180845975875854, inf, '01:12']
Better model found at epoch 17 with valid_loss value: 0.4424118101596832.
[18, 0.4576413333415985, 0.4567538797855377, 0.906361997127533, 0.9891114830970764, 0.09282343089580536, 0.17521320283412933, 1.4040392637252808, 0.8421556353569031, 0.8420215249061584, 0.8420215249061584, inf, '01:10']
[19, 0.45011696219444275, 0.44841268658638, 0.8987135291099548, 0.9871490001678467, 0.10882725566625595, 0.17679105699062347, 1.5050991773605347, 0.8236716985702515, 0.8275203108787537, 0.8275203108787537, inf, '01:11']
[20, 0.4451979696750641, 0.44806912541389465, 0.8970720171928406, 0.9915615916252136, nan, 0.173854798078537, 1.1983317136764526, 0.8234747648239136, 0.8299300074577332, 0.8299300074577332, nan, '01:11']
[21, 0.45647481083869934, 0.43969452381134033, 0.8893940448760986, 0.9903750419616699, 0.11139989644289017, 0.1745850145816803, 1.3421629667282104, 0.8163192868232727, 0.8146890997886658, 0.8146890997886658, inf, '01:11']
Better model found at epoch 21 with valid_loss value: 0.43969452381134033.
[22, 0.45574840903282166, 0.44396692514419556, 0.8913074135780334, 0.987852156162262, 0.1114615947008133, 0.17601875960826874, 1.4778919219970703, 0.8175093531608582, 0.8170164823532104, 0.8170164823532104, inf, '01:10']
[23, 0.451806902885437, 0.43806004524230957, 0.8823779225349426, 0.9886034727096558, 0.11840201914310455, 0.17564362287521362, 1.4612447023391724, 0.8021762371063232, 0.8024919033050537, 0.8024919033050537, inf, '01:10']
Better model found at epoch 23 with valid_loss value: 0.43806004524230957.
[24, 0.45284050703048706, 0.4482296407222748, 0.9006589651107788, 0.9907525181770325, 0.09953661262989044, 0.1743486374616623, 1.2865923643112183, 0.838109016418457, 0.8344521522521973, 0.8344521522521973, inf, '01:10']
[25, 0.45961993932724, 0.47388914227485657, 0.9204503893852234, 0.9852016568183899, 0.08112329989671707, 0.1781364232301712, 1.5436298847198486, 0.8684098720550537, 0.8649064898490906, 0.8649064898490906, inf, '01:11']
[26, 0.4430796802043915, 0.4450033903121948, 0.8902059197425842, 0.9867367744445801, 0.11135424673557281, 0.17670729756355286, 1.5209987163543701, 0.8117285370826721, 0.8150473237037659, 0.8150472640991211, inf, '01:10']
[27, 0.4468209147453308, 0.4432925581932068, 0.8869912028312683, 0.9883213639259338, 0.11597467958927155, 0.17588886618614197, 1.4647464752197266, 0.8107093572616577, 0.8100301623344421, 0.8100301623344421, inf, '01:10']
[28, 0.44206666946411133, 0.4536203444004059, 0.8970703482627869, 0.9911246299743652, nan, 0.1739966869354248, 1.2421568632125854, 0.8253728151321411, 0.8300917148590088, 0.8300917148590088, nan, '01:11']
[29, 0.44224900007247925, 0.4353099763393402, 0.8806788325309753, 0.9896377921104431, 0.11853667348623276, 0.17501653730869293, 1.4080064296722412, 0.8060447573661804, 0.8017417788505554, 0.8017417788505554, inf, '01:11']
Better model found at epoch 29 with valid_loss value: 0.4353099763393402.
[30, 0.43979668617248535, 0.4525894820690155, 0.8949462175369263, 0.9835987687110901, 0.10701107978820801, 0.17851348221302032, 1.6156986951828003, 0.8055060505867004, 0.8201721906661987, 0.8201721906661987, inf, '01:11']
[31, 0.4425882399082184, 0.44128596782684326, 0.8867360949516296, 0.9876889586448669, 0.11668281257152557, 0.176273912191391, 1.5021276473999023, 0.8052802681922913, 0.8086859583854675, 0.8086859583854675, inf, '01:11']
[32, 0.43647459149360657, 0.43678998947143555, 0.8819828629493713, 0.9904206991195679, nan, 0.17453640699386597, 1.3258036375045776, 0.8060301542282104, 0.8044338226318359, 0.8044338226318359, nan, '01:10']
[33, 0.44091933965682983, 0.44888606667518616, 0.8946316838264465, 0.9878480434417725, 0.10714933276176453, 0.17609070241451263, 1.4809437990188599, 0.8235626816749573, 0.8226484060287476, 0.8226484060287476, inf, '01:10']
[34, 0.43802791833877563, 0.44905659556388855, 0.8953240513801575, 0.9858582615852356, 0.10467834025621414, 0.17716462910175323, 1.5631757974624634, 0.8151894807815552, 0.8217633366584778, 0.8217633366584778, inf, '01:11']
[35, 0.44088616967201233, 0.44251346588134766, 0.8874412775039673, 0.9863598346710205, 0.11462739109992981, 0.17698240280151367, 1.5415880680084229, 0.8017628788948059, 0.8091610074043274, 0.8091610074043274, inf, '01:11']
[36, 0.4451587200164795, 0.4340554475784302, 0.8831083178520203, 0.9891362190246582, 0.11854519695043564, 0.1753692626953125, 1.4307245016098022, 0.8068044185638428, 0.804475724697113, 0.804475724697113, inf, '01:11']
Better model found at epoch 36 with valid_loss value: 0.4340554475784302.
[37, 0.44258973002433777, 0.4402487277984619, 0.884506344795227, 0.9865264296531677, 0.116001658141613, 0.17671386897563934, 1.5421793460845947, 0.799972414970398, 0.8051377534866333, 0.8051377534866333, inf, '01:10']
[38, 0.44449135661125183, 0.43111875653266907, 0.8758668899536133, 0.990984320640564, 0.12317222356796265, 0.17424726486206055, 1.2998151779174805, 0.7961826920509338, 0.7953095436096191, 0.7953095436096191, inf, '01:11']
Better model found at epoch 38 with valid_loss value: 0.43111875653266907.
[39, 0.43999454379081726, 0.4290939271450043, 0.8736306428909302, 0.9890276789665222, 0.126663476228714, 0.17541739344596863, 1.4445585012435913, 0.7922965288162231, 0.7906842231750488, 0.7906842231750488, inf, '01:11']
Better model found at epoch 39 with valid_loss value: 0.4290939271450043.
[40, 0.44033387303352356, 0.43041807413101196, 0.8761288523674011, 0.9897446036338806, 0.12636476755142212, 0.17502550780773163, 1.4001621007919312, 0.7961137890815735, 0.7944132685661316, 0.7944132685661316, inf, '01:11']
[41, 0.4411696493625641, 0.4278651177883148, 0.8713279962539673, 0.9902909994125366, 0.12887462973594666, 0.17473319172859192, 1.3695207834243774, 0.7932142019271851, 0.7890931367874146, 0.7890931367874146, inf, '01:10']
Better model found at epoch 41 with valid_loss value: 0.4278651177883148.
[42, 0.44044265151023865, 0.45645076036453247, 0.9052426218986511, 0.9847984910011292, 0.09439702332019806, 0.17761868238449097, 1.5756973028182983, 0.835759699344635, 0.8378694653511047, 0.8378694653511047, inf, '01:10']
[43, 0.4444061815738678, 0.4405624270439148, 0.884646475315094, 0.988128662109375, 0.11469488590955734, 0.1758798062801361, 1.4756782054901123, 0.8034429550170898, 0.8064136505126953, 0.8064136505126953, inf, '01:11']
[44, 0.43982499837875366, 0.43201518058776855, 0.8780575394630432, 0.9897913932800293, 0.12054585665464401, 0.17499208450317383, 1.3873505592346191, 0.7980974316596985, 0.7974342107772827, 0.7974342107772827, inf, '01:11']
[45, 0.44106927514076233, 0.44678205251693726, 0.8923511505126953, 0.9867544770240784, 0.1079232469201088, 0.17664018273353577, 1.526958703994751, 0.817736029624939, 0.8180621862411499, 0.8180621862411499, inf, '01:11']
[46, 0.4222618043422699, 0.4348691701889038, 0.8771522641181946, 0.9886839985847473, 0.12207766622304916, 0.17562910914421082, 1.4357727766036987, 0.7924680709838867, 0.7948495745658875, 0.7948495745658875, inf, '01:11']
[47, 0.4415326714515686, 0.4330889582633972, 0.8847334384918213, 0.9892574548721313, 0.1210380420088768, 0.17555394768714905, 1.4158931970596313, 0.8076958060264587, 0.8065100312232971, 0.8065100312232971, inf, '01:12']
[48, 0.4461955428123474, 0.43585237860679626, 0.883086621761322, 0.9886175990104675, 0.12158671766519547, 0.17592836916446686, 1.457322359085083, 0.8021624088287354, 0.803711473941803, 0.803711473941803, inf, '01:12']
[49, 0.43815529346466064, 0.4348558783531189, 0.8797845840454102, 0.9872775673866272, 0.12146648019552231, 0.17639078199863434, 1.5191222429275513, 0.7936071157455444, 0.7979229688644409, 0.7979229688644409, inf, '01:12']
No improvement since epoch 41: early stopping
----------
2
----------
DLS create!
[0, 0.5191977024078369, 0.513842761516571, 0.9907780885696411, 0.9928053021430969, 0.0028679983224719763, 0.1745026856660843, 1.0965943336486816, 0.9849105477333069, 0.9818516373634338, 0.9818516373634338, 0.06207148730754852, '01:11']
Better model found at epoch 0 with valid_loss value: 0.513842761516571.
[1, 0.5059426426887512, 0.48780450224876404, 0.9598947763442993, 0.9877537488937378, 0.04793132096529007, 0.17742480337619781, 1.4892873764038086, 0.9231560230255127, 0.924949586391449, 0.924949586391449, 1.5423502922058105, '01:11']
Better model found at epoch 1 with valid_loss value: 0.48780450224876404.
[2, 0.4999193549156189, 0.48380234837532043, 0.9565073847770691, 0.9894523024559021, 0.05279811471700668, 0.1763400435447693, 1.431938886642456, 0.9145979881286621, 0.9182794094085693, 0.9182794094085693, 1.1893550157546997, '01:14']
Better model found at epoch 2 with valid_loss value: 0.48380234837532043.
[3, 0.5015964508056641, 0.48140791058540344, 0.9518086314201355, 0.9863686561584473, 0.06287537515163422, 0.17822004854679108, 1.5407912731170654, 0.9006462097167969, 0.9096975922584534, 0.9096975922584534, 2.169759750366211, '01:12']
Better model found at epoch 3 with valid_loss value: 0.48140791058540344.
[4, 0.4845494031906128, 0.5382263660430908, 0.9638934135437012, 0.9636073708534241, 0.03867359086871147, 0.18874166905879974, 1.8063623905181885, 0.9125885963439941, 0.9316014647483826, 0.9316015839576721, 8.271154403686523, '01:12']
[5, 0.48679712414741516, 0.4655586779117584, 0.9332783818244934, 0.9881193041801453, 0.07432931661605835, 0.17639519274234772, 1.4938195943832397, 0.8740021586418152, 0.8776850700378418, 0.8776850700378418, 1.719720482826233, '01:11']
Better model found at epoch 5 with valid_loss value: 0.4655586779117584.
[6, 0.47779572010040283, 0.5050143003463745, 0.9558362364768982, 0.9693479537963867, 0.05483115836977959, 0.18686458468437195, 1.7509684562683105, 0.8870708346366882, 0.9166314601898193, 0.9166314601898193, 7.038778781890869, '01:13']
[7, 0.4775884747505188, 0.46656808257102966, 0.9221991300582886, 0.9824321269989014, 0.08699222654104233, 0.17964616417884827, 1.613258719444275, 0.8358882665634155, 0.858577311038971, 0.858577311038971, 3.5054659843444824, '01:12']
[8, 0.4703930616378784, 0.466781884431839, 0.9318540692329407, 0.9892186522483826, 0.07320142537355423, 0.17561089992523193, 1.4236515760421753, 0.8708475828170776, 0.8753855228424072, 0.8753855228424072, 1.1985492706298828, '01:11']
[9, 0.46839815378189087, 0.4567915201187134, 0.9197848439216614, 0.9845376014709473, 0.09578205645084381, 0.17866969108581543, 1.5856056213378906, 0.8395694494247437, 0.8547735214233398, 0.8547735214233398, 2.83792781829834, '01:10']
Better model found at epoch 9 with valid_loss value: 0.4567915201187134.
[10, 0.46233439445495605, 0.4629192054271698, 0.9156560301780701, 0.9829976558685303, 0.09123464673757553, 0.179164856672287, 1.6249982118606567, 0.8244257569313049, 0.8473485708236694, 0.847348690032959, 3.279663562774658, '01:11']
[11, 0.471169114112854, 0.45884379744529724, 0.9270075559616089, 0.9922512769699097, 0.0774075835943222, 0.1740059107542038, 1.223628282546997, 0.8562015295028687, 0.8690133094787598, 0.8690133094787598, 0.49145910143852234, '01:13']
[12, 0.46433717012405396, 0.454351007938385, 0.9182788729667664, 0.9849115014076233, 0.0967257171869278, 0.17851638793945312, 1.5967556238174438, 0.835670530796051, 0.852762758731842, 0.852762758731842, 2.9133002758026123, '01:11']
Better model found at epoch 12 with valid_loss value: 0.454351007938385.
[13, 0.4688897132873535, 0.4811633229255676, 0.9374348521232605, 0.9817073941230774, 0.07068662345409393, 0.18014425039291382, 1.6468182802200317, 0.8636623024940491, 0.8844935297966003, 0.8844935297966003, 3.4143245220184326, '01:11']
[14, 0.4590798318386078, 0.43954357504844666, 0.9061666131019592, 0.9916455149650574, 0.10219418257474899, 0.17452463507652283, 1.2955271005630493, 0.8258869647979736, 0.8336664438247681, 0.8336664438247681, 0.7195156216621399, '01:10']
Better model found at epoch 14 with valid_loss value: 0.43954357504844666.
[15, 0.4543393552303314, 0.44786012172698975, 0.9122903943061829, 0.9905951023101807, 0.09601638466119766, 0.17502982914447784, 1.3711909055709839, 0.8343116641044617, 0.8442486524581909, 0.8442485332489014, 1.0203231573104858, '01:11']
[16, 0.4608268439769745, 0.4587479829788208, 0.9237734079360962, 0.9922234416007996, 0.07823474705219269, 0.17399238049983978, 1.2074705362319946, 0.8492990732192993, 0.8662317395210266, 0.8662317395210266, 0.4703257381916046, '01:12']
[17, 0.4571203291416168, 0.452593594789505, 0.9178560972213745, 0.9871468544006348, 0.09642951935529709, 0.17709168791770935, 1.5248069763183594, 0.8435859680175781, 0.8511040806770325, 0.8511040806770325, 2.0202136039733887, '01:11']
[18, 0.45611315965652466, 0.4513406753540039, 0.9132659435272217, 0.9867792725563049, 0.09710802137851715, 0.17727233469486237, 1.518897294998169, 0.8272407054901123, 0.8441610336303711, 0.8441610336303711, 2.206479072570801, '01:11']
[19, 0.4628719389438629, 0.45328935980796814, 0.9095497727394104, 0.9851837754249573, 0.09852868318557739, 0.17808187007904053, 1.5855846405029297, 0.8217328786849976, 0.8384873270988464, 0.8384873270988464, 2.5784401893615723, '01:11']
[20, 0.45299357175827026, 0.4438088834285736, 0.8989236950874329, 0.9850311875343323, 0.11120905727148056, 0.17827428877353668, 1.5882782936096191, 0.8046071529388428, 0.8212411999702454, 0.8212411999702454, 2.582082986831665, '01:11']
[21, 0.46077534556388855, 0.4405936300754547, 0.9081258773803711, 0.9888253211975098, 0.1121278628706932, 0.1765039563179016, 1.4477808475494385, 0.8275682330131531, 0.8358325958251953, 0.8358325958251953, 1.4367464780807495, '01:11']
[22, 0.4584587812423706, 0.42902666330337524, 0.8894232511520386, 0.9888681173324585, 0.12188539654016495, 0.1762227565050125, 1.4623262882232666, 0.7882640957832336, 0.8055942058563232, 0.8055942058563232, 1.7226777076721191, '01:11']
Better model found at epoch 22 with valid_loss value: 0.42902666330337524.
[23, 0.44697707891464233, 0.443999320268631, 0.906997799873352, 0.9894216656684875, 0.10170643776655197, 0.17579177021980286, 1.4143377542495728, 0.8218262791633606, 0.8347959518432617, 0.8347959518432617, 1.3627549409866333, '01:10']
[24, 0.4509485960006714, 0.4703218936920166, 0.9167410135269165, 0.9794168472290039, 0.09224196523427963, 0.1813618540763855, 1.6559635400772095, 0.8176518082618713, 0.8486595749855042, 0.8486595749855042, 4.254817485809326, '01:11']
[25, 0.44711214303970337, 0.4437628388404846, 0.9051498770713806, 0.991889476776123, 0.09818177670240402, 0.17424529790878296, 1.2492862939834595, 0.8137882351875305, 0.8344008326530457, 0.8344008326530457, 0.6267311573028564, '01:12']
[26, 0.4330097734928131, 0.4469700753688812, 0.9035935997962952, 0.9858102202415466, 0.1034548208117485, 0.17780226469039917, 1.5385398864746094, 0.8084125518798828, 0.8285072445869446, 0.8285072445869446, 2.32356595993042, '01:11']
[27, 0.4474668502807617, 0.4349459707736969, 0.9006536602973938, 0.9918978810310364, 0.11123454570770264, 0.17450542747974396, 1.2877062559127808, 0.8172330856323242, 0.8273429274559021, 0.8273429274559021, 0.6981049180030823, '01:10']
[28, 0.4487172067165375, 0.43263158202171326, 0.8885332942008972, 0.9869054555892944, 0.12136862426996231, 0.17725589871406555, 1.5505807399749756, 0.7852683067321777, 0.8043406009674072, 0.8043406009674072, 2.264456272125244, '01:11']
[29, 0.44762274622917175, 0.4369991719722748, 0.896294116973877, 0.9896633625030518, 0.11165037751197815, 0.17563030123710632, 1.3927215337753296, 0.8052722811698914, 0.8189221620559692, 0.8189221620559692, 1.3058973550796509, '01:11']
[30, 0.4478641152381897, 0.45767444372177124, 0.9020881652832031, 0.9804431796073914, 0.10615677386522293, 0.1807253211736679, 1.6663589477539062, 0.7952806353569031, 0.8251769542694092, 0.8251769542694092, 3.9285242557525635, '01:11']
No improvement since epoch 22: early stopping
----------
3
----------
DLS create!
[0, 0.5119144916534424, 0.5092744827270508, 0.983429491519928, 0.991997241973877, 0.016521181911230087, 0.17421644926071167, 1.2239563465118408, 0.9667648673057556, 0.9686129689216614, 0.9686129689216614, 0.48316752910614014, '01:11']
Better model found at epoch 0 with valid_loss value: 0.5092744827270508.
[1, 0.5048989057540894, 0.4982125759124756, 0.9725858569145203, 0.9917800426483154, 0.02295573242008686, 0.1744043380022049, 1.2529879808425903, 0.9470162391662598, 0.9482772946357727, 0.9482772946357727, 0.46848994493484497, '01:10']
Better model found at epoch 1 with valid_loss value: 0.4982125759124756.
[2, 0.5006498694419861, 0.4853774905204773, 0.9534843564033508, 0.9851493835449219, 0.055682677775621414, 0.17850248515605927, 1.59186851978302, 0.9099741578102112, 0.9138975143432617, 0.9138975143432617, 4.212851524353027, '01:11']
Better model found at epoch 2 with valid_loss value: 0.4853774905204773.
[3, 0.49932458996772766, 0.4935484528541565, 0.9661145806312561, 0.9901407361030579, 0.036431536078453064, 0.17556273937225342, 1.3959460258483887, 0.9383561611175537, 0.9375097155570984, 0.9375097155570984, 1.232627511024475, '01:10']
[4, 0.49330323934555054, 0.4853208065032959, 0.9577771425247192, 0.9890784025192261, 0.04308128356933594, 0.17625577747821808, 1.4324893951416016, 0.9234021902084351, 0.9229945540428162, 0.9229945540428162, 1.6574355363845825, '01:11']
Better model found at epoch 4 with valid_loss value: 0.4853208065032959.
[5, 0.49177831411361694, 0.47150808572769165, 0.9437324404716492, 0.9910493493080139, 0.06074410676956177, 0.17482562363147736, 1.3651996850967407, 0.8962170481681824, 0.897002637386322, 0.897002637386322, 0.9960619211196899, '01:11']
Better model found at epoch 5 with valid_loss value: 0.47150808572769165.
[6, 0.48272961378097534, 0.48143962025642395, 0.955429196357727, 0.9922806024551392, 0.043992914259433746, 0.17402002215385437, 1.2355413436889648, 0.9093105792999268, 0.9175598621368408, 0.9175598621368408, 0.5597549080848694, '01:11']
[7, 0.486438125371933, 0.47325435280799866, 0.9448120594024658, 0.9922661185264587, 0.05456164479255676, 0.17394530773162842, 1.236197590827942, 0.8894486427307129, 0.8996355533599854, 0.8996355533599854, 0.4536537528038025, '01:11']
[8, 0.48566728830337524, 0.45154765248298645, 0.9207881093025208, 0.9918944239616394, 0.08506854623556137, 0.1742808073759079, 1.3047984838485718, 0.8563135266304016, 0.8607248067855835, 0.8607248067855835, 0.8067992329597473, '01:10']
Better model found at epoch 8 with valid_loss value: 0.45154765248298645.
[9, 0.4801596701145172, 0.4429672658443451, 0.9055219888687134, 0.9903509616851807, 0.1024460420012474, 0.1751648336648941, 1.431213140487671, 0.8350202441215515, 0.8365967273712158, 0.8365967273712158, 1.548398494720459, '01:10']
Better model found at epoch 9 with valid_loss value: 0.4429672658443451.
[10, 0.47740116715431213, 0.4512600898742676, 0.9189677834510803, 0.9914023876190186, 0.08711268752813339, 0.17458966374397278, 1.3431673049926758, 0.8559495210647583, 0.858391284942627, 0.858391284942627, 0.9484147429466248, '01:11']
[11, 0.47544312477111816, 0.4487358629703522, 0.9105041027069092, 0.9859658479690552, 0.1072821095585823, 0.17824161052703857, 1.5883935689926147, 0.8356863856315613, 0.8449008464813232, 0.8449008464813232, 3.204481363296509, '01:11']
[12, 0.4762367010116577, 0.46994391083717346, 0.9399060606956482, 0.9911494255065918, 0.06584274768829346, 0.17476479709148407, 1.3479455709457397, 0.8890822529792786, 0.8913180232048035, 0.8913180232048035, 0.9629163146018982, '01:10']
[13, 0.465326726436615, 0.44626230001449585, 0.9088656902313232, 0.9896456599235535, 0.09903208166360855, 0.17551086843013763, 1.4688677787780762, 0.8404580354690552, 0.8415101170539856, 0.8415101170539856, 1.8260542154312134, '01:11']
[14, 0.466620534658432, 0.44405460357666016, 0.9075499773025513, 0.9910602569580078, 0.09961102157831192, 0.1748090535402298, 1.3674386739730835, 0.8372238874435425, 0.8399589657783508, 0.8399589657783508, 1.081696629524231, '01:10']
[15, 0.4670054018497467, 0.4436289072036743, 0.9054667949676514, 0.9908602237701416, 0.09955353289842606, 0.17484182119369507, 1.389197587966919, 0.8337103724479675, 0.8363506197929382, 0.8363506197929382, 1.2858308553695679, '01:11']
[16, 0.45763298869132996, 0.437102735042572, 0.8954890370368958, 0.9888007044792175, 0.11538564413785934, 0.17615319788455963, 1.4757399559020996, 0.8175933361053467, 0.8220506906509399, 0.8220506906509399, 2.195739984512329, '01:11']
Better model found at epoch 16 with valid_loss value: 0.437102735042572.
[17, 0.4601219594478607, 0.4888266324996948, 0.9352349042892456, 0.973202109336853, 0.0721324011683464, 0.18428923189640045, 1.7425223588943481, 0.8641597628593445, 0.8837921619415283, 0.8837921619415283, 9.885529518127441, '01:10']
[18, 0.45437708497047424, 0.43652719259262085, 0.8960724472999573, 0.9909203052520752, 0.10980693995952606, 0.17489264905452728, 1.3804407119750977, 0.8216066956520081, 0.8243008852005005, 0.8243008852005005, 1.2045176029205322, '01:10']
Better model found at epoch 18 with valid_loss value: 0.43652719259262085.
[19, 0.45992887020111084, 0.4315798282623291, 0.8908416628837585, 0.9902788996696472, 0.11825602501630783, 0.1753852516412735, 1.4255274534225464, 0.8144960403442383, 0.8162944316864014, 0.8162944316864014, 1.4735674858093262, '01:10']
Better model found at epoch 19 with valid_loss value: 0.4315798282623291.
[20, 0.4595898985862732, 0.4407102167606354, 0.9042345285415649, 0.9909429550170898, 0.10206055641174316, 0.17487795650959015, 1.3666069507598877, 0.8336218595504761, 0.8361495733261108, 0.8361495733261108, 1.1441055536270142, '01:10']
[21, 0.45183277130126953, 0.4400082230567932, 0.9063814282417297, 0.992152750492096, 0.09934895485639572, 0.17418380081653595, 1.2832067012786865, 0.8334336876869202, 0.8387185335159302, 0.8387185335159302, 0.7097675800323486, '01:10']
[22, 0.4561365246772766, 0.4513005316257477, 0.9078178405761719, 0.983681321144104, 0.10605458915233612, 0.1792224496603012, 1.6311352252960205, 0.8281055688858032, 0.8403884768486023, 0.8403884768486023, 4.154836654663086, '01:10']
[23, 0.4684012234210968, 0.44982075691223145, 0.9097380638122559, 0.9866636991500854, 0.10175387561321259, 0.17751359939575195, 1.5642672777175903, 0.8381909728050232, 0.8439537286758423, 0.8439537286758423, 2.908820629119873, '01:10']
[24, 0.4581535756587982, 0.4389040470123291, 0.8993680477142334, 0.9866310954093933, 0.11834543943405151, 0.17779454588890076, 1.5599719285964966, 0.8189026713371277, 0.8289453983306885, 0.8289453983306885, 2.991986036300659, '01:12']
[25, 0.45504888892173767, 0.44083091616630554, 0.900795042514801, 0.9902855157852173, 0.10580682754516602, 0.17532943189144135, 1.3769088983535767, 0.826015055179596, 0.8319838643074036, 0.8319838643074036, 1.2758136987686157, '01:11']
[26, 0.44859760999679565, 0.4395098090171814, 0.9001460075378418, 0.9920227527618408, 0.1035364419221878, 0.17426347732543945, 1.2837101221084595, 0.8246025443077087, 0.8316965699195862, 0.8316965699195862, 0.7955245971679688, '01:11']
[27, 0.4483778774738312, 0.4227379262447357, 0.8796611428260803, 0.9907582402229309, 0.12949715554714203, 0.17515920102596283, 1.4177099466323853, 0.7980989813804626, 0.8007611632347107, 0.8007611036300659, 1.7604364156723022, '01:10']
Better model found at epoch 27 with valid_loss value: 0.4227379262447357.
[28, 0.4452474117279053, 0.4425872266292572, 0.9049696326255798, 0.9925218224525452, 0.09704131633043289, 0.1739157885313034, 1.2003374099731445, 0.8258550763130188, 0.8386861681938171, 0.8386862874031067, 0.48046568036079407, '01:11']
[29, 0.44910144805908203, 0.4337460994720459, 0.8889524936676025, 0.9887490272521973, 0.12062995135784149, 0.17624574899673462, 1.5110727548599243, 0.8096056580543518, 0.8138882517814636, 0.8138882517814636, 2.000971555709839, '01:10']
[30, 0.4490489363670349, 0.4279017746448517, 0.886009156703949, 0.9910969138145447, 0.12434758245944977, 0.17491954565048218, 1.3933212757110596, 0.8075900673866272, 0.8096518516540527, 0.8096518516540527, 1.2053667306900024, '01:10']
[31, 0.4499755799770355, 0.432455837726593, 0.8911359310150146, 0.987843930721283, 0.12602479755878448, 0.17706216871738434, 1.5442330837249756, 0.8067586421966553, 0.8155739307403564, 0.8155739307403564, 2.6585159301757812, '01:10']
[32, 0.45099371671676636, 0.42774510383605957, 0.8872162699699402, 0.9907274842262268, 0.124073326587677, 0.1752282679080963, 1.3979872465133667, 0.8104155659675598, 0.8131325244903564, 0.8131325244903564, 1.34087336063385, '01:10']
[33, 0.4501965641975403, 0.43825235962867737, 0.8996907472610474, 0.9887300133705139, 0.11127013713121414, 0.1763884574174881, 1.5071834325790405, 0.8253492712974548, 0.8286224603652954, 0.8286224603652954, 2.223158836364746, '01:10']
[34, 0.44886162877082825, 0.4301624596118927, 0.8892347812652588, 0.9895573258399963, 0.12239844352006912, 0.17590250074863434, 1.458382487297058, 0.8119131326675415, 0.8158903121948242, 0.8158903121948242, 1.6680006980895996, '01:10']
[35, 0.44946014881134033, 0.43140918016433716, 0.8879581689834595, 0.9887497425079346, 0.12468027323484421, 0.1764567792415619, 1.4715994596481323, 0.8053320646286011, 0.8123968839645386, 0.8123968839645386, 1.9789541959762573, '01:10']
No improvement since epoch 27: early stopping
----------
4
----------
DLS create!
[0, 0.5135887861251831, 0.5033709406852722, 0.9786405563354492, 0.9912173748016357, 0.01917979307472706, 0.17554402351379395, 1.2597440481185913, 0.962323784828186, 0.9589827060699463, 0.9589827060699463, 0.5217679142951965, '01:10']
Better model found at epoch 0 with valid_loss value: 0.5033709406852722.
[1, 0.5056084990501404, 0.5040870904922485, 0.9602128863334656, 0.9785060286521912, 0.047075044363737106, 0.18212920427322388, 1.6268692016601562, 0.9171120524406433, 0.9250084757804871, 0.9250084757804871, 9.40598201751709, '01:10']
[2, 0.4903591573238373, 0.5066453814506531, 0.9649893641471863, 0.9821019172668457, 0.03839302062988281, 0.17909188568592072, 1.6016229391098022, 0.9296872019767761, 0.9341185092926025, 0.9341185092926025, 4.507715225219727, '01:11']
[3, 0.4933631718158722, 0.49768924713134766, 0.9703300595283508, 0.9915868639945984, 0.03175753355026245, 0.1741848737001419, 1.2084118127822876, 0.9418471455574036, 0.9436945915222168, 0.9436945915222168, 0.4383910894393921, '01:10']
Better model found at epoch 3 with valid_loss value: 0.49768924713134766.
[4, 0.4914569556713104, 0.49028682708740234, 0.9582626819610596, 0.9912072420120239, 0.044034797698259354, 0.1741715371608734, 1.2306369543075562, 0.9194339513778687, 0.9226894378662109, 0.9226894378662109, 0.4131723940372467, '01:10']
Better model found at epoch 4 with valid_loss value: 0.49028682708740234.
[5, 0.48226597905158997, 0.5048621296882629, 0.9451791644096375, 0.9720399379730225, 0.060944199562072754, 0.1848241686820984, 1.7394002676010132, 0.8761311769485474, 0.8984487652778625, 0.8984487652778625, 9.643572807312012, '01:11']
[6, 0.47691646218299866, 0.4708896279335022, 0.9442660212516785, 0.9900273680686951, 0.0676863044500351, 0.1755618005990982, 1.3668068647384644, 0.8953006267547607, 0.8979300856590271, 0.8979300856590271, 0.9929398894309998, '01:11']
Better model found at epoch 6 with valid_loss value: 0.4708896279335022.
[7, 0.4712625741958618, 0.473045289516449, 0.9415701031684875, 0.9879469275474548, 0.06701034307479858, 0.1763390749692917, 1.4586899280548096, 0.890849232673645, 0.8936992883682251, 0.8936992883682251, 2.073483467102051, '01:11']
[8, 0.467606782913208, 0.46467554569244385, 0.927238404750824, 0.9888166189193726, 0.07889112085103989, 0.17555402219295502, 1.4282234907150269, 0.8648974895477295, 0.8700977563858032, 0.8700977563858032, 1.694535493850708, '01:10']
Better model found at epoch 8 with valid_loss value: 0.46467554569244385.
[9, 0.4563492238521576, 0.4828314483165741, 0.947813868522644, 0.9905412197113037, 0.05409696698188782, 0.17443740367889404, 1.287602424621582, 0.9009953141212463, 0.9052875638008118, 0.9052875638008118, 0.6803420186042786, '01:10']
[10, 0.4616093635559082, 0.5057735443115234, 0.9510873556137085, 0.9768794178962708, 0.052043549716472626, 0.181636244058609, 1.6616824865341187, 0.8989520072937012, 0.9100249409675598, 0.9100249409675598, 9.527505874633789, '01:11']
[11, 0.46011555194854736, 0.46254196763038635, 0.9225934743881226, 0.9893724322319031, 0.08214614540338516, 0.1752198487520218, 1.3949097394943237, 0.857572078704834, 0.8635944128036499, 0.8635944128036499, 1.397838830947876, '01:10']
Better model found at epoch 11 with valid_loss value: 0.46254196763038635.
[12, 0.46071457862854004, 0.4763185381889343, 0.9371141791343689, 0.98843914270401, 0.06628941744565964, 0.1756839007139206, 1.3803606033325195, 0.8807253241539001, 0.886933445930481, 0.886933445930481, 1.1181401014328003, '01:10']
[13, 0.452913761138916, 0.46822983026504517, 0.9304436445236206, 0.9902015924453735, 0.07439300417900085, 0.17476680874824524, 1.3057076930999756, 0.8732572197914124, 0.8778879642486572, 0.8778879642486572, 0.7946631908416748, '01:11']
[14, 0.46311867237091064, 0.4798611104488373, 0.9448999166488647, 0.9918359518051147, 0.05900888890028, 0.17377397418022156, 1.1695061922073364, 0.8917650580406189, 0.9021231532096863, 0.9021231532096863, 0.3243100643157959, '01:11']
[15, 0.45508894324302673, 0.46398910880088806, 0.9264370799064636, 0.9890063405036926, 0.07901156693696976, 0.17553336918354034, 1.4202579259872437, 0.8616960644721985, 0.8693941235542297, 0.8693941235542297, 1.8899000883102417, '01:11']
[16, 0.44535958766937256, 0.46930214762687683, 0.9215062856674194, 0.9841903448104858, 0.0858205184340477, 0.17811614274978638, 1.577214241027832, 0.8470941781997681, 0.8610289096832275, 0.8610289096832275, 3.7479617595672607, '01:11']
[17, 0.44716694951057434, 0.4680986702442169, 0.9264594316482544, 0.9877708554267883, 0.07793212682008743, 0.17615535855293274, 1.455648422241211, 0.85991370677948, 0.8697789907455444, 0.8697789907455444, 1.6155961751937866, '01:10']
[18, 0.4596455991268158, 0.4632156789302826, 0.9247833490371704, 0.987716794013977, 0.08321147412061691, 0.1763584166765213, 1.4559340476989746, 0.8577153086662292, 0.8666974902153015, 0.8666974902153015, 1.685673713684082, '01:11']
[19, 0.45136094093322754, 0.46151623129844666, 0.9231727123260498, 0.9911925792694092, 0.08211304992437363, 0.17420190572738647, 1.2415204048156738, 0.8586152791976929, 0.865999162197113, 0.865999162197113, 0.5721756815910339, '01:11']
Better model found at epoch 19 with valid_loss value: 0.46151623129844666.
[20, 0.44504988193511963, 0.46207839250564575, 0.9254953861236572, 0.9907015562057495, 0.07927663624286652, 0.17448940873146057, 1.2948745489120483, 0.864014744758606, 0.8694260120391846, 0.8694260120391846, 0.831222653388977, '01:10']
[21, 0.44759246706962585, 0.46812090277671814, 0.9237477779388428, 0.988362729549408, 0.08134044706821442, 0.17579741775989532, 1.4252018928527832, 0.8594787120819092, 0.8674060702323914, 0.8674060702323914, 1.5095655918121338, '01:10']
[22, 0.4487190842628479, 0.4565105736255646, 0.9140730500221252, 0.9883981943130493, 0.09153512120246887, 0.17585314810276031, 1.421311855316162, 0.8390703797340393, 0.8506812453269958, 0.8506811857223511, 1.6245806217193604, '01:10']
Better model found at epoch 22 with valid_loss value: 0.4565105736255646.
[23, 0.44410574436187744, 0.459797203540802, 0.9198250770568848, 0.9888477325439453, 0.08713002502918243, 0.17558613419532776, 1.419053316116333, 0.8522465229034424, 0.8596842885017395, 0.8596842885017395, 1.6147103309631348, '01:10']
[24, 0.44755232334136963, 0.4630295932292938, 0.9190112948417664, 0.9900022149085999, 0.0846179649233818, 0.17483870685100555, 1.349327564239502, 0.8530890941619873, 0.8602466583251953, 0.8602466583251953, 1.2578375339508057, '01:09']
[25, 0.44742661714553833, 0.462909996509552, 0.918485164642334, 0.9861734509468079, 0.08848714083433151, 0.1770741045475006, 1.4975239038467407, 0.8415073752403259, 0.8569482564926147, 0.8569482564926147, 2.160466194152832, '01:09']
[26, 0.43851953744888306, 0.4535231590270996, 0.9127753376960754, 0.990028977394104, 0.09157586097717285, 0.1748839020729065, 1.3603477478027344, 0.8437003493309021, 0.8500490784645081, 0.8500490784645081, 1.0670852661132812, '01:09']
Better model found at epoch 26 with valid_loss value: 0.4535231590270996.
[27, 0.45486214756965637, 0.4522806704044342, 0.9160512685775757, 0.9901512265205383, 0.09335063397884369, 0.17495150864124298, 1.3474377393722534, 0.8489630818367004, 0.8538547158241272, 0.8538547158241272, 1.0984916687011719, '01:09']
Better model found at epoch 27 with valid_loss value: 0.4522806704044342.
[28, 0.4416317343711853, 0.47125500440597534, 0.931381344795227, 0.9904280304908752, 0.07148340344429016, 0.17453645169734955, 1.2798824310302734, 0.8732935190200806, 0.8798750042915344, 0.8798750042915344, 0.7130095362663269, '01:09']
[29, 0.43184778094291687, 0.4590309262275696, 0.9165953397750854, 0.9900645613670349, 0.0890025869011879, 0.1748719960451126, 1.3085399866104126, 0.8468494415283203, 0.8581534624099731, 0.8581534624099731, 0.9101498126983643, '01:09']
[30, 0.4433019161224365, 0.4612852931022644, 0.922916829586029, 0.9896188974380493, 0.08051659911870956, 0.17512525618076324, 1.3519046306610107, 0.8570153117179871, 0.8643732666969299, 0.8643732070922852, 1.0037943124771118, '01:09']
[31, 0.43866828083992004, 0.48282814025878906, 0.9438856840133667, 0.9915931224822998, 0.058698028326034546, 0.17387284338474274, 1.1434026956558228, 0.8877646923065186, 0.9017700552940369, 0.9017700552940369, 0.2923707664012909, '01:09']
[32, 0.44259220361709595, 0.4547457695007324, 0.9142377972602844, 0.990233838558197, 0.09060094505548477, 0.17478565871715546, 1.3047672510147095, 0.8410384058952332, 0.8514859676361084, 0.8514859676361084, 0.908574640750885, '01:09']
[33, 0.43848028779029846, 0.450634241104126, 0.9055793285369873, 0.9882082939147949, 0.10064243525266647, 0.1760190725326538, 1.4398797750473022, 0.8266711831092834, 0.8372600078582764, 0.8372600078582764, 1.6221283674240112, '01:09']
Better model found at epoch 33 with valid_loss value: 0.450634241104126.
[34, 0.44477617740631104, 0.4597703218460083, 0.922022819519043, 0.9908969402313232, 0.0816827341914177, 0.17439530789852142, 1.2841757535934448, 0.8586035370826721, 0.8653510212898254, 0.8653510212898254, 0.8694318532943726, '01:09']
[35, 0.43266165256500244, 0.45939531922340393, 0.9176359176635742, 0.9895230531692505, 0.08596213907003403, 0.17515283823013306, 1.365630865097046, 0.8505942821502686, 0.8570172786712646, 0.8570172786712646, 1.0819783210754395, '01:10']
[36, 0.4348164498806, 0.5168640613555908, 0.9512389302253723, 0.9751953482627869, 0.0514632910490036, 0.18270015716552734, 1.6851063966751099, 0.8930523991584778, 0.9102120399475098, 0.9102120399475098, 5.965664386749268, '01:09']
[37, 0.43975141644477844, 0.46328550577163696, 0.9228929877281189, 0.9885554313659668, 0.08173716068267822, 0.17578358948230743, 1.3981437683105469, 0.8567022085189819, 0.8659521341323853, 0.8659521341323853, 1.1797609329223633, '01:09']
[38, 0.42605355381965637, 0.4676031172275543, 0.9284306168556213, 0.9912247657775879, 0.07450499385595322, 0.17412960529327393, 1.2025961875915527, 0.8648749589920044, 0.8760516047477722, 0.8760516047477722, 0.5408609509468079, '01:09']
[39, 0.436893105506897, 0.455333411693573, 0.9115970134735107, 0.9888612031936646, 0.09254828095436096, 0.17557291686534882, 1.3947113752365112, 0.8410037755966187, 0.8475515842437744, 0.8475515246391296, 1.1862305402755737, '01:09']
[40, 0.4408361315727234, 0.45932936668395996, 0.9174963235855103, 0.9898756742477417, 0.08628928661346436, 0.17499755322933197, 1.3616520166397095, 0.850947916507721, 0.8581843376159668, 0.8581843376159668, 1.0762373208999634, '01:09']
[41, 0.44271016120910645, 0.45736566185951233, 0.9119095802307129, 0.9883604049682617, 0.0948290079832077, 0.17588195204734802, 1.4475332498550415, 0.8383480906486511, 0.8479220271110535, 0.8479220271110535, 1.612067699432373, '01:10']
No improvement since epoch 33: early stopping
FPN_dense161 Done!
