Models will save to Linknet_vgg19_x
Use vgg19_bn encoder
Start training...
----------
0
----------
DLS create!
[0, 0.5925987362861633, 0.5591506361961365, 0.9927762150764465, 0.992728590965271, 0.0, 0.2085011750459671, 1.1997904777526855, 0.9971619844436646, 0.9857227206230164, 0.9857227206230164, 0.013207456097006798, '01:09']
Better model found at epoch 0 with valid_loss value: 0.5591506361961365.
[1, 0.5363814234733582, 0.5287460684776306, 0.9921321272850037, 0.9927734732627869, 0.0, 0.18466487526893616, 1.1527835130691528, 0.9931366443634033, 0.9844502210617065, 0.9844502210617065, 0.0, '01:08']
Better model found at epoch 1 with valid_loss value: 0.5287460684776306.
[2, 0.5177839994430542, 0.5395573377609253, 0.9843763709068298, 0.9810085296630859, 0.02360599860548973, 0.20008176565170288, 1.471794605255127, 0.9680001735687256, 0.9696049690246582, 0.9696049690246582, 5.604980945587158, '01:09']
[3, 0.5047675371170044, 0.5066777467727661, 0.9854065775871277, 0.9920600056648254, 0.021047193557024002, 0.17649291455745697, 1.2327823638916016, 0.9761731028556824, 0.9715183973312378, 0.9715183973312378, 0.36905813217163086, '01:09']
Better model found at epoch 3 with valid_loss value: 0.5066777467727661.
[4, 0.49989748001098633, 0.49264106154441833, 0.964697003364563, 0.9839145541191101, 0.04494994878768921, 0.17882513999938965, 1.5412263870239258, 0.9306410551071167, 0.9330862164497375, 0.9330862164497375, 3.920114278793335, '01:09']
Better model found at epoch 4 with valid_loss value: 0.49264106154441833.
[5, 0.49057668447494507, 0.4885265827178955, 0.9629555940628052, 0.9890546202659607, 0.043918125331401825, 0.17577815055847168, 1.4314666986465454, 0.9305431842803955, 0.930021345615387, 0.930021345615387, 1.621903896331787, '01:09']
Better model found at epoch 5 with valid_loss value: 0.4885265827178955.
[6, 0.4936401844024658, 0.5353773236274719, 0.9733172655105591, 0.9423950910568237, 0.030491720885038376, 0.19587762653827667, 1.7391431331634521, 0.9383412003517151, 0.9491184949874878, 0.9491184949874878, 23.318082809448242, '01:09']
[7, 0.48778942227363586, 0.47801679372787476, 0.9493910670280457, 0.9880375862121582, 0.05843702703714371, 0.17603269219398499, 1.4766030311584473, 0.9045817852020264, 0.9061400294303894, 0.9061400294303894, 2.0814645290374756, '01:09']
Better model found at epoch 7 with valid_loss value: 0.47801679372787476.
[8, 0.487393319606781, 0.47643429040908813, 0.9442746043205261, 0.9856653809547424, 0.06250670552253723, 0.177181676030159, 1.5586851835250854, 0.8948580622673035, 0.8976880311965942, 0.8976880311965942, 3.0506327152252197, '01:09']
Better model found at epoch 8 with valid_loss value: 0.47643429040908813.
[9, 0.4867837727069855, 0.4796679615974426, 0.9503358006477356, 0.9888384342193604, 0.05525758117437363, 0.17565768957138062, 1.468110203742981, 0.9058054089546204, 0.9076589345932007, 0.9076589345932007, 1.8363902568817139, '01:09']
[10, 0.4854383170604706, 0.46793708205223083, 0.9336167573928833, 0.9847723841667175, 0.07418837398290634, 0.1777130514383316, 1.5874370336532593, 0.8739025592803955, 0.87989342212677, 0.87989342212677, 3.4750614166259766, '01:09']
Better model found at epoch 10 with valid_loss value: 0.46793708205223083.
[11, 0.4740201532840729, 0.46424970030784607, 0.9331129789352417, 0.9901207089424133, 0.07381465286016464, 0.17502586543560028, 1.4105807542800903, 0.8753147125244141, 0.8788366913795471, 0.8788366913795471, 1.3488497734069824, '01:09']
Better model found at epoch 11 with valid_loss value: 0.46424970030784607.
[12, 0.4719941020011902, 0.4726133644580841, 0.9346082806587219, 0.9837022423744202, 0.07080277055501938, 0.17825593054294586, 1.6208977699279785, 0.8733779191970825, 0.8814488053321838, 0.8814488053321838, 4.0442047119140625, '01:09']
[13, 0.46869197487831116, 0.45959028601646423, 0.9250389933586121, 0.9883282780647278, 0.08154486119747162, 0.17595301568508148, 1.5042729377746582, 0.8603258728981018, 0.8651272654533386, 0.8651272654533386, 2.1142959594726562, '01:09']
Better model found at epoch 13 with valid_loss value: 0.45959028601646423.
[14, 0.47340214252471924, 0.4708019495010376, 0.9288485050201416, 0.9793051481246948, 0.07784096896648407, 0.18058259785175323, 1.6808279752731323, 0.8547148704528809, 0.8714272379875183, 0.8714272379875183, 6.432131290435791, '01:10']
[15, 0.4644857347011566, 0.4735182523727417, 0.9442837834358215, 0.992403507232666, 0.06290830671787262, 0.1737755537033081, 1.1920487880706787, 0.8824276924133301, 0.897922158241272, 0.897922158241272, 0.44314295053482056, '01:10']
[16, 0.46570369601249695, 0.456218957901001, 0.9207378029823303, 0.9895691275596619, 0.08585546165704727, 0.17530874907970428, 1.4548972845077515, 0.8536818623542786, 0.8583825826644897, 0.8583825826644897, 1.6903411149978638, '01:09']
Better model found at epoch 16 with valid_loss value: 0.456218957901001.
[17, 0.4615456461906433, 0.4590265452861786, 0.9262701869010925, 0.9904918074607849, 0.0809980258345604, 0.1747848391532898, 1.3976768255233765, 0.860404372215271, 0.8674952387809753, 0.8674952387809753, 1.3674081563949585, '01:10']
[18, 0.46607133746147156, 0.4515220522880554, 0.9194069504737854, 0.991031289100647, 0.09052279591560364, 0.17459049820899963, 1.3621982336044312, 0.8475265502929688, 0.8549125790596008, 0.8549125790596008, 1.1306732892990112, '01:09']
Better model found at epoch 18 with valid_loss value: 0.4515220522880554.
[19, 0.4614619314670563, 0.464709997177124, 0.9183014035224915, 0.9789788722991943, 0.08623704314231873, 0.18071308732032776, 1.7027558088302612, 0.8327077031135559, 0.8547114729881287, 0.8547114729881287, 6.05565071105957, '01:09']
[20, 0.46399587392807007, 0.4558921456336975, 0.9231377840042114, 0.9899600744247437, 0.08510764688253403, 0.1750728040933609, 1.425557255744934, 0.8561275005340576, 0.8616382479667664, 0.8616382479667664, 1.55296790599823, '01:09']
[21, 0.4604743719100952, 0.4457176625728607, 0.9121984243392944, 0.9907345771789551, 0.09796605259180069, 0.17468607425689697, 1.3769148588180542, 0.8366997241973877, 0.8431930541992188, 0.8431930541992188, 1.2891167402267456, '01:09']
Better model found at epoch 21 with valid_loss value: 0.4457176625728607.
[22, 0.4632071256637573, 0.4580942392349243, 0.9207525253295898, 0.9875214099884033, 0.0836004838347435, 0.17641004920005798, 1.5338963270187378, 0.8473831415176392, 0.8570004105567932, 0.8570004105567932, 2.3266754150390625, '01:09']
[23, 0.45714449882507324, 0.4538114070892334, 0.921721339225769, 0.9918835163116455, 0.08634132891893387, 0.17411285638809204, 1.2795095443725586, 0.8506839871406555, 0.8602320551872253, 0.8602320551872253, 0.7199040055274963, '01:09']
[24, 0.453098326921463, 0.4367893934249878, 0.9008721113204956, 0.990165114402771, 0.1079229861497879, 0.1751236766576767, 1.4240864515304565, 0.8148393034934998, 0.8248074054718018, 0.8248074054718018, 1.5395562648773193, '01:09']
Better model found at epoch 24 with valid_loss value: 0.4367893934249878.
[25, 0.45554038882255554, 0.44973209500312805, 0.9102175831794739, 0.9858009815216064, 0.09540078043937683, 0.17735713720321655, 1.5920604467391968, 0.825933039188385, 0.8406542539596558, 0.8406542539596558, 3.3640806674957275, '01:10']
[26, 0.45142409205436707, 0.4543440043926239, 0.918833315372467, 0.9904411435127258, 0.08600617945194244, 0.17481611669063568, 1.3941066265106201, 0.8453605771064758, 0.8550321459770203, 0.8550321459770203, 1.362328052520752, '01:10']
[27, 0.4545593559741974, 0.4499656856060028, 0.9090937376022339, 0.986567497253418, 0.09528159350156784, 0.17695879936218262, 1.5681240558624268, 0.8273269534111023, 0.8396962881088257, 0.8396962881088257, 3.0121347904205322, '01:09']
[28, 0.4537389278411865, 0.441344678401947, 0.9029431939125061, 0.9871678352355957, 0.10459209233522415, 0.17656594514846802, 1.536167860031128, 0.8138803243637085, 0.8283418416976929, 0.8283418416976929, 2.6783082485198975, '01:09']
[29, 0.4565908908843994, 0.4847704768180847, 0.9335117340087891, 0.9723509550094604, 0.06973006576299667, 0.18396495282649994, 1.7504979372024536, 0.8518141508102417, 0.8794856071472168, 0.8794856071472168, 9.04250431060791, '01:09']
[30, 0.4423447549343109, 0.4359806180000305, 0.8959507346153259, 0.9888415932655334, 0.11121513694524765, 0.17582663893699646, 1.495318055152893, 0.8063092231750488, 0.8174833655357361, 0.8174833655357361, 2.138718605041504, '01:09']
Better model found at epoch 30 with valid_loss value: 0.4359806180000305.
[31, 0.45218732953071594, 0.43624764680862427, 0.8995533585548401, 0.9914290308952332, 0.10951673984527588, 0.1744212955236435, 1.327541470527649, 0.8148024082183838, 0.8245649933815002, 0.8245649933815002, 0.9676817059516907, '01:10']
[32, 0.4377951920032501, 0.43493005633354187, 0.8981441259384155, 0.9918879270553589, 0.1099724993109703, 0.17417122423648834, 1.2950624227523804, 0.8105942606925964, 0.8221696019172668, 0.8221696019172668, 0.8325827717781067, '01:09']
Better model found at epoch 32 with valid_loss value: 0.43493005633354187.
[33, 0.46071523427963257, 0.4646366834640503, 0.920824408531189, 0.9827420711517334, 0.08292555809020996, 0.1788695603609085, 1.649658203125, 0.8428645133972168, 0.8586563467979431, 0.8586563467979431, 4.427281856536865, '01:09']
[34, 0.4420108497142792, 0.4547730088233948, 0.9191765189170837, 0.989730715751648, 0.08515095710754395, 0.1752200722694397, 1.4460842609405518, 0.8467197418212891, 0.8553836345672607, 0.8553836345672607, 1.7904216051101685, '01:09']
[35, 0.4585031270980835, 0.44153785705566406, 0.9043539762496948, 0.9897878170013428, 0.10285110026597977, 0.1752198338508606, 1.450541377067566, 0.8232913017272949, 0.8315833210945129, 0.8315833210945129, 1.879619836807251, '01:10']
[36, 0.44004392623901367, 0.44548556208610535, 0.910580575466156, 0.9914728403091431, 0.0959688127040863, 0.17438597977161407, 1.3158986568450928, 0.8330879211425781, 0.842795729637146, 0.842795729637146, 0.8572552800178528, '01:10']
[37, 0.4417785406112671, 0.43789252638816833, 0.9006257653236389, 0.9911984801292419, 0.10516877472400665, 0.17453902959823608, 1.340989351272583, 0.8139684200286865, 0.8259212374687195, 0.8259212374687195, 1.0991019010543823, '01:09']
[38, 0.4380730092525482, 0.43582460284233093, 0.8962823152542114, 0.9904841184616089, 0.10965388268232346, 0.17496399581432343, 1.3944545984268188, 0.8112070560455322, 0.8196291327476501, 0.8196291327476501, 1.3622918128967285, '01:09']
[39, 0.44876977801322937, 0.43150508403778076, 0.8914011120796204, 0.9912452101707458, 0.11572063714265823, 0.17453010380268097, 1.3542757034301758, 0.801814079284668, 0.8122880458831787, 0.8122880458831787, 1.1619048118591309, '01:09']
Better model found at epoch 39 with valid_loss value: 0.43150508403778076.
[40, 0.4374849200248718, 0.44342026114463806, 0.9009582996368408, 0.9878430962562561, 0.10251980274915695, 0.17631895840168, 1.5351545810699463, 0.8151282072067261, 0.826812207698822, 0.826812207698822, 2.6440787315368652, '01:09']
[41, 0.44264888763427734, 0.4484306871891022, 0.9125535488128662, 0.9919719696044922, 0.09400002658367157, 0.17408046126365662, 1.2367852926254272, 0.8343467116355896, 0.8476628661155701, 0.8476628661155701, 0.6188721656799316, '01:09']
[42, 0.4402140974998474, 0.45175299048423767, 0.9161286950111389, 0.9924497008323669, 0.09112270921468735, 0.17379209399223328, 1.1752607822418213, 0.8362733125686646, 0.8536913990974426, 0.8536913990974426, 0.41811296343803406, '01:09']
[43, 0.4418000876903534, 0.4287954270839691, 0.889552116394043, 0.9906837940216064, 0.11740472167730331, 0.17481186985969543, 1.3920670747756958, 0.794593870639801, 0.8072797656059265, 0.8072797656059265, 1.4474741220474243, '01:09']
Better model found at epoch 43 with valid_loss value: 0.4287954270839691.
[44, 0.4419640898704529, 0.44248998165130615, 0.8981854915618896, 0.9850970506668091, 0.10593227297067642, 0.1777758002281189, 1.615433931350708, 0.7995717525482178, 0.8212501406669617, 0.8212501406669617, 4.038382530212402, '01:09']
[45, 0.44448328018188477, 0.4347703754901886, 0.8919159770011902, 0.9866383671760559, 0.11441165208816528, 0.17708104848861694, 1.5690211057662964, 0.7914491891860962, 0.811226487159729, 0.811226487159729, 3.0917305946350098, '01:09']
[46, 0.4480636417865753, 0.4299178123474121, 0.8917911052703857, 0.9908608794212341, 0.11602616310119629, 0.1747630387544632, 1.3893669843673706, 0.8002534508705139, 0.8109666109085083, 0.8109666109085083, 1.4144115447998047, '01:10']
[47, 0.4456053674221039, 0.43779313564300537, 0.898097038269043, 0.9901599884033203, 0.10685975104570389, 0.17511261999607086, 1.413615107536316, 0.8114814758300781, 0.822977602481842, 0.822977602481842, 1.6102408170700073, '01:10']
[48, 0.44687604904174805, 0.4368683397769928, 0.8963544368743896, 0.9882240891456604, 0.10880149155855179, 0.17615753412246704, 1.5002672672271729, 0.8045137524604797, 0.8178530335426331, 0.8178530335426331, 2.2706284523010254, '01:09']
[49, 0.43477195501327515, 0.41964295506477356, 0.8767383098602295, 0.9901211261749268, 0.12987791001796722, 0.17521177232265472, 1.4478918313980103, 0.7726990580558777, 0.7871326804161072, 0.7871326804161072, 1.7993279695510864, '01:09']
Better model found at epoch 49 with valid_loss value: 0.41964295506477356.
[50, 0.4396008849143982, 0.4503020644187927, 0.9138054251670837, 0.992563784122467, 0.09084372222423553, 0.17373880743980408, 1.1875473260879517, 0.8295540809631348, 0.8507270812988281, 0.8507271409034729, 0.45795583724975586, '01:09']
[51, 0.43906527757644653, 0.43725645542144775, 0.9001796841621399, 0.991455078125, 0.10608956217765808, 0.17441736161708832, 1.3163790702819824, 0.8134263157844543, 0.8256938457489014, 0.8256939649581909, 0.8942874670028687, '01:09']
[52, 0.42663320899009705, 0.4393552839756012, 0.9016448855400085, 0.9912822246551514, 0.1030740737915039, 0.1744997799396515, 1.328156590461731, 0.8157631754875183, 0.8281729221343994, 0.8281729221343994, 1.0135899782180786, '01:09']
[53, 0.4316505491733551, 0.4326767027378082, 0.8892014622688293, 0.9876882433891296, 0.1158570870757103, 0.17648588120937347, 1.5371769666671753, 0.7916128635406494, 0.807370126247406, 0.807370126247406, 2.5835964679718018, '01:09']
[54, 0.43264472484588623, 0.4373508095741272, 0.898651659488678, 0.9918583035469055, 0.10756008327007294, 0.17417557537555695, 1.2814010381698608, 0.8097814321517944, 0.8236614465713501, 0.8236614465713501, 0.8622901439666748, '01:09']
[55, 0.42729508876800537, 0.4571945071220398, 0.9219524264335632, 0.9920898079872131, 0.08198969811201096, 0.17396533489227295, 1.2219979763031006, 0.8438732624053955, 0.8623450994491577, 0.8623450994491577, 0.5657371282577515, '01:10']
[56, 0.44331666827201843, 0.4330252707004547, 0.8934793472290039, 0.9906341433525085, 0.11172600090503693, 0.1748524010181427, 1.4010182619094849, 0.8019895553588867, 0.8138989806175232, 0.8138989806175232, 1.388977289199829, '01:09']
[57, 0.4360369145870209, 0.4330788850784302, 0.888947069644928, 0.9877158999443054, 0.11567863076925278, 0.1764642745256424, 1.521834135055542, 0.7913547158241272, 0.8065848350524902, 0.8065848350524902, 2.43039870262146, '01:10']
No improvement since epoch 49: early stopping
----------
1
----------
DLS create!
[0, 0.529578685760498, 0.5189246535301208, 0.992073655128479, 0.9930182695388794, 4.655522570828907e-05, 0.1797347366809845, 1.1466366052627563, 0.9918537139892578, 0.9843451380729675, 0.9843451380729675, 0.0014825534308329225, '01:10']
Better model found at epoch 0 with valid_loss value: 0.5189246535301208.
[1, 0.5025250315666199, 0.5546374917030334, 0.9788455367088318, 0.926395058631897, 0.025538533926010132, 0.2054813802242279, 1.8029264211654663, 0.9425118565559387, 0.9591553211212158, 0.9591553211212158, 35.391292572021484, '01:10']
[2, 0.49680498242378235, 0.4951176941394806, 0.9639679193496704, 0.9846511483192444, 0.046084705740213394, 0.178656667470932, 1.577777624130249, 0.9292019605636597, 0.932833731174469, 0.932833731174469, 4.2974138259887695, '01:10']
Better model found at epoch 2 with valid_loss value: 0.4951176941394806.
[3, 0.4954974353313446, 0.49873095750808716, 0.9703240990638733, 0.9904658794403076, 0.034635674208402634, 0.1750737726688385, 1.367845058441162, 0.9441828727722168, 0.9445652961730957, 0.9445652961730957, 1.4516043663024902, '01:10']
[4, 0.49242740869522095, 0.5020980834960938, 0.9781863689422607, 0.9917779564857483, 0.025409718975424767, 0.17434756457805634, 1.2497681379318237, 0.9580768942832947, 0.9584870934486389, 0.9584870934486389, 0.6606781482696533, '01:09']
[5, 0.48723268508911133, 0.514634370803833, 0.9705987572669983, 0.96805340051651, 0.032607950270175934, 0.18456733226776123, 1.6946581602096558, 0.9361346960067749, 0.9444406628608704, 0.9444406628608704, 12.865052223205566, '01:09']
[6, 0.49717721343040466, 0.52406907081604, 0.993497371673584, 0.9930220246315002, 0.0, 0.1802687793970108, 1.2448898553848267, 0.995151937007904, 0.9871929883956909, 0.9871929883956909, 0.0, '01:09']
[7, 0.48846369981765747, 0.48876628279685974, 0.9572896957397461, 0.9836041927337646, 0.05142050236463547, 0.1782601773738861, 1.564825177192688, 0.918398916721344, 0.9221863150596619, 0.9221863150596619, 4.776377201080322, '01:09']
Better model found at epoch 7 with valid_loss value: 0.48876628279685974.
[8, 0.4857127368450165, 0.49636656045913696, 0.9600704312324524, 0.9818403124809265, 0.04536934196949005, 0.17931556701660156, 1.6356979608535767, 0.921709418296814, 0.9268096089363098, 0.9268096089363098, 5.789579391479492, '01:09']
[9, 0.488296777009964, 0.487019807100296, 0.9610406160354614, 0.9902362823486328, 0.04902638494968414, 0.175208181142807, 1.353700876235962, 0.9303616285324097, 0.9289093613624573, 0.9289093613624573, 1.2379233837127686, '01:10']
Better model found at epoch 9 with valid_loss value: 0.487019807100296.
[10, 0.4859639108181, 0.4884594976902008, 0.961613655090332, 0.9903429746627808, 0.045480869710445404, 0.17487257719039917, 1.3620243072509766, 0.9290552735328674, 0.9290443658828735, 0.9290443658828735, 1.4722129106521606, '01:10']
[11, 0.48158740997314453, 0.4905928373336792, 0.9561230540275574, 0.9831222891807556, 0.05024123936891556, 0.1784752607345581, 1.5880366563796997, 0.9159890413284302, 0.9202105402946472, 0.9202105402946472, 5.129439830780029, '01:09']
[12, 0.4773045480251312, 0.5099841952323914, 0.9598544239997864, 0.9716481566429138, 0.043769679963588715, 0.1844172328710556, 1.7464170455932617, 0.9139429926872253, 0.9265055060386658, 0.9265055060386658, 10.637184143066406, '01:09']
[13, 0.48203134536743164, 0.48440080881118774, 0.9533789753913879, 0.9880492091178894, 0.05174305662512779, 0.17602328956127167, 1.487159013748169, 0.9135004281997681, 0.9149253964424133, 0.9149253964424133, 2.4630234241485596, '01:09']
Better model found at epoch 13 with valid_loss value: 0.48440080881118774.
[14, 0.47376954555511475, 0.5343032479286194, 0.9783846735954285, 0.9594042897224426, 0.024268407374620438, 0.18940412998199463, 1.758585810661316, 0.9528302550315857, 0.9587104320526123, 0.9587104320526123, 16.83966064453125, '01:09']
[15, 0.4841419756412506, 0.4806016683578491, 0.9505876302719116, 0.9893802404403687, 0.05612292140722275, 0.17539846897125244, 1.4187723398208618, 0.9093989729881287, 0.9110088348388672, 0.9110088348388672, 1.833930492401123, '01:10']
Better model found at epoch 15 with valid_loss value: 0.4806016683578491.
[16, 0.47343891859054565, 0.5014417767524719, 0.9572975039482117, 0.9733230471611023, 0.04938492178916931, 0.18380022048950195, 1.7198512554168701, 0.9076170325279236, 0.9215679168701172, 0.9215679168701172, 10.308137893676758, '01:09']
[17, 0.47727176547050476, 0.48248088359832764, 0.9486275315284729, 0.9837312698364258, 0.05801532417535782, 0.17801837623119354, 1.5754690170288086, 0.9002662897109985, 0.9071899056434631, 0.9071899056434631, 4.783021450042725, '01:10']
[18, 0.4694300591945648, 0.4781550467014313, 0.9467739462852478, 0.9881325960159302, 0.05982448160648346, 0.17598675191402435, 1.4626896381378174, 0.9011371731758118, 0.9043791890144348, 0.9043791890144348, 2.408426523208618, '01:09']
Better model found at epoch 18 with valid_loss value: 0.4781550467014313.
[19, 0.4791758358478546, 0.4789322316646576, 0.9467886090278625, 0.9864580631256104, 0.061251889914274216, 0.17677150666713715, 1.5179476737976074, 0.9005447030067444, 0.9039627313613892, 0.9039627313613892, 3.1462252140045166, '01:10']
[20, 0.4769371747970581, 0.4775938093662262, 0.945576548576355, 0.9884278774261475, 0.06077970191836357, 0.17601081728935242, 1.4847190380096436, 0.8987098932266235, 0.9016023278236389, 0.9016023278236389, 2.3131017684936523, '01:09']
Better model found at epoch 20 with valid_loss value: 0.4775938093662262.
[21, 0.4685250222682953, 0.48445701599121094, 0.9475056529045105, 0.9861109256744385, 0.05581076815724373, 0.17710013687610626, 1.5666313171386719, 0.898890495300293, 0.9047756195068359, 0.9047756195068359, 3.2758822441101074, '01:11']
[22, 0.46965479850769043, 0.4800570011138916, 0.945859432220459, 0.9858814477920532, 0.059614647179841995, 0.1772260218858719, 1.5431979894638062, 0.8940884470939636, 0.9025042057037354, 0.9025042057037354, 3.5554733276367188, '01:10']
[23, 0.4722398519515991, 0.48753252625465393, 0.950137197971344, 0.9814188480377197, 0.05488493666052818, 0.17912210524082184, 1.6138100624084473, 0.8994657397270203, 0.9094139933586121, 0.9094139933586121, 6.590765953063965, '01:10']
[24, 0.4798683524131775, 0.4829375147819519, 0.9456125497817993, 0.9835848212242126, 0.05903943255543709, 0.17845991253852844, 1.5924988985061646, 0.8891584277153015, 0.9012731313705444, 0.9012731313705444, 4.705104351043701, '01:10']
[25, 0.4644768536090851, 0.4920863211154938, 0.9501100182533264, 0.9787784814834595, 0.05299282819032669, 0.18044711649417877, 1.658588171005249, 0.8959676623344421, 0.9089499115943909, 0.9089499115943909, 7.639106750488281, '01:10']
[26, 0.4686950147151947, 0.48208048939704895, 0.9515684843063354, 0.9904491901397705, 0.05235908553004265, 0.17486988008022308, 1.3840826749801636, 0.9098565578460693, 0.9114720821380615, 0.9114720821380615, 1.1484956741333008, '01:09']
[27, 0.4618476331233978, 0.4745877981185913, 0.9423261880874634, 0.9897994995117188, 0.06259586662054062, 0.17529313266277313, 1.3625346422195435, 0.888248085975647, 0.8959159851074219, 0.8959159851074219, 1.2014399766921997, '01:10']
Better model found at epoch 27 with valid_loss value: 0.4745877981185913.
[28, 0.4569772183895111, 0.4700295329093933, 0.9385781288146973, 0.9917032718658447, 0.06785455346107483, 0.17425945401191711, 1.2622805833816528, 0.8846170902252197, 0.8907562494277954, 0.8907562494277954, 0.6470118165016174, '01:10']
Better model found at epoch 28 with valid_loss value: 0.4700295329093933.
[29, 0.45588549971580505, 0.4783834218978882, 0.9440981149673462, 0.9885026812553406, 0.060093555599451065, 0.17588533461093903, 1.4381482601165771, 0.895783543586731, 0.9006817936897278, 0.9006817936897278, 2.009563684463501, '01:09']
[30, 0.46442052721977234, 0.47836536169052124, 0.9422953128814697, 0.9839948415756226, 0.06298667192459106, 0.1777462363243103, 1.5654137134552002, 0.8871286511421204, 0.8959612846374512, 0.8959612846374512, 4.436888694763184, '01:09']
[31, 0.46040162444114685, 0.4769141376018524, 0.9432758688926697, 0.9879441857337952, 0.061974454671144485, 0.1761055886745453, 1.45731520652771, 0.8939148783683777, 0.8989049792289734, 0.8989049792289734, 2.351328134536743, '01:09']
[32, 0.45418068766593933, 0.472884863615036, 0.9373688697814941, 0.9881071448326111, 0.06681764870882034, 0.17613935470581055, 1.471398115158081, 0.8802306652069092, 0.8882737755775452, 0.8882737755775452, 2.5000991821289062, '01:10']
[33, 0.4533661901950836, 0.47065889835357666, 0.9337928891181946, 0.9868117570877075, 0.07016047835350037, 0.1767176240682602, 1.527169942855835, 0.8724291920661926, 0.8820851445198059, 0.8820851445198059, 2.7430174350738525, '01:09']
[34, 0.45168164372444153, 0.5201295018196106, 0.9574228525161743, 0.964187502861023, 0.043210718780756, 0.1874389797449112, 1.7886583805084229, 0.8969331383705139, 0.9211186766624451, 0.9211186766624451, 16.103336334228516, '01:09']
[35, 0.4407268762588501, 0.4683322310447693, 0.934166431427002, 0.9916176795959473, 0.07072491943836212, 0.17433448135852814, 1.2526110410690308, 0.877370297908783, 0.8848413228988647, 0.8848413228988647, 0.6393790245056152, '01:09']
Better model found at epoch 35 with valid_loss value: 0.4683322310447693.
[36, 0.4599093496799469, 0.45953020453453064, 0.9238402247428894, 0.9907168745994568, 0.0824487954378128, 0.1748703122138977, 1.3841050863265991, 0.862061619758606, 0.8671084046363831, 0.8671084046363831, 1.0989391803741455, '01:10']
Better model found at epoch 36 with valid_loss value: 0.45953020453453064.
[37, 0.4475550651550293, 0.46243005990982056, 0.9253250360488892, 0.988591730594635, 0.07908487319946289, 0.17589156329631805, 1.470698595046997, 0.8598223328590393, 0.8680959939956665, 0.8680959939956665, 2.0478250980377197, '01:09']
[38, 0.4575299024581909, 0.4769153296947479, 0.942184329032898, 0.9882649183273315, 0.061134494841098785, 0.17607615888118744, 1.4882804155349731, 0.8914810419082642, 0.8953838348388672, 0.8953838348388672, 1.9299981594085693, '01:10']
[39, 0.4513508081436157, 0.46882376074790955, 0.9340088963508606, 0.9901097416877747, 0.0706106498837471, 0.175089031457901, 1.3787791728973389, 0.8767613172531128, 0.8833712339401245, 0.8833712339401245, 1.4173264503479004, '01:10']
[40, 0.4522757828235626, 0.457780122756958, 0.9216961860656738, 0.9903281331062317, 0.0840507224202156, 0.17501744627952576, 1.414362907409668, 0.8588072657585144, 0.8634975552558899, 0.8634975552558899, 1.3669437170028687, '01:10']
Better model found at epoch 40 with valid_loss value: 0.457780122756958.
[41, 0.44967347383499146, 0.46442607045173645, 0.9327089190483093, 0.9920477271080017, 0.07739805430173874, 0.17414160072803497, 1.2251321077346802, 0.878059446811676, 0.8825710415840149, 0.8825710415840149, 0.5094661712646484, '01:09']
[42, 0.45287439227104187, 0.4732743799686432, 0.9343333840370178, 0.986506462097168, 0.06907455623149872, 0.17701973021030426, 1.529764175415039, 0.8691114187240601, 0.882839560508728, 0.882839560508728, 2.9528310298919678, '01:09']
[43, 0.4563775360584259, 0.4698648154735565, 0.9327070116996765, 0.9886019825935364, 0.07199259102344513, 0.17586345970630646, 1.454163670539856, 0.8765435814857483, 0.8817188143730164, 0.8817188143730164, 2.036259889602661, '01:11']
[44, 0.43687304854393005, 0.46458736062049866, 0.9294825792312622, 0.9918355941772461, 0.0755881816148758, 0.17423652112483978, 1.2508208751678467, 0.8705214262008667, 0.8781081438064575, 0.8781081438064575, 0.5984444618225098, '01:10']
[45, 0.4434266686439514, 0.48428815603256226, 0.9367523789405823, 0.9796655774116516, 0.06525442004203796, 0.1804528385400772, 1.6779887676239014, 0.8620985150337219, 0.8856370449066162, 0.8856370449066162, 5.72335147857666, '01:10']
[46, 0.45558464527130127, 0.474229633808136, 0.934354841709137, 0.9857054948806763, 0.06896530836820602, 0.17740751802921295, 1.5231353044509888, 0.8650681376457214, 0.8810617327690125, 0.8810617327690125, 2.5666966438293457, '01:10']
[47, 0.4387720227241516, 0.4546656310558319, 0.9173824191093445, 0.9912951588630676, 0.08712238073348999, 0.17453564703464508, 1.3157669305801392, 0.848055899143219, 0.8569035530090332, 0.8569035530090332, 0.8439228534698486, '01:10']
Better model found at epoch 47 with valid_loss value: 0.4546656310558319.
[48, 0.4373677968978882, 0.4907270669937134, 0.9425888061523438, 0.9776157736778259, 0.05890005826950073, 0.18123158812522888, 1.7043474912643433, 0.8759680390357971, 0.8966066241264343, 0.8966066241264343, 7.984398365020752, '01:10']
[49, 0.44542357325553894, 0.4560818076133728, 0.9195325970649719, 0.9905276298522949, 0.08520717173814774, 0.1749410480260849, 1.3622828722000122, 0.8514324426651001, 0.8605343699455261, 0.8605343699455261, 1.0596232414245605, '01:10']
[50, 0.4465421736240387, 0.4724336564540863, 0.936065673828125, 0.9877730011940002, 0.06933416426181793, 0.1763705462217331, 1.4680145978927612, 0.8761768937110901, 0.8848273754119873, 0.8848273754119873, 1.655484914779663, '01:10']
[51, 0.438477486371994, 0.4517185389995575, 0.9158412218093872, 0.991582453250885, 0.0903816819190979, 0.17438951134681702, 1.3127442598342896, 0.8477205038070679, 0.8538177013397217, 0.8538177013397217, 0.8717436790466309, '01:09']
Better model found at epoch 51 with valid_loss value: 0.4517185389995575.
[52, 0.45042622089385986, 0.457930326461792, 0.9214389324188232, 0.9899432063102722, 0.08333516865968704, 0.17519758641719818, 1.4112682342529297, 0.856748640537262, 0.8635402321815491, 0.8635402321815491, 1.3352664709091187, '01:10']
[53, 0.4322006404399872, 0.45587968826293945, 0.9176490306854248, 0.9904312491416931, 0.08591612428426743, 0.175002783536911, 1.4084787368774414, 0.8515894412994385, 0.8578663468360901, 0.8578663468360901, 1.3568758964538574, '01:10']
[54, 0.4426833987236023, 0.4534324109554291, 0.9141806364059448, 0.9891352653503418, 0.08952754735946655, 0.17569272220134735, 1.4814749956130981, 0.840420126914978, 0.8504870533943176, 0.8504870533943176, 1.9487223625183105, '01:09']
[55, 0.4395899772644043, 0.4457820951938629, 0.9079945683479309, 0.9902483224868774, 0.09791556000709534, 0.17515568435192108, 1.4287025928497314, 0.831721305847168, 0.8409475088119507, 0.8409475088119507, 1.4536627531051636, '01:11']
Better model found at epoch 55 with valid_loss value: 0.4457820951938629.
[56, 0.442553848028183, 0.45319390296936035, 0.9150567650794983, 0.9885501265525818, 0.08960088342428207, 0.17598560452461243, 1.4905096292495728, 0.8414620757102966, 0.8513630032539368, 0.8513630032539368, 2.1340179443359375, '01:10']
[57, 0.4403587877750397, 0.4531256854534149, 0.9166956543922424, 0.9899935126304626, 0.08865664899349213, 0.17525941133499146, 1.4031310081481934, 0.8449183702468872, 0.8536713123321533, 0.8536713123321533, 1.3557353019714355, '01:10']
[58, 0.44149869680404663, 0.45406803488731384, 0.9150537252426147, 0.9883503317832947, 0.08985000848770142, 0.17612288892269135, 1.4705569744110107, 0.8360868096351624, 0.8498680591583252, 0.8498680591583252, 2.0258936882019043, '01:09']
[59, 0.42551907896995544, 0.45869332551956177, 0.9236259460449219, 0.9913425445556641, 0.08135425299406052, 0.17448167502880096, 1.3278542757034302, 0.8616465926170349, 0.8666006326675415, 0.8666006326675415, 0.8643875122070312, '01:09']
[60, 0.44035804271698, 0.45655637979507446, 0.918587327003479, 0.9889918565750122, 0.08514008671045303, 0.17574040591716766, 1.4483493566513062, 0.8436101675033569, 0.8559089303016663, 0.8559089303016663, 1.8137714862823486, '01:09']
[61, 0.441097229719162, 0.46005314588546753, 0.9191590547561646, 0.9863179326057434, 0.08422382175922394, 0.1771939992904663, 1.5642139911651611, 0.8393028378486633, 0.8562086820602417, 0.8562086820602417, 2.9480671882629395, '01:10']
[62, 0.4320279061794281, 0.45005664229393005, 0.9103254079818726, 0.9900653958320618, 0.09344378113746643, 0.17519308626651764, 1.4178779125213623, 0.8341060876846313, 0.8435397744178772, 0.8435397744178772, 1.335756540298462, '01:09']
[63, 0.43589648604393005, 0.4740099310874939, 0.9301021695137024, 0.9826274514198303, 0.0727454423904419, 0.1789979785680771, 1.6315250396728516, 0.854518473148346, 0.8747830986976624, 0.8747830986976624, 4.718571662902832, '01:09']
No improvement since epoch 55: early stopping
----------
2
----------
DLS create!
[0, 0.5531139969825745, 0.5339350700378418, 0.9915689826011658, 0.9926588535308838, 0.0, 0.19306953251361847, 1.1504459381103516, 0.9930452704429626, 0.9833502173423767, 0.9833502173423767, 0.010085849091410637, '01:09']
Better model found at epoch 0 with valid_loss value: 0.5339350700378418.
[1, 0.519323468208313, 0.5092560648918152, 0.980547308921814, 0.9884443879127502, 0.03949156403541565, 0.1834869682788849, 1.3912512063980103, 0.9644195437431335, 0.9623757004737854, 0.9623757004737854, 1.817126989364624, '01:10']
Better model found at epoch 1 with valid_loss value: 0.5092560648918152.
[2, 0.5011530518531799, 0.4936057925224304, 0.9634082317352295, 0.982235312461853, 0.054428037256002426, 0.1816483587026596, 1.582209825515747, 0.9266804456710815, 0.9311001300811768, 0.9311001300811768, 4.875278472900391, '01:10']
Better model found at epoch 2 with valid_loss value: 0.4936057925224304.
[3, 0.4955901801586151, 0.5022839903831482, 0.9589266180992126, 0.9693059921264648, 0.049644649028778076, 0.18609867990016937, 1.71551513671875, 0.9141514897346497, 0.9237885475158691, 0.9237885475158691, 11.537272453308105, '01:10']
[4, 0.4904896914958954, 0.49100199341773987, 0.9570604562759399, 0.9813047051429749, 0.05079701170325279, 0.18012548983097076, 1.6272517442703247, 0.9167034029960632, 0.919895589351654, 0.919895589351654, 4.69376277923584, '01:10']
Better model found at epoch 4 with valid_loss value: 0.49100199341773987.
[5, 0.48982515931129456, 0.4808949828147888, 0.9441291689872742, 0.9808533787727356, 0.06180630251765251, 0.17972654104232788, 1.6415832042694092, 0.8929997682571411, 0.8980252146720886, 0.8980252146720886, 4.7377495765686035, '01:09']
Better model found at epoch 5 with valid_loss value: 0.4808949828147888.
[6, 0.4916108548641205, 0.47625401616096497, 0.9483296871185303, 0.9894855618476868, 0.05869295075535774, 0.17530809342861176, 1.389723300933838, 0.9060300588607788, 0.9051336646080017, 0.9051336646080017, 1.4966214895248413, '01:10']
Better model found at epoch 6 with valid_loss value: 0.47625401616096497.
[7, 0.48738446831703186, 0.4766539931297302, 0.9485297799110413, 0.9895473122596741, 0.05878778547048569, 0.1752605438232422, 1.3838034868240356, 0.9064721465110779, 0.9054880738258362, 0.9054880738258362, 1.4461590051651, '01:10']
[8, 0.49043840169906616, 0.4849470853805542, 0.9544537663459778, 0.9859064817428589, 0.05069584771990776, 0.17714084684848785, 1.5323354005813599, 0.9142777919769287, 0.9148885011672974, 0.9148885011672974, 3.1281402111053467, '01:10']
[9, 0.48708128929138184, 0.4768046736717224, 0.9472265839576721, 0.9880802035331726, 0.060292769223451614, 0.17593058943748474, 1.4503200054168701, 0.9036270380020142, 0.9033299088478088, 0.9033299088478088, 2.1120057106018066, '01:10']
[10, 0.48213690519332886, 0.475466251373291, 0.9417756795883179, 0.9833858013153076, 0.0652800127863884, 0.17820782959461212, 1.5725693702697754, 0.8916913866996765, 0.8942281007766724, 0.8942281007766724, 3.8511574268341064, '01:10']
Better model found at epoch 10 with valid_loss value: 0.475466251373291.
[11, 0.4862622618675232, 0.48216667771339417, 0.9562343955039978, 0.9905388951301575, 0.050642888993024826, 0.17475691437721252, 1.3184332847595215, 0.9188269376754761, 0.9189523458480835, 0.9189523458480835, 1.0285249948501587, '01:10']
[12, 0.48857349157333374, 0.4765110909938812, 0.9478346705436707, 0.9885323643684387, 0.060236234217882156, 0.17569029331207275, 1.424039363861084, 0.9067994356155396, 0.9048340916633606, 0.9048340916633606, 1.974703073501587, '01:10']
[13, 0.489391028881073, 0.4768923819065094, 0.9489265084266663, 0.9902263879776001, 0.058240871876478195, 0.17506450414657593, 1.3552231788635254, 0.9071485996246338, 0.9067800641059875, 0.9067800641059875, 1.1296297311782837, '01:10']
[14, 0.4857853055000305, 0.476552277803421, 0.938667356967926, 0.9798028469085693, 0.06818520277738571, 0.18045838177204132, 1.656229853630066, 0.8786942958831787, 0.888719916343689, 0.888719916343689, 5.309537410736084, '01:10']
[15, 0.4818684160709381, 0.4814068078994751, 0.936190128326416, 0.9732652902603149, 0.06833868473768234, 0.1831766963005066, 1.7159671783447266, 0.8669965267181396, 0.8847115635871887, 0.8847115635871887, 7.940746307373047, '01:10']
[16, 0.4796644449234009, 0.4797300398349762, 0.9413604140281677, 0.9829193353652954, 0.06339793652296066, 0.17881232500076294, 1.6037603616714478, 0.8888620138168335, 0.8935747742652893, 0.8935747742652893, 3.702512502670288, '01:10']
[17, 0.4805809557437897, 0.48517289757728577, 0.9594002366065979, 0.9914632439613342, 0.04623313620686531, 0.174233078956604, 1.2349750995635986, 0.9202408790588379, 0.9245813488960266, 0.9245814681053162, 0.5959034562110901, '01:10']
[18, 0.4816268980503082, 0.4685670733451843, 0.9392974376678467, 0.9899293780326843, 0.06917805224657059, 0.17513351142406464, 1.3695756196975708, 0.8913509845733643, 0.8907433748245239, 0.8907433748245239, 1.356465458869934, '01:10']
Better model found at epoch 18 with valid_loss value: 0.4685670733451843.
[19, 0.48265838623046875, 0.46811380982398987, 0.9376205801963806, 0.9900630116462708, 0.07027649134397507, 0.1750754565000534, 1.372520089149475, 0.8878883123397827, 0.887858510017395, 0.887858510017395, 1.1939492225646973, '01:09']
Better model found at epoch 19 with valid_loss value: 0.46811380982398987.
[20, 0.4840411841869354, 0.46188992261886597, 0.9295558929443359, 0.9895241260528564, 0.07820364087820053, 0.17542687058448792, 1.3998830318450928, 0.8743383288383484, 0.8750864863395691, 0.8750864863395691, 1.5653133392333984, '01:10']
Better model found at epoch 20 with valid_loss value: 0.46188992261886597.
[21, 0.4796588718891144, 0.4799215495586395, 0.9528056383132935, 0.9915395975112915, 0.053214576095342636, 0.17424575984477997, 1.2477678060531616, 0.9080628156661987, 0.9130760431289673, 0.9130759239196777, 0.5906539559364319, '01:10']
[22, 0.4743284285068512, 0.47849875688552856, 0.9364794492721558, 0.9785348773002625, 0.0680885910987854, 0.18077124655246735, 1.6652300357818604, 0.8720107674598694, 0.8851231932640076, 0.8851231932640076, 5.863606929779053, '01:09']
[23, 0.4731706976890564, 0.4629295766353607, 0.9248561263084412, 0.9851548075675964, 0.08094049990177155, 0.17768248915672302, 1.5624641180038452, 0.8596987724304199, 0.8665213584899902, 0.8665213584899902, 2.9935810565948486, '01:10']
[24, 0.47232282161712646, 0.46366649866104126, 0.9294004440307617, 0.9866251349449158, 0.0780954658985138, 0.1768682599067688, 1.504045009613037, 0.8711007833480835, 0.8741496205329895, 0.8741496205329895, 2.5751171112060547, '01:09']
[25, 0.4702698886394501, 0.4628479778766632, 0.9286794066429138, 0.9895799160003662, 0.07691437005996704, 0.17535732686519623, 1.386017084121704, 0.8693224191665649, 0.8726375102996826, 0.8726375102996826, 1.4027196168899536, '01:09']
[26, 0.46456411480903625, 0.4577832520008087, 0.9239762425422668, 0.9897104501724243, 0.08287465572357178, 0.17527811229228973, 1.3998587131500244, 0.8622710704803467, 0.8651925921440125, 0.8651925921440125, 1.3650569915771484, '01:09']
Better model found at epoch 26 with valid_loss value: 0.4577832520008087.
[27, 0.47574785351753235, 0.4572404623031616, 0.9253917336463928, 0.9881910085678101, 0.08559003472328186, 0.1759750247001648, 1.4454339742660522, 0.8657416105270386, 0.8674339056015015, 0.8674339056015015, 2.1344077587127686, '01:09']
Better model found at epoch 27 with valid_loss value: 0.4572404623031616.
[28, 0.46773505210876465, 0.4595833718776703, 0.9271407127380371, 0.9898433089256287, 0.08011437952518463, 0.17518046498298645, 1.3783283233642578, 0.8669565320014954, 0.8707945346832275, 0.8707945346832275, 1.3972753286361694, '01:09']
[29, 0.47545763850212097, 0.4611647427082062, 0.9227279424667358, 0.983012318611145, 0.08442900329828262, 0.17880000174045563, 1.6167855262756348, 0.8492334485054016, 0.8625273704528809, 0.8625273704528809, 3.942560911178589, '01:10']
[30, 0.46814507246017456, 0.4535944163799286, 0.920786440372467, 0.9914163947105408, 0.09086430072784424, 0.17442670464515686, 1.2852451801300049, 0.8558279275894165, 0.8608137369155884, 0.8608137369155884, 0.7978991270065308, '01:09']
Better model found at epoch 30 with valid_loss value: 0.4535944163799286.
[31, 0.4766055941581726, 0.471800297498703, 0.9425807595252991, 0.9916368722915649, 0.0611763522028923, 0.17425373196601868, 1.2487601041793823, 0.891708493232727, 0.8967317342758179, 0.8967317342758179, 0.5421260595321655, '01:09']
[32, 0.4766790270805359, 0.4637831151485443, 0.9250788688659668, 0.9856019616127014, 0.07914122194051743, 0.17729595303535461, 1.5568816661834717, 0.859728217124939, 0.8666889667510986, 0.8666889667510986, 2.830271005630493, '01:09']
[33, 0.4726021885871887, 0.4465198218822479, 0.9093348383903503, 0.9894812703132629, 0.09787117689847946, 0.17550434172153473, 1.4278502464294434, 0.8368910551071167, 0.8422653675079346, 0.8422653675079346, 1.5188112258911133, '01:10']
Better model found at epoch 33 with valid_loss value: 0.4465198218822479.
[34, 0.46192923188209534, 0.4486621916294098, 0.909636914730072, 0.9887840747833252, 0.09590041637420654, 0.17588162422180176, 1.4674406051635742, 0.8368713855743408, 0.8428562879562378, 0.8428562879562378, 1.8109945058822632, '01:10']
[35, 0.4691023826599121, 0.4514181315898895, 0.9174562692642212, 0.989021897315979, 0.09150265902280807, 0.17559128999710083, 1.4367319345474243, 0.8489562273025513, 0.8543367385864258, 0.8543367385864258, 1.897229790687561, '01:09']
[36, 0.4704025685787201, 0.45894142985343933, 0.9254010915756226, 0.989420473575592, 0.08134642243385315, 0.17537206411361694, 1.4155353307724, 0.8610374927520752, 0.8661682605743408, 0.8661682605743408, 1.5106233358383179, '01:10']
[37, 0.46031132340431213, 0.46324649453163147, 0.9180330634117126, 0.9810507893562317, 0.0855809897184372, 0.1797242909669876, 1.642034649848938, 0.8395414352416992, 0.8552948832511902, 0.8552948832511902, 4.576540470123291, '01:09']
[38, 0.4569724202156067, 0.44830331206321716, 0.9062559604644775, 0.9864023327827454, 0.09860124439001083, 0.17713001370429993, 1.5340044498443604, 0.8267331123352051, 0.8368521928787231, 0.8368521928787231, 2.350832939147949, '01:10']
[39, 0.4489196240901947, 0.4611513018608093, 0.9134124517440796, 0.9818918704986572, 0.08994940668344498, 0.1794772893190384, 1.6341662406921387, 0.8308209180831909, 0.8482532501220703, 0.8482532501220703, 3.763639211654663, '01:10']
[40, 0.4537208080291748, 0.44185882806777954, 0.902279257774353, 0.9909349679946899, 0.10412764549255371, 0.17474523186683655, 1.3501884937286377, 0.8253040909767151, 0.8315656781196594, 0.8315656781196594, 1.0250858068466187, '01:10']
Better model found at epoch 40 with valid_loss value: 0.44185882806777954.
[41, 0.4515710175037384, 0.4489893615245819, 0.9142265319824219, 0.9922362565994263, 0.09502929449081421, 0.17395734786987305, 1.2091542482376099, 0.8379390835762024, 0.850834846496582, 0.850834846496582, 0.5717467069625854, '01:10']
[42, 0.4553402364253998, 0.4571404457092285, 0.9152349233627319, 0.9874744415283203, 0.08879014104604721, 0.17656458914279938, 1.484532356262207, 0.8437137007713318, 0.8518397212028503, 0.8518397212028503, 2.5121772289276123, '01:09']
[43, 0.443202942609787, 0.4457794725894928, 0.9036346673965454, 0.9867722392082214, 0.1011844202876091, 0.17687088251113892, 1.5158857107162476, 0.8222759962081909, 0.8328639268875122, 0.8328639268875122, 2.481112003326416, '01:09']
[44, 0.45511382818222046, 0.46124643087387085, 0.918487548828125, 0.9847667813301086, 0.08521807193756104, 0.1778864860534668, 1.5929404497146606, 0.8481965661048889, 0.8568292260169983, 0.8568292260169983, 2.9290895462036133, '01:09']
[45, 0.44903483986854553, 0.4719269871711731, 0.939055860042572, 0.992646336555481, 0.06684716045856476, 0.17360353469848633, 1.1039296388626099, 0.8747801184654236, 0.8925178050994873, 0.8925178050994873, 0.23391583561897278, '01:09']
[46, 0.4479449987411499, 0.46769604086875916, 0.9219261407852173, 0.9823480844497681, 0.08042186498641968, 0.17906279861927032, 1.6331548690795898, 0.8504675626754761, 0.8622480630874634, 0.8622480630874634, 5.251485824584961, '01:09']
[47, 0.45755359530448914, 0.4878818094730377, 0.9311122894287109, 0.974186897277832, 0.07030686736106873, 0.1832175999879837, 1.7398960590362549, 0.8525052666664124, 0.8763097524642944, 0.8763097524642944, 8.398695945739746, '01:09']
[48, 0.4578692615032196, 0.4367069602012634, 0.895842432975769, 0.9900067448616028, 0.11107705533504486, 0.17526549100875854, 1.4054170846939087, 0.815739631652832, 0.8216333985328674, 0.8216333985328674, 1.3966904878616333, '01:10']
Better model found at epoch 48 with valid_loss value: 0.4367069602012634.
[49, 0.4470747709274292, 0.43286389112472534, 0.8920883536338806, 0.9902021288871765, 0.11523443460464478, 0.17511413991451263, 1.404558539390564, 0.8111491799354553, 0.8157104849815369, 0.8157104849815369, 1.3623976707458496, '01:09']
Better model found at epoch 49 with valid_loss value: 0.43286389112472534.
[50, 0.45212769508361816, 0.43953055143356323, 0.9017018675804138, 0.9907750487327576, 0.10767298936843872, 0.17474287748336792, 1.3478657007217407, 0.8241896033287048, 0.8300209641456604, 0.8300209641456604, 1.1131086349487305, '01:09']
[51, 0.4459288418292999, 0.4404270648956299, 0.9011021256446838, 0.987749457359314, 0.10559684783220291, 0.17631737887859344, 1.4980305433273315, 0.8200626969337463, 0.8283369541168213, 0.8283369541168213, 2.4382386207580566, '01:09']
[52, 0.45348939299583435, 0.4422520697116852, 0.9019348621368408, 0.9909048676490784, 0.10331065952777863, 0.174736887216568, 1.3186068534851074, 0.827677845954895, 0.8327952027320862, 0.8327952027320862, 0.9596003293991089, '01:09']
[53, 0.4468013048171997, 0.4380563795566559, 0.8930251598358154, 0.9890251159667969, 0.11054843664169312, 0.17583279311656952, 1.468727946281433, 0.8110593557357788, 0.8172999620437622, 0.8172999620437622, 1.7984946966171265, '01:09']
[54, 0.4421711564064026, 0.43850216269493103, 0.8990463018417358, 0.9904078841209412, 0.10778819769620895, 0.17502006888389587, 1.3982205390930176, 0.8194239139556885, 0.8259926438331604, 0.8259926438331604, 1.4808462858200073, '01:09']
[55, 0.43949466943740845, 0.4428309202194214, 0.8977430462837219, 0.986118733882904, 0.10565944015979767, 0.17727667093276978, 1.5703033208847046, 0.8110102415084839, 0.8232338428497314, 0.8232338428497314, 3.1124022006988525, '01:09']
[56, 0.4505864083766937, 0.43187761306762695, 0.8867781162261963, 0.9888750910758972, 0.11814668774604797, 0.17587946355342865, 1.4628807306289673, 0.7995448112487793, 0.8069345951080322, 0.8069345951080322, 1.7692581415176392, '01:09']
Better model found at epoch 56 with valid_loss value: 0.43187761306762695.
[57, 0.4435359835624695, 0.444232702255249, 0.9001097083091736, 0.9867997169494629, 0.10358825325965881, 0.17683987319469452, 1.5443309545516968, 0.8171385526657104, 0.8266400694847107, 0.8266400694847107, 2.363272190093994, '01:09']
[58, 0.43685483932495117, 0.4449349343776703, 0.902988076210022, 0.9880461692810059, 0.10202495753765106, 0.17617276310920715, 1.4616785049438477, 0.8258481025695801, 0.8327562212944031, 0.8327562212944031, 1.9644864797592163, '01:09']
[59, 0.4345758259296417, 0.43059417605400085, 0.8876491189002991, 0.9912779927253723, 0.11789292097091675, 0.17452549934387207, 1.3223397731781006, 0.801569938659668, 0.8093134164810181, 0.8093133568763733, 1.0132960081100464, '01:09']
Better model found at epoch 59 with valid_loss value: 0.43059417605400085.
[60, 0.4400983154773712, 0.4423285722732544, 0.9000656604766846, 0.9893074631690979, 0.10403099656105042, 0.17558054625988007, 1.442236065864563, 0.8240405917167664, 0.82913738489151, 0.82913738489151, 1.5588480234146118, '01:09']
[61, 0.45503076910972595, 0.4281716048717499, 0.8873407244682312, 0.9907351136207581, 0.1218806579709053, 0.17486794292926788, 1.3600075244903564, 0.8024152517318726, 0.8084718585014343, 0.8084718585014343, 1.3029617071151733, '01:09']
Better model found at epoch 61 with valid_loss value: 0.4281716048717499.
[62, 0.43781352043151855, 0.4313882291316986, 0.8890365958213806, 0.9893360137939453, 0.1180935874581337, 0.17562754452228546, 1.4347807168960571, 0.8020551800727844, 0.8101784586906433, 0.8101784586906433, 1.715232491493225, '01:10']
[63, 0.4506596028804779, 0.43606704473495483, 0.8932629823684692, 0.9866598844528198, 0.11286275833845139, 0.17696872353553772, 1.5368555784225464, 0.8047488331794739, 0.8166304230690002, 0.8166304230690002, 2.599181652069092, '01:09']
[64, 0.441705584526062, 0.4511753022670746, 0.9013262987136841, 0.9835344552993774, 0.10109925270080566, 0.1787109524011612, 1.6275192499160767, 0.8087695240974426, 0.8280462622642517, 0.8280462622642517, 3.755500555038452, '01:09']
[65, 0.44813206791877747, 0.44244229793548584, 0.898356020450592, 0.9874066114425659, 0.10589214414358139, 0.17654605209827423, 1.518161654472351, 0.8172121644020081, 0.8249801397323608, 0.8249801397323608, 2.121161460876465, '01:09']
[66, 0.45102304220199585, 0.4319324791431427, 0.8894956707954407, 0.9884587526321411, 0.11634436994791031, 0.17608457803726196, 1.484148383140564, 0.8040491342544556, 0.8121629357337952, 0.8121629357337952, 1.9753782749176025, '01:09']
[67, 0.4494611322879791, 0.43921419978141785, 0.8946186900138855, 0.9857553243637085, 0.10981657356023788, 0.1774500012397766, 1.5750702619552612, 0.805989682674408, 0.8187586069107056, 0.8187586069107056, 3.2825136184692383, '01:09']
[68, 0.44954514503479004, 0.42468568682670593, 0.8815417885780334, 0.9906405210494995, 0.12603060901165009, 0.17497551441192627, 1.3854608535766602, 0.7944732904434204, 0.7995398640632629, 0.7995398640632629, 1.2917485237121582, '01:09']
Better model found at epoch 68 with valid_loss value: 0.42468568682670593.
[69, 0.4365694224834442, 0.4459241032600403, 0.9002320170402527, 0.9871315956115723, 0.10309527814388275, 0.1766955703496933, 1.5203416347503662, 0.8191719055175781, 0.8288014531135559, 0.8288014531135559, 2.470620632171631, '01:09']
[70, 0.44666385650634766, 0.43030810356140137, 0.8893479108810425, 0.9910679459571838, 0.11711491644382477, 0.1746501326560974, 1.3320972919464111, 0.8059322237968445, 0.8120376467704773, 0.8120376467704773, 1.043476939201355, '01:09']
[71, 0.4407340884208679, 0.44020208716392517, 0.8956312537193298, 0.9869444966316223, 0.10874532163143158, 0.17684952914714813, 1.5275992155075073, 0.8115253448486328, 0.8213105201721191, 0.8213105201721191, 2.3747737407684326, '01:09']
[72, 0.4314163029193878, 0.44160497188568115, 0.8985412120819092, 0.990091860294342, 0.1053047850728035, 0.17518872022628784, 1.3890105485916138, 0.8215726017951965, 0.8280735015869141, 0.8280735015869141, 1.3859795331954956, '01:09']
[73, 0.4383775591850281, 0.44695723056793213, 0.9003843069076538, 0.9848537445068359, 0.10309441387653351, 0.17793136835098267, 1.597922921180725, 0.8132132887840271, 0.8274704813957214, 0.8274704813957214, 3.2625269889831543, '01:08']
[74, 0.43608906865119934, 0.43146273493766785, 0.8884998559951782, 0.9894027709960938, 0.11666075140237808, 0.1755920797586441, 1.4510996341705322, 0.8034451007843018, 0.8103252053260803, 0.8103252053260803, 1.836875081062317, '01:09']
[75, 0.43858569860458374, 0.42457079887390137, 0.8786842823028564, 0.989205002784729, 0.1254711151123047, 0.17570799589157104, 1.479499101638794, 0.7866213917732239, 0.7942619323730469, 0.7942619323730469, 1.9865139722824097, '01:10']
Better model found at epoch 75 with valid_loss value: 0.42457079887390137.
[76, 0.43958088755607605, 0.44675663113594055, 0.900199830532074, 0.9840178489685059, 0.10291750729084015, 0.17842689156532288, 1.6205153465270996, 0.8095946907997131, 0.8270688056945801, 0.8270688056945801, 4.303221702575684, '01:09']
[77, 0.44203710556030273, 0.4375987946987152, 0.8934881687164307, 0.9875075817108154, 0.11095507442951202, 0.17659060657024384, 1.515181303024292, 0.8089732527732849, 0.8179629445075989, 0.8179629445075989, 2.154047727584839, '01:09']
[78, 0.43504875898361206, 0.4366483986377716, 0.8933373689651489, 0.9899253249168396, 0.1095423623919487, 0.17524760961532593, 1.4285142421722412, 0.8108816742897034, 0.8176225423812866, 0.8176224827766418, 1.7848562002182007, '01:09']
[79, 0.43485113978385925, 0.42359086871147156, 0.8794883489608765, 0.9905104041099548, 0.1275022327899933, 0.17501656711101532, 1.3833858966827393, 0.789638102054596, 0.7967016100883484, 0.7967016100883484, 1.311002492904663, '01:09']
Better model found at epoch 79 with valid_loss value: 0.42359086871147156.
[80, 0.4396836459636688, 0.425794392824173, 0.8830541372299194, 0.9914201498031616, 0.1251152604818344, 0.17453943192958832, 1.3236277103424072, 0.7978538274765015, 0.8034528493881226, 0.8034528493881226, 0.9592576622962952, '01:10']
[81, 0.4325729310512543, 0.4358339011669159, 0.8885310888290405, 0.9869272708892822, 0.11479173600673676, 0.17694975435733795, 1.5537258386611938, 0.7966517806053162, 0.8091177940368652, 0.8091177940368652, 2.843480348587036, '01:09']
[82, 0.43885546922683716, 0.4332917332649231, 0.8895265460014343, 0.9875566363334656, 0.11534101516008377, 0.1765628308057785, 1.5228415727615356, 0.8011278510093689, 0.8110958933830261, 0.8110958933830261, 2.413334846496582, '01:09']
[83, 0.43593695759773254, 0.4275800883769989, 0.8806565403938293, 0.9897451996803284, 0.12319926917552948, 0.17547506093978882, 1.437354564666748, 0.7908913493156433, 0.7984619140625, 0.7984619140625, 1.7049757242202759, '01:09']
[84, 0.43427181243896484, 0.42469653487205505, 0.8794429302215576, 0.9898434281349182, 0.12618976831436157, 0.1753607839345932, 1.4065704345703125, 0.7892938256263733, 0.7961913347244263, 0.7961913347244263, 1.4877609014511108, '01:09']
[85, 0.43099960684776306, 0.4301052987575531, 0.8828795552253723, 0.9882420301437378, 0.12091761082410812, 0.1763150990009308, 1.4965814352035522, 0.791109025478363, 0.801304817199707, 0.801304817199707, 1.9935709238052368, '01:10']
[86, 0.44367310404777527, 0.42899268865585327, 0.8831632137298584, 0.9874478578567505, 0.12176526337862015, 0.17667338252067566, 1.516943335533142, 0.7882564663887024, 0.800632894039154, 0.800632894039154, 2.3624627590179443, '01:09']
[87, 0.43394067883491516, 0.44431477785110474, 0.9083842039108276, 0.9927432537078857, 0.102900430560112, 0.173627108335495, 1.1408851146697998, 0.8184557557106018, 0.8411166071891785, 0.8411166071891785, 0.37256577610969543, '01:09']
No improvement since epoch 79: early stopping
----------
3
----------
DLS create!
[0, 0.5761979222297668, 0.5477885603904724, 0.9927541613578796, 0.993103563785553, 0.0, 0.20066700875759125, 1.1982969045639038, 0.9952009320259094, 0.985674262046814, 0.985674262046814, 0.029156813398003578, '01:09']
Better model found at epoch 0 with valid_loss value: 0.5477885603904724.
[1, 0.5285263061523438, 0.5181251764297485, 0.9907238483428955, 0.9931812882423401, 1.0088024282595143e-06, 0.18312472105026245, 1.183725357055664, 0.9884498119354248, 0.981695294380188, 0.981695294380188, 0.005762939807027578, '01:09']
Better model found at epoch 1 with valid_loss value: 0.5181251764297485.
[2, 0.5100674629211426, 0.50091552734375, 0.9741052389144897, 0.9829195141792297, 0.04593655839562416, 0.18154941499233246, 1.480846643447876, 0.9467776417732239, 0.9501736164093018, 0.9501736164093018, 3.274461269378662, '01:09']
Better model found at epoch 2 with valid_loss value: 0.50091552734375.
[3, 0.49732235074043274, 0.5066694617271423, 0.9851229786872864, 0.991346001625061, 0.02126288414001465, 0.17504729330539703, 1.222862958908081, 0.9743000864982605, 0.9711041450500488, 0.9711041450500488, 0.4881882667541504, '01:09']
[4, 0.4983663558959961, 0.4846806228160858, 0.9609538316726685, 0.9897085428237915, 0.05030117556452751, 0.1757376790046692, 1.408307433128357, 0.9270800352096558, 0.9260059595108032, 0.9260059595108032, 1.2350330352783203, '01:09']
Better model found at epoch 4 with valid_loss value: 0.4846806228160858.
[5, 0.48645856976509094, 0.4820404052734375, 0.9479630589485168, 0.981834352016449, 0.062110867351293564, 0.17973315715789795, 1.6442431211471558, 0.8952706456184387, 0.9038221836090088, 0.9038221836090088, 3.6284139156341553, '01:09']
Better model found at epoch 5 with valid_loss value: 0.4820404052734375.
[6, 0.4966290593147278, 0.47914010286331177, 0.9506559371948242, 0.9859416484832764, 0.06065521761775017, 0.17760011553764343, 1.5371485948562622, 0.9053090214729309, 0.9086407423019409, 0.9086407423019409, 2.389505386352539, '01:09']
Better model found at epoch 6 with valid_loss value: 0.47914010286331177.
[7, 0.4827147424221039, 0.48387032747268677, 0.9587567448616028, 0.9917008876800537, 0.04815683513879776, 0.1744040995836258, 1.2704887390136719, 0.9220722317695618, 0.9232289791107178, 0.9232289791107178, 0.5702755451202393, '01:09']
[8, 0.4859192669391632, 0.5147824883460999, 0.960863471031189, 0.9645131826400757, 0.04402972012758255, 0.1880766600370407, 1.7835572957992554, 0.9098171591758728, 0.9267832636833191, 0.9267832636833191, 8.888158798217773, '01:09']
[9, 0.4830920100212097, 0.48091110587120056, 0.9428226351737976, 0.9799736142158508, 0.06429847329854965, 0.18034152686595917, 1.6691168546676636, 0.8846185207366943, 0.895217776298523, 0.895217776298523, 4.038786888122559, '01:09']
[10, 0.4849320352077484, 0.4680617153644562, 0.9369460940361023, 0.9868989586830139, 0.07102122902870178, 0.17673762142658234, 1.525658130645752, 0.8829103112220764, 0.8851594924926758, 0.8851594924926758, 2.101611375808716, '01:09']
Better model found at epoch 10 with valid_loss value: 0.4680617153644562.
[11, 0.4906701445579529, 0.4693371057510376, 0.942311704158783, 0.9892743229866028, 0.06884276121854782, 0.17563815414905548, 1.4335675239562988, 0.8938685059547424, 0.8937984704971313, 0.8937984704971313, 1.3444085121154785, '01:09']
[12, 0.4818352460861206, 0.47142472863197327, 0.9350625276565552, 0.9829301238059998, 0.0712703987956047, 0.1788482367992401, 1.6203083992004395, 0.8714141249656677, 0.8818703293800354, 0.8818703293800354, 3.1801657676696777, '01:09']
[13, 0.4769503176212311, 0.49673470854759216, 0.9418704509735107, 0.9698960781097412, 0.0622878335416317, 0.1855584681034088, 1.764323115348816, 0.868222177028656, 0.893101692199707, 0.893101692199707, 6.498998641967773, '01:09']
[14, 0.4755856990814209, 0.4774184226989746, 0.9504612684249878, 0.9914165735244751, 0.05565771460533142, 0.17446312308311462, 1.282700777053833, 0.9050760269165039, 0.9088938236236572, 0.9088938236236572, 0.6543142199516296, '01:09']
[15, 0.4784221351146698, 0.4782043695449829, 0.9514532089233398, 0.9916031956672668, 0.05471746250987053, 0.17442968487739563, 1.2587639093399048, 0.907495379447937, 0.9114197492599487, 0.9114197492599487, 0.6218807697296143, '01:09']
[16, 0.47576987743377686, 0.46987608075141907, 0.9390867352485657, 0.9887655973434448, 0.0672987848520279, 0.17576341331005096, 1.4500577449798584, 0.8882546424865723, 0.8895954489707947, 0.8895954489707947, 1.4716569185256958, '01:09']
[17, 0.4884500503540039, 0.4613269865512848, 0.9300890564918518, 0.9872130155563354, 0.07977556437253952, 0.17667415738105774, 1.5039474964141846, 0.8689137101173401, 0.8734862804412842, 0.8734862804412842, 1.92439866065979, '01:09']
Better model found at epoch 17 with valid_loss value: 0.4613269865512848.
[18, 0.4761704206466675, 0.46446382999420166, 0.9357622265815735, 0.9899150133132935, 0.07296501845121384, 0.17520000040531158, 1.3986952304840088, 0.8818014860153198, 0.8832949995994568, 0.8832949995994568, 1.2095658779144287, '01:09']
[19, 0.4776146113872528, 0.4969499707221985, 0.9582304954528809, 0.9755159020423889, 0.04475157707929611, 0.18169306218624115, 1.69642174243927, 0.911527156829834, 0.9215620160102844, 0.9215620160102844, 5.305631637573242, '01:09']
[20, 0.4766276776790619, 0.4649491012096405, 0.9250795245170593, 0.9822806715965271, 0.08092943578958511, 0.1792270392179489, 1.6354268789291382, 0.850644052028656, 0.8651731610298157, 0.8651731610298157, 3.3422205448150635, '01:09']
[21, 0.4735022187232971, 0.4732631742954254, 0.9397859573364258, 0.9843564033508301, 0.06602726876735687, 0.1777755618095398, 1.5819573402404785, 0.8857577443122864, 0.8907800912857056, 0.8907800912857056, 3.1183626651763916, '01:09']
[22, 0.4689508080482483, 0.4805597960948944, 0.9372841715812683, 0.9798877239227295, 0.06759370118379593, 0.18053360283374786, 1.6770274639129639, 0.8725764751434326, 0.8849740028381348, 0.8849740028381348, 3.6448850631713867, '01:09']
[23, 0.47065091133117676, 0.4488517642021179, 0.9168341159820557, 0.9892666339874268, 0.0931449756026268, 0.17565256357192993, 1.455103874206543, 0.8485541939735413, 0.8520047664642334, 0.8520047664642334, 1.5340220928192139, '01:09']
Better model found at epoch 23 with valid_loss value: 0.4488517642021179.
[24, 0.46676409244537354, 0.45117905735969543, 0.9129388332366943, 0.9852071404457092, 0.09358195215463638, 0.17784224450588226, 1.5901213884353638, 0.829996645450592, 0.844272255897522, 0.844272255897522, 2.6665661334991455, '01:09']
[25, 0.4636754095554352, 0.448716402053833, 0.9140852093696594, 0.9900496006011963, 0.09286975115537643, 0.17531177401542664, 1.4255831241607666, 0.843357503414154, 0.8480570912361145, 0.8480570912361145, 1.2587532997131348, '01:09']
Better model found at epoch 25 with valid_loss value: 0.448716402053833.
[26, 0.4670635163784027, 0.4475761950016022, 0.915952742099762, 0.9905627369880676, 0.0934673324227333, 0.1750440001487732, 1.392112374305725, 0.8458408713340759, 0.8499483466148376, 0.8499483466148376, 1.0933880805969238, '01:09']
Better model found at epoch 26 with valid_loss value: 0.4475761950016022.
[27, 0.4601956307888031, 0.43890824913978577, 0.9034408330917358, 0.9904665946960449, 0.10483627766370773, 0.17513416707515717, 1.396104335784912, 0.8260651230812073, 0.8308249115943909, 0.8308249115943909, 1.1505801677703857, '01:09']
Better model found at epoch 27 with valid_loss value: 0.43890824913978577.
[28, 0.45832207798957825, 0.44349923729896545, 0.907901406288147, 0.9899964928627014, 0.0996820479631424, 0.17532354593276978, 1.4205822944641113, 0.8326387405395508, 0.8376708626747131, 0.8376708626747131, 1.3178445100784302, '01:09']
[29, 0.4594894349575043, 0.44940680265426636, 0.9168769121170044, 0.9919731616973877, 0.09024875611066818, 0.17425967752933502, 1.2886358499526978, 0.8466739058494568, 0.8523827195167542, 0.8523827195167542, 0.6566426157951355, '01:09']
[30, 0.4433960020542145, 0.4485337436199188, 0.9136125445365906, 0.9908060431480408, 0.09183360636234283, 0.17489022016525269, 1.3451749086380005, 0.8406682014465332, 0.8474326133728027, 0.8474326133728027, 0.9172276854515076, '01:09']
[31, 0.46508723497390747, 0.44147753715515137, 0.9069088101387024, 0.9899164438247681, 0.10180683434009552, 0.175417959690094, 1.450731635093689, 0.8287768959999084, 0.8355158567428589, 0.8355158567428589, 1.4719382524490356, '01:09']
[32, 0.45530685782432556, 0.43608546257019043, 0.8996344804763794, 0.990083634853363, 0.10981544107198715, 0.17534279823303223, 1.4145005941390991, 0.8182997107505798, 0.8249046206474304, 0.8249046206474304, 1.333319902420044, '01:09']
Better model found at epoch 32 with valid_loss value: 0.43608546257019043.
[33, 0.45891764760017395, 0.44121435284614563, 0.9061341881752014, 0.9914065003395081, 0.102260522544384, 0.17459921538829803, 1.341660737991333, 0.8303931355476379, 0.8368422389030457, 0.8368422389030457, 0.9240785241127014, '01:09']
[34, 0.45377597212791443, 0.4426802098751068, 0.9059352874755859, 0.9898625016212463, 0.10055001080036163, 0.17538776993751526, 1.4359928369522095, 0.8295518755912781, 0.8362489938735962, 0.8362489938735962, 1.4844504594802856, '01:09']
[35, 0.4564456641674042, 0.4396621584892273, 0.9025430083274841, 0.9887816309928894, 0.10409452766180038, 0.17599430680274963, 1.4956574440002441, 0.8195754289627075, 0.8276439309120178, 0.8276439309120178, 1.78774094581604, '01:09']
[36, 0.4601084291934967, 0.4364895820617676, 0.9004844427108765, 0.9891394972801208, 0.10839236527681351, 0.175749734044075, 1.4447638988494873, 0.8198645710945129, 0.8258204460144043, 0.8258204460144043, 1.5968424081802368, '01:09']
[37, 0.45750635862350464, 0.4307892918586731, 0.8927276730537415, 0.9898719191551208, 0.11431608349084854, 0.17545785009860992, 1.452841877937317, 0.8063924312591553, 0.8130119442939758, 0.8130119442939758, 1.4591963291168213, '01:09']
Better model found at epoch 37 with valid_loss value: 0.4307892918586731.
[38, 0.4524496793746948, 0.44085294008255005, 0.9053783416748047, 0.9918569326400757, 0.10157362371683121, 0.17435608804225922, 1.304602026939392, 0.8275603652000427, 0.8344329595565796, 0.8344329595565796, 0.7720405459403992, '01:09']
[39, 0.4439249038696289, 0.44205164909362793, 0.9055179357528687, 0.9910984039306641, 0.10040967911481857, 0.17483949661254883, 1.347398042678833, 0.8321887850761414, 0.8363819122314453, 0.8363819122314453, 0.935368537902832, '01:09']
[40, 0.4551312029361725, 0.4249592423439026, 0.8875270485877991, 0.9910071492195129, 0.12336264550685883, 0.1749279648065567, 1.3798068761825562, 0.799718976020813, 0.805565357208252, 0.805565357208252, 1.0799559354782104, '01:09']
Better model found at epoch 40 with valid_loss value: 0.4249592423439026.
[41, 0.4407009482383728, 0.4448067545890808, 0.9088257551193237, 0.991094708442688, 0.09826293587684631, 0.1747988611459732, 1.3276010751724243, 0.8342080116271973, 0.841727614402771, 0.841727614402771, 0.9199345111846924, '01:09']
[42, 0.44355326890945435, 0.44515836238861084, 0.9080913066864014, 0.9912338256835938, 0.0973295122385025, 0.1746494024991989, 1.3585773706436157, 0.8346021771430969, 0.8398253917694092, 0.8398253917694092, 0.9485548138618469, '01:09']
[43, 0.4506239593029022, 0.43136247992515564, 0.8915972709655762, 0.9862856864929199, 0.11482805758714676, 0.17731234431266785, 1.5721057653427124, 0.7940325736999512, 0.8099738955497742, 0.8099740147590637, 2.596256732940674, '01:09']
[44, 0.4543246924877167, 0.43671488761901855, 0.9005940556526184, 0.9902130961418152, 0.10791288316249847, 0.1752447932958603, 1.4225050210952759, 0.8206407427787781, 0.8277681469917297, 0.8277681469917297, 1.4760286808013916, '01:09']
[45, 0.44479846954345703, 0.42663857340812683, 0.8872429728507996, 0.9894083142280579, 0.11942143738269806, 0.1757611632347107, 1.4608780145645142, 0.7952069640159607, 0.8049857020378113, 0.8049857020378113, 1.5564122200012207, '01:09']
[46, 0.4473630487918854, 0.42864111065864563, 0.8912699222564697, 0.9912253022193909, 0.11820480972528458, 0.17474773526191711, 1.3354463577270508, 0.8067426085472107, 0.8128201365470886, 0.8128201365470886, 0.9394142627716064, '01:09']
[47, 0.438141793012619, 0.437637597322464, 0.9006609916687012, 0.9921760559082031, 0.1058521568775177, 0.17420817911624908, 1.2732938528060913, 0.8202276229858398, 0.829612672328949, 0.829612672328949, 0.703964114189148, '01:10']
[48, 0.43589547276496887, 0.42321863770484924, 0.8825783729553223, 0.9912353157997131, 0.12438710778951645, 0.1748022884130478, 1.3645589351654053, 0.792665421962738, 0.7997961640357971, 0.7997961640357971, 1.0830366611480713, '01:09']
Better model found at epoch 48 with valid_loss value: 0.42321863770484924.
[49, 0.447944700717926, 0.43356236815452576, 0.8965113162994385, 0.992432713508606, 0.11059048026800156, 0.1740848273038864, 1.2379133701324463, 0.812808632850647, 0.8224486112594604, 0.8224486112594604, 0.575466513633728, '01:09']
[50, 0.437921941280365, 0.4286932647228241, 0.8861613869667053, 0.9889053702354431, 0.11830754578113556, 0.17604954540729523, 1.493119478225708, 0.7922758460044861, 0.803011417388916, 0.803011417388916, 1.7391729354858398, '01:09']
[51, 0.4429823160171509, 0.4279346764087677, 0.8870713710784912, 0.9889565110206604, 0.11843802034854889, 0.17598272860050201, 1.4860684871673584, 0.7928069233894348, 0.8037857413291931, 0.8037857413291931, 1.7873784303665161, '01:09']
[52, 0.4383391737937927, 0.4310706853866577, 0.8929029107093811, 0.9904468059539795, 0.11401251703500748, 0.17516307532787323, 1.3788493871688843, 0.8038358688354492, 0.8143575191497803, 0.8143575191497803, 1.2005311250686646, '01:08']
[53, 0.4431050717830658, 0.4253610074520111, 0.8870885372161865, 0.9915263652801514, 0.12167226523160934, 0.174617201089859, 1.321852207183838, 0.7981898188591003, 0.8064467310905457, 0.8064467310905457, 0.9265324473381042, '01:09']
[54, 0.4490642547607422, 0.4366965889930725, 0.8984453678131104, 0.990742564201355, 0.1075565442442894, 0.17499752342700958, 1.3524575233459473, 0.8152349591255188, 0.8240004777908325, 0.8240004777908325, 0.9739419221878052, '01:09']
[55, 0.43352288007736206, 0.4365972578525543, 0.8986354470252991, 0.9924373030662537, 0.1083330512046814, 0.17409168183803558, 1.233036756515503, 0.815855085849762, 0.8279233574867249, 0.8279233574867249, 0.6105917692184448, '01:09']
[56, 0.4434427320957184, 0.42930954694747925, 0.8909382224082947, 0.991282045841217, 0.11601808667182922, 0.17468398809432983, 1.3558104038238525, 0.8046354651451111, 0.8115019798278809, 0.8115019798278809, 1.0155073404312134, '01:09']
No improvement since epoch 48: early stopping
----------
4
----------
DLS create!
[0, 0.5544054508209229, 0.5327517986297607, 0.9820181131362915, 0.9910537600517273, nan, 0.19086097180843353, 1.1487070322036743, 0.9937155842781067, 0.9733037352561951, 0.9733037352561951, nan, '01:09']
Better model found at epoch 0 with valid_loss value: 0.5327517986297607.
[1, 0.5175724625587463, 0.5066458582878113, 0.9697859287261963, 0.989443302154541, 0.03175698220729828, 0.1799757331609726, 1.3333314657211304, 0.9608125686645508, 0.9501996040344238, 0.9501996040344238, inf, '01:09']
Better model found at epoch 1 with valid_loss value: 0.5066458582878113.
[2, 0.49925172328948975, 0.49749472737312317, 0.955192506313324, 0.9805127382278442, 0.04688156768679619, 0.1791120171546936, 1.5143846273422241, 0.9274738430976868, 0.9240134358406067, 0.9240134358406067, inf, '01:09']
Better model found at epoch 2 with valid_loss value: 0.49749472737312317.
[3, 0.49395883083343506, 0.493990421295166, 0.9547187685966492, 0.9870767593383789, 0.04722417891025543, 0.17606176435947418, 1.398642897605896, 0.9289682507514954, 0.9231221675872803, 0.9231221675872803, inf, '01:09']
Better model found at epoch 3 with valid_loss value: 0.493990421295166.
[4, 0.48508593440055847, 0.4994373619556427, 0.9533236622810364, 0.9836922287940979, 0.0430862195789814, 0.17690707743167877, 1.500823736190796, 0.9255219101905823, 0.9214460253715515, 0.9214460253715515, inf, '01:09']
[5, 0.4899978041648865, 0.49494847655296326, 0.9456386566162109, 0.9774502515792847, 0.05260813608765602, 0.18030275404453278, 1.6110475063323975, 0.9055247902870178, 0.9079576134681702, 0.9079576134681702, inf, '01:09']
[6, 0.49082791805267334, 0.49792832136154175, 0.9447756409645081, 0.9748255014419556, 0.05081111937761307, 0.18121731281280518, 1.646331548690796, 0.9031341671943665, 0.9063746333122253, 0.9063746333122253, inf, '01:09']
[7, 0.48379582166671753, 0.4895620346069336, 0.9436662793159485, 0.986544668674469, 0.052632179111242294, 0.17582586407661438, 1.463843822479248, 0.9076290726661682, 0.9050716161727905, 0.9050716161727905, inf, '01:09']
Better model found at epoch 7 with valid_loss value: 0.4895620346069336.
[8, 0.48913809657096863, 0.49069634079933167, 0.9439216256141663, 0.9803019762039185, 0.055325862020254135, 0.1784324049949646, 1.551459789276123, 0.9035403728485107, 0.9048883318901062, 0.9048883318901062, inf, '01:09']
[9, 0.4788115322589874, 0.48757150769233704, 0.9406910538673401, 0.984988272190094, 0.05704697594046593, 0.17652717232704163, 1.5021299123764038, 0.9014319777488708, 0.8999276161193848, 0.89992755651474, inf, '01:09']
Better model found at epoch 9 with valid_loss value: 0.48757150769233704.
[10, 0.48822832107543945, 0.48814424872398376, 0.9451481103897095, 0.9883620738983154, 0.05507130175828934, 0.17497491836547852, 1.3788018226623535, 0.9097627997398376, 0.906977653503418, 0.906977653503418, inf, '01:09']
[11, 0.4855065643787384, 0.4875725507736206, 0.9374669790267944, 0.9812818169593811, 0.0599527433514595, 0.17843423783779144, 1.5813096761703491, 0.8928413987159729, 0.8945763111114502, 0.8945763111114502, inf, '01:09']
[12, 0.4806106686592102, 0.48236724734306335, 0.9367919564247131, 0.9853882193565369, 0.062196604907512665, 0.1764066517353058, 1.4880400896072388, 0.8952280879020691, 0.893552839756012, 0.893552839756012, inf, '01:09']
Better model found at epoch 12 with valid_loss value: 0.48236724734306335.
[13, 0.4826708436012268, 0.48169925808906555, 0.9367517232894897, 0.9874611496925354, 0.06284531950950623, 0.17550013959407806, 1.435585379600525, 0.8947516679763794, 0.8931384682655334, 0.8931384682655334, inf, '01:09']
Better model found at epoch 13 with valid_loss value: 0.48169925808906555.
[14, 0.48519250750541687, 0.48138001561164856, 0.935536801815033, 0.9882977604866028, 0.0637630745768547, 0.17500059306621552, 1.3969311714172363, 0.8932622671127319, 0.8922202587127686, 0.8922202587127686, inf, '01:09']
Better model found at epoch 14 with valid_loss value: 0.48138001561164856.
[15, 0.4787835478782654, 0.4844051003456116, 0.9336335062980652, 0.9841219782829285, 0.06205960363149643, 0.17710185050964355, 1.548025369644165, 0.8877960443496704, 0.888465940952301, 0.888465940952301, inf, '01:09']
[16, 0.4696614444255829, 0.47777751088142395, 0.9295132756233215, 0.9866409301757812, 0.06771399825811386, 0.17579706013202667, 1.4724531173706055, 0.8796388506889343, 0.8807377815246582, 0.8807377815246582, inf, '01:09']
Better model found at epoch 16 with valid_loss value: 0.47777751088142395.
[17, 0.4728403091430664, 0.4972263276576996, 0.9369983673095703, 0.9748296737670898, 0.057425208389759064, 0.1816754788160324, 1.679808259010315, 0.8836318850517273, 0.8935366272926331, 0.8935366272926331, inf, '01:09']
[18, 0.47617772221565247, 0.4715177118778229, 0.9242174029350281, 0.9883054494857788, 0.07620267570018768, 0.174956277012825, 1.403572916984558, 0.8698984384536743, 0.8719712495803833, 0.8719712495803833, inf, '01:08']
Better model found at epoch 18 with valid_loss value: 0.4715177118778229.
[19, 0.4669087529182434, 0.47505202889442444, 0.92867511510849, 0.9902401566505432, 0.07181478291749954, 0.17405906319618225, 1.275364637374878, 0.8764101266860962, 0.8798699975013733, 0.8798699975013733, inf, '01:09']
[20, 0.46885138750076294, 0.47373655438423157, 0.9222455024719238, 0.9854432940483093, 0.07413018494844437, 0.17641904950141907, 1.5224175453186035, 0.8641228079795837, 0.868899405002594, 0.868899405002594, inf, '01:09']
[21, 0.4638063907623291, 0.4631781578063965, 0.9106652140617371, 0.98690265417099, 0.08729719370603561, 0.17586193978786469, 1.4834983348846436, 0.8461920619010925, 0.851399302482605, 0.851399302482605, inf, '01:09']
Better model found at epoch 21 with valid_loss value: 0.4631781578063965.
[22, 0.46530812978744507, 0.4671381115913391, 0.9158182144165039, 0.990632176399231, nan, 0.1738457828760147, 1.211489200592041, 0.8579619526863098, 0.8610011339187622, 0.8610011339187622, nan, '01:09']
[23, 0.46268075704574585, 0.4569493234157562, 0.9054189920425415, 0.9893205165863037, nan, 0.17461085319519043, 1.3693263530731201, 0.8393751978874207, 0.8425690531730652, 0.8425690531730652, nan, '01:09']
Better model found at epoch 23 with valid_loss value: 0.4569493234157562.
[24, 0.4639539122581482, 0.4824526607990265, 0.9254941344261169, 0.9777283072471619, 0.07062136381864548, 0.18029265105724335, 1.6503711938858032, 0.859375, 0.8742056488990784, 0.8742056488990784, inf, '01:09']
[25, 0.45966508984565735, 0.4820463955402374, 0.9263272881507874, 0.9836509227752686, 0.06804326176643372, 0.177414208650589, 1.5547407865524292, 0.8718339800834656, 0.8758268356323242, 0.8758268356323242, inf, '01:09']
[26, 0.45562678575515747, 0.45426779985427856, 0.8996543288230896, 0.9881457090377808, nan, 0.17529214918613434, 1.427996039390564, 0.827917218208313, 0.833402156829834, 0.833402156829834, nan, '01:09']
Better model found at epoch 26 with valid_loss value: 0.45426779985427856.
[27, 0.4522271752357483, 0.45667850971221924, 0.9037742018699646, 0.9872448444366455, 0.09528101235628128, 0.17575888335704803, 1.476407766342163, 0.833646833896637, 0.8399685025215149, 0.8399685025215149, inf, '01:09']
[28, 0.451302707195282, 0.4591957628726959, 0.9065761566162109, 0.9898014664649963, 0.09104737639427185, 0.17434117197990417, 1.3466373682022095, 0.8386489748954773, 0.8446718454360962, 0.8446718454360962, inf, '01:09']
[29, 0.44932371377944946, 0.4712979793548584, 0.9123736619949341, 0.9836885929107666, 0.0822952389717102, 0.17760831117630005, 1.576361060142517, 0.8441722989082336, 0.8536583185195923, 0.8536583185195923, inf, '01:09']
[30, 0.4559288024902344, 0.45774203538894653, 0.9061751961708069, 0.9880797863006592, 0.09274452179670334, 0.17519746720790863, 1.4386019706726074, 0.8376004695892334, 0.8425670266151428, 0.8425670266151428, inf, '01:09']
[31, 0.46247971057891846, 0.4675449728965759, 0.912114143371582, 0.9830277562141418, 0.08404824882745743, 0.1777629405260086, 1.5880787372589111, 0.8414236903190613, 0.8528461456298828, 0.8528461456298828, inf, '01:09']
[32, 0.4509486258029938, 0.45506933331489563, 0.8982387185096741, 0.9872608780860901, nan, 0.1757698357105255, 1.4672677516937256, 0.8246323466300964, 0.8314594626426697, 0.8314594626426697, nan, '01:09']
[33, 0.45539844036102295, 0.45612919330596924, 0.9041144847869873, 0.9889987111091614, 0.0954952985048294, 0.17472869157791138, 1.3939275741577148, 0.8359475135803223, 0.8401378989219666, 0.8401378989219666, inf, '01:09']
[34, 0.4456891417503357, 0.4538717269897461, 0.8979113698005676, 0.9878057241439819, 0.09860142320394516, 0.1754806786775589, 1.4644955396652222, 0.8262052536010742, 0.8308661580085754, 0.8308661580085754, inf, '01:09']
Better model found at epoch 34 with valid_loss value: 0.4538717269897461.
[35, 0.45547622442245483, 0.46174919605255127, 0.9080228805541992, 0.9870041012763977, nan, 0.17578968405723572, 1.4827017784118652, 0.8405969738960266, 0.8469248414039612, 0.8469248414039612, nan, '01:09']
[36, 0.44922277331352234, 0.4835013449192047, 0.9224767088890076, 0.9805690050125122, 0.07073374092578888, 0.17905260622501373, 1.6289869546890259, 0.8553431034088135, 0.868568480014801, 0.868568480014801, inf, '01:09']
[37, 0.44672828912734985, 0.45682409405708313, 0.9049820303916931, 0.990152895450592, nan, 0.1741216778755188, 1.2945261001586914, 0.8335188031196594, 0.8404930233955383, 0.8404930233955383, nan, '01:09']
[38, 0.4583131968975067, 0.4497373104095459, 0.8936837911605835, 0.9880170226097107, nan, 0.17532479763031006, 1.4513777494430542, 0.8192794919013977, 0.8250686526298523, 0.8250686526298523, nan, '01:09']
Better model found at epoch 38 with valid_loss value: 0.4497373104095459.
[39, 0.4449741244316101, 0.4584721326828003, 0.9063275456428528, 0.9873067736625671, 0.09131824225187302, 0.17565786838531494, 1.468406081199646, 0.8370764851570129, 0.8432313203811646, 0.8432313203811646, inf, '01:09']
[40, 0.44203415513038635, 0.4600566029548645, 0.9015682339668274, 0.9866604208946228, 0.09317485988140106, 0.17604628205299377, 1.4936635494232178, 0.8319013714790344, 0.8376166224479675, 0.8376166224479675, inf, '01:09']
[41, 0.4449455738067627, 0.457358181476593, 0.8994982838630676, 0.985627293586731, nan, 0.17656341195106506, 1.5256491899490356, 0.8225204944610596, 0.8326581716537476, 0.8326581716537476, nan, '01:09']
[42, 0.4386202394962311, 0.4536893963813782, 0.8970370888710022, 0.9887880682945251, nan, 0.1749926656484604, 1.3564594984054565, 0.8268154859542847, 0.8300411105155945, 0.8300411105155945, nan, '01:09']
[43, 0.44144299626350403, 0.4458710849285126, 0.8883969187736511, 0.9892204999923706, nan, 0.17476500570774078, 1.3795827627182007, 0.8139070272445679, 0.8177067041397095, 0.8177067041397095, nan, '01:09']
Better model found at epoch 43 with valid_loss value: 0.4458710849285126.
[44, 0.4483271539211273, 0.45008671283721924, 0.8952479362487793, 0.9892991185188293, nan, 0.1746460348367691, 1.378115177154541, 0.822102963924408, 0.8275117874145508, 0.8275117874145508, nan, '01:09']
[45, 0.4351280629634857, 0.4683583080768585, 0.9097695350646973, 0.9848900437355042, nan, 0.17693860828876495, 1.542178988456726, 0.8420283794403076, 0.849205493927002, 0.849205493927002, nan, '01:09']
[46, 0.4456823766231537, 0.44526180624961853, 0.8884724378585815, 0.9888290166854858, nan, 0.17495469748973846, 1.416170358657837, 0.8132426142692566, 0.8167697787284851, 0.8167697787284851, nan, '01:09']
Better model found at epoch 46 with valid_loss value: 0.44526180624961853.
[47, 0.4427359104156494, 0.4485051929950714, 0.8902241587638855, 0.9875357151031494, 0.1055193841457367, 0.17563767731189728, 1.46323561668396, 0.8114430904388428, 0.8189895153045654, 0.8189895153045654, inf, '01:09']
[48, 0.4438660442829132, 0.4465545415878296, 0.8932746052742004, 0.9904407858848572, 0.10808315873146057, 0.17404842376708984, 1.3021883964538574, 0.8171718716621399, 0.8240271210670471, 0.8240271210670471, inf, '01:09']
[49, 0.4486035704612732, 0.4457608163356781, 0.8884910345077515, 0.9891188740730286, nan, 0.17480239272117615, 1.392979383468628, 0.8160346150398254, 0.8170822858810425, 0.8170822262763977, nan, '01:09']
[50, 0.4377795159816742, 0.45351457595825195, 0.9002491235733032, 0.9909107089042664, nan, 0.17376969754695892, 1.2256793975830078, 0.8301885724067688, 0.8362565040588379, 0.8362565040588379, nan, '01:09']
[51, 0.4409853219985962, 0.46212929487228394, 0.9040183424949646, 0.9860418438911438, 0.09052726626396179, 0.17637141048908234, 1.5269505977630615, 0.8334253430366516, 0.8402902483940125, 0.8402902483940125, inf, '01:09']
[52, 0.4317522943019867, 0.4606401026248932, 0.9019163846969604, 0.9856427907943726, nan, 0.17667996883392334, 1.515907883644104, 0.8276278972625732, 0.8371155858039856, 0.8371155858039856, nan, '01:09']
[53, 0.439632385969162, 0.4497550427913666, 0.8916766047477722, 0.9893802404403687, nan, 0.17463892698287964, 1.3652312755584717, 0.8198172450065613, 0.8240068554878235, 0.8240068554878235, nan, '01:09']
[54, 0.4414860010147095, 0.45098015666007996, 0.8948341608047485, 0.987632691860199, nan, 0.17551296949386597, 1.4578202962875366, 0.8199853301048279, 0.8256157040596008, 0.8256157040596008, nan, '01:09']
No improvement since epoch 46: early stopping
Linknet_vgg19 Done!
