Models will save to Linknet_xcep_x
Use xception encoder
Start training...
----------
0
----------
DLS create!
[0, 0.55472731590271, 0.5293106436729431, 0.9912490844726562, 0.9916971325874329, 0.0, 0.18901322782039642, 1.151553750038147, 0.9931886196136475, 0.9827409982681274, 0.9827409982681274, 0.0, '00:50']
Better model found at epoch 0 with valid_loss value: 0.5293106436729431.
[1, 0.5196776390075684, 0.5178978443145752, 0.9800674319267273, 0.9914101958274841, 0.002326357178390026, 0.18836061656475067, 1.396287202835083, 0.9604623913764954, 0.9614657163619995, 0.9614657163619995, 0.1178918182849884, '00:50']
Better model found at epoch 1 with valid_loss value: 0.5178978443145752.
[2, 0.5024155378341675, 0.4887528121471405, 0.9615659117698669, 0.9873819351196289, 0.05772152543067932, 0.1771942377090454, 1.4205783605575562, 0.929167628288269, 0.9281133413314819, 0.9281133413314819, 1.9913837909698486, '00:50']
Better model found at epoch 2 with valid_loss value: 0.4887528121471405.
[3, 0.4936509132385254, 0.4855162799358368, 0.9581741690635681, 0.9898360967636108, 0.054201751947402954, 0.1750682294368744, 1.316672921180725, 0.9230409860610962, 0.9219797253608704, 0.9219797253608704, 0.8489998579025269, '00:49']
Better model found at epoch 3 with valid_loss value: 0.4855162799358368.
[4, 0.4794829189777374, 0.4717940092086792, 0.9354910850524902, 0.9866595268249512, 0.07289841771125793, 0.17637358605861664, 1.4863580465316772, 0.8833718299865723, 0.8839513659477234, 0.8839513659477234, 2.1540467739105225, '00:49']
Better model found at epoch 4 with valid_loss value: 0.4717940092086792.
[5, 0.47420060634613037, 0.47547629475593567, 0.9392808079719543, 0.9844273328781128, 0.07224930077791214, 0.177727609872818, 1.5526834726333618, 0.8870931267738342, 0.8907638192176819, 0.8907638192176819, 3.201587677001953, '00:49']
[6, 0.47519704699516296, 0.48162251710891724, 0.9496846795082092, 0.9910818934440613, 0.05729077383875847, 0.1739870309829712, 1.2037395238876343, 0.901003360748291, 0.9079042673110962, 0.9079042673110962, 0.43072739243507385, '00:49']
[7, 0.4715487062931061, 0.4723897874355316, 0.9227390289306641, 0.9810540080070496, 0.08307977765798569, 0.17942434549331665, 1.6181145906448364, 0.851806104183197, 0.8639543652534485, 0.8639543652534485, 3.426743984222412, '00:49']
[8, 0.4735526442527771, 0.48175448179244995, 0.9329177737236023, 0.9754701256752014, 0.07147815078496933, 0.18161870539188385, 1.6726250648498535, 0.8643676042556763, 0.8802568912506104, 0.8802568912506104, 6.067410945892334, '00:50']
[9, 0.4665113687515259, 0.44921720027923584, 0.9053336381912231, 0.9879122972488403, 0.1037597805261612, 0.17590181529521942, 1.408461332321167, 0.8379909992218018, 0.8394927382469177, 0.8394927382469177, 1.4287587404251099, '00:50']
Better model found at epoch 9 with valid_loss value: 0.44921720027923584.
[10, 0.4639895558357239, 0.46120309829711914, 0.92314612865448, 0.9904906153678894, 0.08539099991321564, 0.174319326877594, 1.2185169458389282, 0.8614009022712708, 0.8662021160125732, 0.8662021160125732, 0.48384496569633484, '00:49']
[11, 0.4612899422645569, 0.4492557644844055, 0.9065919518470764, 0.9871084690093994, 0.10246283560991287, 0.17618384957313538, 1.4748961925506592, 0.834477961063385, 0.8385117053985596, 0.8385117053985596, 2.3910462856292725, '00:50']
[12, 0.4556541442871094, 0.4491586685180664, 0.9075361490249634, 0.991146981716156, 0.10123196989297867, 0.17401447892189026, 1.2085466384887695, 0.8349800109863281, 0.8429298996925354, 0.8429298996925354, 0.4755461513996124, '00:49']
Better model found at epoch 12 with valid_loss value: 0.4491586685180664.
[13, 0.46123677492141724, 0.4577672779560089, 0.9134929180145264, 0.9842670559883118, 0.09225668013095856, 0.1775524616241455, 1.5680397748947144, 0.8410757184028625, 0.8487202525138855, 0.8487202525138855, 2.974431037902832, '00:50']
[14, 0.4627993106842041, 0.4333520233631134, 0.8857212662696838, 0.9872004985809326, 0.1259058117866516, 0.1762772798538208, 1.4737217426300049, 0.8005887866020203, 0.8064610958099365, 0.8064610958099365, 1.8842576742172241, '00:49']
Better model found at epoch 14 with valid_loss value: 0.4333520233631134.
[15, 0.4469715654850006, 0.4570988416671753, 0.9057474136352539, 0.9832274317741394, 0.09995550662279129, 0.17831961810588837, 1.5705870389938354, 0.8265447020530701, 0.8382800221443176, 0.8382800221443176, 2.3731868267059326, '00:49']
[16, 0.45272549986839294, 0.4585322141647339, 0.9136935472488403, 0.9882239103317261, 0.09176862984895706, 0.1755799949169159, 1.366389513015747, 0.848666787147522, 0.8520506024360657, 0.8520506024360657, 1.0191471576690674, '00:49']
[17, 0.45094719529151917, 0.49543097615242004, 0.9322526454925537, 0.9709505438804626, 0.06960411369800568, 0.1844332069158554, 1.7400318384170532, 0.8554961681365967, 0.878337025642395, 0.878337025642395, 7.752780914306641, '00:49']
[18, 0.45954376459121704, 0.4526051878929138, 0.9084084033966064, 0.9847661256790161, 0.09984350204467773, 0.1774289309978485, 1.5613676309585571, 0.8313038945198059, 0.8406130075454712, 0.8406130075454712, 2.9582412242889404, '00:51']
[19, 0.44770053029060364, 0.4722074270248413, 0.9183498024940491, 0.9754120707511902, 0.08475669473409653, 0.18213458359241486, 1.7074836492538452, 0.8285576701164246, 0.8551876544952393, 0.8551876544952393, 5.599538803100586, '00:49']
[20, 0.4490683376789093, 0.4333254098892212, 0.884272038936615, 0.9870792627334595, 0.1239316463470459, 0.17636199295520782, 1.4634222984313965, 0.7972182035446167, 0.8060368895530701, 0.8060368895530701, 2.206003427505493, '00:50']
Better model found at epoch 20 with valid_loss value: 0.4333254098892212.
[21, 0.4503478407859802, 0.43937647342681885, 0.8922303318977356, 0.9884993433952332, 0.11412420868873596, 0.17560695111751556, 1.3919605016708374, 0.813782274723053, 0.8190672993659973, 0.8190672993659973, 1.1134915351867676, '00:50']
[22, 0.4509209990501404, 0.4358869791030884, 0.8896063566207886, 0.9862735867500305, 0.11833003908395767, 0.1767290085554123, 1.4955171346664429, 0.8011837601661682, 0.812065064907074, 0.812065064907074, 2.2709505558013916, '00:49']
[23, 0.45180779695510864, 0.44134557247161865, 0.8969277739524841, 0.9891536235809326, 0.11068803817033768, 0.17519746720790863, 1.356921672821045, 0.8236300349235535, 0.8258786797523499, 0.8258786797523499, 0.9052057266235352, '00:49']
[24, 0.445326566696167, 0.4563728868961334, 0.9058175086975098, 0.9839890599250793, 0.09794757515192032, 0.17793633043766022, 1.4739882946014404, 0.8219847083091736, 0.837313711643219, 0.837313711643219, 2.0260894298553467, '00:49']
[25, 0.4443380534648895, 0.43867313861846924, 0.8900114297866821, 0.9875195026397705, 0.1158166378736496, 0.1760607659816742, 1.4406719207763672, 0.8099051117897034, 0.8143643140792847, 0.8143643140792847, 1.2954537868499756, '00:50']
[26, 0.45081162452697754, 0.43537044525146484, 0.8873932361602783, 0.9867513179779053, 0.11964769661426544, 0.176461860537529, 1.4481321573257446, 0.8022281527519226, 0.8092912435531616, 0.8092912435531616, 1.509091854095459, '00:50']
[27, 0.4426933825016022, 0.4694042503833771, 0.915645182132721, 0.9780678749084473, 0.08775757998228073, 0.1809432953596115, 1.681566596031189, 0.8282293677330017, 0.8512606024742126, 0.8512606024742126, 4.910246849060059, '00:50']
[28, 0.43824946880340576, 0.4336356222629547, 0.8823930621147156, 0.9872431755065918, 0.1231917291879654, 0.1763330101966858, 1.442718505859375, 0.79377281665802, 0.8031367659568787, 0.8031367659568787, 1.6647509336471558, '00:50']
No improvement since epoch 20: early stopping
----------
1
----------
DLS create!
[0, 0.5817396640777588, 0.5426267981529236, 0.9917565584182739, 0.9915904998779297, 0.00023491369211114943, 0.19602914154529572, 1.202093482017517, 0.9963661432266235, 0.983697772026062, 0.983697772026062, 0.03363089635968208, '00:50']
Better model found at epoch 0 with valid_loss value: 0.5426267981529236.
[1, 0.5310680270195007, 0.5190155506134033, 0.9880154132843018, 0.9916765093803406, 7.157797881518491e-06, 0.1835264265537262, 1.1909741163253784, 0.9845477342605591, 0.9763908386230469, 0.9763908386230469, 0.00728821475058794, '00:50']
Better model found at epoch 1 with valid_loss value: 0.5190155506134033.
[2, 0.5106498599052429, 0.4994295537471771, 0.9720603823661804, 0.9882878661155701, 0.04521399736404419, 0.17979280650615692, 1.3836984634399414, 0.9485229849815369, 0.9463111758232117, 0.9463111758232117, 1.3513541221618652, '00:50']
Better model found at epoch 2 with valid_loss value: 0.4994295537471771.
[3, 0.4973312318325043, 0.4944438338279724, 0.9691914319992065, 0.9895420074462891, 0.04126982018351555, 0.17618583142757416, 1.3006070852279663, 0.9452137351036072, 0.9408847093582153, 0.9408847093582153, 0.8573499321937561, '00:49']
Better model found at epoch 3 with valid_loss value: 0.4944438338279724.
[4, 0.4840875267982483, 0.5537986159324646, 0.9868519902229309, 0.936881422996521, 0.01250127237290144, 0.1963253766298294, 1.7265645265579224, 0.9834297895431519, 0.9743759632110596, 0.9743759632110596, 24.401025772094727, '00:50']
[5, 0.4830082952976227, 0.48708418011665344, 0.9419204592704773, 0.9716560244560242, 0.065337173640728, 0.1834581345319748, 1.6696726083755493, 0.8789055347442627, 0.8927894830703735, 0.8927894830703735, 7.192537307739258, '00:50']
Better model found at epoch 5 with valid_loss value: 0.48708418011665344.
[6, 0.4721476137638092, 0.4859958589076996, 0.9501988887786865, 0.9878581166267395, 0.053007837384939194, 0.17553956806659698, 1.3963180780410767, 0.9060577154159546, 0.9071815609931946, 0.9071815609931946, 1.3165202140808105, '00:50']
Better model found at epoch 6 with valid_loss value: 0.4859958589076996.
[7, 0.47535431385040283, 0.4610021412372589, 0.9221779704093933, 0.987058162689209, 0.08600902557373047, 0.1760610193014145, 1.4289993047714233, 0.8601993322372437, 0.8619562387466431, 0.8619562387466431, 1.6659454107284546, '00:50']
Better model found at epoch 7 with valid_loss value: 0.4610021412372589.
[8, 0.4662686288356781, 0.46443885564804077, 0.9261495471000671, 0.9861630797386169, 0.08133479207754135, 0.1763802021741867, 1.458050012588501, 0.8653597235679626, 0.8667928576469421, 0.8667928576469421, 1.9135278463363647, '00:50']
[9, 0.4644831120967865, 0.4787563681602478, 0.9371234178543091, 0.982038140296936, 0.06748728454113007, 0.1783667802810669, 1.5511904954910278, 0.880182683467865, 0.8849050402641296, 0.8849050402641296, 3.1913082599639893, '00:50']
[10, 0.4581228494644165, 0.4823158383369446, 0.9307989478111267, 0.9776485562324524, 0.07120293378829956, 0.18073193728923798, 1.640141248703003, 0.8628360629081726, 0.8738243579864502, 0.8738243579864502, 4.735565185546875, '00:50']
[11, 0.462415874004364, 0.462493896484375, 0.9249207377433777, 0.9883666634559631, 0.08240413665771484, 0.17536106705665588, 1.3731096982955933, 0.8618491888046265, 0.8648540377616882, 0.8648540377616882, 1.5832164287567139, '00:50']
[12, 0.45672452449798584, 0.44902199506759644, 0.9048755168914795, 0.9858282208442688, 0.10083301365375519, 0.17682500183582306, 1.4760481119155884, 0.8246551752090454, 0.8312931656837463, 0.8312931656837463, 2.1160595417022705, '00:50']
Better model found at epoch 12 with valid_loss value: 0.44902199506759644.
[13, 0.46600744128227234, 0.4737962484359741, 0.9390853643417358, 0.98993980884552, 0.0657937303185463, 0.17450889945030212, 1.2783583402633667, 0.8832947611808777, 0.8895415663719177, 0.8895415663719177, 0.7643361687660217, '00:50']
[14, 0.44853031635284424, 0.4538387358188629, 0.9142054915428162, 0.9900221228599548, 0.09201430529356003, 0.17457854747772217, 1.2926082611083984, 0.8423697352409363, 0.8488089442253113, 0.8488089442253113, 0.7377156019210815, '00:50']
[15, 0.45625633001327515, 0.45755115151405334, 0.9164407849311829, 0.987003743648529, 0.08964391052722931, 0.17604778707027435, 1.4039376974105835, 0.845156192779541, 0.8515865802764893, 0.8515865802764893, 1.4554158449172974, '00:50']
[16, 0.45780372619628906, 0.4589499235153198, 0.9146291613578796, 0.9838026165962219, 0.09092088043689728, 0.17781105637550354, 1.5280276536941528, 0.8397179245948792, 0.8478877544403076, 0.8478877544403076, 2.621262311935425, '00:50']
[17, 0.45575183629989624, 0.45320001244544983, 0.9109961986541748, 0.9864638447761536, 0.09479813277721405, 0.17632581293582916, 1.456082820892334, 0.8367969393730164, 0.8416029810905457, 0.8416029810905457, 2.2995009422302246, '00:50']
[18, 0.448044091463089, 0.4514223039150238, 0.9081035256385803, 0.9888750314712524, 0.09699170291423798, 0.17524027824401855, 1.3650213479995728, 0.835354745388031, 0.8396552205085754, 0.8396552205085754, 1.1400834321975708, '00:50']
[19, 0.44099873304367065, 0.44112980365753174, 0.896511971950531, 0.9866396188735962, 0.10981982946395874, 0.17638236284255981, 1.4573999643325806, 0.811197817325592, 0.8192252516746521, 0.8192252516746521, 1.9089709520339966, '00:49']
Better model found at epoch 19 with valid_loss value: 0.44112980365753174.
[20, 0.4415532946586609, 0.46494486927986145, 0.927510678768158, 0.9908041954040527, 0.07656363397836685, 0.17414718866348267, 1.2105976343154907, 0.8590489029884338, 0.8732083439826965, 0.8732083439826965, 0.5301893353462219, '00:50']
[21, 0.4490863084793091, 0.4676975905895233, 0.9198741912841797, 0.97967529296875, 0.08434024453163147, 0.17967654764652252, 1.59417724609375, 0.8464595675468445, 0.8567479848861694, 0.8567479848861694, 3.8347039222717285, '00:50']
[22, 0.4338400959968567, 0.4426907002925873, 0.8977369666099548, 0.9892880320549011, 0.10782438516616821, 0.17499983310699463, 1.3527565002441406, 0.8164005875587463, 0.8230889439582825, 0.8230889439582825, 1.1217070817947388, '00:50']
[23, 0.43838948011398315, 0.4733019173145294, 0.9161792397499084, 0.9754233360290527, 0.08705408126115799, 0.18204617500305176, 1.6514557600021362, 0.8317070007324219, 0.8505966663360596, 0.8505966663360596, 5.09858512878418, '00:51']
[24, 0.43596014380455017, 0.4472564458847046, 0.9048601388931274, 0.9892151355743408, 0.1007058322429657, 0.17500106990337372, 1.3433129787445068, 0.8273560404777527, 0.8343422412872314, 0.8343422412872314, 1.0409196615219116, '00:50']
[25, 0.44684407114982605, 0.450875461101532, 0.9097419381141663, 0.9905461668968201, 0.0963175892829895, 0.17425712943077087, 1.25026535987854, 0.8282313942909241, 0.8412753343582153, 0.8412753343582153, 0.6256034970283508, '00:49']
[26, 0.4439532160758972, 0.4581933319568634, 0.9187213182449341, 0.9910239577293396, 0.08621763437986374, 0.17401915788650513, 1.1592282056808472, 0.8428656458854675, 0.8588018417358398, 0.8588018417358398, 0.36170223355293274, '00:50']
[27, 0.4470633566379547, 0.44458305835723877, 0.9012235999107361, 0.9884084463119507, 0.10402059555053711, 0.17548337578773499, 1.380057454109192, 0.8229086995124817, 0.8276903033256531, 0.8276903033256531, 1.129168152809143, '00:50']
No improvement since epoch 19: early stopping
----------
2
----------
DLS create!
[0, 0.5416156649589539, 0.5230696201324463, 0.9921357035636902, 0.9937630295753479, 0.0, 0.1862984150648117, 1.1718038320541382, 0.9900566935539246, 0.9844854474067688, 0.9844854474067688, 0.0, '00:50']
Better model found at epoch 0 with valid_loss value: 0.5230696201324463.
[1, 0.5135563611984253, 0.5096396803855896, 0.9751275181770325, 0.9707186818122864, 0.04270900413393974, 0.18729396164417267, 1.5624219179153442, 0.9384312629699707, 0.9526365399360657, 0.9526365399360657, 10.627373695373535, '00:50']
Better model found at epoch 1 with valid_loss value: 0.5096396803855896.
[2, 0.5004768967628479, 0.4914153516292572, 0.9607710838317871, 0.9779928922653198, 0.04886985570192337, 0.18115435540676117, 1.6468641757965088, 0.9116833209991455, 0.9265833497047424, 0.9265833497047424, 7.859669208526611, '00:50']
Better model found at epoch 2 with valid_loss value: 0.4914153516292572.
[3, 0.49206289649009705, 0.49215638637542725, 0.9598591327667236, 0.9801969528198242, 0.048355914652347565, 0.1807725727558136, 1.6738154888153076, 0.9115097522735596, 0.9255720376968384, 0.9255720376968384, 6.576774597167969, '00:50']
[4, 0.4866883158683777, 0.4869166314601898, 0.9563071727752686, 0.9802370071411133, 0.05092255398631096, 0.1797690987586975, 1.640634536743164, 0.9036717414855957, 0.9186981320381165, 0.9186981320381165, 6.214827537536621, '00:49']
Better model found at epoch 4 with valid_loss value: 0.4869166314601898.
[5, 0.4855625033378601, 0.459566593170166, 0.9298025965690613, 0.9895433783531189, 0.08070588856935501, 0.17598919570446014, 1.5155470371246338, 0.8669525384902954, 0.8745202422142029, 0.8745202422142029, 2.0649876594543457, '00:50']
Better model found at epoch 5 with valid_loss value: 0.459566593170166.
[6, 0.4726562798023224, 0.5065360069274902, 0.9542505741119385, 0.9648311734199524, 0.047964904457330704, 0.18740564584732056, 1.8036338090896606, 0.8795125484466553, 0.9152225255966187, 0.9152225255966187, 10.880825996398926, '00:50']
[7, 0.47572511434555054, 0.4616950452327728, 0.9300671815872192, 0.9865702390670776, 0.07752223312854767, 0.17721238732337952, 1.5869122743606567, 0.8587721586227417, 0.8741217851638794, 0.8741217851638794, 3.4474852085113525, '00:50']
[8, 0.4650777280330658, 0.4543108344078064, 0.92630535364151, 0.9924752712249756, 0.08591703325510025, 0.17438654601573944, 1.328007698059082, 0.8645418286323547, 0.8687636256217957, 0.8687636852264404, 0.8643838167190552, '00:50']
Better model found at epoch 8 with valid_loss value: 0.4543108344078064.
[9, 0.468881756067276, 0.45833146572113037, 0.9265320897102356, 0.9887277483940125, 0.08061464875936508, 0.17620381712913513, 1.5170068740844727, 0.8585658073425293, 0.8692048788070679, 0.8692048788070679, 2.3472163677215576, '00:49']
[10, 0.4658905863761902, 0.47443968057632446, 0.9362556338310242, 0.9821482300758362, 0.06867562234401703, 0.17960767447948456, 1.6491347551345825, 0.8641110062599182, 0.884769856929779, 0.884769856929779, 4.1106486320495605, '00:50']
[11, 0.4552030563354492, 0.4479162395000458, 0.9154595136642456, 0.9915832877159119, 0.09291882812976837, 0.17484916746616364, 1.4047250747680664, 0.8452877998352051, 0.851710855960846, 0.851710855960846, 1.2520756721496582, '00:49']
Better model found at epoch 11 with valid_loss value: 0.4479162395000458.
[12, 0.4719598889350891, 0.49231836199760437, 0.9467713832855225, 0.9710457921028137, 0.055533647537231445, 0.1842474341392517, 1.7463958263397217, 0.8713639974594116, 0.9033820033073425, 0.9033820033073425, 9.74099063873291, '00:50']
[13, 0.4567424952983856, 0.4880806505680084, 0.9417150020599365, 0.9741055965423584, 0.06070768088102341, 0.1831485778093338, 1.7610266208648682, 0.8621089458465576, 0.8949000239372253, 0.8949000239372253, 8.298343658447266, '00:50']
[14, 0.45467355847358704, 0.4871038496494293, 0.9391285181045532, 0.9733672142028809, 0.06291656196117401, 0.18375591933727264, 1.7656629085540771, 0.8495699763298035, 0.8891981244087219, 0.8891981244087219, 8.137027740478516, '00:51']
[15, 0.4553154706954956, 0.4458080232143402, 0.9119378924369812, 0.9907867908477783, 0.09586570411920547, 0.175211563706398, 1.4389094114303589, 0.8415864706039429, 0.8482284545898438, 0.8482284545898438, 1.6856532096862793, '00:49']
Better model found at epoch 15 with valid_loss value: 0.4458080232143402.
[16, 0.4604213535785675, 0.44768449664115906, 0.9141196608543396, 0.9910708069801331, 0.09205592423677444, 0.17512255907058716, 1.4322450160980225, 0.8416224718093872, 0.850067675113678, 0.850067675113678, 1.4254323244094849, '00:50']
[17, 0.44709956645965576, 0.4852076470851898, 0.9345273971557617, 0.9742890000343323, 0.0671316459774971, 0.18353784084320068, 1.7623976469039917, 0.8398684859275818, 0.8817468881607056, 0.8817468881607056, 7.791138648986816, '00:50']
[18, 0.4494297504425049, 0.4648435115814209, 0.923588752746582, 0.9824814200401306, 0.08018992841243744, 0.1795341670513153, 1.6917810440063477, 0.8345028758049011, 0.8644217848777771, 0.8644217848777771, 5.018614768981934, '00:49']
[19, 0.4493286609649658, 0.43328288197517395, 0.8945717811584473, 0.9893531203269958, 0.11227267235517502, 0.17615026235580444, 1.5432432889938354, 0.802152156829834, 0.817985475063324, 0.817985475063324, 2.3646695613861084, '00:50']
Better model found at epoch 19 with valid_loss value: 0.43328288197517395.
[20, 0.449126660823822, 0.4452393352985382, 0.9116546511650085, 0.9912542700767517, 0.09506021440029144, 0.1751212179660797, 1.3987606763839722, 0.8376563191413879, 0.8464071154594421, 0.8464071154594421, 1.298262357711792, '00:51']
[21, 0.44656240940093994, 0.4645726680755615, 0.9234161972999573, 0.9818326830863953, 0.08004765212535858, 0.17981338500976562, 1.6530612707138062, 0.8315623998641968, 0.8612812161445618, 0.8612812161445618, 4.129933834075928, '00:51']
[22, 0.45356816053390503, 0.4466129243373871, 0.9108951091766357, 0.9902297854423523, 0.09465833008289337, 0.17562654614448547, 1.4397157430648804, 0.8350324034690857, 0.8435660600662231, 0.8435660004615784, 1.582682490348816, '00:50']
[23, 0.4462696313858032, 0.43409568071365356, 0.8958897590637207, 0.9904851317405701, 0.11001633107662201, 0.17554762959480286, 1.4849419593811035, 0.809707760810852, 0.8211040496826172, 0.8211040496826172, 1.7706376314163208, '00:50']
[24, 0.4504533112049103, 0.490967720746994, 0.9405415654182434, 0.9752501249313354, 0.06108018383383751, 0.1831052452325821, 1.7627232074737549, 0.8598852753639221, 0.8933908343315125, 0.8933908343315125, 7.915812015533447, '00:50']
[25, 0.43846961855888367, 0.44356122612953186, 0.9060991406440735, 0.9889004230499268, 0.09966529160737991, 0.17634344100952148, 1.501464605331421, 0.8228628039360046, 0.8371407985687256, 0.8371407985687256, 2.1400887966156006, '00:50']
[26, 0.44329530000686646, 0.4441536068916321, 0.9069744348526001, 0.9871376156806946, 0.09958537667989731, 0.1772468090057373, 1.5925019979476929, 0.8142673373222351, 0.8374166488647461, 0.8374166488647461, 3.2549920082092285, '00:50']
[27, 0.4348447024822235, 0.453311949968338, 0.9191244840621948, 0.9919467568397522, 0.08458900451660156, 0.17462871968746185, 1.3288524150848389, 0.8501189351081848, 0.8584364056587219, 0.8584364056587219, 1.0051522254943848, '00:49']
No improvement since epoch 19: early stopping
----------
3
----------
DLS create!
[0, 0.5654644966125488, 0.7600606679916382, 0.9928452968597412, 0.9525158405303955, 0.005443254951387644, 0.20165756344795227, 1.857964277267456, 0.998029351234436, 0.9858657121658325, 0.9858657121658325, 17.010013580322266, '00:50']
Better model found at epoch 0 with valid_loss value: 0.7600606679916382.
[1, 0.5233646631240845, 0.5144321322441101, 0.9876282215118408, 0.9923170804977417, 0.0, 0.18169797956943512, 1.2220007181167603, 0.9825800657272339, 0.9757499098777771, 0.9757499098777771, 0.0, '00:50']
Better model found at epoch 1 with valid_loss value: 0.5144321322441101.
[2, 0.49965229630470276, 0.4934304356575012, 0.9646250009536743, 0.984350323677063, 0.053579967468976974, 0.17911705374717712, 1.5071300268173218, 0.9343600869178772, 0.9338748455047607, 0.9338748455047607, 3.6698057651519775, '00:51']
Better model found at epoch 2 with valid_loss value: 0.4934304356575012.
[3, 0.49124303460121155, 0.4891975522041321, 0.9558833241462708, 0.9820021390914917, 0.05316176265478134, 0.1790577918291092, 1.5845794677734375, 0.9172167181968689, 0.9187071919441223, 0.9187071919441223, 4.345246315002441, '00:50']
Better model found at epoch 3 with valid_loss value: 0.4891975522041321.
[4, 0.48974353075027466, 0.4852088689804077, 0.9540848731994629, 0.9865909814834595, 0.053624190390110016, 0.1766357570886612, 1.495934247970581, 0.9164669513702393, 0.9150561094284058, 0.9150561094284058, 2.5549564361572266, '00:50']
Better model found at epoch 4 with valid_loss value: 0.4852088689804077.
[5, 0.48344388604164124, 0.4806644916534424, 0.9451082944869995, 0.984984278678894, 0.061503492295742035, 0.1773287057876587, 1.5437768697738647, 0.9010059237480164, 0.900871217250824, 0.900871217250824, 3.048903703689575, '00:50']
Better model found at epoch 5 with valid_loss value: 0.4806644916534424.
[6, 0.48428693413734436, 0.48823675513267517, 0.9599807262420654, 0.9911066293716431, 0.0490649975836277, 0.17432034015655518, 1.2319446802139282, 0.9253692030906677, 0.9266018271446228, 0.9266018271446228, 0.47201794385910034, '00:50']
[7, 0.4829651713371277, 0.4748574197292328, 0.9393475651741028, 0.985864520072937, 0.0670885518193245, 0.17694693803787231, 1.5226572751998901, 0.8865191340446472, 0.8900154829025269, 0.8900154829025269, 2.5456550121307373, '00:50']
Better model found at epoch 7 with valid_loss value: 0.4748574197292328.
[8, 0.4789808690547943, 0.47397708892822266, 0.9391266107559204, 0.9860848188400269, 0.07002768665552139, 0.1765483319759369, 1.4834359884262085, 0.8899108171463013, 0.8902184367179871, 0.8902184367179871, 2.5269241333007812, '00:49']
Better model found at epoch 8 with valid_loss value: 0.47397708892822266.
[9, 0.469490110874176, 0.4684019386768341, 0.9345224499702454, 0.9901962280273438, 0.0736813098192215, 0.1747525930404663, 1.3293827772140503, 0.8802992701530457, 0.8825470209121704, 0.8825470209121704, 0.8725537657737732, '00:49']
Better model found at epoch 9 with valid_loss value: 0.4684019386768341.
[10, 0.47430431842803955, 0.4696654677391052, 0.9340694546699524, 0.9877530336380005, 0.07286298274993896, 0.1759636402130127, 1.4702115058898926, 0.8804176449775696, 0.881775438785553, 0.881775438785553, 1.9150947332382202, '00:49']
[11, 0.4704233407974243, 0.4659021496772766, 0.93097984790802, 0.9900574088096619, 0.07727671414613724, 0.17490389943122864, 1.333909511566162, 0.8762094974517822, 0.8777217268943787, 0.8777217268943787, 1.0270582437515259, '00:50']
Better model found at epoch 11 with valid_loss value: 0.4659021496772766.
[12, 0.4677846133708954, 0.46633824706077576, 0.9329789876937866, 0.9915996789932251, 0.07715040445327759, 0.1740192025899887, 1.211835265159607, 0.8704568147659302, 0.8809702396392822, 0.8809702396392822, 0.5582341551780701, '00:50']
[13, 0.46322572231292725, 0.45755723118782043, 0.9170980453491211, 0.9854743480682373, 0.0896691158413887, 0.17720453441143036, 1.5561389923095703, 0.8461990356445312, 0.8535381555557251, 0.8535381555557251, 3.1351304054260254, '00:49']
Better model found at epoch 13 with valid_loss value: 0.45755723118782043.
[14, 0.45068010687828064, 0.4576321542263031, 0.9161163568496704, 0.9872907400131226, 0.09067952632904053, 0.17631687223911285, 1.4501851797103882, 0.8503835797309875, 0.8541343808174133, 0.8541343808174133, 1.7205504179000854, '00:49']
[15, 0.45113134384155273, 0.4632328152656555, 0.92381751537323, 0.9885647296905518, 0.08083322644233704, 0.1756492704153061, 1.3612834215164185, 0.8605513572692871, 0.8671876788139343, 0.8671876788139343, 1.113322138786316, '00:50']
[16, 0.4533692002296448, 0.45481592416763306, 0.9139506816864014, 0.9878162741661072, 0.09363657981157303, 0.17600302398204803, 1.3992507457733154, 0.8423100113868713, 0.8483035564422607, 0.8483035564422607, 1.19363534450531, '00:50']
Better model found at epoch 16 with valid_loss value: 0.45481592416763306.
[17, 0.4517378509044647, 0.4503726065158844, 0.9078617691993713, 0.9870813488960266, 0.09833255410194397, 0.17651183903217316, 1.4639220237731934, 0.831161618232727, 0.8389505743980408, 0.8389505743980408, 1.83941650390625, '00:49']
Better model found at epoch 17 with valid_loss value: 0.4503726065158844.
[18, 0.45280173420906067, 0.48326605558395386, 0.9237968921661377, 0.9758607149124146, 0.07833945006132126, 0.18233896791934967, 1.7156832218170166, 0.8412110209465027, 0.864046037197113, 0.864046037197113, 5.424800395965576, '00:50']
[19, 0.4432412385940552, 0.4563845098018646, 0.9097325801849365, 0.9836446642875671, 0.09489323198795319, 0.17825384438037872, 1.5795676708221436, 0.829798698425293, 0.8420367240905762, 0.8420367240905762, 2.6228890419006348, '00:50']
[20, 0.4432661831378937, 0.4472048282623291, 0.9041754603385925, 0.9886225461959839, 0.10140010714530945, 0.1756834238767624, 1.416682243347168, 0.8288770318031311, 0.8346247673034668, 0.8346247673034668, 1.2556023597717285, '00:50']
Better model found at epoch 20 with valid_loss value: 0.4472048282623291.
[21, 0.4482055902481079, 0.4506119191646576, 0.9053143262863159, 0.9831547737121582, 0.09937106817960739, 0.17842823266983032, 1.585198998451233, 0.819344162940979, 0.8343054056167603, 0.8343054056167603, 3.061244010925293, '00:51']
[22, 0.44046860933303833, 0.44655317068099976, 0.9018793702125549, 0.9856168627738953, 0.10305527597665787, 0.1771380752325058, 1.5143225193023682, 0.8176508545875549, 0.8290006518363953, 0.8290006518363953, 2.1902575492858887, '00:50']
Better model found at epoch 22 with valid_loss value: 0.44655317068099976.
[23, 0.44629397988319397, 0.4486658573150635, 0.9045385122299194, 0.9859740734100342, 0.1018601581454277, 0.17702849209308624, 1.533988118171692, 0.8255812525749207, 0.8342140316963196, 0.8342140316963196, 2.847156524658203, '00:50']
[24, 0.4424804449081421, 0.45501336455345154, 0.9093959927558899, 0.9827458262443542, 0.09550745040178299, 0.17870265245437622, 1.6143839359283447, 0.8247225284576416, 0.8404331803321838, 0.8404331803321838, 3.8233466148376465, '00:50']
[25, 0.4446074962615967, 0.43854576349258423, 0.8936423659324646, 0.9890997409820557, 0.1118868887424469, 0.17551741003990173, 1.4088151454925537, 0.810104489326477, 0.8173280358314514, 0.8173280954360962, 1.6347707509994507, '00:50']
Better model found at epoch 25 with valid_loss value: 0.43854576349258423.
[26, 0.4447404742240906, 0.48186248540878296, 0.9246500730514526, 0.9771082401275635, 0.07682055979967117, 0.18168415129184723, 1.6868482828140259, 0.8402150869369507, 0.8644176125526428, 0.8644176125526428, 4.710209846496582, '00:49']
[27, 0.4368762671947479, 0.4436242878437042, 0.9010504484176636, 0.9897921085357666, 0.10597896575927734, 0.17508149147033691, 1.314353108406067, 0.825100839138031, 0.8324995636940002, 0.8324995636940002, 1.2344679832458496, '00:50']
[28, 0.4433811604976654, 0.451675683259964, 0.9086098670959473, 0.9852285981178284, 0.09613694995641708, 0.17729736864566803, 1.5561481714248657, 0.8294601440429688, 0.8399490714073181, 0.8399490714073181, 3.243098735809326, '00:50']
[29, 0.43959230184555054, 0.44779714941978455, 0.9038817286491394, 0.9851356744766235, 0.10236506164073944, 0.17735479772090912, 1.51448392868042, 0.8208920359611511, 0.831924557685852, 0.831924557685852, 2.2890048027038574, '00:50']
[30, 0.44446951150894165, 0.4491755962371826, 0.9054754376411438, 0.9844737648963928, 0.09958318620920181, 0.17772261798381805, 1.5678895711898804, 0.822326123714447, 0.8349440097808838, 0.8349440097808838, 3.317002296447754, '00:50']
[31, 0.44112059473991394, 0.4647885859012604, 0.9143297076225281, 0.9779622554779053, 0.08830413967370987, 0.18114852905273438, 1.6750457286834717, 0.8213439583778381, 0.8470392227172852, 0.8470392227172852, 4.9171600341796875, '00:50']
[32, 0.43537089228630066, 0.45667409896850586, 0.9077371954917908, 0.9810144901275635, 0.09570784121751785, 0.17956139147281647, 1.631533145904541, 0.8187828660011292, 0.8380367755889893, 0.8380367755889893, 4.078334808349609, '00:50']
[33, 0.4455191195011139, 0.44661402702331543, 0.9012101888656616, 0.9847724437713623, 0.10315071046352386, 0.17766214907169342, 1.5570181608200073, 0.8125156760215759, 0.8279807567596436, 0.8279807567596436, 2.6722114086151123, '00:50']
No improvement since epoch 25: early stopping
----------
4
----------
DLS create!
[0, 0.5631023049354553, 0.5502035021781921, 0.9939618110656738, 0.9870907664299011, 0.0007783703622408211, 0.19662995636463165, 1.5937846899032593, 0.9994369149208069, 0.988040030002594, 0.988040030002594, 4.217568874359131, '00:50']
Better model found at epoch 0 with valid_loss value: 0.5502035021781921.
[1, 0.5237754583358765, 0.5146471858024597, 0.9856370091438293, 0.9932758808135986, 0.0, 0.1845456212759018, 1.3053475618362427, 0.973757266998291, 0.9718972444534302, 0.9718972444534302, 0.0, '00:50']
Better model found at epoch 1 with valid_loss value: 0.5146471858024597.
[2, 0.5007615685462952, 0.4982932507991791, 0.97667396068573, 0.990538477897644, 0.04267774522304535, 0.17646515369415283, 1.3373475074768066, 0.9567844271659851, 0.9553120136260986, 0.9553120136260986, 1.2308284044265747, '00:50']
Better model found at epoch 2 with valid_loss value: 0.4982932507991791.
[3, 0.49450746178627014, 0.4882074296474457, 0.9619840979576111, 0.987675130367279, 0.049775734543800354, 0.1765323281288147, 1.4711942672729492, 0.9272684454917908, 0.9288507699966431, 0.9288507699966431, 2.184394598007202, '00:50']
Better model found at epoch 3 with valid_loss value: 0.4882074296474457.
[4, 0.4837157428264618, 0.48864397406578064, 0.9580094814300537, 0.9850855469703674, 0.04877070337533951, 0.1776629537343979, 1.5717374086380005, 0.9174380302429199, 0.9216181039810181, 0.9216181039810181, 3.787356376647949, '00:50']
[5, 0.4856373965740204, 0.48941072821617126, 0.9552383422851562, 0.9803158044815063, 0.05335452780127525, 0.18028083443641663, 1.6445183753967285, 0.9067986607551575, 0.9164629578590393, 0.9164629578590393, 5.923258304595947, '00:49']
[6, 0.48751646280288696, 0.492750346660614, 0.9668779969215393, 0.9909122586250305, 0.03929826244711876, 0.17472967505455017, 1.3622506856918335, 0.93620765209198, 0.9370548129081726, 0.9370548129081726, 1.2475005388259888, '00:50']
[7, 0.482530415058136, 0.48510390520095825, 0.9534153342247009, 0.9863770008087158, 0.05170804262161255, 0.17704080045223236, 1.5536383390426636, 0.9063846468925476, 0.9135081171989441, 0.9135081171989441, 3.1750547885894775, '00:50']
Better model found at epoch 7 with valid_loss value: 0.48510390520095825.
[8, 0.48114269971847534, 0.4781663119792938, 0.9524840116500854, 0.9920674562454224, 0.059170279651880264, 0.17431791126728058, 1.2725892066955566, 0.9075552225112915, 0.9119967222213745, 0.9119967222213745, 0.7547770142555237, '00:49']
Better model found at epoch 8 with valid_loss value: 0.4781663119792938.
[9, 0.4796466529369354, 0.46694570779800415, 0.9360097050666809, 0.9893587231636047, 0.07310277968645096, 0.17572712898254395, 1.4784473180770874, 0.8773459792137146, 0.884010910987854, 0.884010910987854, 2.1287636756896973, '00:50']
Better model found at epoch 9 with valid_loss value: 0.46694570779800415.
[10, 0.4780745506286621, 0.4764767289161682, 0.9438895583152771, 0.9839028716087341, 0.06443049758672714, 0.1778476983308792, 1.5700918436050415, 0.888733983039856, 0.8973402380943298, 0.8973402380943298, 4.4149274826049805, '00:49']
[11, 0.46875491738319397, 0.4630812108516693, 0.9317258596420288, 0.9913011193275452, 0.07614126801490784, 0.174668550491333, 1.3727701902389526, 0.8718451261520386, 0.8772901296615601, 0.8772901296615601, 1.3024635314941406, '00:50']
Better model found at epoch 11 with valid_loss value: 0.4630812108516693.
[12, 0.46773841977119446, 0.5159929394721985, 0.952468991279602, 0.9624462127685547, 0.04971317574381828, 0.1890641748905182, 1.8101451396942139, 0.8770344853401184, 0.9114376902580261, 0.9114376902580261, 12.390104293823242, '00:50']
[13, 0.46506842970848083, 0.4762600362300873, 0.9404757618904114, 0.983528196811676, 0.06598557531833649, 0.17844785749912262, 1.6050596237182617, 0.8764986395835876, 0.8905660510063171, 0.8905660510063171, 3.7448949813842773, '00:50']
[14, 0.46433892846107483, 0.4731234908103943, 0.9309917092323303, 0.98087078332901, 0.07417052984237671, 0.18003319203853607, 1.6519181728363037, 0.8522021770477295, 0.8744342923164368, 0.8744342923164368, 4.529348373413086, '00:50']
[15, 0.4485412538051605, 0.4598989486694336, 0.9273819327354431, 0.9921651482582092, 0.0815984457731247, 0.17413918673992157, 1.2516889572143555, 0.8616174459457397, 0.8711352944374084, 0.8711352944374084, 0.6863493919372559, '00:49']
Better model found at epoch 15 with valid_loss value: 0.4598989486694336.
[16, 0.46030449867248535, 0.4911783039569855, 0.961909294128418, 0.9928709864616394, 0.043332088738679886, 0.17369718849658966, 1.1304620504379272, 0.9221408367156982, 0.9316321015357971, 0.9316321015357971, 0.24893078207969666, '00:51']
[17, 0.4562104344367981, 0.45864227414131165, 0.9237761497497559, 0.9896882772445679, 0.08323397487401962, 0.17545190453529358, 1.4542139768600464, 0.8567460179328918, 0.8636801838874817, 0.8636801838874817, 1.776153802871704, '00:50']
Better model found at epoch 17 with valid_loss value: 0.45864227414131165.
[18, 0.4569726586341858, 0.4583330452442169, 0.9239681363105774, 0.9907633662223816, 0.08304477483034134, 0.17490553855895996, 1.3817068338394165, 0.8555205464363098, 0.8648380041122437, 0.8648380041122437, 1.3516325950622559, '00:50']
Better model found at epoch 18 with valid_loss value: 0.4583330452442169.
[19, 0.45602932572364807, 0.4567613899707794, 0.9239819049835205, 0.9894706010818481, 0.08394994586706161, 0.17545901238918304, 1.4591963291168213, 0.8566377758979797, 0.8637226223945618, 0.8637226223945618, 2.165292501449585, '00:50']
Better model found at epoch 19 with valid_loss value: 0.4567613899707794.
[20, 0.45516079664230347, 0.4601755738258362, 0.9228892922401428, 0.9882953763008118, 0.08316045999526978, 0.17625434696674347, 1.4796561002731323, 0.8516228795051575, 0.8616759777069092, 0.8616759777069092, 1.7995702028274536, '00:50']
[21, 0.44397783279418945, 0.45428645610809326, 0.9203732013702393, 0.9925625324249268, 0.08857519924640656, 0.1739521622657776, 1.2335262298583984, 0.8498221039772034, 0.8609622716903687, 0.8609622716903687, 0.5940139293670654, '00:50']
Better model found at epoch 21 with valid_loss value: 0.45428645610809326.
[22, 0.4490097165107727, 0.44416943192481995, 0.9092980623245239, 0.9915611743927002, 0.10097125917673111, 0.1745242029428482, 1.3510946035385132, 0.8330034017562866, 0.8405590057373047, 0.8405590057373047, 1.1479403972625732, '00:50']
Better model found at epoch 22 with valid_loss value: 0.44416943192481995.
[23, 0.4522608518600464, 0.4386269152164459, 0.9012057185173035, 0.9897978901863098, 0.10895603895187378, 0.17555105686187744, 1.471645712852478, 0.8174704909324646, 0.827379584312439, 0.827379584312439, 1.9619276523590088, '00:50']
Better model found at epoch 23 with valid_loss value: 0.4386269152164459.
[24, 0.4490538537502289, 0.4493614435195923, 0.9153101444244385, 0.9921337962150574, 0.09366445988416672, 0.17418724298477173, 1.3050563335418701, 0.8386911153793335, 0.8501121401786804, 0.8501121401786804, 0.9923011660575867, '00:50']
[25, 0.4336376488208771, 0.4386751055717468, 0.8999931812286377, 0.9908745288848877, 0.10829523205757141, 0.17491699755191803, 1.3787422180175781, 0.8176622986793518, 0.8264839053153992, 0.8264839053153992, 1.3471043109893799, '00:50']
[26, 0.44582465291023254, 0.44999662041664124, 0.9137532711029053, 0.9902861714363098, 0.09315400570631027, 0.17525224387645721, 1.4237309694290161, 0.8376259803771973, 0.848061203956604, 0.848061203956604, 1.4848575592041016, '00:50']
[27, 0.4403245747089386, 0.456373393535614, 0.915784478187561, 0.9854183793067932, 0.08902791142463684, 0.177755206823349, 1.6019197702407837, 0.8326200842857361, 0.8504935503005981, 0.8504935503005981, 3.7099199295043945, '00:50']
[28, 0.444443941116333, 0.45881232619285583, 0.9256539344787598, 0.9911525845527649, 0.08097174018621445, 0.1746876984834671, 1.3770155906677246, 0.8604811429977417, 0.8674118518829346, 0.8674118518829346, 1.177388072013855, '00:50']
[29, 0.44996535778045654, 0.4530879855155945, 0.9123470783233643, 0.9854959845542908, 0.0925457552075386, 0.1777644157409668, 1.5927987098693848, 0.8265169262886047, 0.8446367383003235, 0.8446367383003235, 3.199408531188965, '00:50']
[30, 0.43898099660873413, 0.45785531401634216, 0.9207463264465332, 0.9894675612449646, 0.0837714895606041, 0.17559172213077545, 1.434403419494629, 0.851532518863678, 0.8598657846450806, 0.8598657846450806, 1.5359300374984741, '00:49']
[31, 0.43940165638923645, 0.44007205963134766, 0.9018642902374268, 0.9908049702644348, 0.10388694703578949, 0.17497889697551727, 1.4265214204788208, 0.8209532499313354, 0.8288102149963379, 0.8288102149963379, 1.5990972518920898, '00:51']
No improvement since epoch 23: early stopping
Linknet_xcep Done!
