Models will save to Linknet_incv4_x
Use inceptionv4 encoder
Start training...
----------
0
----------
DLS create!
[0, 0.5516687035560608, 0.5278995037078857, 0.9923316836357117, 0.99261474609375, 1.4310570804809686e-05, 0.18839490413665771, 1.1594411134719849, 0.9939142465591431, 0.9848290681838989, 0.9848290681838989, 0.06192387640476227, '01:08']
Better model found at epoch 0 with valid_loss value: 0.5278995037078857.
[1, 0.5175222754478455, 0.5387297868728638, 0.9824854135513306, 0.9441134929656982, 0.02606295980513096, 0.2001306414604187, 1.5732793807983398, 0.9596240520477295, 0.9660022258758545, 0.9660022258758545, 18.30757713317871, '01:06']
[2, 0.5038120746612549, 0.570154070854187, 0.9770161509513855, 0.9789776802062988, 0.02980329841375351, 0.1805875450372696, 1.545225739479065, 0.9569463729858398, 0.9558811783790588, 0.9558811783790588, 4.8192901611328125, '01:07']
[3, 0.49911537766456604, 0.5052342414855957, 0.9763889312744141, 0.9814640283584595, 0.031141286715865135, 0.17943629622459412, 1.4931938648223877, 0.9547780156135559, 0.9543377161026001, 0.9543377161026001, 4.0241923332214355, '01:06']
Better model found at epoch 3 with valid_loss value: 0.5052342414855957.
[4, 0.49059799313545227, 0.49023181200027466, 0.9571910500526428, 0.9810802936553955, 0.04944498836994171, 0.17976230382919312, 1.6263128519058228, 0.9114729762077332, 0.9193507432937622, 0.9193507432937622, 4.606729507446289, '01:07']
Better model found at epoch 4 with valid_loss value: 0.49023181200027466.
[5, 0.4894893169403076, 0.4990382492542267, 0.9736768007278442, 0.9908468127250671, 0.029136808589100838, 0.17477375268936157, 1.309436559677124, 0.9502066969871521, 0.949711263179779, 0.949711263179779, 0.7371439337730408, '01:07']
[6, 0.48802992701530457, 0.484467476606369, 0.9567450284957886, 0.9883801341056824, 0.049804165959358215, 0.176034078001976, 1.4579576253890991, 0.9178785681724548, 0.9186309576034546, 0.9186309576034546, 1.8730734586715698, '01:07']
Better model found at epoch 6 with valid_loss value: 0.484467476606369.
[7, 0.49293985962867737, 0.5180387496948242, 0.9655948877334595, 0.9896124005317688, 0.03872642293572426, 0.1751631647348404, 1.3991848230361938, 0.9354142546653748, 0.9351586699485779, 0.9351586699485779, 1.2763993740081787, '01:06']
[8, 0.48782944679260254, 0.4858894348144531, 0.9583834409713745, 0.9887819886207581, 0.04814721271395683, 0.1757992058992386, 1.4413429498672485, 0.9211266040802002, 0.9214360117912292, 0.9214360117912292, 1.5367851257324219, '01:06']
[9, 0.4857032001018524, 0.4880993366241455, 0.9469468593597412, 0.9792526364326477, 0.05772019177675247, 0.1805824190378189, 1.6616621017456055, 0.8921828866004944, 0.9022694230079651, 0.9022694230079651, 4.953863143920898, '01:06']
[10, 0.47517725825309753, 0.4772552251815796, 0.9466968774795532, 0.9888870120048523, 0.05965587496757507, 0.17564918100833893, 1.440779447555542, 0.8997383713722229, 0.901735246181488, 0.901735246181488, 1.779228687286377, '01:06']
Better model found at epoch 10 with valid_loss value: 0.4772552251815796.
[11, 0.484004944562912, 0.4921239912509918, 0.96628338098526, 0.9918099045753479, 0.03822173923254013, 0.17417636513710022, 1.2343248128890991, 0.9310256838798523, 0.9362719655036926, 0.9362719655036926, 0.5341461300849915, '01:06']
[12, 0.4782310426235199, 0.47588786482810974, 0.9464924335479736, 0.9894968867301941, 0.060860369354486465, 0.17530928552150726, 1.4068607091903687, 0.8977099061012268, 0.9009038209915161, 0.9009038209915161, 1.5447813272476196, '01:07']
Better model found at epoch 12 with valid_loss value: 0.47588786482810974.
[13, 0.47525039315223694, 0.4851362407207489, 0.9451169967651367, 0.9810141921043396, 0.0589570626616478, 0.1796991378068924, 1.656203031539917, 0.8886608481407166, 0.8985781669616699, 0.8985781669616699, 4.761603355407715, '01:07']
[14, 0.4753376245498657, 0.47867435216903687, 0.9455744028091431, 0.9858081340789795, 0.06044517830014229, 0.17701050639152527, 1.526070475578308, 0.8982412219047546, 0.9002475738525391, 0.9002475738525391, 2.732055425643921, '01:07']
[15, 0.4745033383369446, 0.5264777541160583, 0.9561711549758911, 0.9591770768165588, 0.05035259574651718, 0.19174788892269135, 1.805217981338501, 0.8950488567352295, 0.9186926484107971, 0.9186926484107971, 12.069148063659668, '01:07']
[16, 0.4755055904388428, 0.47017690539360046, 0.9399731159210205, 0.990452766418457, 0.06658411026000977, 0.1749081015586853, 1.341607928276062, 0.8870428800582886, 0.8908501863479614, 0.8908501863479614, 0.9068494439125061, '01:07']
Better model found at epoch 16 with valid_loss value: 0.47017690539360046.
[17, 0.47475817799568176, 0.46309012174606323, 0.9257612824440002, 0.9854927659034729, 0.0810500904917717, 0.17739835381507874, 1.5618524551391602, 0.8563311100006104, 0.8661679625511169, 0.8661679625511169, 3.0391082763671875, '01:07']
Better model found at epoch 17 with valid_loss value: 0.46309012174606323.
[18, 0.46926820278167725, 0.46164485812187195, 0.926418662071228, 0.9864343404769897, 0.08105482161045074, 0.176950141787529, 1.5514663457870483, 0.8586413860321045, 0.8667604327201843, 0.8667604327201843, 2.6581408977508545, '01:06']
Better model found at epoch 18 with valid_loss value: 0.46164485812187195.
[19, 0.4646366536617279, 0.45583483576774597, 0.9169028401374817, 0.9850702285766602, 0.09016890078783035, 0.1777118593454361, 1.5847890377044678, 0.838409423828125, 0.8513990044593811, 0.8513990044593811, 3.0769758224487305, '01:06']
Better model found at epoch 19 with valid_loss value: 0.45583483576774597.
[20, 0.4767531752586365, 0.45800814032554626, 0.9246321320533752, 0.9890670776367188, 0.08322607725858688, 0.17563599348068237, 1.4594374895095825, 0.8607280254364014, 0.8647535443305969, 0.8647535443305969, 1.6286706924438477, '01:07']
[21, 0.4563566744327545, 0.4548248052597046, 0.9193862080574036, 0.9894126653671265, 0.08772154152393341, 0.17540715634822845, 1.4145742654800415, 0.8508158922195435, 0.8567861318588257, 0.8567861318588257, 1.441236972808838, '01:07']
Better model found at epoch 21 with valid_loss value: 0.4548248052597046.
[22, 0.4579167068004608, 0.4868966341018677, 0.9341660737991333, 0.9736232757568359, 0.06952641159296036, 0.1832318753004074, 1.6926661729812622, 0.865597665309906, 0.8822563886642456, 0.8822563886642456, 6.418865203857422, '01:06']
[23, 0.4647315442562103, 0.4713132083415985, 0.9414814710617065, 0.9921162724494934, 0.06327730417251587, 0.17400328814983368, 1.1662614345550537, 0.8844656944274902, 0.8945776224136353, 0.8945776224136353, 0.3230869174003601, '01:07']
[24, 0.4583466351032257, 0.4489135146141052, 0.9133981466293335, 0.9909591674804688, 0.09438668936491013, 0.17463457584381104, 1.3429683446884155, 0.84260094165802, 0.8471396565437317, 0.8471396565437317, 0.9081346392631531, '01:07']
Better model found at epoch 24 with valid_loss value: 0.4489135146141052.
[25, 0.46131667494773865, 0.44837987422943115, 0.9090937376022339, 0.9873717427253723, 0.09724438935518265, 0.17651928961277008, 1.4987319707870483, 0.8289859294891357, 0.8384566307067871, 0.8384566307067871, 2.1295297145843506, '01:06']
Better model found at epoch 25 with valid_loss value: 0.44837987422943115.
[26, 0.46573981642723083, 0.4593091607093811, 0.9181402325630188, 0.9852055907249451, 0.08710632473230362, 0.17760881781578064, 1.524095892906189, 0.8461925983428955, 0.8556486368179321, 0.8556486368179321, 2.5109565258026123, '01:06']
[27, 0.4570960998535156, 0.45654296875, 0.9140602350234985, 0.983812689781189, 0.09086322039365768, 0.17832544445991516, 1.615731120109558, 0.8332083225250244, 0.8474318981170654, 0.8474318981170654, 3.4408416748046875, '01:06']
[28, 0.46240976452827454, 0.44046488404273987, 0.900580883026123, 0.9884384870529175, 0.10677868127822876, 0.1760164350271225, 1.4923529624938965, 0.8189407587051392, 0.8260364532470703, 0.8260364532470703, 1.9110734462738037, '01:07']
Better model found at epoch 28 with valid_loss value: 0.44046488404273987.
[29, 0.45976677536964417, 0.43697071075439453, 0.8986741900444031, 0.9889519214630127, 0.11119464784860611, 0.17577198147773743, 1.4432101249694824, 0.8145856261253357, 0.8231061100959778, 0.8231061100959778, 1.6242015361785889, '01:07']
Better model found at epoch 29 with valid_loss value: 0.43697071075439453.
[30, 0.4572114944458008, 0.43498897552490234, 0.8961454629898071, 0.9892778992652893, 0.11272824555635452, 0.17563046514987946, 1.460767388343811, 0.8123950958251953, 0.818884015083313, 0.818884015083313, 1.6016067266464233, '01:06']
Better model found at epoch 30 with valid_loss value: 0.43498897552490234.
[31, 0.4561116397380829, 0.45095691084861755, 0.9146959185600281, 0.9901607632637024, 0.09211526066064835, 0.1750253587961197, 1.3985610008239746, 0.845339298248291, 0.8495054244995117, 0.8495054244995117, 1.2074085474014282, '01:07']
[32, 0.4507894814014435, 0.4462302327156067, 0.9092027544975281, 0.9894838333129883, 0.09889192879199982, 0.17539818584918976, 1.4244122505187988, 0.8352935910224915, 0.8407712578773499, 0.8407712578773499, 1.4754605293273926, '01:06']
[33, 0.4405995309352875, 0.45403820276260376, 0.916063666343689, 0.9886356592178345, 0.08955583721399307, 0.17589274048805237, 1.4191786050796509, 0.8428933024406433, 0.8512798547744751, 0.8512798547744751, 1.4746540784835815, '01:07']
[34, 0.4549916684627533, 0.46334728598594666, 0.9259535670280457, 0.9854777455329895, 0.07959040254354477, 0.1774129718542099, 1.5788472890853882, 0.8562647700309753, 0.866187572479248, 0.866187572479248, 3.022927761077881, '01:07']
[35, 0.4537723660469055, 0.44546815752983093, 0.9035773873329163, 0.9847767949104309, 0.10354640334844589, 0.17791599035263062, 1.583026647567749, 0.814143717288971, 0.8305708765983582, 0.8305708765983582, 2.929105043411255, '01:07']
[36, 0.4424571990966797, 0.4529798924922943, 0.9114560484886169, 0.9863765239715576, 0.093532495200634, 0.17708715796470642, 1.513934850692749, 0.8357986807823181, 0.8458712100982666, 0.8458712100982666, 2.476881504058838, '01:07']
[37, 0.4566330313682556, 0.4408870041370392, 0.8970454931259155, 0.9851372241973877, 0.10990092158317566, 0.177842915058136, 1.587555170059204, 0.8034518361091614, 0.8204647302627563, 0.8204647302627563, 3.060337781906128, '01:06']
[38, 0.45092353224754333, 0.4417293965816498, 0.898497998714447, 0.9864622950553894, 0.10726005584001541, 0.17709064483642578, 1.5507392883300781, 0.8105144500732422, 0.8234757781028748, 0.8234757781028748, 2.6460678577423096, '01:07']
No improvement since epoch 30: early stopping
----------
1
----------
DLS create!
[0, 0.5698498487472534, 0.5401150584220886, 0.990738034248352, 0.990910530090332, 0.00010184603888774291, 0.19414161145687103, 1.1730388402938843, 0.9937836527824402, 0.9817198514938354, 0.9817198514938354, 0.04005344957113266, '01:08']
Better model found at epoch 0 with valid_loss value: 0.5401150584220886.
[1, 0.526618480682373, 0.5390611886978149, 0.9861182570457458, 0.9900587797164917, 0.0006701040547341108, 0.18233929574489594, 1.3108495473861694, 0.9802114367485046, 0.9727423787117004, 0.9727423787117004, 0.23504942655563354, '01:07']
Better model found at epoch 1 with valid_loss value: 0.5390611886978149.
[2, 0.5079066753387451, 0.49994927644729614, 0.9722986817359924, 0.9910405874252319, 1.8747656440609717e-06, 0.17900975048542023, 1.3189361095428467, 0.949191153049469, 0.9466260671615601, 0.9466260671615601, 3.258627111790702e-05, '01:08']
Better model found at epoch 2 with valid_loss value: 0.49994927644729614.
[3, 0.49922439455986023, 0.4897661507129669, 0.9610210061073303, 0.9860550165176392, 0.05733718350529671, 0.17687390744686127, 1.378422737121582, 0.9273771643638611, 0.9259853363037109, 0.9259853363037109, 1.397682547569275, '01:07']
Better model found at epoch 3 with valid_loss value: 0.4897661507129669.
[4, 0.492985337972641, 0.4935281574726105, 0.9557967185974121, 0.9780684113502502, 0.056432925164699554, 0.18046976625919342, 1.5552054643630981, 0.9134458303451538, 0.9167964458465576, 0.9167964458465576, 3.6058247089385986, '01:06']
[5, 0.48611554503440857, 0.4947861135005951, 0.9473145008087158, 0.9733535051345825, 0.05954261124134064, 0.18276047706604004, 1.664933681488037, 0.8918872475624084, 0.9017622470855713, 0.9017622470855713, 4.7386088371276855, '01:07']
[6, 0.4876291751861572, 0.47878894209861755, 0.9431869983673096, 0.9841079711914062, 0.06779535859823227, 0.1771942675113678, 1.4774266481399536, 0.8945469856262207, 0.8947532773017883, 0.8947532773017883, 1.960734248161316, '01:07']
Better model found at epoch 6 with valid_loss value: 0.47878894209861755.
[7, 0.48045361042022705, 0.4744005501270294, 0.9366640448570251, 0.9851251840591431, 0.07308872044086456, 0.17651621997356415, 1.4602056741714478, 0.8842235207557678, 0.8838778734207153, 0.8838778734207153, 1.6088683605194092, '01:07']
Better model found at epoch 7 with valid_loss value: 0.4744005501270294.
[8, 0.4854537546634674, 0.4810270369052887, 0.9483394026756287, 0.9892866611480713, 0.06203250586986542, 0.17453056573867798, 1.2555201053619385, 0.9022295475006104, 0.9039136171340942, 0.9039136171340942, 0.5176603198051453, '01:07']
[9, 0.47673115134239197, 0.480972558259964, 0.9460832476615906, 0.9891277551651001, 0.060534119606018066, 0.17462435364723206, 1.2909109592437744, 0.8981440663337708, 0.9000191688537598, 0.9000191688537598, 0.590230405330658, '01:06']
[10, 0.4781728982925415, 0.46601688861846924, 0.9290007948875427, 0.9880151152610779, 0.08076545596122742, 0.17527733743190765, 1.3726813793182373, 0.8714406490325928, 0.8707818984985352, 0.8707818984985352, 0.9332179427146912, '01:07']
Better model found at epoch 10 with valid_loss value: 0.46601688861846924.
[11, 0.4776149392127991, 0.4745230972766876, 0.9377987384796143, 0.989815354347229, 0.07021127641201019, 0.17424029111862183, 1.2312134504318237, 0.8795310854911804, 0.8863105773925781, 0.8863105773925781, 0.4705219566822052, '01:07']
[12, 0.4747559428215027, 0.48235514760017395, 0.93947833776474, 0.9818913340568542, 0.0659138485789299, 0.17823849618434906, 1.5596814155578613, 0.8857640624046326, 0.8888276815414429, 0.8888276815414429, 2.834129810333252, '01:07']
[13, 0.4664642810821533, 0.45804086327552795, 0.9119627475738525, 0.9856049418449402, 0.09394484758377075, 0.17658337950706482, 1.4885002374649048, 0.8424876928329468, 0.8436251878738403, 0.8436251878738403, 1.5502039194107056, '01:08']
Better model found at epoch 13 with valid_loss value: 0.45804086327552795.
[14, 0.4714775085449219, 0.44410303235054016, 0.8996396064758301, 0.9888828992843628, 0.10949220508337021, 0.17490507662296295, 1.3283566236495972, 0.8226841688156128, 0.8248793482780457, 0.8248792290687561, 0.8139024972915649, '01:07']
Better model found at epoch 14 with valid_loss value: 0.44410303235054016.
[15, 0.46364670991897583, 0.46351173520088196, 0.9226449131965637, 0.9904986619949341, 0.08357962220907211, 0.17396287620067596, 1.1581450700759888, 0.8484451174736023, 0.8640575408935547, 0.8640575408935547, 0.34357914328575134, '01:07']
[16, 0.4552164077758789, 0.4587143063545227, 0.9127103090286255, 0.9849594235420227, 0.09360850602388382, 0.17688460648059845, 1.4303926229476929, 0.8393146991729736, 0.8453271985054016, 0.8453271985054016, 1.461977243423462, '01:07']
[17, 0.46083906292915344, 0.4447699785232544, 0.9016145467758179, 0.9887078404426575, 0.10785295069217682, 0.17498920857906342, 1.3411270380020142, 0.825355052947998, 0.8279908299446106, 0.8279908299446106, 0.8373748660087585, '01:07']
[18, 0.4565068185329437, 0.44025740027427673, 0.8934239149093628, 0.9874119162559509, 0.11448147892951965, 0.17579053342342377, 1.4027613401412964, 0.811315655708313, 0.8149251937866211, 0.8149251937866211, 1.1102887392044067, '01:07']
Better model found at epoch 18 with valid_loss value: 0.44025740027427673.
[19, 0.45893239974975586, 0.437824547290802, 0.8908200263977051, 0.9883586168289185, 0.1175956055521965, 0.17524869740009308, 1.3713942766189575, 0.8074886798858643, 0.8114736676216125, 0.8114736676216125, 1.0993980169296265, '01:07']
Better model found at epoch 19 with valid_loss value: 0.437824547290802.
[20, 0.4586876630783081, 0.4506484568119049, 0.9076251983642578, 0.9896873235702515, 0.10043085366487503, 0.1744297742843628, 1.2437270879745483, 0.8292760252952576, 0.8395035862922668, 0.8395035862922668, 0.5690637230873108, '01:07']
[21, 0.4509025514125824, 0.4643194377422333, 0.9123215079307556, 0.9812871217727661, 0.09184126555919647, 0.17891643941402435, 1.6024636030197144, 0.8324769139289856, 0.8437915444374084, 0.8437915444374084, 2.745279550552368, '01:07']
[22, 0.45553621649742126, 0.47210171818733215, 0.9213983416557312, 0.976372241973877, 0.0837068185210228, 0.1809934377670288, 1.6483434438705444, 0.8415668606758118, 0.8583117127418518, 0.8583117127418518, 4.452391147613525, '01:07']
[23, 0.4453394412994385, 0.4326748251914978, 0.8835856318473816, 0.9876543879508972, 0.12474080920219421, 0.17562280595302582, 1.3928653001785278, 0.7940912842750549, 0.799918532371521, 0.799918532371521, 1.2159382104873657, '01:07']
Better model found at epoch 23 with valid_loss value: 0.4326748251914978.
[24, 0.445576012134552, 0.4351058304309845, 0.8866537809371948, 0.9885348081588745, 0.12118283659219742, 0.1751466989517212, 1.346718668937683, 0.8017385601997375, 0.8064053058624268, 0.8064053058624268, 0.9829599261283875, '01:07']
[25, 0.4434445798397064, 0.45291393995285034, 0.8999319672584534, 0.983576774597168, 0.10451092571020126, 0.17772603034973145, 1.5242559909820557, 0.8150923252105713, 0.8257995247840881, 0.8257995247840881, 2.519239664077759, '01:07']
[26, 0.4487806260585785, 0.4393415153026581, 0.8923568725585938, 0.9898322224617004, 0.11487839370965958, 0.17443810403347015, 1.260809302330017, 0.8062681555747986, 0.8159254193305969, 0.8159254193305969, 0.6722958087921143, '01:07']
[27, 0.44752296805381775, 0.43565914034843445, 0.8889583349227905, 0.9894516468048096, 0.11960866302251816, 0.1746644526720047, 1.2918472290039062, 0.8025510907173157, 0.8101717829704285, 0.8101717829704285, 0.7578598260879517, '01:07']
[28, 0.458734929561615, 0.44063571095466614, 0.8943526148796082, 0.9881622791290283, 0.11409883201122284, 0.1753082275390625, 1.3707610368728638, 0.812609076499939, 0.8182729482650757, 0.8182729482650757, 1.1055529117584229, '01:07']
[29, 0.4535677134990692, 0.44624194502830505, 0.9012589454650879, 0.9866873025894165, 0.10623631626367569, 0.17604616284370422, 1.4533886909484863, 0.8225412964820862, 0.826825737953186, 0.826825737953186, 1.5704149007797241, '01:08']
[30, 0.43162399530410767, 0.444900780916214, 0.8942406177520752, 0.9874513149261475, 0.11032705008983612, 0.17572829127311707, 1.3267565965652466, 0.8087381720542908, 0.8182988166809082, 0.8182988166809082, 0.9201877117156982, '01:07']
[31, 0.44808149337768555, 0.43380045890808105, 0.885408341884613, 0.9898890852928162, 0.12284886837005615, 0.17441967129707336, 1.244418978691101, 0.7965972423553467, 0.8063050508499146, 0.8063050508499146, 0.6073263883590698, '01:09']
No improvement since epoch 23: early stopping
----------
2
----------
DLS create!
[0, 0.5670121312141418, 0.6454834938049316, 0.9928489923477173, 0.9899844527244568, 0.0014727064408361912, 0.20027419924736023, 1.5512415170669556, 0.9953112006187439, 0.9858644008636475, 0.9858644008636475, 1.614978551864624, '01:08']
Better model found at epoch 0 with valid_loss value: 0.6454834938049316.
[1, 0.5240680575370789, 0.5174917578697205, 0.9821655750274658, 0.9922623038291931, 0.013136588968336582, 0.1890394240617752, 1.413539171218872, 0.962220311164856, 0.9654195308685303, 0.9654195308685303, 0.5590648651123047, '01:07']
Better model found at epoch 1 with valid_loss value: 0.5174917578697205.
[2, 0.504824161529541, 0.5038339495658875, 0.9702258706092834, 0.976415753364563, 0.04889163374900818, 0.1849706619977951, 1.5946717262268066, 0.9352868795394897, 0.9435927867889404, 0.9435927867889404, 8.360150337219238, '01:07']
Better model found at epoch 2 with valid_loss value: 0.5038339495658875.
[3, 0.49609386920928955, 0.4802347421646118, 0.9561281204223633, 0.9866358041763306, 0.060637813061475754, 0.17744870483875275, 1.4768474102020264, 0.9163669943809509, 0.9187558889389038, 0.9187559485435486, 3.9211344718933105, '01:07']
Better model found at epoch 3 with valid_loss value: 0.4802347421646118.
[4, 0.4886034429073334, 0.47615596652030945, 0.9478487372398376, 0.9859164357185364, 0.0628427192568779, 0.17740926146507263, 1.5522146224975586, 0.8999678492546082, 0.9050691723823547, 0.9050691723823547, 3.8952689170837402, '01:08']
Better model found at epoch 4 with valid_loss value: 0.47615596652030945.
[5, 0.4882797300815582, 0.4775661826133728, 0.9523724317550659, 0.9899823665618896, 0.05831066519021988, 0.1754596084356308, 1.4230507612228394, 0.9121405482292175, 0.9125690460205078, 0.9125690460205078, 1.747381567955017, '01:07']
[6, 0.4890758693218231, 0.47604337334632874, 0.9456827640533447, 0.9853471517562866, 0.06307781487703323, 0.17757976055145264, 1.5672526359558105, 0.8980745077133179, 0.9021101593971252, 0.9021101593971252, 4.086981296539307, '01:07']
Better model found at epoch 6 with valid_loss value: 0.47604337334632874.
[7, 0.4831103980541229, 0.4724535346031189, 0.9429250955581665, 0.9879767894744873, 0.0649838075041771, 0.17631196975708008, 1.5239942073822021, 0.8924664855003357, 0.8961295485496521, 0.8961295485496521, 3.125655174255371, '01:07']
Better model found at epoch 7 with valid_loss value: 0.4724535346031189.
[8, 0.4873429536819458, 0.4940703809261322, 0.9706883430480957, 0.9922742247581482, 0.036279141902923584, 0.17425715923309326, 1.2763301134109497, 0.9402354955673218, 0.9441627264022827, 0.9441627264022827, 0.7136152386665344, '01:07']
[9, 0.48424267768859863, 0.4707764983177185, 0.9441372752189636, 0.991831362247467, 0.06640226393938065, 0.17449860274791718, 1.3219138383865356, 0.8955612182617188, 0.8990978002548218, 0.8990978002548218, 0.916446328163147, '01:07']
Better model found at epoch 9 with valid_loss value: 0.4707764983177185.
[10, 0.4842420816421509, 0.46788111329078674, 0.9340153336524963, 0.9858367443084717, 0.07426503300666809, 0.1777612715959549, 1.5923250913619995, 0.8728336095809937, 0.8818698525428772, 0.8818698525428772, 3.6765756607055664, '01:08']
Better model found at epoch 10 with valid_loss value: 0.46788111329078674.
[11, 0.4701184332370758, 0.4506497383117676, 0.9185870885848999, 0.9902796745300293, 0.09159243106842041, 0.17534621059894562, 1.4475984573364258, 0.8539990782737732, 0.8575096726417542, 0.8575096726417542, 1.8812391757965088, '01:07']
Better model found at epoch 11 with valid_loss value: 0.4506497383117676.
[12, 0.47609207034111023, 0.47097548842430115, 0.9388850927352905, 0.9857199788093567, 0.06790289282798767, 0.17724953591823578, 1.5713467597961426, 0.8822838068008423, 0.8894267678260803, 0.8894267678260803, 4.349517345428467, '01:08']
[13, 0.46796131134033203, 0.45690101385116577, 0.9224558472633362, 0.9891141057014465, 0.08314818888902664, 0.17590363323688507, 1.4939435720443726, 0.8595453500747681, 0.8646780252456665, 0.8646780252456665, 2.274135112762451, '01:08']
[14, 0.4679689407348633, 0.4564937651157379, 0.9259723424911499, 0.9917811751365662, 0.08348104357719421, 0.1744564175605774, 1.3568737506866455, 0.8629680871963501, 0.8694684505462646, 0.8694684505462646, 1.1472278833389282, '01:07']
[15, 0.46569663286209106, 0.46833547949790955, 0.9337639212608337, 0.9857262969017029, 0.07276945561170578, 0.17759577929973602, 1.5754947662353516, 0.8710500597953796, 0.8813579082489014, 0.8813579082489014, 3.603036880493164, '01:07']
[16, 0.46773436665534973, 0.45002514123916626, 0.9186916351318359, 0.9917476773262024, 0.09170083701610565, 0.1746218055486679, 1.3729305267333984, 0.8519768118858337, 0.8574121594429016, 0.8574121594429016, 1.1095069646835327, '01:07']
Better model found at epoch 16 with valid_loss value: 0.45002514123916626.
[17, 0.45417332649230957, 0.46819940209388733, 0.9354471564292908, 0.9894273281097412, 0.06862297654151917, 0.17572081089019775, 1.459216833114624, 0.8792667984962463, 0.8841554522514343, 0.8841554522514343, 1.6120922565460205, '01:07']
[18, 0.4602770209312439, 0.44848933815956116, 0.9145494699478149, 0.9894724488258362, 0.09276366978883743, 0.17578695714473724, 1.4871652126312256, 0.8398464322090149, 0.8492183089256287, 0.8492183089256287, 2.095261335372925, '01:07']
Better model found at epoch 18 with valid_loss value: 0.44848933815956116.
[19, 0.45338109135627747, 0.4441846013069153, 0.9088503122329712, 0.991317629814148, 0.09879724681377411, 0.17480343580245972, 1.3776060342788696, 0.8359495997428894, 0.8429942727088928, 0.8429942727088928, 1.411745548248291, '01:07']
Better model found at epoch 19 with valid_loss value: 0.4441846013069153.
[20, 0.45834994316101074, 0.4539155662059784, 0.9195044636726379, 0.9887581467628479, 0.08659511804580688, 0.1761014610528946, 1.5213041305541992, 0.8465519547462463, 0.8569457530975342, 0.8569457530975342, 2.522118330001831, '01:07']
[21, 0.45546776056289673, 0.4380807876586914, 0.8996118307113647, 0.9899511933326721, 0.10832446068525314, 0.17562514543533325, 1.465807318687439, 0.8189767003059387, 0.8281008005142212, 0.8281008005142212, 1.7801015377044678, '01:08']
Better model found at epoch 21 with valid_loss value: 0.4380807876586914.
[22, 0.457968145608902, 0.4459076523780823, 0.9078025221824646, 0.9898260235786438, 0.09756936132907867, 0.17560411989688873, 1.4787249565124512, 0.8319591879844666, 0.839165210723877, 0.839165210723877, 1.923525094985962, '01:07']
[23, 0.4561520218849182, 0.46245092153549194, 0.9300755262374878, 0.9916468262672424, 0.07538247108459473, 0.1745697259902954, 1.3037644624710083, 0.872195303440094, 0.8767240047454834, 0.8767239451408386, 0.7349193096160889, '01:07']
[24, 0.4581754207611084, 0.43854475021362305, 0.9017866253852844, 0.991180419921875, 0.10615064948797226, 0.17495404183864594, 1.4144402742385864, 0.8262379765510559, 0.8329573273658752, 0.8329573273658752, 1.4205126762390137, '01:07']
[25, 0.44815123081207275, 0.46458563208580017, 0.9275581240653992, 0.9877927899360657, 0.07561758905649185, 0.17658616602420807, 1.5317699909210205, 0.8620823621749878, 0.871029257774353, 0.871029257774353, 2.4859437942504883, '01:07']
[26, 0.44815438985824585, 0.4387306571006775, 0.8986040949821472, 0.989957869052887, 0.10668548941612244, 0.17562219500541687, 1.4429974555969238, 0.813510537147522, 0.8262007236480713, 0.8262007236480713, 1.6438889503479004, '01:07']
[27, 0.45538660883903503, 0.44805824756622314, 0.9110845327377319, 0.9861027002334595, 0.09623304754495621, 0.17758134007453918, 1.5973353385925293, 0.8271934986114502, 0.8438076376914978, 0.8438076376914978, 3.7786941528320312, '01:07']
[28, 0.4570247530937195, 0.4936298429965973, 0.951980710029602, 0.9817695617675781, 0.051064979285001755, 0.17908217012882233, 1.469477891921997, 0.9118441343307495, 0.9148074984550476, 0.9148074984550476, 14.988889694213867, '01:07']
[29, 0.4471260607242584, 0.44119057059288025, 0.9030632376670837, 0.9886798858642578, 0.10269198566675186, 0.17614199221134186, 1.5361273288726807, 0.8176108002662659, 0.8313327431678772, 0.8313327431678772, 3.0142629146575928, '01:08']
No improvement since epoch 21: early stopping
----------
3
----------
DLS create!
[0, 0.5807803869247437, 0.542177140712738, 0.9905518293380737, 0.9916929602622986, 0.0009988502133637667, 0.19758085906505585, 1.2141797542572021, 0.9914013743400574, 0.9813966751098633, 0.9813966751098633, 0.02339494600892067, '01:07']
Better model found at epoch 0 with valid_loss value: 0.542177140712738.
[1, 0.526348888874054, 0.516896665096283, 0.9815419912338257, 0.9898167252540588, 0.019542215391993523, 0.18504823744297028, 1.4088655710220337, 0.9652974605560303, 0.964103639125824, 0.964103639125824, 0.8735881447792053, '01:07']
Better model found at epoch 1 with valid_loss value: 0.516896665096283.
[2, 0.5065084099769592, 0.4994431138038635, 0.9741495847702026, 0.9885708689689636, 0.039045415818691254, 0.1776212602853775, 1.3644331693649292, 0.9516252279281616, 0.9503005146980286, 0.9503005146980286, 1.4662108421325684, '01:07']
Better model found at epoch 2 with valid_loss value: 0.4994431138038635.
[3, 0.5026465058326721, 0.4940261244773865, 0.9638113975524902, 0.9823989868164062, 0.04954099282622337, 0.17845945060253143, 1.4800766706466675, 0.9288832545280457, 0.9314164519309998, 0.9314164519309998, 3.9963133335113525, '01:08']
Better model found at epoch 3 with valid_loss value: 0.4940261244773865.
[4, 0.49374085664749146, 0.49814483523368835, 0.959073543548584, 0.9728816151618958, 0.04870812967419624, 0.18253007531166077, 1.644108772277832, 0.9138910174369812, 0.923164427280426, 0.923164427280426, 8.26910400390625, '01:07']
[5, 0.49426424503326416, 0.49368488788604736, 0.9586313366889954, 0.9831284284591675, 0.04768887162208557, 0.17799288034439087, 1.5594735145568848, 0.9190815091133118, 0.922432005405426, 0.922432005405426, 3.751680850982666, '01:07']
Better model found at epoch 5 with valid_loss value: 0.49368488788604736.
[6, 0.49019044637680054, 0.4874318838119507, 0.9554845690727234, 0.9873601198196411, 0.05245739221572876, 0.17566624283790588, 1.4194508790969849, 0.9167324900627136, 0.9176806211471558, 0.9176806211471558, 2.002512216567993, '01:09']
Better model found at epoch 6 with valid_loss value: 0.4874318838119507.
[7, 0.48377618193626404, 0.48508405685424805, 0.9540810585021973, 0.9885861277580261, 0.0541781410574913, 0.17535072565078735, 1.3928126096725464, 0.9146551489830017, 0.9148223996162415, 0.9148223996162415, 1.291090726852417, '01:08']
Better model found at epoch 7 with valid_loss value: 0.48508405685424805.
[8, 0.47879940271377563, 0.5308724045753479, 0.9655279517173767, 0.9749600291252136, 0.039867814630270004, 0.18234676122665405, 1.6341336965560913, 0.9381532669067383, 0.935850203037262, 0.935850203037262, 6.097801208496094, '01:07']
[9, 0.48886334896087646, 0.4868399500846863, 0.9528623223304749, 0.9853142499923706, 0.053993213921785355, 0.17691688239574432, 1.5005916357040405, 0.909823477268219, 0.9129741191864014, 0.9129741191864014, 2.6207966804504395, '01:08']
[10, 0.4788312315940857, 0.786069393157959, 0.9855321645736694, 0.8105741739273071, 0.014505847357213497, 0.26028767228126526, 1.945538878440857, 0.9626603126525879, 0.9718596935272217, 0.9718596935272217, 79.88131713867188, '01:07']
[11, 0.48157498240470886, 0.47199833393096924, 0.936464786529541, 0.9862374663352966, 0.07244560867547989, 0.17646019160747528, 1.464752435684204, 0.8838965892791748, 0.8853546380996704, 0.8853546380996704, 1.82872474193573, '01:07']
Better model found at epoch 11 with valid_loss value: 0.47199833393096924.
[12, 0.47394630312919617, 0.46810418367385864, 0.9310517311096191, 0.9892230033874512, 0.07590054720640182, 0.17510300874710083, 1.3077527284622192, 0.8747227787971497, 0.8786150813102722, 0.8786150813102722, 1.0165835618972778, '01:08']
Better model found at epoch 12 with valid_loss value: 0.46810418367385864.
[13, 0.4668991267681122, 0.48707759380340576, 0.9549045562744141, 0.9915488362312317, 0.049217402935028076, 0.17366106808185577, 1.1339434385299683, 0.9010500907897949, 0.9174799919128418, 0.9174799919128418, 0.2737695276737213, '01:07']
[14, 0.4627338945865631, 0.4956226050853729, 0.9453617930412292, 0.9763970971107483, 0.05801088735461235, 0.18145011365413666, 1.6835899353027344, 0.8888221979141235, 0.8999553322792053, 0.8999553322792053, 5.082239627838135, '01:07']
[15, 0.46288275718688965, 0.4722592532634735, 0.936518669128418, 0.9908382892608643, 0.06916628032922745, 0.17413003742694855, 1.2361563444137573, 0.8810816407203674, 0.8879650235176086, 0.8879650235176086, 0.5759676694869995, '01:07']
[16, 0.45397576689720154, 0.4785767197608948, 0.9419867396354675, 0.9908965826034546, 0.06180844455957413, 0.17404866218566895, 1.1977752447128296, 0.885746419429779, 0.89725261926651, 0.89725261926651, 0.4644644260406494, '01:07']
[17, 0.4581558108329773, 0.465606689453125, 0.9260798096656799, 0.9891843199729919, 0.07944123446941376, 0.17508290708065033, 1.3427295684814453, 0.8674386143684387, 0.8704383373260498, 0.8704383373260498, 1.0342375040054321, '01:08']
Better model found at epoch 17 with valid_loss value: 0.465606689453125.
[18, 0.4632335305213928, 0.4614725112915039, 0.9227315783500671, 0.9885129928588867, 0.08444306999444962, 0.17533989250659943, 1.4126551151275635, 0.8581593632698059, 0.8635388612747192, 0.8635388612747192, 1.4510968923568726, '01:07']
Better model found at epoch 18 with valid_loss value: 0.4614725112915039.
[19, 0.46054205298423767, 0.45978373289108276, 0.9201508164405823, 0.9888511896133423, 0.08608212321996689, 0.17527946829795837, 1.3824158906936646, 0.8546955585479736, 0.8613922595977783, 0.8613922595977783, 1.3005955219268799, '01:07']
Better model found at epoch 19 with valid_loss value: 0.45978373289108276.
[20, 0.47470778226852417, 0.4758475422859192, 0.9309566020965576, 0.9820462465286255, 0.07309543341398239, 0.17864784598350525, 1.6003588438034058, 0.8669058084487915, 0.8773491978645325, 0.8773491978645325, 4.021463871002197, '01:07']
[21, 0.4642072021961212, 0.4585292339324951, 0.9197097420692444, 0.9898163676261902, 0.0867341011762619, 0.17475388944149017, 1.3531458377838135, 0.8537877202033997, 0.8599032163619995, 0.8599032163619995, 1.1002678871154785, '01:08']
Better model found at epoch 21 with valid_loss value: 0.4585292339324951.
[22, 0.44938918948173523, 0.4553758203983307, 0.9140830039978027, 0.988002359867096, 0.09286809712648392, 0.17570829391479492, 1.4571654796600342, 0.8429170250892639, 0.8498141169548035, 0.8498141169548035, 1.7550297975540161, '01:07']
Better model found at epoch 22 with valid_loss value: 0.4553758203983307.
[23, 0.44735780358314514, 0.4566749334335327, 0.9130859375, 0.9861893653869629, 0.09207369387149811, 0.17670883238315582, 1.5333853960037231, 0.8360064029693604, 0.846930980682373, 0.846930980682373, 2.410977840423584, '01:08']
[24, 0.4558123052120209, 0.4560343325138092, 0.9149215817451477, 0.9894944429397583, 0.09072292596101761, 0.1749638170003891, 1.3240652084350586, 0.8454944491386414, 0.8523522615432739, 0.8523522615432739, 1.0563503503799438, '01:07']
[25, 0.45350998640060425, 0.4511173963546753, 0.9089658856391907, 0.9885712265968323, 0.09772924333810806, 0.1754523366689682, 1.4066394567489624, 0.8347132205963135, 0.8420014381408691, 0.8420014381408691, 1.4914849996566772, '01:07']
Better model found at epoch 25 with valid_loss value: 0.4511173963546753.
[26, 0.44996052980422974, 0.45546725392341614, 0.9140486717224121, 0.9888048768043518, 0.09282539784908295, 0.17533700168132782, 1.3718376159667969, 0.8414868712425232, 0.8495069146156311, 0.8495069146156311, 1.2503401041030884, '01:07']
[27, 0.4473932087421417, 0.4570198953151703, 0.9144454598426819, 0.9867780208587646, 0.09061134606599808, 0.17631657421588898, 1.4789611101150513, 0.8419521450996399, 0.8496944308280945, 0.8496944308280945, 1.9820805788040161, '01:07']
[28, 0.45167550444602966, 0.4612906575202942, 0.9226136803627014, 0.9910743236541748, 0.08384338766336441, 0.17403408885002136, 1.2444642782211304, 0.8560565710067749, 0.8664594888687134, 0.8664594888687134, 0.634080171585083, '01:07']
[29, 0.45770153403282166, 0.4810873568058014, 0.9348127245903015, 0.9780232310295105, 0.06819885969161987, 0.18035876750946045, 1.659798264503479, 0.8659676313400269, 0.8820366263389587, 0.8820366263389587, 5.168406963348389, '01:07']
[30, 0.44862258434295654, 0.45711541175842285, 0.9125555753707886, 0.9864011406898499, 0.0918131172657013, 0.17665791511535645, 1.4812803268432617, 0.836354672908783, 0.8477959036827087, 0.8477959036827087, 2.0071544647216797, '01:07']
[31, 0.4500037729740143, 0.4473141133785248, 0.9060205221176147, 0.9889999032020569, 0.10193640738725662, 0.17524732649326324, 1.4107513427734375, 0.8281431198120117, 0.8368839025497437, 0.8368839025497437, 1.4673935174942017, '01:07']
Better model found at epoch 31 with valid_loss value: 0.4473141133785248.
[32, 0.4547460377216339, 0.460262268781662, 0.9234113097190857, 0.9907780885696411, 0.0831402912735939, 0.17418988049030304, 1.2757890224456787, 0.8525631427764893, 0.8647418022155762, 0.8647418022155762, 0.7824766635894775, '01:07']
[33, 0.4467660188674927, 0.463188111782074, 0.9220740795135498, 0.991175651550293, 0.08120913058519363, 0.17394517362117767, 1.2141093015670776, 0.8549932837486267, 0.8662927746772766, 0.8662928938865662, 0.5390153527259827, '01:07']
[34, 0.44701144099235535, 0.4498327076435089, 0.9068818092346191, 0.9874128103256226, 0.09917708486318588, 0.17613717913627625, 1.4386142492294312, 0.8284161686897278, 0.8378232717514038, 0.8378232717514038, 1.6312488317489624, '01:07']
[35, 0.4566018283367157, 0.4582643210887909, 0.9163230061531067, 0.9864580631256104, 0.08852275460958481, 0.17651671171188354, 1.4616233110427856, 0.8429911136627197, 0.8529596924781799, 0.8529596924781799, 1.881245732307434, '01:07']
[36, 0.4417026937007904, 0.4531135559082031, 0.911625862121582, 0.9900808930397034, 0.09374196082353592, 0.17460981011390686, 1.3123024702072144, 0.8405407071113586, 0.8484036922454834, 0.8484036922454834, 0.8998223543167114, '01:08']
[37, 0.4513181447982788, 0.4593569040298462, 0.913103461265564, 0.9852851033210754, 0.09088212996721268, 0.17708149552345276, 1.5231515169143677, 0.838749885559082, 0.8484313488006592, 0.8484313488006592, 2.3959474563598633, '01:07']
[38, 0.4460315406322479, 0.4601724147796631, 0.9146180748939514, 0.9847419261932373, 0.08837757259607315, 0.17743992805480957, 1.4782613515853882, 0.840458333492279, 0.8519077301025391, 0.8519077301025391, 2.2176268100738525, '01:07']
[39, 0.4452807307243347, 0.4470006227493286, 0.9054730534553528, 0.9900846481323242, 0.1010766327381134, 0.17459827661514282, 1.3173919916152954, 0.8306971192359924, 0.838383138179779, 0.838383138179779, 1.0032129287719727, '01:07']
Better model found at epoch 39 with valid_loss value: 0.4470006227493286.
[40, 0.43859297037124634, 0.47135090827941895, 0.9229832291603088, 0.9842073917388916, 0.07930593192577362, 0.1776593029499054, 1.5579254627227783, 0.8518518209457397, 0.8639426231384277, 0.8639426231384277, 3.395057201385498, '01:07']
[41, 0.4442167282104492, 0.45710641145706177, 0.9160292744636536, 0.9896695017814636, 0.08834554255008698, 0.17492249608039856, 1.2865253686904907, 0.845207691192627, 0.8554346561431885, 0.8554346561431885, 0.9222493767738342, '01:06']
[42, 0.4387052059173584, 0.45731082558631897, 0.9154883027076721, 0.9904732704162598, 0.08867677301168442, 0.17442472279071808, 1.274379014968872, 0.8476047515869141, 0.8568949103355408, 0.8568949103355408, 0.7736606597900391, '01:06']
[43, 0.44593897461891174, 0.4514431953430176, 0.9069655537605286, 0.9866411685943604, 0.09718365222215652, 0.17644314467906952, 1.5021816492080688, 0.827702522277832, 0.8376993536949158, 0.8376993536949158, 2.254098415374756, '01:07']
[44, 0.4347938299179077, 0.4552868902683258, 0.9107769727706909, 0.9890516400337219, 0.0926966741681099, 0.17518652975559235, 1.3698980808258057, 0.8366422653198242, 0.8460841178894043, 0.8460841178894043, 1.2316181659698486, '01:06']
[45, 0.4609394669532776, 0.4547572433948517, 0.9138754606246948, 0.9896844029426575, 0.09151284396648407, 0.17480318248271942, 1.372458577156067, 0.8437455892562866, 0.8507465124130249, 0.8507465124130249, 1.2547308206558228, '01:07']
[46, 0.44690248370170593, 0.45095619559288025, 0.9086620807647705, 0.9896267652511597, 0.09732937812805176, 0.17489582300186157, 1.3507109880447388, 0.8356773853302002, 0.8434723019599915, 0.8434723019599915, 1.1657795906066895, '01:07']
[47, 0.42734402418136597, 0.45524317026138306, 0.9107835292816162, 0.9887409210205078, 0.0925610288977623, 0.17535729706287384, 1.3685431480407715, 0.837154746055603, 0.8462084531784058, 0.8462084531784058, 1.2106658220291138, '01:07']
No improvement since epoch 39: early stopping
----------
4
----------
DLS create!
[0, 0.5600195527076721, 0.5417685508728027, 0.9929373264312744, 0.9934067130088806, 0.0001059638598235324, 0.19325050711631775, 1.2184966802597046, 0.9941114783287048, 0.9860206842422485, 0.9860206842422485, 0.08565448224544525, '01:06']
Better model found at epoch 0 with valid_loss value: 0.5417685508728027.
[1, 0.5197013020515442, 0.5103558897972107, 0.9872733354568481, 0.9937544465065002, 0.0, 0.18077611923217773, 1.2321194410324097, 0.9783903360366821, 0.9750182628631592, 0.9750182628631592, 0.0, '01:07']
Better model found at epoch 1 with valid_loss value: 0.5103558897972107.
[2, 0.5060181617736816, 0.4971052408218384, 0.9750432372093201, 0.987355649471283, 0.040996890515089035, 0.17831751704216003, 1.3788543939590454, 0.9527155160903931, 0.952244758605957, 0.952244758605957, 2.8799118995666504, '01:07']
Better model found at epoch 2 with valid_loss value: 0.4971052408218384.
[3, 0.4930305778980255, 0.4893497824668884, 0.9628718495368958, 0.9856387972831726, 0.049980528652668, 0.17827071249485016, 1.535807728767395, 0.9277991056442261, 0.9306635856628418, 0.9306635856628418, 4.012667655944824, '01:07']
Better model found at epoch 3 with valid_loss value: 0.4893497824668884.
[4, 0.48939546942710876, 0.4865821301937103, 0.9575716853141785, 0.9827137589454651, 0.050662145018577576, 0.17882907390594482, 1.5813117027282715, 0.9158790111541748, 0.9213149547576904, 0.9213149547576904, 5.157807350158691, '01:07']
Better model found at epoch 4 with valid_loss value: 0.4865821301937103.
[5, 0.4882241487503052, 0.5188788771629333, 0.9553390145301819, 0.9886932969093323, 0.05275598168373108, 0.17586015164852142, 1.4652702808380127, 0.9145506024360657, 0.9169133901596069, 0.9169133901596069, 2.5724947452545166, '01:07']
[6, 0.48969072103500366, 0.4890720546245575, 0.9565864205360413, 0.9869248867034912, 0.05067599564790726, 0.17667680978775024, 1.5061721801757812, 0.9158492088317871, 0.9189151525497437, 0.9189151525497437, 3.453277826309204, '01:07']
[7, 0.49285513162612915, 0.47965067625045776, 0.9549821615219116, 0.9882071018218994, 0.056251198053359985, 0.17649713158607483, 1.478914737701416, 0.9138522744178772, 0.9161710739135742, 0.9161710739135742, 2.747899055480957, '01:07']
Better model found at epoch 7 with valid_loss value: 0.47965067625045776.
[8, 0.4826670289039612, 0.4848666191101074, 0.9533500671386719, 0.9827681183815002, 0.052184365689754486, 0.17867891490459442, 1.6020538806915283, 0.9050262570381165, 0.9134917259216309, 0.9134917259216309, 5.017903804779053, '01:07']
[9, 0.4855022132396698, 0.4767116606235504, 0.9493820667266846, 0.989802360534668, 0.05747595801949501, 0.17562375962734222, 1.4475361108779907, 0.905429482460022, 0.905977725982666, 0.905977725982666, 1.8901840448379517, '01:08']
Better model found at epoch 9 with valid_loss value: 0.4767116606235504.
[10, 0.47934597730636597, 0.5383524298667908, 0.9703529477119446, 0.9464227557182312, 0.03497728332877159, 0.19806663691997528, 1.8143798112869263, 0.9134407639503479, 0.9431864619255066, 0.9431864619255066, 19.766027450561523, '01:07']
[11, 0.4879492223262787, 0.4925685524940491, 0.9629947543144226, 0.9878202676773071, 0.04465506970882416, 0.17670616507530212, 1.51145601272583, 0.9285069108009338, 0.929883599281311, 0.929883599281311, 2.802199363708496, '01:07']
[12, 0.47695061564445496, 0.46916404366493225, 0.9384672045707703, 0.9883944988250732, 0.06933584064245224, 0.1764051914215088, 1.504605770111084, 0.8835543394088745, 0.8893637657165527, 0.8893637657165527, 2.3251683712005615, '01:07']
Better model found at epoch 12 with valid_loss value: 0.46916404366493225.
[13, 0.4746245741844177, 0.4751409590244293, 0.9397506713867188, 0.9805946946144104, 0.06769581884145737, 0.18005163967609406, 1.6519670486450195, 0.8746681809425354, 0.8899703621864319, 0.8899704813957214, 5.524728775024414, '01:07']
[14, 0.48194798827171326, 0.4705544412136078, 0.9380252361297607, 0.988044798374176, 0.07065428048372269, 0.17629051208496094, 1.5052441358566284, 0.8822389841079712, 0.8873606324195862, 0.8873606324195862, 2.6892201900482178, '01:07']
[15, 0.47542065382003784, 0.4808923900127411, 0.9477412700653076, 0.9801453351974487, 0.061255499720573425, 0.18037854135036469, 1.6424837112426758, 0.8858873248100281, 0.9034902453422546, 0.9034902453422546, 5.71453857421875, '01:07']
[16, 0.4706556499004364, 0.49684247374534607, 0.9505037665367126, 0.9735760688781738, 0.05306516960263252, 0.18381965160369873, 1.7484679222106934, 0.8821864724159241, 0.9077613949775696, 0.9077613949775696, 8.512133598327637, '01:07']
[17, 0.4650881886482239, 0.5314826369285583, 0.9596617221832275, 0.9517078399658203, 0.04258246719837189, 0.19420213997364044, 1.8286981582641602, 0.8944231867790222, 0.9244100451469421, 0.9244100451469421, 18.181406021118164, '01:07']
[18, 0.4717738926410675, 0.4512988030910492, 0.9191945791244507, 0.9914460182189941, 0.09054896235466003, 0.17485807836055756, 1.3559622764587402, 0.8512114882469177, 0.8579444289207458, 0.8579444289207458, 1.0028700828552246, '01:07']
Better model found at epoch 18 with valid_loss value: 0.4512988030910492.
[19, 0.47385314106941223, 0.4758304953575134, 0.9360616207122803, 0.9792707562446594, 0.06893694400787354, 0.18091756105422974, 1.6950942277908325, 0.8575664162635803, 0.8822585940361023, 0.8822585940361023, 6.328622817993164, '01:07']
[20, 0.46710461378097534, 0.4986158013343811, 0.9484903812408447, 0.9683347344398499, 0.05509660765528679, 0.18609969317913055, 1.7672892808914185, 0.870633065700531, 0.9038377404212952, 0.9038377404212952, 10.768694877624512, '01:08']
[21, 0.4620470702648163, 0.4690536558628082, 0.9308568835258484, 0.9835955500602722, 0.07366985082626343, 0.17880390584468842, 1.6482874155044556, 0.8558151721954346, 0.8744246363639832, 0.8744246363639832, 4.9758148193359375, '01:07']
[22, 0.46194711327552795, 0.4534200131893158, 0.921216607093811, 0.9899987578392029, 0.08696054667234421, 0.1755751520395279, 1.4555472135543823, 0.8523502945899963, 0.8601415157318115, 0.8601415157318115, 2.209439754486084, '01:08']
[23, 0.4612962007522583, 0.45924240350723267, 0.9269526600837708, 0.9902371168136597, 0.07941002398729324, 0.17534255981445312, 1.4379334449768066, 0.8641226291656494, 0.8701289892196655, 0.8701289892196655, 1.5754990577697754, '01:07']
[24, 0.46157562732696533, 0.4641815423965454, 0.926606297492981, 0.9853971004486084, 0.07817554473876953, 0.1778639405965805, 1.6081526279449463, 0.8575372695922852, 0.8682035803794861, 0.8682035803794861, 3.471550703048706, '01:07']
[25, 0.45656338334083557, 0.4574047029018402, 0.9187359809875488, 0.9848622679710388, 0.08769551664590836, 0.17830733954906464, 1.6178079843521118, 0.8356953859329224, 0.8546029925346375, 0.8546029925346375, 3.8993256092071533, '01:07']
[26, 0.46515628695487976, 0.4588858187198639, 0.9302806854248047, 0.9915584325790405, 0.08022038638591766, 0.17473231256008148, 1.3323553800582886, 0.8693022727966309, 0.87456214427948, 0.87456214427948, 1.3053914308547974, '01:07']
No improvement since epoch 18: early stopping
Linknet_incv4 Done!
