Models will save to Linknet_res152_x
Use resnet152 encoder
Start training...
----------
0
----------
DLS create!
[0, 0.5470260977745056, 0.5257114171981812, 0.9825494289398193, 0.9938206672668457, nan, 0.18841305375099182, 1.1920924186706543, 0.9898179173469543, 0.974329948425293, 0.974329948425293, nan, '01:16']
Better model found at epoch 0 with valid_loss value: 0.5257114171981812.
[1, 0.5168754458427429, 0.5051930546760559, 0.9718730449676514, 0.9937047362327576, 0.00471499701961875, 0.18192462623119354, 1.3274493217468262, 0.9621435403823853, 0.9538529515266418, 0.9538529515266418, inf, '01:17']
Better model found at epoch 1 with valid_loss value: 0.5051930546760559.
[2, 0.505376398563385, 0.49048352241516113, 0.9593085050582886, 0.9891195893287659, 0.04416469857096672, 0.17885234951972961, 1.4383028745651245, 0.9373409152030945, 0.9307535886764526, 0.9307535886764526, inf, '01:16']
Better model found at epoch 2 with valid_loss value: 0.49048352241516113.
[3, 0.494728147983551, 0.4823116362094879, 0.9437617659568787, 0.9815733432769775, 0.05785512551665306, 0.17965874075889587, 1.6361994743347168, 0.9039652347564697, 0.9037668704986572, 0.9037668704986572, inf, '01:15']
Better model found at epoch 3 with valid_loss value: 0.4823116362094879.
[4, 0.48926398158073425, 0.47555139660835266, 0.939651608467102, 0.9855667352676392, 0.06298043578863144, 0.17781907320022583, 1.5729031562805176, 0.898674488067627, 0.8958668112754822, 0.8958668112754822, inf, '01:16']
Better model found at epoch 4 with valid_loss value: 0.47555139660835266.
[5, 0.4831264019012451, 0.4673149287700653, 0.9323856830596924, 0.9893072843551636, 0.06891839951276779, 0.17599119246006012, 1.5069491863250732, 0.8882012963294983, 0.8830636143684387, 0.8830636143684387, inf, '01:16']
Better model found at epoch 5 with valid_loss value: 0.4673149287700653.
[6, 0.47046104073524475, 0.4674355089664459, 0.9331455826759338, 0.9929654002189636, 0.06570272147655487, 0.17409193515777588, 1.2869913578033447, 0.8887369632720947, 0.8860712647438049, 0.8860712647438049, inf, '01:16']
[7, 0.4705362021923065, 0.45735102891921997, 0.9153167605400085, 0.9863250851631165, 0.08183982223272324, 0.1775306761264801, 1.6138263940811157, 0.8532493114471436, 0.8549061417579651, 0.8549061417579651, inf, '01:16']
Better model found at epoch 7 with valid_loss value: 0.45735102891921997.
[8, 0.4816127419471741, 0.44118642807006836, 0.9018895626068115, 0.989891529083252, 0.10114746540784836, 0.17571353912353516, 1.4965338706970215, 0.836563229560852, 0.8326187133789062, 0.8326187133789062, inf, '01:15']
Better model found at epoch 8 with valid_loss value: 0.44118642807006836.
[9, 0.47035571932792664, 0.4449421763420105, 0.9075743556022644, 0.990979790687561, 0.0973605215549469, 0.1751570850610733, 1.4448134899139404, 0.8472988605499268, 0.8419170379638672, 0.8419170379638672, inf, '01:15']
[10, 0.4673786461353302, 0.4617413580417633, 0.9247872829437256, 0.9932972192764282, 0.07348839193582535, 0.1738663911819458, 1.2339892387390137, 0.8716429471969604, 0.8729638457298279, 0.8729638457298279, inf, '01:15']
[11, 0.4607987105846405, 0.43672674894332886, 0.8920919299125671, 0.9913788437843323, 0.10532593727111816, 0.1750187873840332, 1.4221802949905396, 0.8246369957923889, 0.81904137134552, 0.81904137134552, inf, '01:16']
Better model found at epoch 11 with valid_loss value: 0.43672674894332886.
[12, 0.463911235332489, 0.4642125070095062, 0.9140942096710205, 0.9808506369590759, 0.08124756813049316, 0.1804323047399521, 1.7067104578018188, 0.8343312740325928, 0.8530026078224182, 0.8530026078224182, inf, '01:15']
[13, 0.4568771719932556, 0.43785062432289124, 0.8954266309738159, 0.9933961033821106, 0.10475535690784454, 0.1739097535610199, 1.2398613691329956, 0.8245722055435181, 0.8261357545852661, 0.8261357545852661, inf, '01:16']
[14, 0.4582408368587494, 0.42557138204574585, 0.8810533881187439, 0.9909948110580444, 0.11851493269205093, 0.17527122795581818, 1.4695749282836914, 0.8050438761711121, 0.8017370104789734, 0.8017370104789734, inf, '01:15']
Better model found at epoch 14 with valid_loss value: 0.42557138204574585.
[15, 0.4513366222381592, 0.44361376762390137, 0.9016684889793396, 0.9919907450675964, 0.09574839472770691, 0.17460744082927704, 1.3831170797348022, 0.839474081993103, 0.8341548442840576, 0.8341548442840576, inf, '01:17']
[16, 0.4631843566894531, 0.43771395087242126, 0.8895718455314636, 0.9855155944824219, 0.10847481340169907, 0.1782127171754837, 1.644319772720337, 0.8014478087425232, 0.8140824437141418, 0.8140824437141418, inf, '01:15']
[17, 0.46419981122016907, 0.43321841955184937, 0.887385368347168, 0.9884352087974548, 0.1119714006781578, 0.17664726078510284, 1.5627257823944092, 0.809409499168396, 0.811849057674408, 0.811849057674408, inf, '01:16']
[18, 0.443383127450943, 0.4451439678668976, 0.9038975834846497, 0.9938408732414246, 0.09526403993368149, 0.1736626923084259, 1.1778067350387573, 0.8358848094940186, 0.8419642448425293, 0.8419641256332397, inf, '01:15']
[19, 0.4562126696109772, 0.443735808134079, 0.8938195109367371, 0.9842281937599182, 0.10124392062425613, 0.17872129380702972, 1.6699823141098022, 0.8077223896980286, 0.8210176825523376, 0.8210176825523376, inf, '01:16']
[20, 0.4526582956314087, 0.4359884560108185, 0.8883960247039795, 0.9882749319076538, 0.10746916383504868, 0.17663073539733887, 1.5695334672927856, 0.8074132800102234, 0.8121206164360046, 0.8121206164360046, inf, '01:15']
[21, 0.45467692613601685, 0.42512932419776917, 0.8792887926101685, 0.9886482954025269, 0.12075609713792801, 0.17651435732841492, 1.5579230785369873, 0.7952828407287598, 0.7976605892181396, 0.7976605892181396, inf, '01:16']
Better model found at epoch 21 with valid_loss value: 0.42512932419776917.
[22, 0.4573998749256134, 0.422073096036911, 0.875534176826477, 0.9901095628738403, 0.12468437850475311, 0.17583414912223816, 1.4989116191864014, 0.7955467700958252, 0.7934282422065735, 0.7934282422065735, inf, '01:16']
Better model found at epoch 22 with valid_loss value: 0.422073096036911.
[23, 0.4446677565574646, 0.491908997297287, 0.9186344742774963, 0.9664037227630615, 0.07374075055122375, 0.1877913624048233, 1.8097131252288818, 0.8223901987075806, 0.860073983669281, 0.860073983669281, inf, '01:16']
[24, 0.4526327848434448, 0.4200207591056824, 0.8700917959213257, 0.9905192852020264, 0.12783579528331757, 0.1756162941455841, 1.4947713613510132, 0.7845031023025513, 0.7859472036361694, 0.7859472036361694, inf, '01:16']
Better model found at epoch 24 with valid_loss value: 0.4200207591056824.
[25, 0.4508313238620758, 0.4352209270000458, 0.8853235840797424, 0.9864882230758667, 0.11041169613599777, 0.17766009271144867, 1.6154226064682007, 0.7994754910469055, 0.8083794713020325, 0.8083794713020325, inf, '01:16']
[26, 0.4498586058616638, 0.438707172870636, 0.8896140456199646, 0.9839169383049011, 0.10760531574487686, 0.17892587184906006, 1.6657683849334717, 0.7978069186210632, 0.8136767148971558, 0.8136767148971558, inf, '01:16']
[27, 0.44706928730010986, 0.421162873506546, 0.8719857931137085, 0.9913901686668396, 0.12487348169088364, 0.17507950961589813, 1.4445760250091553, 0.7903556823730469, 0.7892415523529053, 0.7892415523529053, inf, '01:15']
[28, 0.4352131485939026, 0.41502752900123596, 0.8645508289337158, 0.9917710423469543, 0.13267138600349426, 0.17494234442710876, 1.4302442073822021, 0.7802160978317261, 0.7777590155601501, 0.7777590155601501, inf, '01:16']
Better model found at epoch 28 with valid_loss value: 0.41502752900123596.
[29, 0.43948423862457275, 0.41906023025512695, 0.871638298034668, 0.9918338656425476, 0.1263352632522583, 0.1748172640800476, 1.4267362356185913, 0.7897126078605652, 0.7869903445243835, 0.7869903445243835, inf, '01:16']
[30, 0.4471750557422638, 0.4294916093349457, 0.8794917464256287, 0.9881631135940552, 0.11601416766643524, 0.1768105924129486, 1.571408748626709, 0.7938142418861389, 0.7988821268081665, 0.7988821268081665, inf, '01:16']
[31, 0.44825154542922974, 0.4184750020503998, 0.8712993264198303, 0.9917904138565063, 0.12804977595806122, 0.17491187155246735, 1.4221746921539307, 0.7918540835380554, 0.7888393402099609, 0.7888393402099609, inf, '01:15']
[32, 0.4484793543815613, 0.41788190603256226, 0.8704244494438171, 0.9926409721374512, 0.1283697932958603, 0.17440170049667358, 1.3428350687026978, 0.7881055474281311, 0.786519467830658, 0.786519467830658, inf, '01:16']
[33, 0.4451678693294525, 0.4124552011489868, 0.863254964351654, 0.9924100041389465, 0.13564686477184296, 0.17457802593708038, 1.3895020484924316, 0.7776358127593994, 0.776146411895752, 0.776146411895752, inf, '01:15']
Better model found at epoch 33 with valid_loss value: 0.4124552011489868.
[34, 0.4371737837791443, 0.44046634435653687, 0.8887465000152588, 0.9857928156852722, 0.10556115210056305, 0.17802715301513672, 1.6222710609436035, 0.8020692467689514, 0.8113328814506531, 0.8113328814506531, inf, '01:16']
[35, 0.4385780096054077, 0.4262768030166626, 0.8806625008583069, 0.9916142821311951, 0.117451012134552, 0.17495737969875336, 1.367219090461731, 0.801795482635498, 0.8022713661193848, 0.8022713661193848, inf, '01:16']
[36, 0.44843533635139465, 0.41441941261291504, 0.8655455112457275, 0.992741048336029, 0.13324904441833496, 0.17442186176776886, 1.3365880250930786, 0.7807176113128662, 0.7795633673667908, 0.7795633673667908, inf, '01:16']
[37, 0.4327186048030853, 0.40943047404289246, 0.8595655560493469, 0.9924945831298828, 0.1385921686887741, 0.17451290786266327, 1.3816696405410767, 0.7718634009361267, 0.7695994973182678, 0.7695994973182678, inf, '01:16']
Better model found at epoch 37 with valid_loss value: 0.40943047404289246.
[38, 0.43974363803863525, 0.4203924238681793, 0.8709881901741028, 0.9932125210762024, 0.1263597011566162, 0.1741163283586502, 1.2891098260879517, 0.7907529473304749, 0.7919065952301025, 0.7919065952301025, inf, '01:15']
[39, 0.44628408551216125, 0.41917890310287476, 0.8737821578979492, 0.9927048087120056, 0.12772372364997864, 0.17439106106758118, 1.342793583869934, 0.7926516532897949, 0.7924039363861084, 0.7924039363861084, inf, '01:16']
[40, 0.43770015239715576, 0.41933882236480713, 0.8696878552436829, 0.9895932078361511, 0.12712152302265167, 0.17607079446315765, 1.5001428127288818, 0.7812563180923462, 0.7862383127212524, 0.7862383127212524, inf, '01:16']
[41, 0.4494839906692505, 0.4087733328342438, 0.8591530323028564, 0.9918918609619141, 0.14088571071624756, 0.1749255359172821, 1.4103355407714844, 0.771786630153656, 0.7692780494689941, 0.7692780494689941, inf, '01:16']
Better model found at epoch 41 with valid_loss value: 0.4087733328342438.
[42, 0.42627590894699097, 0.41325584053993225, 0.8657041192054749, 0.9930909276008606, 0.13386139273643494, 0.17424453794956207, 1.3231230974197388, 0.7837896347045898, 0.7813808917999268, 0.7813808917999268, inf, '01:16']
[43, 0.4432329535484314, 0.4120463728904724, 0.8640772104263306, 0.9920250773429871, 0.13668696582317352, 0.17479208111763, 1.3814822435379028, 0.7795889377593994, 0.7773696184158325, 0.7773696184158325, inf, '01:16']
[44, 0.43237626552581787, 0.41636842489242554, 0.8674076199531555, 0.9928317666053772, 0.13170601427555084, 0.17434953153133392, 1.3158646821975708, 0.7847422957420349, 0.7836883664131165, 0.7836883664131165, inf, '01:16']
[45, 0.44152113795280457, 0.435515820980072, 0.884910523891449, 0.9867976903915405, 0.1104307547211647, 0.17759723961353302, 1.619009256362915, 0.793784499168396, 0.8063194751739502, 0.8063194751739502, inf, '01:15']
[46, 0.43990007042884827, 0.403319776058197, 0.8525928854942322, 0.9927030205726624, 0.1471206098794937, 0.1744690239429474, 1.3762824535369873, 0.7615835666656494, 0.7601307034492493, 0.7601307034492493, inf, '01:16']
Better model found at epoch 46 with valid_loss value: 0.403319776058197.
[47, 0.4292169213294983, 0.3998355269432068, 0.848586916923523, 0.9924719929695129, 0.1510801762342453, 0.17463555932044983, 1.3945063352584839, 0.7524862885475159, 0.7535492777824402, 0.7535492777824402, inf, '01:16']
Better model found at epoch 47 with valid_loss value: 0.3998355269432068.
[48, 0.43395617604255676, 0.4095773696899414, 0.857327938079834, 0.989072859287262, 0.13995318114757538, 0.17642216384410858, 1.5286470651626587, 0.7578561902046204, 0.7643261551856995, 0.7643261551856995, inf, '01:15']
[49, 0.4278098940849304, 0.4154658019542694, 0.8649041056632996, 0.9914323687553406, 0.1305687129497528, 0.17506727576255798, 1.4596314430236816, 0.7779839038848877, 0.7770065665245056, 0.7770065665245056, inf, '01:15']
[50, 0.43567055463790894, 0.43579569458961487, 0.8848491311073303, 0.9879779815673828, 0.10946319997310638, 0.17695572972297668, 1.5670356750488281, 0.8010188937187195, 0.8075931072235107, 0.8075931072235107, inf, '01:15']
[51, 0.428148478269577, 0.4090508222579956, 0.8587431907653809, 0.9930171370506287, 0.14029911160469055, 0.17426936328411102, 1.3338662385940552, 0.771305501461029, 0.7706179022789001, 0.7706179022789001, inf, '01:15']
[52, 0.43081843852996826, 0.41738152503967285, 0.8689568638801575, 0.9925574064254761, 0.12994401156902313, 0.1744626760482788, 1.350151777267456, 0.7891018986701965, 0.7860360145568848, 0.7860360145568848, inf, '01:16']
[53, 0.43712368607521057, 0.40733084082603455, 0.857175350189209, 0.9918940663337708, 0.14133699238300323, 0.17486099898815155, 1.4144655466079712, 0.7650604248046875, 0.7663289308547974, 0.7663289308547974, inf, '01:16']
[54, 0.44012799859046936, 0.412826806306839, 0.8624617457389832, 0.9888699054718018, 0.1347421109676361, 0.17649833858013153, 1.5688101053237915, 0.7654476761817932, 0.7718968391418457, 0.7718968391418457, inf, '01:15']
[55, 0.43811482191085815, 0.41626325249671936, 0.8679916858673096, 0.9919902682304382, 0.13147956132888794, 0.17484110593795776, 1.3851773738861084, 0.7880294919013977, 0.7852592468261719, 0.7852592468261719, inf, '01:15']
No improvement since epoch 47: early stopping
----------
1
----------
DLS create!
[0, 0.5688701868057251, 0.5398231744766235, 0.9932984113693237, 0.9926447868347168, 0.00011843044921988621, 0.19408412277698517, 1.158433198928833, 0.9979403614997864, 0.9867483973503113, 0.9867483973503113, 0.021341878920793533, '01:16']
Better model found at epoch 0 with valid_loss value: 0.5398231744766235.
[1, 0.5203489065170288, 0.5175090432167053, 0.9824753999710083, 0.9876368045806885, 0.026004865765571594, 0.18712188303470612, 1.4834647178649902, 0.9639275670051575, 0.9659666419029236, 0.9659666419029236, 1.9224189519882202, '01:16']
Better model found at epoch 1 with valid_loss value: 0.5175090432167053.
[2, 0.5008888244628906, 0.49492281675338745, 0.9710003137588501, 0.9895919561386108, 0.04887813329696655, 0.17728041112422943, 1.4143085479736328, 0.9444720149040222, 0.944770872592926, 0.944770872592926, 1.222467064857483, '01:17']
Better model found at epoch 2 with valid_loss value: 0.49492281675338745.
[3, 0.49136266112327576, 0.4938424229621887, 0.9597926139831543, 0.9811878204345703, 0.05009106919169426, 0.1797764152288437, 1.62220299243927, 0.9165632724761963, 0.9244565367698669, 0.9244565367698669, 4.512581825256348, '01:16']
Better model found at epoch 3 with valid_loss value: 0.4938424229621887.
[4, 0.47893989086151123, 0.4790773093700409, 0.9503717422485352, 0.9907368421554565, 0.06252238899469376, 0.17482633888721466, 1.3364108800888062, 0.9097021818161011, 0.90926593542099, 0.90926593542099, 0.8399568200111389, '01:16']
Better model found at epoch 4 with valid_loss value: 0.4790773093700409.
[5, 0.4783919155597687, 0.4799017012119293, 0.9454613327980042, 0.9841603636741638, 0.0621572844684124, 0.17758804559707642, 1.5668314695358276, 0.8935678005218506, 0.8996350169181824, 0.8996350169181824, 3.124173641204834, '01:16']
[6, 0.4773140251636505, 0.47073161602020264, 0.9414294362068176, 0.9921484589576721, 0.07128908485174179, 0.17396752536296844, 1.2048777341842651, 0.8878932595252991, 0.893760085105896, 0.893760085105896, 0.43753692507743835, '01:16']
Better model found at epoch 6 with valid_loss value: 0.47073161602020264.
[7, 0.47188350558280945, 0.4705456793308258, 0.9304264187812805, 0.9834681749343872, 0.07424622029066086, 0.1782783567905426, 1.6314325332641602, 0.8608901500701904, 0.873601496219635, 0.873601496219635, 3.6422712802886963, '01:17']
Better model found at epoch 7 with valid_loss value: 0.4705456793308258.
[8, 0.4645766615867615, 0.46864572167396545, 0.9282255172729492, 0.9848670363426208, 0.07683232426643372, 0.17767642438411713, 1.600340723991394, 0.8611128330230713, 0.8704225420951843, 0.8704225420951843, 3.0032503604888916, '01:16']
Better model found at epoch 8 with valid_loss value: 0.46864572167396545.
[9, 0.4645841121673584, 0.4549700617790222, 0.920687198638916, 0.9904657006263733, 0.08944331854581833, 0.17477013170719147, 1.372801423072815, 0.8547349572181702, 0.8581104278564453, 0.8581104278564453, 1.0851773023605347, '01:16']
Better model found at epoch 9 with valid_loss value: 0.4549700617790222.
[10, 0.4665863811969757, 0.47545063495635986, 0.939428448677063, 0.9858507513999939, 0.06685909628868103, 0.17706122994422913, 1.5646471977233887, 0.8833805918693542, 0.8893954157829285, 0.8893954157829285, 2.780848264694214, '01:16']
[11, 0.45700934529304504, 0.4551733434200287, 0.9182702302932739, 0.9887034296989441, 0.09055154770612717, 0.17581741511821747, 1.4693529605865479, 0.8506442308425903, 0.8547448515892029, 0.8547448515892029, 1.5771559476852417, '01:16']
[12, 0.45697644352912903, 0.48406630754470825, 0.9380651712417603, 0.9826058745384216, 0.0661814957857132, 0.1788565218448639, 1.645819902420044, 0.8759927153587341, 0.8860058188438416, 0.8860058188438416, 3.274285078048706, '01:16']
[13, 0.4668179154396057, 0.46348699927330017, 0.9289413094520569, 0.9903122782707214, 0.07835379987955093, 0.17483465373516083, 1.382058024406433, 0.870850145816803, 0.8724784851074219, 0.8724784851074219, 1.0165646076202393, '01:16']
[14, 0.4602740705013275, 0.459364116191864, 0.9248383045196533, 0.9913138747215271, 0.08462773263454437, 0.1743467003107071, 1.312631607055664, 0.8626081943511963, 0.8663459420204163, 0.8663459420204163, 0.7413702011108398, '01:17']
[15, 0.4569278359413147, 0.46700188517570496, 0.9294345378875732, 0.9847949147224426, 0.07698070257902145, 0.17731726169586182, 1.5729190111160278, 0.8619057536125183, 0.8721454739570618, 0.8721454739570618, 3.3800082206726074, '01:17']
[16, 0.4491158425807953, 0.444651335477829, 0.9086830019950867, 0.9910205006599426, 0.10060181468725204, 0.1745675504207611, 1.3493825197219849, 0.8355624079704285, 0.8387703895568848, 0.8387703895568848, 0.8935835361480713, '01:16']
Better model found at epoch 16 with valid_loss value: 0.444651335477829.
[17, 0.4506877660751343, 0.4553626775741577, 0.9185170531272888, 0.9922106862068176, 0.08753499388694763, 0.17387184500694275, 1.2061423063278198, 0.8435790538787842, 0.856911301612854, 0.856911301612854, 0.459850549697876, '01:16']
[18, 0.4484461843967438, 0.4719711244106293, 0.9302016496658325, 0.9844832420349121, 0.07469546794891357, 0.1779382824897766, 1.5706994533538818, 0.8657132983207703, 0.8739562630653381, 0.8739562630653381, 3.1416335105895996, '01:16']
[19, 0.4517837464809418, 0.4524673521518707, 0.9136865735054016, 0.9874966740608215, 0.09281927347183228, 0.1764272004365921, 1.537726640701294, 0.8373984694480896, 0.8463714122772217, 0.8463714122772217, 2.261733055114746, '01:17']
[20, 0.448283851146698, 0.45421937108039856, 0.9178522825241089, 0.9893484711647034, 0.08915936946868896, 0.17535221576690674, 1.4435982704162598, 0.8500456213951111, 0.8543450236320496, 0.8543450236320496, 1.5267788171768188, '01:16']
[21, 0.451213538646698, 0.4461214542388916, 0.9091475009918213, 0.9914699196815491, 0.09950713068246841, 0.17427276074886322, 1.3037071228027344, 0.8354119062423706, 0.841115415096283, 0.841115415096283, 0.8136647939682007, '01:18']
[22, 0.4534512758255005, 0.4628300964832306, 0.9212003350257874, 0.9822882413864136, 0.08429840952157974, 0.17896728217601776, 1.6438316106796265, 0.8371648192405701, 0.8579267263412476, 0.8579267263412476, 3.7191762924194336, '01:16']
[23, 0.4441535472869873, 0.4390302300453186, 0.8986921906471252, 0.9895774722099304, 0.10791733860969543, 0.17529165744781494, 1.4453091621398926, 0.8164715766906738, 0.8233383297920227, 0.8233383297920227, 1.486003041267395, '01:16']
Better model found at epoch 23 with valid_loss value: 0.4390302300453186.
[24, 0.4488861560821533, 0.46919190883636475, 0.9264323115348816, 0.9841336011886597, 0.0797591507434845, 0.17819643020629883, 1.5739234685897827, 0.855524480342865, 0.8663609623908997, 0.8663609623908997, 2.308812141418457, '01:16']
[25, 0.4449697434902191, 0.45300981402397156, 0.9165122509002686, 0.9906825423240662, 0.09059008955955505, 0.17474155128002167, 1.3647665977478027, 0.8490025997161865, 0.8533236384391785, 0.8533236384391785, 1.0804802179336548, '01:16']
[26, 0.44326674938201904, 0.43909263610839844, 0.899745523929596, 0.9914525747299194, 0.1080658808350563, 0.17437711358070374, 1.3156040906906128, 0.8197820782661438, 0.8273363709449768, 0.827336311340332, 0.8179932832717896, '01:17']
[27, 0.4388824701309204, 0.43724068999290466, 0.897718071937561, 0.9912097454071045, 0.11043503880500793, 0.1745268851518631, 1.3334697484970093, 0.8180127739906311, 0.8236849904060364, 0.8236849904060364, 0.8691808581352234, '01:16']
Better model found at epoch 27 with valid_loss value: 0.43724068999290466.
[28, 0.44950562715530396, 0.45662105083465576, 0.9190456867218018, 0.9885213375091553, 0.08676837384700775, 0.17588020861148834, 1.480625867843628, 0.8498565554618835, 0.8560013175010681, 0.8560013175010681, 1.7323474884033203, '01:16']
[29, 0.4462563693523407, 0.4487610459327698, 0.9096083045005798, 0.9911866784095764, 0.09564438462257385, 0.17444905638694763, 1.3151215314865112, 0.8368316888809204, 0.842353343963623, 0.842353343963623, 0.7722077369689941, '01:16']
[30, 0.4455934762954712, 0.45663824677467346, 0.9130946397781372, 0.9863290190696716, 0.09038243442773819, 0.17705099284648895, 1.577741026878357, 0.8344975113868713, 0.8454528450965881, 0.8454528450965881, 2.6102192401885986, '01:16']
[31, 0.4372304081916809, 0.4439693093299866, 0.9054579138755798, 0.9912863373756409, 0.10113053768873215, 0.17444556951522827, 1.3136500120162964, 0.827248215675354, 0.8351890444755554, 0.8351891040802002, 0.8141932487487793, '01:16']
[32, 0.43352827429771423, 0.44824397563934326, 0.9079071283340454, 0.988431453704834, 0.09789121150970459, 0.17597724497318268, 1.468991994857788, 0.8299438953399658, 0.8377928137779236, 0.8377928137779236, 1.6193885803222656, '01:16']
[33, 0.4484829008579254, 0.44527530670166016, 0.9054493308067322, 0.9879186153411865, 0.10033325105905533, 0.17610757052898407, 1.5112519264221191, 0.8233993649482727, 0.8336630463600159, 0.8336630463600159, 2.2280843257904053, '01:16']
[34, 0.4301362931728363, 0.4426461458206177, 0.9007443785667419, 0.9895220994949341, 0.10546261817216873, 0.17544786632061005, 1.3934141397476196, 0.8178842067718506, 0.827877938747406, 0.827877938747406, 1.3130451440811157, '01:16']
[35, 0.4425956606864929, 0.4563422203063965, 0.920944333076477, 0.9922654032707214, 0.08569157868623734, 0.17391352355480194, 1.1853482723236084, 0.8524597883224487, 0.863525390625, 0.863525390625, 0.4258631765842438, '01:17']
No improvement since epoch 27: early stopping
----------
2
----------
DLS create!
[0, 0.5747191905975342, 0.5432038307189941, 0.9919620752334595, 0.9911026358604431, 0.0, 0.19351308047771454, 1.1440324783325195, 0.9974857568740845, 0.9841147065162659, 0.9841147065162659, 0.02079792506992817, '01:16']
Better model found at epoch 0 with valid_loss value: 0.5432038307189941.
[1, 0.5255389213562012, 0.513994038105011, 0.983641505241394, 0.9909242987632751, 0.006116682197898626, 0.1824418306350708, 1.2879403829574585, 0.9731647968292236, 0.9679988026618958, 0.9679988026618958, 0.09804735332727432, '01:16']
Better model found at epoch 1 with valid_loss value: 0.513994038105011.
[2, 0.5065184235572815, 0.49958187341690063, 0.9700025320053101, 0.9854534864425659, 0.04516332224011421, 0.1778508871793747, 1.4190576076507568, 0.9468480944633484, 0.9427319765090942, 0.9427319765090942, 1.826526165008545, '01:17']
Better model found at epoch 2 with valid_loss value: 0.49958187341690063.
[3, 0.4943503737449646, 0.4896756708621979, 0.959259569644928, 0.9864851236343384, 0.05473874509334564, 0.17664195597171783, 1.4205379486083984, 0.9262242317199707, 0.9232259392738342, 0.9232259392738342, 1.5489610433578491, '01:16']
Better model found at epoch 3 with valid_loss value: 0.4896756708621979.
[4, 0.4883870482444763, 0.485470712184906, 0.9507298469543457, 0.9855795502662659, 0.058620646595954895, 0.17654958367347717, 1.4498919248580933, 0.9124342799186707, 0.9091873168945312, 0.9091873168945312, 1.7546659708023071, '01:16']
Better model found at epoch 4 with valid_loss value: 0.485470712184906.
[5, 0.47768086194992065, 0.4777710735797882, 0.9380548000335693, 0.9845035672187805, 0.06830407679080963, 0.17712032794952393, 1.507475733757019, 0.8865678906440735, 0.8873311281204224, 0.8873311281204224, 2.1725640296936035, '01:17']
Better model found at epoch 5 with valid_loss value: 0.4777710735797882.
[6, 0.484261155128479, 0.47291281819343567, 0.9366110563278198, 0.9871541261672974, 0.07173308730125427, 0.17568057775497437, 1.4201699495315552, 0.8843093514442444, 0.884004533290863, 0.884004533290863, 1.4765214920043945, '01:16']
Better model found at epoch 6 with valid_loss value: 0.47291281819343567.
[7, 0.4700019359588623, 0.46770960092544556, 0.9224648475646973, 0.9837369918823242, 0.08254055678844452, 0.17752709984779358, 1.5535718202590942, 0.8539665937423706, 0.8601548671722412, 0.8601548671722412, 2.4539272785186768, '01:16']
Better model found at epoch 7 with valid_loss value: 0.46770960092544556.
[8, 0.4733356237411499, 0.4654894769191742, 0.9235527515411377, 0.9857368469238281, 0.084255650639534, 0.17665356397628784, 1.5015699863433838, 0.8610132336616516, 0.8626831769943237, 0.8626831769943237, 1.8724112510681152, '01:16']
Better model found at epoch 8 with valid_loss value: 0.4654894769191742.
[9, 0.4733836054801941, 0.4631281793117523, 0.9207566380500793, 0.9867057204246521, 0.08584122359752655, 0.17609333992004395, 1.4572914838790894, 0.8572505712509155, 0.8583777546882629, 0.8583777546882629, 1.5485600233078003, '01:16']
Better model found at epoch 9 with valid_loss value: 0.4631281793117523.
[10, 0.4685920476913452, 0.46512359380722046, 0.9230437278747559, 0.9859164357185364, 0.08361319452524185, 0.17641590535640717, 1.4731366634368896, 0.8575636744499207, 0.8619526624679565, 0.8619526624679565, 1.9436893463134766, '01:16']
[11, 0.46297961473464966, 0.45411989092826843, 0.9141784310340881, 0.9893614649772644, 0.09736815094947815, 0.17475353181362152, 1.3101158142089844, 0.8442933559417725, 0.848872721195221, 0.848872721195221, 0.8414021730422974, '01:16']
Better model found at epoch 11 with valid_loss value: 0.45411989092826843.
[12, 0.4655064046382904, 0.4479193687438965, 0.9042463898658752, 0.9878800511360168, 0.10395881533622742, 0.17550139129161835, 1.4067680835723877, 0.8251407742500305, 0.8319003582000732, 0.8319003582000732, 1.3478119373321533, '01:16']
Better model found at epoch 12 with valid_loss value: 0.4479193687438965.
[13, 0.46459493041038513, 0.45109090209007263, 0.9085500240325928, 0.9873331189155579, 0.10035929083824158, 0.17570511996746063, 1.4298052787780762, 0.8357754945755005, 0.838600218296051, 0.838600218296051, 1.4713835716247559, '01:15']
[14, 0.4608914256095886, 0.4400325417518616, 0.8929487466812134, 0.9874414205551147, 0.11502903699874878, 0.17573896050453186, 1.4355692863464355, 0.8107011914253235, 0.8145937323570251, 0.8145937323570251, 1.4842756986618042, '01:16']
Better model found at epoch 14 with valid_loss value: 0.4400325417518616.
[15, 0.45352962613105774, 0.4807249903678894, 0.9299823045730591, 0.9796819090843201, 0.07375612109899521, 0.1796598732471466, 1.6139172315597534, 0.8661544919013977, 0.8748453855514526, 0.8748453855514526, 3.2039153575897217, '01:16']
[16, 0.4627840518951416, 0.47027215361595154, 0.9260532259941101, 0.9854556918144226, 0.07840056717395782, 0.17655931413173676, 1.4916876554489136, 0.8665036559104919, 0.867148756980896, 0.867148756980896, 1.8596866130828857, '01:15']
[17, 0.46145913004875183, 0.4602465331554413, 0.9141076803207397, 0.9858248233795166, 0.09607425332069397, 0.17686712741851807, 1.507298231124878, 0.8463866114616394, 0.8481535315513611, 0.8481535315513611, 1.8492239713668823, '01:16']
[18, 0.45077234506607056, 0.47058045864105225, 0.9116613268852234, 0.9762683510780334, 0.09107212722301483, 0.18144935369491577, 1.6737650632858276, 0.8184265494346619, 0.8426234126091003, 0.8426234126091003, 4.99109411239624, '01:16']
[19, 0.4622287452220917, 0.46773892641067505, 0.91448974609375, 0.9789180159568787, 0.08963016420602798, 0.18009500205516815, 1.6422159671783447, 0.8317474126815796, 0.8477180004119873, 0.8477180004119873, 3.291771411895752, '01:15']
[20, 0.45672956109046936, 0.4646804928779602, 0.909927487373352, 0.9794119000434875, 0.09444048255681992, 0.17997564375400543, 1.6317411661148071, 0.8221936821937561, 0.8406071662902832, 0.8406071662902832, 3.622685432434082, '01:15']
[21, 0.457683265209198, 0.4499220848083496, 0.9066044688224792, 0.9900329113006592, 0.10176397860050201, 0.1743815690279007, 1.2526893615722656, 0.8328943848609924, 0.8396464586257935, 0.8396464586257935, 0.6087697744369507, '01:15']
[22, 0.44972434639930725, 0.45001640915870667, 0.9030839800834656, 0.9859907627105713, 0.10312443226575851, 0.17642344534397125, 1.4563326835632324, 0.8269196152687073, 0.8309314250946045, 0.830931544303894, 1.6459777355194092, '01:15']
No improvement since epoch 14: early stopping
----------
3
----------
DLS create!
[0, 0.5395507216453552, 0.5257511138916016, 0.9897667765617371, 0.9911047220230103, 0.0, 0.18700619041919708, 1.1701768636703491, 0.9898301362991333, 0.9798205494880676, 0.9798205494880676, 0.0, '01:15']
Better model found at epoch 0 with valid_loss value: 0.5257511138916016.
[1, 0.5108373165130615, 0.5087302327156067, 0.9788359999656677, 0.9905274510383606, 0.011333392933011055, 0.18082548677921295, 1.3403898477554321, 0.9619140625, 0.9590002298355103, 0.9590002298355103, 0.2525433599948883, '01:15']
Better model found at epoch 1 with valid_loss value: 0.5087302327156067.
[2, 0.49184226989746094, 0.48981964588165283, 0.9598093628883362, 0.9881042838096619, 0.05710560083389282, 0.17560838162899017, 1.3466020822525024, 0.9247934818267822, 0.9242594242095947, 0.9242594242095947, 1.1349900960922241, '01:15']
Better model found at epoch 2 with valid_loss value: 0.48981964588165283.
[3, 0.48770609498023987, 0.4859243333339691, 0.9519820213317871, 0.9876341223716736, 0.060546714812517166, 0.17542284727096558, 1.3768867254257202, 0.9084323048591614, 0.9105130434036255, 0.9105130434036255, 1.584639310836792, '01:15']
Better model found at epoch 3 with valid_loss value: 0.4859243333339691.
[4, 0.48486533761024475, 0.49364781379699707, 0.9585275053977966, 0.9893340468406677, 0.050178077071905136, 0.17446397244930267, 1.2821959257125854, 0.9221324920654297, 0.9239099621772766, 0.9239099621772766, 0.7336395382881165, '01:15']
[5, 0.47658711671829224, 0.48540908098220825, 0.9486774206161499, 0.9880062937736511, 0.057975009083747864, 0.1751173585653305, 1.375313401222229, 0.9020283222198486, 0.9042186141014099, 0.9042186141014099, 1.1351217031478882, '01:16']
Better model found at epoch 5 with valid_loss value: 0.48540908098220825.
[6, 0.4803540110588074, 0.47997260093688965, 0.9459700584411621, 0.9902889728546143, 0.06676998734474182, 0.17404630780220032, 1.2037687301635742, 0.8930122256278992, 0.9009398221969604, 0.9009398221969604, 0.4597487449645996, '01:15']
Better model found at epoch 6 with valid_loss value: 0.47997260093688965.
[7, 0.4682597815990448, 0.48074185848236084, 0.9439398646354675, 0.9888026118278503, 0.06263498961925507, 0.17473869025707245, 1.3273210525512695, 0.8936614394187927, 0.8967204689979553, 0.8967204689979553, 0.8520819544792175, '01:16']
[8, 0.4652935564517975, 0.4941502809524536, 0.9439555406570435, 0.9788479208946228, 0.05883944407105446, 0.17980705201625824, 1.6334913969039917, 0.8886597752571106, 0.8968072533607483, 0.8968072533607483, 4.646878242492676, '01:16']
[9, 0.4587334096431732, 0.45436233282089233, 0.9094879031181335, 0.9868084192276001, 0.0973198264837265, 0.17590992152690887, 1.4487605094909668, 0.8324466943740845, 0.8391236066818237, 0.8391236066818237, 1.674934983253479, '01:16']
Better model found at epoch 9 with valid_loss value: 0.45436233282089233.
[10, 0.46487075090408325, 0.47830745577812195, 0.9355490803718567, 0.9861820340156555, 0.06955438107252121, 0.1761358082294464, 1.454176664352417, 0.8770438432693481, 0.8833933472633362, 0.8833933472633362, 2.061134099960327, '01:15']
[11, 0.468049556016922, 0.4648509919643402, 0.9244288802146912, 0.987973690032959, 0.08454860746860504, 0.17522692680358887, 1.3854103088378906, 0.8592294454574585, 0.8650891184806824, 0.8650891184806824, 1.3714896440505981, '01:15']
[12, 0.45712044835090637, 0.4980449974536896, 0.9363645315170288, 0.975593626499176, 0.06566841155290604, 0.18163426220417023, 1.665610909461975, 0.8677196502685547, 0.8853856921195984, 0.8853856921195984, 5.04291296005249, '01:15']
[13, 0.45544755458831787, 0.4589887857437134, 0.9164201617240906, 0.9882884621620178, 0.09090889990329742, 0.17517520487308502, 1.373349905014038, 0.8440269231796265, 0.8507825136184692, 0.8507825136184692, 1.4490817785263062, '01:15']
[14, 0.46272626519203186, 0.461648166179657, 0.9196688532829285, 0.9872487783432007, 0.08761467039585114, 0.1756466180086136, 1.4213155508041382, 0.8477289080619812, 0.8559989333152771, 0.8559989333152771, 1.7946511507034302, '01:15']
[15, 0.4520171284675598, 0.47818896174430847, 0.9336789846420288, 0.9846380352973938, 0.07017560303211212, 0.17698271572589874, 1.5123405456542969, 0.8714402318000793, 0.8791133761405945, 0.8791133761405945, 3.1190764904022217, '01:15']
[16, 0.4486892521381378, 0.4848867356777191, 0.9362625479698181, 0.9829978346824646, 0.06642629951238632, 0.17775827646255493, 1.5430059432983398, 0.8754875659942627, 0.8834871053695679, 0.8834871053695679, 3.43131947517395, '01:16']
[17, 0.457895964384079, 0.48286116123199463, 0.9320746660232544, 0.980794370174408, 0.07041382789611816, 0.17891021072864532, 1.6023565530776978, 0.8613985776901245, 0.875783383846283, 0.875783383846283, 4.1029791831970215, '01:15']
No improvement since epoch 9: early stopping
----------
4
----------
DLS create!
[0, 0.5353448987007141, 0.5224832892417908, 0.9908273816108704, 0.9938445091247559, 0.0, 0.18710921704769135, 1.1902984380722046, 0.9868484735488892, 0.9818945527076721, 0.9818945527076721, 0.0, '01:16']
Better model found at epoch 0 with valid_loss value: 0.5224832892417908.
[1, 0.5113281607627869, 0.5248955488204956, 0.9831689596176147, 0.9877216815948486, 0.02605200745165348, 0.19221986830234528, 1.4623372554779053, 0.9622110724449158, 0.9672842621803284, 0.9672842621803284, 3.2562434673309326, '01:16']
[2, 0.49422767758369446, 0.4808223247528076, 0.9524952173233032, 0.9783326983451843, 0.06356824934482574, 0.1809731423854828, 1.5805071592330933, 0.8960554599761963, 0.9114591479301453, 0.9114591479301453, 8.008990287780762, '01:15']
Better model found at epoch 2 with valid_loss value: 0.4808223247528076.
[3, 0.49448540806770325, 0.4744338393211365, 0.9460034966468811, 0.9838370680809021, 0.06623275578022003, 0.1785861700773239, 1.5917508602142334, 0.8886860013008118, 0.9001051783561707, 0.9001051783561707, 5.4160284996032715, '01:15']
Better model found at epoch 3 with valid_loss value: 0.4744338393211365.
[4, 0.4886200428009033, 0.48312392830848694, 0.9614331126213074, 0.9928847551345825, 0.049273956567049026, 0.17416417598724365, 1.256139874458313, 0.9222623705863953, 0.9266778826713562, 0.9266778826713562, 0.5552452206611633, '01:15']
[5, 0.47927817702293396, 0.4686705470085144, 0.9420808553695679, 0.9914220571517944, 0.06665567308664322, 0.17489120364189148, 1.4119341373443604, 0.890471875667572, 0.8937786817550659, 0.8937786817550659, 1.2983314990997314, '01:16']
Better model found at epoch 5 with valid_loss value: 0.4686705470085144.
[6, 0.48365238308906555, 0.4704340100288391, 0.9409486651420593, 0.9858647584915161, 0.06686796247959137, 0.17747540771961212, 1.588006615638733, 0.8812155723571777, 0.891217827796936, 0.891217827796936, 3.9497463703155518, '01:16']
[7, 0.47538456320762634, 0.4540184438228607, 0.9204283952713013, 0.9863631129264832, 0.08744730055332184, 0.17735891044139862, 1.5982109308242798, 0.8412361741065979, 0.8567665219306946, 0.8567665219306946, 3.623171806335449, '01:17']
Better model found at epoch 7 with valid_loss value: 0.4540184438228607.
[8, 0.4724445641040802, 0.45080244541168213, 0.923094630241394, 0.9922381043434143, 0.08927663415670395, 0.1745333969593048, 1.3561668395996094, 0.8538196086883545, 0.860405445098877, 0.860405445098877, 0.9381300806999207, '01:16']
Better model found at epoch 8 with valid_loss value: 0.45080244541168213.
[9, 0.4721081554889679, 0.4567757546901703, 0.9305699467658997, 0.9927257299423218, 0.08168061822652817, 0.17429965734481812, 1.2981631755828857, 0.8686688542366028, 0.874843955039978, 0.874843955039978, 0.6810224652290344, '01:16']
[10, 0.4707825779914856, 0.44945046305656433, 0.9178188443183899, 0.9887458682060242, 0.09223096817731857, 0.17636531591415405, 1.531195878982544, 0.8444692492485046, 0.853764533996582, 0.853764533996582, 2.0577340126037598, '01:15']
Better model found at epoch 10 with valid_loss value: 0.44945046305656433.
[11, 0.4688112139701843, 0.4520939886569977, 0.9213899374008179, 0.9907920956611633, 0.08664039522409439, 0.17526137828826904, 1.4435878992080688, 0.8514087200164795, 0.8589486479759216, 0.8589486479759216, 1.3919135332107544, '01:16']
[12, 0.4659222364425659, 0.45954400300979614, 0.926932692527771, 0.9879996180534363, 0.07912000268697739, 0.1766446828842163, 1.5619173049926758, 0.8565585613250732, 0.8682035803794861, 0.8682035803794861, 2.5641379356384277, '01:16']
[13, 0.4715273082256317, 0.43451303243637085, 0.9011639952659607, 0.9902137517929077, 0.11424528807401657, 0.1757795512676239, 1.490994930267334, 0.8164197206497192, 0.8270875215530396, 0.8270875215530396, 1.7088156938552856, '01:17']
Better model found at epoch 13 with valid_loss value: 0.43451303243637085.
[14, 0.47267162799835205, 0.4376198649406433, 0.9070808291435242, 0.9918693900108337, 0.10741695016622543, 0.17472118139266968, 1.3869754076004028, 0.8279357552528381, 0.8357646465301514, 0.8357646465301514, 1.1652084589004517, '01:16']
[15, 0.46628740429878235, 0.4458548128604889, 0.9091058969497681, 0.9859281778335571, 0.09744314104318619, 0.17782996594905853, 1.6223373413085938, 0.8194810748100281, 0.838566243648529, 0.838566243648529, 3.679192543029785, '01:16']
[16, 0.46457192301750183, 0.4320468306541443, 0.8979294896125793, 0.9922727346420288, 0.11243197321891785, 0.17451529204845428, 1.3383904695510864, 0.815184473991394, 0.8228272199630737, 0.8228272199630737, 0.9010899662971497, '01:15']
Better model found at epoch 16 with valid_loss value: 0.4320468306541443.
[17, 0.4668951630592346, 0.431949645280838, 0.897948682308197, 0.9886126518249512, 0.11333895474672318, 0.17639349400997162, 1.5483022928237915, 0.8067756295204163, 0.8213412165641785, 0.8213412165641785, 2.9326863288879395, '01:16']
Better model found at epoch 17 with valid_loss value: 0.431949645280838.
[18, 0.4578239917755127, 0.44059666991233826, 0.9090700745582581, 0.9916747212409973, 0.09899017959833145, 0.1748366355895996, 1.413644790649414, 0.8340896964073181, 0.8403537273406982, 0.8403537273406982, 1.6881601810455322, '01:15']
[19, 0.4578983783721924, 0.4289121925830841, 0.8931029438972473, 0.987952709197998, 0.11777029186487198, 0.1767731010913849, 1.5727640390396118, 0.7960110902786255, 0.8126310706138611, 0.8126310706138611, 2.9290454387664795, '01:15']
Better model found at epoch 19 with valid_loss value: 0.4289121925830841.
[20, 0.4557904899120331, 0.4389144778251648, 0.9073860049247742, 0.9920161962509155, 0.10244322568178177, 0.17464663088321686, 1.372380256652832, 0.8328521251678467, 0.8374783992767334, 0.8374783992767334, 1.0282386541366577, '01:15']
[21, 0.46194979548454285, 0.42744511365890503, 0.8918332457542419, 0.9921026229858398, 0.11792714148759842, 0.17471548914909363, 1.40155029296875, 0.8029614686965942, 0.8137426972389221, 0.8137426972389221, 1.3300410509109497, '01:16']
Better model found at epoch 21 with valid_loss value: 0.42744511365890503.
[22, 0.4534909725189209, 0.44051459431648254, 0.9072882533073425, 0.9910247325897217, 0.1014251857995987, 0.17518006265163422, 1.4462673664093018, 0.8312347531318665, 0.8373247981071472, 0.8373247981071472, 1.3547865152359009, '01:16']
[23, 0.45716097950935364, 0.4238133132457733, 0.889358401298523, 0.9925640821456909, 0.12319541722536087, 0.17439863085746765, 1.3435583114624023, 0.7999403476715088, 0.8085598349571228, 0.808559775352478, 0.9622945785522461, '01:16']
Better model found at epoch 23 with valid_loss value: 0.4238133132457733.
[24, 0.45395585894584656, 0.44192230701446533, 0.9054964184761047, 0.9888802170753479, 0.09967423975467682, 0.17632345855236053, 1.5339266061782837, 0.8174617290496826, 0.8338738679885864, 0.8338738679885864, 2.9546172618865967, '01:16']
[25, 0.45247265696525574, 0.4294975996017456, 0.8893412351608276, 0.9876888394355774, 0.11730287969112396, 0.17705777287483215, 1.5821269750595093, 0.7865474820137024, 0.8076439499855042, 0.8076439499855042, 2.569676637649536, '01:16']
[26, 0.4523311257362366, 0.4450262486934662, 0.9041451811790466, 0.9846065640449524, 0.10031014680862427, 0.17857550084590912, 1.6611393690109253, 0.8046146631240845, 0.831008791923523, 0.831008791923523, 4.01533317565918, '01:16']
[27, 0.4495137929916382, 0.42284855246543884, 0.8868316411972046, 0.9920375943183899, 0.12279541790485382, 0.17473594844341278, 1.3640106916427612, 0.7981497645378113, 0.8056166768074036, 0.8056166768074036, 1.0224500894546509, '01:16']
Better model found at epoch 27 with valid_loss value: 0.42284855246543884.
[28, 0.4629632532596588, 0.42559611797332764, 0.8875877261161804, 0.9877920746803284, 0.12164878100156784, 0.17697735130786896, 1.5919345617294312, 0.7824539542198181, 0.8043156862258911, 0.8043156862258911, 2.980557918548584, '01:16']
[29, 0.44637787342071533, 0.4220941364765167, 0.8855190277099609, 0.9929180145263672, 0.12354414910078049, 0.1742173433303833, 1.2982627153396606, 0.79729163646698, 0.8049246668815613, 0.8049246668815613, 0.7322361469268799, '01:16']
Better model found at epoch 29 with valid_loss value: 0.4220941364765167.
[30, 0.4584083557128906, 0.42943987250328064, 0.8933932185173035, 0.9899852871894836, 0.1146802008152008, 0.17583438754081726, 1.508400797843933, 0.799446165561676, 0.814254641532898, 0.814254641532898, 2.2613837718963623, '01:15']
[31, 0.4510482847690582, 0.4411773085594177, 0.9045720100402832, 0.9879668354988098, 0.10142015665769577, 0.17681685090065002, 1.5591508150100708, 0.8164669275283813, 0.8328878283500671, 0.8328878283500671, 3.7338967323303223, '01:17']
[32, 0.4505572021007538, 0.4247080385684967, 0.8846222758293152, 0.9876227974891663, 0.12226027995347977, 0.17709888517856598, 1.5856868028640747, 0.7793574333190918, 0.7997056245803833, 0.7997056245803833, 2.9618945121765137, '01:16']
[33, 0.44734811782836914, 0.4566241204738617, 0.9095904231071472, 0.9806876182556152, 0.09330523759126663, 0.18066319823265076, 1.7247490882873535, 0.8043208122253418, 0.8390721082687378, 0.8390721082687378, 6.165149211883545, '01:16']
[34, 0.4461246728897095, 0.419935405254364, 0.8822101950645447, 0.9906870126724243, 0.13075195252895355, 0.1755049079656601, 1.4438443183898926, 0.7870880961418152, 0.7990826368331909, 0.7990826368331909, 1.5008771419525146, '01:17']
Better model found at epoch 34 with valid_loss value: 0.419935405254364.
[35, 0.44754287600517273, 0.43974408507347107, 0.8959601521492004, 0.9846634268760681, 0.10769393295049667, 0.17865817248821259, 1.6694297790527344, 0.7886010408401489, 0.8169999122619629, 0.8169999122619629, 3.9341282844543457, '01:16']
[36, 0.4510798156261444, 0.42615434527397156, 0.8822751045227051, 0.9881162643432617, 0.12281428277492523, 0.17692650854587555, 1.5505341291427612, 0.7774325609207153, 0.797813892364502, 0.797813892364502, 2.1915464401245117, '01:15']
[37, 0.45374077558517456, 0.44462791085243225, 0.9038055539131165, 0.9848155975341797, 0.10042507946491241, 0.1784970909357071, 1.6426655054092407, 0.8059989213943481, 0.8301203846931458, 0.8301203846931458, 3.4162003993988037, '01:16']
[38, 0.43979573249816895, 0.4216562509536743, 0.882236123085022, 0.9917787909507751, 0.1259884387254715, 0.17487190663814545, 1.3620976209640503, 0.7903220653533936, 0.7987679839134216, 0.7987679839134216, 0.9773598909378052, '01:17']
[39, 0.45470619201660156, 0.41520023345947266, 0.8774244785308838, 0.9894150495529175, 0.13516490161418915, 0.17621850967407227, 1.5379031896591187, 0.7714081406593323, 0.7897569537162781, 0.7897569537162781, 2.296736717224121, '01:16']
Better model found at epoch 39 with valid_loss value: 0.41520023345947266.
[40, 0.4510963261127472, 0.4165450930595398, 0.875948965549469, 0.9920564293861389, 0.13188454508781433, 0.17472924292087555, 1.3939974308013916, 0.7803584933280945, 0.7911643385887146, 0.7911643385887146, 1.236083984375, '01:17']
[41, 0.45322486758232117, 0.4301326274871826, 0.8894031047821045, 0.9875253438949585, 0.11642223596572876, 0.17719194293022156, 1.5959434509277344, 0.7895833253860474, 0.8088544011116028, 0.8088544011116028, 2.831083297729492, '01:15']
[42, 0.4466305673122406, 0.41510698199272156, 0.8764868378639221, 0.9913418292999268, 0.13246652483940125, 0.17516200244426727, 1.4400343894958496, 0.7783015370368958, 0.7895577549934387, 0.7895577549934387, 1.4987236261367798, '01:17']
Better model found at epoch 42 with valid_loss value: 0.41510698199272156.
[43, 0.43581652641296387, 0.44290176033973694, 0.9005380868911743, 0.9849512577056885, 0.10377982258796692, 0.1784682422876358, 1.6412771940231323, 0.8011058568954468, 0.8271651864051819, 0.8271651864051819, 5.49395227432251, '01:17']
[44, 0.4349122941493988, 0.429762065410614, 0.8874303698539734, 0.9865078330039978, 0.11670923233032227, 0.17769119143486023, 1.6292585134506226, 0.7776592969894409, 0.8043947219848633, 0.8043947219848633, 3.7087695598602295, '01:16']
[45, 0.44404134154319763, 0.4124090075492859, 0.873073160648346, 0.9913287162780762, 0.1368858367204666, 0.17511045932769775, 1.445446491241455, 0.7726905941963196, 0.7846689820289612, 0.7846689820289612, 1.5391517877578735, '01:16']
Better model found at epoch 45 with valid_loss value: 0.4124090075492859.
[46, 0.45132941007614136, 0.40812692046165466, 0.8686460256576538, 0.9907135963439941, 0.1426234394311905, 0.17551250755786896, 1.4951447248458862, 0.7634143829345703, 0.7773025035858154, 0.7773025035858154, 2.0791985988616943, '01:16']
Better model found at epoch 46 with valid_loss value: 0.40812692046165466.
[47, 0.45002323389053345, 0.41153618693351746, 0.8700834512710571, 0.9902877807617188, 0.1373409777879715, 0.17574724555015564, 1.5126607418060303, 0.7658688426017761, 0.7796604037284851, 0.7796604037284851, 2.0784924030303955, '01:17']
[48, 0.44013237953186035, 0.41213467717170715, 0.8725714087486267, 0.992363452911377, 0.13649092614650726, 0.17460192739963531, 1.3405592441558838, 0.7778440117835999, 0.7856577038764954, 0.7856577038764954, 0.944304883480072, '01:17']
[49, 0.4454536736011505, 0.4047854244709015, 0.8632200956344604, 0.9914625883102417, 0.14709767699241638, 0.17511844635009766, 1.4398833513259888, 0.760437548160553, 0.7709971070289612, 0.7709971070289612, 1.435582160949707, '01:16']
Better model found at epoch 49 with valid_loss value: 0.4047854244709015.
[50, 0.43621450662612915, 0.4103633165359497, 0.8696764707565308, 0.9907330870628357, 0.13940614461898804, 0.17555111646652222, 1.4607911109924316, 0.7652426362037659, 0.7797216176986694, 0.7797216176986694, 1.628422737121582, '01:16']
[51, 0.4420869052410126, 0.4218081533908844, 0.8781554698944092, 0.988836407661438, 0.12641936540603638, 0.1766042709350586, 1.5450841188430786, 0.7770440578460693, 0.7927084565162659, 0.7927084565162659, 2.043173313140869, '01:16']
[52, 0.44438058137893677, 0.41302675008773804, 0.8716838359832764, 0.9900544881820679, 0.1348002851009369, 0.17579782009124756, 1.5221333503723145, 0.7696758508682251, 0.78231281042099, 0.78231281042099, 2.316092014312744, '01:16']
[53, 0.4423217177391052, 0.4215824604034424, 0.8812138438224792, 0.9916690587997437, 0.12663841247558594, 0.17495395243167877, 1.400452733039856, 0.7898936867713928, 0.7984996438026428, 0.7984996438026428, 1.1939059495925903, '01:16']
[54, 0.4479654133319855, 0.4153393805027008, 0.8760467767715454, 0.9906432032585144, 0.13238652050495148, 0.17550455033779144, 1.4882031679153442, 0.7754436731338501, 0.7885501384735107, 0.7885501384735107, 2.2257914543151855, '01:16']
[55, 0.43397286534309387, 0.4109974503517151, 0.8699576258659363, 0.9911841750144958, 0.1379280835390091, 0.17531846463680267, 1.4494261741638184, 0.7715218663215637, 0.7814086079597473, 0.7814086079597473, 1.4479514360427856, '01:16']
[56, 0.443714439868927, 0.4113123416900635, 0.8701565265655518, 0.991733193397522, 0.13642539083957672, 0.1749321073293686, 1.4241485595703125, 0.7712045907974243, 0.7809766530990601, 0.7809766530990601, 1.3366543054580688, '01:16']
[57, 0.4324188828468323, 0.42178142070770264, 0.8776942491531372, 0.98949134349823, 0.12611767649650574, 0.1761707067489624, 1.5495555400848389, 0.7746515274047852, 0.7925173044204712, 0.7925173044204712, 2.829416275024414, '01:16']
No improvement since epoch 49: early stopping
Linknet_res152 Done!
