Models will save to Linknet_dense161_x
Use densenet161 encoder
Start training...
----------
0
----------
DLS create!
[0, 0.5610262751579285, 0.542460560798645, 0.9933537840843201, 0.9921968579292297, 0.00044470111606642604, 0.1907147467136383, 1.2528194189071655, 0.9975212216377258, 0.9868573546409607, 0.9868573546409607, 0.1910388320684433, '01:29']
Better model found at epoch 0 with valid_loss value: 0.542460560798645.
[1, 0.5176587700843811, 0.5095526576042175, 0.9800539016723633, 0.9813598990440369, 0.035262834280729294, 0.1826789826154709, 1.4643795490264893, 0.9612452387809753, 0.9614791870117188, 0.9614791870117188, 3.770625591278076, '01:30']
Better model found at epoch 1 with valid_loss value: 0.5095526576042175.
[2, 0.5021005868911743, 0.5018067955970764, 0.9693910479545593, 0.9757341146469116, 0.042066000401973724, 0.18220184743404388, 1.5969882011413574, 0.9333318471908569, 0.9416764974594116, 0.9416764974594116, 5.872639179229736, '01:29']
Better model found at epoch 2 with valid_loss value: 0.5018067955970764.
[3, 0.4929656982421875, 0.49845394492149353, 0.9697142839431763, 0.9843109250068665, 0.03841811791062355, 0.17785599827766418, 1.5327816009521484, 0.939548134803772, 0.9421742558479309, 0.9421742558479309, 3.3570542335510254, '01:30']
Better model found at epoch 3 with valid_loss value: 0.49845394492149353.
[4, 0.48678073287010193, 0.48926201462745667, 0.9562627077102661, 0.9839545488357544, 0.0499228909611702, 0.17799466848373413, 1.6023235321044922, 0.9138941764831543, 0.9180594086647034, 0.9180594086647034, 3.020355224609375, '01:30']
Better model found at epoch 4 with valid_loss value: 0.48926201462745667.
[5, 0.4840322434902191, 0.48626258969306946, 0.9517474174499512, 0.983627200126648, 0.05362260341644287, 0.17793777585029602, 1.600974202156067, 0.9058462977409363, 0.9104453921318054, 0.9104453921318054, 3.346452474594116, '01:31']
Better model found at epoch 5 with valid_loss value: 0.48626258969306946.
[6, 0.4749284088611603, 0.47104138135910034, 0.9393618702888489, 0.9902580380439758, 0.07104475051164627, 0.17495648562908173, 1.380070686340332, 0.8873157501220703, 0.8893864154815674, 0.8893864154815674, 0.9868499636650085, '01:29']
Better model found at epoch 6 with valid_loss value: 0.47104138135910034.
[7, 0.47879165410995483, 0.48168253898620605, 0.9471809267997742, 0.9865220189094543, 0.05763871222734451, 0.17669659852981567, 1.5421929359436035, 0.8996807336807251, 0.903617262840271, 0.903617262840271, 2.5916008949279785, '01:30']
[8, 0.4765876531600952, 0.47207289934158325, 0.9402669072151184, 0.9875609278678894, 0.06801724433898926, 0.17598867416381836, 1.4711542129516602, 0.8880168199539185, 0.8911786079406738, 0.8911786079406738, 1.9028987884521484, '01:29']
[9, 0.46285900473594666, 0.47935113310813904, 0.9443621635437012, 0.9884410500526428, 0.059635911136865616, 0.17572231590747833, 1.3905855417251587, 0.898216187953949, 0.8997795581817627, 0.8997795581817627, 1.1162071228027344, '01:29']
[10, 0.45992380380630493, 0.4919275641441345, 0.9622287750244141, 0.9921477437019348, 0.04156945273280144, 0.17380286753177643, 1.1803499460220337, 0.923332691192627, 0.9310157299041748, 0.9310157299041748, 0.3546781837940216, '01:31']
[11, 0.47174572944641113, 0.46541908383369446, 0.929356575012207, 0.9849766492843628, 0.0782913789153099, 0.17749948799610138, 1.5817588567733765, 0.8613545894622803, 0.8722233772277832, 0.8722233772277832, 2.7754948139190674, '01:29']
Better model found at epoch 11 with valid_loss value: 0.46541908383369446.
[12, 0.468131422996521, 0.47231560945510864, 0.9409762620925903, 0.9877086281776428, 0.06702084094285965, 0.17602141201496124, 1.4885152578353882, 0.8890900611877441, 0.8918235898017883, 0.8918235898017883, 2.206777572631836, '01:30']
[13, 0.4634971022605896, 0.46985527873039246, 0.938522219657898, 0.9908387064933777, 0.07218104600906372, 0.17456001043319702, 1.3031729459762573, 0.8875921368598938, 0.8894014358520508, 0.8894014358520508, 0.7511426210403442, '01:29']
[14, 0.461391419172287, 0.4759155809879303, 0.9456490874290466, 0.9918171763420105, 0.0624065101146698, 0.174040287733078, 1.2358678579330444, 0.893882155418396, 0.9011288285255432, 0.9011288285255432, 0.506954550743103, '01:29']
[15, 0.4641423523426056, 0.47133368253707886, 0.9387456178665161, 0.9894418120384216, 0.07094676792621613, 0.1751212775707245, 1.4010614156723022, 0.8852801322937012, 0.8893241882324219, 0.8893241882324219, 1.3296927213668823, '01:30']
[16, 0.4628857374191284, 0.45419541001319885, 0.9198459982872009, 0.9897112846374512, 0.09249155968427658, 0.17527808248996735, 1.3915902376174927, 0.8540733456611633, 0.8582008481025696, 0.8582008481025696, 1.1887692213058472, '01:30']
Better model found at epoch 16 with valid_loss value: 0.45419541001319885.
[17, 0.4561555087566376, 0.4601582884788513, 0.9227393269538879, 0.9876822829246521, 0.08420291543006897, 0.17636041343212128, 1.4733484983444214, 0.8556126356124878, 0.8617563843727112, 0.8617563843727112, 1.6579214334487915, '01:29']
[18, 0.4527967870235443, 0.4561466574668884, 0.9165782928466797, 0.9869383573532104, 0.08906824886798859, 0.1766032725572586, 1.5465425252914429, 0.8438113927841187, 0.8522124290466309, 0.8522124290466309, 2.375847816467285, '01:30']
[19, 0.45550650358200073, 0.44700512290000916, 0.9092473387718201, 0.9900262355804443, 0.0999639555811882, 0.17507459223270416, 1.3936767578125, 0.8356781601905823, 0.8405817747116089, 0.8405817747116089, 1.1823971271514893, '01:29']
Better model found at epoch 19 with valid_loss value: 0.44700512290000916.
[20, 0.4633930027484894, 0.4760569930076599, 0.9312267303466797, 0.9811374545097351, 0.0712895542383194, 0.17943471670150757, 1.6750948429107666, 0.8581300377845764, 0.8753098249435425, 0.8753097653388977, 4.073283672332764, '01:29']
[21, 0.4549750089645386, 0.4513959586620331, 0.9156630635261536, 0.9917597770690918, 0.09287556260824203, 0.1741325408220291, 1.2668970823287964, 0.843943178653717, 0.8519590497016907, 0.8519590497016907, 0.6439449191093445, '01:30']
[22, 0.459212988615036, 0.45236021280288696, 0.9168312549591064, 0.9918985366821289, 0.09177432209253311, 0.1740104854106903, 1.2626749277114868, 0.8453691601753235, 0.8536982536315918, 0.8536982536315918, 0.6302286982536316, '01:29']
[23, 0.4642970561981201, 0.44790732860565186, 0.9118809103965759, 0.9901813268661499, 0.09839364141225815, 0.17498722672462463, 1.39368736743927, 0.8409386873245239, 0.8448164463043213, 0.8448164463043213, 1.166098713874817, '01:30']
[24, 0.45975175499916077, 0.4780424237251282, 0.9365882277488708, 0.9833177924156189, 0.06605445593595505, 0.17831650376319885, 1.621830701828003, 0.8737104535102844, 0.8855603933334351, 0.8855603933334351, 3.6705784797668457, '01:30']
[25, 0.44725367426872253, 0.4448838233947754, 0.9051225781440735, 0.9891865253448486, 0.10158596187829971, 0.17554061114788055, 1.417208194732666, 0.8259884119033813, 0.8340599536895752, 0.8340599536895752, 1.3208767175674438, '01:29']
Better model found at epoch 25 with valid_loss value: 0.4448838233947754.
[26, 0.4504334330558777, 0.45734134316444397, 0.910132884979248, 0.9826138019561768, 0.09440512955188751, 0.17894665896892548, 1.6092958450317383, 0.820999264717102, 0.8402135372161865, 0.8402135372161865, 3.026665687561035, '01:30']
[27, 0.4521826505661011, 0.4458482563495636, 0.9064537882804871, 0.9893365502357483, 0.09977907687425613, 0.17544221878051758, 1.4490128755569458, 0.8322023749351501, 0.8370126485824585, 0.8370125889778137, 1.3981199264526367, '01:29']
[28, 0.4570087492465973, 0.46266576647758484, 0.9205751419067383, 0.9838171601295471, 0.08361457288265228, 0.17821042239665985, 1.6235218048095703, 0.8416134715080261, 0.8584592938423157, 0.8584592938423157, 3.3605103492736816, '01:30']
[29, 0.4502306282520294, 0.45958179235458374, 0.9237703680992126, 0.9908339381217957, 0.08208632469177246, 0.17460258305072784, 1.2931853532791138, 0.8585467338562012, 0.8652125597000122, 0.8652125597000122, 0.6993141770362854, '01:29']
[30, 0.44717881083488464, 0.4577026963233948, 0.9181124567985535, 0.9871193766593933, 0.08807817846536636, 0.1766013354063034, 1.5052791833877563, 0.8449037075042725, 0.8548807501792908, 0.8548807501792908, 1.9125386476516724, '01:29']
[31, 0.4615062177181244, 0.4616149663925171, 0.9240601658821106, 0.9866029620170593, 0.08092871308326721, 0.17656858265399933, 1.5333714485168457, 0.8588982820510864, 0.8648606538772583, 0.8648606538772583, 2.31915283203125, '01:29']
[32, 0.4518347382545471, 0.44945254921913147, 0.9095653295516968, 0.9874235391616821, 0.09577617794275284, 0.1763831526041031, 1.5374195575714111, 0.8301626443862915, 0.8414499163627625, 0.8414499163627625, 2.428412675857544, '01:30']
[33, 0.4476766288280487, 0.4676840007305145, 0.9298087358474731, 0.988254189491272, 0.07471664994955063, 0.17579331994056702, 1.4768236875534058, 0.8678558468818665, 0.875546932220459, 0.875546932220459, 1.942617654800415, '01:30']
No improvement since epoch 25: early stopping
----------
1
----------
DLS create!
[0, 0.5960800647735596, 0.5579887628555298, 0.9833897352218628, 0.9924913048744202, nan, 0.20756112039089203, 1.1972599029541016, 0.9963876605033875, 0.9759647846221924, 0.9759647846221924, nan, '01:30']
Better model found at epoch 0 with valid_loss value: 0.5579887628555298.
[1, 0.5353681445121765, 0.5224410891532898, 0.9799903631210327, 0.9923996329307556, 0.001861237222328782, 0.184644877910614, 1.2082539796829224, 0.9848654866218567, 0.9693331122398376, 0.9693331122398376, inf, '01:30']
Better model found at epoch 1 with valid_loss value: 0.5224410891532898.
[2, 0.5122541189193726, 0.5014411807060242, 0.9664297699928284, 0.9875525236129761, 0.047959309071302414, 0.17925414443016052, 1.4157553911209106, 0.9531185626983643, 0.9435802102088928, 0.9435802102088928, inf, '01:30']
Better model found at epoch 2 with valid_loss value: 0.5014411807060242.
[3, 0.4996749460697174, 0.484616756439209, 0.9442046880722046, 0.9797303676605225, 0.0622425302863121, 0.18024010956287384, 1.5675621032714844, 0.9034943580627441, 0.9032749533653259, 0.9032749533653259, inf, '01:30']
Better model found at epoch 3 with valid_loss value: 0.484616756439209.
[4, 0.49101099371910095, 0.4876345992088318, 0.9434179067611694, 0.979974627494812, 0.056976135820150375, 0.17980383336544037, 1.5994077920913696, 0.9043247103691101, 0.9017999172210693, 0.9017999172210693, inf, '01:30']
[5, 0.48233962059020996, 0.4654247760772705, 0.9208188056945801, 0.985284686088562, 0.07928957045078278, 0.1774367094039917, 1.558577299118042, 0.8675062656402588, 0.863855242729187, 0.863855242729187, inf, '01:30']
Better model found at epoch 5 with valid_loss value: 0.4654247760772705.
[6, 0.48137861490249634, 0.46332433819770813, 0.9208651781082153, 0.9873253107070923, 0.07930858433246613, 0.17631559073925018, 1.4971277713775635, 0.8701746463775635, 0.8633658289909363, 0.8633658289909363, inf, '01:30']
Better model found at epoch 6 with valid_loss value: 0.46332433819770813.
[7, 0.48374855518341064, 0.4802207052707672, 0.9284906983375549, 0.9753178954124451, 0.07013191282749176, 0.18211229145526886, 1.682201862335205, 0.8692998290061951, 0.8768126964569092, 0.8768126964569092, inf, '01:29']
[8, 0.4803450107574463, 0.45975029468536377, 0.9177190065383911, 0.9886605739593506, 0.08461680263280869, 0.17574624717235565, 1.4439659118652344, 0.8653494119644165, 0.8584429025650024, 0.8584429025650024, inf, '01:30']
Better model found at epoch 8 with valid_loss value: 0.45975029468536377.
[9, 0.47293105721473694, 0.4655996859073639, 0.9139767289161682, 0.9818416833877563, 0.08179178088903427, 0.17904439568519592, 1.6384460926055908, 0.8498068451881409, 0.8522183895111084, 0.8522183895111084, inf, '01:30']
[10, 0.4686207175254822, 0.4467531144618988, 0.9013750553131104, 0.9885671734809875, 0.10092819482088089, 0.17562198638916016, 1.4437154531478882, 0.8377902507781982, 0.8319788575172424, 0.8319788575172424, inf, '01:29']
Better model found at epoch 10 with valid_loss value: 0.4467531144618988.
[11, 0.4678124785423279, 0.4452609121799469, 0.8980527520179749, 0.9887975454330444, 0.10227034986019135, 0.1756630688905716, 1.4373623132705688, 0.8348175287246704, 0.8275026679039001, 0.8275026679039001, inf, '01:31']
Better model found at epoch 11 with valid_loss value: 0.4452609121799469.
[12, 0.4659150242805481, 0.44369423389434814, 0.8973615169525146, 0.9888674020767212, 0.1033218577504158, 0.17563170194625854, 1.444490671157837, 0.8325539827346802, 0.8257869482040405, 0.8257869482040405, inf, '01:30']
Better model found at epoch 12 with valid_loss value: 0.44369423389434814.
[13, 0.4705078601837158, 0.4493052065372467, 0.9035465717315674, 0.988955557346344, 0.0972525104880333, 0.175596684217453, 1.4505516290664673, 0.84186851978302, 0.8348526358604431, 0.8348526358604431, inf, '01:30']
[14, 0.4665765166282654, 0.4465692341327667, 0.897530198097229, 0.9864562153816223, 0.10196022689342499, 0.17689810693264008, 1.5332136154174805, 0.8281819820404053, 0.8257398009300232, 0.8257398009300232, inf, '01:30']
[15, 0.4535602033138275, 0.4406152069568634, 0.8913586139678955, 0.9904647469520569, 0.10576058179140091, 0.1747976392507553, 1.354061484336853, 0.8222784399986267, 0.8165817260742188, 0.8165817260742188, inf, '01:30']
Better model found at epoch 15 with valid_loss value: 0.4406152069568634.
[16, 0.4546484649181366, 0.4809134602546692, 0.9361135363578796, 0.9893563985824585, 0.05898077413439751, 0.17515717446804047, 1.3833996057510376, 0.8991609215736389, 0.8904218077659607, 0.8904217481613159, inf, '01:31']
[17, 0.4519810080528259, 0.4435558617115021, 0.891952395439148, 0.9865493774414062, 0.10491825640201569, 0.17679721117019653, 1.525860071182251, 0.8192312717437744, 0.8168633580207825, 0.8168633580207825, inf, '01:30']
[18, 0.4570479691028595, 0.44271886348724365, 0.8931724429130554, 0.9877668619155884, 0.10496903955936432, 0.17611835896968842, 1.4802141189575195, 0.823161244392395, 0.8187258839607239, 0.8187258839607239, inf, '01:30']
[19, 0.4579714238643646, 0.484336793422699, 0.9141570925712585, 0.9692546725273132, 0.07936429232358932, 0.1854832023382187, 1.7648273706436157, 0.8264058232307434, 0.8524435758590698, 0.8524435758590698, inf, '01:30']
[20, 0.45970213413238525, 0.43327775597572327, 0.8850120306015015, 0.9912332892417908, nan, 0.17442171275615692, 1.278916597366333, 0.8108541369438171, 0.8071476221084595, 0.8071476221084595, nan, '01:30']
Better model found at epoch 20 with valid_loss value: 0.43327775597572327.
[21, 0.45826610922813416, 0.4259910583496094, 0.8743174076080322, 0.9899728298187256, 0.12566570937633514, 0.17513076961040497, 1.3856455087661743, 0.795651376247406, 0.7902146577835083, 0.7902146577835083, inf, '01:30']
Better model found at epoch 21 with valid_loss value: 0.4259910583496094.
[22, 0.4509596824645996, 0.4459659159183502, 0.899042546749115, 0.9905394315719604, nan, 0.1746598482131958, 1.3184103965759277, 0.8331783413887024, 0.8291366696357727, 0.8291366696357727, nan, '01:30']
[23, 0.4577290713787079, 0.43450167775154114, 0.8824713826179504, 0.9874412417411804, 0.1163688376545906, 0.17635822296142578, 1.482520580291748, 0.805137574672699, 0.802393913269043, 0.802393913269043, inf, '01:31']
[24, 0.4463634490966797, 0.4316804111003876, 0.8802616000175476, 0.9896200895309448, nan, 0.17523305118083954, 1.4110827445983887, 0.8047043681144714, 0.7993213534355164, 0.7993213534355164, nan, '01:30']
[25, 0.44992807507514954, 0.43648338317871094, 0.8822506070137024, 0.9886566400527954, 0.11494788527488708, 0.17587599158287048, 1.455830693244934, 0.8077328205108643, 0.8026395440101624, 0.8026395440101624, inf, '01:30']
[26, 0.44455280900001526, 0.43664753437042236, 0.8849979639053345, 0.9882156252861023, 0.11273826658725739, 0.1759842038154602, 1.4551677703857422, 0.8099815845489502, 0.8078388571739197, 0.8078388571739197, inf, '01:31']
[27, 0.4442214071750641, 0.443070650100708, 0.8918429613113403, 0.9888474345207214, 0.1057075634598732, 0.17568817734718323, 1.3737157583236694, 0.8240295052528381, 0.8199375867843628, 0.8199375867843628, inf, '01:30']
[28, 0.45168110728263855, 0.43186837434768677, 0.8786808252334595, 0.9877493381500244, nan, 0.1762697845697403, 1.463402271270752, 0.798030436038971, 0.7966862320899963, 0.7966861128807068, nan, '01:30']
[29, 0.43010780215263367, 0.4282318353652954, 0.8728532195091248, 0.9883471131324768, 0.12401074171066284, 0.17597897350788116, 1.4578238725662231, 0.7929677367210388, 0.7884836792945862, 0.7884836792945862, inf, '01:30']
No improvement since epoch 21: early stopping
----------
2
----------
DLS create!
[0, 0.5794897675514221, 0.5453997254371643, 0.9931861758232117, 0.992983877658844, 0.0, 0.19954060018062592, 1.152442216873169, 0.9969412088394165, 0.98654705286026, 0.98654705286026, 0.00040795624954625964, '01:30']
Better model found at epoch 0 with valid_loss value: 0.5453997254371643.
[1, 0.5308200120925903, 0.5328598022460938, 0.9847739338874817, 0.992275595664978, 0.005787803791463375, 0.19611592590808868, 1.440558671951294, 0.9666221141815186, 0.9703766703605652, 0.9703766703605652, 0.35292527079582214, '01:30']
Better model found at epoch 1 with valid_loss value: 0.5328598022460938.
[2, 0.5100944638252258, 0.4944092929363251, 0.9681360721588135, 0.9862711429595947, 0.057383012026548386, 0.17992235720157623, 1.485769510269165, 0.9370707273483276, 0.9402413368225098, 0.9402413368225098, 3.5104706287384033, '01:30']
Better model found at epoch 2 with valid_loss value: 0.4944092929363251.
[3, 0.497494637966156, 0.48781007528305054, 0.9598401784896851, 0.983164370059967, 0.05519171431660652, 0.17922097444534302, 1.5670439004898071, 0.9193441271781921, 0.9255998134613037, 0.9255998134613037, 5.144416332244873, '01:30']
Better model found at epoch 3 with valid_loss value: 0.48781007528305054.
[4, 0.4935419261455536, 0.48038989305496216, 0.9486229419708252, 0.984164297580719, 0.05894702300429344, 0.17811693251132965, 1.6198915243148804, 0.8989754319190979, 0.9060820937156677, 0.9060820937156677, 4.60075569152832, '01:30']
Better model found at epoch 4 with valid_loss value: 0.48038989305496216.
[5, 0.4936295747756958, 0.4725172817707062, 0.944942831993103, 0.9885773658752441, 0.0667872428894043, 0.17595815658569336, 1.485917091369629, 0.895910382270813, 0.9001628756523132, 0.9001628756523132, 2.6603243350982666, '01:30']
Better model found at epoch 5 with valid_loss value: 0.4725172817707062.
[6, 0.4845162332057953, 0.4622519910335541, 0.9304006695747375, 0.9888580441474915, 0.07973107695579529, 0.17592357099056244, 1.4883744716644287, 0.8728603720664978, 0.8774524927139282, 0.8774524927139282, 2.1855194568634033, '01:30']
Better model found at epoch 6 with valid_loss value: 0.4622519910335541.
[7, 0.474454790353775, 0.4662356376647949, 0.9339038729667664, 0.9886672496795654, 0.0728975236415863, 0.17588214576244354, 1.5224355459213257, 0.8759083151817322, 0.8822328448295593, 0.8822328448295593, 2.6364083290100098, '01:30']
[8, 0.47016197443008423, 0.49005722999572754, 0.9508960247039795, 0.9810569286346436, 0.05648793280124664, 0.18031665682792664, 1.6734676361083984, 0.8962721228599548, 0.9096783399581909, 0.9096783399581909, 6.386190891265869, '01:30']
[9, 0.47466951608657837, 0.4836214482784271, 0.9445144534111023, 0.9790492057800293, 0.06034095585346222, 0.18042322993278503, 1.6669650077819824, 0.8778809309005737, 0.8993842005729675, 0.8993842005729675, 7.246163368225098, '01:29']
[10, 0.47630763053894043, 0.46024709939956665, 0.9294283986091614, 0.9910610914230347, 0.07903003692626953, 0.1746690571308136, 1.3939653635025024, 0.8710768818855286, 0.8755172491073608, 0.8755172491073608, 1.2800878286361694, '01:29']
Better model found at epoch 10 with valid_loss value: 0.46024709939956665.
[11, 0.47056886553764343, 0.4589272737503052, 0.9242257475852966, 0.9890908598899841, 0.08269735425710678, 0.1756705343723297, 1.4954745769500732, 0.8570780158042908, 0.8668770790100098, 0.8668770790100098, 2.290921449661255, '01:30']
Better model found at epoch 11 with valid_loss value: 0.4589272737503052.
[12, 0.46828821301460266, 0.4555670917034149, 0.9210605621337891, 0.9881076812744141, 0.08710919320583344, 0.17614147067070007, 1.5270487070083618, 0.8517930507659912, 0.8608682751655579, 0.8608682751655579, 2.899057388305664, '01:31']
Better model found at epoch 12 with valid_loss value: 0.4555670917034149.
[13, 0.46513932943344116, 0.45094427466392517, 0.9151621460914612, 0.9892345070838928, 0.0914921760559082, 0.17564553022384644, 1.4939087629318237, 0.8434653282165527, 0.8514354825019836, 0.8514354825019836, 2.1423110961914062, '01:30']
Better model found at epoch 13 with valid_loss value: 0.45094427466392517.
[14, 0.46296998858451843, 0.4820419251918793, 0.9396346807479858, 0.9799763560295105, 0.06309725344181061, 0.1801312118768692, 1.6921687126159668, 0.8687090873718262, 0.8903113007545471, 0.8903113007545471, 6.283811569213867, '01:30']
[15, 0.4525640308856964, 0.4559292793273926, 0.9213657379150391, 0.9920570850372314, 0.08556214720010757, 0.17416705191135406, 1.262235164642334, 0.8539453744888306, 0.8643345832824707, 0.8643345832824707, 0.6887406706809998, '01:30']
[16, 0.45913729071617126, 0.46969929337501526, 0.9308526515960693, 0.984614908695221, 0.0730377584695816, 0.17762674391269684, 1.5908466577529907, 0.8700846433639526, 0.8779523372650146, 0.8779523372650146, 4.005700588226318, '01:31']
[17, 0.4613572359085083, 0.4479566216468811, 0.9113342761993408, 0.99019855260849, 0.09575539082288742, 0.17518486082553864, 1.4306107759475708, 0.8417505025863647, 0.8475250005722046, 0.8475250005722046, 1.6469931602478027, '01:31']
Better model found at epoch 17 with valid_loss value: 0.4479566216468811.
[18, 0.4584861993789673, 0.4565056264400482, 0.9199747443199158, 0.9889986515045166, 0.08671502023935318, 0.17578385770320892, 1.490283727645874, 0.8577969670295715, 0.8612592816352844, 0.8612592816352844, 1.9890285730361938, '01:31']
[19, 0.46006086468696594, 0.45506924390792847, 0.9154617190361023, 0.9866755604743958, 0.08910779654979706, 0.1769551783800125, 1.597829818725586, 0.8403592705726624, 0.8523627519607544, 0.8523628115653992, 3.1849119663238525, '01:30']
[20, 0.4668521583080292, 0.49828386306762695, 0.9472165703773499, 0.9636832475662231, 0.054365891963243484, 0.18697820603847504, 1.7804112434387207, 0.8678322434425354, 0.9036193490028381, 0.9036193490028381, 13.930142402648926, '01:29']
[21, 0.4497181475162506, 0.4719739258289337, 0.9273238778114319, 0.9815099239349365, 0.075038380920887, 0.17959250509738922, 1.6766993999481201, 0.8528756499290466, 0.8713770508766174, 0.8713770508766174, 5.021306037902832, '01:29']
[22, 0.4517834186553955, 0.46818771958351135, 0.937772274017334, 0.9929869771003723, 0.06928744167089462, 0.17362196743488312, 1.134692907333374, 0.8772405982017517, 0.890589714050293, 0.8905896544456482, 0.26033923029899597, '01:29']
[23, 0.4564044177532196, 0.44487568736076355, 0.9082980751991272, 0.990247368812561, 0.09986074268817902, 0.17522145807743073, 1.4111357927322388, 0.8326966166496277, 0.8424316048622131, 0.8424316048622131, 1.3821219205856323, '01:29']
Better model found at epoch 23 with valid_loss value: 0.44487568736076355.
[24, 0.45156997442245483, 0.4401286244392395, 0.9026877880096436, 0.990254819393158, 0.1049397811293602, 0.17515937983989716, 1.4462039470672607, 0.8257101774215698, 0.8326646685600281, 0.8326646685600281, 1.5369112491607666, '01:30']
Better model found at epoch 24 with valid_loss value: 0.4401286244392395.
[25, 0.4556017220020294, 0.4603402018547058, 0.9199907183647156, 0.9847920536994934, 0.08361463248729706, 0.17794975638389587, 1.6164937019348145, 0.8399361968040466, 0.8585641384124756, 0.8585641384124756, 4.428303241729736, '01:29']
[26, 0.4550817310810089, 0.4431752562522888, 0.9047953486442566, 0.9887294769287109, 0.10101863741874695, 0.17596755921840668, 1.5116147994995117, 0.8251321911811829, 0.8350138068199158, 0.8350138068199158, 2.128484010696411, '01:29']
[27, 0.44878751039505005, 0.4558084309101105, 0.9205332398414612, 0.9914187788963318, 0.08700551837682724, 0.17454099655151367, 1.35426926612854, 0.8504754900932312, 0.8608555793762207, 0.8608555793762207, 1.1345058679580688, '01:29']
[28, 0.44266629219055176, 0.45503678917884827, 0.913497805595398, 0.9860658645629883, 0.09036911278963089, 0.17735496163368225, 1.6016873121261597, 0.8317984938621521, 0.8480959534645081, 0.8480959534645081, 3.6663026809692383, '01:29']
[29, 0.44498157501220703, 0.44462817907333374, 0.907011866569519, 0.9909121990203857, 0.09863357990980148, 0.17480476200580597, 1.3972430229187012, 0.8306513428688049, 0.8384063243865967, 0.8384063243865967, 1.212539553642273, '01:30']
[30, 0.4433179795742035, 0.440780371427536, 0.9021857380867004, 0.9903484582901001, 0.10315052419900894, 0.17510651051998138, 1.451724648475647, 0.8236314058303833, 0.8309448957443237, 0.8309448957443237, 1.5130656957626343, '01:29']
[31, 0.4451787769794464, 0.4371509253978729, 0.8970578908920288, 0.9896088242530823, 0.10873496532440186, 0.17555665969848633, 1.4922747611999512, 0.8102007508277893, 0.8226863741874695, 0.8226863741874695, 2.119004726409912, '01:29']
Better model found at epoch 31 with valid_loss value: 0.4371509253978729.
[32, 0.4568597674369812, 0.43755581974983215, 0.8986412286758423, 0.9900341033935547, 0.10834769159555435, 0.1752794235944748, 1.460636854171753, 0.8142926692962646, 0.8244284391403198, 0.8244284391403198, 1.6220523118972778, '01:29']
[33, 0.44701698422431946, 0.44645071029663086, 0.9061127305030823, 0.9861702919006348, 0.09959686547517776, 0.1774272918701172, 1.610982060432434, 0.8183305263519287, 0.8366772532463074, 0.8366773724555969, 3.363438606262207, '01:30']
[34, 0.44586387276649475, 0.43242353200912476, 0.8921566605567932, 0.9893854856491089, 0.11693061143159866, 0.175777867436409, 1.4777379035949707, 0.8046556711196899, 0.815617024898529, 0.815617024898529, 1.8335882425308228, '01:29']
Better model found at epoch 34 with valid_loss value: 0.43242353200912476.
[35, 0.446696937084198, 0.4383934736251831, 0.8977324962615967, 0.9887693524360657, 0.10703837871551514, 0.1759740561246872, 1.540313959121704, 0.813433051109314, 0.8239504098892212, 0.8239504098892212, 2.492567539215088, '01:30']
[36, 0.44659945368766785, 0.43888139724731445, 0.8984021544456482, 0.9895633459091187, 0.10706218332052231, 0.1756075620651245, 1.5011447668075562, 0.8141443729400635, 0.8245444297790527, 0.8245444297790527, 2.002497434616089, '01:29']
[37, 0.44924551248550415, 0.4512920081615448, 0.9094893336296082, 0.9867417812347412, 0.09376373887062073, 0.17697767913341522, 1.5994501113891602, 0.8283469676971436, 0.8420310020446777, 0.8420310020446777, 2.864778757095337, '01:29']
[38, 0.45562079548835754, 0.44884708523750305, 0.9085783362388611, 0.9873310923576355, 0.09569637477397919, 0.17674249410629272, 1.5500314235687256, 0.8280382752418518, 0.8409057259559631, 0.8409057259559631, 2.658153533935547, '01:29']
[39, 0.4430154860019684, 0.4367707073688507, 0.8969334363937378, 0.9884854555130005, 0.11019206792116165, 0.17620164155960083, 1.5220398902893066, 0.8121450543403625, 0.8229450583457947, 0.8229450583457947, 2.2816033363342285, '01:28']
[40, 0.4487045705318451, 0.4484644830226898, 0.9082716107368469, 0.987768292427063, 0.09721162915229797, 0.17656520009040833, 1.5321879386901855, 0.8308908343315125, 0.8413261771202087, 0.8413261771202087, 2.3179070949554443, '01:30']
[41, 0.43656715750694275, 0.4497619867324829, 0.9083500504493713, 0.9860506057739258, 0.09534525871276855, 0.1773383617401123, 1.6063494682312012, 0.8227970600128174, 0.8400892019271851, 0.8400892019271851, 3.5126876831054688, '01:29']
[42, 0.4380203187465668, 0.44592875242233276, 0.9095777869224548, 0.9924652576446533, 0.0972723662853241, 0.17396099865436554, 1.2514981031417847, 0.8353440165519714, 0.8446251153945923, 0.8446251153945923, 0.6020221710205078, '01:28']
No improvement since epoch 34: early stopping
----------
3
----------
DLS create!
[0, 0.5406041145324707, 0.5263129472732544, 0.9898949861526489, 0.991801381111145, 0.0, 0.18796086311340332, 1.205786943435669, 0.9897453784942627, 0.9800788760185242, 0.9800788760185242, 0.0, '01:29']
Better model found at epoch 0 with valid_loss value: 0.5263129472732544.
[1, 0.5143578052520752, 0.5076976418495178, 0.9830200672149658, 0.9914878606796265, 0.007050866261124611, 0.1779659390449524, 1.2303102016448975, 0.9740627408027649, 0.9670151472091675, 0.9670151472091675, 0.13958671689033508, '01:29']
Better model found at epoch 1 with valid_loss value: 0.5076976418495178.
[2, 0.49553099274635315, 0.48994728922843933, 0.9562987089157104, 0.9804427027702332, 0.055018555372953415, 0.17969097197055817, 1.5650699138641357, 0.9167547225952148, 0.9185393452644348, 0.9185393452644348, 3.5975921154022217, '01:28']
Better model found at epoch 2 with valid_loss value: 0.48994728922843933.
[3, 0.4858984053134918, 0.4833621382713318, 0.9470798373222351, 0.9830201268196106, 0.06056485325098038, 0.17799608409404755, 1.5468194484710693, 0.9009782671928406, 0.9032772183418274, 0.9032772183418274, 2.795971632003784, '01:29']
Better model found at epoch 3 with valid_loss value: 0.4833621382713318.
[4, 0.4759410321712494, 0.4844606816768646, 0.9524268507957458, 0.9883590340614319, 0.053489308804273605, 0.17541807889938354, 1.3798452615737915, 0.9132622480392456, 0.9122575521469116, 0.9122575521469116, 1.12105393409729, '01:28']
[5, 0.4815860688686371, 0.5045840740203857, 0.9647011756896973, 0.9780704975128174, 0.0385785773396492, 0.1801731139421463, 1.5994292497634888, 0.9358361959457397, 0.9336951971054077, 0.9336951971054077, 5.411956310272217, '01:29']
[6, 0.48017266392707825, 0.4876585602760315, 0.9535771012306213, 0.9858335256576538, 0.05228617042303085, 0.1766570657491684, 1.4778650999069214, 0.9140428900718689, 0.9132745265960693, 0.9132745265960693, 1.9221117496490479, '01:29']
[7, 0.47685563564300537, 0.48086947202682495, 0.9452769160270691, 0.9884359240531921, 0.0591835118830204, 0.1753942370414734, 1.4047404527664185, 0.8990469574928284, 0.90073162317276, 0.90073162317276, 1.327993631362915, '01:28']
Better model found at epoch 7 with valid_loss value: 0.48086947202682495.
[8, 0.4692820608615875, 0.48696577548980713, 0.9419646263122559, 0.9816626906394958, 0.06123318150639534, 0.17879219353199005, 1.5865155458450317, 0.890663206577301, 0.8954564929008484, 0.8954564929008484, 2.7824950218200684, '01:29']
[9, 0.47029629349708557, 0.4677632749080658, 0.9300616979598999, 0.9889698624610901, 0.0756516233086586, 0.17511723935604095, 1.3617240190505981, 0.8738606572151184, 0.8759987354278564, 0.8759987354278564, 1.0083740949630737, '01:29']
Better model found at epoch 9 with valid_loss value: 0.4677632749080658.
[10, 0.45673978328704834, 0.4775890111923218, 0.9410703778266907, 0.9906485080718994, 0.0621686615049839, 0.17423027753829956, 1.2418185472488403, 0.8897416591644287, 0.8961840271949768, 0.8961840271949768, 0.5113804340362549, '01:29']
[11, 0.45891135931015015, 0.47712841629981995, 0.9335383772850037, 0.983856737613678, 0.07009679824113846, 0.17770923674106598, 1.5629582405090332, 0.876488208770752, 0.8805482387542725, 0.8805482387542725, 2.583587884902954, '01:29']
[12, 0.45738327503204346, 0.4747929275035858, 0.9387977719306946, 0.991061270236969, 0.06544223427772522, 0.17402958869934082, 1.182476282119751, 0.8834581971168518, 0.8928402066230774, 0.8928402066230774, 0.3763550817966461, '01:29']
[13, 0.46358388662338257, 0.47644492983818054, 0.9400338530540466, 0.9889575839042664, 0.06445610523223877, 0.17512990534305573, 1.2946199178695679, 0.8893705010414124, 0.8939653635025024, 0.8939653635025024, 0.7513119578361511, '01:29']
[14, 0.454719215631485, 0.4716882109642029, 0.9324018359184265, 0.9867732524871826, 0.07233002781867981, 0.17620137333869934, 1.4697030782699585, 0.8772796392440796, 0.878210186958313, 0.878210186958313, 1.7163877487182617, '01:29']
[15, 0.4484045207500458, 0.4672071635723114, 0.92717444896698, 0.9880537986755371, 0.07694260776042938, 0.17559537291526794, 1.3759053945541382, 0.8679934144020081, 0.8719546794891357, 0.8719546794891357, 1.0203605890274048, '01:29']
Better model found at epoch 15 with valid_loss value: 0.4672071635723114.
[16, 0.44947198033332825, 0.4641067087650299, 0.9214422702789307, 0.987821102142334, 0.08254731446504593, 0.17583319544792175, 1.4159444570541382, 0.8597451448440552, 0.8642107248306274, 0.8642107248306274, 1.3026949167251587, '01:29']
Better model found at epoch 16 with valid_loss value: 0.4641067087650299.
[17, 0.45497238636016846, 0.4680500626564026, 0.9309452176094055, 0.9902321100234985, 0.07478722184896469, 0.17444007098674774, 1.2537946701049805, 0.8681698441505432, 0.8785018920898438, 0.8785018920898438, 0.9434946179389954, '01:29']
[18, 0.4540141224861145, 0.4739325940608978, 0.930543839931488, 0.9842488169670105, 0.07237021625041962, 0.17748956382274628, 1.4977240562438965, 0.8675444722175598, 0.8757668733596802, 0.8757668733596802, 1.8134100437164307, '01:29']
[19, 0.4424020051956177, 0.46285441517829895, 0.9204829931259155, 0.9877665042877197, 0.08418326824903488, 0.17580977082252502, 1.399595022201538, 0.8562811017036438, 0.8599861860275269, 0.8599861860275269, 1.435638666152954, '01:28']
Better model found at epoch 19 with valid_loss value: 0.46285441517829895.
[20, 0.45874008536338806, 0.46584153175354004, 0.9252504706382751, 0.987091600894928, 0.07957762479782104, 0.17615842819213867, 1.4555460214614868, 0.8658255934715271, 0.868746280670166, 0.868746280670166, 1.5862681865692139, '01:29']
[21, 0.44838419556617737, 0.47281429171562195, 0.9242047667503357, 0.9832708835601807, 0.07958561927080154, 0.17802119255065918, 1.5397117137908936, 0.8643831014633179, 0.8681715130805969, 0.8681715130805969, 3.0277116298675537, '01:29']
[22, 0.4444597661495209, 0.4594796597957611, 0.9183632731437683, 0.9890224933624268, 0.08641471713781357, 0.17507383227348328, 1.3553216457366943, 0.8529943227767944, 0.8580136299133301, 0.8580136299133301, 1.1675432920455933, '01:29']
Better model found at epoch 22 with valid_loss value: 0.4594796597957611.
[23, 0.4411296546459198, 0.47582146525382996, 0.9281134009361267, 0.9838687777519226, 0.07478751242160797, 0.17778855562210083, 1.5242153406143188, 0.8660266399383545, 0.872667670249939, 0.872667670249939, 2.004488945007324, '01:29']
[24, 0.4479525089263916, 0.46050286293029785, 0.9192748665809631, 0.9881247878074646, 0.08639321476221085, 0.17567060887813568, 1.383152723312378, 0.8566814661026001, 0.8608954548835754, 0.8608954548835754, 1.186041235923767, '01:29']
[25, 0.4390943944454193, 0.47636914253234863, 0.939030647277832, 0.9913775324821472, 0.0645161047577858, 0.17381484806537628, 1.1386739015579224, 0.8798783421516418, 0.8941977620124817, 0.8941977620124817, 0.3472263216972351, '01:29']
[26, 0.4441995322704315, 0.45326387882232666, 0.9128057956695557, 0.9899594187736511, 0.09292441606521606, 0.17468731105327606, 1.2842928171157837, 0.8446965217590332, 0.8506290316581726, 0.8506290316581726, 0.7326910495758057, '01:29']
Better model found at epoch 26 with valid_loss value: 0.45326387882232666.
[27, 0.435249388217926, 0.46594178676605225, 0.9226217269897461, 0.9880632162094116, 0.08086173981428146, 0.1756916344165802, 1.3689652681350708, 0.8597676157951355, 0.8664178848266602, 0.8664178848266602, 1.067225694656372, '01:29']
[28, 0.44847920536994934, 0.468307226896286, 0.920648455619812, 0.9835725426673889, 0.08216449618339539, 0.17793621122837067, 1.5528229475021362, 0.8532739877700806, 0.8616533875465393, 0.8616533875465393, 2.7806458473205566, '01:29']
[29, 0.44979938864707947, 0.47328442335128784, 0.9355414509773254, 0.9911190271377563, 0.06826722621917725, 0.17396986484527588, 1.175339937210083, 0.8735156655311584, 0.8871015310287476, 0.8871015310287476, 0.41014644503593445, '01:29']
[30, 0.43789076805114746, 0.4543969929218292, 0.9104682207107544, 0.9899032711982727, 0.09387902915477753, 0.17475919425487518, 1.3084264993667603, 0.8398227691650391, 0.8468056321144104, 0.8468055129051208, 0.8699882626533508, '01:29']
[31, 0.43837907910346985, 0.45852798223495483, 0.9111045598983765, 0.9841904044151306, 0.09307219833135605, 0.17761851847171783, 1.49747896194458, 0.8378620147705078, 0.8454039692878723, 0.8454040884971619, 2.6554698944091797, '01:28']
[32, 0.4296163320541382, 0.45262426137924194, 0.908470630645752, 0.9903552532196045, 0.09662491828203201, 0.1745050549507141, 1.2533267736434937, 0.8374585509300232, 0.8460378050804138, 0.8460378050804138, 0.8475953340530396, '01:29']
Better model found at epoch 32 with valid_loss value: 0.45262426137924194.
[33, 0.44923409819602966, 0.457088440656662, 0.9172301888465881, 0.9899452328681946, 0.08765828609466553, 0.17465661466121674, 1.317839503288269, 0.8493715524673462, 0.8561270236968994, 0.856127142906189, 0.8817859292030334, '01:29']
[34, 0.43852540850639343, 0.45542943477630615, 0.9119234085083008, 0.9871342182159424, 0.09268703311681747, 0.17617939412593842, 1.4375793933868408, 0.8454794883728027, 0.849899172782898, 0.849899172782898, 1.6543903350830078, '01:29']
[35, 0.43539050221443176, 0.4505094587802887, 0.9044332504272461, 0.9855619072914124, 0.10054049640893936, 0.17701856791973114, 1.5102275609970093, 0.8311540484428406, 0.835218071937561, 0.8352182507514954, 2.156019687652588, '01:29']
Better model found at epoch 35 with valid_loss value: 0.4505094587802887.
[36, 0.44622400403022766, 0.4473910927772522, 0.9061625003814697, 0.9903329014778137, 0.10132325440645218, 0.1745128184556961, 1.303507924079895, 0.832302451133728, 0.8384062051773071, 0.8384062051773071, 0.788448691368103, '01:29']
Better model found at epoch 36 with valid_loss value: 0.4473910927772522.
[37, 0.43722110986709595, 0.44524139165878296, 0.9010306596755981, 0.9896059036254883, 0.10417238622903824, 0.174916610121727, 1.3336091041564941, 0.8280757069587708, 0.8316505551338196, 0.8316505551338196, 0.8884541392326355, '01:29']
Better model found at epoch 37 with valid_loss value: 0.44524139165878296.
[38, 0.432830810546875, 0.457609623670578, 0.9147081971168518, 0.990106999874115, 0.08954668790102005, 0.1746642142534256, 1.2655941247940063, 0.8484662771224976, 0.8548353910446167, 0.8548353910446167, 0.6554019451141357, '01:28']
[39, 0.4380302429199219, 0.45865756273269653, 0.9112421274185181, 0.985444962978363, 0.09198135882616043, 0.17713317275047302, 1.5009998083114624, 0.8356667757034302, 0.8448793292045593, 0.8448793292045593, 1.9303189516067505, '01:29']
[40, 0.44124680757522583, 0.4491557478904724, 0.9035522937774658, 0.9887020587921143, 0.10277778655290604, 0.17544524371623993, 1.3764477968215942, 0.8316629528999329, 0.8360460996627808, 0.8360460996627808, 1.0785465240478516, '01:29']
[41, 0.43841835856437683, 0.4664786756038666, 0.9179327487945557, 0.984673023223877, 0.08543325215578079, 0.1773591786623001, 1.5235780477523804, 0.8529644012451172, 0.8595621585845947, 0.8595621585845947, 2.8029556274414062, '01:29']
[42, 0.4502655863761902, 0.44716188311576843, 0.9011797904968262, 0.9882721900939941, 0.1036602035164833, 0.17567472159862518, 1.3899946212768555, 0.8248529434204102, 0.8321321606636047, 0.8321322202682495, 1.4719867706298828, '01:29']
[43, 0.43587514758110046, 0.46588876843452454, 0.9255411624908447, 0.9907233119010925, 0.07812713086605072, 0.17423401772975922, 1.192806363105774, 0.8658257722854614, 0.8733547329902649, 0.8733547329902649, 0.4344630539417267, '01:29']
[44, 0.43774551153182983, 0.46317481994628906, 0.9219216704368591, 0.9914329648017883, 0.08195144683122635, 0.17383743822574615, 1.1522818803787231, 0.8512023091316223, 0.8674548268318176, 0.8674548268318176, 0.36128199100494385, '01:28']
[45, 0.4384436011314392, 0.4521457254886627, 0.9084239602088928, 0.9909499287605286, 0.09655392915010452, 0.17416547238826752, 1.2029072046279907, 0.8346782326698303, 0.844919741153717, 0.844919741153717, 0.46590879559516907, '01:29']
No improvement since epoch 37: early stopping
----------
4
----------
DLS create!
[0, 0.5346843600273132, 0.519144594669342, 0.9793026447296143, 0.9927837252616882, nan, 0.185614213347435, 1.1995528936386108, 0.9828844666481018, 0.9680419564247131, 0.9680419564247131, nan, '01:29']
Better model found at epoch 0 with valid_loss value: 0.519144594669342.
[1, 0.511135458946228, 0.5046529173851013, 0.9736533164978027, 0.9914610385894775, 0.02291756495833397, 0.17685146629810333, 1.2933927774429321, 0.9699141383171082, 0.9572253823280334, 0.9572253823280334, inf, '01:28']
Better model found at epoch 1 with valid_loss value: 0.5046529173851013.
[2, 0.4939238429069519, 0.4894448220729828, 0.9454330801963806, 0.9801596999168396, 0.05754013732075691, 0.18109604716300964, 1.645918369293213, 0.908231258392334, 0.907289445400238, 0.907289445400238, inf, '01:28']
Better model found at epoch 2 with valid_loss value: 0.4894448220729828.
[3, 0.4860377311706543, 0.4721277058124542, 0.93215411901474, 0.9881216883659363, 0.06930018961429596, 0.17620164155960083, 1.4864920377731323, 0.8918877840042114, 0.8850359916687012, 0.8850359916687012, inf, '01:28']
Better model found at epoch 3 with valid_loss value: 0.4721277058124542.
[4, 0.4810122847557068, 0.49127018451690674, 0.9500262141227722, 0.9862787127494812, 0.054397840052843094, 0.1778911054134369, 1.5511181354522705, 0.9210594296455383, 0.9146847724914551, 0.9146847724914551, inf, '01:28']
[5, 0.48356541991233826, 0.46370187401771545, 0.9207707047462463, 0.9857532382011414, 0.081253282725811, 0.1771508902311325, 1.5486435890197754, 0.8661988377571106, 0.8651310205459595, 0.8651310205459595, inf, '01:28']
Better model found at epoch 5 with valid_loss value: 0.46370187401771545.
[6, 0.4831356704235077, 0.4665299654006958, 0.9270308017730713, 0.9894037246704102, 0.07757463306188583, 0.17538143694400787, 1.4160146713256836, 0.8820778727531433, 0.8763149380683899, 0.8763149380683899, inf, '01:29']
[7, 0.4742276668548584, 0.47904303669929504, 0.9375330209732056, 0.9865577220916748, 0.05836250260472298, 0.17668798565864563, 1.5335136651992798, 0.8979687094688416, 0.8932850956916809, 0.8932850956916809, inf, '01:29']
[8, 0.4727037250995636, 0.47060108184814453, 0.9301633238792419, 0.9915778636932373, 0.06746876984834671, 0.17422690987586975, 1.2958300113677979, 0.8823114037513733, 0.8809164762496948, 0.8809164762496948, inf, '01:29']
[9, 0.46245276927948, 0.48867765069007874, 0.9329668879508972, 0.9775515198707581, 0.060843899846076965, 0.181303471326828, 1.6948723793029785, 0.8827860951423645, 0.8865929841995239, 0.8865929841995239, inf, '01:28']
[10, 0.46553200483322144, 0.4518757462501526, 0.9046898484230042, 0.9892300367355347, 0.09356945753097534, 0.17552508413791656, 1.462234377861023, 0.8430049419403076, 0.8405790328979492, 0.8405790328979492, inf, '01:28']
Better model found at epoch 10 with valid_loss value: 0.4518757462501526.
[11, 0.4708075523376465, 0.4767831265926361, 0.9315178990364075, 0.9839890003204346, 0.06391054391860962, 0.1780056655406952, 1.5960917472839355, 0.8847591280937195, 0.8832868337631226, 0.8832868337631226, inf, '01:28']
[12, 0.4656373858451843, 0.4825928509235382, 0.9212259650230408, 0.9764028787612915, 0.07277966290712357, 0.18226392567157745, 1.7184830904006958, 0.8487768769264221, 0.8664565682411194, 0.8664565682411194, inf, '01:28']
[13, 0.4651152491569519, 0.4505787193775177, 0.9028064608573914, 0.9874091744422913, 0.09516407549381256, 0.17648158967494965, 1.5294256210327148, 0.8396481871604919, 0.8378671407699585, 0.8378671407699585, inf, '01:28']
Better model found at epoch 13 with valid_loss value: 0.4505787193775177.
[14, 0.460578978061676, 0.4511941373348236, 0.9010364413261414, 0.9869139790534973, 0.09640033543109894, 0.17685207724571228, 1.5432054996490479, 0.8333956599235535, 0.8358924984931946, 0.8358924984931946, inf, '01:28']
[15, 0.4564501643180847, 0.4442357122898102, 0.8935299515724182, 0.9885939359664917, 0.10380162298679352, 0.17601843178272247, 1.4931302070617676, 0.8246495723724365, 0.8256015777587891, 0.8256015777587891, inf, '01:28']
Better model found at epoch 15 with valid_loss value: 0.4442357122898102.
[16, 0.46618345379829407, 0.4462220370769501, 0.9005873799324036, 0.9907464981079102, 0.10139540582895279, 0.17479434609413147, 1.3560124635696411, 0.8375052809715271, 0.8355564475059509, 0.8355564475059509, inf, '01:28']
[17, 0.46145984530448914, 0.4443812966346741, 0.8976672291755676, 0.9918794631958008, 0.10357245802879333, 0.1741480678319931, 1.2638144493103027, 0.8315593600273132, 0.8316540122032166, 0.8316540122032166, inf, '01:28']
[18, 0.4487740099430084, 0.4402760863304138, 0.8899626135826111, 0.9900291562080383, 0.1075923889875412, 0.1752195954322815, 1.4017301797866821, 0.8170785307884216, 0.8170551061630249, 0.8170551061630249, inf, '01:28']
Better model found at epoch 18 with valid_loss value: 0.4402760863304138.
[19, 0.4561256766319275, 0.46031898260116577, 0.9066721200942993, 0.9838703274726868, 0.08853258937597275, 0.17839360237121582, 1.6067200899124146, 0.8359665274620056, 0.8437399864196777, 0.8437399864196777, inf, '01:28']
[20, 0.4517641067504883, 0.4388679265975952, 0.8901166319847107, 0.9912468791007996, 0.10966771095991135, 0.17453889548778534, 1.310495138168335, 0.8195330500602722, 0.8191002011299133, 0.8191001415252686, inf, '01:28']
Better model found at epoch 20 with valid_loss value: 0.4388679265975952.
[21, 0.4566176235675812, 0.4600122272968292, 0.9171666502952576, 0.9917008876800537, 0.08094768971204758, 0.17422078549861908, 1.2561014890670776, 0.8591489791870117, 0.8616788387298584, 0.8616788387298584, inf, '01:28']
[22, 0.45088520646095276, 0.45384129881858826, 0.9066250324249268, 0.9919171333312988, nan, 0.1741294115781784, 1.1916393041610718, 0.8484565019607544, 0.8476574420928955, 0.8476574420928955, nan, '01:28']
[23, 0.45528894662857056, 0.4666081666946411, 0.9242117404937744, 0.9904783368110657, 0.0738351121544838, 0.17470434308052063, 1.3213635683059692, 0.8750025629997253, 0.8726040720939636, 0.8726040720939636, inf, '01:28']
[24, 0.44271641969680786, 0.4391017556190491, 0.8875675797462463, 0.9891799092292786, 0.10948172211647034, 0.1756589412689209, 1.4716567993164062, 0.8155454993247986, 0.8156746625900269, 0.8156746625900269, inf, '01:28']
[25, 0.44524335861206055, 0.453682005405426, 0.9075389504432678, 0.9925914406776428, nan, 0.17373497784137726, 1.1561975479125977, 0.8432247042655945, 0.8489093780517578, 0.8489093780517578, nan, '01:28']
[26, 0.4531639516353607, 0.44894927740097046, 0.9008978605270386, 0.9914103746414185, 0.095567487180233, 0.17438241839408875, 1.304098129272461, 0.8372673392295837, 0.8370809555053711, 0.8370809555053711, inf, '01:28']
[27, 0.44640761613845825, 0.433040589094162, 0.8804450631141663, 0.9904102683067322, 0.11740772426128387, 0.17507368326187134, 1.3913636207580566, 0.8075689673423767, 0.8063219785690308, 0.8063219785690308, inf, '01:28']
Better model found at epoch 27 with valid_loss value: 0.433040589094162.
[28, 0.45576268434524536, 0.44266068935394287, 0.8951005339622498, 0.9914560914039612, 0.1038489043712616, 0.17443235218524933, 1.2852447032928467, 0.8293814659118652, 0.8281533122062683, 0.8281533122062683, inf, '01:28']
[29, 0.4473310708999634, 0.46958258748054504, 0.9068063497543335, 0.9821453094482422, 0.08732050657272339, 0.17950409650802612, 1.6336679458618164, 0.8294991850852966, 0.8431286215782166, 0.8431286215782166, inf, '01:28']
[30, 0.45013874769210815, 0.44049227237701416, 0.8905371427536011, 0.989872395992279, 0.10731782764196396, 0.17536839842796326, 1.4239964485168457, 0.8193259239196777, 0.8191219568252563, 0.8191219568252563, inf, '01:28']
[31, 0.4460199475288391, 0.4306112825870514, 0.8784416317939758, 0.990993082523346, 0.12075811624526978, 0.1747598648071289, 1.3343242406845093, 0.8022240996360779, 0.8028967976570129, 0.8028967976570129, inf, '01:28']
Better model found at epoch 31 with valid_loss value: 0.4306112825870514.
[32, 0.4473142623901367, 0.43905219435691833, 0.8846153020858765, 0.9887340664863586, 0.11090624332427979, 0.1759888082742691, 1.4779932498931885, 0.8091084361076355, 0.8113464713096619, 0.8113464713096619, inf, '01:28']
[33, 0.44428879022598267, 0.44242823123931885, 0.892028272151947, 0.9903124570846558, 0.1049269512295723, 0.17501460015773773, 1.373537302017212, 0.8225233554840088, 0.8235523104667664, 0.8235523104667664, inf, '01:28']
[34, 0.4380355775356293, 0.44304901361465454, 0.8923267722129822, 0.992366373538971, 0.10413190722465515, 0.17394666373729706, 1.2034754753112793, 0.8250740766525269, 0.8277112245559692, 0.8277112245559692, inf, '01:28']
[35, 0.4419477880001068, 0.46744054555892944, 0.9131138920783997, 0.9833414554595947, 0.08043032139539719, 0.17852181196212769, 1.6318029165267944, 0.8517021536827087, 0.8545862436294556, 0.8545862436294556, inf, '01:28']
[36, 0.44460687041282654, 0.446367084980011, 0.8919950723648071, 0.9862942099571228, 0.10308567434549332, 0.1771969199180603, 1.5638107061386108, 0.8175423741340637, 0.8220586180686951, 0.8220586180686951, inf, '01:28']
[37, 0.4420986771583557, 0.4468342959880829, 0.8983275890350342, 0.9914127588272095, 0.09906930476427078, 0.17440715432167053, 1.3170033693313599, 0.8332814574241638, 0.8336971402168274, 0.8336971402168274, inf, '01:28']
[38, 0.43994563817977905, 0.4445898234844208, 0.8891631960868835, 0.9856879711151123, 0.10665558278560638, 0.17768621444702148, 1.5926299095153809, 0.8040860295295715, 0.8158802390098572, 0.8158802390098572, inf, '01:28']
[39, 0.45179879665374756, 0.4343051016330719, 0.8824639916419983, 0.989585816860199, 0.11537931114435196, 0.1753828227519989, 1.4601839780807495, 0.8079900145530701, 0.8072350025177002, 0.8072350025177002, inf, '01:28']
No improvement since epoch 31: early stopping
Linknet_dense161 Done!
