Models will save to Linknet_effb7_x
Use efficientnet-b7 encoder
Start training...
----------
0
----------
DLS create!
[0, 0.5394406318664551, 0.527942955493927, 0.9931482076644897, 0.9919732213020325, 0.0, 0.1867479383945465, 1.0876295566558838, 0.9967769384384155, 0.9864671230316162, 0.9864671230316162, 0.0, '02:09']
Better model found at epoch 0 with valid_loss value: 0.527942955493927.
[1, 0.5092831254005432, 0.5142297744750977, 0.9910992980003357, 0.9917495250701904, 0.00751512311398983, 0.17668557167053223, 1.1596261262893677, 0.9886245727539062, 0.9824998378753662, 0.9824998378753662, 0.10734086483716965, '02:07']
Better model found at epoch 1 with valid_loss value: 0.5142297744750977.
[2, 0.49229079484939575, 0.4860319197177887, 0.9574139714241028, 0.9856362342834473, 0.05847128853201866, 0.17714932560920715, 1.4646632671356201, 0.9216359853744507, 0.92190021276474, 0.92190021276474, 2.7782318592071533, '02:07']
Better model found at epoch 2 with valid_loss value: 0.4860319197177887.
[3, 0.4857015311717987, 0.49496230483055115, 0.9661609530448914, 0.9908216595649719, 0.041007742285728455, 0.17421430349349976, 1.2610433101654053, 0.9350696802139282, 0.9372747540473938, 0.9372747540473938, 0.5856747627258301, '02:08']
[4, 0.4871708154678345, 0.47689566016197205, 0.9460800886154175, 0.9904836416244507, 0.06905205547809601, 0.17450201511383057, 1.2874630689620972, 0.9030994772911072, 0.9037542343139648, 0.9037542343139648, 0.7477344870567322, '02:07']
Better model found at epoch 4 with valid_loss value: 0.47689566016197205.
[5, 0.48137980699539185, 0.4710083603858948, 0.9338545799255371, 0.9827088117599487, 0.07555130124092102, 0.1782434731721878, 1.606398582458496, 0.8678092360496521, 0.8812636137008667, 0.8812636137008667, 4.518679141998291, '02:07']
Better model found at epoch 5 with valid_loss value: 0.4710083603858948.
[6, 0.4785705804824829, 0.47740036249160767, 0.9393283724784851, 0.9844592213630676, 0.06704042851924896, 0.17744801938533783, 1.5727900266647339, 0.8825349807739258, 0.8910537958145142, 0.8910537958145142, 3.2032322883605957, '02:08']
[7, 0.46998706459999084, 0.47162649035453796, 0.9262678027153015, 0.9800404906272888, 0.07878495752811432, 0.1797548532485962, 1.651241421699524, 0.8464469909667969, 0.8685614466667175, 0.8685614466667175, 4.102910041809082, '02:07']
[8, 0.46911999583244324, 0.45037728548049927, 0.910685658454895, 0.9886695742607117, 0.0999709889292717, 0.17550653219223022, 1.4616284370422363, 0.8393546342849731, 0.8464798927307129, 0.8464798927307129, 1.8283588886260986, '02:07']
Better model found at epoch 8 with valid_loss value: 0.45037728548049927.
[9, 0.4730924665927887, 0.44203612208366394, 0.9025260210037231, 0.9904358983039856, 0.11342139542102814, 0.17458055913448334, 1.3589582443237305, 0.828292965888977, 0.833221435546875, 0.833221435546875, 1.0920923948287964, '02:07']
Better model found at epoch 9 with valid_loss value: 0.44203612208366394.
[10, 0.4638552665710449, 0.5362251400947571, 0.9586933255195618, 0.951051652431488, 0.043338075280189514, 0.19392924010753632, 1.809303641319275, 0.8804585933685303, 0.9226258397102356, 0.9226258397102356, 13.39171314239502, '02:07']
[11, 0.4717722237110138, 0.4632469713687897, 0.9168303608894348, 0.9794780611991882, 0.0903535932302475, 0.18010973930358887, 1.6431701183319092, 0.8285278677940369, 0.8548198342323303, 0.8548198342323303, 4.764168739318848, '02:08']
[12, 0.46751081943511963, 0.4565196931362152, 0.9107193946838379, 0.9853050112724304, 0.09568491578102112, 0.17726057767868042, 1.537061333656311, 0.82940673828125, 0.8453438878059387, 0.8453438878059387, 2.5293643474578857, '02:08']
[13, 0.4582802653312683, 0.5063509345054626, 0.9453845620155334, 0.97018963098526, 0.057025037705898285, 0.1846017986536026, 1.599674105644226, 0.8697092533111572, 0.9003802537918091, 0.9003802537918091, 5.107010841369629, '02:07']
[14, 0.4514009654521942, 0.523208737373352, 0.9491233229637146, 0.9528561234474182, 0.05189778655767441, 0.19293472170829773, 1.8198316097259521, 0.8558194637298584, 0.9056748151779175, 0.9056748151779175, 14.28817081451416, '02:07']
[15, 0.45913779735565186, 0.4408107399940491, 0.8970795273780823, 0.989768922328949, 0.11408612877130508, 0.1750136911869049, 1.3741645812988281, 0.817229688167572, 0.8273173570632935, 0.8273173570632935, 1.307157039642334, '02:07']
Better model found at epoch 15 with valid_loss value: 0.4408107399940491.
[16, 0.4488241672515869, 0.5101094245910645, 0.9418836236000061, 0.9622618556022644, 0.05923561751842499, 0.18852122128009796, 1.7787904739379883, 0.8473141193389893, 0.893747866153717, 0.893747866153717, 10.01427173614502, '02:07']
[17, 0.446825236082077, 0.4492035508155823, 0.9072278738021851, 0.9921562671661377, 0.10472872108221054, 0.17363333702087402, 1.1239444017410278, 0.8327145576477051, 0.8458346128463745, 0.8458346128463745, 0.3143461048603058, '02:08']
[18, 0.4503631889820099, 0.45091861486434937, 0.9049190282821655, 0.9867048859596252, 0.10071256756782532, 0.17660938203334808, 1.458880066871643, 0.8190062642097473, 0.838211178779602, 0.838211178779602, 2.123544216156006, '02:08']
[19, 0.44636082649230957, 0.44845855236053467, 0.900690495967865, 0.985318660736084, 0.10480369627475739, 0.17729662358760834, 1.5559428930282593, 0.8108491897583008, 0.8293378353118896, 0.8293378353118896, 3.025841474533081, '02:07']
[20, 0.4555846154689789, 0.4518338739871979, 0.9079030156135559, 0.9866888523101807, 0.0975092202425003, 0.17648908495903015, 1.5354158878326416, 0.8255059123039246, 0.8413715362548828, 0.8413715362548828, 2.8295347690582275, '02:07']
[21, 0.4508880078792572, 0.4491461217403412, 0.9047631621360779, 0.9864469170570374, 0.10345859080553055, 0.17664526402950287, 1.5061181783676147, 0.8215240240097046, 0.8370546698570251, 0.8370546698570251, 2.548560380935669, '02:07']
[22, 0.46749621629714966, 0.4422101080417633, 0.8982596397399902, 0.9880526065826416, 0.11002315580844879, 0.1759057343006134, 1.4361395835876465, 0.809324324131012, 0.826569139957428, 0.826569139957428, 1.7208844423294067, '02:07']
[23, 0.46289169788360596, 0.43513140082359314, 0.8888711333274841, 0.9869043827056885, 0.12228372693061829, 0.1765543818473816, 1.5030202865600586, 0.7931969165802002, 0.8107019662857056, 0.8107019662857056, 2.0801825523376465, '02:07']
Better model found at epoch 23 with valid_loss value: 0.43513140082359314.
[24, 0.4624637961387634, 0.439349889755249, 0.8958504796028137, 0.9890498518943787, 0.11439147591590881, 0.17531757056713104, 1.4011038541793823, 0.8149921894073486, 0.8242411017417908, 0.8242411017417908, 1.4369924068450928, '02:08']
[25, 0.44566667079925537, 0.43895092606544495, 0.8941684365272522, 0.9884753823280334, 0.11413922160863876, 0.17568747699260712, 1.3937928676605225, 0.8081741333007812, 0.8215318918228149, 0.8215318918228149, 1.523213267326355, '02:07']
[26, 0.4526662826538086, 0.4264605641365051, 0.8790959715843201, 0.9899663329124451, 0.13301081955432892, 0.17500081658363342, 1.387642741203308, 0.7878161072731018, 0.7996389865875244, 0.7996389865875244, 1.3725751638412476, '02:07']
Better model found at epoch 26 with valid_loss value: 0.4264605641365051.
[27, 0.4571029841899872, 0.4383258521556854, 0.89370197057724, 0.9915009140968323, 0.116946741938591, 0.17406870424747467, 1.2460055351257324, 0.8166762590408325, 0.8245987892150879, 0.8245987892150879, 0.6449040770530701, '02:07']
[28, 0.44612884521484375, 0.4407096207141876, 0.8923921585083008, 0.9883124828338623, 0.11298710852861404, 0.17572256922721863, 1.440362572669983, 0.806681752204895, 0.8184163570404053, 0.8184163570404053, 1.7297601699829102, '02:07']
[29, 0.44215038418769836, 0.4217842221260071, 0.8701168298721313, 0.9895972013473511, 0.13699938356876373, 0.17514944076538086, 1.4125856161117554, 0.773196816444397, 0.7862182259559631, 0.7862182259559631, 1.551072120666504, '02:07']
Better model found at epoch 29 with valid_loss value: 0.4217842221260071.
[30, 0.44594356417655945, 0.4346778690814972, 0.887519359588623, 0.9875841736793518, 0.11914481967687607, 0.17613834142684937, 1.5251492261886597, 0.7945188879966736, 0.8105025291442871, 0.8105025291442871, 2.305882215499878, '02:09']
[31, 0.4430064558982849, 0.44612225890159607, 0.8981305956840515, 0.9845989942550659, 0.10666891187429428, 0.17769160866737366, 1.5477533340454102, 0.7991992831230164, 0.8246065974235535, 0.8246065974235535, 2.843125820159912, '02:07']
[32, 0.43815430998802185, 0.4402826130390167, 0.8930186629295349, 0.9854306578636169, 0.11255107074975967, 0.1771845668554306, 1.5552849769592285, 0.7971327900886536, 0.8173601031303406, 0.8173601031303406, 2.848850965499878, '02:07']
[33, 0.4479078948497772, 0.4451926350593567, 0.901911199092865, 0.990519106388092, 0.10453706234693527, 0.17451833188533783, 1.3458975553512573, 0.8245999217033386, 0.833648681640625, 0.833648681640625, 1.013662338256836, '02:07']
[34, 0.4573541581630707, 0.4299035370349884, 0.8838316798210144, 0.9907675385475159, 0.12799693644046783, 0.1744849979877472, 1.3189153671264648, 0.7996342182159424, 0.8080908060073853, 0.8080908060073853, 0.992619514465332, '02:07']
[35, 0.4472448527812958, 0.4378584325313568, 0.8908684253692627, 0.9898050427436829, 0.11641102284193039, 0.1750074177980423, 1.3541007041931152, 0.8049447536468506, 0.8192564845085144, 0.8192564845085144, 1.2331959009170532, '02:07']
[36, 0.44235607981681824, 0.4625358283519745, 0.9099352955818176, 0.9773572683334351, 0.09288765490055084, 0.18127983808517456, 1.6811939477920532, 0.802183210849762, 0.8422453999519348, 0.8422453999519348, 6.003117561340332, '02:07']
[37, 0.4373030662536621, 0.42268943786621094, 0.872738242149353, 0.9887409210205078, 0.1352386772632599, 0.17565692961215973, 1.4700404405593872, 0.7756463289260864, 0.7898330688476562, 0.7898330688476562, 1.9002227783203125, '02:07']
No improvement since epoch 29: early stopping
----------
1
----------
DLS create!
[0, 0.54140704870224, 0.5239043831825256, 0.9947489500045776, 0.993349552154541, 0.0, 0.18408207595348358, 1.0677469968795776, 0.9993279576301575, 0.9895880222320557, 0.9895880222320557, 0.0, '02:09']
Better model found at epoch 0 with valid_loss value: 0.5239043831825256.
[1, 0.5123719573020935, 0.5153951048851013, 0.9958081841468811, 0.9933491945266724, 0.0, 0.1758500635623932, 1.0293740034103394, 0.9973216652870178, 0.9916624426841736, 0.9916624426841736, 3.417157495277934e-05, '02:08']
Better model found at epoch 1 with valid_loss value: 0.5153951048851013.
[2, 0.49987781047821045, 0.4759950041770935, 0.9524170756340027, 0.9891818165779114, 0.0747203603386879, 0.1767738163471222, 1.4514150619506836, 0.9050109386444092, 0.9110658168792725, 0.9110658168792725, 2.968287467956543, '02:08']
Better model found at epoch 2 with valid_loss value: 0.4759950041770935.
[3, 0.48947110772132874, 0.46508902311325073, 0.9317395091056824, 0.9820074439048767, 0.08096910268068314, 0.17933765053749084, 1.6401407718658447, 0.8562954664230347, 0.875797688961029, 0.875797688961029, 7.654790878295898, '02:08']
Better model found at epoch 3 with valid_loss value: 0.46508902311325073.
[4, 0.4829966425895691, 0.45508578419685364, 0.9236435294151306, 0.9861515164375305, 0.09120947122573853, 0.17762623727321625, 1.591888666152954, 0.8449246287345886, 0.8626286387443542, 0.8626286387443542, 4.5623602867126465, '02:08']
Better model found at epoch 4 with valid_loss value: 0.45508578419685364.
[5, 0.4733695089817047, 0.4311854839324951, 0.8956969380378723, 0.9897400736808777, 0.12124590575695038, 0.17575764656066895, 1.4689761400222778, 0.8049833178520203, 0.8176844120025635, 0.8176844120025635, 2.4469542503356934, '02:08']
Better model found at epoch 5 with valid_loss value: 0.4311854839324951.
[6, 0.47141629457473755, 0.455337792634964, 0.9182171821594238, 0.982299268245697, 0.09406878799200058, 0.17954416573047638, 1.622557282447815, 0.8291432857513428, 0.85419762134552, 0.85419762134552, 4.4517292976379395, '02:08']
[7, 0.465793251991272, 0.44234955310821533, 0.9047236442565918, 0.9866160750389099, 0.10506822168827057, 0.17721495032310486, 1.520662546157837, 0.8170795440673828, 0.8314864039421082, 0.8314865231513977, 3.0759952068328857, '02:08']
[8, 0.4658166766166687, 0.4575197696685791, 0.9149313569068909, 0.980019211769104, 0.09252078086137772, 0.18052983283996582, 1.6540677547454834, 0.8216733932495117, 0.8480625748634338, 0.8480625748634338, 6.598087310791016, '02:08']
[9, 0.4627593755722046, 0.4419489800930023, 0.9079549312591553, 0.9903445243835449, 0.10352002084255219, 0.1754230111837387, 1.4301797151565552, 0.8323601484298706, 0.839686393737793, 0.839686393737793, 1.7548344135284424, '02:08']
[10, 0.4681819677352905, 0.44260916113853455, 0.9026954770088196, 0.9849844574928284, 0.10436854511499405, 0.1780952364206314, 1.6005767583847046, 0.8065788745880127, 0.8291406035423279, 0.8291406035423279, 4.324430465698242, '02:08']
[11, 0.4577278792858124, 0.4462076425552368, 0.9066431522369385, 0.9840766787528992, 0.10067808628082275, 0.1785537451505661, 1.6090985536575317, 0.8139899373054504, 0.8352261781692505, 0.8352261781692505, 3.963024139404297, '02:07']
[12, 0.46228310465812683, 0.4506438970565796, 0.9101065993309021, 0.98465496301651, 0.09616125375032425, 0.17822057008743286, 1.5426808595657349, 0.8226054310798645, 0.8423773646354675, 0.8423773646354675, 4.808681488037109, '02:08']
[13, 0.4631826877593994, 0.44387495517730713, 0.901401937007904, 0.983589768409729, 0.10634229332208633, 0.17881762981414795, 1.5790419578552246, 0.801941990852356, 0.8267002701759338, 0.8267002701759338, 3.6725523471832275, '02:08']
No improvement since epoch 5: early stopping
----------
2
----------
DLS create!
[0, 0.5410542488098145, 0.5344264507293701, 0.9914059638977051, 0.9916073083877563, 0.0, 0.1922127902507782, 1.1703550815582275, 0.9945412278175354, 0.9830840826034546, 0.9830840826034546, 0.0, '02:08']
Better model found at epoch 0 with valid_loss value: 0.5344264507293701.
[1, 0.508119523525238, 0.5179481506347656, 0.9943820834159851, 0.9915844798088074, 0.0006734362104907632, 0.17597265541553497, 1.070440649986267, 0.9950556755065918, 0.988876223564148, 0.988876223564148, 0.014027457684278488, '02:08']
Better model found at epoch 1 with valid_loss value: 0.5179481506347656.
[2, 0.4857947528362274, 0.5157467126846313, 0.9650681614875793, 0.9653170108795166, 0.0409114696085453, 0.18683834373950958, 1.6984634399414062, 0.92108154296875, 0.9348651170730591, 0.9348651170730591, 17.005203247070312, '02:09']
Better model found at epoch 2 with valid_loss value: 0.5157467126846313.
[3, 0.4795423746109009, 0.49222007393836975, 0.9411414861679077, 0.9752036929130554, 0.06587197631597519, 0.182204931974411, 1.6537184715270996, 0.8707754611968994, 0.8927356600761414, 0.8927356600761414, 9.37723159790039, '02:08']
Better model found at epoch 3 with valid_loss value: 0.49222007393836975.
[4, 0.4747658669948578, 0.46933257579803467, 0.9344766736030579, 0.9898005127906799, 0.07318215817213058, 0.17466849088668823, 1.3696097135543823, 0.8777592182159424, 0.8833279013633728, 0.8833279013633728, 1.6309794187545776, '02:08']
Better model found at epoch 4 with valid_loss value: 0.46933257579803467.
[5, 0.4637429416179657, 0.4861063063144684, 0.9344151616096497, 0.9792433977127075, 0.07008322328329086, 0.1800640970468521, 1.605926275253296, 0.864230215549469, 0.8822011351585388, 0.8822011351585388, 6.6585373878479, '02:08']
[6, 0.4747976064682007, 0.4622446298599243, 0.9254926443099976, 0.9902200698852539, 0.08447148650884628, 0.1744302213191986, 1.3218305110931396, 0.863520085811615, 0.868709146976471, 0.868709146976471, 1.4204717874526978, '02:08']
Better model found at epoch 6 with valid_loss value: 0.4622446298599243.
[7, 0.46719035506248474, 0.5912290811538696, 0.9609563946723938, 0.9266730546951294, 0.04034362733364105, 0.2065061330795288, 1.8660093545913696, 0.8882202506065369, 0.9271337389945984, 0.9271337389945984, 33.114707946777344, '02:09']
[8, 0.46495819091796875, 0.4576566219329834, 0.9164062142372131, 0.9904757738113403, 0.09157650917768478, 0.1743699610233307, 1.3006459474563599, 0.8506430387496948, 0.8581869006156921, 0.8581869006156921, 0.8403158187866211, '02:09']
Better model found at epoch 8 with valid_loss value: 0.4576566219329834.
[9, 0.4659773111343384, 0.46616631746292114, 0.9283194541931152, 0.9876466393470764, 0.07929565757513046, 0.17571693658828735, 1.4057316780090332, 0.8656333684921265, 0.8721492886543274, 0.8721492886543274, 1.6232479810714722, '02:08']
[10, 0.4746739864349365, 0.4641878604888916, 0.9167867302894592, 0.9773424863815308, 0.09056466817855835, 0.18097947537899017, 1.669737696647644, 0.8298391103744507, 0.8531019687652588, 0.8531018495559692, 10.515270233154297, '02:09']
[11, 0.46090060472488403, 0.4441661536693573, 0.9006262421607971, 0.988350510597229, 0.10855524986982346, 0.17554683983325958, 1.4320505857467651, 0.8213502764701843, 0.8296290636062622, 0.8296291828155518, 2.0746703147888184, '02:08']
Better model found at epoch 11 with valid_loss value: 0.4441661536693573.
[12, 0.45494896173477173, 0.47433847188949585, 0.934532105922699, 0.9906401038169861, 0.07302619516849518, 0.17435207962989807, 1.1903773546218872, 0.879623293876648, 0.8887894749641418, 0.8887894749641418, 0.4606957733631134, '02:08']
[13, 0.44418033957481384, 0.4522763192653656, 0.9036877155303955, 0.9842205047607422, 0.10589850693941116, 0.17776985466480255, 1.4579408168792725, 0.8188350796699524, 0.8329222798347473, 0.8329222798347473, 2.0247340202331543, '02:09']
[14, 0.4450303614139557, 0.47581005096435547, 0.9218870997428894, 0.978174090385437, 0.08123894780874252, 0.1808824986219406, 1.6715137958526611, 0.8443690538406372, 0.8636735081672668, 0.8636735081672668, 8.852360725402832, '02:09']
[15, 0.45366448163986206, 0.47891873121261597, 0.9300286173820496, 0.9793972373008728, 0.07367178052663803, 0.1801723837852478, 1.5838881731033325, 0.8581363558769226, 0.8756940364837646, 0.8756940364837646, 4.31363582611084, '02:09']
[16, 0.4444713294506073, 0.4733063876628876, 0.9243714213371277, 0.9810340404510498, 0.07885176688432693, 0.17932797968387604, 1.6091254949569702, 0.8485901951789856, 0.8659284710884094, 0.8659284710884094, 6.366532802581787, '02:09']
[17, 0.45775365829467773, 0.4537149965763092, 0.9065889716148376, 0.9821940660476685, 0.10319507867097855, 0.178780198097229, 1.5252667665481567, 0.8220731019973755, 0.8376939296722412, 0.8376938700675964, 3.940363645553589, '02:09']
[18, 0.4524995684623718, 0.4853734076023102, 0.9278128147125244, 0.9726797342300415, 0.07550268620252609, 0.18365518748760223, 1.721538782119751, 0.8410732746124268, 0.8707665801048279, 0.8707665801048279, 10.87341022491455, '02:08']
[19, 0.4556175172328949, 0.4499707520008087, 0.9078004360198975, 0.989864706993103, 0.09758038818836212, 0.174710214138031, 1.3781312704086304, 0.8358067870140076, 0.8424880504608154, 0.8424880504608154, 1.3889446258544922, '02:09']
No improvement since epoch 11: early stopping
----------
3
----------
DLS create!
[0, 0.5291647911071777, 0.5260666608810425, 0.9812500476837158, 0.9915730953216553, nan, 0.18446820974349976, 1.1161386966705322, 0.9966624975204468, 0.974673867225647, 0.974673867225647, nan, '02:09']
Better model found at epoch 0 with valid_loss value: 0.5260666608810425.
[1, 0.5013018846511841, 0.5177388787269592, 0.9816789031028748, 0.9915550351142883, 0.0010072217555716634, 0.17524603009223938, 1.0878781080245972, 0.9917764663696289, 0.9754886031150818, 0.9754886031150818, inf, '02:09']
Better model found at epoch 1 with valid_loss value: 0.5177388787269592.
[2, 0.4899698793888092, 0.49265626072883606, 0.9508919715881348, 0.9894934296607971, 0.04632177576422691, 0.1748422533273697, 1.356614351272583, 0.928996205329895, 0.9188058376312256, 0.9188058376312256, inf, '02:08']
Better model found at epoch 2 with valid_loss value: 0.49265626072883606.
[3, 0.47405943274497986, 0.48530346155166626, 0.9351398944854736, 0.9853041172027588, 0.059109192341566086, 0.1767103523015976, 1.5258984565734863, 0.8909197449684143, 0.8908628821372986, 0.8908628821372986, inf, '02:07']
Better model found at epoch 3 with valid_loss value: 0.48530346155166626.
[4, 0.47238272428512573, 0.4854034185409546, 0.9372710585594177, 0.9903847575187683, 0.05684863030910492, 0.17418359220027924, 1.2833950519561768, 0.900962233543396, 0.8969686031341553, 0.8969686031341553, inf, '02:09']
[5, 0.47532007098197937, 0.9855232238769531, 0.9764567613601685, 0.7408769130706787, 0.011387299746274948, 0.2959230840206146, 1.9457124471664429, 0.9661285281181335, 0.9656273126602173, 0.9656273126602173, inf, '02:09']
[6, 0.4608941078186035, 0.5099188089370728, 0.9406415820121765, 0.969205379486084, 0.049943532794713974, 0.18457011878490448, 1.7230825424194336, 0.8843116164207458, 0.9003427028656006, 0.9003427028656006, inf, '02:08']
[7, 0.46687477827072144, 0.5143848061561584, 0.9511984586715698, 0.9639285206794739, 0.04055840149521828, 0.18565450608730316, 1.7210594415664673, 0.9109708070755005, 0.9186285138130188, 0.9186285138130188, inf, '02:10']
[8, 0.46390479803085327, 0.48180538415908813, 0.9230285286903381, 0.9811325073242188, 0.0703287199139595, 0.17897559702396393, 1.6242812871932983, 0.8564403653144836, 0.8706450462341309, 0.8706450462341309, inf, '02:10']
Better model found at epoch 8 with valid_loss value: 0.48180538415908813.
[9, 0.464066743850708, 0.48049259185791016, 0.9288089275360107, 0.988710343837738, 0.06363075226545334, 0.1750732958316803, 1.3962973356246948, 0.884431004524231, 0.8824836611747742, 0.8824836611747742, inf, '02:09']
Better model found at epoch 9 with valid_loss value: 0.48049259185791016.
[10, 0.45810776948928833, 0.49549755454063416, 0.9480381011962891, 0.9914934039115906, nan, 0.17355509102344513, 1.0949333906173706, 0.9157513976097107, 0.9168854355812073, 0.9168854355812073, nan, '02:10']
[11, 0.4400590658187866, 0.4963575601577759, 0.9223544597625732, 0.9756125211715698, 0.068607859313488, 0.18172326683998108, 1.6395395994186401, 0.8561134934425354, 0.8690049052238464, 0.8690049052238464, inf, '02:09']
[12, 0.45142388343811035, 0.47808516025543213, 0.925757884979248, 0.9888381958007812, 0.06750385463237762, 0.17501288652420044, 1.2823500633239746, 0.8800326585769653, 0.8784970641136169, 0.8784970641136169, inf, '02:10']
Better model found at epoch 12 with valid_loss value: 0.47808516025543213.
[13, 0.453231543302536, 0.47107061743736267, 0.9178088307380676, 0.9893574118614197, 0.0752670019865036, 0.17478437721729279, 1.3816510438919067, 0.8651535511016846, 0.864445686340332, 0.864445686340332, inf, '02:10']
Better model found at epoch 13 with valid_loss value: 0.47107061743736267.
[14, 0.45266664028167725, 0.4659334123134613, 0.9081521034240723, 0.9846655130386353, 0.08425591886043549, 0.17714370787143707, 1.560659408569336, 0.841323733329773, 0.8468238711357117, 0.8468238711357117, inf, '02:11']
Better model found at epoch 14 with valid_loss value: 0.4659334123134613.
[15, 0.44801345467567444, 0.4572731852531433, 0.903198778629303, 0.9884606599807739, 0.09189976006746292, 0.1752455234527588, 1.4561301469802856, 0.8372259140014648, 0.8389261960983276, 0.8389261960983276, inf, '02:10']
Better model found at epoch 15 with valid_loss value: 0.4572731852531433.
[16, 0.43266019225120544, 0.45247313380241394, 0.8955084681510925, 0.9889609813690186, 0.10024145990610123, 0.17498013377189636, 1.4017949104309082, 0.8249760270118713, 0.8284352421760559, 0.8284352421760559, inf, '02:08']
Better model found at epoch 16 with valid_loss value: 0.45247313380241394.
[17, 0.45682787895202637, 0.4804977476596832, 0.9289533495903015, 0.987331748008728, 0.06335370987653732, 0.17564687132835388, 1.4672843217849731, 0.8851811289787292, 0.8821255564689636, 0.8821255564689636, inf, '02:10']
[18, 0.4476516842842102, 0.4608844518661499, 0.9050323367118835, 0.9886896014213562, 0.09014127403497696, 0.17507512867450714, 1.4300457239151, 0.8478056192398071, 0.8442261219024658, 0.8442261219024658, inf, '02:09']
[19, 0.4421125650405884, 0.46639955043792725, 0.9109477996826172, 0.9890613555908203, 0.08173190802335739, 0.17488989233970642, 1.382928729057312, 0.8521329164505005, 0.8537541031837463, 0.8537541031837463, inf, '02:09']
[20, 0.44741538166999817, 0.4648320972919464, 0.9107288718223572, 0.9908960461616516, 0.08394869416952133, 0.17396312952041626, 1.2467464208602905, 0.8552646636962891, 0.856587290763855, 0.856587290763855, inf, '02:07']
[21, 0.4482571482658386, 0.4760889410972595, 0.914917528629303, 0.9830170273780823, 0.07687653601169586, 0.17809925973415375, 1.5803723335266113, 0.8523679375648499, 0.8584425449371338, 0.8584425449371338, inf, '02:07']
[22, 0.42882248759269714, 0.45779532194137573, 0.8998295068740845, 0.9880821108818054, 0.09280972927808762, 0.17552870512008667, 1.405710220336914, 0.830513060092926, 0.8356326222419739, 0.8356326222419739, inf, '02:07']
[23, 0.4452473521232605, 0.4659760594367981, 0.9037715792655945, 0.9848518967628479, 0.08722305297851562, 0.1771727353334427, 1.5685687065124512, 0.8320133686065674, 0.8403628468513489, 0.8403628468513489, inf, '02:06']
[24, 0.4402190148830414, 0.4525122344493866, 0.8944879770278931, 0.9896517992019653, 0.09894173592329025, 0.1746457815170288, 1.3599478006362915, 0.8281514644622803, 0.8285925984382629, 0.8285925984382629, inf, '02:07']
No improvement since epoch 16: early stopping
----------
4
----------
DLS create!
[0, 0.5255470871925354, 0.5180717706680298, 0.9952802062034607, 0.9942423701286316, 0.0, 0.18066155910491943, 1.0663141012191772, 0.9981738924980164, 0.9906386137008667, 0.9906386137008667, 0.0, '02:07']
Better model found at epoch 0 with valid_loss value: 0.5180717706680298.
[1, 0.5038605332374573, 0.5028412342071533, 0.9820016622543335, 0.992853581905365, 0.02646932564675808, 0.17852869629859924, 1.3747444152832031, 0.965614378452301, 0.9653303623199463, 0.9653303623199463, 1.4971394538879395, '02:06']
Better model found at epoch 1 with valid_loss value: 0.5028412342071533.
[2, 0.49155929684638977, 0.4786917269229889, 0.9544418454170227, 0.9898228049278259, 0.054353971034288406, 0.17621025443077087, 1.5302425622940063, 0.9086446762084961, 0.9161399006843567, 0.9161399006843567, 4.399481296539307, '02:07']
Better model found at epoch 2 with valid_loss value: 0.4786917269229889.
[3, 0.47532781958580017, 0.46849143505096436, 0.9384978413581848, 0.9882063865661621, 0.06876115500926971, 0.17691050469875336, 1.613144874572754, 0.8726224899291992, 0.8881401419639587, 0.8881402611732483, 5.5110602378845215, '02:06']
Better model found at epoch 3 with valid_loss value: 0.46849143505096436.
[4, 0.4780881106853485, 0.497009813785553, 0.954875111579895, 0.9701319932937622, 0.049694307148456573, 0.18500873446464539, 1.7588040828704834, 0.8888810873031616, 0.9167649149894714, 0.9167649149894714, 19.805910110473633, '02:07']
[5, 0.4698471426963806, 0.46190330386161804, 0.9360530376434326, 0.9916104078292847, 0.07302946597337723, 0.1750570684671402, 1.4697672128677368, 0.8739749789237976, 0.8835241198539734, 0.8835241198539734, 2.5371787548065186, '02:09']
Better model found at epoch 5 with valid_loss value: 0.46190330386161804.
[6, 0.47318702936172485, 0.47969764471054077, 0.9454623460769653, 0.9800735116004944, 0.05972524359822273, 0.18061484396457672, 1.7259862422943115, 0.8762471675872803, 0.900236964225769, 0.900236964225769, 12.448569297790527, '02:08']
[7, 0.45762383937835693, 0.45177215337753296, 0.9208855032920837, 0.9899146556854248, 0.08709646016359329, 0.17600689828395844, 1.5367048978805542, 0.8476741313934326, 0.8593446016311646, 0.8593446016311646, 3.987619638442993, '02:09']
Better model found at epoch 7 with valid_loss value: 0.45177215337753296.
[8, 0.46888643503189087, 0.4583534598350525, 0.9318943023681641, 0.9928169250488281, 0.07857366651296616, 0.17436200380325317, 1.3592023849487305, 0.8690310120582581, 0.8785141706466675, 0.8785141706466675, 1.3358001708984375, '02:09']
[9, 0.45692285895347595, 0.460044801235199, 0.9235386252403259, 0.9846075177192688, 0.08314692974090576, 0.17865543067455292, 1.6409929990768433, 0.8434607982635498, 0.8645493388175964, 0.8645493984222412, 6.117486476898193, '02:10']
[10, 0.46276533603668213, 0.46793806552886963, 0.928956151008606, 0.9827730655670166, 0.07471767067909241, 0.17952418327331543, 1.716667890548706, 0.8438209295272827, 0.8716692924499512, 0.8716692924499512, 9.920266151428223, '02:08']
[11, 0.455303430557251, 0.4726234972476959, 0.9337018132209778, 0.9829628467559814, 0.07053399831056595, 0.17941881716251373, 1.647590160369873, 0.8604027628898621, 0.8820986747741699, 0.8820986747741699, 9.754585266113281, '02:09']
[12, 0.4543149769306183, 0.49597951769828796, 0.9434372782707214, 0.9709811806678772, 0.06001805141568184, 0.18564212322235107, 1.8013216257095337, 0.8548864126205444, 0.8962736129760742, 0.8962736129760742, 15.68536376953125, '02:08']
[13, 0.4523645043373108, 0.4505336284637451, 0.9215239882469177, 0.9929406046867371, 0.08719838410615921, 0.17434145510196686, 1.3564324378967285, 0.853432297706604, 0.8616767525672913, 0.8616767525672913, 1.2832032442092896, '02:08']
Better model found at epoch 13 with valid_loss value: 0.4505336284637451.
[14, 0.4567070007324219, 0.45875686407089233, 0.9209789037704468, 0.9852335453033447, 0.08329518139362335, 0.1784731149673462, 1.6518343687057495, 0.8328593373298645, 0.8597898483276367, 0.8597898483276367, 7.332769393920898, '02:08']
[15, 0.4531315267086029, 0.4509027302265167, 0.918161928653717, 0.9889616966247559, 0.08850114792585373, 0.1764063835144043, 1.5641916990280151, 0.8406010866165161, 0.8559848070144653, 0.8559848070144653, 4.263033390045166, '02:09']
[16, 0.4547713100910187, 0.4335536062717438, 0.9023051857948303, 0.9923326373100281, 0.10815364122390747, 0.17466747760772705, 1.4378232955932617, 0.8182986974716187, 0.8291479349136353, 0.8291479349136353, 2.1099627017974854, '02:08']
Better model found at epoch 16 with valid_loss value: 0.4335536062717438.
[17, 0.4527820646762848, 0.4574582278728485, 0.9290687441825867, 0.9909243583679199, 0.07806254923343658, 0.17543844878673553, 1.4521514177322388, 0.8634456396102905, 0.8744765520095825, 0.8744765520095825, 2.0681803226470947, '02:08']
[18, 0.44465115666389465, 0.4501303434371948, 0.9195284247398376, 0.9916105270385742, 0.08608739823102951, 0.17509932816028595, 1.4392229318618774, 0.8500699996948242, 0.8601350784301758, 0.860135018825531, 2.295470952987671, '02:08']
[19, 0.4546809196472168, 0.43957585096359253, 0.9059852361679077, 0.9907796382904053, 0.1024484932422638, 0.17558607459068298, 1.454538106918335, 0.822059690952301, 0.8356873393058777, 0.8356873393058777, 2.149620771408081, '02:09']
[20, 0.44659528136253357, 0.46140947937965393, 0.923805832862854, 0.9821332097053528, 0.08227181434631348, 0.17986701428890228, 1.6907134056091309, 0.836546778678894, 0.8641477227210999, 0.8641478419303894, 7.752610206604004, '02:08']
[21, 0.4497389495372772, 0.44884565472602844, 0.9088481068611145, 0.9876274466514587, 0.09671276062726974, 0.17734776437282562, 1.5750294923782349, 0.8208563923835754, 0.8429734706878662, 0.8429734706878662, 4.538171768188477, '02:10']
[22, 0.4519588351249695, 0.4398824870586395, 0.911466658115387, 0.9930676817893982, 0.10146813839673996, 0.17437925934791565, 1.372294306755066, 0.8368049263954163, 0.8457852602005005, 0.8457852602005005, 1.7223219871520996, '02:09']
[23, 0.4493043124675751, 0.47563254833221436, 0.9247318506240845, 0.9758190512657166, 0.07817994058132172, 0.18330350518226624, 1.774623155593872, 0.8211674690246582, 0.8662359714508057, 0.8662359714508057, 12.962198257446289, '02:08']
[24, 0.44691482186317444, 0.4346438944339752, 0.9012331366539001, 0.9913418889045715, 0.10673936456441879, 0.17527863383293152, 1.4878017902374268, 0.8188522458076477, 0.8300184011459351, 0.8300184011459351, 3.5388567447662354, '02:10']
No improvement since epoch 16: early stopping
Linknet_effb7 Done!
