Models will save to Linknet_dpn131_x
Use dpn131 encoder
Start training...
----------
0
----------
DLS create!
[0, 0.5367754697799683, 0.5197172164916992, 0.9875380396842957, 0.9933018684387207, 0.00015419135161209852, 0.1869938224554062, 1.274918794631958, 0.978912353515625, 0.9755455851554871, 0.9755455851554871, 0.003207954578101635, '02:54']
Better model found at epoch 0 with valid_loss value: 0.5197172164916992.
[1, 0.5088177919387817, 0.49827176332473755, 0.9730403423309326, 0.9865337014198303, 0.04835473746061325, 0.18001553416252136, 1.4951436519622803, 0.9461064338684082, 0.9484274983406067, 0.9484274983406067, 3.517881393432617, '02:53']
Better model found at epoch 1 with valid_loss value: 0.49827176332473755.
[2, 0.4977523982524872, 0.4829678535461426, 0.9567936062812805, 0.9856877326965332, 0.059333737939596176, 0.17801861464977264, 1.527258038520813, 0.9152922034263611, 0.9191482067108154, 0.9191482067108154, 3.9411144256591797, '02:53']
Better model found at epoch 2 with valid_loss value: 0.4829678535461426.
[3, 0.4846050441265106, 0.4724380075931549, 0.9405056834220886, 0.9856182336807251, 0.06744267046451569, 0.1774982064962387, 1.5767345428466797, 0.8847599625587463, 0.8912560343742371, 0.8912560343742371, 3.803748607635498, '02:53']
Better model found at epoch 3 with valid_loss value: 0.4724380075931549.
[4, 0.48816683888435364, 0.46819666028022766, 0.9395155310630798, 0.9913823008537292, 0.07092359662055969, 0.17467735707759857, 1.358323574066162, 0.8868200182914734, 0.8895215392112732, 0.8895215392112732, 1.1781456470489502, '02:53']
Better model found at epoch 4 with valid_loss value: 0.46819666028022766.
[5, 0.4753947854042053, 0.46497973799705505, 0.9281341433525085, 0.983792781829834, 0.08009253442287445, 0.17866477370262146, 1.6317963600158691, 0.8580581545829773, 0.8706878423690796, 0.8706878423690796, 5.049216270446777, '02:53']
Better model found at epoch 5 with valid_loss value: 0.46497973799705505.
[6, 0.4691377878189087, 0.46721285581588745, 0.9341996908187866, 0.9858525991439819, 0.07308988273143768, 0.17740498483181, 1.5741045475006104, 0.869449257850647, 0.8804495334625244, 0.8804495334625244, 4.259904861450195, '02:53']
[7, 0.4674373269081116, 0.44894295930862427, 0.9156337380409241, 0.9907881021499634, 0.09241333603858948, 0.17502997815608978, 1.4159678220748901, 0.8445618152618408, 0.8496577739715576, 0.8496577739715576, 1.4711840152740479, '02:53']
Better model found at epoch 7 with valid_loss value: 0.44894295930862427.
[8, 0.4604375958442688, 0.47791993618011475, 0.9501162171363831, 0.9928938746452332, 0.05448614060878754, 0.17377102375030518, 1.180273175239563, 0.8986835479736328, 0.9091416597366333, 0.9091416597366333, 0.3500095307826996, '02:53']
[9, 0.4640807509422302, 0.45175623893737793, 0.9168636202812195, 0.987913191318512, 0.09249187260866165, 0.17648154497146606, 1.5240097045898438, 0.8412891626358032, 0.8523416519165039, 0.8523416519165039, 3.3185713291168213, '02:54']
[10, 0.4621623754501343, 0.4448944628238678, 0.9126101136207581, 0.9902053475379944, 0.09986231476068497, 0.17538945376873016, 1.4513412714004517, 0.8395707607269287, 0.8453226089477539, 0.8453226089477539, 1.8029001951217651, '02:53']
Better model found at epoch 10 with valid_loss value: 0.4448944628238678.
[11, 0.4622401297092438, 0.4497709572315216, 0.9138258099555969, 0.9886208176612854, 0.09260138869285583, 0.17614178359508514, 1.52057683467865, 0.8404195308685303, 0.8476088047027588, 0.8476088047027588, 2.171292781829834, '02:53']
[12, 0.4605575203895569, 0.5042475461959839, 0.9442977905273438, 0.9660813212394714, 0.0574195571243763, 0.18721862137317657, 1.7840887308120728, 0.8638205528259277, 0.8979328274726868, 0.8979328274726868, 12.327383041381836, '02:53']
[13, 0.45885470509529114, 0.4720412790775299, 0.9332464337348938, 0.9837079048156738, 0.07204970717430115, 0.17864534258842468, 1.6272757053375244, 0.8650371432304382, 0.8792661428451538, 0.8792660236358643, 5.207603931427002, '02:53']
[14, 0.4600086212158203, 0.44201192259788513, 0.9057102203369141, 0.9889895915985107, 0.10223913192749023, 0.17594610154628754, 1.5033038854599, 0.8241145610809326, 0.8343616127967834, 0.8343616127967834, 2.3595030307769775, '02:52']
Better model found at epoch 14 with valid_loss value: 0.44201192259788513.
[15, 0.4655340015888214, 0.43980076909065247, 0.9029681086540222, 0.9888800382614136, 0.10440357029438019, 0.1759936511516571, 1.5195270776748657, 0.8198208212852478, 0.8295066952705383, 0.8295066952705383, 2.30979061126709, '02:52']
Better model found at epoch 15 with valid_loss value: 0.43980076909065247.
[16, 0.4522864520549774, 0.4501282274723053, 0.9126191735267639, 0.9896859526634216, 0.09212684631347656, 0.17549847066402435, 1.4793354272842407, 0.8368848562240601, 0.8445645570755005, 0.8445645570755005, 2.132246255874634, '02:52']
[17, 0.4566550850868225, 0.44569432735443115, 0.9061062335968018, 0.9886689782142639, 0.09872688353061676, 0.17612004280090332, 1.4848439693450928, 0.8209908604621887, 0.8340030908584595, 0.8340030908584595, 1.974372386932373, '02:53']
[18, 0.44957849383354187, 0.44806307554244995, 0.9095395803451538, 0.9870293140411377, 0.0958949476480484, 0.17692159116268158, 1.5567936897277832, 0.824442446231842, 0.839941143989563, 0.839941143989563, 3.298501968383789, '02:52']
[19, 0.4445553421974182, 0.43473270535469055, 0.8936148881912231, 0.9890088438987732, 0.11211594939231873, 0.17601805925369263, 1.5110291242599487, 0.8076357245445251, 0.8166948556900024, 0.8166948556900024, 2.1608352661132812, '02:52']
Better model found at epoch 19 with valid_loss value: 0.43473270535469055.
[20, 0.4447329640388489, 0.44538310170173645, 0.9083464741706848, 0.9901837706565857, 0.0978899896144867, 0.17533063888549805, 1.4226900339126587, 0.8382551074028015, 0.8409081697463989, 0.8409081697463989, 1.3681126832962036, '02:52']
[21, 0.4455399215221405, 0.44752758741378784, 0.904142439365387, 0.9858625531196594, 0.09950660914182663, 0.17764413356781006, 1.5929149389266968, 0.8114485740661621, 0.8316048979759216, 0.8316048979759216, 3.3860456943511963, '02:52']
[22, 0.45340240001678467, 0.4419235289096832, 0.9041356444358826, 0.989105224609375, 0.10262496769428253, 0.17591974139213562, 1.4942668676376343, 0.8229721188545227, 0.8326011896133423, 0.8326011896133423, 2.20686674118042, '02:52']
[23, 0.4529215395450592, 0.4371086359024048, 0.9028802514076233, 0.9913326501846313, 0.10754520446062088, 0.17473599314689636, 1.371307611465454, 0.8239594101905823, 0.8308860659599304, 0.8308860659599304, 1.3290246725082397, '02:53']
[24, 0.448280930519104, 0.43681463599205017, 0.8941994905471802, 0.9871944189071655, 0.11025390028953552, 0.17686305940151215, 1.5573890209197998, 0.801813006401062, 0.8169552683830261, 0.8169552683830261, 3.3304312229156494, '02:53']
[25, 0.44576847553253174, 0.44450488686561584, 0.9067914485931396, 0.9904991388320923, 0.098612479865551, 0.1751769781112671, 1.3981714248657227, 0.8300396203994751, 0.8376057744026184, 0.8376057744026184, 1.3111071586608887, '02:52']
[26, 0.43983572721481323, 0.44380468130111694, 0.9035273194313049, 0.9870864152908325, 0.10199251770973206, 0.17695476114749908, 1.5127333402633667, 0.8165375590324402, 0.8304052948951721, 0.8304052948951721, 2.4642245769500732, '02:52']
[27, 0.43343105912208557, 0.4312935173511505, 0.88939368724823, 0.9897029995918274, 0.11477788537740707, 0.17560753226280212, 1.481421947479248, 0.8019506335258484, 0.8101526498794556, 0.8101526498794556, 1.8353471755981445, '02:53']
Better model found at epoch 27 with valid_loss value: 0.4312935173511505.
[28, 0.43793731927871704, 0.47200819849967957, 0.9206390976905823, 0.9780174493789673, 0.08224205672740936, 0.18165874481201172, 1.6996254920959473, 0.8261759281158447, 0.856923520565033, 0.856923520565033, 5.228498458862305, '02:52']
[29, 0.4521896243095398, 0.4352870285511017, 0.8931864500045776, 0.986874520778656, 0.11221140623092651, 0.1771521419286728, 1.566129446029663, 0.7999528646469116, 0.8158655762672424, 0.8158655762672424, 3.2704498767852783, '02:52']
[30, 0.4340328276157379, 0.4388944208621979, 0.8938758373260498, 0.9872195720672607, 0.10944715887308121, 0.17695501446723938, 1.569459319114685, 0.7967395782470703, 0.8157517313957214, 0.8157517313957214, 3.029688835144043, '02:52']
[31, 0.4452955722808838, 0.42928457260131836, 0.8906950354576111, 0.9901389479637146, 0.11704795807600021, 0.17543308436870575, 1.4652775526046753, 0.8013942837715149, 0.8108764290809631, 0.8108764290809631, 1.869692325592041, '02:52']
Better model found at epoch 31 with valid_loss value: 0.42928457260131836.
[32, 0.4522187411785126, 0.4354740083217621, 0.8941085934638977, 0.9876702427864075, 0.11193108558654785, 0.17677363753318787, 1.5679746866226196, 0.7989802360534668, 0.8159053921699524, 0.8159053921699524, 2.7386233806610107, '02:53']
[33, 0.4483585059642792, 0.44157180190086365, 0.9012470245361328, 0.9874917268753052, 0.10350584983825684, 0.1767227053642273, 1.5501166582107544, 0.8106988072395325, 0.8267053365707397, 0.8267053365707397, 2.8949646949768066, '02:52']
[34, 0.4449704885482788, 0.43696874380111694, 0.9000407457351685, 0.9912897348403931, 0.10771197825670242, 0.17481447756290436, 1.3535799980163574, 0.8237379193305969, 0.8280685544013977, 0.8280685544013977, 1.001741886138916, '02:52']
[35, 0.4458602964878082, 0.4329758286476135, 0.8967176079750061, 0.9906559586524963, 0.1103362888097763, 0.17506389319896698, 1.4019743204116821, 0.8085635900497437, 0.8193387985229492, 0.819338858127594, 1.619903802871704, '02:52']
[36, 0.44734445214271545, 0.4521119296550751, 0.908793032169342, 0.9839013814926147, 0.09502056986093521, 0.17857547104358673, 1.6019576787948608, 0.8128034472465515, 0.8374613523483276, 0.8374614715576172, 4.051873207092285, '02:52']
[37, 0.43262359499931335, 0.4324074685573578, 0.8929263949394226, 0.9918144941329956, 0.11326488107442856, 0.17449431121349335, 1.3390763998031616, 0.8127825260162354, 0.8165761828422546, 0.8165761828422546, 0.9092965126037598, '02:52']
[38, 0.4341447055339813, 0.4410925507545471, 0.8977057337760925, 0.9856855869293213, 0.1065906509757042, 0.1777050644159317, 1.6065738201141357, 0.8017510175704956, 0.8214237093925476, 0.8214237093925476, 4.3003411293029785, '02:52']
[39, 0.4358927607536316, 0.432811439037323, 0.8966658115386963, 0.9925821423530579, 0.11152569949626923, 0.17405499517917633, 1.2625035047531128, 0.8133742809295654, 0.8215646147727966, 0.8215646147727966, 0.6339092254638672, '02:52']
No improvement since epoch 31: early stopping
----------
1
----------
DLS create!
[0, 0.5523345470428467, 0.5580967664718628, 0.9808748960494995, 0.9902865886688232, 0.0014291431289166212, 0.19168980419635773, 1.291217565536499, 0.9917355179786682, 0.9710581302642822, 0.9710581302642822, inf, '02:53']
Better model found at epoch 0 with valid_loss value: 0.5580967664718628.
[1, 0.5166464447975159, 0.5089558362960815, 0.9674493074417114, 0.9869683384895325, 0.02871561236679554, 0.18325388431549072, 1.4378403425216675, 0.9577125310897827, 0.9455924034118652, 0.9455924034118652, inf, '02:53']
Better model found at epoch 1 with valid_loss value: 0.5089558362960815.
[2, 0.5091832876205444, 0.5047683119773865, 0.9653322100639343, 0.9853768348693848, 0.03507373109459877, 0.1803821325302124, 1.4029656648635864, 0.9553056955337524, 0.9418331384658813, 0.9418330192565918, inf, '02:53']
Better model found at epoch 2 with valid_loss value: 0.5047683119773865.
[3, 0.49324366450309753, 0.4829787015914917, 0.9408104419708252, 0.9869214296340942, 0.06228598579764366, 0.17618265748023987, 1.4079359769821167, 0.9087650775909424, 0.8986186981201172, 0.8986186981201172, inf, '02:53']
Better model found at epoch 3 with valid_loss value: 0.4829787015914917.
[4, 0.4899017810821533, 0.4867333173751831, 0.9388082027435303, 0.986971914768219, 0.05881886184215546, 0.17569424211978912, 1.394995093345642, 0.9050277471542358, 0.8956382870674133, 0.8956382870674133, inf, '02:53']
[5, 0.480189710855484, 0.47801923751831055, 0.9353044033050537, 0.9889460206031799, 0.06717362254858017, 0.1748410165309906, 1.3101590871810913, 0.8951734900474548, 0.8886299133300781, 0.8886299133300781, inf, '02:53']
Better model found at epoch 5 with valid_loss value: 0.47801923751831055.
[6, 0.47316884994506836, 0.49347323179244995, 0.9281004071235657, 0.9706248641014099, 0.06626506894826889, 0.18383674323558807, 1.7100638151168823, 0.8733658790588379, 0.876955509185791, 0.876955509185791, inf, '02:53']
[7, 0.4634053409099579, 0.4808719754219055, 0.9355207681655884, 0.989616334438324, 0.060984522104263306, 0.17427808046340942, 1.2608143091201782, 0.8887373208999634, 0.8882328867912292, 0.8882328867912292, inf, '02:53']
[8, 0.4572775363922119, 0.4669371247291565, 0.9184064269065857, 0.9898903369903564, 0.0794954001903534, 0.17426283657550812, 1.247138500213623, 0.8594223856925964, 0.8604323267936707, 0.8604323267936707, inf, '02:53']
Better model found at epoch 8 with valid_loss value: 0.4669371247291565.
[9, 0.46162158250808716, 0.4591209292411804, 0.9074169993400574, 0.988219141960144, 0.08817659318447113, 0.17517240345478058, 1.3772653341293335, 0.8478286266326904, 0.8418712615966797, 0.8418713808059692, inf, '02:53']
Better model found at epoch 9 with valid_loss value: 0.4591209292411804.
[10, 0.4530313313007355, 0.46947917342185974, 0.9205392003059387, 0.9904276728630066, 0.07493644207715988, 0.17392516136169434, 1.189495325088501, 0.8586793541908264, 0.8645317554473877, 0.8645316362380981, inf, '02:53']
[11, 0.4575537443161011, 0.46646925806999207, 0.9078867435455322, 0.9816048741340637, 0.08726716041564941, 0.17865929007530212, 1.5911146402359009, 0.8442637324333191, 0.8427168130874634, 0.8427168130874634, inf, '02:54']
[12, 0.4556054174900055, 0.45111823081970215, 0.8971126675605774, 0.9892429709434509, 0.09976315498352051, 0.17466384172439575, 1.3076597452163696, 0.8336650729179382, 0.8282286524772644, 0.8282288312911987, inf, '02:54']
Better model found at epoch 12 with valid_loss value: 0.45111823081970215.
[13, 0.4518629312515259, 0.4400237500667572, 0.8848907351493835, 0.990018367767334, 0.11311693489551544, 0.17431959509849548, 1.2583941221237183, 0.8070223331451416, 0.8093814253807068, 0.8093814253807068, inf, '02:54']
Better model found at epoch 13 with valid_loss value: 0.4400237500667572.
[14, 0.4562183916568756, 0.4847732484340668, 0.9330239295959473, 0.9843436479568481, 0.06425390392541885, 0.17733579874038696, 1.4966742992401123, 0.8919355869293213, 0.8850155472755432, 0.8850155472755432, inf, '02:53']
[15, 0.4521925151348114, 0.4455430805683136, 0.8912760615348816, 0.9885544180870056, 0.10575681179761887, 0.17505930364131927, 1.3635358810424805, 0.8219062089920044, 0.8165053129196167, 0.8165053129196167, inf, '02:53']
[16, 0.45701220631599426, 0.44708847999572754, 0.8941047191619873, 0.9897559285163879, 0.10469502210617065, 0.1744529902935028, 1.2800562381744385, 0.8259121775627136, 0.8241502046585083, 0.8241502046585083, inf, '02:53']
[17, 0.44155749678611755, 0.4414869546890259, 0.8826203942298889, 0.9867755174636841, 0.11400191485881805, 0.17614148557186127, 1.4325906038284302, 0.8098409175872803, 0.8049781322479248, 0.8049781322479248, inf, '02:53']
[18, 0.45263412594795227, 0.4436070919036865, 0.8849708437919617, 0.9856138229370117, 0.11281421035528183, 0.1767561435699463, 1.4702134132385254, 0.8107879161834717, 0.8078616261482239, 0.8078616261482239, inf, '02:53']
[19, 0.44396257400512695, 0.4395245611667633, 0.8811430335044861, 0.9863430857658386, 0.11533903330564499, 0.17628388106822968, 1.455469012260437, 0.8055943250656128, 0.8018365502357483, 0.8018365502357483, inf, '02:53']
Better model found at epoch 19 with valid_loss value: 0.4395245611667633.
[20, 0.4507172107696533, 0.45113062858581543, 0.8943901062011719, 0.9852735996246338, 0.10147009789943695, 0.17662779986858368, 1.494189977645874, 0.8275155425071716, 0.8223419785499573, 0.8223418593406677, inf, '02:53']
[21, 0.4530688524246216, 0.4374161958694458, 0.8830472230911255, 0.989013135433197, 0.11564727872610092, 0.17495349049568176, 1.337768316268921, 0.8090099096298218, 0.8051241040229797, 0.8051241040229797, inf, '02:53']
Better model found at epoch 21 with valid_loss value: 0.4374161958694458.
[22, 0.4522216320037842, 0.4346679151058197, 0.8765783905982971, 0.9865381717681885, 0.1208232045173645, 0.17625772953033447, 1.458854079246521, 0.7947151064872742, 0.7936586737632751, 0.7936586737632751, inf, '02:53']
Better model found at epoch 22 with valid_loss value: 0.4346679151058197.
[23, 0.4437207877635956, 0.4580690860748291, 0.9079501032829285, 0.9909719228744507, 0.08989471197128296, 0.17372916638851166, 1.1462222337722778, 0.8383368253707886, 0.8462667465209961, 0.8462667465209961, inf, '02:54']
[24, 0.4437773823738098, 0.44948676228523254, 0.8972734212875366, 0.9908535480499268, 0.10113608837127686, 0.17377790808677673, 1.1709235906600952, 0.8157066106796265, 0.8282195925712585, 0.8282195925712585, inf, '02:54']
[25, 0.4409909248352051, 0.4353184998035431, 0.8770192265510559, 0.9898865818977356, 0.11981644481420517, 0.1744193732738495, 1.2684118747711182, 0.7969801425933838, 0.7980650067329407, 0.7980648875236511, inf, '02:54']
[26, 0.4437512755393982, 0.4367623031139374, 0.8805426359176636, 0.9893271923065186, 0.1172509640455246, 0.174711212515831, 1.32302987575531, 0.8053223490715027, 0.8018958568572998, 0.8018958568572998, inf, '02:55']
[27, 0.45167186856269836, 0.43368905782699585, 0.8760207295417786, 0.9866205453872681, 0.12173724174499512, 0.17623260617256165, 1.460510492324829, 0.7944426536560059, 0.7932480573654175, 0.7932480573654175, inf, '02:55']
Better model found at epoch 27 with valid_loss value: 0.43368905782699585.
[28, 0.4406791925430298, 0.447490930557251, 0.8935970067977905, 0.9901629686355591, 0.1059926375746727, 0.17418959736824036, 1.1872482299804688, 0.8191716074943542, 0.8253876566886902, 0.8253876566886902, inf, '02:54']
[29, 0.44323262572288513, 0.44195324182510376, 0.8836151361465454, 0.9874828457832336, 0.11249830573797226, 0.17571209371089935, 1.405127763748169, 0.8138962984085083, 0.8068495988845825, 0.8068495988845825, inf, '02:55']
[30, 0.4504999816417694, 0.4411945044994354, 0.8825036287307739, 0.9867688417434692, 0.11349084228277206, 0.1760413944721222, 1.4219026565551758, 0.8065763115882874, 0.8044646382331848, 0.8044646382331848, inf, '02:55']
[31, 0.44174957275390625, 0.4330139756202698, 0.8731834888458252, 0.9881061315536499, 0.12305162847042084, 0.1753910779953003, 1.3954994678497314, 0.7941967844963074, 0.7897971272468567, 0.7897971272468567, inf, '02:54']
Better model found at epoch 31 with valid_loss value: 0.4330139756202698.
[32, 0.44119641184806824, 0.4334191679954529, 0.8756154179573059, 0.9908183217048645, 0.1225225105881691, 0.17393779754638672, 1.1858254671096802, 0.7907016277313232, 0.7972878813743591, 0.7972878813743591, inf, '02:54']
[33, 0.4413977861404419, 0.43158042430877686, 0.8700348138809204, 0.9881670475006104, 0.12666217982769012, 0.17544612288475037, 1.3742015361785889, 0.7917245030403137, 0.7871817946434021, 0.7871817946434021, inf, '02:54']
Better model found at epoch 33 with valid_loss value: 0.43158042430877686.
[34, 0.4379970133304596, 0.4408676028251648, 0.8821201920509338, 0.9877312183380127, 0.1156548485159874, 0.17553451657295227, 1.3333497047424316, 0.8114627599716187, 0.8077034950256348, 0.8077034950256348, inf, '02:54']
[35, 0.43266451358795166, 0.47405970096588135, 0.9046988487243652, 0.9789820313453674, 0.08840981125831604, 0.18017491698265076, 1.576782464981079, 0.8339366316795349, 0.8379945755004883, 0.8379945755004883, inf, '02:55']
[36, 0.43636414408683777, 0.44600561261177063, 0.8930113315582275, 0.9909358024597168, 0.10464494675397873, 0.17377300560474396, 1.1674751043319702, 0.8092462420463562, 0.8225682973861694, 0.8225682973861694, inf, '02:54']
[37, 0.43930768966674805, 0.45886296033859253, 0.9049413204193115, 0.9906759262084961, nan, 0.17391474545001984, 1.1483509540557861, 0.8428641557693481, 0.8446694612503052, 0.8446694612503052, nan, '02:54']
[38, 0.4333524703979492, 0.4253228008747101, 0.864955484867096, 0.9895206689834595, 0.13300848007202148, 0.1746528297662735, 1.2993851900100708, 0.7801039814949036, 0.778989851474762, 0.778989851474762, inf, '02:54']
Better model found at epoch 38 with valid_loss value: 0.4253228008747101.
[39, 0.4248981475830078, 0.4305822551250458, 0.865420937538147, 0.987409234046936, 0.12867552042007446, 0.1757950633764267, 1.4222182035446167, 0.7793128490447998, 0.7785458564758301, 0.7785459160804749, inf, '02:55']
[40, 0.4445047080516815, 0.4431310296058655, 0.8851565718650818, 0.984469473361969, 0.11157061904668808, 0.17720073461532593, 1.526986837387085, 0.8068259954452515, 0.806620717048645, 0.806620717048645, inf, '02:55']
[41, 0.43690523505210876, 0.4392118752002716, 0.8848507404327393, 0.9907873868942261, 0.11313868314027786, 0.17388419806957245, 1.1804964542388916, 0.7995167374610901, 0.8086963295936584, 0.8086963295936584, inf, '02:54']
[42, 0.43263304233551025, 0.44518011808395386, 0.8884075880050659, 0.990018367767334, 0.1070614755153656, 0.17427051067352295, 1.2531522512435913, 0.8134182691574097, 0.8157355785369873, 0.8157355785369873, inf, '02:55']
[43, 0.4406507611274719, 0.4295143485069275, 0.8685674071311951, 0.9885622262954712, 0.12945003807544708, 0.17520445585250854, 1.3293296098709106, 0.7889124751091003, 0.7867772579193115, 0.7867772579193115, inf, '02:55']
[44, 0.4355018734931946, 0.4318474531173706, 0.8727545142173767, 0.9881182909011841, 0.12350483238697052, 0.1753903478384018, 1.364632487297058, 0.7933409810066223, 0.7908309698104858, 0.7908309698104858, inf, '02:54']
[45, 0.43569034337997437, 0.4326404333114624, 0.8740771412849426, 0.9903740286827087, 0.12215857952833176, 0.1741301715373993, 1.2430108785629272, 0.7884386777877808, 0.7926770448684692, 0.7926770448684692, inf, '02:55']
[46, 0.43504124879837036, 0.42139747738838196, 0.8602446913719177, 0.9896948933601379, 0.13711567223072052, 0.1745859533548355, 1.299561858177185, 0.7712287902832031, 0.7715227603912354, 0.7715227603912354, inf, '02:54']
Better model found at epoch 46 with valid_loss value: 0.42139747738838196.
[47, 0.4231554865837097, 0.43195056915283203, 0.8725079894065857, 0.9894252419471741, 0.12450679391622543, 0.17477917671203613, 1.2935856580734253, 0.7938119769096375, 0.7935032248497009, 0.7935031056404114, inf, '02:55']
[48, 0.43526560068130493, 0.4287806451320648, 0.866418719291687, 0.9867537021636963, 0.12941472232341766, 0.176132932305336, 1.4407663345336914, 0.7828318476676941, 0.7801284790039062, 0.7801284790039062, inf, '02:54']
[49, 0.4401218891143799, 0.4287668764591217, 0.8691881895065308, 0.988429605960846, 0.12721623480319977, 0.1752558797597885, 1.3873006105422974, 0.7874538898468018, 0.7844381332397461, 0.7844381332397461, inf, '02:55']
[50, 0.4477649927139282, 0.4457840025424957, 0.8874451518058777, 0.9873273372650146, 0.10721219331026077, 0.17571687698364258, 1.4087494611740112, 0.8160855174064636, 0.8124379515647888, 0.8124379515647888, inf, '02:54']
[51, 0.4277510643005371, 0.4413325786590576, 0.8840584754943848, 0.9895637035369873, 0.11126436293125153, 0.17457053065299988, 1.2981131076812744, 0.8105089068412781, 0.808280348777771, 0.808280348777771, inf, '02:54']
[52, 0.434247225522995, 0.4204755425453186, 0.8566145896911621, 0.9884859919548035, 0.13917556405067444, 0.17526286840438843, 1.3847039937973022, 0.7671440243721008, 0.765066921710968, 0.765066921710968, inf, '02:54']
Better model found at epoch 52 with valid_loss value: 0.4204755425453186.
[53, 0.44635048508644104, 0.42531391978263855, 0.8684929013252258, 0.9901643395423889, 0.13380442559719086, 0.17429722845554352, 1.2716953754425049, 0.7780166864395142, 0.7817345261573792, 0.7817345261573792, inf, '02:54']
[54, 0.4190343916416168, 0.42001163959503174, 0.8553349375724792, 0.9879542589187622, 0.14082758128643036, 0.1756274253129959, 1.381601095199585, 0.7655813097953796, 0.7637383341789246, 0.7637383341789246, inf, '02:53']
Better model found at epoch 54 with valid_loss value: 0.42001163959503174.
[55, 0.4350734353065491, 0.439485102891922, 0.8812956213951111, 0.9877966642379761, 0.11382091045379639, 0.17547748982906342, 1.3999675512313843, 0.8047101497650146, 0.8022869825363159, 0.8022869825363159, inf, '02:53']
[56, 0.4391486346721649, 0.4286521077156067, 0.8689057230949402, 0.9886322617530823, 0.1285506635904312, 0.17515669763088226, 1.3528116941452026, 0.790855348110199, 0.7854669094085693, 0.7854669094085693, inf, '02:53']
[57, 0.42481565475463867, 0.4151797294616699, 0.8519525527954102, 0.9884063601493835, 0.14614495635032654, 0.17527899146080017, 1.3848137855529785, 0.7609302401542664, 0.7580640912055969, 0.7580640912055969, inf, '02:53']
Better model found at epoch 57 with valid_loss value: 0.4151797294616699.
[58, 0.4271214008331299, 0.4443409740924835, 0.8774608969688416, 0.9834595918655396, 0.11540775746107101, 0.1779916137456894, 1.5244306325912476, 0.7942728400230408, 0.7966660261154175, 0.7966660261154175, inf, '02:53']
[59, 0.44002553820610046, 0.4365015923976898, 0.8769331574440002, 0.9859626293182373, 0.11824826151132584, 0.17657440900802612, 1.4661279916763306, 0.7935593128204346, 0.794245183467865, 0.7942452430725098, inf, '02:54']
[60, 0.43449750542640686, 0.44022127985954285, 0.8792838454246521, 0.9850108027458191, 0.11508513987064362, 0.17699909210205078, 1.494828701019287, 0.7991077303886414, 0.7983214259147644, 0.7983214259147644, inf, '02:54']
[61, 0.4297446012496948, 0.4379323422908783, 0.8773819208145142, 0.9891055226325989, 0.11854374408721924, 0.1748879849910736, 1.2621644735336304, 0.7989855408668518, 0.8023667931556702, 0.8023667931556702, inf, '02:54']
[62, 0.4258837103843689, 0.42371711134910583, 0.8614282011985779, 0.989601731300354, 0.1344967782497406, 0.17465898394584656, 1.297383189201355, 0.773377537727356, 0.774175226688385, 0.774175226688385, inf, '02:54']
[63, 0.43459245562553406, 0.42091840505599976, 0.8604081869125366, 0.9891558885574341, 0.13657233119010925, 0.17490479350090027, 1.3349381685256958, 0.7739332914352417, 0.7719802856445312, 0.7719802856445312, inf, '02:55']
[64, 0.4308374226093292, 0.42737704515457153, 0.8625414967536926, 0.9867200255393982, 0.1318126916885376, 0.17625044286251068, 1.448096513748169, 0.7744176387786865, 0.7740780711174011, 0.7740780711174011, inf, '02:54']
[65, 0.4265567362308502, 0.4277136027812958, 0.8675321936607361, 0.9881160855293274, 0.12893107533454895, 0.17544403672218323, 1.397899866104126, 0.7862390279769897, 0.7823156118392944, 0.7823156118392944, inf, '02:54']
No improvement since epoch 57: early stopping
----------
2
----------
DLS create!
[0, 0.5297179818153381, 0.5169640779495239, 0.9883098602294922, 0.9930167198181152, 0.0007927130209282041, 0.18340270221233368, 1.2897142171859741, 0.9804881811141968, 0.9771418571472168, 0.9771418571472168, 0.015563109889626503, '02:55']
Better model found at epoch 0 with valid_loss value: 0.5169640779495239.
[1, 0.508952260017395, 0.502764105796814, 0.9784249663352966, 0.9876466989517212, 0.03923916816711426, 0.17889198660850525, 1.4547795057296753, 0.9564337134361267, 0.9585312604904175, 0.9585312604904175, 2.4665184020996094, '02:55']
Better model found at epoch 1 with valid_loss value: 0.502764105796814.
[2, 0.48998260498046875, 0.5019823312759399, 0.9665849804878235, 0.980417788028717, 0.03806127980351448, 0.17998987436294556, 1.6685675382614136, 0.9288737177848816, 0.9367892742156982, 0.9367892742156982, 5.2903523445129395, '02:55']
Better model found at epoch 2 with valid_loss value: 0.5019823312759399.
[3, 0.4767228960990906, 0.49654263257980347, 0.9636591672897339, 0.9866024255752563, 0.04204278811812401, 0.176913321018219, 1.5691169500350952, 0.9287266731262207, 0.9316690564155579, 0.9316690564155579, 2.801724433898926, '02:55']
Better model found at epoch 3 with valid_loss value: 0.49654263257980347.
[4, 0.46851837635040283, 0.4711678922176361, 0.9408379793167114, 0.9901968240737915, 0.06884646415710449, 0.17512905597686768, 1.4220550060272217, 0.8863344192504883, 0.8921390771865845, 0.8921390771865845, 1.5882902145385742, '02:55']
Better model found at epoch 4 with valid_loss value: 0.4711678922176361.
[5, 0.4695589244365692, 0.4916306734085083, 0.9523533582687378, 0.9845799803733826, 0.05071396753191948, 0.1779429316520691, 1.6407719850540161, 0.9053483009338379, 0.912531316280365, 0.912531316280365, 3.4438529014587402, '02:55']
[6, 0.46493491530418396, 0.4708246886730194, 0.9397584199905396, 0.9906960725784302, 0.06816280633211136, 0.17476136982440948, 1.3885852098464966, 0.8833585977554321, 0.8890156149864197, 0.8890156149864197, 1.2397640943527222, '02:55']
Better model found at epoch 6 with valid_loss value: 0.4708246886730194.
[7, 0.4603576958179474, 0.48541975021362305, 0.9488937854766846, 0.9843196272850037, 0.05524062365293503, 0.17787350714206696, 1.6103034019470215, 0.8944770097732544, 0.9058027863502502, 0.9058027863502502, 4.159322738647461, '02:54']
[8, 0.45918720960617065, 0.4691111743450165, 0.9344856142997742, 0.986637532711029, 0.07310035824775696, 0.17667609453201294, 1.546633243560791, 0.8717846274375916, 0.8814275860786438, 0.8814275860786438, 2.900040626525879, '02:56']
Better model found at epoch 8 with valid_loss value: 0.4691111743450165.
[9, 0.449937641620636, 0.4825979173183441, 0.9524658918380737, 0.9912530779838562, 0.05135861039161682, 0.17444206774234772, 1.3418779373168945, 0.9087063670158386, 0.9126590490341187, 0.9126590490341187, 0.8871403932571411, '02:55']
[10, 0.4658496379852295, 0.4726525843143463, 0.9379767179489136, 0.9872410893440247, 0.06799483299255371, 0.17650362849235535, 1.551010012626648, 0.8795067667961121, 0.8874678611755371, 0.8874678611755371, 2.4061741828918457, '02:54']
[11, 0.4484415650367737, 0.474258691072464, 0.9329148530960083, 0.9849981665611267, 0.07113561779260635, 0.17782115936279297, 1.6048399209976196, 0.8635088205337524, 0.878529965877533, 0.878529965877533, 3.6182901859283447, '02:55']
[12, 0.46231669187545776, 0.46269845962524414, 0.9303728342056274, 0.991373598575592, 0.07905134558677673, 0.17451687157154083, 1.3448286056518555, 0.8706144690513611, 0.8762394785881042, 0.8762394785881042, 1.0122414827346802, '02:55']
Better model found at epoch 12 with valid_loss value: 0.46269845962524414.
[13, 0.45365554094314575, 0.46152612566947937, 0.9246974587440491, 0.9876315593719482, 0.08347634226083755, 0.17648981511592865, 1.5385260581970215, 0.8527946472167969, 0.8647806644439697, 0.8647806644439697, 2.8167238235473633, '02:55']
Better model found at epoch 13 with valid_loss value: 0.46152612566947937.
[14, 0.45586174726486206, 0.46203842759132385, 0.9279142618179321, 0.9904994368553162, 0.07922997325658798, 0.17491890490055084, 1.4077038764953613, 0.8632696866989136, 0.8703436255455017, 0.8703436255455017, 1.2413755655288696, '02:54']
[15, 0.43835005164146423, 0.4661185145378113, 0.9324765205383301, 0.990968644618988, 0.0723159983754158, 0.17467987537384033, 1.361370325088501, 0.873703122138977, 0.8792951703071594, 0.8792951703071594, 1.0273652076721191, '02:55']
[16, 0.4340783953666687, 0.46719425916671753, 0.9337707161903381, 0.9919363856315613, 0.07131120562553406, 0.17412786185741425, 1.2870635986328125, 0.8727759718894958, 0.8813377618789673, 0.8813377618789673, 0.7611439228057861, '02:55']
[17, 0.4433927834033966, 0.46209341287612915, 0.9258180856704712, 0.9894123077392578, 0.07840732485055923, 0.17544062435626984, 1.4709831476211548, 0.8604239821434021, 0.8669366836547852, 0.8669366836547852, 1.827808141708374, '02:55']
[18, 0.4401262402534485, 0.4656350612640381, 0.9302777051925659, 0.9900476932525635, 0.07375185936689377, 0.1751093715429306, 1.4332897663116455, 0.8676903247833252, 0.8733077645301819, 0.8733077645301819, 1.4243316650390625, '02:54']
[19, 0.44217467308044434, 0.4631189703941345, 0.9249385595321655, 0.9869483709335327, 0.08068430423736572, 0.1767202913761139, 1.5567034482955933, 0.8540529608726501, 0.8658542633056641, 0.8658542633056641, 2.6932785511016846, '02:55']
[20, 0.4395413398742676, 0.4700735807418823, 0.9321867227554321, 0.98752361536026, 0.07254869490861893, 0.17649009823799133, 1.5276838541030884, 0.8693458437919617, 0.8782486319541931, 0.8782486319541931, 2.155590057373047, '02:54']
[21, 0.4405732750892639, 0.47355926036834717, 0.9360388517379761, 0.987307071685791, 0.06865082681179047, 0.176621675491333, 1.541879653930664, 0.8782394528388977, 0.8857848048210144, 0.8857848048210144, 2.1537740230560303, '02:55']
No improvement since epoch 13: early stopping
----------
3
----------
DLS create!
[0, 0.545721173286438, 0.5248182415962219, 0.9920589923858643, 0.9939098358154297, 0.0, 0.18784573674201965, 1.1452414989471436, 0.9908936619758606, 0.9843057990074158, 0.9843057990074158, 1.831471672630869e-05, '02:55']
Better model found at epoch 0 with valid_loss value: 0.5248182415962219.
[1, 0.5161173343658447, 0.49825939536094666, 0.974029004573822, 0.990577220916748, 0.059006303548812866, 0.18200494349002838, 1.4027867317199707, 0.9436594843864441, 0.9499361515045166, 0.9499361515045166, 2.2817542552948, '02:54']
Better model found at epoch 1 with valid_loss value: 0.49825939536094666.
[2, 0.5031171441078186, 0.4839012026786804, 0.9630708694458008, 0.9900090098381042, 0.05553395673632622, 0.17675097286701202, 1.4309040307998657, 0.9284286499023438, 0.92987060546875, 0.92987060546875, 2.705669403076172, '02:54']
Better model found at epoch 2 with valid_loss value: 0.4839012026786804.
[3, 0.4897422790527344, 0.4694710075855255, 0.9456896185874939, 0.9907131195068359, 0.06903314590454102, 0.1755012720823288, 1.4307974576950073, 0.8963289260864258, 0.8992778658866882, 0.8992778658866882, 2.6591856479644775, '02:55']
Better model found at epoch 3 with valid_loss value: 0.4694710075855255.
[4, 0.4872397482395172, 0.46828481554985046, 0.9380640983581543, 0.9836214780807495, 0.06983144581317902, 0.17851826548576355, 1.6286301612854004, 0.8734095096588135, 0.885927677154541, 0.885927677154541, 6.897594451904297, '02:54']
Better model found at epoch 4 with valid_loss value: 0.46828481554985046.
[5, 0.4786219894886017, 0.44180920720100403, 0.911895215511322, 0.9902989864349365, 0.10013780742883682, 0.17555244266986847, 1.482504963874817, 0.8373546004295349, 0.8417196273803711, 0.8417196273803711, 2.5223348140716553, '02:53']
Better model found at epoch 5 with valid_loss value: 0.44180920720100403.
[6, 0.47318848967552185, 0.4390273094177246, 0.9063199162483215, 0.9881513118743896, 0.10431712120771408, 0.17664290964603424, 1.5658963918685913, 0.8253414034843445, 0.8327885270118713, 0.8327885270118713, 3.742746591567993, '02:53']
Better model found at epoch 6 with valid_loss value: 0.4390273094177246.
[7, 0.47485244274139404, 0.4554177522659302, 0.9217043519020081, 0.9828302264213562, 0.08648274838924408, 0.1790211945772171, 1.6488415002822876, 0.8412479162216187, 0.8585560917854309, 0.8585560917854309, 7.042436599731445, '02:53']
[8, 0.467268705368042, 0.4500024616718292, 0.913760781288147, 0.9858787059783936, 0.09458495676517487, 0.1780744194984436, 1.6421788930892944, 0.8293354511260986, 0.8445481061935425, 0.8445481061935425, 4.510147571563721, '02:53']
[9, 0.4693751633167267, 0.4287959933280945, 0.896903932094574, 0.9925462603569031, 0.1150771901011467, 0.17443598806858063, 1.3555330038070679, 0.8147112131118774, 0.8194541335105896, 0.8194541335105896, 1.3366502523422241, '02:53']
Better model found at epoch 9 with valid_loss value: 0.4287959933280945.
[10, 0.4643072485923767, 0.43206852674484253, 0.8985623121261597, 0.9920207262039185, 0.10931088030338287, 0.17469438910484314, 1.3853833675384521, 0.8174020648002625, 0.8222432732582092, 0.8222432732582092, 1.6805744171142578, '02:53']
[11, 0.45705586671829224, 0.43429598212242126, 0.8946328163146973, 0.9858732223510742, 0.11129262298345566, 0.17792096734046936, 1.6328227519989014, 0.7970003485679626, 0.8148553371429443, 0.8148553371429443, 5.870288848876953, '02:53']
[12, 0.4657074809074402, 0.4401785433292389, 0.905123233795166, 0.988166868686676, 0.10110079497098923, 0.17663072049617767, 1.5450551509857178, 0.8220258951187134, 0.8317548632621765, 0.8317548632621765, 3.497570753097534, '02:54']
[13, 0.4566495418548584, 0.43153494596481323, 0.8968993425369263, 0.9897373914718628, 0.11260122805833817, 0.17600059509277344, 1.506227731704712, 0.8141963481903076, 0.8203862905502319, 0.8203862905502319, 2.5972859859466553, '02:54']
[14, 0.4532632827758789, 0.4307861924171448, 0.8921723365783691, 0.9864603877067566, 0.11581429839134216, 0.17773374915122986, 1.600665807723999, 0.791663646697998, 0.8111956119537354, 0.8111956119537354, 4.115748405456543, '02:54']
[15, 0.4678535759449005, 0.4161044657230377, 0.8781053423881531, 0.9911566972732544, 0.13180863857269287, 0.17531239986419678, 1.458378553390503, 0.784909188747406, 0.7912788987159729, 0.7912788987159729, 2.439318895339966, '02:54']
Better model found at epoch 15 with valid_loss value: 0.4161044657230377.
[16, 0.4630136489868164, 0.4395630955696106, 0.8976189494132996, 0.9840307831764221, 0.10761822015047073, 0.1788989156484604, 1.666322112083435, 0.7994815707206726, 0.8200526833534241, 0.8200526833534241, 7.80982780456543, '02:53']
[17, 0.45543527603149414, 0.4289016127586365, 0.8891165256500244, 0.9860783219337463, 0.1172393262386322, 0.1778910607099533, 1.6341092586517334, 0.7890657782554626, 0.8066402673721313, 0.8066402673721313, 4.319392681121826, '02:53']
[18, 0.45534372329711914, 0.4197486340999603, 0.880855917930603, 0.9889081120491028, 0.12720336019992828, 0.1764666736125946, 1.5439773797988892, 0.7835562229156494, 0.7954212427139282, 0.7954212427139282, 2.9592506885528564, '02:54']
[19, 0.4463684856891632, 0.40934351086616516, 0.8668784499168396, 0.989571213722229, 0.13903513550758362, 0.1761198490858078, 1.531712293624878, 0.7638121247291565, 0.7736901640892029, 0.7736901640892029, 2.4473440647125244, '02:54']
Better model found at epoch 19 with valid_loss value: 0.40934351086616516.
[20, 0.45140567421913147, 0.41622304916381836, 0.8767080903053284, 0.9888818860054016, 0.13078327476978302, 0.17647160589694977, 1.5500173568725586, 0.7733479738235474, 0.786863386631012, 0.7868635058403015, 3.8917462825775146, '02:54']
[21, 0.4450750946998596, 0.4207759201526642, 0.8829623460769653, 0.9896724224090576, 0.12568660080432892, 0.17604412138462067, 1.5090789794921875, 0.7900869846343994, 0.7979128956794739, 0.7979127764701843, 3.4276723861694336, '02:53']
[22, 0.45073848962783813, 0.45779117941856384, 0.9123510122299194, 0.9818309545516968, 0.09148105978965759, 0.1800542175769806, 1.6410433053970337, 0.8192542195320129, 0.8437166213989258, 0.8437166213989258, 5.771297931671143, '02:54']
[23, 0.4498404562473297, 0.41825833916664124, 0.8791902661323547, 0.9883978366851807, 0.12861914932727814, 0.17669470608234406, 1.572579264640808, 0.7790727019309998, 0.7914062142372131, 0.7914062142372131, 3.9281606674194336, '02:54']
[24, 0.45023640990257263, 0.4143750071525574, 0.8754630088806152, 0.9896303415298462, 0.13414263725280762, 0.17605382204055786, 1.508367657661438, 0.7761082053184509, 0.7857420444488525, 0.7857420444488525, 2.6773464679718018, '02:54']
[25, 0.4482673108577728, 0.40042129158973694, 0.8579453229904175, 0.9932982921600342, 0.15118654072284698, 0.17420169711112976, 1.2823693752288818, 0.7558828592300415, 0.7636438012123108, 0.7636438012123108, 0.7368050217628479, '02:54']
Better model found at epoch 25 with valid_loss value: 0.40042129158973694.
[26, 0.45758679509162903, 0.4059184789657593, 0.8670722246170044, 0.991737425327301, 0.1426665037870407, 0.17493091523647308, 1.431719422340393, 0.7671985626220703, 0.7729398012161255, 0.7729398012161255, 2.0330419540405273, '02:54']
[27, 0.44244953989982605, 0.4164225161075592, 0.880119800567627, 0.992459237575531, 0.12868769466876984, 0.17454981803894043, 1.346597671508789, 0.7902332544326782, 0.7952451109886169, 0.7952451109886169, 0.9718965291976929, '02:54']
[28, 0.4468671381473541, 0.43367862701416016, 0.8953840136528015, 0.9875911474227905, 0.11033396422863007, 0.17705686390399933, 1.5329560041427612, 0.8026237487792969, 0.8178123235702515, 0.8178123235702515, 3.113887310028076, '02:53']
[29, 0.4454840421676636, 0.41447749733924866, 0.8713822364807129, 0.9883201122283936, 0.13420423865318298, 0.17688095569610596, 1.5793406963348389, 0.7628357410430908, 0.7789204716682434, 0.7789204716682434, 2.8704333305358887, '02:54']
[30, 0.44877153635025024, 0.4058682918548584, 0.863088071346283, 0.9893360137939453, 0.143399178981781, 0.1763453483581543, 1.5370080471038818, 0.7529082894325256, 0.766974687576294, 0.766974687576294, 2.507342576980591, '02:54']
[31, 0.43060892820358276, 0.40086808800697327, 0.8589024543762207, 0.993254542350769, 0.15136705338954926, 0.1742352545261383, 1.2739332914352417, 0.757618248462677, 0.7659074068069458, 0.7659074068069458, 0.7886086106300354, '02:53']
[32, 0.44002199172973633, 0.41550391912460327, 0.8730649948120117, 0.9877835512161255, 0.13190938532352448, 0.17713937163352966, 1.5858303308486938, 0.7646376490592957, 0.7821919322013855, 0.7821919322013855, 2.8271234035491943, '02:53']
[33, 0.43329334259033203, 0.44060638546943665, 0.8949038982391357, 0.982025146484375, 0.10854962468147278, 0.1800791323184967, 1.7104530334472656, 0.7835575938224792, 0.815205454826355, 0.815205454826355, 5.713132381439209, '02:53']
No improvement since epoch 25: early stopping
----------
4
----------
DLS create!
[0, 0.5369190573692322, 0.5258821845054626, 0.9903068542480469, 0.9914003014564514, 0.0, 0.18663960695266724, 1.2163355350494385, 0.990450918674469, 0.9809227585792542, 0.9809227585792542, 0.056825924664735794, '02:53']
Better model found at epoch 0 with valid_loss value: 0.5258821845054626.
[1, 0.5109015703201294, 0.5375266075134277, 0.9779835343360901, 0.965692937374115, 0.0333326980471611, 0.18788069486618042, 1.6174390316009521, 0.9575672149658203, 0.9577455520629883, 0.9577455520629883, 10.748080253601074, '02:54']
[2, 0.4883059561252594, 0.497893363237381, 0.9638220071792603, 0.9829432368278503, 0.04341571405529976, 0.17817355692386627, 1.5530009269714355, 0.9348828196525574, 0.932608962059021, 0.932608962059021, 3.1431586742401123, '02:53']
Better model found at epoch 2 with valid_loss value: 0.497893363237381.
[3, 0.4831908941268921, 0.4933275878429413, 0.9611129760742188, 0.9880469441413879, 0.04522208496928215, 0.175357848405838, 1.4077868461608887, 0.9282204508781433, 0.9278317093849182, 0.9278317093849182, 1.4427393674850464, '02:54']
Better model found at epoch 3 with valid_loss value: 0.4933275878429413.
[4, 0.4742834270000458, 0.48996224999427795, 0.9577897787094116, 0.9895943999290466, 0.049515027552843094, 0.174478679895401, 1.3179478645324707, 0.9160435795783997, 0.9214097261428833, 0.9214097261428833, 1.0078272819519043, '02:54']
Better model found at epoch 4 with valid_loss value: 0.48996224999427795.
[5, 0.4721609055995941, 0.5035950541496277, 0.9422251582145691, 0.9894974827766418, 0.06377634406089783, 0.1745927482843399, 1.3470903635025024, 0.888704776763916, 0.8941144347190857, 0.8941144347190857, 1.0415534973144531, '02:53']
[6, 0.46638208627700806, 0.48409274220466614, 0.9418014287948608, 0.9829491972923279, 0.06227219104766846, 0.1780906468629837, 1.5986894369125366, 0.8873691558837891, 0.893727719783783, 0.8937277793884277, 3.560089349746704, '02:53']
Better model found at epoch 6 with valid_loss value: 0.48409274220466614.
[7, 0.46003732085227966, 0.4813845157623291, 0.9451759457588196, 0.9901506900787354, 0.0591539666056633, 0.17428231239318848, 1.290923833847046, 0.8919099569320679, 0.9004510045051575, 0.9004510045051575, 0.7691638469696045, '02:53']
Better model found at epoch 7 with valid_loss value: 0.4813845157623291.
[8, 0.45606616139411926, 0.47640034556388855, 0.935612142086029, 0.9877373576164246, 0.06775771826505661, 0.17561957240104675, 1.4496994018554688, 0.880594789981842, 0.8845967054367065, 0.8845967054367065, 1.6452302932739258, '02:53']
Better model found at epoch 8 with valid_loss value: 0.47640034556388855.
[9, 0.45618146657943726, 0.47660988569259644, 0.9324872493743896, 0.9850619435310364, 0.07070203125476837, 0.1770024448633194, 1.5513176918029785, 0.8717300295829773, 0.8783212900161743, 0.8783212900161743, 2.986076593399048, '02:53']
[10, 0.4582044184207916, 0.4791748821735382, 0.9351310729980469, 0.9851143956184387, 0.0674506276845932, 0.1769929677248001, 1.543580174446106, 0.8758375644683838, 0.8825634121894836, 0.8825634121894836, 2.5681045055389404, '02:53']
[11, 0.46323323249816895, 0.468581885099411, 0.9321969151496887, 0.9898865818977356, 0.07401519268751144, 0.1745583862066269, 1.3227388858795166, 0.8722726702690125, 0.8793943524360657, 0.8793942332267761, 0.9143012166023254, '02:54']
Better model found at epoch 11 with valid_loss value: 0.468581885099411.
[12, 0.4459213316440582, 0.4778449833393097, 0.9317767024040222, 0.9841615557670593, 0.07037165015935898, 0.17752911150455475, 1.5751895904541016, 0.8709527850151062, 0.8775739073753357, 0.8775739073753357, 2.8401925563812256, '02:53']
[13, 0.4534640610218048, 0.4710775315761566, 0.9313127994537354, 0.9891743063926697, 0.07230502367019653, 0.17490479350090027, 1.388437032699585, 0.8693330883979797, 0.8773620128631592, 0.8773620128631592, 1.2509069442749023, '02:55']
[14, 0.4465637803077698, 0.46730828285217285, 0.9283573627471924, 0.9896938800811768, 0.07625286281108856, 0.17461025714874268, 1.3503391742706299, 0.8644363284111023, 0.8729358911514282, 0.8729358911514282, 1.1327167749404907, '02:54']
Better model found at epoch 14 with valid_loss value: 0.46730828285217285.
[15, 0.4495735764503479, 0.47770726680755615, 0.9379522800445557, 0.9872168302536011, 0.06553851068019867, 0.17584607005119324, 1.4662823677062988, 0.8857495188713074, 0.8895578980445862, 0.8895578980445862, 1.857552409172058, '02:54']
[16, 0.4414880573749542, 0.46058782935142517, 0.9165054559707642, 0.9874061346054077, 0.08700595051050186, 0.17590151727199554, 1.4841970205307007, 0.8445816040039062, 0.8528298735618591, 0.8528298735618591, 2.1137478351593018, '02:53']
Better model found at epoch 16 with valid_loss value: 0.46058782935142517.
[17, 0.4400767982006073, 0.4673195779323578, 0.9220577478408813, 0.9854015707969666, 0.08033669739961624, 0.1768997311592102, 1.531620979309082, 0.8539822697639465, 0.8619025349617004, 0.8619025349617004, 2.8913347721099854, '02:53']
[18, 0.44161006808280945, 0.46366074681282043, 0.9232675433158875, 0.988711416721344, 0.08163081109523773, 0.17514777183532715, 1.4155080318450928, 0.8570141196250916, 0.8640297055244446, 0.8640297055244446, 1.573110818862915, '02:53']
[19, 0.4354805648326874, 0.4682745039463043, 0.9253822565078735, 0.9887176752090454, 0.07762081176042557, 0.17515888810157776, 1.3979703187942505, 0.864341139793396, 0.8689329624176025, 0.8689329624176025, 1.25091552734375, '02:54']
[20, 0.4441584646701813, 0.4605260491371155, 0.9200753569602966, 0.9884346723556519, 0.08425736427307129, 0.17542660236358643, 1.3901376724243164, 0.8518380522727966, 0.8594704866409302, 0.8594704866409302, 1.2533202171325684, '02:54']
Better model found at epoch 20 with valid_loss value: 0.4605260491371155.
[21, 0.4373300075531006, 0.46215614676475525, 0.9222829937934875, 0.9897737503051758, 0.08167664706707001, 0.17463555932044983, 1.3433185815811157, 0.8540610074996948, 0.863217830657959, 0.863217830657959, 1.0138442516326904, '02:53']
[22, 0.431416392326355, 0.4500325620174408, 0.9066252112388611, 0.9881658554077148, 0.09809750318527222, 0.1755652278661728, 1.4407620429992676, 0.8292986154556274, 0.8372176885604858, 0.8372176885604858, 1.6944420337677002, '02:53']
Better model found at epoch 22 with valid_loss value: 0.4500325620174408.
[23, 0.4374953508377075, 0.4667322337627411, 0.9235664010047913, 0.9849969744682312, 0.08033165335655212, 0.17710600793361664, 1.5511529445648193, 0.8595966696739197, 0.8650753498077393, 0.8650753498077393, 2.871066093444824, '02:54']
[24, 0.43759995698928833, 0.45907720923423767, 0.9141587018966675, 0.9873039722442627, 0.08888139575719833, 0.17595671117305756, 1.472135305404663, 0.8407045006752014, 0.8486011028289795, 0.8486011028289795, 1.8656128644943237, '02:54']
[25, 0.4367285370826721, 0.4636315703392029, 0.9131119847297668, 0.9821783900260925, 0.08908941596746445, 0.17861291766166687, 1.6183069944381714, 0.8322421312332153, 0.8466522097587585, 0.8466522097587585, 3.844119071960449, '02:54']
[26, 0.44026950001716614, 0.46539875864982605, 0.9178309440612793, 0.9839239120483398, 0.08451080322265625, 0.1778130680322647, 1.5724334716796875, 0.8433042168617249, 0.8538837432861328, 0.8538837432861328, 2.8222620487213135, '02:53']
[27, 0.43921786546707153, 0.46892669796943665, 0.9276254773139954, 0.9885804653167725, 0.07519205659627914, 0.17518439888954163, 1.4188028573989868, 0.8633084893226624, 0.8716803789138794, 0.8716803789138794, 1.5514386892318726, '02:54']
[28, 0.43167439103126526, 0.4903465807437897, 0.9541541934013367, 0.9913029670715332, 0.048064131289720535, 0.17366920411586761, 1.124413251876831, 0.9012757539749146, 0.9175933599472046, 0.9175933599472046, 0.2327008694410324, '02:54']
[29, 0.4353181719779968, 0.4496159851551056, 0.9030882716178894, 0.9886196255683899, 0.10015715658664703, 0.1753484308719635, 1.4254398345947266, 0.8265300393104553, 0.8321650624275208, 0.8321650624275208, 1.5394083261489868, '02:54']
Better model found at epoch 29 with valid_loss value: 0.4496159851551056.
[30, 0.4375211298465729, 0.4706554710865021, 0.9256367087364197, 0.9853057265281677, 0.07678136229515076, 0.17692574858665466, 1.538740634918213, 0.8590134382247925, 0.8672555685043335, 0.8672555685043335, 2.731058120727539, '02:55']
[31, 0.42897728085517883, 0.4654580056667328, 0.9245845675468445, 0.9901551008224487, 0.07836585491895676, 0.1744474619626999, 1.2691096067428589, 0.85615074634552, 0.8682214021682739, 0.8682214021682739, 0.7323533892631531, '02:54']
[32, 0.43951016664505005, 0.4488115608692169, 0.9023582339286804, 0.9870436191558838, 0.10141049325466156, 0.17609518766403198, 1.5008132457733154, 0.8217134475708008, 0.8311244249343872, 0.8311244249343872, 2.495002508163452, '02:54']
Better model found at epoch 32 with valid_loss value: 0.4488115608692169.
[33, 0.4396311342716217, 0.4619446396827698, 0.9142219424247742, 0.9848501682281494, 0.0883139967918396, 0.1773533821105957, 1.5561268329620361, 0.8397114872932434, 0.8490167260169983, 0.8490167260169983, 2.606618642807007, '02:53']
[34, 0.4348579943180084, 0.453071653842926, 0.9119064807891846, 0.9901341199874878, 0.09376227110624313, 0.17445068061351776, 1.3204883337020874, 0.8407171964645386, 0.8477595448493958, 0.8477596044540405, 0.8738546967506409, '02:53']
[35, 0.4341781735420227, 0.4520060122013092, 0.9089850187301636, 0.9897218942642212, 0.09658870846033096, 0.17465731501579285, 1.3319419622421265, 0.8370859622955322, 0.84438556432724, 0.84438556432724, 1.0580774545669556, '02:54']
[36, 0.4378240406513214, 0.4461739957332611, 0.9014447927474976, 0.9882418513298035, 0.10292837023735046, 0.17555060982704163, 1.427207350730896, 0.821592390537262, 0.8298747539520264, 0.8298747539520264, 1.537341833114624, '02:54']
Better model found at epoch 36 with valid_loss value: 0.4461739957332611.
[37, 0.42592883110046387, 0.4634319245815277, 0.9211816191673279, 0.9898857474327087, 0.08147582411766052, 0.174621120095253, 1.3250385522842407, 0.8525082468986511, 0.8630841970443726, 0.8630841970443726, 0.9019160270690918, '02:55']
[38, 0.43732765316963196, 0.45035210251808167, 0.9109658598899841, 0.9899895191192627, 0.09651348739862442, 0.1745668202638626, 1.3324685096740723, 0.8356443047523499, 0.84511798620224, 0.84511798620224, 1.090625524520874, '02:53']
[39, 0.4276992678642273, 0.4570319950580597, 0.9101452231407166, 0.9864943623542786, 0.09234674274921417, 0.17648862302303314, 1.492814302444458, 0.8346093893051147, 0.8434619903564453, 0.8434619903564453, 2.0511345863342285, '02:53']
[40, 0.42836400866508484, 0.46842485666275024, 0.9172857999801636, 0.9793375134468079, 0.08581019192934036, 0.18009920418262482, 1.649158000946045, 0.8357483744621277, 0.8534450531005859, 0.8534450531005859, 4.25472354888916, '02:54']
[41, 0.42480167746543884, 0.4576972424983978, 0.9134775400161743, 0.9896729588508606, 0.08974364399909973, 0.1747216135263443, 1.3306829929351807, 0.8440343737602234, 0.8518651723861694, 0.8518651723861694, 0.9082578420639038, '02:53']
[42, 0.4349793791770935, 0.45086368918418884, 0.9064674973487854, 0.987307071685791, 0.09924902766942978, 0.176002636551857, 1.463107705116272, 0.8312301635742188, 0.8383402228355408, 0.838340163230896, 1.896066665649414, '02:53']
[43, 0.4316834509372711, 0.45764651894569397, 0.9101504683494568, 0.9847381114959717, 0.09253649413585663, 0.17729860544204712, 1.561909794807434, 0.8327699899673462, 0.8427091836929321, 0.8427091836929321, 2.8342058658599854, '02:53']
[44, 0.43457627296447754, 0.45782119035720825, 0.9103481769561768, 0.9839820265769958, 0.09241244196891785, 0.1777109056711197, 1.573786735534668, 0.8298258185386658, 0.8423988819122314, 0.8423988819122314, 3.047863006591797, '02:54']
No improvement since epoch 36: early stopping
Linknet_dpn131 Done!
