Models will save to MAnet_vgg19_x
Use vgg19_bn encoder
Start training...
----------
0
----------
DLS create!
[0, 0.5266503691673279, 0.5098111033439636, 0.9841516613960266, 0.9917910695075989, 0.0, 0.18005305528640747, 1.21174156665802, 0.9761922359466553, 0.969133734703064, 0.969133734703064, 0.0, '01:14']
Better model found at epoch 0 with valid_loss value: 0.5098111033439636.
[1, 0.5010596513748169, 0.495333731174469, 0.9694120287895203, 0.9895363450050354, 0.04194646328687668, 0.1752527952194214, 1.2738925218582153, 0.9452266097068787, 0.9423614740371704, 0.9423614740371704, 0.7482293844223022, '01:14']
Better model found at epoch 1 with valid_loss value: 0.495333731174469.
[2, 0.49881771206855774, 0.4976893365383148, 0.9709944725036621, 0.9896027445793152, 0.03273778781294823, 0.17501333355903625, 1.2920664548873901, 0.9467023611068726, 0.9447587728500366, 0.9447587728500366, 0.6712932586669922, '01:14']
[3, 0.49177637696266174, 0.4856088161468506, 0.954986035823822, 0.9873648881912231, 0.051686037331819534, 0.1759253293275833, 1.4015334844589233, 0.9176493883132935, 0.9165422916412354, 0.9165422916412354, 1.4261292219161987, '01:14']
Better model found at epoch 3 with valid_loss value: 0.4856088161468506.
[4, 0.4891854226589203, 0.4794468581676483, 0.9460448026657104, 0.9868004322052002, 0.05968179181218147, 0.17632296681404114, 1.4478155374526978, 0.9016202092170715, 0.9011998176574707, 0.9011998176574707, 1.4906457662582397, '01:14']
Better model found at epoch 4 with valid_loss value: 0.4794468581676483.
[5, 0.48980748653411865, 0.483506441116333, 0.9510656595230103, 0.9885161519050598, 0.052918799221515656, 0.17531642317771912, 1.3695380687713623, 0.9098482131958008, 0.9100532531738281, 0.9100532531738281, 0.945533275604248, '01:14']
[6, 0.48665863275527954, 0.47858279943466187, 0.9452115893363953, 0.9848182797431946, 0.06145431473851204, 0.17748653888702393, 1.500483751296997, 0.898472249507904, 0.8991727828979492, 0.8991727828979492, 2.135519027709961, '01:14']
Better model found at epoch 6 with valid_loss value: 0.47858279943466187.
[7, 0.49455708265304565, 0.479801207780838, 0.9479319453239441, 0.9835984706878662, 0.06166209653019905, 0.17813168466091156, 1.498908519744873, 0.9042263031005859, 0.9038441777229309, 0.9038441777229309, 2.482405424118042, '01:14']
[8, 0.4893057942390442, 0.47368744015693665, 0.9440235495567322, 0.9863454699516296, 0.06636276841163635, 0.17722460627555847, 1.4509528875350952, 0.8964739441871643, 0.8966385126113892, 0.8966385126113892, 1.5758910179138184, '01:14']
Better model found at epoch 8 with valid_loss value: 0.47368744015693665.
[9, 0.49245333671569824, 0.4879794120788574, 0.9445886015892029, 0.9771357178688049, 0.0611739456653595, 0.1813908815383911, 1.632340908050537, 0.8910238146781921, 0.8999912142753601, 0.8999912142753601, 5.275774002075195, '01:14']
[10, 0.48670172691345215, 0.47593680024147034, 0.9409897923469543, 0.9845453500747681, 0.06496696174144745, 0.17743967473506927, 1.511655330657959, 0.8910367488861084, 0.8928555250167847, 0.8928556442260742, 2.371706008911133, '01:14']
[11, 0.4901669919490814, 0.48092785477638245, 0.9404588937759399, 0.9778239727020264, 0.06534276902675629, 0.18051084876060486, 1.6275216341018677, 0.8844190239906311, 0.8920114636421204, 0.8920114636421204, 4.736261367797852, '01:14']
[12, 0.4821854829788208, 0.46397262811660767, 0.9305436611175537, 0.9854897856712341, 0.08198695629835129, 0.1778647005558014, 1.4950717687606812, 0.8734962344169617, 0.8747684359550476, 0.8747683167457581, 1.8420820236206055, '01:14']
Better model found at epoch 12 with valid_loss value: 0.46397262811660767.
[13, 0.4846719801425934, 0.462542325258255, 0.9279400110244751, 0.9853478670120239, 0.08470883965492249, 0.17733906209468842, 1.4792733192443848, 0.8697995543479919, 0.8717223405838013, 0.8717223405838013, 1.8546448945999146, '01:14']
Better model found at epoch 13 with valid_loss value: 0.462542325258255.
[14, 0.4833151400089264, 0.4745475947856903, 0.9379109144210815, 0.9832847714424133, 0.06655529141426086, 0.17793385684490204, 1.5163445472717285, 0.8835383057594299, 0.8876860737800598, 0.8876860737800598, 2.3350958824157715, '01:14']
[15, 0.4877975881099701, 0.46544840931892395, 0.9318030476570129, 0.9866730570793152, 0.0765417069196701, 0.17642414569854736, 1.4539278745651245, 0.8759128451347351, 0.8774700164794922, 0.8774700164794922, 1.6216471195220947, '01:15']
[16, 0.480485200881958, 0.46996721625328064, 0.9333598613739014, 0.9857224225997925, 0.07254140824079514, 0.17680507898330688, 1.4696369171142578, 0.87935870885849, 0.8812806010246277, 0.8812806010246277, 1.8230870962142944, '01:14']
[17, 0.48152878880500793, 0.4712025821208954, 0.9365829229354858, 0.9855592250823975, 0.07131795585155487, 0.176640585064888, 1.460636019706726, 0.8837910890579224, 0.88579261302948, 0.88579261302948, 2.1502623558044434, '01:13']
[18, 0.47728410363197327, 0.46261313557624817, 0.9246072173118591, 0.9854406118392944, 0.0830753818154335, 0.17690110206604004, 1.4697074890136719, 0.8653189539909363, 0.8679294586181641, 0.8679294586181641, 1.9830785989761353, '01:13']
[19, 0.4759109914302826, 0.47804173827171326, 0.9474824666976929, 0.989713728427887, 0.05566916987299919, 0.1747109740972519, 1.3063007593154907, 0.900971531867981, 0.9026533961296082, 0.9026533961296082, 0.6282767057418823, '01:14']
[20, 0.471525102853775, 0.46407797932624817, 0.9192072153091431, 0.9802694320678711, 0.08696334064006805, 0.1798730045557022, 1.6029459238052368, 0.8459885120391846, 0.8567968606948853, 0.8567968606948853, 3.2217695713043213, '01:14']
[21, 0.48164820671081543, 0.4737372398376465, 0.939241886138916, 0.9866217374801636, 0.06592477113008499, 0.17633642256259918, 1.4558563232421875, 0.8879256844520569, 0.8895959258079529, 0.8895959258079529, 1.6505506038665771, '01:14']
No improvement since epoch 13: early stopping
----------
1
----------
DLS create!
[0, 0.5218286514282227, 0.5063732266426086, 0.9834651350975037, 0.986331582069397, 0.028129685670137405, 0.18139676749706268, 1.4605966806411743, 0.9642613530158997, 0.9677294492721558, 0.9677294492721558, 4.376368999481201, '01:14']
Better model found at epoch 0 with valid_loss value: 0.5063732266426086.
[1, 0.4991486072540283, 0.5031019449234009, 0.9770399928092957, 0.9827747344970703, 0.029289323836565018, 0.18011422455310822, 1.6419426202774048, 0.9497163891792297, 0.9554588794708252, 0.9554588794708252, 7.418082237243652, '01:14']
Better model found at epoch 1 with valid_loss value: 0.5031019449234009.
[2, 0.5002169609069824, 0.4897705316543579, 0.9621418714523315, 0.9845964908599854, 0.04483971744775772, 0.1790485382080078, 1.6609482765197754, 0.9166595935821533, 0.9278342723846436, 0.9278342723846436, 5.258012771606445, '01:15']
Better model found at epoch 2 with valid_loss value: 0.4897705316543579.
[3, 0.4992057681083679, 0.5145936012268066, 0.9727894067764282, 0.9701723456382751, 0.030927617102861404, 0.18572598695755005, 1.7886160612106323, 0.9329220056533813, 0.9478428959846497, 0.9478428959846497, 11.71174430847168, '01:14']
[4, 0.49720579385757446, 0.5030654668807983, 0.9818671345710754, 0.993562638759613, 0.018220888450741768, 0.17437241971492767, 1.2884904146194458, 0.9651040434837341, 0.9650967717170715, 0.9650967717170715, 0.7302499413490295, '01:14']
[5, 0.49194931983947754, 0.48793235421180725, 0.9684144854545593, 0.9920445084571838, 0.03723239153623581, 0.1753491312265396, 1.3992170095443726, 0.9391320943832397, 0.9402258992195129, 0.9402258992195129, 1.6110390424728394, '01:14']
Better model found at epoch 5 with valid_loss value: 0.48793235421180725.
[6, 0.4930620789527893, 0.5295414328575134, 0.9811073541641235, 0.9625629782676697, 0.023141968995332718, 0.1905505508184433, 1.7981512546539307, 0.9522913098335266, 0.9635794162750244, 0.9635794162750244, 14.461575508117676, '01:14']
[7, 0.49260175228118896, 0.4863611161708832, 0.9633908867835999, 0.9866926074028015, 0.04750092700123787, 0.17840097844600677, 1.5792485475540161, 0.9224709868431091, 0.9306140542030334, 0.9306140542030334, 4.295561790466309, '01:14']
Better model found at epoch 7 with valid_loss value: 0.4863611161708832.
[8, 0.4869987666606903, 0.48483943939208984, 0.9601774215698242, 0.9876868724822998, 0.04661988094449043, 0.17752359807491302, 1.5903595685958862, 0.9201568365097046, 0.9248428344726562, 0.9248428344726562, 3.8153750896453857, '01:14']
Better model found at epoch 8 with valid_loss value: 0.48483943939208984.
[9, 0.48231241106987, 0.49431511759757996, 0.96258544921875, 0.9802757501602173, 0.04317447543144226, 0.18099914491176605, 1.6990513801574707, 0.9176487326622009, 0.92952960729599, 0.92952960729599, 7.197366714477539, '01:14']
[10, 0.48800674080848694, 0.4778684377670288, 0.9558922052383423, 0.9895162582397461, 0.05417103320360184, 0.17664282023906708, 1.5406235456466675, 0.9118363857269287, 0.9171532988548279, 0.9171532988548279, 2.9039509296417236, '01:14']
Better model found at epoch 10 with valid_loss value: 0.4778684377670288.
[11, 0.48354172706604004, 0.48117056488990784, 0.953750729560852, 0.9854514598846436, 0.052806247025728226, 0.1783333122730255, 1.6316784620285034, 0.9039220213890076, 0.9134162068367004, 0.9134162068367004, 4.963071823120117, '01:14']
[12, 0.4835226833820343, 0.48361265659332275, 0.9544359445571899, 0.9824985861778259, 0.05172238498926163, 0.1796557754278183, 1.6575040817260742, 0.9028769135475159, 0.9149749875068665, 0.9149749875068665, 6.568203926086426, '01:15']
[13, 0.4743122458457947, 0.48141804337501526, 0.9551640152931213, 0.987955629825592, 0.05018626153469086, 0.17726780474185944, 1.5944541692733765, 0.9109334945678711, 0.916289746761322, 0.916289746761322, 3.509974479675293, '01:14']
[14, 0.474695086479187, 0.4748671352863312, 0.9512474536895752, 0.9907982349395752, 0.05455610901117325, 0.17571957409381866, 1.4810452461242676, 0.9052090048789978, 0.9092713594436646, 0.9092713594436646, 2.3612663745880127, '01:14']
Better model found at epoch 14 with valid_loss value: 0.4748671352863312.
[15, 0.47313404083251953, 0.47979533672332764, 0.9537799954414368, 0.9868460297584534, 0.05224597826600075, 0.17782670259475708, 1.576355218887329, 0.9058553576469421, 0.9141315221786499, 0.9141315221786499, 4.169633388519287, '01:14']
[16, 0.48332732915878296, 0.4791489839553833, 0.9594049453735352, 0.9921531081199646, 0.04870641604065895, 0.17508511245250702, 1.418333888053894, 0.9210774898529053, 0.9229696989059448, 0.9229696989059448, 1.4773097038269043, '01:15']
[17, 0.4706341028213501, 0.5033153891563416, 0.9632914662361145, 0.9738203883171082, 0.041328635066747665, 0.1843825727701187, 1.7718373537063599, 0.9087428450584412, 0.9304603338241577, 0.9304603338241577, 9.2809476852417, '01:14']
[18, 0.480390340089798, 0.4980270266532898, 0.9565727710723877, 0.9721127152442932, 0.04905058071017265, 0.18522021174430847, 1.7697886228561401, 0.8928741216659546, 0.9190225601196289, 0.9190225601196289, 12.097152709960938, '01:14']
[19, 0.47737181186676025, 0.4881204664707184, 0.9651898741722107, 0.9891979694366455, 0.046303294599056244, 0.1773691624403, 1.5372785329818726, 0.9294471144676208, 0.9342911839485168, 0.9342911839485168, 3.2286922931671143, '01:14']
[20, 0.4688096344470978, 0.4797711670398712, 0.9584872126579285, 0.9940739274024963, 0.043685827404260635, 0.1740160584449768, 1.2291784286499023, 0.9167584776878357, 0.9230360388755798, 0.9230360388755798, 0.4765080511569977, '01:14']
[21, 0.47805771231651306, 0.47156035900115967, 0.9454790353775024, 0.9871038198471069, 0.0658012107014656, 0.17788217961788177, 1.581958532333374, 0.8891850709915161, 0.8993976712226868, 0.8993976712226868, 4.533121585845947, '01:14']
Better model found at epoch 21 with valid_loss value: 0.47156035900115967.
[22, 0.46971845626831055, 0.47021567821502686, 0.9491780400276184, 0.9919531941413879, 0.06274089962244034, 0.1754060536623001, 1.4153435230255127, 0.9022896885871887, 0.9058675765991211, 0.9058675765991211, 1.3894572257995605, '01:14']
Better model found at epoch 22 with valid_loss value: 0.47021567821502686.
[23, 0.4728897213935852, 0.4691062271595001, 0.9387039542198181, 0.9864369034767151, 0.06975776702165604, 0.17806923389434814, 1.6101537942886353, 0.8757414817810059, 0.8885852694511414, 0.8885852694511414, 4.2626848220825195, '01:15']
Better model found at epoch 23 with valid_loss value: 0.4691062271595001.
[24, 0.4658624231815338, 0.47004076838493347, 0.9402081966400146, 0.9869236350059509, 0.06836382299661636, 0.1779486984014511, 1.5797227621078491, 0.8789463639259338, 0.8911150097846985, 0.8911150097846985, 4.454216003417969, '01:14']
[25, 0.47498586773872375, 0.47248807549476624, 0.9429999589920044, 0.9860851764678955, 0.06576859951019287, 0.17812414467334747, 1.5699875354766846, 0.8822478652000427, 0.8947213292121887, 0.8947213292121887, 6.388426303863525, '01:15']
[26, 0.47728604078292847, 0.46916064620018005, 0.9484302401542664, 0.9929032325744629, 0.05854038521647453, 0.17473550140857697, 1.3884718418121338, 0.9005063772201538, 0.9036728739738464, 0.9036727547645569, 1.2934874296188354, '01:14']
[27, 0.4841071665287018, 0.4798431396484375, 0.9547932744026184, 0.9865939617156982, 0.05733676254749298, 0.1783556491136551, 1.6272538900375366, 0.9020518660545349, 0.9148237705230713, 0.9148237705230713, 4.052061557769775, '01:14']
[28, 0.4764033257961273, 0.46311014890670776, 0.937466025352478, 0.9889921545982361, 0.07250048220157623, 0.17683804035186768, 1.5819036960601807, 0.8742324709892273, 0.8851296305656433, 0.8851296305656433, 3.243431329727173, '01:14']
Better model found at epoch 28 with valid_loss value: 0.46311014890670776.
[29, 0.4749312400817871, 0.4778217375278473, 0.9484989047050476, 0.9875295758247375, 0.055861640721559525, 0.17748264968395233, 1.6024473905563354, 0.8942966461181641, 0.9040102362632751, 0.9040102362632751, 3.8000829219818115, '01:14']
[30, 0.4704071581363678, 0.45656272768974304, 0.9334336519241333, 0.9924243092536926, 0.07623923569917679, 0.17505960166454315, 1.437629222869873, 0.8715554475784302, 0.8775885701179504, 0.8775885701179504, 1.5966930389404297, '01:15']
Better model found at epoch 30 with valid_loss value: 0.45656272768974304.
[31, 0.4554804265499115, 0.4592406153678894, 0.9310069680213928, 0.9897493124008179, 0.07545994967222214, 0.17633454501628876, 1.5521581172943115, 0.8642158508300781, 0.8740476965904236, 0.8740476965904236, 3.1703367233276367, '01:16']
[32, 0.478553831577301, 0.46173232793807983, 0.9406895637512207, 0.9936659932136536, 0.0688650831580162, 0.17439772188663483, 1.3299014568328857, 0.8876972198486328, 0.8913784027099609, 0.8913785815238953, 0.8237795233726501, '01:15']
[33, 0.4697495996952057, 0.4848072826862335, 0.9635778665542603, 0.9918538928031921, 0.04110124334692955, 0.17516930401325226, 1.3399075269699097, 0.9274399876594543, 0.9313521385192871, 0.9313521385192871, 3.2380106449127197, '01:15']
[34, 0.4717826545238495, 0.4779277741909027, 0.9576627612113953, 0.9936412572860718, 0.04936916008591652, 0.17436566948890686, 1.3202840089797974, 0.9196279644966125, 0.9213158488273621, 0.9213158488273621, 0.8650848269462585, '01:16']
[35, 0.46806901693344116, 0.47580486536026, 0.9486663341522217, 0.9870008826255798, 0.05698708817362785, 0.17756110429763794, 1.606789469718933, 0.8947755098342896, 0.9049097299575806, 0.9049097299575806, 4.1928911209106445, '01:15']
[36, 0.46569862961769104, 0.45035627484321594, 0.9232065081596375, 0.9905550479888916, 0.0851726159453392, 0.17598752677440643, 1.521862506866455, 0.8519336581230164, 0.8614609241485596, 0.8614609241485596, 2.5025699138641357, '01:14']
Better model found at epoch 36 with valid_loss value: 0.45035627484321594.
[37, 0.46482688188552856, 0.4731426537036896, 0.9530997276306152, 0.9944614768028259, 0.05097516253590584, 0.1738518327474594, 1.2132939100265503, 0.9076234102249146, 0.9125446677207947, 0.9125446677207947, 0.3619330823421478, '01:15']
[38, 0.4664073586463928, 0.4742153584957123, 0.9400673508644104, 0.9814311861991882, 0.06567724049091339, 0.18028947710990906, 1.7001912593841553, 0.867064893245697, 0.8898552656173706, 0.8898552656173706, 6.584749221801758, '01:15']
[39, 0.45492860674858093, 0.4940994679927826, 0.9763444662094116, 0.9949074983596802, 0.02449040487408638, 0.1737196296453476, 1.111785650253296, 0.9502877593040466, 0.9552322030067444, 0.9552322030067444, 0.12189032137393951, '01:14']
[40, 0.4616352617740631, 0.45457723736763, 0.9255384802818298, 0.9890246987342834, 0.083225779235363, 0.17674827575683594, 1.5716818571090698, 0.8529485464096069, 0.8656436800956726, 0.8656436800956726, 2.8482139110565186, '01:15']
[41, 0.4664546549320221, 0.452466756105423, 0.9263083934783936, 0.9907976984977722, 0.08736656606197357, 0.17594647407531738, 1.4856138229370117, 0.8564955592155457, 0.8668907284736633, 0.8668906688690186, 2.059278964996338, '01:15']
[42, 0.47247982025146484, 0.46452784538269043, 0.9365576505661011, 0.9869437217712402, 0.07357712835073471, 0.1780063360929489, 1.6270639896392822, 0.8674739599227905, 0.8839631080627441, 0.8839631080627441, 4.270846843719482, '01:14']
[43, 0.4549124240875244, 0.47868525981903076, 0.9377995133399963, 0.9783108830451965, 0.06687799096107483, 0.18217094242572784, 1.7440418004989624, 0.857602596282959, 0.8860709071159363, 0.8860709071159363, 8.620964050292969, '01:15']
[44, 0.45455402135849, 0.4798944294452667, 0.9370570182800293, 0.9809099435806274, 0.06617163866758347, 0.18092702329158783, 1.74794602394104, 0.8572367429733276, 0.8850438594818115, 0.8850438594818115, 6.8217010498046875, '01:14']
No improvement since epoch 36: early stopping
----------
2
----------
DLS create!
[0, 0.5239107608795166, 0.5180226564407349, 0.9827308058738708, 0.9909656047821045, 0.0, 0.1861807107925415, 1.2695651054382324, 0.9725229144096375, 0.9663673639297485, 0.9663673639297485, 0.0, '01:16']
Better model found at epoch 0 with valid_loss value: 0.5180226564407349.
[1, 0.5035719275474548, 0.4946015477180481, 0.9669608473777771, 0.9909637570381165, 7.724823808530346e-05, 0.17544744908809662, 1.2611799240112305, 0.9388248324394226, 0.9370028376579285, 0.9370028376579285, 0.0006088248919695616, '01:14']
Better model found at epoch 1 with valid_loss value: 0.4946015477180481.
[2, 0.49674081802368164, 0.49592453241348267, 0.9644100069999695, 0.990964412689209, 1.3770501027465798e-05, 0.17645162343978882, 1.3229780197143555, 0.9362266659736633, 0.9326915144920349, 0.9326915144920349, 0.0002476986846886575, '01:14']
[3, 0.5030742883682251, 0.5070575475692749, 0.9780587553977966, 0.9909185767173767, 0.0012475732946768403, 0.17471417784690857, 1.2163094282150269, 0.9585376977920532, 0.9574999213218689, 0.9574999213218689, 0.01664750836789608, '01:15']
[4, 0.49814778566360474, 0.49602386355400085, 0.9670329689979553, 0.9885212779045105, 0.041093435138463974, 0.1754676103591919, 1.2873015403747559, 0.9391360282897949, 0.9370020031929016, 0.9370020031929016, 0.7759852409362793, '01:15']
[5, 0.4990062117576599, 0.4900147020816803, 0.9597586989402771, 0.9842787981033325, 0.060526043176651, 0.17723500728607178, 1.3551744222640991, 0.9267714023590088, 0.9245473742485046, 0.9245473742485046, 2.0203678607940674, '01:15']
Better model found at epoch 5 with valid_loss value: 0.4900147020816803.
[6, 0.4957433342933655, 0.4912498891353607, 0.959112286567688, 0.9795961380004883, 0.0609198734164238, 0.17836879193782806, 1.3861333131790161, 0.9236304759979248, 0.923087477684021, 0.923087477684021, 3.6084439754486084, '01:14']
[7, 0.4968946576118469, 0.49584218859672546, 0.9610551595687866, 0.9802449345588684, 0.0542340949177742, 0.17792662978172302, 1.3920577764511108, 0.927639365196228, 0.9265387654304504, 0.9265387654304504, 3.379154682159424, '01:14']
[8, 0.49322187900543213, 0.4848642349243164, 0.9557821154594421, 0.987779974937439, 0.062052465975284576, 0.1751299500465393, 1.2800544500350952, 0.919045090675354, 0.9174051284790039, 0.9174051284790039, 1.0021746158599854, '01:14']
Better model found at epoch 8 with valid_loss value: 0.4848642349243164.
[9, 0.4872863292694092, 0.490293949842453, 0.9545441269874573, 0.9751150608062744, 0.061876341700553894, 0.17933528125286102, 1.4289946556091309, 0.9139602184295654, 0.9152462482452393, 0.9152462482452393, 4.931424140930176, '01:15']
[10, 0.4858036935329437, 0.4829722046852112, 0.95034259557724, 0.981086790561676, 0.07058459520339966, 0.17782044410705566, 1.4055123329162598, 0.9080026149749756, 0.9077313542366028, 0.9077313542366028, 2.989567279815674, '01:16']
Better model found at epoch 10 with valid_loss value: 0.4829722046852112.
[11, 0.48887336254119873, 0.47888943552970886, 0.947454571723938, 0.9797585010528564, 0.0754920244216919, 0.17899851500988007, 1.4349453449249268, 0.9031859636306763, 0.9028996825218201, 0.9028996825218201, 3.265378952026367, '01:15']
Better model found at epoch 11 with valid_loss value: 0.47888943552970886.
[12, 0.48487788438796997, 0.4688044488430023, 0.9334952235221863, 0.9828893542289734, 0.08094096183776855, 0.17745722830295563, 1.4823052883148193, 0.8792398571968079, 0.8794069886207581, 0.8794069886207581, 2.320474863052368, '01:15']
Better model found at epoch 12 with valid_loss value: 0.4688044488430023.
[13, 0.4703494608402252, 0.48160138726234436, 0.9459066390991211, 0.9902125597000122, 0.058389049023389816, 0.17394676804542542, 1.1919729709625244, 0.8903138041496277, 0.9011988639831543, 0.9011988639831543, 0.34961163997650146, '01:15']
[14, 0.47962117195129395, 0.4656091630458832, 0.9274411797523499, 0.9829959273338318, 0.08323896676301956, 0.17793713510036469, 1.5312581062316895, 0.8648608326911926, 0.8697647452354431, 0.8697647452354431, 2.548377275466919, '01:15']
Better model found at epoch 14 with valid_loss value: 0.4656091630458832.
[15, 0.46976837515830994, 0.46185940504074097, 0.9201518297195435, 0.9865507483482361, 0.08639989793300629, 0.1759777069091797, 1.4144387245178223, 0.8556148409843445, 0.8585529327392578, 0.8585529327392578, 1.3091893196105957, '01:14']
Better model found at epoch 15 with valid_loss value: 0.46185940504074097.
[16, 0.4663562774658203, 0.4730786383152008, 0.9281172752380371, 0.9803212881088257, 0.07776367664337158, 0.17916922271251678, 1.5712870359420776, 0.8634759187698364, 0.8714025020599365, 0.8714025020599365, 3.6180338859558105, '01:15']
[17, 0.46889573335647583, 0.45230770111083984, 0.9125266075134277, 0.9876049160957336, 0.09755517542362213, 0.17559462785720825, 1.395703673362732, 0.8427439332008362, 0.8465222716331482, 0.8465222716331482, 1.246807336807251, '01:14']
Better model found at epoch 17 with valid_loss value: 0.45230770111083984.
[18, 0.4657667577266693, 0.47076529264450073, 0.9312662482261658, 0.9862577319145203, 0.07451440393924713, 0.1763250231742859, 1.4312912225723267, 0.8744713664054871, 0.8768530488014221, 0.8768530488014221, 1.3859096765518188, '01:15']
[19, 0.4626910984516144, 0.4548247754573822, 0.9120540022850037, 0.9857454299926758, 0.09606102854013443, 0.17649000883102417, 1.4608885049819946, 0.8416864275932312, 0.8454633951187134, 0.8454633951187134, 1.859939694404602, '01:14']
[20, 0.4672318398952484, 0.4803178906440735, 0.9409568309783936, 0.9887077808380127, 0.06390608102083206, 0.17474819719791412, 1.310394525527954, 0.8875108361244202, 0.8929916024208069, 0.8929916024208069, 0.7176177501678467, '01:14']
[21, 0.45784133672714233, 0.49537113308906555, 0.939061164855957, 0.9745951890945435, 0.06379345804452896, 0.18212133646011353, 1.6838040351867676, 0.8780878782272339, 0.8888517618179321, 0.8888517618179321, 4.9065961837768555, '01:15']
[22, 0.46126922965049744, 0.47325408458709717, 0.9266560673713684, 0.9832313060760498, 0.07676031440496445, 0.1777065098285675, 1.5447101593017578, 0.8618089556694031, 0.8682882189750671, 0.8682883381843567, 2.469327449798584, '01:14']
[23, 0.4562656283378601, 0.46287083625793457, 0.9131239652633667, 0.9813446998596191, 0.09156905859708786, 0.1788676530122757, 1.5636838674545288, 0.8377930521965027, 0.8477986454963684, 0.8477986454963684, 2.7800545692443848, '01:14']
[24, 0.45018237829208374, 0.4653470516204834, 0.9243704080581665, 0.9903823137283325, 0.07982152700424194, 0.17392461001873016, 1.1871364116668701, 0.8560469150543213, 0.8681848645210266, 0.8681848645210266, 0.3754447400569916, '01:14']
[25, 0.44853243231773376, 0.45274466276168823, 0.9078614711761475, 0.9881529211997986, 0.09638586640357971, 0.17524096369743347, 1.334185242652893, 0.8347468376159668, 0.8415469527244568, 0.8415469527244568, 1.0154800415039062, '01:16']
No improvement since epoch 17: early stopping
----------
3
----------
DLS create!
[0, 0.521303117275238, 0.5278329849243164, 0.9869908094406128, 0.9902459979057312, 0.010488133877515793, 0.17792893946170807, 1.2790982723236084, 0.9811065793037415, 0.9744999408721924, 0.9744999408721924, 0.5060388445854187, '01:14']
Better model found at epoch 0 with valid_loss value: 0.5278329849243164.
[1, 0.5007020831108093, 0.4845842123031616, 0.9510853886604309, 0.9823188781738281, 0.05986637622117996, 0.1783149689435959, 1.5143531560897827, 0.9087953567504883, 0.9099708795547485, 0.9099708795547485, 2.65004563331604, '01:14']
Better model found at epoch 1 with valid_loss value: 0.4845842123031616.
[2, 0.4975649118423462, 0.4814703166484833, 0.9516194462776184, 0.9875009655952454, 0.06015557795763016, 0.1761312484741211, 1.3993891477584839, 0.913576066493988, 0.9111839532852173, 0.9111839532852173, 1.327529788017273, '01:14']
Better model found at epoch 2 with valid_loss value: 0.4814703166484833.
[3, 0.4965798258781433, 0.48337480425834656, 0.9455478191375732, 0.974912703037262, 0.06486794352531433, 0.181809663772583, 1.6195272207260132, 0.8902139067649841, 0.899640679359436, 0.899640679359436, 4.484673976898193, '01:14']
[4, 0.4854429066181183, 0.5884775519371033, 0.9707091450691223, 0.8948547840118408, 0.03031579777598381, 0.21601037681102753, 1.8449560403823853, 0.9341096878051758, 0.9450557827949524, 0.9450557827949524, 25.239749908447266, '01:15']
[5, 0.4924209713935852, 0.4796932637691498, 0.9479843974113464, 0.9862496852874756, 0.06482934951782227, 0.1765376180410385, 1.4228979349136353, 0.9058436751365662, 0.9052032232284546, 0.9052032232284546, 1.6764295101165771, '01:15']
Better model found at epoch 5 with valid_loss value: 0.4796932637691498.
[6, 0.49682387709617615, 0.4931197166442871, 0.9552934169769287, 0.9769360423088074, 0.051086511462926865, 0.18047131597995758, 1.5802738666534424, 0.9151859879493713, 0.9171611666679382, 0.9171611666679382, 3.815660238265991, '01:16']
[7, 0.4921848773956299, 0.4743629992008209, 0.9407622814178467, 0.9838594794273376, 0.06985866278409958, 0.17772036790847778, 1.5093492269515991, 0.8896944522857666, 0.8920552134513855, 0.8920552134513855, 2.2373008728027344, '01:15']
Better model found at epoch 7 with valid_loss value: 0.4743629992008209.
[8, 0.48969098925590515, 0.5288869738578796, 0.961452841758728, 0.9428210854530334, 0.04308341071009636, 0.19728778302669525, 1.7861945629119873, 0.9046883583068848, 0.9272810220718384, 0.9272810220718384, 12.22780704498291, '01:15']
[9, 0.4880635142326355, 0.5346710681915283, 0.9627598524093628, 0.9397794008255005, 0.040466491132974625, 0.19778160750865936, 1.7934542894363403, 0.9115815758705139, 0.9298383593559265, 0.9298383593559265, 13.353278160095215, '01:15']
[10, 0.49085885286331177, 0.46819692850112915, 0.9337705969810486, 0.9846598505973816, 0.07724454998970032, 0.17725609242916107, 1.4942706823349, 0.880070149898529, 0.8809322118759155, 0.8809322118759155, 1.9820245504379272, '01:15']
Better model found at epoch 10 with valid_loss value: 0.46819692850112915.
[11, 0.49013614654541016, 0.4750872552394867, 0.9399668574333191, 0.983138918876648, 0.06834937632083893, 0.17812606692314148, 1.5439039468765259, 0.8870652318000793, 0.8904826641082764, 0.8904826641082764, 2.4823596477508545, '01:15']
[12, 0.484462708234787, 0.4703623056411743, 0.9365365505218506, 0.9861027002334595, 0.07139058411121368, 0.17656071484088898, 1.4658353328704834, 0.8850217461585999, 0.8851190209388733, 0.8851190209388733, 1.658637523651123, '01:14']
[13, 0.48499324917793274, 0.4787125587463379, 0.9478445649147034, 0.9895474314689636, 0.05977685749530792, 0.17490938305854797, 1.3164607286453247, 0.9050050973892212, 0.9060015678405762, 0.9060015678405762, 0.8106775879859924, '01:15']
[14, 0.48393309116363525, 0.4733760356903076, 0.9363635182380676, 0.9833568334579468, 0.071726955473423, 0.17799291014671326, 1.5441536903381348, 0.8828181624412537, 0.8851035237312317, 0.8851035237312317, 2.389836311340332, '01:15']
[15, 0.48714375495910645, 0.4713400602340698, 0.9356143474578857, 0.9847643971443176, 0.07319971919059753, 0.1773403137922287, 1.5053848028182983, 0.8823642730712891, 0.8843692541122437, 0.8843692541122437, 1.9913336038589478, '01:14']
[16, 0.4862843453884125, 0.49135157465934753, 0.9463890194892883, 0.9693525433540344, 0.058754418045282364, 0.1843201369047165, 1.6900616884231567, 0.8872513771057129, 0.9008775949478149, 0.9008775949478149, 5.754806995391846, '01:15']
[17, 0.4837528467178345, 0.49254652857780457, 0.9585598707199097, 0.9887910485267639, 0.04773252457380295, 0.1752367466688156, 1.350401759147644, 0.9244832992553711, 0.9242043495178223, 0.9242043495178223, 0.9339607954025269, '01:15']
[18, 0.4829762578010559, 0.4687345027923584, 0.9342048168182373, 0.9848994016647339, 0.07470597326755524, 0.17731758952140808, 1.5034939050674438, 0.880338728427887, 0.8813078999519348, 0.8813078999519348, 1.959891438484192, '01:15']
No improvement since epoch 10: early stopping
----------
4
----------
DLS create!
[0, 0.516269326210022, 0.5244726538658142, 0.9751759171485901, 0.9905648231506348, 0.011791679076850414, 0.18901823461055756, 1.4391294717788696, 0.9673279523849487, 0.9602208137512207, 0.9602208137512207, inf, '01:15']
Better model found at epoch 0 with valid_loss value: 0.5244726538658142.
[1, 0.497637003660202, 0.5068117380142212, 0.9710583090782166, 0.9872843623161316, 0.02527773007750511, 0.17669853568077087, 1.4713072776794434, 0.962067186832428, 0.9524742364883423, 0.9524742364883423, inf, '01:15']
Better model found at epoch 1 with valid_loss value: 0.5068117380142212.
[2, 0.498928964138031, 0.6339191198348999, 0.9779809713363647, 0.8640760183334351, 0.013299867510795593, 0.23058447241783142, 1.8913453817367554, 0.965100884437561, 0.9656387567520142, 0.9656387567520142, inf, '01:15']
[3, 0.48983871936798096, 0.5103383660316467, 0.9683613181114197, 0.9817988872528076, 0.02370929904282093, 0.17987920343875885, 1.5975959300994873, 0.9565623998641968, 0.9474089741706848, 0.9474089741706848, inf, '01:15']
[4, 0.49281468987464905, 0.4957285523414612, 0.9588921666145325, 0.987282395362854, 0.03753696382045746, 0.17653943598270416, 1.5061218738555908, 0.9352024793624878, 0.9298930764198303, 0.9298930764198303, inf, '01:15']
Better model found at epoch 4 with valid_loss value: 0.4957285523414612.
[5, 0.49082642793655396, 0.5005839467048645, 0.9652021527290344, 0.9889846444129944, 0.029751723632216454, 0.17570944130420685, 1.4161440134048462, 0.9517436623573303, 0.9424788355827332, 0.9424788355827332, inf, '01:15']
[6, 0.493569940328598, 0.5093491673469543, 0.973166823387146, 0.9902659058570862, 0.018842758610844612, 0.17530442774295807, 1.3378664255142212, 0.9667549729347229, 0.9562797546386719, 0.9562797546386719, inf, '01:15']
[7, 0.49087071418762207, 0.499282568693161, 0.9579970836639404, 0.9806501865386963, 0.039573006331920624, 0.18013916909694672, 1.6177324056625366, 0.9280344843864441, 0.9282119274139404, 0.9282119274139404, inf, '01:15']
[8, 0.4841427803039551, 0.49775364995002747, 0.956702709197998, 0.9800887107849121, 0.04121984913945198, 0.1804068237543106, 1.6124120950698853, 0.9279926419258118, 0.9261375665664673, 0.9261375665664673, inf, '01:15']
[9, 0.48942095041275024, 0.49168866872787476, 0.9532579779624939, 0.9877545833587646, 0.043810002505779266, 0.1762389838695526, 1.4949051141738892, 0.9260528683662415, 0.9198064208030701, 0.9198064208030701, inf, '01:15']
Better model found at epoch 9 with valid_loss value: 0.49168866872787476.
[10, 0.48559051752090454, 0.4959578514099121, 0.9526563286781311, 0.9858049154281616, 0.042231861501932144, 0.17717166244983673, 1.568739652633667, 0.9228756427764893, 0.9186277389526367, 0.9186277389526367, inf, '01:15']
[11, 0.48455047607421875, 0.4936070740222931, 0.9512730240821838, 0.9803656339645386, 0.04527994990348816, 0.18027153611183167, 1.6515390872955322, 0.9171724319458008, 0.9161298871040344, 0.9161298871040344, inf, '01:14']
[12, 0.4859558939933777, 0.48633408546447754, 0.9506797194480896, 0.9886962175369263, 0.04869578033685684, 0.1759018898010254, 1.461190938949585, 0.9207950830459595, 0.9150661826133728, 0.9150661826133728, inf, '01:15']
Better model found at epoch 12 with valid_loss value: 0.48633408546447754.
[13, 0.4798662066459656, 0.503422200679779, 0.9588969349861145, 0.9800602793693542, 0.035880059003829956, 0.17953093349933624, 1.5990511178970337, 0.9309498071670532, 0.9300242066383362, 0.9300242066383362, inf, '01:15']
[14, 0.48193636536598206, 0.492906391620636, 0.9564176797866821, 0.9915253520011902, 0.03994722291827202, 0.1742079257965088, 1.2841987609863281, 0.9321273565292358, 0.925814688205719, 0.925814688205719, inf, '01:14']
[15, 0.4844399690628052, 0.4905940890312195, 0.9531800746917725, 0.9842368960380554, 0.0451667383313179, 0.17775410413742065, 1.5302199125289917, 0.9218117594718933, 0.9198367595672607, 0.9198367595672607, inf, '01:15']
[16, 0.48069483041763306, 0.4957590699195862, 0.958402156829834, 0.9864838123321533, 0.036839134991168976, 0.17691805958747864, 1.531779170036316, 0.933253824710846, 0.9287726879119873, 0.9287726879119873, inf, '01:15']
[17, 0.48077961802482605, 0.4875807762145996, 0.9480080604553223, 0.9878925085067749, 0.047484803944826126, 0.17619015276432037, 1.4801979064941406, 0.9123167395591736, 0.9101456999778748, 0.9101456999778748, inf, '01:16']
[18, 0.47523149847984314, 0.4921371042728424, 0.9554537534713745, 0.9899653196334839, 0.03830917924642563, 0.17510464787483215, 1.3968297243118286, 0.9305153489112854, 0.9238616824150085, 0.9238616824150085, inf, '01:16']
[19, 0.47958478331565857, 0.48154711723327637, 0.9418611526489258, 0.9861800074577332, 0.058486927300691605, 0.1770801693201065, 1.510941505432129, 0.8990206122398376, 0.9000365734100342, 0.9000365734100342, inf, '01:15']
Better model found at epoch 19 with valid_loss value: 0.48154711723327637.
[20, 0.47404175996780396, 0.4845077097415924, 0.9376221895217896, 0.9815863370895386, 0.05856931954622269, 0.17964157462120056, 1.6578079462051392, 0.8899188041687012, 0.8923346400260925, 0.8923346400260925, inf, '01:15']
[21, 0.4669589102268219, 0.49203941226005554, 0.9540019631385803, 0.9907203912734985, nan, 0.17463399469852448, 1.2349610328674316, 0.9282855987548828, 0.9229961633682251, 0.9229961633682251, nan, '01:15']
[22, 0.4731980264186859, 0.4867929518222809, 0.9501668214797974, 0.9900182485580444, 0.04401049762964249, 0.17510193586349487, 1.3341892957687378, 0.9169070720672607, 0.9145862460136414, 0.9145862460136414, inf, '01:15']
[23, 0.4700855314731598, 0.4777296483516693, 0.9386972188949585, 0.9891877174377441, 0.05772386118769646, 0.1754784882068634, 1.4097683429718018, 0.9011119604110718, 0.8947485685348511, 0.8947485685348511, inf, '01:15']
Better model found at epoch 23 with valid_loss value: 0.4777296483516693.
[24, 0.4561530649662018, 0.5295748710632324, 0.9493224620819092, 0.966060221195221, 0.04362087696790695, 0.18725118041038513, 1.7390903234481812, 0.904370903968811, 0.9130526781082153, 0.9130526781082153, inf, '01:15']
[25, 0.4578932225704193, 0.4745946526527405, 0.929728627204895, 0.9864679574966431, 0.0672333613038063, 0.17689839005470276, 1.4969408512115479, 0.8781673908233643, 0.8786693215370178, 0.8786693215370178, inf, '01:15']
Better model found at epoch 25 with valid_loss value: 0.4745946526527405.
[26, 0.4615404009819031, 0.4823877513408661, 0.9398788213729858, 0.9869168400764465, 0.05733850225806236, 0.17670544981956482, 1.427034854888916, 0.8988853693008423, 0.8966233134269714, 0.8966233134269714, inf, '01:15']
[27, 0.461626797914505, 0.4772726893424988, 0.9412535429000854, 0.9894155263900757, nan, 0.17592889070510864, 1.3676308393478394, 0.9049164056777954, 0.8994570374488831, 0.8994570374488831, nan, '01:15']
[28, 0.46596240997314453, 0.5117063522338867, 0.9422523379325867, 0.9668431282043457, 0.05157402530312538, 0.18664559721946716, 1.7373064756393433, 0.8876281380653381, 0.9011874794960022, 0.9011874794960022, inf, '01:15']
[29, 0.4634718894958496, 0.482862651348114, 0.9372886419296265, 0.9833540916442871, 0.058683887124061584, 0.1784370392560959, 1.5281493663787842, 0.8887404203414917, 0.8920391798019409, 0.8920391798019409, inf, '01:15']
[30, 0.4593826234340668, 0.4764564335346222, 0.9322618842124939, 0.9858033657073975, 0.0634397491812706, 0.17710627615451813, 1.508617639541626, 0.8840736150741577, 0.8838726282119751, 0.8838726282119751, inf, '01:15']
[31, 0.4542362689971924, 0.4653479754924774, 0.926999568939209, 0.9906530976295471, 0.07009871304035187, 0.17488880455493927, 1.337393045425415, 0.8764928579330444, 0.8743216395378113, 0.8743216395378113, inf, '01:15']
Better model found at epoch 31 with valid_loss value: 0.4653479754924774.
[32, 0.45521336793899536, 0.47098278999328613, 0.9306187629699707, 0.9886669516563416, 0.06499786674976349, 0.1757718175649643, 1.41094970703125, 0.8809272646903992, 0.8806665539741516, 0.8806665539741516, inf, '01:15']
[33, 0.45922109484672546, 0.47350698709487915, 0.9311139583587646, 0.9871098399162292, 0.06527600437402725, 0.17661194503307343, 1.513364315032959, 0.8803402781486511, 0.8809601664543152, 0.8809601664543152, inf, '01:16']
[34, 0.4583033323287964, 0.47794046998023987, 0.9363657832145691, 0.9907358288764954, 0.05765509232878685, 0.1746339648962021, 1.286171555519104, 0.8890151977539062, 0.8919691443443298, 0.8919691443443298, inf, '01:14']
[35, 0.45559218525886536, 0.4751761555671692, 0.9314836263656616, 0.9859689474105835, 0.06622043251991272, 0.17746242880821228, 1.5139561891555786, 0.8768042325973511, 0.8817369341850281, 0.8817369341850281, inf, '01:14']
[36, 0.4626051187515259, 0.47047439217567444, 0.9353035688400269, 0.9904088377952576, 0.06348759680986404, 0.17505039274692535, 1.364747166633606, 0.8919737935066223, 0.888038158416748, 0.888038158416748, inf, '01:15']
[37, 0.46211227774620056, 0.4664769768714905, 0.9270418882369995, 0.9901044368743896, 0.0699211061000824, 0.17504721879959106, 1.3292464017868042, 0.8752886652946472, 0.8749691843986511, 0.8749691843986511, inf, '01:15']
[38, 0.4446617066860199, 0.4700225591659546, 0.9304866194725037, 0.9907726049423218, 0.06380176544189453, 0.17469413578510284, 1.2882252931594849, 0.8815624713897705, 0.8815822601318359, 0.8815822601318359, inf, '01:14']
[39, 0.45026135444641113, 0.4632416367530823, 0.9227892160415649, 0.9896373152732849, 0.07401548326015472, 0.17531593143939972, 1.3514058589935303, 0.8669631481170654, 0.8682537078857422, 0.8682537078857422, inf, '01:15']
Better model found at epoch 39 with valid_loss value: 0.4632416367530823.
[40, 0.4612254798412323, 0.48106271028518677, 0.9313156604766846, 0.981999933719635, 0.06444104760885239, 0.17917415499687195, 1.5913028717041016, 0.8703424334526062, 0.8808164596557617, 0.8808164596557617, inf, '01:15']
[41, 0.46069052815437317, 0.46386265754699707, 0.9223461151123047, 0.9873201847076416, 0.07499509304761887, 0.1764911413192749, 1.5017167329788208, 0.8616363406181335, 0.8660484552383423, 0.8660484552383423, inf, '01:15']
[42, 0.46052587032318115, 0.4634881913661957, 0.9224306344985962, 0.9883624315261841, 0.07418962568044662, 0.1759059727191925, 1.4403703212738037, 0.8642968535423279, 0.8661561608314514, 0.8661561608314514, inf, '01:15']
[43, 0.45521819591522217, 0.5498319864273071, 0.9508518576622009, 0.9547511339187622, 0.0407424159348011, 0.1928190141916275, 1.8027666807174683, 0.899116039276123, 0.915531575679779, 0.915531575679779, inf, '01:14']
[44, 0.4584290683269501, 0.4658394157886505, 0.9200752973556519, 0.9831719994544983, 0.07795128226280212, 0.17862644791603088, 1.5809102058410645, 0.8502657413482666, 0.8617187142372131, 0.8617187142372131, inf, '01:15']
[45, 0.46048563718795776, 0.4595404267311096, 0.9155591726303101, 0.9840704798698425, 0.08658710867166519, 0.1786690503358841, 1.6047183275222778, 0.8435290455818176, 0.8544895052909851, 0.8544895052909851, inf, '01:15']
Better model found at epoch 45 with valid_loss value: 0.4595404267311096.
[46, 0.46049270033836365, 0.45947587490081787, 0.9185448288917542, 0.9877230525016785, 0.07950372993946075, 0.17642049491405487, 1.4901784658432007, 0.8547284603118896, 0.8590632081031799, 0.8590632081031799, inf, '01:15']
Better model found at epoch 46 with valid_loss value: 0.45947587490081787.
[47, 0.4539986550807953, 0.4593127369880676, 0.9179513454437256, 0.9879282116889954, 0.07947861403226852, 0.17627476155757904, 1.498363971710205, 0.8605613112449646, 0.8589893579483032, 0.8589893579483032, inf, '01:14']
Better model found at epoch 47 with valid_loss value: 0.4593127369880676.
[48, 0.455793559551239, 0.4665073752403259, 0.924730658531189, 0.9873007535934448, 0.0715152695775032, 0.17643018066883087, 1.4954713582992554, 0.8718435764312744, 0.8712921738624573, 0.8712921738624573, inf, '01:16']
[49, 0.44957152009010315, 0.451393187046051, 0.9082034230232239, 0.9883257746696472, 0.09191742539405823, 0.17623727023601532, 1.496006727218628, 0.8450881838798523, 0.844169557094574, 0.844169557094574, inf, '01:15']
Better model found at epoch 49 with valid_loss value: 0.451393187046051.
[50, 0.4479741156101227, 0.4604867100715637, 0.9165896773338318, 0.9867376685142517, 0.08047959953546524, 0.17685849964618683, 1.5207115411758423, 0.8470582962036133, 0.8559219241142273, 0.8559220433235168, inf, '01:14']
[51, 0.4435959756374359, 0.47884050011634827, 0.9352434277534485, 0.9877921342849731, 0.05782843381166458, 0.17622476816177368, 1.4002083539962769, 0.88552325963974, 0.8891037702560425, 0.8891037702560425, inf, '01:15']
[52, 0.45671433210372925, 0.4694550335407257, 0.9265362024307251, 0.9882827401161194, 0.06908807158470154, 0.17603039741516113, 1.4307602643966675, 0.8806997537612915, 0.8761857151985168, 0.8761857151985168, inf, '01:15']
[53, 0.4604872167110443, 0.4583309590816498, 0.9148421883583069, 0.9880625009536743, 0.08155538141727448, 0.17610040307044983, 1.4478126764297485, 0.8496049046516418, 0.8528816103935242, 0.8528816103935242, inf, '01:14']
[54, 0.4514797031879425, 0.45196786522865295, 0.9039206504821777, 0.9878638982772827, 0.09279309958219528, 0.17633961141109467, 1.4704416990280151, 0.8301307559013367, 0.8358851671218872, 0.8358851671218872, inf, '01:17']
[55, 0.45879846811294556, 0.4543702304363251, 0.9061047434806824, 0.9871386289596558, 0.08986648172140121, 0.17672690749168396, 1.5692622661590576, 0.8400816321372986, 0.8411610722541809, 0.8411610722541809, inf, '01:15']
[56, 0.4531571567058563, 0.46716606616973877, 0.9239904284477234, 0.9881146550178528, 0.07254722714424133, 0.17624317109584808, 1.47444748878479, 0.8774470090866089, 0.8720182776451111, 0.8720182776451111, inf, '01:15']
[57, 0.44182950258255005, 0.46323856711387634, 0.920799195766449, 0.991145670413971, nan, 0.1745111346244812, 1.2897934913635254, 0.8628568649291992, 0.8649024367332458, 0.8649024367332458, nan, '01:15']
No improvement since epoch 49: early stopping
MAnet_vgg19 Done!
