Models will save to MAnet_res152_x
Use resnet152 encoder
Start training...
----------
0
----------
DLS create!
[0, 0.5185887217521667, 0.510128378868103, 0.9910394549369812, 0.9939562082290649, 0.0, 0.17751124501228333, 1.1283495426177979, 0.9872114658355713, 0.9823082089424133, 0.9823082089424133, 0.0, '03:13']
Better model found at epoch 0 with valid_loss value: 0.510128378868103.
[1, 0.49494779109954834, 0.49070417881011963, 0.9692399501800537, 0.9910396337509155, 0.0390472374856472, 0.1757488250732422, 1.4137835502624512, 0.9412918090820312, 0.9415724277496338, 0.9415724277496338, 1.5777546167373657, '03:09']
Better model found at epoch 1 with valid_loss value: 0.49070417881011963.
[2, 0.491604208946228, 0.4855956435203552, 0.9593331813812256, 0.9860204458236694, 0.048474911600351334, 0.17739658057689667, 1.552693486213684, 0.919479250907898, 0.9235826134681702, 0.9235826134681702, 3.734117031097412, '03:07']
Better model found at epoch 2 with valid_loss value: 0.4855956435203552.
[3, 0.49111777544021606, 0.4802127778530121, 0.9568790197372437, 0.9901513457298279, 0.05522295460104942, 0.17579658329486847, 1.436518669128418, 0.9175612926483154, 0.9198368191719055, 0.9198368191719055, 2.2568442821502686, '03:09']
Better model found at epoch 3 with valid_loss value: 0.4802127778530121.
[4, 0.4789959490299225, 0.4816890358924866, 0.9545953273773193, 0.9900667667388916, 0.050550974905490875, 0.17565110325813293, 1.466344952583313, 0.9154390692710876, 0.9175025820732117, 0.9175025820732117, 2.4505937099456787, '03:07']
[5, 0.47783616185188293, 0.46999284625053406, 0.9444707632064819, 0.9925858974456787, 0.06270027160644531, 0.17429374158382416, 1.3114069700241089, 0.8935236930847168, 0.8982590436935425, 0.8982590436935425, 0.9122005701065063, '03:03']
Better model found at epoch 5 with valid_loss value: 0.46999284625053406.
[6, 0.47135666012763977, 0.46464094519615173, 0.9342527389526367, 0.9887763857841492, 0.07309700548648834, 0.17629949748516083, 1.5151982307434082, 0.8738253116607666, 0.8822067379951477, 0.8822067379951477, 2.749478340148926, '03:09']
Better model found at epoch 6 with valid_loss value: 0.46464094519615173.
[7, 0.47245773673057556, 0.471629798412323, 0.9380563497543335, 0.9854465126991272, 0.06933756917715073, 0.17822836339473724, 1.6302107572555542, 0.8741322159767151, 0.8877096176147461, 0.8877096176147461, 3.983043670654297, '03:09']
[8, 0.45665237307548523, 0.4779313802719116, 0.9339203834533691, 0.9844979047775269, 0.06879852712154388, 0.17854079604148865, 1.643052339553833, 0.8695495128631592, 0.8817542195320129, 0.8817542195320129, 4.784145832061768, '03:04']
[9, 0.46444013714790344, 0.45476213097572327, 0.9226665496826172, 0.9902297854423523, 0.08288659900426865, 0.17555996775627136, 1.4814958572387695, 0.8560190796852112, 0.8621711730957031, 0.8621712327003479, 2.0525524616241455, '03:05']
Better model found at epoch 9 with valid_loss value: 0.45476213097572327.
[10, 0.4673101305961609, 0.4583094120025635, 0.9252997636795044, 0.9888389706611633, 0.08053699135780334, 0.1762804538011551, 1.5317538976669312, 0.8601788878440857, 0.8670486807823181, 0.8670486807823181, 2.589709997177124, '03:09']
[11, 0.4536902606487274, 0.4676603376865387, 0.929416298866272, 0.9864583611488342, 0.07393404096364975, 0.17754386365413666, 1.5962320566177368, 0.8602336049079895, 0.8737303614616394, 0.8737303614616394, 3.329885959625244, '03:08']
[12, 0.45890048146247864, 0.45172587037086487, 0.9188045263290405, 0.9903144836425781, 0.08773874491453171, 0.17545928061008453, 1.4616975784301758, 0.8494590520858765, 0.8556653261184692, 0.8556653261184692, 2.098680019378662, '03:02']
Better model found at epoch 12 with valid_loss value: 0.45172587037086487.
[13, 0.4500633180141449, 0.47949865460395813, 0.9334941506385803, 0.9822854399681091, 0.06916767358779907, 0.17956995964050293, 1.683843731880188, 0.86456298828125, 0.8801666498184204, 0.8801666498184204, 4.908144474029541, '03:09']
[14, 0.4497143626213074, 0.4616416096687317, 0.926970362663269, 0.9889384508132935, 0.07750607281923294, 0.17627768218517303, 1.493800401687622, 0.8578036427497864, 0.8703731298446655, 0.8703731298446655, 2.2319798469543457, '03:08']
[15, 0.4430031478404999, 0.4539796710014343, 0.9204791784286499, 0.9912161827087402, 0.08475558459758759, 0.17506398260593414, 1.3877575397491455, 0.8528867363929749, 0.8608289361000061, 0.8608289361000061, 1.339382529258728, '03:05']
[16, 0.44426771998405457, 0.45682382583618164, 0.9220379590988159, 0.9896758794784546, 0.082349494099617, 0.17586065828800201, 1.4781503677368164, 0.8547542691230774, 0.8625679612159729, 0.8625679612159729, 1.8420007228851318, '03:05']
[17, 0.452557235956192, 0.45808273553848267, 0.9201743602752686, 0.9847175478935242, 0.0855746865272522, 0.17848068475723267, 1.6405014991760254, 0.8388946652412415, 0.8581854701042175, 0.8581854701042175, 4.325077533721924, '03:10']
[18, 0.45129522681236267, 0.4466150999069214, 0.9121840596199036, 0.9894216060638428, 0.09357087314128876, 0.17600320279598236, 1.516615629196167, 0.8367564082145691, 0.8451420068740845, 0.8451420068740845, 2.3403749465942383, '03:09']
Better model found at epoch 18 with valid_loss value: 0.4466150999069214.
[19, 0.44502371549606323, 0.4540139436721802, 0.9231840372085571, 0.9911094903945923, 0.08401331305503845, 0.17514176666736603, 1.435357689857483, 0.8562188744544983, 0.8636273145675659, 0.8636273145675659, 1.8086313009262085, '03:05']
[20, 0.44439181685447693, 0.4479428827762604, 0.9135798811912537, 0.9902004599571228, 0.09144913405179977, 0.17562535405158997, 1.4892231225967407, 0.8397552967071533, 0.8468949794769287, 0.8468949794769287, 1.9013978242874146, '03:10']
[21, 0.4510255753993988, 0.44262343645095825, 0.9082431793212891, 0.9908146858215332, 0.09888984262943268, 0.17538438737392426, 1.4138795137405396, 0.8330572843551636, 0.8410345911979675, 0.8410345911979675, 1.6973661184310913, '03:09']
Better model found at epoch 21 with valid_loss value: 0.44262343645095825.
[22, 0.4534626007080078, 0.443195104598999, 0.9106122851371765, 0.9913347363471985, 0.09674353152513504, 0.17502474784851074, 1.4098142385482788, 0.8339164853096008, 0.8426011204719543, 0.8426011204719543, 1.5506672859191895, '01:49']
[23, 0.44512009620666504, 0.4445458948612213, 0.908443033695221, 0.9904203414916992, 0.09759538620710373, 0.17552180588245392, 1.4129284620285034, 0.8344085216522217, 0.841976523399353, 0.841976523399353, 1.7310450077056885, '01:30']
[24, 0.44644615054130554, 0.463714599609375, 0.9340608716011047, 0.9916819930076599, 0.07186112552881241, 0.17483191192150116, 1.343095064163208, 0.8783664703369141, 0.882054328918457, 0.882054328918457, 0.8716253042221069, '01:31']
[25, 0.4383344352245331, 0.4455951452255249, 0.9084072113037109, 0.9910106658935547, 0.09610801190137863, 0.17520800232887268, 1.416125774383545, 0.8335309028625488, 0.8407607674598694, 0.8407607674598694, 1.4375742673873901, '01:31']
[26, 0.4420273005962372, 0.4574907124042511, 0.9179104566574097, 0.9872506856918335, 0.08614225685596466, 0.17715932428836823, 1.5841189622879028, 0.8423734307289124, 0.8548133373260498, 0.8548133373260498, 3.0921359062194824, '01:31']
[27, 0.4426672160625458, 0.4420933425426483, 0.9058904051780701, 0.9891589283943176, 0.10121425241231918, 0.17620708048343658, 1.4985475540161133, 0.8246179819107056, 0.8356231451034546, 0.8356231451034546, 2.6076982021331787, '01:31']
Better model found at epoch 27 with valid_loss value: 0.4420933425426483.
[28, 0.4406481385231018, 0.453758180141449, 0.9145719408988953, 0.9868748784065247, 0.09032547473907471, 0.1774156391620636, 1.5959718227386475, 0.8342528939247131, 0.8492749929428101, 0.8492749929428101, 3.5341877937316895, '01:31']
[29, 0.43534067273139954, 0.44996821880340576, 0.918118953704834, 0.993073582649231, 0.08719775825738907, 0.1740780919790268, 1.2266499996185303, 0.8439435362815857, 0.8570565581321716, 0.8570565581321716, 0.6477259397506714, '01:30']
[30, 0.4385923147201538, 0.4370461404323578, 0.9030183553695679, 0.9912475943565369, 0.1046745702624321, 0.1750781089067459, 1.390433669090271, 0.8231357932090759, 0.8306741714477539, 0.8306741714477539, 1.43656587600708, '01:30']
Better model found at epoch 30 with valid_loss value: 0.4370461404323578.
[31, 0.435834676027298, 0.43981581926345825, 0.9037663340568542, 0.9923697113990784, 0.09995612502098083, 0.17444618046283722, 1.3236403465270996, 0.824493944644928, 0.8334929943084717, 0.8334929943084717, 0.9180713891983032, '01:31']
[32, 0.44035837054252625, 0.4448191225528717, 0.90985107421875, 0.9905271530151367, 0.09594765305519104, 0.17547915875911713, 1.4396774768829346, 0.8354766368865967, 0.8436383605003357, 0.8436383605003357, 1.6265170574188232, '01:30']
[33, 0.4350709021091461, 0.4420856535434723, 0.8994956016540527, 0.9872958064079285, 0.10646209120750427, 0.17726005613803864, 1.5898653268814087, 0.8122084140777588, 0.8272069692611694, 0.8272069692611694, 3.239030599594116, '01:30']
[34, 0.4403425455093384, 0.45364910364151, 0.9124317169189453, 0.9849669933319092, 0.09117063134908676, 0.17837382853031158, 1.653729796409607, 0.8254380822181702, 0.8454442024230957, 0.8454442024230957, 4.097660541534424, '01:30']
[35, 0.4392379820346832, 0.44396281242370605, 0.9099191427230835, 0.9899080395698547, 0.09658190608024597, 0.17579340934753418, 1.4872874021530151, 0.8358855247497559, 0.8430081605911255, 0.8430081605911255, 1.9761720895767212, '01:30']
[36, 0.4428609311580658, 0.4555579721927643, 0.918599009513855, 0.98576819896698, 0.08775974810123444, 0.17802345752716064, 1.6286351680755615, 0.8375787734985352, 0.8551653027534485, 0.8551653027534485, 3.981560707092285, '01:31']
[37, 0.4366776943206787, 0.4333069920539856, 0.8948200345039368, 0.9913986921310425, 0.10908745229244232, 0.17505286633968353, 1.423376202583313, 0.8126415014266968, 0.8199726939201355, 0.8199726939201355, 1.3573198318481445, '01:30']
Better model found at epoch 37 with valid_loss value: 0.4333069920539856.
[38, 0.4405314326286316, 0.4418812096118927, 0.9057185649871826, 0.9894260764122009, 0.09972486644983292, 0.17610467970371246, 1.5065113306045532, 0.824524462223053, 0.8359683752059937, 0.8359683752059937, 2.192457675933838, '01:31']
[39, 0.43149667978286743, 0.43296873569488525, 0.8940771818161011, 0.990117609500885, 0.1115754172205925, 0.1757095456123352, 1.4564170837402344, 0.8075871467590332, 0.8180682063102722, 0.8180682063102722, 2.0227954387664795, '01:30']
Better model found at epoch 39 with valid_loss value: 0.43296873569488525.
[40, 0.42008548974990845, 0.44503700733184814, 0.8985165953636169, 0.9860928058624268, 0.10483263432979584, 0.177882581949234, 1.6041615009307861, 0.8067101836204529, 0.8245036602020264, 0.8245037794113159, 3.505155563354492, '01:30']
[41, 0.44901904463768005, 0.4361417889595032, 0.8997280597686768, 0.9887717962265015, 0.10590863227844238, 0.1765540987253189, 1.5317482948303223, 0.8127560615539551, 0.8258604407310486, 0.8258604407310486, 2.6503522396087646, '01:30']
[42, 0.4277544617652893, 0.43833667039871216, 0.898401141166687, 0.9885391592979431, 0.10665377974510193, 0.17660097777843475, 1.5612311363220215, 0.8116846680641174, 0.8242168426513672, 0.8242167234420776, 2.583650827407837, '01:30']
[43, 0.4303307831287384, 0.43455299735069275, 0.8979364037513733, 0.9899027347564697, 0.11056476086378098, 0.17590360343456268, 1.4830161333084106, 0.8125141859054565, 0.8236320614814758, 0.8236320614814758, 1.9967340230941772, '01:30']
[44, 0.42970454692840576, 0.44009751081466675, 0.8980106115341187, 0.9874453544616699, 0.10766081511974335, 0.17725127935409546, 1.593200445175171, 0.8088870048522949, 0.8235057592391968, 0.8235057592391968, 2.9983701705932617, '01:31']
[45, 0.4473055899143219, 0.4441908299922943, 0.9105185270309448, 0.9876496195793152, 0.09692475944757462, 0.17698493599891663, 1.5634428262710571, 0.8262105584144592, 0.8425155282020569, 0.8425155282020569, 3.1157586574554443, '01:30']
[46, 0.43670278787612915, 0.4526297152042389, 0.9116005897521973, 0.9860827922821045, 0.09144897013902664, 0.17776168882846832, 1.6330896615982056, 0.8291501402854919, 0.845481812953949, 0.845481812953949, 3.678586006164551, '01:31']
[47, 0.4225156009197235, 0.43887242674827576, 0.8988564014434814, 0.988772451877594, 0.10493876039981842, 0.1764230579137802, 1.5372964143753052, 0.8144964575767517, 0.8244117498397827, 0.8244117498397827, 2.4381823539733887, '01:32']
No improvement since epoch 39: early stopping
----------
1
----------
DLS create!
[0, 0.5224820971488953, 0.5109841227531433, 0.9920130968093872, 0.9939324259757996, 0.0005562342121265829, 0.17663803696632385, 1.2113006114959717, 0.9886280298233032, 0.9842326045036316, 0.9842326045036316, 0.03165905922651291, '01:31']
Better model found at epoch 0 with valid_loss value: 0.5109841227531433.
[1, 0.5002065300941467, 0.48972442746162415, 0.9583528637886047, 0.9788206815719604, 0.053453996777534485, 0.18170247972011566, 1.696596622467041, 0.9096712470054626, 0.9226316809654236, 0.9226316809654236, 7.9623122215271, '01:31']
Better model found at epoch 1 with valid_loss value: 0.48972442746162415.
[2, 0.4936576187610626, 0.48848333954811096, 0.9638499617576599, 0.9885720610618591, 0.04795239865779877, 0.17687302827835083, 1.5542758703231812, 0.9275306463241577, 0.9315250515937805, 0.9315250515937805, 3.2272253036499023, '01:30']
Better model found at epoch 2 with valid_loss value: 0.48848333954811096.
[3, 0.4868093430995941, 0.4873860776424408, 0.950569748878479, 0.9778386354446411, 0.05387793108820915, 0.18140451610088348, 1.7395929098129272, 0.88930743932724, 0.9085999727249146, 0.9085999727249146, 8.234442710876465, '01:30']
Better model found at epoch 3 with valid_loss value: 0.4873860776424408.
[4, 0.47636327147483826, 0.4562324285507202, 0.9263261556625366, 0.990413248538971, 0.08164265006780624, 0.1754613071680069, 1.4943064451217651, 0.8630211353302002, 0.86886066198349, 0.86886066198349, 2.133241653442383, '01:31']
Better model found at epoch 4 with valid_loss value: 0.4562324285507202.
[5, 0.48203229904174805, 0.46590447425842285, 0.9377767443656921, 0.9898421168327332, 0.06944414973258972, 0.17560702562332153, 1.5154274702072144, 0.8821552395820618, 0.8869202733039856, 0.8869202733039856, 2.7067010402679443, '01:31']
[6, 0.4779758155345917, 0.5136494636535645, 0.9602035880088806, 0.9525460600852966, 0.04318515211343765, 0.19203338027000427, 1.8173367977142334, 0.8914763927459717, 0.9256818294525146, 0.9256818294525146, 19.351449966430664, '01:31']
[7, 0.4685056507587433, 0.46272730827331543, 0.9350234270095825, 0.9927446246147156, 0.07111094146966934, 0.17417575418949127, 1.3040106296539307, 0.8761767148971558, 0.8827735781669617, 0.8827735781669617, 0.8666075468063354, '01:31']
[8, 0.47162526845932007, 0.4526406228542328, 0.9232612252235413, 0.9903072118759155, 0.08818774670362473, 0.17570847272872925, 1.494189739227295, 0.8585143685340881, 0.8644507527351379, 0.8644507527351379, 1.8611310720443726, '01:31']
Better model found at epoch 8 with valid_loss value: 0.4526406228542328.
[9, 0.4689660668373108, 0.4539985656738281, 0.9220423698425293, 0.9876386523246765, 0.08818933367729187, 0.1772204041481018, 1.5888301134109497, 0.845299243927002, 0.8609136939048767, 0.8609136939048767, 3.3457679748535156, '01:31']
[10, 0.4645841121673584, 0.4738796651363373, 0.9347854256629944, 0.979978621006012, 0.07168734073638916, 0.18081073462963104, 1.7345740795135498, 0.8561026453971863, 0.8818376660346985, 0.8818376660346985, 8.321057319641113, '01:31']
[11, 0.46241387724876404, 0.4572434425354004, 0.9253148436546326, 0.9878592491149902, 0.08281639963388443, 0.17694123089313507, 1.552435040473938, 0.8554537892341614, 0.8679035902023315, 0.8679035902023315, 2.4060885906219482, '01:30']
[12, 0.46373724937438965, 0.43924152851104736, 0.9067997932434082, 0.992500901222229, 0.10199415683746338, 0.17447231709957123, 1.352959394454956, 0.8339686393737793, 0.8380283713340759, 0.8380283713340759, 0.938805103302002, '01:30']
Better model found at epoch 12 with valid_loss value: 0.43924152851104736.
[13, 0.4588204622268677, 0.4321445822715759, 0.8985350728034973, 0.992582380771637, 0.1108756884932518, 0.17441873252391815, 1.364520788192749, 0.8220999240875244, 0.8259350657463074, 0.8259350657463074, 1.0173048973083496, '01:31']
Better model found at epoch 13 with valid_loss value: 0.4321445822715759.
[14, 0.46370142698287964, 0.4381232261657715, 0.9039079546928406, 0.9887707233428955, 0.10329093784093857, 0.1763751059770584, 1.5578842163085938, 0.8180431723594666, 0.8323723673820496, 0.8323723673820496, 2.4404611587524414, '01:31']
[15, 0.4657399654388428, 0.4435657560825348, 0.9108057618141174, 0.9900505542755127, 0.09739173203706741, 0.17575828731060028, 1.5039856433868408, 0.8356587290763855, 0.8437680602073669, 0.8437680602073669, 1.7831737995147705, '01:31']
[16, 0.4578573405742645, 0.4689384996891022, 0.9301638007164001, 0.982506275177002, 0.07292848825454712, 0.17938506603240967, 1.7051599025726318, 0.8584272265434265, 0.8749662637710571, 0.8749662637710571, 6.554899215698242, '01:31']
[17, 0.4568732976913452, 0.4504876434803009, 0.9120251536369324, 0.9857534170150757, 0.09299071133136749, 0.17800188064575195, 1.6524434089660645, 0.821269154548645, 0.8439458608627319, 0.8439458608627319, 3.3728554248809814, '01:31']
[18, 0.45850199460983276, 0.44420379400253296, 0.9136729836463928, 0.9895809292793274, 0.0971122682094574, 0.1759990006685257, 1.5363960266113281, 0.8350523114204407, 0.8470596671104431, 0.8470597267150879, 2.1838643550872803, '01:31']
[19, 0.4423782527446747, 0.43085822463035583, 0.8963510394096375, 0.9912211894989014, 0.11193317174911499, 0.17517918348312378, 1.4685214757919312, 0.810200572013855, 0.8206901550292969, 0.8206901550292969, 1.5418239831924438, '01:31']
Better model found at epoch 19 with valid_loss value: 0.43085822463035583.
[20, 0.4499973654747009, 0.4595129191875458, 0.9137540459632874, 0.9803896546363831, 0.0905243381857872, 0.18091708421707153, 1.7304394245147705, 0.806955873966217, 0.8467299938201904, 0.84673011302948, 5.703789234161377, '01:31']
[21, 0.45984259247779846, 0.45498743653297424, 0.9131969213485718, 0.9839359521865845, 0.09101477265357971, 0.1789291948080063, 1.6918083429336548, 0.81746906042099, 0.8461750149726868, 0.8461750149726868, 4.5282511711120605, '01:30']
[22, 0.450599730014801, 0.43320536613464355, 0.8984776139259338, 0.9923433065414429, 0.10895994305610657, 0.1744747757911682, 1.3615179061889648, 0.8159322738647461, 0.823354184627533, 0.823354184627533, 1.0386285781860352, '01:31']
[23, 0.45232975482940674, 0.4211845099925995, 0.8817300200462341, 0.989733099937439, 0.12668026983737946, 0.1760580688714981, 1.5239564180374146, 0.7782459259033203, 0.7961689829826355, 0.7961689829826355, 2.1830568313598633, '01:31']
Better model found at epoch 23 with valid_loss value: 0.4211845099925995.
[24, 0.440144419670105, 0.46474528312683105, 0.9180163145065308, 0.9822900891304016, 0.08448309451341629, 0.1798895299434662, 1.711914300918579, 0.8220221400260925, 0.853023886680603, 0.853023886680603, 4.43267822265625, '01:31']
[25, 0.43684515357017517, 0.4281115233898163, 0.8921408653259277, 0.991391122341156, 0.1162135973572731, 0.17510919272899628, 1.3833329677581787, 0.8055704236030579, 0.8164499402046204, 0.8164499402046204, 1.2213839292526245, '01:31']
[26, 0.4525718688964844, 0.4347797632217407, 0.8964422345161438, 0.9877537488937378, 0.11394994705915451, 0.17708955705165863, 1.5608229637145996, 0.7989427447319031, 0.8191385269165039, 0.8191385269165039, 2.8515889644622803, '01:31']
[27, 0.44802942872047424, 0.4350999593734741, 0.9005624651908875, 0.9897929430007935, 0.1075548604130745, 0.1759292036294937, 1.5439656972885132, 0.8133206963539124, 0.8263781666755676, 0.8263781666755676, 2.7868971824645996, '01:31']
[28, 0.4469861090183258, 0.47181200981140137, 0.9438580274581909, 0.9940187335014343, 0.0602060966193676, 0.1734364926815033, 1.0956605672836304, 0.8701519966125488, 0.8983274102210999, 0.8983274102210999, 0.2036692500114441, '01:31']
[29, 0.4373451769351959, 0.425680935382843, 0.8901075720787048, 0.9915059208869934, 0.11975216865539551, 0.17507091164588928, 1.3884811401367188, 0.8047311902046204, 0.812759518623352, 0.8127596378326416, 1.144567608833313, '01:30']
[30, 0.43890562653541565, 0.4562225341796875, 0.9133541584014893, 0.9832702279090881, 0.08960865437984467, 0.17932362854480743, 1.7114640474319458, 0.8142281174659729, 0.8454339504241943, 0.8454339504241943, 4.752510070800781, '01:30']
[31, 0.43942463397979736, 0.42729443311691284, 0.8855323195457458, 0.990951657295227, 0.11942314356565475, 0.17535480856895447, 1.4128843545913696, 0.794863224029541, 0.805656909942627, 0.805656909942627, 1.3356069326400757, '01:31']
No improvement since epoch 23: early stopping
----------
2
----------
DLS create!
[0, 0.5192016363143921, 0.5073338150978088, 0.9733194708824158, 0.9899429678916931, 0.03273608162999153, 0.1788899004459381, 1.333882212638855, 0.9678153991699219, 0.9565310478210449, 0.9565310478210449, inf, '01:31']
Better model found at epoch 0 with valid_loss value: 0.5073338150978088.
[1, 0.499041348695755, 0.5068085789680481, 0.9727165699005127, 0.9911985397338867, 0.021780679002404213, 0.17475897073745728, 1.2401196956634521, 0.9665458798408508, 0.9556013345718384, 0.9556013345718384, inf, '01:31']
Better model found at epoch 1 with valid_loss value: 0.5068085789680481.
[2, 0.49118679761886597, 0.49199527502059937, 0.9482058882713318, 0.9848731756210327, 0.04840030148625374, 0.17726203799247742, 1.5668280124664307, 0.9168321490287781, 0.9109278917312622, 0.9109278917312622, inf, '01:31']
Better model found at epoch 2 with valid_loss value: 0.49199527502059937.
[3, 0.488375723361969, 0.48452436923980713, 0.9472252726554871, 0.9896129965782166, 0.054319851100444794, 0.17514950037002563, 1.3809622526168823, 0.915679395198822, 0.9088191390037537, 0.9088190793991089, inf, '01:31']
Better model found at epoch 3 with valid_loss value: 0.48452436923980713.
[4, 0.47598132491111755, 0.47327879071235657, 0.9286185503005981, 0.9878520965576172, 0.06823226064443588, 0.1757376343011856, 1.4862576723098755, 0.8782074451446533, 0.8760693073272705, 0.8760693073272705, inf, '01:31']
Better model found at epoch 4 with valid_loss value: 0.47327879071235657.
[5, 0.4738239347934723, 0.48408007621765137, 0.9312161207199097, 0.9817527532577515, 0.06466132402420044, 0.17892082035541534, 1.6363710165023804, 0.877945065498352, 0.8810152411460876, 0.8810152411460876, inf, '01:32']
[6, 0.46885037422180176, 0.4718954265117645, 0.9285165667533875, 0.9900398254394531, 0.06799601018428802, 0.17467741668224335, 1.3676851987838745, 0.8787705898284912, 0.8762701749801636, 0.8762701749801636, inf, '01:31']
Better model found at epoch 6 with valid_loss value: 0.4718954265117645.
[7, 0.4766016900539398, 0.4850253164768219, 0.938202977180481, 0.9823284149169922, 0.058717820793390274, 0.17845642566680908, 1.6100327968597412, 0.8898865580558777, 0.892641007900238, 0.892641007900238, inf, '01:32']
[8, 0.46854695677757263, 0.5107386112213135, 0.9697000980377197, 0.9918934106826782, 0.021413715556263924, 0.17348803579807281, 1.075274109840393, 0.9457333087921143, 0.950759768486023, 0.950759768486023, inf, '01:32']
[9, 0.4580914080142975, 0.484516441822052, 0.9395685195922852, 0.9892807006835938, 0.05543617159128189, 0.17494547367095947, 1.3335957527160645, 0.9006540179252625, 0.8979028463363647, 0.8979028463363647, inf, '01:32']
[10, 0.448001503944397, 0.48680931329727173, 0.9249003529548645, 0.9795963764190674, 0.06902888417243958, 0.180079847574234, 1.6411986351013184, 0.8647699952125549, 0.8713087439537048, 0.8713087439537048, inf, '01:32']
[11, 0.4530244767665863, 0.4764915108680725, 0.9212070107460022, 0.9832233786582947, 0.07388516515493393, 0.1782415211200714, 1.598600149154663, 0.8626576066017151, 0.8645616173744202, 0.8645616173744202, inf, '01:31']
[12, 0.4583217203617096, 0.45696553587913513, 0.9065773487091064, 0.9861692190170288, 0.09208784252405167, 0.17679931223392487, 1.5147525072097778, 0.8390192985534668, 0.8405084609985352, 0.8405084609985352, inf, '01:31']
Better model found at epoch 12 with valid_loss value: 0.45696553587913513.
[13, 0.4551142156124115, 0.47873029112815857, 0.9206100106239319, 0.9769433736801147, 0.07489866018295288, 0.18135374784469604, 1.67261803150177, 0.8513584733009338, 0.8636800050735474, 0.8636800050735474, inf, '01:31']
[14, 0.4492097496986389, 0.47247475385665894, 0.9153302311897278, 0.9798527359962463, 0.08080743998289108, 0.1800602227449417, 1.653679609298706, 0.8459855914115906, 0.8545955419540405, 0.8545955419540405, inf, '01:32']
[15, 0.44919323921203613, 0.4628375172615051, 0.912485659122467, 0.9849048256874084, 0.08531229943037033, 0.1775079369544983, 1.5361415147781372, 0.8454163074493408, 0.8502951264381409, 0.8502951264381409, inf, '01:31']
[16, 0.447847455739975, 0.46308645606040955, 0.9076628684997559, 0.982083797454834, 0.08894599229097366, 0.1787416934967041, 1.5752676725387573, 0.8395014405250549, 0.8421437740325928, 0.8421437740325928, inf, '01:31']
[17, 0.4464089274406433, 0.4671896696090698, 0.9133541584014893, 0.9829294085502625, 0.08344440907239914, 0.17851541936397552, 1.574790596961975, 0.8474158644676208, 0.8520689010620117, 0.8520689010620117, inf, '01:32']
[18, 0.4501780569553375, 0.46524694561958313, 0.912437379360199, 0.9841635823249817, 0.08408808708190918, 0.17781955003738403, 1.5431108474731445, 0.8479687571525574, 0.8509853482246399, 0.8509852290153503, inf, '01:31']
[19, 0.45365265011787415, 0.4497232437133789, 0.901685357093811, 0.9871164560317993, 0.0972365289926529, 0.17615951597690582, 1.4626106023788452, 0.8312957286834717, 0.8314311504364014, 0.8314311504364014, inf, '01:30']
Better model found at epoch 19 with valid_loss value: 0.4497232437133789.
[20, 0.4506412446498871, 0.46376311779022217, 0.9103676676750183, 0.9849186539649963, 0.08691318333148956, 0.17748811841011047, 1.565685749053955, 0.8409472107887268, 0.8466716408729553, 0.8466716408729553, inf, '01:31']
[21, 0.4392531216144562, 0.47241541743278503, 0.9179909229278564, 0.985343873500824, 0.07615696638822556, 0.17722754180431366, 1.5150067806243896, 0.8607941269874573, 0.8616138696670532, 0.8616138696670532, inf, '01:31']
[22, 0.4367307722568512, 0.5072818994522095, 0.928133487701416, 0.9663215279579163, 0.06491352617740631, 0.18672320246696472, 1.7199243307113647, 0.8575932383537292, 0.8772144913673401, 0.8772144913673401, inf, '01:31']
[23, 0.436556339263916, 0.45893391966819763, 0.9107159972190857, 0.9901790022850037, 0.08684001117944717, 0.17458277940750122, 1.2563515901565552, 0.8451414108276367, 0.8493938446044922, 0.8493938446044922, inf, '01:31']
[24, 0.4511370062828064, 0.45683756470680237, 0.9080080389976501, 0.9870717525482178, 0.09160319715738297, 0.1764620691537857, 1.4934836626052856, 0.8424026370048523, 0.8433315753936768, 0.8433315753936768, inf, '01:31']
[25, 0.44617652893066406, 0.445835143327713, 0.8951625823974609, 0.9871551990509033, 0.10703390836715698, 0.176309734582901, 1.4709652662277222, 0.8193385004997253, 0.8220847249031067, 0.8220847249031067, inf, '01:31']
Better model found at epoch 25 with valid_loss value: 0.445835143327713.
[26, 0.4519592225551605, 0.44803929328918457, 0.9015965461730957, 0.990481972694397, 0.10123368352651596, 0.17450939118862152, 1.2661210298538208, 0.8330913186073303, 0.8332407474517822, 0.8332407474517822, inf, '01:31']
[27, 0.44435837864875793, 0.44247570633888245, 0.8914883732795715, 0.9887596368789673, 0.10686670243740082, 0.17534196376800537, 1.4177806377410889, 0.814357340335846, 0.8148643374443054, 0.8148643374443054, inf, '01:31']
Better model found at epoch 27 with valid_loss value: 0.44247570633888245.
[28, 0.4253251552581787, 0.4427453577518463, 0.8870636224746704, 0.9873418211936951, 0.10971827805042267, 0.17617955803871155, 1.4437872171401978, 0.8091742992401123, 0.8090267777442932, 0.8090267777442932, inf, '01:31']
[29, 0.4423641264438629, 0.4526844322681427, 0.9006475210189819, 0.9834952354431152, 0.09796835482120514, 0.17832501232624054, 1.5921883583068848, 0.818118691444397, 0.8286917209625244, 0.8286917209625244, inf, '01:31']
[30, 0.44576942920684814, 0.44625264406204224, 0.8957877159118652, 0.9886459112167358, 0.10467574000358582, 0.17545583844184875, 1.4184306859970093, 0.8242190480232239, 0.8230345845222473, 0.8230345845222473, inf, '01:31']
[31, 0.44776567816734314, 0.4496006369590759, 0.8964337706565857, 0.9843029379844666, 0.10050201416015625, 0.17780262231826782, 1.5741266012191772, 0.8135791420936584, 0.8231440186500549, 0.8231440186500549, inf, '01:31']
[32, 0.4348602294921875, 0.45540547370910645, 0.9049667716026306, 0.9895676374435425, 0.09012772887945175, 0.17495326697826385, 1.3531230688095093, 0.841077446937561, 0.8387752771377563, 0.8387752771377563, inf, '01:31']
[33, 0.4310092628002167, 0.49422910809516907, 0.924409031867981, 0.9725130796432495, 0.0683107078075409, 0.18364432454109192, 1.7177684307098389, 0.8495086431503296, 0.8696662187576294, 0.8696662187576294, inf, '01:31']
[34, 0.43139171600341797, 0.46704918146133423, 0.9037854075431824, 0.9808809757232666, 0.09126704186201096, 0.17959542572498322, 1.6088905334472656, 0.8222731351852417, 0.8356727361679077, 0.8356727361679077, inf, '01:31']
[35, 0.4383784234523773, 0.4418528378009796, 0.8925063610076904, 0.9892508387565613, 0.11149335652589798, 0.17528186738491058, 1.3836368322372437, 0.8191495537757874, 0.8187493085861206, 0.8187493085861206, inf, '01:31']
Better model found at epoch 35 with valid_loss value: 0.4418528378009796.
[36, 0.4417690336704254, 0.4381149709224701, 0.8880634307861328, 0.9888216853141785, nan, 0.1754453331232071, 1.415286898612976, 0.8111911416053772, 0.8107238411903381, 0.8107238411903381, nan, '01:32']
Better model found at epoch 36 with valid_loss value: 0.4381149709224701.
[37, 0.4273259937763214, 0.4339812994003296, 0.881230354309082, 0.9892603158950806, nan, 0.1752435564994812, 1.3930761814117432, 0.7999994158744812, 0.7994747757911682, 0.7994747757911682, nan, '01:31']
Better model found at epoch 37 with valid_loss value: 0.4339812994003296.
[38, 0.4343961775302887, 0.44312724471092224, 0.8895080089569092, 0.9876166582107544, 0.10825518518686295, 0.17595140635967255, 1.4242371320724487, 0.8095813989639282, 0.8126223683357239, 0.8126223683357239, inf, '01:31']
[39, 0.4378543198108673, 0.43769821524620056, 0.8865158557891846, 0.988951563835144, nan, 0.175302192568779, 1.3873859643936157, 0.8063076734542847, 0.8074522018432617, 0.8074522018432617, nan, '01:31']
[40, 0.4378076195716858, 0.439270555973053, 0.8845958709716797, 0.9866198301315308, 0.11338292807340622, 0.1766214668750763, 1.5098521709442139, 0.7978549599647522, 0.805139422416687, 0.805139422416687, inf, '01:31']
[41, 0.4313828647136688, 0.4712420403957367, 0.9113501310348511, 0.979532778263092, 0.08318215608596802, 0.18015886843204498, 1.6452609300613403, 0.8367728590965271, 0.8481214642524719, 0.8481214642524719, inf, '01:31']
[42, 0.4351150393486023, 0.4425492286682129, 0.8901878595352173, 0.9879900217056274, 0.1092916950583458, 0.17584563791751862, 1.4325761795043945, 0.8146330118179321, 0.814867377281189, 0.814867377281189, inf, '01:31']
[43, 0.41861972212791443, 0.45161157846450806, 0.8915802836418152, 0.9824352264404297, nan, 0.1791606992483139, 1.6364859342575073, 0.799258291721344, 0.8141305446624756, 0.8141305446624756, nan, '01:31']
[44, 0.4295307695865631, 0.4327704608440399, 0.8779564499855042, 0.9895692467689514, 0.11864929646253586, 0.17502163350582123, 1.3935362100601196, 0.7968757152557373, 0.7941388487815857, 0.7941388487815857, inf, '01:31']
Better model found at epoch 44 with valid_loss value: 0.4327704608440399.
[45, 0.4270719587802887, 0.44166895747184753, 0.8887685537338257, 0.9885387420654297, 0.10857337713241577, 0.17555943131446838, 1.4177552461624146, 0.8141753673553467, 0.8123362064361572, 0.8123362064361572, inf, '01:31']
[46, 0.42116954922676086, 0.46234506368637085, 0.9158998727798462, 0.9913937449455261, nan, 0.17397984862327576, 1.1812793016433716, 0.8506088256835938, 0.8584362864494324, 0.8584362864494324, nan, '01:32']
[47, 0.4362494647502899, 0.4568236172199249, 0.9014173150062561, 0.9835274815559387, 0.09388362616300583, 0.17840272188186646, 1.611098289489746, 0.8224068284034729, 0.8314481377601624, 0.8314481377601624, inf, '01:31']
[48, 0.42845848202705383, 0.4349503219127655, 0.8806449174880981, 0.9884175062179565, nan, 0.17566417157649994, 1.4386682510375977, 0.7950555086135864, 0.798864483833313, 0.798864483833313, nan, '01:31']
[49, 0.4334409534931183, 0.43538960814476013, 0.8835713863372803, 0.9863182306289673, 0.1145491972565651, 0.17696784436702728, 1.5356446504592896, 0.7928635478019714, 0.801575243473053, 0.801575243473053, inf, '01:32']
[50, 0.43164142966270447, 0.43796443939208984, 0.8819525241851807, 0.9865853786468506, 0.11796345561742783, 0.17668455839157104, 1.4646904468536377, 0.7992581129074097, 0.8013794422149658, 0.8013794422149658, inf, '01:31']
[51, 0.42962104082107544, 0.44728711247444153, 0.8891124129295349, 0.9856451153755188, 0.1069747656583786, 0.1771239936351776, 1.5183268785476685, 0.8043156266212463, 0.8122422099113464, 0.8122422099113464, inf, '01:31']
[52, 0.43681058287620544, 0.4566676914691925, 0.8938127756118774, 0.9816608428955078, 0.10032813251018524, 0.1793740689754486, 1.6388840675354004, 0.8035337924957275, 0.8187445402145386, 0.8187445402145386, inf, '01:31']
No improvement since epoch 44: early stopping
----------
3
----------
DLS create!
[0, 0.5233149528503418, 0.503520131111145, 0.975896418094635, 0.9879878163337708, 0.03987940773367882, 0.18193571269512177, 1.42232346534729, 0.9504318237304688, 0.9534522891044617, 0.9534522891044617, 1.4706560373306274, '01:31']
Better model found at epoch 0 with valid_loss value: 0.503520131111145.
[1, 0.5008043050765991, 0.512836754322052, 0.971258282661438, 0.9871422648429871, 0.041219986975193024, 0.17887212336063385, 1.510265588760376, 0.9443507194519043, 0.9447239637374878, 0.9447239637374878, 2.0095787048339844, '01:31']
[2, 0.5034128427505493, 0.4914320409297943, 0.9699445962905884, 0.9913598299026489, 0.04378087818622589, 0.17559534311294556, 1.2881438732147217, 0.945337176322937, 0.9424863457679749, 0.9424863457679749, 0.6298436522483826, '01:31']
Better model found at epoch 2 with valid_loss value: 0.4914320409297943.
[3, 0.49467867612838745, 0.5048515796661377, 0.9595203399658203, 0.9623458981513977, 0.04674285650253296, 0.18796990811824799, 1.7212653160095215, 0.9011339545249939, 0.9235580563545227, 0.9235580563545227, 9.048526763916016, '01:31']
[4, 0.48706212639808655, 0.4698604643344879, 0.9417673945426941, 0.9897075891494751, 0.06726095080375671, 0.17542774975299835, 1.3940503597259521, 0.8944098949432373, 0.8934282064437866, 0.8934282064437866, 1.0890045166015625, '01:31']
Better model found at epoch 4 with valid_loss value: 0.4698604643344879.
[5, 0.4785337746143341, 0.48624157905578613, 0.9603666663169861, 0.9925373792648315, 0.04335322231054306, 0.1738443821668625, 1.1570171117782593, 0.9189874529838562, 0.925810694694519, 0.925810694694519, 0.24749009311199188, '01:30']
[6, 0.4791713058948517, 0.47695392370224, 0.9500586986541748, 0.9908878207206726, 0.057683348655700684, 0.17481030523777008, 1.3073081970214844, 0.9052751660346985, 0.9076083302497864, 0.9076083302497864, 0.8368948101997375, '01:30']
[7, 0.4749195873737335, 0.4577394723892212, 0.9252960681915283, 0.9889981150627136, 0.08375538140535355, 0.17568284273147583, 1.4309149980545044, 0.8635724186897278, 0.8648005127906799, 0.8648005127906799, 1.5114562511444092, '01:31']
Better model found at epoch 7 with valid_loss value: 0.4577394723892212.
[8, 0.47100549936294556, 0.46171674132347107, 0.9301756620407104, 0.990241527557373, 0.07698503136634827, 0.17510686814785004, 1.377153992652893, 0.8737323880195618, 0.8749587535858154, 0.8749587535858154, 1.19482421875, '01:30']
[9, 0.4690094292163849, 0.4576512575149536, 0.9256320595741272, 0.9919212460517883, 0.08105629682540894, 0.1742570549249649, 1.2512396574020386, 0.8626837134361267, 0.8684303164482117, 0.8684303164482117, 0.5849394202232361, '01:31']
Better model found at epoch 9 with valid_loss value: 0.4576512575149536.
[10, 0.4677061438560486, 0.46220943331718445, 0.9263566732406616, 0.9859622120857239, 0.0800672098994255, 0.17743174731731415, 1.5525978803634644, 0.8562533259391785, 0.8659581542015076, 0.8659581542015076, 2.3743884563446045, '01:31']
[11, 0.4604487717151642, 0.45728355646133423, 0.9217376112937927, 0.9909572601318359, 0.08271282911300659, 0.1747507005929947, 1.2638548612594604, 0.8587687611579895, 0.8634432554244995, 0.8634432554244995, 0.6594369411468506, '01:31']
Better model found at epoch 11 with valid_loss value: 0.45728355646133423.
[12, 0.4633932113647461, 0.4548119902610779, 0.9217485189437866, 0.9899812340736389, 0.08532563596963882, 0.17543156445026398, 1.3751434087753296, 0.857451319694519, 0.8609430193901062, 0.8609430193901062, 1.0655745267868042, '01:31']
Better model found at epoch 12 with valid_loss value: 0.4548119902610779.
[13, 0.4561454653739929, 0.4486031234264374, 0.9098854660987854, 0.9897972941398621, 0.09602882713079453, 0.17538103461265564, 1.3834059238433838, 0.8398425579071045, 0.8444148898124695, 0.8444148898124695, 1.2164820432662964, '01:31']
Better model found at epoch 13 with valid_loss value: 0.4486031234264374.
[14, 0.4541550278663635, 0.45783793926239014, 0.9257705211639404, 0.9916350841522217, 0.08013591170310974, 0.17449098825454712, 1.226362943649292, 0.8646175265312195, 0.870981752872467, 0.870981752872467, 0.5496257543563843, '01:31']
[15, 0.4586256444454193, 0.44266659021377563, 0.9027693271636963, 0.9889025092124939, 0.10243666172027588, 0.17591257393360138, 1.4633283615112305, 0.8247619271278381, 0.8307848572731018, 0.8307848572731018, 1.4700413942337036, '01:30']
Better model found at epoch 15 with valid_loss value: 0.44266659021377563.
[16, 0.45797255635261536, 0.495099812746048, 0.9411418437957764, 0.976200520992279, 0.06075675040483475, 0.18218058347702026, 1.7028546333312988, 0.8711602687835693, 0.8918392658233643, 0.8918392658233643, 4.4675397872924805, '01:31']
[17, 0.45231160521507263, 0.4465095102787018, 0.9066959619522095, 0.9872963428497314, 0.09862910956144333, 0.1767095923423767, 1.5002397298812866, 0.8283745646476746, 0.8369196653366089, 0.8369196653366089, 1.8210371732711792, '01:31']
[18, 0.44700849056243896, 0.4508523643016815, 0.9136461615562439, 0.9913783669471741, 0.0906548723578453, 0.17452307045459747, 1.2937766313552856, 0.8469552397727966, 0.8514402508735657, 0.8514402508735657, 0.8718613386154175, '01:31']
[19, 0.44632259011268616, 0.4471529424190521, 0.9043254852294922, 0.9856178760528564, 0.10003586858510971, 0.1776374876499176, 1.5741617679595947, 0.8190732598304749, 0.8318979144096375, 0.8318979144096375, 2.5255093574523926, '01:31']
[20, 0.4536176323890686, 0.48232537508010864, 0.9328306317329407, 0.9768301844596863, 0.07126371562480927, 0.18211494386196136, 1.6788830757141113, 0.857970654964447, 0.8787412047386169, 0.8787412047386169, 3.9391326904296875, '01:31']
[21, 0.4473830461502075, 0.45519039034843445, 0.9162697792053223, 0.9875636696815491, 0.08787355571985245, 0.17660251259803772, 1.4649144411087036, 0.8445640802383423, 0.8524885773658752, 0.8524885773658752, 1.5608001947402954, '01:31']
[22, 0.4383070766925812, 0.44414088129997253, 0.9051408171653748, 0.9900234341621399, 0.09916546940803528, 0.1752738654613495, 1.37851881980896, 0.8289153575897217, 0.8346256017684937, 0.8346256017684937, 1.1265913248062134, '01:31']
[23, 0.4478963315486908, 0.43757712841033936, 0.8994534611701965, 0.9917130470275879, 0.10715019702911377, 0.17443478107452393, 1.297582983970642, 0.8229432702064514, 0.82846599817276, 0.82846599817276, 0.7806952595710754, '01:31']
Better model found at epoch 23 with valid_loss value: 0.43757712841033936.
[24, 0.44559845328330994, 0.4506813883781433, 0.9098929762840271, 0.983423113822937, 0.09577680379152298, 0.17877896130084991, 1.6154552698135376, 0.8198562264442444, 0.8392698764801025, 0.8392698764801025, 2.8081512451171875, '01:30']
[25, 0.4474108815193176, 0.4638421833515167, 0.9251621961593628, 0.9848053455352783, 0.07975593209266663, 0.1781168431043625, 1.5541095733642578, 0.8539486527442932, 0.8650874495506287, 0.8650874495506287, 2.1240901947021484, '01:31']
[26, 0.44718459248542786, 0.45225781202316284, 0.9099652767181396, 0.9844307899475098, 0.09483572840690613, 0.17829228937625885, 1.591330647468567, 0.8218874335289001, 0.8396827578544617, 0.8396827578544617, 2.6724307537078857, '01:31']
[27, 0.4415475130081177, 0.44163283705711365, 0.9003565311431885, 0.9878628849983215, 0.10515809804201126, 0.17651472985744476, 1.4811058044433594, 0.8175315260887146, 0.8265372514724731, 0.8265372514724731, 1.569475769996643, '01:31']
[28, 0.44745177030563354, 0.43762436509132385, 0.8999086618423462, 0.9905298352241516, 0.10538703948259354, 0.1751561462879181, 1.3434903621673584, 0.8181331753730774, 0.8276384472846985, 0.8276384472846985, 0.9381770491600037, '01:30']
[29, 0.4457564055919647, 0.4662601053714752, 0.9196491241455078, 0.9794527888298035, 0.08356758952140808, 0.18062707781791687, 1.6635105609893799, 0.8355240225791931, 0.8559756278991699, 0.8559756278991699, 3.9303696155548096, '01:30']
[30, 0.44145315885543823, 0.4368555247783661, 0.8966152667999268, 0.9923614263534546, 0.1110224649310112, 0.17406949400901794, 1.2153754234313965, 0.817841649055481, 0.8266393542289734, 0.8266393542289734, 0.5284809470176697, '01:31']
Better model found at epoch 30 with valid_loss value: 0.4368555247783661.
[31, 0.44263800978660583, 0.43553581833839417, 0.8980029225349426, 0.9914305806159973, 0.10768955945968628, 0.17459866404533386, 1.2978872060775757, 0.8150150179862976, 0.8243595957756042, 0.8243595957756042, 0.7561208605766296, '01:31']
Better model found at epoch 31 with valid_loss value: 0.43553581833839417.
[32, 0.44328075647354126, 0.4388369619846344, 0.9026653170585632, 0.9907410144805908, 0.10347484052181244, 0.17517410218715668, 1.3267784118652344, 0.8227382302284241, 0.8322667479515076, 0.8322667479515076, 0.8760203719139099, '01:30']
[33, 0.44398176670074463, 0.43226444721221924, 0.8913821578025818, 0.9906147718429565, 0.11318771541118622, 0.1750970035791397, 1.375990867614746, 0.8072831630706787, 0.814786434173584, 0.814786434173584, 1.1750528812408447, '01:31']
Better model found at epoch 33 with valid_loss value: 0.43226444721221924.
[34, 0.4465786814689636, 0.4366717040538788, 0.9004836678504944, 0.9898313283920288, 0.1081223338842392, 0.1755758374929428, 1.3870435953140259, 0.8180886507034302, 0.8266509771347046, 0.8266509771347046, 1.308823823928833, '01:31']
[35, 0.4429350197315216, 0.43383702635765076, 0.8939177989959717, 0.9904302954673767, 0.11233185976743698, 0.17518949508666992, 1.3695895671844482, 0.8112766146659851, 0.8195279240608215, 0.8195279240608215, 1.0406064987182617, '01:30']
[36, 0.4345771372318268, 0.4389485716819763, 0.9026545286178589, 0.9914204478263855, 0.10362448543310165, 0.17466795444488525, 1.2780605554580688, 0.8221306204795837, 0.8328383564949036, 0.8328383564949036, 0.7203383445739746, '01:30']
[37, 0.4254767894744873, 0.44786930084228516, 0.9074739813804626, 0.9883336424827576, 0.0956251323223114, 0.17624571919441223, 1.4509549140930176, 0.8279280662536621, 0.8377385139465332, 0.8377385139465332, 1.4388419389724731, '01:31']
[38, 0.4399321973323822, 0.4299507439136505, 0.8876261115074158, 0.9897072315216064, 0.11677396297454834, 0.17560333013534546, 1.4064173698425293, 0.7972816228866577, 0.8073188662528992, 0.8073188662528992, 1.4525322914123535, '01:31']
Better model found at epoch 38 with valid_loss value: 0.4299507439136505.
[39, 0.4307098388671875, 0.4409956932067871, 0.8983008861541748, 0.9896895289421082, 0.10516843944787979, 0.1755112260580063, 1.3734498023986816, 0.8165537118911743, 0.825370192527771, 0.825370192527771, 1.155903935432434, '01:30']
[40, 0.44633448123931885, 0.4371509253978729, 0.8977569341659546, 0.9883036017417908, 0.10813641548156738, 0.17634327709674835, 1.4259659051895142, 0.8083317279815674, 0.822323739528656, 0.822323739528656, 1.4764641523361206, '01:31']
[41, 0.4419479966163635, 0.442504346370697, 0.9081320762634277, 0.9925217032432556, 0.10018656402826309, 0.17404310405254364, 1.2052189111709595, 0.8296786546707153, 0.8430294990539551, 0.8430294990539551, 0.4891353249549866, '01:31']
[42, 0.43868812918663025, 0.4628711938858032, 0.9294348359107971, 0.9925358295440674, 0.07314589619636536, 0.17397023737430573, 1.1749305725097656, 0.8643849492073059, 0.8798831105232239, 0.8798831105232239, 0.4552096426486969, '01:31']
[43, 0.4342825412750244, 0.4539263844490051, 0.9141216278076172, 0.9884220361709595, 0.08963167667388916, 0.17611786723136902, 1.4053016901016235, 0.8429544568061829, 0.8509191274642944, 0.8509191274642944, 1.2904176712036133, '01:31']
[44, 0.44011038541793823, 0.4213961958885193, 0.8786348104476929, 0.9894564151763916, 0.12677207589149475, 0.1757902204990387, 1.4328533411026, 0.7840194702148438, 0.7940289974212646, 0.7940289974212646, 1.652424931526184, '01:30']
Better model found at epoch 44 with valid_loss value: 0.4213961958885193.
[45, 0.43811169266700745, 0.4321470856666565, 0.8921777009963989, 0.9920883178710938, 0.11388799548149109, 0.1742987185716629, 1.2494163513183594, 0.810333251953125, 0.8200933933258057, 0.8200933933258057, 0.6645978689193726, '01:30']
[46, 0.44127440452575684, 0.4426182508468628, 0.8996027708053589, 0.9856739640235901, 0.10463918745517731, 0.17769566178321838, 1.5563312768936157, 0.8098541498184204, 0.8242638111114502, 0.8242638111114502, 2.461791515350342, '01:31']
[47, 0.42727985978126526, 0.4435052275657654, 0.9036154747009277, 0.9896153807640076, 0.1006467416882515, 0.1755778044462204, 1.3758169412612915, 0.8227039575576782, 0.8325463533401489, 0.8325463533401489, 1.105804204940796, '01:31']
[48, 0.4346095323562622, 0.45657211542129517, 0.9154033660888672, 0.9906680583953857, 0.08724971860647202, 0.17489220201969147, 1.3108339309692383, 0.8430561423301697, 0.852897047996521, 0.852897047996521, 0.8381674885749817, '01:31']
[49, 0.43081793189048767, 0.4566768705844879, 0.9195404648780823, 0.989547610282898, 0.08404748141765594, 0.17553497850894928, 1.3687641620635986, 0.8561246395111084, 0.8617970943450928, 0.8617970943450928, 1.0477179288864136, '01:31']
[50, 0.43830353021621704, 0.43248429894447327, 0.8902390003204346, 0.9904473423957825, 0.11531373858451843, 0.17515668272972107, 1.3653367757797241, 0.8081997632980347, 0.8148624897003174, 0.8148624897003174, 1.0403672456741333, '01:31']
[51, 0.4296584129333496, 0.4184339940547943, 0.877561092376709, 0.9904120564460754, 0.1300288736820221, 0.17525601387023926, 1.3869078159332275, 0.7854361534118652, 0.7929440140724182, 0.7929440140724182, 1.2428714036941528, '01:31']
Better model found at epoch 51 with valid_loss value: 0.4184339940547943.
[52, 0.42968475818634033, 0.4279082715511322, 0.8864338397979736, 0.9910128116607666, 0.11876814812421799, 0.17485225200653076, 1.3415905237197876, 0.7980222702026367, 0.8074207305908203, 0.8074207305908203, 0.990452766418457, '01:31']
[53, 0.42697247862815857, 0.4386805295944214, 0.8971261382102966, 0.9907954931259155, 0.10612285882234573, 0.17493247985839844, 1.3272016048431396, 0.8159305453300476, 0.8255115151405334, 0.8255115151405334, 0.9496042728424072, '01:30']
[54, 0.43266478180885315, 0.4385106861591339, 0.8968948721885681, 0.9907991886138916, 0.1061747819185257, 0.17496348917484283, 1.3331646919250488, 0.8162137866020203, 0.8246219754219055, 0.8246219754219055, 1.136520266532898, '01:30']
[55, 0.43507227301597595, 0.4328364431858063, 0.8907569646835327, 0.9898942112922668, 0.11219201982021332, 0.17542439699172974, 1.3883253335952759, 0.8015063405036926, 0.8132344484329224, 0.8132344484329224, 1.2918105125427246, '01:30']
[56, 0.4226647615432739, 0.4555548131465912, 0.9099249243736267, 0.9833278059959412, 0.09248015284538269, 0.1788705289363861, 1.5979710817337036, 0.8214566111564636, 0.8395906090736389, 0.8395907282829285, 2.6355395317077637, '01:31']
[57, 0.43336257338523865, 0.4209282100200653, 0.8802322745323181, 0.9901103973388672, 0.12742866575717926, 0.175470769405365, 1.3970885276794434, 0.7864258289337158, 0.7963736057281494, 0.7963736057281494, 1.3306188583374023, '01:31']
[58, 0.42776602506637573, 0.46377307176589966, 0.9083532094955444, 0.9790076613426208, 0.09400572627782822, 0.1812271773815155, 1.683894157409668, 0.804875910282135, 0.8358063697814941, 0.8358063697814941, 3.9036974906921387, '01:31']
[59, 0.4222239553928375, 0.43103834986686707, 0.8890405893325806, 0.9906474351882935, 0.11522744596004486, 0.17507897317409515, 1.3329017162322998, 0.799162745475769, 0.8121828436851501, 0.8121828436851501, 0.9454978108406067, '01:31']
No improvement since epoch 51: early stopping
----------
4
----------
DLS create!
[0, 0.5169533491134644, 0.5446815490722656, 0.9804747104644775, 0.9402047991752625, 0.027882231399416924, 0.20150603353977203, 1.5168731212615967, 0.9621649980545044, 0.9623203277587891, 0.9623203277587891, 18.42953872680664, '01:31']
Better model found at epoch 0 with valid_loss value: 0.5446815490722656.
[1, 0.4986366927623749, 0.49854007363319397, 0.9655855894088745, 0.9879834055900574, 0.04365847259759903, 0.17496894299983978, 1.2857105731964111, 0.9358818531036377, 0.9360918998718262, 0.9360918998718262, 0.6694958209991455, '01:31']
Better model found at epoch 1 with valid_loss value: 0.49854007363319397.
[2, 0.4915333688259125, 0.49039316177368164, 0.9505364298820496, 0.9854487776756287, 0.055444397032260895, 0.17595253884792328, 1.4429173469543457, 0.909293532371521, 0.9104706048965454, 0.9104706048965454, 1.6319624185562134, '01:31']
Better model found at epoch 2 with valid_loss value: 0.49039316177368164.
[3, 0.4877491295337677, 0.4936314523220062, 0.9526525735855103, 0.9804440140724182, 0.05561137944459915, 0.1781366914510727, 1.5240188837051392, 0.9095113277435303, 0.9125410914421082, 0.9125410914421082, 3.604511260986328, '01:30']
[4, 0.4817984402179718, 0.4756135642528534, 0.9349162578582764, 0.9861093759536743, 0.07441285997629166, 0.17561189830303192, 1.4209890365600586, 0.8782803416252136, 0.8827031850814819, 0.8827031850814819, 1.5218325853347778, '01:30']
Better model found at epoch 4 with valid_loss value: 0.4756135642528534.
[5, 0.48253798484802246, 0.485964298248291, 0.9476120471954346, 0.9883633852005005, 0.06063653901219368, 0.1744711548089981, 1.2727863788604736, 0.9025367498397827, 0.9061554074287415, 0.9061554074287415, 0.613063633441925, '01:30']
[6, 0.47811374068260193, 0.47172126173973083, 0.9253023862838745, 0.985572338104248, 0.08062982559204102, 0.17575635015964508, 1.446408987045288, 0.8633678555488586, 0.8676947355270386, 0.8676947355270386, 1.7313611507415771, '01:30']
Better model found at epoch 6 with valid_loss value: 0.47172126173973083.
[7, 0.4708215296268463, 0.46410927176475525, 0.9140947461128235, 0.98200523853302, 0.09316127002239227, 0.17786116898059845, 1.5621532201766968, 0.840883195400238, 0.8487845063209534, 0.8487845063209534, 2.681196928024292, '01:30']
Better model found at epoch 7 with valid_loss value: 0.46410927176475525.
[8, 0.465158611536026, 0.46364060044288635, 0.9213534593582153, 0.9886196851730347, 0.08811986446380615, 0.17452582716941833, 1.2483714818954468, 0.859289288520813, 0.8643648624420166, 0.864364743232727, 0.5476506352424622, '01:30']
Better model found at epoch 8 with valid_loss value: 0.46364060044288635.
[9, 0.4641938805580139, 0.4627384841442108, 0.9175943732261658, 0.9882485270500183, 0.0900326669216156, 0.17457158863544464, 1.3096024990081787, 0.8513326644897461, 0.8568009734153748, 0.8568009734153748, 0.7803174257278442, '01:30']
Better model found at epoch 9 with valid_loss value: 0.4627384841442108.
[10, 0.4579941928386688, 0.4668351411819458, 0.9185495972633362, 0.9878299236297607, 0.08673536032438278, 0.17481465637683868, 1.3336148262023926, 0.8540595173835754, 0.860100269317627, 0.860100269317627, 0.9742622375488281, '01:30']
[11, 0.46641525626182556, 0.45818987488746643, 0.9055927395820618, 0.9831817150115967, 0.09934179484844208, 0.17730651795864105, 1.539600133895874, 0.8236311078071594, 0.835874617099762, 0.835874617099762, 2.512829303741455, '01:30']
Better model found at epoch 11 with valid_loss value: 0.45818987488746643.
[12, 0.46230775117874146, 0.47516345977783203, 0.9147347211837769, 0.9766275882720947, 0.08889538049697876, 0.18061058223247528, 1.6451278924942017, 0.8303911685943604, 0.8496115803718567, 0.8496115803718567, 4.05979061126709, '01:30']
[13, 0.4647013545036316, 0.4551386535167694, 0.9032739400863647, 0.9839939475059509, 0.10290297865867615, 0.17682360112667084, 1.4857269525527954, 0.8267128467559814, 0.8339915871620178, 0.8339915871620178, 2.098334789276123, '01:30']
Better model found at epoch 13 with valid_loss value: 0.4551386535167694.
[14, 0.46102702617645264, 0.46314722299575806, 0.9117302298545837, 0.9841743111610413, 0.09279395639896393, 0.17666444182395935, 1.502755045890808, 0.8388856053352356, 0.8462241291999817, 0.8462241291999817, 2.0735509395599365, '01:30']
[15, 0.458376407623291, 0.46018531918525696, 0.9087836146354675, 0.9823217988014221, 0.09714764356613159, 0.17769783735275269, 1.5331454277038574, 0.8310379385948181, 0.8410787582397461, 0.8410787582397461, 2.3413500785827637, '01:30']
[16, 0.4588594436645508, 0.45251262187957764, 0.8974130749702454, 0.9820179343223572, 0.1082594245672226, 0.17796143889427185, 1.5762922763824463, 0.804621160030365, 0.8214426636695862, 0.8214426636695862, 2.9279823303222656, '01:31']
Better model found at epoch 16 with valid_loss value: 0.45251262187957764.
[17, 0.4580788016319275, 0.44328394532203674, 0.8935985565185547, 0.9874032139778137, 0.11548756808042526, 0.1751185953617096, 1.3592114448547363, 0.8141912817955017, 0.8180816769599915, 0.8180816769599915, 1.0034425258636475, '01:31']
Better model found at epoch 17 with valid_loss value: 0.44328394532203674.
[18, 0.4433341920375824, 0.4498986601829529, 0.8959875702857971, 0.9837725162506104, 0.1095614954829216, 0.17699721455574036, 1.4968940019607544, 0.8104636669158936, 0.8200890421867371, 0.8200890421867371, 1.954070806503296, '01:31']
[19, 0.4537150263786316, 0.45587557554244995, 0.9034982919692993, 0.9841591119766235, 0.10127270966768265, 0.17681185901165009, 1.4785689115524292, 0.8264654874801636, 0.8337997198104858, 0.8337997198104858, 1.8428512811660767, '01:31']
[20, 0.448228657245636, 0.45838749408721924, 0.9056839942932129, 0.9873141050338745, 0.09816507995128632, 0.17506703734397888, 1.3500659465789795, 0.8321831822395325, 0.8392342329025269, 0.8392342329025269, 1.0171574354171753, '01:31']
[21, 0.44942909479141235, 0.44537481665611267, 0.8914796710014343, 0.985045313835144, 0.1141357570886612, 0.1763974279165268, 1.4699479341506958, 0.8073803782463074, 0.8142057061195374, 0.8142057061195374, 1.6184709072113037, '01:31']
[22, 0.44965294003486633, 0.44826972484588623, 0.8947311043739319, 0.983489990234375, 0.11078006029129028, 0.17715410888195038, 1.536257266998291, 0.8038793802261353, 0.8169214725494385, 0.8169214725494385, 2.4077811241149902, '01:31']
[23, 0.4479850232601166, 0.4422830045223236, 0.885550856590271, 0.9833164811134338, 0.11945029348134995, 0.17724303901195526, 1.5275532007217407, 0.7912982702255249, 0.803064227104187, 0.803064227104187, 2.1427204608917236, '01:30']
Better model found at epoch 23 with valid_loss value: 0.4422830045223236.
[24, 0.447456032037735, 0.44164007902145386, 0.8878917098045349, 0.9868979454040527, 0.11721000075340271, 0.17537671327590942, 1.3902817964553833, 0.80389404296875, 0.8105934262275696, 0.8105934262275696, 1.2367192506790161, '01:30']
Better model found at epoch 24 with valid_loss value: 0.44164007902145386.
[25, 0.4478573501110077, 0.4423578381538391, 0.888654351234436, 0.9854236245155334, 0.11679966002702713, 0.17604242265224457, 1.4763262271881104, 0.7975322604179382, 0.8089224100112915, 0.8089224100112915, 1.941852331161499, '01:31']
[26, 0.4472707509994507, 0.447284996509552, 0.8937826752662659, 0.9843332767486572, 0.11157652735710144, 0.17672206461429596, 1.5045863389968872, 0.8095384836196899, 0.817478597164154, 0.817478597164154, 1.9585398435592651, '01:30']
[27, 0.43863174319267273, 0.46359872817993164, 0.9067988395690918, 0.9826470613479614, 0.09603696316480637, 0.17753414809703827, 1.564700722694397, 0.8249644637107849, 0.8372265696525574, 0.8372265696525574, 2.751115322113037, '01:29']
[28, 0.4432840347290039, 0.48149073123931885, 0.9160448312759399, 0.9724970459938049, 0.08612160384654999, 0.18286480009555817, 1.6957130432128906, 0.8253521919250488, 0.8526565432548523, 0.8526565432548523, 5.393411159515381, '01:30']
[29, 0.44566214084625244, 0.4409073293209076, 0.8874669075012207, 0.9848797917366028, 0.11850211769342422, 0.1764458268880844, 1.489033818244934, 0.798519492149353, 0.8087236881256104, 0.8087236881256104, 2.0404207706451416, '01:31']
Better model found at epoch 29 with valid_loss value: 0.4409073293209076.
[30, 0.4358603060245514, 0.4568468928337097, 0.9007602334022522, 0.984930157661438, 0.10144247114658356, 0.17640328407287598, 1.482889175415039, 0.8195115327835083, 0.8286981582641602, 0.8286981582641602, 1.9353764057159424, '01:31']
[31, 0.44406238198280334, 0.4444376528263092, 0.8876662850379944, 0.9827517867088318, 0.11713963001966476, 0.17772845923900604, 1.5677024126052856, 0.7915138006210327, 0.8078213930130005, 0.8078213930130005, 2.7705130577087402, '01:31']
[32, 0.44086530804634094, 0.42760148644447327, 0.873169481754303, 0.9882989525794983, 0.13442450761795044, 0.17482152581214905, 1.3172533512115479, 0.7826303243637085, 0.7910725474357605, 0.7910725474357605, 0.9919677376747131, '01:31']
Better model found at epoch 32 with valid_loss value: 0.42760148644447327.
[33, 0.43965408205986023, 0.4374372363090515, 0.8819578886032104, 0.9884781837463379, 0.12337446957826614, 0.17462007701396942, 1.2893654108047485, 0.792539119720459, 0.8023855686187744, 0.8023855686187744, 0.7811119556427002, '01:31']
[34, 0.43733251094818115, 0.44823315739631653, 0.8897401690483093, 0.9817617535591125, 0.11337712407112122, 0.17802193760871887, 1.5671460628509521, 0.7936955094337463, 0.8108431696891785, 0.8108431696891785, 3.089414119720459, '01:31']
[35, 0.4328620731830597, 0.43971237540245056, 0.8857704401016235, 0.988578200340271, 0.11940232664346695, 0.1745179444551468, 1.2693357467651367, 0.7988890409469604, 0.8099251389503479, 0.8099251389503479, 0.7432107925415039, '01:30']
[36, 0.4348722994327545, 0.4390822947025299, 0.8792896866798401, 0.9834132790565491, 0.12491673231124878, 0.17741243541240692, 1.538411259651184, 0.7776729464530945, 0.7951532602310181, 0.7951533794403076, 2.4311177730560303, '01:30']
[37, 0.442399263381958, 0.47745025157928467, 0.9052301049232483, 0.9734345078468323, 0.09640123695135117, 0.1825748085975647, 1.7019948959350586, 0.8056561946868896, 0.8345873951911926, 0.8345873951911926, 5.04658317565918, '01:31']
[38, 0.4339410960674286, 0.43478792905807495, 0.8778963088989258, 0.9877152442932129, 0.12697473168373108, 0.17505981028079987, 1.3477635383605957, 0.7875233292579651, 0.7958997488021851, 0.7958997488021851, 0.9868413209915161, '01:30']
[39, 0.4301341772079468, 0.4393937885761261, 0.8795046210289001, 0.9861428141593933, 0.12372593581676483, 0.1759442687034607, 1.4010146856307983, 0.7890505194664001, 0.7975915670394897, 0.7975915670394897, 1.298195719718933, '01:31']
[40, 0.4365641474723816, 0.44631898403167725, 0.892857015132904, 0.9892680644989014, 0.11316966265439987, 0.17410477995872498, 1.1980184316635132, 0.8095533847808838, 0.8212865591049194, 0.8212865591049194, 0.47141730785369873, '01:30']
No improvement since epoch 32: early stopping
MAnet_res152 Done!
