Models will save to MAnet_dense161_x
Use densenet161 encoder
Start training...
----------
0
----------
DLS create!
[0, 0.539924681186676, 0.5153032541275024, 0.9915317893028259, 0.9927456378936768, 6.597956962650642e-05, 0.1796501725912094, 1.1334329843521118, 0.9910550713539124, 0.98326575756073, 0.98326575756073, 0.0003083478077314794, '01:47']
Better model found at epoch 0 with valid_loss value: 0.5153032541275024.
[1, 0.5015713572502136, 0.49174678325653076, 0.9634532332420349, 0.984492301940918, 0.049335382878780365, 0.1783587783575058, 1.5109925270080566, 0.9300254583358765, 0.9309383630752563, 0.9309383630752563, 2.5763566493988037, '01:42']
Better model found at epoch 1 with valid_loss value: 0.49174678325653076.
[2, 0.49759095907211304, 0.4870789647102356, 0.957875669002533, 0.9853933453559875, 0.0552116297185421, 0.17782796919345856, 1.521528959274292, 0.921623170375824, 0.9212661385536194, 0.9212661385536194, 2.2785680294036865, '01:41']
Better model found at epoch 2 with valid_loss value: 0.4870789647102356.
[3, 0.49553439021110535, 0.4858848750591278, 0.9535837769508362, 0.9825628995895386, 0.05365048721432686, 0.17846877872943878, 1.5754797458648682, 0.9109450578689575, 0.9135972857475281, 0.9135972857475281, 3.3396031856536865, '01:42']
Better model found at epoch 3 with valid_loss value: 0.4858848750591278.
[4, 0.49532410502433777, 0.4867350161075592, 0.9581852555274963, 0.9877545833587646, 0.05079067870974541, 0.17624080181121826, 1.4563889503479004, 0.9230143427848816, 0.9210631847381592, 0.9210631251335144, 1.602603554725647, '01:40']
[5, 0.4911770224571228, 0.4820292294025421, 0.9525904655456543, 0.984634280204773, 0.060173142701387405, 0.17836712300777435, 1.5399794578552246, 0.9099637269973755, 0.9118091464042664, 0.9118091464042664, 2.785475254058838, '01:41']
Better model found at epoch 5 with valid_loss value: 0.4820292294025421.
[6, 0.48623257875442505, 0.46512728929519653, 0.9308832883834839, 0.9838637113571167, 0.07863663136959076, 0.17825369536876678, 1.5840154886245728, 0.866423487663269, 0.8739581108093262, 0.8739581108093262, 2.7911489009857178, '01:41']
Better model found at epoch 6 with valid_loss value: 0.46512728929519653.
[7, 0.4759482145309448, 0.46202170848846436, 0.9283350110054016, 0.9857040047645569, 0.08107057213783264, 0.17720934748649597, 1.5394741296768188, 0.866879403591156, 0.870259165763855, 0.870259165763855, 2.4437079429626465, '01:41']
Better model found at epoch 7 with valid_loss value: 0.46202170848846436.
[8, 0.47435322403907776, 0.468872606754303, 0.9374546408653259, 0.991753101348877, 0.06827051192522049, 0.17415085434913635, 1.2068171501159668, 0.8814059495925903, 0.8879112005233765, 0.8879112005233765, 0.40247172117233276, '01:41']
[9, 0.46266695857048035, 0.4563869535923004, 0.923282265663147, 0.9907782673835754, 0.08517388999462128, 0.17468202114105225, 1.2997469902038574, 0.8581233024597168, 0.8626946210861206, 0.8626946210861206, 0.7362605333328247, '01:41']
Better model found at epoch 9 with valid_loss value: 0.4563869535923004.
[10, 0.46387165784835815, 0.45871323347091675, 0.9271068572998047, 0.9915534257888794, 0.08174227923154831, 0.17430925369262695, 1.2511801719665527, 0.8646552562713623, 0.8695281147956848, 0.8695281147956848, 0.5380452275276184, '01:41']
[11, 0.467167466878891, 0.5738391876220703, 0.9645023941993713, 0.9414759278297424, 0.03624790161848068, 0.19928954541683197, 1.8709434270858765, 0.9063541889190674, 0.9328456521034241, 0.9328456521034241, 17.235549926757812, '01:41']
[12, 0.469237744808197, 0.45455172657966614, 0.9142570495605469, 0.9855116009712219, 0.09272762387990952, 0.17751944065093994, 1.5240122079849243, 0.8401404023170471, 0.8475277423858643, 0.8475277423858643, 1.8678297996520996, '01:41']
Better model found at epoch 12 with valid_loss value: 0.45455172657966614.
[13, 0.46254977583885193, 0.4710066020488739, 0.9308193922042847, 0.9841108918190002, 0.0726827010512352, 0.17797985672950745, 1.557135820388794, 0.8645791411399841, 0.8740475177764893, 0.8740475177764893, 2.5544817447662354, '01:41']
[14, 0.4597656726837158, 0.46797725558280945, 0.9283353686332703, 0.9842853546142578, 0.07671653479337692, 0.1780746728181839, 1.5988144874572754, 0.860896646976471, 0.8708687424659729, 0.8708687424659729, 3.019958972930908, '01:41']
[15, 0.46322721242904663, 0.46000251173973083, 0.924863338470459, 0.9875085949897766, 0.08403249830007553, 0.1765650361776352, 1.472487449645996, 0.858772873878479, 0.8640026450157166, 0.8640028834342957, 1.6642544269561768, '01:41']
[16, 0.4575647711753845, 0.4520392119884491, 0.913663387298584, 0.9873785376548767, 0.09300603717565536, 0.1765507012605667, 1.4629396200180054, 0.8397185802459717, 0.8464881777763367, 0.8464881777763367, 1.582574725151062, '01:41']
Better model found at epoch 16 with valid_loss value: 0.4520392119884491.
[17, 0.46713799238204956, 0.4555625915527344, 0.9179007411003113, 0.9852800965309143, 0.08946575969457626, 0.17761489748954773, 1.527625322341919, 0.8439344167709351, 0.8529448509216309, 0.8529448509216309, 2.0800445079803467, '01:40']
[18, 0.45343902707099915, 0.5123189091682434, 0.9445787668228149, 0.9571620225906372, 0.057301271706819534, 0.19089818000793457, 1.8000198602676392, 0.8663738965988159, 0.8984207510948181, 0.8984207510948181, 11.468661308288574, '01:42']
[19, 0.45740288496017456, 0.4386095404624939, 0.9004886746406555, 0.9892671704292297, 0.10855106264352798, 0.17560377717018127, 1.4037398099899292, 0.8209417462348938, 0.8262151479721069, 0.8262151479721069, 1.2263479232788086, '01:41']
Better model found at epoch 19 with valid_loss value: 0.4386095404624939.
[20, 0.46192726492881775, 0.4543887674808502, 0.916836678981781, 0.9867193698883057, 0.08948257565498352, 0.17676231265068054, 1.5022642612457275, 0.8455129861831665, 0.851961076259613, 0.851961076259613, 1.8385721445083618, '01:41']
[21, 0.4595143496990204, 0.4507467448711395, 0.9139565825462341, 0.9885480403900146, 0.09282581508159637, 0.17589257657527924, 1.4101459980010986, 0.8429623246192932, 0.8474327921867371, 0.8474327921867371, 1.2716437578201294, '01:41']
[22, 0.4536295533180237, 0.4603613317012787, 0.9144077897071838, 0.9830789566040039, 0.0891253724694252, 0.17885488271713257, 1.6042561531066895, 0.8306996822357178, 0.8467804193496704, 0.8467804193496704, 2.6836564540863037, '01:42']
[23, 0.4479505121707916, 0.4479176700115204, 0.9019370079040527, 0.9841920733451843, 0.10211331397294998, 0.1783110499382019, 1.576503038406372, 0.8104249835014343, 0.826414942741394, 0.826414942741394, 2.5062990188598633, '01:42']
[24, 0.45608896017074585, 0.44936826825141907, 0.908363938331604, 0.9884253144264221, 0.09736116975545883, 0.17605996131896973, 1.4020941257476807, 0.8282985091209412, 0.8377034664154053, 0.8377034664154053, 1.3007972240447998, '01:41']
[25, 0.4488162398338318, 0.44093212485313416, 0.9029823541641235, 0.9898514151573181, 0.10365182906389236, 0.17525218427181244, 1.3532687425613403, 0.8242194056510925, 0.8306199908256531, 0.8306199908256531, 1.0086960792541504, '01:41']
[26, 0.4510663151741028, 0.46686744689941406, 0.9165659546852112, 0.9815370440483093, 0.08802533894777298, 0.17976461350917816, 1.5984907150268555, 0.8328085541725159, 0.8499409556388855, 0.8499409556388855, 2.974773406982422, '01:41']
[27, 0.4359559714794159, 0.43714988231658936, 0.8950998187065125, 0.9878225922584534, 0.11137792468070984, 0.17637893557548523, 1.4569029808044434, 0.8094552755355835, 0.8175919651985168, 0.8175919651985168, 1.5241914987564087, '01:41']
Better model found at epoch 27 with valid_loss value: 0.43714988231658936.
[28, 0.4521259665489197, 0.45099225640296936, 0.905066967010498, 0.984257698059082, 0.09925486147403717, 0.17833848297595978, 1.577216386795044, 0.8150933384895325, 0.8310567140579224, 0.8310567140579224, 2.4515678882598877, '01:41']
[29, 0.445234477519989, 0.4533631503582001, 0.9102495312690735, 0.9848138093948364, 0.09524700790643692, 0.177840918302536, 1.4976413249969482, 0.8324929475784302, 0.8424261808395386, 0.8424261808395386, 2.3352129459381104, '01:41']
[30, 0.43904680013656616, 0.45503857731819153, 0.9091437458992004, 0.9833573698997498, 0.09479431062936783, 0.17863966524600983, 1.590293526649475, 0.8231416344642639, 0.8380383849143982, 0.8380383849143982, 2.371891498565674, '01:41']
[31, 0.4453982710838318, 0.4892987310886383, 0.9376721978187561, 0.9726498126983643, 0.06519225984811783, 0.18362855911254883, 1.7129749059677124, 0.8724251389503479, 0.8886014223098755, 0.8886014223098755, 7.313568115234375, '01:42']
[32, 0.4473494589328766, 0.46144723892211914, 0.9259666204452515, 0.9916806817054749, 0.07807695865631104, 0.17425437271595, 1.1853735446929932, 0.8584465384483337, 0.8716365694999695, 0.8716365694999695, 0.5228794813156128, '01:41']
[33, 0.44715169072151184, 0.43558844923973083, 0.8959469795227051, 0.9913117289543152, 0.1114422082901001, 0.1745157688856125, 1.2624019384384155, 0.813325047492981, 0.8219841122627258, 0.8219841122627258, 0.6535330414772034, '01:41']
Better model found at epoch 33 with valid_loss value: 0.43558844923973083.
[34, 0.44231683015823364, 0.44025611877441406, 0.9026309847831726, 0.9914770722389221, 0.1055585965514183, 0.17437027394771576, 1.2840139865875244, 0.8241928815841675, 0.8318575024604797, 0.8318575024604797, 0.7523118853569031, '01:40']
[35, 0.43996232748031616, 0.4467729926109314, 0.9070332646369934, 0.9916605353355408, 0.09709129482507706, 0.17426666617393494, 1.2560136318206787, 0.8308793902397156, 0.8409661054611206, 0.8409661054611206, 0.6207864880561829, '01:41']
[36, 0.4431735575199127, 0.4424588680267334, 0.8967121839523315, 0.9845790266990662, 0.10740341991186142, 0.17816227674484253, 1.5654797554016113, 0.8017995357513428, 0.8188273310661316, 0.8188273310661316, 2.5364794731140137, '01:42']
[37, 0.4442124366760254, 0.45224934816360474, 0.9128343462944031, 0.9873321652412415, 0.09511423856019974, 0.17655393481254578, 1.4727610349655151, 0.8370064496994019, 0.8471077680587769, 0.8471077680587769, 1.97721266746521, '01:41']
[38, 0.44770750403404236, 0.44867828488349915, 0.9048190712928772, 0.9823399186134338, 0.1033436506986618, 0.17942777276039124, 1.6010276079177856, 0.8111414909362793, 0.8319804668426514, 0.8319804668426514, 2.7106406688690186, '01:41']
[39, 0.44735610485076904, 0.4382035434246063, 0.9009817242622375, 0.9904720187187195, 0.11221249401569366, 0.1751517504453659, 1.3634499311447144, 0.8240472078323364, 0.8294597864151001, 0.8294597864151001, 1.0360743999481201, '01:41']
[40, 0.44197744131088257, 0.4333513081073761, 0.8951653242111206, 0.988954484462738, 0.11374127864837646, 0.17584741115570068, 1.4150135517120361, 0.8063511848449707, 0.8165547251701355, 0.8165547251701355, 1.4285320043563843, '01:42']
Better model found at epoch 40 with valid_loss value: 0.4333513081073761.
[41, 0.4378122091293335, 0.43302199244499207, 0.8916577696800232, 0.9890600442886353, 0.11546359956264496, 0.17581099271774292, 1.4296958446502686, 0.8055174350738525, 0.8135551810264587, 0.8135551810264587, 1.387610673904419, '01:41']
Better model found at epoch 41 with valid_loss value: 0.43302199244499207.
[42, 0.45636361837387085, 0.45604437589645386, 0.9229713678359985, 0.9908909797668457, 0.083112433552742, 0.17466440796852112, 1.274799108505249, 0.8539970517158508, 0.8635299801826477, 0.8635299801826477, 0.7116929888725281, '01:41']
[43, 0.44746899604797363, 0.45479920506477356, 0.9111655354499817, 0.9819735288619995, 0.09307969361543655, 0.1794063001871109, 1.6143028736114502, 0.8225818276405334, 0.8414118885993958, 0.8414118885993958, 2.964768409729004, '01:41']
[44, 0.44118577241897583, 0.431041955947876, 0.8908379673957825, 0.9885401725769043, 0.11797809600830078, 0.1760220229625702, 1.4062438011169434, 0.8020488619804382, 0.8110917210578918, 0.8110917210578918, 1.3520427942276, '01:41']
Better model found at epoch 44 with valid_loss value: 0.431041955947876.
[45, 0.44762396812438965, 0.43835335969924927, 0.8988901376724243, 0.9882485270500183, 0.1094338670372963, 0.17612338066101074, 1.4328304529190063, 0.8153151273727417, 0.822932779788971, 0.822932779788971, 1.4654340744018555, '01:41']
[46, 0.4276648461818695, 0.43272560834884644, 0.8922913670539856, 0.9905468821525574, 0.11452405899763107, 0.17502716183662415, 1.311509132385254, 0.8082648515701294, 0.8161206841468811, 0.8161206841468811, 0.8556886315345764, '01:41']
[47, 0.4346679151058197, 0.4355309307575226, 0.8967682123184204, 0.9910994172096252, 0.10915269702672958, 0.17468170821666718, 1.2936879396438599, 0.8139834403991699, 0.8235927224159241, 0.8235927224159241, 0.8494963645935059, '01:41']
[48, 0.4408447742462158, 0.43388980627059937, 0.8943583965301514, 0.9889891743659973, 0.1160910576581955, 0.17598742246627808, 1.4232321977615356, 0.8078998327255249, 0.8177639842033386, 0.8177639842033386, 1.430882215499878, '01:41']
[49, 0.4473256766796112, 0.43844184279441833, 0.8975651264190674, 0.987089216709137, 0.11008327454328537, 0.17685002088546753, 1.497405767440796, 0.8087125420570374, 0.8202916979789734, 0.8202916979789734, 1.8952813148498535, '01:41']
[50, 0.4480164051055908, 0.4411689043045044, 0.8988632559776306, 0.9845423698425293, 0.10866561532020569, 0.17819811403751373, 1.545231819152832, 0.8078546524047852, 0.823750913143158, 0.823750913143158, 2.5065155029296875, '01:41']
[51, 0.44709137082099915, 0.4418576955795288, 0.9009909629821777, 0.9878498911857605, 0.10699271410703659, 0.1764291375875473, 1.4132204055786133, 0.8193685412406921, 0.8277807831764221, 0.8277807831764221, 1.3585782051086426, '01:41']
[52, 0.4283437132835388, 0.429630309343338, 0.886481761932373, 0.9895444512367249, 0.11952254176139832, 0.1754152625799179, 1.3831682205200195, 0.7982719540596008, 0.8050040602684021, 0.8050040602684021, 1.1769771575927734, '01:41']
Better model found at epoch 52 with valid_loss value: 0.429630309343338.
[53, 0.44136834144592285, 0.4532127380371094, 0.9084026217460632, 0.9864996671676636, 0.09667744487524033, 0.1772466003894806, 1.5165395736694336, 0.8279126882553101, 0.8401860594749451, 0.8401860594749451, 2.2605745792388916, '01:40']
[54, 0.42887693643569946, 0.44223710894584656, 0.9027835726737976, 0.9904878735542297, 0.10362306982278824, 0.17499548196792603, 1.3530259132385254, 0.8264203071594238, 0.8329343795776367, 0.8329343795776367, 1.047040581703186, '01:41']
[55, 0.4311768412590027, 0.4519970417022705, 0.9012006521224976, 0.9834156036376953, 0.10378118604421616, 0.17891737818717957, 1.5785634517669678, 0.809145987033844, 0.8267370462417603, 0.8267370462417603, 3.1212265491485596, '01:41']
[56, 0.4422997832298279, 0.4574018120765686, 0.9219138622283936, 0.9913612604141235, 0.08275619894266129, 0.17446094751358032, 1.3032549619674683, 0.8542200922966003, 0.8627863526344299, 0.8627863526344299, 0.776361346244812, '01:40']
[57, 0.43397632241249084, 0.43568333983421326, 0.8958665132522583, 0.9903302192687988, 0.11155138164758682, 0.1750776320695877, 1.3350518941879272, 0.8108097910881042, 0.8199526071548462, 0.8199526071548462, 0.9897305369377136, '01:40']
[58, 0.42946553230285645, 0.43960314989089966, 0.8994710445404053, 0.9899134635925293, 0.10460752993822098, 0.17525242269039154, 1.359932780265808, 0.8126797080039978, 0.8250863552093506, 0.8250863552093506, 1.1571179628372192, '01:40']
[59, 0.42663854360580444, 0.4320957362651825, 0.8838736414909363, 0.9872168898582458, 0.119384765625, 0.17681600153446198, 1.5035972595214844, 0.7872776985168457, 0.799156665802002, 0.799156665802002, 1.8549668788909912, '01:40']
[60, 0.4257636070251465, 0.44079163670539856, 0.8991134762763977, 0.991034984588623, 0.10452502220869064, 0.17471462488174438, 1.3029301166534424, 0.8128064870834351, 0.8267136812210083, 0.8267135620117188, 0.8991783261299133, '01:41']
No improvement since epoch 52: early stopping
----------
1
----------
DLS create!
[0, 0.5331341624259949, 0.5130195617675781, 0.9889678359031677, 0.9928142428398132, 0.004710210487246513, 0.17984774708747864, 1.2065677642822266, 0.9842082858085632, 0.9782825708389282, 0.9782825708389282, 0.03706160560250282, '01:42']
Better model found at epoch 0 with valid_loss value: 0.5130195617675781.
[1, 0.5020630359649658, 0.5020747184753418, 0.9786167144775391, 0.9916673302650452, 0.02605617418885231, 0.17464134097099304, 1.2394951581954956, 0.9599907398223877, 0.9586612582206726, 0.9586612582206726, 0.41849231719970703, '01:41']
Better model found at epoch 1 with valid_loss value: 0.5020747184753418.
[2, 0.4890036880970001, 0.5785391926765442, 0.9816327095031738, 0.905822217464447, 0.01895587146282196, 0.21030676364898682, 1.8569365739822388, 0.9532955288887024, 0.9643703103065491, 0.9643703103065491, 37.67559814453125, '01:41']
[3, 0.47837957739830017, 0.4832899272441864, 0.9485428929328918, 0.9840875864028931, 0.057008542120456696, 0.17794208228588104, 1.5710077285766602, 0.8974299430847168, 0.9044886827468872, 0.9044886827468872, 3.0587422847747803, '01:42']
Better model found at epoch 3 with valid_loss value: 0.4832899272441864.
[4, 0.47371533513069153, 0.48020532727241516, 0.9456905126571655, 0.9870508313179016, 0.058535072952508926, 0.17663413286209106, 1.5208985805511475, 0.8947944641113281, 0.8995506763458252, 0.8995506763458252, 2.2316977977752686, '01:41']
Better model found at epoch 4 with valid_loss value: 0.48020532727241516.
[5, 0.4727741479873657, 0.49272769689559937, 0.9594686031341553, 0.985223650932312, 0.05014987289905548, 0.1775212585926056, 1.3443330526351929, 0.9252129793167114, 0.9250652194023132, 0.9250652194023132, 2.5178356170654297, '01:41']
[6, 0.4664408266544342, 0.47030964493751526, 0.9400094151496887, 0.9908467531204224, 0.06637024879455566, 0.1746564507484436, 1.3202461004257202, 0.8830248117446899, 0.8903658986091614, 0.8903658986091614, 0.9233283996582031, '01:41']
Better model found at epoch 6 with valid_loss value: 0.47030964493751526.
[7, 0.4635758399963379, 0.4764368534088135, 0.944272518157959, 0.9913493394851685, 0.0599241703748703, 0.17429473996162415, 1.3028141260147095, 0.8888629674911499, 0.8983694911003113, 0.8983694911003113, 0.7859739065170288, '01:41']
[8, 0.45326554775238037, 0.4741629362106323, 0.9371641278266907, 0.9889891147613525, 0.06671005487442017, 0.1755862683057785, 1.4188443422317505, 0.8816434144973755, 0.8872788548469543, 0.8872788548469543, 1.3623508214950562, '01:41']
[9, 0.4566401541233063, 0.4873480796813965, 0.9576945900917053, 0.9916340708732605, 0.04564979299902916, 0.17426946759223938, 1.2189693450927734, 0.9154013991355896, 0.9235386252403259, 0.9235386252403259, 0.5090020895004272, '01:41']
[10, 0.46680375933647156, 0.4670923948287964, 0.9332334995269775, 0.9876763224601746, 0.07353091239929199, 0.17633746564388275, 1.4779061079025269, 0.8712741732597351, 0.8792035579681396, 0.8792035579681396, 1.944474697113037, '01:41']
Better model found at epoch 10 with valid_loss value: 0.4670923948287964.
[11, 0.4585144817829132, 0.468384325504303, 0.9351478815078735, 0.9894465804100037, 0.07012306153774261, 0.17534631490707397, 1.3877058029174805, 0.8741046190261841, 0.883293092250824, 0.8832931518554688, 1.457306146621704, '01:41']
[12, 0.4602504074573517, 0.502668023109436, 0.9560739398002625, 0.9796135425567627, 0.04572625458240509, 0.18019679188728333, 1.6167083978652954, 0.9077409505844116, 0.9182332158088684, 0.9182332158088684, 4.286887168884277, '01:41']
[13, 0.45350056886672974, 0.47114962339401245, 0.9388790726661682, 0.9913127422332764, 0.06702466309070587, 0.17437876760959625, 1.2684526443481445, 0.885313093662262, 0.8912904262542725, 0.8912904262542725, 0.6201231479644775, '01:42']
[14, 0.44514143466949463, 0.45762181282043457, 0.9177719950675964, 0.9877219200134277, 0.08652006834745407, 0.1763043850660324, 1.4865431785583496, 0.8439160585403442, 0.8539092540740967, 0.8539092540740967, 1.8176348209381104, '01:41']
Better model found at epoch 14 with valid_loss value: 0.45762181282043457.
[15, 0.44436267018318176, 0.475504606962204, 0.944095253944397, 0.9918966889381409, 0.05966968834400177, 0.1740483194589615, 1.201995611190796, 0.8861605525016785, 0.899871289730072, 0.899871289730072, 0.49539005756378174, '01:41']
[16, 0.43765389919281006, 0.47278010845184326, 0.9337586164474487, 0.9868070483207703, 0.06969252973794937, 0.17674212157726288, 1.4410134553909302, 0.8664637804031372, 0.8805984854698181, 0.8805984854698181, 2.01237154006958, '01:41']
[17, 0.45327821373939514, 0.46932241320610046, 0.9364274144172668, 0.9890702962875366, 0.0697731077671051, 0.17560403048992157, 1.358518123626709, 0.8768883347511292, 0.8862440586090088, 0.8862440586090088, 1.3223822116851807, '01:41']
[18, 0.44482672214508057, 0.475250244140625, 0.9405398368835449, 0.9870091080665588, 0.06473079323768616, 0.1765918731689453, 1.4778767824172974, 0.8852090239524841, 0.8928481340408325, 0.8928481340408325, 2.0126571655273438, '01:41']
[19, 0.45529863238334656, 0.4593619406223297, 0.9270438551902771, 0.9915207028388977, 0.08005504310131073, 0.17434293031692505, 1.290554165840149, 0.8622011542320251, 0.8706459999084473, 0.8706459999084473, 0.7312934398651123, '01:41']
[20, 0.44817203283309937, 0.4644016921520233, 0.9253879189491272, 0.9872441291809082, 0.07798405736684799, 0.17659370601177216, 1.4575154781341553, 0.8516303896903992, 0.865737795829773, 0.865737795829773, 1.9517501592636108, '01:41']
[21, 0.45479506254196167, 0.46419504284858704, 0.9294725060462952, 0.9914772510528564, 0.07485264539718628, 0.1743224859237671, 1.2875279188156128, 0.8670972585678101, 0.8759352564811707, 0.8759352564811707, 0.7539986371994019, '01:41']
[22, 0.44769203662872314, 0.5312356948852539, 0.95723956823349, 0.9629269242286682, 0.04359772428870201, 0.18883760273456573, 1.7779483795166016, 0.8934970498085022, 0.9194831848144531, 0.9194831848144531, 10.028207778930664, '01:43']
No improvement since epoch 14: early stopping
----------
2
----------
DLS create!
[0, 0.5295915603637695, 0.5144869089126587, 0.991333544254303, 0.9934593439102173, 0.00015755323693156242, 0.1802026629447937, 1.2047271728515625, 0.9898761510848999, 0.9829331636428833, 0.9829331636428833, 0.004825713578611612, '01:42']
Better model found at epoch 0 with valid_loss value: 0.5144869089126587.
[1, 0.5085778832435608, 0.5017135739326477, 0.9691900014877319, 0.9699729084968567, 0.04506635665893555, 0.18478749692440033, 1.57539963722229, 0.9304492473602295, 0.9412705302238464, 0.9412705302238464, 18.16487693786621, '01:41']
Better model found at epoch 1 with valid_loss value: 0.5017135739326477.
[2, 0.49860680103302, 0.501737117767334, 0.9631360769271851, 0.9766785502433777, 0.0446770004928112, 0.18128293752670288, 1.632096767425537, 0.9251958131790161, 0.9306342601776123, 0.9306342601776123, 12.336174964904785, '01:42']
[3, 0.49888381361961365, 0.4959849715232849, 0.9732393026351929, 0.989952027797699, 0.0369071364402771, 0.1773231327533722, 1.4452910423278809, 0.9485172033309937, 0.948796808719635, 0.948796808719635, 3.4889514446258545, '01:42']
Better model found at epoch 3 with valid_loss value: 0.4959849715232849.
[4, 0.49163955450057983, 0.4790128767490387, 0.9520798921585083, 0.9846103191375732, 0.05930893123149872, 0.17820145189762115, 1.5732780694961548, 0.9089130759239197, 0.9112804532051086, 0.9112804532051086, 6.162693500518799, '01:41']
Better model found at epoch 4 with valid_loss value: 0.4790128767490387.
[5, 0.4862063527107239, 0.46940815448760986, 0.9429951906204224, 0.9895069003105164, 0.06817155331373215, 0.17592564225196838, 1.4950475692749023, 0.8961317539215088, 0.8961024284362793, 0.8961023092269897, 2.628488540649414, '01:41']
Better model found at epoch 5 with valid_loss value: 0.46940815448760986.
[6, 0.4884408414363861, 0.47963669896125793, 0.9550173878669739, 0.9898462891578674, 0.05492511764168739, 0.17563721537590027, 1.4525704383850098, 0.9151715636253357, 0.9157616496086121, 0.9157616496086121, 2.5258936882019043, '01:41']
[7, 0.48443281650543213, 0.46444836258888245, 0.9327375888824463, 0.9877916574478149, 0.07581846415996552, 0.1767599731683731, 1.558470368385315, 0.876380443572998, 0.87922203540802, 0.87922203540802, 3.3168625831604004, '01:41']
Better model found at epoch 7 with valid_loss value: 0.46444836258888245.
[8, 0.475290447473526, 0.4616791009902954, 0.931492805480957, 0.9901614189147949, 0.07475702464580536, 0.17535319924354553, 1.446799874305725, 0.8755115866661072, 0.8774701952934265, 0.8774701952934265, 2.1023833751678467, '01:41']
Better model found at epoch 8 with valid_loss value: 0.4616791009902954.
[9, 0.47327721118927, 0.4716344177722931, 0.9299161434173584, 0.9770116209983826, 0.07543909549713135, 0.1817868947982788, 1.7234622240066528, 0.8511896729469299, 0.8735949993133545, 0.8735949993133545, 7.615995407104492, '01:41']
[10, 0.47706571221351624, 0.45486247539520264, 0.920641303062439, 0.9848039746284485, 0.09050118178129196, 0.1781342476606369, 1.6075096130371094, 0.8492541909217834, 0.8586035370826721, 0.8586035370826721, 4.9103240966796875, '01:41']
Better model found at epoch 10 with valid_loss value: 0.45486247539520264.
[11, 0.46806302666664124, 0.45041561126708984, 0.9144997596740723, 0.9862331748008728, 0.09434277564287186, 0.17758944630622864, 1.581236481666565, 0.8419349193572998, 0.8498841524124146, 0.8498839139938354, 3.1072583198547363, '01:41']
Better model found at epoch 11 with valid_loss value: 0.45041561126708984.
[12, 0.47144100069999695, 0.434586763381958, 0.9010342359542847, 0.9906418323516846, 0.11276626586914062, 0.17541451752185822, 1.4389830827713013, 0.8243944048881531, 0.8283447623252869, 0.8283447623252869, 1.846662998199463, '01:41']
Better model found at epoch 12 with valid_loss value: 0.434586763381958.
[13, 0.4721650779247284, 0.47180822491645813, 0.9428832530975342, 0.9907693862915039, 0.06065947189927101, 0.17503200471401215, 1.2646392583847046, 0.8906227946281433, 0.8959991335868835, 0.8959991335868835, 0.7226905226707458, '01:41']
[14, 0.47163155674934387, 0.4353867769241333, 0.9031762480735779, 0.9922364354133606, 0.11127260327339172, 0.1745472401380539, 1.3262932300567627, 0.8277976512908936, 0.8316046595573425, 0.8316046595573425, 0.9150958061218262, '01:41']
[15, 0.4622393548488617, 0.4359874427318573, 0.899894118309021, 0.9901948571205139, 0.1094556674361229, 0.17560268938541412, 1.4798799753189087, 0.8222548961639404, 0.8256213665008545, 0.8256213665008545, 1.9794344902038574, '01:41']
[16, 0.4756524860858917, 0.45201197266578674, 0.9202440977096558, 0.9859729409217834, 0.09191582351922989, 0.1776232123374939, 1.6058945655822754, 0.847468912601471, 0.8578920960426331, 0.8578920960426331, 4.505719184875488, '01:42']
[17, 0.46858474612236023, 0.4425475299358368, 0.9088385105133057, 0.989972710609436, 0.10274998098611832, 0.175724059343338, 1.4730778932571411, 0.8372282385826111, 0.8411130309104919, 0.8411130309104919, 2.326240062713623, '01:41']
[18, 0.45756417512893677, 0.44420507550239563, 0.8994336724281311, 0.985325813293457, 0.1051148772239685, 0.17808391153812408, 1.6297475099563599, 0.8113505244255066, 0.8247479200363159, 0.8247479200363159, 3.6661880016326904, '01:41']
[19, 0.46453696489334106, 0.4284701347351074, 0.8925400972366333, 0.990717351436615, 0.11669336259365082, 0.17523543536663055, 1.4648706912994385, 0.8086372017860413, 0.8133773803710938, 0.8133773803710938, 1.9573801755905151, '01:41']
Better model found at epoch 19 with valid_loss value: 0.4284701347351074.
[20, 0.4580506682395935, 0.42379459738731384, 0.8853678107261658, 0.9893800616264343, 0.1279946267604828, 0.17609715461730957, 1.478319525718689, 0.7952630519866943, 0.8028446435928345, 0.8028446435928345, 1.7324920892715454, '01:42']
Better model found at epoch 20 with valid_loss value: 0.42379459738731384.
[21, 0.4559449255466461, 0.42124393582344055, 0.8806426525115967, 0.9905303716659546, 0.12949344515800476, 0.175447016954422, 1.4075177907943726, 0.793120801448822, 0.7963696718215942, 0.7963696718215942, 1.3674166202545166, '01:41']
Better model found at epoch 21 with valid_loss value: 0.42124393582344055.
[22, 0.45862576365470886, 0.4561549425125122, 0.9026575684547424, 0.9799644947052002, 0.10079753398895264, 0.1809503138065338, 1.7345401048660278, 0.7996323704719543, 0.829286515712738, 0.829286515712738, 5.61758279800415, '01:42']
[23, 0.4572109282016754, 0.5288228392601013, 0.9488462209701538, 0.955959677696228, 0.052347831428050995, 0.19258347153663635, 1.8446464538574219, 0.87155681848526, 0.9055288434028625, 0.9055288434028625, 28.592914581298828, '01:41']
[24, 0.46156829595565796, 0.42636749148368835, 0.8888391256332397, 0.9877471327781677, 0.1255405843257904, 0.17694436013698578, 1.5618430376052856, 0.7976297736167908, 0.8084933757781982, 0.8084933757781982, 2.881507396697998, '01:41']
[25, 0.45522668957710266, 0.42203983664512634, 0.8827376365661621, 0.9902166724205017, 0.1285579800605774, 0.1756339818239212, 1.4221502542495728, 0.7976967096328735, 0.8011037707328796, 0.8011037707328796, 1.234187364578247, '01:44']
[26, 0.4582328200340271, 0.4182824492454529, 0.8812177777290344, 0.9909871220588684, 0.13398383557796478, 0.17527593672275543, 1.4111882448196411, 0.7941913604736328, 0.7968971729278564, 0.7968971729278564, 1.5667942762374878, '01:42']
Better model found at epoch 26 with valid_loss value: 0.4182824492454529.
[27, 0.44604843854904175, 0.4296729862689972, 0.8951634168624878, 0.9923431277275085, 0.11622806638479233, 0.17438466846942902, 1.2996877431869507, 0.814724326133728, 0.8204845786094666, 0.8204845786094666, 0.8098159432411194, '01:41']
[28, 0.44480669498443604, 0.42455703020095825, 0.8885364532470703, 0.992772102355957, 0.12116821110248566, 0.1741771399974823, 1.2855421304702759, 0.8007757663726807, 0.8077096343040466, 0.8077096343040466, 0.7247352004051208, '01:41']
[29, 0.45186614990234375, 0.4154253304004669, 0.8754367828369141, 0.9904669523239136, 0.13701863586902618, 0.17553313076496124, 1.4417524337768555, 0.7851755023002625, 0.7887375950813293, 0.7887375950813293, 1.498121976852417, '01:41']
Better model found at epoch 29 with valid_loss value: 0.4154253304004669.
[30, 0.4477182626724243, 0.41829660534858704, 0.8777527213096619, 0.9913322925567627, 0.1290188878774643, 0.17496857047080994, 1.4244824647903442, 0.7891591787338257, 0.7928495407104492, 0.7928495407104492, 1.4928380250930786, '01:41']
[31, 0.44893255829811096, 0.43977415561676025, 0.9064199328422546, 0.9926011562347412, 0.09976375848054886, 0.17418132722377777, 1.2968943119049072, 0.8326485753059387, 0.8387755155563354, 0.8387755155563354, 1.2287755012512207, '01:41']
[32, 0.4495610296726227, 0.4527379870414734, 0.9070146083831787, 0.9815462231636047, 0.0980328619480133, 0.1799831986427307, 1.6817892789840698, 0.8204678297042847, 0.8379407525062561, 0.8379407525062561, 19.491565704345703, '01:41']
[33, 0.4406338334083557, 0.42705488204956055, 0.888644278049469, 0.9917349815368652, 0.11874615401029587, 0.1747182011604309, 1.3454586267471313, 0.802977979183197, 0.809751570224762, 0.809751570224762, 1.3549968004226685, '01:41']
[34, 0.43735310435295105, 0.4321412444114685, 0.885984480381012, 0.9866169691085815, 0.12061335146427155, 0.17747202515602112, 1.5075359344482422, 0.7982001900672913, 0.8055378794670105, 0.8055378794670105, 3.3368136882781982, '01:41']
[35, 0.4473974406719208, 0.4128795862197876, 0.8727379441261292, 0.991515576839447, 0.13834254443645477, 0.17496071755886078, 1.390798807144165, 0.7823372483253479, 0.7852637767791748, 0.7852638363838196, 1.2544363737106323, '01:41']
Better model found at epoch 35 with valid_loss value: 0.4128795862197876.
[36, 0.4350646138191223, 0.4607526659965515, 0.909000039100647, 0.9781746864318848, 0.0933413878083229, 0.1816883087158203, 1.7433639764785767, 0.8140231966972351, 0.8403586745262146, 0.8403586745262146, 16.305002212524414, '01:41']
[37, 0.444960355758667, 0.4307537376880646, 0.8871517777442932, 0.9843624234199524, 0.1211579442024231, 0.17870724201202393, 1.6503305435180664, 0.7867414951324463, 0.8055610656738281, 0.8055610656738281, 7.375110626220703, '01:42']
[38, 0.4508672058582306, 0.40821924805641174, 0.8617330193519592, 0.9888532161712646, 0.1488988846540451, 0.1765138953924179, 1.534175992012024, 0.7585629820823669, 0.7666559219360352, 0.7666559219360352, 2.6506872177124023, '01:41']
Better model found at epoch 38 with valid_loss value: 0.40821924805641174.
[39, 0.4623306095600128, 0.4159635603427887, 0.873016893863678, 0.9874392151832581, 0.1433582305908203, 0.17732638120651245, 1.5943777561187744, 0.769716203212738, 0.7849768996238708, 0.7849768996238708, 3.8788201808929443, '01:42']
[40, 0.4442760646343231, 0.4338679015636444, 0.8851885795593262, 0.9830717444419861, 0.11971815675497055, 0.17944210767745972, 1.698636770248413, 0.7736420631408691, 0.8018522262573242, 0.8018522262573242, 5.623800754547119, '01:42']
[41, 0.44655224680900574, 0.4065728187561035, 0.8636356592178345, 0.9894328713417053, 0.14842185378074646, 0.17613299190998077, 1.5224263668060303, 0.761900782585144, 0.7698856592178345, 0.7698856592178345, 2.495058298110962, '01:41']
Better model found at epoch 41 with valid_loss value: 0.4065728187561035.
[42, 0.443123459815979, 0.4144143760204315, 0.870487630367279, 0.9890402555465698, 0.1390160620212555, 0.17629870772361755, 1.5158915519714355, 0.7731465101242065, 0.7809008359909058, 0.7809008359909058, 2.3196678161621094, '01:41']
[43, 0.45079633593559265, 0.4259333312511444, 0.8828445076942444, 0.9857304096221924, 0.12693966925144196, 0.17816123366355896, 1.6509641408920288, 0.7802003026008606, 0.7994499206542969, 0.7994499206542969, 4.242153644561768, '01:41']
[44, 0.4560805857181549, 0.4113104045391083, 0.8688376545906067, 0.9888419508934021, 0.14967718720436096, 0.17674657702445984, 1.5686508417129517, 0.7620351910591125, 0.7769919037818909, 0.7769919037818909, 4.227355480194092, '01:41']
[45, 0.4438207447528839, 0.4231891334056854, 0.8852527141571045, 0.9917123317718506, 0.12361296266317368, 0.17481258511543274, 1.395283818244934, 0.8007112145423889, 0.8051451444625854, 0.8051451444625854, 1.2827435731887817, '01:42']
[46, 0.4407072365283966, 0.41125959157943726, 0.8656514286994934, 0.9881508350372314, 0.1420513540506363, 0.17687352001667023, 1.5781598091125488, 0.7589631676673889, 0.7720091938972473, 0.7720091938972473, 2.5993101596832275, '01:41']
[47, 0.44604647159576416, 0.4242103397846222, 0.8846563696861267, 0.9888917207717896, 0.12805381417274475, 0.176503986120224, 1.5598554611206055, 0.7988540530204773, 0.8041555285453796, 0.8041555285453796, 2.5935885906219482, '01:41']
[48, 0.4425669312477112, 0.41493892669677734, 0.8662216663360596, 0.9876015186309814, 0.13923874497413635, 0.1771489828824997, 1.59822678565979, 0.7613033652305603, 0.7737096548080444, 0.7737096548080444, 2.7219057083129883, '01:42']
[49, 0.4370550513267517, 0.40799352526664734, 0.8651852607727051, 0.9911797642707825, 0.14483867585659027, 0.17513608932495117, 1.3614872694015503, 0.7679480314254761, 0.7740376591682434, 0.7740376591682434, 1.116865873336792, '01:41']
No improvement since epoch 41: early stopping
----------
3
----------
DLS create!
[0, 0.5259686708450317, 0.5096935629844666, 0.9727190136909485, 0.9917327761650085, 0.01145381759852171, 0.18200166523456573, 1.3334527015686035, 0.9668846726417542, 0.9554646611213684, 0.9554646611213684, inf, '01:41']
Better model found at epoch 0 with valid_loss value: 0.5096935629844666.
[1, 0.498562216758728, 0.4885774850845337, 0.9470243453979492, 0.9826388955116272, 0.05555795505642891, 0.17929495871067047, 1.5721367597579956, 0.9171050786972046, 0.9110884666442871, 0.9110884666442871, inf, '01:41']
Better model found at epoch 1 with valid_loss value: 0.4885774850845337.
[2, 0.49091866612434387, 0.4906132221221924, 0.9532458782196045, 0.9895753860473633, 0.04417533427476883, 0.17503173649311066, 1.3609989881515503, 0.9307181239128113, 0.9203935861587524, 0.9203935861587524, inf, '01:42']
[3, 0.48243317008018494, 0.4877549707889557, 0.950651228427887, 0.9907088279724121, 0.0490049310028553, 0.17440402507781982, 1.29219651222229, 0.9225358366966248, 0.9157759547233582, 0.9157759547233582, inf, '01:41']
Better model found at epoch 3 with valid_loss value: 0.4877549707889557.
[4, 0.4829997420310974, 0.4793309271335602, 0.9317972660064697, 0.9827985167503357, 0.06448724865913391, 0.17816855013370514, 1.6022658348083496, 0.8885514736175537, 0.8838798999786377, 0.8838798999786377, inf, '01:41']
Better model found at epoch 4 with valid_loss value: 0.4793309271335602.
[5, 0.47054293751716614, 0.48849084973335266, 0.9296576380729675, 0.974949300289154, 0.06463663280010223, 0.18189553916454315, 1.7012457847595215, 0.8715391159057617, 0.8801117539405823, 0.8801117539405823, inf, '01:41']
[6, 0.47388729453086853, 0.4749428629875183, 0.9325706362724304, 0.9899086952209473, 0.06502477824687958, 0.17472787201404572, 1.357060432434082, 0.8911815285682678, 0.885747492313385, 0.885747492313385, inf, '01:41']
Better model found at epoch 6 with valid_loss value: 0.4749428629875183.
[7, 0.4710930287837982, 0.4691081941127777, 0.9233282804489136, 0.9862414002418518, 0.07513098418712616, 0.1767897605895996, 1.5392367839813232, 0.8733167052268982, 0.8694625496864319, 0.8694624900817871, inf, '01:41']
Better model found at epoch 7 with valid_loss value: 0.4691081941127777.
[8, 0.46804913878440857, 0.4613502323627472, 0.9160084128379822, 0.9880072474479675, 0.08101986348628998, 0.1757635772228241, 1.4724721908569336, 0.8650638461112976, 0.8579676151275635, 0.8579676151275635, inf, '01:41']
Better model found at epoch 8 with valid_loss value: 0.4613502323627472.
[9, 0.4672975242137909, 0.47560179233551025, 0.9342303276062012, 0.9905550479888916, 0.0620390921831131, 0.17439576983451843, 1.2865575551986694, 0.8917970657348633, 0.8878735899925232, 0.8878735899925232, inf, '01:41']
[10, 0.4668464660644531, 0.4677748680114746, 0.9255384802818298, 0.9914640784263611, 0.07310027629137039, 0.17396052181720734, 1.204469084739685, 0.8759742975234985, 0.8751971125602722, 0.8751971125602722, inf, '01:41']
[11, 0.46186068654060364, 0.4666064381599426, 0.9243142008781433, 0.9912617206573486, 0.07301538437604904, 0.17412851750850677, 1.2157666683197021, 0.8734427094459534, 0.8739933967590332, 0.8739933967590332, inf, '01:41']
[12, 0.46491575241088867, 0.4634609818458557, 0.915706217288971, 0.9898030161857605, 0.0793941393494606, 0.17482256889343262, 1.3535186052322388, 0.860786497592926, 0.858553946018219, 0.858553946018219, inf, '01:41']
[13, 0.46169301867485046, 0.48117345571517944, 0.9413054585456848, 0.991786539554596, 0.05300600826740265, 0.17372702062129974, 1.1446436643600464, 0.899840235710144, 0.9020445942878723, 0.9020445942878723, inf, '01:41']
[14, 0.4553128182888031, 0.45530468225479126, 0.9070336222648621, 0.9900289177894592, 0.08916705846786499, 0.17473022639751434, 1.3481320142745972, 0.8475069403648376, 0.8444704413414001, 0.8444704413414001, inf, '01:41']
Better model found at epoch 14 with valid_loss value: 0.45530468225479126.
[15, 0.4479702413082123, 0.4515317678451538, 0.9043954610824585, 0.9897702932357788, 0.09370781481266022, 0.1750493347644806, 1.3187966346740723, 0.8426371812820435, 0.8415084481239319, 0.8415084481239319, inf, '01:41']
Better model found at epoch 15 with valid_loss value: 0.4515317678451538.
[16, 0.45011717081069946, 0.46745792031288147, 0.9227235317230225, 0.9914343953132629, 0.07386922836303711, 0.17393743991851807, 1.175325632095337, 0.8702994585037231, 0.8711719512939453, 0.8711719512939453, inf, '01:42']
[17, 0.4540638327598572, 0.491710901260376, 0.9471959471702576, 0.9916623830795288, 0.04565615952014923, 0.1737089306116104, 1.1094385385513306, 0.9051029086112976, 0.9130780696868896, 0.9130780696868896, inf, '01:42']
[18, 0.459110289812088, 0.4563354253768921, 0.9104955196380615, 0.9887871146202087, 0.08667893707752228, 0.1754499226808548, 1.4186090230941772, 0.8520221710205078, 0.8493087887763977, 0.8493086695671082, inf, '01:41']
[19, 0.450215607881546, 0.4555559456348419, 0.909630298614502, 0.9899962544441223, 0.0861397460103035, 0.17482802271842957, 1.3637174367904663, 0.8470771312713623, 0.8474680185317993, 0.8474680185317993, inf, '01:41']
[20, 0.448615163564682, 0.44910767674446106, 0.8960298895835876, 0.9876296520233154, 0.09965496510267258, 0.1761275827884674, 1.4715094566345215, 0.8253634572029114, 0.8266980051994324, 0.8266980051994324, inf, '01:42']
Better model found at epoch 20 with valid_loss value: 0.44910767674446106.
[21, 0.44270944595336914, 0.48022782802581787, 0.9220319986343384, 0.9863688945770264, 0.07082224637269974, 0.17667993903160095, 1.3999946117401123, 0.8610952496528625, 0.8683965802192688, 0.8683965802192688, inf, '01:41']
[22, 0.44762980937957764, 0.46060800552368164, 0.9046620726585388, 0.9831376075744629, 0.09006138890981674, 0.17844603955745697, 1.583854079246521, 0.8307021260261536, 0.8393786549568176, 0.8393786549568176, inf, '01:41']
[23, 0.44884830713272095, 0.4528806209564209, 0.9048261046409607, 0.9900776743888855, 0.09104293584823608, 0.1747533231973648, 1.3344258069992065, 0.8416045308113098, 0.8404567837715149, 0.8404567837715149, inf, '01:41']
[24, 0.4443415403366089, 0.4437579810619354, 0.8896663784980774, 0.9867754578590393, 0.10673367232084274, 0.17667976021766663, 1.5004074573516846, 0.8176314234733582, 0.8184834718704224, 0.8184834718704224, inf, '01:41']
Better model found at epoch 24 with valid_loss value: 0.4437579810619354.
[25, 0.45953473448753357, 0.4618038535118103, 0.9100968837738037, 0.9830057621002197, 0.08546976745128632, 0.1784600168466568, 1.6102854013442993, 0.8434025049209595, 0.8483443856239319, 0.8483443856239319, inf, '01:41']
[26, 0.45108315348625183, 0.4493478834629059, 0.9027717113494873, 0.9900085926055908, 0.09302312880754471, 0.17478051781654358, 1.3654299974441528, 0.8400586843490601, 0.8366292119026184, 0.8366292119026184, inf, '01:41']
[27, 0.4551010727882385, 0.44627296924591064, 0.8952175974845886, 0.9886672496795654, 0.1006767675280571, 0.17548967897891998, 1.463600516319275, 0.8293163776397705, 0.8254213929176331, 0.8254213929176331, inf, '01:40']
[28, 0.4548819959163666, 0.4530462324619293, 0.9053258299827576, 0.9884018301963806, 0.09213586896657944, 0.17571841180324554, 1.45481538772583, 0.8400704860687256, 0.8391367793083191, 0.8391367793083191, inf, '01:41']
[29, 0.44711142778396606, 0.4527186155319214, 0.8983681201934814, 0.985298216342926, 0.0951077938079834, 0.1773224174976349, 1.5515190362930298, 0.8279650807380676, 0.830573558807373, 0.830573558807373, inf, '01:41']
[30, 0.4519237279891968, 0.47889700531959534, 0.9174415469169617, 0.976631760597229, 0.07573167979717255, 0.1816018670797348, 1.7020751237869263, 0.8474316000938416, 0.8602003455162048, 0.8602003455162048, inf, '01:41']
[31, 0.44510000944137573, 0.4366219639778137, 0.8876786231994629, 0.9892617464065552, 0.10828784853219986, 0.17531739175319672, 1.4031776189804077, 0.8168295621871948, 0.8151848316192627, 0.8151848316192627, inf, '01:41']
Better model found at epoch 31 with valid_loss value: 0.4366219639778137.
[32, 0.45104146003723145, 0.44663694500923157, 0.896875262260437, 0.9885492920875549, 0.09799879044294357, 0.175679549574852, 1.4394277334213257, 0.827518105506897, 0.827532172203064, 0.827532172203064, inf, '01:41']
[33, 0.44678542017936707, 0.4453117251396179, 0.8968774080276489, 0.9877772927284241, 0.09986738860607147, 0.17619407176971436, 1.4857337474822998, 0.8272057175636292, 0.8280966877937317, 0.8280966877937317, inf, '01:41']
[34, 0.4503534138202667, 0.458914577960968, 0.9111360311508179, 0.9899379014968872, 0.08252392709255219, 0.17477469146251678, 1.3330132961273193, 0.8529573082923889, 0.8512745499610901, 0.8512745499610901, inf, '01:41']
[35, 0.43893691897392273, 0.4513968229293823, 0.9006346464157104, 0.9868793487548828, 0.09469496458768845, 0.1764483004808426, 1.4800184965133667, 0.83289635181427, 0.8343514800071716, 0.8343514800071716, inf, '01:42']
[36, 0.4320158064365387, 0.4582609236240387, 0.9097403883934021, 0.9908048510551453, 0.08376386761665344, 0.17431703209877014, 1.2841224670410156, 0.8463740348815918, 0.848660945892334, 0.848660945892334, inf, '01:41']
[37, 0.43535953760147095, 0.4465634524822235, 0.8966834545135498, 0.9903013706207275, 0.09963968396186829, 0.17474541068077087, 1.3464699983596802, 0.8341027498245239, 0.8320813775062561, 0.8320813775062561, inf, '01:41']
[38, 0.4415765404701233, 0.4433421492576599, 0.8945203423500061, 0.9884841442108154, 0.09726936370134354, 0.17588937282562256, 1.4082974195480347, 0.8191956281661987, 0.8226931691169739, 0.8226931691169739, inf, '01:41']
[39, 0.439310759305954, 0.44915062189102173, 0.8941141963005066, 0.9866264462471008, 0.10053287446498871, 0.1766873002052307, 1.4755940437316895, 0.8184200525283813, 0.8236280083656311, 0.8236280083656311, inf, '01:41']
No improvement since epoch 31: early stopping
----------
4
----------
DLS create!
[0, 0.5253968834877014, 0.5089262127876282, 0.9766480922698975, 0.9837146997451782, 0.031191591173410416, 0.18310892581939697, 1.431014060974121, 0.9567453861236572, 0.9551589488983154, 0.9551589488983154, 2.980358123779297, '01:42']
Better model found at epoch 0 with valid_loss value: 0.5089262127876282.
[1, 0.5031058192253113, 0.581813395023346, 0.9800134897232056, 0.8919588923454285, 0.02194967120885849, 0.21684718132019043, 1.812995433807373, 0.9546306133270264, 0.9614244103431702, 0.9614244103431702, 52.54184341430664, '01:41']
[2, 0.49329012632369995, 0.4891259968280792, 0.9567404389381409, 0.986364483833313, 0.050469864159822464, 0.17628544569015503, 1.4532697200775146, 0.9214894771575928, 0.9205248951911926, 0.9205248951911926, 1.9268289804458618, '01:42']
Better model found at epoch 2 with valid_loss value: 0.4891259968280792.
[3, 0.48510149121284485, 0.4794495701789856, 0.9478872418403625, 0.989350438117981, 0.06313097476959229, 0.1749071180820465, 1.3312503099441528, 0.9015476107597351, 0.9043181538581848, 0.9043181538581848, 0.8698490262031555, '01:41']
Better model found at epoch 3 with valid_loss value: 0.4794495701789856.
[4, 0.48335960507392883, 0.5803317427635193, 0.9727585315704346, 0.9143857359886169, 0.027959361672401428, 0.20870165526866913, 1.8594704866409302, 0.9356300234794617, 0.94804847240448, 0.94804847240448, 37.64722442626953, '01:41']
[5, 0.480989545583725, 0.49223148822784424, 0.9595790505409241, 0.9895287752151489, 0.046943482011556625, 0.17479398846626282, 1.3251005411148071, 0.9187481999397278, 0.9238649010658264, 0.9238649010658264, 0.7918283939361572, '01:41']
[6, 0.476430743932724, 0.48639342188835144, 0.9546878337860107, 0.9879860877990723, 0.05133423954248428, 0.17548872530460358, 1.3996280431747437, 0.9120111465454102, 0.9154283404350281, 0.9154283404350281, 1.4145889282226562, '01:41']
[7, 0.46653562784194946, 0.4809693992137909, 0.9301892518997192, 0.9798218607902527, 0.07230004668235779, 0.17962121963500977, 1.6501284837722778, 0.8615591526031494, 0.8739983439445496, 0.8739983439445496, 3.9399220943450928, '01:41']
[8, 0.4627659022808075, 0.4684266448020935, 0.9331303834915161, 0.9884377121925354, 0.07289441674947739, 0.17530792951583862, 1.3700206279754639, 0.8727313280105591, 0.8789507746696472, 0.8789507746696472, 1.1053688526153564, '01:42']
Better model found at epoch 8 with valid_loss value: 0.4684266448020935.
[9, 0.4665718674659729, 0.46972620487213135, 0.9342706203460693, 0.9885519742965698, 0.0720200166106224, 0.17511840164661407, 1.3606237173080444, 0.8791928291320801, 0.881926953792572, 0.881926953792572, 1.0850975513458252, '01:41']
[10, 0.47010016441345215, 0.469530314207077, 0.9249194264411926, 0.982509970664978, 0.07956302911043167, 0.1782410591840744, 1.5899454355239868, 0.851921558380127, 0.864969789981842, 0.864969789981842, 3.620053291320801, '01:41']
[11, 0.45940452814102173, 0.4666002094745636, 0.9220894575119019, 0.9838965535163879, 0.08287252485752106, 0.17766325175762177, 1.515397310256958, 0.8545886874198914, 0.8623031377792358, 0.8623031377792358, 2.018376111984253, '01:42']
Better model found at epoch 11 with valid_loss value: 0.4666002094745636.
[12, 0.451673299074173, 0.4537755250930786, 0.9147078394889832, 0.9886279702186584, 0.0924547016620636, 0.1752748191356659, 1.3538331985473633, 0.844581127166748, 0.8500308394432068, 0.8500308394432068, 1.0412356853485107, '01:41']
Better model found at epoch 12 with valid_loss value: 0.4537755250930786.
[13, 0.46318238973617554, 0.4512537121772766, 0.9099893569946289, 0.9871379137039185, 0.09598829597234726, 0.1760411113500595, 1.473544955253601, 0.8316256403923035, 0.8405887484550476, 0.8405887484550476, 1.762283444404602, '01:41']
Better model found at epoch 13 with valid_loss value: 0.4512537121772766.
[14, 0.454982191324234, 0.47133684158325195, 0.9272933006286621, 0.9825713634490967, 0.07742460072040558, 0.17819422483444214, 1.5436755418777466, 0.8576344847679138, 0.8693791031837463, 0.8693791031837463, 2.5207178592681885, '01:43']
[15, 0.4615778923034668, 0.454096257686615, 0.9132207632064819, 0.9880132079124451, 0.0932682454586029, 0.17546619474887848, 1.4228687286376953, 0.8403170704841614, 0.847183346748352, 0.847183346748352, 1.5357999801635742, '01:41']
[16, 0.45914319157600403, 0.4522917568683624, 0.9073553085327148, 0.9847016334533691, 0.09877623617649078, 0.177302747964859, 1.50934898853302, 0.8226327300071716, 0.8356518149375916, 0.8356518149375916, 2.0791447162628174, '01:41']
[17, 0.45175817608833313, 0.45083099603652954, 0.9074227809906006, 0.986632764339447, 0.09845767170190811, 0.17626994848251343, 1.4749884605407715, 0.8264386653900146, 0.8364374041557312, 0.8364374041557312, 1.801469087600708, '01:42']
Better model found at epoch 17 with valid_loss value: 0.45083099603652954.
[18, 0.453025758266449, 0.4542878270149231, 0.9110071659088135, 0.9842267036437988, 0.09509240835905075, 0.17740534245967865, 1.5403255224227905, 0.8283167481422424, 0.8421311974525452, 0.8421311974525452, 2.668549060821533, '01:41']
[19, 0.45210570096969604, 0.45470476150512695, 0.9144479632377625, 0.9850503206253052, 0.09330175817012787, 0.1770760715007782, 1.495914340019226, 0.8377909064292908, 0.8475971221923828, 0.8475971221923828, 1.9770432710647583, '01:41']
[20, 0.45705682039260864, 0.4677782356739044, 0.9179060459136963, 0.9807221293449402, 0.08930417150259018, 0.1795758157968521, 1.5901049375534058, 0.8380800485610962, 0.8546034693717957, 0.8546034693717957, 3.0063459873199463, '01:41']
[21, 0.44037291407585144, 0.4652251601219177, 0.9205122590065002, 0.982791006565094, 0.08382917195558548, 0.17813701927661896, 1.5721503496170044, 0.8430748581886292, 0.8576157093048096, 0.8576157093048096, 3.282332181930542, '01:41']
[22, 0.450252890586853, 0.44785740971565247, 0.9025519490242004, 0.986659586429596, 0.10230585932731628, 0.1763165444135666, 1.465679407119751, 0.819096028804779, 0.8290608525276184, 0.8290608525276184, 1.7579805850982666, '01:41']
Better model found at epoch 22 with valid_loss value: 0.44785740971565247.
[23, 0.4523594081401825, 0.4555875360965729, 0.9131913185119629, 0.9857510328292847, 0.09173569083213806, 0.17665544152259827, 1.5046306848526, 0.8380438685417175, 0.8474714159965515, 0.8474714756011963, 2.3234899044036865, '01:44']
[24, 0.43741708993911743, 0.45050346851348877, 0.9035806059837341, 0.9870749115943909, 0.09981828927993774, 0.1760108917951584, 1.4421724081039429, 0.8245070576667786, 0.8312222957611084, 0.8312222957611084, 1.4445266723632812, '01:42']
[25, 0.4440411925315857, 0.43907880783081055, 0.8944299817085266, 0.9887626767158508, 0.11220311373472214, 0.17529164254665375, 1.3884766101837158, 0.8124181628227234, 0.8188311457633972, 0.8188311457633972, 1.1618531942367554, '01:41']
Better model found at epoch 25 with valid_loss value: 0.43907880783081055.
[26, 0.4469858407974243, 0.4529400169849396, 0.9050715565681458, 0.9837590456008911, 0.09944391250610352, 0.1778731346130371, 1.5481928586959839, 0.8172674179077148, 0.831757128238678, 0.831757128238678, 2.396474838256836, '01:41']
[27, 0.4410213828086853, 0.46639484167099, 0.909507155418396, 0.9804471135139465, 0.09370294958353043, 0.1796523928642273, 1.6252760887145996, 0.8177964687347412, 0.8390557169914246, 0.8390557169914246, 3.253643035888672, '01:41']
[28, 0.43837037682533264, 0.4573073387145996, 0.9133169651031494, 0.9895636439323425, 0.08923991024494171, 0.17474700510501862, 1.2614212036132812, 0.8346525430679321, 0.8481503129005432, 0.8481503129005432, 0.7110050916671753, '01:41']
[29, 0.44688880443573, 0.44610294699668884, 0.9089117050170898, 0.9890387654304504, 0.10294803977012634, 0.17506571114063263, 1.3537310361862183, 0.8287302255630493, 0.8385722637176514, 0.8385722637176514, 1.1507245302200317, '01:41']
[30, 0.4462583363056183, 0.44303393363952637, 0.8981382846832275, 0.9871385097503662, 0.1093769446015358, 0.17611806094646454, 1.4276769161224365, 0.8141807317733765, 0.8234225511550903, 0.8234225511550903, 1.5339785814285278, '01:41']
[31, 0.44864264130592346, 0.4404977262020111, 0.8967706561088562, 0.9888865351676941, 0.1100895032286644, 0.17514704167842865, 1.3611125946044922, 0.8154817223548889, 0.8215710520744324, 0.8215710520744324, 1.0856678485870361, '01:41']
[32, 0.44209545850753784, 0.44089069962501526, 0.8926294445991516, 0.9868609309196472, 0.11202039569616318, 0.17632193863391876, 1.4690810441970825, 0.8050788044929504, 0.814268946647644, 0.814268946647644, 1.666853427886963, '01:41']
[33, 0.4467526078224182, 0.4444684088230133, 0.9033753275871277, 0.9874380230903625, 0.10486515611410141, 0.17599263787269592, 1.4352805614471436, 0.8212935328483582, 0.8296537399291992, 0.8296537399291992, 1.490126132965088, '01:41']
No improvement since epoch 25: early stopping
MAnet_dense161 Done!
