Models will save to MAnet_incv4_x
Use inceptionv4 encoder
Start training...
----------
0
----------
DLS create!
[0, 0.5284003615379333, 0.5061342716217041, 0.9856328964233398, 0.9933193325996399, 0.0019823734182864428, 0.1777740716934204, 1.2354894876480103, 0.9771876931190491, 0.971969485282898, 0.971969485282898, 0.07953888177871704, '01:18']
Better model found at epoch 0 with valid_loss value: 0.5061342716217041.
[1, 0.4998694956302643, 0.6840734481811523, 0.9847734570503235, 0.8637760281562805, 0.015214189887046814, 0.2344616800546646, 1.9320147037506104, 0.9610082507133484, 0.9704760313034058, 0.9704760313034058, 111.6884536743164, '01:17']
[2, 0.492853045463562, 0.4823748469352722, 0.9568734169006348, 0.9911866784095764, 0.05121168494224548, 0.17506548762321472, 1.381738543510437, 0.9192860722541809, 0.9207804203033447, 0.9207803010940552, 1.7587242126464844, '01:17']
Better model found at epoch 2 with valid_loss value: 0.4823748469352722.
[3, 0.4934735894203186, 0.47610464692115784, 0.9463387131690979, 0.9873239994049072, 0.06283935159444809, 0.17699632048606873, 1.5505694150924683, 0.897887110710144, 0.9017540812492371, 0.9017540812492371, 4.312074661254883, '01:17']
Better model found at epoch 3 with valid_loss value: 0.47610464692115784.
[4, 0.49023139476776123, 0.4980136454105377, 0.9747532606124878, 0.9922488927841187, 0.02961614727973938, 0.17453332245349884, 1.2900210618972778, 0.949325442314148, 0.951537549495697, 0.951537549495697, 1.3227615356445312, '01:18']
[5, 0.48071134090423584, 0.46619027853012085, 0.9310089349746704, 0.9858693480491638, 0.07570569962263107, 0.17775282263755798, 1.6011605262756348, 0.8696271777153015, 0.8777636289596558, 0.8777636289596558, 6.134622097015381, '01:17']
Better model found at epoch 5 with valid_loss value: 0.46619027853012085.
[6, 0.48907309770584106, 0.49485594034194946, 0.9552645087242126, 0.9767272472381592, 0.05070946365594864, 0.1825031191110611, 1.7289148569107056, 0.9086151719093323, 0.9180050492286682, 0.9180050492286682, 9.576581001281738, '01:16']
[7, 0.48427167534828186, 0.4680675268173218, 0.9378300905227661, 0.9880105257034302, 0.07049155235290527, 0.17659950256347656, 1.539664387702942, 0.882239818572998, 0.8873657584190369, 0.8873657584190369, 4.311373710632324, '01:17']
[8, 0.4841451942920685, 0.46733739972114563, 0.9359169602394104, 0.9866736531257629, 0.07433902472257614, 0.17754295468330383, 1.5819097757339478, 0.8779634833335876, 0.88454669713974, 0.88454669713974, 5.313333034515381, '01:17']
[9, 0.48088252544403076, 0.4791432023048401, 0.9319425225257874, 0.9757348299026489, 0.07487468421459198, 0.18311652541160583, 1.7476539611816406, 0.8553170561790466, 0.8785833716392517, 0.8785833716392517, 11.194113731384277, '01:17']
[10, 0.474674791097641, 0.4554077386856079, 0.9253790974617004, 0.9926853179931641, 0.08402864634990692, 0.17416203022003174, 1.244779348373413, 0.8662249445915222, 0.8708788156509399, 0.8708788156509399, 0.6727997064590454, '01:17']
Better model found at epoch 10 with valid_loss value: 0.4554077386856079.
[11, 0.4753335416316986, 0.479164183139801, 0.9374514222145081, 0.978460431098938, 0.06736879795789719, 0.1812606155872345, 1.711827039718628, 0.8708891868591309, 0.8868532180786133, 0.8868532180786133, 11.511061668395996, '01:17']
[12, 0.47100162506103516, 0.45345649123191833, 0.9172213077545166, 0.9871715903282166, 0.09056253731250763, 0.1770114302635193, 1.582156777381897, 0.8505343198776245, 0.8563322424888611, 0.8563322424888611, 4.28865909576416, '01:17']
Better model found at epoch 12 with valid_loss value: 0.45345649123191833.
[13, 0.47554612159729004, 0.4558883607387543, 0.9239063262939453, 0.988702654838562, 0.0872301235795021, 0.17642690241336823, 1.5394182205200195, 0.8579986691474915, 0.8651311993598938, 0.8651311993598938, 3.6417434215545654, '01:17']
[14, 0.47233477234840393, 0.48260003328323364, 0.9380887150764465, 0.9757443070411682, 0.06672986596822739, 0.18263976275920868, 1.736665964126587, 0.8688600063323975, 0.8887512683868408, 0.8887512683868408, 11.373470306396484, '01:17']
[15, 0.4672776460647583, 0.44455790519714355, 0.9104979634284973, 0.9908336400985718, 0.0989304631948471, 0.17511345446109772, 1.4155449867248535, 0.8421390652656555, 0.8451572060585022, 0.8451572060585022, 1.9987717866897583, '01:18']
Better model found at epoch 15 with valid_loss value: 0.44455790519714355.
[16, 0.4672010540962219, 0.45502322912216187, 0.9132433533668518, 0.982609212398529, 0.09356878697872162, 0.17954325675964355, 1.6693429946899414, 0.8299949169158936, 0.848861575126648, 0.848861575126648, 6.003180503845215, '01:17']
[17, 0.4606274664402008, 0.49399876594543457, 0.9305052161216736, 0.967308521270752, 0.07578759640455246, 0.18787966668605804, 1.7953290939331055, 0.8388245105743408, 0.876752495765686, 0.876752495765686, 15.320841789245605, '01:17']
[18, 0.46124422550201416, 0.43831366300582886, 0.8991314172744751, 0.9884041547775269, 0.10899709165096283, 0.17655807733535767, 1.5111838579177856, 0.8174183964729309, 0.8265798687934875, 0.8265798687934875, 3.277564525604248, '01:17']
Better model found at epoch 18 with valid_loss value: 0.43831366300582886.
[19, 0.45442697405815125, 0.4623506963253021, 0.9185502529144287, 0.9799025654792786, 0.0872034952044487, 0.18091997504234314, 1.7010630369186401, 0.8317947387695312, 0.8562403321266174, 0.8562403321266174, 7.603555202484131, '01:17']
[20, 0.4585752487182617, 0.4417587220668793, 0.8991343379020691, 0.9855471253395081, 0.10763652622699738, 0.1780194342136383, 1.6098361015319824, 0.8064176440238953, 0.8249041438102722, 0.8249041438102722, 4.752260208129883, '01:16']
[21, 0.461539626121521, 0.4572620093822479, 0.921292781829834, 0.992254376411438, 0.08422591537237167, 0.17432712018489838, 1.250599980354309, 0.8623085618019104, 0.8679449558258057, 0.8679449558258057, 0.6564534306526184, '01:18']
[22, 0.45051702857017517, 0.42740944027900696, 0.8855669498443604, 0.9900040030479431, 0.12215206027030945, 0.17568446695804596, 1.426221489906311, 0.7988696694374084, 0.8069815635681152, 0.8069815635681152, 2.1310999393463135, '01:17']
Better model found at epoch 22 with valid_loss value: 0.42740944027900696.
[23, 0.4483810067176819, 0.4308156371116638, 0.8913092017173767, 0.9905861020088196, 0.1155325397849083, 0.17539559304714203, 1.4251110553741455, 0.8116927146911621, 0.8162539601325989, 0.8162539601325989, 1.5383881330490112, '01:17']
[24, 0.4588755965232849, 0.48711782693862915, 0.9321587085723877, 0.967788815498352, 0.07313807308673859, 0.18710902333259583, 1.8004460334777832, 0.8383787870407104, 0.8778574466705322, 0.8778574466705322, 15.817532539367676, '01:17']
[25, 0.4489586353302002, 0.4362553656101227, 0.8976829051971436, 0.9905678629875183, 0.10844792425632477, 0.1752595603466034, 1.4568886756896973, 0.8222452998161316, 0.8259761929512024, 0.8259761929512024, 1.9421443939208984, '01:17']
[26, 0.45908427238464355, 0.47411155700683594, 0.9211753606796265, 0.9753542542457581, 0.08914897590875626, 0.18423639237880707, 1.7577961683273315, 0.8263123631477356, 0.8604432344436646, 0.8604432344436646, 10.631325721740723, '01:17']
[27, 0.4492027759552002, 0.43717989325523376, 0.8985433578491211, 0.9906167387962341, 0.11083543300628662, 0.17524905502796173, 1.381181240081787, 0.8268536329269409, 0.8311344981193542, 0.8311344981193542, 1.3863868713378906, '01:18']
[28, 0.4510660171508789, 0.42357125878334045, 0.8818485140800476, 0.9890700578689575, 0.13054630160331726, 0.17637665569782257, 1.4387942552566528, 0.7942305207252502, 0.8021761775016785, 0.8021761775016785, 1.8618241548538208, '01:17']
Better model found at epoch 28 with valid_loss value: 0.42357125878334045.
[29, 0.45337551832199097, 0.44084012508392334, 0.8995572328567505, 0.9893100261688232, 0.1095125824213028, 0.17609065771102905, 1.4633957147598267, 0.8187013268470764, 0.8289449214935303, 0.8289449214935303, 1.9830268621444702, '01:17']
[30, 0.44642704725265503, 0.43602851033210754, 0.8914262652397156, 0.9883661866188049, 0.1142217293381691, 0.1766328513622284, 1.4918556213378906, 0.8091105222702026, 0.8171429634094238, 0.8171429634094238, 2.1499783992767334, '01:17']
[31, 0.4435138702392578, 0.42633843421936035, 0.8837535977363586, 0.9917370676994324, 0.12163157761096954, 0.1747591346502304, 1.3178117275238037, 0.8003677725791931, 0.8069040775299072, 0.8069040775299072, 0.8532363176345825, '01:17']
[32, 0.43944108486175537, 0.4414457082748413, 0.9016821980476379, 0.99295574426651, 0.10303159058094025, 0.17402583360671997, 1.169249415397644, 0.8318483233451843, 0.8401795625686646, 0.8401795625686646, 0.40163367986679077, '01:17']
[33, 0.4472225308418274, 0.4249207079410553, 0.8796876072883606, 0.9890284538269043, 0.1275498867034912, 0.17624825239181519, 1.49275803565979, 0.790891170501709, 0.800486147403717, 0.800486147403717, 2.822206735610962, '01:18']
[34, 0.44216296076774597, 0.4668261408805847, 0.9110698699951172, 0.9770982265472412, 0.09148697555065155, 0.1824118196964264, 1.7482807636260986, 0.8093754053115845, 0.8442537784576416, 0.8442537784576416, 7.821961879730225, '01:17']
[35, 0.44968852400779724, 0.4449532926082611, 0.8992272019386292, 0.9820975661277771, 0.10773265361785889, 0.17994603514671326, 1.6777644157409668, 0.8000569939613342, 0.826346755027771, 0.826346755027771, 5.836308002471924, '01:17']
[36, 0.4541301727294922, 0.4808313846588135, 0.9151118397712708, 0.9737603664398193, 0.0867622122168541, 0.1842603236436844, 1.7669745683670044, 0.8087981343269348, 0.8493204116821289, 0.8493204116821289, 8.719233512878418, '01:17']
No improvement since epoch 28: early stopping
----------
1
----------
DLS create!
[0, 0.5160207748413086, 0.5217404961585999, 0.9790560603141785, 0.9906070232391357, 0.00315903895534575, 0.1884113848209381, 1.418354868888855, 0.9582176804542542, 0.9594262838363647, 0.9594262838363647, 0.1355505734682083, '01:17']
Better model found at epoch 0 with valid_loss value: 0.5217404961585999.
[1, 0.5015150308609009, 0.5036981701850891, 0.9677472114562988, 0.9819304943084717, 0.04020551219582558, 0.17847608029842377, 1.4849895238876343, 0.9392916560173035, 0.93828284740448, 0.93828284740448, 6.092523574829102, '01:17']
Better model found at epoch 1 with valid_loss value: 0.5036981701850891.
[2, 0.4995998740196228, 0.4972427487373352, 0.9614966511726379, 0.9865915179252625, 0.04537411406636238, 0.175508052110672, 1.38518226146698, 0.9276484847068787, 0.9270178079605103, 0.9270178079605103, 3.200491428375244, '01:18']
Better model found at epoch 2 with valid_loss value: 0.4972427487373352.
[3, 0.4940889775753021, 0.4930766820907593, 0.9598274827003479, 0.9867865443229675, 0.04641462489962578, 0.17563316226005554, 1.402208685874939, 0.9242163300514221, 0.9239704608917236, 0.9239704608917236, 2.9037303924560547, '01:18']
Better model found at epoch 3 with valid_loss value: 0.4930766820907593.
[4, 0.49227771162986755, 0.4886523187160492, 0.951999306678772, 0.9823732972145081, 0.05545032396912575, 0.17795857787132263, 1.5354899168014526, 0.9095840454101562, 0.9106160998344421, 0.9106160998344421, 4.992040634155273, '01:17']
Better model found at epoch 4 with valid_loss value: 0.4886523187160492.
[5, 0.4876447916030884, 0.4915359914302826, 0.951217770576477, 0.9794425964355469, 0.0553860068321228, 0.17950603365898132, 1.5998311042785645, 0.9054723978042603, 0.9090957641601562, 0.9090957641601562, 7.112446308135986, '01:17']
[6, 0.4836249053478241, 0.7565881609916687, 0.9853227734565735, 0.8081834316253662, 0.014849121682345867, 0.26042646169662476, 1.9237346649169922, 0.9691433310508728, 0.9715269207954407, 0.9715269207954407, 120.83521270751953, '01:18']
[7, 0.48347654938697815, 0.48403221368789673, 0.9472531676292419, 0.983965277671814, 0.05943720415234566, 0.1773008406162262, 1.5090837478637695, 0.9016193151473999, 0.9028179049491882, 0.9028179049491882, 4.3893561363220215, '01:18']
Better model found at epoch 7 with valid_loss value: 0.48403221368789673.
[8, 0.48697543144226074, 0.48554813861846924, 0.9497478008270264, 0.9855794906616211, 0.056908268481492996, 0.1763906329870224, 1.4592905044555664, 0.9052879214286804, 0.9063727259635925, 0.9063727259635925, 3.2372243404388428, '01:17']
[9, 0.48917511105537415, 0.486969530582428, 0.9549888372421265, 0.988003671169281, 0.051627907902002335, 0.17545732855796814, 1.3745976686477661, 0.9142107963562012, 0.9153273105621338, 0.9153273105621338, 2.1369261741638184, '01:17']
[10, 0.4779234528541565, 0.5201750993728638, 0.9563066363334656, 0.962193489074707, 0.05123685300350189, 0.1896657645702362, 1.769789695739746, 0.8984538316726685, 0.9179502129554749, 0.9179502129554749, 15.69133186340332, '01:17']
[11, 0.4858074188232422, 0.49413737654685974, 0.9645121097564697, 0.9893529415130615, 0.03643489629030228, 0.1747499406337738, 1.2894790172576904, 0.9312558770179749, 0.9331867694854736, 0.9331867694854736, 0.8344709873199463, '01:17']
[12, 0.4845717251300812, 0.48246994614601135, 0.9469987750053406, 0.9856528043746948, 0.06027189642190933, 0.17655722796916962, 1.4794434309005737, 0.9011447429656982, 0.9016831517219543, 0.9016831517219543, 3.315782308578491, '01:18']
Better model found at epoch 12 with valid_loss value: 0.48246994614601135.
[13, 0.4747190773487091, 0.4740581214427948, 0.9393087029457092, 0.9888003468513489, 0.06643877923488617, 0.17482629418373108, 1.3326117992401123, 0.884261965751648, 0.8880059719085693, 0.8880059719085693, 1.3733558654785156, '01:18']
Better model found at epoch 13 with valid_loss value: 0.4740581214427948.
[14, 0.47602665424346924, 0.4852800667285919, 0.9507734775543213, 0.9885410666465759, 0.053492285311222076, 0.17499078810214996, 1.3432365655899048, 0.9044619202613831, 0.9081090688705444, 0.9081090688705444, 1.2001289129257202, '01:19']
[15, 0.47726622223854065, 0.4798251688480377, 0.9402691125869751, 0.9854257702827454, 0.06494642794132233, 0.17647957801818848, 1.485648274421692, 0.8870561122894287, 0.8893581032752991, 0.8893582224845886, 3.381195068359375, '01:18']
[16, 0.4647926092147827, 0.4873984456062317, 0.9378923177719116, 0.9785196781158447, 0.06596099585294724, 0.17996437847614288, 1.61841881275177, 0.8778149485588074, 0.8859930038452148, 0.8859930038452148, 9.288437843322754, '01:18']
[17, 0.46427223086357117, 0.4694600999355316, 0.9295796155929565, 0.9871335029602051, 0.07720358669757843, 0.17570874094963074, 1.4005829095840454, 0.8700625896453857, 0.8732699155807495, 0.8732699155807495, 2.2805869579315186, '01:19']
Better model found at epoch 17 with valid_loss value: 0.4694600999355316.
[18, 0.46477749943733215, 0.4774070382118225, 0.9390333294868469, 0.9895894527435303, 0.06452871114015579, 0.17422352731227875, 1.2678488492965698, 0.8797569870948792, 0.888816773891449, 0.888816773891449, 1.1986057758331299, '01:18']
[19, 0.4639575481414795, 0.504576563835144, 0.9411857724189758, 0.9652822613716125, 0.06174232438206673, 0.186691015958786, 1.741801142692566, 0.8645053505897522, 0.8910485506057739, 0.8910485506057739, 13.56745433807373, '01:18']
[20, 0.4604555070400238, 0.4911128878593445, 0.9354164600372314, 0.9772593379020691, 0.06713184714317322, 0.18059922754764557, 1.6051987409591675, 0.8695881366729736, 0.8820528388023376, 0.8820528388023376, 7.60488224029541, '01:18']
[21, 0.4548404812812805, 0.5589475631713867, 0.9549686312675476, 0.9427191615104675, 0.045619938522577286, 0.19788458943367004, 1.8353922367095947, 0.883274495601654, 0.9155519008636475, 0.9155519008636475, 23.703134536743164, '01:18']
[22, 0.45677587389945984, 0.48399618268013, 0.9476773142814636, 0.9900736212730408, 0.0538211390376091, 0.1739407181739807, 1.2213460206985474, 0.8890522122383118, 0.9038293957710266, 0.9038293957710266, 0.8747256398200989, '01:17']
[23, 0.45801228284835815, 0.4582666754722595, 0.913820743560791, 0.9875210523605347, 0.09210729598999023, 0.17546559870243073, 1.3574649095535278, 0.8403239846229553, 0.8482264876365662, 0.8482264876365662, 1.710837960243225, '01:18']
Better model found at epoch 23 with valid_loss value: 0.4582666754722595.
[24, 0.45792341232299805, 0.47802734375, 0.9341334700584412, 0.982498288154602, 0.06919819861650467, 0.17798499763011932, 1.4969758987426758, 0.8736335039138794, 0.8807589411735535, 0.8807588219642639, 3.371755838394165, '01:19']
[25, 0.45345425605773926, 0.4532875418663025, 0.9100249409675598, 0.9871558547019958, 0.09751729667186737, 0.17565201222896576, 1.3840012550354004, 0.834986686706543, 0.8410513401031494, 0.8410513401031494, 1.9649802446365356, '01:19']
Better model found at epoch 25 with valid_loss value: 0.4532875418663025.
[26, 0.45909732580184937, 0.5092021822929382, 0.9468637704849243, 0.9650503993034363, 0.05549803748726845, 0.1867128610610962, 1.7468647956848145, 0.8799759149551392, 0.9015870690345764, 0.9015870690345764, 11.522970199584961, '01:18']
[27, 0.45422422885894775, 0.45702043175697327, 0.9160282015800476, 0.988634467124939, 0.08875848352909088, 0.1748114824295044, 1.3465274572372437, 0.8427541255950928, 0.850066602230072, 0.850066602230072, 1.4763123989105225, '01:18']
[28, 0.44887107610702515, 0.45664748549461365, 0.9095348119735718, 0.9863421320915222, 0.09588371962308884, 0.17624162137508392, 1.4585267305374146, 0.8338865637779236, 0.8406406044960022, 0.8406406044960022, 2.598315477371216, '01:18']
[29, 0.4515340030193329, 0.4511317312717438, 0.9026798009872437, 0.9863448143005371, 0.1010250523686409, 0.17615844309329987, 1.4216057062149048, 0.8229402899742126, 0.8297884464263916, 0.8297884464263916, 2.4337656497955322, '01:18']
Better model found at epoch 29 with valid_loss value: 0.4511317312717438.
[30, 0.45283737778663635, 0.49855542182922363, 0.927884042263031, 0.9683224558830261, 0.07493368536233902, 0.1857226938009262, 1.7251933813095093, 0.8391258716583252, 0.8682546019554138, 0.8682546019554138, 10.54576587677002, '01:18']
[31, 0.4418949782848358, 0.45587459206581116, 0.9056941866874695, 0.9848346710205078, 0.09799458831548691, 0.17694151401519775, 1.4585537910461426, 0.8250660300254822, 0.834681510925293, 0.834681510925293, 3.118587017059326, '01:18']
[32, 0.45061662793159485, 0.4589773714542389, 0.9109600782394409, 0.986293375492096, 0.09365668892860413, 0.17606861889362335, 1.3764253854751587, 0.8367578983306885, 0.8445718884468079, 0.8445718884468079, 2.433675765991211, '01:19']
[33, 0.4468972086906433, 0.45402219891548157, 0.9070107340812683, 0.988070547580719, 0.09751918166875839, 0.1751411408185959, 1.3807889223098755, 0.8308260440826416, 0.8373992443084717, 0.8373992443084717, 2.060253620147705, '01:18']
[34, 0.4444885849952698, 0.4542553424835205, 0.9083577990531921, 0.9886203408241272, 0.09581906348466873, 0.17493022978305817, 1.2729371786117554, 0.8324611783027649, 0.8420479893684387, 0.8420479893684387, 1.1703453063964844, '01:18']
[35, 0.44672632217407227, 0.44385430216789246, 0.8991371989250183, 0.9851590991020203, 0.10828401893377304, 0.17674964666366577, 1.4711238145828247, 0.8150687217712402, 0.8233665227890015, 0.8233665227890015, 3.74120831489563, '01:18']
Better model found at epoch 35 with valid_loss value: 0.44385430216789246.
[36, 0.4407641589641571, 0.4560870826244354, 0.9120855331420898, 0.9888443350791931, 0.09300972521305084, 0.1748020201921463, 1.2631566524505615, 0.833892285823822, 0.8461044430732727, 0.8461044430732727, 0.8729645609855652, '01:19']
[37, 0.44452059268951416, 0.4667096734046936, 0.9133472442626953, 0.9797318577766418, 0.09030719846487045, 0.1795232892036438, 1.6217681169509888, 0.8286427855491638, 0.8454501628875732, 0.8454501628875732, 7.408392906188965, '01:18']
[38, 0.44024765491485596, 0.4544101655483246, 0.9041193723678589, 0.9853987693786621, 0.10055818408727646, 0.17660729587078094, 1.4758135080337524, 0.8228444457054138, 0.8306811451911926, 0.8306811451911926, 2.411770820617676, '01:19']
[39, 0.44872650504112244, 0.4738623797893524, 0.9160432815551758, 0.9786085486412048, 0.088063545525074, 0.18011604249477386, 1.5624653100967407, 0.8327950239181519, 0.8497353196144104, 0.8497353196144104, 5.16782283782959, '01:18']
[40, 0.45251211524009705, 0.43896418809890747, 0.8910989761352539, 0.9870842695236206, 0.11682145297527313, 0.175872802734375, 1.4209318161010742, 0.8053168058395386, 0.8115745782852173, 0.8115745782852173, 2.4771840572357178, '01:18']
Better model found at epoch 40 with valid_loss value: 0.43896418809890747.
[41, 0.44507738947868347, 0.44764530658721924, 0.9034573435783386, 0.9863789081573486, 0.10278420150279999, 0.1760718822479248, 1.4400171041488647, 0.8258424401283264, 0.8298580646514893, 0.8298580646514893, 2.728574514389038, '01:18']
[42, 0.4447391629219055, 0.44227197766304016, 0.8949086666107178, 0.9868292212486267, 0.11128068715333939, 0.17586109042167664, 1.4190267324447632, 0.8087681531906128, 0.8171437978744507, 0.8171437978744507, 2.5861361026763916, '01:18']
[43, 0.44089290499687195, 0.45353707671165466, 0.9053409695625305, 0.9849386811256409, 0.10010051727294922, 0.17684146761894226, 1.4812967777252197, 0.8251949548721313, 0.8339722156524658, 0.8339722156524658, 2.8014798164367676, '01:18']
[44, 0.4466911852359772, 0.49029338359832764, 0.9234099388122559, 0.9680856466293335, 0.07892908155918121, 0.18557623028755188, 1.7362399101257324, 0.8277696967124939, 0.860993504524231, 0.8609934449195862, 11.461661338806152, '01:19']
[45, 0.4441620707511902, 0.44221675395965576, 0.8939691185951233, 0.9833053350448608, 0.11201188713312149, 0.17781996726989746, 1.5408008098602295, 0.8014112114906311, 0.8143405914306641, 0.8143405914306641, 4.09412956237793, '01:19']
[46, 0.44095495343208313, 0.4365520179271698, 0.8886295557022095, 0.9872687458992004, 0.11870768666267395, 0.17570842802524567, 1.3695435523986816, 0.7994139790534973, 0.8081490993499756, 0.8081490993499756, 2.1731550693511963, '01:18']
Better model found at epoch 46 with valid_loss value: 0.4365520179271698.
[47, 0.4224054515361786, 0.43962812423706055, 0.8925605416297913, 0.9887387156486511, 0.11180178076028824, 0.17492765188217163, 1.3061941862106323, 0.8044167160987854, 0.8154770731925964, 0.8154770731925964, 0.9399519562721252, '01:18']
[48, 0.43880215287208557, 0.45304974913597107, 0.9085688591003418, 0.9894599914550781, 0.09702656418085098, 0.17441987991333008, 1.24228835105896, 0.8303996324539185, 0.8414757251739502, 0.8414757251739502, 1.3889451026916504, '01:18']
[49, 0.42673781514167786, 0.4418705999851227, 0.8881402611732483, 0.9852071404457092, 0.11638746410608292, 0.1767580360174179, 1.4333195686340332, 0.801173210144043, 0.8065296411514282, 0.8065296411514282, 2.312333345413208, '01:18']
[50, 0.4442153573036194, 0.44902458786964417, 0.8985493779182434, 0.9824574589729309, 0.10644179582595825, 0.17827145755290985, 1.556504249572754, 0.8085704445838928, 0.8218528628349304, 0.8218528628349304, 4.285613059997559, '01:18']
[51, 0.44207292795181274, 0.4481047987937927, 0.8984937071800232, 0.9892629384994507, 0.1061614453792572, 0.174542635679245, 1.2793484926223755, 0.8175546526908875, 0.8266631960868835, 0.8266631960868835, 1.1433559656143188, '01:19']
[52, 0.4425806999206543, 0.44182199239730835, 0.8933743238449097, 0.9865254163742065, 0.11237125843763351, 0.1761074811220169, 1.4028621912002563, 0.8072736859321594, 0.8156487345695496, 0.8156487345695496, 1.5746681690216064, '01:18']
[53, 0.43803709745407104, 0.4379844665527344, 0.8908650875091553, 0.987818717956543, 0.11611497402191162, 0.17527078092098236, 1.3960376977920532, 0.8049705624580383, 0.8108066916465759, 0.8108066916465759, 1.972623586654663, '01:18']
[54, 0.4416591227054596, 0.45367705821990967, 0.9076316952705383, 0.9843443632125854, 0.09761115908622742, 0.17703069746494293, 1.4517022371292114, 0.8267167210578918, 0.837038516998291, 0.837038516998291, 1.8692176342010498, '01:18']
No improvement since epoch 46: early stopping
----------
2
----------
DLS create!
[0, 0.5304981470108032, 0.5082245469093323, 0.9864897131919861, 0.9940379858016968, 0.0, 0.18031422793865204, 1.2355166673660278, 0.9769306182861328, 0.9735618829727173, 0.9735618829727173, 0.0, '01:18']
Better model found at epoch 0 with valid_loss value: 0.5082245469093323.
[1, 0.5079012513160706, 0.488517701625824, 0.9648351073265076, 0.9864271283149719, 0.05051387846469879, 0.1784658282995224, 1.5263081789016724, 0.9286432862281799, 0.9336068630218506, 0.9336068630218506, 2.8576924800872803, '01:19']
Better model found at epoch 1 with valid_loss value: 0.488517701625824.
[2, 0.4912930727005005, 0.711685061454773, 0.9873457551002502, 0.7941247224807739, 0.012746899388730526, 0.26221296191215515, 1.9154127836227417, 0.9643851518630981, 0.9753477573394775, 0.9753477573394775, 97.31353759765625, '01:18']
[3, 0.4920709729194641, 0.4854537844657898, 0.9569553732872009, 0.983092725276947, 0.04949435591697693, 0.17884983122348785, 1.607773780822754, 0.9127809405326843, 0.9197291731834412, 0.9197291731834412, 3.8854258060455322, '01:18']
Better model found at epoch 3 with valid_loss value: 0.4854537844657898.
[4, 0.4970300793647766, 0.4863382577896118, 0.961281418800354, 0.9855361580848694, 0.050349071621894836, 0.1785711944103241, 1.5543891191482544, 0.9232121706008911, 0.9272738695144653, 0.9272738695144653, 3.717677354812622, '01:19']
[5, 0.4924541115760803, 0.4813459813594818, 0.9522391557693481, 0.9861180782318115, 0.05418815836310387, 0.1776340752840042, 1.5830477476119995, 0.9063831567764282, 0.9116360545158386, 0.9116360545158386, 3.0210139751434326, '01:18']
Better model found at epoch 5 with valid_loss value: 0.4813459813594818.
[6, 0.49195146560668945, 0.4817374646663666, 0.9547994136810303, 0.9872361421585083, 0.051819104701280594, 0.17727908492088318, 1.5619107484817505, 0.9114215970039368, 0.9159137010574341, 0.9159137010574341, 2.773092269897461, '01:18']
[7, 0.4907408058643341, 0.48023492097854614, 0.9557249546051025, 0.9897157549858093, 0.052223123610019684, 0.17600302398204803, 1.4620361328125, 0.914176344871521, 0.9170769453048706, 0.9170769453048706, 1.8137272596359253, '01:18']
Better model found at epoch 7 with valid_loss value: 0.48023492097854614.
[8, 0.4829619526863098, 0.5525932312011719, 0.9654049873352051, 0.9355615377426147, 0.036492910236120224, 0.20220305025577545, 1.885048270225525, 0.8960782885551453, 0.9346272349357605, 0.9346272349357605, 22.49402618408203, '01:18']
[9, 0.48676103353500366, 0.4853855073451996, 0.9621104598045349, 0.9925023913383484, 0.04348897188901901, 0.17436736822128296, 1.293925404548645, 0.9269470572471619, 0.9288060665130615, 0.9288060665130615, 0.6250383853912354, '01:19']
[10, 0.4852163791656494, 0.4719336926937103, 0.9483659863471985, 0.9897093176841736, 0.0633012130856514, 0.17597508430480957, 1.434672474861145, 0.902529239654541, 0.9051325917243958, 0.9051325917243958, 1.7332998514175415, '01:19']
Better model found at epoch 10 with valid_loss value: 0.4719336926937103.
[11, 0.4915068447589874, 0.4715406596660614, 0.9454026818275452, 0.9890278577804565, 0.06490421295166016, 0.17624543607234955, 1.4855707883834839, 0.8959914445877075, 0.8994994759559631, 0.8994994759559631, 1.8592318296432495, '01:18']
Better model found at epoch 11 with valid_loss value: 0.4715406596660614.
[12, 0.48370587825775146, 0.48592451214790344, 0.9497001767158508, 0.9772250652313232, 0.05707757547497749, 0.18215060234069824, 1.7051886320114136, 0.8881421685218811, 0.9067193865776062, 0.9067193865776062, 6.0810227394104, '01:18']
[13, 0.4788343012332916, 0.4682364761829376, 0.9429453015327454, 0.9910677671432495, 0.06474030762910843, 0.1752929985523224, 1.4026566743850708, 0.8937420845031738, 0.8960551023483276, 0.8960551023483276, 1.1855500936508179, '01:19']
Better model found at epoch 13 with valid_loss value: 0.4682364761829376.
[14, 0.4754273593425751, 0.4677419066429138, 0.9444959759712219, 0.9919126629829407, 0.06570908427238464, 0.1748184859752655, 1.3460837602615356, 0.8966039419174194, 0.8981592655181885, 0.8981592655181885, 0.9124542474746704, '01:18']
Better model found at epoch 14 with valid_loss value: 0.4677419066429138.
[15, 0.47136926651000977, 0.4707340896129608, 0.9478239417076111, 0.9932846426963806, 0.06033768132328987, 0.1741483062505722, 1.1937775611877441, 0.9031392335891724, 0.9054924845695496, 0.9054924845695496, 0.34944936633110046, '01:18']
[16, 0.46613556146621704, 0.4582628011703491, 0.9276585578918457, 0.988343358039856, 0.07906647771596909, 0.17664659023284912, 1.5069128274917603, 0.8611988425254822, 0.8694694638252258, 0.8694694638252258, 1.9732191562652588, '01:18']
Better model found at epoch 16 with valid_loss value: 0.4582628011703491.
[17, 0.46722063422203064, 0.486086368560791, 0.9416431784629822, 0.9744426608085632, 0.061844754964113235, 0.1833404004573822, 1.716375708580017, 0.8687520623207092, 0.8930041790008545, 0.8930041790008545, 5.884277820587158, '01:18']
[18, 0.4617808759212494, 0.4599393606185913, 0.9297395348548889, 0.987922728061676, 0.07789759337902069, 0.17685425281524658, 1.5291690826416016, 0.8627878427505493, 0.8730131387710571, 0.8730131387710571, 2.327198028564453, '01:18']
[19, 0.46337300539016724, 0.47094741463661194, 0.9406537413597107, 0.9869261980056763, 0.06440576910972595, 0.17710673809051514, 1.4955557584762573, 0.8846323490142822, 0.891822874546051, 0.891822874546051, 2.2448627948760986, '01:20']
[20, 0.4552364647388458, 0.4533146917819977, 0.9213502407073975, 0.9879046082496643, 0.08844132721424103, 0.17687009274959564, 1.5080641508102417, 0.8512812256813049, 0.8607907295227051, 0.8607907295227051, 2.1925437450408936, '01:18']
Better model found at epoch 20 with valid_loss value: 0.4533146917819977.
[21, 0.46275365352630615, 0.47895491123199463, 0.9396103620529175, 0.9818490743637085, 0.06549415737390518, 0.1800600290298462, 1.6076558828353882, 0.8732419610023499, 0.8901979327201843, 0.8901979327201843, 3.5919394493103027, '01:18']
[22, 0.4516388475894928, 0.46523740887641907, 0.92652428150177, 0.982157289981842, 0.07749203592538834, 0.17954178154468536, 1.610663890838623, 0.8516838550567627, 0.8681133985519409, 0.8681133985519409, 3.1793770790100098, '01:18']
[23, 0.4601108431816101, 0.45068103075027466, 0.9196943044662476, 0.9878546595573425, 0.08951347321271896, 0.17693807184696198, 1.5435466766357422, 0.8477585315704346, 0.8567639589309692, 0.8567639589309692, 2.118708848953247, '01:18']
Better model found at epoch 23 with valid_loss value: 0.45068103075027466.
[24, 0.45499226450920105, 0.4644574820995331, 0.9354471564292908, 0.9902780652046204, 0.07131500542163849, 0.17555104196071625, 1.4094573259353638, 0.8792102336883545, 0.8827447891235352, 0.8827447891235352, 1.1249146461486816, '01:18']
[25, 0.44920316338539124, 0.4472269117832184, 0.9147469997406006, 0.9915152788162231, 0.09017730504274368, 0.17501120269298553, 1.325716257095337, 0.8475156426429749, 0.8510965704917908, 0.8510965704917908, 0.8274670839309692, '01:19']
Better model found at epoch 25 with valid_loss value: 0.4472269117832184.
[26, 0.4545454978942871, 0.4867696166038513, 0.941070556640625, 0.977760910987854, 0.061880577355623245, 0.18193423748016357, 1.7010849714279175, 0.871342658996582, 0.8925373554229736, 0.8925373554229736, 6.50494384765625, '01:18']
[27, 0.45345017313957214, 0.4524775743484497, 0.921442449092865, 0.9894513487815857, 0.08598589152097702, 0.17607562243938446, 1.4401801824569702, 0.8556505441665649, 0.8610969185829163, 0.8610969185829163, 1.4491099119186401, '01:18']
[28, 0.456969290971756, 0.45489922165870667, 0.9227285981178284, 0.9892995357513428, 0.08439391851425171, 0.17622265219688416, 1.4335341453552246, 0.8587896823883057, 0.8636377453804016, 0.8636377453804016, 1.4143414497375488, '01:18']
[29, 0.44858813285827637, 0.4657519459724426, 0.9214261174201965, 0.9818712472915649, 0.08325248211622238, 0.18014563620090485, 1.664879560470581, 0.8346391916275024, 0.8590018153190613, 0.8590018153190613, 4.071419715881348, '01:18']
[30, 0.448588103055954, 0.4351845681667328, 0.9012446403503418, 0.9915017485618591, 0.10600858181715012, 0.17505410313606262, 1.379752278327942, 0.8252928853034973, 0.8286592960357666, 0.8286592960357666, 1.0103679895401, '01:19']
Better model found at epoch 30 with valid_loss value: 0.4351845681667328.
[31, 0.4483594298362732, 0.44677233695983887, 0.9107839465141296, 0.9870275259017944, 0.09893020987510681, 0.1775640994310379, 1.5880461931228638, 0.8262194395065308, 0.8423375487327576, 0.8423376679420471, 2.6449763774871826, '01:19']
[32, 0.4463067650794983, 0.4501694142818451, 0.9134629368782043, 0.9852880239486694, 0.09225030988454819, 0.1782061904668808, 1.6190754175186157, 0.8318029642105103, 0.8477503061294556, 0.8477503061294556, 3.027867555618286, '01:19']
[33, 0.45236092805862427, 0.449982225894928, 0.9182865023612976, 0.9902561902999878, 0.08844038844108582, 0.1757432073354721, 1.4025999307632446, 0.8506215214729309, 0.8566057682037354, 0.8566057682037354, 1.2475221157073975, '01:18']
[34, 0.4469747543334961, 0.46002820134162903, 0.9232382774353027, 0.9856976866722107, 0.0824490413069725, 0.17803099751472473, 1.5854740142822266, 0.8497735261917114, 0.862517237663269, 0.862517237663269, 2.733407497406006, '01:19']
[35, 0.4387036859989166, 0.4416216015815735, 0.9105432629585266, 0.993238091468811, 0.09869736433029175, 0.1740804761648178, 1.2502537965774536, 0.8382779955863953, 0.8435115218162537, 0.8435115218162537, 0.5229063034057617, '01:18']
[36, 0.4494503438472748, 0.4486599862575531, 0.9134073257446289, 0.9884034395217896, 0.09269529581069946, 0.176682248711586, 1.5207198858261108, 0.8356702923774719, 0.8466705083847046, 0.8466705083847046, 2.096395254135132, '01:18']
[37, 0.44656139612197876, 0.444532185792923, 0.9103432893753052, 0.9885492920875549, 0.0984540581703186, 0.17681503295898438, 1.5523568391799927, 0.8334078192710876, 0.8426909446716309, 0.8426909446716309, 2.221235990524292, '01:19']
[38, 0.44858092069625854, 0.4460684657096863, 0.9085256457328796, 0.9854739904403687, 0.09734318405389786, 0.1781352162361145, 1.620617389678955, 0.8200258612632751, 0.8381250500679016, 0.8381250500679016, 3.1443605422973633, '01:18']
No improvement since epoch 30: early stopping
----------
3
----------
DLS create!
[0, 0.5425899624824524, 0.508813738822937, 0.9819349646568298, 0.9922086000442505, 0.0312628373503685, 0.18289723992347717, 1.378624439239502, 0.9631525278091431, 0.9650586843490601, 0.9650586843490601, 0.832361102104187, '01:18']
Better model found at epoch 0 with valid_loss value: 0.508813738822937.
[1, 0.5002971887588501, 0.5247089266777039, 0.9800401329994202, 0.9644410610198975, 0.027153484523296356, 0.18986456096172333, 1.6873178482055664, 0.9565662741661072, 0.9620360136032104, 0.9620360136032104, 20.30034065246582, '01:18']
[2, 0.4948667883872986, 0.5049393177032471, 0.9556168913841248, 0.991496205329895, 0.052603885531425476, 0.1747714728116989, 1.3842664957046509, 0.9171108603477478, 0.9185023307800293, 0.9185023307800293, 1.2030874490737915, '01:18']
Better model found at epoch 2 with valid_loss value: 0.5049393177032471.
[3, 0.4932124614715576, 0.511170506477356, 0.9625005722045898, 0.9598821401596069, 0.04119135066866875, 0.18863427639007568, 1.7581963539123535, 0.906549870967865, 0.9305811524391174, 0.9305811524391174, 19.964473724365234, '01:17']
[4, 0.49330586194992065, 0.47485506534576416, 0.9492906928062439, 0.9914460182189941, 0.06305224448442459, 0.1752258837223053, 1.4020816087722778, 0.9078660607337952, 0.9090211391448975, 0.9090211391448975, 1.4041022062301636, '01:18']
Better model found at epoch 4 with valid_loss value: 0.47485506534576416.
[5, 0.4875331223011017, 0.4642728567123413, 0.9381586313247681, 0.9920859336853027, 0.07217006385326385, 0.17462894320487976, 1.3674131631851196, 0.8864532709121704, 0.8887191414833069, 0.8887191414833069, 1.1712002754211426, '01:19']
Better model found at epoch 5 with valid_loss value: 0.4642728567123413.
[6, 0.4789721667766571, 0.5052963495254517, 0.9644344449043274, 0.9793922305107117, 0.03775496408343315, 0.1804509311914444, 1.7043797969818115, 0.9248988032341003, 0.9330382943153381, 0.9330382943153381, 8.37678050994873, '01:18']
[7, 0.48766517639160156, 0.4654836058616638, 0.9395676851272583, 0.9909902811050415, 0.07558587938547134, 0.17531320452690125, 1.403386116027832, 0.8877896070480347, 0.8918235301971436, 0.8918235301971436, 1.9118880033493042, '01:19']
[8, 0.48118165135383606, 0.46877923607826233, 0.9359947443008423, 0.9860430955886841, 0.0728524923324585, 0.1776207536458969, 1.5950517654418945, 0.8799647688865662, 0.8864946961402893, 0.8864946961402893, 4.588449001312256, '01:19']
[9, 0.4781172275543213, 0.47701820731163025, 0.932827353477478, 0.9781615734100342, 0.07194175571203232, 0.18150702118873596, 1.723552942276001, 0.8528106808662415, 0.8797211647033691, 0.8797211647033691, 8.92971134185791, '01:18']
[10, 0.47452452778816223, 0.46413376927375793, 0.934992790222168, 0.9934825897216797, 0.07350946962833405, 0.1736977994441986, 1.1770381927490234, 0.8753674030303955, 0.8865627646446228, 0.8865627646446228, 0.3639577031135559, '01:18']
Better model found at epoch 10 with valid_loss value: 0.46413376927375793.
[11, 0.4730222821235657, 0.44995245337486267, 0.9164285063743591, 0.9882233142852783, 0.0920683965086937, 0.17652598023414612, 1.5492123365402222, 0.8440808653831482, 0.8544724583625793, 0.8544724583625793, 3.0850367546081543, '01:18']
Better model found at epoch 11 with valid_loss value: 0.44995245337486267.
[12, 0.4678840637207031, 0.4511055648326874, 0.9188523888587952, 0.9909402132034302, 0.08974962681531906, 0.17516040802001953, 1.4429744482040405, 0.8554208874702454, 0.8592599034309387, 0.8592599034309387, 1.7848838567733765, '01:18']
[13, 0.47489020228385925, 0.47676199674606323, 0.9356943368911743, 0.9886419773101807, 0.06909731775522232, 0.17618031799793243, 1.548297643661499, 0.8782643675804138, 0.8840538859367371, 0.8840538859367371, 2.647684335708618, '01:18']
[14, 0.45514073967933655, 0.4455014169216156, 0.9088095426559448, 0.9919554591178894, 0.09771040081977844, 0.174655944108963, 1.3458882570266724, 0.835975170135498, 0.846552312374115, 0.846552312374115, 1.133958101272583, '01:18']
Better model found at epoch 14 with valid_loss value: 0.4455014169216156.
[15, 0.45872050523757935, 0.4460136294364929, 0.9131002426147461, 0.9924401640892029, 0.09662904590368271, 0.17431138455867767, 1.3072389364242554, 0.8425734043121338, 0.8504953980445862, 0.8504953980445862, 0.9442530870437622, '01:18']
[16, 0.46638554334640503, 0.4391637444496155, 0.9064866304397583, 0.9926295876502991, 0.11181129515171051, 0.1745065301656723, 1.3349529504776, 0.832981526851654, 0.8409618139266968, 0.8409618139266968, 1.1868349313735962, '01:19']
Better model found at epoch 16 with valid_loss value: 0.4391637444496155.
[17, 0.4536244869232178, 0.43569496273994446, 0.896219789981842, 0.990106463432312, 0.11130962520837784, 0.17560192942619324, 1.4629831314086914, 0.8137522339820862, 0.8254336714744568, 0.8254336714744568, 3.068129062652588, '01:18']
Better model found at epoch 17 with valid_loss value: 0.43569496273994446.
[18, 0.45419466495513916, 0.43807682394981384, 0.9011980295181274, 0.9887484312057495, 0.10689890384674072, 0.17636270821094513, 1.5336800813674927, 0.8102389574050903, 0.827949583530426, 0.827949583530426, 2.4232866764068604, '01:19']
[19, 0.4496750831604004, 0.4511229395866394, 0.908206045627594, 0.9849212169647217, 0.09786415845155716, 0.1782117486000061, 1.5793033838272095, 0.8238500356674194, 0.8439203500747681, 0.8439203500747681, 4.623278617858887, '01:18']
[20, 0.4562894403934479, 0.4319390058517456, 0.894722044467926, 0.9915948510169983, 0.113188736140728, 0.17487084865570068, 1.4128451347351074, 0.8105567097663879, 0.821348249912262, 0.821348249912262, 1.6480071544647217, '01:18']
Better model found at epoch 20 with valid_loss value: 0.4319390058517456.
[21, 0.44113558530807495, 0.4394831955432892, 0.9010645747184753, 0.9933665990829468, 0.1036209911108017, 0.17379383742809296, 1.191745400428772, 0.818910539150238, 0.8363913893699646, 0.8363913893699646, 0.4949858486652374, '01:18']
[22, 0.4477880895137787, 0.42799368500709534, 0.8895294666290283, 0.9926901459693909, 0.12074027955532074, 0.17428645491600037, 1.3356153964996338, 0.8056678175926208, 0.8149166703224182, 0.8149166703224182, 0.9547324180603027, '01:18']
Better model found at epoch 22 with valid_loss value: 0.42799368500709534.
[23, 0.4429279565811157, 0.4347778558731079, 0.8977771997451782, 0.9912532567977905, 0.10828983038663864, 0.1749599426984787, 1.4369850158691406, 0.815043568611145, 0.8244033455848694, 0.8244033455848694, 1.5790621042251587, '01:18']
[24, 0.4512738585472107, 0.4291154444217682, 0.8886882066726685, 0.9890375137329102, 0.12072489410638809, 0.17639301717281342, 1.5313904285430908, 0.7931436896324158, 0.8119433522224426, 0.8119433522224426, 2.9121837615966797, '01:18']
[25, 0.4443639814853668, 0.4340800642967224, 0.891914427280426, 0.9889696836471558, 0.11390534788370132, 0.17642828822135925, 1.53043532371521, 0.7979480624198914, 0.8176953196525574, 0.8176953196525574, 3.1010804176330566, '01:18']
[26, 0.46210363507270813, 0.4290596544742584, 0.8880107402801514, 0.9901047945022583, 0.12109596282243729, 0.1756613403558731, 1.4605146646499634, 0.7970159649848938, 0.8133097887039185, 0.8133097887039185, 3.095768451690674, '01:19']
[27, 0.4492984116077423, 0.4225878417491913, 0.8781622052192688, 0.9909375905990601, 0.12661205232143402, 0.17525938153266907, 1.4295061826705933, 0.7782091498374939, 0.7949835658073425, 0.7949835658073425, 1.7274203300476074, '01:18']
Better model found at epoch 27 with valid_loss value: 0.4225878417491913.
[28, 0.4349874258041382, 0.4514070451259613, 0.9162979125976562, 0.9933920502662659, 0.08656163513660431, 0.1737338751554489, 1.143750548362732, 0.8452566266059875, 0.8614186644554138, 0.8614186644554138, 0.35305818915367126, '01:18']
[29, 0.4325883984565735, 0.4354484975337982, 0.8998004198074341, 0.9935801029205322, 0.10758605599403381, 0.17367500066757202, 1.1776033639907837, 0.812530517578125, 0.8305930495262146, 0.8305930495262146, 0.4456360936164856, '01:18']
[30, 0.4490848481655121, 0.4244212508201599, 0.8865692019462585, 0.9910953640937805, 0.12228952348232269, 0.17514733970165253, 1.4416108131408691, 0.795028805732727, 0.8084589242935181, 0.8084589242935181, 2.099611282348633, '01:18']
[31, 0.4368204176425934, 0.42406630516052246, 0.8839606046676636, 0.9923538565635681, 0.12385192513465881, 0.1746489554643631, 1.3532114028930664, 0.7964606881141663, 0.8089011907577515, 0.808901309967041, 1.1635236740112305, '01:18']
[32, 0.44235849380493164, 0.41407015919685364, 0.8739511370658875, 0.9921303987503052, 0.13502123951911926, 0.17460167407989502, 1.3537466526031494, 0.773923933506012, 0.7884862422943115, 0.7884862422943115, 1.1636837720870972, '01:18']
Better model found at epoch 32 with valid_loss value: 0.41407015919685364.
[33, 0.4474860429763794, 0.42521438002586365, 0.8845746517181396, 0.9928576946258545, 0.12295080721378326, 0.17415699362754822, 1.2565748691558838, 0.794672966003418, 0.8088372349739075, 0.8088372349739075, 0.7129973769187927, '01:19']
[34, 0.43526244163513184, 0.4254451096057892, 0.8850433230400085, 0.9925963878631592, 0.12244916707277298, 0.17426697909832, 1.2692526578903198, 0.7950548529624939, 0.8093305826187134, 0.8093305826187134, 0.8260506391525269, '01:18']
[35, 0.43009763956069946, 0.4341447651386261, 0.8926830291748047, 0.9883596897125244, 0.11228808015584946, 0.17658017575740814, 1.549981951713562, 0.8025533556938171, 0.817355215549469, 0.817355215549469, 2.5731923580169678, '01:19']
[36, 0.43887102603912354, 0.4197918176651001, 0.876976490020752, 0.9896040558815002, 0.12801283597946167, 0.175943523645401, 1.514229655265808, 0.7711602449417114, 0.7900264859199524, 0.7900264859199524, 2.1364758014678955, '01:18']
[37, 0.43071937561035156, 0.4330946207046509, 0.8939672708511353, 0.9933779835700989, 0.11131346225738525, 0.1737789362668991, 1.213655948638916, 0.8045245409011841, 0.8224115371704102, 0.8224115967750549, 0.5347292423248291, '01:18']
[38, 0.4387754499912262, 0.43681299686431885, 0.8968809247016907, 0.9886975884437561, 0.11208713799715042, 0.17651188373565674, 1.4379700422286987, 0.8091280460357666, 0.8250675797462463, 0.8250675797462463, 3.4766805171966553, '01:18']
[39, 0.4459894597530365, 0.4206032156944275, 0.8782352209091187, 0.9914506673812866, 0.1300966888666153, 0.17497090995311737, 1.4238702058792114, 0.7881812453269958, 0.798607349395752, 0.798607349395752, 1.52840256690979, '01:19']
[40, 0.4468808174133301, 0.41489651799201965, 0.868503987789154, 0.9897046685218811, 0.138235941529274, 0.17602035403251648, 1.5244059562683105, 0.7656299471855164, 0.7825976014137268, 0.7825976014137268, 2.2113332748413086, '01:18']
No improvement since epoch 32: early stopping
----------
4
----------
DLS create!
[0, 0.5189969539642334, 0.5141729712486267, 0.9817977547645569, 0.989692747592926, 0.011352251283824444, 0.18123285472393036, 1.3830188512802124, 0.9666684865951538, 0.9646793603897095, 0.9646793603897095, 0.5901151299476624, '01:19']
Better model found at epoch 0 with valid_loss value: 0.5141729712486267.
[1, 0.4995802044868469, 0.4983651041984558, 0.9687602519989014, 0.9864447712898254, 0.04154948890209198, 0.1762763261795044, 1.389472246170044, 0.9422106146812439, 0.9405752420425415, 0.9405752420425415, 2.578212261199951, '01:19']
Better model found at epoch 1 with valid_loss value: 0.4983651041984558.
[2, 0.4920761287212372, 0.5024486184120178, 0.9615792036056519, 0.973967969417572, 0.04581283777952194, 0.18096965551376343, 1.5967196226119995, 0.9235589504241943, 0.9278953671455383, 0.9278953671455383, 9.226018905639648, '01:18']
[3, 0.49246716499328613, 0.5080490708351135, 0.9647594094276428, 0.9796169996261597, 0.039709292352199554, 0.17917940020561218, 1.6099853515625, 0.9328287243843079, 0.9339536428451538, 0.9339536428451538, 5.622183322906494, '01:18']
[4, 0.48625892400741577, 0.5055289268493652, 0.9603871703147888, 0.974608302116394, 0.044449079781770706, 0.1814039945602417, 1.666763424873352, 0.9173241257667542, 0.9255319833755493, 0.9255319833755493, 8.584220886230469, '01:18']
[5, 0.47593697905540466, 0.5171125531196594, 0.9768141508102417, 0.9896363019943237, 0.024326015263795853, 0.1741366982460022, 1.253490924835205, 0.9515536427497864, 0.9558966159820557, 0.9558966159820557, 0.6474798917770386, '01:17']
[6, 0.48431894183158875, 0.5162795782089233, 0.9821135997772217, 0.9890276789665222, 0.018688643351197243, 0.17455710470676422, 1.2980027198791504, 0.9654650092124939, 0.9656133055686951, 0.9656133055686951, 0.91372150182724, '01:19']
[7, 0.4851588010787964, 0.5360767841339111, 0.9703232645988464, 0.9873340129852295, 0.032886285334825516, 0.1753455102443695, 1.385697603225708, 0.9433941841125488, 0.9445369839668274, 0.9445369839668274, 1.6206302642822266, '01:19']
[8, 0.4781835973262787, 0.5019862651824951, 0.9685160517692566, 0.9890196323394775, 0.03660471737384796, 0.17461994290351868, 1.3131427764892578, 0.9404743909835815, 0.941011905670166, 0.941011905670166, 0.9517586827278137, '01:18']
[9, 0.4796605110168457, 0.4975607097148895, 0.9630176424980164, 0.9887698292732239, 0.041385430842638016, 0.17462000250816345, 1.3393877744674683, 0.9271537065505981, 0.9317686557769775, 0.9317686557769775, 1.4437059164047241, '01:18']
Better model found at epoch 9 with valid_loss value: 0.4975607097148895.
[10, 0.47183212637901306, 0.4969457685947418, 0.9533924460411072, 0.9835633039474487, 0.05087567865848541, 0.17723742127418518, 1.4977208375930786, 0.9132694005966187, 0.9149124026298523, 0.9149124026298523, 4.451012134552002, '01:18']
Better model found at epoch 10 with valid_loss value: 0.4969457685947418.
[11, 0.471792072057724, 0.49125373363494873, 0.9518669247627258, 0.9848702549934387, 0.053067658096551895, 0.1767280250787735, 1.5075210332870483, 0.909881055355072, 0.9112274050712585, 0.9112274050712585, 3.4980175495147705, '01:18']
Better model found at epoch 11 with valid_loss value: 0.49125373363494873.
[12, 0.4725674092769623, 0.5067725777626038, 0.9630244374275208, 0.9832668304443359, 0.040317293256521225, 0.1773281842470169, 1.534186601638794, 0.9304460287094116, 0.9325515627861023, 0.9325515627861023, 3.2324094772338867, '01:18']
[13, 0.469902366399765, 0.4906283915042877, 0.9491446018218994, 0.9857503771781921, 0.05502508953213692, 0.17623065412044525, 1.4751107692718506, 0.9055399298667908, 0.9070082902908325, 0.9070082902908325, 2.389003276824951, '01:17']
Better model found at epoch 13 with valid_loss value: 0.4906283915042877.
[14, 0.46303412318229675, 0.47849398851394653, 0.9374488592147827, 0.9867182374000549, 0.0690840408205986, 0.17576263844966888, 1.4299172163009644, 0.8860078454017639, 0.8878331184387207, 0.8878331184387207, 2.7884140014648438, '01:17']
Better model found at epoch 14 with valid_loss value: 0.47849398851394653.
[15, 0.4537517726421356, 0.4977579712867737, 0.9585356712341309, 0.99019855260849, 0.04254206269979477, 0.17390920221805573, 1.203128695487976, 0.9185468554496765, 0.9275354146957397, 0.9275354146957397, 0.4487079381942749, '01:18']
[16, 0.46051421761512756, 0.47527316212654114, 0.9338831901550293, 0.9851879477500916, 0.07237707823514938, 0.1765827089548111, 1.4934196472167969, 0.8776794075965881, 0.8818478584289551, 0.8818478584289551, 2.8424699306488037, '01:18']
Better model found at epoch 16 with valid_loss value: 0.47527316212654114.
[17, 0.4626801311969757, 0.47812509536743164, 0.9357322454452515, 0.987533688545227, 0.06838108599185944, 0.17533643543720245, 1.4301050901412964, 0.8836226463317871, 0.8857724070549011, 0.8857724070549011, 1.7923024892807007, '01:17']
[18, 0.4593501389026642, 0.4939020872116089, 0.9410149455070496, 0.9744569659233093, 0.06220066174864769, 0.18189266324043274, 1.7056591510772705, 0.8758490085601807, 0.8924765586853027, 0.8924765586853027, 7.623967170715332, '01:18']
[19, 0.4537768065929413, 0.4825379550457001, 0.9335838556289673, 0.9796981811523438, 0.07005967199802399, 0.1793789267539978, 1.6464179754257202, 0.8681512475013733, 0.8798031806945801, 0.8798031806945801, 5.622848987579346, '01:17']
[20, 0.44634634256362915, 0.47762370109558105, 0.9360014200210571, 0.9885649681091309, 0.06683611124753952, 0.17482954263687134, 1.3619335889816284, 0.8808386921882629, 0.8856422901153564, 0.8856422901153564, 1.2456623315811157, '01:17']
[21, 0.456520676612854, 0.475786954164505, 0.9321991801261902, 0.9840132594108582, 0.07318426668643951, 0.177128866314888, 1.546140432357788, 0.8715726733207703, 0.8790008425712585, 0.8790008425712585, 3.546468734741211, '01:17']
[22, 0.4506091773509979, 0.5963786244392395, 0.9662958383560181, 0.9367092847824097, 0.034445054829120636, 0.2015969604253769, 1.8697080612182617, 0.9025601148605347, 0.9359971880912781, 0.9359971880912781, 34.12175369262695, '01:17']
[23, 0.44084882736206055, 0.470379114151001, 0.9229920506477356, 0.9847793579101562, 0.08074779063463211, 0.17686662077903748, 1.5307888984680176, 0.8553257584571838, 0.8634010553359985, 0.8634010553359985, 3.118910074234009, '01:17']
Better model found at epoch 23 with valid_loss value: 0.470379114151001.
[24, 0.43256694078445435, 0.4779651165008545, 0.9322721362113953, 0.9864552617073059, 0.07045689970254898, 0.17595884203910828, 1.4124891757965088, 0.872434139251709, 0.8807817697525024, 0.8807817697525024, 1.4748013019561768, '01:17']
[25, 0.4431889057159424, 0.4738169312477112, 0.9248057007789612, 0.9847515821456909, 0.07851199060678482, 0.17683327198028564, 1.5357517004013062, 0.855010449886322, 0.8671503067016602, 0.8671503067016602, 2.924668788909912, '01:18']
[26, 0.43712109327316284, 0.4875235855579376, 0.9325772523880005, 0.9802533984184265, 0.06946184486150742, 0.1791696548461914, 1.618966817855835, 0.868472158908844, 0.8790085911750793, 0.8790085911750793, 4.5956549644470215, '01:18']
[27, 0.44741809368133545, 0.4898321032524109, 0.9350656270980835, 0.9785799384117126, 0.0670250952243805, 0.17998231947422028, 1.6668165922164917, 0.8687145709991455, 0.8834150433540344, 0.8834150433540344, 6.681412696838379, '01:18']
[28, 0.44759994745254517, 0.46586355566978455, 0.9203099608421326, 0.9856340289115906, 0.08642877638339996, 0.17648060619831085, 1.4781389236450195, 0.8523960113525391, 0.8605350255966187, 0.8605350255966187, 2.5313453674316406, '01:18']
Better model found at epoch 28 with valid_loss value: 0.46586355566978455.
[29, 0.44717299938201904, 0.4929655194282532, 0.9373694062232971, 0.9754402041435242, 0.06461339443922043, 0.1814270168542862, 1.6830319166183472, 0.8669111728668213, 0.8868781328201294, 0.8868781328201294, 7.071946144104004, '01:18']
[30, 0.43342840671539307, 0.46944209933280945, 0.9256612658500671, 0.9891570210456848, 0.07969124615192413, 0.1745430827140808, 1.2920207977294922, 0.8619791865348816, 0.8719281554222107, 0.8719281554222107, 1.677217721939087, '01:18']
[31, 0.44443848729133606, 0.47118738293647766, 0.9218279123306274, 0.9837145209312439, 0.08255624026060104, 0.17748752236366272, 1.5511685609817505, 0.8461968898773193, 0.8601251244544983, 0.8601251244544983, 3.2822682857513428, '01:18']
[32, 0.45119962096214294, 0.46768301725387573, 0.9256840944290161, 0.9851265549659729, 0.08084968477487564, 0.17671413719654083, 1.529268503189087, 0.8544609546661377, 0.8674489855766296, 0.8674489855766296, 3.5121312141418457, '01:19']
[33, 0.434370219707489, 0.46562671661376953, 0.9187538623809814, 0.9874864816665649, 0.08505842089653015, 0.17552624642848969, 1.36839759349823, 0.8462442755699158, 0.8597299456596375, 0.8597299456596375, 1.6443713903427124, '01:19']
Better model found at epoch 33 with valid_loss value: 0.46562671661376953.
[34, 0.42995139956474304, 0.4684440493583679, 0.9176421165466309, 0.9828308820724487, 0.08539344370365143, 0.1779610514640808, 1.5710854530334473, 0.8419287800788879, 0.8545491695404053, 0.8545491695404053, 3.6505801677703857, '01:19']
[35, 0.4405643343925476, 0.47381436824798584, 0.923298716545105, 0.9830406308174133, 0.0792352631688118, 0.17779028415679932, 1.5656547546386719, 0.8480031490325928, 0.8638094067573547, 0.8638094067573547, 3.8349924087524414, '01:18']
[36, 0.43966466188430786, 0.4616214334964752, 0.9177972674369812, 0.9873372912406921, 0.08702600002288818, 0.17559784650802612, 1.458316445350647, 0.8465441465377808, 0.8558305501937866, 0.8558305501937866, 2.090994358062744, '01:18']
Better model found at epoch 36 with valid_loss value: 0.4616214334964752.
[37, 0.4263286888599396, 0.4603872299194336, 0.9140027761459351, 0.9881605505943298, 0.08969355374574661, 0.17515166103839874, 1.382558822631836, 0.8385139107704163, 0.8504209518432617, 0.8504209518432617, 1.7770792245864868, '01:18']
Better model found at epoch 37 with valid_loss value: 0.4603872299194336.
[38, 0.4201001226902008, 0.4701782763004303, 0.9280295372009277, 0.987294614315033, 0.07542240619659424, 0.17557558417320251, 1.420510172843933, 0.861454963684082, 0.8705964088439941, 0.8705964088439941, 1.880080223083496, '01:19']
[39, 0.43932995200157166, 0.4911014139652252, 0.9345284104347229, 0.9792642593383789, 0.06751838326454163, 0.17977085709571838, 1.637866497039795, 0.8633304834365845, 0.881864607334137, 0.881864607334137, 4.776176929473877, '01:19']
[40, 0.43431344628334045, 0.46742331981658936, 0.9225959777832031, 0.9877262711524963, 0.08157108724117279, 0.17536260187625885, 1.3945506811141968, 0.8571650981903076, 0.8657008409500122, 0.8657008409500122, 1.8984804153442383, '01:18']
[41, 0.4296306371688843, 0.49245354533195496, 0.9297602772712708, 0.9756975769996643, 0.07166946679353714, 0.18163888156414032, 1.6942802667617798, 0.8471230864524841, 0.8737486004829407, 0.8737486004829407, 6.873416423797607, '01:19']
[42, 0.43300071358680725, 0.46390265226364136, 0.9169828295707703, 0.9875693321228027, 0.08544740825891495, 0.17550374567508698, 1.431683897972107, 0.838807225227356, 0.8540337085723877, 0.8540337085723877, 2.0295803546905518, '01:18']
[43, 0.4272935390472412, 0.45673424005508423, 0.9067022800445557, 0.9863865971565247, 0.09671589732170105, 0.17617839574813843, 1.451593279838562, 0.8257752656936646, 0.8382307887077332, 0.8382307887077332, 1.793304681777954, '01:19']
Better model found at epoch 43 with valid_loss value: 0.45673424005508423.
[44, 0.43430519104003906, 0.4547136425971985, 0.9063688516616821, 0.9856756329536438, 0.09728381037712097, 0.1764582395553589, 1.5235247611999512, 0.8226926922798157, 0.8364163637161255, 0.8364163637161255, 3.8640925884246826, '01:18']
Better model found at epoch 44 with valid_loss value: 0.4547136425971985.
[45, 0.4427577555179596, 0.4599451422691345, 0.9177824258804321, 0.9885267019271851, 0.0880298838019371, 0.175002783536911, 1.3767333030700684, 0.8481370806694031, 0.8570250272750854, 0.8570250272750854, 1.3503758907318115, '01:18']
[46, 0.4302542805671692, 0.46049365401268005, 0.912266731262207, 0.9868203401565552, 0.09087321162223816, 0.17592446506023407, 1.470079779624939, 0.8334486484527588, 0.8463414907455444, 0.8463414907455444, 2.5206806659698486, '01:18']
[47, 0.42621585726737976, 0.45520710945129395, 0.9124078750610352, 0.9882882237434387, 0.09298592060804367, 0.1751011312007904, 1.3921027183532715, 0.8370175957679749, 0.8480157852172852, 0.8480157852172852, 1.8791862726211548, '01:18']
[48, 0.4227893650531769, 0.47664588689804077, 0.9342741966247559, 0.9906575083732605, 0.06820428371429443, 0.17374125123023987, 1.169607400894165, 0.8705621957778931, 0.8887749910354614, 0.8887749910354614, 0.4365786015987396, '01:18']
[49, 0.4309532344341278, 0.4630354642868042, 0.9226326942443848, 0.9897546172142029, 0.08372295647859573, 0.17430180311203003, 1.2757313251495361, 0.8548426628112793, 0.8673494458198547, 0.8673494458198547, 0.9516198039054871, '01:18']
[50, 0.42844638228416443, 0.4585080146789551, 0.9149422645568848, 0.989592969417572, 0.08875788003206253, 0.17439816892147064, 1.2986592054367065, 0.8393217325210571, 0.8546150922775269, 0.8546150922775269, 1.2205333709716797, '01:18']
[51, 0.42634785175323486, 0.46863338351249695, 0.9225260615348816, 0.9896960854530334, 0.08114355057477951, 0.17425817251205444, 1.2756222486495972, 0.8548650741577148, 0.8678781390190125, 0.8678781390190125, 1.004708170890808, '01:20']
[52, 0.4158862233161926, 0.4551253318786621, 0.9072632193565369, 0.9871299266815186, 0.09621408581733704, 0.17571839690208435, 1.4571093320846558, 0.8292957544326782, 0.8388791680335999, 0.8388791680335999, 2.0770249366760254, '01:18']
No improvement since epoch 44: early stopping
MAnet_incv4 Done!
