Models will save to MAnet_xcep_x
Use xception encoder
Start training...
----------
0
----------
DLS create!
[0, 0.5305666923522949, 0.5144950151443481, 0.9875710010528564, 0.9924650192260742, 0.013988652266561985, 0.1820889562368393, 1.334782600402832, 0.9788235425949097, 0.9756372570991516, 0.9756372570991516, 0.541191577911377, '01:06']
Better model found at epoch 0 with valid_loss value: 0.5144950151443481.
[1, 0.5035028457641602, 0.4902675449848175, 0.9653515219688416, 0.9865115284919739, 0.04685273393988609, 0.17738614976406097, 1.5131564140319824, 0.9314543008804321, 0.9346010088920593, 0.9346010088920593, 4.843503952026367, '01:05']
Better model found at epoch 1 with valid_loss value: 0.4902675449848175.
[2, 0.4936421811580658, 0.49115291237831116, 0.9610936641693115, 0.9824073910713196, 0.04735039174556732, 0.17894650995731354, 1.6157407760620117, 0.9214881062507629, 0.9272493124008179, 0.9272493124008179, 6.972769737243652, '01:04']
[3, 0.48715052008628845, 0.4915708303451538, 0.9653125405311584, 0.9908540844917297, 0.03890784829854965, 0.17471107840538025, 1.3702781200408936, 0.9326263666152954, 0.9345625042915344, 0.9345625042915344, 1.6081368923187256, '01:04']
[4, 0.49054381251335144, 0.4906861484050751, 0.958767831325531, 0.9844591021537781, 0.04529193416237831, 0.1778344213962555, 1.6227169036865234, 0.9187514781951904, 0.9230250716209412, 0.9230250716209412, 5.512289047241211, '01:04']
[5, 0.48664307594299316, 0.4868210256099701, 0.9558373689651489, 0.9842168092727661, 0.04933490604162216, 0.17808897793293, 1.6215107440948486, 0.9136946201324463, 0.9184476733207703, 0.9184476733207703, 5.617013931274414, '01:04']
Better model found at epoch 5 with valid_loss value: 0.4868210256099701.
[6, 0.4851415455341339, 0.4777144193649292, 0.9457905888557434, 0.9871745705604553, 0.06013109162449837, 0.17670610547065735, 1.5554322004318237, 0.8999417424201965, 0.9017812609672546, 0.9017812609672546, 3.349440097808838, '01:06']
Better model found at epoch 6 with valid_loss value: 0.4777144193649292.
[7, 0.47667965292930603, 0.4791690409183502, 0.9457839131355286, 0.9856641888618469, 0.05944904312491417, 0.17732073366641998, 1.5594696998596191, 0.9003602862358093, 0.9024823307991028, 0.9024823307991028, 4.55342435836792, '01:04']
[8, 0.4757883846759796, 0.4714730381965637, 0.9379820227622986, 0.9876734018325806, 0.0671730637550354, 0.17658363282680511, 1.553203821182251, 0.8846480250358582, 0.8891382813453674, 0.8891381621360779, 3.4781980514526367, '01:06']
Better model found at epoch 8 with valid_loss value: 0.4714730381965637.
[9, 0.4764385521411896, 0.46793362498283386, 0.9381078481674194, 0.9886256456375122, 0.07249750941991806, 0.176324263215065, 1.527530312538147, 0.881706714630127, 0.8883234262466431, 0.8883234262466431, 3.152163505554199, '01:04']
Better model found at epoch 9 with valid_loss value: 0.46793362498283386.
[10, 0.47063714265823364, 0.48487547039985657, 0.9497205018997192, 0.9867146015167236, 0.05503547936677933, 0.17692744731903076, 1.572382926940918, 0.9053694009780884, 0.9073689579963684, 0.9073689579963684, 3.0652379989624023, '01:04']
[11, 0.46089524030685425, 0.5287389159202576, 0.966158390045166, 0.9624993205070496, 0.035770565271377563, 0.18865439295768738, 1.7945078611373901, 0.9249506592750549, 0.9377678632736206, 0.9377678632736206, 18.070646286010742, '01:06']
[12, 0.46526581048965454, 0.4731895327568054, 0.9406453371047974, 0.9916113615036011, 0.06220182403922081, 0.17446058988571167, 1.2877687215805054, 0.8911267518997192, 0.8947212100028992, 0.8947212100028992, 0.8395305275917053, '01:05']
[13, 0.4504574239253998, 0.4572429955005646, 0.9226285815238953, 0.9900532960891724, 0.08619188517332077, 0.17524437606334686, 1.4190442562103271, 0.8615966439247131, 0.8635228276252747, 0.8635228276252747, 1.540771484375, '01:06']
Better model found at epoch 13 with valid_loss value: 0.4572429955005646.
[14, 0.4561469554901123, 0.47596120834350586, 0.9436802268028259, 0.9888412952423096, 0.06253593415021896, 0.17592374980449677, 1.441373586654663, 0.8900060057640076, 0.8979749083518982, 0.8979749083518982, 1.8416152000427246, '01:05']
[15, 0.45055118203163147, 0.48812243342399597, 0.9446228742599487, 0.9795421361923218, 0.05947331711649895, 0.1807340830564499, 1.7037758827209473, 0.8806602358818054, 0.8988918662071228, 0.8988918662071228, 7.640256881713867, '01:04']
[16, 0.4532448649406433, 0.48588329553604126, 0.9437434673309326, 0.982096791267395, 0.05938250571489334, 0.17941920459270477, 1.6702675819396973, 0.8828823566436768, 0.8978092074394226, 0.8978092074394226, 7.848747253417969, '01:04']
[17, 0.45182374119758606, 0.4581194818019867, 0.9216628670692444, 0.9904924631118774, 0.08443325757980347, 0.17503765225410461, 1.4084312915802002, 0.8591316938400269, 0.8626436591148376, 0.8626436591148376, 1.6747751235961914, '01:04']
[18, 0.4537990987300873, 0.46197423338890076, 0.9298989176750183, 0.9906421303749084, 0.07795695960521698, 0.17506039142608643, 1.4104214906692505, 0.8696466088294983, 0.876548171043396, 0.876548171043396, 1.7245322465896606, '01:03']
[19, 0.45124152302742004, 0.46758273243904114, 0.933076798915863, 0.988517165184021, 0.0731004849076271, 0.17602106928825378, 1.4706720113754272, 0.8756166696548462, 0.8813820481300354, 0.8813820481300354, 2.3769822120666504, '01:03']
[20, 0.4560243785381317, 0.5160490870475769, 0.953727126121521, 0.9645450711250305, 0.04732299968600273, 0.18773745000362396, 1.825883150100708, 0.8798562288284302, 0.9144611358642578, 0.9144611358642578, 17.17513656616211, '01:04']
[21, 0.4638170897960663, 0.454131156206131, 0.9179205298423767, 0.9867792725563049, 0.0900288075208664, 0.17710670828819275, 1.5940126180648804, 0.8422149419784546, 0.8558162450790405, 0.8558162450790405, 4.655910968780518, '01:04']
Better model found at epoch 21 with valid_loss value: 0.454131156206131.
[22, 0.4564223289489746, 0.4677455723285675, 0.934565007686615, 0.9893926978111267, 0.07117149978876114, 0.17560242116451263, 1.4360032081604004, 0.8772518038749695, 0.882980465888977, 0.882980465888977, 2.012911319732666, '01:03']
[23, 0.4434569478034973, 0.45462822914123535, 0.9189533591270447, 0.9911080002784729, 0.08688434958457947, 0.17475344240665436, 1.338599443435669, 0.849342942237854, 0.8587105870246887, 0.8587105870246887, 1.541256308555603, '01:04']
[24, 0.44244837760925293, 0.45632654428482056, 0.9218462109565735, 0.9896185398101807, 0.08749739080667496, 0.17554759979248047, 1.4206475019454956, 0.8586207628250122, 0.863426685333252, 0.863426685333252, 2.5680971145629883, '01:04']
[25, 0.4592210650444031, 0.46370837092399597, 0.9353716373443604, 0.9906458854675293, 0.07438600808382034, 0.17497196793556213, 1.377091884613037, 0.8823137879371643, 0.8849945664405823, 0.8849945664405823, 1.552217721939087, '01:04']
[26, 0.45740097761154175, 0.4586012661457062, 0.9241790175437927, 0.9903286099433899, 0.08219047635793686, 0.17507821321487427, 1.4340496063232422, 0.8596751093864441, 0.8662547469139099, 0.8662547469139099, 1.8343791961669922, '01:04']
[27, 0.44725412130355835, 0.46492627263069153, 0.9351553916931152, 0.9917682409286499, 0.07214563339948654, 0.1743922382593155, 1.3095507621765137, 0.8821840882301331, 0.8858836889266968, 0.8858836889266968, 0.9822829365730286, '01:04']
[28, 0.4565183222293854, 0.4511621594429016, 0.9214905500411987, 0.991176187992096, 0.09297464787960052, 0.17506583034992218, 1.3930100202560425, 0.857539713382721, 0.8631435036659241, 0.8631435036659241, 1.6152033805847168, '01:04']
Better model found at epoch 28 with valid_loss value: 0.4511621594429016.
[29, 0.44199633598327637, 0.452349454164505, 0.9211723804473877, 0.9922727942466736, 0.09021121263504028, 0.17421333491802216, 1.2438019514083862, 0.8570020794868469, 0.8629937767982483, 0.8629937767982483, 0.7090870141983032, '01:04']
[30, 0.4459992051124573, 0.459975004196167, 0.9281467795372009, 0.9930157661437988, 0.07845630496740341, 0.17372792959213257, 1.1382043361663818, 0.8657340407371521, 0.8764395713806152, 0.8764395713806152, 0.3107811212539673, '01:04']
[31, 0.43791690468788147, 0.4509568214416504, 0.9174432754516602, 0.9914835095405579, 0.09220590442419052, 0.17461992800235748, 1.3573793172836304, 0.8528521060943604, 0.8573318123817444, 0.8573318123817444, 1.230067253112793, '01:04']
Better model found at epoch 31 with valid_loss value: 0.4509568214416504.
[32, 0.4422835111618042, 0.47081732749938965, 0.927307665348053, 0.9834941029548645, 0.0755852609872818, 0.17880398035049438, 1.6487505435943604, 0.8505664467811584, 0.8698529005050659, 0.8698529005050659, 5.9789347648620605, '01:04']
[33, 0.4449021518230438, 0.4454212486743927, 0.9089885354042053, 0.9922080039978027, 0.09844478219747543, 0.1741659790277481, 1.2847023010253906, 0.8363009691238403, 0.8445993661880493, 0.8445993661880493, 1.0806647539138794, '01:03']
Better model found at epoch 33 with valid_loss value: 0.4454212486743927.
[34, 0.4395783543586731, 0.4428086280822754, 0.9086809754371643, 0.9912615418434143, 0.10004901885986328, 0.17479488253593445, 1.3579922914505005, 0.8332148194313049, 0.8426932692527771, 0.8426932692527771, 1.257387638092041, '01:05']
Better model found at epoch 34 with valid_loss value: 0.4428086280822754.
[35, 0.43809619545936584, 0.4445914924144745, 0.9094730615615845, 0.9911690354347229, 0.09766446053981781, 0.17487062513828278, 1.3477998971939087, 0.8344643115997314, 0.8440309166908264, 0.8440309166908264, 1.4164776802062988, '01:05']
[36, 0.4428006112575531, 0.44396454095840454, 0.907529890537262, 0.9896555542945862, 0.09857435524463654, 0.1755674034357071, 1.489245891571045, 0.8282276391983032, 0.8391366004943848, 0.8391366004943848, 2.1172351837158203, '01:05']
[37, 0.4386029839515686, 0.4550431966781616, 0.9234439730644226, 0.9917944669723511, 0.08356765657663345, 0.17446352541446686, 1.2975335121154785, 0.857353687286377, 0.8672144412994385, 0.8672144412994385, 0.926390528678894, '01:04']
[38, 0.4408845007419586, 0.4859884977340698, 0.9346843361854553, 0.9793529510498047, 0.06667112559080124, 0.1808597296476364, 1.7345846891403198, 0.8538574576377869, 0.8821032643318176, 0.8821032643318176, 7.296411037445068, '01:04']
[39, 0.4389476180076599, 0.4501344561576843, 0.9158111810684204, 0.9912248849868774, 0.08981923758983612, 0.17475765943527222, 1.3816736936569214, 0.8475562930107117, 0.8546292185783386, 0.8546292185783386, 1.4639288187026978, '01:04']
[40, 0.43989065289497375, 0.45106878876686096, 0.9167152643203735, 0.9922024607658386, 0.09020774811506271, 0.17419467866420746, 1.28194260597229, 0.848789632320404, 0.857483446598053, 0.857483446598053, 0.9125242233276367, '01:04']
[41, 0.434215784072876, 0.4766874611377716, 0.9317216277122498, 0.9783413410186768, 0.06988047808408737, 0.18140634894371033, 1.7252838611602783, 0.8458530306816101, 0.8765144944190979, 0.8765144944190979, 8.63396167755127, '01:04']
[42, 0.4280022084712982, 0.4557777941226959, 0.9181934595108032, 0.9890434741973877, 0.08735819160938263, 0.17588941752910614, 1.4330124855041504, 0.8460171222686768, 0.8572004437446594, 0.8572004437446594, 3.5745630264282227, '01:04']
No improvement since epoch 34: early stopping
----------
1
----------
DLS create!
[0, 0.5153824687004089, 0.510526716709137, 0.981477677822113, 0.9755668640136719, 0.031205197796225548, 0.18492482602596283, 1.5102794170379639, 0.9561952948570251, 0.9642525315284729, 0.9642525315284729, 11.935667037963867, '01:04']
Better model found at epoch 0 with valid_loss value: 0.510526716709137.
[1, 0.4952711760997772, 0.4859134256839752, 0.968544065952301, 0.9918410181999207, 0.039511971175670624, 0.17586442828178406, 1.4680548906326294, 0.9405260682106018, 0.9405686855316162, 0.9405686855316162, 2.2071616649627686, '01:05']
Better model found at epoch 1 with valid_loss value: 0.4859134256839752.
[2, 0.4900076687335968, 0.4805733263492584, 0.9536632895469666, 0.9848108887672424, 0.0521182157099247, 0.17865513265132904, 1.6807795763015747, 0.9067556262016296, 0.9146656394004822, 0.9146656394004822, 6.279916286468506, '01:05']
Better model found at epoch 2 with valid_loss value: 0.4805733263492584.
[3, 0.4904630780220032, 0.48753976821899414, 0.9602828025817871, 0.9803782105445862, 0.049521077424287796, 0.18125322461128235, 1.6868077516555786, 0.9113220572471619, 0.926030158996582, 0.926030158996582, 8.3902006149292, '01:05']
[4, 0.48974689841270447, 0.48023363947868347, 0.9606914520263672, 0.9918209910392761, 0.046293240040540695, 0.17564110457897186, 1.5128287076950073, 0.926662802696228, 0.926821768283844, 0.926821768283844, 2.175053119659424, '01:05']
Better model found at epoch 4 with valid_loss value: 0.48023363947868347.
[5, 0.48588964343070984, 0.4772547781467438, 0.9571734666824341, 0.9916025996208191, 0.04963679611682892, 0.17552365362644196, 1.453613042831421, 0.9203000664710999, 0.9216199517250061, 0.9216199517250061, 2.060929536819458, '01:04']
Better model found at epoch 5 with valid_loss value: 0.4772547781467438.
[6, 0.4748544991016388, 0.4735203981399536, 0.9520646929740906, 0.9920074939727783, 0.05343198403716087, 0.1754457801580429, 1.4371470212936401, 0.9122194647789001, 0.9135316014289856, 0.9135316014289856, 1.6985528469085693, '01:05']
Better model found at epoch 6 with valid_loss value: 0.4735203981399536.
[7, 0.4814743995666504, 0.4773348867893219, 0.9498481750488281, 0.9833235740661621, 0.056930843740701675, 0.17934738099575043, 1.6766142845153809, 0.8972360491752625, 0.9088938236236572, 0.9088939428329468, 6.89599609375, '01:05']
[8, 0.4733147919178009, 0.49933549761772156, 0.9565739631652832, 0.9726412296295166, 0.04630110040307045, 0.18471142649650574, 1.8234117031097412, 0.8940975069999695, 0.9197438955307007, 0.9197438955307007, 12.216567039489746, '01:05']
[9, 0.4775766134262085, 0.4596712589263916, 0.9378766417503357, 0.992390513420105, 0.07290402054786682, 0.17532756924629211, 1.480544090270996, 0.8836359977722168, 0.8874894976615906, 0.8874894976615906, 1.6919480562210083, '01:05']
Better model found at epoch 9 with valid_loss value: 0.4596712589263916.
[10, 0.47422119975090027, 0.4721432626247406, 0.940981388092041, 0.9840410351753235, 0.0659043937921524, 0.17955510318279266, 1.7040244340896606, 0.8763418793678284, 0.8938677310943604, 0.8938677310943604, 5.26398229598999, '01:04']
[11, 0.4614284038543701, 0.4841318726539612, 0.9542892575263977, 0.9876749515533447, 0.046905264258384705, 0.17759206891059875, 1.5350881814956665, 0.9080050587654114, 0.9177979230880737, 0.9177979230880737, 3.3731589317321777, '01:05']
[12, 0.4669954478740692, 0.4600544571876526, 0.9369884133338928, 0.9918617010116577, 0.07118488848209381, 0.17552757263183594, 1.4912203550338745, 0.8828179836273193, 0.8880172371864319, 0.8880172371864319, 1.866154432296753, '01:06']
[13, 0.46247807145118713, 0.5224735140800476, 0.9567096829414368, 0.9683629870414734, 0.045084819197654724, 0.18759673833847046, 1.83793044090271, 0.8876296877861023, 0.9196736216545105, 0.9196736216545105, 10.906017303466797, '01:05']
[14, 0.4680202007293701, 0.45730453729629517, 0.932892382144928, 0.9918407201766968, 0.07754949480295181, 0.1756565272808075, 1.5213240385055542, 0.876714289188385, 0.8817077279090881, 0.8817077279090881, 2.217036724090576, '01:04']
Better model found at epoch 14 with valid_loss value: 0.45730453729629517.
[15, 0.4651961326599121, 0.44716641306877136, 0.9221960306167603, 0.992820680141449, 0.08506752550601959, 0.17508895695209503, 1.4816752672195435, 0.8558845520019531, 0.8610674738883972, 0.8610674738883972, 1.5620307922363281, '01:04']
Better model found at epoch 15 with valid_loss value: 0.44716641306877136.
[16, 0.45451831817626953, 0.4614146947860718, 0.9418094754219055, 0.9950762391090393, 0.06426640599966049, 0.1738288700580597, 1.2122321128845215, 0.8878368139266968, 0.895355761051178, 0.8953557014465332, 0.4115222692489624, '01:04']
[17, 0.46533235907554626, 0.43681925535202026, 0.9114220142364502, 0.9929142594337463, 0.10215893387794495, 0.17504583299160004, 1.4592868089675903, 0.8394577503204346, 0.8440453410148621, 0.8440453410148621, 1.628570795059204, '01:04']
Better model found at epoch 17 with valid_loss value: 0.43681925535202026.
[18, 0.45106643438339233, 0.44299229979515076, 0.9125553965568542, 0.9901823401451111, 0.09329742938280106, 0.17643480002880096, 1.5814822912216187, 0.8357056379318237, 0.8472830653190613, 0.8472830653190613, 2.5368082523345947, '01:04']
[19, 0.4492661952972412, 0.486868679523468, 0.9385877251625061, 0.9748304486274719, 0.06350114941596985, 0.1839725524187088, 1.8030024766921997, 0.8522533774375916, 0.8887385129928589, 0.8887385129928589, 9.082643508911133, '01:04']
[20, 0.45862168073654175, 0.4848381280899048, 0.9580441117286682, 0.9871682524681091, 0.04561064392328262, 0.1775921732187271, 1.6113523244857788, 0.9168218374252319, 0.9220296740531921, 0.9220296740531921, 6.195211887359619, '01:04']
[21, 0.45897433161735535, 0.4435814321041107, 0.9177162647247314, 0.9931158423423767, 0.0891890674829483, 0.1748424768447876, 1.4272874593734741, 0.8497937917709351, 0.8547801971435547, 0.8547801971435547, 1.335278868675232, '01:04']
[22, 0.4487532079219818, 0.4807208776473999, 0.9399077892303467, 0.9793879985809326, 0.06216176226735115, 0.1816737800836563, 1.7752788066864014, 0.8647333383560181, 0.8914767503738403, 0.8914767503738403, 8.174735069274902, '01:04']
[23, 0.4500564634799957, 0.4406128525733948, 0.9116081595420837, 0.9928408265113831, 0.09978010505437851, 0.1752249300479889, 1.4001686573028564, 0.8423083424568176, 0.8485056757926941, 0.8485056757926941, 1.2477765083312988, '01:05']
[24, 0.45026329159736633, 0.4326874017715454, 0.9027247428894043, 0.9931330680847168, 0.10439063608646393, 0.1749594509601593, 1.4039608240127563, 0.8255581259727478, 0.8322194814682007, 0.8322194814682007, 1.2292674779891968, '01:05']
Better model found at epoch 24 with valid_loss value: 0.4326874017715454.
[25, 0.44423678517341614, 0.4312531054019928, 0.9008241891860962, 0.9929004907608032, 0.10658522695302963, 0.17512856423854828, 1.4532248973846436, 0.8240533471107483, 0.8309335112571716, 0.8309334516525269, 1.5249747037887573, '01:05']
Better model found at epoch 25 with valid_loss value: 0.4312531054019928.
[26, 0.4528663158416748, 0.449278324842453, 0.9174026846885681, 0.9867154359817505, 0.0895407423377037, 0.17826220393180847, 1.692861557006836, 0.8314206004142761, 0.8537048697471619, 0.8537048697471619, 4.397378921508789, '01:05']
[27, 0.4543527662754059, 0.4848748743534088, 0.9361938834190369, 0.977229654788971, 0.06592161953449249, 0.18306556344032288, 1.8044975996017456, 0.8484005928039551, 0.8852391242980957, 0.8852391242980957, 7.833703517913818, '01:04']
[28, 0.44900766015052795, 0.4735455811023712, 0.932348370552063, 0.9810207486152649, 0.06963282823562622, 0.18106114864349365, 1.7747890949249268, 0.8460878729820251, 0.8781268000602722, 0.8781268000602722, 6.038042068481445, '01:04']
[29, 0.4457920789718628, 0.4443720579147339, 0.9081122279167175, 0.9861583113670349, 0.09671734273433685, 0.17859745025634766, 1.7285176515579224, 0.8053902983665466, 0.8387444615364075, 0.8387444615364075, 4.913139343261719, '01:04']
[30, 0.4362792372703552, 0.43837741017341614, 0.9013145565986633, 0.9884716868400574, 0.10306666046380997, 0.1773967742919922, 1.6564338207244873, 0.805700421333313, 0.8287501335144043, 0.8287501335144043, 3.297483444213867, '01:04']
[31, 0.44431304931640625, 0.4391303062438965, 0.9073398113250732, 0.991767406463623, 0.09806806594133377, 0.1756974458694458, 1.4668347835540771, 0.8292126059532166, 0.8395370841026306, 0.8395370841026306, 1.6183068752288818, '01:05']
[32, 0.4461445212364197, 0.4316924810409546, 0.9038074016571045, 0.9948000311851501, 0.10647966712713242, 0.17406119406223297, 1.3006540536880493, 0.8288246989250183, 0.8355711102485657, 0.8355711102485657, 0.7708998918533325, '01:04']
[33, 0.45125332474708557, 0.424235075712204, 0.8939807415008545, 0.993593156337738, 0.11496791988611221, 0.17473110556602478, 1.398106575012207, 0.8104436993598938, 0.8175904154777527, 0.8175904154777527, 1.1788393259048462, '01:04']
Better model found at epoch 33 with valid_loss value: 0.424235075712204.
[34, 0.4435230493545532, 0.4230552315711975, 0.8893799185752869, 0.9918810129165649, 0.11805132776498795, 0.1756107658147812, 1.5295974016189575, 0.8010925650596619, 0.8110051155090332, 0.8110051155090332, 2.0874104499816895, '01:06']
Better model found at epoch 34 with valid_loss value: 0.4230552315711975.
[35, 0.43791481852531433, 0.41703736782073975, 0.8844384551048279, 0.9939984679222107, 0.12249547243118286, 0.17445258796215057, 1.3787931203842163, 0.7986708879470825, 0.8028541803359985, 0.8028541803359985, 1.0093092918395996, '01:05']
Better model found at epoch 35 with valid_loss value: 0.41703736782073975.
[36, 0.4390529990196228, 0.4413084089756012, 0.9085872769355774, 0.9883777499198914, 0.09741006791591644, 0.17745855450630188, 1.6402045488357544, 0.8193519115447998, 0.8393110036849976, 0.8393110036849976, 3.122192859649658, '01:05']
[37, 0.4397149682044983, 0.43853092193603516, 0.9046515226364136, 0.9887813329696655, 0.10099224001169205, 0.17724314332008362, 1.634501338005066, 0.8157945871353149, 0.8339085578918457, 0.8339085578918457, 3.3186705112457275, '01:04']
[38, 0.43178412318229675, 0.4346145689487457, 0.8998477458953857, 0.9907163977622986, 0.10740628093481064, 0.17633575201034546, 1.5360546112060547, 0.8171964287757874, 0.829041063785553, 0.829041063785553, 2.4774487018585205, '01:04']
[39, 0.43788382411003113, 0.43255868554115295, 0.9012928605079651, 0.9900444149971008, 0.10753309726715088, 0.17655566334724426, 1.5763071775436401, 0.8137160539627075, 0.8295015692710876, 0.8295015692710876, 2.7807629108428955, '01:04']
[40, 0.45223814249038696, 0.42771005630493164, 0.8941975831985474, 0.9912821650505066, 0.1136288195848465, 0.17602090537548065, 1.5736736059188843, 0.8076364398002625, 0.8178432583808899, 0.8178432583808899, 2.232611894607544, '01:04']
[41, 0.43163615465164185, 0.4253610074520111, 0.8911653161048889, 0.9920403957366943, 0.11563637107610703, 0.17553049325942993, 1.4893889427185059, 0.8090454936027527, 0.8163518905639648, 0.8163518905639648, 2.01674222946167, '01:04']
[42, 0.43349260091781616, 0.43932783603668213, 0.9095121026039124, 0.9921349883079529, 0.09601744264364243, 0.1754578948020935, 1.4797782897949219, 0.8355777263641357, 0.8429756164550781, 0.8429756164550781, 1.9310550689697266, '01:04']
[43, 0.4444340169429779, 0.4389713406562805, 0.9017120599746704, 0.9887685179710388, 0.10607784241437912, 0.17743274569511414, 1.6232272386550903, 0.8090238571166992, 0.8298206329345703, 0.8298206329345703, 2.8187499046325684, '01:04']
No improvement since epoch 35: early stopping
----------
2
----------
DLS create!
[0, 0.5208200812339783, 0.5018907785415649, 0.9773897528648376, 0.9923263192176819, 0.0, 0.18003615736961365, 1.2693885564804077, 0.9593220949172974, 0.9562459588050842, 0.9562459588050842, 0.0, '01:04']
Better model found at epoch 0 with valid_loss value: 0.5018907785415649.
[1, 0.5009117722511292, 0.510341227054596, 0.9836003184318542, 0.9921568632125854, 0.015516882762312889, 0.1738586723804474, 1.0965702533721924, 0.965665876865387, 0.96860271692276, 0.96860271692276, 0.09752458333969116, '01:05']
[2, 0.4979136884212494, 0.4765554964542389, 0.9444311857223511, 0.9877808094024658, 0.06944634765386581, 0.17638647556304932, 1.4501994848251343, 0.8988173007965088, 0.897795557975769, 0.897795557975769, 1.700506329536438, '01:05']
Better model found at epoch 2 with valid_loss value: 0.4765554964542389.
[3, 0.49405819177627563, 0.5027170181274414, 0.9619441032409668, 0.972779393196106, 0.048298683017492294, 0.18533261120319366, 1.6498066186904907, 0.9225209951400757, 0.9289072155952454, 0.9289072155952454, 7.209837913513184, '01:04']
[4, 0.4906335771083832, 0.5280287265777588, 0.9609547257423401, 0.9455174207687378, 0.043996065855026245, 0.19629508256912231, 1.8057026863098145, 0.9015770554542542, 0.9266683459281921, 0.9266683459281921, 18.42534065246582, '01:04']
[5, 0.4898645877838135, 0.47177475690841675, 0.9406947493553162, 0.9872356057167053, 0.07218218594789505, 0.1766003519296646, 1.4713432788848877, 0.890724778175354, 0.891384482383728, 0.8913845419883728, 2.0446321964263916, '01:05']
Better model found at epoch 5 with valid_loss value: 0.47177475690841675.
[6, 0.4860416650772095, 0.4753781855106354, 0.933066725730896, 0.9772905111312866, 0.07401207834482193, 0.18111932277679443, 1.6576844453811646, 0.8633458614349365, 0.8776768445968628, 0.8776768445968628, 6.146714687347412, '01:04']
[7, 0.4783167243003845, 0.45917755365371704, 0.9209836721420288, 0.9856417775154114, 0.08671992272138596, 0.17730388045310974, 1.5457273721694946, 0.8538585305213928, 0.8581717014312744, 0.8581717014312744, 2.7572269439697266, '01:04']
Better model found at epoch 7 with valid_loss value: 0.45917755365371704.
[8, 0.4828411042690277, 0.47257885336875916, 0.9272785186767578, 0.9798786640167236, 0.07837275415658951, 0.18016768991947174, 1.6528606414794922, 0.8564532995223999, 0.8691571354866028, 0.8691571354866028, 4.384007930755615, '01:04']
[9, 0.4776467978954315, 0.4531293213367462, 0.9166568517684937, 0.9879892468452454, 0.09334670007228851, 0.17622965574264526, 1.4523502588272095, 0.851377010345459, 0.8529479503631592, 0.8529479503631592, 1.6596195697784424, '01:04']
Better model found at epoch 9 with valid_loss value: 0.4531293213367462.
[10, 0.4674087166786194, 0.4647890031337738, 0.9191206097602844, 0.9821894764900208, 0.08668865263462067, 0.17899399995803833, 1.5733870267868042, 0.8443453311920166, 0.8556285500526428, 0.8556286692619324, 4.064041614532471, '01:04']
[11, 0.46365755796432495, 0.4909297227859497, 0.9475005269050598, 0.9787958860397339, 0.05583956837654114, 0.18047721683979034, 1.6577515602111816, 0.8980534076690674, 0.9028867483139038, 0.9028867483139038, 5.3331522941589355, '01:05']
[12, 0.4690111577510834, 0.4623360335826874, 0.9165846705436707, 0.9806699156761169, 0.09024850279092789, 0.17986659705638885, 1.633897066116333, 0.8321361541748047, 0.8510055541992188, 0.8510055541992188, 4.498987197875977, '01:05']
[13, 0.4687184691429138, 0.4531041979789734, 0.9210289120674133, 0.9910960793495178, 0.09002180397510529, 0.17445391416549683, 1.2749768495559692, 0.8555195927619934, 0.8596818447113037, 0.8596818447113037, 0.6224067211151123, '01:05']
Better model found at epoch 13 with valid_loss value: 0.4531041979789734.
[14, 0.45798566937446594, 0.4422611594200134, 0.9026150107383728, 0.9876589775085449, 0.10721008479595184, 0.17619945108890533, 1.4630213975906372, 0.8245883584022522, 0.8291767835617065, 0.8291767835617065, 1.9135355949401855, '01:04']
Better model found at epoch 14 with valid_loss value: 0.4422611594200134.
[15, 0.45718511939048767, 0.4501785933971405, 0.9078766703605652, 0.9863501191139221, 0.09918881952762604, 0.17692898213863373, 1.5129328966140747, 0.8319649696350098, 0.8377436399459839, 0.8377436399459839, 2.1778814792633057, '01:05']
[16, 0.4603796601295471, 0.44824254512786865, 0.90851891040802, 0.9889272451400757, 0.09907662123441696, 0.175611674785614, 1.422512412071228, 0.834762692451477, 0.8401980400085449, 0.8401979804039001, 1.5766053199768066, '01:04']
[17, 0.46457427740097046, 0.4517451226711273, 0.9152320027351379, 0.9893224239349365, 0.0953168049454689, 0.1756131947040558, 1.3962115049362183, 0.8445364832878113, 0.8497940301895142, 0.8497940301895142, 1.2006045579910278, '01:04']
[18, 0.4649530351161957, 0.4537798762321472, 0.9209697246551514, 0.9914917349815369, 0.0864255428314209, 0.17427372932434082, 1.2471885681152344, 0.8529999256134033, 0.8603768348693848, 0.8603768348693848, 0.4985372722148895, '01:04']
[19, 0.4546930193901062, 0.4552583396434784, 0.9117174744606018, 0.9824584126472473, 0.09359130263328552, 0.17881782352924347, 1.6068459749221802, 0.827028214931488, 0.8426308631896973, 0.842630922794342, 4.659666061401367, '01:04']
[20, 0.45562076568603516, 0.43367403745651245, 0.891997754573822, 0.9892208576202393, 0.1156386286020279, 0.1755112260580063, 1.3937091827392578, 0.8047359585762024, 0.8129204511642456, 0.8129204511642456, 1.2988882064819336, '01:04']
Better model found at epoch 20 with valid_loss value: 0.43367403745651245.
[21, 0.44606882333755493, 0.46745216846466064, 0.9320256114006042, 0.9882749915122986, 0.07364967465400696, 0.1758507788181305, 1.363004446029663, 0.8749382495880127, 0.8784757852554321, 0.8784757852554321, 1.7813968658447266, '01:05']
[22, 0.4583107531070709, 0.43684932589530945, 0.8987647891044617, 0.9893139004707336, 0.11156903207302094, 0.17540733516216278, 1.4099106788635254, 0.8162103891372681, 0.8236215710639954, 0.8236215710639954, 1.4963828325271606, '01:05']
[23, 0.4612019956111908, 0.4476644992828369, 0.909940779209137, 0.9884791970252991, 0.10053811222314835, 0.17576467990875244, 1.4206604957580566, 0.8342371582984924, 0.8408905863761902, 0.8408905863761902, 2.308274030685425, '01:04']
[24, 0.45467084646224976, 0.4371737539768219, 0.8981181383132935, 0.98991858959198, 0.11035872250795364, 0.17514759302139282, 1.3628462553024292, 0.8169196248054504, 0.8239855170249939, 0.8239855170249939, 1.1234992742538452, '01:04']
[25, 0.4538693428039551, 0.43994882702827454, 0.8927826881408691, 0.9840916991233826, 0.11423907428979874, 0.17835743725299835, 1.5938798189163208, 0.8032311797142029, 0.8139392733573914, 0.8139392733573914, 3.394920825958252, '01:04']
[26, 0.4482526183128357, 0.42605745792388916, 0.8844088315963745, 0.9907423853874207, 0.12623590230941772, 0.1747269630432129, 1.3432103395462036, 0.7903346419334412, 0.8008526563644409, 0.8008526563644409, 0.9821787476539612, '01:04']
Better model found at epoch 26 with valid_loss value: 0.42605745792388916.
[27, 0.4468495845794678, 0.4611240029335022, 0.9140943288803101, 0.9817874431610107, 0.09110856801271439, 0.1792246550321579, 1.5570402145385742, 0.8343959450721741, 0.8494675755500793, 0.8494675755500793, 3.828350067138672, '01:04']
[28, 0.4311695098876953, 0.46599599719047546, 0.9172554612159729, 0.9813768267631531, 0.0872492790222168, 0.17959849536418915, 1.600704550743103, 0.836574912071228, 0.8524408936500549, 0.8524408936500549, 3.811959743499756, '01:04']
[29, 0.4472024440765381, 0.4267105162143707, 0.8818141222000122, 0.9871318340301514, 0.12527325749397278, 0.176539808511734, 1.4794723987579346, 0.7839827537536621, 0.7963721752166748, 0.7963721752166748, 1.9621357917785645, '01:04']
[30, 0.44180211424827576, 0.44443610310554504, 0.9046800136566162, 0.986884593963623, 0.1087755560874939, 0.1768278181552887, 1.4717943668365479, 0.8183249235153198, 0.8309472799301147, 0.8309472799301147, 2.0635883808135986, '01:04']
[31, 0.44125428795814514, 0.43800249695777893, 0.8958186507225037, 0.9906254410743713, 0.1108790785074234, 0.17470265924930573, 1.3051137924194336, 0.8093133568763733, 0.8211555480957031, 0.8211555480957031, 0.9425841569900513, '01:04']
[32, 0.44079774618148804, 0.4357137978076935, 0.8887869715690613, 0.9851463437080383, 0.1165805533528328, 0.17763471603393555, 1.5590778589248657, 0.7900566458702087, 0.8070513606071472, 0.8070513606071472, 2.8899142742156982, '01:05']
[33, 0.452107310295105, 0.42414140701293945, 0.8846414685249329, 0.9898796081542969, 0.12433049082756042, 0.17521263659000397, 1.3907746076583862, 0.7928416132926941, 0.8004026412963867, 0.8004026412963867, 1.1718614101409912, '01:04']
Better model found at epoch 33 with valid_loss value: 0.42414140701293945.
[34, 0.4389040470123291, 0.4336109459400177, 0.8889705538749695, 0.9889910221099854, 0.11724795401096344, 0.17560258507728577, 1.4016519784927368, 0.798953115940094, 0.8081179261207581, 0.8081179261207581, 1.4219303131103516, '01:04']
[35, 0.4456768333911896, 0.43064212799072266, 0.8915444612503052, 0.9897515773773193, 0.11814260482788086, 0.17505435645580292, 1.3588488101959229, 0.8049688339233398, 0.8121973872184753, 0.8121973872184753, 1.7437069416046143, '01:04']
[36, 0.4290331304073334, 0.449484646320343, 0.8949078917503357, 0.9796029925346375, 0.1087886393070221, 0.18057659268379211, 1.6719244718551636, 0.7870885729789734, 0.8151903748512268, 0.8151903748512268, 4.287353992462158, '01:04']
[37, 0.4409301280975342, 0.4430150091648102, 0.8930297493934631, 0.9811362028121948, 0.11125580966472626, 0.17963741719722748, 1.6370211839675903, 0.7880905866622925, 0.8125964999198914, 0.8125964999198914, 4.218772888183594, '01:04']
[38, 0.43518757820129395, 0.43676039576530457, 0.8897178769111633, 0.985435962677002, 0.11531107872724533, 0.17746418714523315, 1.5737764835357666, 0.7910539507865906, 0.8076374530792236, 0.8076374530792236, 2.718747138977051, '01:04']
[39, 0.4345335066318512, 0.43378692865371704, 0.8923557996749878, 0.9893007874488831, 0.115172378718853, 0.17537882924079895, 1.3980751037597656, 0.8062147498130798, 0.8141908645629883, 0.8141908645629883, 1.5638887882232666, '01:04']
[40, 0.44374150037765503, 0.4277814030647278, 0.8773521184921265, 0.9876353144645691, 0.12559710443019867, 0.17634710669517517, 1.5045952796936035, 0.776980459690094, 0.7896436452865601, 0.7896436452865601, 2.058448314666748, '01:05']
[41, 0.43788620829582214, 0.4428427815437317, 0.8888023495674133, 0.9827006459236145, 0.11425727605819702, 0.17903010547161102, 1.6255693435668945, 0.7809226512908936, 0.8050034642219543, 0.8050034642219543, 3.4015376567840576, '01:04']
No improvement since epoch 33: early stopping
----------
3
----------
DLS create!
[0, 0.5246526002883911, 0.5107932090759277, 0.9763915538787842, 0.9854992032051086, 0.03441174700856209, 0.18344762921333313, 1.4087731838226318, 0.9565105438232422, 0.9544897675514221, 0.9544897675514221, 1.540623426437378, '01:04']
Better model found at epoch 0 with valid_loss value: 0.5107932090759277.
[1, 0.5019516348838806, 0.49259623885154724, 0.9571897983551025, 0.9827486872673035, 0.05482546612620354, 0.17717669904232025, 1.4438010454177856, 0.9205755591392517, 0.9202037453651428, 0.9202037453651428, 2.677722215652466, '01:06']
Better model found at epoch 1 with valid_loss value: 0.49259623885154724.
[2, 0.49568185210227966, 0.5029730796813965, 0.9674503207206726, 0.9870002269744873, 0.03801293298602104, 0.17507554590702057, 1.3270434141159058, 0.9397106170654297, 0.9393301606178284, 0.9393301606178284, 1.0358493328094482, '01:05']
[3, 0.48586803674697876, 0.48735904693603516, 0.9454553723335266, 0.9825140833854675, 0.061236437410116196, 0.17723731696605682, 1.5053130388259888, 0.9010993242263794, 0.9011648297309875, 0.9011648297309875, 2.61332368850708, '01:05']
Better model found at epoch 3 with valid_loss value: 0.48735904693603516.
[4, 0.4871155321598053, 0.489011287689209, 0.9471786618232727, 0.9797617197036743, 0.059925004839897156, 0.17861025035381317, 1.5520250797271729, 0.9039668440818787, 0.9041123986244202, 0.9041123986244202, 3.2575132846832275, '01:05']
[5, 0.48188257217407227, 0.5222670435905457, 0.9609987139701843, 0.9630975723266602, 0.04618850722908974, 0.1884266585111618, 1.7389533519744873, 0.9178326725959778, 0.9267418384552002, 0.9267418384552002, 8.733711242675781, '01:04']
[6, 0.4853353500366211, 0.49395856261253357, 0.9564182162284851, 0.9885870814323425, 0.04905306547880173, 0.1743026077747345, 1.260812520980835, 0.9158686995506287, 0.9194400906562805, 0.9194400906562805, 0.5778621435165405, '01:04']
[7, 0.4818238317966461, 0.4795299470424652, 0.935274600982666, 0.9818547964096069, 0.07151399552822113, 0.17776335775852203, 1.5380152463912964, 0.8819198608398438, 0.8836978077888489, 0.8836978077888489, 2.436283826828003, '01:04']
Better model found at epoch 7 with valid_loss value: 0.4795299470424652.
[8, 0.4807310998439789, 0.4843926727771759, 0.9453120231628418, 0.98569256067276, 0.06122684106230736, 0.17607572674751282, 1.4413098096847534, 0.901789665222168, 0.9009597301483154, 0.9009597301483154, 1.4795503616333008, '01:05']
[9, 0.47376376390457153, 0.4816325902938843, 0.9392108917236328, 0.9848418235778809, 0.06696056574583054, 0.17623353004455566, 1.4400180578231812, 0.8924119472503662, 0.8911102414131165, 0.8911102414131165, 1.4398837089538574, '01:05']
[10, 0.48546016216278076, 0.4834109842777252, 0.9389863610267639, 0.9740085601806641, 0.06984008848667145, 0.18159279227256775, 1.6245934963226318, 0.8748530745506287, 0.8886311054229736, 0.8886311054229736, 4.999537467956543, '01:04']
[11, 0.48856213688850403, 0.47756311297416687, 0.9401721954345703, 0.9840996861457825, 0.07130768895149231, 0.17722587287425995, 1.4823051691055298, 0.8903129696846008, 0.8916442394256592, 0.8916442394256592, 1.6740388870239258, '01:07']
Better model found at epoch 11 with valid_loss value: 0.47756311297416687.
[12, 0.48469802737236023, 0.4848288595676422, 0.9419716000556946, 0.9769074320793152, 0.06548947095870972, 0.180131196975708, 1.5989603996276855, 0.8860454559326172, 0.8945287466049194, 0.8945287466049194, 4.335855484008789, '01:05']
[13, 0.48186782002449036, 0.47416621446609497, 0.9342162013053894, 0.9867062568664551, 0.07508261501789093, 0.17543235421180725, 1.379642128944397, 0.8811778426170349, 0.8820977807044983, 0.8820977807044983, 1.054674506187439, '01:05']
Better model found at epoch 13 with valid_loss value: 0.47416621446609497.
[14, 0.4829697608947754, 0.48071274161338806, 0.9361011385917664, 0.9779812693595886, 0.06975947320461273, 0.17960511147975922, 1.5794223546981812, 0.8779163956642151, 0.8851393461227417, 0.8851393461227417, 3.3142690658569336, '01:05']
[15, 0.47390952706336975, 0.4764958620071411, 0.9366350769996643, 0.9863272309303284, 0.0687810555100441, 0.17556780576705933, 1.4098498821258545, 0.8828203082084656, 0.8855357766151428, 0.8855357766151428, 1.341626763343811, '01:04']
[16, 0.4780326187610626, 0.48442578315734863, 0.9457998871803284, 0.9873904585838318, 0.058943528681993484, 0.17511501908302307, 1.3203235864639282, 0.9035789370536804, 0.9035433530807495, 0.9035433530807495, 0.7970203757286072, '01:04']
[17, 0.477504163980484, 0.4762221872806549, 0.9366264343261719, 0.9842678904533386, 0.06979361921548843, 0.17661942541599274, 1.4592247009277344, 0.8831987977027893, 0.8864367604255676, 0.8864367604255676, 2.3549230098724365, '01:04']
[18, 0.46821367740631104, 0.46718108654022217, 0.9220076203346252, 0.9843414425849915, 0.08582893013954163, 0.17662031948566437, 1.4382398128509521, 0.8607145547866821, 0.8632381558418274, 0.8632381558418274, 1.3734235763549805, '01:05']
Better model found at epoch 18 with valid_loss value: 0.46718108654022217.
[19, 0.4670919179916382, 0.47323888540267944, 0.9231523275375366, 0.9805265665054321, 0.08268279582262039, 0.1785808652639389, 1.5731048583984375, 0.8525927662849426, 0.8631041049957275, 0.8631041049957275, 3.103658676147461, '01:04']
[20, 0.46335846185684204, 0.49820634722709656, 0.929405152797699, 0.9723614454269409, 0.07257713377475739, 0.1827995777130127, 1.6690939664840698, 0.8519681096076965, 0.8738254904747009, 0.8738254904747009, 4.927648067474365, '01:04']
[21, 0.45465365052223206, 0.4864082336425781, 0.9257900714874268, 0.9774424433708191, 0.07650912553071976, 0.1802051067352295, 1.5912224054336548, 0.8535292744636536, 0.8671167492866516, 0.8671167492866516, 3.0166726112365723, '01:05']
[22, 0.4624587595462799, 0.48519814014434814, 0.929392397403717, 0.9751371741294861, 0.07419927418231964, 0.18131542205810547, 1.64487624168396, 0.8559393286705017, 0.8725247979164124, 0.8725247979164124, 3.5956504344940186, '01:06']
[23, 0.45110365748405457, 0.4722355604171753, 0.9219788312911987, 0.9778296947479248, 0.08459870517253876, 0.1799713522195816, 1.5752900838851929, 0.8448055386543274, 0.8607752323150635, 0.8607752323150635, 3.0415706634521484, '01:05']
[24, 0.45820051431655884, 0.475816011428833, 0.9296658635139465, 0.9847207069396973, 0.0763435959815979, 0.1764909327030182, 1.3152439594268799, 0.8712417483329773, 0.8756964206695557, 0.8756963014602661, 1.0430150032043457, '01:05']
[25, 0.45222538709640503, 0.4579778015613556, 0.9113600850105286, 0.9872685670852661, 0.09560167789459229, 0.17519916594028473, 1.344967007637024, 0.843216061592102, 0.8463762402534485, 0.8463762402534485, 0.9125043749809265, '01:04']
Better model found at epoch 25 with valid_loss value: 0.4579778015613556.
[26, 0.4519374668598175, 0.466077983379364, 0.9141151905059814, 0.9813879728317261, 0.09081560373306274, 0.17845167219638824, 1.5564438104629517, 0.8391911387443542, 0.8490851521492004, 0.8490851521492004, 2.6546919345855713, '01:04']
[27, 0.4575764238834381, 0.47987231612205505, 0.9196849465370178, 0.9757204651832581, 0.08383848518133163, 0.18130822479724884, 1.6584672927856445, 0.8364010453224182, 0.8575918078422546, 0.8575918078422546, 4.254062175750732, '01:04']
[28, 0.44927555322647095, 0.4596804678440094, 0.9131577610969543, 0.9869714975357056, 0.0953546091914177, 0.17533297836780548, 1.2688287496566772, 0.8453009128570557, 0.850407600402832, 0.850407600402832, 0.7112324237823486, '01:04']
[29, 0.44459643959999084, 0.468854159116745, 0.917973518371582, 0.9827955961227417, 0.08796051889657974, 0.1775726079940796, 1.4185017347335815, 0.8480223417282104, 0.8566653728485107, 0.8566653728485107, 1.4293103218078613, '01:04']
[30, 0.45164206624031067, 0.47562354803085327, 0.9207221269607544, 0.9724158644676208, 0.08281991630792618, 0.18263360857963562, 1.6827526092529297, 0.8383798003196716, 0.8591641187667847, 0.8591641187667847, 5.120110988616943, '01:05']
[31, 0.439879834651947, 0.46555835008621216, 0.911977231502533, 0.9824792146682739, 0.09109416604042053, 0.17780674993991852, 1.501584768295288, 0.8361119627952576, 0.8438259959220886, 0.8438259959220886, 1.8613301515579224, '01:05']
[32, 0.4505685865879059, 0.4521351456642151, 0.8996409773826599, 0.9849423766136169, 0.1053488552570343, 0.17644725739955902, 1.4804080724716187, 0.8186308145523071, 0.8268343806266785, 0.8268343806266785, 1.8626254796981812, '01:05']
Better model found at epoch 32 with valid_loss value: 0.4521351456642151.
[33, 0.45611605048179626, 0.501157820224762, 0.9253377914428711, 0.9655176401138306, 0.0763029158115387, 0.18653154373168945, 1.7329411506652832, 0.8382282257080078, 0.8672086000442505, 0.8672086000442505, 7.695764064788818, '01:04']
[34, 0.4536408483982086, 0.463899165391922, 0.9137089252471924, 0.9831008911132812, 0.09118874371051788, 0.17729352414608002, 1.5060030221939087, 0.8395723104476929, 0.8477413058280945, 0.8477413058280945, 1.993700385093689, '01:04']
[35, 0.4442439675331116, 0.4541647434234619, 0.9058284163475037, 0.9846067428588867, 0.10144276916980743, 0.1769879162311554, 1.4836835861206055, 0.8300434947013855, 0.8367674946784973, 0.8367674946784973, 1.923157811164856, '01:04']
[36, 0.43836820125579834, 0.45489561557769775, 0.9048591256141663, 0.9854512810707092, 0.09848218411207199, 0.17614151537418365, 1.4082430601119995, 0.8237703442573547, 0.8334560394287109, 0.8334560394287109, 1.4083975553512573, '01:04']
[37, 0.4497224986553192, 0.4504084885120392, 0.9006231427192688, 0.9844117760658264, 0.10710219293832779, 0.1766292154788971, 1.4426114559173584, 0.8191701769828796, 0.8286495804786682, 0.8286495804786682, 1.6030797958374023, '01:04']
Better model found at epoch 37 with valid_loss value: 0.4504084885120392.
[38, 0.4468151926994324, 0.4456622004508972, 0.8955799341201782, 0.987369954586029, 0.11130662262439728, 0.17515233159065247, 1.338102102279663, 0.8152964115142822, 0.820968508720398, 0.820968508720398, 0.9441836476325989, '01:04']
Better model found at epoch 38 with valid_loss value: 0.4456622004508972.
[39, 0.45250454545021057, 0.44757845997810364, 0.9026874899864197, 0.9885383248329163, 0.10413098335266113, 0.17460791766643524, 1.2875839471817017, 0.8250969052314758, 0.8313970565795898, 0.8313970565795898, 0.7384089827537537, '01:04']
[40, 0.43708935379981995, 0.44520774483680725, 0.8957574367523193, 0.9853647351264954, 0.10849446803331375, 0.17622195184230804, 1.4385056495666504, 0.8107139468193054, 0.8202787637710571, 0.8202787637710571, 1.559693694114685, '01:04']
Better model found at epoch 40 with valid_loss value: 0.44520774483680725.
[41, 0.4466843008995056, 0.44740134477615356, 0.8985490202903748, 0.986327588558197, 0.10784140229225159, 0.1757512092590332, 1.3977136611938477, 0.8177038431167603, 0.8254854679107666, 0.8254854679107666, 1.251305103302002, '01:04']
[42, 0.43676167726516724, 0.48426324129104614, 0.9407111406326294, 0.9888235330581665, 0.06159210205078125, 0.17420858144760132, 1.233263611793518, 0.8779721260070801, 0.8975332379341125, 0.8975333571434021, 0.568504273891449, '01:04']
[43, 0.43335938453674316, 0.47816672921180725, 0.9336839318275452, 0.9890921115875244, 0.06875285506248474, 0.17409828305244446, 1.2231310606002808, 0.866629958152771, 0.8825364708900452, 0.8825364708900452, 0.4895228147506714, '01:04']
[44, 0.4274618327617645, 0.44602787494659424, 0.8923859596252441, 0.9883716106414795, 0.1121634840965271, 0.17463575303554535, 1.292909026145935, 0.8088160157203674, 0.8180984854698181, 0.8180984854698181, 0.7541579008102417, '01:04']
[45, 0.4385627210140228, 0.44573351740837097, 0.8942068219184875, 0.9846152067184448, 0.11119203269481659, 0.17654021084308624, 1.4443925619125366, 0.8073272109031677, 0.8175138831138611, 0.8175138831138611, 1.6621588468551636, '01:04']
[46, 0.43993210792541504, 0.48186683654785156, 0.9179811477661133, 0.9722743034362793, 0.0836833268404007, 0.18278248608112335, 1.692802906036377, 0.8280587196350098, 0.8541627526283264, 0.8541627526283264, 4.957064151763916, '01:04']
[47, 0.43197697401046753, 0.4548088610172272, 0.9073536992073059, 0.9882522225379944, 0.0975937619805336, 0.17468321323394775, 1.2763333320617676, 0.8324812054634094, 0.8405389785766602, 0.8405389785766602, 0.7297542691230774, '01:04']
[48, 0.4421883225440979, 0.4475274980068207, 0.895939290523529, 0.9831892848014832, 0.10913627594709396, 0.1775638461112976, 1.5294045209884644, 0.8104996681213379, 0.8217570185661316, 0.8217570185661316, 2.4898672103881836, '01:04']
No improvement since epoch 40: early stopping
----------
4
----------
DLS create!
[0, 0.5261785387992859, 0.5068919062614441, 0.9800159335136414, 0.9893944263458252, 0.02272092178463936, 0.1801239252090454, 1.3377434015274048, 0.9646596312522888, 0.961161732673645, 0.961161732673645, 0.6373232007026672, '01:05']
Better model found at epoch 0 with valid_loss value: 0.5068919062614441.
[1, 0.502957284450531, 0.504991888999939, 0.9722189903259277, 0.9883437752723694, 0.03999432176351547, 0.17572012543678284, 1.324617862701416, 0.9484677314758301, 0.946426510810852, 0.946426510810852, 1.029482126235962, '01:03']
Better model found at epoch 1 with valid_loss value: 0.504991888999939.
[2, 0.490362286567688, 0.4898063540458679, 0.9588968753814697, 0.9867691993713379, 0.04772583767771721, 0.17604604363441467, 1.426796793937683, 0.9231038689613342, 0.9225143194198608, 0.9225143194198608, 1.49336576461792, '01:04']
Better model found at epoch 2 with valid_loss value: 0.4898063540458679.
[3, 0.49448344111442566, 0.49117788672447205, 0.9626239538192749, 0.988044261932373, 0.04656849429011345, 0.17566797137260437, 1.358475923538208, 0.9299933910369873, 0.929081380367279, 0.929081380367279, 1.1492812633514404, '01:04']
[4, 0.4866076707839966, 0.5078423619270325, 0.9747713804244995, 0.9895234704017639, 0.028638532385230064, 0.17467015981674194, 1.263465166091919, 0.9509915113449097, 0.9525574445724487, 0.9525574445724487, 0.6912912130355835, '01:04']
[5, 0.48892802000045776, 0.4831169843673706, 0.9469631910324097, 0.9807420969009399, 0.06105871871113777, 0.17882972955703735, 1.5588538646697998, 0.8946932554244995, 0.9011358618736267, 0.9011358618736267, 3.165128231048584, '01:04']
Better model found at epoch 5 with valid_loss value: 0.4831169843673706.
[6, 0.48257407546043396, 0.4773179590702057, 0.9430550336837769, 0.9866514205932617, 0.06512662768363953, 0.17606790363788605, 1.4392246007919312, 0.8921046257019043, 0.8948294520378113, 0.8948294520378113, 1.574112057685852, '01:04']
Better model found at epoch 6 with valid_loss value: 0.4773179590702057.
[7, 0.47935596108436584, 0.4873916208744049, 0.941765308380127, 0.9778785109519958, 0.06117408350110054, 0.18027688562870026, 1.637333631515503, 0.882047712802887, 0.8929073810577393, 0.8929073810577393, 3.9345483779907227, '01:04']
[8, 0.48350173234939575, 0.4892978072166443, 0.9471789002418518, 0.9787287712097168, 0.05877673998475075, 0.1800096482038498, 1.6055798530578613, 0.8926636576652527, 0.902445375919342, 0.902445375919342, 3.564276695251465, '01:04']
[9, 0.47705039381980896, 0.47199133038520813, 0.9351209998130798, 0.9890347719192505, 0.06991156935691833, 0.17500881850719452, 1.32431960105896, 0.8788041472434998, 0.8836361169815063, 0.8836361169815063, 0.82044517993927, '01:04']
Better model found at epoch 9 with valid_loss value: 0.47199133038520813.
[10, 0.4737573266029358, 0.46286827325820923, 0.9256497621536255, 0.9837703108787537, 0.08255641162395477, 0.17770805954933167, 1.5264781713485718, 0.8563061952590942, 0.8657684922218323, 0.8657684922218323, 2.327812433242798, '01:04']
Better model found at epoch 10 with valid_loss value: 0.46286827325820923.
[11, 0.4742283523082733, 0.45712679624557495, 0.9209588170051575, 0.9878146052360535, 0.08881723880767822, 0.17564056813716888, 1.4103469848632812, 0.8531877398490906, 0.8579561710357666, 0.8579561710357666, 1.2770990133285522, '01:04']
Better model found at epoch 11 with valid_loss value: 0.45712679624557495.
[12, 0.46879279613494873, 0.46043679118156433, 0.9227663278579712, 0.9895854592323303, 0.0829506367444992, 0.17472371459007263, 1.3353526592254639, 0.8591694235801697, 0.8636710047721863, 0.8636710047721863, 0.8658022284507751, '01:04']
[13, 0.4625531733036041, 0.45275402069091797, 0.9115665555000305, 0.9868387579917908, 0.09447780251502991, 0.17625048756599426, 1.4501703977584839, 0.8340304493904114, 0.8435490131378174, 0.8435490131378174, 1.517634391784668, '01:04']
Better model found at epoch 13 with valid_loss value: 0.45275402069091797.
[14, 0.4600762724876404, 0.4592853784561157, 0.9144130349159241, 0.983176589012146, 0.09005419164896011, 0.17801456153392792, 1.5564104318618774, 0.8360254764556885, 0.8482057452201843, 0.8482057452201843, 2.412545680999756, '01:04']
[15, 0.4604167640209198, 0.4632551372051239, 0.924650251865387, 0.9910010695457458, 0.0790744498372078, 0.173983633518219, 1.1881769895553589, 0.8549408912658691, 0.8677319884300232, 0.8677319884300232, 0.38559532165527344, '01:04']
[16, 0.4539092183113098, 0.4423680007457733, 0.9034838080406189, 0.9904299378395081, 0.10744129121303558, 0.1744651198387146, 1.2439388036727905, 0.8257272839546204, 0.8333994150161743, 0.8333994150161743, 0.5823951959609985, '01:04']
Better model found at epoch 16 with valid_loss value: 0.4423680007457733.
[17, 0.45304474234580994, 0.4683971703052521, 0.925047755241394, 0.9895276427268982, 0.07830340415239334, 0.1747676432132721, 1.2919472455978394, 0.8586981892585754, 0.8698540925979614, 0.8698540925979614, 0.8228206038475037, '01:04']
[18, 0.4589158892631531, 0.4533327519893646, 0.9155198931694031, 0.9899721145629883, 0.09312638640403748, 0.17456425726413727, 1.2777155637741089, 0.8428362011909485, 0.8520671129226685, 0.8520671129226685, 0.7745141386985779, '01:04']
[19, 0.45528843998908997, 0.4411430060863495, 0.8973502516746521, 0.9880688190460205, 0.108424112200737, 0.1756785362958908, 1.4096835851669312, 0.8109222650527954, 0.8206636905670166, 0.8206636905670166, 1.2455445528030396, '01:04']
Better model found at epoch 19 with valid_loss value: 0.4411430060863495.
[20, 0.4465793967247009, 0.44588151574134827, 0.899095892906189, 0.9853572249412537, 0.1056203544139862, 0.1771087646484375, 1.5011039972305298, 0.8125682473182678, 0.824394166469574, 0.824394166469574, 1.8766543865203857, '01:04']
[21, 0.4523651599884033, 0.44822633266448975, 0.9031633138656616, 0.98544842004776, 0.10113663226366043, 0.17708173394203186, 1.5027999877929688, 0.8196707367897034, 0.8308793902397156, 0.8308794498443604, 2.0067594051361084, '01:04']
[22, 0.4474228024482727, 0.43865966796875, 0.8966737389564514, 0.989833414554596, 0.1089266836643219, 0.17474056780338287, 1.329682469367981, 0.8131263256072998, 0.8235276341438293, 0.8235276341438293, 0.9854773879051208, '01:04']
Better model found at epoch 22 with valid_loss value: 0.43865966796875.
[23, 0.4450560212135315, 0.4749666452407837, 0.916499137878418, 0.9739507436752319, 0.08489350229501724, 0.18295329809188843, 1.6940768957138062, 0.8202906847000122, 0.8506283760070801, 0.8506283760070801, 4.724722862243652, '01:04']
[24, 0.44460952281951904, 0.5290734171867371, 0.937867283821106, 0.9547631144523621, 0.06313207000494003, 0.192728653550148, 1.8164883852005005, 0.8408342599868774, 0.8860021829605103, 0.8860021829605103, 10.765584945678711, '01:04']
[25, 0.4497195780277252, 0.5342485308647156, 0.9445309638977051, 0.9489065408706665, 0.056191761046648026, 0.1951175034046173, 1.8346335887908936, 0.8570395112037659, 0.8977692127227783, 0.8977692127227783, 11.825630187988281, '01:04']
[26, 0.4495679438114166, 0.43485110998153687, 0.887794017791748, 0.9861339330673218, 0.11755120009183884, 0.1767587810754776, 1.4918930530548096, 0.7947208285331726, 0.8070047497749329, 0.8070047497749329, 1.872454285621643, '01:04']
Better model found at epoch 26 with valid_loss value: 0.43485110998153687.
[27, 0.4395224452018738, 0.4364641010761261, 0.8873850703239441, 0.9865099191665649, 0.11725473403930664, 0.17671716213226318, 1.4839420318603516, 0.7891951203346252, 0.8051714897155762, 0.8051714897155762, 1.83376145362854, '01:04']
[28, 0.44457724690437317, 0.43570566177368164, 0.8903851509094238, 0.9865170121192932, 0.11435545980930328, 0.1766391396522522, 1.4605082273483276, 0.7997692227363586, 0.8109013438224792, 0.8109013438224792, 1.5537045001983643, '01:04']
[29, 0.44688084721565247, 0.43138864636421204, 0.8844720721244812, 0.9888437390327454, 0.12064236402511597, 0.17539767920970917, 1.3880680799484253, 0.7973317503929138, 0.8047116994857788, 0.8047116994857788, 1.1077954769134521, '01:04']
Better model found at epoch 29 with valid_loss value: 0.43138864636421204.
[30, 0.4436775743961334, 0.4250091016292572, 0.8823282718658447, 0.9892799854278564, 0.12559635937213898, 0.17518647015094757, 1.3436461687088013, 0.7863500118255615, 0.7986792922019958, 0.7986792922019958, 0.9942901134490967, '01:04']
Better model found at epoch 30 with valid_loss value: 0.4250091016292572.
[31, 0.4430221915245056, 0.44135844707489014, 0.8933988809585571, 0.9896530508995056, 0.11037880182266235, 0.17487303912639618, 1.2892495393753052, 0.8066943287849426, 0.8186906576156616, 0.8186906576156616, 0.7747702598571777, '01:04']
[32, 0.4313845634460449, 0.44417667388916016, 0.8962063193321228, 0.9861848950386047, 0.10763311386108398, 0.17667900025844574, 1.4269453287124634, 0.8080583810806274, 0.820709764957428, 0.820709764957428, 1.5856163501739502, '01:04']
[33, 0.4357592463493347, 0.48256543278694153, 0.9119973182678223, 0.9720250964164734, 0.08958014845848083, 0.18412671983242035, 1.7226780652999878, 0.8075801730155945, 0.8429706692695618, 0.8429706692695618, 5.360406398773193, '01:04']
[34, 0.43971967697143555, 0.4266243278980255, 0.8818178176879883, 0.9878613352775574, 0.12339100986719131, 0.17599725723266602, 1.4160375595092773, 0.7871943116188049, 0.7971184253692627, 0.7971184253692627, 1.2687405347824097, '01:04']
[35, 0.4442286789417267, 0.4273033142089844, 0.8805940747261047, 0.9889047741889954, 0.12432631850242615, 0.1752404272556305, 1.3754507303237915, 0.7843513488769531, 0.7962629795074463, 0.7962629795074463, 1.1644521951675415, '01:04']
[36, 0.4431098997592926, 0.4311981797218323, 0.8871963024139404, 0.9904903173446655, 0.11991726607084274, 0.17434096336364746, 1.2701817750930786, 0.798352837562561, 0.8073738813400269, 0.8073738813400269, 0.6818880438804626, '01:05']
[37, 0.4307580292224884, 0.4296180009841919, 0.8818296790122986, 0.9898294806480408, 0.12278087437152863, 0.1748042106628418, 1.309659719467163, 0.7876062989234924, 0.7989106774330139, 0.7989106774330139, 0.843876838684082, '01:04']
[38, 0.437127023935318, 0.4212254285812378, 0.8742364048957825, 0.9904640316963196, 0.13345767557621002, 0.17444536089897156, 1.2856565713882446, 0.7799220085144043, 0.7896343469619751, 0.7896343469619751, 0.749658465385437, '01:04']
Better model found at epoch 38 with valid_loss value: 0.4212254285812378.
[39, 0.4373379647731781, 0.42916759848594666, 0.8816053867340088, 0.989374577999115, 0.12372343987226486, 0.17506630718708038, 1.3261305093765259, 0.7926071286201477, 0.800531268119812, 0.800531268119812, 0.9047057032585144, '01:04']
[40, 0.43028101325035095, 0.4311135411262512, 0.8866575360298157, 0.9908868670463562, 0.1161191537976265, 0.17419670522212982, 1.240323781967163, 0.7953013777732849, 0.8086302280426025, 0.8086302280426025, 0.5798737406730652, '01:04']
[41, 0.4294157326221466, 0.4546613395214081, 0.9016112089157104, 0.9805231690406799, 0.10063442587852478, 0.1796771138906479, 1.607527256011963, 0.801751971244812, 0.8261988162994385, 0.8261988162994385, 3.0731093883514404, '01:04']
[42, 0.42431285977363586, 0.4354812204837799, 0.8829161524772644, 0.984890878200531, 0.11963549256324768, 0.1775517761707306, 1.5520845651626587, 0.7796528935432434, 0.7987947463989258, 0.7987947463989258, 2.4606897830963135, '01:04']
[43, 0.4326808452606201, 0.42404404282569885, 0.876007616519928, 0.9898313283920288, 0.1281353086233139, 0.17479458451271057, 1.3328580856323242, 0.7791236639022827, 0.7904654741287231, 0.7904654741287231, 0.9126573801040649, '01:04']
[44, 0.4446105659008026, 0.4091624617576599, 0.8639805912971497, 0.9898857474327087, 0.1507328450679779, 0.17515556514263153, 1.3790836334228516, 0.7618656158447266, 0.7688191533088684, 0.7688191533088684, 1.0534377098083496, '01:04']
Better model found at epoch 44 with valid_loss value: 0.4091624617576599.
[45, 0.4441216289997101, 0.4593733251094818, 0.904699444770813, 0.9781938791275024, 0.09774015843868256, 0.18080809712409973, 1.6541651487350464, 0.8058485388755798, 0.8329430222511292, 0.8329430222511292, 4.22882604598999, '01:04']
[46, 0.43854784965515137, 0.4197048544883728, 0.8721525073051453, 0.9870656132698059, 0.13294345140457153, 0.17643873393535614, 1.4843509197235107, 0.7696811556816101, 0.7817648649215698, 0.7817648649215698, 1.7135982513427734, '01:04']
[47, 0.4321052134037018, 0.4265119731426239, 0.8810451626777649, 0.9913386106491089, 0.12753459811210632, 0.17398181557655334, 1.1894245147705078, 0.7851353287696838, 0.8008418083190918, 0.8008418083190918, 0.4475952684879303, '01:04']
[48, 0.4334665536880493, 0.40423718094825745, 0.855507493019104, 0.989488959312439, 0.15543119609355927, 0.17533911764621735, 1.3803290128707886, 0.7439952492713928, 0.7563914060592651, 0.7563914060592651, 1.1120765209197998, '01:04']
Better model found at epoch 48 with valid_loss value: 0.40423718094825745.
[49, 0.4315030574798584, 0.4685531556606293, 0.907749593257904, 0.9710408449172974, 0.09205101430416107, 0.1846470981836319, 1.7367963790893555, 0.7930456399917603, 0.8353353142738342, 0.8353351950645447, 6.180438041687012, '01:04']
[50, 0.42969635128974915, 0.4617976248264313, 0.8972691297531128, 0.9757925271987915, 0.10380108654499054, 0.18249033391475677, 1.698778510093689, 0.7818670272827148, 0.8183490037918091, 0.8183490037918091, 4.752652645111084, '01:04']
[51, 0.4377354085445404, 0.4140745997428894, 0.867543637752533, 0.9876182079315186, 0.13801023364067078, 0.17625164985656738, 1.4264320135116577, 0.7594103813171387, 0.7737745642662048, 0.7737745642662048, 1.4958182573318481, '01:04']
[52, 0.429514080286026, 0.4108468294143677, 0.8619563579559326, 0.9904971122741699, 0.1433381289243698, 0.17447875440120697, 1.3043004274368286, 0.7548654675483704, 0.7686135172843933, 0.7686135172843933, 0.8560572862625122, '01:04']
[53, 0.4327813982963562, 0.4141789376735687, 0.8659555912017822, 0.9880952835083008, 0.1417858898639679, 0.17587190866470337, 1.4325430393218994, 0.7593132853507996, 0.7728667259216309, 0.7728667259216309, 1.537106990814209, '01:04']
[54, 0.42278921604156494, 0.4113818109035492, 0.8640559315681458, 0.9907941222190857, 0.14164693653583527, 0.17435166239738464, 1.2892402410507202, 0.7603324055671692, 0.7714654207229614, 0.7714654207229614, 0.7337360978126526, '01:05']
[55, 0.43569910526275635, 0.4196315407752991, 0.8708963394165039, 0.9905868172645569, 0.13577209413051605, 0.17441576719284058, 1.2870924472808838, 0.7684258818626404, 0.7839573621749878, 0.7839573621749878, 0.8363906145095825, '01:04']
[56, 0.43780288100242615, 0.41049858927726746, 0.861441969871521, 0.9887575507164001, 0.1422775536775589, 0.17555154860019684, 1.4310194253921509, 0.7525653839111328, 0.7655412554740906, 0.7655412554740906, 1.4327834844589233, '01:04']
No improvement since epoch 48: early stopping
MAnet_xcep Done!
