Models will save to MAnet_mitb5_x
Use mit_b5 encoder
Start training...
----------
0
----------
DLS create!
[0, 0.5222108364105225, 0.5121755003929138, 0.9841078519821167, 0.9910167455673218, 0.010705731809139252, 0.18136049807071686, 1.3811187744140625, 0.9731329679489136, 0.9690805673599243, 0.9690805673599243, 1.9303412437438965, '02:25']
Better model found at epoch 0 with valid_loss value: 0.5121755003929138.
[1, 0.5016612410545349, 0.5036778450012207, 0.9767307639122009, 0.9889995455741882, 0.030574548989534378, 0.17560896277427673, 1.3916620016098022, 0.956588864326477, 0.9554402828216553, 0.9554402828216553, 4.130948543548584, '02:23']
Better model found at epoch 1 with valid_loss value: 0.5036778450012207.
[2, 0.49464163184165955, 0.5055779814720154, 0.9807887673377991, 0.9914619326591492, 0.020352495834231377, 0.17437979578971863, 1.2449421882629395, 0.9627052545547485, 0.9628911018371582, 0.9628911018371582, 1.2193865776062012, '02:24']
[3, 0.4903394877910614, 0.492140531539917, 0.9641228914260864, 0.9888026118278503, 0.04206516966223717, 0.17580577731132507, 1.444162130355835, 0.9311245083808899, 0.9322746396064758, 0.9322746396064758, 4.088323593139648, '02:24']
Better model found at epoch 3 with valid_loss value: 0.492140531539917.
[4, 0.48886069655418396, 0.4899198114871979, 0.9605276584625244, 0.987920880317688, 0.04655531421303749, 0.1760503351688385, 1.4667763710021973, 0.9236525297164917, 0.9258566498756409, 0.9258566498756409, 5.180009841918945, '02:25']
Better model found at epoch 4 with valid_loss value: 0.4899198114871979.
[5, 0.4852149486541748, 0.49507561326026917, 0.9589931964874268, 0.9856117367744446, 0.044909264892339706, 0.17701996862888336, 1.5559065341949463, 0.9199252724647522, 0.9234312772750854, 0.9234312772750854, 8.011016845703125, '02:24']
[6, 0.48902520537376404, 0.48902663588523865, 0.9602357149124146, 0.9884817004203796, 0.04614797607064247, 0.17587608098983765, 1.4591857194900513, 0.9242429733276367, 0.9257952570915222, 0.9257952570915222, 4.262594699859619, '02:25']
Better model found at epoch 6 with valid_loss value: 0.48902663588523865.
[7, 0.47821593284606934, 0.49112653732299805, 0.9575061798095703, 0.9873202443122864, 0.04697519913315773, 0.1761777549982071, 1.499315619468689, 0.9187961220741272, 0.9213418960571289, 0.9213418960571289, 6.031762599945068, '02:23']
[8, 0.4749385714530945, 0.4790143072605133, 0.9454096555709839, 0.986750066280365, 0.06446060538291931, 0.17685624957084656, 1.5242818593978882, 0.8946565985679626, 0.9001963138580322, 0.9001963138580322, 6.069338798522949, '02:24']
Better model found at epoch 8 with valid_loss value: 0.4790143072605133.
[9, 0.4754638969898224, 0.4759557247161865, 0.9395186305046082, 0.9849317669868469, 0.0664728507399559, 0.17748166620731354, 1.5808354616165161, 0.8810267448425293, 0.890085756778717, 0.890085756778717, 8.54201889038086, '02:23']
Better model found at epoch 9 with valid_loss value: 0.4759557247161865.
[10, 0.4709082841873169, 0.49473997950553894, 0.9650553464889526, 0.9910202026367188, 0.04014735296368599, 0.174339160323143, 1.3092987537384033, 0.9300928711891174, 0.9340866208076477, 0.9340866208076477, 2.212090492248535, '02:24']
[11, 0.4749033451080322, 0.47420215606689453, 0.9423795938491821, 0.9893843531608582, 0.06461616605520248, 0.17524604499340057, 1.4265480041503906, 0.890428900718689, 0.8952552676200867, 0.8952552676200867, 4.084366798400879, '02:24']
Better model found at epoch 11 with valid_loss value: 0.47420215606689453.
[12, 0.47079163789749146, 0.48159706592559814, 0.948912501335144, 0.9893449544906616, 0.05530192330479622, 0.17523832619190216, 1.4428547620773315, 0.9026393294334412, 0.9066165089607239, 0.9066165089607239, 3.203728675842285, '02:24']
[13, 0.472331702709198, 0.47833165526390076, 0.943455159664154, 0.986017107963562, 0.06284746527671814, 0.1768920123577118, 1.5478757619857788, 0.8890824317932129, 0.8967960476875305, 0.8967960476875305, 6.9438652992248535, '02:24']
[14, 0.47123298048973083, 0.4719032645225525, 0.9323909878730774, 0.9828249216079712, 0.07341388612985611, 0.178582102060318, 1.621029019355774, 0.8666127920150757, 0.8787950873374939, 0.8787950873374939, 10.284492492675781, '02:25']
Better model found at epoch 14 with valid_loss value: 0.4719032645225525.
[15, 0.46156346797943115, 0.4683693051338196, 0.9332312345504761, 0.9901280403137207, 0.07294608652591705, 0.17481957376003265, 1.4007024765014648, 0.8730417490005493, 0.8800799250602722, 0.8800799250602722, 2.9947779178619385, '02:25']
Better model found at epoch 15 with valid_loss value: 0.4683693051338196.
[16, 0.4618819057941437, 0.4868066906929016, 0.9493497014045715, 0.9875858426094055, 0.05302157253026962, 0.17602981626987457, 1.5137979984283447, 0.9023140668869019, 0.9068779349327087, 0.9068779349327087, 7.109255313873291, '02:26']
[17, 0.45992419123649597, 0.4762745201587677, 0.9401669502258301, 0.987782895565033, 0.06373773515224457, 0.17593328654766083, 1.5038634538650513, 0.8851374387741089, 0.8913265466690063, 0.8913265466690063, 6.3841423988342285, '02:25']
[18, 0.45343056321144104, 0.48317697644233704, 0.9517876505851746, 0.9920661449432373, 0.05183272063732147, 0.17375405132770538, 1.1735268831253052, 0.8984763622283936, 0.9124609231948853, 0.9124609231948853, 0.621688723564148, '02:24']
[19, 0.45649564266204834, 0.4860341250896454, 0.954778790473938, 0.9919111728668213, 0.0478549487888813, 0.17377255856990814, 1.182331919670105, 0.9010627269744873, 0.9169386029243469, 0.9169386029243469, 0.8756981492042542, '02:25']
[20, 0.453617662191391, 0.4665049910545349, 0.9352147579193115, 0.9907240271568298, 0.06979002803564072, 0.17458277940750122, 1.3607141971588135, 0.8780485391616821, 0.8837034702301025, 0.8837034702301025, 2.9020514488220215, '02:25']
Better model found at epoch 20 with valid_loss value: 0.4665049910545349.
[21, 0.4569735527038574, 0.4606280028820038, 0.9235056042671204, 0.9877511858940125, 0.0822160542011261, 0.17610931396484375, 1.5015637874603271, 0.8577982783317566, 0.8651363253593445, 0.8651363253593445, 5.201139450073242, '02:26']
Better model found at epoch 21 with valid_loss value: 0.4606280028820038.
[22, 0.45122021436691284, 0.46237677335739136, 0.9220224618911743, 0.9866823554039001, 0.08225367963314056, 0.17670953273773193, 1.5473524332046509, 0.8518673777580261, 0.8623982667922974, 0.8623982667922974, 5.358761787414551, '02:26']
[23, 0.44590577483177185, 0.4630240499973297, 0.9251918792724609, 0.986054003238678, 0.08123932778835297, 0.17711149156093597, 1.5525250434875488, 0.8545602560043335, 0.8668696880340576, 0.8668696880340576, 5.7669782638549805, '02:24']
[24, 0.4542449414730072, 0.46231597661972046, 0.9285266399383545, 0.9904783964157104, 0.07744527608156204, 0.17466342449188232, 1.3505803346633911, 0.8685014843940735, 0.8735901713371277, 0.8735900521278381, 2.2244770526885986, '02:25']
[25, 0.4488217234611511, 0.4823370575904846, 0.9371377229690552, 0.9780862927436829, 0.06629393249750137, 0.18097853660583496, 1.6891050338745117, 0.8663530945777893, 0.8868271708488464, 0.8868271708488464, 12.253543853759766, '02:27']
[26, 0.45039281249046326, 0.4584529399871826, 0.9218629002571106, 0.9907944202423096, 0.08274306356906891, 0.17448784410953522, 1.3513327836990356, 0.8563056588172913, 0.8629541993141174, 0.8629541993141174, 2.3257033824920654, '02:24']
Better model found at epoch 26 with valid_loss value: 0.4584529399871826.
[27, 0.45364657044410706, 0.45357373356819153, 0.914429247379303, 0.9861494898796082, 0.09103310108184814, 0.17702150344848633, 1.5652766227722168, 0.8379141092300415, 0.8505003452301025, 0.8505003452301025, 6.233179092407227, '02:26']
Better model found at epoch 27 with valid_loss value: 0.45357373356819153.
[28, 0.4513711929321289, 0.46980032324790955, 0.9345101118087769, 0.9911718964576721, 0.07021389156579971, 0.17435111105442047, 1.2731943130493164, 0.8833613395690918, 0.8878763914108276, 0.8878763914108276, 1.2032670974731445, '02:25']
[29, 0.45486536622047424, 0.4703408479690552, 0.9364615082740784, 0.9896821975708008, 0.06789430230855942, 0.17502620816230774, 1.422865390777588, 0.880355954170227, 0.885619580745697, 0.885619580745697, 3.359311103820801, '02:25']
[30, 0.44865548610687256, 0.47017571330070496, 0.9288548827171326, 0.9818205237388611, 0.07571148872375488, 0.17932745814323425, 1.6480516195297241, 0.853213369846344, 0.8728973865509033, 0.8728973865509033, 11.400129318237305, '02:26']
[31, 0.44810616970062256, 0.45470622181892395, 0.9163564443588257, 0.9889642000198364, 0.09048490226268768, 0.17556610703468323, 1.4638826847076416, 0.8477237820625305, 0.8542366623878479, 0.8542366623878479, 3.4973342418670654, '02:25']
[32, 0.44878774881362915, 0.46905118227005005, 0.9239886999130249, 0.979667603969574, 0.07992729544639587, 0.18030138313770294, 1.6693516969680786, 0.8415089249610901, 0.8649697303771973, 0.8649697303771973, 12.369601249694824, '02:26']
[33, 0.4469185769557953, 0.4582303762435913, 0.916417121887207, 0.9846713542938232, 0.08805075287818909, 0.17806655168533325, 1.6056604385375977, 0.8364196419715881, 0.8530626893043518, 0.8530626893043518, 8.058313369750977, '02:25']
[34, 0.45620498061180115, 0.4588521718978882, 0.9265784025192261, 0.9907468557357788, 0.08155722171068192, 0.17463934421539307, 1.3486405611038208, 0.8650229573249817, 0.8712997436523438, 0.8712997436523438, 2.6855275630950928, '02:25']
[35, 0.4376477003097534, 0.4678102433681488, 0.935041069984436, 0.9920673370361328, 0.06888296455144882, 0.17379094660282135, 1.210923194885254, 0.8696326613426208, 0.8846771121025085, 0.8846771121025085, 1.0883952379226685, '02:26']
No improvement since epoch 27: early stopping
----------
1
----------
DLS create!
[0, 0.5395150184631348, 0.5233641862869263, 0.9937484860420227, 0.99080890417099, 0.0, 0.18092700839042664, 1.08232843875885, 0.9980487823486328, 0.9876244068145752, 0.9876244068145752, 0.0, '02:26']
Better model found at epoch 0 with valid_loss value: 0.5233641862869263.
[1, 0.5160049796104431, 0.5243334174156189, 0.9922993183135986, 0.9906743764877319, 0.003800854319706559, 0.18089962005615234, 1.2160841226577759, 0.993931770324707, 0.9848271608352661, 0.9848271608352661, 0.07692737877368927, '02:25']
[2, 0.5020180940628052, 0.5157003402709961, 0.9824866652488708, 0.9875631928443909, 0.030641285702586174, 0.17867425084114075, 1.4166971445083618, 0.9704155325889587, 0.9660255312919617, 0.9660255312919617, 1.5092096328735352, '02:25']
Better model found at epoch 2 with valid_loss value: 0.5157003402709961.
[3, 0.49567684531211853, 0.49920937418937683, 0.9591941237449646, 0.9786713123321533, 0.04701343551278114, 0.17960481345653534, 1.6156253814697266, 0.9170774817466736, 0.9234315752983093, 0.9234315752983093, 5.615703105926514, '02:25']
Better model found at epoch 3 with valid_loss value: 0.49920937418937683.
[4, 0.49519774317741394, 0.498322993516922, 0.9661309123039246, 0.988784909248352, 0.044070467352867126, 0.17494462430477142, 1.338439702987671, 0.9344138503074646, 0.9357714056968689, 0.9357714056968689, 1.102864384651184, '02:26']
Better model found at epoch 4 with valid_loss value: 0.498322993516922.
[5, 0.48860418796539307, 0.5098469257354736, 0.9766387343406677, 0.9901984333992004, 0.02802814170718193, 0.17386609315872192, 1.1921011209487915, 0.9489908218383789, 0.9549162983894348, 0.9549162983894348, 0.35088786482810974, '02:26']
[6, 0.48794957995414734, 0.4910614788532257, 0.9607614278793335, 0.989059329032898, 0.04789740964770317, 0.1748313158750534, 1.3375635147094727, 0.9227746725082397, 0.9261953830718994, 0.9261953830718994, 1.0535603761672974, '02:25']
Better model found at epoch 6 with valid_loss value: 0.4910614788532257.
[7, 0.48607125878334045, 0.49012234807014465, 0.9564352631568909, 0.9889529347419739, 0.054800845682621, 0.17480160295963287, 1.3400532007217407, 0.9151231646537781, 0.918441653251648, 0.918441653251648, 1.109494924545288, '02:26']
Better model found at epoch 7 with valid_loss value: 0.49012234807014465.
[8, 0.4852333068847656, 0.48828792572021484, 0.9518579244613647, 0.9875703454017639, 0.05376303195953369, 0.1752753108739853, 1.430682897567749, 0.9071028232574463, 0.9101237058639526, 0.9101237058639526, 1.6035569906234741, '02:26']
Better model found at epoch 8 with valid_loss value: 0.48828792572021484.
[9, 0.4743131995201111, 0.4786287248134613, 0.9378517270088196, 0.9853392839431763, 0.06833946704864502, 0.17652416229248047, 1.532081961631775, 0.8774357438087463, 0.8872156739234924, 0.8872156739234924, 3.102088451385498, '02:25']
Better model found at epoch 9 with valid_loss value: 0.4786287248134613.
[10, 0.4743756949901581, 0.47480398416519165, 0.9335146546363831, 0.9861477613449097, 0.07247375696897507, 0.17612221837043762, 1.5179331302642822, 0.8706286549568176, 0.8793885707855225, 0.8793885707855225, 2.6496222019195557, '02:25']
Better model found at epoch 10 with valid_loss value: 0.47480398416519165.
[11, 0.47613054513931274, 0.48818936944007874, 0.9521101117134094, 0.9902526140213013, 0.053974952548742294, 0.1738339215517044, 1.227960467338562, 0.8979802131652832, 0.9111868143081665, 0.911186695098877, 0.5362129807472229, '02:27']
[12, 0.46837323904037476, 0.48071780800819397, 0.9447831511497498, 0.989484429359436, 0.06107741966843605, 0.17432817816734314, 1.3237059116363525, 0.8898165225982666, 0.8986818194389343, 0.8986818194389343, 0.9618881344795227, '02:26']
[13, 0.4668605625629425, 0.48464635014533997, 0.943918764591217, 0.9857867956161499, 0.06012623757123947, 0.1761568933725357, 1.5207831859588623, 0.8923444151878357, 0.8970375657081604, 0.8970375657081604, 2.603832960128784, '02:26']
[14, 0.4611929655075073, 0.4748910963535309, 0.9286505579948425, 0.9825659394264221, 0.07705162465572357, 0.17788296937942505, 1.6063417196273804, 0.8578302264213562, 0.8715196847915649, 0.8715196847915649, 4.108273029327393, '02:26']
[15, 0.4655504822731018, 0.479251891374588, 0.9290225505828857, 0.9777451753616333, 0.07544072717428207, 0.18035094439983368, 1.673815131187439, 0.8510844111442566, 0.8718206882476807, 0.8718206882476807, 6.6456499099731445, '02:22']
[16, 0.4542326331138611, 0.4769440293312073, 0.9372361302375793, 0.9903352856636047, 0.06684356927871704, 0.17380058765411377, 1.2401012182235718, 0.8708889484405518, 0.886940062046051, 0.8869401812553406, 0.5787234306335449, '02:23']
[17, 0.4608512818813324, 0.4792223274707794, 0.9410488605499268, 0.9904877543449402, 0.06475600600242615, 0.173720121383667, 1.206080675125122, 0.8750482797622681, 0.8929051160812378, 0.8929051160812378, 0.47521963715553284, '02:23']
[18, 0.4611075222492218, 0.4775661826133728, 0.9396041631698608, 0.989657461643219, 0.06542465835809708, 0.17424513399600983, 1.3025574684143066, 0.8801145553588867, 0.8897547721862793, 0.8897547721862793, 0.9355592727661133, '02:23']
No improvement since epoch 10: early stopping
----------
2
----------
DLS create!
[0, 0.5333723425865173, 0.51303631067276, 0.9872366189956665, 0.9931052327156067, 0.0, 0.18132510781288147, 1.2717467546463013, 0.9811870455741882, 0.9751288890838623, 0.9751288890838623, 0.0, '02:24']
Better model found at epoch 0 with valid_loss value: 0.51303631067276.
[1, 0.5117273330688477, 0.5459136366844177, 0.9914124011993408, 0.9889033436775208, 0.024653542786836624, 0.19862182438373566, 1.4205079078674316, 0.9918072819709778, 0.9831575751304626, 0.9831575751304626, 1.831193208694458, '02:24']
[2, 0.5013067722320557, 0.5615625381469727, 0.9834098219871521, 0.9095862507820129, 0.01856808178126812, 0.20691454410552979, 1.743447184562683, 0.9677869081497192, 0.9680582880973816, 0.9680582880973816, 32.02111053466797, '02:24']
[3, 0.49927622079849243, 0.49802207946777344, 0.9710033535957336, 0.9857960343360901, 0.03559374436736107, 0.17788532376289368, 1.4644383192062378, 0.948753297328949, 0.9455981850624084, 0.9455981850624084, 3.2785768508911133, '02:24']
Better model found at epoch 3 with valid_loss value: 0.49802207946777344.
[4, 0.49557334184646606, 0.4916159510612488, 0.9642886519432068, 0.9867863655090332, 0.04013511911034584, 0.17672500014305115, 1.4600887298583984, 0.9334511756896973, 0.9332290887832642, 0.9332290887832642, 2.7778420448303223, '02:24']
Better model found at epoch 4 with valid_loss value: 0.4916159510612488.
[5, 0.4994136691093445, 0.4997261166572571, 0.9762328267097473, 0.9910815358161926, 0.0251657385379076, 0.17480123043060303, 1.3060063123703003, 0.9544538259506226, 0.9544470906257629, 0.9544470906257629, 0.8379477858543396, '02:24']
[6, 0.4965037405490875, 0.4828188419342041, 0.9557034373283386, 0.9878067374229431, 0.056292761117219925, 0.176516592502594, 1.463928461074829, 0.9181135296821594, 0.9175472855567932, 0.9175472855567932, 2.4243991374969482, '02:24']
Better model found at epoch 6 with valid_loss value: 0.4828188419342041.
[7, 0.4885253608226776, 0.5017788410186768, 0.9772129654884338, 0.9916165471076965, 0.02406611666083336, 0.1743379831314087, 1.247344732284546, 0.9526500701904297, 0.9565785527229309, 0.9565785527229309, 0.5866044163703918, '02:24']
[8, 0.49264076352119446, 0.48475146293640137, 0.9606860280036926, 0.9887983798980713, 0.05011129379272461, 0.1762240082025528, 1.4357975721359253, 0.9264509081840515, 0.9258806109428406, 0.9258806109428406, 2.0655055046081543, '02:27']
[9, 0.4886600971221924, 0.48859837651252747, 0.9511497616767883, 0.9775559306144714, 0.05425405502319336, 0.18095609545707703, 1.6782125234603882, 0.9011726379394531, 0.9097237586975098, 0.9097237586975098, 6.431632041931152, '02:25']
[10, 0.4848368465900421, 0.48263633251190186, 0.9566767811775208, 0.991385817527771, 0.04918237030506134, 0.1745319664478302, 1.3217617273330688, 0.9166542887687683, 0.9191269278526306, 0.9191269278526306, 0.9349667429924011, '02:25']
Better model found at epoch 10 with valid_loss value: 0.48263633251190186.
[11, 0.49054718017578125, 0.47650280594825745, 0.9526576995849609, 0.9919807314872742, 0.058527182787656784, 0.17434091866016388, 1.26987624168396, 0.9067097902297974, 0.9110530018806458, 0.9110530018806458, 0.7573373317718506, '02:25']
Better model found at epoch 11 with valid_loss value: 0.47650280594825745.
[12, 0.48782727122306824, 0.4824639856815338, 0.9589290022850037, 0.9915879368782043, 0.05021834746003151, 0.17452052235603333, 1.2940747737884521, 0.9200149178504944, 0.9226927161216736, 0.9226927161216736, 0.9199830889701843, '02:25']
[13, 0.48167985677719116, 0.4652101397514343, 0.9299503564834595, 0.9841418862342834, 0.07803292572498322, 0.1783701777458191, 1.624147653579712, 0.8629608750343323, 0.8728232383728027, 0.8728232383728027, 3.9976003170013428, '02:25']
Better model found at epoch 13 with valid_loss value: 0.4652101397514343.
[14, 0.47544243931770325, 0.45713475346565247, 0.9268969297409058, 0.9896352887153625, 0.08176924288272858, 0.1753690242767334, 1.4435434341430664, 0.8637318015098572, 0.867304265499115, 0.867304265499115, 1.8704841136932373, '02:25']
Better model found at epoch 14 with valid_loss value: 0.45713475346565247.
[15, 0.47840312123298645, 0.4536272883415222, 0.923310399055481, 0.9904113411903381, 0.08601605892181396, 0.1750899702310562, 1.4192266464233398, 0.8587093949317932, 0.8617352843284607, 0.8617352843284607, 1.3954659700393677, '02:25']
Better model found at epoch 15 with valid_loss value: 0.4536272883415222.
[16, 0.46677571535110474, 0.46836698055267334, 0.9404017329216003, 0.9919257760047913, 0.06548585742712021, 0.1741333305835724, 1.2841109037399292, 0.8835777044296265, 0.8903443813323975, 0.8903443813323975, 0.6752671003341675, '02:25']
[17, 0.47401389479637146, 0.4701210856437683, 0.9313068389892578, 0.9801374673843384, 0.07460135966539383, 0.18012943863868713, 1.6761647462844849, 0.8573161959648132, 0.8753379583358765, 0.8753379583358765, 5.123656272888184, '02:25']
[18, 0.4763779640197754, 0.4740104675292969, 0.9475259780883789, 0.9921290278434753, 0.06057555973529816, 0.174101322889328, 1.248558521270752, 0.8976090550422668, 0.9039143323898315, 0.9039143323898315, 0.5711559653282166, '02:25']
[19, 0.4755244553089142, 0.477306067943573, 0.9504696726799011, 0.9903156757354736, 0.055824343115091324, 0.17517337203025818, 1.4055569171905518, 0.9064290523529053, 0.9076444506645203, 0.9076444506645203, 1.3661432266235352, '02:25']
[20, 0.4603038430213928, 0.45546212792396545, 0.9251015186309814, 0.9923951625823975, 0.08193150162696838, 0.1739906370639801, 1.2471568584442139, 0.8575345277786255, 0.8656474351882935, 0.8656474351882935, 0.5095505714416504, '02:25']
[21, 0.47047650814056396, 0.4446350336074829, 0.9084236025810242, 0.9868394732475281, 0.100818932056427, 0.1770961731672287, 1.5752997398376465, 0.8262786269187927, 0.8374413847923279, 0.8374413847923279, 2.7616477012634277, '02:25']
Better model found at epoch 21 with valid_loss value: 0.4446350336074829.
[22, 0.4653134047985077, 0.4527176022529602, 0.9228730797767639, 0.9918736815452576, 0.08477254956960678, 0.17434224486351013, 1.311682105064392, 0.8565000891685486, 0.8613296747207642, 0.8613296747207642, 0.791317343711853, '02:25']
[23, 0.4614107310771942, 0.44675520062446594, 0.9145032167434692, 0.9920838475227356, 0.09410732984542847, 0.17424067854881287, 1.2828692197799683, 0.8460118770599365, 0.8497182726860046, 0.8497181534767151, 0.6214652061462402, '02:24']
[24, 0.46962055563926697, 0.4385027289390564, 0.9058188796043396, 0.990277886390686, 0.10902025550603867, 0.17539067566394806, 1.4395662546157837, 0.8306089043617249, 0.8342053294181824, 0.8342053294181824, 1.4967677593231201, '02:24']
Better model found at epoch 24 with valid_loss value: 0.4385027289390564.
[25, 0.46840551495552063, 0.44974231719970703, 0.9195309281349182, 0.9927703738212585, 0.08732208609580994, 0.173848956823349, 1.203566074371338, 0.8486101031303406, 0.858063280582428, 0.858063280582428, 0.3981170058250427, '02:24']
[26, 0.4538186490535736, 0.4375630021095276, 0.9016350507736206, 0.9904592037200928, 0.10515526682138443, 0.17514954507350922, 1.4339532852172852, 0.8209047317504883, 0.8265050053596497, 0.8265050053596497, 1.6491773128509521, '02:25']
Better model found at epoch 26 with valid_loss value: 0.4375630021095276.
[27, 0.46341392397880554, 0.438533753156662, 0.901298999786377, 0.9861961603164673, 0.1100957915186882, 0.17752139270305634, 1.5859911441802979, 0.8122250437736511, 0.8268197178840637, 0.8268197178840637, 3.352449655532837, '02:25']
[28, 0.46405529975891113, 0.4539796710014343, 0.9206623435020447, 0.9886956810951233, 0.08805152028799057, 0.1760658323764801, 1.5119107961654663, 0.854068398475647, 0.8576392531394958, 0.8576392531394958, 1.9538856744766235, '02:24']
[29, 0.453279584646225, 0.46297311782836914, 0.9357733130455017, 0.9928756356239319, 0.07108545303344727, 0.173823282122612, 1.189409852027893, 0.8716930150985718, 0.8842185735702515, 0.8842185735702515, 0.37161901593208313, '02:24']
[30, 0.44977307319641113, 0.4333665668964386, 0.895355224609375, 0.9881234169006348, 0.11286060512065887, 0.17639940977096558, 1.5308067798614502, 0.8099094033241272, 0.8182364106178284, 0.8182364106178284, 2.214968681335449, '02:24']
Better model found at epoch 30 with valid_loss value: 0.4333665668964386.
[31, 0.44964516162872314, 0.49939286708831787, 0.9335474967956543, 0.9652125239372253, 0.06798938661813736, 0.18782272934913635, 1.8084713220596313, 0.8362135291099548, 0.8789418935775757, 0.8789418935775757, 10.383451461791992, '02:24']
[32, 0.4481782913208008, 0.45040902495384216, 0.9106009006500244, 0.9862931370735168, 0.09425477683544159, 0.17712394893169403, 1.5630680322647095, 0.8368562459945679, 0.8433594107627869, 0.8433594107627869, 2.448277473449707, '02:24']
[33, 0.4492418169975281, 0.48338666558265686, 0.9542039036750793, 0.9931657910346985, 0.04659144952893257, 0.17341165244579315, 1.0571926832199097, 0.8872184753417969, 0.91722571849823, 0.91722571849823, 0.11163751780986786, '02:24']
[34, 0.45360031723976135, 0.44100746512413025, 0.9041822552680969, 0.9883741140365601, 0.10366746783256531, 0.1762416809797287, 1.4976816177368164, 0.8234975337982178, 0.8321462869644165, 0.8321462869644165, 1.7810579538345337, '02:26']
[35, 0.4435214698314667, 0.4266589283943176, 0.8895899653434753, 0.9903339743614197, 0.11953061819076538, 0.17530934512615204, 1.448983907699585, 0.8037182688713074, 0.808344304561615, 0.808344304561615, 1.408846139907837, '02:24']
Better model found at epoch 35 with valid_loss value: 0.4266589283943176.
[36, 0.44142386317253113, 0.4469059109687805, 0.9139474630355835, 0.9929568767547607, 0.09182017296552658, 0.17368635535240173, 1.1753102540969849, 0.8305997848510742, 0.8486836552619934, 0.8486836552619934, 0.36320897936820984, '02:26']
[37, 0.4386257529258728, 0.4501804709434509, 0.9134170413017273, 0.9929015040397644, 0.09042242914438248, 0.17370831966400146, 1.1713508367538452, 0.8324583172798157, 0.8509613871574402, 0.8509613871574402, 0.3656371533870697, '02:25']
[38, 0.4293419122695923, 0.5025092959403992, 0.9405991435050964, 0.9683498740196228, 0.061197418719530106, 0.1862763613462448, 1.7614187002182007, 0.8630562424659729, 0.8911216259002686, 0.8911216259002686, 7.849388599395752, '02:25']
[39, 0.4502168297767639, 0.4432286024093628, 0.908732533454895, 0.9925492405891418, 0.09940413385629654, 0.17399398982524872, 1.1991424560546875, 0.8372814655303955, 0.8434414267539978, 0.8434414267539978, 0.4403769373893738, '02:25']
[40, 0.442180335521698, 0.42348670959472656, 0.8828533887863159, 0.9916860461235046, 0.12384761869907379, 0.17454804480075836, 1.3305343389511108, 0.7969985604286194, 0.8016009330749512, 0.8016009330749512, 0.8274234533309937, '02:25']
Better model found at epoch 40 with valid_loss value: 0.42348670959472656.
[41, 0.4524690508842468, 0.4374184310436249, 0.9027779698371887, 0.9878866076469421, 0.10947275906801224, 0.1765514761209488, 1.5239187479019165, 0.8209784626960754, 0.8286018967628479, 0.8286018967628479, 2.685112953186035, '02:26']
[42, 0.441344290971756, 0.42704567313194275, 0.8849506378173828, 0.9880215525627136, 0.12166477739810944, 0.17654643952846527, 1.5338544845581055, 0.7943522334098816, 0.8019392490386963, 0.8019392490386963, 1.9617136716842651, '02:25']
[43, 0.4376768469810486, 0.49779555201530457, 0.9686976671218872, 0.9932115077972412, 0.03193872049450874, 0.17335528135299683, 1.0290985107421875, 0.9103511571884155, 0.9423246383666992, 0.9423246383666992, 0.0646699070930481, '02:25']
[44, 0.438435822725296, 0.45571598410606384, 0.9071489572525024, 0.9801550507545471, 0.0964149758219719, 0.1805487424135208, 1.6934326887130737, 0.8024868369102478, 0.835024893283844, 0.835024893283844, 5.130411624908447, '02:25']
[45, 0.4457598030567169, 0.42426884174346924, 0.8868703246116638, 0.9903320670127869, 0.12434856593608856, 0.17538808286190033, 1.4430460929870605, 0.8016821146011353, 0.8057703971862793, 0.8057703971862793, 1.4151417016983032, '02:25']
[46, 0.4472745656967163, 0.4352985620498657, 0.8994382619857788, 0.9915429353713989, 0.10909245908260345, 0.17450052499771118, 1.3503786325454712, 0.820372998714447, 0.8257988095283508, 0.8257988095283508, 0.962618350982666, '02:25']
[47, 0.4413396418094635, 0.41957801580429077, 0.8811244964599609, 0.9906735420227051, 0.12875927984714508, 0.17508992552757263, 1.4255890846252441, 0.7913357615470886, 0.7955170273780823, 0.7955170273780823, 1.3006387948989868, '02:25']
Better model found at epoch 47 with valid_loss value: 0.41957801580429077.
[48, 0.43651095032691956, 0.5491966009140015, 0.9492678046226501, 0.9410763382911682, 0.052089497447013855, 0.19993485510349274, 1.8761285543441772, 0.8560487031936646, 0.9060713052749634, 0.9060713052749634, 18.427326202392578, '02:24']
[49, 0.44043898582458496, 0.4298538863658905, 0.8874831795692444, 0.9867753386497498, 0.11882329732179642, 0.1772041767835617, 1.587526559829712, 0.7847464084625244, 0.8040316104888916, 0.8040316104888916, 2.694477081298828, '02:23']
[50, 0.44235989451408386, 0.41981977224349976, 0.8830165266990662, 0.9920248985290527, 0.1281379610300064, 0.17441806197166443, 1.3218199014663696, 0.7960682511329651, 0.8005554676055908, 0.8005554676055908, 0.8081680536270142, '02:23']
[51, 0.4430244565010071, 0.4740056097507477, 0.9176830053329468, 0.970920979976654, 0.08909377455711365, 0.18584707379341125, 1.7709394693374634, 0.8111977577209473, 0.853630006313324, 0.853630006313324, 7.448030948638916, '02:25']
[52, 0.42813679575920105, 0.4409213960170746, 0.8950115442276001, 0.9830057621002197, 0.1124955490231514, 0.17946162819862366, 1.668495535850525, 0.7897005081176758, 0.8163296580314636, 0.8163296580314636, 3.726719856262207, '02:26']
[53, 0.44060584902763367, 0.4615286588668823, 0.9276856184005737, 0.9923522472381592, 0.07431361079216003, 0.17397986352443695, 1.1800017356872559, 0.8581656813621521, 0.8742036819458008, 0.8742036819458008, 0.4408451020717621, '02:25']
[54, 0.4319508671760559, 0.4731901288032532, 0.913741946220398, 0.9702138304710388, 0.09118927270174026, 0.18564294278621674, 1.7561821937561035, 0.8071851134300232, 0.8467153310775757, 0.8467153310775757, 8.169865608215332, '02:27']
[55, 0.439859539270401, 0.4304698705673218, 0.8937461972236633, 0.991027295589447, 0.11844208836555481, 0.17513664066791534, 1.3714748620986938, 0.8158475160598755, 0.8185302019119263, 0.8185302019119263, 0.9561900496482849, '02:29']
No improvement since epoch 47: early stopping
----------
3
----------
DLS create!
[0, 0.5312227010726929, 0.5111683011054993, 0.989798903465271, 0.9926853179931641, 0.0, 0.17707383632659912, 1.1336479187011719, 0.9865792989730835, 0.9799091815948486, 0.9799091815948486, 0.0, '02:24']
Better model found at epoch 0 with valid_loss value: 0.5111683011054993.
[1, 0.5122298002243042, 0.555406928062439, 0.9827679991722107, 0.9480089545249939, 0.033339906483888626, 0.21069234609603882, 1.5203776359558105, 0.9575374722480774, 0.9664584398269653, 0.9664584398269653, 15.042370796203613, '02:25']
[2, 0.49996089935302734, 0.4901723861694336, 0.9627370238304138, 0.989722728729248, 0.040228575468063354, 0.17541731894016266, 1.3550795316696167, 0.933223307132721, 0.9316863417625427, 0.9316863417625427, 1.089255452156067, '02:25']
Better model found at epoch 2 with valid_loss value: 0.4901723861694336.
[3, 0.49882256984710693, 0.4785465896129608, 0.9469994902610779, 0.9836040735244751, 0.06289397180080414, 0.17838582396507263, 1.5536240339279175, 0.9002893567085266, 0.9028370976448059, 0.9028370976448059, 3.200770854949951, '02:25']
Better model found at epoch 3 with valid_loss value: 0.4785465896129608.
[4, 0.49076715111732483, 0.4754011034965515, 0.9464740753173828, 0.9878584146499634, 0.060424380004405975, 0.17616571485996246, 1.4539809226989746, 0.9033430218696594, 0.9021421074867249, 0.9021421074867249, 1.8191794157028198, '02:28']
Better model found at epoch 4 with valid_loss value: 0.4754011034965515.
[5, 0.49266332387924194, 0.4941076934337616, 0.9686502814292908, 0.9913848638534546, 0.03497886657714844, 0.17449255287647247, 1.269254207611084, 0.9402779936790466, 0.9406285285949707, 0.9406285285949707, 0.49341365694999695, '02:24']
[6, 0.49226683378219604, 0.4807751178741455, 0.9556947350502014, 0.991209089756012, 0.0506790392100811, 0.17460229992866516, 1.284804105758667, 0.9170820713043213, 0.9175368547439575, 0.9175368547439575, 0.594308614730835, '02:24']
[7, 0.48800721764564514, 0.48863279819488525, 0.9639310836791992, 0.9916983246803284, 0.03799502179026604, 0.17436392605304718, 1.2371047735214233, 0.9322524666786194, 0.9329163432121277, 0.9329163432121277, 0.39843451976776123, '02:25']
[8, 0.49218422174453735, 0.47644734382629395, 0.949339747428894, 0.9901813864707947, 0.05720900371670723, 0.1750999391078949, 1.3782708644866943, 0.9062952995300293, 0.9062181115150452, 0.9062181115150452, 1.0192832946777344, '02:29']
[9, 0.48817238211631775, 0.4678712785243988, 0.9368696808815002, 0.9852954745292664, 0.07398262619972229, 0.17762748897075653, 1.540536642074585, 0.8817382454872131, 0.8849048614501953, 0.8849048614501953, 2.8866994380950928, '02:26']
Better model found at epoch 9 with valid_loss value: 0.4678712785243988.
[10, 0.48836150765419006, 0.4624100923538208, 0.9340108036994934, 0.9896737933158875, 0.07738570868968964, 0.17545048892498016, 1.4168901443481445, 0.8782609701156616, 0.8795077800750732, 0.8795077800750732, 1.3193368911743164, '02:24']
Better model found at epoch 10 with valid_loss value: 0.4624100923538208.
[11, 0.4836716949939728, 0.46131575107574463, 0.9305856227874756, 0.9873061776161194, 0.08086518943309784, 0.1766851246356964, 1.4934192895889282, 0.8712659478187561, 0.8749299645423889, 0.8749299645423889, 2.1476354598999023, '02:25']
Better model found at epoch 11 with valid_loss value: 0.46131575107574463.
[12, 0.48179641366004944, 0.4564210772514343, 0.9216644167900085, 0.9846774339675903, 0.08775769919157028, 0.1779751181602478, 1.5776238441467285, 0.8490151762962341, 0.8589639663696289, 0.8589639663696289, 3.115426778793335, '02:25']
Better model found at epoch 12 with valid_loss value: 0.4564210772514343.
[13, 0.482126384973526, 0.45733359456062317, 0.923368513584137, 0.9847956299781799, 0.08700759708881378, 0.1778891235589981, 1.5772184133529663, 0.8537234663963318, 0.8618048429489136, 0.8618048429489136, 3.1353437900543213, '02:24']
[14, 0.47721078991889954, 0.4626237154006958, 0.9294888973236084, 0.9869949221611023, 0.0843958780169487, 0.1770561784505844, 1.5159552097320557, 0.868258535861969, 0.8731256723403931, 0.8731256723403931, 2.1562352180480957, '02:25']
[15, 0.46772265434265137, 0.46279701590538025, 0.9254328012466431, 0.9823011159896851, 0.0830509290099144, 0.179156094789505, 1.633981466293335, 0.8538731336593628, 0.865195631980896, 0.865195631980896, 4.125019073486328, '02:24']
[16, 0.4803278148174286, 0.4810354709625244, 0.9503411054611206, 0.9850857257843018, 0.05956626683473587, 0.17828360199928284, 1.556156039237976, 0.9041919708251953, 0.9082173109054565, 0.9082173109054565, 3.0674021244049072, '02:24']
[17, 0.4751996695995331, 0.4585995078086853, 0.919998288154602, 0.9832620024681091, 0.08661018311977386, 0.1786624640226364, 1.6247929334640503, 0.8425930142402649, 0.8562952280044556, 0.8562952280044556, 3.5535404682159424, '02:25']
[18, 0.471198707818985, 0.4465843737125397, 0.9128803014755249, 0.9886652231216431, 0.09766081720590591, 0.1759621500968933, 1.4792120456695557, 0.8414954543113708, 0.8450222015380859, 0.8450222015380859, 1.794370412826538, '02:25']
Better model found at epoch 18 with valid_loss value: 0.4465843737125397.
[19, 0.4705815315246582, 0.44748154282569885, 0.9116964936256409, 0.9877948760986328, 0.09907235205173492, 0.17647461593151093, 1.4855387210845947, 0.8365328907966614, 0.8429592847824097, 0.8429592847824097, 1.8417600393295288, '02:24']
[20, 0.46453356742858887, 0.44584977626800537, 0.9147400259971619, 0.9918169975280762, 0.09459803253412247, 0.17420904338359833, 1.272706151008606, 0.8389778137207031, 0.8480924963951111, 0.8480924963951111, 0.653590202331543, '02:25']
Better model found at epoch 20 with valid_loss value: 0.44584977626800537.
[21, 0.4697437584400177, 0.43972426652908325, 0.905802309513092, 0.9888861179351807, 0.10653886944055557, 0.17579305171966553, 1.4473034143447876, 0.8275501132011414, 0.8333801627159119, 0.8333801627159119, 1.719500184059143, '02:24']
Better model found at epoch 21 with valid_loss value: 0.43972426652908325.
[22, 0.4713587164878845, 0.4507571756839752, 0.9154593348503113, 0.9883578419685364, 0.09289328753948212, 0.17614103853702545, 1.501046061515808, 0.843474268913269, 0.8489258885383606, 0.8489258885383606, 1.8780063390731812, '02:26']
[23, 0.4649275541305542, 0.4449319839477539, 0.91079181432724, 0.9890857338905334, 0.09944692254066467, 0.17572098970413208, 1.4676405191421509, 0.8361905217170715, 0.8410261273384094, 0.8410261273384094, 1.6505937576293945, '02:25']
[24, 0.46407097578048706, 0.4394483268260956, 0.9026422500610352, 0.989252507686615, 0.10537071526050568, 0.17558099329471588, 1.4580801725387573, 0.8225346207618713, 0.8284339308738708, 0.8284339308738708, 1.6476993560791016, '02:25']
Better model found at epoch 24 with valid_loss value: 0.4394483268260956.
[25, 0.46745565533638, 0.4660176634788513, 0.9178297519683838, 0.9769260287284851, 0.08793545514345169, 0.1821075826883316, 1.7226191759109497, 0.8283159136772156, 0.8529259562492371, 0.8529259562492371, 5.93343448638916, '02:24']
[26, 0.46996068954467773, 0.44259679317474365, 0.907528281211853, 0.986750602722168, 0.1049434095621109, 0.17700636386871338, 1.535788655281067, 0.827847957611084, 0.8361460566520691, 0.8361460566520691, 2.3476788997650146, '02:25']
[27, 0.4625833034515381, 0.43970322608947754, 0.9026682376861572, 0.98752361536026, 0.10759707540273666, 0.17658564448356628, 1.5295047760009766, 0.8205192685127258, 0.8285362720489502, 0.8285362720489502, 2.223018169403076, '02:25']
[28, 0.4645613431930542, 0.435896635055542, 0.8992214202880859, 0.9893971085548401, 0.10961408913135529, 0.1755436509847641, 1.4564379453659058, 0.8179176449775696, 0.8230665326118469, 0.8230665326118469, 1.5955145359039307, '02:25']
Better model found at epoch 28 with valid_loss value: 0.435896635055542.
[29, 0.46137765049934387, 0.42850062251091003, 0.8897039890289307, 0.9886225461959839, 0.11988885700702667, 0.17611724138259888, 1.4968291521072388, 0.8017827272415161, 0.8090142011642456, 0.8090142011642456, 1.9645508527755737, '02:24']
Better model found at epoch 29 with valid_loss value: 0.42850062251091003.
[30, 0.4634978175163269, 0.4386112689971924, 0.902053713798523, 0.989580512046814, 0.10679018497467041, 0.17537808418273926, 1.428788661956787, 0.8227748870849609, 0.8278393149375916, 0.8278393149375916, 1.3957351446151733, '02:24']
[31, 0.4631793797016144, 0.4335838854312897, 0.8962940573692322, 0.9877380728721619, 0.11643446981906891, 0.1766446977853775, 1.5082640647888184, 0.8097937703132629, 0.8192413449287415, 0.819241464138031, 2.0949506759643555, '02:25']
[32, 0.45566293597221375, 0.43790918588638306, 0.8974564671516418, 0.9861274361610413, 0.11104059219360352, 0.17739352583885193, 1.5760924816131592, 0.8077757358551025, 0.8208832740783691, 0.8208832740783691, 2.6483943462371826, '02:25']
[33, 0.4630211591720581, 0.4463810324668884, 0.9146005511283875, 0.9920718669891357, 0.09440531581640244, 0.17410561442375183, 1.2545483112335205, 0.841150164604187, 0.8489344120025635, 0.8489344120025635, 0.5423700213432312, '02:25']
[34, 0.4498983919620514, 0.4273900091648102, 0.8868106603622437, 0.989101767539978, 0.12120839953422546, 0.17584839463233948, 1.464333176612854, 0.7982528805732727, 0.8048496842384338, 0.8048496842384338, 1.5820541381835938, '02:25']
Better model found at epoch 34 with valid_loss value: 0.4273900091648102.
[35, 0.4497917890548706, 0.43929779529571533, 0.8934472799301147, 0.9847589731216431, 0.11156535893678665, 0.1781255155801773, 1.6126881837844849, 0.7996929883956909, 0.8144379258155823, 0.8144378066062927, 2.9699714183807373, '02:25']
[36, 0.45541489124298096, 0.46587997674942017, 0.9116555452346802, 0.974441409111023, 0.09421104937791824, 0.18367789685726166, 1.7479838132858276, 0.8096721172332764, 0.8432313203811646, 0.8432313203811646, 6.695638179779053, '02:25']
[37, 0.44858717918395996, 0.43337637186050415, 0.8901362419128418, 0.985685408115387, 0.11673099547624588, 0.17764447629451752, 1.5949972867965698, 0.7952407002449036, 0.8097537159919739, 0.8097537159919739, 2.933089256286621, '02:24']
[38, 0.44981253147125244, 0.4289177358150482, 0.8860387206077576, 0.9855985641479492, 0.12218272686004639, 0.17772863805294037, 1.5899239778518677, 0.7885796427726746, 0.8033336400985718, 0.8033336400985718, 2.8907907009124756, '02:24']
[39, 0.4508266746997833, 0.4466513395309448, 0.9007355570793152, 0.9812490344047546, 0.10583487898111343, 0.17986364662647247, 1.663443922996521, 0.8060769438743591, 0.8268955945968628, 0.8268955945968628, 4.545534610748291, '02:25']
[40, 0.45604223012924194, 0.4396282434463501, 0.8950541019439697, 0.9846113324165344, 0.11091028153896332, 0.17818471789360046, 1.6224050521850586, 0.8001194596290588, 0.8172975182533264, 0.8172975182533264, 3.3492069244384766, '02:24']
[41, 0.4530280530452728, 0.43519675731658936, 0.8977330923080444, 0.9916449785232544, 0.1100676953792572, 0.1743011176586151, 1.3011302947998047, 0.8153451085090637, 0.8233612179756165, 0.8233612179756165, 0.7450594305992126, '02:25']
[42, 0.4497106075286865, 0.4518136978149414, 0.9018158912658691, 0.9776796698570251, 0.10549937933683395, 0.1818690001964569, 1.7130533456802368, 0.7995733022689819, 0.8279756307601929, 0.8279756307601929, 6.211977005004883, '02:26']
No improvement since epoch 34: early stopping
----------
4
----------
DLS create!
[0, 0.5190725326538086, 0.5128809213638306, 0.9847965836524963, 0.9852127432823181, 0.026540733873844147, 0.18203043937683105, 1.5182421207427979, 0.9734981656074524, 0.9706016778945923, 0.9706016778945923, 10.796738624572754, '02:26']
Better model found at epoch 0 with valid_loss value: 0.5128809213638306.
[1, 0.5057498812675476, 0.5002849102020264, 0.9780445098876953, 0.9902783632278442, 0.029747433960437775, 0.17658263444900513, 1.4097846746444702, 0.9589664340019226, 0.9576922655105591, 0.9576922655105591, 4.436383247375488, '02:25']
Better model found at epoch 1 with valid_loss value: 0.5002849102020264.
[2, 0.4941824674606323, 0.4968618154525757, 0.9697224497795105, 0.9864885210990906, 0.037290897220373154, 0.17731265723705292, 1.550311803817749, 0.9434583783149719, 0.9428669810295105, 0.9428669810295105, 8.539868354797363, '02:28']
Better model found at epoch 2 with valid_loss value: 0.4968618154525757.
[3, 0.4948432445526123, 0.5020334720611572, 0.9757004976272583, 0.9859253764152527, 0.03132055327296257, 0.17822416126728058, 1.5528193712234497, 0.9548333287239075, 0.953531801700592, 0.953531801700592, 8.835003852844238, '02:26']
[4, 0.5007569789886475, 0.5179345011711121, 0.9797195792198181, 0.9752013683319092, 0.025803178548812866, 0.18354828655719757, 1.6757549047470093, 0.9602105021476746, 0.9609545469284058, 0.9609545469284058, 16.080881118774414, '02:28']
[5, 0.4928930997848511, 0.5025991201400757, 0.9669077396392822, 0.978486180305481, 0.03810404986143112, 0.18107418715953827, 1.6935186386108398, 0.9311497807502747, 0.9373540282249451, 0.9373540282249451, 16.426782608032227, '02:24']
[6, 0.49619778990745544, 0.49230921268463135, 0.9658578038215637, 0.9865701794624329, 0.043504443019628525, 0.17759083211421967, 1.5707148313522339, 0.9313807487487793, 0.9352972507476807, 0.9352972507476807, 8.216089248657227, '02:25']
Better model found at epoch 6 with valid_loss value: 0.49230921268463135.
[7, 0.4863404631614685, 0.49653318524360657, 0.9613105654716492, 0.9809205532073975, 0.04309462383389473, 0.17977015674114227, 1.6775496006011963, 0.9207170009613037, 0.9275591373443604, 0.9275591373443604, 15.824633598327637, '02:27']
[8, 0.49355965852737427, 0.4900285005569458, 0.9671528935432434, 0.9910242557525635, 0.04438451677560806, 0.17551392316818237, 1.4043991565704346, 0.9384779334068298, 0.9381107091903687, 0.9381107091903687, 3.6909117698669434, '02:26']
Better model found at epoch 8 with valid_loss value: 0.4900285005569458.
[9, 0.4838419556617737, 0.4935592710971832, 0.9661232829093933, 0.987764835357666, 0.0417756587266922, 0.17696207761764526, 1.5478192567825317, 0.9330845475196838, 0.9358634948730469, 0.9358634948730469, 8.835824012756348, '02:25']
[10, 0.48067569732666016, 0.5033352375030518, 0.9673898816108704, 0.9780145287513733, 0.03822479769587517, 0.18161098659038544, 1.690150499343872, 0.9326670169830322, 0.9383726119995117, 0.9383726119995117, 14.052775382995605, '02:24']
[11, 0.4845682680606842, 0.4895806610584259, 0.9627785682678223, 0.9860419034957886, 0.045511651784181595, 0.1776960790157318, 1.568129301071167, 0.9253714084625244, 0.9295660853385925, 0.9295660853385925, 7.425017356872559, '02:26']
Better model found at epoch 11 with valid_loss value: 0.4895806610584259.
[12, 0.49087533354759216, 0.4928903579711914, 0.9697744250297546, 0.9893411993980408, 0.04337190091609955, 0.17679691314697266, 1.470744013786316, 0.9416252970695496, 0.9424344301223755, 0.9424344301223755, 5.87015438079834, '02:29']
[13, 0.4826974868774414, 0.48632362484931946, 0.9586504101753235, 0.9874169230461121, 0.04780944436788559, 0.17681024968624115, 1.5583657026290894, 0.9179977178573608, 0.9221622943878174, 0.9221622943878174, 6.59647274017334, '02:25']
Better model found at epoch 13 with valid_loss value: 0.48632362484931946.
[14, 0.4756420850753784, 0.4862208664417267, 0.9575267434120178, 0.989827036857605, 0.046459686011075974, 0.175431489944458, 1.4711265563964844, 0.9200931787490845, 0.9215778112411499, 0.9215778112411499, 6.968436241149902, '02:26']
Better model found at epoch 14 with valid_loss value: 0.4862208664417267.
[15, 0.4740651249885559, 0.48307132720947266, 0.951745867729187, 0.986139178276062, 0.05378733575344086, 0.17747072875499725, 1.6030596494674683, 0.9042903780937195, 0.9104979038238525, 0.9104979038238525, 10.072425842285156, '02:24']
Better model found at epoch 15 with valid_loss value: 0.48307132720947266.
[16, 0.4760359525680542, 0.47575828433036804, 0.9475919604301453, 0.989820122718811, 0.05991057679057121, 0.17553842067718506, 1.4896425008773804, 0.8984953165054321, 0.9030400514602661, 0.9030400514602661, 4.005430698394775, '02:29']
Better model found at epoch 16 with valid_loss value: 0.47575828433036804.
[17, 0.47368746995925903, 0.4809374511241913, 0.9453554153442383, 0.9829251170158386, 0.0605485774576664, 0.17926713824272156, 1.681584358215332, 0.8866445422172546, 0.8991029262542725, 0.8991029262542725, 10.935011863708496, '02:26']
[18, 0.4751761853694916, 0.48252543807029724, 0.9518617987632751, 0.98432457447052, 0.055651672184467316, 0.17836442589759827, 1.630906105041504, 0.8999537825584412, 0.9104300141334534, 0.9104300141334534, 10.868700981140137, '02:24']
[19, 0.47321227192878723, 0.4675658941268921, 0.9399789571762085, 0.9892673492431641, 0.06999167799949646, 0.17592597007751465, 1.515644907951355, 0.8837551474571228, 0.8895296454429626, 0.8895296454429626, 5.2611823081970215, '02:29']
Better model found at epoch 19 with valid_loss value: 0.4675658941268921.
[20, 0.4803653061389923, 0.47563624382019043, 0.9512670040130615, 0.9911832809448242, 0.06161115691065788, 0.17510642111301422, 1.409661054611206, 0.9077694416046143, 0.9099496603012085, 0.9099496603012085, 2.487657308578491, '02:24']
[21, 0.47459131479263306, 0.47799766063690186, 0.9522690176963806, 0.9902111887931824, 0.05732804909348488, 0.17544978857040405, 1.442643404006958, 0.9085834622383118, 0.9118144512176514, 0.9118144512176514, 5.872120380401611, '02:24']
[22, 0.4671221375465393, 0.4727904498577118, 0.942046582698822, 0.9887294173240662, 0.0663573369383812, 0.1761161983013153, 1.5214307308197021, 0.8895527720451355, 0.894228994846344, 0.894228994846344, 6.611359119415283, '02:25']
[23, 0.46385619044303894, 0.4716046452522278, 0.9385452270507812, 0.9875655174255371, 0.0662539005279541, 0.1767418086528778, 1.5868583917617798, 0.8795166015625, 0.8874303698539734, 0.8874303698539734, 6.518133640289307, '02:25']
[24, 0.46986329555511475, 0.46466508507728577, 0.9363363981246948, 0.9900597929954529, 0.07203526794910431, 0.17557348310947418, 1.4993999004364014, 0.8779610395431519, 0.8834863901138306, 0.8834863901138306, 4.169600009918213, '02:25']
Better model found at epoch 24 with valid_loss value: 0.46466508507728577.
[25, 0.45902886986732483, 0.46621420979499817, 0.934576153755188, 0.9876340627670288, 0.07162172347307205, 0.17667917907238007, 1.5819917917251587, 0.8709484934806824, 0.880497395992279, 0.880497395992279, 6.431615829467773, '02:23']
[26, 0.46797800064086914, 0.48309260606765747, 0.9564638733863831, 0.9879046678543091, 0.05648268759250641, 0.1774616241455078, 1.5259040594100952, 0.9167513251304626, 0.918769359588623, 0.918769359588623, 7.0199689865112305, '02:28']
[27, 0.4630577564239502, 0.4648366868495941, 0.9318900108337402, 0.9863567352294922, 0.07378111034631729, 0.1773076057434082, 1.6119441986083984, 0.8628379702568054, 0.8758171200752258, 0.8758171200752258, 7.271883010864258, '02:24']
[28, 0.45816659927368164, 0.4597102105617523, 0.9255558252334595, 0.9881910681724548, 0.07984752207994461, 0.1764664500951767, 1.5787553787231445, 0.8543302416801453, 0.8650654554367065, 0.8650654554367065, 5.339238166809082, '02:25']
Better model found at epoch 28 with valid_loss value: 0.4597102105617523.
[29, 0.461384654045105, 0.4607316255569458, 0.9298192858695984, 0.9881443977355957, 0.07746308296918869, 0.17648166418075562, 1.571415662765503, 0.8622409701347351, 0.8725755214691162, 0.8725755214691162, 4.801529884338379, '02:24']
[30, 0.4573928415775299, 0.4573952257633209, 0.9264649152755737, 0.9903377294540405, 0.07960917800664902, 0.17537444829940796, 1.4999027252197266, 0.8614399433135986, 0.8675907254219055, 0.8675907254219055, 3.644404888153076, '02:25']
Better model found at epoch 30 with valid_loss value: 0.4573952257633209.
[31, 0.4564649760723114, 0.4756387770175934, 0.9358845949172974, 0.9800483584403992, 0.06829833984375, 0.18056581914424896, 1.7157279253005981, 0.8614646792411804, 0.8830305337905884, 0.8830305337905884, 12.482828140258789, '02:27']
[32, 0.45111989974975586, 0.46021294593811035, 0.9250776767730713, 0.9855621457099915, 0.07964759320020676, 0.17771224677562714, 1.6336274147033691, 0.8509006500244141, 0.8652456402778625, 0.8652456402778625, 9.720247268676758, '02:25']
[33, 0.456672340631485, 0.4647710621356964, 0.928162693977356, 0.9846182465553284, 0.07799652218818665, 0.1784706711769104, 1.6624432802200317, 0.851328432559967, 0.8697667121887207, 0.8697667121887207, 8.133402824401855, '02:25']
[34, 0.45495477318763733, 0.45094871520996094, 0.9202511310577393, 0.9903097152709961, 0.08785174787044525, 0.1753518283367157, 1.4835615158081055, 0.8502669334411621, 0.8572638630867004, 0.8572638630867004, 4.022013187408447, '02:25']
Better model found at epoch 34 with valid_loss value: 0.45094871520996094.
[35, 0.4561058282852173, 0.4800291359424591, 0.9515994191169739, 0.993423342704773, 0.052005693316459656, 0.17357483506202698, 1.1589971780776978, 0.8917062282562256, 0.9112164974212646, 0.9112164974212646, 0.49235236644744873, '02:25']
[36, 0.45049113035202026, 0.4812186360359192, 0.9527061581611633, 0.9935405254364014, 0.0544239841401577, 0.17349785566329956, 1.1112314462661743, 0.8916757106781006, 0.9139297008514404, 0.9139297008514404, 0.22564446926116943, '02:26']
[37, 0.4564891457557678, 0.4530237317085266, 0.921406626701355, 0.9896201491355896, 0.08675709366798401, 0.17577601969242096, 1.5212130546569824, 0.8514781594276428, 0.859376072883606, 0.859376072883606, 3.885880470275879, '02:26']
[38, 0.454550564289093, 0.45418229699134827, 0.9249643087387085, 0.9925757050514221, 0.08203168213367462, 0.17413368821144104, 1.3262594938278198, 0.8560495972633362, 0.8647929430007935, 0.8647929430007935, 1.4165558815002441, '02:27']
[39, 0.46182385087013245, 0.44845181703567505, 0.9177975654602051, 0.991075873374939, 0.09160950034856796, 0.17507384717464447, 1.4468326568603516, 0.8468607664108276, 0.8538081645965576, 0.8538081645965576, 3.1013448238372803, '02:24']
Better model found at epoch 39 with valid_loss value: 0.44845181703567505.
[40, 0.4580467939376831, 0.4636939465999603, 0.9292107820510864, 0.9847550392150879, 0.077011339366436, 0.17818264663219452, 1.6472328901290894, 0.8530205488204956, 0.8713421821594238, 0.8713421821594238, 8.16495132446289, '02:29']
[41, 0.46132010221481323, 0.45347508788108826, 0.9238774180412292, 0.9929417371749878, 0.0849531963467598, 0.1739545315504074, 1.257396936416626, 0.8519971966743469, 0.8636770844459534, 0.8636770844459534, 0.9091047048568726, '02:27']
[42, 0.4567744731903076, 0.4491848349571228, 0.9166348576545715, 0.9907124638557434, 0.08973647654056549, 0.17514203488826752, 1.4640412330627441, 0.8444849848747253, 0.8515244722366333, 0.8515244722366333, 3.044389486312866, '02:25']
[43, 0.44803139567375183, 0.45842498540878296, 0.9201264381408691, 0.9857975244522095, 0.0848754495382309, 0.1777338981628418, 1.618658185005188, 0.8416647911071777, 0.8570632934570312, 0.8570632934570312, 8.395198822021484, '02:29']
[44, 0.45838117599487305, 0.47159186005592346, 0.9314801692962646, 0.980961263179779, 0.07266658544540405, 0.18022872507572174, 1.7087565660476685, 0.8512091040611267, 0.8756768107414246, 0.8756768107414246, 12.50683879852295, '02:26']
[45, 0.4473322629928589, 0.4509446918964386, 0.9185788035392761, 0.9911842942237854, 0.08755438774824142, 0.1749524474143982, 1.4295915365219116, 0.8503404259681702, 0.8554266095161438, 0.8554266095161438, 2.6040115356445312, '02:24']
[46, 0.44379523396492004, 0.4633904993534088, 0.933286726474762, 0.9935988187789917, 0.07528940588235855, 0.173531174659729, 1.137132167816162, 0.8569403886795044, 0.8812596797943115, 0.8812596797943115, 0.3048052191734314, '02:25']
[47, 0.4556254744529724, 0.5227711796760559, 0.9516767263412476, 0.9550145268440247, 0.05146028846502304, 0.19340839982032776, 1.8515294790267944, 0.8668736219406128, 0.9099673628807068, 0.9099673628807068, 44.43165969848633, '02:26']
No improvement since epoch 39: early stopping
MAnet_mitb5 Done!
