Models will save to MAnet_effb7_x
Use efficientnet-b7 encoder
Start training...
----------
0
----------
DLS create!
[0, 0.5143218636512756, 0.5725444555282593, 0.9907211661338806, 0.873298704624176, 0.009417451918125153, 0.2140643149614334, 1.5850987434387207, 0.9878656268119812, 0.9819638133049011, 0.9819638133049011, 82.88279724121094, '02:18']
Better model found at epoch 0 with valid_loss value: 0.5725444555282593.
[1, 0.4899335503578186, 0.5150644779205322, 0.993341326713562, 0.9936091899871826, 0.006293864455074072, 0.17365382611751556, 1.11673903465271, 0.9856001138687134, 0.9869217872619629, 0.9869217872619629, 0.18585440516471863, '02:15']
Better model found at epoch 1 with valid_loss value: 0.5150644779205322.
[2, 0.4890894293785095, 0.4788143038749695, 0.9548985958099365, 0.9917792081832886, 0.05516962334513664, 0.17471039295196533, 1.3682658672332764, 0.9127925038337708, 0.9161825776100159, 0.9161825776100159, 1.237353801727295, '02:15']
Better model found at epoch 2 with valid_loss value: 0.4788143038749695.
[3, 0.48591870069503784, 0.49552032351493835, 0.9656937718391418, 0.9936330318450928, 0.040334880352020264, 0.17359253764152527, 1.1128458976745605, 0.929832935333252, 0.9378675818443298, 0.9378675818443298, 0.19926218688488007, '02:17']
[4, 0.48298174142837524, 0.46599307656288147, 0.9410284757614136, 0.9912445545196533, 0.07229786366224289, 0.17510151863098145, 1.4379963874816895, 0.8857319355010986, 0.8924277424812317, 0.8924277424812317, 2.0080642700195312, '02:14']
Better model found at epoch 4 with valid_loss value: 0.46599307656288147.
[5, 0.4793623387813568, 0.45869332551956177, 0.9261529445648193, 0.9891618490219116, 0.08218193054199219, 0.17602011561393738, 1.5117037296295166, 0.8557600975036621, 0.8676503896713257, 0.8676503896713257, 2.7569854259490967, '02:15']
Better model found at epoch 5 with valid_loss value: 0.45869332551956177.
[6, 0.4821119010448456, 0.460635244846344, 0.9332278370857239, 0.9889858365058899, 0.07835473865270615, 0.17604632675647736, 1.5243386030197144, 0.8683540225028992, 0.8785024881362915, 0.8785024881362915, 3.069427490234375, '02:16']
[7, 0.4664739966392517, 0.44340449571609497, 0.9113953113555908, 0.990027904510498, 0.09973340481519699, 0.17562685906887054, 1.507636547088623, 0.8338236212730408, 0.8441775441169739, 0.8441775441169739, 2.4652998447418213, '02:15']
Better model found at epoch 7 with valid_loss value: 0.44340449571609497.
[8, 0.4677666425704956, 0.4419613778591156, 0.9104287028312683, 0.9905089139938354, 0.10392279177904129, 0.17550311982631683, 1.48948073387146, 0.8310340046882629, 0.8420517444610596, 0.8420517444610596, 2.256532669067383, '02:17']
Better model found at epoch 8 with valid_loss value: 0.4419613778591156.
[9, 0.46656790375709534, 0.4809977114200592, 0.9545962810516357, 0.993679940700531, 0.04865787923336029, 0.17358678579330444, 1.131340742111206, 0.9033443927764893, 0.9180236458778381, 0.9180236458778381, 0.2831326127052307, '02:17']
[10, 0.46944910287857056, 0.5284525752067566, 0.9594413042068481, 0.9532930850982666, 0.04156031087040901, 0.19291405379772186, 1.8465313911437988, 0.8901157379150391, 0.9241911172866821, 0.9241911172866821, 26.120820999145508, '02:15']
[11, 0.45800596475601196, 0.4324624836444855, 0.8979620337486267, 0.990480899810791, 0.11429044604301453, 0.1754988729953766, 1.4830223321914673, 0.8110454082489014, 0.8232380747795105, 0.8232380747795105, 2.0851175785064697, '02:15']
Better model found at epoch 11 with valid_loss value: 0.4324624836444855.
[12, 0.4580526351928711, 0.4789813160896301, 0.9312930107116699, 0.9748619198799133, 0.07225833088159561, 0.1830715388059616, 1.7556039094924927, 0.8349254727363586, 0.8744034171104431, 0.8744034171104431, 8.121997833251953, '02:15']
[13, 0.4573535919189453, 0.437053918838501, 0.9039145112037659, 0.9923656582832336, 0.1067681759595871, 0.17445433139801025, 1.372758150100708, 0.8245341777801514, 0.8331848978996277, 0.8331848978996277, 1.2442694902420044, '02:15']
[14, 0.4613560438156128, 0.45407259464263916, 0.9225082397460938, 0.9912625551223755, 0.0907411202788353, 0.17508798837661743, 1.3424469232559204, 0.8562026619911194, 0.8645710349082947, 0.8645710349082947, 1.1248600482940674, '02:16']
[15, 0.4602188766002655, 0.43417078256607056, 0.8994309902191162, 0.9900747537612915, 0.111317940056324, 0.17558109760284424, 1.485658884048462, 0.8107311725616455, 0.8247875571250916, 0.8247875571250916, 2.179840326309204, '02:16']
[16, 0.45124542713165283, 0.446896493434906, 0.9123411178588867, 0.992322564125061, 0.09902666509151459, 0.17444908618927002, 1.2664085626602173, 0.8372500538825989, 0.8503729701042175, 0.8503729701042175, 0.8228562474250793, '02:15']
[17, 0.4729626476764679, 0.4362514317035675, 0.9010472297668457, 0.9914581775665283, 0.11046063899993896, 0.17502470314502716, 1.4321600198745728, 0.8166433572769165, 0.828039288520813, 0.828039288520813, 1.5931665897369385, '02:16']
[18, 0.4474719762802124, 0.43354496359825134, 0.8946437835693359, 0.9902282357215881, 0.11309842765331268, 0.17552952468395233, 1.4729444980621338, 0.8066899180412292, 0.8186311721801758, 0.8186311721801758, 2.042375087738037, '02:16']
[19, 0.4550517499446869, 0.4438133239746094, 0.9089807271957397, 0.9918237924575806, 0.09722261130809784, 0.17467190325260162, 1.3655157089233398, 0.8310465216636658, 0.8425644040107727, 0.8425644040107727, 1.2976601123809814, '02:16']
No improvement since epoch 11: early stopping
----------
1
----------
DLS create!
[0, 0.509445309638977, 0.5194482207298279, 0.9963714480400085, 0.9919737577438354, 0.0, 0.17465786635875702, 1.0475491285324097, 0.9972630143165588, 0.9927738308906555, 0.9927738308906555, 0.0, '02:15']
Better model found at epoch 0 with valid_loss value: 0.5194482207298279.
[1, 0.5033307671546936, 0.5186976790428162, 0.9941600561141968, 0.9919315576553345, 0.002876303158700466, 0.1742250919342041, 1.0495212078094482, 0.9908731579780579, 0.9884501695632935, 0.9884501695632935, 0.014965004287660122, '02:15']
Better model found at epoch 1 with valid_loss value: 0.5186976790428162.
[2, 0.4904237687587738, 0.48792076110839844, 0.9528324007987976, 0.9801408648490906, 0.05452805757522583, 0.1788356900215149, 1.5619940757751465, 0.9070569276809692, 0.9121193885803223, 0.9121193885803223, 6.086122035980225, '02:15']
Better model found at epoch 2 with valid_loss value: 0.48792076110839844.
[3, 0.47296252846717834, 0.5267415046691895, 0.9572017788887024, 0.9570857882499695, 0.04453487694263458, 0.19024953246116638, 1.7971378564834595, 0.8965123891830444, 0.9200166463851929, 0.9200166463851929, 16.709962844848633, '02:17']
[4, 0.4769623577594757, 0.5117906928062439, 0.9467405080795288, 0.9645214080810547, 0.05619017407298088, 0.1868867725133896, 1.7563260793685913, 0.8815580606460571, 0.9029920697212219, 0.9029920697212219, 12.306695938110352, '02:17']
[5, 0.4737977981567383, 0.4642501175403595, 0.9233290553092957, 0.9826593399047852, 0.08416587859392166, 0.17830947041511536, 1.5813990831375122, 0.8522463440895081, 0.8632737398147583, 0.8632737398147583, 4.83599853515625, '02:18']
Better model found at epoch 5 with valid_loss value: 0.4642501175403595.
[6, 0.4640919268131256, 0.48248571157455444, 0.9337676763534546, 0.9856144189834595, 0.06897278875112534, 0.17684444785118103, 1.4705814123153687, 0.8739951848983765, 0.8815361857414246, 0.8815361857414246, 2.534369945526123, '02:16']
[7, 0.46356019377708435, 0.4512416124343872, 0.9064943194389343, 0.9876071810722351, 0.09980825334787369, 0.17591552436351776, 1.458946943283081, 0.833464503288269, 0.8383455276489258, 0.8383455276489258, 1.875606894493103, '02:16']
Better model found at epoch 7 with valid_loss value: 0.4512416124343872.
[8, 0.4642750918865204, 0.4549526274204254, 0.9137139916419983, 0.9866862893104553, 0.09375132620334625, 0.17636749148368835, 1.4523032903671265, 0.8414545655250549, 0.8484002351760864, 0.8484002351760864, 1.9213478565216064, '02:18']
[9, 0.45704588294029236, 0.45993688702583313, 0.9146822690963745, 0.9847908020019531, 0.09088250994682312, 0.177370086312294, 1.52543044090271, 0.8397989273071289, 0.8495321273803711, 0.8495321273803711, 2.4930741786956787, '02:17']
[10, 0.4731101095676422, 0.44743603467941284, 0.9104036092758179, 0.9892172813415527, 0.10394478589296341, 0.17525817453861237, 1.3533108234405518, 0.8379927277565002, 0.8438664078712463, 0.8438664078712463, 1.1884649991989136, '02:17']
Better model found at epoch 10 with valid_loss value: 0.44743603467941284.
[11, 0.46184349060058594, 0.5000938773155212, 0.9354372620582581, 0.9767677187919617, 0.06708230078220367, 0.1814556121826172, 1.6780749559402466, 0.8686221837997437, 0.8837657570838928, 0.8837657570838928, 8.589601516723633, '02:16']
[12, 0.46640723943710327, 0.47125762701034546, 0.922939658164978, 0.981690526008606, 0.08182219415903091, 0.17869387567043304, 1.5139923095703125, 0.8559253215789795, 0.8651714324951172, 0.8651714324951172, 6.42689323425293, '02:16']
[13, 0.4565216898918152, 0.5849118828773499, 0.9561689496040344, 0.9381831884384155, 0.04417914152145386, 0.19972890615463257, 1.825077772140503, 0.8878470063209534, 0.9194219708442688, 0.9194219708442688, 20.39549446105957, '02:17']
[14, 0.4520267844200134, 0.47891518473625183, 0.9300397038459778, 0.9841257333755493, 0.07290302217006683, 0.17766964435577393, 1.5383456945419312, 0.8673183917999268, 0.8752821683883667, 0.8752821683883667, 2.8220272064208984, '02:18']
[15, 0.45170530676841736, 0.4500885605812073, 0.9049389362335205, 0.9850628972053528, 0.10005492717027664, 0.177235946059227, 1.5335158109664917, 0.8246148228645325, 0.835856020450592, 0.835856020450592, 4.01800537109375, '02:17']
[16, 0.4578007459640503, 0.4500766396522522, 0.9080000519752502, 0.9894365072250366, 0.09767941385507584, 0.17500391602516174, 1.3787304162979126, 0.8348085284233093, 0.8401898145675659, 0.8401898145675659, 1.9245638847351074, '02:16']
[17, 0.4411165714263916, 0.4465453326702118, 0.9002141356468201, 0.9865276217460632, 0.10535047203302383, 0.17659588158130646, 1.4875423908233643, 0.818630576133728, 0.828607439994812, 0.828607439994812, 2.569465160369873, '02:16']
Better model found at epoch 17 with valid_loss value: 0.4465453326702118.
[18, 0.45350009202957153, 0.43510162830352783, 0.8914150595664978, 0.9901300668716431, 0.1160249188542366, 0.17465856671333313, 1.3378971815109253, 0.8067377805709839, 0.8138442635536194, 0.8138442635536194, 1.4490119218826294, '02:16']
Better model found at epoch 18 with valid_loss value: 0.43510162830352783.
[19, 0.4536322057247162, 0.4380715787410736, 0.8916479349136353, 0.9892449975013733, 0.11563821882009506, 0.1752932220697403, 1.3873858451843262, 0.8124444484710693, 0.8176363110542297, 0.8176363110542297, 1.4571417570114136, '02:17']
[20, 0.45476120710372925, 0.44051116704940796, 0.8975545763969421, 0.98895263671875, 0.11018236726522446, 0.1753629595041275, 1.3795948028564453, 0.8174843788146973, 0.8234154582023621, 0.8234154582023621, 1.3392395973205566, '02:17']
[21, 0.4530855417251587, 0.46045660972595215, 0.9185286164283752, 0.9907461404800415, 0.08556324243545532, 0.17432129383087158, 1.2071728706359863, 0.8546133637428284, 0.862450122833252, 0.862450122833252, 0.5044035315513611, '02:17']
[22, 0.4538206160068512, 0.4352669417858124, 0.8901142477989197, 0.9877263307571411, 0.117414191365242, 0.1759902685880661, 1.468795657157898, 0.8048326373100281, 0.8124650120735168, 0.8124650120735168, 1.9446722269058228, '02:16']
[23, 0.4520338773727417, 0.4528852105140686, 0.9063461422920227, 0.9852995872497559, 0.09829027205705643, 0.17710962891578674, 1.5444594621658325, 0.8278951644897461, 0.8373604416847229, 0.8373604416847229, 3.1312479972839355, '02:17']
[24, 0.444701224565506, 0.4522467851638794, 0.9102845788002014, 0.9894630908966064, 0.09564356505870819, 0.1750153750181198, 1.3340879678726196, 0.834257185459137, 0.8454557657241821, 0.8454557657241821, 1.129986047744751, '02:16']
[25, 0.45927661657333374, 0.45129111409187317, 0.9057773947715759, 0.9885736703872681, 0.09873227030038834, 0.17557339370250702, 1.4176054000854492, 0.832949697971344, 0.838523805141449, 0.838523805141449, 1.435052752494812, '02:17']
[26, 0.45382553339004517, 0.46717193722724915, 0.9109452962875366, 0.9775508642196655, 0.09413193166255951, 0.18157392740249634, 1.6815356016159058, 0.811527669429779, 0.8428066968917847, 0.8428066968917847, 8.011866569519043, '02:17']
No improvement since epoch 18: early stopping
----------
2
----------
DLS create!
[0, 0.5103664398193359, 0.5116617679595947, 0.9742196798324585, 0.9946082234382629, 0.00040002557216212153, 0.17508147656917572, 1.093096375465393, 0.9940927624702454, 0.9695350527763367, 0.9695350527763367, inf, '02:17']
Better model found at epoch 0 with valid_loss value: 0.5116617679595947.
[1, 0.49663621187210083, 0.5090788006782532, 0.9708139300346375, 0.9943357110023499, 0.00935934204608202, 0.17402362823486328, 1.14657723903656, 0.984078049659729, 0.9629671573638916, 0.9629671573638916, inf, '02:16']
Better model found at epoch 1 with valid_loss value: 0.5090788006782532.
[2, 0.49103444814682007, 0.5037417411804199, 0.9620400667190552, 0.993599534034729, 0.019642386585474014, 0.17410005629062653, 1.253387689590454, 0.9648947715759277, 0.9469206929206848, 0.9469206929206848, inf, '02:17']
Better model found at epoch 2 with valid_loss value: 0.5037417411804199.
[3, 0.4881726801395416, 0.4745989143848419, 0.9273154735565186, 0.9880393743515015, 0.06090429425239563, 0.17688007652759552, 1.5991157293319702, 0.8963978886604309, 0.8847830295562744, 0.8847830295562744, inf, '02:16']
Better model found at epoch 3 with valid_loss value: 0.4745989143848419.
[4, 0.4848681092262268, 0.47929129004478455, 0.9345412850379944, 0.991856575012207, 0.056282032281160355, 0.17504335939884186, 1.4452369213104248, 0.9127876162528992, 0.8965538144111633, 0.8965538144111633, inf, '02:17']
[5, 0.48154693841934204, 0.4721207618713379, 0.9241498708724976, 0.9898270964622498, 0.06038642302155495, 0.17596079409122467, 1.5753703117370605, 0.8935055732727051, 0.8795607686042786, 0.8795607686042786, inf, '02:16']
Better model found at epoch 5 with valid_loss value: 0.4721207618713379.
[6, 0.4820800721645355, 0.46885594725608826, 0.9228447079658508, 0.9917191863059998, 0.06420108675956726, 0.17505782842636108, 1.480363368988037, 0.8944662809371948, 0.8772397041320801, 0.8772397041320801, inf, '02:17']
Better model found at epoch 6 with valid_loss value: 0.46885594725608826.
[7, 0.4746783971786499, 0.47679445147514343, 0.9234673380851746, 0.9873721599578857, 0.0589541420340538, 0.177089661359787, 1.6351468563079834, 0.8927080631256104, 0.8797781467437744, 0.8797781467437744, inf, '02:16']
[8, 0.47697579860687256, 0.4685346782207489, 0.9233130812644958, 0.9929699301719666, 0.06336990743875504, 0.17452450096607208, 1.3991214036941528, 0.8975013494491577, 0.8794538974761963, 0.8794538974761963, inf, '02:16']
Better model found at epoch 8 with valid_loss value: 0.4685346782207489.
[9, 0.4655391275882721, 0.4738762080669403, 0.919870913028717, 0.9856335520744324, 0.06432977318763733, 0.17826028168201447, 1.680544137954712, 0.8800464272499084, 0.8735073208808899, 0.8735073208808899, inf, '02:16']
[10, 0.46011486649513245, 0.4555714428424835, 0.9012807607650757, 0.9869942665100098, 0.08336126804351807, 0.17754113674163818, 1.6683783531188965, 0.8409367203712463, 0.8409389853477478, 0.8409389853477478, inf, '02:17']
Better model found at epoch 10 with valid_loss value: 0.4555714428424835.
[11, 0.47063565254211426, 0.4537756145000458, 0.9052492380142212, 0.9924651980400085, 0.08174732327461243, 0.17471373081207275, 1.434377670288086, 0.8661975860595703, 0.8491166234016418, 0.8491166234016418, inf, '02:18']
Better model found at epoch 11 with valid_loss value: 0.4537756145000458.
[12, 0.4658922851085663, 0.4870358407497406, 0.9277036786079407, 0.9764539003372192, 0.054384708404541016, 0.18213705718517303, 1.758188009262085, 0.8820812702178955, 0.8860458135604858, 0.8860458135604858, inf, '02:17']
[13, 0.45261257886886597, 0.46820369362831116, 0.9127492308616638, 0.9833384156227112, 0.07120422273874283, 0.1791945993900299, 1.7035993337631226, 0.8573195338249207, 0.8605702519416809, 0.8605702519416809, inf, '02:18']
[14, 0.4527909755706787, 0.45036476850509644, 0.8999636769294739, 0.9914828538894653, 0.08585094660520554, 0.17518357932567596, 1.4481112957000732, 0.8520429730415344, 0.8398396968841553, 0.8398396968841553, inf, '02:16']
Better model found at epoch 14 with valid_loss value: 0.45036476850509644.
[15, 0.45993679761886597, 0.46506187319755554, 0.9073762893676758, 0.9877542853355408, 0.0752401202917099, 0.17719648778438568, 1.5840967893600464, 0.8617306351661682, 0.8517924547195435, 0.8517924547195435, inf, '02:18']
[16, 0.4516647756099701, 0.5941324234008789, 0.9448939561843872, 0.9388570785522461, 0.03431597724556923, 0.20170947909355164, 1.8914507627487183, 0.8938990831375122, 0.915581226348877, 0.915581226348877, inf, '02:16']
[17, 0.45870721340179443, 0.4595032334327698, 0.9095965027809143, 0.9937179684638977, 0.07701699435710907, 0.17412805557250977, 1.2852102518081665, 0.8761532306671143, 0.8614016175270081, 0.8614016175270081, inf, '02:16']
[18, 0.4527149200439453, 0.45961183309555054, 0.9040781855583191, 0.9864268898963928, 0.0799269899725914, 0.1778414249420166, 1.6452322006225586, 0.8536984324455261, 0.8478738069534302, 0.8478738069534302, inf, '02:17']
[19, 0.4434107542037964, 0.479672372341156, 0.9162564873695374, 0.979860782623291, 0.06692535430192947, 0.18101097643375397, 1.6296874284744263, 0.8678651452064514, 0.8669670224189758, 0.8669670224189758, inf, '02:16']
[20, 0.4456785321235657, 0.44237905740737915, 0.885925829410553, 0.9892612099647522, 0.09804762899875641, 0.17634035646915436, 1.592511534690857, 0.8256546258926392, 0.8185281753540039, 0.8185281753540039, inf, '02:17']
Better model found at epoch 20 with valid_loss value: 0.44237905740737915.
[21, 0.4523959159851074, 0.43652233481407166, 0.8829301595687866, 0.9923670291900635, 0.10302231460809708, 0.17484448850154877, 1.4615334272384644, 0.828473687171936, 0.8141539096832275, 0.8141539096832275, inf, '02:18']
Better model found at epoch 21 with valid_loss value: 0.43652233481407166.
[22, 0.4470266103744507, 0.4821099042892456, 0.9249576330184937, 0.9832727909088135, 0.056628573685884476, 0.17921088635921478, 1.7077586650848389, 0.8827858567237854, 0.8801317811012268, 0.8801317811012268, inf, '02:16']
[23, 0.46195724606513977, 0.44372713565826416, 0.8946163058280945, 0.9930830597877502, 0.09591393172740936, 0.17451243102550507, 1.3714988231658936, 0.8475861549377441, 0.8322820067405701, 0.8322820067405701, inf, '02:17']
[24, 0.4487999975681305, 0.43937382102012634, 0.8849761486053467, 0.9920896291732788, 0.1007123813033104, 0.17500168085098267, 1.4623223543167114, 0.8338590264320374, 0.8182550072669983, 0.8182550072669983, inf, '02:16']
[25, 0.44087299704551697, 0.4372424781322479, 0.8833963871002197, 0.9918731451034546, 0.10212364047765732, 0.1751001477241516, 1.487926959991455, 0.828007698059082, 0.8140133023262024, 0.8140133023262024, inf, '02:16']
[26, 0.45019397139549255, 0.4605955183506012, 0.9003200531005859, 0.9854308366775513, 0.08152713626623154, 0.1784350574016571, 1.6361819505691528, 0.8435174226760864, 0.8407848477363586, 0.8407848477363586, inf, '02:16']
[27, 0.4464077055454254, 0.4603094160556793, 0.9132523536682129, 0.9945281147956848, 0.07291804999113083, 0.1736944019794464, 1.182425856590271, 0.8780294060707092, 0.8658931851387024, 0.8658931851387024, inf, '02:16']
[28, 0.4447169303894043, 0.45525816082954407, 0.8941740393638611, 0.9847915172576904, 0.08983218669891357, 0.17888154089450836, 1.6831028461456299, 0.8264930248260498, 0.830784797668457, 0.830784797668457, inf, '02:17']
[29, 0.45409533381462097, 0.43835604190826416, 0.8834798336029053, 0.9909006357192993, 0.10394489020109177, 0.17562371492385864, 1.5011957883834839, 0.8288020491600037, 0.8158794641494751, 0.8158794641494751, inf, '02:16']
No improvement since epoch 21: early stopping
----------
3
----------
DLS create!
[0, 0.513855516910553, 0.5152841210365295, 0.994537353515625, 0.9929010272026062, 0.0, 0.17523518204689026, 1.071083426475525, 0.9933136105537415, 0.98916095495224, 0.98916095495224, 0.0, '02:17']
Better model found at epoch 0 with valid_loss value: 0.5152841210365295.
[1, 0.4992750883102417, 0.5190518498420715, 0.9961546063423157, 0.9928889274597168, 0.0006499335286207497, 0.17367441952228546, 1.037078619003296, 0.9915964603424072, 0.9923898577690125, 0.9923898577690125, 0.008116657845675945, '02:16']
[2, 0.48919984698295593, 0.4944267272949219, 0.9684048891067505, 0.9924474954605103, 0.03540400415658951, 0.17379817366600037, 1.181980013847351, 0.9310504198074341, 0.9408774375915527, 0.9408774375915527, 0.6316293478012085, '02:16']
Better model found at epoch 2 with valid_loss value: 0.4944267272949219.
[3, 0.4784264862537384, 0.47366204857826233, 0.938883364200592, 0.9875798225402832, 0.0675211101770401, 0.17627152800559998, 1.5325566530227661, 0.8909404277801514, 0.8921101689338684, 0.8921101689338684, 3.4765565395355225, '02:17']
Better model found at epoch 3 with valid_loss value: 0.47366204857826233.
[4, 0.4764830470085144, 0.4704674184322357, 0.9395675659179688, 0.9907313585281372, 0.06802456080913544, 0.17466521263122559, 1.3765268325805664, 0.8871551752090454, 0.891361653804779, 0.891361653804779, 2.170698881149292, '02:15']
Better model found at epoch 4 with valid_loss value: 0.4704674184322357.
[5, 0.48230835795402527, 0.47474542260169983, 0.9338613748550415, 0.9784796833992004, 0.0723777636885643, 0.18066968023777008, 1.669540286064148, 0.8653552532196045, 0.8829653859138489, 0.8829653859138489, 8.22301197052002, '02:16']
[6, 0.47615283727645874, 0.46852922439575195, 0.9304364323616028, 0.9832888245582581, 0.07597093284130096, 0.17855481803417206, 1.6373894214630127, 0.8638037443161011, 0.8768465518951416, 0.8768465518951416, 6.33905029296875, '02:17']
Better model found at epoch 6 with valid_loss value: 0.46852922439575195.
[7, 0.463466078042984, 0.530680775642395, 0.9518347382545471, 0.9535227417945862, 0.04960257187485695, 0.19295066595077515, 1.846131682395935, 0.8787235021591187, 0.9117553234100342, 0.9117553234100342, 27.098377227783203, '02:16']
[8, 0.46876582503318787, 0.4865349531173706, 0.9342397451400757, 0.9727863669395447, 0.068412646651268, 0.1835218369960785, 1.7479448318481445, 0.8569680452346802, 0.8829687833786011, 0.8829687833786011, 11.259932518005371, '02:16']
[9, 0.45658159255981445, 0.47607120871543884, 0.9286231398582458, 0.9778569936752319, 0.0752636194229126, 0.18113943934440613, 1.7000517845153809, 0.851145327091217, 0.8737770318984985, 0.8737770318984985, 9.557559967041016, '02:16']
[10, 0.4604630768299103, 0.44086673855781555, 0.9024876952171326, 0.9914244413375854, 0.10604123771190643, 0.17453506588935852, 1.350772500038147, 0.8298834562301636, 0.8347079157829285, 0.8347079157829285, 1.1395467519760132, '02:16']
Better model found at epoch 10 with valid_loss value: 0.44086673855781555.
[11, 0.46487411856651306, 0.44414660334587097, 0.9058747291564941, 0.9877155423164368, 0.10338447988033295, 0.17646679282188416, 1.5423915386199951, 0.8290778994560242, 0.8391109704971313, 0.8391109704971313, 3.3080501556396484, '02:18']
[12, 0.4665156304836273, 0.445372998714447, 0.9081178307533264, 0.9876418709754944, 0.10066404938697815, 0.1765187680721283, 1.5426267385482788, 0.8336207270622253, 0.8415939807891846, 0.8415939807891846, 3.0990166664123535, '02:16']
[13, 0.4602780342102051, 0.47272437810897827, 0.9409776329994202, 0.9929301738739014, 0.06420646607875824, 0.17358028888702393, 1.10544753074646, 0.88100665807724, 0.8986622095108032, 0.8986622095108032, 0.23988008499145508, '02:16']
[14, 0.46222975850105286, 0.4411613643169403, 0.9017618298530579, 0.988500714302063, 0.10572884976863861, 0.17617233097553253, 1.4998903274536133, 0.8237410187721252, 0.8333057761192322, 0.8333057761192322, 2.698995590209961, '02:17']
[15, 0.45888715982437134, 0.49711525440216064, 0.9404706358909607, 0.9675424098968506, 0.06135723367333412, 0.18624526262283325, 1.8058385848999023, 0.8597280383110046, 0.8924875855445862, 0.8924875855445862, 16.103321075439453, '02:17']
[16, 0.4704660177230835, 0.466154545545578, 0.9190499782562256, 0.9794575572013855, 0.08418988436460495, 0.1806894987821579, 1.6852679252624512, 0.8359856009483337, 0.8591349720954895, 0.8591349720954895, 7.81972074508667, '02:15']
[17, 0.4582098126411438, 0.46529313921928406, 0.9180171489715576, 0.9820219278335571, 0.0856747254729271, 0.17942756414413452, 1.690750241279602, 0.8414971828460693, 0.8581728339195251, 0.8581728339195251, 6.064428329467773, '02:15']
[18, 0.44086071848869324, 0.44704142212867737, 0.9092483520507812, 0.9924285411834717, 0.09745370596647263, 0.1739915907382965, 1.2101054191589355, 0.8381441831588745, 0.8492285013198853, 0.8492285013198853, 0.9064748287200928, '02:15']
No improvement since epoch 10: early stopping
----------
4
----------
DLS create!
[0, 0.5174425840377808, 0.5245822668075562, 0.9939969182014465, 0.9893766641616821, 0.0, 0.17627598345279694, 1.0620384216308594, 0.9952264428138733, 0.9881024360656738, 0.9881024360656738, 0.00011301624908810481, '02:15']
Better model found at epoch 0 with valid_loss value: 0.5245822668075562.
[1, 0.5007197260856628, 0.508054256439209, 0.9761421084403992, 0.9877095818519592, 0.029495399445295334, 0.17507478594779968, 1.2693157196044922, 0.955014705657959, 0.9541096091270447, 0.9541096091270447, 0.7254759073257446, '02:17']
Better model found at epoch 1 with valid_loss value: 0.508054256439209.
[2, 0.4885680079460144, 0.4996504783630371, 0.9597691893577576, 0.9860441088676453, 0.04754476994276047, 0.17506787180900574, 1.3347818851470947, 0.9230421781539917, 0.9252810478210449, 0.9252810478210449, 1.4209108352661133, '02:18']
Better model found at epoch 2 with valid_loss value: 0.4996504783630371.
[3, 0.49221014976501465, 0.5093173384666443, 0.9705594182014465, 0.9886797070503235, 0.03205562010407448, 0.17390701174736023, 1.1948368549346924, 0.9346120357513428, 0.9442356824874878, 0.9442356824874878, 0.3924407362937927, '02:17']
[4, 0.4845074713230133, 0.4957525134086609, 0.9489958882331848, 0.9847804307937622, 0.056384336203336716, 0.17575864493846893, 1.4268856048583984, 0.9021669626235962, 0.9064106345176697, 0.9064106345176697, 2.2895820140838623, '02:17']
Better model found at epoch 4 with valid_loss value: 0.4957525134086609.
[5, 0.48079031705856323, 0.4974129796028137, 0.9471077919006348, 0.9820326566696167, 0.05601268261671066, 0.17728309333324432, 1.5329039096832275, 0.9017333984375, 0.9034003019332886, 0.9034003019332886, 2.7962303161621094, '02:17']
[6, 0.48242923617362976, 0.4824126660823822, 0.9379923939704895, 0.9852630496025085, 0.06870537996292114, 0.1756557822227478, 1.4284111261367798, 0.8833168148994446, 0.8882231116294861, 0.8882231116294861, 1.9998878240585327, '02:16']
Better model found at epoch 6 with valid_loss value: 0.4824126660823822.
[7, 0.4810667932033539, 0.49024850130081177, 0.9469577074050903, 0.9884896278381348, 0.06044679880142212, 0.17406730353832245, 1.2340338230133057, 0.8938198089599609, 0.903564453125, 0.903564453125, 0.560503363609314, '02:16']
[8, 0.4662950336933136, 0.49135005474090576, 0.9443356394767761, 0.9869045615196228, 0.062468670308589935, 0.17489024996757507, 1.3553342819213867, 0.8953410387039185, 0.8991907238960266, 0.8991907238960266, 1.246744990348816, '02:16']
[9, 0.46345943212509155, 0.4762466549873352, 0.9296340942382812, 0.9865628480911255, 0.07513587176799774, 0.1750943660736084, 1.3942580223083496, 0.8670222759246826, 0.8739022612571716, 0.8739022612571716, 1.4361568689346313, '02:17']
Better model found at epoch 9 with valid_loss value: 0.4762466549873352.
[10, 0.47160494327545166, 0.47536489367485046, 0.924583911895752, 0.9806087017059326, 0.08306103199720383, 0.17821037769317627, 1.536420226097107, 0.859298586845398, 0.8672249913215637, 0.8672249913215637, 3.4687092304229736, '02:16']
Better model found at epoch 10 with valid_loss value: 0.47536489367485046.
[11, 0.4652353823184967, 0.4879043996334076, 0.9382603764533997, 0.9828194975852966, 0.07592536509037018, 0.17796190083026886, 1.519513487815857, 0.8833304643630981, 0.8890711069107056, 0.8890711069107056, 2.9404983520507812, '02:16']
[12, 0.4623667299747467, 0.4784024953842163, 0.9313514828681946, 0.988337516784668, 0.07452799379825592, 0.1742124855518341, 1.2685091495513916, 0.867793083190918, 0.8781987428665161, 0.8781987428665161, 0.6636438369750977, '02:15']
[13, 0.4598410427570343, 0.4698448181152344, 0.9196015000343323, 0.9847133755683899, 0.08520852029323578, 0.17618954181671143, 1.4746193885803223, 0.8523588180541992, 0.8593401908874512, 0.8593401908874512, 2.076526403427124, '02:15']
Better model found at epoch 13 with valid_loss value: 0.4698448181152344.
[14, 0.45128190517425537, 0.48283201456069946, 0.9251768589019775, 0.9807942509651184, 0.07753213495016098, 0.17811517417430878, 1.5488909482955933, 0.8602656722068787, 0.8674984574317932, 0.8674984574317932, 3.082977056503296, '02:15']
[15, 0.45856231451034546, 0.4698735475540161, 0.9220070838928223, 0.9869564175605774, 0.08389481157064438, 0.1749555617570877, 1.3599356412887573, 0.8539011478424072, 0.8628291487693787, 0.8628291487693787, 1.2817959785461426, '02:17']
[16, 0.45853981375694275, 0.46492406725883484, 0.9147891402244568, 0.9870573282241821, 0.090976282954216, 0.17491592466831207, 1.3469390869140625, 0.8455032706260681, 0.851799488067627, 0.851799488067627, 1.0063934326171875, '02:15']
Better model found at epoch 16 with valid_loss value: 0.46492406725883484.
[17, 0.45206013321876526, 0.49130821228027344, 0.9336905479431152, 0.9727768301963806, 0.07015977799892426, 0.18216648697853088, 1.6355303525924683, 0.8582642078399658, 0.8797940015792847, 0.8797940015792847, 5.566812515258789, '02:17']
[18, 0.45501014590263367, 0.4633382558822632, 0.9153974056243896, 0.9875022768974304, 0.09060489386320114, 0.1747521013021469, 1.3440172672271729, 0.8469976186752319, 0.8524814248085022, 0.8524814248085022, 1.0109930038452148, '02:16']
Better model found at epoch 18 with valid_loss value: 0.4633382558822632.
[19, 0.4459174871444702, 0.47351348400115967, 0.9220603704452515, 0.9881242513656616, 0.08225307613611221, 0.17431017756462097, 1.2714793682098389, 0.8577697277069092, 0.8644239902496338, 0.8644239902496338, 0.6325569152832031, '02:17']
[20, 0.4521084427833557, 0.49216362833976746, 0.9449970722198486, 0.9878121018409729, 0.05935259908437729, 0.1743035912513733, 1.2846161127090454, 0.8875580430030823, 0.8991063833236694, 0.8991063833236694, 0.8247084021568298, '02:16']
[21, 0.4368027150630951, 0.47076085209846497, 0.9167095422744751, 0.9875536561012268, 0.08610782027244568, 0.17465992271900177, 1.3184839487075806, 0.847044050693512, 0.8559515476226807, 0.8559515476226807, 0.825465738773346, '02:16']
[22, 0.45480719208717346, 0.468107670545578, 0.9211599230766296, 0.9886918067932129, 0.08544325828552246, 0.17405109107494354, 1.216304063796997, 0.8520318865776062, 0.8638938069343567, 0.8638938069343567, 0.48816776275634766, '02:16']
[23, 0.4461638331413269, 0.4862438440322876, 0.9373186230659485, 0.9882362484931946, 0.0656515434384346, 0.17422616481781006, 1.2228175401687622, 0.8730398416519165, 0.8914414644241333, 0.8914414644241333, 0.8118054270744324, '02:17']
[24, 0.44826802611351013, 0.4706002175807953, 0.9164314866065979, 0.9816142916679382, 0.08808209002017975, 0.17784713208675385, 1.4796345233917236, 0.8437643051147461, 0.8538616895675659, 0.8538616895675659, 2.2226898670196533, '02:17']
[25, 0.4474722146987915, 0.46080663800239563, 0.907516598701477, 0.9858940839767456, 0.09704451262950897, 0.1756478101015091, 1.3819847106933594, 0.8332659006118774, 0.840713381767273, 0.840713381767273, 1.1990832090377808, '02:16']
Better model found at epoch 25 with valid_loss value: 0.46080663800239563.
[26, 0.45477643609046936, 0.46737515926361084, 0.9174103736877441, 0.9879343509674072, 0.0872080996632576, 0.17450875043869019, 1.27067232131958, 0.8495034575462341, 0.8586908578872681, 0.8586908578872681, 0.7241665720939636, '02:16']
[27, 0.44609472155570984, 0.5056796669960022, 0.9348353743553162, 0.9684048891067505, 0.0670384019613266, 0.18443606793880463, 1.6435917615890503, 0.8544528484344482, 0.8802580833435059, 0.8802580833435059, 4.660207748413086, '02:17']
[28, 0.4471311569213867, 0.4570811986923218, 0.9076755046844482, 0.9867456555366516, 0.09766511619091034, 0.17514480650424957, 1.3690078258514404, 0.8351023197174072, 0.8397614359855652, 0.8397614359855652, 1.0856869220733643, '02:16']
Better model found at epoch 28 with valid_loss value: 0.4570811986923218.
[29, 0.44332021474838257, 0.4549150764942169, 0.8989346027374268, 0.9855788350105286, 0.10579226911067963, 0.17584186792373657, 1.3879648447036743, 0.815273642539978, 0.8277099132537842, 0.8277099132537842, 1.3431793451309204, '02:16']
Better model found at epoch 29 with valid_loss value: 0.4549150764942169.
[30, 0.44260174036026, 0.4570176303386688, 0.9016502499580383, 0.9866491556167603, 0.10254029184579849, 0.1752319037914276, 1.347723126411438, 0.8240579962730408, 0.8324869275093079, 0.8324869275093079, 1.089135766029358, '02:16']
[31, 0.4560598134994507, 0.4535018801689148, 0.902034342288971, 0.9858258962631226, 0.10402790457010269, 0.17574262619018555, 1.4141486883163452, 0.8232624530792236, 0.8310579061508179, 0.8310579061508179, 1.4809703826904297, '02:16']
Better model found at epoch 31 with valid_loss value: 0.4535018801689148.
[32, 0.4467581808567047, 0.45400986075401306, 0.8989641070365906, 0.984835147857666, 0.10545617341995239, 0.17625856399536133, 1.433964490890503, 0.8166753053665161, 0.8274222016334534, 0.8274222016334534, 1.6210201978683472, '02:16']
[33, 0.44318342208862305, 0.45682281255722046, 0.9054974317550659, 0.9878398180007935, 0.09916030615568161, 0.1745346337556839, 1.2889107465744019, 0.8276841044425964, 0.8379172682762146, 0.8379172682762146, 0.8111659288406372, '02:16']
[34, 0.44074052572250366, 0.4530831575393677, 0.8991488218307495, 0.9885537028312683, 0.10647429525852203, 0.1742338091135025, 1.26124107837677, 0.817745566368103, 0.8300204873085022, 0.8300204873085022, 0.6545506119728088, '02:16']
Better model found at epoch 34 with valid_loss value: 0.4530831575393677.
[35, 0.4375445246696472, 0.46245479583740234, 0.9068149924278259, 0.9874752163887024, 0.09617310017347336, 0.17480254173278809, 1.2919697761535645, 0.8278589844703674, 0.8412313461303711, 0.8412313461303711, 0.76079261302948, '02:15']
[36, 0.45217230916023254, 0.46910732984542847, 0.9179022312164307, 0.9858413934707642, 0.08606519550085068, 0.17556770145893097, 1.4153507947921753, 0.8515135645866394, 0.8566445708274841, 0.8566445708274841, 1.5442981719970703, '02:15']
[37, 0.44204428791999817, 0.4593980610370636, 0.9058260321617126, 0.9855993986129761, 0.09862331300973892, 0.17581142485141754, 1.3853083848953247, 0.824186384677887, 0.8371065258979797, 0.8371065258979797, 1.2513914108276367, '02:15']
[38, 0.4455280303955078, 0.4694524109363556, 0.9166621565818787, 0.9866417050361633, 0.08585798740386963, 0.17520414292812347, 1.3703677654266357, 0.8469599485397339, 0.8543263077735901, 0.8543263077735901, 1.044294834136963, '02:15']
[39, 0.45341789722442627, 0.4785185158252716, 0.9197667241096497, 0.976408839225769, 0.08304888755083084, 0.18064020574092865, 1.637886881828308, 0.8363879323005676, 0.8571428060531616, 0.8571428060531616, 4.887195110321045, '02:17']
[40, 0.44861161708831787, 0.4529566466808319, 0.8982689380645752, 0.9885591864585876, 0.1066366657614708, 0.1742432564496994, 1.2411996126174927, 0.8155657052993774, 0.8289096355438232, 0.8289096355438232, 0.5663617253303528, '02:15']
Better model found at epoch 40 with valid_loss value: 0.4529566466808319.
[41, 0.4306235909461975, 0.47969159483909607, 0.9155985713005066, 0.9787175059318542, 0.08714566379785538, 0.17935046553611755, 1.5747629404067993, 0.8384940028190613, 0.8526228070259094, 0.8526228070259094, 3.2087230682373047, '02:16']
[42, 0.446472704410553, 0.44519802927970886, 0.894131064414978, 0.9879069924354553, 0.11283253878355026, 0.17460143566131592, 1.3226410150527954, 0.8100519180297852, 0.8203540444374084, 0.8203540444374084, 0.9486507177352905, '02:14']
Better model found at epoch 42 with valid_loss value: 0.44519802927970886.
[43, 0.44197943806648254, 0.4664488136768341, 0.9073559641838074, 0.9795781373977661, 0.09567784518003464, 0.17914074659347534, 1.5759830474853516, 0.8159586787223816, 0.8380732536315918, 0.838073194026947, 3.5144975185394287, '02:15']
[44, 0.4359239339828491, 0.46264028549194336, 0.9039471745491028, 0.9835404753684998, 0.10008075088262558, 0.176970437169075, 1.4206174612045288, 0.8171322345733643, 0.836000919342041, 0.836000919342041, 1.5985232591629028, '02:16']
[45, 0.4318186044692993, 0.4608443081378937, 0.90825355052948, 0.9886941313743591, 0.09560703486204147, 0.17408344149589539, 1.195812463760376, 0.8286277651786804, 0.8453409671783447, 0.8453409671783447, 0.46177273988723755, '02:17']
[46, 0.4172808825969696, 0.46872249245643616, 0.9153885841369629, 0.9890944361686707, 0.08755692839622498, 0.17385609447956085, 1.1414915323257446, 0.8386656641960144, 0.8579060435295105, 0.8579060435295105, 0.3144128620624542, '02:17']
[47, 0.43538713455200195, 0.46445587277412415, 0.9102058410644531, 0.9881836771965027, 0.09346435964107513, 0.1744011789560318, 1.2658010721206665, 0.834525465965271, 0.8489716053009033, 0.8489716053009033, 0.6875766515731812, '02:17']
[48, 0.4410393536090851, 0.46071356534957886, 0.9060447216033936, 0.9884870052337646, 0.09836339205503464, 0.17419351637363434, 1.2638349533081055, 0.8300557732582092, 0.839781641960144, 0.839781641960144, 0.6173684000968933, '02:18']
[49, 0.43558427691459656, 0.4596301019191742, 0.9059818387031555, 0.9869033098220825, 0.09844167530536652, 0.1751403659582138, 1.3710577487945557, 0.8332575559616089, 0.8406946659088135, 0.8406946659088135, 1.0537524223327637, '02:18']
[50, 0.4316154420375824, 0.4520009458065033, 0.8990268707275391, 0.9881314039230347, 0.10497886687517166, 0.17448146641254425, 1.2586547136306763, 0.8121102452278137, 0.8294675946235657, 0.8294675946235657, 0.6593674421310425, '02:17']
No improvement since epoch 42: early stopping
MAnet_effb7 Done!
