Models will save to PSPNet_xcep_x
Use xception encoder
Start training...
----------
0
----------
DLS create!
[0, 0.5087634921073914, 0.5065587759017944, 0.9810298681259155, 0.9913209080696106, 0.02264237403869629, 0.17754797637462616, 1.3916172981262207, 0.9644590020179749, 0.9633660912513733, 0.9633660912513733, 0.8655254244804382, '00:23']
Better model found at epoch 0 with valid_loss value: 0.5065587759017944.
[1, 0.504314661026001, 0.50162273645401, 0.9752398133277893, 0.992306113243103, 0.02276412770152092, 0.17444367706775665, 1.2997398376464844, 0.9506648182868958, 0.9520958065986633, 0.9520958065986633, 0.5201914310455322, '00:22']
Better model found at epoch 1 with valid_loss value: 0.50162273645401.
[2, 0.49800992012023926, 0.4907834231853485, 0.9676353931427002, 0.9912521839141846, 0.03457103297114372, 0.17579902708530426, 1.3758131265640259, 0.9386106133460999, 0.9383872151374817, 0.9383872151374817, 0.9379457831382751, '00:22']
Better model found at epoch 2 with valid_loss value: 0.4907834231853485.
[3, 0.49335435032844543, 0.49039506912231445, 0.9649063348770142, 0.9919684529304504, 0.031038181856274605, 0.17452497780323029, 1.3009668588638306, 0.9318201541900635, 0.9338857531547546, 0.9338857531547546, 0.622444748878479, '00:22']
Better model found at epoch 3 with valid_loss value: 0.49039506912231445.
[4, 0.4971393048763275, 0.49490857124328613, 0.9693030714988708, 0.9927849173545837, 0.025909600779414177, 0.17397230863571167, 1.2051211595535278, 0.9357630014419556, 0.9414510726928711, 0.9414510726928711, 0.259261816740036, '00:23']
[5, 0.49375593662261963, 0.4880421459674835, 0.9561459422111511, 0.9834052324295044, 0.05976172909140587, 0.18091079592704773, 1.6577768325805664, 0.905299186706543, 0.9182096123695374, 0.9182096123695374, 4.743356227874756, '00:23']
Better model found at epoch 5 with valid_loss value: 0.4880421459674835.
[6, 0.4834289848804474, 0.4987727403640747, 0.9685981273651123, 0.9921634793281555, 0.026595089584589005, 0.17428064346313477, 1.2800124883651733, 0.9364234805107117, 0.940919041633606, 0.940919041633606, 0.5158674716949463, '00:23']
[7, 0.48000475764274597, 0.4820951223373413, 0.9412370920181274, 0.9809923768043518, 0.07169163227081299, 0.1811354011297226, 1.7003586292266846, 0.8734800815582275, 0.8923164010047913, 0.8923164010047913, 5.250736236572266, '00:24']
Better model found at epoch 7 with valid_loss value: 0.4820951223373413.
[8, 0.4824926555156708, 0.4699660837650299, 0.9416431784629822, 0.9911795854568481, 0.05940445512533188, 0.1749860942363739, 1.3792321681976318, 0.8925256133079529, 0.8933877944946289, 0.8933877944946289, 0.9466527700424194, '00:23']
Better model found at epoch 8 with valid_loss value: 0.4699660837650299.
[9, 0.48654189705848694, 0.4792313575744629, 0.949944019317627, 0.9861995577812195, 0.06670922040939331, 0.17888031899929047, 1.5986229181289673, 0.8965832591056824, 0.9073281288146973, 0.9073281288146973, 3.1530773639678955, '00:25']
[10, 0.47159624099731445, 0.4927865266799927, 0.9411306977272034, 0.9766692519187927, 0.06636922806501389, 0.18289326131343842, 1.7580419778823853, 0.8671349883079529, 0.8920148611068726, 0.8920148611068726, 6.823381423950195, '00:24']
[11, 0.4775448143482208, 0.48470941185951233, 0.941378653049469, 0.9785458445549011, 0.06878969073295593, 0.18222607672214508, 1.7243586778640747, 0.8703067302703857, 0.8927834033966064, 0.8927834033966064, 5.7806196212768555, '00:25']
[12, 0.47258251905441284, 0.46702685952186584, 0.9316502213478088, 0.9911128878593445, 0.07201351970434189, 0.17486751079559326, 1.3731052875518799, 0.8738641738891602, 0.8756977915763855, 0.8756977915763855, 1.0450210571289062, '00:23']
Better model found at epoch 12 with valid_loss value: 0.46702685952186584.
[13, 0.4728938639163971, 0.461277037858963, 0.9297116994857788, 0.9887470602989197, 0.0792679637670517, 0.17652538418769836, 1.5337620973587036, 0.8697477579116821, 0.8737762570381165, 0.8737762570381165, 2.11146879196167, '00:24']
Better model found at epoch 13 with valid_loss value: 0.461277037858963.
[14, 0.47891765832901, 0.4605259299278259, 0.9295938611030579, 0.9881759285926819, 0.08624912798404694, 0.177241712808609, 1.5638922452926636, 0.8631653189659119, 0.8726274967193604, 0.8726274967193604, 2.6107981204986572, '00:24']
Better model found at epoch 14 with valid_loss value: 0.4605259299278259.
[15, 0.46570566296577454, 0.4598411023616791, 0.9291210174560547, 0.9912482500076294, 0.07630746811628342, 0.1749487817287445, 1.3685566186904907, 0.8700401186943054, 0.8724817037582397, 0.8724817037582397, 0.9710609316825867, '00:25']
Better model found at epoch 15 with valid_loss value: 0.4598411023616791.
[16, 0.4674456715583801, 0.48547396063804626, 0.9536221027374268, 0.9908049702644348, 0.04995332285761833, 0.17527110874652863, 1.3642222881317139, 0.9119179248809814, 0.9158865809440613, 0.9158865809440613, 1.5051326751708984, '00:24']
[17, 0.46519967913627625, 0.45873767137527466, 0.9252809882164001, 0.9877392649650574, 0.08951999992132187, 0.1772281378507614, 1.5556334257125854, 0.8539445400238037, 0.8649997711181641, 0.8649997711181641, 2.5214619636535645, '00:24']
Better model found at epoch 17 with valid_loss value: 0.45873767137527466.
[18, 0.46450096368789673, 0.4579887092113495, 0.9278095960617065, 0.9906609058380127, 0.07922545075416565, 0.17532572150230408, 1.4023653268814087, 0.8677681684494019, 0.8708915710449219, 0.8708915710449219, 1.192588448524475, '00:24']
Better model found at epoch 18 with valid_loss value: 0.4579887092113495.
[19, 0.460659384727478, 0.4494698941707611, 0.918622612953186, 0.9910491704940796, 0.08781891316175461, 0.17512103915214539, 1.3837594985961914, 0.8525221943855286, 0.8549867868423462, 0.8549867868423462, 1.0191073417663574, '00:24']
Better model found at epoch 19 with valid_loss value: 0.4494698941707611.
[20, 0.4644450843334198, 0.48801189661026, 0.9384061098098755, 0.973178505897522, 0.07370360940694809, 0.18552182614803314, 1.7913556098937988, 0.8480673432350159, 0.8869039416313171, 0.8869039416313171, 8.7275972366333, '00:23']
[21, 0.4555554986000061, 0.45897310972213745, 0.9270575642585754, 0.9876783490180969, 0.0852750837802887, 0.17731288075447083, 1.5096344947814941, 0.8613443374633789, 0.8693274259567261, 0.8693274259567261, 2.8590962886810303, '00:23']
[22, 0.4597570300102234, 0.46499282121658325, 0.9240502715110779, 0.984309732913971, 0.08590765297412872, 0.17880171537399292, 1.6384124755859375, 0.8488585948944092, 0.864150881767273, 0.864150881767273, 3.4426283836364746, '00:24']
[23, 0.4585443139076233, 0.4501846730709076, 0.9153741002082825, 0.989448070526123, 0.09447538107633591, 0.17603349685668945, 1.5329591035842896, 0.8438835144042969, 0.8497708439826965, 0.8497708439826965, 1.9751449823379517, '00:24']
[24, 0.45968037843704224, 0.4493115544319153, 0.9116689562797546, 0.9916330575942993, 0.09282678365707397, 0.17456938326358795, 1.3592491149902344, 0.8411815762519836, 0.8438783884048462, 0.8438783884048462, 0.8868365287780762, '00:25']
Better model found at epoch 24 with valid_loss value: 0.4493115544319153.
[25, 0.45233264565467834, 0.4745751917362213, 0.9331420063972473, 0.9797877669334412, 0.07549038529396057, 0.1815088391304016, 1.7299346923828125, 0.8547780513763428, 0.8792921900749207, 0.8792921900749207, 6.3618597984313965, '00:24']
[26, 0.4614183306694031, 0.45900967717170715, 0.9234728217124939, 0.9860343337059021, 0.09403838217258453, 0.17854270339012146, 1.6061859130859375, 0.8460536599159241, 0.8626375198364258, 0.8626376390457153, 3.6823041439056396, '00:24']
[27, 0.46223917603492737, 0.4574492275714874, 0.9280287623405457, 0.9926040172576904, 0.07276074588298798, 0.1740984469652176, 1.248988389968872, 0.863918662071228, 0.8700881600379944, 0.8700881600379944, 0.4294195771217346, '00:24']
[28, 0.4567354619503021, 0.4514768123626709, 0.9177757501602173, 0.9897493720054626, 0.09784964472055435, 0.17608961462974548, 1.4913723468780518, 0.8467152714729309, 0.8529146909713745, 0.8529146909713745, 1.6783835887908936, '00:23']
[29, 0.46126076579093933, 0.4497532248497009, 0.9145968556404114, 0.9902749061584473, 0.09220646321773529, 0.17545560002326965, 1.426265001296997, 0.8452356457710266, 0.8492082357406616, 0.8492082357406616, 1.3161953687667847, '00:25']
[30, 0.4515574276447296, 0.44757065176963806, 0.9098222851753235, 0.9886486530303955, 0.10184737294912338, 0.17644648253917694, 1.5400234460830688, 0.8316478729248047, 0.8400590419769287, 0.8400590419769287, 1.9670153856277466, '00:23']
Better model found at epoch 30 with valid_loss value: 0.44757065176963806.
[31, 0.44957783818244934, 0.4537206292152405, 0.9137359857559204, 0.9844464659690857, 0.09648438543081284, 0.17877690494060516, 1.6636790037155151, 0.8273136019706726, 0.8469562530517578, 0.8469562530517578, 3.7640011310577393, '00:25']
[32, 0.4553010165691376, 0.4466174244880676, 0.9147052764892578, 0.9907105565071106, 0.09545320272445679, 0.17532332241535187, 1.4030786752700806, 0.8446198105812073, 0.849146842956543, 0.849146842956543, 1.09307861328125, '00:23']
Better model found at epoch 32 with valid_loss value: 0.4466174244880676.
[33, 0.45444589853286743, 0.44586265087127686, 0.9080138802528381, 0.9918257594108582, 0.09722275286912918, 0.1745411604642868, 1.3178311586380005, 0.8341881632804871, 0.8385332226753235, 0.8385332226753235, 0.7247382998466492, '00:24']
Better model found at epoch 33 with valid_loss value: 0.44586265087127686.
[34, 0.4548085927963257, 0.45433512330055237, 0.9174603223800659, 0.9852006435394287, 0.09433373808860779, 0.1784902811050415, 1.6465703248977661, 0.8338011503219604, 0.8522661328315735, 0.8522661328315735, 3.6684622764587402, '00:24']
[35, 0.45433706045150757, 0.433207243680954, 0.8958150744438171, 0.9913517832756042, 0.1145653948187828, 0.17492221295833588, 1.404342532157898, 0.8167136907577515, 0.8194450736045837, 0.8194451928138733, 1.008190393447876, '00:23']
Better model found at epoch 35 with valid_loss value: 0.433207243680954.
[36, 0.46281370520591736, 0.4508150517940521, 0.9174260497093201, 0.9920189380645752, 0.0890447124838829, 0.17449738085269928, 1.3320103883743286, 0.8489683270454407, 0.8536744713783264, 0.8536744713783264, 0.7310009002685547, '00:24']
[37, 0.4525090754032135, 0.44434574246406555, 0.909302830696106, 0.9890228509902954, 0.10303443670272827, 0.17630989849567413, 1.4942914247512817, 0.8326660990715027, 0.839823305606842, 0.839823305606842, 1.7825562953948975, '00:23']
[38, 0.45447441935539246, 0.4506811797618866, 0.9097780585289001, 0.9852854013442993, 0.10123196244239807, 0.17834967374801636, 1.6465593576431274, 0.819675087928772, 0.8397682309150696, 0.8397682309150696, 3.246058225631714, '00:25']
[39, 0.4432421326637268, 0.445201575756073, 0.9108644127845764, 0.9910721778869629, 0.09333552420139313, 0.1750275045633316, 1.349962830543518, 0.8349355459213257, 0.8432949185371399, 0.8432949185371399, 0.9720060229301453, '00:24']
[40, 0.44561171531677246, 0.4575340449810028, 0.922322690486908, 0.990813136100769, 0.08193715661764145, 0.1749797761440277, 1.3943406343460083, 0.8572551608085632, 0.8618680834770203, 0.8618680834770203, 1.1051288843154907, '00:23']
[41, 0.4472881853580475, 0.4682854115962982, 0.9226309657096863, 0.9823421239852905, 0.09130518138408661, 0.17993564903736115, 1.6636956930160522, 0.837891697883606, 0.8602288365364075, 0.8602288365364075, 4.239445209503174, '00:25']
[42, 0.446065753698349, 0.49694472551345825, 0.9343839883804321, 0.9721681475639343, 0.07111700624227524, 0.18517345190048218, 1.8095109462738037, 0.8408315181732178, 0.8806222677230835, 0.8806222677230835, 8.618741989135742, '00:24']
[43, 0.4419498145580292, 0.43407177925109863, 0.898348331451416, 0.98944091796875, 0.11712464690208435, 0.1761816143989563, 1.5104570388793945, 0.8147340416908264, 0.8225786685943604, 0.8225786685943604, 1.774261236190796, '00:25']
No improvement since epoch 35: early stopping
----------
1
----------
DLS create!
[0, 0.51026451587677, 0.4956214129924774, 0.962976336479187, 0.9884493947029114, 0.03791682794690132, 0.1753774732351303, 1.3034054040908813, 0.931233286857605, 0.9305785298347473, 0.9305785298347473, 0.7056440711021423, '00:24']
Better model found at epoch 0 with valid_loss value: 0.4956214129924774.
[1, 0.5036487579345703, 0.4908670485019684, 0.9615485668182373, 0.9879060387611389, 0.04289456829428673, 0.17641182243824005, 1.3435331583023071, 0.9293402433395386, 0.9275630116462708, 0.9275630116462708, 0.8969780802726746, '00:25']
Better model found at epoch 1 with valid_loss value: 0.4908670485019684.
[2, 0.49381259083747864, 0.505602240562439, 0.9644557237625122, 0.9881323575973511, 0.03477419912815094, 0.17472326755523682, 1.3065218925476074, 0.9312191605567932, 0.9332510828971863, 0.9332510828971863, 0.7399060130119324, '00:24']
[3, 0.49241840839385986, 0.4794958531856537, 0.9380694627761841, 0.9811067581176758, 0.07019643485546112, 0.1793932020664215, 1.5598130226135254, 0.8822922110557556, 0.8879364132881165, 0.8879364132881165, 2.92022967338562, '00:23']
Better model found at epoch 3 with valid_loss value: 0.4794958531856537.
[4, 0.4908432364463806, 0.48354434967041016, 0.9435791373252869, 0.9843538999557495, 0.06251047551631927, 0.1774917095899582, 1.487262487411499, 0.895972728729248, 0.897682249546051, 0.897682249546051, 2.2824008464813232, '00:25']
[5, 0.4856097400188446, 0.4808450937271118, 0.9396417140960693, 0.984084963798523, 0.06695670634508133, 0.17756834626197815, 1.4765523672103882, 0.8899679780006409, 0.8911930918693542, 0.8911930918693542, 2.1173694133758545, '00:24']
[6, 0.4878246486186981, 0.4804401993751526, 0.9346665143966675, 0.9869970083236694, 0.06988301873207092, 0.1755482703447342, 1.3816636800765991, 0.8833640217781067, 0.884379506111145, 0.884379506111145, 1.3243653774261475, '00:24']
[7, 0.48102807998657227, 0.47805511951446533, 0.9369941353797913, 0.988667905330658, 0.06611382216215134, 0.17446176707744598, 1.2357391119003296, 0.8831661343574524, 0.8883785009384155, 0.8883785009384155, 0.4931730329990387, '00:25']
Better model found at epoch 7 with valid_loss value: 0.47805511951446533.
[8, 0.48562195897102356, 0.48764973878860474, 0.9495767951011658, 0.9883211255073547, 0.06048167496919632, 0.1756695657968521, 1.2634671926498413, 0.9102872014045715, 0.9096308350563049, 0.9096308350563049, 0.5079893469810486, '00:24']
[9, 0.4801388680934906, 0.46061936020851135, 0.9162245988845825, 0.9861090183258057, 0.09401168674230576, 0.17628213763237, 1.4172557592391968, 0.8496657609939575, 0.8535785675048828, 0.8535785675048828, 1.5913938283920288, '00:24']
Better model found at epoch 9 with valid_loss value: 0.46061936020851135.
[10, 0.4804096221923828, 0.484743595123291, 0.9312622547149658, 0.9800156354904175, 0.0759446918964386, 0.17949090898036957, 1.5945967435836792, 0.8703110814094543, 0.8772733211517334, 0.8772733211517334, 3.4735891819000244, '00:23']
[11, 0.4666421711444855, 0.4727696180343628, 0.9176596999168396, 0.980979859828949, 0.09017214179039001, 0.17902278900146484, 1.5658494234085083, 0.8441421389579773, 0.8553608059883118, 0.8553608059883118, 3.3112170696258545, '00:25']
[12, 0.46981480717658997, 0.4780389368534088, 0.9396121501922607, 0.9893993735313416, 0.05731210857629776, 0.17426124215126038, 1.2205666303634644, 0.8833196759223938, 0.8927632570266724, 0.8927632570266724, 0.4513586461544037, '00:24']
[13, 0.47367897629737854, 0.46718838810920715, 0.9200388193130493, 0.9857455492019653, 0.0893075242638588, 0.17634648084640503, 1.4290107488632202, 0.8535363078117371, 0.8593937158584595, 0.8593937158584595, 1.542540431022644, '00:24']
[14, 0.470775842666626, 0.47181403636932373, 0.9289901852607727, 0.9879919290542603, 0.07755259424448013, 0.17516852915287018, 1.3225008249282837, 0.8738819360733032, 0.8761167526245117, 0.8761167526245117, 0.7975905537605286, '00:24']
[15, 0.474049836397171, 0.4660837948322296, 0.9218649864196777, 0.9884357452392578, 0.07757509499788284, 0.17466862499713898, 1.2846623659133911, 0.8585115075111389, 0.86404949426651, 0.86404949426651, 0.6218706369400024, '00:24']
[16, 0.46669596433639526, 0.4941989481449127, 0.9277558326721191, 0.9681099653244019, 0.08290232717990875, 0.18643584847450256, 1.7156399488449097, 0.8425182104110718, 0.8692059516906738, 0.8692059516906738, 8.226865768432617, '00:24']
[17, 0.4654417932033539, 0.45121824741363525, 0.9054480195045471, 0.9833216667175293, 0.10640493035316467, 0.17817266285419464, 1.4921278953552246, 0.8234792947769165, 0.8342459201812744, 0.8342459201812744, 2.085284471511841, '00:24']
Better model found at epoch 17 with valid_loss value: 0.45121824741363525.
[18, 0.4641271233558655, 0.44810572266578674, 0.8967056274414062, 0.9819533824920654, 0.11403583735227585, 0.17882972955703735, 1.5532121658325195, 0.8054574131965637, 0.8193123936653137, 0.8193123936653137, 3.4177708625793457, '00:23']
Better model found at epoch 18 with valid_loss value: 0.44810572266578674.
[19, 0.47195759415626526, 0.4745634198188782, 0.9321069121360779, 0.9893372058868408, 0.06483621150255203, 0.17403075098991394, 1.1945265531539917, 0.8727278709411621, 0.8818606734275818, 0.8818606734275818, 0.34317585825920105, '00:24']
[20, 0.47022008895874023, 0.4448796510696411, 0.9014098048210144, 0.9855670928955078, 0.10959719121456146, 0.1769191324710846, 1.4469112157821655, 0.8230098485946655, 0.8287255167961121, 0.8287255167961121, 1.4949027299880981, '00:24']
Better model found at epoch 20 with valid_loss value: 0.4448796510696411.
[21, 0.46225714683532715, 0.493939608335495, 0.9263080954551697, 0.9720860123634338, 0.08080785721540451, 0.1837373524904251, 1.6721633672714233, 0.8463947772979736, 0.8681178689002991, 0.8681178689002991, 7.4607462882995605, '00:25']
[22, 0.4592735469341278, 0.4697667062282562, 0.9124457240104675, 0.9805236458778381, 0.09410406649112701, 0.17926546931266785, 1.5485535860061646, 0.8316242694854736, 0.8461719751358032, 0.8461719751358032, 2.828706979751587, '00:25']
[23, 0.4630551338195801, 0.4661642611026764, 0.9102379083633423, 0.9812132716178894, 0.09736035019159317, 0.17918145656585693, 1.5683603286743164, 0.8347057700157166, 0.8438361287117004, 0.8438361287117004, 2.770984172821045, '00:24']
[24, 0.46957463026046753, 0.45041099190711975, 0.9068707227706909, 0.985908567905426, 0.10100911557674408, 0.17652201652526855, 1.4119757413864136, 0.8314825892448425, 0.8383769989013672, 0.8383769989013672, 1.4039320945739746, '00:24']
[25, 0.4657513201236725, 0.4576914608478546, 0.9123231172561646, 0.9883855581283569, 0.09175003319978714, 0.17476195096969604, 1.2913533449172974, 0.8435102701187134, 0.8488094210624695, 0.8488094210624695, 0.6559165120124817, '00:25']
[26, 0.46318966150283813, 0.4565371572971344, 0.9005746245384216, 0.9854015707969666, 0.10913542658090591, 0.17657388746738434, 1.4303227663040161, 0.8199470043182373, 0.8294118642807007, 0.8294118642807007, 1.5299574136734009, '00:25']
[27, 0.4596395790576935, 0.43520352244377136, 0.8871799111366272, 0.9844393134117126, 0.1251339614391327, 0.17752325534820557, 1.4984503984451294, 0.7941886186599731, 0.804770827293396, 0.804770827293396, 2.1246933937072754, '00:25']
Better model found at epoch 27 with valid_loss value: 0.43520352244377136.
[28, 0.46068239212036133, 0.4509509801864624, 0.8989564776420593, 0.9827762842178345, 0.10826899111270905, 0.17821983993053436, 1.5313252210617065, 0.8137384653091431, 0.8240498304367065, 0.8240498304367065, 2.285022020339966, '00:24']
[29, 0.4493466019630432, 0.45638546347618103, 0.9074852466583252, 0.9886369109153748, 0.09260603785514832, 0.17465560138225555, 1.273618459701538, 0.8318169116973877, 0.8416236639022827, 0.8416236639022827, 0.628147542476654, '00:25']
[30, 0.4520689845085144, 0.43546751141548157, 0.8862587809562683, 0.9874182343482971, 0.12239015102386475, 0.17550495266914368, 1.3796898126602173, 0.7964184284210205, 0.8032844066619873, 0.8032844066619873, 1.4610995054244995, '00:24']
[31, 0.46464040875434875, 0.45878976583480835, 0.9038645029067993, 0.9804310202598572, 0.10751114785671234, 0.17955513298511505, 1.5719441175460815, 0.8143537044525146, 0.8316218852996826, 0.8316218852996826, 3.9215900897979736, '00:23']
[32, 0.450665682554245, 0.44022825360298157, 0.8879857063293457, 0.9847365617752075, 0.12300698459148407, 0.1771906018257141, 1.482206106185913, 0.7992421984672546, 0.8077751994132996, 0.8077751994132996, 1.7701876163482666, '00:24']
[33, 0.45446380972862244, 0.4453539550304413, 0.8936256170272827, 0.9833273887634277, 0.11853553354740143, 0.17814549803733826, 1.538211703300476, 0.8050662875175476, 0.816594123840332, 0.816594123840332, 2.3894784450531006, '00:23']
[34, 0.4572525918483734, 0.44548675417900085, 0.8928337097167969, 0.9874047636985779, 0.11357948184013367, 0.17539732158184052, 1.3712882995605469, 0.8104345202445984, 0.8174301981925964, 0.8174301981925964, 1.1546496152877808, '00:24']
[35, 0.4557887017726898, 0.45437172055244446, 0.905166745185852, 0.9888861179351807, 0.10092731565237045, 0.174650177359581, 1.2772817611694336, 0.8317614197731018, 0.8394432663917542, 0.8394432663917542, 0.6873939633369446, '00:24']
No improvement since epoch 27: early stopping
----------
2
----------
DLS create!
[0, 0.5037195682525635, 0.5109320282936096, 0.9821533560752869, 0.9925016760826111, 0.011505144648253918, 0.17408210039138794, 1.2016823291778564, 0.9637502431869507, 0.9655408263206482, 0.9655408263206482, 0.2112034112215042, '00:25']
Better model found at epoch 0 with valid_loss value: 0.5109320282936096.
[1, 0.49140840768814087, 0.5023479461669922, 0.9648714065551758, 0.9835164546966553, 0.042492955923080444, 0.1795949786901474, 1.617680549621582, 0.9261783361434937, 0.9333128333091736, 0.9333128333091736, 3.215696096420288, '00:24']
Better model found at epoch 1 with valid_loss value: 0.5023479461669922.
[2, 0.4971184730529785, 0.5406415462493896, 0.9721684455871582, 0.9581968784332275, 0.032570142298936844, 0.1925635188817978, 1.8168911933898926, 0.9330209493637085, 0.9471595287322998, 0.9471595287322998, 11.495526313781738, '00:23']
[3, 0.49353283643722534, 0.4879823625087738, 0.9638450145721436, 0.9918085336685181, 0.035059019923210144, 0.1749955713748932, 1.2989482879638672, 0.9328386187553406, 0.9320385456085205, 0.9320385456085205, 0.496541291475296, '00:26']
Better model found at epoch 3 with valid_loss value: 0.4879823625087738.
[4, 0.4861631989479065, 0.5076589584350586, 0.9781507253646851, 0.9928866624832153, 0.01811051554977894, 0.17369116842746735, 1.1152750253677368, 0.9532142877578735, 0.959324300289154, 0.959324300289154, 0.09199381619691849, '00:24']
[5, 0.4941830635070801, 0.4975588321685791, 0.9695503115653992, 0.9925867915153503, 0.023897012695670128, 0.1739184707403183, 1.1833269596099854, 0.9361560344696045, 0.9417712688446045, 0.9417712688446045, 0.20112022757530212, '00:25']
[6, 0.4859580397605896, 0.4832923114299774, 0.9488760232925415, 0.9889755249023438, 0.05795435234904289, 0.17620714008808136, 1.4673937559127808, 0.8998769521713257, 0.9053347706794739, 0.9053347706794739, 1.462080717086792, '00:24']
Better model found at epoch 6 with valid_loss value: 0.4832923114299774.
[7, 0.47313499450683594, 0.48048603534698486, 0.9444682598114014, 0.984623908996582, 0.06330554187297821, 0.1786341369152069, 1.6068435907363892, 0.8840020298957825, 0.8975748419761658, 0.8975748419761658, 2.825078010559082, '00:25']
Better model found at epoch 7 with valid_loss value: 0.48048603534698486.
[8, 0.47728967666625977, 0.48205164074897766, 0.9421862363815308, 0.9849215745925903, 0.066977359354496, 0.17852963507175446, 1.5989465713500977, 0.8792664408683777, 0.8941444158554077, 0.8941444158554077, 2.9295566082000732, '00:25']
[9, 0.48008787631988525, 0.45878660678863525, 0.9268447160720825, 0.987089991569519, 0.08574238419532776, 0.1777074933052063, 1.5614020824432373, 0.8554775714874268, 0.8677788972854614, 0.8677788972854614, 2.3755221366882324, '00:24']
Better model found at epoch 9 with valid_loss value: 0.45878660678863525.
[10, 0.473971426486969, 0.48338642716407776, 0.9512927532196045, 0.9904537796974182, 0.04983935132622719, 0.1751159280538559, 1.2990187406539917, 0.9053007364273071, 0.9125627279281616, 0.9125627279281616, 1.716700792312622, '00:24']
[11, 0.4646860957145691, 0.461283415555954, 0.9288984537124634, 0.9911954402923584, 0.07377307116985321, 0.174773171544075, 1.3583351373672485, 0.8654801845550537, 0.8726504445075989, 0.8726504445075989, 0.825309693813324, '00:24']
[12, 0.47071367502212524, 0.4690735638141632, 0.9337313175201416, 0.9866522550582886, 0.07354089617729187, 0.17754203081130981, 1.5484089851379395, 0.8668461441993713, 0.8798038959503174, 0.8798038959503174, 2.4843595027923584, '00:25']
[13, 0.47816842794418335, 0.47207796573638916, 0.9437810182571411, 0.991679310798645, 0.05772200971841812, 0.17449873685836792, 1.2942447662353516, 0.8880021572113037, 0.8963079452514648, 0.8963079452514648, 0.6032407879829407, '00:25']
[14, 0.4645758271217346, 0.4589821398258209, 0.9258831739425659, 0.9885085225105286, 0.0779842734336853, 0.17639409005641937, 1.5071117877960205, 0.8563631772994995, 0.8664953112602234, 0.8664953112602234, 1.7673957347869873, '00:24']
[15, 0.46421924233436584, 0.4821329712867737, 0.9499971866607666, 0.9924781918525696, 0.046584371477365494, 0.17387071251869202, 1.2006267309188843, 0.8945299386978149, 0.909151554107666, 0.909151554107666, 0.34602978825569153, '00:25']
[16, 0.46034979820251465, 0.45609739422798157, 0.9222163558006287, 0.9892175793647766, 0.08630848675966263, 0.17611926794052124, 1.4820705652236938, 0.850189208984375, 0.8607412576675415, 0.8607412576675415, 1.7683488130569458, '00:24']
Better model found at epoch 16 with valid_loss value: 0.45609739422798157.
[17, 0.4596511423587799, 0.4593353867530823, 0.9243662357330322, 0.9904149770736694, 0.08287525177001953, 0.17530842125415802, 1.4091228246688843, 0.8572701215744019, 0.866184651851654, 0.866184651851654, 1.1771430969238281, '00:25']
[18, 0.4635176658630371, 0.4808740019798279, 0.9360443949699402, 0.9809817671775818, 0.07030761986970901, 0.18043988943099976, 1.684517502784729, 0.8575178384780884, 0.8825320601463318, 0.8825320601463318, 4.58306360244751, '00:26']
[19, 0.4613665044307709, 0.45462357997894287, 0.9205442070960999, 0.9876897931098938, 0.09009911864995956, 0.17713794112205505, 1.521214485168457, 0.854141354560852, 0.8593412637710571, 0.8593412637710571, 2.1133534908294678, '00:24']
Better model found at epoch 19 with valid_loss value: 0.45462357997894287.
[20, 0.46499645709991455, 0.46605387330055237, 0.9340845942497253, 0.991943359375, 0.06756982952356339, 0.1743212640285492, 1.2844182252883911, 0.872467041015625, 0.882696270942688, 0.882696270942688, 0.7269117832183838, '00:25']
[21, 0.46420344710350037, 0.4484286904335022, 0.9132535457611084, 0.9889116883277893, 0.09930393844842911, 0.17639368772506714, 1.443636417388916, 0.8456084728240967, 0.8513705134391785, 0.8513705134391785, 1.7303298711776733, '00:24']
Better model found at epoch 21 with valid_loss value: 0.4484286904335022.
[22, 0.4569967985153198, 0.4588959515094757, 0.926450788974762, 0.9916136264801025, 0.0732077807188034, 0.1744949221611023, 1.3198517560958862, 0.8590969443321228, 0.8679088354110718, 0.8679088354110718, 0.7406216859817505, '00:25']
[23, 0.4667623043060303, 0.45665788650512695, 0.923698365688324, 0.9902962446212769, 0.08466454595327377, 0.17549481987953186, 1.4286046028137207, 0.8559462428092957, 0.8633525371551514, 0.8633525371551514, 1.3470174074172974, '00:24']
[24, 0.4599118232727051, 0.5196398496627808, 0.9434911608695984, 0.9576702117919922, 0.06621604412794113, 0.19345515966415405, 1.8342734575271606, 0.8562617301940918, 0.8977825045585632, 0.8977825045585632, 12.040881156921387, '00:24']
[25, 0.4635286331176758, 0.45170706510543823, 0.9148690700531006, 0.9862143993377686, 0.09964068233966827, 0.1780533492565155, 1.5890440940856934, 0.8344910740852356, 0.8498443365097046, 0.8498443365097046, 2.950690269470215, '00:26']
[26, 0.45572787523269653, 0.45247170329093933, 0.915049135684967, 0.9897210001945496, 0.09222561866044998, 0.17579786479473114, 1.4633516073226929, 0.8472023606300354, 0.8517425656318665, 0.8517425656318665, 1.3379367589950562, '00:25']
[27, 0.4598981738090515, 0.44992417097091675, 0.910011887550354, 0.9858396649360657, 0.10445749014616013, 0.17824015021324158, 1.592706561088562, 0.8300445079803467, 0.8435156941413879, 0.8435156941413879, 2.7957892417907715, '00:25']
[28, 0.4493740200996399, 0.4432469606399536, 0.9088230729103088, 0.9907260537147522, 0.09923474490642548, 0.17521435022354126, 1.382688045501709, 0.8342822194099426, 0.8424517512321472, 0.8424517512321472, 1.472898244857788, '00:25']
Better model found at epoch 28 with valid_loss value: 0.4432469606399536.
[29, 0.44894227385520935, 0.4712880551815033, 0.9232509732246399, 0.9798771142959595, 0.08894899487495422, 0.18141169846057892, 1.6877875328063965, 0.8350505828857422, 0.8640047907829285, 0.8640047907829285, 5.563028812408447, '00:25']
[30, 0.45840299129486084, 0.4570792317390442, 0.9173210859298706, 0.9891880750656128, 0.09067633002996445, 0.17592261731624603, 1.4845490455627441, 0.8432793021202087, 0.8527823686599731, 0.8527823686599731, 1.6720035076141357, '00:24']
[31, 0.4548353850841522, 0.4506048262119293, 0.9109765291213989, 0.9861029386520386, 0.1003836914896965, 0.17780934274196625, 1.5779248476028442, 0.8294897675514221, 0.8431674242019653, 0.8431674242019653, 2.931835889816284, '00:24']
[32, 0.44892820715904236, 0.46446484327316284, 0.9194604158401489, 0.9834276437759399, 0.09206671267747879, 0.17931567132472992, 1.6487658023834229, 0.8364080190658569, 0.8568937182426453, 0.8568937182426453, 3.49391508102417, '00:24']
[33, 0.4503823518753052, 0.4541386663913727, 0.9147395491600037, 0.9877781271934509, 0.09281077980995178, 0.1767377108335495, 1.5292811393737793, 0.8320667147636414, 0.8472915291786194, 0.8472915291786194, 1.953783392906189, '00:25']
[34, 0.4574289917945862, 0.43949124217033386, 0.8986040949821472, 0.9885129332542419, 0.11370369791984558, 0.17655913531780243, 1.5034213066101074, 0.8151490688323975, 0.8255774974822998, 0.8255774974822998, 2.1609935760498047, '00:25']
Better model found at epoch 34 with valid_loss value: 0.43949124217033386.
[35, 0.45286068320274353, 0.45498794317245483, 0.9103471636772156, 0.9825045466423035, 0.10411515086889267, 0.18004055321216583, 1.6623153686523438, 0.8149272799491882, 0.8436328768730164, 0.8436328768730164, 4.041531562805176, '00:25']
[36, 0.4529871940612793, 0.4720360040664673, 0.9225552678108215, 0.9769617915153503, 0.09057823568582535, 0.1830931007862091, 1.7275062799453735, 0.8310181498527527, 0.8635703921318054, 0.8635703921318054, 5.919783115386963, '00:24']
[37, 0.44684743881225586, 0.4635167717933655, 0.9233335852622986, 0.9904778599739075, 0.0832439735531807, 0.17507123947143555, 1.3841962814331055, 0.8537123799324036, 0.8634482026100159, 0.8634482026100159, 1.1335411071777344, '00:24']
[38, 0.44095730781555176, 0.4813714325428009, 0.946772575378418, 0.9925420880317688, 0.04956582188606262, 0.17380645871162415, 1.1891390085220337, 0.8860587477684021, 0.9030933976173401, 0.9030933976173401, 0.3413817286491394, '00:24']
[39, 0.44502270221710205, 0.45760059356689453, 0.9140415191650391, 0.9865420460700989, 0.09603916108608246, 0.1774933636188507, 1.5390301942825317, 0.8333549499511719, 0.8500345945358276, 0.8500345945358276, 2.687605381011963, '00:24']
[40, 0.4518626034259796, 0.4403403401374817, 0.903745174407959, 0.9910486340522766, 0.10425367206335068, 0.1749645620584488, 1.3732298612594604, 0.8282460570335388, 0.8344100713729858, 0.8344100713729858, 1.1082305908203125, '00:25']
[41, 0.4468085765838623, 0.47355329990386963, 0.9274201393127441, 0.9785137176513672, 0.08470627665519714, 0.18211998045444489, 1.6685198545455933, 0.8535517454147339, 0.8721700310707092, 0.872170090675354, 5.303292274475098, '00:24']
[42, 0.44899675250053406, 0.4456580877304077, 0.904018759727478, 0.9876240491867065, 0.10790984332561493, 0.1770254671573639, 1.5421411991119385, 0.8204067945480347, 0.8345894813537598, 0.8345894813537598, 2.4401137828826904, '00:25']
No improvement since epoch 34: early stopping
----------
3
----------
DLS create!
[0, 0.4998701512813568, 0.4911767542362213, 0.9676344394683838, 0.9926091432571411, 0.03348695486783981, 0.1751067191362381, 1.3912461996078491, 0.9399278163909912, 0.9387259483337402, 0.9387259483337402, 0.8500545024871826, '00:24']
Better model found at epoch 0 with valid_loss value: 0.4911767542362213.
[1, 0.5018082857131958, 0.49389776587486267, 0.9688982963562012, 0.9884339570999146, 0.03927212208509445, 0.1781940460205078, 1.5590204000473022, 0.9392943978309631, 0.9412333965301514, 0.9412333965301514, 2.285388469696045, '00:25']
[2, 0.49757370352745056, 0.49169760942459106, 0.9697648882865906, 0.9930307269096375, 0.03170143812894821, 0.17487820982933044, 1.3639378547668457, 0.9438444375991821, 0.9431466460227966, 0.9431466460227966, 0.7410315275192261, '00:24']
[3, 0.4953191876411438, 0.5058020353317261, 0.9690350294113159, 0.9793102741241455, 0.03592810779809952, 0.18225592374801636, 1.727674126625061, 0.9326222538948059, 0.9418154358863831, 0.9418154358863831, 4.785439968109131, '00:24']
[4, 0.49870190024375916, 0.4856501817703247, 0.9663094878196716, 0.993277907371521, 0.038103003054857254, 0.17520566284656525, 1.3416686058044434, 0.9376223683357239, 0.936729907989502, 0.936729907989502, 0.605301022529602, '00:25']
Better model found at epoch 4 with valid_loss value: 0.4856501817703247.
[5, 0.49218326807022095, 0.48727962374687195, 0.9637327194213867, 0.9920307993888855, 0.04275062307715416, 0.17575299739837646, 1.4249546527862549, 0.931966245174408, 0.9318992495536804, 0.9318992495536804, 1.0244966745376587, '00:24']
[6, 0.49703094363212585, 0.5026986598968506, 0.9733446836471558, 0.9877215623855591, 0.03423694148659706, 0.17866481840610504, 1.5534189939498901, 0.9454524517059326, 0.9491410255432129, 0.9491410255432129, 2.3168225288391113, '00:25']
[7, 0.48444604873657227, 0.48007622361183167, 0.9520968198776245, 0.9881777167320251, 0.05858522281050682, 0.1779879778623581, 1.5660730600357056, 0.9038568139076233, 0.9120562076568604, 0.9120562076568604, 2.1863114833831787, '00:25']
Better model found at epoch 7 with valid_loss value: 0.48007622361183167.
[8, 0.47201845049858093, 0.4795553386211395, 0.9540091156959534, 0.9925702810287476, 0.04980464279651642, 0.17503468692302704, 1.3855806589126587, 0.9141262173652649, 0.9142643809318542, 0.9142643809318542, 0.8490107655525208, '00:24']
Better model found at epoch 8 with valid_loss value: 0.4795553386211395.
[9, 0.4841451346874237, 0.48447778820991516, 0.9605190753936768, 0.9940318465232849, 0.03951188549399376, 0.1740967482328415, 1.2217313051223755, 0.9234541058540344, 0.9266691207885742, 0.9266691207885742, 0.325734943151474, '00:24']
[10, 0.4732659161090851, 0.5503113269805908, 0.9741838574409485, 0.9500745534896851, 0.03026723675429821, 0.19790711998939514, 1.8663616180419922, 0.9214251041412354, 0.9504457116127014, 0.9504457116127014, 13.74914836883545, '00:23']
[11, 0.47294679284095764, 0.4762957692146301, 0.9470177888870239, 0.9871161580085754, 0.06212618947029114, 0.17828387022018433, 1.5774259567260742, 0.8919202089309692, 0.9020578861236572, 0.9020578861236572, 2.446629047393799, '00:24']
Better model found at epoch 11 with valid_loss value: 0.4762957692146301.
[12, 0.47489941120147705, 0.479910671710968, 0.9558044075965881, 0.992927074432373, 0.04538421705365181, 0.17466628551483154, 1.3167937994003296, 0.9153662323951721, 0.9177207350730896, 0.9177207350730896, 0.7303342819213867, '00:25']
[13, 0.47271278500556946, 0.484921395778656, 0.9582204222679138, 0.9920300841331482, 0.0461985319852829, 0.17539198696613312, 1.3977227210998535, 0.9221118092536926, 0.9220645427703857, 0.9220645427703857, 1.0122212171554565, '00:25']
[14, 0.47141745686531067, 0.47915685176849365, 0.9486826062202454, 0.9880867600440979, 0.060722582042217255, 0.17765261232852936, 1.5811175107955933, 0.8950444459915161, 0.9049750566482544, 0.9049750566482544, 2.392918825149536, '00:25']
[15, 0.4648497998714447, 0.4652174413204193, 0.9362615346908569, 0.9903636574745178, 0.07189017534255981, 0.1762884259223938, 1.4572607278823853, 0.8795519471168518, 0.8847734928131104, 0.8847734928131104, 1.5022971630096436, '00:24']
Better model found at epoch 15 with valid_loss value: 0.4652174413204193.
[16, 0.46174290776252747, 0.4654141962528229, 0.9353556036949158, 0.9885364174842834, 0.07345050573348999, 0.17729565501213074, 1.5632531642913818, 0.8733463883399963, 0.8818531632423401, 0.8818531632423401, 2.110610008239746, '00:24']
[17, 0.4613552987575531, 0.47378700971603394, 0.9464232921600342, 0.9910558462142944, 0.05813494324684143, 0.17576943337917328, 1.4451959133148193, 0.9001983404159546, 0.9029476046562195, 0.9029476046562195, 1.2882335186004639, '00:24']
[18, 0.4539417028427124, 0.4730556905269623, 0.9464696049690247, 0.9911512732505798, 0.055786363780498505, 0.1757126748561859, 1.4380789995193481, 0.9012584090232849, 0.9026216864585876, 0.9026216864585876, 1.2241612672805786, '00:25']
[19, 0.4539414942264557, 0.4718364477157593, 0.9408164024353027, 0.9859111309051514, 0.07178478688001633, 0.17903265357017517, 1.6424649953842163, 0.8800279498100281, 0.8923878073692322, 0.8923878073692322, 3.211421489715576, '00:26']
[20, 0.4600842297077179, 0.4881995618343353, 0.9483950734138489, 0.979225218296051, 0.06199287995696068, 0.1828080713748932, 1.7255611419677734, 0.8847182393074036, 0.9052524566650391, 0.9052524566650391, 5.765196323394775, '00:24']
[21, 0.4688480794429779, 0.5130600333213806, 0.9591639041900635, 0.9675061106681824, 0.05129721388220787, 0.1894669532775879, 1.8202317953109741, 0.8850440382957458, 0.9230852723121643, 0.9230852723121643, 9.120126724243164, '00:25']
[22, 0.4635894000530243, 0.4663659632205963, 0.9402270913124084, 0.9916809797286987, 0.06467799097299576, 0.17552074790000916, 1.3923461437225342, 0.8873698711395264, 0.8905293345451355, 0.8905293345451355, 1.0350404977798462, '00:25']
[23, 0.4689481258392334, 0.46814313530921936, 0.9390315413475037, 0.9885247349739075, 0.07241718471050262, 0.1775396466255188, 1.576413631439209, 0.8767183423042297, 0.8887342214584351, 0.8887342214584351, 2.154982089996338, '00:25']
No improvement since epoch 15: early stopping
----------
4
----------
DLS create!
[0, 0.5048722624778748, 0.4923918545246124, 0.9495391249656677, 0.9848775863647461, 0.049760304391384125, 0.1788925975561142, 1.52268385887146, 0.9235162734985352, 0.9141770601272583, 0.9141770601272583, inf, '00:24']
Better model found at epoch 0 with valid_loss value: 0.4923918545246124.
[1, 0.49703720211982727, 0.504603385925293, 0.9568504095077515, 0.9820276498794556, 0.04085617512464523, 0.18081101775169373, 1.5262565612792969, 0.9368649125099182, 0.9268916845321655, 0.9268916845321655, inf, '00:23']
[2, 0.4937862157821655, 0.49787330627441406, 0.9514263868331909, 0.9839683771133423, 0.046475231647491455, 0.17897112667560577, 1.5241450071334839, 0.9288427233695984, 0.9174893498420715, 0.9174893498420715, inf, '00:26']
[3, 0.48688241839408875, 0.501526415348053, 0.9577350616455078, 0.9894530773162842, nan, 0.17553965747356415, 1.2993148565292358, 0.9404366612434387, 0.929262638092041, 0.929262638092041, nan, '00:25']
[4, 0.4892590641975403, 0.4893359839916229, 0.9513635039329529, 0.9910661578178406, 0.035177912563085556, 0.17428256571292877, 1.2084201574325562, 0.9253321886062622, 0.9173647165298462, 0.9173647165298462, inf, '00:24']
Better model found at epoch 4 with valid_loss value: 0.4893359839916229.
[5, 0.49192389845848083, 0.49391379952430725, 0.9439635872840881, 0.9775782227516174, 0.05563698336482048, 0.18260204792022705, 1.6411432027816772, 0.9042565226554871, 0.903595507144928, 0.903595507144928, inf, '00:25']
[6, 0.4851393699645996, 0.4948953092098236, 0.9365429282188416, 0.9786547422409058, 0.06055331975221634, 0.1811259239912033, 1.6475276947021484, 0.8967597484588623, 0.893526554107666, 0.893526554107666, inf, '00:24']
[7, 0.48426300287246704, 0.5086952447891235, 0.9421771764755249, 0.9712913632392883, 0.05558522418141365, 0.18548403680324554, 1.6909905672073364, 0.8916360139846802, 0.9001742601394653, 0.9001742601394653, inf, '00:26']
[8, 0.4899989068508148, 0.4662795066833496, 0.9255906939506531, 0.9877407550811768, 0.07828578352928162, 0.17690396308898926, 1.4326190948486328, 0.8813995122909546, 0.8726283311843872, 0.8726283311843872, inf, '00:24']
Better model found at epoch 8 with valid_loss value: 0.4662795066833496.
[9, 0.48494479060173035, 0.4695490598678589, 0.9165089726448059, 0.9806118011474609, 0.08504527807235718, 0.18032854795455933, 1.6227086782455444, 0.8556331396102905, 0.8575412034988403, 0.8575412034988403, inf, '00:24']
[10, 0.48109522461891174, 0.47827789187431335, 0.9259333610534668, 0.9789685606956482, 0.07803823798894882, 0.18157021701335907, 1.6264437437057495, 0.8669888973236084, 0.8725168108940125, 0.8725168108940125, inf, '00:25']
[11, 0.478333979845047, 0.46807122230529785, 0.9239570498466492, 0.9881141185760498, 0.07633846998214722, 0.1761275976896286, 1.4039740562438965, 0.8783659338951111, 0.869046151638031, 0.869046151638031, inf, '00:26']
[12, 0.478232741355896, 0.4851413369178772, 0.9235755801200867, 0.9747022986412048, 0.07768959552049637, 0.18375429511070251, 1.6970152854919434, 0.8545116186141968, 0.8683708310127258, 0.8683708310127258, inf, '00:24']
[13, 0.47371503710746765, 0.46620842814445496, 0.9185877442359924, 0.9864153861999512, nan, 0.17730408906936646, 1.4490344524383545, 0.8668528199195862, 0.8613691926002502, 0.8613691926002502, nan, '00:24']
Better model found at epoch 13 with valid_loss value: 0.46620842814445496.
[14, 0.4776158034801483, 0.46509480476379395, 0.9198928475379944, 0.9895866513252258, nan, 0.1752752661705017, 1.3508304357528687, 0.8751266598701477, 0.8647785186767578, 0.8647785186767578, nan, '00:25']
Better model found at epoch 14 with valid_loss value: 0.46509480476379395.
[15, 0.46535414457321167, 0.48535823822021484, 0.9337062239646912, 0.9909476637840271, nan, 0.174100860953331, 1.1769788265228271, 0.8910180330276489, 0.8890007138252258, 0.8890007138252258, nan, '00:23']
[16, 0.47174811363220215, 0.4581855535507202, 0.9094717502593994, 0.986639142036438, 0.09252918511629105, 0.17692594230175018, 1.4709070920944214, 0.8513057231903076, 0.8453257083892822, 0.8453257083892822, inf, '00:25']
Better model found at epoch 16 with valid_loss value: 0.4581855535507202.
[17, 0.47511741518974304, 0.4668188691139221, 0.9208130240440369, 0.9892823696136475, nan, 0.17531053721904755, 1.3220988512039185, 0.87259441614151, 0.8651900291442871, 0.8651900291442871, nan, '00:25']
[18, 0.4813377559185028, 0.4589219093322754, 0.9111186265945435, 0.9889140725135803, nan, 0.1756664365530014, 1.3733797073364258, 0.8581626415252686, 0.8488096594810486, 0.8488096594810486, nan, '00:24']
[19, 0.46984735131263733, 0.456705778837204, 0.9114847183227539, 0.9882870316505432, 0.09291738271713257, 0.17635662853717804, 1.4134329557418823, 0.860068678855896, 0.8517215251922607, 0.8517215251922607, inf, '00:25']
Better model found at epoch 19 with valid_loss value: 0.456705778837204.
[20, 0.4690561294555664, 0.4591832458972931, 0.9064704179763794, 0.9859632849693298, 0.09278623014688492, 0.17712098360061646, 1.4986869096755981, 0.8460898399353027, 0.8403342366218567, 0.8403342366218567, inf, '00:24']
[21, 0.45399436354637146, 0.48025110363960266, 0.9170039892196655, 0.9777349829673767, 0.08204766362905502, 0.18175910413265228, 1.6142823696136475, 0.8502362966537476, 0.8579865097999573, 0.8579865097999573, inf, '00:25']
[22, 0.46581125259399414, 0.46587228775024414, 0.9130423069000244, 0.987615168094635, 0.08394438773393631, 0.17621837556362152, 1.4053215980529785, 0.8656048774719238, 0.8569239974021912, 0.8569240570068359, inf, '00:25']
[23, 0.46415257453918457, 0.45229989290237427, 0.9016777873039246, 0.9883341193199158, nan, 0.17609457671642303, 1.3831416368484497, 0.8439471125602722, 0.8366726636886597, 0.8366726636886597, nan, '00:24']
Better model found at epoch 23 with valid_loss value: 0.45229989290237427.
[24, 0.46402648091316223, 0.47479063272476196, 0.9186394810676575, 0.9819402694702148, 0.08069789409637451, 0.1793682724237442, 1.557944416999817, 0.8622417449951172, 0.8614171147346497, 0.8614171743392944, inf, '00:24']
[25, 0.4551844298839569, 0.4817586839199066, 0.9136577844619751, 0.9791682362556458, 0.08482181280851364, 0.18081875145435333, 1.6122263669967651, 0.8452337384223938, 0.8517112135887146, 0.8517113327980042, inf, '00:24']
[26, 0.45554491877555847, 0.45393073558807373, 0.9037519693374634, 0.9853162169456482, nan, 0.1778399497270584, 1.496424913406372, 0.8437511920928955, 0.8381492495536804, 0.8381492495536804, nan, '00:24']
[27, 0.4600811302661896, 0.4722480773925781, 0.9146296977996826, 0.9828940033912659, 0.08748199045658112, 0.17904230952262878, 1.5474382638931274, 0.851840615272522, 0.8537341952323914, 0.8537341952323914, inf, '00:25']
[28, 0.4711027443408966, 0.4633021950721741, 0.9094323515892029, 0.980289101600647, 0.09431643038988113, 0.18077172338962555, 1.619079828262329, 0.8365894556045532, 0.8455793261528015, 0.8455793261528015, inf, '00:24']
[29, 0.4573655128479004, 0.4922051727771759, 0.9161120057106018, 0.968298077583313, 0.0840274840593338, 0.18706506490707397, 1.7300405502319336, 0.8309268355369568, 0.8559819459915161, 0.8559819459915161, inf, '00:25']
[30, 0.44800084829330444, 0.475050151348114, 0.9191237688064575, 0.9831538200378418, 0.08163383603096008, 0.17886458337306976, 1.5262858867645264, 0.8604190945625305, 0.861709475517273, 0.861709475517273, inf, '00:24']
[31, 0.4538424015045166, 0.5031895637512207, 0.9216257333755493, 0.966020941734314, 0.078114353120327, 0.1881653219461441, 1.7524921894073486, 0.8381273150444031, 0.8651765584945679, 0.8651766180992126, inf, '00:24']
No improvement since epoch 23: early stopping
PSPNet_xcep Done!
