Models will save to PSPNet_mitb5_x
Use mit_b5 encoder
Start training...
----------
0
----------
DLS create!
[0, 0.5151796936988831, 0.5054988861083984, 0.9844706654548645, 0.9932425022125244, 0.009603036567568779, 0.17492598295211792, 1.245312213897705, 0.9712365865707397, 0.9698493480682373, 0.9698493480682373, 0.26259639859199524, '01:11']
Better model found at epoch 0 with valid_loss value: 0.5054988861083984.
[1, 0.5059413313865662, 0.5003021359443665, 0.9733231663703918, 0.9881229996681213, 0.02912169136106968, 0.17753535509109497, 1.548051118850708, 0.9485294818878174, 0.9491918087005615, 0.9491918087005615, 3.4943623542785645, '01:10']
Better model found at epoch 1 with valid_loss value: 0.5003021359443665.
[2, 0.5074050426483154, 0.5016156435012817, 0.9673325419425964, 0.9802391529083252, 0.038621287792921066, 0.18214479088783264, 1.7110371589660645, 0.9341242909431458, 0.9393203258514404, 0.9393203258514404, 7.71147346496582, '01:12']
[3, 0.5035158395767212, 0.5285009741783142, 0.9963442087173462, 0.9936346411705017, 0.0009780088439583778, 0.17339691519737244, 1.03573477268219, 0.9864327907562256, 0.9927611947059631, 0.9927611947059631, 0.005324742291122675, '01:14']
[4, 0.5026140809059143, 0.49042683839797974, 0.963264524936676, 0.9895114898681641, 0.044630326330661774, 0.17678937315940857, 1.5087729692459106, 0.9327298402786255, 0.9319857358932495, 0.9319857358932495, 2.571537733078003, '01:12']
Better model found at epoch 4 with valid_loss value: 0.49042683839797974.
[5, 0.5008074045181274, 0.4908972382545471, 0.9647424817085266, 0.990147590637207, 0.042239610105752945, 0.17671626806259155, 1.4987738132476807, 0.9322595000267029, 0.9343174695968628, 0.9343174695968628, 2.170398712158203, '01:12']
[6, 0.4962804615497589, 0.4876003861427307, 0.9628904461860657, 0.9920188784599304, 0.0381915345788002, 0.17490074038505554, 1.3759186267852783, 0.9306350946426392, 0.9312164783477783, 0.9312164783477783, 1.01747727394104, '01:12']
Better model found at epoch 6 with valid_loss value: 0.4876003861427307.
[7, 0.49578794836997986, 0.4978474974632263, 0.9767176508903503, 0.9933571815490723, 0.018004897981882095, 0.17384488880634308, 1.1838123798370361, 0.9494598507881165, 0.9556867480278015, 0.9556867480278015, 0.2017855942249298, '01:13']
[8, 0.489866703748703, 0.5112801790237427, 0.9854808449745178, 0.9934513568878174, 0.010516139678657055, 0.17350263893604279, 1.1283025741577148, 0.9573069214820862, 0.9717749953269958, 0.9717749953269958, 0.15755005180835724, '01:12']
[9, 0.4882676601409912, 0.47781097888946533, 0.9499812126159668, 0.9910314083099365, 0.05294198542833328, 0.1752040535211563, 1.4458543062210083, 0.9065263867378235, 0.9086375832557678, 0.9086375832557678, 1.586861491203308, '01:13']
Better model found at epoch 9 with valid_loss value: 0.47781097888946533.
[10, 0.4911196827888489, 0.47821366786956787, 0.9524762630462646, 0.9918700456619263, 0.04823198914527893, 0.17490264773368835, 1.36918306350708, 0.9134760499000549, 0.914431095123291, 0.914431095123291, 1.2407546043395996, '01:12']
[11, 0.4888805150985718, 0.5086052417755127, 0.9775509834289551, 0.993476927280426, 0.02050921320915222, 0.17351336777210236, 1.126842737197876, 0.9445387721061707, 0.9575328230857849, 0.9575328230857849, 0.16297206282615662, '01:13']
[12, 0.48285046219825745, 0.4720247685909271, 0.9432881474494934, 0.9903371334075928, 0.0620262436568737, 0.1756972074508667, 1.483642339706421, 0.8961504101753235, 0.8971952795982361, 0.8971952795982361, 1.9536020755767822, '01:12']
Better model found at epoch 12 with valid_loss value: 0.4720247685909271.
[13, 0.4880904257297516, 0.49207958579063416, 0.9719849824905396, 0.9935476779937744, 0.023856064304709435, 0.17401334643363953, 1.1531991958618164, 0.9440712928771973, 0.947384238243103, 0.947384238243103, 0.15797334909439087, '01:13']
[14, 0.48388394713401794, 0.5013999342918396, 0.9816536903381348, 0.9936559200286865, 0.014758776873350143, 0.1737421751022339, 1.069909691810608, 0.9605228900909424, 0.965333104133606, 0.965333104133606, 0.0517873615026474, '01:14']
[15, 0.4727489948272705, 0.4730565845966339, 0.9358937740325928, 0.9850274324417114, 0.07069041579961777, 0.17864303290843964, 1.6672238111495972, 0.8737295269966125, 0.8845368027687073, 0.8845368027687073, 4.603780746459961, '01:13']
[16, 0.4797382056713104, 0.47216475009918213, 0.9460251927375793, 0.9918134808540344, 0.05719386041164398, 0.1747933179140091, 1.3796786069869995, 0.9013243913650513, 0.901987612247467, 0.901987612247467, 1.0304220914840698, '01:13']
[17, 0.47186705470085144, 0.47502627968788147, 0.9368888139724731, 0.9858154654502869, 0.06922943890094757, 0.17810741066932678, 1.642653226852417, 0.87819904088974, 0.886258065700531, 0.886258065700531, 4.271357536315918, '01:14']
[18, 0.4674070179462433, 0.4768536686897278, 0.9491708874702454, 0.9931058883666992, 0.049471255391836166, 0.17386877536773682, 1.2403655052185059, 0.9007886648178101, 0.9078209400177002, 0.9078209400177002, 0.4361816942691803, '01:14']
[19, 0.4678341746330261, 0.5002043843269348, 0.9767046570777893, 0.9934532642364502, 0.019252853468060493, 0.1736036092042923, 1.1291228532791138, 0.9437772631645203, 0.955525815486908, 0.955525815486908, 0.189192533493042, '01:12']
[20, 0.4741864502429962, 0.4675377607345581, 0.9383439421653748, 0.9922123551368713, 0.06312047690153122, 0.17448027431964874, 1.3198322057724, 0.8882582783699036, 0.8905690312385559, 0.8905690312385559, 0.757811427116394, '01:13']
Better model found at epoch 20 with valid_loss value: 0.4675377607345581.
[21, 0.46701833605766296, 0.49994781613349915, 0.9569920301437378, 0.979178786277771, 0.056831974536180496, 0.183437317609787, 1.7280385494232178, 0.9058012962341309, 0.9209364652633667, 0.9209364652633667, 7.151750564575195, '01:13']
[22, 0.4586976170539856, 0.4727790951728821, 0.9290387630462646, 0.9836562275886536, 0.07783469557762146, 0.1794147789478302, 1.6857763528823853, 0.8590151071548462, 0.8737310171127319, 0.8737310171127319, 5.065589427947998, '01:12']
[23, 0.46895211935043335, 0.5049806833267212, 0.9724054336547852, 0.9935012459754944, 0.024699430912733078, 0.17349714040756226, 1.1101268529891968, 0.9314005970954895, 0.94896399974823, 0.94896399974823, 0.16375358402729034, '01:12']
[24, 0.4683224856853485, 0.4623345732688904, 0.9371931552886963, 0.992929995059967, 0.06563667207956314, 0.1742377132177353, 1.247025966644287, 0.886931300163269, 0.888367235660553, 0.888367235660553, 0.4401021897792816, '01:12']
Better model found at epoch 24 with valid_loss value: 0.4623345732688904.
[25, 0.46733254194259644, 0.5431137084960938, 0.9673292636871338, 0.9580642580986023, 0.036437634378671646, 0.1928679496049881, 1.8563282489776611, 0.9164485335350037, 0.9390190839767456, 0.9390190839767456, 18.45407485961914, '01:14']
[26, 0.45748865604400635, 0.4842880666255951, 0.9587587714195251, 0.9926968812942505, 0.039738770574331284, 0.17442169785499573, 1.2508658170700073, 0.9212841391563416, 0.9250021576881409, 0.9250021576881409, 0.5014727115631104, '01:14']
[27, 0.4626612067222595, 0.4609384536743164, 0.9283589124679565, 0.9879173040390015, 0.08140149712562561, 0.1773291677236557, 1.6016300916671753, 0.8622960448265076, 0.8714616298675537, 0.8714615106582642, 3.0944695472717285, '01:13']
Better model found at epoch 27 with valid_loss value: 0.4609384536743164.
[28, 0.4597356617450714, 0.47251322865486145, 0.9484182596206665, 0.9932931065559387, 0.05115130916237831, 0.17418049275875092, 1.215323567390442, 0.9058085680007935, 0.9077078700065613, 0.9077078700065613, 0.3096758723258972, '01:12']
[29, 0.46148863434791565, 0.4587271213531494, 0.9287798404693604, 0.989996075630188, 0.08318363130092621, 0.1763947755098343, 1.527058720588684, 0.8700497150421143, 0.873967707157135, 0.873967707157135, 2.3898940086364746, '01:13']
Better model found at epoch 29 with valid_loss value: 0.4587271213531494.
[30, 0.45919379591941833, 0.46384236216545105, 0.932646632194519, 0.9894678592681885, 0.07682350277900696, 0.17644642293453217, 1.5317014455795288, 0.8755738139152527, 0.8798137307167053, 0.8798137307167053, 2.465968370437622, '01:14']
[31, 0.4528673589229584, 0.46929481625556946, 0.932993471622467, 0.9874014854431152, 0.06961899995803833, 0.17708496749401093, 1.618949055671692, 0.8654173612594604, 0.8779352903366089, 0.8779353499412537, 3.7697739601135254, '01:13']
[32, 0.46050822734832764, 0.5271170735359192, 0.9645299315452576, 0.9581109285354614, 0.042919352650642395, 0.19425763189792633, 1.8355374336242676, 0.9099045991897583, 0.9340087175369263, 0.9340087175369263, 19.838712692260742, '01:14']
[33, 0.4616526961326599, 0.4872978627681732, 0.9581758975982666, 0.9897301197052002, 0.044455189257860184, 0.1761295050382614, 1.4288166761398315, 0.921329915523529, 0.9241192936897278, 0.9241192936897278, 1.965441107749939, '01:13']
[34, 0.45567435026168823, 0.4445139467716217, 0.9133532643318176, 0.9918504953384399, 0.0898236334323883, 0.17486634850502014, 1.40625, 0.8463082313537598, 0.8484587073326111, 0.8484587073326111, 1.092110514640808, '01:13']
Better model found at epoch 34 with valid_loss value: 0.4445139467716217.
[35, 0.46890491247177124, 0.47828152775764465, 0.9517958760261536, 0.9932266473770142, 0.046811915934085846, 0.17383325099945068, 1.219831109046936, 0.9055473804473877, 0.9138011336326599, 0.9138011336326599, 0.4055324196815491, '01:13']
[36, 0.4525294899940491, 0.46831125020980835, 0.9329220652580261, 0.9892908334732056, 0.0711449459195137, 0.17611058056354523, 1.5332108736038208, 0.8721798062324524, 0.8800168037414551, 0.8800168037414551, 2.41494083404541, '01:12']
[37, 0.4530889093875885, 0.4622217118740082, 0.9281504154205322, 0.9871417284011841, 0.08280578255653381, 0.17768555879592896, 1.5864360332489014, 0.8602343201637268, 0.8713196516036987, 0.8713196516036987, 2.8843963146209717, '01:12']
[38, 0.4624443054199219, 0.45424237847328186, 0.9181625843048096, 0.9866248965263367, 0.08960207551717758, 0.1777770221233368, 1.6267335414886475, 0.8429889678955078, 0.8555663228034973, 0.8555663228034973, 3.8604025840759277, '01:12']
[39, 0.44826871156692505, 0.48584169149398804, 0.9522371292114258, 0.989020824432373, 0.05525968596339226, 0.17637167870998383, 1.346433401107788, 0.9077378511428833, 0.9152462482452393, 0.9152462482452393, 2.461655855178833, '01:12']
[40, 0.4539646804332733, 0.44463419914245605, 0.910560667514801, 0.9905903339385986, 0.09764672070741653, 0.1755109429359436, 1.4476510286331177, 0.8396178483963013, 0.8442344069480896, 0.8442344069480896, 1.7686160802841187, '01:12']
[41, 0.45821061730384827, 0.5076010823249817, 0.9476155042648315, 0.9669607281684875, 0.06109124422073364, 0.18904869258403778, 1.8261359930038452, 0.8675670027732849, 0.9048862457275391, 0.9048862457275391, 13.340675354003906, '01:13']
[42, 0.45887359976768494, 0.4531528949737549, 0.9216226935386658, 0.9897370338439941, 0.08962146192789078, 0.176144540309906, 1.5049396753311157, 0.8546183109283447, 0.8609220385551453, 0.8609220385551453, 1.7466024160385132, '01:12']
No improvement since epoch 34: early stopping
----------
1
----------
DLS create!
[0, 0.5163443684577942, 0.511607825756073, 0.9823396801948547, 0.9887398481369019, 0.013084540143609047, 0.1770988255739212, 1.3361538648605347, 0.9712976217269897, 0.9657309651374817, 0.9657309651374817, 0.6452463865280151, '01:13']
Better model found at epoch 0 with valid_loss value: 0.511607825756073.
[1, 0.5083346962928772, 0.53669673204422, 0.9974808692932129, 0.9906651973724365, 0.0, 0.17356322705745697, 1.0323115587234497, 0.9937169551849365, 0.9949895143508911, 0.9949895143508911, 0.0005091081839054823, '01:13']
[2, 0.5069774985313416, 0.4981515407562256, 0.9624801278114319, 0.9853198528289795, 0.04403876140713692, 0.17799672484397888, 1.471199870109558, 0.9326662421226501, 0.9300059676170349, 0.9300059676170349, 1.9967308044433594, '01:13']
Better model found at epoch 2 with valid_loss value: 0.4981515407562256.
[3, 0.5068253874778748, 0.5055941343307495, 0.9685442447662354, 0.9829870462417603, 0.03876108303666115, 0.18045353889465332, 1.5147064924240112, 0.941983699798584, 0.9402617812156677, 0.9402617812156677, 2.6863977909088135, '01:13']
[4, 0.5061634182929993, 0.49803265929222107, 0.9648808836936951, 0.9877439141273499, 0.037403400987386703, 0.17635785043239594, 1.3923847675323486, 0.9356307983398438, 0.9337579607963562, 0.9337579607963562, 1.021299123764038, '01:13']
Better model found at epoch 4 with valid_loss value: 0.49803265929222107.
[5, 0.4995867908000946, 0.489592969417572, 0.9538168907165527, 0.9880481958389282, 0.05093229189515114, 0.17580287158489227, 1.37507164478302, 0.9160706400871277, 0.9153450727462769, 0.9153450727462769, 1.0660279989242554, '01:12']
Better model found at epoch 5 with valid_loss value: 0.489592969417572.
[6, 0.49765342473983765, 0.5324802994728088, 0.985142707824707, 0.9906208515167236, 0.00891493447124958, 0.17345030605793, 1.0550174713134766, 0.9600103497505188, 0.9718842506408691, 0.9718842506408691, 0.037444133311510086, '01:13']
[7, 0.4968597888946533, 0.5033659338951111, 0.9633545279502869, 0.9903179407119751, 0.03211169317364693, 0.17388887703418732, 1.1506341695785522, 0.9276894927024841, 0.9350484013557434, 0.9350484013557434, 0.23951666057109833, '01:13']
[8, 0.49936169385910034, 0.5349612236022949, 0.9899000525474548, 0.9906203150749207, 0.0050123692490160465, 0.1734723001718521, 1.0415904521942139, 0.973080575466156, 0.9805662631988525, 0.9805662631988525, 0.02134035900235176, '01:12']
[9, 0.4972350597381592, 0.49072182178497314, 0.9524641633033752, 0.987411379814148, 0.05226869508624077, 0.17597483098506927, 1.4090547561645508, 0.9133767485618591, 0.9129299521446228, 0.9129299521446228, 1.0839130878448486, '01:13']
[10, 0.49410280585289, 0.4883076846599579, 0.9466339349746704, 0.9857199788093567, 0.05966192111372948, 0.17660941183567047, 1.4795030355453491, 0.9018016457557678, 0.902226448059082, 0.902226448059082, 1.655518889427185, '01:13']
Better model found at epoch 10 with valid_loss value: 0.4883076846599579.
[11, 0.49535882472991943, 0.49559760093688965, 0.9460985064506531, 0.9720521569252014, 0.06425278633832932, 0.18484434485435486, 1.7035346031188965, 0.8838816285133362, 0.9007173180580139, 0.9007173180580139, 5.998459815979004, '01:12']
[12, 0.49573367834091187, 0.499275267124176, 0.9521169066429138, 0.9735336303710938, 0.05737747997045517, 0.18423311412334442, 1.6879900693893433, 0.8966389894485474, 0.9103609919548035, 0.9103609919548035, 5.273383140563965, '01:13']
[13, 0.492813378572464, 0.5277528762817383, 0.9876757264137268, 0.9905785918235779, 0.006478286813944578, 0.17355144023895264, 1.0557794570922852, 0.9714231491088867, 0.9767706990242004, 0.9767706990242004, 0.022734569385647774, '01:13']
[14, 0.4889755845069885, 0.4855828583240509, 0.9476146101951599, 0.9874556064605713, 0.05754196643829346, 0.17591869831085205, 1.4047460556030273, 0.9044617414474487, 0.9043546915054321, 0.9043546915054321, 1.2461347579956055, '01:13']
Better model found at epoch 14 with valid_loss value: 0.4855828583240509.
[15, 0.491618812084198, 0.47740888595581055, 0.9389863610267639, 0.9874722361564636, 0.0695362240076065, 0.1759830266237259, 1.4035253524780273, 0.8880584239959717, 0.8897131681442261, 0.8897131681442261, 1.0896081924438477, '01:13']
Better model found at epoch 15 with valid_loss value: 0.47740888595581055.
[16, 0.48544347286224365, 0.4697782099246979, 0.92751544713974, 0.9843547344207764, 0.08723815530538559, 0.1780114620923996, 1.5230573415756226, 0.8611308336257935, 0.8699986934661865, 0.8699986934661865, 2.066561222076416, '01:13']
Better model found at epoch 16 with valid_loss value: 0.4697782099246979.
[17, 0.4861755073070526, 0.4827118515968323, 0.9452747702598572, 0.9883600473403931, 0.07035068422555923, 0.17648927867412567, 1.3719643354415894, 0.9026313424110413, 0.9010113477706909, 0.9010113477706909, 1.1964466571807861, '01:12']
[18, 0.4840269982814789, 0.4989362955093384, 0.9541434645652771, 0.9874013066291809, 0.04913729429244995, 0.17582251131534576, 1.3843802213668823, 0.9174866080284119, 0.9182795882225037, 0.9182795882225037, 1.1751350164413452, '01:14']
[19, 0.47480764985084534, 0.49168330430984497, 0.9331157207489014, 0.9728676080703735, 0.07660925388336182, 0.18389303982257843, 1.6928637027740479, 0.8518320918083191, 0.8781086802482605, 0.8781086802482605, 6.551878929138184, '01:14']
[20, 0.47210171818733215, 0.5046231150627136, 0.9546374082565308, 0.9766290187835693, 0.051257189363241196, 0.1818135380744934, 1.5759167671203613, 0.9162510633468628, 0.9170960187911987, 0.9170960187911987, 8.200275421142578, '01:13']
[21, 0.47220510244369507, 0.4752626121044159, 0.9254902601242065, 0.9830424785614014, 0.08135838061571121, 0.17807167768478394, 1.562917709350586, 0.8588207364082336, 0.8662593364715576, 0.8662593364715576, 2.329709053039551, '01:12']
[22, 0.4769931137561798, 0.5035061240196228, 0.9389128684997559, 0.967098593711853, 0.07053637504577637, 0.18687044084072113, 1.7311118841171265, 0.8568623661994934, 0.887857973575592, 0.887857973575592, 6.963954448699951, '01:14']
[23, 0.46776190400123596, 0.5525489449501038, 0.9527398943901062, 0.9433194398880005, 0.05240853503346443, 0.19913990795612335, 1.8382902145385742, 0.879818856716156, 0.911960244178772, 0.911960244178772, 13.721053123474121, '01:13']
[24, 0.4779978096485138, 0.48552051186561584, 0.9313517808914185, 0.9828876256942749, 0.0744265764951706, 0.1780201494693756, 1.5704621076583862, 0.8688417077064514, 0.8747949004173279, 0.8747949004173279, 2.4657163619995117, '01:13']
No improvement since epoch 16: early stopping
----------
2
----------
DLS create!
[0, 0.5124399662017822, 0.529253363609314, 0.996640145778656, 0.991446852684021, 0.0, 0.17359590530395508, 1.0361040830612183, 0.9917932748794556, 0.9933186769485474, 0.9933186769485474, 0.0035706153139472008, '01:14']
Better model found at epoch 0 with valid_loss value: 0.529253363609314.
[1, 0.5105587840080261, 0.5126711130142212, 0.9813187718391418, 0.9895860552787781, 0.013027193956077099, 0.17498891055583954, 1.2601851224899292, 0.964297354221344, 0.9638117551803589, 0.9638117551803589, 0.38232719898223877, '01:12']
Better model found at epoch 1 with valid_loss value: 0.5126711130142212.
[2, 0.5026345252990723, 0.511462926864624, 0.9782524108886719, 0.9889456033706665, 0.021375156939029694, 0.17532168328762054, 1.3000233173370361, 0.9596141576766968, 0.9580408334732056, 0.9580408334732056, 0.5351028442382812, '01:14']
Better model found at epoch 2 with valid_loss value: 0.511462926864624.
[3, 0.5029749870300293, 0.5070082545280457, 0.9636276960372925, 0.9785178303718567, 0.04212911054491997, 0.1816687434911728, 1.5883979797363281, 0.928373396396637, 0.9311925768852234, 0.9311925768852234, 2.9655189514160156, '01:15']
Better model found at epoch 3 with valid_loss value: 0.5070082545280457.
[4, 0.4990754723548889, 0.5012467503547668, 0.9633218050003052, 0.984969973564148, 0.038565412163734436, 0.17749834060668945, 1.4834378957748413, 0.9317094683647156, 0.9308048486709595, 0.9308048486709595, 1.4340338706970215, '01:12']
Better model found at epoch 4 with valid_loss value: 0.5012467503547668.
[5, 0.49610021710395813, 0.5072504878044128, 0.9626263976097107, 0.9783167839050293, 0.04105732589960098, 0.1810932606458664, 1.6154953241348267, 0.9257056713104248, 0.9293792843818665, 0.9293792843818665, 3.059068441390991, '01:14']
[6, 0.4957626760005951, 0.49795159697532654, 0.963506817817688, 0.9906517267227173, 0.033714424818754196, 0.17409583926200867, 1.1911659240722656, 0.9288602471351624, 0.9319635033607483, 0.9319635033607483, 0.2605973780155182, '01:13']
Better model found at epoch 6 with valid_loss value: 0.49795159697532654.
[7, 0.49778231978416443, 0.4951549470424652, 0.964083731174469, 0.989133358001709, 0.039602670818567276, 0.17531231045722961, 1.3131310939788818, 0.9336307644844055, 0.9324738383293152, 0.9324738383293152, 0.6044918298721313, '01:13']
Better model found at epoch 7 with valid_loss value: 0.4951549470424652.
[8, 0.49405089020729065, 0.5162850022315979, 0.9778004288673401, 0.9905692338943481, 0.021641450002789497, 0.17397978901863098, 1.1804333925247192, 0.9547368288040161, 0.9575771689414978, 0.9575771689414978, 0.22647708654403687, '01:13']
[9, 0.4970012307167053, 0.4981318414211273, 0.9636736512184143, 0.9878550171852112, 0.037660058587789536, 0.17582479119300842, 1.3709123134613037, 0.9321749210357666, 0.931538462638855, 0.931538462638855, 0.8420193195343018, '01:13']
[10, 0.4897526800632477, 0.49014222621917725, 0.9481781125068665, 0.9830711483955383, 0.05973726511001587, 0.17853319644927979, 1.5358738899230957, 0.9010111689567566, 0.9045209288597107, 0.9045210480690002, 2.084951877593994, '01:12']
Better model found at epoch 10 with valid_loss value: 0.49014222621917725.
[11, 0.4947284162044525, 0.490163117647171, 0.949495255947113, 0.9871254563331604, 0.05502277985215187, 0.1761302947998047, 1.417494773864746, 0.9054415225982666, 0.906806468963623, 0.906806468963623, 1.147916555404663, '01:15']
[12, 0.49055561423301697, 0.4999626874923706, 0.9657541513442993, 0.9886360764503479, 0.03521076217293739, 0.17541556060314178, 1.3391963243484497, 0.9360765814781189, 0.9352350831031799, 0.9352350831031799, 0.6907705068588257, '01:14']
[13, 0.4861479103565216, 0.4965222477912903, 0.9558227062225342, 0.9844521880149841, 0.0506967268884182, 0.1777670532464981, 1.5009963512420654, 0.9156937599182129, 0.9174380302429199, 0.9174381494522095, 1.7020870447158813, '01:13']
[14, 0.48152413964271545, 0.48688963055610657, 0.9542176723480225, 0.9881399273872375, 0.04730008915066719, 0.17568756639957428, 1.3629077672958374, 0.9142261147499084, 0.9140632152557373, 0.9140632152557373, 0.7791014909744263, '01:14']
Better model found at epoch 14 with valid_loss value: 0.48688963055610657.
[15, 0.48762473464012146, 0.49374404549598694, 0.9526469111442566, 0.9791377186775208, 0.05676073580980301, 0.18123549222946167, 1.6193100214004517, 0.9031178951263428, 0.9120181798934937, 0.9120181798934937, 2.9842607975006104, '01:13']
[16, 0.48135045170783997, 0.4862378239631653, 0.9491515755653381, 0.9862701892852783, 0.05601159483194351, 0.17669138312339783, 1.4486695528030396, 0.9052899479866028, 0.9058923125267029, 0.9058923125267029, 1.2865447998046875, '01:13']
Better model found at epoch 16 with valid_loss value: 0.4862378239631653.
[17, 0.47957417368888855, 0.4904559850692749, 0.9484851360321045, 0.9890390634536743, 0.055453378707170486, 0.17529074847698212, 1.3121886253356934, 0.9095306992530823, 0.9068323373794556, 0.9068323373794556, 0.6730911731719971, '01:14']
[18, 0.481006383895874, 0.47899648547172546, 0.9391818642616272, 0.983764111995697, 0.07225318253040314, 0.17842528223991394, 1.5179266929626465, 0.8846982717514038, 0.889895498752594, 0.889895498752594, 1.859193205833435, '01:13']
Better model found at epoch 18 with valid_loss value: 0.47899648547172546.
[19, 0.4786773920059204, 0.4801875352859497, 0.9521623849868774, 0.9906125664710999, 0.05178450793027878, 0.1743631511926651, 1.2030993700027466, 0.9106126427650452, 0.9115065336227417, 0.9115065336227417, 0.3025302290916443, '01:13']
[20, 0.4793676435947418, 0.4757128655910492, 0.939301073551178, 0.9888212084770203, 0.06556709855794907, 0.17527863383293152, 1.3469895124435425, 0.8892133831977844, 0.8896431922912598, 0.8896431922912598, 0.747830867767334, '01:12']
Better model found at epoch 20 with valid_loss value: 0.4757128655910492.
[21, 0.4770026206970215, 0.5308384895324707, 0.9681881070137024, 0.9819673895835876, 0.03418288752436638, 0.17884501814842224, 1.5269520282745361, 0.9418993592262268, 0.9407894015312195, 0.9407894015312195, 2.051851749420166, '01:13']
[22, 0.47204747796058655, 0.4804013967514038, 0.9444301724433899, 0.9882540106773376, 0.05961965024471283, 0.17556072771549225, 1.3417813777923584, 0.8989788293838501, 0.8989416360855103, 0.8989416360855103, 0.7889857292175293, '01:13']
[23, 0.46830126643180847, 0.4715147614479065, 0.9284048676490784, 0.9868783354759216, 0.07891183346509933, 0.17636968195438385, 1.3970283269882202, 0.8697944283485413, 0.8732153177261353, 0.8732153177261353, 1.0776698589324951, '01:13']
Better model found at epoch 23 with valid_loss value: 0.4715147614479065.
[24, 0.47139474749565125, 0.4633994698524475, 0.9259036183357239, 0.9894422292709351, 0.08042683452367783, 0.17489977180957794, 1.286415934562683, 0.8678982853889465, 0.8686540722846985, 0.8686540722846985, 0.5737310647964478, '01:12']
Better model found at epoch 24 with valid_loss value: 0.4633994698524475.
[25, 0.473270982503891, 0.4978784918785095, 0.9585501551628113, 0.991146981716156, 0.03877495974302292, 0.17368724942207336, 1.1027817726135254, 0.9116508960723877, 0.9249246716499329, 0.9249246716499329, 0.13800060749053955, '01:13']
[26, 0.47163039445877075, 0.4726570248603821, 0.938721776008606, 0.9903764128684998, 0.06443354487419128, 0.17426981031894684, 1.2193965911865234, 0.8857706189155579, 0.8892201781272888, 0.8892201781272888, 0.35905539989471436, '01:13']
[27, 0.46775686740875244, 0.4755299985408783, 0.9338126182556152, 0.9880190491676331, 0.07060929387807846, 0.17552806437015533, 1.3892055749893188, 0.8818961381912231, 0.8805782794952393, 0.8805782794952393, 0.9141642451286316, '01:13']
[28, 0.4669696092605591, 0.47594404220581055, 0.9382861256599426, 0.9833245873451233, 0.06714557856321335, 0.17857426404953003, 1.5248255729675293, 0.8833132386207581, 0.8864033222198486, 0.8864033222198486, 1.7090567350387573, '01:13']
[29, 0.47276920080184937, 0.4718286097049713, 0.9412569403648376, 0.9883800148963928, 0.05990242213010788, 0.17580190300941467, 1.3365381956100464, 0.892728328704834, 0.8927447199821472, 0.8927447199821472, 0.6814884543418884, '01:13']
[30, 0.4683542847633362, 0.5051701664924622, 0.9743845462799072, 0.9912682771682739, 0.02154742181301117, 0.17379625141620636, 1.0810601711273193, 0.9458720684051514, 0.9518342018127441, 0.9518342018127441, 0.07494934648275375, '01:13']
[31, 0.4673129916191101, 0.4543023109436035, 0.9162317514419556, 0.9889328479766846, 0.09201476722955704, 0.1752563863992691, 1.3349170684814453, 0.8523375988006592, 0.8519724011421204, 0.8519724011421204, 0.693775475025177, '01:14']
Better model found at epoch 31 with valid_loss value: 0.4543023109436035.
[32, 0.46537041664123535, 0.47164177894592285, 0.9346466660499573, 0.9905692338943481, 0.06671041995286942, 0.17420409619808197, 1.1812025308609009, 0.8783224821090698, 0.8840895891189575, 0.8840895891189575, 0.3085435926914215, '01:13']
[33, 0.47107383608818054, 0.48785555362701416, 0.9526747465133667, 0.9914000034332275, 0.042611703276634216, 0.1735331267118454, 1.0755207538604736, 0.8924462199211121, 0.9142217040061951, 0.9142217040061951, 0.1051827073097229, '01:12']
[34, 0.46331480145454407, 0.4635337293148041, 0.9237704873085022, 0.9878323078155518, 0.07826042920351028, 0.17579053342342377, 1.3515774011611938, 0.860017716884613, 0.8644071817398071, 0.8644071817398071, 0.8288998603820801, '01:12']
[35, 0.4519686698913574, 0.46187496185302734, 0.9229900240898132, 0.9892576932907104, 0.08196264505386353, 0.1749466508626938, 1.3176287412643433, 0.8636131882667542, 0.8630320429801941, 0.8630320429801941, 0.6217660307884216, '01:12']
[36, 0.45526301860809326, 0.47333988547325134, 0.9246105551719666, 0.9836872816085815, 0.08233422785997391, 0.17813797295093536, 1.488656997680664, 0.8565992712974548, 0.8658945560455322, 0.8658945560455322, 1.667725682258606, '01:12']
[37, 0.4559372067451477, 0.45826637744903564, 0.9256427884101868, 0.9902579188346863, 0.07873204350471497, 0.1746702790260315, 1.2463653087615967, 0.8648920059204102, 0.8674590587615967, 0.8674590587615967, 0.42304882407188416, '01:12']
[38, 0.45699599385261536, 0.47508424520492554, 0.9260496497154236, 0.9792950749397278, 0.08158744871616364, 0.18067508935928345, 1.6145135164260864, 0.8504835963249207, 0.8671625852584839, 0.8671625852584839, 2.633319854736328, '01:12']
[39, 0.4587041139602661, 0.5049086213111877, 0.9344796538352966, 0.9651825428009033, 0.07122045755386353, 0.18821924924850464, 1.7648929357528687, 0.843404233455658, 0.8796865940093994, 0.8796865940093994, 5.844289302825928, '01:12']
No improvement since epoch 31: early stopping
----------
3
----------
DLS create!
[0, 0.5213618874549866, 0.521118700504303, 0.9978775978088379, 0.9933942556381226, 0.0, 0.17359226942062378, 1.028461217880249, 0.9956284761428833, 0.9957680702209473, 0.9957680702209473, 0.0, '01:13']
Better model found at epoch 0 with valid_loss value: 0.521118700504303.
[1, 0.509882926940918, 0.5067471861839294, 0.9828884601593018, 0.990350604057312, 0.014408398419618607, 0.17726226150989532, 1.4345523118972778, 0.9715806245803833, 0.9669107794761658, 0.9669107794761658, 5.283497333526611, '01:12']
Better model found at epoch 1 with valid_loss value: 0.5067471861839294.
[2, 0.5073553323745728, 0.5182883143424988, 0.9862537384033203, 0.9928141832351685, 0.008440319448709488, 0.17412981390953064, 1.2365126609802246, 0.9721351861953735, 0.9734342098236084, 0.9734342098236084, 0.7264541983604431, '01:12']
[3, 0.5070789456367493, 0.5072805881500244, 0.9711461067199707, 0.9779192209243774, 0.03727905824780464, 0.18502284586429596, 1.6938738822937012, 0.9418609142303467, 0.9456753134727478, 0.9456753134727478, 26.076805114746094, '01:12']
[4, 0.5048483610153198, 0.5021162629127502, 0.9760685563087463, 0.9900959134101868, 0.02397279441356659, 0.17645534873008728, 1.4557044506072998, 0.9577324986457825, 0.9544562101364136, 0.9544562101364136, 5.035507678985596, '01:12']
Better model found at epoch 4 with valid_loss value: 0.5021162629127502.
[5, 0.5023490190505981, 0.509164035320282, 0.9866417050361633, 0.9923443794250488, 0.00923143606632948, 0.17474263906478882, 1.2956045866012573, 0.9769238829612732, 0.9742571115493774, 0.9742571115493774, 1.5285159349441528, '01:12']
[6, 0.4936506748199463, 0.5058627128601074, 0.9771620631217957, 0.9918782114982605, 0.020960399881005287, 0.17447231709957123, 1.3241599798202515, 0.9552308320999146, 0.9564696550369263, 0.9564696550369263, 2.194303035736084, '01:13']
[7, 0.4994197487831116, 0.4940154254436493, 0.9691006541252136, 0.988655686378479, 0.0418558195233345, 0.17846906185150146, 1.5146721601486206, 0.9429559707641602, 0.9423427581787109, 0.9423427581787109, 7.124349594116211, '01:11']
Better model found at epoch 7 with valid_loss value: 0.4940154254436493.
[8, 0.4900251030921936, 0.5090959072113037, 0.9855393171310425, 0.9923276901245117, 0.011354993097484112, 0.1742110252380371, 1.2400469779968262, 0.9715464115142822, 0.9721793532371521, 0.9721793532371521, 1.0910784006118774, '01:12']
[9, 0.4968337118625641, 0.4971049427986145, 0.9712434411048889, 0.9913541078567505, 0.03333098813891411, 0.17545068264007568, 1.3998665809631348, 0.9474107623100281, 0.9459330439567566, 0.9459330439567566, 3.6314942836761475, '01:13']
[10, 0.498999685049057, 0.49226662516593933, 0.965755820274353, 0.988252580165863, 0.03843985125422478, 0.17754876613616943, 1.5384314060211182, 0.9373939037322998, 0.936187207698822, 0.936187207698822, 9.384596824645996, '01:14']
Better model found at epoch 10 with valid_loss value: 0.49226662516593933.
[11, 0.4893427789211273, 0.4968908131122589, 0.9682070016860962, 0.9893633723258972, 0.03606100007891655, 0.17622892558574677, 1.464486837387085, 0.9412778615951538, 0.9409018158912659, 0.9409018158912659, 6.859817028045654, '01:12']
[12, 0.4950030744075775, 0.5071650743484497, 0.9657704830169678, 0.9767885208129883, 0.03937363624572754, 0.18337124586105347, 1.7210628986358643, 0.9281125068664551, 0.9360273480415344, 0.9360273480415344, 19.614540100097656, '01:12']
[13, 0.48773354291915894, 0.5169863700866699, 0.9889938831329346, 0.9930470585823059, 0.0068693747743964195, 0.17362691462039948, 1.1661193370819092, 0.9700053334236145, 0.9786219596862793, 0.9786219596862793, 0.31602975726127625, '01:12']
[14, 0.48478958010673523, 0.4983515441417694, 0.9689769744873047, 0.9905531406402588, 0.032618455588817596, 0.17540434002876282, 1.4322731494903564, 0.94106525182724, 0.9415218234062195, 0.9415218234062195, 3.2625584602355957, '01:12']
[15, 0.48259273171424866, 0.49757838249206543, 0.968379557132721, 0.9921999573707581, 0.03317522257566452, 0.17434154450893402, 1.2788413763046265, 0.9418553113937378, 0.9422718286514282, 0.9422718286514282, 1.6300917863845825, '01:12']
[16, 0.4789532721042633, 0.49051177501678467, 0.9649522304534912, 0.9926609396934509, 0.03382781893014908, 0.17407730221748352, 1.248169183731079, 0.9332138895988464, 0.9359512329101562, 0.9359512329101562, 0.9102980494499207, '01:13']
Better model found at epoch 16 with valid_loss value: 0.49051177501678467.
[17, 0.4821661114692688, 0.4908316135406494, 0.9569990634918213, 0.9851220846176147, 0.04830306023359299, 0.17846959829330444, 1.6162222623825073, 0.9157117605209351, 0.9211088418960571, 0.9211088418960571, 13.883627891540527, '01:12']
[18, 0.4741464853286743, 0.48633965849876404, 0.9595393538475037, 0.9926999807357788, 0.04042021185159683, 0.17395567893981934, 1.2365705966949463, 0.9219314455986023, 0.9262874722480774, 0.9262874722480774, 0.8869947791099548, '01:13']
Better model found at epoch 18 with valid_loss value: 0.48633965849876404.
[19, 0.4803697466850281, 0.48956385254859924, 0.9623323082923889, 0.9927113652229309, 0.03921116515994072, 0.17410825192928314, 1.2337839603424072, 0.9275896549224854, 0.9314283728599548, 0.9314283728599548, 2.4870917797088623, '01:13']
[20, 0.47678208351135254, 0.5021582245826721, 0.9779799580574036, 0.9932572841644287, 0.02195616252720356, 0.1738700419664383, 1.1271281242370605, 0.954896867275238, 0.9587908983230591, 0.9587908983230591, 0.21526353061199188, '01:12']
[21, 0.47448453307151794, 0.5286325216293335, 0.961021900177002, 0.9639089107513428, 0.04327743873000145, 0.1893165558576584, 1.8242363929748535, 0.9012364745140076, 0.9272906184196472, 0.9272906184196472, 35.664119720458984, '01:13']
[22, 0.46707260608673096, 0.47245192527770996, 0.9399151802062988, 0.9908307790756226, 0.06434988975524902, 0.1750965118408203, 1.397768259048462, 0.8889241814613342, 0.8934791088104248, 0.8934791088104248, 3.0039222240448, '01:12']
Better model found at epoch 22 with valid_loss value: 0.47245192527770996.
[23, 0.47345253825187683, 0.47309303283691406, 0.9453193545341492, 0.9916031956672668, 0.060503654181957245, 0.1747846007347107, 1.3279390335083008, 0.8993718028068542, 0.9028233289718628, 0.9028233289718628, 1.3373173475265503, '01:12']
[24, 0.4755290746688843, 0.46666595339775085, 0.937686562538147, 0.9896667003631592, 0.06821468472480774, 0.17595165967941284, 1.4825096130371094, 0.8815029859542847, 0.8876667022705078, 0.8876667022705078, 3.7130424976348877, '01:12']
Better model found at epoch 24 with valid_loss value: 0.46666595339775085.
[25, 0.4713446795940399, 0.4742969274520874, 0.9465265274047852, 0.9923525452613831, 0.053768809884786606, 0.17425301671028137, 1.2805274724960327, 0.8997392058372498, 0.9049730896949768, 0.9049730896949768, 1.2997550964355469, '01:12']
[26, 0.4618054926395416, 0.5540322661399841, 0.9685269594192505, 0.9477399587631226, 0.03451820835471153, 0.1977572739124298, 1.862367868423462, 0.9131771326065063, 0.9404965043067932, 0.9404965043067932, 51.518497467041016, '01:12']
[27, 0.4730696678161621, 0.453341543674469, 0.9259565472602844, 0.9914056062698364, 0.08273433148860931, 0.17532555758953094, 1.3810538053512573, 0.8620249032974243, 0.8684778809547424, 0.8684778809547424, 1.8287885189056396, '01:11']
Better model found at epoch 27 with valid_loss value: 0.453341543674469.
[28, 0.466715931892395, 0.466948539018631, 0.938021719455719, 0.9893674254417419, 0.06459338217973709, 0.1761152148246765, 1.4998992681503296, 0.8821042776107788, 0.8876829147338867, 0.8876829147338867, 3.471374988555908, '01:12']
[29, 0.4584033191204071, 0.4561763405799866, 0.9287054538726807, 0.9906314611434937, 0.07408574968576431, 0.17551514506340027, 1.4487686157226562, 0.8662663102149963, 0.8721365928649902, 0.8721365928649902, 2.3873989582061768, '01:13']
[30, 0.47737380862236023, 0.45999112725257874, 0.9343517422676086, 0.9922292232513428, 0.06680771708488464, 0.17455898225307465, 1.3256043195724487, 0.8795508146286011, 0.882867693901062, 0.882867693901062, 1.3833123445510864, '01:13']
[31, 0.4686907231807709, 0.4672875702381134, 0.9321483373641968, 0.9875977635383606, 0.0765516459941864, 0.17703434824943542, 1.567850947380066, 0.8668826818466187, 0.8782542943954468, 0.8782542943954468, 6.4556565284729, '01:12']
[32, 0.46244871616363525, 0.4544408619403839, 0.9232462644577026, 0.991864800453186, 0.08657270669937134, 0.17489366233348846, 1.3723676204681396, 0.861664891242981, 0.8660283088684082, 0.8660283088684082, 3.2113146781921387, '01:12']
[33, 0.4642060101032257, 0.4549541771411896, 0.9273619055747986, 0.9914830923080444, 0.07385309785604477, 0.17495694756507874, 1.3811731338500977, 0.8643023371696472, 0.870265543460846, 0.870265543460846, 2.6379902362823486, '01:13']
[34, 0.45579853653907776, 0.4564221501350403, 0.9234792590141296, 0.9906390905380249, 0.0795101448893547, 0.1752888262271881, 1.4036204814910889, 0.8555185198783875, 0.8645551204681396, 0.8645551204681396, 1.6606353521347046, '01:12']
[35, 0.4514988958835602, 0.46118617057800293, 0.9290251731872559, 0.9908687472343445, 0.07254939526319504, 0.17507334053516388, 1.392747402191162, 0.8655250072479248, 0.8743124008178711, 0.8743122816085815, 2.1174468994140625, '01:12']
No improvement since epoch 27: early stopping
----------
4
----------
DLS create!
[0, 0.5179060101509094, 0.5057952404022217, 0.9820528030395508, 0.992856502532959, 0.010019604116678238, 0.1751556694507599, 1.258429765701294, 0.9691427946090698, 0.9653743505477905, 0.9653743505477905, 0.39253440499305725, '01:12']
Better model found at epoch 0 with valid_loss value: 0.5057952404022217.
[1, 0.5056180357933044, 0.4939960539340973, 0.9655657410621643, 0.9896214604377747, 0.038225721567869186, 0.17655305564403534, 1.4680957794189453, 0.9392789006233215, 0.9359050989151001, 0.9359050989151001, 1.8287032842636108, '01:13']
Better model found at epoch 1 with valid_loss value: 0.4939960539340973.
[2, 0.5090805292129517, 0.5079139471054077, 0.9853597283363342, 0.9931778311729431, 0.005517983343452215, 0.17414161562919617, 1.1706422567367554, 0.970962405204773, 0.971522867679596, 0.971522867679596, 0.2185986489057541, '01:13']
[3, 0.5033916234970093, 0.489130437374115, 0.9591541290283203, 0.9878846406936646, 0.05243893712759018, 0.17804665863513947, 1.518511414527893, 0.9230759739875793, 0.9236191511154175, 0.9236191511154175, 2.8989531993865967, '01:13']
Better model found at epoch 3 with valid_loss value: 0.489130437374115.
[4, 0.5039241909980774, 0.49308305978775024, 0.9656803607940674, 0.9887149930000305, 0.04044220969080925, 0.17718450725078583, 1.4617815017700195, 0.9380138516426086, 0.935700535774231, 0.935700535774231, 2.297367572784424, '01:12']
[5, 0.510052502155304, 0.5052509307861328, 0.9767807126045227, 0.9929459691047668, 0.014570837840437889, 0.17457221448421478, 1.2164229154586792, 0.95663982629776, 0.9561979174613953, 0.9561979174613953, 0.4201526939868927, '01:12']
[6, 0.5045638680458069, 0.4983091950416565, 0.9702313542366028, 0.9903181195259094, 0.029891351237893105, 0.1758546680212021, 1.4131015539169312, 0.9476805925369263, 0.9438015818595886, 0.9438015818595886, 1.7056195735931396, '01:12']
[7, 0.5004944801330566, 0.49126380681991577, 0.9626927375793457, 0.9871012568473816, 0.048782601952552795, 0.1788066178560257, 1.5124977827072144, 0.9298221468925476, 0.9301987886428833, 0.9301987886428833, 3.3581011295318604, '01:12']
[8, 0.5002508163452148, 0.49735042452812195, 0.9743038415908813, 0.9928246140480042, 0.02305131033062935, 0.17456117272377014, 1.2361301183700562, 0.9525609016418457, 0.9513070583343506, 0.9513070583343506, 0.48294663429260254, '01:11']
[9, 0.5022369623184204, 0.48335450887680054, 0.957333505153656, 0.9872032999992371, 0.05402335152029991, 0.17859196662902832, 1.5273520946502686, 0.9190641641616821, 0.920585036277771, 0.920585036277771, 2.760028839111328, '01:11']
Better model found at epoch 9 with valid_loss value: 0.48335450887680054.
[10, 0.5021956562995911, 0.49666547775268555, 0.9633554220199585, 0.9861847758293152, 0.05631852522492409, 0.1804628223180771, 1.5534040927886963, 0.9274519085884094, 0.9310827851295471, 0.9310827851295471, 4.251836776733398, '01:11']
[11, 0.49551627039909363, 0.5023897886276245, 0.9732534289360046, 0.9922252297401428, 0.023176908493041992, 0.17483645677566528, 1.2763934135437012, 0.9498884677886963, 0.9494296908378601, 0.9494296908378601, 0.9294873476028442, '01:11']
[12, 0.4925905466079712, 0.47936123609542847, 0.9487490653991699, 0.9855158925056458, 0.06331995874643326, 0.1790430098772049, 1.5925726890563965, 0.9009682536125183, 0.9058948755264282, 0.9058948755264282, 3.6455581188201904, '01:12']
Better model found at epoch 12 with valid_loss value: 0.47936123609542847.
[13, 0.4934387803077698, 0.4766240417957306, 0.951225757598877, 0.9912818074226379, 0.05223130062222481, 0.17533406615257263, 1.3878364562988281, 0.9100757241249084, 0.9090492129325867, 0.9090492129325867, 1.1666274070739746, '01:11']
Better model found at epoch 13 with valid_loss value: 0.4766240417957306.
[14, 0.49365168809890747, 0.48229074478149414, 0.9601693153381348, 0.9933427572250366, 0.03698233515024185, 0.17406703531742096, 1.180202603340149, 0.9237513542175293, 0.9262373447418213, 0.9262373447418213, 0.23078970611095428, '01:11']
[15, 0.4947361350059509, 0.4676623046398163, 0.9409862160682678, 0.9903730154037476, 0.06794291734695435, 0.17604970932006836, 1.4266992807388306, 0.8930506706237793, 0.8928096890449524, 0.8928096890449524, 1.7593967914581299, '01:12']
Better model found at epoch 15 with valid_loss value: 0.4676623046398163.
[16, 0.48609450459480286, 0.5005428194999695, 0.9507864117622375, 0.9713321924209595, 0.056889984756708145, 0.1860000193119049, 1.7619377374649048, 0.8869883418083191, 0.9088593125343323, 0.9088593125343323, 10.24781322479248, '01:11']
[17, 0.4863932728767395, 0.4952143728733063, 0.9608246684074402, 0.990665078163147, 0.03914375603199005, 0.17543186247348785, 1.3802533149719238, 0.9294278621673584, 0.9287114143371582, 0.9287114143371582, 1.5982418060302734, '01:11']
[18, 0.48643794655799866, 0.4587657153606415, 0.9293214678764343, 0.9906887412071228, 0.08062722533941269, 0.17568263411521912, 1.4153631925582886, 0.8737040758132935, 0.8740558624267578, 0.8740558624267578, 1.412692666053772, '01:11']
Better model found at epoch 18 with valid_loss value: 0.4587657153606415.
[19, 0.49476292729377747, 0.4640064537525177, 0.9346231818199158, 0.9877769947052002, 0.08403237164020538, 0.17800749838352203, 1.5537723302841187, 0.873024582862854, 0.8807933926582336, 0.8807933926582336, 2.3904178142547607, '01:11']
[20, 0.4872344434261322, 0.4670248031616211, 0.930806040763855, 0.9849933981895447, 0.07966218888759613, 0.17885297536849976, 1.6131056547164917, 0.8635502457618713, 0.8745169639587402, 0.8745169639587402, 3.565544366836548, '01:12']
[21, 0.48716551065444946, 0.5352948904037476, 0.9549755454063416, 0.95563805103302, 0.052051227539777756, 0.19510632753372192, 1.8524644374847412, 0.8776834607124329, 0.9157397747039795, 0.9157397747039795, 13.6179838180542, '01:12']
[22, 0.48069697618484497, 0.49789369106292725, 0.9662551879882812, 0.9935095906257629, 0.030001860111951828, 0.17354200780391693, 1.0812962055206299, 0.9290593862533569, 0.9400856494903564, 0.9400856494903564, 0.09416700154542923, '01:12']
[23, 0.48919478058815, 0.5293121933937073, 0.9921758770942688, 0.993472158908844, 0.005601375829428434, 0.17342211306095123, 1.0540868043899536, 0.9753611087799072, 0.9848494529724121, 0.9848494529724121, 0.038560062646865845, '01:12']
[24, 0.48053237795829773, 0.4662022888660431, 0.9369876980781555, 0.9902945756912231, 0.06938090175390244, 0.17594094574451447, 1.4070087671279907, 0.8864274024963379, 0.8878978490829468, 0.8878978490829468, 1.777093768119812, '01:12']
[25, 0.48138561844825745, 0.4714057743549347, 0.929410994052887, 0.978815495967865, 0.08421245217323303, 0.18251961469650269, 1.7026472091674805, 0.849230170249939, 0.8724431991577148, 0.8724431991577148, 6.054018020629883, '01:12']
[26, 0.4760622978210449, 0.45644256472587585, 0.9198903441429138, 0.9855718612670898, 0.09279195964336395, 0.1786828190088272, 1.5889146327972412, 0.845375657081604, 0.8583788275718689, 0.8583788275718689, 2.90971040725708, '01:11']
Better model found at epoch 26 with valid_loss value: 0.45644256472587585.
[27, 0.47918790578842163, 0.459838330745697, 0.9239051938056946, 0.9843838214874268, 0.08839689940214157, 0.17925354838371277, 1.6196908950805664, 0.8507854342460632, 0.863756537437439, 0.863756537437439, 4.941469669342041, '01:11']
[28, 0.4807403087615967, 0.46262791752815247, 0.9339502453804016, 0.9901184439659119, 0.07794606685638428, 0.17638413608074188, 1.4504185914993286, 0.8810228705406189, 0.881144642829895, 0.881144642829895, 2.123246431350708, '01:12']
[29, 0.47513240575790405, 0.45256245136260986, 0.9217539429664612, 0.9926249980926514, 0.08152095973491669, 0.1742846667766571, 1.2536211013793945, 0.8596717715263367, 0.8622206449508667, 0.8622207641601562, 0.5036898851394653, '01:11']
Better model found at epoch 29 with valid_loss value: 0.45256245136260986.
[30, 0.4655013978481293, 0.4702218472957611, 0.939270555973053, 0.9923887252807617, 0.060520801693201065, 0.17429502308368683, 1.2463980913162231, 0.8862020373344421, 0.8908019661903381, 0.8908019661903381, 0.5003253221511841, '01:12']
[31, 0.46690404415130615, 0.488481730222702, 0.9365323185920715, 0.9748955965042114, 0.07504001259803772, 0.1849096566438675, 1.7634130716323853, 0.8540894389152527, 0.883780837059021, 0.883780837059021, 6.882404327392578, '01:12']
[32, 0.4693326950073242, 0.4508853554725647, 0.9124701619148254, 0.9862832427024841, 0.10087668895721436, 0.17824041843414307, 1.5922118425369263, 0.8319795727729797, 0.8453536629676819, 0.8453536629676819, 2.824364185333252, '01:12']
Better model found at epoch 32 with valid_loss value: 0.4508853554725647.
[33, 0.47518816590309143, 0.447772741317749, 0.9167208075523376, 0.9916669726371765, 0.08920419216156006, 0.17502284049987793, 1.3378546237945557, 0.8512605428695679, 0.8528514504432678, 0.8528514504432678, 0.786226212978363, '01:12']
Better model found at epoch 33 with valid_loss value: 0.447772741317749.
[34, 0.47256314754486084, 0.45150524377822876, 0.9189806580543518, 0.9895963668823242, 0.09234219044446945, 0.17634570598602295, 1.4811733961105347, 0.8557942509651184, 0.8566480278968811, 0.8566480278968811, 1.6863274574279785, '01:12']
[35, 0.47486478090286255, 0.47637128829956055, 0.925425112247467, 0.9763045907020569, 0.08540792018175125, 0.18366369605064392, 1.7563039064407349, 0.8338770866394043, 0.8650899529457092, 0.8650899529457092, 6.9189887046813965, '01:11']
[36, 0.4718392789363861, 0.458965539932251, 0.9201227426528931, 0.9835445284843445, 0.09406032413244247, 0.17991207540035248, 1.6316922903060913, 0.8379753232002258, 0.8568904399871826, 0.8568904399871826, 3.9251809120178223, '01:11']
[37, 0.46773380041122437, 0.4503627121448517, 0.9159334301948547, 0.9921336770057678, 0.08748240768909454, 0.1745583862066269, 1.311033010482788, 0.8491710424423218, 0.8526477813720703, 0.8526477813720703, 0.733833909034729, '01:12']
[38, 0.4595542848110199, 0.5193288326263428, 0.9525436758995056, 0.9596117734909058, 0.05732981860637665, 0.19284164905548096, 1.80439293384552, 0.8855067491531372, 0.9121558666229248, 0.9121558666229248, 13.489396095275879, '01:11']
[39, 0.4663470685482025, 0.4445241689682007, 0.9111140370368958, 0.9924927949905396, 0.09024819731712341, 0.17433694005012512, 1.2727367877960205, 0.8407943844795227, 0.8445934653282166, 0.8445934057235718, 0.5601075887680054, '01:11']
Better model found at epoch 39 with valid_loss value: 0.4445241689682007.
[40, 0.4556855261325836, 0.45126137137413025, 0.9203999638557434, 0.9923491477966309, 0.084868423640728, 0.17450347542762756, 1.2632267475128174, 0.8547492623329163, 0.8593872785568237, 0.8593872785568237, 0.5262985825538635, '01:11']
[41, 0.46450912952423096, 0.4848484694957733, 0.9368565678596497, 0.9732728600502014, 0.07521959394216537, 0.185379296541214, 1.7600528001785278, 0.8550060391426086, 0.8842511177062988, 0.8842511177062988, 8.57961368560791, '01:12']
[42, 0.4589615762233734, 0.44756412506103516, 0.9129398465156555, 0.9914947748184204, 0.09112486243247986, 0.17494678497314453, 1.3223470449447632, 0.8449608683586121, 0.8473785519599915, 0.8473785519599915, 0.7190830111503601, '01:12']
[43, 0.46266359090805054, 0.44090306758880615, 0.904466986656189, 0.9899041056632996, 0.10387352108955383, 0.17593465745449066, 1.4800748825073242, 0.8273693919181824, 0.8320907354354858, 0.8320907354354858, 1.7956303358078003, '01:11']
Better model found at epoch 43 with valid_loss value: 0.44090306758880615.
[44, 0.4631519615650177, 0.4391642212867737, 0.9023447632789612, 0.989128053188324, 0.10554946213960648, 0.17638815939426422, 1.483677625656128, 0.8246415853500366, 0.8298399448394775, 0.8298399448394775, 1.4933992624282837, '01:12']
Better model found at epoch 44 with valid_loss value: 0.4391642212867737.
[45, 0.4642425775527954, 0.44691500067710876, 0.9090954661369324, 0.9862624406814575, 0.1013324037194252, 0.1781860888004303, 1.5681544542312622, 0.8251455426216125, 0.8393356800079346, 0.8393356800079346, 2.2378628253936768, '01:12']
[46, 0.465446799993515, 0.4361211955547333, 0.8962966203689575, 0.9895062446594238, 0.10890423506498337, 0.17613571882247925, 1.4661123752593994, 0.8144041895866394, 0.8208701610565186, 0.8208701610565186, 1.4666086435317993, '01:12']
Better model found at epoch 46 with valid_loss value: 0.4361211955547333.
[47, 0.45249369740486145, 0.4833681881427765, 0.9260954856872559, 0.9732262492179871, 0.08242104947566986, 0.18505944311618805, 1.7519254684448242, 0.8281487226486206, 0.8660435676574707, 0.8660435676574707, 9.269452095031738, '01:11']
[48, 0.4529750347137451, 0.4606954753398895, 0.9242656230926514, 0.9864788055419922, 0.0877349004149437, 0.17811012268066406, 1.5353890657424927, 0.8593489527702332, 0.8662322759628296, 0.8662322759628296, 2.169307231903076, '01:12']
[49, 0.457465797662735, 0.495456725358963, 0.9372401237487793, 0.9700585007667542, 0.07105737924575806, 0.18685893714427948, 1.779563546180725, 0.8503322601318359, 0.8851708769798279, 0.8851708769798279, 11.42184066772461, '01:11']
[50, 0.45359912514686584, 0.4675786793231964, 0.9341576099395752, 0.9923070669174194, 0.06505755335092545, 0.17429207265377045, 1.2056771516799927, 0.8691169023513794, 0.8831391334533691, 0.8831391334533691, 0.46504443883895874, '01:12']
[51, 0.45892274379730225, 0.44766125082969666, 0.9112569093704224, 0.9878477454185486, 0.10014351457357407, 0.17723016440868378, 1.4991705417633057, 0.8384214043617249, 0.8443838357925415, 0.8443838357925415, 1.6163111925125122, '01:12']
[52, 0.4584246873855591, 0.46200427412986755, 0.9235255122184753, 0.9929574728012085, 0.07821191847324371, 0.17398270964622498, 1.203009843826294, 0.8569703698158264, 0.8666186928749084, 0.8666186928749084, 0.3471096158027649, '01:11']
[53, 0.4564576745033264, 0.4997580945491791, 0.9367478489875793, 0.9664395451545715, 0.07166726142168045, 0.18876977264881134, 1.7999820709228516, 0.8416165113449097, 0.883817732334137, 0.883817732334137, 13.449714660644531, '01:11']
[54, 0.4472139775753021, 0.45923712849617004, 0.9260197281837463, 0.9911038875579834, 0.07855015248060226, 0.17515847086906433, 1.326412558555603, 0.8654935359954834, 0.8679835200309753, 0.8679835200309753, 0.7458704710006714, '01:11']
No improvement since epoch 46: early stopping
PSPNet_mitb5 Done!
