Models will save to PSPNet_dense161_x
Use densenet161 encoder
Start training...
----------
0
----------
DLS create!
[0, 0.5038924217224121, 0.486483097076416, 0.9601324796676636, 0.9908998012542725, 0.04147718474268913, 0.17564909160137177, 1.4158741235733032, 0.9291344881057739, 0.9270997643470764, 0.9270997643470764, 1.390117883682251, '00:48']
Better model found at epoch 0 with valid_loss value: 0.486483097076416.
[1, 0.49845653772354126, 0.49431002140045166, 0.9545280933380127, 0.9782249331474304, 0.053541846573352814, 0.18238303065299988, 1.6938351392745972, 0.906448245048523, 0.9170392155647278, 0.9170392155647278, 6.753256797790527, '00:47']
[2, 0.4952043890953064, 0.48525846004486084, 0.958954930305481, 0.9914167523384094, 0.037917088717222214, 0.17504578828811646, 1.3752410411834717, 0.9242055416107178, 0.9250075817108154, 0.9250075817108154, 1.1491130590438843, '00:47']
Better model found at epoch 2 with valid_loss value: 0.48525846004486084.
[3, 0.4959906041622162, 0.4810655415058136, 0.953883171081543, 0.9897517561912537, 0.049060072749853134, 0.17602157592773438, 1.477023720741272, 0.913945198059082, 0.9152927398681641, 0.9152927398681641, 1.9630922079086304, '00:47']
Better model found at epoch 3 with valid_loss value: 0.4810655415058136.
[4, 0.4861675500869751, 0.4729185402393341, 0.9457994103431702, 0.9901528358459473, 0.06745307147502899, 0.17650923132896423, 1.4632395505905151, 0.8999727964401245, 0.9016029834747314, 0.9016029834747314, 1.7664494514465332, '00:46']
Better model found at epoch 4 with valid_loss value: 0.4729185402393341.
[5, 0.4935162365436554, 0.48598790168762207, 0.9448524713516235, 0.977437436580658, 0.06880834698677063, 0.18351878225803375, 1.7201262712478638, 0.8839144110679626, 0.900940477848053, 0.900940477848053, 6.8046040534973145, '00:46']
[6, 0.48122072219848633, 0.4678094685077667, 0.937135636806488, 0.9910796880722046, 0.06842466443777084, 0.1750923991203308, 1.3952136039733887, 0.8832809925079346, 0.8867489099502563, 0.8867489099502563, 1.2503007650375366, '00:46']
Better model found at epoch 6 with valid_loss value: 0.4678094685077667.
[7, 0.47725996375083923, 0.4500048756599426, 0.916995108127594, 0.9901455640792847, 0.09405943006277084, 0.1759856939315796, 1.4790403842926025, 0.8527699112892151, 0.8567929267883301, 0.8567929267883301, 1.7100861072540283, '00:46']
Better model found at epoch 7 with valid_loss value: 0.4500048756599426.
[8, 0.4717884063720703, 0.4532630741596222, 0.9149202704429626, 0.9886069297790527, 0.09429166465997696, 0.1766018122434616, 1.5312508344650269, 0.8435807228088379, 0.8526795506477356, 0.8526795506477356, 2.2738683223724365, '00:46']
[9, 0.475405216217041, 0.4637342691421509, 0.928618311882019, 0.9878822565078735, 0.08302226662635803, 0.17711056768894196, 1.5309667587280273, 0.8638089299201965, 0.8742397427558899, 0.8742397427558899, 2.455723762512207, '00:46']
[10, 0.4730519950389862, 0.4516192376613617, 0.9153665900230408, 0.990750789642334, 0.09111378341913223, 0.17527075111865997, 1.4331227540969849, 0.847901463508606, 0.8522815704345703, 0.8522815704345703, 1.4504669904708862, '00:46']
[11, 0.4751192331314087, 0.4625280201435089, 0.919587254524231, 0.9845422506332397, 0.09129501134157181, 0.17883670330047607, 1.6434783935546875, 0.841951847076416, 0.8590945601463318, 0.8590945601463318, 4.1013994216918945, '00:46']
[12, 0.4703511893749237, 0.47010675072669983, 0.930875837802887, 0.9843814969062805, 0.07913853973150253, 0.1793539673089981, 1.5940557718276978, 0.8575222492218018, 0.8769283890724182, 0.8769283890724182, 3.205505847930908, '00:46']
[13, 0.4645679295063019, 0.45459800958633423, 0.9118788838386536, 0.9844598770141602, 0.09813603013753891, 0.17894385755062103, 1.6443601846694946, 0.8264078497886658, 0.8471589088439941, 0.8471589088439941, 3.8211324214935303, '00:46']
[14, 0.47296732664108276, 0.4495261311531067, 0.9114192724227905, 0.9879080653190613, 0.09748522192239761, 0.1770208179950714, 1.5280177593231201, 0.8333313465118408, 0.8471648693084717, 0.8471648693084717, 2.3913068771362305, '00:46']
Better model found at epoch 14 with valid_loss value: 0.4495261311531067.
[15, 0.46619629859924316, 0.4511134624481201, 0.9193626642227173, 0.9921311140060425, 0.08246225118637085, 0.17448532581329346, 1.2832813262939453, 0.8506246209144592, 0.860434889793396, 0.860434889793396, 0.6695427894592285, '00:47']
[16, 0.46419504284858704, 0.4703413248062134, 0.9363475441932678, 0.9880459308624268, 0.07471110671758652, 0.1768942028284073, 1.5047595500946045, 0.8771568536758423, 0.8861179947853088, 0.8861179947853088, 2.221909761428833, '00:46']
[17, 0.4704310894012451, 0.4503667652606964, 0.9125362634658813, 0.9879972338676453, 0.10296043008565903, 0.17726238071918488, 1.5631663799285889, 0.8375508189201355, 0.8490373492240906, 0.8490373492240906, 2.6667985916137695, '00:46']
[18, 0.4657139778137207, 0.4696768820285797, 0.9246839880943298, 0.9787493944168091, 0.08509169518947601, 0.18218417465686798, 1.7304779291152954, 0.8361615538597107, 0.8666436672210693, 0.8666436672210693, 6.200141906738281, '00:46']
[19, 0.466739296913147, 0.4615735709667206, 0.9255091547966003, 0.9883206486701965, 0.08248591423034668, 0.17673872411251068, 1.5087218284606934, 0.8570072650909424, 0.8677434325218201, 0.8677434325218201, 2.0809099674224854, '00:47']
[20, 0.46733152866363525, 0.44119349122047424, 0.9064242243766785, 0.9891467690467834, 0.11239596456289291, 0.17679673433303833, 1.5152478218078613, 0.8262162208557129, 0.8388882875442505, 0.8388882875442505, 2.0312137603759766, '00:47']
Better model found at epoch 20 with valid_loss value: 0.44119349122047424.
[21, 0.464081346988678, 0.44977912306785583, 0.9092831611633301, 0.9854556918144226, 0.10685228556394577, 0.1787908375263214, 1.6284278631210327, 0.8232508897781372, 0.8429179787635803, 0.8429179787635803, 3.6579513549804688, '00:46']
[22, 0.46652528643608093, 0.44631028175354004, 0.9020547270774841, 0.988517165184021, 0.11163749545812607, 0.17693082988262177, 1.5538426637649536, 0.8180821537971497, 0.8322685956954956, 0.8322685956954956, 2.3552749156951904, '00:46']
[23, 0.4605821669101715, 0.47358208894729614, 0.9252693057060242, 0.9806758761405945, 0.08079849928617477, 0.1807543933391571, 1.6717743873596191, 0.8412604928016663, 0.8670863509178162, 0.8670863509178162, 4.922710418701172, '00:46']
[24, 0.459502637386322, 0.4336134195327759, 0.8971751928329468, 0.991085946559906, 0.11506243050098419, 0.1752707064151764, 1.4495481252670288, 0.8183713555335999, 0.8236748576164246, 0.8236748576164246, 1.4723018407821655, '00:46']
Better model found at epoch 24 with valid_loss value: 0.4336134195327759.
[25, 0.4488832354545593, 0.46248990297317505, 0.9183751940727234, 0.9827403426170349, 0.09020364284515381, 0.17982475459575653, 1.6547877788543701, 0.8358975648880005, 0.8569180369377136, 0.8569180369377136, 4.169251441955566, '00:47']
[26, 0.4621559679508209, 0.4330030679702759, 0.8984168767929077, 0.9910757541656494, 0.10883033275604248, 0.17527110874652863, 1.425871729850769, 0.8148757219314575, 0.8253452181816101, 0.8253452181816101, 1.493572473526001, '00:47']
Better model found at epoch 26 with valid_loss value: 0.4330030679702759.
[27, 0.4564782679080963, 0.44477248191833496, 0.9093092083930969, 0.9908391237258911, 0.09607749432325363, 0.1752588003873825, 1.4447799921035767, 0.8339918851852417, 0.8440777063369751, 0.8440777063369751, 1.6110308170318604, '00:46']
[28, 0.45631980895996094, 0.44907522201538086, 0.905619740486145, 0.9861064553260803, 0.10359933972358704, 0.17795148491859436, 1.6151102781295776, 0.8181766271591187, 0.8373458981513977, 0.8373458981513977, 3.2242767810821533, '00:46']
[29, 0.45711132884025574, 0.435413122177124, 0.8934815526008606, 0.9877514243125916, 0.11522738635540009, 0.17711077630519867, 1.5828518867492676, 0.8039341568946838, 0.8192710280418396, 0.8192710280418396, 2.7871925830841064, '00:46']
[30, 0.44924354553222656, 0.434494286775589, 0.8915945887565613, 0.990163266658783, 0.11719658225774765, 0.17570219933986664, 1.4906812906265259, 0.8075909614562988, 0.8166255354881287, 0.8166255354881287, 1.8257523775100708, '00:46']
[31, 0.4585486054420471, 0.4334675073623657, 0.8924904465675354, 0.9905001521110535, 0.11673378944396973, 0.17561355233192444, 1.4662710428237915, 0.8076416850090027, 0.8178418874740601, 0.8178418874740601, 1.6044315099716187, '00:47']
[32, 0.4560592770576477, 0.44892024993896484, 0.9037794470787048, 0.9851609468460083, 0.10303211957216263, 0.17852893471717834, 1.622510552406311, 0.8081179261207581, 0.8325786590576172, 0.8325786590576172, 3.222839832305908, '00:46']
[33, 0.45112133026123047, 0.43029895424842834, 0.8925744295120239, 0.989716649055481, 0.1260172575712204, 0.17635320127010345, 1.4881951808929443, 0.8099938631057739, 0.8176992535591125, 0.8176992535591125, 1.703070044517517, '00:46']
Better model found at epoch 33 with valid_loss value: 0.43029895424842834.
[34, 0.4573143422603607, 0.42884936928749084, 0.8863018751144409, 0.9905409216880798, 0.12577366828918457, 0.17558924853801727, 1.4252278804779053, 0.8038831353187561, 0.8099430203437805, 0.8099430203437805, 1.3316696882247925, '00:46']
Better model found at epoch 34 with valid_loss value: 0.42884936928749084.
[35, 0.44743233919143677, 0.42596572637557983, 0.886690616607666, 0.9894726276397705, 0.1245698556303978, 0.1763031780719757, 1.5134371519088745, 0.7955561280250549, 0.8083168864250183, 0.8083168864250183, 2.055509090423584, '00:46']
Better model found at epoch 35 with valid_loss value: 0.42596572637557983.
[36, 0.45043525099754333, 0.45444026589393616, 0.9129586219787598, 0.9836550354957581, 0.09697875380516052, 0.17926821112632751, 1.61573326587677, 0.8347663879394531, 0.8486142754554749, 0.8486142754554749, 3.575399875640869, '00:46']
[37, 0.44903311133384705, 0.4338827133178711, 0.8927705883979797, 0.986627459526062, 0.11729755252599716, 0.17782209813594818, 1.611633062362671, 0.7971242070198059, 0.8156827092170715, 0.8156826496124268, 3.3943374156951904, '00:46']
[38, 0.45580926537513733, 0.4485253095626831, 0.9121248722076416, 0.9871987700462341, 0.09729534387588501, 0.17748889327049255, 1.5696536302566528, 0.8333436250686646, 0.8473367094993591, 0.8473367094993591, 2.5580828189849854, '00:46']
[39, 0.456354558467865, 0.42104968428611755, 0.8808251023292542, 0.990021824836731, 0.12929973006248474, 0.17588655650615692, 1.5008412599563599, 0.7848020195960999, 0.7979022264480591, 0.7979022264480591, 1.8261823654174805, '00:46']
Better model found at epoch 39 with valid_loss value: 0.42104968428611755.
[40, 0.4470112919807434, 0.4253042936325073, 0.883631706237793, 0.9897074103355408, 0.12756620347499847, 0.17611122131347656, 1.496453046798706, 0.7919418811798096, 0.8049653768539429, 0.8049653768539429, 1.945871114730835, '00:46']
[41, 0.45308253169059753, 0.43797752261161804, 0.8955157995223999, 0.9887157082557678, 0.1130370944738388, 0.17652691900730133, 1.5377627611160278, 0.8081733584403992, 0.8219043612480164, 0.8219043612480164, 2.306818723678589, '00:46']
[42, 0.4463864266872406, 0.4631616175174713, 0.9254728555679321, 0.987810492515564, 0.0798676535487175, 0.17684198915958405, 1.558758020401001, 0.8604423999786377, 0.8692720532417297, 0.8692720532417297, 2.490103244781494, '00:46']
[43, 0.4563777446746826, 0.43598759174346924, 0.897395133972168, 0.9885281324386597, 0.11164222657680511, 0.17675229907035828, 1.4976961612701416, 0.8104811906814575, 0.8247557878494263, 0.8247557878494263, 2.1498982906341553, '00:46']
[44, 0.44717249274253845, 0.4232601225376129, 0.8802000880241394, 0.9900670051574707, 0.1319504976272583, 0.17603185772895813, 1.508480429649353, 0.792615532875061, 0.8019727468490601, 0.8019727468490601, 1.8144100904464722, '00:47']
[45, 0.4577595293521881, 0.4552290737628937, 0.9130377173423767, 0.9865753650665283, 0.0964784249663353, 0.17769137024879456, 1.6022365093231201, 0.8295549154281616, 0.846809446811676, 0.846809446811676, 3.091867208480835, '00:46']
[46, 0.45066094398498535, 0.44187209010124207, 0.9008610248565674, 0.9869727492332458, 0.11904118210077286, 0.17829805612564087, 1.5850075483322144, 0.810616135597229, 0.8278877139091492, 0.8278877139091492, 2.505244731903076, '00:46']
[47, 0.44313207268714905, 0.43157958984375, 0.8915501236915588, 0.9897880554199219, 0.11617880314588547, 0.17589984834194183, 1.5011012554168701, 0.8019849061965942, 0.8152498602867126, 0.8152498602867126, 1.9560997486114502, '00:46']
No improvement since epoch 39: early stopping
----------
1
----------
DLS create!
[0, 0.5069852471351624, 0.5160573720932007, 0.9729173183441162, 0.9900392889976501, 0.02653053216636181, 0.17430558800697327, 1.2169235944747925, 0.9486541152000427, 0.9498597979545593, 0.9498597979545593, 0.36818739771842957, '00:47']
Better model found at epoch 0 with valid_loss value: 0.5160573720932007.
[1, 0.5017707347869873, 0.49048125743865967, 0.960586667060852, 0.9885187149047852, 0.05241098999977112, 0.17657631635665894, 1.358886957168579, 0.9287363886833191, 0.9269460439682007, 0.9269460439682007, 1.014311671257019, '00:46']
Better model found at epoch 1 with valid_loss value: 0.49048125743865967.
[2, 0.4921407699584961, 0.4939301311969757, 0.9538174867630005, 0.9813618063926697, 0.05585503950715065, 0.17978419363498688, 1.5569252967834473, 0.9121853709220886, 0.9152743220329285, 0.9152743220329285, 2.79549503326416, '00:47']
[3, 0.49926596879959106, 0.5087672472000122, 0.9744497537612915, 0.9873805642127991, 0.0274462029337883, 0.17781591415405273, 1.397057294845581, 0.9547205567359924, 0.9509231448173523, 0.9509231448173523, 1.6144371032714844, '00:46']
[4, 0.4846763610839844, 0.49070456624031067, 0.947783887386322, 0.9794723987579346, 0.06332990527153015, 0.18078310787677765, 1.5935662984848022, 0.8937024474143982, 0.9041038751602173, 0.9041038751602173, 3.7474465370178223, '00:47']
[5, 0.4844166040420532, 0.48408228158950806, 0.9400032758712769, 0.9860084652900696, 0.06701482832431793, 0.1764656901359558, 1.4474774599075317, 0.8901241421699524, 0.8924580812454224, 0.8924580812454224, 1.7872068881988525, '00:47']
Better model found at epoch 5 with valid_loss value: 0.48408228158950806.
[6, 0.48187896609306335, 0.4899297058582306, 0.9418398141860962, 0.9826604127883911, 0.06708910316228867, 0.178419828414917, 1.523665189743042, 0.8867390155792236, 0.8950123190879822, 0.8950123190879822, 2.7507026195526123, '00:46']
[7, 0.48209482431411743, 0.47030511498451233, 0.9292373657226562, 0.9882296323776245, 0.08075504004955292, 0.1753772646188736, 1.366150975227356, 0.8717474341392517, 0.8759137988090515, 0.8759137988090515, 1.0924267768859863, '00:47']
Better model found at epoch 7 with valid_loss value: 0.47030511498451233.
[8, 0.47911083698272705, 0.47176501154899597, 0.935350775718689, 0.9897350668907166, 0.070185586810112, 0.17446275055408478, 1.275377631187439, 0.8807116150856018, 0.8839160799980164, 0.8839160799980164, 0.5678970217704773, '00:46']
[9, 0.47730112075805664, 0.46645861864089966, 0.9266887903213501, 0.9867720603942871, 0.0831683874130249, 0.1763390600681305, 1.4114148616790771, 0.8671026229858398, 0.8710403442382812, 0.8710403442382812, 1.2316476106643677, '00:47']
Better model found at epoch 9 with valid_loss value: 0.46645861864089966.
[10, 0.47122442722320557, 0.4694867730140686, 0.9302789568901062, 0.9889570474624634, 0.0749327540397644, 0.17483192682266235, 1.3140681982040405, 0.8702904582023621, 0.8758447766304016, 0.8758447766304016, 0.8019289970397949, '00:46']
[11, 0.4665270745754242, 0.4637061655521393, 0.9229971170425415, 0.9894967079162598, 0.08147437870502472, 0.1744755059480667, 1.277379035949707, 0.8558977246284485, 0.8637812733650208, 0.8637812733650208, 0.6592699289321899, '00:47']
Better model found at epoch 11 with valid_loss value: 0.4637061655521393.
[12, 0.4684324860572815, 0.47754308581352234, 0.9356563091278076, 0.9850995540618896, 0.07004648447036743, 0.177195206284523, 1.469575047492981, 0.88084876537323, 0.8854080438613892, 0.8854080438613892, 1.6789137125015259, '00:46']
[13, 0.4577213227748871, 0.4700314998626709, 0.9231224656105042, 0.9869818091392517, 0.08175207674503326, 0.17600227892398834, 1.4011234045028687, 0.8559343218803406, 0.8643689751625061, 0.8643689751625061, 1.453678011894226, '00:46']
[14, 0.4745089113712311, 0.47187837958335876, 0.9232077598571777, 0.9807934165000916, 0.08517923206090927, 0.17955079674720764, 1.6008164882659912, 0.8441630601882935, 0.8619400262832642, 0.8619400262832642, 3.4042370319366455, '00:47']
[15, 0.4629588723182678, 0.455757200717926, 0.9098033905029297, 0.9887357950210571, 0.09692331403493881, 0.17495334148406982, 1.3465754985809326, 0.8378352522850037, 0.8424243927001953, 0.8424243927001953, 0.9628623127937317, '00:47']
Better model found at epoch 15 with valid_loss value: 0.455757200717926.
[16, 0.4662197530269623, 0.4589061439037323, 0.9131091237068176, 0.9861272573471069, 0.09490429610013962, 0.1765691190958023, 1.4634443521499634, 0.8395322561264038, 0.8484163284301758, 0.8484163284301758, 1.8731389045715332, '00:47']
[17, 0.46790704131126404, 0.45985710620880127, 0.9180679321289062, 0.9896724820137024, 0.08706559240818024, 0.17442680895328522, 1.2811617851257324, 0.8516932725906372, 0.8571692109107971, 0.8571692109107971, 0.6721651554107666, '00:46']
[18, 0.46115291118621826, 0.4500085413455963, 0.9050835371017456, 0.9878259897232056, 0.10257784277200699, 0.17561842501163483, 1.3993029594421387, 0.8265660405158997, 0.8344591856002808, 0.8344591856002808, 1.374182105064392, '00:46']
Better model found at epoch 18 with valid_loss value: 0.4500085413455963.
[19, 0.467637836933136, 0.46550440788269043, 0.9192971587181091, 0.98243248462677, 0.08928164094686508, 0.17878200113773346, 1.559736967086792, 0.8393546342849731, 0.8556588888168335, 0.8556588888168335, 3.1912615299224854, '00:46']
[20, 0.453860342502594, 0.4869800806045532, 0.9272384643554688, 0.9774531126022339, 0.07833977788686752, 0.1810723841190338, 1.648808479309082, 0.8489632606506348, 0.8685711622238159, 0.8685711622238159, 4.028388023376465, '00:46']
[21, 0.4559343457221985, 0.5015723705291748, 0.9449889659881592, 0.9688654541969299, 0.06899227946996689, 0.18764807283878326, 1.6814889907836914, 0.8867148160934448, 0.8997628688812256, 0.8997628688812256, 7.899592399597168, '00:47']
[22, 0.4636044502258301, 0.4549348056316376, 0.9050654172897339, 0.9877791404724121, 0.10318376123905182, 0.17557844519615173, 1.3953853845596313, 0.8271681666374207, 0.8349140882492065, 0.8349140882492065, 1.3427960872650146, '00:46']
[23, 0.45943987369537354, 0.45423609018325806, 0.9113326668739319, 0.9898557066917419, 0.09665306657552719, 0.1743466705083847, 1.2490055561065674, 0.8392295241355896, 0.8468948006629944, 0.8468948602676392, 0.5771472454071045, '00:46']
[24, 0.45531409978866577, 0.4542861878871918, 0.9082573056221008, 0.9861796498298645, 0.09902248531579971, 0.1765596717596054, 1.447938323020935, 0.8328742980957031, 0.8404542803764343, 0.8404542803764343, 1.508730411529541, '00:46']
[25, 0.456241637468338, 0.4556620419025421, 0.9035903811454773, 0.986514151096344, 0.10383524745702744, 0.17630019783973694, 1.4495487213134766, 0.8224151730537415, 0.8328368067741394, 0.8328368067741394, 1.6387983560562134, '00:46']
[26, 0.45708733797073364, 0.4486193060874939, 0.9030249714851379, 0.9866076111793518, 0.10705111920833588, 0.17635837197303772, 1.465195894241333, 0.820195198059082, 0.8299582600593567, 0.8299582600593567, 1.7906153202056885, '00:48']
Better model found at epoch 26 with valid_loss value: 0.4486193060874939.
[27, 0.4594417214393616, 0.44903698563575745, 0.9056700468063354, 0.9877471327781677, 0.10409019887447357, 0.17571161687374115, 1.3926907777786255, 0.8276629447937012, 0.8358580470085144, 0.8358580470085144, 1.2273945808410645, '00:46']
[28, 0.44727709889411926, 0.45354774594306946, 0.9066380858421326, 0.9829398393630981, 0.10828711092472076, 0.17877574265003204, 1.55207359790802, 0.8191845417022705, 0.8354120850563049, 0.8354120850563049, 3.107112169265747, '00:46']
[29, 0.45762377977371216, 0.44305717945098877, 0.8949673771858215, 0.9892811179161072, 0.11485780030488968, 0.17471228539943695, 1.3280208110809326, 0.8105022311210632, 0.8183867931365967, 0.8183867931365967, 0.9059117436408997, '00:47']
Better model found at epoch 29 with valid_loss value: 0.44305717945098877.
[30, 0.4572713077068329, 0.4423619508743286, 0.9004051685333252, 0.9887296557426453, 0.11345530301332474, 0.1753227263689041, 1.3687543869018555, 0.8204815983772278, 0.8272630572319031, 0.8272630572319031, 1.4330121278762817, '00:47']
Better model found at epoch 30 with valid_loss value: 0.4423619508743286.
[31, 0.4604984223842621, 0.47206854820251465, 0.922157883644104, 0.9759063124656677, 0.08928332477807999, 0.182911217212677, 1.6668809652328491, 0.8332892656326294, 0.8596348166465759, 0.8596348166465759, 5.858974933624268, '00:46']
[32, 0.44449275732040405, 0.4580034613609314, 0.9085878729820251, 0.9878962635993958, 0.09725073724985123, 0.17541348934173584, 1.3877161741256714, 0.8349051475524902, 0.841739296913147, 0.841739296913147, 1.2846823930740356, '00:47']
[33, 0.44637244939804077, 0.4722842276096344, 0.9152601361274719, 0.9859723448753357, 0.08911046385765076, 0.176448792219162, 1.440303087234497, 0.8412460684776306, 0.8513197302818298, 0.8513197302818298, 1.5517911911010742, '00:47']
[34, 0.4477017819881439, 0.44690778851509094, 0.899497926235199, 0.9888479113578796, 0.1098034456372261, 0.17506638169288635, 1.345546007156372, 0.821073055267334, 0.8282058238983154, 0.8282058238983154, 0.9240385293960571, '00:47']
[35, 0.4428989291191101, 0.4531618356704712, 0.9053844213485718, 0.9873142242431641, 0.10495318472385406, 0.17598594725131989, 1.42935049533844, 0.8289169073104858, 0.8368687629699707, 0.8368687629699707, 1.6319398880004883, '00:47']
[36, 0.4590630829334259, 0.45429107546806335, 0.9055896401405334, 0.9820058345794678, 0.10448573529720306, 0.1791563332080841, 1.5788742303848267, 0.8168048858642578, 0.8345808982849121, 0.8345808982849121, 3.420772075653076, '00:46']
[37, 0.4454096555709839, 0.4450966715812683, 0.8962579369544983, 0.9856024980545044, 0.11498203128576279, 0.1769295632839203, 1.4801080226898193, 0.8106522560119629, 0.8202107548713684, 0.8202107548713684, 2.2023022174835205, '00:46']
[38, 0.44972148537635803, 0.45088186860084534, 0.8970302939414978, 0.9887488484382629, 0.10963563621044159, 0.1750020682811737, 1.3213845491409302, 0.818574845790863, 0.8235548734664917, 0.8235548734664917, 0.8177130222320557, '00:47']
No improvement since epoch 30: early stopping
----------
2
----------
DLS create!
[0, 0.5084375739097595, 0.5220819711685181, 0.9808685183525085, 0.9896336197853088, 0.019574955105781555, 0.1765832006931305, 1.397112488746643, 0.9663256406784058, 0.9632474184036255, 0.9632474184036255, 1.367203950881958, '00:47']
Better model found at epoch 0 with valid_loss value: 0.5220819711685181.
[1, 0.5007331371307373, 0.4893864393234253, 0.9598380327224731, 0.9883997440338135, 0.0421714261174202, 0.17619507014751434, 1.471002221107483, 0.9274768829345703, 0.9255793690681458, 0.9255793690681458, 1.7013243436813354, '00:47']
Better model found at epoch 1 with valid_loss value: 0.4893864393234253.
[2, 0.49625831842422485, 0.4888099133968353, 0.9610480070114136, 0.9897462129592896, 0.040623392909765244, 0.17566148936748505, 1.4015679359436035, 0.9257892966270447, 0.9272553324699402, 0.9272553324699402, 1.6379214525222778, '00:46']
Better model found at epoch 2 with valid_loss value: 0.4888099133968353.
[3, 0.4993413984775543, 0.4823451638221741, 0.9531125426292419, 0.9875737428665161, 0.05970034375786781, 0.17771686613559723, 1.506282091140747, 0.9096865653991699, 0.9131278395652771, 0.9131278395652771, 2.8212180137634277, '00:47']
Better model found at epoch 3 with valid_loss value: 0.4823451638221741.
[4, 0.49015700817108154, 0.4739687442779541, 0.9442318081855774, 0.9888905882835388, 0.06604406982660294, 0.17628031969070435, 1.4624561071395874, 0.8972751498222351, 0.8977006077766418, 0.8977006077766418, 2.023164749145508, '00:46']
Better model found at epoch 4 with valid_loss value: 0.4739687442779541.
[5, 0.47936511039733887, 0.47542524337768555, 0.9390693306922913, 0.9888958930969238, 0.0638686940073967, 0.17562809586524963, 1.4014838933944702, 0.8868346810340881, 0.890285074710846, 0.890285074710846, 1.499866008758545, '00:46']
[6, 0.47747763991355896, 0.4899933934211731, 0.9391014575958252, 0.9775318503379822, 0.06807316094636917, 0.18199995160102844, 1.7067561149597168, 0.8736981153488159, 0.8892639875411987, 0.8892639875411987, 5.838449478149414, '00:47']
[7, 0.47816091775894165, 0.4720589518547058, 0.9413392543792725, 0.9912461042404175, 0.06564569473266602, 0.174645334482193, 1.287383794784546, 0.8884618282318115, 0.8941006064414978, 0.8941006064414978, 0.5815502405166626, '00:47']
Better model found at epoch 7 with valid_loss value: 0.4720589518547058.
[8, 0.48132362961769104, 0.4710886776447296, 0.9423277974128723, 0.9904285669326782, 0.06326275318861008, 0.17504878342151642, 1.3568525314331055, 0.8947356343269348, 0.8944365978240967, 0.8944365978240967, 0.9586751461029053, '00:47']
Better model found at epoch 8 with valid_loss value: 0.4710886776447296.
[9, 0.4709286391735077, 0.47029832005500793, 0.9226436018943787, 0.9822552800178528, 0.08412478864192963, 0.17932124435901642, 1.6646149158477783, 0.8470481634140015, 0.8610570430755615, 0.8610570430755615, 5.11803674697876, '00:47']
Better model found at epoch 9 with valid_loss value: 0.47029832005500793.
[10, 0.46759721636772156, 0.4573820233345032, 0.9217941761016846, 0.9897496700286865, 0.08133024722337723, 0.17518402636051178, 1.3906549215316772, 0.857245922088623, 0.8608886003494263, 0.8608886003494263, 1.236943244934082, '00:46']
Better model found at epoch 10 with valid_loss value: 0.4573820233345032.
[11, 0.47922593355178833, 0.4602656960487366, 0.9301021099090576, 0.9916797280311584, 0.07149400562047958, 0.17408521473407745, 1.2098338603973389, 0.8649361729621887, 0.8747878670692444, 0.8747878670692444, 0.3646244704723358, '00:46']
[12, 0.46420788764953613, 0.4640691578388214, 0.924230694770813, 0.9854391813278198, 0.08666178584098816, 0.1781194806098938, 1.5166270732879639, 0.8554810285568237, 0.8644862174987793, 0.8644862174987793, 2.264871597290039, '00:46']
[13, 0.4717298746109009, 0.4663286507129669, 0.9258031249046326, 0.9825530052185059, 0.0855298563838005, 0.17977680265903473, 1.6373318433761597, 0.8498774170875549, 0.8675286769866943, 0.8675286769866943, 5.2384161949157715, '00:47']
[14, 0.4727541208267212, 0.4588578939437866, 0.9195440411567688, 0.9863566160202026, 0.09012407064437866, 0.17725753784179688, 1.5647882223129272, 0.8510100841522217, 0.8566538691520691, 0.8566538691520691, 3.282221794128418, '00:46']
[15, 0.47464367747306824, 0.4861152470111847, 0.9318301677703857, 0.9764952063560486, 0.07540638744831085, 0.18257379531860352, 1.741326928138733, 0.8531458377838135, 0.8765434622764587, 0.8765434622764587, 7.981644153594971, '00:46']
[16, 0.46616771817207336, 0.4729118347167969, 0.9212749004364014, 0.9802213311195374, 0.08923137187957764, 0.18078328669071198, 1.6930899620056152, 0.8394849896430969, 0.8595702648162842, 0.8595702648162842, 6.3981032371521, '00:46']
[17, 0.4715045690536499, 0.4585484266281128, 0.9191125631332397, 0.9898611307144165, 0.08805543929338455, 0.17518804967403412, 1.401682734489441, 0.850807249546051, 0.8555524945259094, 0.8555524945259094, 1.4280368089675903, '00:46']
[18, 0.4681057929992676, 0.4549318253993988, 0.9144472479820251, 0.9867607951164246, 0.09279076755046844, 0.1770324558019638, 1.5332648754119873, 0.8414900302886963, 0.8488662242889404, 0.8488662242889404, 2.4062209129333496, '00:46']
Better model found at epoch 18 with valid_loss value: 0.4549318253993988.
[19, 0.46241122484207153, 0.45967042446136475, 0.9272248148918152, 0.9889643788337708, 0.08156532049179077, 0.17606619000434875, 1.4030519723892212, 0.8681654334068298, 0.8721469044685364, 0.8721469044685364, 1.6475868225097656, '00:46']
[20, 0.4622173309326172, 0.46543848514556885, 0.9328747987747192, 0.9907530546188354, 0.07137717306613922, 0.17474199831485748, 1.3373035192489624, 0.8711327910423279, 0.8790704011917114, 0.8790704607963562, 1.0964374542236328, '00:46']
[21, 0.4613025486469269, 0.45175701379776, 0.9149995446205139, 0.9894247651100159, 0.089201919734478, 0.1754586398601532, 1.4093514680862427, 0.8456405997276306, 0.8503223061561584, 0.8503223061561584, 1.2835402488708496, '00:46']
Better model found at epoch 21 with valid_loss value: 0.45175701379776.
[22, 0.466900110244751, 0.4496499001979828, 0.9156572222709656, 0.9901562929153442, 0.08901523798704147, 0.175079807639122, 1.403655767440796, 0.8451750874519348, 0.850589394569397, 0.850589394569397, 1.4365620613098145, '00:46']
Better model found at epoch 22 with valid_loss value: 0.4496499001979828.
[23, 0.4624954164028168, 0.4569127559661865, 0.9200739860534668, 0.9866121411323547, 0.09114580601453781, 0.17760777473449707, 1.5350773334503174, 0.848854660987854, 0.8592206835746765, 0.8592206835746765, 2.551809549331665, '00:46']
[24, 0.45690271258354187, 0.45955535769462585, 0.9225718379020691, 0.9904358386993408, 0.08044219017028809, 0.17475047707557678, 1.3591281175613403, 0.8543871641159058, 0.8616355657577515, 0.8616355657577515, 1.0890655517578125, '00:46']
[25, 0.4602296054363251, 0.4561571478843689, 0.9151834845542908, 0.9880180358886719, 0.0903029590845108, 0.17621217668056488, 1.4768993854522705, 0.8455975651741028, 0.8504926562309265, 0.8504926562309265, 1.8445799350738525, '00:46']
[26, 0.4623306691646576, 0.4572564661502838, 0.9164875149726868, 0.9830940961837769, 0.09395462274551392, 0.17933574318885803, 1.648618459701538, 0.8321197032928467, 0.8508164286613464, 0.8508164286613464, 4.561771392822266, '00:46']
[27, 0.4644685983657837, 0.4477851688861847, 0.9097796678543091, 0.9879249334335327, 0.10200238227844238, 0.17657475173473358, 1.5181258916854858, 0.8336603045463562, 0.8405020236968994, 0.8405020236968994, 2.415245294570923, '00:46']
Better model found at epoch 27 with valid_loss value: 0.4477851688861847.
[28, 0.4515385627746582, 0.4541165828704834, 0.911704957485199, 0.9858657121658325, 0.09573831409215927, 0.17751449346542358, 1.5613741874694824, 0.831573486328125, 0.8437963724136353, 0.8437963724136353, 2.9009547233581543, '00:46']
[29, 0.4524886906147003, 0.4477674663066864, 0.9099768400192261, 0.9895263314247131, 0.09258154034614563, 0.17527887225151062, 1.4451580047607422, 0.837769091129303, 0.8413116931915283, 0.8413116931915283, 1.806148886680603, '00:46']
Better model found at epoch 29 with valid_loss value: 0.4477674663066864.
[30, 0.45984581112861633, 0.45912793278694153, 0.9206646680831909, 0.9877138733863831, 0.08380933105945587, 0.1763877272605896, 1.5282258987426758, 0.8501143455505371, 0.858279287815094, 0.858279287815094, 2.605531692504883, '00:46']
[31, 0.455558180809021, 0.47706323862075806, 0.9311519861221313, 0.9818901419639587, 0.07943755388259888, 0.18002533912658691, 1.5949232578277588, 0.8775274753570557, 0.8815924525260925, 0.8815924525260925, 6.507004737854004, '00:46']
[32, 0.45779821276664734, 0.45743486285209656, 0.9215106964111328, 0.9910450577735901, 0.0789545327425003, 0.17449647188186646, 1.3067905902862549, 0.854240894317627, 0.8614758849143982, 0.8614758849143982, 0.7469882965087891, '00:46']
[33, 0.45458418130874634, 0.4473707973957062, 0.9090340733528137, 0.9891527891159058, 0.0969957485795021, 0.1756761074066162, 1.4658247232437134, 0.8356974720954895, 0.840683102607727, 0.840683102607727, 1.7768441438674927, '00:46']
Better model found at epoch 33 with valid_loss value: 0.4473707973957062.
[34, 0.458265095949173, 0.44282546639442444, 0.9052122831344604, 0.9876845479011536, 0.11146121472120285, 0.1771610677242279, 1.5110596418380737, 0.8251035809516907, 0.8345261812210083, 0.8345261812210083, 2.7052087783813477, '00:46']
Better model found at epoch 34 with valid_loss value: 0.44282546639442444.
[35, 0.44954362511634827, 0.4438715875148773, 0.9042626023292542, 0.986206591129303, 0.10225589573383331, 0.17719456553459167, 1.5260344743728638, 0.8230070471763611, 0.8316463232040405, 0.8316463232040405, 2.6529648303985596, '00:46']
[36, 0.44659268856048584, 0.4486965537071228, 0.9146087169647217, 0.9901060461997986, 0.08649101108312607, 0.17502687871456146, 1.3913626670837402, 0.8443109393119812, 0.8498134016990662, 0.8498134016990662, 1.2199788093566895, '00:46']
[37, 0.4510212540626526, 0.4353441596031189, 0.896236002445221, 0.9890354871749878, 0.1093330979347229, 0.17573019862174988, 1.4591163396835327, 0.8125805258750916, 0.818583607673645, 0.818583607673645, 1.7404671907424927, '00:46']
Better model found at epoch 37 with valid_loss value: 0.4353441596031189.
[38, 0.4563935697078705, 0.4521597921848297, 0.9154506325721741, 0.9857710003852844, 0.09839163720607758, 0.1781180053949356, 1.5776852369308472, 0.838263988494873, 0.8500427603721619, 0.8500427603721619, 4.200367450714111, '00:46']
[39, 0.4456723928451538, 0.4587255120277405, 0.9224246740341187, 0.9914113879203796, 0.07749118655920029, 0.17415611445903778, 1.2416772842407227, 0.8540809154510498, 0.8633479475975037, 0.8633479475975037, 0.4773586690425873, '00:46']
[40, 0.44404900074005127, 0.43711382150650024, 0.8977507948875427, 0.9891788363456726, 0.1076073870062828, 0.1756659597158432, 1.4178930521011353, 0.8159862160682678, 0.822450578212738, 0.822450578212738, 1.2592521905899048, '00:46']
[41, 0.45594534277915955, 0.45297667384147644, 0.9173795580863953, 0.9904137849807739, 0.08482996374368668, 0.17473231256008148, 1.3639671802520752, 0.847440242767334, 0.8528762459754944, 0.8528762459754944, 1.0073812007904053, '00:46']
[42, 0.4573289752006531, 0.4398277699947357, 0.8996314406394958, 0.9902834296226501, 0.10433114320039749, 0.1749320775270462, 1.3944323062896729, 0.821393609046936, 0.825747013092041, 0.825747013092041, 1.2976237535476685, '00:46']
[43, 0.4602479636669159, 0.43702852725982666, 0.9018723368644714, 0.9894586205482483, 0.10710052400827408, 0.1755012720823288, 1.4281476736068726, 0.8215204477310181, 0.8269097805023193, 0.8269097805023193, 1.371741533279419, '00:46']
[44, 0.4623357951641083, 0.42792096734046936, 0.8896820545196533, 0.9886859655380249, 0.12522539496421814, 0.1762523055076599, 1.508642554283142, 0.7982564568519592, 0.8085561990737915, 0.8085561990737915, 2.2101545333862305, '00:46']
Better model found at epoch 44 with valid_loss value: 0.42792096734046936.
[45, 0.4567248523235321, 0.4362194538116455, 0.8955270648002625, 0.9883395433425903, 0.11428943276405334, 0.1763278990983963, 1.502959966659546, 0.8175111413002014, 0.8224062323570251, 0.8224062323570251, 2.6720712184906006, '00:46']
[46, 0.4378860294818878, 0.4507802426815033, 0.9008898138999939, 0.981903612613678, 0.10999434441328049, 0.17980681359767914, 1.6326631307601929, 0.8157979846000671, 0.8298557996749878, 0.8298557996749878, 4.072724342346191, '00:46']
[47, 0.45408692955970764, 0.4371469020843506, 0.8985916376113892, 0.9873617887496948, 0.1107245683670044, 0.1768212616443634, 1.5516533851623535, 0.8129156231880188, 0.822939932346344, 0.822939932346344, 2.7161049842834473, '00:46']
[48, 0.4486929774284363, 0.45498982071876526, 0.9183903932571411, 0.9895614981651306, 0.0824546217918396, 0.17526981234550476, 1.4139397144317627, 0.8509117960929871, 0.856898307800293, 0.856898307800293, 1.368796467781067, '00:46']
[49, 0.44198060035705566, 0.4442022740840912, 0.9025459289550781, 0.9859230518341064, 0.10483881086111069, 0.17745280265808105, 1.5578135251998901, 0.8176994323730469, 0.8292222619056702, 0.8292222619056702, 3.168787717819214, '00:46']
[50, 0.4447634518146515, 0.4533599615097046, 0.9115777611732483, 0.9851950407028198, 0.10203158110380173, 0.17813922464847565, 1.5205250978469849, 0.8436188697814941, 0.8490220308303833, 0.8490220308303833, 4.346569061279297, '00:46']
[51, 0.4430699348449707, 0.4512402415275574, 0.911439836025238, 0.9904179573059082, 0.0943533405661583, 0.17487779259681702, 1.3736861944198608, 0.8430203199386597, 0.8478550314903259, 0.8478550314903259, 1.1550592184066772, '00:46']
[52, 0.43947356939315796, 0.4463433623313904, 0.9092587828636169, 0.9895711541175842, 0.09257303923368454, 0.17530597746372223, 1.3967869281768799, 0.8359506726264954, 0.8417784571647644, 0.8417784571647644, 1.1849526166915894, '00:46']
No improvement since epoch 44: early stopping
----------
3
----------
DLS create!
[0, 0.5097710490226746, 0.4951816201210022, 0.9653165340423584, 0.9855148792266846, 0.04406573995947838, 0.17950940132141113, 1.5704716444015503, 0.9264724254608154, 0.9341716766357422, 0.9341716766357422, 3.4075169563293457, '00:46']
Better model found at epoch 0 with valid_loss value: 0.4951816201210022.
[1, 0.4987994134426117, 0.4937463700771332, 0.9651240706443787, 0.9862207174301147, 0.0396251305937767, 0.17859768867492676, 1.5411120653152466, 0.9283936023712158, 0.9338228702545166, 0.9338228702545166, 2.622269630432129, '00:46']
Better model found at epoch 1 with valid_loss value: 0.4937463700771332.
[2, 0.4936850666999817, 0.4912768304347992, 0.9643585085868835, 0.9896020293235779, 0.03825496882200241, 0.17620714008808136, 1.456762433052063, 0.9297500252723694, 0.9328340291976929, 0.9328340291976929, 1.78739333152771, '00:46']
Better model found at epoch 2 with valid_loss value: 0.4912768304347992.
[3, 0.4954914450645447, 0.4930930733680725, 0.9643152356147766, 0.9885510802268982, 0.03800522908568382, 0.17669180035591125, 1.50711190700531, 0.9297682642936707, 0.9323558807373047, 0.9323558807373047, 2.2840960025787354, '00:46']
[4, 0.4847303628921509, 0.48858216404914856, 0.9560725688934326, 0.9851374626159668, 0.04965746030211449, 0.17897309362888336, 1.612040400505066, 0.9115567803382874, 0.9183502793312073, 0.9183502793312073, 3.0512564182281494, '00:46']
Better model found at epoch 4 with valid_loss value: 0.48858216404914856.
[5, 0.49250665307044983, 0.47900286316871643, 0.9567693471908569, 0.9921620488166809, 0.05004106089472771, 0.17510390281677246, 1.3180580139160156, 0.9174131155014038, 0.919499933719635, 0.919499933719635, 0.6360357999801636, '00:46']
Better model found at epoch 5 with valid_loss value: 0.47900286316871643.
[6, 0.48456043004989624, 0.47864964604377747, 0.9475595355033875, 0.9874731302261353, 0.05820105969905853, 0.1771586537361145, 1.5281869173049927, 0.8958368897438049, 0.903678297996521, 0.903678297996521, 2.324979305267334, '00:46']
Better model found at epoch 6 with valid_loss value: 0.47864964604377747.
[7, 0.4823117256164551, 0.48896968364715576, 0.960151731967926, 0.9903044104576111, 0.041971608996391296, 0.1755269169807434, 1.406273603439331, 0.9245339035987854, 0.9262745976448059, 0.9262745976448059, 1.2162114381790161, '00:46']
[8, 0.4802003502845764, 0.49423813819885254, 0.9625886678695679, 0.9839929342269897, 0.047652069479227066, 0.1809607595205307, 1.605877161026001, 0.9270299673080444, 0.9299333691596985, 0.9299333691596985, 4.089673042297363, '00:46']
[9, 0.4774574637413025, 0.4715833365917206, 0.9433457851409912, 0.9897362589836121, 0.06276768445968628, 0.17609462141990662, 1.4658621549606323, 0.8918520212173462, 0.8965013027191162, 0.8965013027191162, 1.4906055927276611, '00:47']
Better model found at epoch 9 with valid_loss value: 0.4715833365917206.
[10, 0.46900367736816406, 0.4799077808856964, 0.9399403929710388, 0.9834166765213013, 0.06736951321363449, 0.1792636662721634, 1.6192121505737305, 0.875944972038269, 0.890590250492096, 0.890590250492096, 4.000301837921143, '00:46']
[11, 0.47697940468788147, 0.47202396392822266, 0.9418125748634338, 0.992438793182373, 0.05776451155543327, 0.17419935762882233, 1.251335859298706, 0.8895522356033325, 0.8955511450767517, 0.8955511450767517, 0.46215060353279114, '00:46']
[12, 0.46763530373573303, 0.4641629755496979, 0.9291109442710876, 0.9890325665473938, 0.07462216168642044, 0.17618033289909363, 1.4690049886703491, 0.8637679815292358, 0.8730432987213135, 0.8730432987213135, 1.7186903953552246, '00:46']
Better model found at epoch 12 with valid_loss value: 0.4641629755496979.
[13, 0.4651896059513092, 0.4939468502998352, 0.9428044557571411, 0.9776787161827087, 0.06153453141450882, 0.1822052150964737, 1.6974619626998901, 0.8767316341400146, 0.8957054018974304, 0.8957054018974304, 6.611478328704834, '00:46']
[14, 0.46313992142677307, 0.45226556062698364, 0.9221642017364502, 0.9899103045463562, 0.0822969451546669, 0.1759900450706482, 1.4361169338226318, 0.8543993234634399, 0.860885739326477, 0.860885739326477, 1.3169684410095215, '00:46']
Better model found at epoch 14 with valid_loss value: 0.45226556062698364.
[15, 0.46653100848197937, 0.46236881613731384, 0.93451988697052, 0.9925287961959839, 0.06654880195856094, 0.17428046464920044, 1.260837197303772, 0.8780079483985901, 0.8824698328971863, 0.8824698328971863, 0.4761548638343811, '00:46']
[16, 0.46087849140167236, 0.4784182906150818, 0.9439981579780579, 0.9846019148826599, 0.05939805507659912, 0.1789025515317917, 1.6037331819534302, 0.8894928097724915, 0.8979939222335815, 0.8979939222335815, 3.5935065746307373, '00:46']
[17, 0.4626900851726532, 0.4639875292778015, 0.9261780977249146, 0.9849608540534973, 0.08069155365228653, 0.178744375705719, 1.591850996017456, 0.8520562052726746, 0.8680362105369568, 0.8680362105369568, 2.9097163677215576, '00:46']
[18, 0.45727798342704773, 0.4618598222732544, 0.9271294474601746, 0.989456057548523, 0.07726134359836578, 0.17594735324382782, 1.4542217254638672, 0.865013062953949, 0.8707134127616882, 0.8707134127616882, 1.4296270608901978, '00:46']
[19, 0.46150341629981995, 0.46160387992858887, 0.9323654174804688, 0.9914129972457886, 0.07340851426124573, 0.17503800988197327, 1.3666514158248901, 0.8754580616950989, 0.8784931898117065, 0.8784931898117065, 0.8765441179275513, '00:46']
[20, 0.4629194438457489, 0.46264171600341797, 0.9259729981422424, 0.9846537709236145, 0.08559956401586533, 0.17931422591209412, 1.6151515245437622, 0.8531110286712646, 0.8680775761604309, 0.8680775761604309, 2.9584555625915527, '00:46']
[21, 0.4539231061935425, 0.4565073251724243, 0.9245680570602417, 0.9916806817054749, 0.07876188308000565, 0.17474323511123657, 1.309836506843567, 0.8596365451812744, 0.8668590188026428, 0.8668590188026428, 0.6790776252746582, '00:46']
[22, 0.4631009101867676, 0.4788670241832733, 0.947356104850769, 0.9908261895179749, 0.05687880143523216, 0.1752953827381134, 1.3917787075042725, 0.9020044803619385, 0.9056387543678284, 0.9056387543678284, 1.6180678606033325, '00:46']
No improvement since epoch 14: early stopping
----------
4
----------
DLS create!
[0, 0.5123429894447327, 0.5195133090019226, 0.9774237871170044, 0.9906570315361023, 0.029561331495642662, 0.17628689110279083, 1.358173131942749, 0.9575182199478149, 0.9564278721809387, 0.9564278721809387, 0.6722764372825623, '00:46']
Better model found at epoch 0 with valid_loss value: 0.5195133090019226.
[1, 0.4960087537765503, 0.5543671250343323, 0.982577919960022, 0.9525426626205444, 0.01886616088449955, 0.1947639137506485, 1.8348733186721802, 0.9606482982635498, 0.9663236141204834, 0.9663236141204834, 12.241196632385254, '00:46']
[2, 0.49678701162338257, 0.504348874092102, 0.9776551127433777, 0.9920695424079895, 0.01701219752430916, 0.1753067672252655, 1.2566883563995361, 0.9598606824874878, 0.956779956817627, 0.956779956817627, 0.2601376175880432, '00:46']
Better model found at epoch 2 with valid_loss value: 0.504348874092102.
[3, 0.4900391101837158, 0.5037899017333984, 0.965732991695404, 0.9902784824371338, 0.040194641798734665, 0.1753341257572174, 1.3694008588790894, 0.9343026280403137, 0.9355642199516296, 0.9355642199516296, 0.8671504855155945, '00:46']
Better model found at epoch 3 with valid_loss value: 0.5037899017333984.
[4, 0.4899342358112335, 0.48540055751800537, 0.957636296749115, 0.9904718995094299, 0.05029202252626419, 0.17569753527641296, 1.366605520248413, 0.9213906526565552, 0.9216196537017822, 0.9216196537017822, 0.7901694774627686, '00:46']
Better model found at epoch 4 with valid_loss value: 0.48540055751800537.
[5, 0.48461318016052246, 0.48008474707603455, 0.9509075880050659, 0.9882981777191162, 0.06173384562134743, 0.17675596475601196, 1.487391710281372, 0.903279185295105, 0.908251166343689, 0.908251166343689, 1.4689154624938965, '00:46']
Better model found at epoch 5 with valid_loss value: 0.48008474707603455.
[6, 0.4863337576389313, 0.48861053586006165, 0.9607812166213989, 0.9899687767028809, 0.047220803797245026, 0.17568835616111755, 1.384925127029419, 0.9266619682312012, 0.9267957806587219, 0.9267957806587219, 0.8563278913497925, '00:47']
[7, 0.4846871495246887, 0.4896008372306824, 0.9553585648536682, 0.9920815825462341, 0.04015304148197174, 0.17440392076969147, 1.2192844152450562, 0.9134047627449036, 0.9178763628005981, 0.9178763628005981, 0.2988390028476715, '00:46']
[8, 0.4802977442741394, 0.48647451400756836, 0.9475314021110535, 0.9828791618347168, 0.06203780323266983, 0.17939814925193787, 1.6211107969284058, 0.8913648724555969, 0.9038631319999695, 0.9038631319999695, 3.2036051750183105, '00:46']
[9, 0.4742431640625, 0.4775608777999878, 0.9469339847564697, 0.9899980425834656, 0.06294424831867218, 0.17571380734443665, 1.3788907527923584, 0.8977047801017761, 0.9023391008377075, 0.9023391008377075, 1.0609259605407715, '00:46']
Better model found at epoch 9 with valid_loss value: 0.4775608777999878.
[10, 0.4696974754333496, 0.4850129783153534, 0.9491574168205261, 0.9860749840736389, 0.06052727624773979, 0.17758667469024658, 1.5476032495498657, 0.8958810567855835, 0.9060441851615906, 0.9060441851615906, 2.571617603302002, '00:46']
[11, 0.469375878572464, 0.4823805093765259, 0.9461295008659363, 0.9914356470108032, 0.054913535714149475, 0.17431603372097015, 1.2456936836242676, 0.8960755467414856, 0.9016045331954956, 0.9016045331954956, 0.43389996886253357, '00:46']
[12, 0.4737968444824219, 0.48000773787498474, 0.9408852458000183, 0.9826547503471375, 0.07107514142990112, 0.1796959489583969, 1.5960429906845093, 0.873690128326416, 0.8909088969230652, 0.8909088969230652, 2.811269760131836, '00:46']
[13, 0.4656759798526764, 0.5023505687713623, 0.947283148765564, 0.9762528538703918, 0.05926932394504547, 0.18260066211223602, 1.6984785795211792, 0.878171980381012, 0.9026343822479248, 0.9026343822479248, 4.875032901763916, '00:46']
[14, 0.45996391773223877, 0.4867989122867584, 0.9385413527488708, 0.9808785915374756, 0.07310635596513748, 0.1805010885000229, 1.6501688957214355, 0.8666203022003174, 0.887085497379303, 0.887085497379303, 3.9734439849853516, '00:46']
[15, 0.46297669410705566, 0.47185224294662476, 0.9336845874786377, 0.9871106743812561, 0.07238448411226273, 0.17688049376010895, 1.480731725692749, 0.8698832988739014, 0.8789626359939575, 0.8789626359939575, 1.7159794569015503, '00:46']
Better model found at epoch 15 with valid_loss value: 0.47185224294662476.
[16, 0.4632178544998169, 0.46726247668266296, 0.933517336845398, 0.9898276329040527, 0.0700431540608406, 0.17535114288330078, 1.3630146980285645, 0.8751373887062073, 0.8788658380508423, 0.8788658380508423, 0.9906842708587646, '00:46']
Better model found at epoch 16 with valid_loss value: 0.46726247668266296.
[17, 0.4589063823223114, 0.4773597717285156, 0.9452860951423645, 0.9914900660514832, 0.05480293184518814, 0.17424426972866058, 1.2405198812484741, 0.8921849727630615, 0.9000574350357056, 0.9000574350357056, 0.4735942780971527, '00:46']
[18, 0.4572325050830841, 0.4650900959968567, 0.9255908131599426, 0.9885993599891663, 0.08082890510559082, 0.17601509392261505, 1.4515172243118286, 0.8584299683570862, 0.8660833835601807, 0.8660833835601807, 1.367733120918274, '00:46']
Better model found at epoch 18 with valid_loss value: 0.4650900959968567.
[19, 0.457015722990036, 0.5470425486564636, 0.9627305865287781, 0.9596719741821289, 0.04332590103149414, 0.19182613492012024, 1.8300889730453491, 0.8980823159217834, 0.9292571544647217, 0.9292571544647217, 9.591928482055664, '00:46']
[20, 0.4590766727924347, 0.4662717878818512, 0.9306994080543518, 0.9892124533653259, 0.07722315937280655, 0.17571881413459778, 1.4212754964828491, 0.8676723837852478, 0.8744725584983826, 0.8744725584983826, 1.2483505010604858, '00:46']
[21, 0.46596652269363403, 0.46202507615089417, 0.9260922074317932, 0.9887081980705261, 0.08645781874656677, 0.17622987926006317, 1.4668806791305542, 0.8591610193252563, 0.8663578629493713, 0.8663578629493713, 1.3915181159973145, '00:46']
Better model found at epoch 21 with valid_loss value: 0.46202507615089417.
[22, 0.4589346647262573, 0.46838805079460144, 0.9323639869689941, 0.9906890392303467, 0.074968121945858, 0.1748519092798233, 1.360190987586975, 0.873076856136322, 0.8781383633613586, 0.8781383633613586, 0.8570488095283508, '00:47']
[23, 0.459987610578537, 0.46613001823425293, 0.9311615824699402, 0.98520427942276, 0.08247527480125427, 0.17846572399139404, 1.5761234760284424, 0.8542645573616028, 0.8739981651306152, 0.8739981651306152, 2.657712936401367, '00:46']
[24, 0.4526788890361786, 0.46841198205947876, 0.928736686706543, 0.9877774715423584, 0.07770678400993347, 0.17647084593772888, 1.451984167098999, 0.864662766456604, 0.8721543550491333, 0.8721543550491333, 1.4905928373336792, '00:46']
[25, 0.44630753993988037, 0.4581647217273712, 0.9199097752571106, 0.9886400103569031, 0.08623199909925461, 0.17604048550128937, 1.4499385356903076, 0.8478581309318542, 0.8564601540565491, 0.8564601540565491, 1.3583407402038574, '00:46']
Better model found at epoch 25 with valid_loss value: 0.4581647217273712.
[26, 0.4578078091144562, 0.4640290439128876, 0.918329119682312, 0.9868321418762207, 0.09146491438150406, 0.17690373957157135, 1.5314620733261108, 0.8485487103462219, 0.8553937673568726, 0.8553937673568726, 1.981815218925476, '00:46']
[27, 0.4495428204536438, 0.46543988585472107, 0.9246346950531006, 0.9912157654762268, 0.07669594883918762, 0.174398273229599, 1.2726478576660156, 0.8571298122406006, 0.8666002154350281, 0.8666002154350281, 0.6197043061256409, '00:46']
[28, 0.4617129862308502, 0.4603724777698517, 0.9212355017662048, 0.988957941532135, 0.08410141617059708, 0.1757524460554123, 1.4266303777694702, 0.8511003255844116, 0.8589518070220947, 0.8589518070220947, 1.2598578929901123, '00:46']
[29, 0.4476885199546814, 0.45016640424728394, 0.9114262461662292, 0.9893865585327148, 0.09484678506851196, 0.17556080222129822, 1.4003651142120361, 0.8353296518325806, 0.842267632484436, 0.842267632484436, 1.1368850469589233, '00:46']
Better model found at epoch 29 with valid_loss value: 0.45016640424728394.
[30, 0.4486771523952484, 0.48052653670310974, 0.9340184926986694, 0.9822083711624146, 0.07183932512998581, 0.1792883723974228, 1.6404398679733276, 0.8580442070960999, 0.8798511028289795, 0.8798511028289795, 3.6383883953094482, '00:46']
[31, 0.45324644446372986, 0.45790988206863403, 0.9176245331764221, 0.987309455871582, 0.09241219609975815, 0.1767740696668625, 1.5002281665802002, 0.841267466545105, 0.8525068163871765, 0.8525068759918213, 1.7913763523101807, '00:46']
[32, 0.43995898962020874, 0.45656856894493103, 0.9154018759727478, 0.9886003732681274, 0.09922771155834198, 0.1764388382434845, 1.4208970069885254, 0.8453517556190491, 0.8542158603668213, 0.8542159795761108, 1.5112916231155396, '00:47']
[33, 0.4478062093257904, 0.4659312069416046, 0.9224775433540344, 0.9883933067321777, 0.08343692868947983, 0.1760299950838089, 1.4335155487060547, 0.8528468012809753, 0.8613978028297424, 0.8613978028297424, 1.4310054779052734, '00:46']
[34, 0.4492686092853546, 0.4766141474246979, 0.929641604423523, 0.9818193912506104, 0.08242762833833694, 0.18020249903202057, 1.6506975889205933, 0.8518356680870056, 0.8735208511352539, 0.8735208511352539, 3.4727113246917725, '00:46']
[35, 0.4466736316680908, 0.46109962463378906, 0.9174559712409973, 0.9849612712860107, 0.09180749207735062, 0.17803868651390076, 1.5749773979187012, 0.835695207118988, 0.8509509563446045, 0.8509509563446045, 2.4237489700317383, '00:46']
[36, 0.45076456665992737, 0.4662766456604004, 0.9216312170028687, 0.9842302799224854, 0.08849453181028366, 0.17851141095161438, 1.5623533725738525, 0.8530044555664062, 0.8634568452835083, 0.8634568452835083, 3.2927095890045166, '00:46']
[37, 0.4505017399787903, 0.45218899846076965, 0.9148122668266296, 0.9878939390182495, 0.09616692364215851, 0.17661139369010925, 1.454991102218628, 0.8319250345230103, 0.8467899560928345, 0.8467899560928345, 1.5792673826217651, '00:46']
No improvement since epoch 29: early stopping
PSPNet_dense161 Done!
