Models will save to PSPNet_incv4_x
Use inceptionv4 encoder
Start training...
----------
0
----------
DLS create!
[0, 0.5231925249099731, 0.5917654633522034, 0.9845601916313171, 0.9912921190261841, 0.015418993309140205, 0.17600351572036743, 1.2801694869995117, 0.9726539850234985, 0.969913899898529, 0.969913899898529, 0.32353323698043823, '00:28']
Better model found at epoch 0 with valid_loss value: 0.5917654633522034.
[1, 0.507301926612854, 0.499419629573822, 0.9710639119148254, 0.991853654384613, 0.029159098863601685, 0.1741541028022766, 1.1892520189285278, 0.9463115334510803, 0.9469611644744873, 0.9469611644744873, 0.23380453884601593, '00:28']
Better model found at epoch 1 with valid_loss value: 0.499419629573822.
[2, 0.49873867630958557, 0.49945786595344543, 0.9657930135726929, 0.991249144077301, 0.03654978424310684, 0.17477938532829285, 1.2581653594970703, 0.9374631643295288, 0.9357758164405823, 0.9357758164405823, 0.35438698530197144, '00:28']
[3, 0.4956364631652832, 0.4825778901576996, 0.9513052105903625, 0.9907675385475159, 0.05567922815680504, 0.1749781221151352, 1.3081210851669312, 0.9160754680633545, 0.9140152931213379, 0.9140152931213379, 0.583795428276062, '00:29']
Better model found at epoch 3 with valid_loss value: 0.4825778901576996.
[4, 0.493558406829834, 0.495237797498703, 0.9641923308372498, 0.9917277097702026, 0.035830091685056686, 0.174228236079216, 1.1709223985671997, 0.9323270320892334, 0.9364453554153442, 0.9364453554153442, 0.2502442002296448, '00:27']
[5, 0.49042320251464844, 0.4767434000968933, 0.9437239170074463, 0.985135018825531, 0.06829136610031128, 0.17845259606838226, 1.5339045524597168, 0.8916212916374207, 0.8975927233695984, 0.8975927233695984, 1.8950802087783813, '00:27']
Better model found at epoch 5 with valid_loss value: 0.4767434000968933.
[6, 0.4960044324398041, 0.5048750042915344, 0.9597200155258179, 0.9908440709114075, 0.04516390338540077, 0.17502295970916748, 1.2852036952972412, 0.9246888756752014, 0.9249156713485718, 0.9249156713485718, 0.4896935224533081, '00:28']
[7, 0.49263399839401245, 0.48427408933639526, 0.9546651840209961, 0.9902259707450867, 0.05074293538928032, 0.17549268901348114, 1.3341799974441528, 0.9192535281181335, 0.917418897151947, 0.917418897151947, 0.6093705892562866, '00:28']
[8, 0.49355441331863403, 0.485747367143631, 0.945114254951477, 0.9791060090065002, 0.06288638710975647, 0.18146958947181702, 1.6584981679916382, 0.8861764073371887, 0.8989570140838623, 0.8989570140838623, 3.432138442993164, '00:28']
[9, 0.4938047528266907, 0.4790111482143402, 0.9510871767997742, 0.9893255233764648, 0.05770941451191902, 0.1762615144252777, 1.3858319520950317, 0.9092342257499695, 0.9094485640525818, 0.9094485640525818, 0.9065130352973938, '00:27']
[10, 0.48750656843185425, 0.489895761013031, 0.9578163623809814, 0.9911357164382935, 0.04836776480078697, 0.17475491762161255, 1.2612096071243286, 0.9256483912467957, 0.9230998158454895, 0.9230998158454895, 0.40457969903945923, '00:29']
[11, 0.4845387935638428, 0.4841693043708801, 0.9563243985176086, 0.9918867945671082, 0.043933749198913574, 0.17454273998737335, 1.2160955667495728, 0.9209484457969666, 0.9197897911071777, 0.9197897911071777, 0.24433831870555878, '00:29']
[12, 0.48461851477622986, 0.48724493384361267, 0.93758624792099, 0.9896657466888428, 0.0657539814710617, 0.17524677515029907, 1.3311611413955688, 0.8865125775337219, 0.8895707130432129, 0.8895707130432129, 0.8610008358955383, '00:30']
[13, 0.48394152522087097, 0.46996575593948364, 0.9366517663002014, 0.9899200201034546, 0.0688810646533966, 0.17533032596111298, 1.3623013496398926, 0.8860714435577393, 0.8877524137496948, 0.8877524137496948, 0.7920428514480591, '00:28']
Better model found at epoch 13 with valid_loss value: 0.46996575593948364.
[14, 0.4824228286743164, 0.46392250061035156, 0.928207278251648, 0.990902841091156, 0.07805599272251129, 0.1746952086687088, 1.2968976497650146, 0.8725439310073853, 0.8755672574043274, 0.8755672574043274, 0.6545670628547668, '00:28']
Better model found at epoch 14 with valid_loss value: 0.46392250061035156.
[15, 0.4868670105934143, 0.4841955602169037, 0.9515138268470764, 0.9892632365226746, 0.05887889489531517, 0.1759301722049713, 1.3510944843292236, 0.9112789034843445, 0.9115078449249268, 0.9115078449249268, 0.8822771310806274, '00:28']
[16, 0.4819715917110443, 0.47860726714134216, 0.9442539811134338, 0.9858899712562561, 0.06686240434646606, 0.17790639400482178, 1.5177935361862183, 0.8978383541107178, 0.898696780204773, 0.898696780204773, 1.880232334136963, '00:28']
[17, 0.4791829586029053, 0.4687918722629547, 0.9327666759490967, 0.9871423840522766, 0.07608097791671753, 0.17695479094982147, 1.479974627494812, 0.8742771148681641, 0.8802017569541931, 0.8802017569541931, 1.513112187385559, '00:27']
[18, 0.4825379252433777, 0.4749690890312195, 0.9397023320198059, 0.983683705329895, 0.07313337177038193, 0.17945647239685059, 1.5844074487686157, 0.8802552819252014, 0.8890928626060486, 0.8890928626060486, 2.5993854999542236, '00:28']
[19, 0.47933435440063477, 0.47682997584342957, 0.9414647817611694, 0.9848625659942627, 0.06471976637840271, 0.17833736538887024, 1.53656804561615, 0.8879807591438293, 0.8922934532165527, 0.892293393611908, 1.9115824699401855, '00:27']
[20, 0.47402071952819824, 0.51458340883255, 0.9592981934547424, 0.9730611443519592, 0.045260198414325714, 0.1840670257806778, 1.710795283317566, 0.9119375348091125, 0.9233657121658325, 0.9233657121658325, 4.260889053344727, '00:28']
[21, 0.48024341464042664, 0.46215635538101196, 0.9275492429733276, 0.9888322353363037, 0.08437416702508926, 0.17615674436092377, 1.4179720878601074, 0.869825005531311, 0.8730666041374207, 0.8730666041374207, 1.1141719818115234, '00:27']
Better model found at epoch 21 with valid_loss value: 0.46215635538101196.
[22, 0.47562524676322937, 0.4631338119506836, 0.9341587424278259, 0.990310549736023, 0.07393170893192291, 0.17535050213336945, 1.3402042388916016, 0.8803480267524719, 0.881808340549469, 0.881808340549469, 0.7520915269851685, '00:28']
[23, 0.47318434715270996, 0.47338050603866577, 0.9402956962585449, 0.9912329316139221, 0.0639466643333435, 0.17465990781784058, 1.236482858657837, 0.8916208148002625, 0.8947508335113525, 0.8947508931159973, 0.446632444858551, '00:28']
[24, 0.47347256541252136, 0.46485406160354614, 0.9321890473365784, 0.9883629083633423, 0.07385267317295074, 0.17626717686653137, 1.4512403011322021, 0.8771883845329285, 0.8770220279693604, 0.8770220279693604, 1.2494206428527832, '00:29']
[25, 0.4770949184894562, 0.46480512619018555, 0.9307109713554382, 0.9914149641990662, 0.07159161567687988, 0.17440691590309143, 1.2373710870742798, 0.8732057809829712, 0.8780481815338135, 0.8780481815338135, 0.44578662514686584, '00:28']
[26, 0.46596646308898926, 0.4618925154209137, 0.9212347865104675, 0.989707350730896, 0.08386915922164917, 0.17529135942459106, 1.3610202074050903, 0.8608272075653076, 0.8636538982391357, 0.8636538982391357, 0.9484172463417053, '00:28']
Better model found at epoch 26 with valid_loss value: 0.4618925154209137.
[27, 0.4691855311393738, 0.43832364678382874, 0.9034688472747803, 0.9905701875686646, 0.10909919440746307, 0.1753174513578415, 1.3381361961364746, 0.8284252285957336, 0.8311483263969421, 0.8311483263969421, 0.7745301723480225, '00:30']
Better model found at epoch 27 with valid_loss value: 0.43832364678382874.
[28, 0.4687485694885254, 0.4607572853565216, 0.922451913356781, 0.9880759716033936, 0.08424215763807297, 0.1763542890548706, 1.458001971244812, 0.862213134765625, 0.8641616106033325, 0.8641616106033325, 1.3100767135620117, '00:28']
[29, 0.4751126170158386, 0.4723185896873474, 0.9321287870407104, 0.9871404767036438, 0.07457485049962997, 0.1767476350069046, 1.4700729846954346, 0.8725901246070862, 0.8794004917144775, 0.8794004917144775, 1.4615992307662964, '00:27']
[30, 0.46654263138771057, 0.4577091336250305, 0.9196245074272156, 0.9882232546806335, 0.08591167628765106, 0.17622724175453186, 1.4495161771774292, 0.8533865809440613, 0.8594273328781128, 0.8594273328781128, 1.298910140991211, '00:28']
[31, 0.4643635153770447, 0.4576912224292755, 0.9189722537994385, 0.98836749792099, 0.08461938053369522, 0.17605414986610413, 1.4030534029006958, 0.8530595302581787, 0.8597097992897034, 0.8597097992897034, 1.1410325765609741, '00:28']
[32, 0.45948344469070435, 0.48535388708114624, 0.927250325679779, 0.9915776252746582, 0.07587893307209015, 0.1741449385881424, 1.2239594459533691, 0.8690631985664368, 0.8747819066047668, 0.8747819066047668, 0.4399908483028412, '00:28']
[33, 0.4607784152030945, 0.4585563838481903, 0.9206048250198364, 0.9909042716026306, 0.08333991467952728, 0.17463314533233643, 1.2717008590698242, 0.8507472276687622, 0.8601382970809937, 0.8601382970809937, 0.5974282622337341, '00:27']
[34, 0.4609406888484955, 0.44198402762413025, 0.9056764841079712, 0.991805911064148, 0.10174170881509781, 0.17426463961601257, 1.2311140298843384, 0.8272202610969543, 0.8368006348609924, 0.8368006348609924, 0.4847894012928009, '00:28']
[35, 0.46421530842781067, 0.45986589789390564, 0.9198829531669617, 0.9852920770645142, 0.08465376496315002, 0.1779351383447647, 1.5298056602478027, 0.8461503386497498, 0.8578422665596008, 0.8578422665596008, 1.9082164764404297, '00:27']
No improvement since epoch 27: early stopping
----------
1
----------
DLS create!
[0, 0.5200917720794678, 0.5208792090415955, 0.9834717512130737, 0.992955207824707, 0.003263759193941951, 0.1772361546754837, 1.2635122537612915, 0.973592221736908, 0.9677059054374695, 0.9677059054374695, 0.06628258526325226, '00:29']
Better model found at epoch 0 with valid_loss value: 0.5208792090415955.
[1, 0.5062800645828247, 0.4970596730709076, 0.9679474830627441, 0.9887464642524719, 0.04161108285188675, 0.17817968130111694, 1.4377316236495972, 0.9412717223167419, 0.9388763308525085, 0.9388763308525085, 1.5388141870498657, '00:27']
Better model found at epoch 1 with valid_loss value: 0.4970596730709076.
[2, 0.5038793683052063, 0.5035793781280518, 0.9667660593986511, 0.9902821183204651, 0.03386654332280159, 0.17524264752864838, 1.3541520833969116, 0.938400149345398, 0.9373698830604553, 0.9373698830604553, 1.204644799232483, '00:28']
[3, 0.5016627907752991, 0.486144483089447, 0.9616230130195618, 0.9904493689537048, 0.041693732142448425, 0.17572885751724243, 1.3776638507843018, 0.9312595725059509, 0.9274875521659851, 0.9274875521659851, 0.9863460659980774, '00:29']
Better model found at epoch 3 with valid_loss value: 0.486144483089447.
[4, 0.4957309365272522, 0.4941529631614685, 0.9644233584403992, 0.9868317246437073, 0.03845306485891342, 0.17747369408607483, 1.4969592094421387, 0.9337106943130493, 0.9333063364028931, 0.9333063364028931, 2.444748640060425, '00:29']
[5, 0.4989718198776245, 0.5119981169700623, 0.9830071330070496, 0.9919981360435486, 0.01323066744953394, 0.17446227371692657, 1.242931604385376, 0.9689705967903137, 0.9678364992141724, 0.9678364992141724, 0.4432809352874756, '00:28']
[6, 0.49647751450538635, 0.5028236508369446, 0.9544917941093445, 0.9718527793884277, 0.05607476830482483, 0.18641537427902222, 1.7440321445465088, 0.8978818655014038, 0.9145997166633606, 0.9145997166633606, 7.779857635498047, '00:28']
[7, 0.4921581447124481, 0.4796655476093292, 0.9528140425682068, 0.9895643591880798, 0.048833493143320084, 0.17597942054271698, 1.4196665287017822, 0.9140164852142334, 0.9116091132164001, 0.9116091132164001, 1.3717366456985474, '00:28']
Better model found at epoch 7 with valid_loss value: 0.4796655476093292.
[8, 0.4898317754268646, 0.4750343859195709, 0.9473800659179688, 0.988289475440979, 0.06053652986884117, 0.17695467174053192, 1.474984884262085, 0.9039527773857117, 0.9023590683937073, 0.9023590683937073, 2.0985419750213623, '00:29']
Better model found at epoch 8 with valid_loss value: 0.4750343859195709.
[9, 0.4844479560852051, 0.4950372278690338, 0.9506898522377014, 0.9821422696113586, 0.05613872781395912, 0.17989012598991394, 1.6290851831436157, 0.9053404331207275, 0.9080028533935547, 0.9080028533935547, 4.0651116371154785, '00:27']
[10, 0.48271965980529785, 0.4825572371482849, 0.9527296423912048, 0.984613299369812, 0.06625442951917648, 0.180776908993721, 1.5768346786499023, 0.9043025374412537, 0.9114071726799011, 0.9114071726799011, 3.298247814178467, '00:29']
[11, 0.4859989285469055, 0.48319095373153687, 0.9560704231262207, 0.9892666935920715, 0.046950943768024445, 0.1764523833990097, 1.4333508014678955, 0.9208822250366211, 0.9173817038536072, 0.9173817038536072, 1.7391753196716309, '00:29']
[12, 0.4860745668411255, 0.4647209942340851, 0.9363744258880615, 0.9884549379348755, 0.07492383569478989, 0.1770419180393219, 1.4737154245376587, 0.8823976516723633, 0.8828801512718201, 0.8828801512718201, 1.8498419523239136, '00:28']
Better model found at epoch 12 with valid_loss value: 0.4647209942340851.
[13, 0.4856966733932495, 0.5069462060928345, 0.9744148850440979, 0.9926280975341797, 0.020346663892269135, 0.17384161055088043, 1.162536382675171, 0.9442132115364075, 0.9511123299598694, 0.9511123299598694, 0.20840921998023987, '00:29']
[14, 0.4837469756603241, 0.47884324193000793, 0.9526821970939636, 0.9892283082008362, 0.05026872828602791, 0.17658750712871552, 1.4039206504821777, 0.9125809073448181, 0.9118316769599915, 0.9118316769599915, 1.9880967140197754, '00:29']
[15, 0.47807741165161133, 0.4683481454849243, 0.9322704672813416, 0.9813038110733032, 0.08423039317131042, 0.18079935014247894, 1.638383388519287, 0.8623713254928589, 0.8759458661079407, 0.8759458661079407, 3.6545660495758057, '00:29']
[16, 0.47744855284690857, 0.49584269523620605, 0.9515334367752075, 0.980697751045227, 0.05590574070811272, 0.18066532909870148, 1.6349763870239258, 0.906216561794281, 0.9100056886672974, 0.9100056886672974, 5.139477729797363, '00:29']
[17, 0.47055044770240784, 0.46676570177078247, 0.9351272583007812, 0.9875676035881042, 0.07491061091423035, 0.1771380454301834, 1.5066709518432617, 0.8804336190223694, 0.8815825581550598, 0.8815825581550598, 2.2168595790863037, '00:28']
[18, 0.46960878372192383, 0.500994861125946, 0.9573753476142883, 0.9778391122817993, 0.04751100018620491, 0.18199703097343445, 1.6097791194915771, 0.9134869575500488, 0.9200801253318787, 0.9200801253318787, 6.1485514640808105, '00:28']
[19, 0.47127506136894226, 0.4644801914691925, 0.9345744252204895, 0.9897329211235046, 0.06891115754842758, 0.17562618851661682, 1.3911951780319214, 0.8788009285926819, 0.8803133368492126, 0.8803133368492126, 1.0660383701324463, '00:28']
Better model found at epoch 19 with valid_loss value: 0.4644801914691925.
[20, 0.4632359743118286, 0.4712216556072235, 0.9382129311561584, 0.9880654215812683, 0.06625577807426453, 0.17668648064136505, 1.4596365690231323, 0.8870154023170471, 0.8873915076255798, 0.8873915076255798, 1.7238258123397827, '00:28']
[21, 0.47051939368247986, 0.481251060962677, 0.9431217312812805, 0.9807431101799011, 0.0646337941288948, 0.18050117790699005, 1.6316170692443848, 0.8876078724861145, 0.8947213888168335, 0.8947213888168335, 4.728179931640625, '00:28']
[22, 0.4667813181877136, 0.49093782901763916, 0.958824634552002, 0.9871401190757751, 0.043477971106767654, 0.17694440484046936, 1.4912844896316528, 0.9255602955818176, 0.9226111173629761, 0.9226111173629761, 1.6781983375549316, '00:30']
[23, 0.4653511643409729, 0.5079493522644043, 0.9738516807556152, 0.9925236701965332, 0.023466497659683228, 0.17397631704807281, 1.1817420721054077, 0.9467873573303223, 0.9498165249824524, 0.9498165249824524, 0.1933717280626297, '00:28']
[24, 0.47239530086517334, 0.4841032326221466, 0.9429945349693298, 0.9832669496536255, 0.062305036932229996, 0.17918549478054047, 1.612436056137085, 0.8905424475669861, 0.8949242830276489, 0.8949242830276489, 4.025079250335693, '00:28']
[25, 0.47019410133361816, 0.4803014397621155, 0.9475651383399963, 0.9910465478897095, 0.05107095465064049, 0.1748437136411667, 1.3122494220733643, 0.8994640111923218, 0.9023452401161194, 0.9023452401161194, 0.6881869435310364, '00:28']
[26, 0.4795478284358978, 0.49744486808776855, 0.9541262984275818, 0.9901526570320129, 0.0531647764146328, 0.1756843775510788, 1.395543098449707, 0.9173464775085449, 0.9143098592758179, 0.9143098592758179, 1.0766154527664185, '00:29']
[27, 0.47780054807662964, 0.4721355140209198, 0.9359863996505737, 0.9852202534675598, 0.07655292004346848, 0.17855341732501984, 1.5224353075027466, 0.8793128132820129, 0.8827850818634033, 0.8827850818634033, 3.119422197341919, '00:28']
No improvement since epoch 19: early stopping
----------
2
----------
DLS create!
[0, 0.518321692943573, 0.5151998400688171, 0.9709576368331909, 0.9880021810531616, 0.03345554694533348, 0.17630763351917267, 1.3791593313217163, 0.949966311454773, 0.9446315765380859, 0.9446315765380859, 0.7979603409767151, '00:27']
Better model found at epoch 0 with valid_loss value: 0.5151998400688171.
[1, 0.5102259516716003, 0.5071074366569519, 0.9784465432167053, 0.9914199113845825, 0.011513150297105312, 0.1742687225341797, 1.1583842039108276, 0.9585005044937134, 0.9581529498100281, 0.9581529498100281, 0.12565380334854126, '00:30']
Better model found at epoch 1 with valid_loss value: 0.5071074366569519.
[2, 0.5060529708862305, 0.5079188346862793, 0.9722176194190979, 0.98319011926651, 0.030733000487089157, 0.1801823526620865, 1.4951982498168945, 0.9539100527763367, 0.9471297860145569, 0.9471297860145569, 1.8758009672164917, '00:28']
[3, 0.499677836894989, 0.5142972469329834, 0.9822588562965393, 0.9913790225982666, 0.011219819076359272, 0.1740880310535431, 1.1628880500793457, 0.9642632603645325, 0.9654977917671204, 0.9654977917671204, 0.13784223794937134, '00:28']
[4, 0.4924798011779785, 0.5008058547973633, 0.9726012349128723, 0.9901725053787231, 0.023757250979542732, 0.17490603029727936, 1.269545316696167, 0.9505714178085327, 0.947285532951355, 0.947285532951355, 0.4023546576499939, '00:28']
Better model found at epoch 4 with valid_loss value: 0.5008058547973633.
[5, 0.48837777972221375, 0.541835606098175, 0.970096230506897, 0.9598578214645386, 0.03227579593658447, 0.19057528674602509, 1.7762322425842285, 0.9352312684059143, 0.9426750540733337, 0.9426750540733337, 6.105423450469971, '00:29']
[6, 0.49162691831588745, 0.5085037350654602, 0.9759075045585632, 0.9914993643760681, 0.019241996109485626, 0.17381598055362701, 1.1283446550369263, 0.9489008188247681, 0.9541800022125244, 0.9541800022125244, 0.12235338985919952, '00:29']
[7, 0.49030911922454834, 0.4865436851978302, 0.9595937132835388, 0.9904778599739075, 0.0396476686000824, 0.1750377118587494, 1.248051643371582, 0.9264799356460571, 0.9239100813865662, 0.9239100813865662, 0.39324113726615906, '00:28']
Better model found at epoch 7 with valid_loss value: 0.4865436851978302.
[8, 0.48746684193611145, 0.518515944480896, 0.9899939894676208, 0.9918698668479919, 0.0047078304924070835, 0.17357797920703888, 1.0571231842041016, 0.9749608039855957, 0.9804555773735046, 0.9804555773735046, 0.028383398428559303, '00:29']
[9, 0.4851326644420624, 0.49123334884643555, 0.9553285837173462, 0.989099383354187, 0.0456162728369236, 0.17534713447093964, 1.3134018182754517, 0.9180391430854797, 0.9167671799659729, 0.9167671799659729, 0.6888371706008911, '00:29']
[10, 0.48364999890327454, 0.5026364922523499, 0.9613364338874817, 0.991014838218689, 0.037108372896909714, 0.17413531243801117, 1.1755497455596924, 0.9232147336006165, 0.9280170202255249, 0.9280170202255249, 0.23749658465385437, '00:27']
[11, 0.48311200737953186, 0.5000330209732056, 0.9671300649642944, 0.9910029172897339, 0.02885442227125168, 0.17417706549167633, 1.1793537139892578, 0.9310495853424072, 0.937807023525238, 0.937807023525238, 0.2534048557281494, '00:28']
[12, 0.48604312539100647, 0.48565590381622314, 0.9422353506088257, 0.9820830821990967, 0.06489512324333191, 0.17922791838645935, 1.549813151359558, 0.8873260617256165, 0.8927257657051086, 0.8927257657051086, 2.2622179985046387, '00:29']
Better model found at epoch 12 with valid_loss value: 0.48565590381622314.
[13, 0.4799317419528961, 0.5034946203231812, 0.962458074092865, 0.9830052852630615, 0.04501152038574219, 0.17933115363121033, 1.5373989343643188, 0.9295661449432373, 0.9292588829994202, 0.9292588829994202, 1.8530985116958618, '00:29']
[14, 0.4702409505844116, 0.49727576971054077, 0.9604180455207825, 0.9910638332366943, 0.038291867822408676, 0.17399302124977112, 1.1589993238449097, 0.9139597415924072, 0.9266427159309387, 0.9266427159309387, 0.2779028117656708, '00:27']
[15, 0.4850209057331085, 0.4880834221839905, 0.9548199772834778, 0.9872685670852661, 0.04755331948399544, 0.17650555074214935, 1.4161977767944336, 0.9182103872299194, 0.9147306680679321, 0.9147306680679321, 0.972969114780426, '00:28']
[16, 0.48437705636024475, 0.48294001817703247, 0.9415213465690613, 0.9815036654472351, 0.06540673971176147, 0.1795884519815445, 1.5767470598220825, 0.886569082736969, 0.8908482193946838, 0.8908482193946838, 2.2868473529815674, '00:28']
Better model found at epoch 16 with valid_loss value: 0.48294001817703247.
[17, 0.4768970310688019, 0.4730393588542938, 0.9352113008499146, 0.9869444370269775, 0.07108709216117859, 0.17652858793735504, 1.4273124933242798, 0.8803442716598511, 0.8814724087715149, 0.8814724087715149, 1.1438509225845337, '00:29']
Better model found at epoch 17 with valid_loss value: 0.4730393588542938.
[18, 0.47743746638298035, 0.4996013343334198, 0.9693883061408997, 0.9899958372116089, 0.03077738732099533, 0.175092875957489, 1.2599867582321167, 0.944882333278656, 0.9422470927238464, 0.9422470927238464, 0.5109015703201294, '00:28']
[19, 0.47787007689476013, 0.4733794927597046, 0.9353498220443726, 0.9862703680992126, 0.0721658244729042, 0.1769951432943344, 1.4552267789840698, 0.8799359798431396, 0.8813259601593018, 0.8813259601593018, 1.32478928565979, '00:29']
[20, 0.4784328043460846, 0.4887015223503113, 0.9507807493209839, 0.9828247427940369, 0.05502697825431824, 0.17957429587841034, 1.5414906740188599, 0.9079434275627136, 0.9072155356407166, 0.9072155356407166, 1.8555103540420532, '00:29']
[21, 0.4827542304992676, 0.47483712434768677, 0.9396103620529175, 0.9847750067710876, 0.0682394951581955, 0.17805029451847076, 1.5061917304992676, 0.8860937356948853, 0.8874905705451965, 0.8874905705451965, 1.6531161069869995, '00:27']
[22, 0.47873952984809875, 0.4926021099090576, 0.9555063843727112, 0.9847722053527832, 0.047815922647714615, 0.17783381044864655, 1.4647865295410156, 0.9159805178642273, 0.9163845777511597, 0.9163845777511597, 1.9748883247375488, '00:29']
[23, 0.47268804907798767, 0.4772765338420868, 0.9381349086761475, 0.9814342856407166, 0.07136223465204239, 0.1800714135169983, 1.5657691955566406, 0.8784869909286499, 0.885046124458313, 0.885046124458313, 2.325831413269043, '00:29']
[24, 0.46454304456710815, 0.49204325675964355, 0.9530749917030334, 0.9897981286048889, 0.04707014933228493, 0.17479968070983887, 1.2890586853027344, 0.9122855067253113, 0.912709653377533, 0.912709653377533, 0.6441935300827026, '00:29']
[25, 0.4740866422653198, 0.4756371080875397, 0.9435265064239502, 0.9908311367034912, 0.05963747575879097, 0.1745729148387909, 1.236467957496643, 0.8926591277122498, 0.8958421349525452, 0.8958421349525452, 0.39019519090652466, '00:28']
No improvement since epoch 17: early stopping
----------
3
----------
DLS create!
[0, 0.5094920992851257, 0.5330559611320496, 0.9635233283042908, 0.958644449710846, 0.04021807387471199, 0.19141051173210144, 1.7853280305862427, 0.9238123893737793, 0.9321219325065613, 0.9321219325065613, 7.15801477432251, '00:29']
Better model found at epoch 0 with valid_loss value: 0.5330559611320496.
[1, 0.5043396353721619, 0.5080643892288208, 0.9737117290496826, 0.9919140338897705, 0.018888216465711594, 0.17424920201301575, 1.2000083923339844, 0.9502953886985779, 0.9507036805152893, 0.9507036805152893, 0.2266654223203659, '00:28']
Better model found at epoch 1 with valid_loss value: 0.5080643892288208.
[2, 0.5019291043281555, 0.4951370656490326, 0.9614213705062866, 0.9826933145523071, 0.05947073549032211, 0.18306969106197357, 1.592525601387024, 0.9188125133514404, 0.9270432591438293, 0.9270432591438293, 2.321056604385376, '00:28']
Better model found at epoch 2 with valid_loss value: 0.4951370656490326.
[3, 0.49793896079063416, 0.48564213514328003, 0.9549155235290527, 0.9884504079818726, 0.05094689130783081, 0.17660768330097198, 1.4174350500106812, 0.9207113981246948, 0.9185869693756104, 0.9185869693756104, 1.03638756275177, '00:28']
Better model found at epoch 3 with valid_loss value: 0.48564213514328003.
[4, 0.49316537380218506, 0.4881734848022461, 0.943479597568512, 0.974319338798523, 0.06907560676336288, 0.18477849662303925, 1.696760892868042, 0.8752565383911133, 0.8946418762207031, 0.8946418762207031, 4.171741008758545, '00:28']
[5, 0.4917975664138794, 0.4763757884502411, 0.947449803352356, 0.9877042770385742, 0.06317652761936188, 0.17713774740695953, 1.4573477506637573, 0.9048506617546082, 0.9030306935310364, 0.9030306935310364, 1.2375632524490356, '00:29']
Better model found at epoch 5 with valid_loss value: 0.4763757884502411.
[6, 0.48675429821014404, 0.46659016609191895, 0.9367655515670776, 0.9882745742797852, 0.06936433911323547, 0.1766177862882614, 1.4351154565811157, 0.885236382484436, 0.8851717114448547, 0.8851717114448547, 1.1508656740188599, '00:28']
Better model found at epoch 6 with valid_loss value: 0.46659016609191895.
[7, 0.48809993267059326, 0.4711511433124542, 0.9347160458564758, 0.9847087860107422, 0.0731840655207634, 0.1785433143377304, 1.5401310920715332, 0.8742617964744568, 0.8810019493103027, 0.8810019493103027, 1.8092094659805298, '00:28']
[8, 0.485498309135437, 0.4697481393814087, 0.927496075630188, 0.9875338077545166, 0.081064872443676, 0.17669999599456787, 1.471187949180603, 0.8698357343673706, 0.8716874122619629, 0.8716874122619629, 1.4647750854492188, '00:28']
[9, 0.48530063033103943, 0.4721578061580658, 0.9388357996940613, 0.9867748022079468, 0.07071082293987274, 0.17761607468128204, 1.4919601678848267, 0.8884927034378052, 0.890156626701355, 0.890156626701355, 1.5189765691757202, '00:28']
[10, 0.48236900568008423, 0.462712824344635, 0.9298486113548279, 0.9903042912483215, 0.07772326469421387, 0.17538867890834808, 1.340696930885315, 0.8771224021911621, 0.8759303689002991, 0.8759303689002991, 0.7113538384437561, '00:29']
Better model found at epoch 10 with valid_loss value: 0.462712824344635.
[11, 0.47959282994270325, 0.4791961908340454, 0.9445318579673767, 0.991631031036377, 0.058313999325037, 0.17435242235660553, 1.202299952507019, 0.902584433555603, 0.903596043586731, 0.903596043586731, 0.418120801448822, '00:28']
[12, 0.48040276765823364, 0.4641682505607605, 0.9324820041656494, 0.9887857437133789, 0.08731485903263092, 0.1768505573272705, 1.417129397392273, 0.8766220808029175, 0.8787676692008972, 0.8787676692008972, 1.1485896110534668, '00:29']
[13, 0.4810316264629364, 0.46808451414108276, 0.9364879727363586, 0.9894602298736572, 0.07278990745544434, 0.1760079264640808, 1.373952865600586, 0.8878441452980042, 0.887231707572937, 0.887231707572937, 0.9003151059150696, '00:29']
[14, 0.4764914810657501, 0.46212223172187805, 0.9230205416679382, 0.9889599680900574, 0.08457108587026596, 0.17595165967941284, 1.4074467420578003, 0.8606535196304321, 0.862450122833252, 0.862450122833252, 1.1256836652755737, '00:27']
Better model found at epoch 14 with valid_loss value: 0.46212223172187805.
[15, 0.47679147124290466, 0.47318458557128906, 0.9370231628417969, 0.9884563684463501, 0.06837411969900131, 0.1761496216058731, 1.4389368295669556, 0.8886239528656006, 0.8872818350791931, 0.8872818350791931, 1.2045154571533203, '00:30']
[16, 0.4756574332714081, 0.45622092485427856, 0.925597071647644, 0.9894886016845703, 0.0838417038321495, 0.17603953182697296, 1.3942803144454956, 0.8666634559631348, 0.8666990399360657, 0.8666990399360657, 0.952224612236023, '00:29']
Better model found at epoch 16 with valid_loss value: 0.45622092485427856.
[17, 0.47605207562446594, 0.48110297322273254, 0.9407334923744202, 0.9853031039237976, 0.0649355873465538, 0.17772483825683594, 1.5233783721923828, 0.8899629712104797, 0.8920992016792297, 0.8920992016792297, 1.7092536687850952, '00:29']
[18, 0.47203847765922546, 0.4722576439380646, 0.9383227825164795, 0.9915526509284973, 0.06598607450723648, 0.17443488538265228, 1.262737512588501, 0.8858773708343506, 0.8877481818199158, 0.8877481818199158, 0.45236486196517944, '00:29']
[19, 0.4707455635070801, 0.4902547597885132, 0.9398278594017029, 0.9921631217002869, 0.06068667769432068, 0.17401660978794098, 1.18436861038208, 0.8902562260627747, 0.8936160206794739, 0.8936160206794739, 0.2628763020038605, '00:29']
[20, 0.47536441683769226, 0.4551955759525299, 0.9208662509918213, 0.9910332560539246, 0.08684831112623215, 0.17478251457214355, 1.3168596029281616, 0.8609731197357178, 0.8598460555076599, 0.8598460555076599, 0.654022753238678, '00:28']
Better model found at epoch 20 with valid_loss value: 0.4551955759525299.
[21, 0.4632593095302582, 0.45427778363227844, 0.9171913266181946, 0.9908145666122437, 0.0899876281619072, 0.17488312721252441, 1.320207953453064, 0.8541204929351807, 0.8552980422973633, 0.8552980422973633, 0.7205643653869629, '00:28']
Better model found at epoch 21 with valid_loss value: 0.45427778363227844.
[22, 0.46801498532295227, 0.4569263756275177, 0.9214932918548584, 0.9910106062889099, 0.09380292892456055, 0.1749815046787262, 1.2788351774215698, 0.8600712418556213, 0.8616135120391846, 0.8616135120391846, 0.7123578786849976, '00:30']
[23, 0.45988035202026367, 0.46153923869132996, 0.9198098182678223, 0.9852074980735779, 0.08438558131456375, 0.17786912620067596, 1.560057282447815, 0.8498675227165222, 0.8563491106033325, 0.8563491106033325, 1.981040596961975, '00:28']
[24, 0.4644363224506378, 0.461986780166626, 0.9261611104011536, 0.9873907566070557, 0.08275091648101807, 0.17701810598373413, 1.4703530073165894, 0.8660019636154175, 0.8679913878440857, 0.8679913878440857, 1.4594346284866333, '00:27']
[25, 0.4654950797557831, 0.4457422196865082, 0.9070050716400146, 0.9890739917755127, 0.09973464161157608, 0.17600305378437042, 1.4270294904708862, 0.834721028804779, 0.8363877534866333, 0.8363877534866333, 1.1215327978134155, '00:28']
Better model found at epoch 25 with valid_loss value: 0.4457422196865082.
[26, 0.4622441828250885, 0.44854557514190674, 0.9106109142303467, 0.9900091290473938, 0.09840548783540726, 0.1753568798303604, 1.38190758228302, 0.8426951766014099, 0.8433372378349304, 0.8433372378349304, 0.9560331702232361, '00:28']
[27, 0.46547457575798035, 0.445204496383667, 0.9020267724990845, 0.9876852631568909, 0.10843916237354279, 0.17663949728012085, 1.4764018058776855, 0.8241374492645264, 0.8287022709846497, 0.8287022709846497, 1.5441027879714966, '00:28']
Better model found at epoch 27 with valid_loss value: 0.445204496383667.
[28, 0.4506317377090454, 0.4396461248397827, 0.8955259323120117, 0.9891198873519897, 0.11070424318313599, 0.1757497787475586, 1.4360657930374146, 0.8155686259269714, 0.8185516595840454, 0.8185516595840454, 1.2121433019638062, '00:28']
Better model found at epoch 28 with valid_loss value: 0.4396461248397827.
[29, 0.45614317059516907, 0.4435078799724579, 0.905887246131897, 0.9897775053977966, 0.1057053953409195, 0.17553599178791046, 1.3522404432296753, 0.8382203578948975, 0.8378387689590454, 0.8378387689590454, 0.8102608323097229, '00:28']
[30, 0.4605225920677185, 0.451911985874176, 0.9116029739379883, 0.9862111210823059, 0.09963011741638184, 0.17761333286762238, 1.5261636972427368, 0.833987295627594, 0.8437931537628174, 0.8437931537628174, 1.8825209140777588, '00:28']
[31, 0.46212682127952576, 0.43439316749572754, 0.8935588002204895, 0.9894871115684509, 0.11940240859985352, 0.17576947808265686, 1.4371556043624878, 0.8143789172172546, 0.8153904676437378, 0.8153904676437378, 1.1557955741882324, '00:29']
Better model found at epoch 31 with valid_loss value: 0.43439316749572754.
[32, 0.4592955410480499, 0.4520759582519531, 0.9089137315750122, 0.9897233843803406, 0.09458795934915543, 0.17538529634475708, 1.3861879110336304, 0.838863730430603, 0.8405188322067261, 0.8405188322067261, 0.9263896942138672, '00:29']
[33, 0.45513615012168884, 0.4299246370792389, 0.8901256918907166, 0.9894932508468628, 0.12047608941793442, 0.17576362192630768, 1.4119220972061157, 0.8088114857673645, 0.811277449131012, 0.811277449131012, 1.1848877668380737, '00:28']
Better model found at epoch 33 with valid_loss value: 0.4299246370792389.
[34, 0.45251724123954773, 0.437449187040329, 0.894727349281311, 0.9878998398780823, 0.11473485827445984, 0.17655327916145325, 1.49092698097229, 0.8106915950775146, 0.8166168332099915, 0.8166168332099915, 1.5100821256637573, '00:29']
[35, 0.4560275077819824, 0.4267019033432007, 0.8865537047386169, 0.988247811794281, 0.1309927999973297, 0.17657171189785004, 1.459001064300537, 0.8041694164276123, 0.8057190775871277, 0.8057190775871277, 1.4793261289596558, '00:30']
Better model found at epoch 35 with valid_loss value: 0.4267019033432007.
[36, 0.4559354782104492, 0.4433388411998749, 0.9046490788459778, 0.9895437359809875, 0.10139667242765427, 0.17556744813919067, 1.4101088047027588, 0.8300888538360596, 0.8310896754264832, 0.8310896754264832, 1.0721975564956665, '00:28']
[37, 0.45185041427612305, 0.4336683452129364, 0.8906530141830444, 0.9915447235107422, 0.12145806849002838, 0.17464391887187958, 1.2995647192001343, 0.8131425380706787, 0.8141948580741882, 0.8141948580741882, 0.6644896268844604, '00:28']
[38, 0.45222046971321106, 0.4273597300052643, 0.885376513004303, 0.9897676110267639, 0.12908689677715302, 0.1756681203842163, 1.4210436344146729, 0.8022957444190979, 0.8029427528381348, 0.8029427528381348, 1.09352707862854, '00:29']
[39, 0.4591652452945709, 0.44522425532341003, 0.9101381897926331, 0.98946613073349, 0.09675589203834534, 0.1756766438484192, 1.4133179187774658, 0.8392347097396851, 0.839701771736145, 0.839701771736145, 1.0530714988708496, '00:28']
[40, 0.4460659921169281, 0.4681190848350525, 0.9196577668190002, 0.9801622629165649, 0.09083803743124008, 0.18077634274959564, 1.6515737771987915, 0.8403920531272888, 0.8565235733985901, 0.8565235733985901, 3.2329068183898926, '00:29']
[41, 0.4426223039627075, 0.5434925556182861, 0.9484571218490601, 0.9911848902702332, 0.05376207455992699, 0.1743762493133545, 1.2517980337142944, 0.9040265083312988, 0.9084271192550659, 0.9084271192550659, 0.5214906334877014, '00:28']
[42, 0.4469849169254303, 0.44078055024147034, 0.902140200138092, 0.9908048510551453, 0.10644972324371338, 0.17488284409046173, 1.3411577939987183, 0.8292371034622192, 0.8290269374847412, 0.8290269374847412, 0.7517723441123962, '00:29']
[43, 0.4386855959892273, 0.4282667934894562, 0.8845767378807068, 0.9906421899795532, 0.12360070645809174, 0.1749778687953949, 1.3504523038864136, 0.8004676699638367, 0.8029841184616089, 0.8029841184616089, 0.877593994140625, '00:28']
No improvement since epoch 35: early stopping
----------
4
----------
DLS create!
[0, 0.5144411325454712, 0.6102694272994995, 0.9896032214164734, 0.9912297129631042, 0.008209911175072193, 0.17480985820293427, 1.218470811843872, 0.983576238155365, 0.9797225594520569, 0.9797225594520569, 0.25645774602890015, '00:27']
Better model found at epoch 0 with valid_loss value: 0.6102694272994995.
[1, 0.5045657753944397, 0.5113369822502136, 0.9765089750289917, 0.9850091934204102, 0.025180524215102196, 0.17863062024116516, 1.4808897972106934, 0.9614417552947998, 0.9551594853401184, 0.9551594853401184, 1.3323758840560913, '00:27']
Better model found at epoch 1 with valid_loss value: 0.5113369822502136.
[2, 0.5050387382507324, 0.49303731322288513, 0.963505744934082, 0.985964834690094, 0.04793335497379303, 0.17939071357250214, 1.483920931816101, 0.9361079335212708, 0.9316015839576721, 0.9316015839576721, 1.4260849952697754, '00:28']
Better model found at epoch 2 with valid_loss value: 0.49303731322288513.
[3, 0.4955706000328064, 0.537627637386322, 0.9795557856559753, 0.9907647967338562, 0.016309134662151337, 0.17453815042972565, 1.2440959215164185, 0.9609427452087402, 0.9609745144844055, 0.9609745144844055, 0.34400761127471924, '00:28']
[4, 0.4919591248035431, 0.5076501369476318, 0.9797618985176086, 0.9911309480667114, 0.01848091557621956, 0.17446745932102203, 1.1947832107543945, 0.962790846824646, 0.9617733955383301, 0.9617733955383301, 0.2190808355808258, '00:29']
[5, 0.49420586228370667, 0.5062041878700256, 0.9774491786956787, 0.9917595386505127, 0.019505463540554047, 0.17509450018405914, 1.1684938669204712, 0.9623754024505615, 0.9577929973602295, 0.9577929973602295, 0.10938464850187302, '00:29']
[6, 0.49287474155426025, 0.4879545271396637, 0.9553124308586121, 0.987055778503418, 0.04637879878282547, 0.1769556999206543, 1.442586064338684, 0.925002932548523, 0.9188841581344604, 0.9188841581344604, 1.0312371253967285, '00:29']
Better model found at epoch 6 with valid_loss value: 0.4879545271396637.
[7, 0.486486554145813, 0.491025447845459, 0.9587605595588684, 0.9888229370117188, 0.03867192193865776, 0.1758846491575241, 1.3490681648254395, 0.9300870895385742, 0.9249141812324524, 0.9249141812324524, 0.6359465718269348, '00:28']
[8, 0.4811486303806305, 0.4900157153606415, 0.9512302279472351, 0.9816219210624695, 0.055188484489917755, 0.18038249015808105, 1.5613956451416016, 0.9153317809104919, 0.9120920300483704, 0.9120920300483704, 1.8235087394714355, '00:29']
[9, 0.4806576073169708, 0.4891391694545746, 0.9552788138389587, 0.989997923374176, 0.04099268093705177, 0.17505167424678802, 1.2880711555480957, 0.9215939044952393, 0.9196023344993591, 0.9196023344993591, 0.44517868757247925, '00:29']
[10, 0.48711279034614563, 0.48339757323265076, 0.945497453212738, 0.9829474687576294, 0.06410399824380875, 0.17957451939582825, 1.5583676099777222, 0.903007447719574, 0.9011598229408264, 0.9011598229408264, 1.8023111820220947, '00:28']
Better model found at epoch 10 with valid_loss value: 0.48339757323265076.
[11, 0.47997400164604187, 0.5142121911048889, 0.9794391393661499, 0.9916030764579773, 0.0174822136759758, 0.17402464151382446, 1.1476200819015503, 0.959966242313385, 0.9624569416046143, 0.9624569416046143, 0.1880289763212204, '00:28']
[12, 0.48157989978790283, 0.4902594983577728, 0.946479320526123, 0.980135440826416, 0.06510236859321594, 0.18124201893806458, 1.6110399961471558, 0.9023312926292419, 0.9029068946838379, 0.9029068946838379, 2.234771966934204, '00:30']
[13, 0.47908276319503784, 0.48685017228126526, 0.9466322660446167, 0.9857300519943237, 0.05747660994529724, 0.17752020061016083, 1.4349491596221924, 0.9087305665016174, 0.9031025767326355, 0.9031025767326355, 1.0309251546859741, '00:27']
[14, 0.479751318693161, 0.4988763928413391, 0.954194962978363, 0.9821584820747375, 0.048975735902786255, 0.1791628748178482, 1.5780516862869263, 0.9214956760406494, 0.9167063236236572, 0.9167063236236572, 1.7834268808364868, '00:29']
[15, 0.47762957215309143, 0.4826539158821106, 0.9338170886039734, 0.9782317280769348, 0.07345142960548401, 0.18162401020526886, 1.6528936624526978, 0.876531183719635, 0.881210446357727, 0.881210446357727, 2.6459944248199463, '00:27']
Better model found at epoch 15 with valid_loss value: 0.4826539158821106.
[16, 0.4814305305480957, 0.4871041774749756, 0.9524297714233398, 0.9892211556434631, 0.04845074936747551, 0.17558053135871887, 1.3489100933074951, 0.9194015860557556, 0.913930356502533, 0.913930356502533, 0.634714663028717, '00:27']
[17, 0.4804629981517792, 0.48391273617744446, 0.9500885605812073, 0.98788982629776, 0.05171949788928032, 0.17630544304847717, 1.3643851280212402, 0.9116045236587524, 0.9087941646575928, 0.9087941646575928, 0.8802275061607361, '00:27']
[18, 0.47779756784439087, 0.4817907512187958, 0.9389514923095703, 0.9842278957366943, 0.06879361718893051, 0.1783539205789566, 1.5009970664978027, 0.8958070278167725, 0.8914601802825928, 0.8914601802825928, 1.7203052043914795, '00:27']
Better model found at epoch 18 with valid_loss value: 0.4817907512187958.
[19, 0.4732659161090851, 0.4927789866924286, 0.9611502885818481, 0.9910632967948914, 0.036292873322963715, 0.17449945211410522, 1.216964840888977, 0.9269284605979919, 0.9283448457717896, 0.9283448457717896, 0.30850252509117126, '00:27']
[20, 0.47679808735847473, 0.4907722771167755, 0.9459431171417236, 0.9756832718849182, 0.06912350654602051, 0.18425212800502777, 1.674020528793335, 0.8955450057983398, 0.9021754264831543, 0.9021754264831543, 2.9834728240966797, '00:27']
[21, 0.4691635072231293, 0.4712872803211212, 0.9237908124923706, 0.9808599948883057, 0.09152911603450775, 0.18059076368808746, 1.5914183855056763, 0.8623046875, 0.8655378818511963, 0.8655378818511963, 2.364544630050659, '00:27']
Better model found at epoch 21 with valid_loss value: 0.4712872803211212.
[22, 0.4702869951725006, 0.47078701853752136, 0.9286079406738281, 0.9810845851898193, 0.08118411898612976, 0.18026801943778992, 1.5693777799606323, 0.8735849857330322, 0.8735631704330444, 0.8735631704330444, 1.9122763872146606, '00:27']
Better model found at epoch 22 with valid_loss value: 0.47078701853752136.
[23, 0.4748169779777527, 0.4747864007949829, 0.9359086751937866, 0.9848077297210693, 0.07025710493326187, 0.17809531092643738, 1.5420165061950684, 0.8888505101203918, 0.8846181035041809, 0.8846181035041809, 1.5467815399169922, '00:28']
[24, 0.4755910634994507, 0.47820764780044556, 0.9379521012306213, 0.9843098521232605, 0.07054198533296585, 0.1783321499824524, 1.4881339073181152, 0.891205906867981, 0.8888715505599976, 0.8888715505599976, 1.3911902904510498, '00:26']
[25, 0.47299087047576904, 0.4909157156944275, 0.939207136631012, 0.9777308106422424, 0.06934050470590591, 0.182340607047081, 1.6519038677215576, 0.8836702704429626, 0.8896404504776001, 0.8896404504776001, 2.4547805786132812, '00:27']
[26, 0.4702247083187103, 0.4777739346027374, 0.9388541579246521, 0.9858680963516235, 0.06634195894002914, 0.17743328213691711, 1.4753756523132324, 0.8950034976005554, 0.8900183439254761, 0.8900183439254761, 1.1324971914291382, '00:27']
[27, 0.46920499205589294, 0.47583016753196716, 0.9291751980781555, 0.9779590964317322, 0.08075904101133347, 0.18197490274906158, 1.6442046165466309, 0.8626952767372131, 0.872221827507019, 0.872221827507019, 2.451888084411621, '00:28']
[28, 0.46901461482048035, 0.4806724786758423, 0.9474961161613464, 0.9901233911514282, 0.04889088496565819, 0.1750582605600357, 1.2623891830444336, 0.9050487875938416, 0.9041631817817688, 0.9041631817817688, 0.419739693403244, '00:29']
[29, 0.46641454100608826, 0.47384974360466003, 0.9329612851142883, 0.9893910884857178, 0.06683462858200073, 0.17534279823303223, 1.293433666229248, 0.8861740827560425, 0.8843702673912048, 0.8843702673912048, 0.5469057559967041, '00:28']
[30, 0.46253156661987305, 0.474136620759964, 0.932528018951416, 0.9884224534034729, 0.07391238957643509, 0.17611780762672424, 1.325473427772522, 0.8872869610786438, 0.881987452507019, 0.881987452507019, 0.6449819207191467, '00:28']
No improvement since epoch 22: early stopping
PSPNet_incv4 Done!
