Models will save to PSPNet_vgg19_x
Use vgg19_bn encoder
Start training...
----------
0
----------
DLS create!
[0, 0.519679605960846, 0.5329259037971497, 0.9967342615127563, 0.9929032325744629, 0.0, 0.17405636608600616, 1.0394666194915771, 0.9963595867156982, 0.9935022592544556, 0.9935022592544556, 0.0, '00:55']
Better model found at epoch 0 with valid_loss value: 0.5329259037971497.
[1, 0.5139418244361877, 0.5321630239486694, 0.9985835552215576, 0.9929032325744629, 0.0, 0.17346347868442535, 1.0163261890411377, 0.9962961673736572, 0.9971743226051331, 0.9971743226051331, 0.0, '00:53']
Better model found at epoch 1 with valid_loss value: 0.5321630239486694.
[2, 0.5109416842460632, 0.5229294300079346, 0.989188551902771, 0.9905648231506348, 0.009177432395517826, 0.17497724294662476, 1.3107908964157104, 0.9811676144599915, 0.9788696765899658, 0.9788696765899658, 0.5941272377967834, '00:54']
Better model found at epoch 2 with valid_loss value: 0.5229294300079346.
[3, 0.508024275302887, 0.5183439254760742, 0.9917293787002563, 0.9924616813659668, 0.0038808865938335657, 0.1740763932466507, 1.156794548034668, 0.9842298626899719, 0.9838050603866577, 0.9838050603866577, 0.13131345808506012, '00:54']
Better model found at epoch 3 with valid_loss value: 0.5183439254760742.
[4, 0.5033429861068726, 0.5128495097160339, 0.9888463020324707, 0.9913943409919739, 0.009378871880471706, 0.17520035803318024, 1.2734349966049194, 0.9823833703994751, 0.9782274961471558, 0.9782274961471558, 0.39578503370285034, '00:54']
Better model found at epoch 4 with valid_loss value: 0.5128495097160339.
[5, 0.5028557777404785, 0.5135875344276428, 0.9851923584938049, 0.9899469614028931, 0.01045520044863224, 0.1758246272802353, 1.362904667854309, 0.976033091545105, 0.9716070294380188, 0.9716070294380188, 0.7214465737342834, '00:52']
[6, 0.5014474987983704, 0.5018969774246216, 0.9722833633422852, 0.9882990121841431, 0.028105836361646652, 0.17674881219863892, 1.4543391466140747, 0.9527907967567444, 0.9478604197502136, 0.9478604197502136, 1.1597018241882324, '00:55']
Better model found at epoch 6 with valid_loss value: 0.5018969774246216.
[7, 0.501029908657074, 0.4983263909816742, 0.9705248475074768, 0.9903022050857544, 0.030662018805742264, 0.17561256885528564, 1.3498122692108154, 0.9491474628448486, 0.945017397403717, 0.945017397403717, 0.6857256889343262, '00:53']
Better model found at epoch 7 with valid_loss value: 0.4983263909816742.
[8, 0.5024929046630859, 0.5128978490829468, 0.9728323221206665, 0.9865453243255615, 0.028454499319195747, 0.17810699343681335, 1.50203275680542, 0.9517402648925781, 0.9485185742378235, 0.9485185742378235, 1.6821492910385132, '00:54']
[9, 0.4968799650669098, 0.4940125644207001, 0.9626421928405762, 0.9855718016624451, 0.04213397949934006, 0.1786656528711319, 1.5461128950119019, 0.9333302974700928, 0.9306933879852295, 0.9306933879852295, 1.9155081510543823, '00:53']
Better model found at epoch 9 with valid_loss value: 0.4940125644207001.
[10, 0.4985620081424713, 0.5048642754554749, 0.9798311591148376, 0.990453839302063, 0.012041730806231499, 0.17556992173194885, 1.326611876487732, 0.965347409248352, 0.9615480303764343, 0.9615480303764343, 0.6558369994163513, '00:57']
[11, 0.48792845010757446, 0.5130707025527954, 0.9818980097770691, 0.9906009435653687, 0.016625473275780678, 0.17484931647777557, 1.3241175413131714, 0.9658319354057312, 0.9652678966522217, 0.9652678966522217, 0.6339272856712341, '00:53']
[12, 0.4931880831718445, 0.49439677596092224, 0.9634048342704773, 0.986366331577301, 0.03869130462408066, 0.1775812953710556, 1.492969036102295, 0.9367278218269348, 0.9325683116912842, 0.9325683116912842, 1.7589747905731201, '00:54']
[13, 0.4922959804534912, 0.5039240717887878, 0.9709925651550293, 0.9814217686653137, 0.035603221505880356, 0.18179455399513245, 1.595984697341919, 0.945009171962738, 0.9457587003707886, 0.9457587003707886, 2.9592349529266357, '00:53']
[14, 0.48767563700675964, 0.5107345581054688, 0.9811103343963623, 0.9910227656364441, 0.014537816867232323, 0.17478296160697937, 1.294246792793274, 0.966148316860199, 0.9641886949539185, 0.9641886949539185, 0.515911877155304, '00:54']
[15, 0.49062618613243103, 0.5491102337837219, 0.9857097864151001, 0.9884271621704102, 0.01351754181087017, 0.1758648008108139, 1.4161993265151978, 0.9765103459358215, 0.9730401635169983, 0.9730401635169983, 1.1534782648086548, '00:53']
[16, 0.4924052059650421, 0.5030487179756165, 0.9725854992866516, 0.9887853860855103, 0.026364929974079132, 0.17626886069774628, 1.4278732538223267, 0.952006459236145, 0.9481759071350098, 0.9481759071350098, 1.2184466123580933, '00:54']
[17, 0.48629599809646606, 0.4885006546974182, 0.9586372971534729, 0.986480176448822, 0.047835685312747955, 0.1779303401708603, 1.4938257932662964, 0.9254436492919922, 0.9238514304161072, 0.9238514304161072, 1.8951382637023926, '00:54']
Better model found at epoch 17 with valid_loss value: 0.4885006546974182.
[18, 0.48524683713912964, 0.49220943450927734, 0.9575496912002563, 0.9861722588539124, 0.044827744364738464, 0.17742657661437988, 1.5082054138183594, 0.9247958660125732, 0.9221808910369873, 0.9221808910369873, 1.8620352745056152, '00:54']
[19, 0.48639726638793945, 0.5223467350006104, 0.9632399082183838, 0.9616445302963257, 0.0436493456363678, 0.1913459300994873, 1.7790125608444214, 0.9113678932189941, 0.931278645992279, 0.931278645992279, 7.906508922576904, '00:54']
[20, 0.48121747374534607, 0.48868924379348755, 0.9591476917266846, 0.9890090227127075, 0.0452052466571331, 0.176326185464859, 1.4307844638824463, 0.9287115931510925, 0.9250273704528809, 0.9250273704528809, 1.1102882623672485, '00:53']
[21, 0.4856507480144501, 0.49225541949272156, 0.9653301239013672, 0.9906682968139648, 0.03639209270477295, 0.17531728744506836, 1.3239049911499023, 0.9380590319633484, 0.9351577758789062, 0.9351577758789062, 0.6975666880607605, '00:53']
[22, 0.4744652211666107, 0.5104885101318359, 0.966748833656311, 0.9821645617485046, 0.0364336334168911, 0.17922361195087433, 1.5975518226623535, 0.9383957386016846, 0.9377400875091553, 0.9377400875091553, 2.6003994941711426, '00:55']
[23, 0.48593559861183167, 0.48753365874290466, 0.9589641094207764, 0.9900222420692444, 0.03948443755507469, 0.1753435879945755, 1.3433390855789185, 0.9246847033500671, 0.9243729710578918, 0.9243729710578918, 0.8151839971542358, '00:54']
Better model found at epoch 23 with valid_loss value: 0.48753365874290466.
[24, 0.4764937460422516, 0.48822295665740967, 0.9534423351287842, 0.9854678511619568, 0.051427051424980164, 0.17779196798801422, 1.528970718383789, 0.9154054522514343, 0.914692759513855, 0.914692759513855, 1.9288405179977417, '00:55']
[25, 0.4777502715587616, 0.499409019947052, 0.9658008217811584, 0.9896860718727112, 0.03497181460261345, 0.175266295671463, 1.375993251800537, 0.937006950378418, 0.9363909363746643, 0.9363909363746643, 0.9922353625297546, '00:54']
[26, 0.47922050952911377, 0.49499213695526123, 0.9655439853668213, 0.9887571334838867, 0.035595107823610306, 0.176290825009346, 1.4314992427825928, 0.9395126104354858, 0.9359301328659058, 0.9359301328659058, 1.1589115858078003, '00:54']
[27, 0.48099207878112793, 0.4763430655002594, 0.9378936290740967, 0.9840338230133057, 0.07228869199752808, 0.17897559702396393, 1.576552391052246, 0.882880687713623, 0.8877891302108765, 0.8877890706062317, 2.4801511764526367, '00:54']
Better model found at epoch 27 with valid_loss value: 0.4763430655002594.
[28, 0.4739200472831726, 0.4833237826824188, 0.9552837014198303, 0.9909562468528748, 0.04575506970286369, 0.1748858243227005, 1.3263921737670898, 0.9187504649162292, 0.9172437787055969, 0.9172437787055969, 0.6406756639480591, '00:54']
[29, 0.4831899106502533, 0.49373725056648254, 0.9495049715042114, 0.9855012893676758, 0.05558539554476738, 0.17790710926055908, 1.5394657850265503, 0.9057973623275757, 0.9076085090637207, 0.9076085090637207, 2.176586627960205, '00:53']
[30, 0.4748726189136505, 0.47234657406806946, 0.9335825443267822, 0.9891242980957031, 0.07407829165458679, 0.17595985531806946, 1.4191192388534546, 0.8824123740196228, 0.880867600440979, 0.8808677196502686, 1.1645230054855347, '00:55']
Better model found at epoch 30 with valid_loss value: 0.47234657406806946.
[31, 0.4847841262817383, 0.4690689742565155, 0.9391657114028931, 0.9910921454429626, 0.06744078546762466, 0.17493793368339539, 1.3214291334152222, 0.8903094530105591, 0.8894622921943665, 0.8894622921943665, 0.7129932045936584, '00:54']
Better model found at epoch 31 with valid_loss value: 0.4690689742565155.
[32, 0.4782661497592926, 0.4695879817008972, 0.9380043148994446, 0.988774836063385, 0.06875670701265335, 0.17614471912384033, 1.438509225845337, 0.8892444968223572, 0.8879892230033875, 0.8879892230033875, 1.354235053062439, '00:55']
[33, 0.46145331859588623, 0.46973246335983276, 0.9363478422164917, 0.9880613684654236, 0.06977470964193344, 0.176446795463562, 1.4671964645385742, 0.886080265045166, 0.8848507404327393, 0.8848507404327393, 1.3172547817230225, '00:53']
[34, 0.47335827350616455, 0.47331729531288147, 0.9359495639801025, 0.9857525825500488, 0.07338956743478775, 0.1779516041278839, 1.5326013565063477, 0.8816271424293518, 0.8843492865562439, 0.8843492865562439, 1.973994493484497, '00:54']
[35, 0.47156578302383423, 0.49269822239875793, 0.9467817544937134, 0.9865310192108154, 0.057733673602342606, 0.17713388800621033, 1.5157238245010376, 0.9027304649353027, 0.9029367566108704, 0.9029367566108704, 1.9432580471038818, '00:54']
[36, 0.4647650718688965, 0.47376781702041626, 0.9357045292854309, 0.9880146384239197, 0.07037921994924545, 0.17639103531837463, 1.4560824632644653, 0.8840360641479492, 0.8843910098075867, 0.8843910098075867, 1.601971983909607, '00:54']
[37, 0.4681265652179718, 0.46423858404159546, 0.9287598729133606, 0.9865008592605591, 0.07960908114910126, 0.17738839983940125, 1.5279741287231445, 0.8685862421989441, 0.8715646266937256, 0.8715646266937256, 1.9936935901641846, '00:55']
Better model found at epoch 37 with valid_loss value: 0.46423858404159546.
[38, 0.46946820616722107, 0.48723530769348145, 0.9595217704772949, 0.9915526509284973, 0.038978658616542816, 0.174464613199234, 1.257391095161438, 0.9225334525108337, 0.9250655174255371, 0.9250655174255371, 0.4993111491203308, '00:55']
[39, 0.4657643437385559, 0.5013563632965088, 0.9533746242523193, 0.9830199480056763, 0.05090929567813873, 0.17902030050754547, 1.5915793180465698, 0.9113278985023499, 0.9143053293228149, 0.9143053293228149, 2.9945454597473145, '00:54']
[40, 0.4674622714519501, 0.46674615144729614, 0.9309750199317932, 0.9880873560905457, 0.07860507071018219, 0.17650790512561798, 1.4758005142211914, 0.8758661150932312, 0.8759303092956543, 0.8759303092956543, 1.6475249528884888, '00:54']
[41, 0.46692290902137756, 0.48121944069862366, 0.9372875690460205, 0.9810787439346313, 0.07068026810884476, 0.18020638823509216, 1.6367920637130737, 0.875515341758728, 0.885714054107666, 0.885714054107666, 3.191885471343994, '00:54']
[42, 0.47193434834480286, 0.4692387878894806, 0.9298762679100037, 0.9845709204673767, 0.08012539893388748, 0.1785958856344223, 1.5780205726623535, 0.8666295409202576, 0.8738639950752258, 0.8738640546798706, 2.5456314086914062, '00:54']
[43, 0.4620535969734192, 0.48432856798171997, 0.9391762018203735, 0.9825413823127747, 0.0664130374789238, 0.17913389205932617, 1.5998814105987549, 0.8824693560600281, 0.8892181515693665, 0.8892181515693665, 2.9159629344940186, '00:54']
[44, 0.46431243419647217, 0.4701543152332306, 0.9426141381263733, 0.9912143349647522, 0.06382586807012558, 0.17492973804473877, 1.309373140335083, 0.8965157866477966, 0.8953791260719299, 0.8953791260719299, 0.6741800308227539, '00:55']
[45, 0.46755191683769226, 0.47181737422943115, 0.928768515586853, 0.9886121153831482, 0.07576112449169159, 0.1760270893573761, 1.4536315202713013, 0.872738778591156, 0.8726562857627869, 0.8726562857627869, 1.5082621574401855, '00:54']
No improvement since epoch 37: early stopping
----------
1
----------
DLS create!
[0, 0.5201540589332581, 0.5257653594017029, 0.9802715182304382, 0.9896185398101807, nan, 0.17584586143493652, 1.1416021585464478, 0.9862915873527527, 0.969975471496582, 0.969975471496582, nan, '00:55']
Better model found at epoch 0 with valid_loss value: 0.5257653594017029.
[1, 0.5074399709701538, 0.5263471603393555, 0.9681749939918518, 0.9879189133644104, 0.023322010412812233, 0.17493519186973572, 1.2428160905838013, 0.9596721529960632, 0.9478236436843872, 0.9478236436843872, inf, '00:55']
[2, 0.5069934725761414, 0.517868161201477, 0.9678204655647278, 0.9886646866798401, 0.018273280933499336, 0.17493639886379242, 1.2026816606521606, 0.9588531255722046, 0.9465389847755432, 0.9465389847755432, inf, '00:55']
Better model found at epoch 2 with valid_loss value: 0.517868161201477.
[3, 0.5028137564659119, 0.5104127526283264, 0.9696059823036194, 0.9878372550010681, 0.016375282779335976, 0.17573322355747223, 1.2618818283081055, 0.9648780226707458, 0.9495158791542053, 0.9495158791542053, inf, '00:54']
Better model found at epoch 3 with valid_loss value: 0.5104127526283264.
[4, 0.49651724100112915, 0.5083692669868469, 0.9626479744911194, 0.9879840612411499, 0.02395722270011902, 0.17488686740398407, 1.2308275699615479, 0.9490219950675964, 0.9372916221618652, 0.9372916221618652, inf, '00:55']
Better model found at epoch 4 with valid_loss value: 0.5083692669868469.
[5, 0.4946221113204956, 0.5240612626075745, 0.9731295108795166, 0.9811205267906189, 0.01714947074651718, 0.18005889654159546, 1.4792070388793945, 0.9746201038360596, 0.9562838673591614, 0.9562838673591614, inf, '00:54']
[6, 0.4993252158164978, 0.5025441646575928, 0.9571122527122498, 0.9857360124588013, 0.03514048457145691, 0.1763320416212082, 1.3573875427246094, 0.9418166279792786, 0.9266372919082642, 0.9266372919082642, inf, '00:54']
Better model found at epoch 6 with valid_loss value: 0.5025441646575928.
[7, 0.49221405386924744, 0.49960198998451233, 0.944827675819397, 0.9857829213142395, nan, 0.17584776878356934, 1.3151850700378418, 0.9213581085205078, 0.9082399010658264, 0.9082399010658264, nan, '00:54']
Better model found at epoch 7 with valid_loss value: 0.49960198998451233.
[8, 0.48772722482681274, 0.5008891224861145, 0.9514780640602112, 0.9877368807792664, nan, 0.17480476200580597, 1.2365548610687256, 0.9283510446548462, 0.9185376763343811, 0.9185376763343811, nan, '00:54']
[9, 0.4963466227054596, 0.5013179183006287, 0.9551379680633545, 0.9866215586662292, nan, 0.17567487061023712, 1.3000192642211914, 0.9382622241973877, 0.9238486289978027, 0.9238486289978027, nan, '00:54']
[10, 0.4846821129322052, 0.5043928027153015, 0.9452701807022095, 0.9804701209068298, 0.04935777932405472, 0.1784895658493042, 1.5043238401412964, 0.9167760610580444, 0.9056603312492371, 0.9056603312492371, inf, '00:55']
[11, 0.485784649848938, 0.5081160068511963, 0.9591786861419678, 0.9864263534545898, nan, 0.17564567923545837, 1.3125734329223633, 0.9447713494300842, 0.9312276840209961, 0.9312276840209961, nan, '00:54']
[12, 0.4853699505329132, 0.4952118694782257, 0.9383163452148438, 0.9847879409790039, 0.05448351055383682, 0.17635546624660492, 1.3893626928329468, 0.9102754592895508, 0.8966495990753174, 0.8966495990753174, inf, '00:55']
Better model found at epoch 12 with valid_loss value: 0.4952118694782257.
[13, 0.486484169960022, 0.5192995071411133, 0.947169303894043, 0.9836170077323914, 0.04632130265235901, 0.17682844400405884, 1.4187384843826294, 0.9231248497962952, 0.9103567600250244, 0.9103567600250244, inf, '00:54']
[14, 0.4844638407230377, 0.4904729127883911, 0.939968466758728, 0.986115574836731, 0.05258013680577278, 0.1757602095603943, 1.3331217765808105, 0.9117474555969238, 0.8982610106468201, 0.8982610106468201, inf, '00:55']
Better model found at epoch 14 with valid_loss value: 0.4904729127883911.
[15, 0.4767458140850067, 0.5096222758293152, 0.9562276005744934, 0.9886869788169861, nan, 0.17416319251060486, 1.1465975046157837, 0.9382615685462952, 0.9309844374656677, 0.9309844374656677, nan, '00:54']
[16, 0.4799124300479889, 0.48740631341934204, 0.9385154247283936, 0.9856646060943604, 0.05817034840583801, 0.17620772123336792, 1.3665618896484375, 0.9085611701011658, 0.8956636786460876, 0.8956636786460876, inf, '00:54']
Better model found at epoch 16 with valid_loss value: 0.48740631341934204.
[17, 0.476680189371109, 0.5469514727592468, 0.9566237330436707, 0.9859390258789062, nan, 0.17554038763046265, 1.3287951946258545, 0.9371767044067383, 0.9266985058784485, 0.9266985058784485, nan, '00:54']
[18, 0.4776034951210022, 0.4902288317680359, 0.9440981149673462, 0.9873725175857544, nan, 0.17540501058101654, 1.258336067199707, 0.9195476770401001, 0.9071109294891357, 0.9071109294891357, nan, '00:55']
[19, 0.47823968529701233, 0.4899739623069763, 0.9340128302574158, 0.9866774678230286, nan, 0.1754060536623001, 1.2941203117370605, 0.8991155028343201, 0.888116717338562, 0.888116717338562, nan, '00:54']
[20, 0.47644731402397156, 0.48500165343284607, 0.9356763958930969, 0.9868629574775696, nan, 0.17562386393547058, 1.2950890064239502, 0.9038290977478027, 0.8924126029014587, 0.8924124240875244, nan, '00:54']
Better model found at epoch 20 with valid_loss value: 0.48500165343284607.
[21, 0.4776443839073181, 0.4906260073184967, 0.937994122505188, 0.9851198196411133, nan, 0.17622625827789307, 1.380431890487671, 0.9071617722511292, 0.8946696519851685, 0.8946696519851685, nan, '00:55']
[22, 0.4727114140987396, 0.49154895544052124, 0.9369041323661804, 0.9884005784988403, 0.055620163679122925, 0.17435204982757568, 1.1847041845321655, 0.9010298252105713, 0.8966723084449768, 0.8966723084449768, inf, '00:55']
[23, 0.4779173731803894, 0.49256497621536255, 0.9394618272781372, 0.986198902130127, 0.05532987043261528, 0.17570476233959198, 1.3498703241348267, 0.9094462990760803, 0.897359311580658, 0.897359311580658, inf, '00:54']
[24, 0.47047752141952515, 0.5261486768722534, 0.9528102874755859, 0.9872512817382812, nan, 0.1750040054321289, 1.248848795890808, 0.931361198425293, 0.9222651124000549, 0.9222651124000549, nan, '00:54']
[25, 0.4739554524421692, 0.5025553107261658, 0.9435499906539917, 0.9850874543190002, nan, 0.17629121243953705, 1.3567475080490112, 0.917500376701355, 0.9058324694633484, 0.9058324694633484, nan, '00:54']
[26, 0.4711339473724365, 0.4930190443992615, 0.9339158535003662, 0.9846682548522949, 0.06182684749364853, 0.17645369470119476, 1.40852952003479, 0.8978416323661804, 0.8882534503936768, 0.8882534503936768, inf, '00:56']
[27, 0.46920162439346313, 0.5135502219200134, 0.9503944516181946, 0.9886905550956726, nan, 0.17428907752037048, 1.1719783544540405, 0.9225213527679443, 0.9170345067977905, 0.9170345067977905, nan, '00:54']
[28, 0.46973031759262085, 0.47384411096572876, 0.9176968336105347, 0.9852349758148193, nan, 0.17627239227294922, 1.3879196643829346, 0.8725329041481018, 0.8612691760063171, 0.8612691760063171, nan, '00:55']
Better model found at epoch 28 with valid_loss value: 0.47384411096572876.
[29, 0.4604637324810028, 0.4929819703102112, 0.9283351898193359, 0.9787803888320923, 0.06872439384460449, 0.17967836558818817, 1.5610371828079224, 0.8813568949699402, 0.8762248158454895, 0.8762248158454895, inf, '00:54']
[30, 0.4653099477291107, 0.49457529187202454, 0.9279955625534058, 0.9832202792167664, nan, 0.17720213532447815, 1.4359498023986816, 0.8863131403923035, 0.8780779838562012, 0.8780779838562012, nan, '00:56']
[31, 0.4596916139125824, 0.48580923676490784, 0.9302298426628113, 0.9870441555976868, nan, 0.1751421093940735, 1.251002311706543, 0.8897323608398438, 0.884528636932373, 0.884528636932373, nan, '00:54']
[32, 0.45529744029045105, 0.48292139172554016, 0.9233480095863342, 0.9867074489593506, nan, 0.1753065437078476, 1.302682876586914, 0.8807055950164795, 0.8721562027931213, 0.8721562027931213, nan, '00:54']
[33, 0.4668869078159332, 0.48654666543006897, 0.9350039958953857, 0.9883500933647156, nan, 0.17449969053268433, 1.2039903402328491, 0.9000775814056396, 0.8933218121528625, 0.8933218121528625, nan, '00:55']
[34, 0.46680063009262085, 0.47643643617630005, 0.9196669459342957, 0.9827166795730591, 0.07913602143526077, 0.17762763798236847, 1.482778549194336, 0.8693541288375854, 0.8622878193855286, 0.8622878193855286, inf, '00:56']
[35, 0.4547843039035797, 0.4858141839504242, 0.9238294363021851, 0.9880233407020569, nan, 0.17454859614372253, 1.247984766960144, 0.8779910802841187, 0.8739218711853027, 0.8739218711853027, nan, '00:54']
[36, 0.4530480206012726, 0.48104944825172424, 0.9197850227355957, 0.9872526526451111, 0.07354997098445892, 0.1750248819589615, 1.3049821853637695, 0.8730977177619934, 0.8670258522033691, 0.8670258522033691, inf, '00:54']
No improvement since epoch 28: early stopping
----------
2
----------
DLS create!
[0, 0.5200358629226685, 0.5392839312553406, 0.9948714971542358, 0.9915689826011658, 5.7978562836069614e-05, 0.17475201189517975, 1.1006337404251099, 0.9950771331787109, 0.9898108243942261, 0.9898108243942261, 0.000794541381765157, '00:55']
Better model found at epoch 0 with valid_loss value: 0.5392839312553406.
[1, 0.511623203754425, 0.5159350037574768, 0.9835735559463501, 0.9883382320404053, 0.020052658393979073, 0.17683036625385284, 1.362566590309143, 0.975051760673523, 0.9681316614151001, 0.9681316614151001, 0.6900962591171265, '00:55']
Better model found at epoch 1 with valid_loss value: 0.5159350037574768.
[2, 0.508804440498352, 0.5192398428916931, 0.9916146993637085, 0.9915534853935242, 0.0009754371712915599, 0.17494946718215942, 1.0633879899978638, 0.988612174987793, 0.9834787845611572, 0.9834787845611572, 0.004481176380068064, '00:56']
[3, 0.5027117729187012, 0.5098511576652527, 0.9678054451942444, 0.9784660339355469, 0.038857072591781616, 0.18176935613155365, 1.58750319480896, 0.9365774989128113, 0.9383275508880615, 0.9383275508880615, 2.8854117393493652, '00:54']
Better model found at epoch 3 with valid_loss value: 0.5098511576652527.
[4, 0.5054159164428711, 0.5236159563064575, 0.9943658709526062, 0.9911631941795349, 0.0035744160413742065, 0.17481331527233124, 1.1732497215270996, 0.9936840534210205, 0.9889122247695923, 0.9889122247695923, 0.08039267361164093, '00:55']
[5, 0.5008388757705688, 0.49051475524902344, 0.9584555625915527, 0.9843389987945557, 0.05231807008385658, 0.17854216694831848, 1.4755103588104248, 0.9227579236030579, 0.921747624874115, 0.921747624874115, 1.6692821979522705, '00:54']
Better model found at epoch 5 with valid_loss value: 0.49051475524902344.
[6, 0.4972839653491974, 0.49744248390197754, 0.9701345562934875, 0.9880430698394775, 0.04081631824374199, 0.17760677635669708, 1.3616281747817993, 0.9467540383338928, 0.9427899122238159, 0.9427899122238159, 0.8331644535064697, '00:55']
[7, 0.4894271790981293, 0.5028015971183777, 0.955875039100647, 0.9755324125289917, 0.051693592220544815, 0.18243905901908875, 1.6127502918243408, 0.9084956645965576, 0.9172611832618713, 0.9172611832618713, 3.526379346847534, '00:54']
[8, 0.4919602572917938, 0.4928831160068512, 0.9502572417259216, 0.9833377003669739, 0.057215314358472824, 0.17821800708770752, 1.500683069229126, 0.9051138162612915, 0.9073160290718079, 0.9073160290718079, 1.8338006734848022, '00:56']
[9, 0.4881008565425873, 0.5083364248275757, 0.9742336273193359, 0.9880658984184265, 0.025124013423919678, 0.17618483304977417, 1.3307902812957764, 0.9553843140602112, 0.9515011310577393, 0.9515011310577393, 0.7078702449798584, '00:55']
[10, 0.4866557717323303, 0.501336932182312, 0.9718851447105408, 0.9877094626426697, 0.02858046256005764, 0.1768525093793869, 1.3735010623931885, 0.951657235622406, 0.9461441040039062, 0.9461441040039062, 0.8392543792724609, '00:55']
[11, 0.48818063735961914, 0.5010165572166443, 0.9524232149124146, 0.9786526560783386, 0.052137281745672226, 0.1806187629699707, 1.5936856269836426, 0.9064345955848694, 0.9109489917755127, 0.9109489917755127, 2.865917682647705, '00:54']
[12, 0.4886475205421448, 0.507273256778717, 0.9582406878471375, 0.974851131439209, 0.047477345913648605, 0.18286193907260895, 1.6434050798416138, 0.9143888354301453, 0.9210384488105774, 0.9210384488105774, 3.588620901107788, '00:56']
[13, 0.4848517179489136, 0.49648773670196533, 0.9622821807861328, 0.989745020866394, 0.04005582630634308, 0.17470261454582214, 1.2565988302230835, 0.9304723143577576, 0.9300260543823242, 0.930026113986969, 0.4479491114616394, '00:54']
No improvement since epoch 5: early stopping
----------
3
----------
DLS create!
[0, 0.5180922746658325, 0.5031170845031738, 0.9798126816749573, 0.9934677481651306, 0.010068980045616627, 0.17567133903503418, 1.234877347946167, 0.9654371738433838, 0.9614776372909546, 0.9614776372909546, 0.1179962158203125, '00:55']
Better model found at epoch 0 with valid_loss value: 0.5031170845031738.
[1, 0.5129647254943848, 0.5199936032295227, 0.9874267578125, 0.9936339855194092, 0.0029341389890760183, 0.1736336499452591, 1.0787283182144165, 0.9699640870094299, 0.9763256907463074, 0.9763256907463074, 0.007984800264239311, '00:54']
[2, 0.5089677572250366, 0.49185803532600403, 0.965911865234375, 0.9900018572807312, 0.04434473067522049, 0.17658650875091553, 1.4160034656524658, 0.9409219026565552, 0.9373196363449097, 0.9373196363449097, 1.6353439092636108, '00:56']
Better model found at epoch 2 with valid_loss value: 0.49185803532600403.
[3, 0.5068396925926208, 0.49362871050834656, 0.9688444137573242, 0.9899041056632996, 0.045213814824819565, 0.17785295844078064, 1.4630879163742065, 0.9437378644943237, 0.9417474269866943, 0.9417474269866943, 1.7140464782714844, '00:53']
[4, 0.4991932511329651, 0.49603503942489624, 0.9632987976074219, 0.9840272068977356, 0.04335203766822815, 0.1798185408115387, 1.617598056793213, 0.9324393272399902, 0.9326580762863159, 0.9326580762863159, 4.359730243682861, '00:56']
[5, 0.5030229687690735, 0.5063481330871582, 0.9853478074073792, 0.9935547709465027, 0.0021344253327697515, 0.17450614273548126, 1.1715046167373657, 0.9732892513275146, 0.9716946482658386, 0.9716946482658386, 0.035155270248651505, '00:54']
[6, 0.5022955536842346, 0.5004914402961731, 0.9790966510772705, 0.9924539923667908, 0.014017662033438683, 0.17609387636184692, 1.3026164770126343, 0.9639120697975159, 0.9602174758911133, 0.9602174758911133, 0.7585945725440979, '00:56']
[7, 0.5025067925453186, 0.482485830783844, 0.9600886702537537, 0.9915915131568909, 0.044091079384088516, 0.17595066130161285, 1.3819859027862549, 0.9286403656005859, 0.9264000058174133, 0.9264000058174133, 1.1273276805877686, '00:54']
Better model found at epoch 7 with valid_loss value: 0.482485830783844.
[8, 0.4989664852619171, 0.49297091364860535, 0.9666239619255066, 0.9932186603546143, 0.029687514528632164, 0.17415167391300201, 1.2203177213668823, 0.9360514879226685, 0.9383907914161682, 0.9383907914161682, 0.25785011053085327, '00:56']
[9, 0.4974006712436676, 0.4955291152000427, 0.9707503318786621, 0.990742564201355, 0.029486993327736855, 0.17563728988170624, 1.3993531465530396, 0.9488776326179504, 0.945188045501709, 0.945188045501709, 1.0425349473953247, '00:55']
[10, 0.4927525222301483, 0.48703745007514954, 0.9605322480201721, 0.9928778409957886, 0.038251373916864395, 0.17411930859088898, 1.2287209033966064, 0.9261321425437927, 0.9292925000190735, 0.9292925000190735, 0.5511053204536438, '00:56']
[11, 0.49527478218078613, 0.4812168478965759, 0.9560498595237732, 0.9920111894607544, 0.04746828228235245, 0.1749851554632187, 1.3322923183441162, 0.9200820922851562, 0.9200356006622314, 0.9200356006622314, 1.319338321685791, '00:54']
Better model found at epoch 11 with valid_loss value: 0.4812168478965759.
[12, 0.4827027916908264, 0.4886423349380493, 0.964296281337738, 0.9932927489280701, 0.03173413500189781, 0.17390070855617523, 1.165873408317566, 0.9286279082298279, 0.9352452754974365, 0.9352452754974365, 0.37840503454208374, '00:56']
[13, 0.48504576086997986, 0.48402756452560425, 0.9550300240516663, 0.9899938106536865, 0.05206757038831711, 0.1760651022195816, 1.4327094554901123, 0.921537458896637, 0.919463038444519, 0.919463038444519, 1.448589563369751, '00:54']
[14, 0.48946669697761536, 0.474516898393631, 0.9428322315216064, 0.9894137978553772, 0.06672904640436172, 0.17631608247756958, 1.4701926708221436, 0.9016812443733215, 0.8996800780296326, 0.8996800780296326, 1.5022114515304565, '00:56']
Better model found at epoch 14 with valid_loss value: 0.474516898393631.
[15, 0.4918946921825409, 0.4941125214099884, 0.9671659469604492, 0.9902394413948059, 0.03793611750006676, 0.17601735889911652, 1.4126449823379517, 0.9401624798774719, 0.9387147426605225, 0.9387147426605225, 1.263098120689392, '00:55']
[16, 0.4843747913837433, 0.4749767780303955, 0.9478962421417236, 0.9919856190681458, 0.06290341168642044, 0.17499220371246338, 1.3035625219345093, 0.9093987941741943, 0.9084571599960327, 0.9084571599960327, 0.8494566679000854, '00:54']
[17, 0.49063846468925476, 0.4993111491203308, 0.9601960182189941, 0.9902640581130981, 0.041713863611221313, 0.17549578845500946, 1.4241371154785156, 0.9292587637901306, 0.9266335368156433, 0.9266335368156433, 1.1695342063903809, '00:56']
[18, 0.48978275060653687, 0.4858800768852234, 0.9550585150718689, 0.989071249961853, 0.050020452588796616, 0.1765652298927307, 1.4773893356323242, 0.9196438193321228, 0.917991578578949, 0.917991578578949, 1.7585384845733643, '00:56']
[19, 0.4845935106277466, 0.5054275393486023, 0.9684611558914185, 0.9920042753219604, 0.03039948269724846, 0.1746027171611786, 1.322191834449768, 0.9410761594772339, 0.9416776299476624, 0.9416776299476624, 0.7841713428497314, '00:55']
[20, 0.4793139696121216, 0.4720049798488617, 0.9431902170181274, 0.9887860417366028, 0.0672927126288414, 0.1768798679113388, 1.496153712272644, 0.8985113501548767, 0.8981282114982605, 0.8981282114982605, 2.1845288276672363, '00:54']
Better model found at epoch 20 with valid_loss value: 0.4720049798488617.
[21, 0.47758322954177856, 0.49588462710380554, 0.9485981464385986, 0.973942756652832, 0.06352391093969345, 0.18551801145076752, 1.7482190132141113, 0.8883431553840637, 0.906467080116272, 0.906467080116272, 9.114002227783203, '00:54']
[22, 0.48517102003097534, 0.47062283754348755, 0.9403157830238342, 0.9862178564071655, 0.07151433825492859, 0.17826345562934875, 1.5839407444000244, 0.8891175389289856, 0.8924587368965149, 0.8924587368965149, 2.89845609664917, '00:56']
Better model found at epoch 22 with valid_loss value: 0.47062283754348755.
[23, 0.47928521037101746, 0.464339017868042, 0.9363402128219604, 0.9907983541488647, 0.07340840995311737, 0.17562413215637207, 1.4226287603378296, 0.8836748600006104, 0.8854008913040161, 0.8854008913040161, 1.4586306810379028, '00:55']
Better model found at epoch 23 with valid_loss value: 0.464339017868042.
[24, 0.47959405183792114, 0.48957476019859314, 0.9659771919250488, 0.9928196668624878, 0.02829950861632824, 0.17409056425094604, 1.2109767198562622, 0.9252012372016907, 0.9359623789787292, 0.9359623789787292, 0.8234982490539551, '00:54']
[25, 0.46823015809059143, 0.46571698784828186, 0.9304009675979614, 0.988418459892273, 0.07973817735910416, 0.1767711192369461, 1.4826937913894653, 0.8759811520576477, 0.8794341087341309, 0.8794341087341309, 2.9710023403167725, '00:55']
[26, 0.47551968693733215, 0.47698837518692017, 0.9413855671882629, 0.9821804761886597, 0.0713297426700592, 0.18072804808616638, 1.6641658544540405, 0.8824048638343811, 0.8936692476272583, 0.8936692476272583, 5.69257926940918, '00:55']
[27, 0.4713410437107086, 0.46464282274246216, 0.9311867356300354, 0.9904356002807617, 0.06934945285320282, 0.1754479557275772, 1.4258918762207031, 0.8753679394721985, 0.8782023191452026, 0.8782023191452026, 1.784729242324829, '00:55']
[28, 0.4686233699321747, 0.4578244388103485, 0.9240481853485107, 0.987907886505127, 0.08659982681274414, 0.17695188522338867, 1.5543769598007202, 0.8598877787590027, 0.8656082153320312, 0.8656082153320312, 2.7530429363250732, '00:54']
Better model found at epoch 28 with valid_loss value: 0.4578244388103485.
[29, 0.46763837337493896, 0.4803299605846405, 0.9522791504859924, 0.9928523898124695, 0.044625163078308105, 0.173981174826622, 1.1955794095993042, 0.9037215113639832, 0.912844181060791, 0.912844181060791, 0.4746538996696472, '00:55']
[30, 0.4669053256511688, 0.4577469527721405, 0.9260504841804504, 0.9902737736701965, 0.08100739121437073, 0.1758791208267212, 1.4187431335449219, 0.8690531253814697, 0.8711998462677002, 0.8711998462677002, 1.6459916830062866, '00:55']
Better model found at epoch 30 with valid_loss value: 0.4577469527721405.
[31, 0.4703313410282135, 0.46108537912368774, 0.9278008937835693, 0.9894431829452515, 0.08043595403432846, 0.1761874556541443, 1.4821515083312988, 0.8721519708633423, 0.8738420605659485, 0.8738420605659485, 1.8273459672927856, '00:54']
[32, 0.46503153443336487, 0.4900316894054413, 0.9384031295776367, 0.9737538695335388, 0.0712621808052063, 0.18463033437728882, 1.7465472221374512, 0.8739593029022217, 0.8903133273124695, 0.8903133273124695, 9.6461181640625, '00:55']
[33, 0.4580536484718323, 0.5235687494277954, 0.9741408824920654, 0.980008602142334, 0.027509262785315514, 0.18087993562221527, 1.5760207176208496, 0.95362389087677, 0.954163134098053, 0.954163134098053, 4.3979339599609375, '00:55']
[34, 0.46012642979621887, 0.46488165855407715, 0.9323492050170898, 0.9913102984428406, 0.0722995325922966, 0.17505934834480286, 1.4154232740402222, 0.8783845901489258, 0.8805371522903442, 0.8805371522903442, 1.295181393623352, '00:55']
[35, 0.4545780420303345, 0.48023346066474915, 0.9443974494934082, 0.9841572642326355, 0.06356405466794968, 0.17916403710842133, 1.642696738243103, 0.8894690275192261, 0.8977299928665161, 0.8977299928665161, 3.6970064640045166, '00:54']
[36, 0.4629552662372589, 0.45837897062301636, 0.9269586801528931, 0.9894315004348755, 0.07744446396827698, 0.1760435253381729, 1.4908519983291626, 0.8615751266479492, 0.8687400221824646, 0.8687400221824646, 2.47418212890625, '00:54']
[37, 0.4579427242279053, 0.45689859986305237, 0.9233211278915405, 0.9877483248710632, 0.0871102586388588, 0.17723031342029572, 1.562504529953003, 0.8535124063491821, 0.8631958365440369, 0.8631958365440369, 2.959440231323242, '00:54']
Better model found at epoch 37 with valid_loss value: 0.45689859986305237.
[38, 0.4655100107192993, 0.4588528573513031, 0.9282935261726379, 0.9914745688438416, 0.07571865618228912, 0.17486189305782318, 1.3746204376220703, 0.8624570965766907, 0.870096743106842, 0.870096743106842, 1.4371719360351562, '00:54']
[39, 0.4578956067562103, 0.4891282320022583, 0.948785662651062, 0.9804603457450867, 0.06201490759849548, 0.18142984807491302, 1.6491484642028809, 0.8943966031074524, 0.9061552286148071, 0.9061552286148071, 6.748480319976807, '00:53']
[40, 0.4627267122268677, 0.44237443804740906, 0.9096003174781799, 0.9905542135238647, 0.10140876471996307, 0.1754392832517624, 1.4426476955413818, 0.8361122608184814, 0.8406352996826172, 0.8406352996826172, 1.6968656778335571, '00:54']
Better model found at epoch 40 with valid_loss value: 0.44237443804740906.
[41, 0.46608075499534607, 0.4730910062789917, 0.9372193217277527, 0.9893282651901245, 0.06883401423692703, 0.17605562508106232, 1.4837603569030762, 0.8816700577735901, 0.8856251835823059, 0.8856251835823059, 1.8097554445266724, '00:54']
[42, 0.4630822539329529, 0.4446242153644562, 0.9138476848602295, 0.9911759495735168, 0.09996898472309113, 0.17559826374053955, 1.4138931035995483, 0.8436639308929443, 0.8490628004074097, 0.8490628004074097, 1.3217461109161377, '00:54']
[43, 0.461856871843338, 0.46183842420578003, 0.9282342195510864, 0.9895249605178833, 0.08143053203821182, 0.17616818845272064, 1.483814001083374, 0.8657298684120178, 0.8715682625770569, 0.8715682625770569, 2.5465452671051025, '00:54']
[44, 0.4597037136554718, 0.4656355679035187, 0.9365224242210388, 0.992360532283783, 0.06609257310628891, 0.17441487312316895, 1.3006311655044556, 0.8782110214233398, 0.8856393694877625, 0.8856393694877625, 0.8195009231567383, '00:54']
[45, 0.4541236162185669, 0.4481959640979767, 0.9162877798080444, 0.9918361306190491, 0.0938207134604454, 0.1748032122850418, 1.3686219453811646, 0.8452131152153015, 0.8515307903289795, 0.8515307903289795, 1.1699620485305786, '00:53']
[46, 0.46009770035743713, 0.44073957204818726, 0.9036795496940613, 0.9889751672744751, 0.11089830100536346, 0.17671357095241547, 1.5361746549606323, 0.8237013220787048, 0.8337565660476685, 0.8337565660476685, 2.46065092086792, '00:53']
Better model found at epoch 46 with valid_loss value: 0.44073957204818726.
[47, 0.45726704597473145, 0.4613962769508362, 0.9320135116577148, 0.9917752742767334, 0.0721445307135582, 0.17482101917266846, 1.3470995426177979, 0.8729948997497559, 0.877070963382721, 0.877070963382721, 0.9303385615348816, '00:54']
[48, 0.4551308751106262, 0.4527825117111206, 0.9224621653556824, 0.9911352396011353, 0.08587268739938736, 0.17517304420471191, 1.3993580341339111, 0.8517783880233765, 0.8611074686050415, 0.8611074686050415, 1.311946153640747, '00:53']
[49, 0.45839062333106995, 0.47469809651374817, 0.9457839131355286, 0.9908822178840637, 0.050262805074453354, 0.1749512106180191, 1.3524537086486816, 0.8922522664070129, 0.9006088376045227, 0.9006088376045227, 1.6398093700408936, '00:54']
[50, 0.4515352249145508, 0.46004074811935425, 0.9207330942153931, 0.985711932182312, 0.08425706624984741, 0.17789968848228455, 1.5816019773483276, 0.8519735336303711, 0.8609556555747986, 0.8609556555747986, 2.8976047039031982, '00:53']
[51, 0.4549916684627533, 0.46681663393974304, 0.9334283471107483, 0.9902899861335754, 0.06982424855232239, 0.1754637062549591, 1.4380346536636353, 0.8704371452331543, 0.8795252442359924, 0.8795252442359924, 1.584843635559082, '00:54']
[52, 0.4567517936229706, 0.464260071516037, 0.9307321310043335, 0.9916444420814514, 0.06939501315355301, 0.17470300197601318, 1.3420506715774536, 0.8654345273971558, 0.8752323985099792, 0.8752323985099792, 0.963650643825531, '00:53']
[53, 0.4512717127799988, 0.4502149820327759, 0.9171181321144104, 0.9888083934783936, 0.08802241832017899, 0.17639677226543427, 1.5057239532470703, 0.8413479924201965, 0.8511343598365784, 0.8511343598365784, 1.9814610481262207, '00:54']
[54, 0.4513002336025238, 0.4573014974594116, 0.9268314242362976, 0.9911161661148071, 0.08007916808128357, 0.17508497834205627, 1.4183363914489746, 0.8608623743057251, 0.8676924705505371, 0.8676924705505371, 1.1937477588653564, '00:54']
No improvement since epoch 46: early stopping
----------
4
----------
DLS create!
[0, 0.5268934965133667, 0.5078133940696716, 0.9900054335594177, 0.9950413703918457, 0.0, 0.17691519856452942, 1.1505711078643799, 0.9848340749740601, 0.9803347587585449, 0.9803347587585449, 0.0, '00:54']
Better model found at epoch 0 with valid_loss value: 0.5078133940696716.
[1, 0.513741672039032, 0.533407986164093, 0.9996953010559082, 0.9950413703918457, 0.0, 0.17333181202411652, 1.0066965818405151, 0.9990584254264832, 0.9993908405303955, 0.9993908405303955, 0.0, '00:54']
[2, 0.5182871222496033, 0.5079893469810486, 0.9887832999229431, 0.994939923286438, 0.01159312017261982, 0.17732687294483185, 1.1956582069396973, 0.9808118939399719, 0.9779908061027527, 0.9779908061027527, 0.04782762750983238, '00:54']
[3, 0.50577312707901, 0.4892231225967407, 0.9648906588554382, 0.9904173612594604, 0.04190937429666519, 0.17652925848960876, 1.4654173851013184, 0.9344211220741272, 0.9340059757232666, 0.9340059757232666, 1.391057014465332, '00:54']
Better model found at epoch 3 with valid_loss value: 0.4892231225967407.
[4, 0.5068519115447998, 0.494800329208374, 0.9776287078857422, 0.9936753511428833, 0.01972496137022972, 0.17590230703353882, 1.3078765869140625, 0.9593091607093811, 0.9568070769309998, 0.9568070769309998, 0.3749734163284302, '00:54']
[5, 0.5021169185638428, 0.4998585879802704, 0.9780293703079224, 0.9938831925392151, 0.022776471450924873, 0.17437362670898438, 1.2520568370819092, 0.9601970314979553, 0.9585013389587402, 0.9585013389587402, 0.3409106135368347, '00:53']
[6, 0.5034688711166382, 0.4966825246810913, 0.9771324396133423, 0.9945460557937622, 0.013258885592222214, 0.17394357919692993, 1.1620917320251465, 0.9550577998161316, 0.956537663936615, 0.956537663936615, 0.1330881267786026, '00:53']
[7, 0.4973253607749939, 0.4945157766342163, 0.964226245880127, 0.9828370213508606, 0.04275552183389664, 0.18060529232025146, 1.6607911586761475, 0.921951413154602, 0.9327504634857178, 0.9327504634857178, 3.369619369506836, '00:54']
[8, 0.4980028569698334, 0.48961907625198364, 0.9669455885887146, 0.9887224435806274, 0.037851620465517044, 0.1776004284620285, 1.5204768180847168, 0.9314336776733398, 0.9369234442710876, 0.9369234442710876, 1.788794755935669, '00:54']
[9, 0.49591290950775146, 0.4855741560459137, 0.9664328694343567, 0.9920064806938171, 0.04085651785135269, 0.1759951412677765, 1.3921210765838623, 0.9358682036399841, 0.9368671178817749, 0.9368671178817749, 0.8978484272956848, '00:53']
Better model found at epoch 9 with valid_loss value: 0.4855741560459137.
[10, 0.4916786551475525, 0.4848361909389496, 0.9636089205741882, 0.9922978281974792, 0.04540842026472092, 0.17572148144245148, 1.3697826862335205, 0.9316259622573853, 0.9318923950195312, 0.9318923950195312, 0.8543035984039307, '00:54']
Better model found at epoch 10 with valid_loss value: 0.4848361909389496.
[11, 0.49522724747657776, 0.4835255444049835, 0.962333619594574, 0.9924273490905762, 0.04127805307507515, 0.17528873682022095, 1.350193977355957, 0.9303086400032043, 0.9296361804008484, 0.9296361804008484, 0.8166645765304565, '00:54']
Better model found at epoch 11 with valid_loss value: 0.4835255444049835.
[12, 0.48878639936447144, 0.4939967393875122, 0.9691826701164246, 0.9906399250030518, 0.03251834213733673, 0.17600390315055847, 1.4201371669769287, 0.9418911337852478, 0.9419700503349304, 0.9419700503349304, 1.3372312784194946, '00:53']
[13, 0.49387606978416443, 0.4814038872718811, 0.9596784710884094, 0.9939015507698059, 0.041573747992515564, 0.1742783635854721, 1.2413660287857056, 0.9251880645751953, 0.9254967570304871, 0.9254967570304871, 0.40858981013298035, '00:53']
Better model found at epoch 13 with valid_loss value: 0.4814038872718811.
[14, 0.48923566937446594, 0.4932924509048462, 0.9617570638656616, 0.9907025694847107, 0.04054964706301689, 0.17591597139835358, 1.4757421016693115, 0.9260780215263367, 0.927787721157074, 0.927787721157074, 1.367219090461731, '00:54']
[15, 0.48759543895721436, 0.4764707684516907, 0.9529703855514526, 0.9908271431922913, 0.052609771490097046, 0.17614233493804932, 1.4614347219467163, 0.9113903045654297, 0.913145899772644, 0.913145899772644, 1.3216683864593506, '00:53']
Better model found at epoch 15 with valid_loss value: 0.4764707684516907.
[16, 0.48704957962036133, 0.4835427701473236, 0.9630995988845825, 0.9933657050132751, 0.03820634260773659, 0.17492125928401947, 1.30668044090271, 0.9303396344184875, 0.9304248690605164, 0.9304248690605164, 0.5622776746749878, '00:54']
[17, 0.4920717477798462, 0.4781322181224823, 0.9530811905860901, 0.9904392957687378, 0.05396907776594162, 0.1763225495815277, 1.4866505861282349, 0.9093797206878662, 0.9121685028076172, 0.9121685028076172, 1.4598253965377808, '00:53']
[18, 0.4808182418346405, 0.4890812635421753, 0.9654712677001953, 0.9939528703689575, 0.0331059955060482, 0.17424991726875305, 1.2459555864334106, 0.9343132376670837, 0.9346796274185181, 0.9346796274185181, 0.36015185713768005, '00:54']
[19, 0.4894934892654419, 0.472995787858963, 0.9485070109367371, 0.9877861738204956, 0.06540649384260178, 0.1785161793231964, 1.580748438835144, 0.893250584602356, 0.9039212465286255, 0.9039212465286255, 2.287578821182251, '00:53']
Better model found at epoch 19 with valid_loss value: 0.472995787858963.
[20, 0.48548224568367004, 0.486055850982666, 0.9536780714988708, 0.9813142418861389, 0.05569768324494362, 0.18170835077762604, 1.7038042545318604, 0.8926482200622559, 0.9136238098144531, 0.9136238098144531, 4.054398536682129, '00:53']
[21, 0.4905291795730591, 0.4787750840187073, 0.9499056935310364, 0.9878456592559814, 0.05859405919909477, 0.17780795693397522, 1.585508108139038, 0.8991777300834656, 0.9064580202102661, 0.9064580202102661, 2.2260913848876953, '00:53']
[22, 0.48421427607536316, 0.4668164849281311, 0.9468907713890076, 0.993665337562561, 0.058868248015642166, 0.174722820520401, 1.3111966848373413, 0.9032865166664124, 0.9024354219436646, 0.9024354219436646, 0.5552797913551331, '00:53']
Better model found at epoch 22 with valid_loss value: 0.4668164849281311.
[23, 0.47797805070877075, 0.48387768864631653, 0.952824056148529, 0.9899355173110962, 0.05098329856991768, 0.17633818089962006, 1.507839322090149, 0.9077703952789307, 0.9114482402801514, 0.9114482402801514, 1.5894560813903809, '00:53']
[24, 0.48272356390953064, 0.4635705351829529, 0.9397165179252625, 0.9916713833808899, 0.06764473766088486, 0.17568856477737427, 1.432765245437622, 0.8877368569374084, 0.8891865611076355, 0.8891865611076355, 1.0963982343673706, '00:53']
Better model found at epoch 24 with valid_loss value: 0.4635705351829529.
[25, 0.4816325902938843, 0.480265349149704, 0.9589165449142456, 0.9931899309158325, 0.0422951877117157, 0.17479176819324493, 1.3280866146087646, 0.9239285588264465, 0.9230290651321411, 0.9230290651321411, 0.6034457683563232, '00:54']
[26, 0.4829324781894684, 0.4696880280971527, 0.9485944509506226, 0.990757942199707, 0.05888751521706581, 0.17644810676574707, 1.4380122423171997, 0.9009813666343689, 0.9044001698493958, 0.9044001698493958, 1.3459949493408203, '00:54']
[27, 0.48174941539764404, 0.46776509284973145, 0.9449955821037292, 0.9924222826957703, 0.068385548889637, 0.17535772919654846, 1.3891960382461548, 0.8974521160125732, 0.898988664150238, 0.898988664150238, 0.9073551297187805, '00:54']
[28, 0.47811800241470337, 0.47386184334754944, 0.9450786113739014, 0.9854605197906494, 0.06329746544361115, 0.17914019525051117, 1.6472437381744385, 0.8849234580993652, 0.8982041478157043, 0.8982041478157043, 3.003702163696289, '00:54']
[29, 0.48251059651374817, 0.4672681987285614, 0.946718156337738, 0.9924228191375732, 0.062127333134412766, 0.17541590332984924, 1.3883557319641113, 0.9015306830406189, 0.901573657989502, 0.901573657989502, 0.8920663595199585, '00:53']
[30, 0.48164331912994385, 0.4588697850704193, 0.9372745752334595, 0.9925599694252014, 0.06982085108757019, 0.17524583637714386, 1.4059752225875854, 0.8844045400619507, 0.8846721649169922, 0.8846721649169922, 0.9274075031280518, '00:54']
Better model found at epoch 30 with valid_loss value: 0.4588697850704193.
[31, 0.4735523760318756, 0.466816246509552, 0.9407045245170593, 0.9875525832176208, 0.07067285478115082, 0.1781436651945114, 1.6094056367874146, 0.8791048526763916, 0.8907139897346497, 0.8907139897346497, 2.4863779544830322, '00:54']
[32, 0.4645315408706665, 0.4520155191421509, 0.9252493381500244, 0.9908730387687683, 0.08034662902355194, 0.17599965631961823, 1.4927057027816772, 0.8605583906173706, 0.8642436265945435, 0.8642436265945435, 1.4488445520401, '00:54']
Better model found at epoch 32 with valid_loss value: 0.4520155191421509.
[33, 0.4767912030220032, 0.4639034867286682, 0.9412139058113098, 0.9941167235374451, 0.06530303508043289, 0.17414110898971558, 1.2532235383987427, 0.8912338614463806, 0.8930677175521851, 0.8930677175521851, 0.4265778660774231, '00:53']
[34, 0.47678616642951965, 0.45486536622047424, 0.9299874305725098, 0.9912320375442505, 0.07894322276115417, 0.17599627375602722, 1.4935816526412964, 0.8688417077064514, 0.8718491792678833, 0.8718491792678833, 1.3760994672775269, '00:54']
[35, 0.4743421971797943, 0.465474396944046, 0.9358948469161987, 0.9879471063613892, 0.07483571767807007, 0.17786216735839844, 1.601943016052246, 0.8679319024085999, 0.8812433481216431, 0.8812432885169983, 2.416961908340454, '00:54']
[36, 0.4713890850543976, 0.4526310861110687, 0.9251915216445923, 0.9907228350639343, 0.08477667719125748, 0.1761292666196823, 1.5087294578552246, 0.8602504730224609, 0.8647075891494751, 0.8647075891494751, 1.5479274988174438, '00:54']
[37, 0.47397300601005554, 0.4532516598701477, 0.929036021232605, 0.9897724986076355, 0.0814632922410965, 0.17686310410499573, 1.542967438697815, 0.8627568483352661, 0.8700525760650635, 0.8700525760650635, 1.8018397092819214, '00:53']
[38, 0.47185903787612915, 0.46835923194885254, 0.9373893141746521, 0.9882835149765015, 0.07170847803354263, 0.1775633990764618, 1.572983741760254, 0.8698714971542358, 0.8847995400428772, 0.8847995400428772, 2.290825843811035, '00:54']
[39, 0.47553929686546326, 0.4545212984085083, 0.9311185479164124, 0.9917184710502625, 0.08122017234563828, 0.1757829785346985, 1.4450420141220093, 0.8698208928108215, 0.874288022518158, 0.874288022518158, 1.207421898841858, '00:54']
[40, 0.47372302412986755, 0.45217227935791016, 0.9280209541320801, 0.9903879761695862, 0.08271460980176926, 0.17644493281841278, 1.5204366445541382, 0.8596732020378113, 0.8681033849716187, 0.8681033849716187, 1.6757338047027588, '00:54']
No improvement since epoch 32: early stopping
PSPNet_vgg19 Done!
