Models will save to PSPNet_res152_x
Use resnet152 encoder
Start training...
----------
0
----------
DLS create!
[0, 0.5130748748779297, 0.512822687625885, 0.9834434986114502, 0.9897297024726868, 0.008419228717684746, 0.17756961286067963, 1.2653025388717651, 0.9743791818618774, 0.9675848484039307, 0.9675848484039307, 0.21723580360412598, '00:31']
Better model found at epoch 0 with valid_loss value: 0.512822687625885.
[1, 0.5028382539749146, 0.5443629622459412, 0.9960282444953918, 0.9904823899269104, 0.0003135218285024166, 0.17349427938461304, 1.0265699625015259, 0.9891316294670105, 0.9921482801437378, 0.9921482801437378, 0.0035046604461967945, '00:30']
[2, 0.4987959563732147, 0.4926155209541321, 0.9579046964645386, 0.9854848384857178, 0.04957679659128189, 0.17744180560112, 1.4443631172180176, 0.9227321743965149, 0.9209526777267456, 0.9209526777267456, 1.380213737487793, '00:30']
Better model found at epoch 2 with valid_loss value: 0.4926155209541321.
[3, 0.4903850853443146, 0.5046346187591553, 0.9663006067276001, 0.9853459596633911, 0.03470657765865326, 0.17677097022533417, 1.4346444606781006, 0.9388182759284973, 0.9360017776489258, 0.9360017776489258, 1.4422581195831299, '00:30']
[4, 0.48422473669052124, 0.5022479295730591, 0.9632783532142639, 0.985666811466217, 0.04012761265039444, 0.17692889273166656, 1.3889652490615845, 0.932405948638916, 0.9314435124397278, 0.9314435124397278, 1.2375990152359009, '00:30']
[5, 0.48648422956466675, 0.48220759630203247, 0.9475324749946594, 0.9871019721031189, 0.058297526091337204, 0.17613476514816284, 1.3481652736663818, 0.9038316607475281, 0.9041325449943542, 0.9041325449943542, 0.9521327614784241, '00:30']
Better model found at epoch 5 with valid_loss value: 0.48220759630203247.
[6, 0.48905545473098755, 0.49378377199172974, 0.9529611468315125, 0.989374041557312, 0.04901497811079025, 0.17445576190948486, 1.2354639768600464, 0.9097762107849121, 0.9131936430931091, 0.9131936430931091, 0.4358375668525696, '00:31']
[7, 0.46609312295913696, 0.48698845505714417, 0.9453499913215637, 0.9899228811264038, 0.055301375687122345, 0.1739264279603958, 1.1744232177734375, 0.890884280204773, 0.9015601873397827, 0.9015601873397827, 0.29518547654151917, '00:30']
[8, 0.46864616870880127, 0.4767836332321167, 0.9350519180297852, 0.9869145750999451, 0.07108462601900101, 0.17590396106243134, 1.3645710945129395, 0.8794840574264526, 0.8836405277252197, 0.8836405277252197, 1.205578088760376, '00:30']
Better model found at epoch 8 with valid_loss value: 0.4767836332321167.
[9, 0.4672412574291229, 0.4886392056941986, 0.9504172801971436, 0.9895238280296326, 0.05198914557695389, 0.17431806027889252, 1.196755290031433, 0.905276894569397, 0.9108293652534485, 0.9108293652534485, 0.3485638499259949, '00:30']
[10, 0.47759538888931274, 0.4683530330657959, 0.9240738153457642, 0.9848037958145142, 0.08533211797475815, 0.17710672318935394, 1.459517478942871, 0.8586826324462891, 0.8646292686462402, 0.8646292686462402, 1.679927110671997, '00:30']
Better model found at epoch 10 with valid_loss value: 0.4683530330657959.
[11, 0.4814243018627167, 0.4830554127693176, 0.9364327192306519, 0.985169529914856, 0.06988858431577682, 0.17679910361766815, 1.462661862373352, 0.883298397064209, 0.8851401805877686, 0.8851401805877686, 1.3684519529342651, '00:30']
[12, 0.4706597626209259, 0.4916022717952728, 0.9397042393684387, 0.980310320854187, 0.06603343784809113, 0.17930980026721954, 1.5694119930267334, 0.883766770362854, 0.889511227607727, 0.889511227607727, 3.1268844604492188, '00:30']
[13, 0.46229737997055054, 0.47361621260643005, 0.9268764853477478, 0.9840560555458069, 0.07992890477180481, 0.17744837701320648, 1.4609373807907104, 0.8591758608818054, 0.8690959215164185, 0.8690959215164185, 1.607145071029663, '00:30']
[14, 0.4657565653324127, 0.47602784633636475, 0.9303826093673706, 0.9889592528343201, 0.07234591245651245, 0.17453956604003906, 1.2591578960418701, 0.8695225715637207, 0.8768438696861267, 0.8768438696861267, 0.5541602969169617, '00:30']
[15, 0.4657082259654999, 0.4700079560279846, 0.9296638369560242, 0.9891810417175293, 0.07765568047761917, 0.1745958775281906, 1.2406009435653687, 0.8709585070610046, 0.8760780096054077, 0.8760780096054077, 0.5238555073738098, '00:30']
[16, 0.4704698324203491, 0.4610190987586975, 0.9186570048332214, 0.9889987111091614, 0.08698465675115585, 0.17460203170776367, 1.2556800842285156, 0.8493320345878601, 0.8573072552680969, 0.8573072552680969, 0.553078293800354, '00:31']
Better model found at epoch 16 with valid_loss value: 0.4610190987586975.
[17, 0.4644638001918793, 0.4762364327907562, 0.9246628284454346, 0.9891553521156311, 0.07910176366567612, 0.17440462112426758, 1.2534058094024658, 0.8564980030059814, 0.865511953830719, 0.865511953830719, 0.5983213782310486, '00:30']
[18, 0.45723870396614075, 0.4811806082725525, 0.9251412153244019, 0.982223629951477, 0.0801469013094902, 0.1783081293106079, 1.4893746376037598, 0.8521330952644348, 0.866065502166748, 0.866065502166748, 2.0718941688537598, '00:30']
[19, 0.4676900804042816, 0.4633660614490509, 0.9225795865058899, 0.9865787029266357, 0.08392741531133652, 0.17615775763988495, 1.405306100845337, 0.8562429547309875, 0.8622209429740906, 0.8622209429740906, 1.141143560409546, '00:30']
[20, 0.4557875990867615, 0.5157644152641296, 0.9429604411125183, 0.9636209607124329, 0.06185963377356529, 0.18831586837768555, 1.7481352090835571, 0.8722386360168457, 0.8948062658309937, 0.8948062658309937, 7.161555767059326, '00:31']
[21, 0.4644666314125061, 0.47431519627571106, 0.9306715726852417, 0.9880750775337219, 0.0717974528670311, 0.17504101991653442, 1.3099870681762695, 0.8668971061706543, 0.8756643533706665, 0.8756643533706665, 0.9367688894271851, '00:30']
[22, 0.45911961793899536, 0.4603821039199829, 0.9153391122817993, 0.9890015721321106, 0.09000499546527863, 0.17459459602832794, 1.2482584714889526, 0.8425794243812561, 0.8533514738082886, 0.8533514738082886, 0.583013117313385, '00:30']
Better model found at epoch 22 with valid_loss value: 0.4603821039199829.
[23, 0.45761144161224365, 0.47125518321990967, 0.9257797598838806, 0.9855261445045471, 0.07968007028102875, 0.17659877240657806, 1.4304070472717285, 0.8593623638153076, 0.8666270971298218, 0.8666270971298218, 1.6261123418807983, '00:30']
[24, 0.4590562880039215, 0.4690520465373993, 0.9204873442649841, 0.9830116033554077, 0.08672041445970535, 0.17799384891986847, 1.4992265701293945, 0.8492258191108704, 0.8587366938591003, 0.8587366938591003, 2.3901824951171875, '00:30']
[25, 0.4651145339012146, 0.463043212890625, 0.9271344542503357, 0.9894306659698486, 0.07739496976137161, 0.17450791597366333, 1.2331929206848145, 0.8653391003608704, 0.8708804249763489, 0.8708804249763489, 0.45499303936958313, '00:31']
[26, 0.45022255182266235, 0.4746200144290924, 0.9304633736610413, 0.9862219095230103, 0.07454777508974075, 0.1762509047985077, 1.3749679327011108, 0.8681911826133728, 0.8767110705375671, 0.8767110705375671, 1.2922286987304688, '00:31']
[27, 0.4513511657714844, 0.4583609104156494, 0.9154719710350037, 0.9887872338294983, 0.08914932608604431, 0.17475003004074097, 1.2734894752502441, 0.8439910411834717, 0.8517486453056335, 0.8517486453056335, 0.6143574118614197, '00:30']
Better model found at epoch 27 with valid_loss value: 0.4583609104156494.
[28, 0.4603773057460785, 0.4547446668148041, 0.9114317297935486, 0.9855973720550537, 0.0952354371547699, 0.1767064929008484, 1.4529750347137451, 0.8343014717102051, 0.8440947532653809, 0.8440947532653809, 1.5925984382629395, '00:30']
Better model found at epoch 28 with valid_loss value: 0.4547446668148041.
[29, 0.45983898639678955, 0.45841893553733826, 0.9112826585769653, 0.9871817827224731, 0.09392724931240082, 0.17567533254623413, 1.3673282861709595, 0.8362005352973938, 0.8455578684806824, 0.8455579876899719, 1.1115624904632568, '00:30']
[30, 0.4600540101528168, 0.4563267230987549, 0.9099500775337219, 0.982857346534729, 0.09785962849855423, 0.17839978635311127, 1.5115817785263062, 0.8252599239349365, 0.8398485779762268, 0.8398485779762268, 2.185131788253784, '00:30']
[31, 0.4534270465373993, 0.46104779839515686, 0.9174666404724121, 0.9867748022079468, 0.08815636485815048, 0.1758851706981659, 1.3838553428649902, 0.8454777598381042, 0.8544957637786865, 0.8544957637786865, 1.279479742050171, '00:30']
[32, 0.4472346901893616, 0.4561585783958435, 0.911530613899231, 0.9863327145576477, 0.09518056362867355, 0.1762325018644333, 1.3860819339752197, 0.8340660929679871, 0.8449335694313049, 0.8449335694313049, 1.294934630393982, '00:30']
[33, 0.46435800194740295, 0.4598652124404907, 0.9180019497871399, 0.9879865050315857, 0.08932431042194366, 0.17533421516418457, 1.344956636428833, 0.8490474820137024, 0.8558968305587769, 0.8558968305587769, 0.9625301957130432, '00:30']
[34, 0.4503304660320282, 0.46197038888931274, 0.9167836904525757, 0.9850037097930908, 0.09005017578601837, 0.1769644320011139, 1.4346987009048462, 0.8396692872047424, 0.8517452478408813, 0.8517452478408813, 1.5588784217834473, '00:31']
[35, 0.45059439539909363, 0.4705081582069397, 0.9172037243843079, 0.9808282852172852, 0.08811476081609726, 0.17920446395874023, 1.5211011171340942, 0.8333042860031128, 0.8525924682617188, 0.8525924682617188, 2.6587772369384766, '00:30']
[36, 0.44579482078552246, 0.46432793140411377, 0.9185835123062134, 0.9846456050872803, 0.087436243891716, 0.1771286576986313, 1.434515118598938, 0.8433783054351807, 0.8559244275093079, 0.8559244275093079, 1.4930256605148315, '00:30']
No improvement since epoch 28: early stopping
----------
1
----------
DLS create!
[0, 0.5066779851913452, 0.5234269499778748, 0.9838618636131287, 0.9895767569541931, 0.015474388375878334, 0.1758739948272705, 1.369564175605774, 0.9715123176574707, 0.96873939037323, 0.96873939037323, 0.8799352049827576, '00:31']
Better model found at epoch 0 with valid_loss value: 0.5234269499778748.
[1, 0.49387675523757935, 0.5065828561782837, 0.9658241868019104, 0.9862150549888611, 0.04138445481657982, 0.17767158150672913, 1.5049806833267212, 0.9362300634384155, 0.9356039762496948, 0.9356039762496948, 1.8063896894454956, '00:30']
Better model found at epoch 1 with valid_loss value: 0.5065828561782837.
[2, 0.4930057227611542, 0.500817596912384, 0.969322681427002, 0.9890611171722412, 0.032679397612810135, 0.17557749152183533, 1.399343490600586, 0.9440106749534607, 0.9418080449104309, 0.9418080449104309, 0.9384210109710693, '00:30']
Better model found at epoch 2 with valid_loss value: 0.500817596912384.
[3, 0.48243197798728943, 0.5007451176643372, 0.9589850306510925, 0.9904956817626953, 0.04288578778505325, 0.17445208132266998, 1.2953541278839111, 0.9228333234786987, 0.9235258102416992, 0.9235258102416992, 0.5510115623474121, '00:30']
Better model found at epoch 3 with valid_loss value: 0.5007451176643372.
[4, 0.4945385456085205, 0.5848962664604187, 0.9839015007019043, 0.9134470820426941, 0.01644246093928814, 0.209249347448349, 1.8432703018188477, 0.9724371433258057, 0.9692929983139038, 0.9692929983139038, 20.84604263305664, '00:30']
[5, 0.48455849289894104, 0.4952552020549774, 0.9552009105682373, 0.9802625775337219, 0.05579112097620964, 0.18103313446044922, 1.6427888870239258, 0.9050110578536987, 0.9166077375411987, 0.9166077375411987, 3.3678414821624756, '00:31']
Better model found at epoch 5 with valid_loss value: 0.4952552020549774.
[6, 0.4827139675617218, 0.49518272280693054, 0.9530518054962158, 0.977598249912262, 0.058462224900722504, 0.1831893026828766, 1.6635984182357788, 0.8982569575309753, 0.9125434160232544, 0.9125434160232544, 4.036166667938232, '00:31']
Better model found at epoch 6 with valid_loss value: 0.49518272280693054.
[7, 0.4795975089073181, 0.4760487377643585, 0.9460952281951904, 0.9882895946502686, 0.06169690191745758, 0.176507830619812, 1.4222403764724731, 0.899201512336731, 0.9012196660041809, 0.9012196660041809, 1.129173994064331, '00:31']
Better model found at epoch 7 with valid_loss value: 0.4760487377643585.
[8, 0.4803386926651001, 0.4889407157897949, 0.9537382125854492, 0.9841337203979492, 0.052543919533491135, 0.17859619855880737, 1.579641342163086, 0.9079858064651489, 0.9138168692588806, 0.9138168692588806, 2.3220527172088623, '00:31']
[9, 0.48006319999694824, 0.4733738601207733, 0.9393039345741272, 0.9856175184249878, 0.07428484410047531, 0.17806895077228546, 1.537903904914856, 0.8816608786582947, 0.8893405795097351, 0.8893405795097351, 1.961219072341919, '00:30']
Better model found at epoch 9 with valid_loss value: 0.4733738601207733.
[10, 0.4724387526512146, 0.4772496819496155, 0.9433155059814453, 0.9865477085113525, 0.06391096115112305, 0.17712587118148804, 1.5219383239746094, 0.8923059701919556, 0.8961215615272522, 0.8961215615272522, 1.8469738960266113, '00:30']
[11, 0.4668116271495819, 0.48248812556266785, 0.9334556460380554, 0.9865009784698486, 0.07317753881216049, 0.17691202461719513, 1.4998639822006226, 0.8741664290428162, 0.880294919013977, 0.880294919013977, 1.8054438829421997, '00:30']
[12, 0.4654535949230194, 0.4754207134246826, 0.9386680126190186, 0.9847574234008789, 0.07214988768100739, 0.17877605557441711, 1.5472095012664795, 0.8818531036376953, 0.8887690305709839, 0.8887690305709839, 2.1373214721679688, '00:31']
[13, 0.4686555862426758, 0.4696534276008606, 0.9324409365653992, 0.9888111352920532, 0.07551952451467514, 0.17578786611557007, 1.4251612424850464, 0.874193549156189, 0.8782143592834473, 0.8782143592834473, 1.1994353532791138, '00:30']
Better model found at epoch 13 with valid_loss value: 0.4696534276008606.
[14, 0.47265321016311646, 0.509991466999054, 0.9515036940574646, 0.974380373954773, 0.05430515483021736, 0.18344438076019287, 1.6995784044265747, 0.8944242000579834, 0.9109008312225342, 0.9109008312225342, 4.091750621795654, '00:30']
[15, 0.46542423963546753, 0.47153955698013306, 0.9300185441970825, 0.9846713542938232, 0.07985671609640121, 0.1781281977891922, 1.5640681982040405, 0.8617540597915649, 0.8741129636764526, 0.8741129636764526, 2.3327860832214355, '00:30']
[16, 0.45850670337677, 0.4702666997909546, 0.9362834095954895, 0.9897505640983582, 0.07308829575777054, 0.17556996643543243, 1.3549338579177856, 0.8839617371559143, 0.8866339921951294, 0.8866339921951294, 0.8224784135818481, '00:30']
[17, 0.4665103554725647, 0.45755183696746826, 0.9227206707000732, 0.9889127016067505, 0.08795227110385895, 0.17580606043338776, 1.4301189184188843, 0.8578404784202576, 0.8616235852241516, 0.8616235852241516, 1.1743459701538086, '00:31']
Better model found at epoch 17 with valid_loss value: 0.45755183696746826.
[18, 0.45987123250961304, 0.4630778133869171, 0.9270572066307068, 0.9903438687324524, 0.0803057923913002, 0.1749822050333023, 1.3492834568023682, 0.8692227602005005, 0.8710262775421143, 0.8710262775421143, 0.7706593871116638, '00:30']
[19, 0.4656873345375061, 0.4738117456436157, 0.9318297505378723, 0.9842498898506165, 0.07589074224233627, 0.1782170683145523, 1.5872738361358643, 0.8681064248085022, 0.8762441873550415, 0.8762441873550415, 2.2784063816070557, '00:30']
[20, 0.4586910605430603, 0.4612416625022888, 0.9191616177558899, 0.988089919090271, 0.08885563910007477, 0.17613500356674194, 1.4555933475494385, 0.847987174987793, 0.8565199971199036, 0.8565199971199036, 1.3998234272003174, '00:31']
[21, 0.4509800970554352, 0.45556938648223877, 0.918083131313324, 0.9908751249313354, 0.08692355453968048, 0.1745980679988861, 1.2929424047470093, 0.8494299650192261, 0.8575722575187683, 0.8575722575187683, 0.6582745313644409, '00:31']
Better model found at epoch 21 with valid_loss value: 0.45556938648223877.
[22, 0.4558725357055664, 0.461167573928833, 0.9198192954063416, 0.9877223968505859, 0.09154536575078964, 0.17648713290691376, 1.440504789352417, 0.8525629043579102, 0.8580701947212219, 0.8580701947212219, 1.4468774795532227, '00:31']
[23, 0.46543988585472107, 0.47198936343193054, 0.9260610342025757, 0.9815653562545776, 0.08353792876005173, 0.17997249960899353, 1.6313209533691406, 0.8445494174957275, 0.8658885955810547, 0.8658885955810547, 3.1771130561828613, '00:30']
[24, 0.4602341651916504, 0.46288013458251953, 0.9231234788894653, 0.9854536652565002, 0.08716060221195221, 0.17779797315597534, 1.552978515625, 0.850039005279541, 0.8625156283378601, 0.8625156283378601, 2.2581284046173096, '00:30']
[25, 0.4598715603351593, 0.4649714231491089, 0.926091730594635, 0.9905262589454651, 0.08122853934764862, 0.17467768490314484, 1.3147715330123901, 0.8631888628005981, 0.8676139116287231, 0.8676139116287231, 0.7044966220855713, '00:30']
[26, 0.4557052254676819, 0.45255762338638306, 0.9135162830352783, 0.989891529083252, 0.09289905428886414, 0.17507131397724152, 1.3697826862335205, 0.8438714146614075, 0.8466096520423889, 0.8466096520423889, 0.9387891888618469, '00:30']
Better model found at epoch 26 with valid_loss value: 0.45255762338638306.
[27, 0.4536016285419464, 0.46225717663764954, 0.9270193576812744, 0.9904334545135498, 0.0835053101181984, 0.1750267595052719, 1.3199706077575684, 0.8693031072616577, 0.8718002438545227, 0.8718002438545227, 0.7725622057914734, '00:30']
[28, 0.4420551061630249, 0.45971670746803284, 0.9181564450263977, 0.9889929890632629, 0.08748357743024826, 0.17559677362442017, 1.389140009880066, 0.851753294467926, 0.856988787651062, 0.856988787651062, 1.0911564826965332, '00:31']
[29, 0.4483906328678131, 0.46127066016197205, 0.9220425486564636, 0.9885187745094299, 0.08571772277355194, 0.17588678002357483, 1.4450961351394653, 0.8574140667915344, 0.8623471260070801, 0.8623471260070801, 1.3502110242843628, '00:31']
[30, 0.45307043194770813, 0.4612468481063843, 0.9207557439804077, 0.9875060319900513, 0.0861564427614212, 0.1764410138130188, 1.4996893405914307, 0.8526495695114136, 0.8596499562263489, 0.8596499562263489, 1.730900526046753, '00:31']
[31, 0.4621511399745941, 0.4583922028541565, 0.9213100075721741, 0.9881322383880615, 0.08542589098215103, 0.17617404460906982, 1.4474939107894897, 0.8530087471008301, 0.8596411347389221, 0.8596411347389221, 1.392159342765808, '00:31']
[32, 0.45028963685035706, 0.4647342264652252, 0.9180296659469604, 0.9834422469139099, 0.09066664427518845, 0.1785839945077896, 1.538809895515442, 0.8471481800079346, 0.8554506897926331, 0.8554506897926331, 2.790442943572998, '00:30']
[33, 0.44334110617637634, 0.45549076795578003, 0.9138762950897217, 0.9832015037536621, 0.0971091017127037, 0.17907065153121948, 1.5842888355255127, 0.834096372127533, 0.847872793674469, 0.847872793674469, 2.8579611778259277, '00:30']
[34, 0.4397388696670532, 0.4503510296344757, 0.9084867835044861, 0.9887217879295349, 0.0985368937253952, 0.17570006847381592, 1.3908677101135254, 0.8352521657943726, 0.8400979042053223, 0.8400979042053223, 1.1146764755249023, '00:30']
Better model found at epoch 34 with valid_loss value: 0.4503510296344757.
[35, 0.4417097270488739, 0.46208205819129944, 0.9233829975128174, 0.9907038807868958, 0.08023815602064133, 0.17463062703609467, 1.235349416732788, 0.854369580745697, 0.8661221265792847, 0.8661221265792847, 0.5656378865242004, '00:30']
[36, 0.44726651906967163, 0.45732250809669495, 0.9079328775405884, 0.9814403653144836, 0.1023358553647995, 0.17975974082946777, 1.5620368719100952, 0.831239640712738, 0.8416816592216492, 0.8416816592216492, 3.2971956729888916, '00:30']
[37, 0.44554728269577026, 0.45073002576828003, 0.9093602895736694, 0.9896358251571655, 0.09613639861345291, 0.17521025240421295, 1.3658794164657593, 0.8351688981056213, 0.8420645594596863, 0.8420645594596863, 0.9482517838478088, '00:30']
[38, 0.44645074009895325, 0.45059773325920105, 0.9115493297576904, 0.9891824722290039, 0.09461993724107742, 0.1755332350730896, 1.352198839187622, 0.8396080136299133, 0.8459513187408447, 0.8459513187408447, 0.9137643575668335, '00:30']
[39, 0.4338523745536804, 0.4633239209651947, 0.917689859867096, 0.9838592410087585, 0.09038496017456055, 0.17840643227100372, 1.5686695575714111, 0.8413053750991821, 0.8540676236152649, 0.8540676236152649, 2.456101179122925, '00:31']
[40, 0.4363360106945038, 0.4566763639450073, 0.9163704514503479, 0.9892783164978027, 0.09055545181035995, 0.17550541460514069, 1.3683671951293945, 0.8461056351661682, 0.8536949753761292, 0.8536949753761292, 1.0036569833755493, '00:30']
[41, 0.45168715715408325, 0.4512019753456116, 0.911251962184906, 0.9893984794616699, 0.09861291199922562, 0.17555226385593414, 1.4063483476638794, 0.841934323310852, 0.8453068733215332, 0.8453068733215332, 1.0706678628921509, '00:30']
[42, 0.4428279995918274, 0.45635899901390076, 0.9138492345809937, 0.9873877167701721, 0.09357888996601105, 0.17654724419116974, 1.4637274742126465, 0.8380470871925354, 0.8475714921951294, 0.8475714921951294, 1.5187337398529053, '00:30']
No improvement since epoch 34: early stopping
----------
2
----------
DLS create!
[0, 0.5026630759239197, 0.498915433883667, 0.9639562368392944, 0.991236686706543, 0.02871331200003624, 0.17515967786312103, 1.391416311264038, 0.9494506120681763, 0.9395995736122131, 0.9395995736122131, inf, '00:30']
Better model found at epoch 0 with valid_loss value: 0.498915433883667.
[1, 0.49839887022972107, 0.4964650571346283, 0.96335369348526, 0.9917967319488525, 0.028152162209153175, 0.17568373680114746, 1.343957543373108, 0.9484392404556274, 0.9389368295669556, 0.9389368295669556, inf, '00:30']
Better model found at epoch 1 with valid_loss value: 0.4964650571346283.
[2, 0.5016844272613525, 0.49717795848846436, 0.9640781283378601, 0.9914476275444031, 0.02787206508219242, 0.17500059306621552, 1.3751949071884155, 0.9490170478820801, 0.9395611882209778, 0.9395611882209778, inf, '00:31']
[3, 0.4960876405239105, 0.4810083210468292, 0.9445434212684631, 0.9883164167404175, 0.06120792403817177, 0.1774849146604538, 1.5479230880737305, 0.9100802540779114, 0.9052146077156067, 0.9052146077156067, inf, '00:30']
Better model found at epoch 3 with valid_loss value: 0.4810083210468292.
[4, 0.4909519851207733, 0.479073703289032, 0.9417293071746826, 0.9879902005195618, 0.05942567437887192, 0.17728734016418457, 1.5669105052947998, 0.9043009281158447, 0.9000126719474792, 0.9000126719474792, inf, '00:31']
Better model found at epoch 4 with valid_loss value: 0.479073703289032.
[5, 0.49212202429771423, 0.484500914812088, 0.9456417560577393, 0.9845889806747437, 0.062035441398620605, 0.1800631284713745, 1.6344366073608398, 0.9042711853981018, 0.9066196084022522, 0.9066196084022522, inf, '00:31']
[6, 0.48613137006759644, 0.4859399199485779, 0.9433016180992126, 0.9845101833343506, 0.05583080276846886, 0.17927193641662598, 1.6267247200012207, 0.9036641716957092, 0.9035583138465881, 0.9035583138465881, inf, '00:31']
[7, 0.486427366733551, 0.47135329246520996, 0.9342368245124817, 0.9887595176696777, 0.0712408721446991, 0.17694713175296783, 1.5506342649459839, 0.8907333016395569, 0.8874366879463196, 0.8874366879463196, inf, '00:31']
Better model found at epoch 7 with valid_loss value: 0.47135329246520996.
[8, 0.48884883522987366, 0.47161513566970825, 0.9354357123374939, 0.9890975952148438, 0.06939098984003067, 0.17679277062416077, 1.508328914642334, 0.8938482403755188, 0.8895696997642517, 0.8895696997642517, inf, '00:31']
[9, 0.4847358763217926, 0.47458386421203613, 0.9424207806587219, 0.9922881126403809, 0.049885161221027374, 0.17444011569023132, 1.3091849088668823, 0.906715452671051, 0.901474118232727, 0.901474118232727, inf, '00:30']
[10, 0.49047306180000305, 0.5202311873435974, 0.9472637176513672, 0.9613161683082581, 0.051627762615680695, 0.19156226515769958, 1.833076000213623, 0.8899497389793396, 0.9102455973625183, 0.9102455973625183, inf, '00:30']
[11, 0.4641798138618469, 0.49521443247795105, 0.9549375176429749, 0.9931577444076538, 0.033450618386268616, 0.1735522598028183, 1.144984483718872, 0.9168722033500671, 0.9247857332229614, 0.9247857332229614, inf, '00:30']
[12, 0.47664281725883484, 0.49166980385780334, 0.9384168982505798, 0.9785374402999878, 0.06293434649705887, 0.18288518488407135, 1.7379952669143677, 0.887059211730957, 0.8948613405227661, 0.8948613405227661, inf, '00:31']
[13, 0.4666844308376312, 0.46431344747543335, 0.919107973575592, 0.9856455326080322, 0.08266245573759079, 0.17840176820755005, 1.6115031242370605, 0.8593205809593201, 0.8625247478485107, 0.8625247478485107, inf, '00:31']
Better model found at epoch 13 with valid_loss value: 0.46431344747543335.
[14, 0.46872541308403015, 0.4673917293548584, 0.9192958474159241, 0.9834344387054443, 0.0837918370962143, 0.17953544855117798, 1.6714078187942505, 0.8537033200263977, 0.862128734588623, 0.862128734588623, inf, '00:31']
[15, 0.4620107114315033, 0.4639616310596466, 0.9271038770675659, 0.992401123046875, nan, 0.17418476939201355, 1.3055208921432495, 0.8790099620819092, 0.8751201629638672, 0.8751201629638672, nan, '00:31']
Better model found at epoch 15 with valid_loss value: 0.4639616310596466.
[16, 0.46275460720062256, 0.46122103929519653, 0.9170491695404053, 0.98897784948349, 0.07987471669912338, 0.1761903017759323, 1.524497151374817, 0.8635907173156738, 0.8590189814567566, 0.8590189814567566, inf, '00:30']
Better model found at epoch 16 with valid_loss value: 0.46122103929519653.
[17, 0.4619051516056061, 0.45792657136917114, 0.9135227203369141, 0.9890846014022827, nan, 0.17617015540599823, 1.510456919670105, 0.8570706248283386, 0.8531839847564697, 0.8531839847564697, nan, '00:30']
Better model found at epoch 17 with valid_loss value: 0.45792657136917114.
[18, 0.4684740900993347, 0.4938635528087616, 0.935737669467926, 0.9745490550994873, 0.06116177886724472, 0.18409626185894012, 1.770918369293213, 0.8793735504150391, 0.8903688788414001, 0.8903688788414001, inf, '00:30']
[19, 0.46078333258628845, 0.4462846517562866, 0.9057500958442688, 0.9906100034713745, 0.09286080300807953, 0.175446018576622, 1.483680009841919, 0.8466304540634155, 0.8416261672973633, 0.8416261672973633, inf, '00:31']
Better model found at epoch 19 with valid_loss value: 0.4462846517562866.
[20, 0.4599064588546753, 0.4532516598701477, 0.9101526737213135, 0.9911686182022095, nan, 0.17501471936702728, 1.393977403640747, 0.8550278544425964, 0.8498868942260742, 0.8498868942260742, nan, '00:31']
[21, 0.4649222195148468, 0.4498234689235687, 0.9039327502250671, 0.9887291789054871, 0.0952901840209961, 0.1764480024576187, 1.5550851821899414, 0.8437946438789368, 0.8391236066818237, 0.8391236066818237, inf, '00:30']
[22, 0.46751025319099426, 0.4711850881576538, 0.9356095790863037, 0.9921121597290039, nan, 0.1746835857629776, 1.2761847972869873, 0.8996842503547668, 0.8921907544136047, 0.8921907544136047, nan, '00:30']
[23, 0.4572158753871918, 0.47251346707344055, 0.9203088879585266, 0.9823184013366699, 0.07799828052520752, 0.17991933226585388, 1.7055718898773193, 0.8547614216804504, 0.8644003868103027, 0.8644003868103027, inf, '00:30']
[24, 0.45557427406311035, 0.45910704135894775, 0.9135059714317322, 0.9875596165657043, 0.08602819591760635, 0.17717978358268738, 1.593996286392212, 0.8545253872871399, 0.8539054989814758, 0.8539054989814758, inf, '00:30']
[25, 0.458565354347229, 0.4641253352165222, 0.9157373905181885, 0.9831154346466064, 0.08536719530820847, 0.1797710508108139, 1.673715353012085, 0.8498092293739319, 0.8570667505264282, 0.8570667505264282, inf, '00:30']
[26, 0.44996199011802673, 0.46185049414634705, 0.9102604389190674, 0.984565258026123, 0.08951184153556824, 0.1789609044790268, 1.6634083986282349, 0.844192385673523, 0.8490241169929504, 0.8490241169929504, inf, '00:30']
[27, 0.46255791187286377, 0.46476295590400696, 0.9124372005462646, 0.9826117753982544, 0.08578690886497498, 0.17974315583705902, 1.714056372642517, 0.8395133018493652, 0.8514997363090515, 0.8514997363090515, inf, '00:30']
No improvement since epoch 19: early stopping
----------
3
----------
DLS create!
[0, 0.5135685205459595, 0.5074697136878967, 0.9809174537658691, 0.9885143041610718, 0.021290883421897888, 0.1792363077402115, 1.496673345565796, 0.9658612012863159, 0.9631368517875671, 0.9631368517875671, 3.033193349838257, '00:30']
Better model found at epoch 0 with valid_loss value: 0.5074697136878967.
[1, 0.5039810538291931, 0.5165042281150818, 0.9782295227050781, 0.9910382032394409, 0.024654686450958252, 0.17662496864795685, 1.4093269109725952, 0.9619755744934082, 0.9586611390113831, 0.9586611390113831, 1.2061762809753418, '00:31']
[2, 0.5005748271942139, 0.4870578348636627, 0.9597746133804321, 0.9866008758544922, 0.048353102058172226, 0.17828643321990967, 1.5632028579711914, 0.9229620695114136, 0.9251218438148499, 0.9251218438148499, 3.6089534759521484, '00:31']
Better model found at epoch 2 with valid_loss value: 0.4870578348636627.
[3, 0.49854791164398193, 0.48335710167884827, 0.9585666656494141, 0.9921285510063171, 0.042762454599142075, 0.1747792810201645, 1.3474586009979248, 0.9248860478401184, 0.9236708879470825, 0.9236708879470825, 0.8535229563713074, '00:31']
Better model found at epoch 3 with valid_loss value: 0.48335710167884827.
[4, 0.4930325746536255, 0.47565048933029175, 0.9490259289741516, 0.9887015223503113, 0.061717987060546875, 0.1773383766412735, 1.4975296258926392, 0.9050772190093994, 0.907241940498352, 0.907241940498352, 2.5917041301727295, '00:31']
Better model found at epoch 4 with valid_loss value: 0.47565048933029175.
[5, 0.494241327047348, 0.47823643684387207, 0.9543933868408203, 0.9909858703613281, 0.053054820746183395, 0.1759636104106903, 1.4342478513717651, 0.9169579148292542, 0.9159462451934814, 0.9159462451934814, 1.454850196838379, '00:31']
[6, 0.48569270968437195, 0.47050389647483826, 0.9391629695892334, 0.9894477725028992, 0.06723491102457047, 0.17612983286380768, 1.477813959121704, 0.8880693912506104, 0.8904625177383423, 0.8904625177383423, 2.019904613494873, '00:30']
Better model found at epoch 6 with valid_loss value: 0.47050389647483826.
[7, 0.48740437626838684, 0.47958534955978394, 0.950653076171875, 0.992159903049469, 0.04888807237148285, 0.17440438270568848, 1.3222664594650269, 0.9070847034454346, 0.9100817441940308, 0.9100817441940308, 0.6857532858848572, '00:31']
[8, 0.48237988352775574, 0.4722602069377899, 0.9407747387886047, 0.9865497350692749, 0.06949017196893692, 0.17810799181461334, 1.580142855644226, 0.8878602981567383, 0.8937389850616455, 0.8937389850616455, 3.1151061058044434, '00:30']
[9, 0.48407337069511414, 0.47340264916419983, 0.937489926815033, 0.9832037091255188, 0.07270441204309464, 0.1797531396150589, 1.6262967586517334, 0.8735700845718384, 0.8870218992233276, 0.8870218992233276, 4.624261856079102, '00:31']
[10, 0.4773702323436737, 0.4782314896583557, 0.9514373540878296, 0.9930247664451599, 0.04515461623668671, 0.17401808500289917, 1.1878315210342407, 0.9070785641670227, 0.9127049446105957, 0.9127049446105957, 0.32079023122787476, '00:30']
[11, 0.46594786643981934, 0.47268983721733093, 0.9422400593757629, 0.9920428991317749, 0.060379721224308014, 0.1745482236146927, 1.304067850112915, 0.8935183882713318, 0.8966134190559387, 0.8966134190559387, 0.6773275136947632, '00:30']
[12, 0.4705907702445984, 0.5012652277946472, 0.952521800994873, 0.9719422459602356, 0.05941241607069969, 0.18652068078517914, 1.753671646118164, 0.8968521356582642, 0.9134116172790527, 0.9134116172790527, 10.592085838317871, '00:31']
[13, 0.4772270917892456, 0.4709683060646057, 0.941096305847168, 0.9898274540901184, 0.06692223995923996, 0.17619413137435913, 1.4550858736038208, 0.8902137279510498, 0.8930267095565796, 0.8930267095565796, 1.6468080282211304, '00:30']
[14, 0.46892857551574707, 0.4781396985054016, 0.9400418400764465, 0.9828641414642334, 0.06917194277048111, 0.17998243868350983, 1.6569666862487793, 0.8790267705917358, 0.892349123954773, 0.892349123954773, 4.6515936851501465, '00:30']
No improvement since epoch 6: early stopping
----------
4
----------
DLS create!
[0, 0.5108353495597839, 0.5051091313362122, 0.9745430946350098, 0.9857404232025146, 0.03055460751056671, 0.17984901368618011, 1.5663275718688965, 0.9526063799858093, 0.9516016244888306, 0.9516016244888306, 3.368818759918213, '00:30']
Better model found at epoch 0 with valid_loss value: 0.5051091313362122.
[1, 0.5101059079170227, 0.5005791187286377, 0.9779143333435059, 0.9916257262229919, 0.017780350521206856, 0.17596004903316498, 1.3329827785491943, 0.959558367729187, 0.9573787450790405, 0.9573787450790405, 0.6425348520278931, '00:30']
Better model found at epoch 1 with valid_loss value: 0.5005791187286377.
[2, 0.49504509568214417, 0.4879828691482544, 0.9626500606536865, 0.9897785186767578, 0.042543429881334305, 0.17626993358135223, 1.4429469108581543, 0.9317683577537537, 0.9304881691932678, 0.9304881691932678, 1.7917786836624146, '00:30']
Better model found at epoch 2 with valid_loss value: 0.4879828691482544.
[3, 0.501443088054657, 0.4863811731338501, 0.9595009684562683, 0.9890809655189514, 0.05001290515065193, 0.17693236470222473, 1.464398980140686, 0.9224647283554077, 0.9244926571846008, 0.9244926571846008, 2.3219220638275146, '00:31']
Better model found at epoch 3 with valid_loss value: 0.4863811731338501.
[4, 0.49649015069007874, 0.4852767288684845, 0.9512314200401306, 0.9846888780593872, 0.061473600566387177, 0.17899274826049805, 1.5984227657318115, 0.9035520553588867, 0.9105294942855835, 0.9105294942855835, 3.9170684814453125, '00:31']
Better model found at epoch 4 with valid_loss value: 0.4852767288684845.
[5, 0.4963300824165344, 0.47858926653862, 0.9483941197395325, 0.9875891804695129, 0.0651734471321106, 0.17732855677604675, 1.513375997543335, 0.9018159508705139, 0.9055235385894775, 0.9055235385894775, 2.1110987663269043, '00:30']
Better model found at epoch 5 with valid_loss value: 0.47858926653862.
[6, 0.4928290843963623, 0.49717825651168823, 0.9578874111175537, 0.9769300222396851, 0.05156717076897621, 0.18328091502189636, 1.709234595298767, 0.9051336050033569, 0.9207831621170044, 0.9207831621170044, 6.674293041229248, '00:30']
[7, 0.4866213798522949, 0.4771474301815033, 0.946045994758606, 0.9880152940750122, 0.061043933033943176, 0.17670553922653198, 1.5174657106399536, 0.8968367576599121, 0.9017517566680908, 0.9017517566680908, 2.1676955223083496, '00:30']
Better model found at epoch 7 with valid_loss value: 0.4771474301815033.
[8, 0.48021626472473145, 0.4627862274646759, 0.928767204284668, 0.9904550313949585, 0.08038477599620819, 0.1752331405878067, 1.3897936344146729, 0.8678157329559326, 0.8726107478141785, 0.8726107478141785, 1.1291005611419678, '00:31']
Better model found at epoch 8 with valid_loss value: 0.4627862274646759.
[9, 0.4868587255477905, 0.4809548258781433, 0.9540771842002869, 0.9900864362716675, 0.05400968715548515, 0.1761871725320816, 1.4005677700042725, 0.9135110974311829, 0.9166473150253296, 0.9166473150253296, 1.3669047355651855, '00:31']
[10, 0.48434990644454956, 0.45766812562942505, 0.9279760122299194, 0.9893421530723572, 0.08789791911840439, 0.17638128995895386, 1.4537827968597412, 0.8649677038192749, 0.8715702891349792, 0.8715702891349792, 1.4664924144744873, '00:31']
Better model found at epoch 10 with valid_loss value: 0.45766812562942505.
[11, 0.4812471866607666, 0.46424245834350586, 0.9354845285415649, 0.9892262816429138, 0.07552550733089447, 0.176603764295578, 1.4538475275039673, 0.8792955279350281, 0.8842483162879944, 0.8842483162879944, 1.5923998355865479, '00:31']
[12, 0.47939416766166687, 0.46734151244163513, 0.9295202493667603, 0.9860115647315979, 0.0823589637875557, 0.17784345149993896, 1.5632256269454956, 0.861655592918396, 0.8735288977622986, 0.8735288977622986, 2.5582985877990723, '00:30']
[13, 0.47215837240219116, 0.45877280831336975, 0.9253312945365906, 0.9911715388298035, 0.07962366193532944, 0.17470769584178925, 1.3712586164474487, 0.8651790022850037, 0.8673956394195557, 0.8673956394195557, 0.9355898499488831, '00:30']
[14, 0.47250083088874817, 0.4589328169822693, 0.9264345765113831, 0.9911734461784363, 0.07850804179906845, 0.17480991780757904, 1.3258050680160522, 0.8659236431121826, 0.8696468472480774, 0.8696468472480774, 0.6932661533355713, '00:30']
[15, 0.47750306129455566, 0.47035908699035645, 0.9379628896713257, 0.9857017993927002, 0.072996586561203, 0.17847588658332825, 1.5853511095046997, 0.8803479075431824, 0.8882205486297607, 0.8882205486297607, 2.9986040592193604, '00:31']
[16, 0.47442176938056946, 0.4528595507144928, 0.9200292825698853, 0.9887105226516724, 0.09248483926057816, 0.17643842101097107, 1.495593786239624, 0.8511824607849121, 0.8584735989570618, 0.8584735989570618, 1.6717625856399536, '00:30']
Better model found at epoch 16 with valid_loss value: 0.4528595507144928.
[17, 0.46307358145713806, 0.4679354727268219, 0.9359225034713745, 0.9909077882766724, 0.06713715940713882, 0.17484720051288605, 1.37911856174469, 0.8826732635498047, 0.8854225277900696, 0.8854225277900696, 0.9787208437919617, '00:30']
[18, 0.4700031876564026, 0.46332332491874695, 0.9344401955604553, 0.9912327527999878, 0.07391142845153809, 0.17503230273723602, 1.3329310417175293, 0.8781562447547913, 0.8823578357696533, 0.8823578357696533, 0.7092770934104919, '00:31']
[19, 0.4609949290752411, 0.4553864598274231, 0.9185086488723755, 0.9872269630432129, 0.09202263504266739, 0.1771840900182724, 1.519435167312622, 0.844732403755188, 0.8551357984542847, 0.8551357984542847, 1.805021047592163, '00:30']
[20, 0.46815645694732666, 0.4548281729221344, 0.9184333682060242, 0.9862633943557739, 0.0910642147064209, 0.17775632441043854, 1.5790882110595703, 0.8407609462738037, 0.8551844954490662, 0.8551844954490662, 2.4614179134368896, '00:31']
[21, 0.4707803726196289, 0.45507699251174927, 0.920043408870697, 0.9873740673065186, 0.09031671285629272, 0.17717131972312927, 1.519875407218933, 0.8473771214485168, 0.8578818440437317, 0.8578818440437317, 1.8490262031555176, '00:30']
[22, 0.4622477889060974, 0.4580877125263214, 0.918825089931488, 0.9905884265899658, 0.08725897967815399, 0.1750810146331787, 1.3784031867980957, 0.8535311222076416, 0.8575301170349121, 0.8575301170349121, 1.0215911865234375, '00:31']
[23, 0.46282491087913513, 0.443115234375, 0.9095665216445923, 0.9907652735710144, 0.09848663955926895, 0.1751151829957962, 1.3779919147491455, 0.838437557220459, 0.8424878716468811, 0.8424878716468811, 0.9132144451141357, '00:30']
Better model found at epoch 23 with valid_loss value: 0.443115234375.
[24, 0.45693814754486084, 0.4586702287197113, 0.9185980558395386, 0.9869725704193115, 0.0883319303393364, 0.17711889743804932, 1.5127460956573486, 0.8451753258705139, 0.8556969165802002, 0.8556969165802002, 1.888854742050171, '00:31']
[25, 0.45174500346183777, 0.4793766736984253, 0.9288619756698608, 0.9790847301483154, 0.07575119286775589, 0.1815636157989502, 1.6622904539108276, 0.8452879786491394, 0.8722620606422424, 0.8722620606422424, 4.317410469055176, '00:31']
[26, 0.45726341009140015, 0.45062291622161865, 0.9146713018417358, 0.9880713820457458, 0.09281672537326813, 0.17668628692626953, 1.46140456199646, 0.8399215340614319, 0.8501341342926025, 0.8501341938972473, 1.538137435913086, '00:30']
[27, 0.4580545425415039, 0.46543779969215393, 0.9214136600494385, 0.9833601117134094, 0.0865437239408493, 0.1791214793920517, 1.6446086168289185, 0.8385248780250549, 0.8586604595184326, 0.8586604595184326, 3.1979057788848877, '00:31']
[28, 0.45604076981544495, 0.44947168231010437, 0.9124075174331665, 0.9877416491508484, 0.09603729844093323, 0.17684787511825562, 1.5290223360061646, 0.8319410681724548, 0.8450692296028137, 0.8450692296028137, 2.0195839405059814, '00:30']
[29, 0.45064690709114075, 0.4613581895828247, 0.9118738770484924, 0.9816958904266357, 0.09791027754545212, 0.18035314977169037, 1.6661497354507446, 0.8179636597633362, 0.8434669971466064, 0.8434669971466064, 3.5528223514556885, '00:31']
[30, 0.4576159119606018, 0.4453865885734558, 0.9075411558151245, 0.9913002848625183, 0.09687509387731552, 0.1746947020292282, 1.321683645248413, 0.8369843363761902, 0.8409255146980286, 0.8409255146980286, 0.7396757006645203, '00:31']
[31, 0.46163681149482727, 0.4494475722312927, 0.9118411540985107, 0.9889471530914307, 0.09568081796169281, 0.17609140276908875, 1.461203694343567, 0.8395093679428101, 0.8455865383148193, 0.8455865383148193, 1.451451301574707, '00:30']
No improvement since epoch 23: early stopping
PSPNet_res152 Done!
