Models will save to PSPNet_dpn131_x
Use dpn131 encoder
Start training...
----------
0
----------
DLS create!
[0, 0.5018108487129211, 0.5082029700279236, 0.9726800918579102, 0.9806980490684509, 0.034451354295015335, 0.18204116821289062, 1.6490716934204102, 0.9442329406738281, 0.9481379985809326, 0.9481379985809326, 15.391931533813477, '01:05']
Better model found at epoch 0 with valid_loss value: 0.5082029700279236.
[1, 0.4967675507068634, 0.5204076170921326, 0.9833537936210632, 0.9922190308570862, 0.015942446887493134, 0.1744457632303238, 1.24873948097229, 0.9666755199432373, 0.9679505825042725, 0.9679505825042725, 0.8255329132080078, '01:04']
[2, 0.4994160830974579, 0.5016713738441467, 0.9735422730445862, 0.9900696873664856, 0.03172658011317253, 0.17619529366493225, 1.4270540475845337, 0.9497547745704651, 0.9494326710700989, 0.9494326710700989, 3.27443528175354, '01:07']
Better model found at epoch 2 with valid_loss value: 0.5016713738441467.
[3, 0.491521418094635, 0.48442649841308594, 0.956627368927002, 0.9891176223754883, 0.057493750005960464, 0.17691543698310852, 1.4865871667861938, 0.9167697429656982, 0.9201187491416931, 0.9201187491416931, 4.897976398468018, '01:04']
Better model found at epoch 3 with valid_loss value: 0.48442649841308594.
[4, 0.4903363287448883, 0.4937172830104828, 0.960479199886322, 0.9889885783195496, 0.04691155254840851, 0.17658767104148865, 1.449855089187622, 0.9231925010681152, 0.9269485473632812, 0.926948606967926, 3.4078428745269775, '01:06']
[5, 0.47967755794525146, 0.5117818117141724, 0.9612289071083069, 0.9916238784790039, 0.03740284964442253, 0.1742948591709137, 1.297316312789917, 0.9232305288314819, 0.928536057472229, 0.928536057472229, 1.6166691780090332, '01:04']
[6, 0.478913277387619, 0.47500959038734436, 0.9472165107727051, 0.9915236234664917, 0.05832554027438164, 0.17470785975456238, 1.3352391719818115, 0.9019848704338074, 0.9042887091636658, 0.9042887091636658, 1.664733648300171, '01:07']
Better model found at epoch 6 with valid_loss value: 0.47500959038734436.
[7, 0.47975707054138184, 0.4762272536754608, 0.9417146444320679, 0.990297794342041, 0.06619692593812943, 0.17536255717277527, 1.415505290031433, 0.8912613987922668, 0.8944330215454102, 0.8944330215454102, 2.7870709896087646, '01:05']
[8, 0.4751790463924408, 0.477292001247406, 0.9421678185462952, 0.9870693683624268, 0.06609678268432617, 0.17724017798900604, 1.5329346656799316, 0.8882257342338562, 0.8944997191429138, 0.8944997191429138, 5.215326309204102, '01:05']
[9, 0.4724881649017334, 0.47083133459091187, 0.9345583915710449, 0.9881794452667236, 0.07115796208381653, 0.17647945880889893, 1.4934536218643188, 0.8769872188568115, 0.881945013999939, 0.881945013999939, 4.573076248168945, '01:05']
Better model found at epoch 9 with valid_loss value: 0.47083133459091187.
[10, 0.4749026298522949, 0.49196067452430725, 0.9457060098648071, 0.9824331402778625, 0.06054713949561119, 0.17974264919757843, 1.6527200937271118, 0.8926784992218018, 0.9006819725036621, 0.9006819725036621, 7.932216167449951, '01:06']
[11, 0.46997013688087463, 0.4802006781101227, 0.9416651725769043, 0.984085202217102, 0.06560703366994858, 0.17877539992332458, 1.6305279731750488, 0.8816949129104614, 0.8934196829795837, 0.8934196829795837, 11.721014022827148, '01:07']
[12, 0.4657580852508545, 0.46752557158470154, 0.9316842555999756, 0.9916528463363647, 0.07219444215297699, 0.17434176802635193, 1.3238661289215088, 0.872209906578064, 0.8784127235412598, 0.878412663936615, 1.1489489078521729, '01:05']
Better model found at epoch 12 with valid_loss value: 0.46752557158470154.
[13, 0.4586421251296997, 0.4651426076889038, 0.9249825477600098, 0.9889582395553589, 0.07776489108800888, 0.17583252489566803, 1.482485055923462, 0.8611599802970886, 0.8664712309837341, 0.8664712309837341, 3.9087555408477783, '01:04']
Better model found at epoch 13 with valid_loss value: 0.4651426076889038.
[14, 0.4670698940753937, 0.466499388217926, 0.9320275187492371, 0.9914990663528442, 0.07375379651784897, 0.17453306913375854, 1.339646577835083, 0.8712040781974792, 0.8781875967979431, 0.8781875967979431, 1.0314637422561646, '01:05']
[15, 0.457348495721817, 0.45947036147117615, 0.9196279048919678, 0.990951418876648, 0.0859755352139473, 0.174765482544899, 1.3759639263153076, 0.8494669795036316, 0.8577362298965454, 0.8577362298965454, 1.7709578275680542, '01:06']
Better model found at epoch 15 with valid_loss value: 0.45947036147117615.
[16, 0.4523530900478363, 0.468578577041626, 0.9186007976531982, 0.988474428653717, 0.08785036951303482, 0.17617683112621307, 1.4986933469772339, 0.8449743986129761, 0.8553345799446106, 0.8553345799446106, 3.6978302001953125, '01:06']
[17, 0.45782470703125, 0.46485093235969543, 0.931490957736969, 0.9912482500076294, 0.07043703645467758, 0.17460252344608307, 1.3505723476409912, 0.8727810978889465, 0.878510594367981, 0.878510594367981, 2.4413559436798096, '01:06']
[18, 0.45750299096107483, 0.4793297350406647, 0.9382210373878479, 0.9901264309883118, 0.0652809590101242, 0.17515785992145538, 1.415969729423523, 0.8839237689971924, 0.8893187046051025, 0.8893187046051025, 2.322451591491699, '01:06']
[19, 0.45184358954429626, 0.46201542019844055, 0.9214988946914673, 0.9880935549736023, 0.08467622101306915, 0.17640510201454163, 1.533457636833191, 0.8474151492118835, 0.8596818447113037, 0.8596818447113037, 4.257022857666016, '01:04']
[20, 0.46201908588409424, 0.45487600564956665, 0.9175691604614258, 0.9873652458190918, 0.09305683523416519, 0.1770627647638321, 1.5473209619522095, 0.8440443873405457, 0.8540176749229431, 0.8540177345275879, 6.043100357055664, '01:06']
Better model found at epoch 20 with valid_loss value: 0.45487600564956665.
[21, 0.4568704664707184, 0.46020522713661194, 0.9175589084625244, 0.9873597621917725, 0.08972262591123581, 0.17682422697544098, 1.5402814149856567, 0.8427150845527649, 0.8535462617874146, 0.8535462617874146, 4.003122806549072, '01:05']
[22, 0.460103839635849, 0.4691845774650574, 0.926353394985199, 0.9880601763725281, 0.0787312388420105, 0.1764342039823532, 1.5049668550491333, 0.8598019480705261, 0.8682727813720703, 0.8682727813720703, 3.7166671752929688, '01:06']
[23, 0.46136513352394104, 0.4497874975204468, 0.9140139222145081, 0.9896273016929626, 0.09377399832010269, 0.1757875680923462, 1.4404469728469849, 0.842735230922699, 0.8489059805870056, 0.8489059805870056, 3.1477737426757812, '01:05']
Better model found at epoch 23 with valid_loss value: 0.4497874975204468.
[24, 0.4496414363384247, 0.46213629841804504, 0.9174320101737976, 0.9880301356315613, 0.08712007105350494, 0.17639882862567902, 1.5142171382904053, 0.8437013626098633, 0.8545604348182678, 0.8545604348182678, 5.215808391571045, '01:05']
[25, 0.44819751381874084, 0.4669862687587738, 0.9239208698272705, 0.9869523048400879, 0.08287078142166138, 0.17701204121112823, 1.5429984331130981, 0.8521298766136169, 0.8641401529312134, 0.8641401529312134, 4.625346660614014, '01:06']
[26, 0.44852355122566223, 0.46045947074890137, 0.9223912954330444, 0.9881421327590942, 0.08830537647008896, 0.17681406438350677, 1.4115337133407593, 0.8553650975227356, 0.8647510409355164, 0.8647510409355164, 5.884703159332275, '01:05']
[27, 0.4457271099090576, 0.46681272983551025, 0.9190880656242371, 0.9860860705375671, 0.08797567337751389, 0.17758825421333313, 1.578901767730713, 0.8419455289840698, 0.8564192652702332, 0.8564192652702332, 5.178651332855225, '01:06']
[28, 0.45372772216796875, 0.45043322443962097, 0.9113950729370117, 0.9889142513275146, 0.09390714019536972, 0.1760428547859192, 1.4757083654403687, 0.835145890712738, 0.8434373736381531, 0.8434373736381531, 3.7959625720977783, '01:05']
[29, 0.44426584243774414, 0.4583185017108917, 0.9217726588249207, 0.9909654259681702, 0.08170153945684433, 0.1747707724571228, 1.378346562385559, 0.8546590805053711, 0.8615577220916748, 0.8615577220916748, 1.6602246761322021, '01:06']
[30, 0.4467567503452301, 0.4518221914768219, 0.9161980748176575, 0.990498423576355, 0.0857686772942543, 0.17496784031391144, 1.3836870193481445, 0.8454197645187378, 0.8521935343742371, 0.8521935343742371, 4.546798229217529, '01:05']
[31, 0.4554930329322815, 0.4492676556110382, 0.911712646484375, 0.988523006439209, 0.09593561291694641, 0.17638421058654785, 1.5097646713256836, 0.8325031399726868, 0.8439623117446899, 0.8439622521400452, 4.037921905517578, '01:05']
Better model found at epoch 31 with valid_loss value: 0.4492676556110382.
[32, 0.44238707423210144, 0.45550239086151123, 0.915138304233551, 0.9883177280426025, 0.08981333673000336, 0.17628921568393707, 1.518048644065857, 0.8379886150360107, 0.8493655323982239, 0.8493655323982239, 3.7021536827087402, '01:05']
[33, 0.4513940215110779, 0.4543818235397339, 0.9143833518028259, 0.9911444187164307, 0.0900992751121521, 0.17464186251163483, 1.376290202140808, 0.841678261756897, 0.8489318490028381, 0.8489318490028381, 1.8891465663909912, '01:05']
[34, 0.4392106533050537, 0.4470404088497162, 0.9047795534133911, 0.9901285171508789, 0.1010546088218689, 0.17535312473773956, 1.4111014604568481, 0.830294668674469, 0.8385875821113586, 0.8385875821113586, 3.2695610523223877, '01:06']
Better model found at epoch 34 with valid_loss value: 0.4470404088497162.
[35, 0.4498026967048645, 0.4552607834339142, 0.9161129593849182, 0.9884817004203796, 0.08854889124631882, 0.17623355984687805, 1.4962552785873413, 0.8439472913742065, 0.8528230786323547, 0.8528230786323547, 4.286123275756836, '01:05']
[36, 0.44458916783332825, 0.4462656080722809, 0.909011960029602, 0.9906282424926758, 0.09559575468301773, 0.17508526146411896, 1.3851649761199951, 0.8314206004142761, 0.8410109281539917, 0.8410109281539917, 1.6914927959442139, '01:05']
Better model found at epoch 36 with valid_loss value: 0.4462656080722809.
[37, 0.44184520840644836, 0.4493783116340637, 0.9109788537025452, 0.9918926954269409, 0.09131239354610443, 0.17420631647109985, 1.2945384979248047, 0.8317041993141174, 0.8440021872520447, 0.8440021872520447, 1.4642810821533203, '01:05']
[38, 0.4496443271636963, 0.46041083335876465, 0.9228672981262207, 0.9896724820137024, 0.08313565701246262, 0.17559108138084412, 1.4189358949661255, 0.8573915362358093, 0.8659204244613647, 0.8659204244613647, 3.897066116333008, '01:07']
[39, 0.4511977732181549, 0.4697740375995636, 0.9169221520423889, 0.9904542565345764, 0.08842980116605759, 0.17509333789348602, 1.387245535850525, 0.849042534828186, 0.8549487590789795, 0.8549487590789795, 1.828357458114624, '01:06']
[40, 0.4460490047931671, 0.4515668749809265, 0.9090620279312134, 0.988379955291748, 0.10317858308553696, 0.17651501297950745, 1.4778507947921753, 0.8376182317733765, 0.8431457877159119, 0.8431457877159119, 3.467632293701172, '01:06']
[41, 0.4497162997722626, 0.4485137164592743, 0.9048402309417725, 0.9891474843025208, 0.10277768969535828, 0.17602203786373138, 1.4853057861328125, 0.8290421962738037, 0.8368692398071289, 0.8368692398071289, 3.4935786724090576, '01:04']
[42, 0.43829694390296936, 0.454799622297287, 0.9167362451553345, 0.9892385601997375, 0.08609449118375778, 0.17582687735557556, 1.4765344858169556, 0.8439972400665283, 0.8529070019721985, 0.8529070019721985, 2.8115761280059814, '01:05']
[43, 0.4321429133415222, 0.4509958326816559, 0.9053968787193298, 0.9898553490638733, 0.09781982004642487, 0.17544393241405487, 1.4391648769378662, 0.8284317255020142, 0.8360685706138611, 0.8360685706138611, 2.5332694053649902, '01:05']
[44, 0.44766882061958313, 0.4348802864551544, 0.8931533694267273, 0.9879785776138306, 0.11791911721229553, 0.1767520010471344, 1.5293910503387451, 0.8057866096496582, 0.815647542476654, 0.815647542476654, 4.592769622802734, '01:07']
Better model found at epoch 44 with valid_loss value: 0.4348802864551544.
[45, 0.44793546199798584, 0.4479421377182007, 0.9096115827560425, 0.9900330305099487, 0.09521393477916718, 0.17529729008674622, 1.4501200914382935, 0.8334859013557434, 0.8409432172775269, 0.8409432172775269, 2.4208498001098633, '01:07']
[46, 0.4547461271286011, 0.454742431640625, 0.9133871793746948, 0.9871752858161926, 0.09113208949565887, 0.17693468928337097, 1.5527070760726929, 0.8390109539031982, 0.8482547998428345, 0.8482546806335449, 4.339929103851318, '01:06']
[47, 0.4498431384563446, 0.45285919308662415, 0.9114736318588257, 0.9876337051391602, 0.09643810242414474, 0.1768490970134735, 1.5582070350646973, 0.8313726782798767, 0.8438233137130737, 0.8438234329223633, 6.647989749908447, '01:05']
[48, 0.44528111815452576, 0.45466649532318115, 0.9112157225608826, 0.9883025288581848, 0.09707965701818466, 0.17659734189510345, 1.4474806785583496, 0.8417195081710815, 0.8480748534202576, 0.8480748534202576, 4.111563205718994, '01:05']
[49, 0.44373905658721924, 0.4454277753829956, 0.9006022214889526, 0.9894167184829712, 0.1034427136182785, 0.1757296770811081, 1.4983831644058228, 0.8212711215019226, 0.8289989829063416, 0.8289989829063416, 3.940181255340576, '01:05']
[50, 0.4539821147918701, 0.453998863697052, 0.9137891530990601, 0.9913908243179321, 0.09166238456964493, 0.17458468675613403, 1.3451091051101685, 0.8427608609199524, 0.8486307859420776, 0.8486307859420776, 2.878105640411377, '01:06']
[51, 0.44535157084465027, 0.4587308466434479, 0.918175220489502, 0.9889055490493774, 0.08551883697509766, 0.17595481872558594, 1.476908564567566, 0.8467634320259094, 0.8560302257537842, 0.8560302257537842, 4.852261066436768, '01:06']
[52, 0.442942351102829, 0.4284428656101227, 0.889288067817688, 0.9913079142570496, 0.1184685081243515, 0.17481230199337006, 1.395256519317627, 0.8022947311401367, 0.8099148273468018, 0.8099148273468018, 2.5129969120025635, '01:04']
Better model found at epoch 52 with valid_loss value: 0.4284428656101227.
[53, 0.4261374771595001, 0.44909176230430603, 0.9051167964935303, 0.9894921183586121, 0.10167538374662399, 0.17561399936676025, 1.4556783437728882, 0.8263720273971558, 0.8343384861946106, 0.8343384861946106, 3.2780203819274902, '01:05']
[54, 0.43593740463256836, 0.4517187178134918, 0.8994725942611694, 0.9838624596595764, 0.10750648379325867, 0.1788509637117386, 1.6058886051177979, 0.8137281537055969, 0.8285684585571289, 0.8285684585571289, 8.866766929626465, '01:06']
[55, 0.4386393129825592, 0.4461298882961273, 0.9047142267227173, 0.9894925951957703, 0.10442525148391724, 0.1759319007396698, 1.4314898252487183, 0.8302492499351501, 0.8380393385887146, 0.8380393385887146, 2.370636463165283, '01:07']
[56, 0.4422352612018585, 0.45610231161117554, 0.9110816121101379, 0.986393928527832, 0.0955464318394661, 0.17739737033843994, 1.5572298765182495, 0.8366178870201111, 0.8453270792961121, 0.8453270792961121, 8.976845741271973, '01:07']
[57, 0.4369301497936249, 0.45475709438323975, 0.9132780432701111, 0.9881623983383179, 0.09047861397266388, 0.17641714215278625, 1.524816870689392, 0.8345556855201721, 0.846522331237793, 0.846522331237793, 3.350721836090088, '01:04']
[58, 0.4377836287021637, 0.4504176378250122, 0.9117832183837891, 0.9897897839546204, 0.09386821836233139, 0.17557063698768616, 1.4436496496200562, 0.8414202928543091, 0.8470224142074585, 0.8470224142074585, 2.879551887512207, '01:05']
[59, 0.4393385052680969, 0.4348333179950714, 0.8946026563644409, 0.9915742874145508, 0.11054234206676483, 0.174568310379982, 1.3509252071380615, 0.809607982635498, 0.8185566663742065, 0.8185566663742065, 1.5619802474975586, '01:06']
[60, 0.43172797560691833, 0.4493560791015625, 0.9109097719192505, 0.991338312625885, 0.09236643463373184, 0.17461930215358734, 1.3383479118347168, 0.8410022258758545, 0.8463804721832275, 0.8463804721832275, 1.9898122549057007, '01:06']
No improvement since epoch 52: early stopping
----------
1
----------
DLS create!
[0, 0.511250913143158, 0.515329897403717, 0.9853606224060059, 0.9914758801460266, 0.002920719562098384, 0.17496664822101593, 1.1596043109893799, 0.975471556186676, 0.9716667532920837, 0.9716667532920837, 0.0534847117960453, '01:06']
Better model found at epoch 0 with valid_loss value: 0.515329897403717.
[1, 0.4970586895942688, 0.5817726254463196, 0.970417857170105, 0.9280580878257751, 0.03272455558180809, 0.20663969218730927, 1.8698185682296753, 0.9289087057113647, 0.9439964890480042, 0.9439964890480042, 23.568077087402344, '01:06']
[2, 0.5023337602615356, 0.479648619890213, 0.9462805390357971, 0.9872905611991882, 0.062372997403144836, 0.1768398880958557, 1.4436308145523071, 0.9018939733505249, 0.9012885689735413, 0.9012885689735413, 1.6716266870498657, '01:06']
Better model found at epoch 2 with valid_loss value: 0.479648619890213.
[3, 0.49437427520751953, 0.486359179019928, 0.9519617557525635, 0.9858744144439697, 0.052736956626176834, 0.17711672186851501, 1.5138920545578003, 0.909233033657074, 0.9105921387672424, 0.9105921387672424, 2.231616735458374, '01:06']
[4, 0.491391658782959, 0.4846004843711853, 0.9379697442054749, 0.9743800759315491, 0.0751921758055687, 0.18444505333900452, 1.7069647312164307, 0.870643138885498, 0.8873456716537476, 0.8873456716537476, 6.69740629196167, '01:07']
[5, 0.4838694930076599, 0.48574307560920715, 0.9448027610778809, 0.9828574657440186, 0.06111442297697067, 0.17867597937583923, 1.5767998695373535, 0.895294189453125, 0.8994027972221375, 0.8994027972221375, 3.4868974685668945, '01:06']
[6, 0.48303911089897156, 0.45577237010002136, 0.919601559638977, 0.9899278879165649, 0.08583586663007736, 0.1748744547367096, 1.3245480060577393, 0.8528174161911011, 0.858157753944397, 0.858157753944397, 0.920336127281189, '01:06']
Better model found at epoch 6 with valid_loss value: 0.45577237010002136.
[7, 0.4777512550354004, 0.4667464792728424, 0.9238806366920471, 0.9830505847930908, 0.08554702252149582, 0.1787559986114502, 1.592896819114685, 0.8536809682846069, 0.8632357120513916, 0.8632357120513916, 3.2521419525146484, '01:07']
[8, 0.47062399983406067, 0.4567054510116577, 0.9158605337142944, 0.9890119433403015, 0.08848005533218384, 0.1752622276544571, 1.3676470518112183, 0.8490914106369019, 0.8524264097213745, 0.8524264097213745, 1.045593023300171, '01:06']
[9, 0.4756093919277191, 0.45597371459007263, 0.9201099276542664, 0.987800657749176, 0.09060055017471313, 0.17626875638961792, 1.4281699657440186, 0.8565032482147217, 0.858860433101654, 0.858860433101654, 1.3200803995132446, '01:06']
[10, 0.46617117524147034, 0.4713960886001587, 0.9176934361457825, 0.977967381477356, 0.09169535338878632, 0.18159519135951996, 1.669171690940857, 0.8336191773414612, 0.8536180853843689, 0.8536180853843689, 4.722626686096191, '01:08']
[11, 0.472616583108902, 0.4628628194332123, 0.9202138781547546, 0.9865691661834717, 0.0847620889544487, 0.17659920454025269, 1.4959220886230469, 0.8521982431411743, 0.8589808344841003, 0.8589808344841003, 1.9867421388626099, '01:06']
[12, 0.4651431739330292, 0.4476393163204193, 0.905879020690918, 0.9876047968864441, 0.1030115932226181, 0.17627793550491333, 1.4560037851333618, 0.8327537775039673, 0.8362594246864319, 0.8362594246864319, 1.9406256675720215, '01:07']
Better model found at epoch 12 with valid_loss value: 0.4476393163204193.
[13, 0.4632207751274109, 0.44284310936927795, 0.8986729979515076, 0.989474892616272, 0.10657190531492233, 0.17508111894130707, 1.3709330558776855, 0.818509578704834, 0.8259456753730774, 0.8259456753730774, 1.1917306184768677, '01:05']
Better model found at epoch 13 with valid_loss value: 0.44284310936927795.
[14, 0.47069185972213745, 0.4544278681278229, 0.9161142110824585, 0.9900098443031311, 0.08937915414571762, 0.1747160255908966, 1.33321213722229, 0.8458164930343628, 0.8521804809570312, 0.8521804809570312, 0.8251817226409912, '01:06']
[15, 0.45941561460494995, 0.47251442074775696, 0.9234358072280884, 0.9825393557548523, 0.08260863274335861, 0.17880524694919586, 1.598583459854126, 0.8530619740486145, 0.8637417554855347, 0.8637417554855347, 3.156785488128662, '01:06']
[16, 0.4622836709022522, 0.48200130462646484, 0.9260042309761047, 0.9812777638435364, 0.07706708461046219, 0.17929452657699585, 1.605107069015503, 0.8591307401657104, 0.8687700033187866, 0.8687700033187866, 3.6410956382751465, '01:08']
[17, 0.46905821561813354, 0.4434441924095154, 0.9023778438568115, 0.986457884311676, 0.10989706218242645, 0.17708982527256012, 1.497436285018921, 0.8208775520324707, 0.829958438873291, 0.829958438873291, 1.8651188611984253, '01:07']
[18, 0.4591286778450012, 0.4482625722885132, 0.9016399383544922, 0.9909808039665222, 0.10074131190776825, 0.17414414882659912, 1.2304713726043701, 0.8205975294113159, 0.8316916227340698, 0.8316916227340698, 0.49798354506492615, '01:07']
[19, 0.45333120226860046, 0.44096875190734863, 0.8902133107185364, 0.9882985949516296, 0.11515707522630692, 0.17572030425071716, 1.4251705408096313, 0.8028319478034973, 0.81210857629776, 0.81210857629776, 1.6062977313995361, '01:05']
Better model found at epoch 19 with valid_loss value: 0.44096875190734863.
[20, 0.4666360318660736, 0.4539605677127838, 0.9054974913597107, 0.9833188056945801, 0.10222425311803818, 0.1785597801208496, 1.591984510421753, 0.8203228712081909, 0.8347696661949158, 0.8347696661949158, 3.268766164779663, '01:05']
[21, 0.45922282338142395, 0.45613837242126465, 0.9027867317199707, 0.9809116721153259, 0.10616856813430786, 0.18020658195018768, 1.635179877281189, 0.8138043880462646, 0.8313133716583252, 0.8313133716583252, 4.108601093292236, '01:06']
[22, 0.45008888840675354, 0.4553910791873932, 0.9069512486457825, 0.9833394289016724, 0.09920617192983627, 0.17849615216255188, 1.567994475364685, 0.8279086351394653, 0.8378229141235352, 0.8378229141235352, 3.0954418182373047, '01:06']
[23, 0.4555666446685791, 0.4722833037376404, 0.9179815649986267, 0.9782949686050415, 0.09071926027536392, 0.1817663311958313, 1.673677682876587, 0.8379823565483093, 0.854489266872406, 0.854489266872406, 5.161723613739014, '01:07']
[24, 0.4576798379421234, 0.43743112683296204, 0.895851194858551, 0.9892886281013489, 0.11078191548585892, 0.1752261221408844, 1.3959996700286865, 0.814361035823822, 0.8209416270256042, 0.8209416270256042, 1.2170915603637695, '01:06']
Better model found at epoch 24 with valid_loss value: 0.43743112683296204.
[25, 0.4423389732837677, 0.43806949257850647, 0.8893827795982361, 0.9874991774559021, 0.1177639290690422, 0.17632821202278137, 1.4372665882110596, 0.800574779510498, 0.8123032450675964, 0.8123032450675964, 1.5762724876403809, '01:06']
[26, 0.4473779797554016, 0.43986767530441284, 0.8959869146347046, 0.9885901212692261, 0.11178810149431229, 0.17568577826023102, 1.4225666522979736, 0.8150978684425354, 0.8214817047119141, 0.8214817047119141, 1.3978233337402344, '01:05']
[27, 0.45076659321784973, 0.43951594829559326, 0.8981234431266785, 0.9879136681556702, 0.11203432828187943, 0.17637212574481964, 1.41147780418396, 0.8211818337440491, 0.8263241052627563, 0.8263241052627563, 1.372725009918213, '01:08']
[28, 0.4591122567653656, 0.44645801186561584, 0.907683253288269, 0.9899002313613892, 0.0989755392074585, 0.17487190663814545, 1.3130121231079102, 0.8381803035736084, 0.8406559228897095, 0.8406559228897095, 0.693241536617279, '01:05']
[29, 0.4591011703014374, 0.45177701115608215, 0.9031404256820679, 0.9829526543617249, 0.10534389317035675, 0.17890819907188416, 1.6065950393676758, 0.8160674571990967, 0.8314039707183838, 0.8314039707183838, 3.144622564315796, '01:07']
[30, 0.46232253313064575, 0.44985902309417725, 0.908366322517395, 0.986141562461853, 0.10712981224060059, 0.17748013138771057, 1.4838694334030151, 0.8341654539108276, 0.8414419293403625, 0.8414419293403625, 1.8864738941192627, '01:05']
[31, 0.44906342029571533, 0.4535428583621979, 0.9019008278846741, 0.9815636873245239, 0.10807793587446213, 0.17981795966625214, 1.6281557083129883, 0.816495954990387, 0.8304013609886169, 0.8304013609886169, 3.881317615509033, '01:06']
[32, 0.44942808151245117, 0.4564237892627716, 0.9041810631752014, 0.9816127419471741, 0.10267308354377747, 0.17952582240104675, 1.6204396486282349, 0.8189586400985718, 0.8332086205482483, 0.8332086205482483, 3.7536566257476807, '01:06']
No improvement since epoch 24: early stopping
----------
2
----------
DLS create!
[0, 0.5036445260047913, 0.489116370677948, 0.9462075233459473, 0.9865395426750183, 0.05200927332043648, 0.17728883028030396, 1.4711060523986816, 0.9158483743667603, 0.9075112342834473, 0.9075112342834473, inf, '01:07']
Better model found at epoch 0 with valid_loss value: 0.489116370677948.
[1, 0.5048280358314514, 0.5103956460952759, 0.9658364653587341, 0.9906933307647705, 0.026985008269548416, 0.1754670888185501, 1.2347427606582642, 0.954439640045166, 0.9427573680877686, 0.9427573680877686, inf, '01:07']
[2, 0.5014789700508118, 0.4834330379962921, 0.9427182078361511, 0.9880568385124207, 0.06129106134176254, 0.17662818729877472, 1.4158263206481934, 0.9114359021186829, 0.9015195965766907, 0.9015194773674011, inf, '01:06']
Better model found at epoch 2 with valid_loss value: 0.4834330379962921.
[3, 0.49153125286102295, 0.495343416929245, 0.9498584270477295, 0.9840394258499146, 0.046904269605875015, 0.17832180857658386, 1.5518298149108887, 0.9210340976715088, 0.913753092288971, 0.913753092288971, inf, '01:08']
[4, 0.4861677289009094, 0.49577245116233826, 0.9497923254966736, 0.9869925379753113, 0.04685702919960022, 0.17703281342983246, 1.4434003829956055, 0.9249153733253479, 0.9146291613578796, 0.9146290421485901, inf, '01:06']
[5, 0.4843374788761139, 0.4657212793827057, 0.9186796545982361, 0.987411618232727, 0.08264575898647308, 0.176285058259964, 1.440704584121704, 0.868769109249115, 0.8610739707946777, 0.8610739707946777, inf, '01:06']
Better model found at epoch 5 with valid_loss value: 0.4657212793827057.
[6, 0.48293206095695496, 0.5008181929588318, 0.9553620219230652, 0.9903944730758667, 0.036650341004133224, 0.17431139945983887, 1.2523483037948608, 0.9287451505661011, 0.9239447116851807, 0.9239447116851807, inf, '01:05']
[7, 0.48015743494033813, 0.46247610449790955, 0.9155979156494141, 0.9876496195793152, 0.08403699845075607, 0.17601154744625092, 1.4539302587509155, 0.8609750866889954, 0.8550957441329956, 0.8550957441329956, inf, '01:07']
Better model found at epoch 7 with valid_loss value: 0.46247610449790955.
[8, 0.4742113947868347, 0.5304274559020996, 0.9401522874832153, 0.9613468050956726, 0.05598481744527817, 0.18999750912189484, 1.7782903909683228, 0.8813090920448303, 0.8971550464630127, 0.8971550464630127, inf, '01:06']
[9, 0.46877625584602356, 0.4834993779659271, 0.9376669526100159, 0.9904805421829224, nan, 0.17417055368423462, 1.2107964754104614, 0.8991662263870239, 0.8958890438079834, 0.8958890438079834, nan, '01:06']
[10, 0.47763553261756897, 0.46936526894569397, 0.9242954254150391, 0.989430844783783, 0.07030142098665237, 0.1749049723148346, 1.3133273124694824, 0.8762970566749573, 0.8705776333808899, 0.8705776333808899, inf, '01:05']
[11, 0.46441563963890076, 0.4550197422504425, 0.9013015627861023, 0.9865519404411316, 0.09794384241104126, 0.17653915286064148, 1.4602075815200806, 0.8403154611587524, 0.8346251249313354, 0.8346251249313354, inf, '01:06']
Better model found at epoch 11 with valid_loss value: 0.4550197422504425.
[12, 0.46300208568573, 0.4629831314086914, 0.9162123799324036, 0.9903855919837952, 0.07495968043804169, 0.17427729070186615, 1.2485356330871582, 0.8619430661201477, 0.8582893013954163, 0.8582893013954163, inf, '01:05']
[13, 0.46423831582069397, 0.4494932293891907, 0.9039673209190369, 0.9882595539093018, 0.10146430134773254, 0.17599059641361237, 1.4272862672805786, 0.842499315738678, 0.837499737739563, 0.837499737739563, inf, '01:08']
Better model found at epoch 13 with valid_loss value: 0.4494932293891907.
[14, 0.46404552459716797, 0.48518139123916626, 0.9217873215675354, 0.9860826730728149, 0.07254686206579208, 0.1766197681427002, 1.468397855758667, 0.8749648928642273, 0.8683522939682007, 0.8683522939682007, inf, '01:07']
[15, 0.4654853343963623, 0.46580350399017334, 0.9136238098144531, 0.9890058636665344, 0.07959681749343872, 0.17500612139701843, 1.3717166185379028, 0.8606807589530945, 0.8533034920692444, 0.8533034920692444, inf, '01:06']
[16, 0.46354982256889343, 0.45170706510543823, 0.8972876667976379, 0.9886627793312073, 0.09974148869514465, 0.1753128618001938, 1.381333351135254, 0.8362057209014893, 0.828916609287262, 0.828916609287262, inf, '01:05']
[17, 0.4692734181880951, 0.46479934453964233, 0.9104208946228027, 0.9801105856895447, 0.0950237587094307, 0.1809787005186081, 1.6418737173080444, 0.8327029347419739, 0.8461525440216064, 0.8461525440216064, inf, '01:05']
[18, 0.46597254276275635, 0.4641459286212921, 0.9145172238349915, 0.9858337044715881, 0.08650879561901093, 0.17725633084774017, 1.5225437879562378, 0.8566316366195679, 0.8534659743309021, 0.8534659743309021, inf, '01:05']
[19, 0.4663622975349426, 0.4468304514884949, 0.8954319357872009, 0.9862381219863892, 0.10639508813619614, 0.17696042358875275, 1.4746532440185547, 0.8268128633499146, 0.8240753412246704, 0.8240753412246704, inf, '01:05']
Better model found at epoch 19 with valid_loss value: 0.4468304514884949.
[20, 0.45714879035949707, 0.4687023460865021, 0.9025241732597351, 0.9802963733673096, 0.0949476882815361, 0.18000830709934235, 1.6308767795562744, 0.8274566531181335, 0.8350644111633301, 0.8350644111633301, inf, '01:05']
[21, 0.4652865529060364, 0.44894939661026, 0.8991653323173523, 0.9882007837295532, 0.10081958770751953, 0.17580865323543549, 1.3906959295272827, 0.8366252779960632, 0.8303213715553284, 0.8303213715553284, inf, '01:05']
[22, 0.45523715019226074, 0.4502643346786499, 0.8941105008125305, 0.9869621396064758, 0.10264135152101517, 0.17626233398914337, 1.4830214977264404, 0.8267502188682556, 0.8222438097000122, 0.8222438097000122, inf, '01:05']
[23, 0.44945576786994934, 0.4615420699119568, 0.908197283744812, 0.9866532683372498, 0.08528769761323929, 0.17649582028388977, 1.4290423393249512, 0.8477104306221008, 0.845537543296814, 0.845537543296814, inf, '01:05']
[24, 0.4494742155075073, 0.44735485315322876, 0.8931463360786438, 0.9877714514732361, 0.10317443311214447, 0.17585618793964386, 1.4099570512771606, 0.8236362338066101, 0.8205325603485107, 0.8205325603485107, inf, '01:05']
[25, 0.4574902057647705, 0.4497568905353546, 0.9035359621047974, 0.99005126953125, 0.09177042543888092, 0.17458386719226837, 1.2811275720596313, 0.8422708511352539, 0.838542103767395, 0.838542103767395, inf, '01:05']
[26, 0.45173507928848267, 0.45099321007728577, 0.9013106226921082, 0.989493727684021, 0.09420774132013321, 0.17487843334674835, 1.303604006767273, 0.8379697203636169, 0.8346493244171143, 0.8346493244171143, inf, '01:06']
[27, 0.4630886912345886, 0.452181339263916, 0.9012171030044556, 0.9850375652313232, 0.10400611907243729, 0.17854410409927368, 1.526631236076355, 0.8351585865020752, 0.8340177536010742, 0.8340177536010742, inf, '01:05']
No improvement since epoch 19: early stopping
----------
3
----------
DLS create!
[0, 0.5109667778015137, 0.5003653168678284, 0.9755905270576477, 0.9892992377281189, 0.02884521335363388, 0.17695780098438263, 1.541054606437683, 0.9528999924659729, 0.9530261158943176, 0.9530261158943176, 2.1751651763916016, '01:05']
Better model found at epoch 0 with valid_loss value: 0.5003653168678284.
[1, 0.4992145001888275, 0.5536254048347473, 0.9873793721199036, 0.9517636299133301, 0.017942626029253006, 0.2007594257593155, 1.809067964553833, 0.97175133228302, 0.9753594994544983, 0.9753594994544983, 21.465221405029297, '01:05']
[2, 0.4993099868297577, 0.5130247473716736, 0.973533570766449, 0.976366400718689, 0.031310804188251495, 0.18411268293857574, 1.7540249824523926, 0.9398906230926514, 0.9493735432624817, 0.9493735432624817, 8.012304306030273, '01:05']
[3, 0.4908018708229065, 0.4853375554084778, 0.9624139070510864, 0.9931979775428772, 0.04272715374827385, 0.17443037033081055, 1.2982368469238281, 0.927177906036377, 0.9296776056289673, 0.9296776056289673, 0.5366714000701904, '01:06']
Better model found at epoch 3 with valid_loss value: 0.4853375554084778.
[4, 0.4853142201900482, 0.5798294544219971, 0.990937352180481, 0.9015253782272339, 0.009046035818755627, 0.2135496884584427, 1.78972327709198, 0.9837022423744202, 0.9822297692298889, 0.9822297692298889, 32.410560607910156, '01:06']
[5, 0.4927689731121063, 0.4904341995716095, 0.9658975005149841, 0.9894633889198303, 0.0449022613465786, 0.177327960729599, 1.5034867525100708, 0.9343506693840027, 0.93668133020401, 0.93668133020401, 2.134690046310425, '01:05']
[6, 0.48698434233665466, 0.4810163676738739, 0.9594898819923401, 0.9933578968048096, 0.04341888055205345, 0.174307718873024, 1.2647731304168701, 0.9213434457778931, 0.9250962138175964, 0.9250962138175964, 0.4301244914531708, '01:05']
Better model found at epoch 6 with valid_loss value: 0.4810163676738739.
[7, 0.48802706599235535, 0.4709615707397461, 0.9460335373878479, 0.9918633699417114, 0.0613216832280159, 0.17516465485095978, 1.4036680459976196, 0.9004907011985779, 0.9018321633338928, 0.9018321633338928, 1.0318005084991455, '01:05']
Better model found at epoch 7 with valid_loss value: 0.4709615707397461.
[8, 0.4768766760826111, 0.47690415382385254, 0.9446609020233154, 0.9855439066886902, 0.06322775781154633, 0.1786317527294159, 1.6223134994506836, 0.8891403675079346, 0.8997238278388977, 0.8997238278388977, 3.4647891521453857, '01:06']
[9, 0.4808078706264496, 0.4774125814437866, 0.9532203078269958, 0.992038369178772, 0.05251391977071762, 0.17517690360546112, 1.3679454326629639, 0.9131938219070435, 0.9149735569953918, 0.9149735569953918, 0.9268750548362732, '01:05']
[10, 0.4719623327255249, 0.4666692614555359, 0.9355016946792603, 0.9895767569541931, 0.07208172231912613, 0.17636701464653015, 1.4914829730987549, 0.8806060552597046, 0.8858961462974548, 0.8858961462974548, 2.0045900344848633, '01:06']
Better model found at epoch 10 with valid_loss value: 0.4666692614555359.
[11, 0.4664705991744995, 0.47251269221305847, 0.9431063532829285, 0.9889988303184509, 0.0637439712882042, 0.1767345815896988, 1.5032939910888672, 0.8913567662239075, 0.8973219990730286, 0.8973219990730286, 2.1724092960357666, '01:05']
[12, 0.46709924936294556, 0.4633444845676422, 0.9336102604866028, 0.9882094860076904, 0.07521064579486847, 0.1772785186767578, 1.5723559856414795, 0.8707975745201111, 0.8807114362716675, 0.8807114362716675, 2.9051733016967773, '01:05']
Better model found at epoch 12 with valid_loss value: 0.4633444845676422.
[13, 0.4660613536834717, 0.4751032590866089, 0.9463099837303162, 0.9895026683807373, 0.06140338256955147, 0.1767301857471466, 1.5133142471313477, 0.8973426222801208, 0.902190625667572, 0.902190625667572, 2.0963802337646484, '01:05']
[14, 0.46632131934165955, 0.47466614842414856, 0.9403131008148193, 0.9890373349189758, 0.06788423657417297, 0.17659112811088562, 1.4814374446868896, 0.8906469941139221, 0.8941560387611389, 0.8941560387611389, 2.2145864963531494, '01:05']
[15, 0.46377208828926086, 0.46356847882270813, 0.9337482452392578, 0.987481951713562, 0.07771362364292145, 0.1781720370054245, 1.6030195951461792, 0.8709351420402527, 0.8808149099349976, 0.8808149099349976, 2.964756965637207, '01:05']
[16, 0.45936623215675354, 0.4655401110649109, 0.9325283765792847, 0.98809814453125, 0.07744519412517548, 0.17731325328350067, 1.5558665990829468, 0.8690430521965027, 0.8790423274040222, 0.8790423274040222, 2.378973960876465, '01:05']
[17, 0.46439316868782043, 0.46816933155059814, 0.9281474351882935, 0.9861848950386047, 0.07813722640275955, 0.17803996801376343, 1.6343636512756348, 0.856721818447113, 0.8710458874702454, 0.8710458874702454, 3.510787010192871, '01:06']
[18, 0.4595584571361542, 0.45933645963668823, 0.9318349957466125, 0.9913406372070312, 0.07747599482536316, 0.17553138732910156, 1.4272980690002441, 0.8732945919036865, 0.878824770450592, 0.878824770450592, 1.2117708921432495, '01:05']
Better model found at epoch 18 with valid_loss value: 0.45933645963668823.
[19, 0.4704677164554596, 0.45586544275283813, 0.9255936741828918, 0.9880294799804688, 0.08882015943527222, 0.17793917655944824, 1.5888702869415283, 0.8562703728675842, 0.8685126900672913, 0.8685126900672913, 2.73270845413208, '01:05']
Better model found at epoch 19 with valid_loss value: 0.45586544275283813.
[20, 0.4571579098701477, 0.4674436151981354, 0.9366233944892883, 0.9930593967437744, 0.06575369089841843, 0.17430149018764496, 1.2325797080993652, 0.8859624862670898, 0.8898364901542664, 0.8898364901542664, 0.4585166275501251, '01:05']
[21, 0.464528888463974, 0.4601815342903137, 0.9306747913360596, 0.9918789267539978, 0.07522042095661163, 0.17514699697494507, 1.3440383672714233, 0.8748204708099365, 0.8788525462150574, 0.8788525462150574, 0.9961640238761902, '01:05']
[22, 0.4527268409729004, 0.4609866142272949, 0.9298068881034851, 0.9913372993469238, 0.0736970379948616, 0.17531360685825348, 1.3921509981155396, 0.8736476302146912, 0.8769619464874268, 0.8769619464874268, 1.1756701469421387, '01:05']
[23, 0.46554848551750183, 0.4539008140563965, 0.9263890981674194, 0.9909995794296265, 0.08022048324346542, 0.17568834125995636, 1.4539473056793213, 0.8652009963989258, 0.8697315454483032, 0.8697315454483032, 1.4801455736160278, '01:06']
Better model found at epoch 23 with valid_loss value: 0.4539008140563965.
[24, 0.4495578706264496, 0.4543355405330658, 0.9193318486213684, 0.9905205965042114, 0.08540307730436325, 0.17568622529506683, 1.4590667486190796, 0.8520558476448059, 0.8582939505577087, 0.8582939505577087, 1.6056430339813232, '01:05']
[25, 0.4552328884601593, 0.45452648401260376, 0.9255372285842896, 0.9916876554489136, 0.07857463508844376, 0.17532728612422943, 1.3929275274276733, 0.8626279234886169, 0.8689110279083252, 0.8689110279083252, 1.1134345531463623, '01:05']
[26, 0.4617529809474945, 0.44882434606552124, 0.9186995029449463, 0.9909161925315857, 0.08775744587182999, 0.17570888996124268, 1.4755613803863525, 0.8531264066696167, 0.8582659363746643, 0.8582659363746643, 1.493038535118103, '01:05']
Better model found at epoch 26 with valid_loss value: 0.44882434606552124.
[27, 0.4477345049381256, 0.46199852228164673, 0.9286608099937439, 0.9897257685661316, 0.0732247531414032, 0.17611807584762573, 1.5003069639205933, 0.8668690323829651, 0.8733760714530945, 0.8733760714530945, 1.9114731550216675, '01:06']
[28, 0.457881361246109, 0.4531104266643524, 0.9192418456077576, 0.9880378246307373, 0.0880618691444397, 0.17716386914253235, 1.5749088525772095, 0.8447408676147461, 0.8570006489753723, 0.8570006489753723, 2.5681707859039307, '01:05']
[29, 0.44565901160240173, 0.4464012682437897, 0.9159334301948547, 0.9913599491119385, 0.09377101063728333, 0.1757085770368576, 1.4457916021347046, 0.8479849696159363, 0.852889895439148, 0.852889895439148, 1.3729463815689087, '01:06']
Better model found at epoch 29 with valid_loss value: 0.4464012682437897.
[30, 0.4568594992160797, 0.48903805017471313, 0.9409329295158386, 0.9703933000564575, 0.07399757951498032, 0.18692761659622192, 1.7482924461364746, 0.8752179145812988, 0.8944466710090637, 0.8944466710090637, 13.568143844604492, '01:05']
[31, 0.4509621858596802, 0.4502927362918854, 0.9198110699653625, 0.9916102290153503, 0.08593082427978516, 0.1752830296754837, 1.414238452911377, 0.8546785116195679, 0.8606589436531067, 0.8606589436531067, 1.2485638856887817, '01:06']
[32, 0.45007193088531494, 0.4571845233440399, 0.9292495250701904, 0.9926981329917908, 0.06882718950510025, 0.17454448342323303, 1.2592313289642334, 0.8682094216346741, 0.8762694597244263, 0.8762694597244263, 0.582262396812439, '01:05']
[33, 0.4537006616592407, 0.44845402240753174, 0.9153097867965698, 0.9901946187019348, 0.08947247266769409, 0.1759844273328781, 1.441171407699585, 0.8440732955932617, 0.8513506054878235, 0.8513505458831787, 1.5132535696029663, '01:05']
[34, 0.4597541093826294, 0.4449036717414856, 0.9137142300605774, 0.9907340407371521, 0.09417066723108292, 0.1757776141166687, 1.43721604347229, 0.8489645719528198, 0.8519157767295837, 0.8519157767295837, 1.7390730381011963, '01:05']
Better model found at epoch 34 with valid_loss value: 0.4449036717414856.
[35, 0.4491673409938812, 0.4505409002304077, 0.9152946472167969, 0.989387571811676, 0.09115781635046005, 0.17649121582508087, 1.5273011922836304, 0.840234637260437, 0.8512333035469055, 0.8512333035469055, 1.961917519569397, '01:05']
[36, 0.4462956488132477, 0.43555760383605957, 0.903687059879303, 0.9924750924110413, 0.10644391179084778, 0.17479519546031952, 1.3663556575775146, 0.8302910327911377, 0.8344358801841736, 0.8344358801841736, 0.9405128955841064, '01:05']
Better model found at epoch 36 with valid_loss value: 0.43555760383605957.
[37, 0.4476317763328552, 0.4390079081058502, 0.9030051231384277, 0.9889800548553467, 0.10634008049964905, 0.1767573356628418, 1.577204942703247, 0.8147919178009033, 0.8294957876205444, 0.8294957876205444, 2.421522617340088, '01:05']
[38, 0.44793185591697693, 0.4476044476032257, 0.9152173399925232, 0.9911899566650391, 0.091746486723423, 0.17544341087341309, 1.4525871276855469, 0.847533106803894, 0.8518005013465881, 0.8518005013465881, 1.3362809419631958, '01:05']
[39, 0.4486951231956482, 0.43788427114486694, 0.906262993812561, 0.9923641681671143, 0.09892784059047699, 0.1748548448085785, 1.3572020530700684, 0.8327063322067261, 0.8380345106124878, 0.8380345106124878, 0.8948720097541809, '01:05']
[40, 0.44090986251831055, 0.4499262571334839, 0.9177840948104858, 0.9906137585639954, 0.09129568934440613, 0.17601606249809265, 1.4289382696151733, 0.8531548380851746, 0.8588876128196716, 0.8588876128196716, 1.585140347480774, '01:05']
[41, 0.4551306366920471, 0.45959070324897766, 0.928794264793396, 0.9918748140335083, 0.07447327673435211, 0.17495618760585785, 1.367517352104187, 0.8733099699020386, 0.8766177892684937, 0.8766177892684937, 1.115070104598999, '01:05']
[42, 0.4484151005744934, 0.445353239774704, 0.9173170924186707, 0.9929413795471191, 0.08397655189037323, 0.17453178763389587, 1.2918041944503784, 0.8529160022735596, 0.856775164604187, 0.856775164604187, 0.611450731754303, '01:05']
[43, 0.44190719723701477, 0.4333309531211853, 0.8986623883247375, 0.9913949370384216, 0.11203102767467499, 0.17566664516925812, 1.4440051317214966, 0.8214225769042969, 0.8268142938613892, 0.8268142938613892, 1.3875337839126587, '01:05']
Better model found at epoch 43 with valid_loss value: 0.4333309531211853.
[44, 0.45515722036361694, 0.4515708088874817, 0.910339891910553, 0.9861044883728027, 0.10003662109375, 0.17845195531845093, 1.6331719160079956, 0.8251724243164062, 0.8435977101325989, 0.8435977101325989, 3.6091465950012207, '01:05']
[45, 0.44724535942077637, 0.44615882635116577, 0.9117429852485657, 0.9891690015792847, 0.09369051456451416, 0.17657829821109772, 1.567746639251709, 0.833253026008606, 0.8446986079216003, 0.8446986079216003, 2.215031147003174, '01:05']
[46, 0.4405718445777893, 0.4364083409309387, 0.9047043323516846, 0.9917789697647095, 0.1066969484090805, 0.17516447603702545, 1.4119797945022583, 0.8293450474739075, 0.8352623581886292, 0.8352623581886292, 1.1895086765289307, '01:05']
[47, 0.44313517212867737, 0.4589010775089264, 0.9222730994224548, 0.9852816462516785, 0.08501321822404861, 0.17889000475406647, 1.6415534019470215, 0.8467001914978027, 0.8629580140113831, 0.8629581332206726, 3.4109857082366943, '01:05']
[48, 0.4268242418766022, 0.4448744058609009, 0.9103739261627197, 0.9919182658195496, 0.09165196865797043, 0.17508119344711304, 1.3476022481918335, 0.842280924320221, 0.8467382192611694, 0.8467382192611694, 0.913541316986084, '01:06']
[49, 0.4333343505859375, 0.43088260293006897, 0.8974491953849792, 0.9925633072853088, 0.10839372128248215, 0.17477573454380035, 1.3516814708709717, 0.8215025067329407, 0.8251567482948303, 0.8251567482948303, 0.865202784538269, '01:06']
Better model found at epoch 49 with valid_loss value: 0.43088260293006897.
[50, 0.43956586718559265, 0.4299691319465637, 0.8946170210838318, 0.9906947016716003, 0.11679854989051819, 0.17592307925224304, 1.4931503534317017, 0.8109651207923889, 0.8191406726837158, 0.8191406726837158, 1.6562659740447998, '01:05']
Better model found at epoch 50 with valid_loss value: 0.4299691319465637.
[51, 0.43873733282089233, 0.4426318109035492, 0.9072192311286926, 0.9906999468803406, 0.10108664631843567, 0.1757008284330368, 1.487787127494812, 0.831392765045166, 0.8393099904060364, 0.8393099904060364, 1.6892359256744385, '01:05']
[52, 0.427501916885376, 0.453862726688385, 0.9206209182739258, 0.9913592338562012, 0.0810895711183548, 0.17526090145111084, 1.3901300430297852, 0.8559616804122925, 0.861781656742096, 0.861781656742096, 1.173138976097107, '01:05']
[53, 0.4514690935611725, 0.4355558156967163, 0.9025695323944092, 0.9917839169502258, 0.10132785886526108, 0.1751466989517212, 1.436462640762329, 0.8269214630126953, 0.8311187624931335, 0.8311187624931335, 1.1862797737121582, '01:05']
[54, 0.4444759786128998, 0.45071136951446533, 0.9193406701087952, 0.9928215146064758, 0.08410235494375229, 0.17451375722885132, 1.3193230628967285, 0.8599923849105835, 0.8631466031074524, 0.8631466031074524, 1.3133493661880493, '01:05']
[55, 0.42629149556159973, 0.45038530230522156, 0.9110182523727417, 0.9867208003997803, 0.09615809470415115, 0.1779353767633438, 1.6164826154708862, 0.8287566304206848, 0.8435646891593933, 0.8435646891593933, 3.472409248352051, '01:05']
[56, 0.4365116059780121, 0.4396069049835205, 0.9015015363693237, 0.9889040589332581, 0.10497236996889114, 0.17680767178535461, 1.5470091104507446, 0.8173660635948181, 0.8291435241699219, 0.8291435241699219, 2.330939292907715, '01:05']
[57, 0.43969640135765076, 0.4513217508792877, 0.9181041121482849, 0.9907530546188354, 0.08728278428316116, 0.17567121982574463, 1.454284429550171, 0.8512474298477173, 0.8575797080993652, 0.85757976770401, 1.6230417490005493, '01:05']
[58, 0.43990442156791687, 0.44344231486320496, 0.910232424736023, 0.9929405450820923, 0.09145182371139526, 0.17445777356624603, 1.298067331314087, 0.8382708430290222, 0.8466165661811829, 0.8466165661811829, 0.70984947681427, '01:06']
No improvement since epoch 50: early stopping
----------
4
----------
DLS create!
[0, 0.5067560076713562, 0.4991762638092041, 0.972316324710846, 0.9907824993133545, 0.022677164524793625, 0.175400048494339, 1.3253756761550903, 0.9492700695991516, 0.9472491145133972, 0.9472491145133972, 0.7214505076408386, '01:05']
Better model found at epoch 0 with valid_loss value: 0.4991762638092041.
[1, 0.49943527579307556, 0.49686068296432495, 0.9643092751502991, 0.9892496466636658, 0.037179023027420044, 0.1756630688905716, 1.3975473642349243, 0.9344490766525269, 0.9327032566070557, 0.9327032566070557, 1.1080197095870972, '01:05']
Better model found at epoch 1 with valid_loss value: 0.49686068296432495.
[2, 0.5012077689170837, 0.4920438528060913, 0.9612948894500732, 0.9884951710700989, 0.046437475830316544, 0.17690284550189972, 1.4477529525756836, 0.9257695078849792, 0.9269572496414185, 0.9269572496414185, 1.5097699165344238, '01:05']
Better model found at epoch 2 with valid_loss value: 0.4920438528060913.
[3, 0.4983070492744446, 0.4973990023136139, 0.967556357383728, 0.9911942481994629, 0.03358682245016098, 0.17541365325450897, 1.3073171377182007, 0.9387509226799011, 0.9385111927986145, 0.9385111927986145, 0.579140841960907, '01:05']
[4, 0.4971277415752411, 0.49710941314697266, 0.9646214842796326, 0.9850704073905945, 0.05002693831920624, 0.17987830936908722, 1.5492260456085205, 0.9301621913909912, 0.9332516193389893, 0.9332516193389893, 2.780999183654785, '01:05']
[5, 0.48971855640411377, 0.49759846925735474, 0.9646999835968018, 0.9852683544158936, 0.0434318408370018, 0.17903639376163483, 1.5599805116653442, 0.9319853186607361, 0.9334419965744019, 0.9334419965744019, 2.7634129524230957, '01:05']
[6, 0.49798882007598877, 0.48567020893096924, 0.9572814106941223, 0.9892564415931702, 0.05321318656206131, 0.17666761577129364, 1.4262431859970093, 0.9203439950942993, 0.9207131266593933, 0.9207131266593933, 1.3464958667755127, '01:05']
Better model found at epoch 6 with valid_loss value: 0.48567020893096924.
[7, 0.483458548784256, 0.4836421310901642, 0.9487309455871582, 0.9850623607635498, 0.058832019567489624, 0.17816749215126038, 1.556031584739685, 0.9010168313980103, 0.9054108262062073, 0.9054108262062073, 2.787595510482788, '01:05']
Better model found at epoch 7 with valid_loss value: 0.4836421310901642.
[8, 0.4805689752101898, 0.47496047616004944, 0.9414973258972168, 0.9879805445671082, 0.06729971617460251, 0.17671899497509003, 1.4280775785446167, 0.8913043737411499, 0.8945127129554749, 0.8945127129554749, 1.5072193145751953, '01:05']
Better model found at epoch 8 with valid_loss value: 0.47496047616004944.
[9, 0.48119744658470154, 0.48767420649528503, 0.9562402963638306, 0.9920775294303894, 0.0372188575565815, 0.17391487956047058, 1.1719239950180054, 0.911379337310791, 0.9196034073829651, 0.9196034073829651, 0.2422511875629425, '01:05']
[10, 0.4756796061992645, 0.4856295585632324, 0.935538649559021, 0.9783724546432495, 0.07369577139616013, 0.181676983833313, 1.6717822551727295, 0.8612870573997498, 0.882217526435852, 0.882217526435852, 4.707983016967773, '01:05']
[11, 0.4691934883594513, 0.4613246023654938, 0.9222345948219299, 0.9909272193908691, 0.08335849642753601, 0.174605593085289, 1.294994592666626, 0.8547431826591492, 0.8604814410209656, 0.8604814410209656, 0.7183834910392761, '01:05']
Better model found at epoch 11 with valid_loss value: 0.4613246023654938.
[12, 0.4737074375152588, 0.469959020614624, 0.938902735710144, 0.989258885383606, 0.07511144876480103, 0.17652933299541473, 1.42855966091156, 0.8828065395355225, 0.8877375721931458, 0.8877375721931458, 1.5366405248641968, '01:05']
[13, 0.4706108570098877, 0.4856487214565277, 0.9363980889320374, 0.9769192934036255, 0.07191013544797897, 0.18257735669612885, 1.698828935623169, 0.8594817519187927, 0.8840898275375366, 0.8840898275375366, 5.694406986236572, '01:04']
[14, 0.4704568088054657, 0.4582273066043854, 0.922156810760498, 0.9882851243019104, 0.085472971200943, 0.1762431561946869, 1.4668818712234497, 0.8518174290657043, 0.860519528388977, 0.860519528388977, 1.587281584739685, '01:05']
Better model found at epoch 14 with valid_loss value: 0.4582273066043854.
[15, 0.47007790207862854, 0.45423200726509094, 0.9197309017181396, 0.9898735880851746, 0.08547285944223404, 0.1752861887216568, 1.4149296283721924, 0.8513520956039429, 0.856076180934906, 0.856076180934906, 1.1374849081039429, '01:05']
Better model found at epoch 15 with valid_loss value: 0.45423200726509094.
[16, 0.46291065216064453, 0.4606803059577942, 0.9202978014945984, 0.9892610907554626, 0.08557156473398209, 0.1754908710718155, 1.4108630418777466, 0.8536894917488098, 0.8582071661949158, 0.8582071661949158, 1.1896305084228516, '01:05']
[17, 0.457411527633667, 0.46289920806884766, 0.9227856993675232, 0.9870201945304871, 0.08615366369485855, 0.17686618864536285, 1.5236144065856934, 0.8533800840377808, 0.8619529604911804, 0.8619529604911804, 1.979661226272583, '01:05']
[18, 0.45962536334991455, 0.4580235183238983, 0.9157047867774963, 0.9882754683494568, 0.09008011221885681, 0.1760648638010025, 1.487735390663147, 0.8390344381332397, 0.8490912914276123, 0.8490914106369019, 1.8208270072937012, '01:05']
[19, 0.4660726487636566, 0.45653805136680603, 0.9203059673309326, 0.9874764084815979, 0.09078623354434967, 0.1769009232521057, 1.5149983167648315, 0.8440679907798767, 0.8566439747810364, 0.8566439747810364, 2.028099536895752, '01:05']
[20, 0.4556218683719635, 0.4552789032459259, 0.9111146926879883, 0.9865594506263733, 0.09670785814523697, 0.17709873616695404, 1.5585296154022217, 0.8288232088088989, 0.8421942591667175, 0.8421942591667175, 2.6127729415893555, '01:05']
[21, 0.4577540457248688, 0.45395946502685547, 0.9112552404403687, 0.9889128804206848, 0.09474122524261475, 0.17571577429771423, 1.4034563302993774, 0.8366650938987732, 0.8439851403236389, 0.8439851403236389, 1.3032904863357544, '01:05']
Better model found at epoch 21 with valid_loss value: 0.45395946502685547.
[22, 0.4639626443386078, 0.46790674328804016, 0.9175542593002319, 0.9848339557647705, 0.08746472746133804, 0.17802302539348602, 1.5207253694534302, 0.8367918133735657, 0.8525335788726807, 0.8525335788726807, 2.54252290725708, '01:05']
[23, 0.4525432288646698, 0.4562627673149109, 0.9200118780136108, 0.9874179363250732, 0.10062951594591141, 0.1773775815963745, 1.501598596572876, 0.8486527800559998, 0.8589520454406738, 0.8589520454406738, 2.143935441970825, '01:05']
[24, 0.448358416557312, 0.4649989902973175, 0.9216879606246948, 0.9876033663749695, 0.08397819101810455, 0.17642968893051147, 1.5106743574142456, 0.8465476036071777, 0.8581355214118958, 0.8581355214118958, 2.126746654510498, '01:04']
[25, 0.4621197581291199, 0.4540303647518158, 0.9180411696434021, 0.9895107746124268, 0.09072722494602203, 0.1755398064851761, 1.3984915018081665, 0.8467843532562256, 0.8543158769607544, 0.8543158769607544, 1.2469042539596558, '01:05']
[26, 0.4595095217227936, 0.46626394987106323, 0.9285953640937805, 0.9894685745239258, 0.07896441966295242, 0.17548224329948425, 1.4146413803100586, 0.8632991313934326, 0.8706451654434204, 0.8706451654434204, 1.3472604751586914, '01:05']
[27, 0.45762234926223755, 0.4595127999782562, 0.9174649119377136, 0.9875977039337158, 0.08808842301368713, 0.17643466591835022, 1.4969143867492676, 0.8440434336662292, 0.8526289463043213, 0.8526289463043213, 2.0719783306121826, '01:05']
[28, 0.45554593205451965, 0.4450395703315735, 0.9066143035888672, 0.9888728260993958, 0.10573417693376541, 0.17603807151317596, 1.4550747871398926, 0.8309967517852783, 0.8358002305030823, 0.8358002305030823, 1.6756653785705566, '01:05']
Better model found at epoch 28 with valid_loss value: 0.4450395703315735.
[29, 0.4553094804286957, 0.4605233073234558, 0.9164689779281616, 0.9875070452690125, 0.0890117734670639, 0.1765093207359314, 1.483533263206482, 0.8415427207946777, 0.8518620133399963, 0.8518620133399963, 2.0740320682525635, '01:05']
[30, 0.45377543568611145, 0.44984641671180725, 0.9104298949241638, 0.9869921803474426, 0.09619408845901489, 0.1770603507757187, 1.5449477434158325, 0.8289488554000854, 0.8408992886543274, 0.8408992886543274, 2.420755624771118, '01:05']
[31, 0.45620691776275635, 0.4963487982749939, 0.9394803643226624, 0.9701374769210815, 0.06694644689559937, 0.18587452173233032, 1.7506699562072754, 0.8628476858139038, 0.8895940184593201, 0.8895940184593201, 7.695789813995361, '01:05']
[32, 0.4578317105770111, 0.45939651131629944, 0.9158847332000732, 0.9852705597877502, 0.09056679159402847, 0.17801153659820557, 1.5858055353164673, 0.8340764045715332, 0.8488239645957947, 0.8488239645957947, 2.6473195552825928, '01:05']
[33, 0.450666606426239, 0.44694963097572327, 0.9050776958465576, 0.9880072474479675, 0.10319823771715164, 0.17639127373695374, 1.5018740892410278, 0.8209518194198608, 0.8321589231491089, 0.8321589231491089, 1.9108338356018066, '01:05']
[34, 0.45796552300453186, 0.4636264741420746, 0.9220073223114014, 0.9847882986068726, 0.08729580044746399, 0.17819729447364807, 1.5921252965927124, 0.8510038256645203, 0.8618162870407104, 0.8618162870407104, 3.111060619354248, '01:05']
[35, 0.44692671298980713, 0.4491313695907593, 0.9029256701469421, 0.9863356351852417, 0.10637272894382477, 0.1773458570241928, 1.5228625535964966, 0.8148590922355652, 0.8289934396743774, 0.8289934396743774, 2.2857532501220703, '01:05']
[36, 0.44921162724494934, 0.4721488654613495, 0.9157453775405884, 0.9789773225784302, 0.09741950035095215, 0.18192896246910095, 1.7095155715942383, 0.8197109699249268, 0.8493096828460693, 0.8493096828460693, 5.378564357757568, '01:05']
No improvement since epoch 28: early stopping
PSPNet_dpn131 Done!
