Models will save to Unet_incv4_x
Use inceptionv4 encoder
Start training...
----------
0
----------
DLS create!
[0, 0.5282186269760132, 0.5066103339195251, 0.9791346192359924, 0.9912593364715576, 0.026157759130001068, 0.1827181577682495, 1.3654662370681763, 0.960426390171051, 0.9596554636955261, 0.9596554636955261, 0.7143908739089966, '01:10']
Better model found at epoch 0 with valid_loss value: 0.5066103339195251.
[1, 0.5104228258132935, 0.49827489256858826, 0.9741054177284241, 0.9920527935028076, 0.016531940549612045, 0.17872415482997894, 1.3509043455123901, 0.9522117376327515, 0.9503296613693237, 0.9503296613693237, 0.3121472895145416, '01:08']
Better model found at epoch 1 with valid_loss value: 0.49827489256858826.
[2, 0.49977561831474304, 0.5122705101966858, 0.9652312994003296, 0.9675608277320862, 0.04373056814074516, 0.18357154726982117, 1.574899435043335, 0.9286786913871765, 0.9345279932022095, 0.9345279932022095, 12.416496276855469, '01:08']
[3, 0.4974457025527954, 0.47874245047569275, 0.9504920840263367, 0.9878388047218323, 0.06621231138706207, 0.17655210196971893, 1.44204580783844, 0.9083173871040344, 0.908721387386322, 0.908721387386322, 2.1804840564727783, '01:09']
Better model found at epoch 3 with valid_loss value: 0.47874245047569275.
[4, 0.4968070387840271, 0.5057035088539124, 0.9576523303985596, 0.982417643070221, 0.04812570661306381, 0.17850153148174286, 1.5995296239852905, 0.9185723066329956, 0.9210368990898132, 0.9210368990898132, 4.6096510887146, '01:09']
[5, 0.49654409289360046, 0.4799884557723999, 0.9498814940452576, 0.9886046648025513, 0.05974706634879112, 0.17572110891342163, 1.4424374103546143, 0.9068151712417603, 0.9074246883392334, 0.9074246883392334, 2.0500247478485107, '01:09']
[6, 0.4870496392250061, 0.47308316826820374, 0.943424642086029, 0.989674985408783, 0.06847482174634933, 0.17524024844169617, 1.3931083679199219, 0.8963955640792847, 0.8968974947929382, 0.8968974947929382, 1.532201886177063, '01:08']
Better model found at epoch 6 with valid_loss value: 0.47308316826820374.
[7, 0.48693084716796875, 0.4839041829109192, 0.9468094110488892, 0.9811185002326965, 0.060968536883592606, 0.179792582988739, 1.6515495777130127, 0.8932720422744751, 0.9016656875610352, 0.9016656875610352, 5.138010025024414, '01:08']
[8, 0.4808482527732849, 0.47166913747787476, 0.9411288499832153, 0.9912921190261841, 0.06730148941278458, 0.17452150583267212, 1.3226120471954346, 0.889591634273529, 0.8936517238616943, 0.8936517238616943, 0.9725213646888733, '01:08']
Better model found at epoch 8 with valid_loss value: 0.47166913747787476.
[9, 0.4745553135871887, 0.4600013494491577, 0.9255198836326599, 0.9908071756362915, 0.08022988587617874, 0.17466963827610016, 1.3700367212295532, 0.8625531196594238, 0.8673118352890015, 0.8673118352890015, 1.2408416271209717, '01:08']
Better model found at epoch 9 with valid_loss value: 0.4600013494491577.
[10, 0.4647337794303894, 0.4782235622406006, 0.937414288520813, 0.9845991730690002, 0.06602010875940323, 0.17783735692501068, 1.5950931310653687, 0.8791826367378235, 0.886660635471344, 0.886660635471344, 4.270519733428955, '01:08']
[11, 0.4739575684070587, 0.44934210181236267, 0.9148514866828918, 0.9906091094017029, 0.09739512205123901, 0.17487096786499023, 1.3534274101257324, 0.8469628691673279, 0.8505125045776367, 0.8505125045776367, 1.1042369604110718, '01:08']
Better model found at epoch 11 with valid_loss value: 0.44934210181236267.
[12, 0.46931037306785583, 0.4543097913265228, 0.9182720184326172, 0.9877114295959473, 0.09058007597923279, 0.17639997601509094, 1.4935709238052368, 0.8478603363037109, 0.8547252416610718, 0.8547253012657166, 2.0889792442321777, '01:09']
[13, 0.458834171295166, 0.4492509067058563, 0.9135220646858215, 0.9907564520835876, 0.09395400434732437, 0.1748083382844925, 1.35877525806427, 0.8435196876525879, 0.8487480282783508, 0.8487480282783508, 1.0957742929458618, '01:08']
Better model found at epoch 13 with valid_loss value: 0.4492509067058563.
[14, 0.46925103664398193, 0.4561408460140228, 0.9200893044471741, 0.9862977266311646, 0.08891697227954865, 0.17704665660858154, 1.5510691404342651, 0.8490850925445557, 0.8576699495315552, 0.8576699495315552, 3.752232074737549, '01:09']
[15, 0.45526131987571716, 0.4449130594730377, 0.9083176851272583, 0.9890535473823547, 0.09952813386917114, 0.17564375698566437, 1.4702774286270142, 0.8343788981437683, 0.8389590382575989, 0.8389590382575989, 1.9669488668441772, '01:08']
Better model found at epoch 15 with valid_loss value: 0.4449130594730377.
[16, 0.46220463514328003, 0.4859399199485779, 0.9401456117630005, 0.9785630702972412, 0.06256677210330963, 0.18068164587020874, 1.6914833784103394, 0.8834224939346313, 0.8914124965667725, 0.8914124965667725, 5.345014572143555, '01:08']
[17, 0.45953959226608276, 0.44897621870040894, 0.9101178646087646, 0.9872671961784363, 0.09604579210281372, 0.17654524743556976, 1.518825650215149, 0.834959864616394, 0.842633843421936, 0.842633843421936, 3.0069994926452637, '01:09']
[18, 0.45234692096710205, 0.45200780034065247, 0.9154061079025269, 0.9891989827156067, 0.0907263457775116, 0.17548790574073792, 1.4567698240280151, 0.8463090658187866, 0.850068986415863, 0.850068986415863, 2.03737473487854, '01:08']
[19, 0.45683756470680237, 0.4430423378944397, 0.9056907892227173, 0.9903994202613831, 0.1019459143280983, 0.1749153733253479, 1.4047945737838745, 0.8294438719749451, 0.834871768951416, 0.834871768951416, 1.4413673877716064, '01:08']
Better model found at epoch 19 with valid_loss value: 0.4430423378944397.
[20, 0.45419710874557495, 0.4487508535385132, 0.9077327251434326, 0.9850086569786072, 0.09806352853775024, 0.17780418694019318, 1.5847822427749634, 0.8245565295219421, 0.8372637033462524, 0.8372637033462524, 2.9598991870880127, '01:08']
[21, 0.4521304965019226, 0.42951464653015137, 0.8895345330238342, 0.9913290739059448, 0.11962611973285675, 0.1745600551366806, 1.3431756496429443, 0.8063762187957764, 0.8119854927062988, 0.8119854927062988, 1.0309319496154785, '01:08']
Better model found at epoch 21 with valid_loss value: 0.42951464653015137.
[22, 0.4524705111980438, 0.43203285336494446, 0.8924227952957153, 0.9915534853935242, 0.11628678441047668, 0.17439228296279907, 1.319318175315857, 0.8087670207023621, 0.8162280917167664, 0.8162280917167664, 0.9414730668067932, '01:09']
[23, 0.45265161991119385, 0.44628047943115234, 0.9073778390884399, 0.9898285865783691, 0.0980338603258133, 0.17528368532657623, 1.4167296886444092, 0.8317306637763977, 0.8388124108314514, 0.8388122916221619, 1.8345223665237427, '01:09']
[24, 0.4570416510105133, 0.43494266271591187, 0.8942046165466309, 0.989473283290863, 0.11236925423145294, 0.1756286323070526, 1.4084521532058716, 0.8124228119850159, 0.8192941546440125, 0.8192941546440125, 1.4648497104644775, '01:09']
[25, 0.45416122674942017, 0.4424494504928589, 0.9035744667053223, 0.9907953143119812, 0.10196035355329514, 0.17476879060268402, 1.335923433303833, 0.8261870741844177, 0.8335660099983215, 0.8335660099983215, 0.8973849415779114, '01:08']
[26, 0.46339109539985657, 0.43489721417427063, 0.8960137963294983, 0.9889118671417236, 0.1120791882276535, 0.17582668364048004, 1.4630098342895508, 0.8127971291542053, 0.8200579881668091, 0.8200579881668091, 1.8562543392181396, '01:08']
[27, 0.4462668299674988, 0.43661683797836304, 0.8959903120994568, 0.9904338717460632, 0.10994034260511398, 0.17500939965248108, 1.356050729751587, 0.8166481256484985, 0.8226359486579895, 0.8226359486579895, 1.1394643783569336, '01:09']
[28, 0.4509924650192261, 0.47700202465057373, 0.9160309433937073, 0.9777230620384216, 0.08571373671293259, 0.18170030415058136, 1.6661454439163208, 0.8277632594108582, 0.8508110046386719, 0.8508110046386719, 4.409282207489014, '01:08']
[29, 0.45172449946403503, 0.43631118535995483, 0.898800790309906, 0.9918918609619141, 0.11123307049274445, 0.1742449700832367, 1.2407872676849365, 0.8186485171318054, 0.8269588351249695, 0.8269588351249695, 0.5870944261550903, '01:09']
No improvement since epoch 21: early stopping
----------
1
----------
DLS create!
[0, 0.5381006002426147, 0.5160569548606873, 0.9907175898551941, 0.9930421710014343, 0.0, 0.18137186765670776, 1.191043734550476, 0.9881830811500549, 0.9816701412200928, 0.9816701412200928, 0.0, '01:08']
Better model found at epoch 0 with valid_loss value: 0.5160569548606873.
[1, 0.5059708952903748, 0.48572060465812683, 0.9592068195343018, 0.9855181574821472, 0.05524636059999466, 0.17732296884059906, 1.467163324356079, 0.9228755831718445, 0.9241049885749817, 0.9241049885749817, 3.241621971130371, '01:08']
Better model found at epoch 1 with valid_loss value: 0.48572060465812683.
[2, 0.5005609393119812, 0.4940132796764374, 0.9646313190460205, 0.9797834157943726, 0.04415523633360863, 0.17971497774124146, 1.5570989847183228, 0.9296784996986389, 0.9332600831985474, 0.9332600831985474, 5.4736809730529785, '01:09']
[3, 0.48866114020347595, 0.588612973690033, 0.9662325382232666, 0.9917421340942383, 0.03781932219862938, 0.17420020699501038, 1.2605311870574951, 0.9376283884048462, 0.9395429491996765, 0.9395429491996765, 0.6571852564811707, '01:09']
[4, 0.4917656481266022, 0.49561551213264465, 0.9541485905647278, 0.9854380488395691, 0.05103137716650963, 0.177113339304924, 1.5428147315979004, 0.9143984913825989, 0.9153671264648438, 0.9153671264648438, 3.2358157634735107, '01:09']
[5, 0.49454265832901, 0.48518019914627075, 0.953646719455719, 0.9839346408843994, 0.055488962680101395, 0.1781677007675171, 1.5712049007415771, 0.9110568165779114, 0.914206862449646, 0.914206862449646, 3.6058902740478516, '01:08']
Better model found at epoch 5 with valid_loss value: 0.48518019914627075.
[6, 0.48724377155303955, 0.508083164691925, 0.9593766331672668, 0.9628120064735413, 0.04654261842370033, 0.18826454877853394, 1.753334403038025, 0.9070426225662231, 0.9242538809776306, 0.9242538809776306, 12.599446296691895, '01:08']
[7, 0.4806865155696869, 0.4708528220653534, 0.9390764832496643, 0.9859150052070618, 0.07072773575782776, 0.1773047149181366, 1.5556237697601318, 0.886049747467041, 0.8897356986999512, 0.8897356986999512, 3.012800931930542, '01:09']
Better model found at epoch 7 with valid_loss value: 0.4708528220653534.
[8, 0.4795270562171936, 0.470944344997406, 0.9387774467468262, 0.9885086417198181, 0.06740420311689377, 0.17587220668792725, 1.4956326484680176, 0.8857744336128235, 0.8878158330917358, 0.8878158926963806, 2.248735189437866, '01:08']
[9, 0.4837447702884674, 0.4688708186149597, 0.9407088160514832, 0.9899497032165527, 0.06952512264251709, 0.1753622144460678, 1.4280401468276978, 0.8902155160903931, 0.8914147615432739, 0.8914147615432739, 1.5437874794006348, '01:08']
Better model found at epoch 9 with valid_loss value: 0.4688708186149597.
[10, 0.4743364453315735, 0.4515495002269745, 0.9194675087928772, 0.990787923336029, 0.09072476625442505, 0.17486025393009186, 1.390662431716919, 0.8534583449363708, 0.8562734127044678, 0.8562734127044678, 1.2321363687515259, '01:08']
Better model found at epoch 10 with valid_loss value: 0.4515495002269745.
[11, 0.477718323469162, 0.46182483434677124, 0.9314645528793335, 0.9917373657226562, 0.07791741192340851, 0.17436587810516357, 1.3080315589904785, 0.8745724558830261, 0.8784362077713013, 0.8784362077713013, 0.8920528888702393, '01:09']
[12, 0.47947096824645996, 0.4813517928123474, 0.9536513090133667, 0.9920836687088013, 0.051107555627822876, 0.17405292391777039, 1.2519586086273193, 0.9077960252761841, 0.9148361682891846, 0.9148361682891846, 0.6469839811325073, '01:08']
[13, 0.47753778100013733, 0.457031786441803, 0.9259811043739319, 0.9908277988433838, 0.08233339339494705, 0.1747921258211136, 1.3860293626785278, 0.8625370860099792, 0.8659808039665222, 0.8659808039665222, 1.1154557466506958, '01:08']
[14, 0.46655237674713135, 0.45353272557258606, 0.9209224581718445, 0.989872932434082, 0.08977320790290833, 0.17540797591209412, 1.4407638311386108, 0.8559375405311584, 0.858364462852478, 0.858364462852478, 1.5023033618927002, '01:08']
[15, 0.4660388231277466, 0.5190445780754089, 0.9592816829681396, 0.96499103307724, 0.042176004499197006, 0.18731415271759033, 1.784430742263794, 0.907892107963562, 0.924042820930481, 0.9240427613258362, 12.494710922241211, '01:08']
[16, 0.4695780277252197, 0.4658387303352356, 0.9380160570144653, 0.9924602508544922, 0.07068797200918198, 0.1739225685596466, 1.2288455963134766, 0.8756250143051147, 0.8865588307380676, 0.8865588307380676, 0.5526350140571594, '01:09']
[17, 0.46343794465065, 0.45763373374938965, 0.9153014421463013, 0.9823358058929443, 0.09132428467273712, 0.17919479310512543, 1.6489248275756836, 0.8332120180130005, 0.8503037691116333, 0.8503037691116333, 4.671460151672363, '01:08']
[18, 0.45621058344841003, 0.44064703583717346, 0.9018335938453674, 0.9892150163650513, 0.10625892877578735, 0.17575478553771973, 1.4581928253173828, 0.8272844552993774, 0.8291222453117371, 0.8291222453117371, 1.7182393074035645, '01:09']
Better model found at epoch 18 with valid_loss value: 0.44064703583717346.
[19, 0.4541134834289551, 0.4637961685657501, 0.9155405163764954, 0.9791498780250549, 0.08806705474853516, 0.18083800375461578, 1.6921745538711548, 0.8225653767585754, 0.8488732576370239, 0.8488732576370239, 4.748599529266357, '01:08']
[20, 0.4545896351337433, 0.4393863081932068, 0.9013720154762268, 0.9906667470932007, 0.10532325506210327, 0.17498472332954407, 1.3918031454086304, 0.824165940284729, 0.8280026316642761, 0.8280026316642761, 1.1120516061782837, '01:08']
Better model found at epoch 20 with valid_loss value: 0.4393863081932068.
[21, 0.456614226102829, 0.4595067501068115, 0.9272880554199219, 0.9909621477127075, 0.07979733496904373, 0.17475491762161255, 1.3640098571777344, 0.8658289909362793, 0.8709836006164551, 0.8709836006164551, 1.1355434656143188, '01:09']
[22, 0.4571501612663269, 0.44053319096565247, 0.9007735848426819, 0.9867258667945862, 0.1065496876835823, 0.17706964910030365, 1.5704015493392944, 0.8147487044334412, 0.8261646628379822, 0.8261646628379822, 2.8506970405578613, '01:09']
[23, 0.45387452840805054, 0.45295459032058716, 0.9166175723075867, 0.9911365509033203, 0.08765684813261032, 0.1746121197938919, 1.3805359601974487, 0.8464617729187012, 0.8522495627403259, 0.8522495627403259, 1.2012375593185425, '01:09']
[24, 0.458768367767334, 0.4330832064151764, 0.8964359760284424, 0.9898546934127808, 0.11495606601238251, 0.17550349235534668, 1.439424753189087, 0.815282940864563, 0.8194440603256226, 0.8194440007209778, 1.384472131729126, '01:09']
Better model found at epoch 24 with valid_loss value: 0.4330832064151764.
[25, 0.44105520844459534, 0.4397449195384979, 0.9031273722648621, 0.9916386604309082, 0.10274533182382584, 0.17446385324001312, 1.3343241214752197, 0.8264335989952087, 0.8319971561431885, 0.8319971561431885, 0.907106876373291, '01:09']
[26, 0.44505664706230164, 0.4428151845932007, 0.9035910964012146, 0.9888639450073242, 0.10313048958778381, 0.17589275538921356, 1.4950600862503052, 0.8251363039016724, 0.8316012620925903, 0.8316011428833008, 1.9206165075302124, '01:09']
[27, 0.4479343593120575, 0.4570010006427765, 0.9122634530067444, 0.9821346402168274, 0.0919157862663269, 0.1794305145740509, 1.6741833686828613, 0.821365475654602, 0.8440890908241272, 0.8440890908241272, 4.724831581115723, '01:08']
[28, 0.4417004883289337, 0.44287416338920593, 0.9063313007354736, 0.9921493530273438, 0.09879008680582047, 0.17415831983089447, 1.270606517791748, 0.8288546800613403, 0.8378716707229614, 0.8378716707229614, 0.7239625453948975, '01:09']
[29, 0.44347983598709106, 0.4390604794025421, 0.8965407609939575, 0.9879236817359924, 0.1084650382399559, 0.1764654964208603, 1.52629816532135, 0.8131217360496521, 0.8220569491386414, 0.8220569491386414, 2.4533603191375732, '01:08']
[30, 0.4434700608253479, 0.4314248859882355, 0.8917928338050842, 0.9910585284233093, 0.114989273250103, 0.17476728558540344, 1.3880324363708496, 0.8070172071456909, 0.8140028715133667, 0.8140028715133667, 1.1905595064163208, '01:08']
Better model found at epoch 30 with valid_loss value: 0.4314248859882355.
[31, 0.44677379727363586, 0.4352603554725647, 0.8960029482841492, 0.9892606735229492, 0.1111932098865509, 0.17578110098838806, 1.4507554769515991, 0.8119046092033386, 0.8185441493988037, 0.8185441493988037, 1.481214165687561, '01:09']
[32, 0.4429304301738739, 0.43179482221603394, 0.89150470495224, 0.9901430010795593, 0.11430845409631729, 0.1753234714269638, 1.445677638053894, 0.8038456439971924, 0.8123162388801575, 0.8123162388801575, 1.5889564752578735, '01:08']
[33, 0.4468528628349304, 0.4411783218383789, 0.9038925170898438, 0.9905015230178833, 0.10277843475341797, 0.17513348162174225, 1.4086776971817017, 0.8253619074821472, 0.8318413496017456, 0.8318413496017456, 1.3268600702285767, '01:08']
[34, 0.46213945746421814, 0.4339720606803894, 0.8978866338729858, 0.990175724029541, 0.11166759580373764, 0.1753418743610382, 1.461836576461792, 0.8157375454902649, 0.8209722638130188, 0.8209722638130188, 1.6704269647598267, '01:08']
[35, 0.4528636932373047, 0.4334297180175781, 0.8974887132644653, 0.9900700449943542, 0.11312340199947357, 0.1754005402326584, 1.4453004598617554, 0.8161147236824036, 0.8214170932769775, 0.8214170932769775, 1.565600872039795, '01:08']
[36, 0.44274330139160156, 0.44650015234947205, 0.9030168652534485, 0.9848935008049011, 0.10150105506181717, 0.1780889481306076, 1.6297526359558105, 0.8104968667030334, 0.8287965059280396, 0.8287965059280396, 3.2207820415496826, '01:09']
[37, 0.4453981816768646, 0.44331198930740356, 0.9083701968193054, 0.9912844300270081, 0.09895455092191696, 0.17459939420223236, 1.3662699460983276, 0.8320958614349365, 0.8383705019950867, 0.8383705019950867, 1.0387152433395386, '01:08']
[38, 0.44039711356163025, 0.423534095287323, 0.8843495845794678, 0.9918516874313354, 0.12430570274591446, 0.17438872158527374, 1.3272467851638794, 0.7936921119689941, 0.8010143041610718, 0.8010143041610718, 0.8648454546928406, '01:09']
Better model found at epoch 38 with valid_loss value: 0.423534095287323.
[39, 0.4458916485309601, 0.43237417936325073, 0.8912152051925659, 0.9880161881446838, 0.11618714779615402, 0.17657144367694855, 1.5274282693862915, 0.8013392686843872, 0.8123582005500793, 0.8123582005500793, 2.199249267578125, '01:08']
[40, 0.45002129673957825, 0.46000927686691284, 0.9268534779548645, 0.9930540919303894, 0.0767923966050148, 0.17362269759178162, 1.1331639289855957, 0.8508878946304321, 0.8722925782203674, 0.8722925782203674, 0.27349764108657837, '01:08']
[41, 0.45097026228904724, 0.4462900757789612, 0.9019603133201599, 0.9824515581130981, 0.10282503068447113, 0.1792084127664566, 1.6641600131988525, 0.8046371936798096, 0.8282054662704468, 0.8282054662704468, 4.2881388664245605, '01:09']
[42, 0.4500214755535126, 0.4271893799304962, 0.8894875049591064, 0.9909855723381042, 0.11880786716938019, 0.1748446375131607, 1.3981738090515137, 0.8024030923843384, 0.8086977005004883, 0.8086977005004883, 1.2430176734924316, '01:08']
[43, 0.44818317890167236, 0.44835758209228516, 0.9019615054130554, 0.982808530330658, 0.10253051668405533, 0.17918695509433746, 1.6456553936004639, 0.8054842352867126, 0.8279218077659607, 0.8279218077659607, 3.9777472019195557, '01:09']
[44, 0.4430406093597412, 0.4213413894176483, 0.8781155347824097, 0.9906405210494995, 0.12758556008338928, 0.17506061494350433, 1.4151946306228638, 0.7881950736045837, 0.7924460768699646, 0.7924460768699646, 1.2477797269821167, '01:08']
Better model found at epoch 44 with valid_loss value: 0.4213413894176483.
[45, 0.44188812375068665, 0.4308392405509949, 0.8879300355911255, 0.9875463247299194, 0.11727973818778992, 0.17672449350357056, 1.5658091306686401, 0.7916022539138794, 0.8061100840568542, 0.8061100840568542, 2.737544536590576, '01:08']
[46, 0.4334888458251953, 0.45531168580055237, 0.9120007753372192, 0.9873851537704468, 0.09074293076992035, 0.17668698728084564, 1.4869383573532104, 0.8351202011108398, 0.8450438380241394, 0.8450438380241394, 2.1659035682678223, '01:08']
[47, 0.4307595491409302, 0.427234947681427, 0.8888186812400818, 0.9922555088996887, 0.11921150982379913, 0.17422620952129364, 1.2683892250061035, 0.8004165291786194, 0.8102566599845886, 0.8102566599845886, 0.6648659706115723, '01:09']
[48, 0.4382529854774475, 0.43329760432243347, 0.8942180871963501, 0.9922510981559753, 0.11053663492202759, 0.17411161959171295, 1.3071227073669434, 0.8058745861053467, 0.8166911602020264, 0.8166911602020264, 0.8398077487945557, '01:09']
[49, 0.4289751946926117, 0.4303969740867615, 0.8915361166000366, 0.9915769696235657, 0.11502169072628021, 0.17451173067092896, 1.3516745567321777, 0.8034500479698181, 0.8118393421173096, 0.8118393421173096, 1.0066680908203125, '01:08']
[50, 0.4352007210254669, 0.42633894085884094, 0.8863932490348816, 0.9907466769218445, 0.12318791449069977, 0.17510488629341125, 1.392448902130127, 0.8045365810394287, 0.806820273399353, 0.806820273399353, 1.2398334741592407, '01:10']
[51, 0.44329893589019775, 0.4184408485889435, 0.8803615570068359, 0.9919111132621765, 0.13665619492530823, 0.17451810836791992, 1.3199971914291382, 0.7899824380874634, 0.7958971261978149, 0.7958971261978149, 0.8543993234634399, '01:08']
Better model found at epoch 51 with valid_loss value: 0.4184408485889435.
[52, 0.4373907744884491, 0.42896419763565063, 0.8908264636993408, 0.9916629195213318, 0.11740930378437042, 0.17458520829677582, 1.3037464618682861, 0.8024929165840149, 0.8125980496406555, 0.8125980496406555, 0.8464388251304626, '01:09']
[53, 0.4385879635810852, 0.414887398481369, 0.8715393543243408, 0.9914672374725342, 0.13592001795768738, 0.17463938891887665, 1.3751859664916992, 0.7752820253372192, 0.7823709845542908, 0.7823709845542908, 1.165388584136963, '01:08']
Better model found at epoch 53 with valid_loss value: 0.414887398481369.
[54, 0.44148334860801697, 0.43743109703063965, 0.8913147449493408, 0.9856980443000793, 0.11261860281229019, 0.17766571044921875, 1.606130838394165, 0.7928785085678101, 0.8107960820198059, 0.8107960820198059, 3.0148205757141113, '01:09']
[55, 0.4382779598236084, 0.4305930733680725, 0.8865817189216614, 0.9885740280151367, 0.11799371987581253, 0.1761675924062729, 1.5204119682312012, 0.7946059107780457, 0.8051783442497253, 0.8051782846450806, 2.211738109588623, '01:10']
[56, 0.42679470777511597, 0.4229329526424408, 0.8771979212760925, 0.9886002540588379, 0.12839454412460327, 0.17619231343269348, 1.518859624862671, 0.7798518538475037, 0.7904027700424194, 0.7904027700424194, 2.2143847942352295, '01:08']
[57, 0.43608102202415466, 0.4167692959308624, 0.8735063672065735, 0.989983081817627, 0.13407374918460846, 0.17550760507583618, 1.47477126121521, 0.7777090668678284, 0.7855115532875061, 0.7855115532875061, 1.8488677740097046, '01:09']
[58, 0.4396471083164215, 0.4520747661590576, 0.9095484018325806, 0.9854195713996887, 0.09393388777971268, 0.1777607500553131, 1.6023497581481934, 0.8255271315574646, 0.8404368758201599, 0.8404368758201599, 3.128258466720581, '01:09']
[59, 0.43731316924095154, 0.43887677788734436, 0.892453670501709, 0.9852543473243713, 0.1112460196018219, 0.17795878648757935, 1.6078671216964722, 0.7898358106613159, 0.8112001419067383, 0.8112001419067383, 2.9692559242248535, '01:09']
[60, 0.4436473846435547, 0.4188595712184906, 0.8805077075958252, 0.9921757578849792, 0.13220928609371185, 0.17433810234069824, 1.31668221950531, 0.7882733345031738, 0.7965381145477295, 0.7965381145477295, 0.868346095085144, '01:09']
[61, 0.4385492503643036, 0.4125763177871704, 0.8710317015647888, 0.9912402629852295, 0.13839103281497955, 0.17482362687587738, 1.394360899925232, 0.7742289304733276, 0.7811272144317627, 0.7811272144317627, 1.2185461521148682, '01:08']
Better model found at epoch 61 with valid_loss value: 0.4125763177871704.
[62, 0.44441014528274536, 0.43950581550598145, 0.9011695384979248, 0.9898475408554077, 0.10421032458543777, 0.17539389431476593, 1.4583959579467773, 0.8233070969581604, 0.8271702527999878, 0.8271702527999878, 1.8550127744674683, '01:09']
[63, 0.434074729681015, 0.43855559825897217, 0.9013564586639404, 0.9919968843460083, 0.10388971865177155, 0.17422915995121002, 1.3126029968261719, 0.8122386336326599, 0.8278443813323975, 0.8278443813323975, 0.9981603026390076, '01:09']
[64, 0.4378599226474762, 0.4232287108898163, 0.8812448382377625, 0.9897336363792419, 0.12513743340969086, 0.17553478479385376, 1.4667696952819824, 0.7890957593917847, 0.7962217330932617, 0.7962217330932617, 1.684525728225708, '01:08']
[65, 0.42846640944480896, 0.41891810297966003, 0.8774961233139038, 0.9918650984764099, 0.12919433414936066, 0.17445619404315948, 1.3273367881774902, 0.7854358553886414, 0.7928582429885864, 0.7928582429885864, 0.9729426503181458, '01:09']
[66, 0.43238258361816406, 0.4337925612926483, 0.8935151696205139, 0.988641619682312, 0.11193432658910751, 0.17607684433460236, 1.515367031097412, 0.8074519634246826, 0.8144205808639526, 0.8144205808639526, 1.8715462684631348, '01:08']
[67, 0.4368649423122406, 0.41602012515068054, 0.8732661604881287, 0.9902617931365967, 0.13360366225242615, 0.1753377765417099, 1.4576181173324585, 0.7781720161437988, 0.7843868732452393, 0.7843868732452393, 1.5713597536087036, '01:09']
[68, 0.42991772294044495, 0.42027467489242554, 0.8777857422828674, 0.9908766150474548, 0.12783725559711456, 0.17498548328876495, 1.4199191331863403, 0.7843818664550781, 0.7911543846130371, 0.7911543846130371, 1.3578875064849854, '01:08']
[69, 0.42530539631843567, 0.4140298366546631, 0.8711313009262085, 0.9915397763252258, 0.13526706397533417, 0.17461493611335754, 1.3727412223815918, 0.7708324193954468, 0.7800442576408386, 0.7800442576408386, 1.0951493978500366, '01:08']
No improvement since epoch 61: early stopping
----------
2
----------
DLS create!
[0, 0.5215361714363098, 0.5064065456390381, 0.9781097173690796, 0.9898617267608643, 0.030373748391866684, 0.18059924244880676, 1.3418982028961182, 0.9596573114395142, 0.9575942158699036, 0.9575942158699036, 0.6275551915168762, '01:09']
Better model found at epoch 0 with valid_loss value: 0.5064065456390381.
[1, 0.5001674294471741, 0.49571773409843445, 0.9658840298652649, 0.9881175756454468, 0.044535309076309204, 0.17571279406547546, 1.374016523361206, 0.934907853603363, 0.9350616931915283, 0.9350616931915283, 1.285602331161499, '01:09']
Better model found at epoch 1 with valid_loss value: 0.49571773409843445.
[2, 0.4980420172214508, 0.4933355748653412, 0.9622342586517334, 0.9875248074531555, 0.043835509568452835, 0.1759384274482727, 1.4185253381729126, 0.9294665455818176, 0.9285843968391418, 0.9285843968391418, 1.4547926187515259, '01:10']
Better model found at epoch 2 with valid_loss value: 0.4933355748653412.
[3, 0.4967285990715027, 0.4986811578273773, 0.9552061557769775, 0.9755617380142212, 0.052932411432266235, 0.18199865520000458, 1.649465799331665, 0.9090083241462708, 0.9164764285087585, 0.9164764285087585, 5.133064270019531, '01:09']
[4, 0.49189847707748413, 0.48498398065567017, 0.9525760412216187, 0.9862502217292786, 0.05637954920530319, 0.17645657062530518, 1.4483882188796997, 0.9115915894508362, 0.9119037985801697, 0.9119037985801697, 1.8551100492477417, '01:08']
Better model found at epoch 4 with valid_loss value: 0.48498398065567017.
[5, 0.48770537972450256, 0.5044004917144775, 0.9628298878669739, 0.9803106784820557, 0.05302441865205765, 0.18205510079860687, 1.6305413246154785, 0.9241490364074707, 0.9298637509346008, 0.9298637509346008, 3.5647056102752686, '01:09']
[6, 0.4897352159023285, 0.4765462279319763, 0.9397473931312561, 0.9845175743103027, 0.06891179084777832, 0.17731954157352448, 1.5137858390808105, 0.8861278891563416, 0.8899037837982178, 0.8899037837982178, 2.429891347885132, '01:09']
Better model found at epoch 6 with valid_loss value: 0.4765462279319763.
[7, 0.487262099981308, 0.4932546615600586, 0.9574156999588013, 0.9894468784332275, 0.04658160358667374, 0.17460761964321136, 1.3020093441009521, 0.9185015559196472, 0.9204914569854736, 0.9204914569854736, 0.7320965528488159, '01:09']
[8, 0.48787790536880493, 0.49167272448539734, 0.9495089650154114, 0.9781643748283386, 0.05699821561574936, 0.1806233525276184, 1.6341136693954468, 0.897929310798645, 0.9067096710205078, 0.9067096710205078, 4.41824197769165, '01:08']
[9, 0.48271605372428894, 0.4859170913696289, 0.9519046545028687, 0.9895418286323547, 0.05409625545144081, 0.17462296783924103, 1.311522364616394, 0.9082684516906738, 0.9114941954612732, 0.9114941954612732, 0.7811951041221619, '01:10']
[10, 0.4830617904663086, 0.4711931347846985, 0.9375644326210022, 0.9890897274017334, 0.07176726311445236, 0.17500679194927216, 1.352767825126648, 0.8833248615264893, 0.8861690759658813, 0.8861690759658813, 1.0468608140945435, '01:09']
Better model found at epoch 10 with valid_loss value: 0.4711931347846985.
[11, 0.4750787317752838, 0.46989238262176514, 0.9353631138801575, 0.9896131157875061, 0.07179650664329529, 0.17472073435783386, 1.3203622102737427, 0.8813844323158264, 0.883635938167572, 0.883635938167572, 0.8260648250579834, '01:08']
Better model found at epoch 11 with valid_loss value: 0.46989238262176514.
[12, 0.4702050983905792, 0.4747004806995392, 0.9389712810516357, 0.9858413934707642, 0.06786217540502548, 0.1767067313194275, 1.4908208847045898, 0.8843328952789307, 0.8879896998405457, 0.8879896998405457, 2.1321425437927246, '01:10']
[13, 0.47105884552001953, 0.4784615933895111, 0.9314247965812683, 0.9817392230033875, 0.0734911784529686, 0.17887338995933533, 1.5897650718688965, 0.8661248683929443, 0.8767128586769104, 0.8767128586769104, 3.188044786453247, '01:09']
[14, 0.47773516178131104, 0.46908238530158997, 0.9283945560455322, 0.9859252572059631, 0.07721338421106339, 0.17668505012989044, 1.450209617614746, 0.8663057684898376, 0.8730344176292419, 0.8730344176292419, 1.8234201669692993, '01:08']
Better model found at epoch 14 with valid_loss value: 0.46908238530158997.
[15, 0.4527672231197357, 0.47135859727859497, 0.9292221069335938, 0.9889485836029053, 0.0744938999414444, 0.17494069039821625, 1.361438512802124, 0.8680105805397034, 0.8747301697731018, 0.8747301697731018, 1.1399586200714111, '01:09']
[16, 0.45625999569892883, 0.4856964647769928, 0.9355623722076416, 0.9790272116661072, 0.06851399689912796, 0.18021579086780548, 1.6396692991256714, 0.8719175457954407, 0.8843886852264404, 0.8843886852264404, 3.8963770866394043, '01:09']
[17, 0.46357837319374084, 0.4670124351978302, 0.9270411133766174, 0.9867036938667297, 0.08004424721002579, 0.17613936960697174, 1.4212827682495117, 0.8651423454284668, 0.8698367476463318, 0.8698367476463318, 1.5897915363311768, '01:09']
Better model found at epoch 17 with valid_loss value: 0.4670124351978302.
[18, 0.45769384503364563, 0.4524032175540924, 0.9095593690872192, 0.9884515404701233, 0.09705712646245956, 0.17544519901275635, 1.3800785541534424, 0.8386685848236084, 0.8440988659858704, 0.8440988659858704, 1.2352571487426758, '01:09']
Better model found at epoch 18 with valid_loss value: 0.4524032175540924.
[19, 0.466269314289093, 0.4549504220485687, 0.9164191484451294, 0.9891923666000366, 0.09344986081123352, 0.17510326206684113, 1.3184665441513062, 0.8452920317649841, 0.853541374206543, 0.853541374206543, 1.024994134902954, '01:09']
[20, 0.4654170572757721, 0.46236652135849, 0.9246301054954529, 0.988215982913971, 0.08322295546531677, 0.17553594708442688, 1.4012750387191772, 0.8636835813522339, 0.867152214050293, 0.867152214050293, 1.4001432657241821, '01:08']
[21, 0.4529794156551361, 0.45452964305877686, 0.9129014611244202, 0.9867687225341797, 0.09397190064191818, 0.17631137371063232, 1.4680873155593872, 0.8402419686317444, 0.8474504947662354, 0.8474504947662354, 1.8665978908538818, '01:09']
[22, 0.45510777831077576, 0.45838961005210876, 0.9120370745658875, 0.9830486178398132, 0.09360452741384506, 0.17828691005706787, 1.5509364604949951, 0.8289677500724792, 0.8452363014221191, 0.8452363014221191, 2.6898157596588135, '01:09']
[23, 0.46316179633140564, 0.45442983508110046, 0.9146036505699158, 0.9888332486152649, 0.09370768815279007, 0.17503812909126282, 1.362596869468689, 0.8432775735855103, 0.8490421772003174, 0.8490421772003174, 1.2013226747512817, '01:09']
[24, 0.45584025979042053, 0.4487133324146271, 0.9046928882598877, 0.986842691898346, 0.10190070420503616, 0.17625583708286285, 1.43876051902771, 0.8231455683708191, 0.8342222571372986, 0.8342222571372986, 1.717643141746521, '01:09']
Better model found at epoch 24 with valid_loss value: 0.4487133324146271.
[25, 0.45387595891952515, 0.4566907584667206, 0.9117425084114075, 0.9847737550735474, 0.09463787078857422, 0.17741157114505768, 1.512648344039917, 0.8325896263122559, 0.845703661441803, 0.845703661441803, 2.2115347385406494, '01:10']
[26, 0.45381706953048706, 0.4555812478065491, 0.9184551239013672, 0.9903075098991394, 0.08975580334663391, 0.17436270415782928, 1.272927165031433, 0.8455496430397034, 0.8556661605834961, 0.8556661605834961, 0.7279036045074463, '01:09']
[27, 0.452592134475708, 0.48255470395088196, 0.9263836145401001, 0.9764515161514282, 0.07756833732128143, 0.18172967433929443, 1.6230820417404175, 0.8427618741989136, 0.8675829172134399, 0.8675829172134399, 3.825913906097412, '01:09']
[28, 0.45514872670173645, 0.4448179006576538, 0.9008452892303467, 0.9890491366386414, 0.10613613575696945, 0.17506268620491028, 1.3469637632369995, 0.8226077556610107, 0.8282589912414551, 0.8282589912414551, 1.01570463180542, '01:09']
Better model found at epoch 28 with valid_loss value: 0.4448179006576538.
[29, 0.44775843620300293, 0.4565107524394989, 0.9121359586715698, 0.9842205047607422, 0.09448836743831635, 0.17774449288845062, 1.4834498167037964, 0.8296009302139282, 0.8448085188865662, 0.8448085188865662, 2.0747873783111572, '01:09']
[30, 0.45859718322753906, 0.4459853172302246, 0.9006407260894775, 0.985628068447113, 0.10548272728919983, 0.17689305543899536, 1.5095276832580566, 0.8153043985366821, 0.8269803524017334, 0.8269803524017334, 2.1248505115509033, '01:08']
[31, 0.45646917819976807, 0.44698014855384827, 0.903010368347168, 0.987246036529541, 0.1043933853507042, 0.17599941790103912, 1.3969964981079102, 0.8205399513244629, 0.8305895924568176, 0.8305897116661072, 1.4079113006591797, '01:08']
[32, 0.44730353355407715, 0.447811096906662, 0.8986390233039856, 0.986549437046051, 0.10553809255361557, 0.17649032175540924, 1.481304407119751, 0.8152837157249451, 0.825760006904602, 0.825760006904602, 1.9283291101455688, '01:09']
[33, 0.4556334316730499, 0.4542289972305298, 0.9154852032661438, 0.9906764626502991, 0.0924292653799057, 0.17418839037418365, 1.2201491594314575, 0.8453096747398376, 0.852391242980957, 0.852391242980957, 0.5109133124351501, '01:10']
[34, 0.4406367838382721, 0.4500971734523773, 0.9072964787483215, 0.9909815788269043, 0.09953207522630692, 0.17400744557380676, 1.2101253271102905, 0.8321603536605835, 0.8421555757522583, 0.8421556353569031, 0.5038003325462341, '01:09']
[35, 0.4535714387893677, 0.44142448902130127, 0.8961737751960754, 0.9886546730995178, 0.11182746291160583, 0.17541778087615967, 1.4002403020858765, 0.8164913654327393, 0.8220388889312744, 0.8220388889312744, 1.2657629251480103, '01:09']
Better model found at epoch 35 with valid_loss value: 0.44142448902130127.
[36, 0.4488717019557953, 0.44561102986335754, 0.8998323082923889, 0.9869691729545593, 0.10637445002794266, 0.17615926265716553, 1.4786107540130615, 0.8209177851676941, 0.8279041647911072, 0.8279041647911072, 1.9176185131072998, '01:09']
[37, 0.4534529149532318, 0.4430773854255676, 0.8989691138267517, 0.988895058631897, 0.1075378879904747, 0.17522136867046356, 1.3793591260910034, 0.8212850093841553, 0.8266284465789795, 0.8266284465789795, 1.1997144222259521, '01:09']
[38, 0.44975772500038147, 0.4479822516441345, 0.9020512104034424, 0.986940860748291, 0.10305671393871307, 0.17621158063411713, 1.4486515522003174, 0.820671021938324, 0.8309324383735657, 0.8309324383735657, 1.765506625175476, '01:08']
[39, 0.43804264068603516, 0.4492087662220001, 0.9010174870491028, 0.9881972074508667, 0.10254685580730438, 0.17552469670772552, 1.383255124092102, 0.8205533623695374, 0.8306066393852234, 0.8306066393852234, 1.3296995162963867, '01:08']
[40, 0.4507490396499634, 0.43585360050201416, 0.893097996711731, 0.9896756410598755, 0.11551288515329361, 0.17481648921966553, 1.347622036933899, 0.8088869452476501, 0.8162731528282166, 0.8162731528282166, 1.0412949323654175, '01:09']
Better model found at epoch 40 with valid_loss value: 0.43585360050201416.
[41, 0.4473954439163208, 0.44259610772132874, 0.896431028842926, 0.9867903590202332, 0.10919653624296188, 0.17634284496307373, 1.4653713703155518, 0.8107813000679016, 0.8206596374511719, 0.8206596374511719, 1.7292931079864502, '01:09']
[42, 0.44528546929359436, 0.44453197717666626, 0.9018805623054504, 0.9910921454429626, 0.10594312101602554, 0.17402195930480957, 1.1894711256027222, 0.8236924409866333, 0.8341587781906128, 0.8341587781906128, 0.49381279945373535, '01:09']
[43, 0.44426947832107544, 0.44922539591789246, 0.9005014300346375, 0.9854152798652649, 0.10387081652879715, 0.1770484447479248, 1.5051918029785156, 0.8145116567611694, 0.8285333514213562, 0.8285333514213562, 2.246098041534424, '01:09']
[44, 0.43586936593055725, 0.4401165246963501, 0.8961939811706543, 0.9909785389900208, 0.11054062843322754, 0.174065962433815, 1.2225033044815063, 0.8159961700439453, 0.8249167799949646, 0.8249167799949646, 0.5502346158027649, '01:09']
[45, 0.44131985306739807, 0.45373302698135376, 0.9045599699020386, 0.9825366139411926, 0.09844297170639038, 0.17839735746383667, 1.575993299484253, 0.8147260546684265, 0.8328933715820312, 0.8328933715820312, 2.9363667964935303, '01:08']
[46, 0.4368453919887543, 0.44336438179016113, 0.8989397883415222, 0.988379955291748, 0.10719028860330582, 0.17550353705883026, 1.3651822805404663, 0.8194164633750916, 0.8269438147544861, 0.8269438147544861, 1.1836439371109009, '01:09']
[47, 0.44368278980255127, 0.4506894052028656, 0.9013882875442505, 0.9855300784111023, 0.10226237773895264, 0.17707112431526184, 1.5094842910766602, 0.8173626661300659, 0.8292292356491089, 0.8292292356491089, 1.9816410541534424, '01:09']
[48, 0.4418598413467407, 0.44393986463546753, 0.8947972059249878, 0.9857470989227295, 0.10923951864242554, 0.17691028118133545, 1.4984183311462402, 0.8064266443252563, 0.8190793991088867, 0.8190793991088867, 1.9779201745986938, '01:08']
No improvement since epoch 40: early stopping
----------
3
----------
DLS create!
[0, 0.5237953066825867, 0.5046287178993225, 0.9725275039672852, 0.9906222224235535, 0.03459896519780159, 0.18012461066246033, 1.3835854530334473, 0.9618760943412781, 0.9551377892494202, 0.9551377892494202, inf, '01:09']
Better model found at epoch 0 with valid_loss value: 0.5046287178993225.
[1, 0.49678561091423035, 0.7616421580314636, 0.983576238155365, 0.8654491901397705, 0.009022019803524017, 0.24220526218414307, 1.9294010400772095, 0.9861040711402893, 0.9763650298118591, 0.9763650298118591, inf, '01:09']
[2, 0.49672242999076843, 0.49201300740242004, 0.9523136019706726, 0.9822418689727783, 0.0460648238658905, 0.17927846312522888, 1.6422480344772339, 0.9155744314193726, 0.9181727766990662, 0.9181727766990662, inf, '01:09']
Better model found at epoch 2 with valid_loss value: 0.49201300740242004.
[3, 0.4966317415237427, 0.4929116666316986, 0.9607335925102234, 0.9905455112457275, 0.039658624678850174, 0.17570389807224274, 1.4565298557281494, 0.9395806193351746, 0.9333011507987976, 0.9333011507987976, inf, '01:09']
[4, 0.4908250868320465, 0.4914419651031494, 0.9526836276054382, 0.9863508343696594, 0.04639304429292679, 0.17769405245780945, 1.6020913124084473, 0.9206067323684692, 0.9189683794975281, 0.9189683794975281, inf, '01:08']
Better model found at epoch 4 with valid_loss value: 0.4914419651031494.
[5, 0.49504947662353516, 0.5406022071838379, 0.9898328185081482, 0.9937297701835632, nan, 0.1737348735332489, 1.0985006093978882, 0.9996837377548218, 0.9886778593063354, 0.9886778593063354, nan, '01:09']
[6, 0.4942120611667633, 0.49575909972190857, 0.96445232629776, 0.9928539395332336, 0.029667668044567108, 0.17410360276699066, 1.2545925378799438, 0.9472746253013611, 0.9401426315307617, 0.9401426315307617, inf, '01:10']
[7, 0.49693652987480164, 0.49235185980796814, 0.95904541015625, 0.9909114241600037, 0.03949396312236786, 0.17520330846309662, 1.44206964969635, 0.9368447661399841, 0.9301121830940247, 0.9301121830940247, inf, '01:09']
[8, 0.4936582148075104, 0.4924467206001282, 0.9510530233383179, 0.98161780834198, 0.04533141478896141, 0.17954117059707642, 1.6800628900527954, 0.9127039909362793, 0.915870726108551, 0.915870726108551, inf, '01:11']
[9, 0.48834508657455444, 0.4813297390937805, 0.9468165040016174, 0.989862859249115, 0.05736439302563667, 0.17588859796524048, 1.4828206300735474, 0.9126039743423462, 0.9085273742675781, 0.9085273742675781, inf, '02:26']
Better model found at epoch 9 with valid_loss value: 0.4813297390937805.
[10, 0.4847986698150635, 0.4885013699531555, 0.9518674612045288, 0.9872927665710449, 0.04652788117527962, 0.17676156759262085, 1.5209887027740479, 0.9191197752952576, 0.9178717732429504, 0.9178717732429504, inf, '02:18']
[11, 0.47499731183052063, 0.4792412221431732, 0.9426298141479492, 0.990021824836731, 0.05667797103524208, 0.1755213737487793, 1.464820146560669, 0.9071882367134094, 0.9027126431465149, 0.9027126431465149, inf, '02:20']
Better model found at epoch 11 with valid_loss value: 0.4792412221431732.
[12, 0.48291826248168945, 0.4981807768344879, 0.9492760300636292, 0.9763925671577454, 0.045472387224435806, 0.18209654092788696, 1.7432854175567627, 0.9007886648178101, 0.9127596020698547, 0.9127596020698547, inf, '02:20']
[13, 0.47894513607025146, 0.5169720649719238, 0.9714440703392029, 0.9808461666107178, 0.02073216624557972, 0.17957383394241333, 1.6880056858062744, 0.9601215720176697, 0.9531938433647156, 0.9531938433647156, inf, '02:21']
[14, 0.4865029752254486, 0.4823290705680847, 0.9486734867095947, 0.9900285601615906, 0.05209684371948242, 0.17560331523418427, 1.430030107498169, 0.9172288179397583, 0.9122380614280701, 0.9122380614280701, inf, '02:21']
[15, 0.4802187979221344, 0.4691716432571411, 0.932429850101471, 0.9906201958656311, 0.06705342233181, 0.1751919686794281, 1.460944414138794, 0.8884950280189514, 0.8841007351875305, 0.8841006755828857, inf, '02:22']
Better model found at epoch 15 with valid_loss value: 0.4691716432571411.
[16, 0.47832190990448, 0.4777924716472626, 0.9443536996841431, 0.9920141100883484, 0.05716567859053612, 0.17459727823734283, 1.3240396976470947, 0.9119443893432617, 0.9050666093826294, 0.9050666093826294, inf, '02:23']
[17, 0.4753892123699188, 0.4739881753921509, 0.9339104890823364, 0.988462507724762, 0.06422735005617142, 0.17636829614639282, 1.5452492237091064, 0.8911625146865845, 0.8878566026687622, 0.8878566026687622, inf, '02:26']
[18, 0.47356295585632324, 0.46976447105407715, 0.9290385842323303, 0.9880034923553467, 0.06894014030694962, 0.17657537758350372, 1.5572751760482788, 0.8804808855056763, 0.8795682787895203, 0.8795682787895203, inf, '02:25']
[19, 0.4632435739040375, 0.4827566146850586, 0.9467118382453918, 0.9931064248085022, 0.046226657927036285, 0.1738879233598709, 1.1971614360809326, 0.9137348532676697, 0.9112453460693359, 0.9112453460693359, inf, '02:25']
[20, 0.47871533036231995, 0.47552594542503357, 0.9380234479904175, 0.989962100982666, 0.061512283980846405, 0.17560935020446777, 1.41482412815094, 0.8993214964866638, 0.8943687677383423, 0.8943687677383423, inf, '02:22']
[21, 0.4715622067451477, 0.47106412053108215, 0.9307460784912109, 0.9878591299057007, 0.0676867887377739, 0.17662617564201355, 1.5687034130096436, 0.8830380439758301, 0.8817711472511292, 0.8817711472511292, inf, '02:22']
[22, 0.4680856466293335, 0.4697665274143219, 0.92659991979599, 0.9873152375221252, 0.0691700428724289, 0.1768290400505066, 1.5763593912124634, 0.8758558630943298, 0.8757416009902954, 0.8757416009902954, inf, '02:21']
[23, 0.4589637517929077, 0.478507936000824, 0.9426564574241638, 0.9934645891189575, 0.05317569524049759, 0.17363078892230988, 1.1703771352767944, 0.9011815786361694, 0.9032195806503296, 0.9032195806503296, inf, '02:20']
No improvement since epoch 15: early stopping
----------
4
----------
DLS create!
[0, 0.5350801348686218, 0.5467108488082886, 0.9895094633102417, 0.9917359948158264, 0.0, 0.18297426402568817, 1.2874162197113037, 0.9858014583587646, 0.9793534278869629, 0.9793534278869629, 0.0, '02:22']
Better model found at epoch 0 with valid_loss value: 0.5467108488082886.
[1, 0.49966883659362793, 0.49607595801353455, 0.9649893641471863, 0.9830157160758972, 0.04485610872507095, 0.1783755123615265, 1.5215109586715698, 0.932386040687561, 0.9339824914932251, 0.9339824914932251, 3.8185880184173584, '02:20']
Better model found at epoch 1 with valid_loss value: 0.49607595801353455.
[2, 0.49628597497940063, 0.5572372674942017, 0.9816645979881287, 0.9332781434059143, 0.02105429582297802, 0.2017642855644226, 1.7843221426010132, 0.9619252681732178, 0.9648088216781616, 0.9648088216781616, 27.80340576171875, '02:21']
[3, 0.49075087904930115, 0.5057944655418396, 0.9642124772071838, 0.989661693572998, 0.04268767684698105, 0.17487339675426483, 1.336882472038269, 0.9329975247383118, 0.9334070682525635, 0.9334070682525635, 0.9831826090812683, '02:18']
[4, 0.49256423115730286, 0.4954752027988434, 0.9640830755233765, 0.9868165850639343, 0.048075124621391296, 0.17711977660655975, 1.4812021255493164, 0.9321791529655457, 0.9322415590286255, 0.9322415590286255, 2.0312037467956543, '02:19']
Better model found at epoch 4 with valid_loss value: 0.4954752027988434.
[5, 0.48422202467918396, 0.4871436357498169, 0.9545711278915405, 0.9892422556877136, 0.0531013123691082, 0.17489995062351227, 1.3542388677597046, 0.9137526750564575, 0.9151080846786499, 0.9151080846786499, 1.0117385387420654, '02:20']
Better model found at epoch 5 with valid_loss value: 0.4871436357498169.
[6, 0.47560641169548035, 0.4853101372718811, 0.9490916132926941, 0.9876899719238281, 0.05599575117230415, 0.17561566829681396, 1.4508740901947021, 0.9033204317092896, 0.9060711860656738, 0.9060711860656738, 2.0263137817382812, '02:20']
Better model found at epoch 6 with valid_loss value: 0.4853101372718811.
[7, 0.4778081774711609, 0.49552372097969055, 0.936531126499176, 0.9868867993354797, 0.06979136168956757, 0.1760472059249878, 1.4840558767318726, 0.8823586702346802, 0.8851144909858704, 0.8851144909858704, 2.14493465423584, '02:22']
[8, 0.46357235312461853, 0.4880291819572449, 0.9484593868255615, 0.9864790439605713, 0.05565585568547249, 0.17626641690731049, 1.509177803993225, 0.9042247533798218, 0.9052659273147583, 0.9052659273147583, 2.5488975048065186, '02:22']
[9, 0.4724658131599426, 0.4771067798137665, 0.9412137866020203, 0.9893490672111511, 0.06509088724851608, 0.17481976747512817, 1.3586853742599487, 0.8889700174331665, 0.8920217752456665, 0.8920217752456665, 1.0566649436950684, '02:24']
Better model found at epoch 9 with valid_loss value: 0.4771067798137665.
[10, 0.4693048298358917, 0.47958433628082275, 0.9350829720497131, 0.9798840880393982, 0.07050654292106628, 0.17973840236663818, 1.6533067226409912, 0.8670337200164795, 0.8819529414176941, 0.8819529414176941, 4.385879993438721, '02:24']
[11, 0.46439129114151, 0.47293347120285034, 0.9318494200706482, 0.9848450422286987, 0.07401900738477707, 0.17719414830207825, 1.5537331104278564, 0.8743400573730469, 0.8772802948951721, 0.8772802948951721, 2.3301846981048584, '02:21']
Better model found at epoch 11 with valid_loss value: 0.47293347120285034.
[12, 0.4588121473789215, 0.48057571053504944, 0.9392446279525757, 0.9849083423614502, 0.06478871405124664, 0.1770760715007782, 1.5423113107681274, 0.8857001066207886, 0.8892254829406738, 0.8892254829406738, 2.453047752380371, '02:20']
[13, 0.4686245322227478, 0.4628225266933441, 0.9255166053771973, 0.9863609075546265, 0.08559448271989822, 0.176558718085289, 1.5108751058578491, 0.8599879145622253, 0.8661639094352722, 0.8661639094352722, 2.2824599742889404, '02:21']
Better model found at epoch 13 with valid_loss value: 0.4628225266933441.
[14, 0.4557262063026428, 0.4555753469467163, 0.9157408475875854, 0.9889182448387146, 0.09172080457210541, 0.17520363628864288, 1.410973310470581, 0.8464516997337341, 0.8504268527030945, 0.8504268527030945, 1.4938355684280396, '02:21']
Better model found at epoch 14 with valid_loss value: 0.4555753469467163.
[15, 0.45006999373435974, 0.4583621621131897, 0.9185488820075989, 0.9894485473632812, 0.08747387677431107, 0.17488518357276917, 1.3606764078140259, 0.8507832288742065, 0.8560622334480286, 0.8560622334480286, 1.0666285753250122, '02:21']
[16, 0.4476880133152008, 0.4582067131996155, 0.917104184627533, 0.9877928495407104, 0.08911364525556564, 0.17572706937789917, 1.4371387958526611, 0.8486072421073914, 0.8533568978309631, 0.8533568978309631, 1.5615637302398682, '02:22']
[17, 0.4513224959373474, 0.4679439067840576, 0.9235210418701172, 0.9842953681945801, 0.08104309439659119, 0.17751385271549225, 1.5721040964126587, 0.8545395731925964, 0.8624671697616577, 0.8624671697616577, 2.7460079193115234, '02:24']
[18, 0.44704368710517883, 0.4762258529663086, 0.9419156908988953, 0.9916402697563171, 0.06350269168615341, 0.1736515313386917, 1.1211228370666504, 0.877815842628479, 0.8957200646400452, 0.8957200646400452, 0.24816039204597473, '02:26']
[19, 0.4502120018005371, 0.4541603922843933, 0.9136744737625122, 0.9877938628196716, 0.09457166492938995, 0.1756744682788849, 1.4482717514038086, 0.8418550491333008, 0.8467720746994019, 0.8467720746994019, 1.5559065341949463, '02:27']
Better model found at epoch 19 with valid_loss value: 0.4541603922843933.
[20, 0.44817793369293213, 0.461577832698822, 0.9232779145240784, 0.9904550313949585, 0.0838489830493927, 0.17433033883571625, 1.2987637519836426, 0.8591257333755493, 0.8643280863761902, 0.8643280863761902, 0.8714296221733093, '02:23']
[21, 0.44748255610466003, 0.5312068462371826, 0.9509195685386658, 0.9642149806022644, 0.049557093530893326, 0.18758617341518402, 1.738519310951233, 0.882054328918457, 0.9088801145553589, 0.9088801145553589, 9.969684600830078, '02:21']
[22, 0.4400676190853119, 0.45291590690612793, 0.9066010117530823, 0.9874187111854553, 0.09743978828191757, 0.17590638995170593, 1.483322024345398, 0.8306100964546204, 0.8362203240394592, 0.8362203240394592, 2.1275198459625244, '02:21']
Better model found at epoch 22 with valid_loss value: 0.45291590690612793.
[23, 0.44351181387901306, 0.44830000400543213, 0.9032530188560486, 0.9898615479469299, 0.10281199216842651, 0.17471088469028473, 1.329319715499878, 0.8274000287055969, 0.8335525393486023, 0.8335526585578918, 1.0423014163970947, '02:21']
Better model found at epoch 23 with valid_loss value: 0.44830000400543213.
[24, 0.449580579996109, 0.4912697374820709, 0.9358866810798645, 0.9723202586174011, 0.06631184369325638, 0.18336662650108337, 1.7252271175384521, 0.8596708178520203, 0.8831344246864319, 0.8831344246864319, 6.148054122924805, '02:23']
[25, 0.4348052442073822, 0.44826212525367737, 0.9041203856468201, 0.9889495968818665, 0.1018579751253128, 0.17514941096305847, 1.3862911462783813, 0.8281684517860413, 0.8338386416435242, 0.8338386416435242, 1.2349029779434204, '02:23']
Better model found at epoch 25 with valid_loss value: 0.44826212525367737.
[26, 0.44709956645965576, 0.45465797185897827, 0.9092364311218262, 0.9860551357269287, 0.09525562822818756, 0.1765773445367813, 1.5265311002731323, 0.8322770595550537, 0.840610921382904, 0.840610921382904, 2.56327486038208, '02:23']
[27, 0.44723859429359436, 0.45563215017318726, 0.9152838587760925, 0.9886592626571655, 0.09141616523265839, 0.17521785199642181, 1.418952465057373, 0.8436550498008728, 0.8502854108810425, 0.8502854108810425, 1.6625096797943115, '02:24']
[28, 0.4477156102657318, 0.45001399517059326, 0.9067026972770691, 0.9871154427528381, 0.10070421546697617, 0.17625625431537628, 1.4751287698745728, 0.8300220370292664, 0.8365471959114075, 0.8365471959114075, 1.6926170587539673, '02:24']
[29, 0.454065203666687, 0.445025235414505, 0.9031355381011963, 0.9890534281730652, 0.10540764778852463, 0.1751394271850586, 1.394246220588684, 0.8252806067466736, 0.8306421041488647, 0.8306421041488647, 1.320072889328003, '02:23']
Better model found at epoch 29 with valid_loss value: 0.445025235414505.
[30, 0.43003857135772705, 0.45382407307624817, 0.9022555947303772, 0.9859298467636108, 0.10071616619825363, 0.1767701655626297, 1.4939899444580078, 0.8211726546287537, 0.831114649772644, 0.831114649772644, 2.211134433746338, '02:20']
[31, 0.44351616501808167, 0.4482583701610565, 0.904517650604248, 0.9900979399681091, 0.10119840502738953, 0.17460128664970398, 1.2903950214385986, 0.827965259552002, 0.8362798690795898, 0.8362798690795898, 0.8150288462638855, '02:20']
[32, 0.4354715645313263, 0.46298739314079285, 0.9158057570457458, 0.9846897125244141, 0.08753912150859833, 0.17736750841140747, 1.533178687095642, 0.8448164463043213, 0.8520207405090332, 0.8520207405090332, 2.477421283721924, '02:21']
[33, 0.44487154483795166, 0.4473254084587097, 0.9008110761642456, 0.9872175455093384, 0.10378600656986237, 0.1760581135749817, 1.4559053182601929, 0.819486677646637, 0.8262261152267456, 0.8262261152267456, 1.526271104812622, '02:20']
[34, 0.4519559144973755, 0.44692957401275635, 0.9040883183479309, 0.9857494831085205, 0.10509645938873291, 0.17703303694725037, 1.5279062986373901, 0.8222511410713196, 0.8315281867980957, 0.8315281271934509, 2.2118489742279053, '02:19']
[35, 0.43715623021125793, 0.44748982787132263, 0.9014243483543396, 0.9881098866462708, 0.10426511615514755, 0.17564640939235687, 1.4282716512680054, 0.8241212368011475, 0.829269289970398, 0.829269289970398, 1.656294584274292, '02:20']
[36, 0.4447827637195587, 0.45341193675994873, 0.9139194488525391, 0.9905951023101807, 0.09484361857175827, 0.1742723435163498, 1.2529903650283813, 0.8378480076789856, 0.8490203619003296, 0.8490203619003296, 0.7096299529075623, '02:20']
[37, 0.45194005966186523, 0.46426230669021606, 0.9160606861114502, 0.9843258857727051, 0.086382195353508, 0.17742426693439484, 1.5609283447265625, 0.8439664840698242, 0.8524644374847412, 0.8524644374847412, 3.0656139850616455, '02:22']
No improvement since epoch 29: early stopping
Unet_incv4 Done!
