Models will save to Unet_vgg19_x
Use vgg19_bn encoder
Start training...
----------
0
----------
DLS create!
[0, 0.5202446579933167, 0.5158809423446655, 0.973185122013092, 0.9924616813659668, 0.009251103736460209, 0.18611176311969757, 1.374363660812378, 0.9642664790153503, 0.9563727974891663, 0.9563727974891663, inf, '02:33']
Better model found at epoch 0 with valid_loss value: 0.5158809423446655.
[1, 0.5030084252357483, 0.49717479944229126, 0.9570249915122986, 0.9775015711784363, 0.044594425708055496, 0.18144026398658752, 1.5741795301437378, 0.9305171370506287, 0.926661491394043, 0.926661491394043, inf, '02:22']
Better model found at epoch 1 with valid_loss value: 0.49717479944229126.
[2, 0.49176347255706787, 0.486937940120697, 0.9446988701820374, 0.9811313152313232, 0.05564209818840027, 0.1794433444738388, 1.6092091798782349, 0.9057334661483765, 0.9047781229019165, 0.9047781229019165, inf, '02:21']
Better model found at epoch 2 with valid_loss value: 0.486937940120697.
[3, 0.48879650235176086, 0.5019262433052063, 0.9494566321372986, 0.973312258720398, 0.04750659316778183, 0.1833331435918808, 1.7087763547897339, 0.9104399681091309, 0.9137175679206848, 0.9137175679206848, inf, '02:20']
[4, 0.49007436633110046, 0.482117623090744, 0.9437323808670044, 0.9887955784797668, 0.05681006982922554, 0.1756260097026825, 1.4401706457138062, 0.9102627635002136, 0.9034086465835571, 0.9034086465835571, inf, '02:20']
Better model found at epoch 4 with valid_loss value: 0.482117623090744.
[5, 0.4974522590637207, 0.5544106960296631, 0.9736356735229492, 0.9035016894340515, 0.01926211267709732, 0.2060014009475708, 1.6598385572433472, 0.9608950018882751, 0.9573635458946228, 0.9573635458946228, inf, '02:20']
[6, 0.4910268783569336, 0.48275458812713623, 0.9460119009017944, 0.9902307987213135, 0.055682867765426636, 0.17503471672534943, 1.3694101572036743, 0.91580730676651, 0.9076359272003174, 0.9076359272003174, inf, '02:19']
[7, 0.49011221528053284, 0.47598591446876526, 0.9390079379081726, 0.9882181286811829, 0.06779929250478745, 0.17631889879703522, 1.4703794717788696, 0.9007350206375122, 0.8951591849327087, 0.8951591849327087, inf, '02:23']
Better model found at epoch 7 with valid_loss value: 0.47598591446876526.
[8, 0.49068987369537354, 0.46987849473953247, 0.9279364347457886, 0.9854363203048706, 0.07418443262577057, 0.17742320895195007, 1.564395785331726, 0.8778774738311768, 0.8768126368522644, 0.8768126368522644, inf, '02:25']
Better model found at epoch 8 with valid_loss value: 0.46987849473953247.
[9, 0.48939085006713867, 0.4817637801170349, 0.9452354311943054, 0.9895479679107666, 0.05952179804444313, 0.17575868964195251, 1.4213316440582275, 0.9138202667236328, 0.9062338471412659, 0.9062338471412659, inf, '02:25']
[10, 0.48702552914619446, 0.47669717669487, 0.9391927719116211, 0.9891401529312134, 0.06295250356197357, 0.17551083862781525, 1.4255667924880981, 0.9024590253829956, 0.895856499671936, 0.895856499671936, inf, '02:23']
[11, 0.4852760136127472, 0.4715858995914459, 0.9292469620704651, 0.9843816757202148, 0.0722142904996872, 0.1778731495141983, 1.575883150100708, 0.8789874315261841, 0.8786842823028564, 0.8786842823028564, inf, '02:21']
[12, 0.47967374324798584, 0.47122490406036377, 0.9260342717170715, 0.9861554503440857, 0.0717761293053627, 0.17696715891361237, 1.5573604106903076, 0.8754621744155884, 0.8732441663742065, 0.8732441663742065, inf, '02:19']
[13, 0.4828886091709137, 0.4703749418258667, 0.9298404455184937, 0.9891459345817566, 0.07247687131166458, 0.17566341161727905, 1.4546791315078735, 0.8859649896621704, 0.8799279928207397, 0.8799279928207397, inf, '02:20']
[14, 0.4777570366859436, 0.4680030941963196, 0.9245213270187378, 0.9866573214530945, 0.076237753033638, 0.17676571011543274, 1.5366096496582031, 0.8743594884872437, 0.8710958361625671, 0.8710958361625671, inf, '02:20']
Better model found at epoch 14 with valid_loss value: 0.4680030941963196.
[15, 0.4856168031692505, 0.47695598006248474, 0.9398908019065857, 0.9904578328132629, 0.05976211279630661, 0.1749071627855301, 1.3754866123199463, 0.9022085666656494, 0.8968949317932129, 0.8968949317932129, inf, '02:20']
[16, 0.4774854779243469, 0.4693935215473175, 0.9261518716812134, 0.9891563653945923, 0.07142003625631332, 0.1754605919122696, 1.4594264030456543, 0.8778811097145081, 0.8733606934547424, 0.8733606934547424, inf, '02:22']
[17, 0.47651857137680054, 0.4674343466758728, 0.9199624061584473, 0.982620358467102, 0.07952359318733215, 0.1789223998785019, 1.6331326961517334, 0.8559337258338928, 0.8631035685539246, 0.8631035685539246, inf, '02:21']
Better model found at epoch 17 with valid_loss value: 0.4674343466758728.
[18, 0.47678858041763306, 0.46590787172317505, 0.9260661602020264, 0.9890729784965515, 0.07593130320310593, 0.17561133205890656, 1.4517767429351807, 0.8775907158851624, 0.873710036277771, 0.873710036277771, inf, '02:22']
Better model found at epoch 18 with valid_loss value: 0.46590787172317505.
[19, 0.47866225242614746, 0.477733850479126, 0.9318221807479858, 0.9825388193130493, 0.06847194582223892, 0.17923955619335175, 1.641225814819336, 0.8782815933227539, 0.8829765319824219, 0.8829765319824219, inf, '02:21']
[20, 0.47494393587112427, 0.4598737359046936, 0.9181482791900635, 0.9890906810760498, 0.08358857780694962, 0.17567971348762512, 1.4689826965332031, 0.8618289828300476, 0.859677791595459, 0.859677791595459, inf, '02:20']
Better model found at epoch 20 with valid_loss value: 0.4598737359046936.
[21, 0.4741300940513611, 0.45378878712654114, 0.9106775522232056, 0.9889360666275024, 0.09268734604120255, 0.17580460011959076, 1.470350980758667, 0.851811945438385, 0.8487093448638916, 0.8487093448638916, inf, '02:21']
Better model found at epoch 21 with valid_loss value: 0.45378878712654114.
[22, 0.4677894413471222, 0.46086350083351135, 0.918660044670105, 0.9895942211151123, 0.08281289041042328, 0.17533738911151886, 1.437779188156128, 0.8663311004638672, 0.8615084886550903, 0.8615084886550903, inf, '02:23']
[23, 0.4640357196331024, 0.4580134153366089, 0.9129401445388794, 0.9888936281204224, 0.08741634339094162, 0.17561373114585876, 1.4628267288208008, 0.8556578159332275, 0.8522101640701294, 0.8522101640701294, inf, '02:22']
[24, 0.4699535369873047, 0.45131272077560425, 0.9076187014579773, 0.9900791049003601, 0.09506851434707642, 0.17507372796535492, 1.396424651145935, 0.8487189412117004, 0.8437421917915344, 0.8437421917915344, inf, '02:25']
Better model found at epoch 24 with valid_loss value: 0.45131272077560425.
[25, 0.47484955191612244, 0.4847542643547058, 0.9325717091560364, 0.9758312702178955, 0.06470399349927902, 0.18223980069160461, 1.7126915454864502, 0.8709466457366943, 0.884185254573822, 0.8841851353645325, inf, '02:25']
[26, 0.4770064949989319, 0.4627184271812439, 0.9237440824508667, 0.9922853708267212, 0.07833073288202286, 0.17395655810832977, 1.2094403505325317, 0.8720914721488953, 0.870418906211853, 0.870418906211853, inf, '02:23']
[27, 0.4669828414916992, 0.4596598446369171, 0.9173048734664917, 0.9897264838218689, 0.08087269216775894, 0.17524734139442444, 1.4278929233551025, 0.8617855310440063, 0.8581327795982361, 0.8581327795982361, inf, '02:21']
[28, 0.46205154061317444, 0.48225486278533936, 0.9263468980789185, 0.9788565635681152, 0.06816969811916351, 0.18065284192562103, 1.687495470046997, 0.8668404221534729, 0.8740018010139465, 0.8740018010139465, inf, '02:21']
[29, 0.45955005288124084, 0.4495221972465515, 0.9007945656776428, 0.9869972467422485, 0.09845093637704849, 0.17670975625514984, 1.5417286157608032, 0.8289585113525391, 0.8319292664527893, 0.8319292664527893, inf, '02:22']
Better model found at epoch 29 with valid_loss value: 0.4495221972465515.
[30, 0.4666265845298767, 0.44462013244628906, 0.8996830582618713, 0.9907328486442566, 0.10256261378526688, 0.17481112480163574, 1.3772406578063965, 0.8335109353065491, 0.8302022218704224, 0.8302022814750671, inf, '02:22']
Better model found at epoch 30 with valid_loss value: 0.44462013244628906.
[31, 0.4686655104160309, 0.44772791862487793, 0.9045553803443909, 0.9909371733665466, 0.09934481978416443, 0.17460986971855164, 1.3508667945861816, 0.8411268591880798, 0.8378372192382812, 0.8378372192382812, inf, '02:21']
[32, 0.4630618393421173, 0.44004806876182556, 0.8916953206062317, 0.9901158809661865, 0.10798309743404388, 0.17506143450737, 1.420292615890503, 0.8197042346000671, 0.8179199695587158, 0.8179199695587158, inf, '02:23']
Better model found at epoch 32 with valid_loss value: 0.44004806876182556.
[33, 0.45787349343299866, 0.4401753842830658, 0.8939740657806396, 0.990604817867279, 0.109084352850914, 0.1748635172843933, 1.3894588947296143, 0.8245415091514587, 0.822087824344635, 0.822087824344635, inf, '02:25']
[34, 0.4602358341217041, 0.4453221559524536, 0.8993317484855652, 0.9895051717758179, 0.10155429691076279, 0.1753867268562317, 1.4440888166427612, 0.8324270844459534, 0.8304786086082458, 0.8304786086082458, inf, '02:26']
[35, 0.4545525908470154, 0.4581150412559509, 0.9029495120048523, 0.9851740598678589, 0.09176760911941528, 0.1776474118232727, 1.5931262969970703, 0.8320082426071167, 0.8364089131355286, 0.8364089131355286, inf, '02:20']
[36, 0.45378726720809937, 0.6222390532493591, 0.959017276763916, 0.9139714241027832, 0.032314494252204895, 0.21291539072990417, 1.9010876417160034, 0.9025245904922485, 0.9302770495414734, 0.9302770495414734, inf, '02:20']
[37, 0.456682413816452, 0.44248297810554504, 0.8956046104431152, 0.9912025332450867, 0.10369589179754257, 0.17446830868721008, 1.3352669477462769, 0.8264749646186829, 0.8249702453613281, 0.8249701261520386, inf, '02:20']
[38, 0.45824339985847473, 0.44765782356262207, 0.9022862911224365, 0.9907057881355286, 0.09872529655694962, 0.1747397631406784, 1.3612263202667236, 0.8409278988838196, 0.8363351225852966, 0.8363351225852966, inf, '02:19']
[39, 0.4547143578529358, 0.43991580605506897, 0.89504474401474, 0.9919842481613159, 0.10914303362369537, 0.17406702041625977, 1.2569233179092407, 0.8233461380004883, 0.8228071331977844, 0.8228071331977844, inf, '02:21']
Better model found at epoch 39 with valid_loss value: 0.43991580605506897.
[40, 0.4619213044643402, 0.4418925642967224, 0.892435610294342, 0.988315999507904, 0.10756327211856842, 0.17610979080200195, 1.5062334537506104, 0.8194537162780762, 0.8199507594108582, 0.8199507594108582, inf, '02:22']
[41, 0.4510810077190399, 0.4358749985694885, 0.8872632384300232, 0.9915457963943481, 0.1128283441066742, 0.17430748045444489, 1.2976540327072144, 0.8127447962760925, 0.8125914335250854, 0.8125914335250854, inf, '02:23']
Better model found at epoch 41 with valid_loss value: 0.4358749985694885.
[42, 0.4525371789932251, 0.4334850013256073, 0.8860724568367004, 0.9902011156082153, 0.12081600725650787, 0.17518465220928192, 1.4061650037765503, 0.811461865901947, 0.8090078234672546, 0.8090078234672546, inf, '02:23']
Better model found at epoch 42 with valid_loss value: 0.4334850013256073.
[43, 0.4488069415092468, 0.44001999497413635, 0.8893730640411377, 0.9890968799591064, 0.10894741863012314, 0.1755833923816681, 1.4649149179458618, 0.815712571144104, 0.8153032064437866, 0.8153032064437866, inf, '02:22']
[44, 0.44567227363586426, 0.45357969403266907, 0.9048574566841125, 0.9855698347091675, nan, 0.1773408204317093, 1.559935450553894, 0.8336626887321472, 0.8387043476104736, 0.8387043476104736, nan, '02:21']
[45, 0.44215717911720276, 0.44138962030410767, 0.8930087685585022, 0.9916700720787048, 0.10452552139759064, 0.1741742193698883, 1.2878026962280273, 0.8172743916511536, 0.8203133940696716, 0.8203133940696716, inf, '02:19']
[46, 0.4517841339111328, 0.4505445659160614, 0.9018676280975342, 0.986661970615387, 0.09495595097541809, 0.17681843042373657, 1.5617729425430298, 0.8313049674034119, 0.833616316318512, 0.833616316318512, inf, '02:20']
[47, 0.4524952173233032, 0.4312531650066376, 0.8821172714233398, 0.9910809993743896, 0.1187339499592781, 0.1746038943529129, 1.3403849601745605, 0.8069100379943848, 0.8034440875053406, 0.8034440875053406, inf, '02:20']
Better model found at epoch 47 with valid_loss value: 0.4312531650066376.
[48, 0.4419496953487396, 0.441731721162796, 0.8927156925201416, 0.9884488582611084, 0.10694801807403564, 0.17601549625396729, 1.4826282262802124, 0.8200083374977112, 0.8192629218101501, 0.8192629218101501, inf, '02:20']
[49, 0.4481731057167053, 0.43688127398490906, 0.8868825435638428, 0.9896141290664673, 0.11216239631175995, 0.17537516355514526, 1.442339301109314, 0.813133716583252, 0.8115105032920837, 0.8115105032920837, inf, '02:21']
[50, 0.44945621490478516, 0.4452430009841919, 0.8963176012039185, 0.9891865253448486, 0.10217013955116272, 0.17549355328083038, 1.447213888168335, 0.8267056345939636, 0.8257710933685303, 0.8257710933685303, inf, '02:21']
[51, 0.4412996768951416, 0.4606817662715912, 0.9053213596343994, 0.986343502998352, 0.08890413492918015, 0.17702700197696686, 1.5660563707351685, 0.8380938172340393, 0.8397322297096252, 0.8397322297096252, inf, '02:21']
[52, 0.447977751493454, 0.44520196318626404, 0.893514096736908, 0.9876784086227417, 0.10231350362300873, 0.17630119621753693, 1.5351117849349976, 0.8177863955497742, 0.8209158778190613, 0.8209158778190613, inf, '02:21']
[53, 0.4472685754299164, 0.43917426466941833, 0.8873412609100342, 0.9874842166900635, 0.11007533222436905, 0.17650367319583893, 1.5505259037017822, 0.8064748644828796, 0.8107745051383972, 0.8107745051383972, inf, '01:14']
[54, 0.4401153028011322, 0.442643940448761, 0.8916819095611572, 0.9887698888778687, 0.1042831614613533, 0.17577281594276428, 1.4871982336044312, 0.8180021643638611, 0.817651629447937, 0.817651629447937, inf, '01:09']
[55, 0.4438670873641968, 0.43924257159233093, 0.891473650932312, 0.9920522570610046, nan, 0.1740288883447647, 1.2277370691299438, 0.8188920021057129, 0.8206837773323059, 0.8206837773323059, nan, '01:09']
No improvement since epoch 47: early stopping
----------
1
----------
DLS create!
[0, 0.535189688205719, 0.5089462995529175, 0.9844406247138977, 0.9929057955741882, 0.0, 0.1794850379228592, 1.2527203559875488, 0.973525881767273, 0.9696227312088013, 0.9696227312088013, 0.0, '01:09']
Better model found at epoch 0 with valid_loss value: 0.5089462995529175.
[1, 0.5021792054176331, 0.4984259307384491, 0.9676682949066162, 0.9790025353431702, 0.03922859579324722, 0.18006929755210876, 1.5568865537643433, 0.9360196590423584, 0.9385178685188293, 0.9385178685188293, 4.080041408538818, '01:09']
Better model found at epoch 1 with valid_loss value: 0.4984259307384491.
[2, 0.4933208227157593, 0.48837587237358093, 0.9611036777496338, 0.9895872473716736, 0.044313691556453705, 0.17535290122032166, 1.3725709915161133, 0.9281689524650574, 0.9270294308662415, 0.9270294308662415, 1.0697951316833496, '01:09']
Better model found at epoch 2 with valid_loss value: 0.48837587237358093.
[3, 0.4887576997280121, 0.4844232499599457, 0.9520255327224731, 0.9845243096351624, 0.05481377989053726, 0.1778603196144104, 1.55817711353302, 0.9074851870536804, 0.9113703370094299, 0.9113703370094299, 2.6643176078796387, '01:09']
Better model found at epoch 3 with valid_loss value: 0.4844232499599457.
[4, 0.4882761538028717, 0.49031153321266174, 0.9519820213317871, 0.9784051179885864, 0.0541926734149456, 0.18072251975536346, 1.653618335723877, 0.9034819006919861, 0.9116886258125305, 0.9116887450218201, 4.5187835693359375, '01:09']
[5, 0.4861651360988617, 0.4776802361011505, 0.9430039525032043, 0.9849705100059509, 0.06449460238218307, 0.17779462039470673, 1.567082166671753, 0.8917269110679626, 0.8966593146324158, 0.8966593146324158, 2.5802814960479736, '01:09']
Better model found at epoch 5 with valid_loss value: 0.4776802361011505.
[6, 0.4881077706813812, 0.47614333033561707, 0.9476765394210815, 0.9909482002258301, 0.06273183226585388, 0.17468102276325226, 1.311178207397461, 0.9033756852149963, 0.9049766063690186, 0.9049766659736633, 0.7517958879470825, '01:09']
Better model found at epoch 6 with valid_loss value: 0.47614333033561707.
[7, 0.48772791028022766, 0.4754730761051178, 0.9437375664710999, 0.9874511361122131, 0.06570649147033691, 0.17684884369373322, 1.5096060037612915, 0.8958567976951599, 0.8982737064361572, 0.8982737064361572, 1.879387378692627, '01:09']
Better model found at epoch 7 with valid_loss value: 0.4754730761051178.
[8, 0.4826377332210541, 0.47976648807525635, 0.9499328136444092, 0.9900848865509033, 0.05595892667770386, 0.17506416141986847, 1.3762059211730957, 0.9082240462303162, 0.9090715646743774, 0.9090715646743774, 1.0543575286865234, '01:09']
[9, 0.4770187735557556, 0.4679091274738312, 0.9368177056312561, 0.9899288415908813, 0.07341869920492172, 0.17521241307258606, 1.389545202255249, 0.8845683336257935, 0.8862734436988831, 0.8862734436988831, 1.1541948318481445, '01:09']
Better model found at epoch 9 with valid_loss value: 0.4679091274738312.
[10, 0.4792531728744507, 0.4875912070274353, 0.9604173302650452, 0.9923344850540161, 0.04282151162624359, 0.17392565310001373, 1.1823687553405762, 0.920559823513031, 0.9263570308685303, 0.9263570308685303, 0.2800663113594055, '01:09']
[11, 0.47933128476142883, 0.4751379191875458, 0.9468731880187988, 0.9903544187545776, 0.0657777413725853, 0.17511321604251862, 1.3529196977615356, 0.9013391733169556, 0.902494490146637, 0.902494490146637, 1.0029048919677734, '01:09']
[12, 0.4721710681915283, 0.4989410638809204, 0.9465096592903137, 0.9674386382102966, 0.05735554173588753, 0.18604174256324768, 1.7557635307312012, 0.8757299184799194, 0.9024007320404053, 0.9024007320404053, 7.492213726043701, '01:09']
[13, 0.46562886238098145, 0.4614052474498749, 0.9281136989593506, 0.9922282099723816, 0.07917618006467819, 0.1739787608385086, 1.2129257917404175, 0.866508960723877, 0.8740246295928955, 0.8740246295928955, 0.45847025513648987, '01:09']
Better model found at epoch 13 with valid_loss value: 0.4614052474498749.
[14, 0.46991676092147827, 0.45668014883995056, 0.9213533401489258, 0.9893350005149841, 0.08685547858476639, 0.17551831901073456, 1.4316762685775757, 0.8576267957687378, 0.8610602617263794, 0.8610602617263794, 1.3506845235824585, '01:09']
Better model found at epoch 14 with valid_loss value: 0.45668014883995056.
[15, 0.46525758504867554, 0.45408740639686584, 0.9168718457221985, 0.988266110420227, 0.09100328385829926, 0.17603157460689545, 1.47868812084198, 0.847529947757721, 0.8537434339523315, 0.8537434339523315, 1.7626103162765503, '01:09']
Better model found at epoch 15 with valid_loss value: 0.45408740639686584.
[16, 0.4562505781650543, 0.45474910736083984, 0.9154062867164612, 0.9886811971664429, 0.09038805961608887, 0.17583110928535461, 1.4486632347106934, 0.8465129733085632, 0.8520931005477905, 0.8520931005477905, 1.5742961168289185, '01:09']
[17, 0.4637613892555237, 0.45915383100509644, 0.9236373901367188, 0.990928590297699, 0.08229243010282516, 0.17462800443172455, 1.3273460865020752, 0.860964834690094, 0.8656173348426819, 0.8656173348426819, 0.8740254640579224, '01:09']
[18, 0.46685653924942017, 0.474822998046875, 0.9351535439491272, 0.9808785915374756, 0.07118060439825058, 0.1797134280204773, 1.6407814025878906, 0.8677297830581665, 0.8822495341300964, 0.8822495341300964, 3.648674726486206, '01:09']
[19, 0.4539872109889984, 0.5080985426902771, 0.9824278950691223, 0.9928863048553467, 0.015940818935632706, 0.17355574667453766, 1.0614181756973267, 0.9580575823783875, 0.9667310118675232, 0.9667310118675232, 0.05492518097162247, '01:09']
[20, 0.46750378608703613, 0.48886433243751526, 0.9377768635749817, 0.975507378578186, 0.06631467491388321, 0.18246875703334808, 1.6884510517120361, 0.8651324510574341, 0.887117326259613, 0.887117326259613, 4.636099338531494, '01:09']
[21, 0.4632600247859955, 0.4660739004611969, 0.9355483651161194, 0.9927364587783813, 0.07096970081329346, 0.17368115484714508, 1.1262686252593994, 0.8692471981048584, 0.8844319581985474, 0.8844319581985474, 0.2621396780014038, '01:09']
[22, 0.4613010585308075, 0.455524742603302, 0.9110657572746277, 0.9860802888870239, 0.09355662018060684, 0.17728595435619354, 1.5502855777740479, 0.8347004652023315, 0.8459663987159729, 0.8459663987159729, 2.4427225589752197, '01:09']
[23, 0.46401143074035645, 0.4471837878227234, 0.9102960824966431, 0.9892383813858032, 0.09872204810380936, 0.17556814849376678, 1.4196827411651611, 0.8388882875442505, 0.8433313965797424, 0.8433313965797424, 1.3683406114578247, '01:09']
Better model found at epoch 23 with valid_loss value: 0.4471837878227234.
[24, 0.45334169268608093, 0.4559202790260315, 0.9216173887252808, 0.9916688203811646, 0.08623171597719193, 0.17423422634601593, 1.2695238590240479, 0.8544273972511292, 0.8613835573196411, 0.8613835573196411, 0.62214595079422, '01:09']
[25, 0.45274919271469116, 0.4415189325809479, 0.9027297496795654, 0.990351140499115, 0.10437512397766113, 0.17501641809940338, 1.3671132326126099, 0.8293730020523071, 0.833824634552002, 0.833824634552002, 1.1595004796981812, '01:09']
Better model found at epoch 25 with valid_loss value: 0.4415189325809479.
[26, 0.457965612411499, 0.448499470949173, 0.913756251335144, 0.9917650818824768, 0.09667834639549255, 0.17424866557121277, 1.2670644521713257, 0.8436703681945801, 0.8499356508255005, 0.8499356508255005, 0.6333905458450317, '01:09']
[27, 0.4561130702495575, 0.4520174264907837, 0.9167259335517883, 0.9910424947738647, 0.09227553755044937, 0.17471063137054443, 1.3139209747314453, 0.8480536937713623, 0.8538831472396851, 0.8538831472396851, 0.8174624443054199, '01:09']
[28, 0.45259538292884827, 0.4405371844768524, 0.9028053879737854, 0.9910828471183777, 0.10573229938745499, 0.17464272677898407, 1.3229091167449951, 0.8276292681694031, 0.8332056999206543, 0.8332056999206543, 0.889642596244812, '01:09']
Better model found at epoch 28 with valid_loss value: 0.4405371844768524.
[29, 0.44643568992614746, 0.4464360177516937, 0.9079359173774719, 0.9912163615226746, 0.09817598015069962, 0.17451445758342743, 1.3251739740371704, 0.8365185260772705, 0.8421511054039001, 0.8421511054039001, 0.8540906310081482, '01:09']
[30, 0.44800490140914917, 0.44391730427742004, 0.9020140171051025, 0.987726092338562, 0.10530567169189453, 0.17651598155498505, 1.492758870124817, 0.8209570646286011, 0.8312955498695374, 0.8312955498695374, 1.9797983169555664, '01:09']
[31, 0.4556792676448822, 0.4399356245994568, 0.8992897272109985, 0.98931884765625, 0.1080813929438591, 0.1756153106689453, 1.4433866739273071, 0.8216462731361389, 0.8272842764854431, 0.8272842764854431, 1.4776300191879272, '01:09']
Better model found at epoch 31 with valid_loss value: 0.4399356245994568.
[32, 0.4441867768764496, 0.4462240934371948, 0.9089744091033936, 0.9912813305854797, 0.0978308916091919, 0.17447881400585175, 1.3013228178024292, 0.8356060981750488, 0.8414207696914673, 0.8414207696914673, 0.7911984324455261, '01:09']
[33, 0.448607861995697, 0.4490828514099121, 0.9028163552284241, 0.9863385558128357, 0.10087943077087402, 0.17718850076198578, 1.5300167798995972, 0.8186526298522949, 0.8309043645858765, 0.8309043645858765, 2.1958184242248535, '01:09']
[34, 0.4495886564254761, 0.4379897117614746, 0.8963266611099243, 0.9910150766372681, 0.11008137464523315, 0.17471668124198914, 1.3249672651290894, 0.8198617100715637, 0.8249605298042297, 0.8249605298042297, 0.9465191960334778, '01:09']
Better model found at epoch 34 with valid_loss value: 0.4379897117614746.
[35, 0.45436930656433105, 0.44863003492355347, 0.9163770079612732, 0.9921351075172424, 0.09876614063978195, 0.17423884570598602, 1.221961259841919, 0.8502286076545715, 0.8547540307044983, 0.8547540307044983, 0.5490996837615967, '01:09']
[36, 0.4430725872516632, 0.43983373045921326, 0.897957444190979, 0.9899300336837769, 0.10834786295890808, 0.17519602179527283, 1.4063552618026733, 0.8228263258934021, 0.8276404738426208, 0.8276404738426208, 1.3659002780914307, '01:09']
[37, 0.44683417677879333, 0.44652700424194336, 0.9030237793922424, 0.9862725734710693, 0.10223859548568726, 0.17724844813346863, 1.5586177110671997, 0.8187668919563293, 0.8316708207130432, 0.831670880317688, 2.463812828063965, '01:09']
[38, 0.4447961151599884, 0.4366510510444641, 0.8985505104064941, 0.9909575581550598, 0.11134766787290573, 0.17475029826164246, 1.339313268661499, 0.820335328578949, 0.8248856663703918, 0.8248856663703918, 0.9355857372283936, '01:09']
Better model found at epoch 38 with valid_loss value: 0.4366510510444641.
[39, 0.4495092034339905, 0.42946016788482666, 0.886963427066803, 0.9898943901062012, 0.12063558399677277, 0.17540185153484344, 1.4272195100784302, 0.8021607995033264, 0.8083263039588928, 0.8083263039588928, 1.390214204788208, '01:09']
Better model found at epoch 39 with valid_loss value: 0.42946016788482666.
[40, 0.43027472496032715, 0.43804454803466797, 0.8907037377357483, 0.9877116680145264, 0.11315698176622391, 0.17648465931415558, 1.4709398746490479, 0.8031752109527588, 0.8137702941894531, 0.8137702941894531, 1.8450038433074951, '01:09']
[41, 0.445881187915802, 0.4416521191596985, 0.8989436626434326, 0.9880976676940918, 0.10599067807197571, 0.17612920701503754, 1.491869330406189, 0.817220151424408, 0.8257284164428711, 0.8257284164428711, 1.8914674520492554, '01:09']
[42, 0.4468859136104584, 0.46230220794677734, 0.9293913245201111, 0.9927388429641724, 0.07644609361886978, 0.17362023890018463, 1.1159284114837646, 0.8578823804855347, 0.8755435347557068, 0.8755435347557068, 0.25829413533210754, '01:09']
[43, 0.4501270055770874, 0.4326557219028473, 0.8919217586517334, 0.9919249415397644, 0.11573661863803864, 0.1742558479309082, 1.2687486410140991, 0.8114749789237976, 0.8186875581741333, 0.8186875581741333, 0.7111644744873047, '01:09']
[44, 0.44537338614463806, 0.4340469241142273, 0.8908997774124146, 0.9915094375610352, 0.11640700697898865, 0.1744823306798935, 1.3009530305862427, 0.8149325847625732, 0.8194685578346252, 0.8194685578346252, 0.8472455739974976, '01:09']
[45, 0.4385559558868408, 0.43228447437286377, 0.8896864056587219, 0.9895214438438416, 0.11579494178295135, 0.1754854917526245, 1.448524832725525, 0.8039053082466125, 0.8100929856300354, 0.8100929856300354, 1.4948060512542725, '01:09']
[46, 0.43981289863586426, 0.44063127040863037, 0.8972339630126953, 0.9869268536567688, 0.10936783999204636, 0.1769770085811615, 1.5152491331100464, 0.8068127036094666, 0.8215885758399963, 0.8215885758399963, 2.077505111694336, '01:09']
[47, 0.44639256596565247, 0.43902939558029175, 0.8982008099555969, 0.9887080192565918, 0.10924658179283142, 0.17591513693332672, 1.4596147537231445, 0.818423330783844, 0.8249495029449463, 0.8249495029449463, 1.6070903539657593, '01:09']
No improvement since epoch 39: early stopping
----------
2
----------
DLS create!
[0, 0.5223534107208252, 0.5127391219139099, 0.9855837225914001, 0.9916289448738098, 0.0031720944680273533, 0.18044935166835785, 1.2580476999282837, 0.9772434830665588, 0.9719081521034241, 0.9719081521034241, 0.06832089275121689, '01:09']
Better model found at epoch 0 with valid_loss value: 0.5127391219139099.
[1, 0.504530668258667, 0.5218046307563782, 0.9785091876983643, 0.9737169146537781, 0.03632676228880882, 0.1880127489566803, 1.612097978591919, 0.9541383981704712, 0.9585238695144653, 0.9585238695144653, 9.385722160339355, '01:09']
[2, 0.4958766996860504, 0.5289775729179382, 0.9681656956672668, 0.9595851302146912, 0.03363002464175224, 0.18875664472579956, 1.7775541543960571, 0.9315954446792603, 0.9402787685394287, 0.9402787685394287, 15.844778060913086, '01:09']
[3, 0.4913111925125122, 0.4849723279476166, 0.9489973187446594, 0.9824575185775757, 0.06157632917165756, 0.1784779280424118, 1.5675846338272095, 0.9017862677574158, 0.9070073366165161, 0.9070073366165161, 6.065884113311768, '01:09']
Better model found at epoch 3 with valid_loss value: 0.4849723279476166.
[4, 0.49351534247398376, 0.4936555027961731, 0.9653435945510864, 0.9902865886688232, 0.03970061615109444, 0.17458632588386536, 1.2814425230026245, 0.9355015158653259, 0.9354875087738037, 0.9354875087738037, 0.6778305768966675, '01:09']
[5, 0.49232199788093567, 0.48360002040863037, 0.9471011161804199, 0.9814026951789856, 0.06295754760503769, 0.1783321648836136, 1.5475029945373535, 0.8971352577209473, 0.9034214615821838, 0.9034214615821838, 5.921074390411377, '01:09']
Better model found at epoch 5 with valid_loss value: 0.48360002040863037.
[6, 0.48995622992515564, 0.48196572065353394, 0.9481909871101379, 0.9867449402809143, 0.060660410672426224, 0.1760794073343277, 1.4614650011062622, 0.9043727517127991, 0.9054841995239258, 0.9054841995239258, 2.9514107704162598, '01:09']
Better model found at epoch 6 with valid_loss value: 0.48196572065353394.
[7, 0.4888564646244049, 0.48472410440444946, 0.9500471353530884, 0.9817973971366882, 0.05963960289955139, 0.17862065136432648, 1.5682049989700317, 0.9025871753692627, 0.908473551273346, 0.908473551273346, 5.391737937927246, '01:09']
[8, 0.4876660704612732, 0.4904843866825104, 0.949638843536377, 0.9796585440635681, 0.056101035326719284, 0.17962317168712616, 1.6226383447647095, 0.902298092842102, 0.9085062146186829, 0.9085062146186829, 7.019864082336426, '01:09']
[9, 0.49148449301719666, 0.49122464656829834, 0.9549234509468079, 0.9838445782661438, 0.056638140231370926, 0.1783885955810547, 1.5463368892669678, 0.9138333797454834, 0.9172167181968689, 0.9172167181968689, 4.8655476570129395, '01:09']
[10, 0.47828754782676697, 0.4788188338279724, 0.9432558417320251, 0.988491952419281, 0.06391745060682297, 0.1753021478652954, 1.4065383672714233, 0.8983796834945679, 0.8982903957366943, 0.8982903957366943, 1.6955662965774536, '01:09']
Better model found at epoch 10 with valid_loss value: 0.4788188338279724.
[11, 0.4851287007331848, 0.485099732875824, 0.9460377097129822, 0.9804423451423645, 0.061722539365291595, 0.1794290393590927, 1.6056088209152222, 0.8946754932403564, 0.9022186398506165, 0.9022186398506165, 7.5012946128845215, '01:09']
[12, 0.48426687717437744, 0.4822095036506653, 0.9405279159545898, 0.9824551343917847, 0.06457298994064331, 0.1783604472875595, 1.598940134048462, 0.8851792812347412, 0.8926911354064941, 0.8926910161972046, 5.030769348144531, '01:09']
[13, 0.4770016670227051, 0.4826834201812744, 0.946049690246582, 0.9874337911605835, 0.05963149666786194, 0.1757737547159195, 1.450081706047058, 0.9016194939613342, 0.9024966955184937, 0.9024966955184937, 2.209298610687256, '01:10']
[14, 0.487801194190979, 0.480442076921463, 0.9451836347579956, 0.9836878776550293, 0.06523291766643524, 0.17786692082881927, 1.5480432510375977, 0.8940770626068115, 0.900148332118988, 0.900148332118988, 4.432202339172363, '01:09']
[15, 0.4835776388645172, 0.4832316040992737, 0.9493973851203918, 0.989898145198822, 0.056513600051403046, 0.17454305291175842, 1.310009241104126, 0.9081446528434753, 0.9092154502868652, 0.9092154502868652, 0.9016722440719604, '01:09']
[16, 0.48629844188690186, 0.47821760177612305, 0.9446771144866943, 0.9858021140098572, 0.06481379270553589, 0.1767871081829071, 1.4929453134536743, 0.8959914445877075, 0.8993223905563354, 0.8993223905563354, 3.5646984577178955, '01:09']
Better model found at epoch 16 with valid_loss value: 0.47821760177612305.
[17, 0.4842115640640259, 0.47205373644828796, 0.9372932314872742, 0.9867983460426331, 0.07512781023979187, 0.17633643746376038, 1.4698047637939453, 0.8843595385551453, 0.8874863386154175, 0.8874863386154175, 2.649739980697632, '01:09']
Better model found at epoch 17 with valid_loss value: 0.47205373644828796.
[18, 0.4775415062904358, 0.4877707064151764, 0.9550333023071289, 0.9904171228408813, 0.0504668764770031, 0.1742546111345291, 1.2617005109786987, 0.9171388149261475, 0.9186420440673828, 0.9186420440673828, 0.7525774836540222, '01:09']
[19, 0.47848281264305115, 0.48489251732826233, 0.9462890625, 0.9818513989448547, 0.06099626049399376, 0.17841947078704834, 1.5708961486816406, 0.8970305919647217, 0.9020351767539978, 0.9020351767539978, 6.575510025024414, '01:09']
[20, 0.4722942113876343, 0.4757136404514313, 0.937751829624176, 0.9874067902565002, 0.06937434524297714, 0.17588220536708832, 1.4389406442642212, 0.88676917552948, 0.8889923691749573, 0.8889923691749573, 2.2528176307678223, '01:09']
[21, 0.47608792781829834, 0.47479110956192017, 0.9335554242134094, 0.9813820123672485, 0.07330670207738876, 0.17887145280838013, 1.5976886749267578, 0.8700066804885864, 0.880980372428894, 0.880980372428894, 5.550242900848389, '01:09']
[22, 0.4676767885684967, 0.4691970944404602, 0.9326867461204529, 0.9891647100448608, 0.07483994215726852, 0.17502819001674652, 1.3789998292922974, 0.878936767578125, 0.8806876540184021, 0.8806876540184021, 1.495779037475586, '01:09']
Better model found at epoch 22 with valid_loss value: 0.4691970944404602.
[23, 0.4752960801124573, 0.4664137065410614, 0.9269777536392212, 0.9868747591972351, 0.08044452220201492, 0.17631489038467407, 1.4930429458618164, 0.8672688603401184, 0.8707266449928284, 0.8707266449928284, 2.2289364337921143, '01:09']
Better model found at epoch 23 with valid_loss value: 0.4664137065410614.
[24, 0.47062036395072937, 0.4704534411430359, 0.9342359304428101, 0.9888705015182495, 0.0733216404914856, 0.175252765417099, 1.4109750986099243, 0.8793657422065735, 0.8823570013046265, 0.8823570013046265, 1.724495768547058, '01:09']
[25, 0.4667282998561859, 0.46989160776138306, 0.9310761094093323, 0.9854093194007874, 0.07727890461683273, 0.17694146931171417, 1.5174809694290161, 0.8695830702781677, 0.8772904872894287, 0.8772904872894287, 3.309983491897583, '01:09']
[26, 0.473255455493927, 0.46671685576438904, 0.9270651936531067, 0.985938549041748, 0.08006247133016586, 0.17671436071395874, 1.5000004768371582, 0.8651831746101379, 0.8707687854766846, 0.8707687854766846, 3.216221809387207, '01:09']
[27, 0.47685369849205017, 0.5684914588928223, 0.9691593050956726, 0.9337480068206787, 0.03245779871940613, 0.2022933065891266, 1.8612051010131836, 0.9125053882598877, 0.9414134621620178, 0.9414134621620178, 25.653888702392578, '01:09']
[28, 0.4676913917064667, 0.48698240518569946, 0.9368779063224792, 0.9780392646789551, 0.06727869063615799, 0.1808013916015625, 1.6512361764907837, 0.866301417350769, 0.8858470320701599, 0.8858470320701599, 5.201040267944336, '01:09']
[29, 0.4522571563720703, 0.47795793414115906, 0.9405809044837952, 0.9903613924980164, 0.06280431896448135, 0.17429086565971375, 1.282262921333313, 0.8913147449493408, 0.8943166136741638, 0.8943166136741638, 0.9494130611419678, '01:09']
[30, 0.4611269533634186, 0.47897523641586304, 0.9452543258666992, 0.9914412498474121, 0.059871088713407516, 0.17372460663318634, 1.165686011314392, 0.8868357539176941, 0.9010417461395264, 0.9010417461395264, 0.3174642324447632, '01:09']
[31, 0.45655301213264465, 0.46009188890457153, 0.9199358820915222, 0.9890530109405518, 0.09000939875841141, 0.1750660538673401, 1.3617008924484253, 0.8545076847076416, 0.8592255115509033, 0.8592256307601929, 1.0762184858322144, '01:09']
Better model found at epoch 31 with valid_loss value: 0.46009188890457153.
[32, 0.456344336271286, 0.45817938446998596, 0.9146311283111572, 0.9872231483459473, 0.09149567782878876, 0.17615585029125214, 1.485774278640747, 0.8468038439750671, 0.8522403836250305, 0.8522403836250305, 1.7710250616073608, '01:09']
Better model found at epoch 32 with valid_loss value: 0.45817938446998596.
[33, 0.46574991941452026, 0.4624747335910797, 0.9239526987075806, 0.989768385887146, 0.08360333740711212, 0.17470313608646393, 1.352414846420288, 0.8617377877235413, 0.8665880560874939, 0.8665880560874939, 1.305998682975769, '01:09']
[34, 0.4524732828140259, 0.4615447223186493, 0.919161319732666, 0.9855039715766907, 0.08892408013343811, 0.17698632180690765, 1.502303123474121, 0.8467451333999634, 0.8583860397338867, 0.8583861589431763, 2.5192973613739014, '01:09']
[35, 0.4581948518753052, 0.448564738035202, 0.9069746136665344, 0.9891338348388672, 0.10369805246591568, 0.17510367929935455, 1.3854069709777832, 0.8347115516662598, 0.8401401042938232, 0.8401401042938232, 1.3448313474655151, '01:09']
Better model found at epoch 35 with valid_loss value: 0.448564738035202.
[36, 0.4604634940624237, 0.4596008062362671, 0.9196986556053162, 0.9872823357582092, 0.08816954493522644, 0.17612937092781067, 1.4813765287399292, 0.8485510945320129, 0.8590713143348694, 0.8590713143348694, 2.362910747528076, '01:09']
[37, 0.4556307792663574, 0.45573902130126953, 0.916284441947937, 0.9904722571372986, 0.09218031167984009, 0.17433904111385345, 1.2938337326049805, 0.8475785255432129, 0.8544496893882751, 0.8544496893882751, 0.8122747540473938, '01:09']
[38, 0.4508494436740875, 0.45710113644599915, 0.9117112755775452, 0.9856168627738953, 0.09379474818706512, 0.1769919991493225, 1.5153988599777222, 0.8358587026596069, 0.8471601009368896, 0.8471601605415344, 2.3493919372558594, '01:09']
[39, 0.4513493776321411, 0.4562990963459015, 0.9139909148216248, 0.9886953830718994, 0.09199874103069305, 0.17531362175941467, 1.4132715463638306, 0.8457778096199036, 0.8513723611831665, 0.8513723611831665, 1.6774721145629883, '01:09']
[40, 0.455039381980896, 0.4550393521785736, 0.9097152352333069, 0.9855176210403442, 0.09604596346616745, 0.1770065724849701, 1.5481767654418945, 0.8319869041442871, 0.8439220786094666, 0.8439220786094666, 2.958345890045166, '01:09']
[41, 0.4606771767139435, 0.4746464490890503, 0.926287055015564, 0.9821838736534119, 0.07737565785646439, 0.17878161370754242, 1.6099051237106323, 0.8523082137107849, 0.8697666525840759, 0.8697666525840759, 3.802030086517334, '01:09']
[42, 0.4578242003917694, 0.45571577548980713, 0.9133155941963196, 0.9876676201820374, 0.09404846280813217, 0.17592346668243408, 1.4618898630142212, 0.8410395383834839, 0.8493521213531494, 0.8493521213531494, 1.7727679014205933, '01:09']
[43, 0.44577234983444214, 0.4499865472316742, 0.9056260585784912, 0.9895138740539551, 0.10078325122594833, 0.17489323019981384, 1.381762981414795, 0.8333703279495239, 0.8381470441818237, 0.8381470441818237, 1.3796442747116089, '01:09']
No improvement since epoch 35: early stopping
----------
3
----------
DLS create!
[0, 0.5163593292236328, 0.5051266551017761, 0.9729121923446655, 0.9922183752059937, 0.0002501039416529238, 0.17727559804916382, 1.2468465566635132, 0.9705191254615784, 0.9558238387107849, 0.9558238387107849, inf, '01:09']
Better model found at epoch 0 with valid_loss value: 0.5051266551017761.
[1, 0.49623680114746094, 0.48742878437042236, 0.9427677392959595, 0.9792101979255676, 0.05635622888803482, 0.18044248223304749, 1.6265231370925903, 0.9055136442184448, 0.9013656973838806, 0.9013656973838806, inf, '01:09']
Better model found at epoch 1 with valid_loss value: 0.48742878437042236.
[2, 0.4940809905529022, 0.4874460995197296, 0.9423405528068542, 0.9793277978897095, 0.059197161346673965, 0.18004372715950012, 1.5964499711990356, 0.9063689708709717, 0.9010283946990967, 0.9010283946990967, inf, '01:09']
[3, 0.49475356936454773, 0.49221086502075195, 0.9396466612815857, 0.9715121388435364, 0.05828970670700073, 0.1841508150100708, 1.7114921808242798, 0.8920161724090576, 0.8960875272750854, 0.8960875272750854, inf, '01:09']
[4, 0.49636515974998474, 0.47689640522003174, 0.9371159076690674, 0.9838330149650574, 0.06850089132785797, 0.17740164697170258, 1.471221685409546, 0.9000990390777588, 0.8917489051818848, 0.8917489051818848, inf, '01:09']
Better model found at epoch 4 with valid_loss value: 0.47689640522003174.
[5, 0.4933893382549286, 0.47798410058021545, 0.9338233470916748, 0.981148362159729, 0.06533271819353104, 0.17901451885700226, 1.5857510566711426, 0.8910660743713379, 0.8861808180809021, 0.8861808180809021, inf, '01:09']
[6, 0.49031493067741394, 0.47642022371292114, 0.9377591013908386, 0.9877215623855591, 0.06564410775899887, 0.17599371075630188, 1.4160423278808594, 0.9040164351463318, 0.8933940529823303, 0.8933940529823303, inf, '01:09']
Better model found at epoch 6 with valid_loss value: 0.47642022371292114.
[7, 0.48541587591171265, 0.48026031255722046, 0.932266354560852, 0.9790346026420593, 0.06501802802085876, 0.18023581802845, 1.6335749626159668, 0.8853309154510498, 0.8835583925247192, 0.8835583925247192, inf, '01:09']
[8, 0.48299306631088257, 0.47585242986679077, 0.9356082081794739, 0.9888900518417358, 0.06297201663255692, 0.17542533576488495, 1.3919528722763062, 0.8991917967796326, 0.8896826505661011, 0.8896826505661011, inf, '01:09']
Better model found at epoch 8 with valid_loss value: 0.47585242986679077.
[9, 0.4823116064071655, 0.496298611164093, 0.9436092972755432, 0.9688315391540527, 0.05451563373208046, 0.18513080477714539, 1.7024375200271606, 0.8973052501678467, 0.9026665091514587, 0.9026665091514587, inf, '01:09']
[10, 0.4870290756225586, 0.4812963306903839, 0.9426363706588745, 0.9889771938323975, 0.055234428495168686, 0.1753416657447815, 1.369325876235962, 0.9145678281784058, 0.903226375579834, 0.903226375579834, inf, '01:09']
[11, 0.4840197265148163, 0.47693806886672974, 0.9342471957206726, 0.9859983921051025, 0.06299857795238495, 0.17692221701145172, 1.5295140743255615, 0.8958336114883423, 0.8869913220405579, 0.8869913220405579, inf, '01:09']
[12, 0.4804140627384186, 0.4744458496570587, 0.9310060739517212, 0.9843241572380066, 0.06747026741504669, 0.17750021815299988, 1.5452158451080322, 0.8893008232116699, 0.8815861344337463, 0.8815861344337463, inf, '01:09']
Better model found at epoch 12 with valid_loss value: 0.4744458496570587.
[13, 0.4888903796672821, 0.4756331443786621, 0.9360122680664062, 0.9883279800415039, 0.06189410015940666, 0.1757185012102127, 1.4254320859909058, 0.9006541967391968, 0.8899305462837219, 0.8899306058883667, inf, '01:09']
[14, 0.4818229675292969, 0.4757383465766907, 0.9266942739486694, 0.9845901727676392, 0.06858398020267487, 0.17759528756141663, 1.5540353059768677, 0.8846750855445862, 0.8758370876312256, 0.8758370876312256, inf, '01:09']
[15, 0.4787982106208801, 0.47581976652145386, 0.9364339113235474, 0.9902806282043457, 0.060349781066179276, 0.17458780109882355, 1.304256558418274, 0.897304117679596, 0.8908246755599976, 0.8908246755599976, inf, '01:09']
[16, 0.48603492975234985, 0.47172197699546814, 0.9318888783454895, 0.9873708486557007, 0.0699336975812912, 0.17624253034591675, 1.450461745262146, 0.8933647274971008, 0.8834233283996582, 0.8834233283996582, inf, '01:09']
Better model found at epoch 16 with valid_loss value: 0.47172197699546814.
[17, 0.4799984097480774, 0.46851444244384766, 0.9281685948371887, 0.9887624979019165, 0.0724211111664772, 0.1754872053861618, 1.4059609174728394, 0.8866097927093506, 0.8774293065071106, 0.8774293065071106, inf, '01:09']
Better model found at epoch 17 with valid_loss value: 0.46851444244384766.
[18, 0.47975847125053406, 0.46783414483070374, 0.9279831647872925, 0.9897188544273376, 0.07201655209064484, 0.17504829168319702, 1.3553205728530884, 0.8846829533576965, 0.8765100240707397, 0.8765099048614502, inf, '01:09']
Better model found at epoch 18 with valid_loss value: 0.46783414483070374.
[19, 0.4821847677230835, 0.46426767110824585, 0.9224599599838257, 0.9873049855232239, 0.07900692522525787, 0.17629599571228027, 1.4651944637298584, 0.8765403628349304, 0.8675450682640076, 0.8675450682640076, inf, '01:09']
Better model found at epoch 19 with valid_loss value: 0.46426767110824585.
[20, 0.47313934564590454, 0.5203354358673096, 0.9423409104347229, 0.95819091796875, 0.05038820579648018, 0.1903333067893982, 1.7912014722824097, 0.8896152377128601, 0.9010245203971863, 0.9010245203971863, inf, '01:09']
[21, 0.4811110496520996, 0.4567905366420746, 0.9127386212348938, 0.9889650344848633, 0.08954314887523651, 0.1754385232925415, 1.3621487617492676, 0.8616851568222046, 0.8530491590499878, 0.8530491590499878, inf, '01:09']
Better model found at epoch 21 with valid_loss value: 0.4567905366420746.
[22, 0.4782570004463196, 0.45714887976646423, 0.914150595664978, 0.9886842966079712, 0.0860542356967926, 0.1755981147289276, 1.403096318244934, 0.8630529642105103, 0.8543426990509033, 0.8543426990509033, inf, '01:09']
[23, 0.46581801772117615, 0.46479660272598267, 0.9224878549575806, 0.991456925868988, 0.07641814649105072, 0.17405767738819122, 1.2119919061660767, 0.8711946606636047, 0.8693138957023621, 0.8693138957023621, inf, '01:09']
[24, 0.47877317667007446, 0.4665316045284271, 0.9162887930870056, 0.980575442314148, 0.08163686096668243, 0.17973144352436066, 1.628823161125183, 0.8552284836769104, 0.857389509677887, 0.857389509677887, inf, '01:09']
[25, 0.47164472937583923, 0.5083548426628113, 0.9324349761009216, 0.9672482013702393, 0.06101137399673462, 0.18647415935993195, 1.7723665237426758, 0.8704463839530945, 0.883823037147522, 0.883823037147522, inf, '01:09']
[26, 0.47397589683532715, 0.4531104266643524, 0.9091034531593323, 0.9891045093536377, 0.0939311534166336, 0.17548993229866028, 1.4036439657211304, 0.8539316058158875, 0.8470612168312073, 0.8470612168312073, inf, '01:09']
Better model found at epoch 26 with valid_loss value: 0.4531104266643524.
[27, 0.4753638803958893, 0.46677520871162415, 0.9139930605888367, 0.9800810813903809, 0.08185333013534546, 0.1799211949110031, 1.6297968626022339, 0.8486813902854919, 0.8537681698799133, 0.8537681698799133, inf, '01:09']
[28, 0.4667634665966034, 0.4584187865257263, 0.9143907427787781, 0.9904206991195679, 0.08582918345928192, 0.17470066249370575, 1.2980905771255493, 0.8638538718223572, 0.8563990592956543, 0.8563990592956543, inf, '01:09']
[29, 0.4654158055782318, 0.461852490901947, 0.9067915081977844, 0.9825618863105774, 0.08901885896921158, 0.17882737517356873, 1.5878490209579468, 0.8390406966209412, 0.8421090841293335, 0.8421090841293335, inf, '01:09']
[30, 0.4656243920326233, 0.46672579646110535, 0.9153900742530823, 0.9786781072616577, 0.08206119388341904, 0.18054889142513275, 1.6535207033157349, 0.8477457761764526, 0.855833113193512, 0.855833113193512, inf, '01:09']
[31, 0.47281718254089355, 0.43777933716773987, 0.8907580971717834, 0.9906730055809021, 0.11078788340091705, 0.17471957206726074, 1.3146040439605713, 0.8232329487800598, 0.8185182213783264, 0.8185182213783264, inf, '01:09']
Better model found at epoch 31 with valid_loss value: 0.43777933716773987.
[32, 0.462222695350647, 0.44682514667510986, 0.8987534642219543, 0.9885125756263733, 0.09919562190771103, 0.1756889820098877, 1.4409135580062866, 0.8373830914497375, 0.8299552202224731, 0.8299552202224731, inf, '01:09']
[33, 0.45209449529647827, 0.4690730571746826, 0.9065345525741577, 0.9793135523796082, 0.08701581507921219, 0.18045714497566223, 1.6438857316970825, 0.8331164121627808, 0.8413786888122559, 0.8413786888122559, inf, '01:09']
[34, 0.45942142605781555, 0.4438505470752716, 0.8922247290611267, 0.987941324710846, 0.10464423894882202, 0.176035076379776, 1.4589465856552124, 0.8244417309761047, 0.8193827867507935, 0.8193827867507935, inf, '01:09']
[35, 0.4538772404193878, 0.44327273964881897, 0.8912823796272278, 0.9858769774436951, 0.10609709471464157, 0.1772049516439438, 1.5365495681762695, 0.8184635043144226, 0.8176080584526062, 0.8176080584526062, inf, '01:09']
[36, 0.4597001075744629, 0.4410720765590668, 0.8883616328239441, 0.9862643480300903, 0.10870372503995895, 0.17701971530914307, 1.5244166851043701, 0.8135132193565369, 0.812782347202301, 0.812782347202301, inf, '01:09']
[37, 0.4570462107658386, 0.5095998644828796, 0.9235048890113831, 0.9647489786148071, 0.06888868659734726, 0.18800926208496094, 1.7938971519470215, 0.841911256313324, 0.8681423664093018, 0.8681423664093018, inf, '01:09']
[38, 0.45677676796913147, 0.44339314103126526, 0.8927003741264343, 0.9874265789985657, 0.10385406762361526, 0.1762683242559433, 1.4902393817901611, 0.8252419829368591, 0.8200385570526123, 0.8200385570526123, inf, '01:09']
[39, 0.4506712853908539, 0.4758140444755554, 0.930595338344574, 0.9910705089569092, 0.06254255026578903, 0.1741815060377121, 1.2159162759780884, 0.8805686831474304, 0.8835361003875732, 0.8835361003875732, inf, '01:09']
No improvement since epoch 31: early stopping
----------
4
----------
DLS create!
[0, 0.511091947555542, 0.5027334094047546, 0.9813223481178284, 0.9919601082801819, 0.02163267694413662, 0.17647743225097656, 1.3121449947357178, 0.967231273651123, 0.9636772871017456, 0.9636772871017456, 1.0473389625549316, '01:09']
Better model found at epoch 0 with valid_loss value: 0.5027334094047546.
[1, 0.49854719638824463, 0.4891575872898102, 0.9599130749702454, 0.9854337573051453, 0.04721156507730484, 0.17742635309696198, 1.5544573068618774, 0.9250648021697998, 0.9252389669418335, 0.9252389669418335, 5.6840739250183105, '01:09']
Better model found at epoch 1 with valid_loss value: 0.4891575872898102.
[2, 0.4922749400138855, 0.4947027862071991, 0.9625170826911926, 0.9816808104515076, 0.042276572436094284, 0.17904692888259888, 1.6094306707382202, 0.9235135316848755, 0.9297364354133606, 0.9297364354133606, 7.49403190612793, '01:09']
[3, 0.4901084005832672, 0.4913572371006012, 0.9635946154594421, 0.9868398904800415, 0.04233774170279503, 0.1769019067287445, 1.4964613914489746, 0.9305997490882874, 0.9318016171455383, 0.931801438331604, 5.52568244934082, '01:09']
[4, 0.49021363258361816, 0.49322304129600525, 0.9636443257331848, 0.9840786457061768, 0.04230888932943344, 0.17811468243598938, 1.5675243139266968, 0.9293769001960754, 0.9315679669380188, 0.9315679669380188, 7.769559860229492, '01:09']
[5, 0.4917781352996826, 0.49346789717674255, 0.9667274355888367, 0.9873669147491455, 0.03976845741271973, 0.17653721570968628, 1.4749183654785156, 0.9381726980209351, 0.9373183846473694, 0.9373183846473694, 4.0785017013549805, '01:09']
[6, 0.4873332381248474, 0.4887964725494385, 0.9566004276275635, 0.9827430248260498, 0.04814741387963295, 0.17901262640953064, 1.6182892322540283, 0.9125892519950867, 0.9194021821022034, 0.9194021821022034, 8.216097831726074, '01:09']
Better model found at epoch 6 with valid_loss value: 0.4887964725494385.
[7, 0.4873523414134979, 0.4943971037864685, 0.9601237177848816, 0.9809580445289612, 0.043911244720220566, 0.17971521615982056, 1.6361503601074219, 0.919329047203064, 0.9258664846420288, 0.9258664846420288, 8.257320404052734, '01:09']
[8, 0.48585978150367737, 0.4866127669811249, 0.9583641290664673, 0.9889755249023438, 0.04592938348650932, 0.17576472461223602, 1.4529139995574951, 0.9219180941581726, 0.9233758449554443, 0.9233758449554443, 2.290186882019043, '01:09']
Better model found at epoch 8 with valid_loss value: 0.4866127669811249.
[9, 0.48562100529670715, 0.49661561846733093, 0.9600777626037598, 0.9786744713783264, 0.04404629021883011, 0.18075178563594818, 1.666861891746521, 0.9196354150772095, 0.9255465269088745, 0.9255465269088745, 11.379583358764648, '01:09']
[10, 0.48452630639076233, 0.4870122969150543, 0.9569414258003235, 0.9857717752456665, 0.04890310764312744, 0.17727167904376984, 1.555220365524292, 0.9178670048713684, 0.9195806980133057, 0.9195806980133057, 5.845673084259033, '01:09']
[11, 0.47872257232666016, 0.4968065917491913, 0.9716556668281555, 0.9918380379676819, 0.031001843512058258, 0.1742611825466156, 1.2777466773986816, 0.9419064521789551, 0.9460464715957642, 0.9460464715957642, 0.98558509349823, '01:09']
[12, 0.48098695278167725, 0.49292829632759094, 0.9661297798156738, 0.9903935790061951, 0.038469936698675156, 0.17509378492832184, 1.3865382671356201, 0.9365392923355103, 0.9367465972900391, 0.9367465972900391, 2.9836881160736084, '01:09']
[13, 0.48925769329071045, 0.480759859085083, 0.9484226107597351, 0.9851348400115967, 0.05745479464530945, 0.1778099536895752, 1.6018339395523071, 0.8991745114326477, 0.9043132662773132, 0.9043132662773132, 6.379098892211914, '01:09']
Better model found at epoch 13 with valid_loss value: 0.480759859085083.
[14, 0.48195627331733704, 0.488191157579422, 0.9623319506645203, 0.9898533225059509, 0.04433188959956169, 0.17547503113746643, 1.411991834640503, 0.9248210787773132, 0.9288715720176697, 0.9288715720176697, 2.0370631217956543, '01:09']
[15, 0.47574877738952637, 0.485491007566452, 0.9507248997688293, 0.9826934933662415, 0.05496497452259064, 0.17888008058071136, 1.6276346445083618, 0.9038606286048889, 0.909243643283844, 0.909243643283844, 7.944499492645264, '02:07']
[16, 0.4753844439983368, 0.4877874553203583, 0.9476451873779297, 0.981890082359314, 0.05598728731274605, 0.17935042083263397, 1.6642318964004517, 0.8951489329338074, 0.9043794274330139, 0.9043794274330139, 7.895235061645508, '02:22']
[17, 0.4856492578983307, 0.48223739862442017, 0.9573684334754944, 0.9913149476051331, 0.050077036023139954, 0.17477822303771973, 1.3522709608078003, 0.9158931970596313, 0.9197726845741272, 0.9197726845741272, 1.6433420181274414, '02:24']
[18, 0.4781109392642975, 0.48046600818634033, 0.9495654702186584, 0.9845290780067444, 0.057063233107328415, 0.1778201013803482, 1.5707346200942993, 0.9000966548919678, 0.9066256284713745, 0.9066256284713745, 5.54220724105835, '02:31']
Better model found at epoch 18 with valid_loss value: 0.48046600818634033.
[19, 0.4784276783466339, 0.4805310368537903, 0.9466437101364136, 0.9866776466369629, 0.057488810271024704, 0.17692458629608154, 1.5739961862564087, 0.8946129083633423, 0.9011772274971008, 0.9011772274971008, 4.478427886962891, '02:21']
[20, 0.47747522592544556, 0.4758061170578003, 0.9457156658172607, 0.9897763133049011, 0.0604451447725296, 0.17539691925048828, 1.432499885559082, 0.8946137428283691, 0.9005669355392456, 0.9005669355392456, 2.060049295425415, '02:23']
Better model found at epoch 20 with valid_loss value: 0.4758061170578003.
[21, 0.4712725281715393, 0.4754367768764496, 0.943656325340271, 0.9883690476417542, 0.06138761341571808, 0.17610062658786774, 1.5021265745162964, 0.8926554918289185, 0.8968417644500732, 0.8968417644500732, 3.321861743927002, '02:24']
Better model found at epoch 21 with valid_loss value: 0.4754367768764496.
[22, 0.4699704051017761, 0.48129740357398987, 0.9534142017364502, 0.9914796352386475, 0.050951674580574036, 0.17444312572479248, 1.3473846912384033, 0.9072505831718445, 0.9129505753517151, 0.9129505753517151, 1.5273380279541016, '02:28']
[23, 0.47375908493995667, 0.4745576083660126, 0.9424278736114502, 0.9841494560241699, 0.06638726592063904, 0.1783914864063263, 1.6040667295455933, 0.8832117319107056, 0.8941570520401001, 0.8941570520401001, 6.0964789390563965, '02:27']
Better model found at epoch 23 with valid_loss value: 0.4745576083660126.
[24, 0.4668439030647278, 0.4848927855491638, 0.9508044719696045, 0.9859022498130798, 0.053561948239803314, 0.17723512649536133, 1.5716785192489624, 0.9028608202934265, 0.9085938334465027, 0.9085938334465027, 6.090186595916748, '02:21']
[25, 0.4589848220348358, 0.5018226504325867, 0.9443248510360718, 0.9722355008125305, 0.05712059512734413, 0.1841229349374771, 1.7642625570297241, 0.8758418560028076, 0.897921621799469, 0.897921621799469, 13.55008602142334, '02:24']
[26, 0.4624474048614502, 0.47129353880882263, 0.9410616755485535, 0.9906708598136902, 0.06465861201286316, 0.17492924630641937, 1.3798755407333374, 0.8849220871925354, 0.8925215005874634, 0.8925215005874634, 1.2052875757217407, '02:27']
Better model found at epoch 26 with valid_loss value: 0.47129353880882263.
[27, 0.4561797082424164, 0.48502424359321594, 0.9380476474761963, 0.9790512919425964, 0.0643613412976265, 0.18076078593730927, 1.713632345199585, 0.8721827864646912, 0.8870701193809509, 0.8870701193809509, 13.063325881958008, '02:33']
[28, 0.4607565999031067, 0.4787391424179077, 0.9501859545707703, 0.991877555847168, 0.05523722991347313, 0.17421050369739532, 1.3025480508804321, 0.8971344828605652, 0.9074805378913879, 0.9074805378913879, 1.2140556573867798, '02:21']
[29, 0.4555934965610504, 0.4689093828201294, 0.9353784322738647, 0.9891952276229858, 0.069769486784935, 0.17567245662212372, 1.451845407485962, 0.8742658495903015, 0.8832912445068359, 0.8832912445068359, 2.239248037338257, '02:24']
Better model found at epoch 29 with valid_loss value: 0.4689093828201294.
[30, 0.4641493558883667, 0.4628474712371826, 0.9301512241363525, 0.9894781112670898, 0.07598644495010376, 0.17556186020374298, 1.4793903827667236, 0.8670993447303772, 0.8729730844497681, 0.8729730844497681, 2.9226362705230713, '02:25']
Better model found at epoch 30 with valid_loss value: 0.4628474712371826.
[31, 0.4703097641468048, 0.46593084931373596, 0.9324426054954529, 0.988644003868103, 0.07284632325172424, 0.1760207712650299, 1.5035600662231445, 0.8698492050170898, 0.877095639705658, 0.877095639705658, 2.792495012283325, '02:28']
[32, 0.44800418615341187, 0.4717397689819336, 0.9439531564712524, 0.9924702048301697, 0.061633095145225525, 0.1739359050989151, 1.236194372177124, 0.8841269612312317, 0.8972761034965515, 0.8972761034965515, 0.5789774656295776, '02:25']
[33, 0.4574061930179596, 0.5027932524681091, 0.976595401763916, 0.9931851625442505, 0.025302492082118988, 0.17344366014003754, 1.062036395072937, 0.9407752752304077, 0.9561190009117126, 0.9561190009117126, 0.0821143165230751, '02:24']
[34, 0.4561040997505188, 0.4635695815086365, 0.9311310052871704, 0.9898345470428467, 0.07358703762292862, 0.17533552646636963, 1.4476802349090576, 0.868257462978363, 0.8752173781394958, 0.8752173781394958, 2.0158352851867676, '02:25']
[35, 0.4572281241416931, 0.4583679735660553, 0.9269981980323792, 0.9898450970649719, 0.08002360910177231, 0.17536494135856628, 1.4453158378601074, 0.8590115308761597, 0.8675189018249512, 0.8675189018249512, 1.9752981662750244, '02:25']
Better model found at epoch 35 with valid_loss value: 0.4583679735660553.
[36, 0.44868841767311096, 0.47236013412475586, 0.9260149598121643, 0.9826399087905884, 0.07752422243356705, 0.17910915613174438, 1.654598355293274, 0.8532364964485168, 0.8678091168403625, 0.8678091168403625, 7.122318267822266, '02:32']
[37, 0.45299577713012695, 0.47230127453804016, 0.9415591359138489, 0.9909152984619141, 0.06343843042850494, 0.17472626268863678, 1.3733100891113281, 0.8881046175956726, 0.8937963247299194, 0.8937963247299194, 1.4092496633529663, '02:25']
[38, 0.45252248644828796, 0.47099050879478455, 0.9384876489639282, 0.991671621799469, 0.0646481066942215, 0.17427432537078857, 1.2951372861862183, 0.8773626685142517, 0.8875135183334351, 0.8875135183334351, 0.827314019203186, '02:22']
[39, 0.44920918345451355, 0.46110832691192627, 0.9290931820869446, 0.992055356502533, 0.07750170677900314, 0.17415040731430054, 1.296461582183838, 0.8578287959098816, 0.8716158270835876, 0.8716158270835876, 0.845220685005188, '02:22']
[40, 0.4450111985206604, 0.464478075504303, 0.9269671440124512, 0.9882150888442993, 0.0770435705780983, 0.1762612760066986, 1.541612982749939, 0.8595279455184937, 0.8679224848747253, 0.8679224848747253, 4.302000999450684, '02:30']
[41, 0.45360344648361206, 0.4675532281398773, 0.9381605982780457, 0.9916105270385742, 0.06906513124704361, 0.17446817457675934, 1.3466248512268066, 0.8805693984031677, 0.8871023058891296, 0.8871023058891296, 1.6614298820495605, '02:28']
[42, 0.4504658579826355, 0.4643210172653198, 0.9294173121452332, 0.9891328811645508, 0.0743878185749054, 0.17564494907855988, 1.4841492176055908, 0.8643512725830078, 0.8725454211235046, 0.8725454211235046, 2.793492555618286, '02:24']
[43, 0.45220762491226196, 0.46983978152275085, 0.9398581981658936, 0.9922842979431152, 0.06437031179666519, 0.17399248480796814, 1.2511262893676758, 0.8765034079551697, 0.889981210231781, 0.889981210231781, 0.6341403126716614, '02:22']
No improvement since epoch 35: early stopping
Unet_vgg19 Done!
