Models will save to Unet_dense161_x
Use densenet161 encoder
Start training...
----------
0
----------
DLS create!
[0, 0.5292097330093384, 0.5214551091194153, 0.9864213466644287, 0.991911768913269, 0.0, 0.1863052099943161, 1.2689048051834106, 0.978537917137146, 0.9734004139900208, 0.9734004139900208, 0.0, '01:20']
Better model found at epoch 0 with valid_loss value: 0.5214551091194153.
[1, 0.5033897757530212, 0.5187409520149231, 0.9757192134857178, 0.9613263607025146, 0.03409560024738312, 0.188186913728714, 1.530585527420044, 0.9505575895309448, 0.9535363912582397, 0.9535363912582397, 11.456884384155273, '01:19']
Better model found at epoch 1 with valid_loss value: 0.5187409520149231.
[2, 0.49591064453125, 0.49101579189300537, 0.9595696926116943, 0.9840340614318848, 0.050856318324804306, 0.1776924431324005, 1.4907279014587402, 0.9220309853553772, 0.9240279197692871, 0.9240279197692871, 2.9508566856384277, '01:19']
Better model found at epoch 2 with valid_loss value: 0.49101579189300537.
[3, 0.4945715069770813, 0.49984627962112427, 0.9711081981658936, 0.9907026886940002, 0.03454362973570824, 0.1743096262216568, 1.2250840663909912, 0.9439609050750732, 0.9451060891151428, 0.9451060891151428, 0.6185122132301331, '01:20']
[4, 0.4874441921710968, 0.49155253171920776, 0.9555821418762207, 0.9837360382080078, 0.05267314985394478, 0.17780348658561707, 1.5216630697250366, 0.9159417748451233, 0.9180911183357239, 0.9180911183357239, 4.034882068634033, '01:21']
[5, 0.4740937352180481, 0.48847639560699463, 0.9461371302604675, 0.9810423254966736, 0.05827878415584564, 0.17894071340560913, 1.5868940353393555, 0.8966910243034363, 0.9017518162727356, 0.9017518162727356, 5.4054741859436035, '01:19']
Better model found at epoch 5 with valid_loss value: 0.48847639560699463.
[6, 0.4774158298969269, 0.4956754446029663, 0.9463468790054321, 0.9755846261978149, 0.05727479234337807, 0.1816198229789734, 1.6633412837982178, 0.8924604654312134, 0.902401864528656, 0.902401864528656, 8.009339332580566, '01:19']
[7, 0.47140398621559143, 0.46634361147880554, 0.9294007420539856, 0.9875604510307312, 0.07952779531478882, 0.17593015730381012, 1.4470853805541992, 0.8684019446372986, 0.8734269142150879, 0.8734269142150879, 2.0823862552642822, '01:19']
Better model found at epoch 7 with valid_loss value: 0.46634361147880554.
[8, 0.4753642678260803, 0.4690922796726227, 0.9337903261184692, 0.9890528321266174, 0.07490603625774384, 0.17522317171096802, 1.389020323753357, 0.8766799569129944, 0.8805064558982849, 0.8805064558982849, 1.3581407070159912, '01:19']
[9, 0.4706740379333496, 0.48180070519447327, 0.9395862221717834, 0.9806122779846191, 0.06682714819908142, 0.17941352725028992, 1.6081607341766357, 0.8759625554084778, 0.8898980021476746, 0.8898980021476746, 4.325531005859375, '01:19']
[10, 0.46235987544059753, 0.4672786593437195, 0.9302462339401245, 0.9906810522079468, 0.07618140429258347, 0.17422713339328766, 1.2703157663345337, 0.8680881857872009, 0.875548243522644, 0.875548243522644, 0.6826139092445374, '01:20']
[11, 0.462430477142334, 0.45898038148880005, 0.9205503463745117, 0.9904996752738953, 0.08824938535690308, 0.17435146868228912, 1.2867282629013062, 0.8531253933906555, 0.8601118922233582, 0.8601118922233582, 0.7519690990447998, '01:20']
Better model found at epoch 11 with valid_loss value: 0.45898038148880005.
[12, 0.4604678750038147, 0.47119250893592834, 0.9259302616119385, 0.9828478097915649, 0.07915405929088593, 0.17836104333400726, 1.5836539268493652, 0.8544648885726929, 0.8671383857727051, 0.8671383857727051, 3.427825927734375, '01:19']
[13, 0.461485356092453, 0.4732837975025177, 0.9238404035568237, 0.982719898223877, 0.07925096899271011, 0.17837859690189362, 1.5778006315231323, 0.8487651348114014, 0.8629906177520752, 0.8629905581474304, 3.436455726623535, '01:19']
[14, 0.4569759666919708, 0.4605886936187744, 0.9213731288909912, 0.9908445477485657, 0.08463947474956512, 0.17416256666183472, 1.2609668970108032, 0.8508245944976807, 0.8615697622299194, 0.861569881439209, 0.7768897414207458, '01:19']
[15, 0.4648723900318146, 0.4605255126953125, 0.9215800166130066, 0.9890255928039551, 0.08596022427082062, 0.17519056797027588, 1.383699655532837, 0.8544326424598694, 0.8612829446792603, 0.8612829446792603, 1.3561161756515503, '01:19']
[16, 0.4596044421195984, 0.4660894274711609, 0.9253684878349304, 0.9901207089424133, 0.07911577075719833, 0.1745261251926422, 1.286417007446289, 0.8610950112342834, 0.8677606582641602, 0.8677606582641602, 0.8002225756645203, '01:20']
[17, 0.45336002111434937, 0.45260417461395264, 0.9123274087905884, 0.9897475838661194, 0.09536650031805038, 0.17484739422798157, 1.3263431787490845, 0.8347030282020569, 0.846008837223053, 0.846008837223053, 0.978042721748352, '01:20']
Better model found at epoch 17 with valid_loss value: 0.45260417461395264.
[18, 0.4489014148712158, 0.4496247470378876, 0.9093691110610962, 0.9898508191108704, 0.09870949387550354, 0.1748221516609192, 1.333383560180664, 0.831637442111969, 0.8419582843780518, 0.8419582843780518, 1.0262242555618286, '01:20']
Better model found at epoch 18 with valid_loss value: 0.4496247470378876.
[19, 0.4481203854084015, 0.4649792015552521, 0.9248703718185425, 0.9914821982383728, 0.08069770038127899, 0.17382021248340607, 1.1660704612731934, 0.8559953570365906, 0.8712405562400818, 0.8712405562400818, 0.5780525207519531, '01:19']
[20, 0.4503774344921112, 0.4690178334712982, 0.9220235347747803, 0.982538640499115, 0.0818057507276535, 0.17851407825946808, 1.528802752494812, 0.8382912278175354, 0.8589178919792175, 0.8589178919792175, 2.713979482650757, '01:19']
[21, 0.44680243730545044, 0.44701313972473145, 0.9022480845451355, 0.9893064498901367, 0.10311618447303772, 0.1750524491071701, 1.3770235776901245, 0.8201550841331482, 0.8313470482826233, 0.8313470482826233, 1.27732515335083, '01:19']
Better model found at epoch 21 with valid_loss value: 0.44701313972473145.
[22, 0.4449048936367035, 0.450482577085495, 0.9058217406272888, 0.9879364967346191, 0.09930417686700821, 0.17575891315937042, 1.415000557899475, 0.8188850283622742, 0.8343357443809509, 0.8343357443809509, 1.6338704824447632, '01:20']
[23, 0.45196473598480225, 0.44909754395484924, 0.9059925079345703, 0.9885939359664917, 0.09964355826377869, 0.17540185153484344, 1.3962864875793457, 0.8233412504196167, 0.8343067169189453, 0.8343067169189453, 1.597960114479065, '01:20']
[24, 0.4458448588848114, 0.4550796449184418, 0.9121761918067932, 0.987148642539978, 0.09387197345495224, 0.17617011070251465, 1.4577938318252563, 0.8331892490386963, 0.8451774716377258, 0.8451774716377258, 2.53659987449646, '01:20']
[25, 0.4573381841182709, 0.4486619532108307, 0.9080123901367188, 0.9881535172462463, 0.0999220460653305, 0.17565162479877472, 1.4126461744308472, 0.8263314366340637, 0.8383672833442688, 0.8383672833442688, 1.6995832920074463, '01:20']
[26, 0.4503062665462494, 0.4552883505821228, 0.9126598834991455, 0.986175000667572, 0.0935155525803566, 0.1767387092113495, 1.4811652898788452, 0.8281057476997375, 0.8448554873466492, 0.8448554873466492, 2.3737757205963135, '01:19']
[27, 0.4418078362941742, 0.47816482186317444, 0.9246700406074524, 0.9810879826545715, 0.07783287018537521, 0.17924948036670685, 1.5211642980575562, 0.8404585719108582, 0.8642310500144958, 0.8642310500144958, 3.1376960277557373, '01:19']
[28, 0.4347354471683502, 0.46295952796936035, 0.9214710593223572, 0.9903545379638672, 0.08224532753229141, 0.17442913353443146, 1.2215410470962524, 0.8463771939277649, 0.8636620044708252, 0.8636620044708252, 0.727763295173645, '01:20']
[29, 0.4325621724128723, 0.46759405732154846, 0.9190617203712463, 0.9854955077171326, 0.08327993005514145, 0.17699728906154633, 1.4546318054199219, 0.8361921906471252, 0.8553237915039062, 0.8553237915039062, 2.128305196762085, '01:20']
No improvement since epoch 21: early stopping
----------
1
----------
DLS create!
[0, 0.5147312879562378, 0.4908173382282257, 0.9643201231956482, 0.9921019077301025, 0.005825396161526442, 0.18070673942565918, 1.3849390745162964, 0.9312229156494141, 0.93227618932724, 0.93227618932724, 0.1431475281715393, '01:19']
Better model found at epoch 0 with valid_loss value: 0.4908173382282257.
[1, 0.49861207604408264, 0.48081672191619873, 0.9577191472053528, 0.9922096133232117, 0.008517867885529995, 0.17515692114830017, 1.262915849685669, 0.922822892665863, 0.9205061793327332, 0.9205061793327332, 0.11094686388969421, '01:19']
Better model found at epoch 1 with valid_loss value: 0.48081672191619873.
[2, 0.49416592717170715, 0.46963614225387573, 0.9408152103424072, 0.9889464974403381, 0.06677334010601044, 0.1755521446466446, 1.4077640771865845, 0.8920427560806274, 0.8914825320243835, 0.8914825320243835, 1.6249325275421143, '01:20']
Better model found at epoch 2 with valid_loss value: 0.46963614225387573.
[3, 0.49197402596473694, 0.5010486245155334, 0.9744259119033813, 0.9922432899475098, 0.027805622667074203, 0.17379730939865112, 1.1246768236160278, 0.9434718489646912, 0.9515414834022522, 0.9515414834022522, 0.194587841629982, '01:20']
[4, 0.48498713970184326, 0.4549458920955658, 0.9223042726516724, 0.9877960085868835, 0.08708063513040543, 0.17622946202754974, 1.4790778160095215, 0.8575076460838318, 0.8597144484519958, 0.8597144484519958, 2.1310231685638428, '01:19']
Better model found at epoch 4 with valid_loss value: 0.4549458920955658.
[5, 0.4819173812866211, 0.4529659152030945, 0.9172221422195435, 0.9869511127471924, 0.0906311422586441, 0.17662419378757477, 1.5156519412994385, 0.8508726954460144, 0.8523600101470947, 0.8523600101470947, 2.694281578063965, '01:21']
Better model found at epoch 5 with valid_loss value: 0.4529659152030945.
[6, 0.4761451482772827, 0.43907344341278076, 0.8980119228363037, 0.9883376359939575, 0.1077679917216301, 0.17605160176753998, 1.4813629388809204, 0.8201602697372437, 0.8229180574417114, 0.8229180574417114, 1.8491264581680298, '01:19']
Better model found at epoch 6 with valid_loss value: 0.43907344341278076.
[7, 0.4773751199245453, 0.4375500977039337, 0.9003759622573853, 0.989176869392395, 0.1094958707690239, 0.17558123171329498, 1.4283291101455688, 0.8232406973838806, 0.8265527486801147, 0.8265526294708252, 1.519512414932251, '01:20']
Better model found at epoch 7 with valid_loss value: 0.4375500977039337.
[8, 0.4758293628692627, 0.4502005875110626, 0.9180740714073181, 0.9900400042533875, 0.088905468583107, 0.1750963181257248, 1.381166696548462, 0.8539481163024902, 0.854954183101654, 0.854954183101654, 1.2291817665100098, '01:20']
[9, 0.4643763303756714, 0.44276097416877747, 0.8923820853233337, 0.9792363047599792, 0.11267033964395523, 0.18084299564361572, 1.6659795045852661, 0.790216326713562, 0.8131589293479919, 0.8131589293479919, 3.952125072479248, '01:20']
[10, 0.47253668308258057, 0.4368959665298462, 0.9020085334777832, 0.9899158477783203, 0.10848455876111984, 0.1751326024532318, 1.3974531888961792, 0.8263400197029114, 0.8276720643043518, 0.8276720643043518, 1.4104572534561157, '01:20']
Better model found at epoch 10 with valid_loss value: 0.4368959665298462.
[11, 0.464128315448761, 0.4611794948577881, 0.9115297198295593, 0.975174069404602, 0.09282480180263519, 0.18266235291957855, 1.7065911293029785, 0.8137244582176208, 0.8422791957855225, 0.8422791957855225, 5.346927165985107, '01:21']
[12, 0.4636632204055786, 0.4435957372188568, 0.9061922430992126, 0.9889620542526245, 0.10455543547868729, 0.17582041025161743, 1.448842167854309, 0.8352096676826477, 0.8364760279655457, 0.8364760279655457, 1.593387484550476, '01:20']
[13, 0.4663926064968109, 0.42893949151039124, 0.8877536654472351, 0.9865376949310303, 0.12362571060657501, 0.17717412114143372, 1.533095359802246, 0.7988767623901367, 0.8063567280769348, 0.8063567280769348, 2.450225591659546, '01:20']
Better model found at epoch 13 with valid_loss value: 0.42893949151039124.
[14, 0.4618281126022339, 0.41425275802612305, 0.8697314858436584, 0.988466203212738, 0.14051567018032074, 0.1761610060930252, 1.4777485132217407, 0.773192286491394, 0.7798494696617126, 0.7798494696617126, 1.7270675897598267, '01:20']
Better model found at epoch 14 with valid_loss value: 0.41425275802612305.
[15, 0.45582157373428345, 0.4252395033836365, 0.8780674934387207, 0.9871877431869507, 0.1272224634885788, 0.17671620845794678, 1.5014320611953735, 0.7841318249702454, 0.792413592338562, 0.792413592338562, 1.82584547996521, '01:20']
[16, 0.45720550417900085, 0.4355894923210144, 0.8919104933738708, 0.9861873388290405, 0.1131465807557106, 0.17712900042533875, 1.5518289804458618, 0.8055456876754761, 0.8126980662345886, 0.8126980662345886, 2.8617217540740967, '01:20']
[17, 0.4601570665836334, 0.4346254765987396, 0.8861890435218811, 0.9826818704605103, 0.11957013607025146, 0.17914657294750214, 1.638548493385315, 0.7830520272254944, 0.8034735918045044, 0.8034735918045044, 3.7246463298797607, '01:21']
[18, 0.457174688577652, 0.41982501745224, 0.877261757850647, 0.9917135238647461, 0.13252149522304535, 0.17430968582630157, 1.286057949066162, 0.7870609760284424, 0.792992115020752, 0.792992115020752, 0.7348431348800659, '01:20']
[19, 0.45460447669029236, 0.41647619009017944, 0.871101975440979, 0.9900445938110352, 0.14052727818489075, 0.17532587051391602, 1.360044240951538, 0.779021680355072, 0.78341144323349, 0.78341144323349, 1.0072059631347656, '01:20']
[20, 0.45382529497146606, 0.4339980483055115, 0.8908899426460266, 0.9903650879859924, 0.11462152749300003, 0.17495988309383392, 1.356553316116333, 0.806958794593811, 0.8135163187980652, 0.8135163187980652, 1.0873950719833374, '01:20']
[21, 0.45272430777549744, 0.4278479218482971, 0.8834641575813293, 0.9857237935066223, 0.12364942580461502, 0.1775248944759369, 1.53134024143219, 0.7874958515167236, 0.8004979491233826, 0.8004978895187378, 2.351030111312866, '01:20']
[22, 0.45791465044021606, 0.4293898046016693, 0.8817825317382812, 0.9836183190345764, 0.1241924986243248, 0.17862941324710846, 1.616637110710144, 0.7792341709136963, 0.7971594929695129, 0.7971594929695129, 3.3695223331451416, '01:20']
No improvement since epoch 14: early stopping
----------
2
----------
DLS create!
[0, 0.519828200340271, 0.5155340433120728, 0.9801420569419861, 0.9906250834465027, 0.004422406665980816, 0.18372616171836853, 1.4097161293029785, 0.9616090655326843, 0.9615477323532104, 0.9615477323532104, 0.20280174911022186, '01:21']
Better model found at epoch 0 with valid_loss value: 0.5155340433120728.
[1, 0.49477237462997437, 0.5048063397407532, 0.9600352644920349, 0.9722106456756592, 0.04664381220936775, 0.18256287276744843, 1.6526339054107666, 0.9209398627281189, 0.9265653491020203, 0.9265653491020203, 6.414235591888428, '01:19']
Better model found at epoch 1 with valid_loss value: 0.5048063397407532.
[2, 0.4911496341228485, 0.49857452511787415, 0.9556164145469666, 0.9774702191352844, 0.050799351185560226, 0.18039992451667786, 1.6375489234924316, 0.9114124178886414, 0.9178846478462219, 0.9178846478462219, 4.638392448425293, '01:21']
Better model found at epoch 2 with valid_loss value: 0.49857452511787415.
[3, 0.48239997029304504, 0.4908275008201599, 0.9543722867965698, 0.9868617653846741, 0.050941698253154755, 0.17582714557647705, 1.4593640565872192, 0.9149442315101624, 0.9151239991188049, 0.9151239991188049, 1.6255253553390503, '01:19']
Better model found at epoch 3 with valid_loss value: 0.4908275008201599.
[4, 0.47678112983703613, 0.4856831431388855, 0.9499308466911316, 0.9891502261161804, 0.05663372948765755, 0.1746891885995865, 1.3387762308120728, 0.905362606048584, 0.9074821472167969, 0.9074821472167969, 0.8588020205497742, '01:20']
Better model found at epoch 4 with valid_loss value: 0.4856831431388855.
[5, 0.46439671516418457, 0.4723489582538605, 0.9312862157821655, 0.987174928188324, 0.07563146948814392, 0.17580020427703857, 1.4667413234710693, 0.8745959401130676, 0.8767654299736023, 0.8767654299736023, 1.6376479864120483, '01:21']
Better model found at epoch 5 with valid_loss value: 0.4723489582538605.
[6, 0.4736303389072418, 0.47618961334228516, 0.9374989867210388, 0.9876325726509094, 0.07036279886960983, 0.17559899389743805, 1.449573278427124, 0.8843014240264893, 0.8862321972846985, 0.8862321972846985, 1.4414619207382202, '01:20']
[7, 0.4684154987335205, 0.4679836332798004, 0.928073525428772, 0.9881294965744019, 0.08057116717100143, 0.17533281445503235, 1.424021601676941, 0.8695504665374756, 0.8719435930252075, 0.8719437718391418, 1.3142869472503662, '01:20']
Better model found at epoch 7 with valid_loss value: 0.4679836332798004.
[8, 0.4612330198287964, 0.4744862914085388, 0.9323650002479553, 0.9856817722320557, 0.07458596676588058, 0.17657040059566498, 1.5196194648742676, 0.8740904927253723, 0.8792813420295715, 0.8792813420295715, 2.1986236572265625, '01:20']
[9, 0.4639948010444641, 0.4614168405532837, 0.918354868888855, 0.9876105189323425, 0.08880822360515594, 0.17557013034820557, 1.4506292343139648, 0.8516722917556763, 0.8559277057647705, 0.8559277057647705, 1.472360610961914, '01:20']
Better model found at epoch 9 with valid_loss value: 0.4614168405532837.
[10, 0.46106475591659546, 0.47664132714271545, 0.9337156414985657, 0.9839292168617249, 0.07310976088047028, 0.1774425506591797, 1.5538980960845947, 0.8760306239128113, 0.883114755153656, 0.883114755153656, 2.5807576179504395, '01:20']
[11, 0.4599567651748657, 0.4540170729160309, 0.9107809662818909, 0.9878531098365784, 0.09782709926366806, 0.17548823356628418, 1.4439446926116943, 0.8391138911247253, 0.8446703553199768, 0.8446703553199768, 1.4871103763580322, '01:20']
Better model found at epoch 11 with valid_loss value: 0.4540170729160309.
[12, 0.45315951108932495, 0.45689457654953003, 0.9118120074272156, 0.9886376261711121, 0.09417577087879181, 0.17503806948661804, 1.400667428970337, 0.8426699638366699, 0.8464829921722412, 0.8464829921722412, 1.1517436504364014, '01:20']
[13, 0.4583444893360138, 0.4560358226299286, 0.912013053894043, 0.9889458417892456, 0.09558947384357452, 0.1748955249786377, 1.3885908126831055, 0.8434698581695557, 0.8459660410881042, 0.8459660410881042, 1.0541059970855713, '01:20']
[14, 0.4638400971889496, 0.4901222586631775, 0.9414929747581482, 0.9812347292900085, 0.061799921095371246, 0.17868202924728394, 1.6251821517944336, 0.8836349248886108, 0.8936629295349121, 0.8936629295349121, 3.473418712615967, '01:20']
[15, 0.45206737518310547, 0.4594208896160126, 0.9171926379203796, 0.9904788732528687, 0.08872580528259277, 0.1740436553955078, 1.2407121658325195, 0.8449044227600098, 0.8545143604278564, 0.8545143604278564, 0.5109648108482361, '01:20']
[16, 0.45673438906669617, 0.47204792499542236, 0.9230270385742188, 0.9809229373931885, 0.08261553943157196, 0.1789904683828354, 1.6114908456802368, 0.8498490452766418, 0.8635162115097046, 0.8635162115097046, 3.768202781677246, '01:20']
[17, 0.4404122233390808, 0.4590727984905243, 0.9155317544937134, 0.9895196557044983, 0.0897424966096878, 0.17454208433628082, 1.3169549703598022, 0.8465015292167664, 0.8519665598869324, 0.8519665598869324, 0.7868350148200989, '01:21']
[18, 0.4537833631038666, 0.45905566215515137, 0.9122805595397949, 0.9853572249412537, 0.0936233326792717, 0.17678943276405334, 1.5335924625396729, 0.8357735276222229, 0.8461960554122925, 0.8461960554122925, 2.1342501640319824, '01:19']
[19, 0.46070632338523865, 0.4497224688529968, 0.9058583974838257, 0.9879448413848877, 0.10418858379125595, 0.1755082607269287, 1.4236549139022827, 0.8328918814659119, 0.8370980620384216, 0.8370980620384216, 1.2733981609344482, '01:20']
Better model found at epoch 19 with valid_loss value: 0.4497224688529968.
[20, 0.4574154019355774, 0.44887086749076843, 0.9066256284713745, 0.9871801137924194, 0.10421812534332275, 0.1759653240442276, 1.4833033084869385, 0.8293710947036743, 0.8369473218917847, 0.8369473218917847, 1.7605961561203003, '01:20']
Better model found at epoch 20 with valid_loss value: 0.44887086749076843.
[21, 0.4447901248931885, 0.450421541929245, 0.9047532677650452, 0.9902642369270325, 0.10062101483345032, 0.17422839999198914, 1.2586719989776611, 0.8299379348754883, 0.8380904197692871, 0.8380904197692871, 0.6054189205169678, '01:20']
[22, 0.45267659425735474, 0.4607337713241577, 0.9171602725982666, 0.9873520731925964, 0.08881055563688278, 0.175779789686203, 1.4735078811645508, 0.84797203540802, 0.853122353553772, 0.853122353553772, 1.6186015605926514, '01:19']
[23, 0.45172369480133057, 0.45087888836860657, 0.9041687846183777, 0.9874179363250732, 0.10223371535539627, 0.17572017014026642, 1.4585340023040771, 0.8284322619438171, 0.8340817093849182, 0.8340817093849182, 1.632399559020996, '01:20']
[24, 0.4352048337459564, 0.48290717601776123, 0.9260092377662659, 0.976186215877533, 0.0781995952129364, 0.1813115030527115, 1.651868462562561, 0.8527432680130005, 0.8685156106948853, 0.8685156106948853, 5.405929088592529, '01:20']
[25, 0.44057267904281616, 0.447405070066452, 0.9040099382400513, 0.9881525039672852, 0.10376837104558945, 0.17538820207118988, 1.433058500289917, 0.8270602822303772, 0.8331777453422546, 0.8331777453422546, 1.4094116687774658, '01:20']
Better model found at epoch 25 with valid_loss value: 0.447405070066452.
[26, 0.44843289256095886, 0.44866830110549927, 0.9031080603599548, 0.9895539283752441, 0.10431643575429916, 0.17454738914966583, 1.3439955711364746, 0.8281410336494446, 0.8333157300949097, 0.8333157300949097, 0.9156778454780579, '01:19']
[27, 0.4427606165409088, 0.4568966329097748, 0.9113755822181702, 0.9877389073371887, 0.09365787357091904, 0.17555229365825653, 1.4378069639205933, 0.8408282995223999, 0.8463336229324341, 0.8463336229324341, 1.4859321117401123, '01:20']
[28, 0.4362897276878357, 0.4608902037143707, 0.9161588549613953, 0.9908396005630493, 0.08681093901395798, 0.17385423183441162, 1.1678203344345093, 0.8436083197593689, 0.8572346568107605, 0.8572346568107605, 0.3889589011669159, '01:20']
[29, 0.4424516260623932, 0.44948017597198486, 0.8987958431243896, 0.985472559928894, 0.10684990882873535, 0.17679661512374878, 1.5386017560958862, 0.8141530752182007, 0.8256976008415222, 0.8256976008415222, 2.1652638912200928, '01:20']
[30, 0.44349995255470276, 0.4412572681903839, 0.8929717540740967, 0.9904708862304688, 0.11327459663152695, 0.17411313951015472, 1.2433875799179077, 0.8086404204368591, 0.8180556893348694, 0.8180556893348694, 0.5902264714241028, '01:20']
Better model found at epoch 30 with valid_loss value: 0.4412572681903839.
[31, 0.4429154098033905, 0.4432719051837921, 0.8968093395233154, 0.9891023635864258, 0.10931400209665298, 0.1748085767030716, 1.387803077697754, 0.8143428564071655, 0.8204490542411804, 0.8204490542411804, 1.1591503620147705, '01:20']
[32, 0.44197380542755127, 0.45186224579811096, 0.903080940246582, 0.985358715057373, 0.10285677015781403, 0.17685073614120483, 1.4887067079544067, 0.8216982483863831, 0.8318107724189758, 0.8318107724189758, 2.048170804977417, '01:20']
[33, 0.440896600484848, 0.43358394503593445, 0.8868096470832825, 0.9890740513801575, 0.12309412658214569, 0.17499029636383057, 1.3672242164611816, 0.8009450435638428, 0.8077564835548401, 0.8077564835548401, 1.0713117122650146, '01:19']
Better model found at epoch 33 with valid_loss value: 0.43358394503593445.
[34, 0.4422343969345093, 0.4514773190021515, 0.9013208150863647, 0.9861207604408264, 0.10393520444631577, 0.17650632560253143, 1.5180259943008423, 0.8177140355110168, 0.8290463089942932, 0.8290463089942932, 2.005248546600342, '01:20']
[35, 0.45263999700546265, 0.45436814427375793, 0.910441517829895, 0.9872544407844543, 0.09591621905565262, 0.175816148519516, 1.4570410251617432, 0.8330255746841431, 0.8413298726081848, 0.8413298726081848, 1.656370759010315, '01:20']
[36, 0.44346657395362854, 0.4422239065170288, 0.8934710025787354, 0.9902052283287048, 0.11175311356782913, 0.1741955578327179, 1.299281120300293, 0.8098040819168091, 0.8179413676261902, 0.8179413676261902, 0.7473934292793274, '01:22']
[37, 0.4424077868461609, 0.4596059024333954, 0.9119423031806946, 0.9846982955932617, 0.09243687242269516, 0.17708858847618103, 1.5577938556671143, 0.8328596949577332, 0.8456531167030334, 0.8456531167030334, 2.562106132507324, '01:20']
[38, 0.43406739830970764, 0.4415956735610962, 0.8941879272460938, 0.9862931370735168, 0.11288314312696457, 0.1764066368341446, 1.513960599899292, 0.8056140542030334, 0.8172760605812073, 0.8172760605812073, 2.035533905029297, '01:20']
[39, 0.4371103048324585, 0.4431767761707306, 0.8978226780891418, 0.9885292649269104, 0.11086121201515198, 0.17519915103912354, 1.4102230072021484, 0.8205636143684387, 0.8261538147926331, 0.8261538147926331, 1.2668768167495728, '01:21']
[40, 0.44902467727661133, 0.45300087332725525, 0.9050050973892212, 0.9839046001434326, 0.10572604089975357, 0.17792604863643646, 1.5885871648788452, 0.8146063685417175, 0.8340723514556885, 0.8340723514556885, 2.799550771713257, '01:20']
[41, 0.445189893245697, 0.4538484513759613, 0.9092775583267212, 0.9873934984207153, 0.0985642746090889, 0.1757591813802719, 1.4642549753189087, 0.8356420397758484, 0.8422500491142273, 0.8422500491142273, 1.5004371404647827, '01:20']
No improvement since epoch 33: early stopping
----------
3
----------
DLS create!
[0, 0.5286197066307068, 0.5138370394706726, 0.9826949834823608, 0.9787582755088806, 0.028858497738838196, 0.1856621652841568, 1.5167089700698853, 0.9620970487594604, 0.9662843942642212, 0.9662843942642212, 6.4723944664001465, '01:21']
Better model found at epoch 0 with valid_loss value: 0.5138370394706726.
[1, 0.4995249807834625, 0.5017256736755371, 0.9699737429618835, 0.9787762761116028, 0.03864916414022446, 0.18237528204917908, 1.6746994256973267, 0.9340813755989075, 0.9427502155303955, 0.9427502155303955, 6.362926483154297, '01:20']
Better model found at epoch 1 with valid_loss value: 0.5017256736755371.
[2, 0.48988601565361023, 0.48786458373069763, 0.9612552523612976, 0.9890521764755249, 0.04423842951655388, 0.1762431114912033, 1.5170716047286987, 0.9240646362304688, 0.9273234605789185, 0.9273234605789185, 2.2916572093963623, '01:20']
Better model found at epoch 2 with valid_loss value: 0.48786458373069763.
[3, 0.492514044046402, 0.5145230889320374, 0.9760631918907166, 0.9767258763313293, 0.03204445540904999, 0.18438704311847687, 1.7014541625976562, 0.9478211998939514, 0.9540673494338989, 0.9540673494338989, 7.37083625793457, '01:20']
[4, 0.479722261428833, 0.47233104705810547, 0.9456524848937988, 0.9895459413528442, 0.06301179528236389, 0.17598076164722443, 1.50523841381073, 0.8933204412460327, 0.8993043899536133, 0.8993043899536133, 2.0557029247283936, '01:19']
Better model found at epoch 4 with valid_loss value: 0.47233104705810547.
[5, 0.4800102710723877, 0.4860866069793701, 0.951228141784668, 0.9830015897750854, 0.052242036908864975, 0.17908379435539246, 1.6710470914840698, 0.8986453413963318, 0.9088320732116699, 0.9088320732116699, 4.629621982574463, '01:20']
[6, 0.4727209508419037, 0.49274593591690063, 0.9658576846122742, 0.9900067448616028, 0.03750641644001007, 0.17555812001228333, 1.4697771072387695, 0.9349005222320557, 0.9353492856025696, 0.9353492856025696, 1.6136494874954224, '01:20']
[7, 0.47115200757980347, 0.462906152009964, 0.9337900280952454, 0.9884390830993652, 0.07447942346334457, 0.17647308111190796, 1.5425119400024414, 0.8716926574707031, 0.8789733052253723, 0.8789733052253723, 2.466529607772827, '01:20']
Better model found at epoch 7 with valid_loss value: 0.462906152009964.
[8, 0.46328338980674744, 0.46209630370140076, 0.9313005208969116, 0.9891865253448486, 0.07558352500200272, 0.17612984776496887, 1.5239969491958618, 0.8675692081451416, 0.8757709264755249, 0.8757709264755249, 2.07924485206604, '01:20']
Better model found at epoch 8 with valid_loss value: 0.46209630370140076.
[9, 0.46927133202552795, 0.4667538106441498, 0.9396237730979919, 0.9910544753074646, 0.06728949397802353, 0.17509448528289795, 1.4190791845321655, 0.8858980536460876, 0.89028400182724, 0.89028400182724, 1.5682740211486816, '01:20']
[10, 0.4700954556465149, 0.46592313051223755, 0.9396920204162598, 0.9916101694107056, 0.0712151899933815, 0.17500129342079163, 1.4037951231002808, 0.885404109954834, 0.8891061544418335, 0.8891061544418335, 1.2691290378570557, '01:20']
[11, 0.4561149775981903, 0.46714040637016296, 0.933794379234314, 0.987975001335144, 0.07075994461774826, 0.17667849361896515, 1.5685241222381592, 0.8726955056190491, 0.8805775046348572, 0.8805775046348572, 2.7698166370391846, '01:20']
[12, 0.4573169946670532, 0.46350497007369995, 0.9292330145835876, 0.9863970279693604, 0.07536254823207855, 0.17744897305965424, 1.6185035705566406, 0.8588057160377502, 0.8707766532897949, 0.8707766532897949, 3.6044933795928955, '01:19']
[13, 0.46092459559440613, 0.46416956186294556, 0.9340106248855591, 0.9891263246536255, 0.07227975875139236, 0.17614133656024933, 1.540359616279602, 0.870850145816803, 0.8792788982391357, 0.8792788982391357, 2.2384157180786133, '01:21']
[14, 0.44987043738365173, 0.4658159911632538, 0.9327785968780518, 0.9876901507377625, 0.07201359421014786, 0.17678622901439667, 1.5647779703140259, 0.8689255118370056, 0.8775677680969238, 0.8775677680969238, 2.6072065830230713, '01:20']
[15, 0.4536721706390381, 0.45538944005966187, 0.9237892627716064, 0.9894754886627197, 0.08172207325696945, 0.17596660554409027, 1.5381823778152466, 0.8548372387886047, 0.8626287579536438, 0.8626287579536438, 2.1653473377227783, '01:21']
Better model found at epoch 15 with valid_loss value: 0.45538944005966187.
[16, 0.44929981231689453, 0.4552481174468994, 0.9261627793312073, 0.991407036781311, 0.08134368807077408, 0.1749746948480606, 1.414963960647583, 0.8608696460723877, 0.8660274744033813, 0.8660274744033813, 1.1639896631240845, '01:20']
Better model found at epoch 16 with valid_loss value: 0.4552481174468994.
[17, 0.450192928314209, 0.45895349979400635, 0.9266018271446228, 0.9897847771644592, 0.07860110700130463, 0.17584717273712158, 1.5132251977920532, 0.8605926632881165, 0.867311418056488, 0.867311418056488, 1.8115090131759644, '01:20']
[18, 0.4507395625114441, 0.4832587242126465, 0.9439264535903931, 0.9819361567497253, 0.059297166764736176, 0.17965556681156158, 1.667574167251587, 0.885253369808197, 0.8973684906959534, 0.8973684906959534, 5.518963813781738, '01:19']
[19, 0.4595588445663452, 0.4582996070384979, 0.9294998049736023, 0.9905990362167358, 0.07808438688516617, 0.17534670233726501, 1.4719654321670532, 0.864899218082428, 0.8713619709014893, 0.8713619709014893, 1.5846847295761108, '01:20']
[20, 0.4536783695220947, 0.45721113681793213, 0.926666259765625, 0.9891414046287537, 0.08106103539466858, 0.1761661320924759, 1.5418466329574585, 0.8577870726585388, 0.8665983080863953, 0.8665983080863953, 2.3331310749053955, '01:20']
[21, 0.44027769565582275, 0.461296021938324, 0.9312588572502136, 0.9904263019561768, 0.0754157081246376, 0.17532660067081451, 1.48533034324646, 0.8690915703773499, 0.8747441172599792, 0.8747441172599792, 1.7277626991271973, '01:21']
[22, 0.4410803020000458, 0.4737514853477478, 0.9365484714508057, 0.9867908358573914, 0.06545901298522949, 0.17731770873069763, 1.5782198905944824, 0.8745168447494507, 0.8844921588897705, 0.8844921588897705, 2.651087760925293, '01:20']
[23, 0.45361414551734924, 0.4568202495574951, 0.9266534447669983, 0.9912458658218384, 0.07985721528530121, 0.17497479915618896, 1.4123741388320923, 0.8639219999313354, 0.8682873249053955, 0.8682873249053955, 1.227249026298523, '01:20']
[24, 0.44694289565086365, 0.46357622742652893, 0.9350691437721252, 0.9907643795013428, 0.07089970260858536, 0.1752578467130661, 1.4388762712478638, 0.8766005039215088, 0.8816559314727783, 0.8816559314727783, 1.3377299308776855, '01:19']
No improvement since epoch 16: early stopping
----------
4
----------
DLS create!
[0, 0.5245926380157471, 0.5089402198791504, 0.9817721247673035, 0.9931427836418152, 0.00020177470287308097, 0.18289664387702942, 1.3351742029190063, 0.9631791114807129, 0.9645377397537231, 0.9645377397537231, 0.00564373005181551, '01:22']
Better model found at epoch 0 with valid_loss value: 0.5089402198791504.
[1, 0.49863284826278687, 0.4894457161426544, 0.963282585144043, 0.9893463253974915, 0.04677732288837433, 0.17564815282821655, 1.428532600402832, 0.9300748705863953, 0.9309991002082825, 0.9309991002082825, 2.256296396255493, '01:20']
Better model found at epoch 1 with valid_loss value: 0.4894457161426544.
[2, 0.48873499035835266, 0.47631940245628357, 0.9480016231536865, 0.9896482825279236, 0.062104616314172745, 0.17558503150939941, 1.4554888010025024, 0.8996626734733582, 0.9044683575630188, 0.9044683575630188, 2.388634443283081, '01:20']
Better model found at epoch 2 with valid_loss value: 0.47631940245628357.
[3, 0.48320651054382324, 0.5120824575424194, 0.958259642124176, 0.9631174206733704, 0.04512806609272957, 0.1877164989709854, 1.7826175689697266, 0.9014939069747925, 0.922577440738678, 0.922577440738678, 17.648462295532227, '01:20']
[4, 0.4806690812110901, 0.47212690114974976, 0.9369463920593262, 0.9828466176986694, 0.07157201319932938, 0.1786864846944809, 1.6260093450546265, 0.8705019354820251, 0.8860719203948975, 0.8860719203948975, 6.8191351890563965, '01:20']
Better model found at epoch 4 with valid_loss value: 0.47212690114974976.
[5, 0.4759870171546936, 0.5063570737838745, 0.946414589881897, 0.9674895405769348, 0.055680375546216965, 0.18634942173957825, 1.7928091287612915, 0.869817852973938, 0.9024416208267212, 0.9024416208267212, 14.816737174987793, '01:19']
[6, 0.4758205711841583, 0.4523314833641052, 0.918293833732605, 0.9899652004241943, 0.092582568526268, 0.17529398202896118, 1.4507914781570435, 0.8505153656005859, 0.8554673790931702, 0.8554673790931702, 1.9647574424743652, '01:21']
Better model found at epoch 6 with valid_loss value: 0.4523314833641052.
[7, 0.4695923626422882, 0.5041966438293457, 0.9475421905517578, 0.9671053290367126, 0.05699990689754486, 0.1869339495897293, 1.7949105501174927, 0.8697745203971863, 0.9037091732025146, 0.9037091732025146, 14.188111305236816, '01:20']
[8, 0.47151249647140503, 0.45469173789024353, 0.923316478729248, 0.991895318031311, 0.08873365819454193, 0.1743752360343933, 1.322911024093628, 0.8606434464454651, 0.8645337820053101, 0.8645336627960205, 0.9126172661781311, '01:20']
[9, 0.4685511887073517, 0.4483555853366852, 0.9135240912437439, 0.9904035329818726, 0.09635966271162033, 0.17510418593883514, 1.4337788820266724, 0.8406073451042175, 0.8473100066184998, 0.8473100066184998, 1.783219814300537, '01:20']
Better model found at epoch 9 with valid_loss value: 0.4483555853366852.
[10, 0.46383899450302124, 0.4607324004173279, 0.9196926951408386, 0.985381543636322, 0.0850234404206276, 0.17762626707553864, 1.600337266921997, 0.8415278196334839, 0.8577541708946228, 0.8577541708946228, 3.8405654430389404, '01:21']
[11, 0.4588741958141327, 0.4760286211967468, 0.9295492172241211, 0.9782648086547852, 0.07487919926643372, 0.1811738759279251, 1.717527985572815, 0.8462221026420593, 0.8739190697669983, 0.8739190697669983, 8.499428749084473, '01:20']
[12, 0.45298582315444946, 0.45648568868637085, 0.9144629836082458, 0.9867717027664185, 0.08964547514915466, 0.17689476907253265, 1.5618882179260254, 0.8383707404136658, 0.849757730960846, 0.8497576713562012, 2.7405471801757812, '01:21']
[13, 0.44714632630348206, 0.46232888102531433, 0.9197902679443359, 0.9867964386940002, 0.0839809700846672, 0.17688752710819244, 1.5588651895523071, 0.8491306900978088, 0.8593648076057434, 0.8593648076057434, 3.284700870513916, '01:20']
[14, 0.4620622396469116, 0.4648520052433014, 0.9207627177238464, 0.9829831719398499, 0.08329349011182785, 0.1787799745798111, 1.6511754989624023, 0.8426883220672607, 0.860567569732666, 0.860567569732666, 5.5259928703308105, '01:21']
[15, 0.45151352882385254, 0.45703011751174927, 0.9185705780982971, 0.9890052676200867, 0.08643245697021484, 0.1757889986038208, 1.5022276639938354, 0.8484359383583069, 0.8563376069068909, 0.8563376069068909, 2.5619571208953857, '01:21']
[16, 0.4523697793483734, 0.4401485323905945, 0.9010605216026306, 0.9886534214019775, 0.10795286297798157, 0.17608612775802612, 1.5072108507156372, 0.8170689940452576, 0.8281299471855164, 0.8281299471855164, 2.330368757247925, '01:22']
Better model found at epoch 16 with valid_loss value: 0.4401485323905945.
[17, 0.4449135363101959, 0.4341736435890198, 0.8954631090164185, 0.9901332855224609, 0.1135023981332779, 0.17531226575374603, 1.466736912727356, 0.8116178512573242, 0.8201044797897339, 0.8201044797897339, 2.0303595066070557, '01:21']
Better model found at epoch 17 with valid_loss value: 0.4341736435890198.
[18, 0.4494847357273102, 0.45014193654060364, 0.9130545854568481, 0.990529477596283, 0.09368566423654556, 0.1749786138534546, 1.430719017982483, 0.8425672650337219, 0.8488257527351379, 0.8488257527351379, 1.8463585376739502, '01:20']
[19, 0.44525760412216187, 0.4640420079231262, 0.9289658069610596, 0.9928614497184753, 0.07509183138608932, 0.17367812991142273, 1.1598061323165894, 0.8572809100151062, 0.8754185438156128, 0.8754185438156128, 0.33046096563339233, '01:22']
[20, 0.4467390179634094, 0.48243221640586853, 0.9269925355911255, 0.9749340415000916, 0.07444194704294205, 0.18284685909748077, 1.7496641874313354, 0.8358142375946045, 0.8703352212905884, 0.8703352212905884, 9.134323120117188, '01:19']
[21, 0.45188966393470764, 0.44275978207588196, 0.9008331894874573, 0.9866970777511597, 0.10531963407993317, 0.17705173790454865, 1.5722100734710693, 0.8112936615943909, 0.8293511867523193, 0.8293511867523193, 3.8240716457366943, '01:20']
[22, 0.4538592994213104, 0.4424003064632416, 0.9008013010025024, 0.9897670149803162, 0.10419292002916336, 0.17550969123840332, 1.4295358657836914, 0.8214491605758667, 0.8303393125534058, 0.8303393125534058, 1.6194114685058594, '01:20']
[23, 0.44812434911727905, 0.4379722774028778, 0.8960825800895691, 0.9910303354263306, 0.10881006717681885, 0.1747932732105255, 1.3766010999679565, 0.8181981444358826, 0.8229708075523376, 0.8229708075523376, 1.1220357418060303, '01:20']
[24, 0.44755443930625916, 0.4331023097038269, 0.8897183537483215, 0.9886150360107422, 0.11646372824907303, 0.17610248923301697, 1.5342172384262085, 0.7987606525421143, 0.8114450573921204, 0.8114450573921204, 2.7135961055755615, '01:20']
Better model found at epoch 24 with valid_loss value: 0.4331023097038269.
[25, 0.4494035542011261, 0.4457968473434448, 0.9013496041297913, 0.9869771599769592, 0.10331691801548004, 0.17696574330329895, 1.5707701444625854, 0.8138149380683899, 0.8290948867797852, 0.8290948867797852, 3.1121585369110107, '01:22']
[26, 0.4498582184314728, 0.4418586194515228, 0.9023615121841431, 0.9880233407020569, 0.10438071191310883, 0.17637814581394196, 1.543074369430542, 0.8166366219520569, 0.8298607468605042, 0.8298607468605042, 2.7632627487182617, '01:21']
[27, 0.44228270649909973, 0.4466214179992676, 0.9041369557380676, 0.9882189035415649, 0.09996897727251053, 0.17632825672626495, 1.5170727968215942, 0.8243791460990906, 0.8344234228134155, 0.8344234228134155, 2.1031887531280518, '01:21']
[28, 0.4442225694656372, 0.4376296401023865, 0.8969489336013794, 0.9922427535057068, 0.10820744186639786, 0.17412929236888885, 1.2638531923294067, 0.8187046051025391, 0.8254508376121521, 0.8254508376121521, 0.6682485938072205, '01:22']
[29, 0.44929805397987366, 0.4297412633895874, 0.8896796703338623, 0.9912758469581604, 0.1197308823466301, 0.17468610405921936, 1.3829301595687866, 0.8035826086997986, 0.8124949336051941, 0.8124949336051941, 1.4251244068145752, '01:21']
Better model found at epoch 29 with valid_loss value: 0.4297412633895874.
[30, 0.45030874013900757, 0.4501204788684845, 0.9060719609260559, 0.9849209189414978, 0.09888692945241928, 0.1780485361814499, 1.6130800247192383, 0.8152713179588318, 0.8362295031547546, 0.8362295031547546, 3.7171077728271484, '01:21']
[31, 0.4448665678501129, 0.44038835167884827, 0.8983478546142578, 0.9877488017082214, 0.10760191828012466, 0.17650918662548065, 1.5490909814834595, 0.8087890148162842, 0.8234123587608337, 0.8234123587608337, 2.611299753189087, '01:21']
[32, 0.437249094247818, 0.43289268016815186, 0.8895553946495056, 0.9895632863044739, 0.11581830680370331, 0.1756138652563095, 1.4912784099578857, 0.7996060848236084, 0.8092654943466187, 0.8092654943466187, 1.9361746311187744, '01:22']
[33, 0.4534625709056854, 0.45685839653015137, 0.9146785140037537, 0.9860466718673706, 0.08917103707790375, 0.177310049533844, 1.6111034154891968, 0.83529132604599, 0.8492896556854248, 0.8492896556854248, 4.029576778411865, '01:21']
[34, 0.4450041651725769, 0.4264043867588043, 0.8843569755554199, 0.9900787472724915, 0.1239231750369072, 0.17538568377494812, 1.4611958265304565, 0.7962443232536316, 0.8051815629005432, 0.8051814436912537, 2.0125792026519775, '01:20']
Better model found at epoch 34 with valid_loss value: 0.4264043867588043.
[35, 0.44280266761779785, 0.4282451868057251, 0.8875020146369934, 0.9919904470443726, 0.11967221647500992, 0.17429566383361816, 1.3406215906143188, 0.8006044626235962, 0.8086082339286804, 0.8086082339286804, 1.0533099174499512, '01:21']
[36, 0.44995975494384766, 0.4419913589954376, 0.8988285660743713, 0.9876866340637207, 0.106521375477314, 0.1765356957912445, 1.5459188222885132, 0.8120497465133667, 0.8252582550048828, 0.8252582550048828, 3.077030658721924, '01:21']
[37, 0.4423324763774872, 0.4528902471065521, 0.9192160367965698, 0.9929083585739136, 0.08809440582990646, 0.1737300306558609, 1.1701202392578125, 0.8465398550033569, 0.8599656224250793, 0.8599656224250793, 0.40188711881637573, '01:21']
[38, 0.44559356570243835, 0.427394837141037, 0.8848634958267212, 0.9917095899581909, 0.12271258980035782, 0.17448456585407257, 1.3399533033370972, 0.8007121682167053, 0.8060262203216553, 0.8060262203216553, 0.9312952160835266, '01:20']
[39, 0.4406668245792389, 0.4386487603187561, 0.8964694142341614, 0.9885659217834473, 0.1089896485209465, 0.1760973483324051, 1.542190670967102, 0.8106967806816101, 0.8217219114303589, 0.8217219114303589, 2.9099526405334473, '01:21']
[40, 0.4440126419067383, 0.451871395111084, 0.9077005386352539, 0.9865949749946594, 0.09566047787666321, 0.17717932164669037, 1.5702329874038696, 0.8277243375778198, 0.8404542803764343, 0.8404542803764343, 2.600527763366699, '01:22']
[41, 0.4352543354034424, 0.43736761808395386, 0.8956776261329651, 0.9902807474136353, 0.11096414923667908, 0.17521759867668152, 1.407102108001709, 0.8170327544212341, 0.8231919407844543, 0.8231919407844543, 1.3156371116638184, '01:20']
[42, 0.43703314661979675, 0.43915408849716187, 0.8941810727119446, 0.9873275756835938, 0.11094846576452255, 0.1768263429403305, 1.5763959884643555, 0.7996488809585571, 0.8184340000152588, 0.8184340000152588, 3.833218574523926, '01:21']
No improvement since epoch 34: early stopping
Unet_dense161 Done!
