Models will save to Unet_mobs4_x
Use mobileone_s4 encoder
Start training...
----------
0
----------
DLS create!
[0, 0.5313176512718201, 0.5110652446746826, 0.9900059700012207, 0.9932394623756409, 0.0, 0.17838525772094727, 1.1248762607574463, 0.9868848919868469, 0.9802837371826172, 0.9802837371826172, 0.0038828684482723475, '00:59']
Better model found at epoch 0 with valid_loss value: 0.5110652446746826.
[1, 0.5045509338378906, 0.48609796166419983, 0.9573067426681519, 0.9802181720733643, 0.06236822530627251, 0.1803707480430603, 1.5246155261993408, 0.9127275347709656, 0.9199413657188416, 0.9199413657188416, 7.688899517059326, '00:58']
Better model found at epoch 1 with valid_loss value: 0.48609796166419983.
[2, 0.4912600815296173, 0.48414865136146545, 0.9540606737136841, 0.9910352826118469, 0.05508631840348244, 0.17474529147148132, 1.339436650276184, 0.9139893054962158, 0.916343629360199, 0.916343629360199, 1.1477601528167725, '00:58']
Better model found at epoch 2 with valid_loss value: 0.48414865136146545.
[3, 0.486390620470047, 0.4625954031944275, 0.9309015870094299, 0.986262321472168, 0.08029661327600479, 0.17746850848197937, 1.5678133964538574, 0.8670132756233215, 0.8743393421173096, 0.8743393421173096, 3.5826714038848877, '00:58']
Better model found at epoch 3 with valid_loss value: 0.4625954031944275.
[4, 0.48126688599586487, 0.45754653215408325, 0.9292147755622864, 0.990790843963623, 0.08690956979990005, 0.17509455978870392, 1.384901762008667, 0.8702636361122131, 0.8721023797988892, 0.8721023797988892, 1.334517002105713, '00:58']
Better model found at epoch 4 with valid_loss value: 0.45754653215408325.
[5, 0.4685577154159546, 0.48199737071990967, 0.9333921074867249, 0.9778456091880798, 0.06908239424228668, 0.18154670298099518, 1.7282867431640625, 0.8555790781974792, 0.878231406211853, 0.878231406211853, 6.797096252441406, '00:58']
[6, 0.4675939381122589, 0.4507308900356293, 0.913424551486969, 0.9878544807434082, 0.0936538353562355, 0.17654122412204742, 1.5358260869979858, 0.8392919301986694, 0.846034049987793, 0.846034049987793, 2.2701926231384277, '00:58']
Better model found at epoch 6 with valid_loss value: 0.4507308900356293.
[7, 0.46275806427001953, 0.4559769630432129, 0.9149901866912842, 0.985411524772644, 0.08949769288301468, 0.17780430614948273, 1.6203272342681885, 0.8340457081794739, 0.8482241630554199, 0.8482241630554199, 3.5940403938293457, '01:00']
[8, 0.4617464244365692, 0.4418350160121918, 0.9076611399650574, 0.9912974238395691, 0.10141295939683914, 0.17468340694904327, 1.3834891319274902, 0.8329554796218872, 0.8366885185241699, 0.8366885185241699, 1.2552093267440796, '01:00']
Better model found at epoch 8 with valid_loss value: 0.4418350160121918.
[9, 0.4550715982913971, 0.45478153228759766, 0.921539306640625, 0.9928829073905945, 0.08454629778862, 0.17375968396663666, 1.1859071254730225, 0.8437131643295288, 0.8598873615264893, 0.8598873615264893, 0.37875840067863464, '01:00']
[10, 0.4553453028202057, 0.4419688582420349, 0.8997946381568909, 0.9873744249343872, 0.10430099070072174, 0.1767670065164566, 1.560752511024475, 0.8106525540351868, 0.8236892223358154, 0.8236892223358154, 2.676980972290039, '01:00']
[11, 0.45100152492523193, 0.4593506455421448, 0.9144554734230042, 0.9810797572135925, 0.08924034982919693, 0.1799631118774414, 1.6777408123016357, 0.8280817270278931, 0.8485678434371948, 0.8485678434371948, 5.977511405944824, '01:00']
[12, 0.44662386178970337, 0.43188682198524475, 0.8930599093437195, 0.9914743304252625, 0.11442556977272034, 0.17465989291667938, 1.3762738704681396, 0.8104636669158936, 0.814705491065979, 0.814705491065979, 1.1067798137664795, '01:00']
Better model found at epoch 12 with valid_loss value: 0.43188682198524475.
[13, 0.4511050283908844, 0.4458615481853485, 0.9131107926368713, 0.9923115968704224, 0.09649653732776642, 0.17417825758457184, 1.2778820991516113, 0.8414658308029175, 0.8468419909477234, 0.8468419909477234, 0.6910841464996338, '01:00']
[14, 0.4640521705150604, 0.43619364500045776, 0.8979057669639587, 0.988045334815979, 0.11084727942943573, 0.1765369176864624, 1.5457653999328613, 0.8095179200172424, 0.8210582137107849, 0.8210582137107849, 2.5762686729431152, '01:00']
[15, 0.4498796761035919, 0.4291010797023773, 0.8906785249710083, 0.9898110032081604, 0.11861421167850494, 0.17561806738376617, 1.4630199670791626, 0.8054068088531494, 0.8115980625152588, 0.8115980625152588, 1.992582082748413, '01:00']
Better model found at epoch 15 with valid_loss value: 0.4291010797023773.
[16, 0.45196789503097534, 0.43485119938850403, 0.8962250351905823, 0.9877805113792419, 0.11294025182723999, 0.17670521140098572, 1.5494771003723145, 0.8062176704406738, 0.8191776871681213, 0.8191776871681213, 3.2868988513946533, '01:00']
[17, 0.4491392970085144, 0.4217616021633148, 0.8820458054542542, 0.9918422698974609, 0.1290665864944458, 0.17457076907157898, 1.349062204360962, 0.7909104824066162, 0.7989992499351501, 0.7989992499351501, 1.096236228942871, '01:00']
Better model found at epoch 17 with valid_loss value: 0.4217616021633148.
[18, 0.4536038637161255, 0.427215039730072, 0.8896409273147583, 0.9917340278625488, 0.12080127000808716, 0.17459772527217865, 1.365622639656067, 0.805143415927887, 0.8095813989639282, 0.8095813989639282, 1.0139223337173462, '01:00']
[19, 0.44762009382247925, 0.4257962703704834, 0.884793758392334, 0.9900107383728027, 0.12295513600111008, 0.17554332315921783, 1.4725855588912964, 0.7970057725906372, 0.8019822239875793, 0.8019821643829346, 1.6459585428237915, '00:59']
[20, 0.4567427337169647, 0.42425331473350525, 0.8841489553451538, 0.9893933534622192, 0.1268327385187149, 0.1759929656982422, 1.5113372802734375, 0.7904238700866699, 0.8006694316864014, 0.8006694316864014, 2.3455843925476074, '00:59']
[21, 0.44577541947364807, 0.42878133058547974, 0.8877512216567993, 0.9889903664588928, 0.11896122992038727, 0.17599454522132874, 1.4857913255691528, 0.7959409356117249, 0.8055522441864014, 0.8055522441864014, 1.7992024421691895, '00:59']
[22, 0.45452749729156494, 0.4238888919353485, 0.8847000002861023, 0.9925333857536316, 0.1256421059370041, 0.17412255704402924, 1.2866156101226807, 0.7939221262931824, 0.8029953837394714, 0.8029953837394714, 0.7714335918426514, '00:59']
[23, 0.43794700503349304, 0.4195382595062256, 0.8755068778991699, 0.9908072352409363, 0.13122884929180145, 0.17515034973621368, 1.3957874774932861, 0.780819296836853, 0.7893168330192566, 0.7893168330192566, 1.2475284337997437, '00:59']
Better model found at epoch 23 with valid_loss value: 0.4195382595062256.
[24, 0.43367692828178406, 0.4557669162750244, 0.9069582223892212, 0.9807069301605225, 0.09640979766845703, 0.18033571541309357, 1.629292607307434, 0.8069277405738831, 0.8349515795707703, 0.8349515795707703, 4.712954044342041, '00:59']
[25, 0.4340658187866211, 0.42882072925567627, 0.8858466744422913, 0.987928032875061, 0.12027981132268906, 0.17671018838882446, 1.5168087482452393, 0.7929164171218872, 0.8053845763206482, 0.8053845763206482, 2.2135348320007324, '00:58']
[26, 0.4380436837673187, 0.43757060170173645, 0.8941037058830261, 0.9883776307106018, 0.11069774627685547, 0.17631545662879944, 1.538042664527893, 0.8080863952636719, 0.8163483142852783, 0.8163483142852783, 2.5042614936828613, '00:59']
[27, 0.43889784812927246, 0.41886183619499207, 0.8768414258956909, 0.9911264181137085, 0.1309080272912979, 0.1749686896800995, 1.3952381610870361, 0.7839237451553345, 0.7904511094093323, 0.7904511094093323, 1.2375351190567017, '00:58']
Better model found at epoch 27 with valid_loss value: 0.41886183619499207.
[28, 0.44687044620513916, 0.4267770051956177, 0.8865206837654114, 0.990108072757721, 0.12161149829626083, 0.1754840463399887, 1.4445539712905884, 0.7969041466712952, 0.8063957691192627, 0.8063957691192627, 2.1538524627685547, '00:59']
[29, 0.444210946559906, 0.41923150420188904, 0.8746890425682068, 0.9893004894256592, 0.1311253011226654, 0.17591361701488495, 1.5067753791809082, 0.7736166715621948, 0.7860637307167053, 0.7860637307167053, 2.231675386428833, '00:59']
[30, 0.44392117857933044, 0.4096035361289978, 0.8663946986198425, 0.9900938868522644, 0.1433693915605545, 0.17556394636631012, 1.4784234762191772, 0.7617168426513672, 0.7736580967903137, 0.7736580967903137, 2.029792308807373, '00:59']
Better model found at epoch 30 with valid_loss value: 0.4096035361289978.
[31, 0.4319480061531067, 0.4117133319377899, 0.8689395785331726, 0.9921547174453735, 0.14008691906929016, 0.1744326502084732, 1.345963478088379, 0.7728107571601868, 0.7788782715797424, 0.7788782715797424, 1.012133002281189, '00:59']
[32, 0.4360319674015045, 0.43452632427215576, 0.8899831175804138, 0.9869248867034912, 0.11556721478700638, 0.17719265818595886, 1.5790784358978271, 0.7939436435699463, 0.8087731003761292, 0.8087731003761292, 2.8275578022003174, '00:59']
[33, 0.4362638592720032, 0.44279247522354126, 0.8956131935119629, 0.9846684336662292, 0.10852758586406708, 0.1783430278301239, 1.5382612943649292, 0.8006482720375061, 0.8190701007843018, 0.8190701007843018, 2.490055561065674, '01:00']
[34, 0.4249597489833832, 0.4489156901836395, 0.9019795656204224, 0.9862527251243591, 0.10198824852705002, 0.17749790847301483, 1.4706181287765503, 0.8156452178955078, 0.8284441828727722, 0.8284441828727722, 1.968796968460083, '00:59']
[35, 0.43340668082237244, 0.42005178332328796, 0.8775590658187866, 0.9922789335250854, 0.12776240706443787, 0.17429219186306, 1.3140455484390259, 0.7854061722755432, 0.7934711575508118, 0.7934711575508118, 0.8802045583724976, '00:59']
[36, 0.43015265464782715, 0.41990944743156433, 0.8744341135025024, 0.9907705783843994, 0.1304025650024414, 0.1751524955034256, 1.3947359323501587, 0.7775705456733704, 0.7885909080505371, 0.7885909080505371, 1.4127663373947144, '01:00']
[37, 0.43312403559684753, 0.408186137676239, 0.8620317578315735, 0.9913053512573242, 0.14556406438350677, 0.17495161294937134, 1.3911653757095337, 0.7586247324943542, 0.7683923840522766, 0.7683923840522766, 1.3313159942626953, '01:00']
Better model found at epoch 37 with valid_loss value: 0.408186137676239.
[38, 0.43274930119514465, 0.45459145307540894, 0.9193577170372009, 0.9932882189750671, 0.08533850312232971, 0.1735592484474182, 1.1089140176773071, 0.8334048986434937, 0.860069215297699, 0.860069215297699, 0.2514488399028778, '01:00']
[39, 0.44190776348114014, 0.4108051359653473, 0.8671136498451233, 0.9897101521492004, 0.14263686537742615, 0.17587748169898987, 1.4860762357711792, 0.7648316621780396, 0.7751981019973755, 0.7751981019973755, 1.9532201290130615, '01:00']
[40, 0.43707457184791565, 0.4057582914829254, 0.8613578081130981, 0.9905824661254883, 0.14912886917591095, 0.17539283633232117, 1.4525964260101318, 0.7598341107368469, 0.7667901515960693, 0.7667901515960693, 1.5982893705368042, '00:59']
Better model found at epoch 40 with valid_loss value: 0.4057582914829254.
[41, 0.4446122944355011, 0.4113464951515198, 0.8703786730766296, 0.9918370246887207, 0.13926981389522552, 0.17458470165729523, 1.3654875755310059, 0.7725821733474731, 0.7799790501594543, 0.7799790501594543, 1.1021891832351685, '00:59']
[42, 0.4373447000980377, 0.4076366126537323, 0.8628948926925659, 0.9919711947441101, 0.14540518820285797, 0.17453204095363617, 1.331982970237732, 0.7596425414085388, 0.7696326971054077, 0.7696326971054077, 0.9575130939483643, '00:59']
[43, 0.44102606177330017, 0.422953337430954, 0.8779696226119995, 0.9879726767539978, 0.12670013308525085, 0.1766829788684845, 1.5549885034561157, 0.774600088596344, 0.7905633449554443, 0.7905634641647339, 2.8584959506988525, '00:59']
[44, 0.43718406558036804, 0.41924232244491577, 0.8768131732940674, 0.9921842217445374, 0.1294001191854477, 0.1743680089712143, 1.3031173944473267, 0.7808020710945129, 0.7908995151519775, 0.7908995151519775, 0.8259379863739014, '00:59']
[45, 0.43590277433395386, 0.4131244719028473, 0.8674421906471252, 0.9900703430175781, 0.13880500197410583, 0.17565390467643738, 1.465982437133789, 0.7676541209220886, 0.7761581540107727, 0.7761581540107727, 1.599670648574829, '00:59']
[46, 0.4349524974822998, 0.4195147454738617, 0.8776799440383911, 0.9913853406906128, 0.1293085813522339, 0.1749218851327896, 1.372841715812683, 0.786237359046936, 0.7942752242088318, 0.7942752242088318, 1.131494164466858, '00:59']
[47, 0.4392046332359314, 0.41176334023475647, 0.8673035502433777, 0.9923679232597351, 0.1389731466770172, 0.17426641285419464, 1.3102205991744995, 0.7679072618484497, 0.7762333154678345, 0.7762333154678345, 0.8510287404060364, '00:59']
[48, 0.43149736523628235, 0.41202589869499207, 0.8647438883781433, 0.9888516664505005, 0.14016611874103546, 0.17629095911979675, 1.5323755741119385, 0.7584528923034668, 0.7721381783485413, 0.7721381783485413, 2.282031297683716, '00:59']
No improvement since epoch 40: early stopping
----------
1
----------
DLS create!
[0, 0.5304327607154846, 0.5097424387931824, 0.9896770119667053, 0.9943049550056458, 0.0, 0.17927531898021698, 1.187441110610962, 0.9838055372238159, 0.9796938896179199, 0.9796938896179199, 0.0, '00:59']
Better model found at epoch 0 with valid_loss value: 0.5097424387931824.
[1, 0.5001465082168579, 0.49116063117980957, 0.9702961444854736, 0.9915063977241516, 0.03869479522109032, 0.17554572224617004, 1.4202923774719238, 0.9434425234794617, 0.9437772035598755, 0.9437772035598755, 1.3070331811904907, '00:59']
Better model found at epoch 1 with valid_loss value: 0.49116063117980957.
[2, 0.4926805794239044, 0.4824906587600708, 0.9584814310073853, 0.9902723431587219, 0.05006338655948639, 0.17592811584472656, 1.4912264347076416, 0.9185502529144287, 0.9216356873512268, 0.9216356873512268, 1.9652596712112427, '01:00']
Better model found at epoch 2 with valid_loss value: 0.4824906587600708.
[3, 0.48055410385131836, 0.4729327857494354, 0.9408093690872192, 0.9843384623527527, 0.06562579423189163, 0.1787208616733551, 1.6608681678771973, 0.8774833083152771, 0.8921492099761963, 0.8921492099761963, 4.538425922393799, '00:59']
Better model found at epoch 3 with valid_loss value: 0.4729327857494354.
[4, 0.4795196056365967, 0.46283242106437683, 0.9383540153503418, 0.9916753768920898, 0.07324381172657013, 0.1750737726688385, 1.4223103523254395, 0.8823158144950867, 0.8866037130355835, 0.8866037130355835, 1.3423118591308594, '01:00']
Better model found at epoch 4 with valid_loss value: 0.46283242106437683.
[5, 0.47211959958076477, 0.4713923931121826, 0.9467077851295471, 0.991567075252533, 0.05942881479859352, 0.1750495433807373, 1.4065306186676025, 0.897493839263916, 0.9019679427146912, 0.9019679427146912, 1.4065347909927368, '00:59']
[6, 0.46968474984169006, 0.46053916215896606, 0.932314932346344, 0.9897261261940002, 0.07614108920097351, 0.17609895765781403, 1.530328392982483, 0.8702852725982666, 0.8773553371429443, 0.8773553371429443, 2.1236720085144043, '00:59']
Better model found at epoch 6 with valid_loss value: 0.46053916215896606.
[7, 0.462086945772171, 0.459612637758255, 0.9272887706756592, 0.9886413216590881, 0.0778026431798935, 0.17646920680999756, 1.567497730255127, 0.8570072650909424, 0.8678072690963745, 0.8678072690963745, 2.5861644744873047, '00:59']
Better model found at epoch 7 with valid_loss value: 0.459612637758255.
[8, 0.45698127150535583, 0.4549071490764618, 0.9263746738433838, 0.9916614890098572, 0.08015770465135574, 0.17498628795146942, 1.4342155456542969, 0.862181544303894, 0.8666874766349792, 0.8666874766349792, 1.3597486019134521, '00:59']
Better model found at epoch 8 with valid_loss value: 0.4549071490764618.
[9, 0.4542858600616455, 0.4513757526874542, 0.9230116605758667, 0.991971492767334, 0.08535091578960419, 0.17480160295963287, 1.4002598524093628, 0.8575375080108643, 0.8611850738525391, 0.8611850738525391, 1.1414767503738403, '00:59']
Better model found at epoch 9 with valid_loss value: 0.4513757526874542.
[10, 0.4571303725242615, 0.4506935477256775, 0.9220814108848572, 0.9909663200378418, 0.08612266927957535, 0.17535191774368286, 1.4789012670516968, 0.8528096079826355, 0.8592225909233093, 0.8592225909233093, 1.7480216026306152, '00:59']
Better model found at epoch 10 with valid_loss value: 0.4506935477256775.
[11, 0.4562985599040985, 0.46280041337013245, 0.9313467144966125, 0.9890375137329102, 0.0734727680683136, 0.1763388216495514, 1.5452550649642944, 0.8665987849235535, 0.8763761520385742, 0.8763761520385742, 2.5307796001434326, '01:00']
[12, 0.45078951120376587, 0.45894855260849, 0.9288737773895264, 0.9906654953956604, 0.0760650485754013, 0.17544019222259521, 1.4779704809188843, 0.8640494346618652, 0.8708482384681702, 0.8708482384681702, 1.7300175428390503, '00:59']
[13, 0.44926783442497253, 0.45328158140182495, 0.918907105922699, 0.9898549914360046, 0.08528802543878555, 0.17601193487644196, 1.5419986248016357, 0.8450959920883179, 0.8552936911582947, 0.8552936911582947, 2.2858121395111084, '01:00']
[14, 0.4434124827384949, 0.4510849416255951, 0.917478084564209, 0.989081859588623, 0.08769239485263824, 0.1763642132282257, 1.541988492012024, 0.8399078845977783, 0.8535527586936951, 0.8535527586936951, 2.4665770530700684, '01:00']
[15, 0.45117852091789246, 0.4393898844718933, 0.9068495631217957, 0.9919010400772095, 0.10080599784851074, 0.17497363686561584, 1.4231098890304565, 0.8297068476676941, 0.8374708890914917, 0.8374708890914917, 1.3782556056976318, '00:59']
Better model found at epoch 15 with valid_loss value: 0.4393898844718933.
[16, 0.434914231300354, 0.4515974819660187, 0.9195425510406494, 0.9908689260482788, 0.08472155034542084, 0.17540819942951202, 1.4753673076629639, 0.850770115852356, 0.8578833341598511, 0.8578833341598511, 1.677727460861206, '00:59']
[17, 0.4407505691051483, 0.44814246892929077, 0.9175382256507874, 0.9919542670249939, 0.08866232633590698, 0.1748439520597458, 1.398520588874817, 0.846397876739502, 0.8532326221466064, 0.8532326221466064, 1.224491000175476, '01:00']
[18, 0.43992164731025696, 0.45688191056251526, 0.921295166015625, 0.9871483445167542, 0.08368080854415894, 0.1773575097322464, 1.5664342641830444, 0.8461902141571045, 0.859290599822998, 0.859290599822998, 2.6909873485565186, '00:59']
[19, 0.44616010785102844, 0.5221215486526489, 0.9485151171684265, 0.9683812856674194, 0.05246691033244133, 0.18696774542331696, 1.7532540559768677, 0.8720585703849792, 0.9042086005210876, 0.9042086005210876, 7.927059650421143, '00:59']
[20, 0.445406973361969, 0.4561506509780884, 0.9192337393760681, 0.9861819744110107, 0.08502276241779327, 0.17783187329769135, 1.6066980361938477, 0.8372794389724731, 0.8555023670196533, 0.8555023670196533, 3.2983431816101074, '00:59']
[21, 0.4371716380119324, 0.46275660395622253, 0.9213014841079712, 0.9826151728630066, 0.08170981705188751, 0.17973704636096954, 1.6663868427276611, 0.8333753943443298, 0.8592916131019592, 0.8592916131019592, 4.294375896453857, '01:00']
[22, 0.4388529658317566, 0.44805169105529785, 0.9103609919548035, 0.9876137971878052, 0.09359871596097946, 0.17716878652572632, 1.5772770643234253, 0.8259229063987732, 0.8411820530891418, 0.8411820530891418, 2.7082149982452393, '00:59']
[23, 0.4250463843345642, 0.445597380399704, 0.913291871547699, 0.992679238319397, 0.09108664840459824, 0.17445489764213562, 1.2890666723251343, 0.8389779925346375, 0.8484592437744141, 0.8484592437744141, 0.7770295143127441, '00:59']
No improvement since epoch 15: early stopping
----------
2
----------
DLS create!
[0, 0.521017849445343, 0.5252488255500793, 0.9849095344543457, 0.9906220436096191, 7.752612873446196e-05, 0.17825476825237274, 1.258940577507019, 0.9767882823944092, 0.9704855680465698, 0.9704855680465698, 0.0022356421686708927, '01:00']
Better model found at epoch 0 with valid_loss value: 0.5252488255500793.
[1, 0.4979685842990875, 0.49380290508270264, 0.9630541205406189, 0.9890676736831665, 0.04599572345614433, 0.17475536465644836, 1.2459056377410889, 0.9306758642196655, 0.930087149143219, 0.930087149143219, 0.5120420455932617, '01:00']
Better model found at epoch 1 with valid_loss value: 0.49380290508270264.
[2, 0.48383283615112305, 0.47244107723236084, 0.9323284029960632, 0.9855832457542419, 0.07563921809196472, 0.17635135352611542, 1.4500857591629028, 0.875984251499176, 0.8762944936752319, 0.8762945532798767, 1.4777897596359253, '00:58']
Better model found at epoch 2 with valid_loss value: 0.47244107723236084.
[3, 0.474989116191864, 0.47605758905410767, 0.9334713816642761, 0.9857854247093201, 0.07221542298793793, 0.17607124149799347, 1.4404040575027466, 0.8781977295875549, 0.8787575960159302, 0.8787575960159302, 1.408876657485962, '00:59']
[4, 0.4706287384033203, 0.46907877922058105, 0.924919068813324, 0.9839060306549072, 0.08194220066070557, 0.17719031870365143, 1.5037972927093506, 0.8623855113983154, 0.8643450736999512, 0.8643450736999512, 1.8952122926712036, '00:59']
Better model found at epoch 4 with valid_loss value: 0.46907877922058105.
[5, 0.4729139506816864, 0.4600028097629547, 0.9174922108650208, 0.9859049916267395, 0.0917593464255333, 0.17620941996574402, 1.4477663040161133, 0.8496434688568115, 0.8519721627235413, 0.8519721627235413, 1.4725043773651123, '00:59']
Better model found at epoch 5 with valid_loss value: 0.4600028097629547.
[6, 0.4612886905670166, 0.46285203099250793, 0.9166812300682068, 0.9827756285667419, 0.09108150005340576, 0.1778782159090042, 1.5371321439743042, 0.8431764841079712, 0.8505212068557739, 0.8505213260650635, 2.211146831512451, '00:59']
[7, 0.4666481018066406, 0.459811270236969, 0.9144503474235535, 0.9852103590965271, 0.09252946078777313, 0.17666219174861908, 1.48244309425354, 0.8439567685127258, 0.8478266000747681, 0.8478265404701233, 1.6920758485794067, '00:59']
Better model found at epoch 7 with valid_loss value: 0.459811270236969.
[8, 0.45621442794799805, 0.4646768569946289, 0.9218838214874268, 0.988161563873291, 0.08507217466831207, 0.17496874928474426, 1.332679271697998, 0.8562243580818176, 0.8605664968490601, 0.8605664968490601, 0.8836926817893982, '00:59']
[9, 0.4526315927505493, 0.45679783821105957, 0.9106667041778564, 0.9893931746482849, 0.09396755695343018, 0.17432108521461487, 1.2625422477722168, 0.8344617486000061, 0.8428562879562378, 0.8428562879562378, 0.5846562385559082, '00:59']
Better model found at epoch 9 with valid_loss value: 0.45679783821105957.
[10, 0.4521511197090149, 0.44579505920410156, 0.8959232568740845, 0.9878767132759094, 0.10942147672176361, 0.17521747946739197, 1.3771662712097168, 0.8157317638397217, 0.8197783827781677, 0.8197783827781677, 1.104722261428833, '00:59']
Better model found at epoch 10 with valid_loss value: 0.44579505920410156.
[11, 0.44668644666671753, 0.44245442748069763, 0.8923344612121582, 0.986906886100769, 0.1140436977148056, 0.1758042275905609, 1.4246950149536133, 0.8108024001121521, 0.8137305378913879, 0.8137305378913879, 1.3048980236053467, '01:00']
Better model found at epoch 11 with valid_loss value: 0.44245442748069763.
[12, 0.4472595453262329, 0.4490886628627777, 0.898737907409668, 0.9866379499435425, 0.10610082000494003, 0.17588379979133606, 1.4272459745407104, 0.819636881351471, 0.8239522576332092, 0.8239522576332092, 1.3027329444885254, '00:59']
[13, 0.44466134905815125, 0.44496724009513855, 0.8961403369903564, 0.9890910983085632, 0.10841816663742065, 0.17459926009178162, 1.2844082117080688, 0.8137779831886292, 0.8201982975006104, 0.8201984167098999, 0.6739699244499207, '00:59']
[14, 0.4578908681869507, 0.45678550004959106, 0.9145069122314453, 0.9893476963043213, 0.09376262128353119, 0.17440304160118103, 1.2384192943572998, 0.8432799577713013, 0.8505591154098511, 0.8505591154098511, 0.6311036348342896, '00:59']
[15, 0.44738054275512695, 0.44587382674217224, 0.8984482288360596, 0.9864456057548523, 0.10806280374526978, 0.1761111468076706, 1.4134987592697144, 0.8177195191383362, 0.8233482837677002, 0.8233482837677002, 1.2445014715194702, '00:59']
[16, 0.4464718997478485, 0.4418516457080841, 0.8929834961891174, 0.9877250790596008, 0.1138586774468422, 0.17531870305538177, 1.3731545209884644, 0.8129100799560547, 0.8162241578102112, 0.8162241578102112, 1.140380620956421, '00:59']
Better model found at epoch 16 with valid_loss value: 0.4418516457080841.
[17, 0.4453345835208893, 0.440045565366745, 0.8851076364517212, 0.9850869178771973, 0.11932437121868134, 0.17684611678123474, 1.4863500595092773, 0.7932258248329163, 0.8021528124809265, 0.8021528124809265, 1.7183787822723389, '00:59']
Better model found at epoch 17 with valid_loss value: 0.440045565366745.
[18, 0.44827085733413696, 0.4443179666996002, 0.8943384289741516, 0.984975278377533, 0.11168979108333588, 0.1768302172422409, 1.471291422843933, 0.8079278469085693, 0.8173612952232361, 0.8173613548278809, 1.704864263534546, '01:00']
[19, 0.43713364005088806, 0.4453054964542389, 0.8908785581588745, 0.9854257106781006, 0.11291474103927612, 0.17658202350139618, 1.4545737504959106, 0.803505003452301, 0.8119184970855713, 0.8119184970855713, 1.560415506362915, '01:00']
[20, 0.4359004497528076, 0.4801473617553711, 0.919309675693512, 0.9750456809997559, 0.08277466893196106, 0.1816285252571106, 1.4904735088348389, 0.8367770314216614, 0.8563956618309021, 0.8563956618309021, 2.8620524406433105, '01:00']
[21, 0.4379875361919403, 0.4377034902572632, 0.8862523436546326, 0.9866564869880676, 0.12000726163387299, 0.17592135071754456, 1.435164213180542, 0.8003417253494263, 0.8050306439399719, 0.8050306439399719, 1.3982731103897095, '01:00']
Better model found at epoch 21 with valid_loss value: 0.4377034902572632.
[22, 0.4411700963973999, 0.43081510066986084, 0.8784462213516235, 0.9874951243400574, 0.1276467740535736, 0.17561917006969452, 1.4130535125732422, 0.7867538928985596, 0.7933934330940247, 0.7933934330940247, 1.2694876194000244, '00:59']
Better model found at epoch 22 with valid_loss value: 0.43081510066986084.
[23, 0.44207873940467834, 0.4335390031337738, 0.8818079829216003, 0.9881148338317871, 0.12434180080890656, 0.17518018186092377, 1.3695268630981445, 0.7942658066749573, 0.7985464334487915, 0.7985464334487915, 1.0903749465942383, '00:59']
[24, 0.43743661046028137, 0.45393046736717224, 0.9082112908363342, 0.9897394776344299, 0.09769520163536072, 0.1742326021194458, 1.240347981452942, 0.8325923681259155, 0.8406621217727661, 0.8406622409820557, 0.5312326550483704, '00:59']
[25, 0.43918219208717346, 0.4363456070423126, 0.8816587924957275, 0.9875157475471497, 0.12280202656984329, 0.1755477488040924, 1.3965684175491333, 0.7941792011260986, 0.7991283535957336, 0.7991283535957336, 1.1572767496109009, '00:59']
[26, 0.4365774393081665, 0.43982186913490295, 0.8878594636917114, 0.985813558101654, 0.1169915497303009, 0.17654141783714294, 1.4439330101013184, 0.8002143502235413, 0.8076304793357849, 0.8076304793357849, 1.4354490041732788, '00:59']
[27, 0.432859867811203, 0.43909355998039246, 0.8888880014419556, 0.989780843257904, 0.11626306921243668, 0.17422820627689362, 1.2407400608062744, 0.8023048639297485, 0.8117411732673645, 0.8117411732673645, 0.5551436543464661, '00:59']
[28, 0.43118542432785034, 0.43515080213546753, 0.8817752003669739, 0.989657998085022, 0.12343960255384445, 0.17432981729507446, 1.2606492042541504, 0.795333743095398, 0.8020015954971313, 0.8020015954971313, 0.6097807884216309, '00:59']
[29, 0.436432808637619, 0.43823641538619995, 0.8878635764122009, 0.9899080395698547, 0.11732623726129532, 0.17417874932289124, 1.2278940677642822, 0.8013063669204712, 0.8106421828269958, 0.8106421828269958, 0.5334591269493103, '00:59']
[30, 0.4257124066352844, 0.45396143198013306, 0.8939471244812012, 0.9822413325309753, 0.10871174931526184, 0.17833207547664642, 1.5667403936386108, 0.8054108619689941, 0.8171288371086121, 0.8171288371086121, 2.3896963596343994, '00:58']
No improvement since epoch 22: early stopping
----------
3
----------
DLS create!
[0, 0.5439973473548889, 0.538692831993103, 0.984886109828949, 0.988885760307312, 0.014544018544256687, 0.1925085186958313, 1.447598934173584, 0.9691579937934875, 0.9705430269241333, 0.9705430269241333, 1.2834581136703491, '00:59']
Better model found at epoch 0 with valid_loss value: 0.538692831993103.
[1, 0.5029518604278564, 0.5186617970466614, 0.9713143706321716, 0.9641001224517822, 0.036094434559345245, 0.1878344863653183, 1.709943175315857, 0.9328911304473877, 0.9450596570968628, 0.9450596570968628, 12.311775207519531, '00:59']
Better model found at epoch 1 with valid_loss value: 0.5186617970466614.
[2, 0.4934770166873932, 0.4957955479621887, 0.9642068147659302, 0.9863644242286682, 0.04497151076793671, 0.17687243223190308, 1.4660181999206543, 0.9308494329452515, 0.9324133992195129, 0.9324133992195129, 2.556239604949951, '00:59']
Better model found at epoch 2 with valid_loss value: 0.4957955479621887.
[3, 0.48688051104545593, 0.49594005942344666, 0.966003954410553, 0.9909477233886719, 0.03963727504014969, 0.17409628629684448, 1.2272002696990967, 0.9315454959869385, 0.936003565788269, 0.936003565788269, 0.43358439207077026, '01:00']
[4, 0.47872692346572876, 0.47121137380599976, 0.9366808533668518, 0.9882557988166809, 0.07303674519062042, 0.17559261620044708, 1.4299894571304321, 0.8803836703300476, 0.8845853805541992, 0.8845853805541992, 1.6907985210418701, '00:59']
Better model found at epoch 4 with valid_loss value: 0.47121137380599976.
[5, 0.46668094396591187, 0.47930797934532166, 0.9453892707824707, 0.9907957911491394, 0.06104675680398941, 0.17409764230251312, 1.250352144241333, 0.8897606134414673, 0.8995482325553894, 0.8995482325553894, 0.5850417017936707, '00:59']
[6, 0.4665408432483673, 0.4744320809841156, 0.9406775236129761, 0.9908348917961121, 0.06797704845666885, 0.17409035563468933, 1.2535251379013062, 0.8828680515289307, 0.8913508057594299, 0.8913508057594299, 0.5910399556159973, '00:59']
[7, 0.46756044030189514, 0.4628363847732544, 0.9246159791946411, 0.9889727234840393, 0.08364245295524597, 0.17506378889083862, 1.4124596118927002, 0.856772780418396, 0.8635032773017883, 0.8635032773017883, 1.5289112329483032, '00:59']
Better model found at epoch 7 with valid_loss value: 0.4628363847732544.
[8, 0.454409658908844, 0.4850177466869354, 0.9504686594009399, 0.9916222095489502, 0.05397924408316612, 0.17359508574008942, 1.1276448965072632, 0.8910183310508728, 0.909732460975647, 0.9097325801849365, 0.23635494709014893, '00:59']
[9, 0.4609633684158325, 0.4656289517879486, 0.9245439767837524, 0.9881714582443237, 0.08332714438438416, 0.17555034160614014, 1.4094080924987793, 0.8545382022857666, 0.8652644157409668, 0.8652644157409668, 1.4422205686569214, '00:59']
[10, 0.4584199786186218, 0.8056207299232483, 0.9758745431900024, 0.8809481859207153, 0.024193380028009415, 0.22939960658550262, 1.9039275646209717, 0.9202160239219666, 0.9535315632820129, 0.9535315632820129, 49.483612060546875, '00:59']
[11, 0.4588043689727783, 0.4555567800998688, 0.9157845973968506, 0.9879996180534363, 0.09382427483797073, 0.17554742097854614, 1.4617385864257812, 0.8420628309249878, 0.8503285050392151, 0.8503285050392151, 2.1528944969177246, '00:59']
Better model found at epoch 11 with valid_loss value: 0.4555567800998688.
[12, 0.4444289207458496, 0.4598873555660248, 0.912272572517395, 0.9845570921897888, 0.09236451238393784, 0.177351176738739, 1.5816010236740112, 0.8304896950721741, 0.8451864123344421, 0.8451864123344421, 3.0530974864959717, '00:59']
[13, 0.45344918966293335, 0.44878828525543213, 0.9061795473098755, 0.9890981912612915, 0.10152461379766464, 0.17511390149593353, 1.4127594232559204, 0.8276536464691162, 0.8358104825019836, 0.8358104825019836, 1.357689380645752, '00:59']
Better model found at epoch 13 with valid_loss value: 0.44878828525543213.
[14, 0.43582895398139954, 0.4594572186470032, 0.9105422496795654, 0.9851983189582825, 0.0930710956454277, 0.17693980038166046, 1.5645090341567993, 0.8292782306671143, 0.8424896001815796, 0.8424896001815796, 3.444429874420166, '00:59']
[15, 0.44746115803718567, 0.4551094174385071, 0.9127907752990723, 0.9896357655525208, 0.09347598254680634, 0.17468567192554474, 1.3805084228515625, 0.8361536860466003, 0.8452129364013672, 0.8452129364013672, 1.184759259223938, '00:59']
[16, 0.43673187494277954, 0.4557841122150421, 0.9150968194007874, 0.9903472661972046, 0.09138186275959015, 0.174329474568367, 1.3320614099502563, 0.838134229183197, 0.8485589623451233, 0.8485589623451233, 0.9087783694267273, '00:58']
[17, 0.44219884276390076, 0.4548189640045166, 0.9111836552619934, 0.9845817685127258, 0.09609442949295044, 0.17734017968177795, 1.5739824771881104, 0.8231678605079651, 0.842719554901123, 0.842719554901123, 3.2850077152252197, '00:59']
[18, 0.44816404581069946, 0.4399433434009552, 0.896946370601654, 0.9902212023735046, 0.11360026150941849, 0.17458464205265045, 1.3519021272659302, 0.8121408224105835, 0.8218469023704529, 0.8218469023704529, 1.0572937726974487, '00:59']
Better model found at epoch 18 with valid_loss value: 0.4399433434009552.
[19, 0.44304850697517395, 0.4375397861003876, 0.8926894068717957, 0.9888141751289368, 0.11635506898164749, 0.17521348595619202, 1.4321521520614624, 0.8016154170036316, 0.8149102330207825, 0.8149102330207825, 1.7107219696044922, '00:58']
Better model found at epoch 19 with valid_loss value: 0.4375397861003876.
[20, 0.44389474391937256, 0.4482670724391937, 0.9033946394920349, 0.9899449348449707, 0.10415743291378021, 0.17460715770721436, 1.3603779077529907, 0.8245798349380493, 0.8334111571311951, 0.8334111571311951, 1.1613236665725708, '00:59']
[21, 0.429898738861084, 0.4436173141002655, 0.8960477709770203, 0.9884739518165588, 0.10991312563419342, 0.17543937265872955, 1.4694095849990845, 0.8069536089897156, 0.8192307353019714, 0.8192307353019714, 1.9510012865066528, '00:59']
[22, 0.4270407259464264, 0.46078091859817505, 0.9031726717948914, 0.9820945858955383, 0.09941665828227997, 0.17879953980445862, 1.6337764263153076, 0.8025413751602173, 0.8298295736312866, 0.8298295736312866, 3.7831764221191406, '00:59']
[23, 0.4304446280002594, 0.43846502900123596, 0.890108585357666, 0.9880558848381042, 0.11599162966012955, 0.1756642758846283, 1.4693454504013062, 0.7965812683105469, 0.811495840549469, 0.811495840549469, 2.5277645587921143, '00:59']
[24, 0.4322832226753235, 0.4355230927467346, 0.8896689414978027, 0.9892419576644897, 0.11740641295909882, 0.17502248287200928, 1.4094969034194946, 0.799229621887207, 0.8097283244132996, 0.8097283244132996, 1.5326733589172363, '01:00']
Better model found at epoch 24 with valid_loss value: 0.4355230927467346.
[25, 0.43606534600257874, 0.4472537934780121, 0.9038713574409485, 0.9905155301094055, 0.1033966913819313, 0.17420630156993866, 1.312239646911621, 0.8191328644752502, 0.8307927846908569, 0.8307927846908569, 0.9284657835960388, '01:00']
[26, 0.43191710114479065, 0.46124932169914246, 0.913841724395752, 0.9851595759391785, 0.09023398905992508, 0.1769070029258728, 1.5454739332199097, 0.8321686387062073, 0.8475362062454224, 0.8475362062454224, 3.182469367980957, '00:59']
[27, 0.43851935863494873, 0.43823930621147156, 0.888422429561615, 0.9877980947494507, 0.1167440339922905, 0.17585796117782593, 1.4935039281845093, 0.7929940223693848, 0.8088403940200806, 0.8088403940200806, 2.1639442443847656, '01:00']
[28, 0.4314388632774353, 0.44247522950172424, 0.8970732688903809, 0.9903165698051453, 0.10936176776885986, 0.17443421483039856, 1.3249787092208862, 0.8122684359550476, 0.8237773180007935, 0.8237773180007935, 0.9567997455596924, '01:00']
[29, 0.4389511048793793, 0.4404335021972656, 0.897870659828186, 0.9895813465118408, 0.11303479224443436, 0.17483587563037872, 1.383689284324646, 0.812721848487854, 0.823054850101471, 0.823054850101471, 1.6660887002944946, '00:59']
[30, 0.42734408378601074, 0.4623788893222809, 0.902978777885437, 0.9819477200508118, 0.0995546281337738, 0.17889156937599182, 1.6277241706848145, 0.8050442934036255, 0.8308127522468567, 0.8308127522468567, 4.492365837097168, '01:00']
[31, 0.4430444538593292, 0.4334043562412262, 0.8857305645942688, 0.9889401793479919, 0.1203513815999031, 0.175132155418396, 1.4309276342391968, 0.7889987230300903, 0.8036282658576965, 0.8036282658576965, 2.051987409591675, '00:59']
Better model found at epoch 31 with valid_loss value: 0.4334043562412262.
[32, 0.4363356828689575, 0.42177101969718933, 0.8716445565223694, 0.9890397191047668, 0.1355471909046173, 0.17519143223762512, 1.4355913400650024, 0.7692673802375793, 0.7822367548942566, 0.7822367548942566, 1.5810290575027466, '00:59']
Better model found at epoch 32 with valid_loss value: 0.42177101969718933.
[33, 0.43390437960624695, 0.4306395351886749, 0.8809347748756409, 0.988369345664978, 0.12511791288852692, 0.17549581825733185, 1.4708384275436401, 0.7826919555664062, 0.7962252497673035, 0.7962253093719482, 2.154655933380127, '00:59']
[34, 0.43277016282081604, 0.43436095118522644, 0.8849399089813232, 0.9882019758224487, 0.12094028294086456, 0.1756359487771988, 1.4757094383239746, 0.7901328802108765, 0.8030803203582764, 0.8030803203582764, 2.1383111476898193, '00:59']
[35, 0.4264313578605652, 0.42943328619003296, 0.8790847063064575, 0.988525390625, 0.12699481844902039, 0.17542003095149994, 1.454804539680481, 0.7821711301803589, 0.7945108413696289, 0.7945108413696289, 1.8963711261749268, '00:59']
[36, 0.4264548122882843, 0.42606082558631897, 0.8774916529655457, 0.9908162951469421, 0.1307608187198639, 0.1741979718208313, 1.3007078170776367, 0.7787349224090576, 0.7920846343040466, 0.7920846343040466, 0.8731095790863037, '00:58']
[37, 0.43133485317230225, 0.42574048042297363, 0.8767984509468079, 0.9875283241271973, 0.1314396858215332, 0.17603972554206848, 1.5031484365463257, 0.7718865871429443, 0.7896203398704529, 0.7896203398704529, 2.212914228439331, '00:59']
[38, 0.4311457872390747, 0.4332429766654968, 0.887575089931488, 0.989897608757019, 0.12166795134544373, 0.17464421689510345, 1.3677127361297607, 0.7958933115005493, 0.8071986436843872, 0.8071986436843872, 1.261188268661499, '00:59']
[39, 0.43966811895370483, 0.4460289776325226, 0.8978133201599121, 0.9827404022216797, 0.10848888009786606, 0.17826296389102936, 1.6119896173477173, 0.797947883605957, 0.8224365711212158, 0.8224365711212158, 4.491141319274902, '00:59']
[40, 0.4286281168460846, 0.42718061804771423, 0.8785044550895691, 0.9894735217094421, 0.13021555542945862, 0.17490729689598083, 1.3741302490234375, 0.7817696928977966, 0.7930001020431519, 0.7930001020431519, 1.2454586029052734, '00:59']
No improvement since epoch 32: early stopping
----------
4
----------
DLS create!
[0, 0.527701199054718, 0.5232157111167908, 0.9840761423110962, 0.9927734732627869, 9.69798129517585e-05, 0.18997298181056976, 1.3667547702789307, 0.969361424446106, 0.96900475025177, 0.96900475025177, 0.004706440027803183, '00:59']
Better model found at epoch 0 with valid_loss value: 0.5232157111167908.
[1, 0.49846169352531433, 0.49004530906677246, 0.9658091068267822, 0.9913033843040466, 0.04157775640487671, 0.1748175024986267, 1.2803295850753784, 0.9388845562934875, 0.9363536238670349, 0.9363536238670349, 0.5928680300712585, '00:59']
Better model found at epoch 1 with valid_loss value: 0.49004530906677246.
[2, 0.49163180589675903, 0.4906492531299591, 0.9547410607337952, 0.982071042060852, 0.050113093107938766, 0.17908908426761627, 1.612943410873413, 0.9128477573394775, 0.9159824252128601, 0.9159824252128601, 3.818807601928711, '00:59']
[3, 0.48418787121772766, 0.4651457667350769, 0.9337218403816223, 0.9885785579681396, 0.07879792898893356, 0.17596615850925446, 1.449904441833496, 0.88127601146698, 0.8820256590843201, 0.8820256590843201, 1.6676372289657593, '00:59']
Better model found at epoch 3 with valid_loss value: 0.4651457667350769.
[4, 0.4669053554534912, 0.47153717279434204, 0.935396134853363, 0.9863919019699097, 0.06918061524629593, 0.17685741186141968, 1.5402092933654785, 0.8805118799209595, 0.8828545808792114, 0.8828545808792114, 2.263874053955078, '00:59']
[5, 0.4658021330833435, 0.45966801047325134, 0.9269712567329407, 0.9906072020530701, 0.08405886590480804, 0.1750127673149109, 1.354507565498352, 0.8658331632614136, 0.8710443377494812, 0.8710443377494812, 1.021785020828247, '00:59']
Better model found at epoch 5 with valid_loss value: 0.45966801047325134.
[6, 0.45559337735176086, 0.4393289387226105, 0.9001038670539856, 0.9906508326530457, 0.10835219919681549, 0.1749720275402069, 1.352744221687317, 0.8230809569358826, 0.8292756080627441, 0.8292756080627441, 0.99434894323349, '00:59']
Better model found at epoch 6 with valid_loss value: 0.4393289387226105.
[7, 0.4543536305427551, 0.47466766834259033, 0.9410383105278015, 0.9884806871414185, 0.06339504569768906, 0.17579218745231628, 1.4546772241592407, 0.8896366357803345, 0.8923277258872986, 0.8923277258872986, 1.760188341140747, '00:59']
[8, 0.4564867317676544, 0.46142393350601196, 0.9285639524459839, 0.9922776818275452, 0.0769139975309372, 0.173902228474617, 1.1992316246032715, 0.8628759980201721, 0.8741434216499329, 0.8741434216499329, 0.4037524163722992, '00:59']
[9, 0.46039584279060364, 0.5073734521865845, 0.9699937701225281, 0.9892967343330383, 0.031875815242528915, 0.1751910299062729, 1.4088997840881348, 0.9401308298110962, 0.9427805542945862, 0.9427805542945862, 1.3108657598495483, '00:59']
[10, 0.45695412158966064, 0.4588279724121094, 0.9124342799186707, 0.9828934669494629, 0.09159281104803085, 0.1789153665304184, 1.6294187307357788, 0.8344796895980835, 0.8462939858436584, 0.8462939858436584, 3.5460457801818848, '00:59']
[11, 0.4597833752632141, 0.4342120885848999, 0.8937976360321045, 0.9880017638206482, 0.11695702373981476, 0.17644467949867249, 1.5118522644042969, 0.8104016184806824, 0.8178468346595764, 0.8178468346595764, 2.052165985107422, '00:59']
Better model found at epoch 11 with valid_loss value: 0.4342120885848999.
[12, 0.45162883400917053, 0.46545836329460144, 0.9317214488983154, 0.9888414740562439, 0.0731508731842041, 0.1757632941007614, 1.4693729877471924, 0.8727805614471436, 0.8759161829948425, 0.8759161829948425, 1.6775461435317993, '00:59']
[13, 0.45406079292297363, 0.4328244924545288, 0.8909178972244263, 0.9880028963088989, 0.11809159815311432, 0.176387757062912, 1.486329197883606, 0.8056288957595825, 0.8131201863288879, 0.8131201863288879, 1.7611912488937378, '00:59']
Better model found at epoch 13 with valid_loss value: 0.4328244924545288.
[14, 0.437490850687027, 0.4264776408672333, 0.8784363269805908, 0.990053117275238, 0.12609778344631195, 0.17531797289848328, 1.424325942993164, 0.7914341688156128, 0.7967713475227356, 0.7967713475227356, 1.2622325420379639, '00:59']
Better model found at epoch 14 with valid_loss value: 0.4264776408672333.
[15, 0.44424697756767273, 0.4474683403968811, 0.9013203382492065, 0.9847508072853088, 0.10323759913444519, 0.17806251347064972, 1.5646048784255981, 0.816805899143219, 0.829330325126648, 0.829330325126648, 2.4102840423583984, '00:59']
[16, 0.45051074028015137, 0.44138774275779724, 0.8962876200675964, 0.9861131906509399, 0.10845465213060379, 0.1773497760295868, 1.562491774559021, 0.810175359249115, 0.8216447234153748, 0.8216447234153748, 2.325216293334961, '00:59']
[17, 0.4463884234428406, 0.4326336979866028, 0.8923530578613281, 0.9914300441741943, 0.11521448940038681, 0.17441944777965546, 1.3272079229354858, 0.8088244199752808, 0.8154186606407166, 0.8154186606407166, 0.8474125862121582, '00:59']
[18, 0.43788889050483704, 0.4392985999584198, 0.8981230854988098, 0.9885494709014893, 0.10967891663312912, 0.17606320977210999, 1.4723992347717285, 0.8181928396224976, 0.8243553042411804, 0.8243551850318909, 1.5302320718765259, '01:00']
[19, 0.44447824358940125, 0.43108075857162476, 0.8914264440536499, 0.9900892376899719, 0.11898579448461533, 0.1751912534236908, 1.4102542400360107, 0.8098287582397461, 0.8144538402557373, 0.8144538402557373, 1.3393937349319458, '00:59']
[20, 0.43627995252609253, 0.4382331073284149, 0.8945638537406921, 0.9915041923522949, 0.10987596213817596, 0.17445465922355652, 1.3016875982284546, 0.8170581459999084, 0.824129045009613, 0.824129045009613, 0.7563485503196716, '00:59']
[21, 0.4262373149394989, 0.4433192014694214, 0.8956913948059082, 0.9875723719596863, 0.10768967121839523, 0.17663004994392395, 1.4688334465026855, 0.8151199221611023, 0.8234444260597229, 0.8234444260597229, 1.743463397026062, '00:59']
[22, 0.4442084729671478, 0.4199988543987274, 0.8736890554428101, 0.9910995960235596, 0.13363899290561676, 0.17477311193943024, 1.3363254070281982, 0.7825641632080078, 0.7907109260559082, 0.7907109260559082, 0.9423904418945312, '00:59']
Better model found at epoch 22 with valid_loss value: 0.4199988543987274.
[23, 0.445587158203125, 0.4383193850517273, 0.8898190855979919, 0.9867210984230042, 0.11472960561513901, 0.1771211326122284, 1.4995496273040771, 0.7985549569129944, 0.8140513300895691, 0.8140513300895691, 1.9607553482055664, '00:59']
[24, 0.4319300353527069, 0.41634106636047363, 0.8687323331832886, 0.9917930364608765, 0.13804270327091217, 0.17437300086021423, 1.3070883750915527, 0.7754826545715332, 0.7840158939361572, 0.7840158939361572, 0.8052507638931274, '00:59']
Better model found at epoch 24 with valid_loss value: 0.41634106636047363.
[25, 0.4396803081035614, 0.4184899628162384, 0.8718199133872986, 0.9916414618492126, 0.13559775054454803, 0.17441651225090027, 1.3292372226715088, 0.7813410758972168, 0.7884015440940857, 0.7884015440940857, 0.9378211498260498, '00:59']
[26, 0.438162624835968, 0.4427558481693268, 0.8932374119758606, 0.9845768809318542, 0.11077599227428436, 0.178209125995636, 1.5908129215240479, 0.8013145923614502, 0.8173435926437378, 0.8173435926437378, 2.8735318183898926, '00:59']
[27, 0.437262624502182, 0.4184064567089081, 0.872162938117981, 0.9907658100128174, 0.1353742480278015, 0.17493033409118652, 1.389092206954956, 0.7827901840209961, 0.7876608967781067, 0.7876608967781067, 1.1291453838348389, '00:59']
[28, 0.4336604177951813, 0.45168036222457886, 0.9082529544830322, 0.9890475869178772, 0.09523824602365494, 0.17581918835639954, 1.2848687171936035, 0.831194281578064, 0.8457822203636169, 0.8457822203636169, 1.0670514106750488, '00:58']
[29, 0.4334896504878998, 0.4319606423377991, 0.8890256285667419, 0.9907404184341431, 0.11756918579339981, 0.17493127286434174, 1.3585833311080933, 0.8102049231529236, 0.81505286693573, 0.81505286693573, 0.9784581661224365, '00:59']
[30, 0.4388613998889923, 0.43188372254371643, 0.8850167989730835, 0.9861716032028198, 0.11978375911712646, 0.1773192435503006, 1.5665119886398315, 0.789988100528717, 0.8040488958358765, 0.8040488958358765, 2.5378365516662598, '00:59']
[31, 0.433374285697937, 0.41696232557296753, 0.8700157999992371, 0.9902008175849915, 0.13745556771755219, 0.17531302571296692, 1.4284228086471558, 0.7767503261566162, 0.784185528755188, 0.784185528755188, 1.3611063957214355, '00:59']
[32, 0.43136319518089294, 0.4164958894252777, 0.8676350116729736, 0.9899978637695312, 0.14137694239616394, 0.1755094677209854, 1.4057602882385254, 0.7765871286392212, 0.7833210825920105, 0.7833210825920105, 1.1879407167434692, '00:58']
No improvement since epoch 24: early stopping
Unet_mobs4 Done!
