Models will save to Unet_mitb5_x
Use mit_b5 encoder
Start training...
----------
0
----------
DLS create!
[0, 0.5192793011665344, 0.5052418112754822, 0.9750863909721375, 0.9895588755607605, 0.0, 0.1790648251771927, 1.2543734312057495, 0.9589052200317383, 0.9520142674446106, 0.9520142674446106, 0.0, '02:29']
Better model found at epoch 0 with valid_loss value: 0.5052418112754822.
[1, 0.5037511587142944, 0.5129299163818359, 0.9812403917312622, 0.9876507520675659, 0.01603923738002777, 0.17561227083206177, 1.2635177373886108, 0.9681984186172485, 0.9639114737510681, 0.9639114737510681, 0.613078236579895, '02:27']
[2, 0.5042848587036133, 0.5331623554229736, 0.9983817338943481, 0.9895588755607605, 0.0, 0.17371219396591187, 1.0120905637741089, 0.9985513687133789, 0.9967690110206604, 0.9967690110206604, 0.0, '02:30']
[3, 0.5017358064651489, 0.49269425868988037, 0.9568007588386536, 0.9861807823181152, 0.04948164522647858, 0.1758246272802353, 1.3563426733016968, 0.9204915165901184, 0.9191717505455017, 0.9191717505455017, 1.040123462677002, '02:31']
Better model found at epoch 3 with valid_loss value: 0.49269425868988037.
[4, 0.49766165018081665, 0.5097364187240601, 0.9575852155685425, 0.96529620885849, 0.05559689924120903, 0.1875801682472229, 1.6615666151046753, 0.9119361042976379, 0.9201470613479614, 0.9201470613479614, 6.626005172729492, '02:29']
[5, 0.4938211739063263, 0.48917216062545776, 0.9503250122070312, 0.98548424243927, 0.058271151036024094, 0.17639589309692383, 1.408479928970337, 0.9093666672706604, 0.9075876474380493, 0.9075876474380493, 1.3151758909225464, '02:31']
Better model found at epoch 5 with valid_loss value: 0.48917216062545776.
[6, 0.49145078659057617, 0.4820064902305603, 0.9401763081550598, 0.982664167881012, 0.06800830364227295, 0.17751359939575195, 1.4876134395599365, 0.8890106678009033, 0.8897367119789124, 0.8897367119789124, 2.0746185779571533, '02:31']
Better model found at epoch 6 with valid_loss value: 0.4820064902305603.
[7, 0.48035746812820435, 0.47452133893966675, 0.9305556416511536, 0.985540509223938, 0.07552673667669296, 0.17584598064422607, 1.408087134361267, 0.8731359243392944, 0.8742141723632812, 0.8742141723632812, 1.3969473838806152, '02:30']
Better model found at epoch 7 with valid_loss value: 0.47452133893966675.
[8, 0.48564818501472473, 0.4734173119068146, 0.9331138730049133, 0.9849033951759338, 0.07704012840986252, 0.1764700710773468, 1.430039644241333, 0.8775486946105957, 0.8785259127616882, 0.8785259127616882, 1.5032204389572144, '02:30']
Better model found at epoch 8 with valid_loss value: 0.4734173119068146.
[9, 0.4826051890850067, 0.4794069528579712, 0.9379326701164246, 0.986434817314148, 0.06717728823423386, 0.1753399819135666, 1.3593101501464844, 0.8847704529762268, 0.8864576816558838, 0.8864576816558838, 1.065742015838623, '02:29']
[10, 0.4826730787754059, 0.48758503794670105, 0.9469051957130432, 0.9873794913291931, 0.05789313465356827, 0.17476096749305725, 1.3078248500823975, 0.897943913936615, 0.9012358784675598, 0.9012358784675598, 0.7578932642936707, '02:29']
[11, 0.4818098545074463, 0.48228898644447327, 0.9436357617378235, 0.9884301424026489, 0.061883606016635895, 0.17422552406787872, 1.233902096748352, 0.8857462406158447, 0.8953579664230347, 0.8953579664230347, 0.5203626155853271, '02:32']
[12, 0.4732721745967865, 0.47661203145980835, 0.9347262978553772, 0.9883561134338379, 0.07170797884464264, 0.17422229051589966, 1.2434922456741333, 0.8707020878791809, 0.880945086479187, 0.880945086479187, 0.5702473521232605, '02:30']
[13, 0.4745284914970398, 0.4793177545070648, 0.9377884864807129, 0.9885210990905762, 0.06808901578187943, 0.1741902083158493, 1.2335506677627563, 0.8775362372398376, 0.8866741061210632, 0.8866741061210632, 0.49987339973449707, '02:30']
[14, 0.46553659439086914, 0.46980905532836914, 0.9245163798332214, 0.9874385595321655, 0.0800718441605568, 0.17475880682468414, 1.326346516609192, 0.8582949638366699, 0.8638750314712524, 0.8638750314712524, 0.884416937828064, '02:30']
Better model found at epoch 14 with valid_loss value: 0.46980905532836914.
[15, 0.4641948640346527, 0.46099919080734253, 0.9113323092460632, 0.9847629070281982, 0.0942787379026413, 0.1762557029724121, 1.4487876892089844, 0.838590145111084, 0.8426094651222229, 0.8426094651222229, 1.6939921379089355, '02:28']
Better model found at epoch 15 with valid_loss value: 0.46099919080734253.
[16, 0.4717600345611572, 0.4592629671096802, 0.912469744682312, 0.9847503900527954, 0.09384703636169434, 0.17623178660869598, 1.4489669799804688, 0.8393473029136658, 0.8436877727508545, 0.8436877727508545, 1.7108396291732788, '02:30']
Better model found at epoch 16 with valid_loss value: 0.4592629671096802.
[17, 0.4660487473011017, 0.46465298533439636, 0.9151089191436768, 0.9827602505683899, 0.0904504805803299, 0.17736363410949707, 1.5131193399429321, 0.8424489498138428, 0.8484285473823547, 0.8484284281730652, 2.239309072494507, '02:29']
[18, 0.4662780463695526, 0.4883752167224884, 0.9361468553543091, 0.9738045334815979, 0.06871556490659714, 0.18149442970752716, 1.6316759586334229, 0.8721016645431519, 0.8829172253608704, 0.8829172253608704, 4.548098564147949, '02:26']
[19, 0.4560403823852539, 0.4590606093406677, 0.9107435345649719, 0.9866364002227783, 0.09453601390123367, 0.17532768845558167, 1.353459119796753, 0.8369387984275818, 0.8431713581085205, 0.8431713581085205, 1.0144044160842896, '02:27']
Better model found at epoch 19 with valid_loss value: 0.4590606093406677.
[20, 0.4617263972759247, 0.4555903673171997, 0.9045478105545044, 0.9837411642074585, 0.10154829174280167, 0.176819309592247, 1.4858704805374146, 0.8269713521003723, 0.8320992588996887, 0.8320992588996887, 1.9648686647415161, '02:26']
Better model found at epoch 20 with valid_loss value: 0.4555903673171997.
[21, 0.45707976818084717, 0.46351778507232666, 0.9050417542457581, 0.9769923090934753, 0.09982187300920486, 0.18048356473445892, 1.601677417755127, 0.8154506683349609, 0.8331364989280701, 0.8331364989280701, 3.485104560852051, '02:27']
[22, 0.4597872495651245, 0.47208136320114136, 0.9307552576065063, 0.9880909323692322, 0.07439765334129333, 0.1744692474603653, 1.2627465724945068, 0.8680897355079651, 0.8750817179679871, 0.8750816583633423, 0.6419950723648071, '02:31']
[23, 0.4583114981651306, 0.47207027673721313, 0.9130648374557495, 0.9770194292068481, 0.09241688996553421, 0.18062733113765717, 1.6299653053283691, 0.8299863934516907, 0.8450350165367126, 0.8450350165367126, 3.847105026245117, '02:26']
[24, 0.4596249759197235, 0.4534698724746704, 0.9021072387695312, 0.9823700189590454, 0.10420455038547516, 0.17757922410964966, 1.5174051523208618, 0.8179334402084351, 0.827977180480957, 0.827977180480957, 2.482424259185791, '02:27']
Better model found at epoch 24 with valid_loss value: 0.4534698724746704.
[25, 0.4620267152786255, 0.46442556381225586, 0.9077513217926025, 0.9768490791320801, 0.09640204161405563, 0.18020646274089813, 1.611128568649292, 0.8207124471664429, 0.8368327617645264, 0.8368328809738159, 3.7422282695770264, '02:26']
[26, 0.4462563097476959, 0.43817877769470215, 0.8828478455543518, 0.9848600029945374, 0.12314964085817337, 0.17640183866024017, 1.4572752714157104, 0.7875100374221802, 0.7993102669715881, 0.7993102669715881, 1.9124823808670044, '02:26']
Better model found at epoch 26 with valid_loss value: 0.43817877769470215.
[27, 0.44574859738349915, 0.4382654130458832, 0.8857181072235107, 0.9877421259880066, 0.12021321058273315, 0.17484721541404724, 1.2941954135894775, 0.7956753969192505, 0.8064802289009094, 0.8064802289009094, 0.9300822019577026, '02:26']
[28, 0.44621556997299194, 0.7269934415817261, 0.9650331139564514, 0.8595206141471863, 0.034948889166116714, 0.23956474661827087, 1.9123249053955078, 0.8840959072113037, 0.9333922863006592, 0.9333922863006592, 30.44739532470703, '02:26']
[29, 0.4555758237838745, 0.45128005743026733, 0.8983450531959534, 0.9802017211914062, 0.10973235219717026, 0.17900584638118744, 1.5705944299697876, 0.8070346117019653, 0.821446418762207, 0.821446418762207, 2.861201286315918, '02:27']
[30, 0.4488258957862854, 0.4667917788028717, 0.9111893773078918, 0.9800169467926025, 0.09428887814283371, 0.1788058578968048, 1.5694072246551514, 0.8306264281272888, 0.8425384759902954, 0.8425384759902954, 2.9093503952026367, '02:25']
[31, 0.44702115654945374, 0.43273335695266724, 0.8813243508338928, 0.9884580969810486, 0.12778785824775696, 0.17448441684246063, 1.2792797088623047, 0.7909225821495056, 0.7993459105491638, 0.7993459105491638, 0.7743112444877625, '02:26']
Better model found at epoch 31 with valid_loss value: 0.43273335695266724.
[32, 0.4543396234512329, 0.48351413011550903, 0.9418043494224548, 0.9891567230224609, 0.06172947585582733, 0.1738175004720688, 1.1595792770385742, 0.876131534576416, 0.894839882850647, 0.894839882850647, 0.3621932566165924, '02:25']
[33, 0.44699230790138245, 0.4684032201766968, 0.9001312851905823, 0.9763448238372803, 0.10208385437726974, 0.18092671036720276, 1.6207317113876343, 0.8016297817230225, 0.8250070810317993, 0.8250070810317993, 3.9103593826293945, '02:25']
[34, 0.44700801372528076, 0.4283235967159271, 0.8775986433029175, 0.9857969284057617, 0.13050559163093567, 0.17601783573627472, 1.421890139579773, 0.7814958095550537, 0.790575385093689, 0.790575385093689, 1.5711114406585693, '02:25']
Better model found at epoch 34 with valid_loss value: 0.4283235967159271.
[35, 0.44715332984924316, 0.43935075402259827, 0.8876806497573853, 0.9868125319480896, 0.11750336736440659, 0.17530956864356995, 1.3821688890457153, 0.7990990281105042, 0.8059875965118408, 0.8059875965118408, 1.2640923261642456, '02:25']
[36, 0.44537004828453064, 0.46046116948127747, 0.9109350442886353, 0.9883816838264465, 0.09490884840488434, 0.17436067759990692, 1.233995795249939, 0.8335521817207336, 0.8460283875465393, 0.8460283875465393, 0.7386919260025024, '02:27']
[37, 0.43915849924087524, 0.4351443648338318, 0.8814612030982971, 0.9878640174865723, 0.12355570495128632, 0.17477954924106598, 1.3274363279342651, 0.7898569703102112, 0.799227237701416, 0.799227237701416, 0.9649896621704102, '02:26']
[38, 0.4430542290210724, 0.46206554770469666, 0.8973994255065918, 0.9777315855026245, 0.10560017079114914, 0.1802128702402115, 1.5849281549453735, 0.7992140650749207, 0.8212124705314636, 0.8212124705314636, 3.623875617980957, '02:26']
[39, 0.44793272018432617, 0.4464614987373352, 0.887285590171814, 0.9824041128158569, 0.11655551195144653, 0.17771917581558228, 1.521012783050537, 0.7912982702255249, 0.8056967854499817, 0.8056967854499817, 2.423646926879883, '02:28']
[40, 0.4388604164123535, 0.43062496185302734, 0.87514728307724, 0.9880548119544983, 0.12978962063789368, 0.17463728785514832, 1.3152061700820923, 0.7797660827636719, 0.7878757119178772, 0.7878757119178772, 0.9255451560020447, '02:26']
[41, 0.4425951838493347, 0.4491990804672241, 0.8873406648635864, 0.9777039289474487, 0.11766810715198517, 0.18038852512836456, 1.5992189645767212, 0.7797670960426331, 0.8051926493644714, 0.8051926493644714, 3.7262721061706543, '02:26']
[42, 0.44245198369026184, 0.43703338503837585, 0.8774321675300598, 0.9811135530471802, 0.12782523036003113, 0.17860712110996246, 1.559036374092102, 0.7693532705307007, 0.7904919981956482, 0.7904919981956482, 2.8839662075042725, '02:26']
No improvement since epoch 34: early stopping
----------
1
----------
DLS create!
[0, 0.5291864275932312, 0.5190489292144775, 0.9932799935340881, 0.9933914542198181, 0.0, 0.18159818649291992, 1.1267423629760742, 0.9946979284286499, 0.9866781830787659, 0.9866781830787659, 0.0, '02:26']
Better model found at epoch 0 with valid_loss value: 0.5190489292144775.
[1, 0.5108451843261719, 0.5010619759559631, 0.9777838587760925, 0.9890947937965393, 0.035038117319345474, 0.17845845222473145, 1.3835622072219849, 0.9576557874679565, 0.9569202661514282, 0.9569202661514282, 1.533214807510376, '02:26']
Better model found at epoch 1 with valid_loss value: 0.5010619759559631.
[2, 0.5092797875404358, 0.5047292113304138, 0.9829360842704773, 0.9918197393417358, 0.018365442752838135, 0.1778368353843689, 1.3361173868179321, 0.9701336622238159, 0.9666553735733032, 0.9666553735733032, 0.5530111193656921, '02:27']
[3, 0.4969264566898346, 0.49434658885002136, 0.9622635841369629, 0.9831116199493408, 0.042140088975429535, 0.17843599617481232, 1.594956636428833, 0.9274622797966003, 0.9288666248321533, 0.9288666248321533, 3.3135275840759277, '02:26']
Better model found at epoch 3 with valid_loss value: 0.49434658885002136.
[4, 0.500077486038208, 0.4949297606945038, 0.9695308804512024, 0.9890187382698059, 0.03565160930156708, 0.17593029141426086, 1.4293699264526367, 0.9431794881820679, 0.9423438906669617, 0.9423438906669617, 1.6193233728408813, '02:25']
[5, 0.49479982256889343, 0.48847696185112, 0.963166356086731, 0.9885284304618835, 0.04480191692709923, 0.17597511410713196, 1.433935284614563, 0.9304368495941162, 0.9300779104232788, 0.9300779104232788, 1.7439254522323608, '02:27']
Better model found at epoch 5 with valid_loss value: 0.48847696185112.
[6, 0.49607139825820923, 0.48466765880584717, 0.9518877863883972, 0.9816931486129761, 0.054421160370111465, 0.17913678288459778, 1.627209186553955, 0.9027013182640076, 0.9101264476776123, 0.9101264476776123, 3.958908796310425, '02:25']
Better model found at epoch 6 with valid_loss value: 0.48466765880584717.
[7, 0.4885428249835968, 0.48262909054756165, 0.9536773562431335, 0.9845477342605591, 0.054466843605041504, 0.17813356220722198, 1.5799566507339478, 0.9068222045898438, 0.9130215048789978, 0.9130215048789978, 3.25900936126709, '02:29']
Better model found at epoch 7 with valid_loss value: 0.48262909054756165.
[8, 0.488461434841156, 0.49553173780441284, 0.9591043591499329, 0.974796712398529, 0.0474647581577301, 0.18264499306678772, 1.6905919313430786, 0.9068600535392761, 0.9228399395942688, 0.9228399395942688, 6.4640278816223145, '02:25']
[9, 0.4884498119354248, 0.48009049892425537, 0.955410361289978, 0.9907059073448181, 0.05351641774177551, 0.17511937022209167, 1.382198691368103, 0.9169657826423645, 0.9168452620506287, 0.9168452620506287, 1.0639899969100952, '02:26']
Better model found at epoch 9 with valid_loss value: 0.48009049892425537.
[10, 0.48255211114883423, 0.4698168635368347, 0.9415310025215149, 0.9872804880142212, 0.07023055106401443, 0.17692939937114716, 1.5300650596618652, 0.8845884799957275, 0.8914498686790466, 0.8914498686790466, 2.5259509086608887, '02:26']
Better model found at epoch 10 with valid_loss value: 0.4698168635368347.
[11, 0.481598824262619, 0.47919896245002747, 0.9532271027565002, 0.9920320510864258, 0.05384819954633713, 0.17426931858062744, 1.2775036096572876, 0.9081206321716309, 0.9122703075408936, 0.9122703075408936, 0.667253851890564, '02:25']
[12, 0.47835156321525574, 0.46849095821380615, 0.9367549419403076, 0.9862110018730164, 0.07013929635286331, 0.17719511687755585, 1.5594106912612915, 0.8737595677375793, 0.8835483193397522, 0.8835483193397522, 2.6645853519439697, '02:27']
Better model found at epoch 12 with valid_loss value: 0.46849095821380615.
[13, 0.4736253023147583, 0.46271878480911255, 0.9312428832054138, 0.9871516227722168, 0.07674887776374817, 0.176753968000412, 1.543243169784546, 0.8672572374343872, 0.87469482421875, 0.87469482421875, 2.559103488922119, '02:26']
Better model found at epoch 13 with valid_loss value: 0.46271878480911255.
[14, 0.4668087065219879, 0.4651902914047241, 0.9347751140594482, 0.9916735291481018, 0.0705924928188324, 0.17440348863601685, 1.3327847719192505, 0.8771664500236511, 0.8810222148895264, 0.8810222148895264, 0.835408091545105, '02:26']
[15, 0.46995532512664795, 0.4628203213214874, 0.9287348389625549, 0.9869435429573059, 0.07679855078458786, 0.1769174337387085, 1.5665862560272217, 0.8625442385673523, 0.87091064453125, 0.87091064453125, 2.533538579940796, '02:26']
[16, 0.47063055634498596, 0.4580572545528412, 0.929280161857605, 0.9916521310806274, 0.0792175754904747, 0.17451661825180054, 1.3387441635131836, 0.8678411245346069, 0.871544361114502, 0.871544361114502, 0.9534645676612854, '02:31']
Better model found at epoch 16 with valid_loss value: 0.4580572545528412.
[17, 0.466216117143631, 0.4568202793598175, 0.9257137179374695, 0.9918867349624634, 0.08166991919279099, 0.1743251383304596, 1.3170427083969116, 0.8617874383926392, 0.8659077882766724, 0.8659077882766724, 0.8615388870239258, '02:26']
Better model found at epoch 17 with valid_loss value: 0.4568202793598175.
[18, 0.4697096049785614, 0.45361506938934326, 0.9187853932380676, 0.9880020022392273, 0.08729668706655502, 0.17642365396022797, 1.5388728380203247, 0.8459505438804626, 0.8541161417961121, 0.8541161417961121, 2.2646825313568115, '02:26']
Better model found at epoch 18 with valid_loss value: 0.45361506938934326.
[19, 0.4622424840927124, 0.4502047896385193, 0.9185926914215088, 0.9922301769256592, 0.0893598198890686, 0.17415839433670044, 1.2969390153884888, 0.8491829633712769, 0.8541684150695801, 0.8541684150695801, 0.7096922397613525, '02:27']
Better model found at epoch 19 with valid_loss value: 0.4502047896385193.
[20, 0.4667513072490692, 0.4528180956840515, 0.9219740033149719, 0.9920516014099121, 0.08557619899511337, 0.17425426840782166, 1.3023531436920166, 0.8546841144561768, 0.8601541519165039, 0.8601541519165039, 0.7656573057174683, '02:27']
[21, 0.465412974357605, 0.45697763562202454, 0.922523558139801, 0.9851822257041931, 0.08646531403064728, 0.17784494161605835, 1.589234709739685, 0.8435269594192505, 0.8601534962654114, 0.8601534962654114, 3.3867008686065674, '02:26']
[22, 0.4605161249637604, 0.4497145414352417, 0.9170910716056824, 0.9898834824562073, 0.0914740040898323, 0.17542330920696259, 1.4509831666946411, 0.8463550806045532, 0.8514697551727295, 0.8514697551727295, 1.6699002981185913, '02:28']
Better model found at epoch 22 with valid_loss value: 0.4497145414352417.
[23, 0.46671992540359497, 0.46247532963752747, 0.9347390532493591, 0.9926247596740723, 0.07389534264802933, 0.17396366596221924, 1.2281479835510254, 0.8744469881057739, 0.8814293742179871, 0.8814293742179871, 0.5545191764831543, '02:26']
[24, 0.4608597159385681, 0.4461074769496918, 0.9108808040618896, 0.9897907972335815, 0.09559934586286545, 0.1755470484495163, 1.463782787322998, 0.8359543681144714, 0.842229962348938, 0.842229962348938, 1.6177549362182617, '02:25']
Better model found at epoch 24 with valid_loss value: 0.4461074769496918.
[25, 0.46212664246559143, 0.4486432373523712, 0.9161170721054077, 0.9925508499145508, 0.09159363061189651, 0.17399205267429352, 1.2638999223709106, 0.8442212343215942, 0.8525046706199646, 0.8525046706199646, 0.6570459604263306, '02:26']
[26, 0.4634771943092346, 0.43673810362815857, 0.9010760188102722, 0.9906927943229675, 0.10798019915819168, 0.17511695623397827, 1.4315730333328247, 0.8213490843772888, 0.8263967037200928, 0.8263967037200928, 1.4338626861572266, '02:26']
Better model found at epoch 26 with valid_loss value: 0.43673810362815857.
[27, 0.4651457965373993, 0.4441037178039551, 0.9068079590797424, 0.9881477952003479, 0.09903369098901749, 0.17642758786678314, 1.5377575159072876, 0.8231971859931946, 0.8355836868286133, 0.8355836868286133, 2.2546656131744385, '02:26']
[28, 0.45354413986206055, 0.4709962010383606, 0.9278098940849304, 0.9792729020118713, 0.07615554332733154, 0.18094219267368317, 1.702057123184204, 0.8393491506576538, 0.869015634059906, 0.869015634059906, 5.340909004211426, '02:26']
[29, 0.4588810205459595, 0.44364815950393677, 0.9103844165802002, 0.9906774759292603, 0.09888127446174622, 0.17513038218021393, 1.4234683513641357, 0.8362493515014648, 0.8415136933326721, 0.8415138125419617, 1.3646355867385864, '02:26']
[30, 0.4563487768173218, 0.47973379492759705, 0.9268401861190796, 0.9751601815223694, 0.07513811439275742, 0.18299755454063416, 1.7459274530410767, 0.8291882872581482, 0.8666226863861084, 0.8666226863861084, 6.865328311920166, '02:26']
[31, 0.4596167504787445, 0.4669562578201294, 0.9229595065116882, 0.9801768660545349, 0.0808807834982872, 0.180396169424057, 1.6911555528640747, 0.8309495449066162, 0.8607545495033264, 0.8607545495033264, 5.106738090515137, '02:26']
[32, 0.46110063791275024, 0.44571560621261597, 0.9116067290306091, 0.988335132598877, 0.09740454703569412, 0.1764291375875473, 1.5239028930664062, 0.8343037366867065, 0.841827929019928, 0.841827929019928, 2.231503486633301, '02:26']
[33, 0.4561734199523926, 0.4392981231212616, 0.9038223624229431, 0.9900355339050293, 0.10444549471139908, 0.17539477348327637, 1.4460835456848145, 0.8249508142471313, 0.8308356404304504, 0.8308356404304504, 1.4529139995574951, '02:26']
[34, 0.4583432674407959, 0.5117546916007996, 0.9418559670448303, 0.9607242345809937, 0.059846315532922745, 0.19020915031433105, 1.8223443031311035, 0.8405416011810303, 0.8921228647232056, 0.8921228647232056, 11.518327713012695, '02:25']
No improvement since epoch 26: early stopping
----------
2
----------
DLS create!
[0, 0.5362617373466492, 0.5443699359893799, 0.9882248044013977, 0.9918094873428345, 0.0, 0.20044124126434326, 1.3621927499771118, 0.9832903742790222, 0.9770504832267761, 0.9770504832267761, 0.0, '02:26']
Better model found at epoch 0 with valid_loss value: 0.5443699359893799.
[1, 0.5083935856819153, 0.5026261806488037, 0.9751351475715637, 0.9918087124824524, 4.776389232574729e-06, 0.17861519753932953, 1.3666952848434448, 0.9534197449684143, 0.9522241353988647, 0.9522242546081543, 0.00013007354573346674, '02:25']
Better model found at epoch 1 with valid_loss value: 0.5026261806488037.
[2, 0.4986853003501892, 0.4937395751476288, 0.9651354551315308, 0.9878630042076111, 0.045962799340486526, 0.17547254264354706, 1.362786054611206, 0.93427574634552, 0.9342779517173767, 0.9342779517173767, 1.5934723615646362, '02:27']
Better model found at epoch 2 with valid_loss value: 0.4937395751476288.
[3, 0.5047535300254822, 0.4941655397415161, 0.9653879404067993, 0.9859487414360046, 0.04570949450135231, 0.1769854873418808, 1.476668357849121, 0.9343779683113098, 0.9344372153282166, 0.9344372153282166, 2.251082181930542, '02:26']
[4, 0.49076154828071594, 0.4916216731071472, 0.9617694616317749, 0.9885287880897522, 0.0465250164270401, 0.17525029182434082, 1.3911856412887573, 0.9261669516563416, 0.9277299046516418, 0.9277299046516418, 1.3840761184692383, '02:27']
Better model found at epoch 4 with valid_loss value: 0.4916216731071472.
[5, 0.4892655313014984, 0.4894472360610962, 0.9591129422187805, 0.9871631860733032, 0.04785844311118126, 0.1760675311088562, 1.4682444334030151, 0.9221479892730713, 0.9229787588119507, 0.9229787588119507, 1.8224157094955444, '02:26']
Better model found at epoch 5 with valid_loss value: 0.4894472360610962.
[6, 0.4919588267803192, 0.491454541683197, 0.9603669047355652, 0.9861695170402527, 0.046791162341833115, 0.1761733442544937, 1.4646055698394775, 0.9239302277565002, 0.9250461459159851, 0.9250461459159851, 2.202522039413452, '02:25']
[7, 0.48557165265083313, 0.49795857071876526, 0.9519405961036682, 0.9749231934547424, 0.05171314626932144, 0.18179377913475037, 1.703316569328308, 0.8996091485023499, 0.9109761118888855, 0.9109761118888855, 6.488803863525391, '02:27']
[8, 0.48878613114356995, 0.4874080717563629, 0.9484478235244751, 0.9787572026252747, 0.05888041853904724, 0.18043668568134308, 1.662841796875, 0.8934049606323242, 0.9047618508338928, 0.9047618508338928, 5.057897567749023, '02:29']
Better model found at epoch 8 with valid_loss value: 0.4874080717563629.
[9, 0.485399454832077, 0.49067527055740356, 0.9587219953536987, 0.9871752858161926, 0.04654909670352936, 0.17605003714561462, 1.4657710790634155, 0.9229037165641785, 0.9246349334716797, 0.9246349334716797, 2.0160701274871826, '02:29']
[10, 0.4828606843948364, 0.4987681210041046, 0.9577375650405884, 0.9763377904891968, 0.047715600579977036, 0.18125851452350616, 1.6784268617630005, 0.9106663465499878, 0.9203788042068481, 0.9203788042068481, 5.854954242706299, '02:25']
[11, 0.4811958968639374, 0.47595787048339844, 0.9406416416168213, 0.9850544333457947, 0.06856576353311539, 0.1771795004606247, 1.556998610496521, 0.8839592337608337, 0.8907661437988281, 0.8907661437988281, 2.705676555633545, '02:26']
Better model found at epoch 11 with valid_loss value: 0.47595787048339844.
[12, 0.47756218910217285, 0.4727570712566376, 0.9323661923408508, 0.9817668199539185, 0.07393316924571991, 0.17873460054397583, 1.6348497867584229, 0.8648708462715149, 0.8772122263908386, 0.8772122263908386, 4.012857437133789, '02:26']
Better model found at epoch 12 with valid_loss value: 0.4727570712566376.
[13, 0.4780295789241791, 0.4696953594684601, 0.9389312267303467, 0.9896603226661682, 0.07217829674482346, 0.17484493553638458, 1.3767504692077637, 0.8804653286933899, 0.8866302371025085, 0.8866302371025085, 1.077932357788086, '02:26']
Better model found at epoch 13 with valid_loss value: 0.4696953594684601.
[14, 0.47011831402778625, 0.4775446951389313, 0.9317338466644287, 0.9788018465042114, 0.0725221186876297, 0.1801881492137909, 1.6832003593444824, 0.8581584095954895, 0.8756807446479797, 0.8756807446479797, 4.949686527252197, '02:26']
[15, 0.4636828303337097, 0.4799562394618988, 0.9458043575286865, 0.9892773032188416, 0.06001659110188484, 0.17491674423217773, 1.397458791732788, 0.8958132863044739, 0.8993647694587708, 0.8993647694587708, 1.019162654876709, '02:26']
[16, 0.4723033607006073, 0.45786526799201965, 0.9209693670272827, 0.9865076541900635, 0.08936193585395813, 0.17654812335968018, 1.5346612930297852, 0.8493456244468689, 0.8574250936508179, 0.8574250936508179, 2.2057290077209473, '02:24']
Better model found at epoch 16 with valid_loss value: 0.45786526799201965.
[17, 0.46910959482192993, 0.4662185609340668, 0.9275026917457581, 0.9869782328605652, 0.07778646051883698, 0.17614300549030304, 1.520591378211975, 0.8636302351951599, 0.8686744570732117, 0.8686744570732117, 1.9438472986221313, '02:25']
[18, 0.46952319145202637, 0.47715267539024353, 0.9457041621208191, 0.9914966821670532, 0.061432451009750366, 0.17374518513679504, 1.1708266735076904, 0.8832642436027527, 0.8994108438491821, 0.8994108438491821, 0.312792032957077, '02:26']
[19, 0.4740961194038391, 0.4576948583126068, 0.9197676181793213, 0.9852597117424011, 0.08844923973083496, 0.177039235830307, 1.5700066089630127, 0.8422185182571411, 0.8546307682991028, 0.8546307682991028, 2.693279981613159, '02:25']
Better model found at epoch 19 with valid_loss value: 0.4576948583126068.
[20, 0.4627822935581207, 0.4563795328140259, 0.9195839762687683, 0.9879673719406128, 0.08820021152496338, 0.17575986683368683, 1.4904760122299194, 0.8453959226608276, 0.8540751338005066, 0.8540751338005066, 1.7368409633636475, '02:25']
Better model found at epoch 20 with valid_loss value: 0.4563795328140259.
[21, 0.4662489891052246, 0.5133125185966492, 0.9474509954452515, 0.9621462225914001, 0.05467909574508667, 0.18847918510437012, 1.8045480251312256, 0.8694442510604858, 0.9024951457977295, 0.9024951457977295, 10.907381057739258, '02:25']
[22, 0.46423062682151794, 0.45532292127609253, 0.9172866344451904, 0.9857581257820129, 0.09204356372356415, 0.17697244882583618, 1.561183214187622, 0.8414921760559082, 0.852641224861145, 0.852641224861145, 2.676809310913086, '02:26']
Better model found at epoch 22 with valid_loss value: 0.45532292127609253.
[23, 0.4586147367954254, 0.4528190791606903, 0.9145559072494507, 0.9877566695213318, 0.09265775978565216, 0.1758374571800232, 1.4978888034820557, 0.8375467658042908, 0.8463771939277649, 0.8463771939277649, 1.772268533706665, '02:25']
Better model found at epoch 23 with valid_loss value: 0.4528190791606903.
[24, 0.4647713005542755, 0.44880515336990356, 0.9112716317176819, 0.9872024059295654, 0.09865226596593857, 0.17620553076267242, 1.5187816619873047, 0.8310018181800842, 0.8409263491630554, 0.8409263491630554, 2.0238239765167236, '02:26']
Better model found at epoch 24 with valid_loss value: 0.44880515336990356.
[25, 0.45988184213638306, 0.4596511423587799, 0.9290021657943726, 0.9913655519485474, 0.08406887203454971, 0.17399322986602783, 1.2130179405212402, 0.8605266809463501, 0.8708629608154297, 0.8708629608154297, 0.42753347754478455, '02:25']
[26, 0.4658704102039337, 0.44768548011779785, 0.9080813527107239, 0.9875425100326538, 0.09986741095781326, 0.17598135769367218, 1.5014088153839111, 0.8286231160163879, 0.8365558981895447, 0.8365558981895447, 1.764319658279419, '02:25']
Better model found at epoch 26 with valid_loss value: 0.44768548011779785.
[27, 0.4585789442062378, 0.5010031461715698, 0.9729674458503723, 0.9918370246887207, 0.030449548736214638, 0.17355228960514069, 1.0446350574493408, 0.9374889135360718, 0.9490301609039307, 0.9490301609039307, 0.07468552142381668, '02:28']
[28, 0.45640644431114197, 0.47343429923057556, 0.9198992252349854, 0.9747576713562012, 0.08378113061189651, 0.18256127834320068, 1.7330348491668701, 0.8248777389526367, 0.8559930324554443, 0.8559930324554443, 6.104737758636475, '02:25']
[29, 0.4540592432022095, 0.5276798605918884, 0.94329833984375, 0.9508470892906189, 0.05868154391646385, 0.19441428780555725, 1.8458194732666016, 0.8510861992835999, 0.8959514498710632, 0.8959514498710632, 14.618231773376465, '02:26']
[30, 0.4454975426197052, 0.5012843012809753, 0.9326362609863281, 0.9667561054229736, 0.06881485134363174, 0.18655478954315186, 1.7820183038711548, 0.842410683631897, 0.8777862787246704, 0.8777862787246704, 8.055793762207031, '02:26']
[31, 0.44087639451026917, 0.432172030210495, 0.8906785249710083, 0.9897661805152893, 0.11723237484693527, 0.1749211847782135, 1.3948631286621094, 0.801028311252594, 0.8095716238021851, 0.8095716238021851, 1.1249723434448242, '02:26']
Better model found at epoch 31 with valid_loss value: 0.432172030210495.
[32, 0.45272690057754517, 0.46189725399017334, 0.9090175628662109, 0.9769893884658813, 0.09572037309408188, 0.1815851628780365, 1.7040685415267944, 0.8115054965019226, 0.8385611176490784, 0.8385611176490784, 4.706109046936035, '02:26']
[33, 0.4585531949996948, 0.42718827724456787, 0.8875500559806824, 0.9891766905784607, 0.12536942958831787, 0.1752403825521469, 1.4251298904418945, 0.7952666282653809, 0.8032057881355286, 0.8032057881355286, 1.3220208883285522, '02:26']
Better model found at epoch 33 with valid_loss value: 0.42718827724456787.
[34, 0.45842379331588745, 0.44191721081733704, 0.9025223851203918, 0.9866222143173218, 0.10740375518798828, 0.1765528917312622, 1.5394774675369263, 0.8151777386665344, 0.8274024724960327, 0.8274024724960327, 2.2679173946380615, '02:26']
[35, 0.457226037979126, 0.43011754751205444, 0.890134334564209, 0.9876284003257751, 0.12037456780672073, 0.17609435319900513, 1.5159897804260254, 0.7954616546630859, 0.8078545331954956, 0.8078545331954956, 2.186997890472412, '02:25']
[36, 0.450579434633255, 0.42796599864959717, 0.8852208256721497, 0.9881729483604431, 0.12237349152565002, 0.17577987909317017, 1.4893437623977661, 0.7889127731323242, 0.8002328276634216, 0.8002328276634216, 1.8621208667755127, '02:25']
[37, 0.4556516706943512, 0.4597012996673584, 0.9125224947929382, 0.9782268404960632, 0.09323295950889587, 0.18080885708332062, 1.7017028331756592, 0.8192989230155945, 0.8451940417289734, 0.8451940417289734, 5.342547416687012, '02:25']
[38, 0.45376718044281006, 0.4568599760532379, 0.917159914970398, 0.9889634251594543, 0.08935148268938065, 0.17503483593463898, 1.410679578781128, 0.8452311754226685, 0.852515697479248, 0.852515697479248, 1.3124760389328003, '02:26']
[39, 0.4466252624988556, 0.457563579082489, 0.9227695465087891, 0.9918064475059509, 0.08469121158123016, 0.17365409433841705, 1.1349985599517822, 0.8414829969406128, 0.8625534176826477, 0.8625534176826477, 0.2805326282978058, '02:26']
[40, 0.4519054591655731, 0.4337204396724701, 0.8922778964042664, 0.9883494973182678, 0.11639319360256195, 0.17556439340114594, 1.474381685256958, 0.7992033958435059, 0.8102933168411255, 0.8102933168411255, 1.6829209327697754, '02:26']
[41, 0.45053908228874207, 0.4394766688346863, 0.8923665881156921, 0.9855396151542664, 0.11237913370132446, 0.17707861959934235, 1.5661747455596924, 0.795150876045227, 0.8110530376434326, 0.8110530376434326, 2.394282102584839, '02:26']
No improvement since epoch 33: early stopping
----------
3
----------
DLS create!
[0, 0.5240793824195862, 0.5190466642379761, 0.996426522731781, 0.9944791793823242, 0.0, 0.1801307201385498, 1.1334481239318848, 1.0008455514907837, 0.992892324924469, 0.992892324924469, 0.0, '02:27']
Better model found at epoch 0 with valid_loss value: 0.5190466642379761.
[1, 0.5113474726676941, 0.5080640912055969, 0.9873338341712952, 0.9944791793823242, 0.0, 0.17819640040397644, 1.283061146736145, 0.9788274765014648, 0.9753401279449463, 0.9753401279449463, 0.0, '02:26']
Better model found at epoch 1 with valid_loss value: 0.5080640912055969.
[2, 0.5020214319229126, 0.49987536668777466, 0.9735121130943298, 0.9839212894439697, 0.03294277936220169, 0.1791609823703766, 1.6089180707931519, 0.9444401264190674, 0.949201226234436, 0.949201226234436, 5.9965386390686035, '02:27']
Better model found at epoch 2 with valid_loss value: 0.49987536668777466.
[3, 0.5009025931358337, 0.5409096479415894, 0.981906533241272, 0.9507918953895569, 0.02249755524098873, 0.19737127423286438, 1.8153743743896484, 0.9506624341011047, 0.9649050831794739, 0.9649050831794739, 26.390745162963867, '02:25']
[4, 0.49245837330818176, 0.5035986304283142, 0.9845067858695984, 0.9933785796165466, 0.017772043123841286, 0.17436401546001434, 1.2688392400741577, 0.9703797101974487, 0.9698128700256348, 0.9698128700256348, 0.7524200677871704, '02:25']
[5, 0.49259355664253235, 0.5177019834518433, 0.9744063019752502, 0.9631171822547913, 0.028964191675186157, 0.18789897859096527, 1.7687937021255493, 0.9415866136550903, 0.9513534307479858, 0.9513534307479858, 17.578838348388672, '02:26']
[6, 0.4911503493785858, 0.4907662272453308, 0.9672374129295349, 0.9872992634773254, 0.04161716625094414, 0.17759846150875092, 1.578918218612671, 0.9332285523414612, 0.9377413988113403, 0.9377413988113403, 3.805596351623535, '02:26']
Better model found at epoch 6 with valid_loss value: 0.4907662272453308.
[7, 0.48883023858070374, 0.49300655722618103, 0.9670515656471252, 0.9854293465614319, 0.040563538670539856, 0.17846573889255524, 1.6299980878829956, 0.9319468140602112, 0.9375049471855164, 0.9375049471855164, 4.846553325653076, '02:26']
[8, 0.48431140184402466, 0.4936818480491638, 0.9634225964546204, 0.9817806482315063, 0.041469041258096695, 0.1797281801700592, 1.694230318069458, 0.917909562587738, 0.9306901097297668, 0.9306901097297668, 6.7521071434021, '02:26']
[9, 0.48693329095840454, 0.5108067393302917, 0.970581591129303, 0.9689860939979553, 0.033660173416137695, 0.1862681359052658, 1.772111415863037, 0.9331260919570923, 0.9443495273590088, 0.9443495273590088, 13.800263404846191, '02:29']
[10, 0.47761550545692444, 0.4787893295288086, 0.9535129070281982, 0.9888266324996948, 0.05405068024992943, 0.1764264553785324, 1.5614272356033325, 0.9064929485321045, 0.9131565690040588, 0.9131565690040588, 2.9486827850341797, '02:25']
Better model found at epoch 10 with valid_loss value: 0.4787893295288086.
[11, 0.47796911001205444, 0.4774147570133209, 0.9546827077865601, 0.9913145899772644, 0.05435500293970108, 0.1752292364835739, 1.4582716226577759, 0.9114763140678406, 0.9152780771255493, 0.9152780771255493, 1.695228934288025, '02:25']
Better model found at epoch 11 with valid_loss value: 0.4774147570133209.
[12, 0.47533220052719116, 0.47665321826934814, 0.9505611658096313, 0.9907974600791931, 0.05493730679154396, 0.17536775767803192, 1.5051838159561157, 0.9028690457344055, 0.9077309966087341, 0.9077309966087341, 1.9302057027816772, '02:25']
Better model found at epoch 12 with valid_loss value: 0.47665321826934814.
[13, 0.4751355051994324, 0.4835006594657898, 0.9584370851516724, 0.9934320449829102, 0.04718944430351257, 0.1739489585161209, 1.281653881072998, 0.9164832234382629, 0.9223541021347046, 0.9223541021347046, 0.5831931233406067, '02:25']
[14, 0.46646204590797424, 0.48384085297584534, 0.9613741636276245, 0.9937582015991211, 0.044476740062236786, 0.17385390400886536, 1.2339013814926147, 0.921727180480957, 0.9277626276016235, 0.927762508392334, 0.45130816102027893, '02:26']
[15, 0.469544380903244, 0.486160010099411, 0.9633615016937256, 0.9934275150299072, 0.046333082020282745, 0.17406632006168365, 1.2596015930175781, 0.9267838597297668, 0.9312364459037781, 0.9312364459037781, 0.6339772343635559, '02:26']
[16, 0.46515128016471863, 0.492765873670578, 0.9714100956916809, 0.9941558241844177, 0.03301399573683739, 0.1736248880624771, 1.1366242170333862, 0.938259482383728, 0.9466136693954468, 0.9466136693954468, 0.2209208905696869, '02:26']
[17, 0.4686506688594818, 0.47678396105766296, 0.9546575546264648, 0.9927305579185486, 0.053549911826848984, 0.17444364726543427, 1.3631986379623413, 0.9105327129364014, 0.9154015779495239, 0.9154015779495239, 1.044081449508667, '02:25']
[18, 0.46657809615135193, 0.4680575430393219, 0.9400518536567688, 0.9897559881210327, 0.0655607357621193, 0.17599470913410187, 1.5570957660675049, 0.8806084394454956, 0.8900532126426697, 0.8900532126426697, 2.458460807800293, '02:27']
Better model found at epoch 18 with valid_loss value: 0.4680575430393219.
[19, 0.47191759943962097, 0.47954630851745605, 0.9572247862815857, 0.9926597476005554, 0.05090451240539551, 0.17444926500320435, 1.3717774152755737, 0.9162478446960449, 0.9199691414833069, 0.9199691414833069, 1.0398640632629395, '02:25']
[20, 0.4668835699558258, 0.48412278294563293, 0.9625340104103088, 0.9941696524620056, 0.04362618178129196, 0.17364856600761414, 1.147881269454956, 0.9213827848434448, 0.9305047988891602, 0.9305047988891602, 0.25153541564941406, '02:25']
[21, 0.45607268810272217, 0.47512415051460266, 0.9504796862602234, 0.9938533306121826, 0.05493177846074104, 0.17378275096416473, 1.2135201692581177, 0.9018000364303589, 0.9098678231239319, 0.9098678231239319, 0.3988552987575531, '02:27']
[22, 0.45934998989105225, 0.4721217453479767, 0.9436315298080444, 0.987548828125, 0.06149537116289139, 0.17715373635292053, 1.628455400466919, 0.8832822442054749, 0.8958085775375366, 0.8958085775375366, 3.683666229248047, '02:26']
[23, 0.45618540048599243, 0.4655018150806427, 0.9400377869606018, 0.9931926727294922, 0.06786610186100006, 0.1741606891155243, 1.3083839416503906, 0.8870682120323181, 0.891909122467041, 0.891909122467041, 0.7344958186149597, '02:26']
Better model found at epoch 23 with valid_loss value: 0.4655018150806427.
[24, 0.4567802846431732, 0.472836434841156, 0.9428905844688416, 0.9878823161125183, 0.06056685373187065, 0.17677997052669525, 1.6171131134033203, 0.8840397000312805, 0.8944528698921204, 0.8944528698921204, 3.2701704502105713, '02:26']
[25, 0.4576071500778198, 0.4693332314491272, 0.9399650692939758, 0.9872123003005981, 0.06588899344205856, 0.17732378840446472, 1.6163592338562012, 0.8772169947624207, 0.8898839354515076, 0.8898839354515076, 3.2877612113952637, '02:26']
[26, 0.45524051785469055, 0.4757607877254486, 0.9450531601905823, 0.9885919094085693, 0.05838882178068161, 0.17653973400592804, 1.5915589332580566, 0.8897655606269836, 0.8995547294616699, 0.8995547294616699, 2.8835818767547607, '02:27']
[27, 0.44784992933273315, 0.45772913098335266, 0.9302968382835388, 0.9927312135696411, 0.0767226368188858, 0.17444220185279846, 1.3841207027435303, 0.868353009223938, 0.8747782111167908, 0.8747782111167908, 1.055557370185852, '02:26']
Better model found at epoch 27 with valid_loss value: 0.45772913098335266.
[28, 0.45434820652008057, 0.4630984663963318, 0.9370356202125549, 0.9916511178016663, 0.07081040740013123, 0.17509356141090393, 1.426513671875, 0.8792551159858704, 0.8866605758666992, 0.8866605758666992, 1.3655452728271484, '02:26']
[29, 0.45490261912345886, 0.47101902961730957, 0.9452041983604431, 0.9906851649284363, 0.060449257493019104, 0.17541474103927612, 1.5061297416687012, 0.8940184712409973, 0.8993536829948425, 0.8993536829948425, 1.9891823530197144, '02:26']
[30, 0.45554211735725403, 0.5144832134246826, 0.9547944664955139, 0.9614668488502502, 0.04678349941968918, 0.18973058462142944, 1.848463773727417, 0.8755915760993958, 0.9156597852706909, 0.9156597852706909, 15.67587947845459, '02:29']
[31, 0.4547533690929413, 0.47316646575927734, 0.9317253232002258, 0.9832899570465088, 0.07153066247701645, 0.17939116060733795, 1.7080248594284058, 0.8619692921638489, 0.8783242106437683, 0.8783242106437683, 6.89356803894043, '02:25']
[32, 0.4465180039405823, 0.4641340672969818, 0.9375993609428406, 0.9934654831886292, 0.07050371915102005, 0.17401498556137085, 1.2977609634399414, 0.8800942301750183, 0.8868670463562012, 0.8868670463562012, 0.6533446907997131, '02:26']
[33, 0.44392725825309753, 0.48100391030311584, 0.9452115297317505, 0.9830036163330078, 0.05790646746754646, 0.17922328412532806, 1.6763131618499756, 0.8808537721633911, 0.8988194465637207, 0.8988194465637207, 5.256138801574707, '02:26']
[34, 0.4415646195411682, 0.4698221981525421, 0.938746988773346, 0.9894573092460632, 0.06521585583686829, 0.17606833577156067, 1.5557130575180054, 0.8808615803718567, 0.8886947631835938, 0.8886947631835938, 2.460872173309326, '02:26']
[35, 0.443463534116745, 0.4552845060825348, 0.9274419546127319, 0.9925417304039001, 0.08106012642383575, 0.17455366253852844, 1.3862009048461914, 0.8634893894195557, 0.8693854212760925, 0.8693854212760925, 1.1098384857177734, '02:26']
Better model found at epoch 35 with valid_loss value: 0.4552845060825348.
[36, 0.45793136954307556, 0.49847298860549927, 0.9550221562385559, 0.9699222445487976, 0.05116817727684975, 0.18594269454479218, 1.784665822982788, 0.8869524598121643, 0.9162754416465759, 0.9162754416465759, 11.223625183105469, '02:26']
[37, 0.4455185830593109, 0.45900586247444153, 0.9309821724891663, 0.9905872344970703, 0.07793993502855301, 0.17582736909389496, 1.5232245922088623, 0.8686233162879944, 0.875768780708313, 0.875768780708313, 2.853109836578369, '02:26']
[38, 0.45062801241874695, 0.48243448138237, 0.9594810009002686, 0.9940627217292786, 0.04639291763305664, 0.1736910045146942, 1.155814290046692, 0.9156557321548462, 0.9254471063613892, 0.9254471063613892, 0.29532212018966675, '02:26']
[39, 0.45316681265830994, 0.4580756425857544, 0.9311579465866089, 0.9919832348823547, 0.07813891023397446, 0.17493559420108795, 1.4303547143936157, 0.8697248697280884, 0.8763430714607239, 0.8763430714607239, 1.2759355306625366, '02:26']
[40, 0.4483327567577362, 0.4769466817378998, 0.9405800700187683, 0.9844077229499817, 0.06342557072639465, 0.17877933382987976, 1.6793928146362305, 0.8716878890991211, 0.8906248211860657, 0.8906248211860657, 4.150356769561768, '02:26']
[41, 0.4538651406764984, 0.4645545184612274, 0.9326918125152588, 0.9860122203826904, 0.07290241122245789, 0.17808599770069122, 1.6651325225830078, 0.8599368929862976, 0.8780245184898376, 0.8780245184898376, 4.136748313903809, '02:26']
[42, 0.45075830817222595, 0.46272721886634827, 0.9366051554679871, 0.9934001564979553, 0.06921496987342834, 0.1740787774324417, 1.2723551988601685, 0.8767082691192627, 0.8849488496780396, 0.8849488496780396, 0.64024817943573, '02:27']
[43, 0.45393168926239014, 0.46206697821617126, 0.9312597513198853, 0.9878419041633606, 0.07451734691858292, 0.17706778645515442, 1.6174334287643433, 0.8609274625778198, 0.8753636479377747, 0.8753636479377747, 3.179096221923828, '02:25']
No improvement since epoch 35: early stopping
----------
4
----------
DLS create!
[0, 0.5374729633331299, 0.5101299285888672, 0.9874778985977173, 0.9935069680213928, 0.0, 0.1798710972070694, 1.2520575523376465, 0.9820373058319092, 0.9756045341491699, 0.9756045341491699, 0.0, '02:26']
Better model found at epoch 0 with valid_loss value: 0.5101299285888672.
[1, 0.5119160413742065, 0.5088692903518677, 0.9865756630897522, 0.9930711984634399, 0.003739516716450453, 0.17559753358364105, 1.264836072921753, 0.978487491607666, 0.9739823341369629, 0.9739823341369629, 0.25894656777381897, '02:26']
Better model found at epoch 1 with valid_loss value: 0.5088692903518677.
[2, 0.5129997730255127, 0.5117009878158569, 0.9932053685188293, 0.9935069680213928, 0.0, 0.17563357949256897, 1.0715136528015137, 0.991946816444397, 0.9865577816963196, 0.9865577816963196, 0.0, '02:26']
[3, 0.5123788714408875, 0.5562854409217834, 0.9852035641670227, 0.9402177333831787, 0.01895814575254917, 0.20348571240901947, 1.736752986907959, 0.9681661128997803, 0.9712633490562439, 0.9712633490562439, 26.2056827545166, '02:26']
[4, 0.5055646896362305, 0.49563249945640564, 0.9696146845817566, 0.9853406548500061, 0.03820398822426796, 0.17858965694904327, 1.5380936861038208, 0.9427011609077454, 0.9423221349716187, 0.9423221349716187, 3.4426467418670654, '02:25']
Better model found at epoch 4 with valid_loss value: 0.49563249945640564.
[5, 0.5045371651649475, 0.48957696557044983, 0.9648260474205017, 0.9875604510307312, 0.042958393692970276, 0.17697206139564514, 1.521147608757019, 0.9340232014656067, 0.9336416125297546, 0.9336416125297546, 2.5906295776367188, '02:25']
Better model found at epoch 5 with valid_loss value: 0.48957696557044983.
[6, 0.5001364350318909, 0.4875160753726959, 0.956423282623291, 0.9827655553817749, 0.05013052374124527, 0.17901498079299927, 1.6424952745437622, 0.9156676530838013, 0.919115424156189, 0.919115424156189, 4.3339409828186035, '02:25']
Better model found at epoch 6 with valid_loss value: 0.4875160753726959.
[7, 0.4948442280292511, 0.49815088510513306, 0.9750282168388367, 0.9926496744155884, 0.027505923062562943, 0.17404963076114655, 1.240112066268921, 0.9491087794303894, 0.9522781372070312, 0.9522781372070312, 0.42168015241622925, '02:26']
[8, 0.4976511001586914, 0.49581190943717957, 0.957789421081543, 0.975984513759613, 0.04920576140284538, 0.18285579979419708, 1.729921579360962, 0.9115805625915527, 0.9214509725570679, 0.9214509725570679, 7.609890937805176, '02:25']
[9, 0.49658650159835815, 0.48693907260894775, 0.9557404518127441, 0.9796954393386841, 0.05262351781129837, 0.18024107813835144, 1.6467533111572266, 0.9114797711372375, 0.917398989200592, 0.917398989200592, 5.977662086486816, '02:25']
Better model found at epoch 9 with valid_loss value: 0.48693907260894775.
[10, 0.4952229857444763, 0.5154812335968018, 0.9834359884262085, 0.9864838123321533, 0.037303533405065536, 0.18345609307289124, 1.5399445295333862, 0.9671332240104675, 0.9677499532699585, 0.9677499532699585, 3.1639561653137207, '02:25']
[11, 0.4949519634246826, 0.47782275080680847, 0.9472688436508179, 0.9843012094497681, 0.06172121688723564, 0.17863674461841583, 1.6358568668365479, 0.8974745273590088, 0.9029231071472168, 0.9029231071472168, 3.89131498336792, '02:25']
Better model found at epoch 11 with valid_loss value: 0.47782275080680847.
[12, 0.4864250421524048, 0.4754020869731903, 0.9434381723403931, 0.985772967338562, 0.06173807382583618, 0.17741858959197998, 1.6049777269363403, 0.8927676677703857, 0.8961318135261536, 0.8961318135261536, 3.3145294189453125, '02:25']
Better model found at epoch 12 with valid_loss value: 0.4754020869731903.
[13, 0.4898201525211334, 0.495108425617218, 0.9557352066040039, 0.9760403037071228, 0.04904564842581749, 0.18234647810459137, 1.7390812635421753, 0.9017947912216187, 0.9172341227531433, 0.9172341227531433, 8.006065368652344, '02:25']
[14, 0.48343124985694885, 0.465223491191864, 0.937586784362793, 0.9909834861755371, 0.06983749568462372, 0.17505334317684174, 1.4299591779708862, 0.8866034746170044, 0.8871610164642334, 0.8871610164642334, 1.390735149383545, '02:26']
Better model found at epoch 14 with valid_loss value: 0.465223491191864.
[15, 0.4822165369987488, 0.4656003713607788, 0.9386730194091797, 0.9912926554679871, 0.069106325507164, 0.17489668726921082, 1.4129259586334229, 0.8876479268074036, 0.8883297443389893, 0.8883297443389893, 1.265167474746704, '02:27']
[16, 0.47988709807395935, 0.46348974108695984, 0.9364815354347229, 0.990817129611969, 0.07173588126897812, 0.1752617359161377, 1.443861722946167, 0.884323239326477, 0.8849472403526306, 0.8849472403526306, 1.4492462873458862, '02:26']
Better model found at epoch 16 with valid_loss value: 0.46348974108695984.
[17, 0.4813951849937439, 0.46141621470451355, 0.9346392154693604, 0.9901509881019592, 0.07597909867763519, 0.17560862004756927, 1.474867582321167, 0.8807098865509033, 0.8811214566230774, 0.8811214566230774, 1.7159887552261353, '02:25']
Better model found at epoch 17 with valid_loss value: 0.46141621470451355.
[18, 0.4790802299976349, 0.4788268804550171, 0.9347114562988281, 0.9763625264167786, 0.0694318413734436, 0.18219877779483795, 1.750270128250122, 0.8610531091690063, 0.881158709526062, 0.881158709526062, 7.722281455993652, '02:26']
[19, 0.47949156165122986, 0.4609208106994629, 0.932580828666687, 0.9901238679885864, 0.07615291327238083, 0.1754048615694046, 1.4684754610061646, 0.8758411407470703, 0.8777097463607788, 0.8777097463607788, 1.814399242401123, '02:25']
Better model found at epoch 19 with valid_loss value: 0.4609208106994629.
[20, 0.47723016142845154, 0.48857900500297546, 0.9644386768341064, 0.993220865726471, 0.03958822041749954, 0.17365095019340515, 1.1406553983688354, 0.9178776741027832, 0.9327340126037598, 0.9327340126037598, 0.24745957553386688, '02:25']
[21, 0.47589874267578125, 0.45410504937171936, 0.9227170944213867, 0.9892662167549133, 0.0850134789943695, 0.1758510023355484, 1.518617033958435, 0.8594958782196045, 0.8617365956306458, 0.8617365956306458, 2.245988607406616, '02:26']
Better model found at epoch 21 with valid_loss value: 0.45410504937171936.
[22, 0.4660091996192932, 0.45995599031448364, 0.922630786895752, 0.9848888516426086, 0.08224286884069443, 0.17813880741596222, 1.655656337738037, 0.8509095311164856, 0.8610067367553711, 0.8610067367553711, 4.185271263122559, '02:25']
[23, 0.47563397884368896, 0.4497767686843872, 0.9181566834449768, 0.9895229339599609, 0.09083636105060577, 0.175911083817482, 1.523230791091919, 0.8484421968460083, 0.8535736203193665, 0.8535736203193665, 2.047537326812744, '02:25']
Better model found at epoch 23 with valid_loss value: 0.4497767686843872.
[24, 0.4777025282382965, 0.45434603095054626, 0.9264475107192993, 0.9906150698661804, 0.08516921103000641, 0.17537003755569458, 1.454430103302002, 0.8672620058059692, 0.8674545288085938, 0.8674545288085938, 1.4978420734405518, '02:25']
[25, 0.4660707712173462, 0.4511556625366211, 0.9204725623130798, 0.9907267093658447, 0.08692765235900879, 0.17513564229011536, 1.4362391233444214, 0.8568815588951111, 0.8583170771598816, 0.8583170771598816, 1.3741294145584106, '02:25']
[26, 0.4643685519695282, 0.460814893245697, 0.930910587310791, 0.9914795756340027, 0.07535675913095474, 0.17473971843719482, 1.3591444492340088, 0.8730285167694092, 0.8771986365318298, 0.8771986365318298, 1.1053276062011719, '02:25']
[27, 0.4742612838745117, 0.4509253203868866, 0.921178936958313, 0.9912994503974915, 0.08923903852701187, 0.17484261095523834, 1.4025400876998901, 0.8552581667900085, 0.8595712184906006, 0.8595712184906006, 1.258958101272583, '02:26']
[28, 0.4624374210834503, 0.46407005190849304, 0.9350494146347046, 0.9911332130432129, 0.07214508950710297, 0.17492695152759552, 1.3884516954421997, 0.8798002600669861, 0.8842303156852722, 0.8842303156852722, 1.2792328596115112, '02:25']
[29, 0.46487513184547424, 0.4748975932598114, 0.94894939661026, 0.9933571815490723, 0.055773667991161346, 0.17363405227661133, 1.135904312133789, 0.8908914923667908, 0.9068661332130432, 0.9068661332130432, 0.2410045564174652, '02:25']
[30, 0.45282888412475586, 0.5807733535766602, 0.9632387161254883, 0.920438289642334, 0.03827115520834923, 0.21025484800338745, 1.9098531007766724, 0.8785258531570435, 0.9304674863815308, 0.9304674863815308, 30.776552200317383, '02:25']
[31, 0.4567088484764099, 0.48156070709228516, 0.9527725577354431, 0.9929646253585815, 0.049393486231565475, 0.17383193969726562, 1.1660394668579102, 0.9023705124855042, 0.9163068532943726, 0.9163068532943726, 0.37218177318573, '02:26']
No improvement since epoch 23: early stopping
Unet_mitb5 Done!
