Models will save to Unet_dpn131_x
Use dpn131 encoder
Start training...
----------
0
----------
DLS create!
[0, 0.521335244178772, 0.5057336688041687, 0.9730579257011414, 0.9913754463195801, 0.019758224487304688, 0.17962515354156494, 1.407278299331665, 0.9675031900405884, 0.9561786651611328, 0.9561786651611328, inf, '02:48']
Better model found at epoch 0 with valid_loss value: 0.5057336688041687.
[1, 0.5066072940826416, 0.48792657256126404, 0.958554744720459, 0.9903340935707092, 0.04431824013590813, 0.17622603476047516, 1.3998407125473022, 0.9410063028335571, 0.9296997785568237, 0.9296997785568237, inf, '02:45']
Better model found at epoch 1 with valid_loss value: 0.48792657256126404.
[2, 0.4980526566505432, 0.48761045932769775, 0.9531053900718689, 0.9867164492607117, 0.04686664789915085, 0.1771046370267868, 1.5049680471420288, 0.9302399158477783, 0.9201973676681519, 0.9201973676681519, inf, '02:46']
Better model found at epoch 2 with valid_loss value: 0.48761045932769775.
[3, 0.49391594529151917, 0.48162227869033813, 0.9479525685310364, 0.9894027709960938, 0.05132303386926651, 0.17624878883361816, 1.5072592496871948, 0.920802652835846, 0.9106020927429199, 0.9106020927429199, inf, '02:46']
Better model found at epoch 3 with valid_loss value: 0.48162227869033813.
[4, 0.48635193705558777, 0.4867209494113922, 0.9447154998779297, 0.9834969639778137, 0.050492577254772186, 0.1789635866880417, 1.6506578922271729, 0.9102401733398438, 0.9054577350616455, 0.9054577350616455, inf, '02:46']
[5, 0.48796600103378296, 0.48397359251976013, 0.9464098215103149, 0.9850962162017822, 0.05103486031293869, 0.17801757156848907, 1.5957952737808228, 0.9170235395431519, 0.9090023636817932, 0.9090023636817932, inf, '02:46']
[6, 0.47205695509910583, 0.46013790369033813, 0.9212273359298706, 0.9884268045425415, 0.07779928296804428, 0.1765976846218109, 1.5575265884399414, 0.8711027503013611, 0.8652002811431885, 0.8652002811431885, inf, '02:46']
Better model found at epoch 6 with valid_loss value: 0.46013790369033813.
[7, 0.47285333275794983, 0.4795910120010376, 0.944968581199646, 0.9926333427429199, 0.049503717571496964, 0.1742912083864212, 1.3144168853759766, 0.9123771786689758, 0.9055263996124268, 0.9055263996124268, inf, '02:45']
[8, 0.46524930000305176, 0.4525441527366638, 0.9129257202148438, 0.9901668429374695, 0.08626861125230789, 0.17580175399780273, 1.4945194721221924, 0.8586327433586121, 0.8520439267158508, 0.8520439267158508, inf, '02:46']
Better model found at epoch 8 with valid_loss value: 0.4525441527366638.
[9, 0.46462482213974, 0.4569507837295532, 0.9172576665878296, 0.9910739064216614, 0.07911649346351624, 0.17522448301315308, 1.4525842666625977, 0.8685101866722107, 0.8593077063560486, 0.8593077063560486, inf, '02:45']
[10, 0.46589258313179016, 0.4573260247707367, 0.9187356233596802, 0.9917106628417969, 0.07747293263673782, 0.17488163709640503, 1.4206095933914185, 0.8695283532142639, 0.860991895198822, 0.860991895198822, inf, '02:45']
[11, 0.4681450426578522, 0.44954729080200195, 0.9096524119377136, 0.9899640083312988, 0.09093806147575378, 0.17591576278209686, 1.5052645206451416, 0.8533657193183899, 0.8464139103889465, 0.8464139103889465, inf, '02:46']
Better model found at epoch 11 with valid_loss value: 0.44954729080200195.
[12, 0.46351397037506104, 0.45901456475257874, 0.9113684296607971, 0.9835649728775024, 0.08528757095336914, 0.179220050573349, 1.6839773654937744, 0.8404421806335449, 0.8492549657821655, 0.8492549657821655, inf, '02:45']
[13, 0.4606267809867859, 0.45728451013565063, 0.9141896963119507, 0.9857247471809387, 0.08368530124425888, 0.17799583077430725, 1.6274468898773193, 0.8534709215164185, 0.8545600175857544, 0.8545600175857544, inf, '02:45']
[14, 0.4538043737411499, 0.44415539503097534, 0.9003276824951172, 0.9903234243392944, 0.09603125602006912, 0.17565396428108215, 1.4834367036819458, 0.8386975526809692, 0.8317092061042786, 0.8317092061042786, inf, '02:47']
Better model found at epoch 14 with valid_loss value: 0.44415539503097534.
[15, 0.449491947889328, 0.4397622346878052, 0.8979412317276001, 0.9921366572380066, 0.09923986345529556, 0.17473986744880676, 1.3995387554168701, 0.8373638391494751, 0.828770637512207, 0.828770637512207, inf, '02:45']
Better model found at epoch 15 with valid_loss value: 0.4397622346878052.
[16, 0.4621903598308563, 0.4420730173587799, 0.8986004590988159, 0.9892598390579224, 0.09951816499233246, 0.1762426644563675, 1.5551965236663818, 0.8318811655044556, 0.8281599879264832, 0.8281599879264832, inf, '02:45']
[17, 0.44783884286880493, 0.4417252242565155, 0.8964859247207642, 0.9892346262931824, 0.09952794760465622, 0.17624108493328094, 1.5273135900497437, 0.8291690945625305, 0.8261913061141968, 0.8261913061141968, inf, '02:44']
[18, 0.45064952969551086, 0.4457348883152008, 0.9032631516456604, 0.9900575876235962, 0.09333314746618271, 0.1758425384759903, 1.4943956136703491, 0.8402234315872192, 0.8368136882781982, 0.8368136882781982, inf, '02:44']
[19, 0.45449379086494446, 0.44168397784233093, 0.9022849202156067, 0.9920023679733276, 0.0999985858798027, 0.17489881813526154, 1.3798553943634033, 0.8435956835746765, 0.8359484076499939, 0.8359484076499939, inf, '02:46']
[20, 0.4551781713962555, 0.4386149048805237, 0.8995828628540039, 0.9928561449050903, 0.10335507243871689, 0.1744324415922165, 1.3178789615631104, 0.8396686911582947, 0.8317517638206482, 0.8317517638206482, inf, '02:44']
Better model found at epoch 20 with valid_loss value: 0.4386149048805237.
[21, 0.44419533014297485, 0.4354149401187897, 0.8894739747047424, 0.9896555542945862, 0.1068074107170105, 0.17606262862682343, 1.5413285493850708, 0.8180644512176514, 0.8142943978309631, 0.8142943978309631, inf, '02:44']
Better model found at epoch 21 with valid_loss value: 0.4354149401187897.
[22, 0.44026556611061096, 0.44115352630615234, 0.8935841917991638, 0.9876559376716614, 0.10229206830263138, 0.17714890837669373, 1.6024047136306763, 0.8203171491622925, 0.8214154243469238, 0.8214154243469238, inf, '02:44']
[23, 0.4445464313030243, 0.4676429033279419, 0.9157863259315491, 0.9809138774871826, 0.07886569947004318, 0.1804748773574829, 1.7120977640151978, 0.843086838722229, 0.8564653992652893, 0.8564653992652893, inf, '02:44']
[24, 0.4442186951637268, 0.4643692970275879, 0.9151936769485474, 0.9825794100761414, 0.07979623973369598, 0.17965111136436462, 1.6717586517333984, 0.8450936675071716, 0.8557730317115784, 0.8557730317115784, inf, '02:44']
[25, 0.44319772720336914, 0.4371996223926544, 0.8965901136398315, 0.9931114315986633, 0.10320136696100235, 0.17430047690868378, 1.3075512647628784, 0.8334770202636719, 0.8274981379508972, 0.8274981379508972, inf, '02:43']
[26, 0.4464372992515564, 0.4361959993839264, 0.8932971954345703, 0.9895140528678894, 0.10570041835308075, 0.1760723888874054, 1.5336503982543945, 0.8230560421943665, 0.8203730583190918, 0.8203730583190918, inf, '02:43']
[27, 0.45305880904197693, 0.4651050865650177, 0.9125892519950867, 0.9816608428955078, 0.08184780925512314, 0.1801864057779312, 1.6971435546875, 0.8366008996963501, 0.8507803082466125, 0.8507803082466125, inf, '02:46']
[28, 0.45577505230903625, 0.43133988976478577, 0.8860458135604858, 0.9905088543891907, 0.1116877943277359, 0.17562393844127655, 1.4891761541366577, 0.8154304027557373, 0.8098673224449158, 0.8098673224449158, inf, '02:44']
Better model found at epoch 28 with valid_loss value: 0.43133988976478577.
[29, 0.44308191537857056, 0.43529990315437317, 0.8936107754707336, 0.9922567009925842, 0.10637276619672775, 0.17470963299274445, 1.3759571313858032, 0.8321393728256226, 0.8225857615470886, 0.8225857615470886, inf, '02:44']
[30, 0.4538629949092865, 0.44457489252090454, 0.8990122079849243, 0.9870878458023071, 0.09815341234207153, 0.1774570345878601, 1.5892237424850464, 0.8246116042137146, 0.8291656970977783, 0.8291656970977783, inf, '02:44']
[31, 0.4588734805583954, 0.4320337474346161, 0.8878700137138367, 0.9902201890945435, 0.11179991066455841, 0.17588451504707336, 1.524526834487915, 0.8152440190315247, 0.8128046989440918, 0.8128046989440918, inf, '02:43']
[32, 0.4484301805496216, 0.4286310374736786, 0.8838845491409302, 0.9904887676239014, 0.11479458212852478, 0.17567990720272064, 1.5094133615493774, 0.8104648590087891, 0.8061932921409607, 0.8061932921409607, inf, '02:43']
Better model found at epoch 32 with valid_loss value: 0.4286310374736786.
[33, 0.4453681409358978, 0.430890291929245, 0.8888673782348633, 0.9926193356513977, 0.11081543564796448, 0.17456504702568054, 1.3604577779769897, 0.8230240941047668, 0.8156775236129761, 0.8156775236129761, inf, '02:43']
[34, 0.4421204924583435, 0.4360407888889313, 0.8888036608695984, 0.9879844784736633, 0.10784498602151871, 0.17699339985847473, 1.5952157974243164, 0.8112998008728027, 0.8136695623397827, 0.8136695623397827, inf, '02:43']
[35, 0.4396730065345764, 0.4325275719165802, 0.889715313911438, 0.9917303919792175, 0.10759138315916061, 0.17494533956050873, 1.4188127517700195, 0.823503851890564, 0.815245509147644, 0.815245509147644, inf, '02:43']
[36, 0.4357663691043854, 0.42889270186424255, 0.883684515953064, 0.9927912354469299, nan, 0.17442022264003754, 1.2965449094772339, 0.8140956163406372, 0.8079830408096313, 0.8079830408096313, nan, '02:45']
[37, 0.4385077655315399, 0.43879425525665283, 0.8916247487068176, 0.9896605014801025, 0.10339146852493286, 0.176113098859787, 1.5137672424316406, 0.820368766784668, 0.8178707361221313, 0.8178707361221313, inf, '02:44']
[38, 0.4375010132789612, 0.4283250570297241, 0.8855565190315247, 0.9927204847335815, 0.11375047266483307, 0.17445306479930878, 1.3629850149154663, 0.8152810335159302, 0.8095454573631287, 0.8095454573631287, inf, '02:43']
Better model found at epoch 38 with valid_loss value: 0.4283250570297241.
[39, 0.4428706467151642, 0.4211813509464264, 0.8765661120414734, 0.9922406673431396, 0.12318603694438934, 0.17477096617221832, 1.402608036994934, 0.8009932041168213, 0.7948145866394043, 0.7948145866394043, inf, '02:44']
Better model found at epoch 39 with valid_loss value: 0.4211813509464264.
[40, 0.43411681056022644, 0.4420037269592285, 0.9007554650306702, 0.993350088596344, 0.09467236697673798, 0.17406325042247772, 1.2600115537643433, 0.8365514278411865, 0.8345231413841248, 0.8345231413841248, inf, '02:44']
[41, 0.437869668006897, 0.4305639863014221, 0.8824024796485901, 0.9905534982681274, 0.11292625218629837, 0.17561288177967072, 1.5058488845825195, 0.8081101179122925, 0.8046513795852661, 0.8046513795852661, inf, '02:43']
[42, 0.44314032793045044, 0.42452090978622437, 0.8761898279190063, 0.9902824759483337, 0.11967288702726364, 0.17579233646392822, 1.513713002204895, 0.7984888553619385, 0.7944071292877197, 0.7944071292877197, inf, '02:43']
[43, 0.43422114849090576, 0.4210558235645294, 0.8747484087944031, 0.992373526096344, 0.12343885004520416, 0.17462532222270966, 1.3923419713974, 0.79979407787323, 0.7926177382469177, 0.7926177382469177, inf, '02:44']
Better model found at epoch 43 with valid_loss value: 0.4210558235645294.
[44, 0.4345613420009613, 0.42997628450393677, 0.8823761940002441, 0.9893943667411804, 0.11394038796424866, 0.1762322187423706, 1.5493395328521729, 0.8036819100379944, 0.8031783699989319, 0.8031783699989319, inf, '02:44']
[45, 0.4473070204257965, 0.4239691197872162, 0.8775116205215454, 0.9915193915367126, 0.11977609992027283, 0.1750931441783905, 1.442986249923706, 0.8036887645721436, 0.7966428399085999, 0.7966428399085999, inf, '02:44']
[46, 0.44342589378356934, 0.4279748499393463, 0.8829185962677002, 0.9903327822685242, 0.11472901701927185, 0.17572124302387238, 1.495661973953247, 0.808448314666748, 0.8048573136329651, 0.8048572540283203, inf, '02:44']
[47, 0.43932339549064636, 0.427960604429245, 0.8831369876861572, 0.991632342338562, 0.11511010676622391, 0.1751338094472885, 1.4090332984924316, 0.8111573457717896, 0.8061568140983582, 0.8061568140983582, inf, '02:43']
[48, 0.4422806203365326, 0.4456477463245392, 0.8926178812980652, 0.9863083958625793, 0.10312595218420029, 0.1780519187450409, 1.6533149480819702, 0.8123111128807068, 0.8194515705108643, 0.8194515109062195, inf, '02:44']
[49, 0.44578996300697327, 0.42396777868270874, 0.8802618384361267, 0.9916910529136658, nan, 0.1751497983932495, 1.4236836433410645, 0.8070881366729736, 0.8009674549102783, 0.8009675741195679, nan, '02:45']
[50, 0.43246331810951233, 0.43310436606407166, 0.8827930688858032, 0.988165020942688, 0.11257416754961014, 0.1769772469997406, 1.5823267698287964, 0.8019923567771912, 0.8046510219573975, 0.8046510219573975, inf, '02:44']
[51, 0.4321015775203705, 0.4202028214931488, 0.8715013861656189, 0.9907948970794678, 0.1255885362625122, 0.17554675042629242, 1.4832894802093506, 0.7925302386283875, 0.7875483632087708, 0.7875483632087708, inf, '02:43']
Better model found at epoch 51 with valid_loss value: 0.4202028214931488.
[52, 0.4321654140949249, 0.4245615005493164, 0.8793544769287109, 0.9930972456932068, 0.11699774861335754, 0.17427246272563934, 1.3141391277313232, 0.8055074214935303, 0.8011611104011536, 0.8011611104011536, inf, '02:44']
[53, 0.4394673705101013, 0.4202482998371124, 0.8742462992668152, 0.9920936822891235, 0.12440371513366699, 0.1748557835817337, 1.3999948501586914, 0.7993012070655823, 0.7924124598503113, 0.7924124598503113, inf, '02:45']
[54, 0.4322621524333954, 0.4366489350795746, 0.8881312012672424, 0.9902155995368958, nan, 0.17580856382846832, 1.456451654434204, 0.8173587918281555, 0.8137348890304565, 0.8137348890304565, nan, '02:43']
[55, 0.4310363233089447, 0.4284071922302246, 0.882942795753479, 0.9918937087059021, 0.11376465111970901, 0.1749354898929596, 1.410616397857666, 0.8133558630943298, 0.8061291575431824, 0.8061291575431824, inf, '02:44']
[56, 0.42719247937202454, 0.43264779448509216, 0.8903400897979736, 0.9935740828514099, nan, 0.17399653792381287, 1.2486358880996704, 0.8228368163108826, 0.8195818066596985, 0.8195818066596985, nan, '02:44']
[57, 0.4289751946926117, 0.422016441822052, 0.8772231340408325, 0.9931586384773254, 0.12105044722557068, 0.17430295050144196, 1.3092496395111084, 0.8028355240821838, 0.7983050346374512, 0.7983050346374512, inf, '02:44']
[58, 0.4275039732456207, 0.41812995076179504, 0.8693351745605469, 0.9917228817939758, 0.12774235010147095, 0.1750723123550415, 1.4273581504821777, 0.7903984189033508, 0.784695565700531, 0.7846954464912415, inf, '02:44']
Better model found at epoch 58 with valid_loss value: 0.41812995076179504.
[59, 0.43927255272865295, 0.42135295271873474, 0.8755307197570801, 0.9925366640090942, 0.12375807017087936, 0.17463889718055725, 1.3812599182128906, 0.8011442422866821, 0.7954949140548706, 0.7954949140548706, inf, '02:44']
[60, 0.43616217374801636, 0.41126561164855957, 0.8601650595664978, 0.9908459186553955, 0.13720834255218506, 0.17563261091709137, 1.502614140510559, 0.771873950958252, 0.7698004245758057, 0.7698004245758057, inf, '02:43']
Better model found at epoch 60 with valid_loss value: 0.41126561164855957.
[61, 0.4320301115512848, 0.42289119958877563, 0.8763823509216309, 0.9930406212806702, 0.11994509398937225, 0.1743333637714386, 1.3229451179504395, 0.8004815578460693, 0.797136664390564, 0.797136664390564, inf, '02:44']
[62, 0.4310595989227295, 0.43235695362091064, 0.890090823173523, 0.9936160445213318, 0.10618656873703003, 0.17395372688770294, 1.2737382650375366, 0.8177564740180969, 0.8176265954971313, 0.8176265954971313, inf, '02:44']
[63, 0.4221898317337036, 0.4212980568408966, 0.8750020861625671, 0.9913274049758911, 0.1226988434791565, 0.17523327469825745, 1.4652386903762817, 0.7969760894775391, 0.792998731136322, 0.792998731136322, inf, '02:44']
[64, 0.442701518535614, 0.4197187125682831, 0.8739712238311768, 0.991902232170105, 0.125850111246109, 0.17499281466007233, 1.4125233888626099, 0.7985474467277527, 0.7923672199249268, 0.7923672199249268, inf, '02:44']
[65, 0.43364158272743225, 0.431874543428421, 0.8833720088005066, 0.9881486296653748, 0.11287344247102737, 0.17702873051166534, 1.5803569555282593, 0.7985602617263794, 0.803385317325592, 0.803385317325592, inf, '02:44']
[66, 0.42727696895599365, 0.4252099394798279, 0.877311110496521, 0.9890670776367188, 0.1199047639966011, 0.17646928131580353, 1.5551910400390625, 0.794577956199646, 0.7957878112792969, 0.7957878112792969, inf, '02:45']
[67, 0.41638025641441345, 0.42974719405174255, 0.8859987258911133, 0.9932340979576111, 0.11040288209915161, 0.1742217093706131, 1.3025859594345093, 0.8156925439834595, 0.8124991059303284, 0.8124991059303284, inf, '02:44']
[68, 0.43614813685417175, 0.4334340989589691, 0.8836817741394043, 0.9866545796394348, 0.1123245507478714, 0.17779622972011566, 1.64091956615448, 0.7948211431503296, 0.805077075958252, 0.805077075958252, inf, '02:43']
No improvement since epoch 60: early stopping
----------
1
----------
DLS create!
[0, 0.5231739282608032, 0.5076796412467957, 0.9842568635940552, 0.9933674931526184, 0.0, 0.1805724799633026, 1.242121934890747, 0.9722390174865723, 0.969294548034668, 0.969294548034668, 0.0, '02:44']
Better model found at epoch 0 with valid_loss value: 0.5076796412467957.
[1, 0.5027390122413635, 0.4820634126663208, 0.95500648021698, 0.9870927929878235, 0.05630670115351677, 0.17684096097946167, 1.500854730606079, 0.9138385057449341, 0.9170064926147461, 0.9170064926147461, 7.2304182052612305, '02:44']
Better model found at epoch 1 with valid_loss value: 0.4820634126663208.
[2, 0.4955407977104187, 0.4962342083454132, 0.962638795375824, 0.9775353074073792, 0.0418848842382431, 0.1807885318994522, 1.6426244974136353, 0.9214072227478027, 0.9295614957809448, 0.9295614957809448, 21.65838623046875, '02:44']
[3, 0.4905875027179718, 0.4869883358478546, 0.9617191553115845, 0.9928101301193237, 0.04367992654442787, 0.17393648624420166, 1.212956190109253, 0.9240145087242126, 0.929928719997406, 0.929928719997406, 0.7545655369758606, '02:44']
[4, 0.48367294669151306, 0.48558634519577026, 0.9492384791374207, 0.9803848266601562, 0.055911462754011154, 0.1799233853816986, 1.657758116722107, 0.8933475613594055, 0.906622052192688, 0.906622052192688, 17.545574188232422, '02:44']
[5, 0.4827885627746582, 0.48022016882896423, 0.9447306394577026, 0.9811045527458191, 0.06087992340326309, 0.17957021296024323, 1.644309163093567, 0.884994626045227, 0.8987568616867065, 0.8987568616867065, 24.036596298217773, '02:44']
Better model found at epoch 5 with valid_loss value: 0.48022016882896423.
[6, 0.4733904302120209, 0.4692796468734741, 0.9327012300491333, 0.9840517044067383, 0.07368935644626617, 0.17830437421798706, 1.6156110763549805, 0.8666109442710876, 0.8800781965255737, 0.8800781965255737, 10.02253246307373, '02:44']
Better model found at epoch 6 with valid_loss value: 0.4692796468734741.
[7, 0.4614744186401367, 0.45971304178237915, 0.9255099892616272, 0.9879649877548218, 0.08282483369112015, 0.1764480322599411, 1.5193766355514526, 0.8595657348632812, 0.8689283728599548, 0.8689283728599548, 8.881291389465332, '02:44']
Better model found at epoch 7 with valid_loss value: 0.45971304178237915.
[8, 0.46614718437194824, 0.45642006397247314, 0.9202085137367249, 0.9873654246330261, 0.08555127680301666, 0.1766483634710312, 1.54068922996521, 0.8485234975814819, 0.8589699268341064, 0.8589699268341064, 6.6517133712768555, '02:44']
Better model found at epoch 8 with valid_loss value: 0.45642006397247314.
[9, 0.46062788367271423, 0.45521092414855957, 0.9133017659187317, 0.9889234900474548, 0.0896223857998848, 0.17593976855278015, 1.5089043378829956, 0.84038245677948, 0.8499764204025269, 0.8499764204025269, 7.706655025482178, '02:46']
Better model found at epoch 9 with valid_loss value: 0.45521092414855957.
[10, 0.46243444085121155, 0.43659698963165283, 0.9022259712219238, 0.9918006658554077, 0.11069757491350174, 0.17461130023002625, 1.369612455368042, 0.8210667967796326, 0.8316465020179749, 0.8316465020179749, 2.57729434967041, '02:45']
Better model found at epoch 10 with valid_loss value: 0.43659698963165283.
[11, 0.4547775685787201, 0.4437171518802643, 0.905708909034729, 0.9911829829216003, 0.10077881813049316, 0.17484796047210693, 1.382062554359436, 0.8331220746040344, 0.8406082391738892, 0.8406082391738892, 6.0086565017700195, '02:44']
[12, 0.4643418788909912, 0.4501158595085144, 0.9089769721031189, 0.984736442565918, 0.09668141603469849, 0.17806464433670044, 1.608710765838623, 0.8227371573448181, 0.8419368863105774, 0.8419368863105774, 11.020069122314453, '02:44']
[13, 0.46714597940444946, 0.4525245130062103, 0.9125710129737854, 0.9837295413017273, 0.0949811264872551, 0.17866453528404236, 1.6220989227294922, 0.8300735354423523, 0.8479728102684021, 0.8479728102684021, 16.275867462158203, '02:44']
[14, 0.46261900663375854, 0.43873220682144165, 0.9005799889564514, 0.9915870428085327, 0.10672809183597565, 0.17466266453266144, 1.3835697174072266, 0.8198990821838379, 0.8300968408584595, 0.8300968408584595, 3.1035008430480957, '02:45']
[15, 0.45483723282814026, 0.4520412087440491, 0.9092572927474976, 0.9854410290718079, 0.0967123806476593, 0.1779594123363495, 1.6081295013427734, 0.8228724002838135, 0.8417226672172546, 0.8417226672172546, 12.834006309509277, '02:45']
[16, 0.4574988782405853, 0.43550246953964233, 0.8991152048110962, 0.9923334121704102, 0.11157187819480896, 0.17431437969207764, 1.3321079015731812, 0.8137872219085693, 0.8271124362945557, 0.8271124362945557, 1.876387357711792, '02:44']
Better model found at epoch 16 with valid_loss value: 0.43550246953964233.
[17, 0.4501821994781494, 0.4377221465110779, 0.8984453678131104, 0.9913943409919739, 0.1085844561457634, 0.1747521609067917, 1.3910717964172363, 0.8156415820121765, 0.8279540538787842, 0.8279540538787842, 2.602947950363159, '02:45']
[18, 0.444357305765152, 0.4524688720703125, 0.9078352451324463, 0.983526349067688, 0.09656284004449844, 0.17880360782146454, 1.6422388553619385, 0.817186713218689, 0.8395206928253174, 0.8395206928253174, 13.444218635559082, '02:44']
[19, 0.4546632170677185, 0.43959692120552063, 0.8930553197860718, 0.9862968921661377, 0.11043009907007217, 0.1774991750717163, 1.604820966720581, 0.7953543663024902, 0.8169324994087219, 0.8169324994087219, 9.424086570739746, '02:45']
[20, 0.4595162868499756, 0.43065500259399414, 0.8924716114997864, 0.9899054765701294, 0.12100780755281448, 0.17573203146457672, 1.4840744733810425, 0.8042662143707275, 0.817189633846283, 0.817189633846283, 6.71303653717041, '02:46']
Better model found at epoch 20 with valid_loss value: 0.43065500259399414.
[21, 0.45491504669189453, 0.4911912679672241, 0.9358675479888916, 0.9733380675315857, 0.06621872633695602, 0.18379871547222137, 1.7508792877197266, 0.8548662066459656, 0.8834925293922424, 0.8834925293922424, 26.070194244384766, '02:44']
[22, 0.44460347294807434, 0.45320096611976624, 0.9030697345733643, 0.984423041343689, 0.09950918704271317, 0.17850029468536377, 1.6415109634399414, 0.8097067475318909, 0.8326314091682434, 0.8326313495635986, 11.130452156066895, '02:45']
[23, 0.45336490869522095, 0.47122883796691895, 0.9223976731300354, 0.9801758527755737, 0.08116801083087921, 0.18057981133460999, 1.6815407276153564, 0.8371798992156982, 0.8622117638587952, 0.8622117638587952, 10.373078346252441, '02:44']
[24, 0.44336578249931335, 0.4228256344795227, 0.8792021870613098, 0.9914950132369995, 0.12801849842071533, 0.17474843561649323, 1.3969156742095947, 0.7852512001991272, 0.7989017963409424, 0.7989017963409424, 2.374938726425171, '02:44']
Better model found at epoch 24 with valid_loss value: 0.4228256344795227.
[25, 0.4523213505744934, 0.43011894822120667, 0.8896254301071167, 0.9896541833877563, 0.11844455450773239, 0.17583154141902924, 1.4875569343566895, 0.7943869233131409, 0.8117623329162598, 0.8117623329162598, 3.0311477184295654, '02:44']
[26, 0.43477484583854675, 0.42633211612701416, 0.8835263252258301, 0.9921491146087646, 0.12257042527198792, 0.17437776923179626, 1.3461486101150513, 0.7913281321525574, 0.8047816157341003, 0.8047816157341003, 2.3787522315979004, '02:44']
[27, 0.4453055262565613, 0.4216819107532501, 0.877558171749115, 0.9910523295402527, 0.12935666739940643, 0.17506557703018188, 1.4351556301116943, 0.782893180847168, 0.7948847413063049, 0.7948847413063049, 4.8760504722595215, '02:45']
Better model found at epoch 27 with valid_loss value: 0.4216819107532501.
[28, 0.4479060173034668, 0.4214990437030792, 0.8784835934638977, 0.9918177127838135, 0.12945358455181122, 0.1746385097503662, 1.3786877393722534, 0.7839318513870239, 0.7983865141868591, 0.7983865141868591, 2.056140661239624, '02:44']
Better model found at epoch 28 with valid_loss value: 0.4214990437030792.
[29, 0.4399098753929138, 0.4336897134780884, 0.8891729712486267, 0.9881959557533264, 0.1153639405965805, 0.17646747827529907, 1.547731876373291, 0.7935572266578674, 0.8105424642562866, 0.8105424642562866, 7.247444152832031, '02:44']
[30, 0.44544702768325806, 0.44338876008987427, 0.9042759537696838, 0.9884178638458252, 0.1015222892165184, 0.17626281082630157, 1.5284126996994019, 0.817818284034729, 0.8333634734153748, 0.8333634734153748, 5.508703708648682, '02:45']
[31, 0.447430282831192, 0.44070249795913696, 0.8972406387329102, 0.9862348437309265, 0.1082979142665863, 0.177595853805542, 1.59739089012146, 0.8026002049446106, 0.8235582709312439, 0.8235582709312439, 8.355131149291992, '02:44']
[32, 0.44124603271484375, 0.44625481963157654, 0.9093060493469238, 0.9927518367767334, 0.09585896879434586, 0.17388136684894562, 1.2793235778808594, 0.8212417960166931, 0.8412588238716125, 0.8412588238716125, 1.4144431352615356, '02:44']
[33, 0.4370048940181732, 0.4288347363471985, 0.8881509900093079, 0.9918412566184998, 0.1189054548740387, 0.17457106709480286, 1.3743146657943726, 0.7971369028091431, 0.8124755024909973, 0.8124755024909973, 1.804582118988037, '02:44']
[34, 0.4499618411064148, 0.4289790987968445, 0.8868868947029114, 0.9891954660415649, 0.11995664983987808, 0.17600129544734955, 1.5183099508285522, 0.7899335026741028, 0.8065173625946045, 0.8065173625946045, 6.759506702423096, '02:44']
[35, 0.4358692467212677, 0.4251859188079834, 0.8799079060554504, 0.9899740219116211, 0.12594136595726013, 0.1755979210138321, 1.4741493463516235, 0.7834376692771912, 0.800125241279602, 0.800125241279602, 3.140655517578125, '02:44']
[36, 0.4511933922767639, 0.4438987076282501, 0.9020926356315613, 0.9836151003837585, 0.10495106130838394, 0.17872793972492218, 1.6366522312164307, 0.808255136013031, 0.8317692279815674, 0.8317692279815674, 12.242910385131836, '02:44']
No improvement since epoch 28: early stopping
----------
2
----------
DLS create!
[0, 0.5287148356437683, 0.5106936693191528, 0.9512134194374084, 0.9911640286445618, 0.009978096932172775, 0.18303930759429932, 1.3995492458343506, 0.9638300538063049, 0.9336039423942566, 0.9336039423942566, inf, '02:44']
Better model found at epoch 0 with valid_loss value: 0.5106936693191528.
[1, 0.5039805173873901, 0.49467283487319946, 0.9319338798522949, 0.9780985713005066, 0.048765163868665695, 0.18099527060985565, 1.6211711168289185, 0.9194104075431824, 0.8985447287559509, 0.8985447287559509, inf, '02:44']
Better model found at epoch 1 with valid_loss value: 0.49467283487319946.
[2, 0.4918653666973114, 0.5041055679321289, 0.9441739916801453, 0.988036036491394, 0.038546305149793625, 0.17729008197784424, 1.501902461051941, 0.9525052309036255, 0.920779824256897, 0.920779824256897, inf, '02:44']
[3, 0.48980212211608887, 0.48700597882270813, 0.926238477230072, 0.986534595489502, 0.05417681112885475, 0.1769169718027115, 1.5280613899230957, 0.913394033908844, 0.8881732225418091, 0.8881732225418091, inf, '02:44']
Better model found at epoch 3 with valid_loss value: 0.48700597882270813.
[4, 0.48210713267326355, 0.4768122732639313, 0.916417121887207, 0.9877105951309204, 0.06525849550962448, 0.17640043795108795, 1.5149650573730469, 0.8973011374473572, 0.8717048168182373, 0.8717048168182373, inf, '02:44']
Better model found at epoch 4 with valid_loss value: 0.4768122732639313.
[5, 0.4790385663509369, 0.4679921567440033, 0.9054311513900757, 0.9906894564628601, 0.07319798320531845, 0.17459440231323242, 1.3988211154937744, 0.8766665458679199, 0.8531292676925659, 0.8531292676925659, inf, '02:44']
Better model found at epoch 5 with valid_loss value: 0.4679921567440033.
[6, 0.4724999666213989, 0.4721985459327698, 0.9045672416687012, 0.9842938184738159, 0.07208947092294693, 0.17778798937797546, 1.6131236553192139, 0.8695802688598633, 0.8522236347198486, 0.8522236347198486, inf, '02:44']
[7, 0.4631424844264984, 0.4554048776626587, 0.8870259523391724, 0.9891707301139832, 0.09029486030340195, 0.17546327412128448, 1.4887642860412598, 0.8453283905982971, 0.8246214985847473, 0.8246214985847473, inf, '02:44']
Better model found at epoch 7 with valid_loss value: 0.4554048776626587.
[8, 0.4595099687576294, 0.4618361294269562, 0.893308162689209, 0.9888738989830017, 0.08106057345867157, 0.17551596462726593, 1.50968599319458, 0.8577045798301697, 0.8336236476898193, 0.8336236476898193, inf, '02:44']
[9, 0.46164247393608093, 0.4638417959213257, 0.8980252146720886, 0.9881654381752014, 0.07891923934221268, 0.17583312094211578, 1.5166103839874268, 0.8675085306167603, 0.8412419557571411, 0.8412419557571411, inf, '02:44']
[10, 0.4531436562538147, 0.4643732011318207, 0.8938805460929871, 0.9847579002380371, 0.08219671994447708, 0.1776038259267807, 1.6095401048660278, 0.8527181148529053, 0.8347647190093994, 0.8347647190093994, inf, '02:44']
[11, 0.45478513836860657, 0.46070796251296997, 0.8920170664787292, 0.9898420572280884, 0.0825372263789177, 0.175016850233078, 1.4393082857131958, 0.8557100296020508, 0.8319330215454102, 0.8319330215454102, inf, '02:44']
[12, 0.45250287652015686, 0.4458184540271759, 0.8771343231201172, 0.9896554350852966, 0.1028466448187828, 0.17526395618915558, 1.4662727117538452, 0.8313788175582886, 0.8090335726737976, 0.8090335726737976, inf, '02:45']
Better model found at epoch 12 with valid_loss value: 0.4458184540271759.
[13, 0.4577452540397644, 0.47175315022468567, 0.899943470954895, 0.9827947020530701, 0.07503017038106918, 0.1785702109336853, 1.655613660812378, 0.8573178648948669, 0.8440514802932739, 0.8440514802932739, inf, '02:44']
[14, 0.45288193225860596, 0.44473981857299805, 0.8742849826812744, 0.9884633421897888, 0.10370262712240219, 0.17582905292510986, 1.5093634128570557, 0.8256957530975342, 0.8052525520324707, 0.8052525520324707, inf, '02:44']
Better model found at epoch 14 with valid_loss value: 0.44473981857299805.
[15, 0.45287036895751953, 0.44640466570854187, 0.8751415014266968, 0.9908636808395386, 0.09997919201850891, 0.17447036504745483, 1.4038382768630981, 0.8253411054611206, 0.8043790459632874, 0.8043790459632874, inf, '02:44']
[16, 0.4512687027454376, 0.45073962211608887, 0.8838948011398315, 0.9903005361557007, 0.09337188303470612, 0.17476420104503632, 1.4289497137069702, 0.8415953516960144, 0.8187292814254761, 0.8187292814254761, inf, '02:44']
[17, 0.45191580057144165, 0.44039732217788696, 0.8702898621559143, 0.990174412727356, 0.1080440953373909, 0.1749424934387207, 1.4409990310668945, 0.8218813538551331, 0.7993898987770081, 0.7993898987770081, inf, '02:45']
Better model found at epoch 17 with valid_loss value: 0.44039732217788696.
[18, 0.4447968900203705, 0.45226964354515076, 0.8778546452522278, 0.9883230328559875, 0.09534042328596115, 0.17583726346492767, 1.5432475805282593, 0.8274949193000793, 0.8080265522003174, 0.8080265522003174, inf, '02:44']
[19, 0.4484650492668152, 0.44770440459251404, 0.8747983574867249, 0.9869546890258789, 0.10050992667675018, 0.17671652138233185, 1.5464112758636475, 0.8272222876548767, 0.8061709403991699, 0.8061709403991699, inf, '02:44']
[20, 0.449410080909729, 0.4476493299007416, 0.8772223591804504, 0.9906443953514099, 0.09832480549812317, 0.174672931432724, 1.4096838235855103, 0.8314664363861084, 0.8088626265525818, 0.8088626265525818, inf, '02:44']
[21, 0.44379863142967224, 0.450682133436203, 0.8821282982826233, 0.99052894115448, 0.09378499537706375, 0.1746515929698944, 1.4149032831192017, 0.8381935358047485, 0.8159369230270386, 0.8159369230270386, inf, '02:45']
[22, 0.4471414387226105, 0.4352702796459198, 0.8630938529968262, 0.9894812703132629, 0.11402241140604019, 0.1754133105278015, 1.5036118030548096, 0.8063405156135559, 0.786407470703125, 0.786407470703125, inf, '02:45']
Better model found at epoch 22 with valid_loss value: 0.4352702796459198.
[23, 0.4495762884616852, 0.44127658009529114, 0.869560182094574, 0.9893403649330139, 0.10666781663894653, 0.17534416913986206, 1.4768754243850708, 0.8166499137878418, 0.7960396409034729, 0.7960396409034729, inf, '02:44']
[24, 0.43888092041015625, 0.4578181207180023, 0.884149968624115, 0.9863010048866272, 0.08971652388572693, 0.17695750296115875, 1.5829753875732422, 0.8378041386604309, 0.8195592761039734, 0.8195592761039734, inf, '02:45']
[25, 0.4323391914367676, 0.43950092792510986, 0.8698909878730774, 0.9914931058883667, 0.10959471762180328, 0.17431026697158813, 1.3057376146316528, 0.8261774778366089, 0.8012957572937012, 0.8012957572937012, inf, '02:44']
[26, 0.43167588114738464, 0.4388827681541443, 0.8666881918907166, 0.9910556077957153, 0.10862342268228531, 0.17442558705806732, 1.384381890296936, 0.8131959438323975, 0.7921185493469238, 0.7921185493469238, inf, '02:44']
[27, 0.44675132632255554, 0.4382993280887604, 0.8676517009735107, 0.9918006062507629, 0.1093979924917221, 0.17402218282222748, 1.3140980005264282, 0.8112673163414001, 0.793861985206604, 0.793861985206604, inf, '02:44']
[28, 0.43350881338119507, 0.4318167269229889, 0.8585577011108398, 0.9911090135574341, 0.11891373991966248, 0.17445950210094452, 1.3966223001480103, 0.80189049243927, 0.7806688547134399, 0.7806688547134399, inf, '02:44']
Better model found at epoch 28 with valid_loss value: 0.4318167269229889.
[29, 0.43643617630004883, 0.4385237991809845, 0.8639161586761475, 0.9894925355911255, 0.11204767227172852, 0.17533466219902039, 1.464316487312317, 0.809685230255127, 0.7910248041152954, 0.7910248041152954, inf, '02:45']
[30, 0.44126439094543457, 0.43659546971321106, 0.8636484742164612, 0.9908310770988464, 0.1119251549243927, 0.17459921538829803, 1.3977935314178467, 0.8105573058128357, 0.7883704304695129, 0.7883704304695129, inf, '02:46']
[31, 0.43978050351142883, 0.442260205745697, 0.87112957239151, 0.990669846534729, 0.10601294785737991, 0.17460228502750397, 1.3798493146896362, 0.8249690532684326, 0.8011518716812134, 0.8011518716812134, inf, '02:44']
[32, 0.4317789673805237, 0.4511505365371704, 0.8812459111213684, 0.990364670753479, 0.09319710731506348, 0.17481936514377594, 1.3894771337509155, 0.8394790887832642, 0.8165549039840698, 0.8165549039840698, inf, '02:44']
[33, 0.44301995635032654, 0.4302786886692047, 0.8597999811172485, 0.9908026456832886, 0.12053805589675903, 0.1746593564748764, 1.408745288848877, 0.8026143908500671, 0.7817931771278381, 0.7817931771278381, inf, '02:44']
Better model found at epoch 33 with valid_loss value: 0.4302786886692047.
[34, 0.43641912937164307, 0.5020411014556885, 0.9010867476463318, 0.9694462418556213, 0.07008550316095352, 0.18565241992473602, 1.7599027156829834, 0.8455315828323364, 0.848503053188324, 0.848503053188324, inf, '02:44']
[35, 0.4271622896194458, 0.43692365288734436, 0.8604903221130371, 0.9886317849159241, 0.11405523121356964, 0.17584146559238434, 1.527709722518921, 0.804965078830719, 0.7829610705375671, 0.7829610109329224, inf, '02:44']
[36, 0.43739357590675354, 0.43201392889022827, 0.8571901321411133, 0.9881864190101624, 0.11985339224338531, 0.176057368516922, 1.5249537229537964, 0.79830402135849, 0.7800170183181763, 0.7800170183181763, inf, '02:44']
[37, 0.4400416314601898, 0.5187755823135376, 0.9053921103477478, 0.9624147415161133, 0.0655636340379715, 0.18923841416835785, 1.826271891593933, 0.8448792695999146, 0.8547506332397461, 0.8547506928443909, inf, '02:45']
[38, 0.43076562881469727, 0.4350997507572174, 0.8626209497451782, 0.9900497794151306, 0.11413292586803436, 0.17509518563747406, 1.4420799016952515, 0.8107655644416809, 0.7883544564247131, 0.7883544564247131, inf, '02:45']
[39, 0.44297492504119873, 0.4320701062679291, 0.8622629046440125, 0.9906981587409973, 0.12021570652723312, 0.17477703094482422, 1.4019238948822021, 0.8080638647079468, 0.7872437238693237, 0.7872437238693237, inf, '02:44']
[40, 0.4339030385017395, 0.4350246489048004, 0.8598165512084961, 0.9889634251594543, 0.11520899087190628, 0.1756410300731659, 1.4703675508499146, 0.8056115508079529, 0.7855572700500488, 0.7855572700500488, inf, '02:44']
[41, 0.43608856201171875, 0.44601935148239136, 0.872932493686676, 0.9885442852973938, 0.10207401216030121, 0.1757558137178421, 1.526114583015442, 0.8241366147994995, 0.8017215132713318, 0.8017215132713318, inf, '02:44']
No improvement since epoch 33: early stopping
----------
3
----------
DLS create!
[0, 0.5304092764854431, 0.5099829435348511, 0.9799126386642456, 0.9913621544837952, 0.0003681328671518713, 0.18217074871063232, 1.332056999206543, 0.9643617272377014, 0.9610499739646912, 0.9610499739646912, 0.013288106769323349, '02:44']
Better model found at epoch 0 with valid_loss value: 0.5099829435348511.
[1, 0.5005611777305603, 0.5100511312484741, 0.9666911363601685, 0.9624120593070984, 0.04199781268835068, 0.18611553311347961, 1.6214289665222168, 0.9329692721366882, 0.9373534321784973, 0.9373534321784973, 10.05189037322998, '02:44']
[2, 0.49059662222862244, 0.5075833201408386, 0.9751253128051758, 0.9904059171676636, 0.028634540736675262, 0.17427094280719757, 1.2117514610290527, 0.9511578679084778, 0.9523179531097412, 0.9523179531097412, 0.3749821186065674, '02:44']
Better model found at epoch 2 with valid_loss value: 0.5075833201408386.
[3, 0.4827084243297577, 0.4948367178440094, 0.963434100151062, 0.9898888468742371, 0.04327719286084175, 0.17447437345981598, 1.2581520080566406, 0.9298643469810486, 0.9312148690223694, 0.9312148690223694, 0.5553046464920044, '02:45']
Better model found at epoch 3 with valid_loss value: 0.4948367178440094.
[4, 0.47941407561302185, 0.48286551237106323, 0.9478420615196228, 0.9884240031242371, 0.06003135070204735, 0.17517775297164917, 1.3618758916854858, 0.9020798802375793, 0.9033641815185547, 0.9033641815185547, 1.1151741743087769, '02:44']
Better model found at epoch 4 with valid_loss value: 0.48286551237106323.
[5, 0.4689195156097412, 0.49737319350242615, 0.9634714722633362, 0.9910061359405518, 0.03884480893611908, 0.1737259030342102, 1.1309486627578735, 0.9209284782409668, 0.9320229887962341, 0.9320229887962341, 0.2090761959552765, '02:44']
[6, 0.4666433334350586, 0.47082868218421936, 0.9301142692565918, 0.9850215315818787, 0.07684279978275299, 0.17700780928134918, 1.5106384754180908, 0.8700593709945679, 0.8741906881332397, 0.8741906881332397, 2.225712776184082, '02:44']
Better model found at epoch 6 with valid_loss value: 0.47082868218421936.
[7, 0.4656293988227844, 0.4848668575286865, 0.9341372847557068, 0.9789755940437317, 0.06974904239177704, 0.1800369769334793, 1.6265473365783691, 0.8716784119606018, 0.8818685412406921, 0.8818685412406921, 4.272784233093262, '02:44']
[8, 0.4586770534515381, 0.4632287323474884, 0.918617844581604, 0.9883990287780762, 0.08650777488946915, 0.1752101182937622, 1.3957151174545288, 0.8549824953079224, 0.8575303554534912, 0.8575303554534912, 1.2456443309783936, '02:44']
Better model found at epoch 8 with valid_loss value: 0.4632287323474884.
[9, 0.45864203572273254, 0.45904049277305603, 0.9172002077102661, 0.9883953332901001, 0.08987510204315186, 0.1752687394618988, 1.3649420738220215, 0.8520514965057373, 0.8547487854957581, 0.8547487854957581, 1.059267520904541, '02:44']
Better model found at epoch 9 with valid_loss value: 0.45904049277305603.
[10, 0.4684380292892456, 0.4705653786659241, 0.9361650943756104, 0.9898183345794678, 0.0743483304977417, 0.17456528544425964, 1.2866803407669067, 0.8812472820281982, 0.8841990828514099, 0.8841990828514099, 0.7175112366676331, '02:46']
[11, 0.45350244641304016, 0.46296775341033936, 0.9181588888168335, 0.9870375394821167, 0.08668360859155655, 0.17592376470565796, 1.446805715560913, 0.8529717922210693, 0.8553981184959412, 0.8553981184959412, 1.7171220779418945, '02:44']
[12, 0.451652854681015, 0.48024362325668335, 0.9408704042434692, 0.9899157285690308, 0.06282893568277359, 0.1743450164794922, 1.2645280361175537, 0.8880773782730103, 0.8922799229621887, 0.8922798037528992, 0.6246002912521362, '02:44']
[13, 0.4626122713088989, 0.4657132625579834, 0.9288492202758789, 0.9905180335044861, 0.07884139567613602, 0.17414787411689758, 1.2269928455352783, 0.8664738535881042, 0.8737043142318726, 0.8737043142318726, 0.5449714660644531, '02:44']
[14, 0.4483116865158081, 0.47172126173973083, 0.932845950126648, 0.990510106086731, 0.07212423533201218, 0.17406341433525085, 1.2044144868850708, 0.8725689649581909, 0.880803644657135, 0.880803644657135, 0.43109503388404846, '02:44']
[15, 0.44394877552986145, 0.4968540370464325, 0.9492306709289551, 0.9838555455207825, 0.05202678218483925, 0.17743760347366333, 1.4545470476150513, 0.9018964171409607, 0.9073607921600342, 0.9073607921600342, 1.7540613412857056, '02:45']
[16, 0.4493882358074188, 0.4745872914791107, 0.9332670569419861, 0.9897038340568542, 0.06966011971235275, 0.17447635531425476, 1.2577346563339233, 0.8727880716323853, 0.880315363407135, 0.880315363407135, 0.5802010893821716, '02:44']
[17, 0.4390920400619507, 0.463929682970047, 0.9205129146575928, 0.9891753196716309, 0.08423741906881332, 0.17482398450374603, 1.310377597808838, 0.8579562306404114, 0.860541820526123, 0.860541820526123, 0.7456958293914795, '02:44']
No improvement since epoch 9: early stopping
----------
4
----------
DLS create!
[0, 0.5364490151405334, 0.5250510573387146, 0.9804871678352356, 0.9822150468826294, 0.0245632566511631, 0.19176991283893585, 1.466442346572876, 0.9620878100395203, 0.9622660875320435, 0.9622660875320435, 3.8270678520202637, '02:44']
Better model found at epoch 0 with valid_loss value: 0.5250510573387146.
[1, 0.5028445720672607, 0.48761123418807983, 0.9588277339935303, 0.9871676564216614, 0.05787759646773338, 0.17663496732711792, 1.4248124361038208, 0.9227537512779236, 0.9223670363426208, 0.9223670363426208, 2.083191394805908, '02:44']
Better model found at epoch 1 with valid_loss value: 0.48761123418807983.
[2, 0.49194109439849854, 0.5015832185745239, 0.9590665698051453, 0.9712792038917542, 0.05355866998434067, 0.1847819685935974, 1.6665120124816895, 0.9089291095733643, 0.9228582382202148, 0.9228582382202148, 10.559672355651855, '02:44']
[3, 0.4896433651447296, 0.48687273263931274, 0.9552953243255615, 0.9895460605621338, 0.05166355520486832, 0.17469854652881622, 1.3319218158721924, 0.9141179323196411, 0.9159709215164185, 0.9159709215164185, 0.9491522908210754, '02:44']
Better model found at epoch 3 with valid_loss value: 0.48687273263931274.
[4, 0.4783386290073395, 0.47235405445098877, 0.9371930956840515, 0.9902592897415161, 0.07011803239583969, 0.17422647774219513, 1.2870181798934937, 0.875406801700592, 0.8847042322158813, 0.8847042322158813, 0.7796229720115662, '02:44']
Better model found at epoch 4 with valid_loss value: 0.47235405445098877.
[5, 0.4703851342201233, 0.46626725792884827, 0.9230409860610962, 0.9834179282188416, 0.08359088003635406, 0.1777636706829071, 1.57427978515625, 0.8521193265914917, 0.8613440990447998, 0.8613440990447998, 3.6696059703826904, '02:44']
Better model found at epoch 5 with valid_loss value: 0.46626725792884827.
[6, 0.46523040533065796, 0.457364022731781, 0.9189192056655884, 0.9889085292816162, 0.08965326845645905, 0.17500251531600952, 1.398202896118164, 0.848414957523346, 0.8541650176048279, 0.8541650176048279, 1.3078501224517822, '02:44']
Better model found at epoch 6 with valid_loss value: 0.457364022731781.
[7, 0.46802979707717896, 0.46124759316444397, 0.9161075353622437, 0.9838775396347046, 0.08985716104507446, 0.17764557898044586, 1.5732674598693848, 0.8363835215568542, 0.8496977090835571, 0.8496977090835571, 3.2533724308013916, '02:44']
[8, 0.4643987715244293, 0.45574459433555603, 0.9153469800949097, 0.9889953136444092, 0.09215212613344193, 0.17491093277931213, 1.3814984560012817, 0.8428102731704712, 0.848975658416748, 0.848975658416748, 1.2252399921417236, '02:44']
Better model found at epoch 8 with valid_loss value: 0.45574459433555603.
[9, 0.4597417414188385, 0.4511832296848297, 0.9090477228164673, 0.9878986477851868, 0.0990753024816513, 0.17547276616096497, 1.4362090826034546, 0.829826295375824, 0.8382972478866577, 0.8382972478866577, 1.8747347593307495, '02:43']
Better model found at epoch 9 with valid_loss value: 0.4511832296848297.
[10, 0.4580896198749542, 0.4583832919597626, 0.9174134135246277, 0.9902670979499817, 0.08850802481174469, 0.17426767945289612, 1.277289628982544, 0.8447628617286682, 0.8548020124435425, 0.8548020124435425, 0.717753529548645, '02:43']
[11, 0.45332053303718567, 0.44404542446136475, 0.901860773563385, 0.9898269176483154, 0.10639593005180359, 0.17457379400730133, 1.3450629711151123, 0.8205156922340393, 0.8276526927947998, 0.8276526927947998, 0.9728010296821594, '02:43']
Better model found at epoch 11 with valid_loss value: 0.44404542446136475.
[12, 0.46077555418014526, 0.46792808175086975, 0.9265186190605164, 0.9894741773605347, 0.07801473140716553, 0.17453956604003906, 1.3432033061981201, 0.8589080572128296, 0.8667452931404114, 0.8667452931404114, 1.1238998174667358, '02:44']
[13, 0.44703152775764465, 0.44974496960639954, 0.9057093262672424, 0.9879201650619507, 0.10281979292631149, 0.17559699714183807, 1.3579237461090088, 0.8211369514465332, 0.8347171545028687, 0.8347171545028687, 1.327828288078308, '02:43']
[14, 0.4524189829826355, 0.4553166627883911, 0.916681170463562, 0.9908131957054138, 0.09251312166452408, 0.17398016154766083, 1.226474404335022, 0.8392590880393982, 0.8520536422729492, 0.8520536422729492, 0.5224392414093018, '02:43']
[15, 0.4553784728050232, 0.43748968839645386, 0.8948737978935242, 0.9887303113937378, 0.11598823964595795, 0.1752481609582901, 1.412015438079834, 0.8094660043716431, 0.817769467830658, 0.817769467830658, 1.4228479862213135, '02:43']
Better model found at epoch 15 with valid_loss value: 0.43748968839645386.
[16, 0.44912636280059814, 0.43349674344062805, 0.8881714940071106, 0.9890044927597046, 0.12156153470277786, 0.17502591013908386, 1.3687199354171753, 0.7936389446258545, 0.8059486150741577, 0.8059486150741577, 1.3321754932403564, '02:43']
Better model found at epoch 16 with valid_loss value: 0.43349674344062805.
[17, 0.4505309462547302, 0.43697619438171387, 0.8922058939933777, 0.9894581437110901, 0.11637309193611145, 0.17480652034282684, 1.3728058338165283, 0.8040012717247009, 0.8129188418388367, 0.8129188418388367, 1.1473909616470337, '02:43']
[18, 0.45195823907852173, 0.4360418915748596, 0.8902148008346558, 0.9876644015312195, 0.11790447682142258, 0.17579945921897888, 1.4559813737869263, 0.7994112372398376, 0.8102995157241821, 0.8102995157241821, 1.7983629703521729, '02:43']
[19, 0.45414695143699646, 0.43466606736183167, 0.8872648477554321, 0.9884711503982544, 0.11949659138917923, 0.1753929704427719, 1.4319770336151123, 0.7972884178161621, 0.805910587310791, 0.805910587310791, 1.4712973833084106, '02:44']
[20, 0.4496069848537445, 0.4736033082008362, 0.9163474440574646, 0.979962944984436, 0.08624084293842316, 0.17975996434688568, 1.6267465353012085, 0.8321956396102905, 0.851311206817627, 0.851311206817627, 4.10444450378418, '02:43']
[21, 0.44692280888557434, 0.43549835681915283, 0.8880935907363892, 0.9900664687156677, 0.11869426816701889, 0.17449629306793213, 1.298431158065796, 0.8018930554389954, 0.8091086149215698, 0.8091086149215698, 0.7829569578170776, '02:44']
[22, 0.44911712408065796, 0.47269707918167114, 0.9201866388320923, 0.9794066548347473, 0.08360714465379715, 0.179948091506958, 1.6371821165084839, 0.8380768299102783, 0.8564717173576355, 0.8564717173576355, 4.778694152832031, '02:43']
[23, 0.4469485878944397, 0.44440901279449463, 0.8990115523338318, 0.9884660243988037, 0.10623373091220856, 0.17534658312797546, 1.4176011085510254, 0.8150725364685059, 0.8249199986457825, 0.8249199986457825, 1.6323606967926025, '02:43']
[24, 0.44539761543273926, 0.4313642680644989, 0.8862464427947998, 0.9879788160324097, 0.12341723591089249, 0.17564795911312103, 1.445299506187439, 0.7936186194419861, 0.8040403127670288, 0.8040403127670288, 1.7505074739456177, '02:43']
Better model found at epoch 24 with valid_loss value: 0.4313642680644989.
[25, 0.4410233199596405, 0.43278568983078003, 0.8858984708786011, 0.9890289902687073, 0.12153077870607376, 0.17510750889778137, 1.3885221481323242, 0.7907384634017944, 0.80378258228302, 0.80378258228302, 1.3142890930175781, '02:43']
[26, 0.4467703104019165, 0.4365752041339874, 0.8902474045753479, 0.9866268634796143, 0.11829747259616852, 0.17649729549884796, 1.4906258583068848, 0.7963594198226929, 0.8100442290306091, 0.8100442290306091, 2.0237390995025635, '02:43']
[27, 0.4453293979167938, 0.4457814395427704, 0.8969496488571167, 0.9842491745948792, 0.10812343657016754, 0.17760469019412994, 1.5710115432739258, 0.8005567193031311, 0.8194020986557007, 0.8194020986557007, 3.100038528442383, '02:43']
[28, 0.4518852233886719, 0.440935343503952, 0.8908407092094421, 0.9862289428710938, 0.1157781332731247, 0.17666009068489075, 1.454628825187683, 0.7923757433891296, 0.8096843361854553, 0.8096843361854553, 1.8245079517364502, '02:43']
[29, 0.45184117555618286, 0.4491623342037201, 0.9005135893821716, 0.9840546250343323, 0.10434292256832123, 0.17764362692832947, 1.5522552728652954, 0.8078255653381348, 0.8252065777778625, 0.8252065777778625, 3.186038017272949, '02:43']
[30, 0.44836264848709106, 0.45488089323043823, 0.8981924653053284, 0.9808473587036133, 0.10464756190776825, 0.17941145598888397, 1.6329169273376465, 0.7979649305343628, 0.8216553926467896, 0.8216553926467896, 4.188924312591553, '02:43']
[31, 0.4454296827316284, 0.4320574700832367, 0.8878679871559143, 0.989677369594574, 0.12116814404726028, 0.17470777034759521, 1.3526291847229004, 0.7982614040374756, 0.8069822788238525, 0.8069822788238525, 1.1223154067993164, '02:43']
[32, 0.439858615398407, 0.4214624762535095, 0.8741971254348755, 0.9901719689369202, 0.13622520864009857, 0.17449815571308136, 1.3300739526748657, 0.7732784152030945, 0.7857939004898071, 0.7857939004898071, 1.0190238952636719, '02:43']
Better model found at epoch 32 with valid_loss value: 0.4214624762535095.
[33, 0.4501793682575226, 0.4313115179538727, 0.8836278319358826, 0.9869911074638367, 0.12313259392976761, 0.17617781460285187, 1.4913740158081055, 0.7844740748405457, 0.7991340160369873, 0.7991340160369873, 2.0597448348999023, '02:44']
[34, 0.4394861161708832, 0.4462115168571472, 0.8957908153533936, 0.9828944206237793, 0.10841386020183563, 0.17834986746311188, 1.5918285846710205, 0.7955461740493774, 0.8171385526657104, 0.8171385526657104, 3.3056857585906982, '02:43']
[35, 0.4304831624031067, 0.4398326277732849, 0.8909717798233032, 0.9864198565483093, 0.11400395631790161, 0.1764420121908188, 1.4936118125915527, 0.7964995503425598, 0.8105039596557617, 0.8105039596557617, 2.1549694538116455, '02:43']
[36, 0.4395524263381958, 0.4447789788246155, 0.896543025970459, 0.9844017624855042, 0.10855968296527863, 0.17747396230697632, 1.532287359237671, 0.8051155805587769, 0.8192459344863892, 0.8192459344863892, 2.5561230182647705, '02:43']
[37, 0.44215771555900574, 0.4297105371952057, 0.8825836777687073, 0.9865636229515076, 0.12519197165966034, 0.17651905119419098, 1.5185140371322632, 0.7844746112823486, 0.7984338998794556, 0.7984338998794556, 2.325854539871216, '02:43']
[38, 0.43223053216934204, 0.4238641858100891, 0.8747212886810303, 0.9902784824371338, 0.13256017863750458, 0.1744307428598404, 1.3153862953186035, 0.7761322259902954, 0.7886490225791931, 0.7886490225791931, 0.9237285852432251, '02:43']
[39, 0.44071492552757263, 0.4286862909793854, 0.8822538256645203, 0.9878599643707275, 0.12614527344703674, 0.17573754489421844, 1.4494786262512207, 0.7852677702903748, 0.7972645163536072, 0.7972645163536072, 1.8049211502075195, '02:43']
[40, 0.443282812833786, 0.4424164891242981, 0.8917818069458008, 0.9832717180252075, 0.11330325901508331, 0.1781248301267624, 1.570016622543335, 0.7877610325813293, 0.8109315037727356, 0.8109315037727356, 3.6643435955047607, '02:43']
No improvement since epoch 32: early stopping
Unet_dpn131 Done!
