Models will save to Unet_res152_x
Use resnet152 encoder
Start training...
----------
0
----------
DLS create!
[0, 0.5278130173683167, 0.525741457939148, 0.9792572259902954, 0.9917209148406982, 0.0017234452534466982, 0.18731363117694855, 1.3376128673553467, 0.9839438199996948, 0.9679481387138367, 0.9679481387138367, inf, '01:18']
Better model found at epoch 0 with valid_loss value: 0.525741457939148.
[1, 0.5050230026245117, 0.49307572841644287, 0.9539549946784973, 0.9832294583320618, 0.05081784352660179, 0.1787542849779129, 1.479806661605835, 0.9301429986953735, 0.9209534525871277, 0.9209534525871277, inf, '01:16']
Better model found at epoch 1 with valid_loss value: 0.49307572841644287.
[2, 0.49150097370147705, 0.4741663336753845, 0.931930422782898, 0.9851040244102478, 0.07147916406393051, 0.1770833283662796, 1.4932830333709717, 0.8886306285858154, 0.8821373581886292, 0.8821373581886292, inf, '01:17']
Better model found at epoch 2 with valid_loss value: 0.4741663336753845.
[3, 0.48849621415138245, 0.47503072023391724, 0.9318854808807373, 0.9859987497329712, 0.06999389082193375, 0.1767617017030716, 1.488142728805542, 0.8887907266616821, 0.8822287321090698, 0.8822287321090698, inf, '01:17']
[4, 0.4813343286514282, 0.4788535535335541, 0.9339243173599243, 0.9871637225151062, 0.06387245655059814, 0.17613381147384644, 1.4588830471038818, 0.8946303129196167, 0.8859996795654297, 0.8859996795654297, inf, '01:18']
[5, 0.47196364402770996, 0.46800845861434937, 0.9259178638458252, 0.9908628463745117, 0.07402608543634415, 0.17427919805049896, 1.2534750699996948, 0.878965437412262, 0.8736233115196228, 0.8736233115196228, inf, '01:18']
Better model found at epoch 5 with valid_loss value: 0.46800845861434937.
[6, 0.4716184735298157, 0.4592909812927246, 0.9114289879798889, 0.9878323078155518, 0.08884484320878983, 0.1758451610803604, 1.4390243291854858, 0.855720579624176, 0.8486522436141968, 0.8486522436141968, inf, '01:19']
Better model found at epoch 6 with valid_loss value: 0.4592909812927246.
[7, 0.46548354625701904, 0.4643295407295227, 0.9162870645523071, 0.9887509346008301, 0.08284243941307068, 0.1752403825521469, 1.382991075515747, 0.8654923439025879, 0.858579158782959, 0.858579158782959, inf, '01:18']
[8, 0.4588474631309509, 0.4544338583946228, 0.9034959673881531, 0.9862311482429504, 0.09530498087406158, 0.17666970193386078, 1.5172369480133057, 0.836962103843689, 0.8355351686477661, 0.8355351686477661, inf, '01:18']
Better model found at epoch 8 with valid_loss value: 0.4544338583946228.
[9, 0.46309560537338257, 0.4549661874771118, 0.9040281772613525, 0.9874330163002014, 0.09541870653629303, 0.17605961859226227, 1.4345877170562744, 0.8403152823448181, 0.8374952673912048, 0.8374952673912048, inf, '01:17']
[10, 0.4676986336708069, 0.45633742213249207, 0.9079263806343079, 0.9875665307044983, 0.09223515540361404, 0.17599494755268097, 1.463448166847229, 0.8482169508934021, 0.8435715436935425, 0.8435715436935425, inf, '01:19']
[11, 0.45979201793670654, 0.451079398393631, 0.8975004553794861, 0.9875730872154236, 0.09923466295003891, 0.1759861409664154, 1.4649442434310913, 0.8309489488601685, 0.8269270062446594, 0.8269270062446594, inf, '01:17']
Better model found at epoch 11 with valid_loss value: 0.451079398393631.
[12, 0.4541279673576355, 0.4468143582344055, 0.8948434591293335, 0.9876856803894043, nan, 0.17585988342761993, 1.4520703554153442, 0.8254712820053101, 0.8220680356025696, 0.8220680356025696, nan, '01:18']
Better model found at epoch 12 with valid_loss value: 0.4468143582344055.
[13, 0.4544046223163605, 0.44362661242485046, 0.8950278759002686, 0.989870011806488, nan, 0.1748025119304657, 1.3455965518951416, 0.8285588622093201, 0.8233382105827332, 0.8233382105827332, nan, '01:18']
Better model found at epoch 13 with valid_loss value: 0.44362661242485046.
[14, 0.4476895332336426, 0.4645165801048279, 0.9083096385002136, 0.9833487868309021, 0.08646208047866821, 0.1780492067337036, 1.5788365602493286, 0.8412806391716003, 0.8437554240226746, 0.8437554240226746, inf, '01:19']
[15, 0.4474949836730957, 0.4753568768501282, 0.9274367094039917, 0.9918013215065002, nan, 0.17354190349578857, 1.0920681953430176, 0.8581790328025818, 0.8779721260070801, 0.8779721260070801, nan, '01:18']
[16, 0.4456757605075836, 0.4496649205684662, 0.8967713117599487, 0.9899223446846008, 0.09965920448303223, 0.17465347051620483, 1.3186511993408203, 0.8307123184204102, 0.8272011280059814, 0.8272011280059814, inf, '01:17']
[17, 0.4527139961719513, 0.45063668489456177, 0.8996382355690002, 0.9896523356437683, 0.09857407212257385, 0.17479540407657623, 1.3537575006484985, 0.8375197649002075, 0.8321070671081543, 0.8321070671081543, inf, '01:20']
[18, 0.4503183662891388, 0.45043545961380005, 0.8985575437545776, 0.9874175190925598, 0.0997665673494339, 0.17606014013290405, 1.4482699632644653, 0.8316563963890076, 0.8294950723648071, 0.8294950723648071, inf, '01:18']
[19, 0.44025474786758423, 0.463914155960083, 0.9028610587120056, 0.9797755479812622, 0.09301410615444183, 0.18017679452896118, 1.6411337852478027, 0.8216215372085571, 0.8352064490318298, 0.8352064490318298, inf, '01:18']
[20, 0.44640663266181946, 0.44486796855926514, 0.8940722942352295, 0.9865371584892273, 0.10844481736421585, 0.17661887407302856, 1.4880369901657104, 0.8185763955116272, 0.8204529285430908, 0.8204529285430908, inf, '01:17']
[21, 0.43950527906417847, 0.4404473602771759, 0.8886131048202515, 0.9901801347732544, 0.11009228974580765, 0.17460887134075165, 1.3123695850372314, 0.8166408538818359, 0.8146472573280334, 0.8146472573280334, inf, '01:18']
Better model found at epoch 21 with valid_loss value: 0.4404473602771759.
[22, 0.44882214069366455, 0.4702366888523102, 0.9208972454071045, 0.989753782749176, 0.07448964565992355, 0.17464663088321686, 1.3425559997558594, 0.8686046004295349, 0.8639613389968872, 0.8639613389968872, inf, '01:18']
[23, 0.4449464678764343, 0.44154486060142517, 0.8859571814537048, 0.9886938333511353, 0.10974321514368057, 0.1753450632095337, 1.42221999168396, 0.811259388923645, 0.8077050447463989, 0.8077050447463989, inf, '01:17']
[24, 0.44383952021598816, 0.43421220779418945, 0.8768560886383057, 0.9888865351676941, nan, 0.17534257471561432, 1.3912962675094604, 0.7956592440605164, 0.7951846122741699, 0.7951846122741699, nan, '01:18']
Better model found at epoch 24 with valid_loss value: 0.43421220779418945.
[25, 0.4517554044723511, 0.44005393981933594, 0.8910784721374512, 0.9904734492301941, 0.11027587205171585, 0.17456062138080597, 1.2884424924850464, 0.8226955533027649, 0.8192780017852783, 0.8192780017852783, inf, '01:19']
[26, 0.44268807768821716, 0.43751370906829834, 0.8794755339622498, 0.9857965111732483, 0.11634384840726852, 0.17698067426681519, 1.5337879657745361, 0.795064389705658, 0.7996018528938293, 0.7996018528938293, inf, '01:17']
[27, 0.4410563111305237, 0.44175615906715393, 0.890564501285553, 0.9907893538475037, 0.10837370157241821, 0.1742556393146515, 1.245793104171753, 0.8193076848983765, 0.8189740180969238, 0.8189740180969238, inf, '01:17']
[28, 0.44036751985549927, 0.452617883682251, 0.8985666036605835, 0.9852743744850159, 0.09855709224939346, 0.17717032134532928, 1.532649278640747, 0.8267500400543213, 0.8286155462265015, 0.8286155462265015, inf, '01:17']
[29, 0.4459195137023926, 0.42920204997062683, 0.875433087348938, 0.9908068776130676, nan, 0.17430636286735535, 1.2781457901000977, 0.7952229380607605, 0.7942071557044983, 0.7942071557044983, nan, '01:17']
Better model found at epoch 29 with valid_loss value: 0.42920204997062683.
[30, 0.4409334659576416, 0.440428227186203, 0.889985203742981, 0.9913164377212524, nan, 0.17399351298809052, 1.193118929862976, 0.815401017665863, 0.8177246451377869, 0.8177246451377869, nan, '01:17']
[31, 0.4445015788078308, 0.42977699637413025, 0.8753387331962585, 0.9898830056190491, 0.1238950788974762, 0.17484141886234283, 1.3472950458526611, 0.7965577244758606, 0.7937727570533752, 0.7937727570533752, inf, '01:18']
[32, 0.4434666037559509, 0.4369083344936371, 0.8826559782028198, 0.9885904788970947, 0.1144857332110405, 0.1754980832338333, 1.4173626899719238, 0.8065076470375061, 0.8046078681945801, 0.8046078681945801, inf, '01:19']
[33, 0.43435928225517273, 0.4405827820301056, 0.8879092335700989, 0.9898574352264404, 0.1089092493057251, 0.1747686266899109, 1.3282884359359741, 0.8140965104103088, 0.8131306767463684, 0.8131306767463684, inf, '01:18']
[34, 0.4349963665008545, 0.43285611271858215, 0.873224139213562, 0.9893587827682495, 0.12189047038555145, 0.175103560090065, 1.3635339736938477, 0.7903025150299072, 0.7909815311431885, 0.7909815311431885, inf, '01:18']
[35, 0.4357631504535675, 0.42800986766815186, 0.8728978633880615, 0.9896153807640076, 0.1260988414287567, 0.17496538162231445, 1.3439745903015137, 0.7897322177886963, 0.7900602221488953, 0.7900602221488953, inf, '01:18']
Better model found at epoch 35 with valid_loss value: 0.42800986766815186.
[36, 0.43785572052001953, 0.42962512373924255, 0.8772477507591248, 0.9891821146011353, 0.12449488788843155, 0.1752108335494995, 1.391265630722046, 0.7984178066253662, 0.7961875796318054, 0.7961875796318054, inf, '01:17']
[37, 0.43763792514801025, 0.4389951825141907, 0.8792818784713745, 0.9861918687820435, 0.11581426858901978, 0.17686013877391815, 1.5038717985153198, 0.7917548418045044, 0.7976261973381042, 0.7976261973381042, inf, '01:17']
[38, 0.4352468252182007, 0.4444432854652405, 0.8910502195358276, 0.9910602569580078, 0.10610390454530716, 0.17409078776836395, 1.2312159538269043, 0.8174346089363098, 0.8202664852142334, 0.8202664852142334, inf, '01:17']
[39, 0.44859910011291504, 0.4366201162338257, 0.8847830295562744, 0.9898301959037781, 0.11354725807905197, 0.17487391829490662, 1.3472944498062134, 0.8107893466949463, 0.8084782958030701, 0.8084782958030701, inf, '01:17']
[40, 0.43801358342170715, 0.4324009120464325, 0.8738273978233337, 0.9883533120155334, 0.12232968956232071, 0.17561787366867065, 1.4382706880569458, 0.7914385795593262, 0.7906673550605774, 0.7906673550605774, inf, '01:17']
[41, 0.4328964054584503, 0.4430263340473175, 0.8914827704429626, 0.9915974140167236, 0.10697681456804276, 0.17380644381046295, 1.1662309169769287, 0.8126655220985413, 0.8214559555053711, 0.8214559555053711, inf, '01:17']
[42, 0.43906718492507935, 0.4266657531261444, 0.8683722615242004, 0.9868078827857971, 0.12828005850315094, 0.17651914060115814, 1.501603364944458, 0.776187002658844, 0.7812177538871765, 0.7812177538871765, inf, '01:18']
Better model found at epoch 42 with valid_loss value: 0.4266657531261444.
[43, 0.4381973445415497, 0.4195683002471924, 0.8619587421417236, 0.9891176223754883, 0.13800019025802612, 0.17534810304641724, 1.4093503952026367, 0.775393009185791, 0.7739102244377136, 0.7739102244377136, inf, '01:17']
Better model found at epoch 43 with valid_loss value: 0.4195683002471924.
[44, 0.43226897716522217, 0.4361664950847626, 0.8751581907272339, 0.9863765835762024, nan, 0.17673005163669586, 1.4907127618789673, 0.7875930070877075, 0.792204737663269, 0.792204737663269, nan, '01:18']
[45, 0.44290974736213684, 0.4281376898288727, 0.873866617679596, 0.9877237677574158, 0.1251821666955948, 0.1760658621788025, 1.464179277420044, 0.7884262204170227, 0.7900357842445374, 0.7900357842445374, inf, '01:18']
[46, 0.4301805794239044, 0.42609935998916626, 0.8697434663772583, 0.9904055595397949, 0.1283506155014038, 0.17453943192958832, 1.3152251243591309, 0.7874447703361511, 0.7866290807723999, 0.7866290807723999, inf, '01:17']
[47, 0.4384116530418396, 0.4415017366409302, 0.8857659101486206, 0.9894317388534546, 0.11035902053117752, 0.17498773336410522, 1.3560088872909546, 0.8135812878608704, 0.8116617202758789, 0.8116617202758789, inf, '01:17']
[48, 0.4319731295108795, 0.42945975065231323, 0.8740100860595703, 0.9874609708786011, 0.12379845231771469, 0.17618495225906372, 1.4810783863067627, 0.7879275679588318, 0.7896730303764343, 0.7896730303764343, inf, '01:17']
[49, 0.42558518052101135, 0.4319353997707367, 0.871923565864563, 0.9888538718223572, 0.12309518456459045, 0.175407275557518, 1.4013043642044067, 0.788566529750824, 0.7895612120628357, 0.7895612120628357, inf, '01:19']
[50, 0.4326295852661133, 0.4292747676372528, 0.8723841905593872, 0.9905497431755066, nan, 0.17446522414684296, 1.2742100954055786, 0.7906661033630371, 0.7921525835990906, 0.7921525835990906, nan, '01:18']
[51, 0.43362459540367126, 0.4199736416339874, 0.8636992573738098, 0.989811360836029, nan, 0.17488059401512146, 1.3456894159317017, 0.7774471044540405, 0.7753483057022095, 0.7753483057022095, nan, '01:18']
No improvement since epoch 43: early stopping
----------
1
----------
DLS create!
[0, 0.526917576789856, 0.5069195032119751, 0.9873684644699097, 0.9940163493156433, 0.0, 0.1781001091003418, 1.211916208267212, 0.9795551300048828, 0.9752546548843384, 0.9752546548843384, 1.5255833204719238e-05, '01:18']
Better model found at epoch 0 with valid_loss value: 0.5069195032119751.
[1, 0.5022743344306946, 0.5062965154647827, 0.9869564175605774, 0.9939596056938171, 0.0009750001481734216, 0.17495805025100708, 1.2038449048995972, 0.9774246215820312, 0.9744070172309875, 0.9744070172309875, 0.02157675288617611, '01:18']
Better model found at epoch 1 with valid_loss value: 0.5062965154647827.
[2, 0.4987542927265167, 0.4863532781600952, 0.9671475887298584, 0.9931084513664246, 0.04122745618224144, 0.17467445135116577, 1.2663112878799438, 0.9386455416679382, 0.9376413226127625, 0.9376413226127625, 0.472747802734375, '01:18']
Better model found at epoch 2 with valid_loss value: 0.4863532781600952.
[3, 0.49455657601356506, 0.6765419840812683, 0.9831377863883972, 0.8232261538505554, 0.016895471140742302, 0.24933397769927979, 1.9305905103683472, 0.941804826259613, 0.9673373103141785, 0.9673373103141785, 75.05030822753906, '01:18']
[4, 0.4846559762954712, 0.5188490748405457, 0.9722400307655334, 0.96723473072052, 0.03840760141611099, 0.18952886760234833, 1.7746702432632446, 0.9311802983283997, 0.9470936059951782, 0.9470936059951782, 10.926740646362305, '01:18']
[5, 0.4833846390247345, 0.45961901545524597, 0.9340936541557312, 0.9905102252960205, 0.07975059002637863, 0.1757640242576599, 1.4829061031341553, 0.8774883151054382, 0.880092978477478, 0.880092978477478, 1.6328238248825073, '01:19']
Better model found at epoch 5 with valid_loss value: 0.45961901545524597.
[6, 0.48514753580093384, 0.46642616391181946, 0.941493034362793, 0.9902921319007874, 0.06803004443645477, 0.17578187584877014, 1.448279619216919, 0.8929690718650818, 0.8941119909286499, 0.8941119909286499, 1.7408770322799683, '01:18']
[7, 0.4727945327758789, 0.4566079378128052, 0.9283319115638733, 0.9911190271377563, 0.07917661964893341, 0.1751619279384613, 1.4379488229751587, 0.8683661222457886, 0.871397852897644, 0.871397852897644, 1.3933424949645996, '01:18']
Better model found at epoch 7 with valid_loss value: 0.4566079378128052.
[8, 0.47754135727882385, 0.5416522026062012, 0.9631887674331665, 0.9453361630439758, 0.03845590353012085, 0.19698555767536163, 1.8676644563674927, 0.9010016918182373, 0.9312506914138794, 0.9312506914138794, 22.172727584838867, '01:17']
[9, 0.474399209022522, 0.4596455991268158, 0.9327829480171204, 0.991759181022644, 0.07541658729314804, 0.17496667802333832, 1.409938931465149, 0.8795104622840881, 0.8790352940559387, 0.8790352940559387, 0.9820977449417114, '01:18']
[10, 0.4713613986968994, 0.45776480436325073, 0.9319483637809753, 0.9930716156959534, 0.07711981236934662, 0.17420734465122223, 1.2752200365066528, 0.8754602670669556, 0.8777316212654114, 0.8777316212654114, 0.5411404967308044, '01:18']
[11, 0.4656250476837158, 0.43974101543426514, 0.9085838794708252, 0.9916319251060486, 0.1017022579908371, 0.1750456988811493, 1.4260679483413696, 0.8371017575263977, 0.8389701247215271, 0.8389701247215271, 1.1934605836868286, '01:18']
Better model found at epoch 11 with valid_loss value: 0.43974101543426514.
[12, 0.46605759859085083, 0.4502304196357727, 0.9191104769706726, 0.9893938302993774, 0.08904792368412018, 0.1761452853679657, 1.5290284156799316, 0.8504166603088379, 0.856635570526123, 0.856635570526123, 2.2214839458465576, '01:18']
[13, 0.4631056487560272, 0.4373895823955536, 0.9054169654846191, 0.991258978843689, 0.10558587312698364, 0.17527306079864502, 1.4549760818481445, 0.8328042030334473, 0.833602786064148, 0.833602786064148, 1.228759527206421, '01:19']
Better model found at epoch 13 with valid_loss value: 0.4373895823955536.
[14, 0.46366336941719055, 0.44003885984420776, 0.9090200662612915, 0.9901027679443359, 0.1018899604678154, 0.17583344876766205, 1.5157877206802368, 0.8341593146324158, 0.8385404944419861, 0.8385404944419861, 1.8146430253982544, '01:18']
[15, 0.4630124270915985, 0.44586411118507385, 0.9110912084579468, 0.9866846203804016, 0.09696921706199646, 0.17752212285995483, 1.6248111724853516, 0.8258630037307739, 0.8419706225395203, 0.8419706225395203, 3.0790553092956543, '01:18']
[16, 0.4652489423751831, 0.44124045968055725, 0.9095919132232666, 0.9900821447372437, 0.10167945921421051, 0.17583730816841125, 1.5017321109771729, 0.8368161916732788, 0.8398932218551636, 0.8398932218551636, 1.5655186176300049, '01:18']
[17, 0.4577430784702301, 0.45131081342697144, 0.9125771522521973, 0.985308051109314, 0.09285542368888855, 0.1783105731010437, 1.6297849416732788, 0.8287181258201599, 0.8444711565971375, 0.8444711565971375, 3.0794296264648438, '01:19']
[18, 0.4615640342235565, 0.4384721517562866, 0.9079356789588928, 0.9917587637901306, 0.1012963280081749, 0.17488978803157806, 1.4288029670715332, 0.8339502811431885, 0.836976945400238, 0.836976945400238, 1.2419676780700684, '01:18']
[19, 0.46638813614845276, 0.45211732387542725, 0.9147581458091736, 0.9825674295425415, 0.09475386142730713, 0.1798216849565506, 1.6849396228790283, 0.82027667760849, 0.8480207324028015, 0.8480207920074463, 4.373556613922119, '01:17']
[20, 0.46090301871299744, 0.43146610260009766, 0.898697018623352, 0.9906951785087585, 0.11177241802215576, 0.17546100914478302, 1.476824402809143, 0.8169988393783569, 0.8221703767776489, 0.8221704959869385, 1.6118375062942505, '01:18']
Better model found at epoch 20 with valid_loss value: 0.43146610260009766.
[21, 0.45778024196624756, 0.43981608748435974, 0.9071586728096008, 0.9922398328781128, 0.09793467819690704, 0.174645334482193, 1.3604868650436401, 0.8328261971473694, 0.8376592993736267, 0.8376592993736267, 1.0250436067581177, '01:18']
[22, 0.45782309770584106, 0.4467506408691406, 0.9083163142204285, 0.985169529914856, 0.09794121980667114, 0.1784437745809555, 1.6607444286346436, 0.8186520934104919, 0.8387826681137085, 0.8387826681137085, 4.021344184875488, '01:17']
[23, 0.4516586661338806, 0.4600847363471985, 0.9259595274925232, 0.9877334237098694, 0.07904534786939621, 0.1768670231103897, 1.5914286375045776, 0.8571419715881348, 0.866312563419342, 0.866312563419342, 2.5756592750549316, '01:18']
[24, 0.44868582487106323, 0.4459053874015808, 0.914289116859436, 0.9925885200500488, 0.09109412878751755, 0.17442011833190918, 1.33296799659729, 0.8438447713851929, 0.8485400676727295, 0.8485400676727295, 0.8752495646476746, '01:18']
[25, 0.44416555762290955, 0.4582958519458771, 0.9154704213142395, 0.9819774031639099, 0.08901533484458923, 0.18008781969547272, 1.7128305435180664, 0.8228976130485535, 0.8485744595527649, 0.8485744595527649, 4.129261016845703, '01:18']
[26, 0.45722484588623047, 0.4348274767398834, 0.8993045687675476, 0.9890343546867371, 0.10875730216503143, 0.1764031946659088, 1.529481291770935, 0.8129746317863464, 0.8242426514625549, 0.8242426514625549, 2.149325132369995, '01:18']
[27, 0.4407150149345398, 0.4431227147579193, 0.9127430319786072, 0.9931085109710693, 0.09346667677164078, 0.1741318702697754, 1.2992427349090576, 0.8397152423858643, 0.846298098564148, 0.8462979793548584, 0.7129325270652771, '01:18']
[28, 0.448886513710022, 0.42826271057128906, 0.8925371766090393, 0.9910338521003723, 0.11565925925970078, 0.17532815039157867, 1.460579752922058, 0.8093695044517517, 0.8140828609466553, 0.8140828609466553, 1.5394842624664307, '01:19']
Better model found at epoch 28 with valid_loss value: 0.42826271057128906.
[29, 0.449156254529953, 0.43349385261535645, 0.8990796804428101, 0.9915481805801392, 0.10783275216817856, 0.1750725358724594, 1.4321390390396118, 0.8216391205787659, 0.8249460458755493, 0.8249460458755493, 1.2249408960342407, '01:18']
[30, 0.4465876817703247, 0.43561872839927673, 0.8978549242019653, 0.9878425598144531, 0.10836171358823776, 0.17703299224376678, 1.5897891521453857, 0.8053015470504761, 0.8202868103981018, 0.8202868103981018, 2.5123038291931152, '01:18']
[31, 0.44316086173057556, 0.4363867938518524, 0.8990681767463684, 0.987019956111908, 0.10813718289136887, 0.17745989561080933, 1.6242198944091797, 0.8056015372276306, 0.8228453397750854, 0.8228453397750854, 2.8752224445343018, '01:18']
[32, 0.44160395860671997, 0.4274596571922302, 0.890950620174408, 0.990501880645752, 0.11601253598928452, 0.17563052475452423, 1.496225357055664, 0.8056362271308899, 0.8101215362548828, 0.8101215362548828, 1.5240199565887451, '01:18']
Better model found at epoch 32 with valid_loss value: 0.4274596571922302.
[33, 0.43828198313713074, 0.4251077175140381, 0.8893998861312866, 0.9916528463363647, 0.11933400481939316, 0.17503415048122406, 1.4299910068511963, 0.8056437969207764, 0.8107755184173584, 0.8107755184173584, 1.4421558380126953, '01:18']
Better model found at epoch 33 with valid_loss value: 0.4251077175140381.
[34, 0.44738689064979553, 0.4324859082698822, 0.8904668092727661, 0.9878383278846741, 0.11435989290475845, 0.17711985111236572, 1.6106581687927246, 0.7939627170562744, 0.8093414902687073, 0.8093414902687073, 2.61629056930542, '01:18']
[35, 0.44673874974250793, 0.4224309027194977, 0.8858738541603088, 0.9903731346130371, 0.12371362000703812, 0.17577023804187775, 1.5140981674194336, 0.7956454157829285, 0.8033503890037537, 0.8033503890037537, 1.728249430656433, '01:18']
Better model found at epoch 35 with valid_loss value: 0.4224309027194977.
[36, 0.44531020522117615, 0.4359339475631714, 0.8942949771881104, 0.988416314125061, 0.11003223061561584, 0.17678752541542053, 1.5682867765426636, 0.8043193817138672, 0.8174812197685242, 0.8174812197685242, 2.328843355178833, '01:19']
[37, 0.45039138197898865, 0.45483916997909546, 0.9090949892997742, 0.9806656837463379, 0.09553831070661545, 0.1807425618171692, 1.7143635749816895, 0.8105888366699219, 0.8391689658164978, 0.8391689658164978, 5.72913122177124, '01:19']
[38, 0.43895193934440613, 0.44108742475509644, 0.8983681201934814, 0.9870847463607788, 0.10577192157506943, 0.1774667203426361, 1.6063460111618042, 0.8090764284133911, 0.8238703012466431, 0.8238703012466431, 3.2926549911499023, '01:18']
[39, 0.43734559416770935, 0.42479410767555237, 0.8857411742210388, 0.9909358024597168, 0.12058262526988983, 0.1754307746887207, 1.4743597507476807, 0.7977586984634399, 0.8040704727172852, 0.8040704727172852, 1.530132532119751, '01:18']
[40, 0.4459024667739868, 0.4471818208694458, 0.911284327507019, 0.9847745895385742, 0.0973576158285141, 0.17861329019069672, 1.654175877571106, 0.8222724795341492, 0.8432902097702026, 0.8432902097702026, 3.8847997188568115, '01:19']
[41, 0.4396042823791504, 0.4207083582878113, 0.8821044564247131, 0.9912122488021851, 0.12417054921388626, 0.17528016865253448, 1.4386988878250122, 0.793293833732605, 0.798974871635437, 0.798974871635437, 1.557605266571045, '01:20']
Better model found at epoch 41 with valid_loss value: 0.4207083582878113.
[42, 0.4395369291305542, 0.4395645558834076, 0.8966820240020752, 0.9850051403045654, 0.1076631024479866, 0.17858730256557465, 1.669739842414856, 0.7966122627258301, 0.8191450238227844, 0.8191450238227844, 3.8532028198242188, '01:18']
[43, 0.4237227737903595, 0.42202091217041016, 0.8831086754798889, 0.9920423626899719, 0.12276378273963928, 0.17480729520320892, 1.3638179302215576, 0.7962179780006409, 0.8003525137901306, 0.8003525137901306, 0.9639116525650024, '01:19']
[44, 0.4387933611869812, 0.4203201234340668, 0.8833531737327576, 0.9907301664352417, 0.12920062243938446, 0.17569084465503693, 1.461639165878296, 0.7952576875686646, 0.8004586696624756, 0.8004586696624756, 1.4038540124893188, '01:20']
Better model found at epoch 44 with valid_loss value: 0.4203201234340668.
[45, 0.4417513608932495, 0.429762065410614, 0.8948961496353149, 0.9929190874099731, 0.11184204369783401, 0.1742614358663559, 1.3057407140731812, 0.8139480948448181, 0.8186800479888916, 0.8186800479888916, 0.7240859270095825, '01:18']
[46, 0.43642404675483704, 0.42395368218421936, 0.884644627571106, 0.9922163486480713, 0.11997591704130173, 0.17469364404678345, 1.3841296434402466, 0.7991626262664795, 0.8031631708145142, 0.8031631708145142, 1.030525803565979, '01:17']
[47, 0.44367626309394836, 0.42690402269363403, 0.8877446055412292, 0.9912557601928711, 0.11878785490989685, 0.17524637281894684, 1.4301763772964478, 0.8025627136230469, 0.8083277940750122, 0.8083277940750122, 1.3269392251968384, '01:18']
[48, 0.4491732716560364, 0.42276638746261597, 0.8879848122596741, 0.9909030795097351, 0.12362713366746902, 0.17550240457057953, 1.4882652759552002, 0.7994421720504761, 0.8063642382621765, 0.8063642382621765, 1.615715742111206, '01:18']
[49, 0.4437950551509857, 0.4228172302246094, 0.8845274448394775, 0.9894663095474243, 0.12269449234008789, 0.17625285685062408, 1.5421854257583618, 0.7909987568855286, 0.8007396459579468, 0.8007396459579468, 1.942938208580017, '01:19']
[50, 0.439424067735672, 0.43952906131744385, 0.8994099497795105, 0.9869873523712158, 0.10592178255319595, 0.17752261459827423, 1.6137231588363647, 0.8052151799201965, 0.8230947256088257, 0.8230947256088257, 2.8671371936798096, '01:18']
[51, 0.42814576625823975, 0.4259273409843445, 0.8864725828170776, 0.9910813570022583, 0.1183045506477356, 0.1753489375114441, 1.4600954055786133, 0.8002191781997681, 0.8068825602531433, 0.8068826794624329, 1.4748896360397339, '01:18']
[52, 0.44121310114860535, 0.42001980543136597, 0.8810259699821472, 0.9903572797775269, 0.1278546005487442, 0.17580391466617584, 1.4983011484146118, 0.7901657819747925, 0.7961518168449402, 0.7961518168449402, 1.5909433364868164, '01:18']
Better model found at epoch 52 with valid_loss value: 0.42001980543136597.
[53, 0.44718053936958313, 0.42535918951034546, 0.8888123631477356, 0.9885584712028503, 0.11990168690681458, 0.1766621470451355, 1.5749788284301758, 0.7955188751220703, 0.806763768196106, 0.8067637085914612, 2.3321025371551514, '01:18']
[54, 0.43253251910209656, 0.41431236267089844, 0.8757607340812683, 0.9903141856193542, 0.13335634768009186, 0.17578066885471344, 1.5074928998947144, 0.7788937091827393, 0.7873725891113281, 0.7873725891113281, 1.833691120147705, '01:18']
Better model found at epoch 54 with valid_loss value: 0.41431236267089844.
[55, 0.440328449010849, 0.4227484166622162, 0.8829812407493591, 0.9894894957542419, 0.12346478551626205, 0.17626237869262695, 1.5547459125518799, 0.7859916090965271, 0.7982614040374756, 0.7982614040374756, 2.2167868614196777, '01:18']
[56, 0.45165541768074036, 0.41884148120880127, 0.8811286091804504, 0.991291880607605, 0.12606574594974518, 0.1752510517835617, 1.4678897857666016, 0.7900898456573486, 0.7951205372810364, 0.7951205372810364, 1.4195882081985474, '01:19']
[57, 0.44576728343963623, 0.41768333315849304, 0.8797515034675598, 0.9900211095809937, 0.1335936188697815, 0.17610542476177216, 1.5184918642044067, 0.7839128375053406, 0.7945607900619507, 0.7945607900619507, 1.8605766296386719, '01:18']
[58, 0.4425153136253357, 0.4234100580215454, 0.882748544216156, 0.9890355467796326, 0.12459351122379303, 0.17657434940338135, 1.5694217681884766, 0.7851608395576477, 0.7987456321716309, 0.7987456321716309, 2.356808662414551, '01:18']
[59, 0.42868274450302124, 0.45976725220680237, 0.9139268398284912, 0.9814891219139099, 0.08929705619812012, 0.18040335178375244, 1.705076813697815, 0.8203778266906738, 0.8471930027008057, 0.8471930027008057, 4.58435583114624, '01:18']
[60, 0.4318315386772156, 0.45096659660339355, 0.9074884057044983, 0.9829292297363281, 0.09684202075004578, 0.17960065603256226, 1.6970351934432983, 0.8105074763298035, 0.8366520404815674, 0.8366520404815674, 3.9937970638275146, '01:18']
[61, 0.4448515474796295, 0.42331504821777344, 0.8849553465843201, 0.9924384951591492, 0.1207224503159523, 0.17459921538829803, 1.3445942401885986, 0.8017969727516174, 0.8048225045204163, 0.8048225045204163, 0.8381796479225159, '01:18']
[62, 0.43226805329322815, 0.42474448680877686, 0.8880317211151123, 0.9924988150596619, 0.11826499551534653, 0.17457187175750732, 1.3704936504364014, 0.8057687878608704, 0.8100267648696899, 0.8100267648696899, 1.0036439895629883, '01:20']
No improvement since epoch 54: early stopping
----------
2
----------
DLS create!
[0, 0.5335803031921387, 0.5210737586021423, 0.9865629076957703, 0.9911110401153564, 0.0, 0.18559657037258148, 1.2322267293930054, 0.9803447723388672, 0.9737187027931213, 0.9737187027931213, 0.0, '01:18']
Better model found at epoch 0 with valid_loss value: 0.5210737586021423.
[1, 0.5061177015304565, 0.5104780793190002, 0.9840911030769348, 0.9903745651245117, 0.022687304764986038, 0.17501720786094666, 1.192895531654358, 0.9723666310310364, 0.9693910479545593, 0.9693910479545593, 0.352161705493927, '01:19']
Better model found at epoch 1 with valid_loss value: 0.5104780793190002.
[2, 0.49557560682296753, 0.4957755208015442, 0.9630774259567261, 0.9895106554031372, 0.04444742575287819, 0.1745324283838272, 1.2868393659591675, 0.9267550706863403, 0.930036187171936, 0.930036187171936, 0.8397372364997864, '01:18']
Better model found at epoch 2 with valid_loss value: 0.4957755208015442.
[3, 0.4897792935371399, 0.486206591129303, 0.9540563821792603, 0.9857421517372131, 0.056743837893009186, 0.1766280233860016, 1.4694626331329346, 0.9122063517570496, 0.9139047861099243, 0.9139047861099243, 2.1906251907348633, '01:18']
Better model found at epoch 3 with valid_loss value: 0.486206591129303.
[4, 0.48404040932655334, 0.4873243570327759, 0.9466968774795532, 0.9840977787971497, 0.0584460124373436, 0.1772875338792801, 1.5503417253494263, 0.8966653943061829, 0.9016827344894409, 0.9016827344894409, 3.058173656463623, '01:18']
[5, 0.4843425154685974, 0.476424902677536, 0.9388341307640076, 0.9835796356201172, 0.06966982036828995, 0.17745760083198547, 1.5461910963058472, 0.8798196911811829, 0.8879484534263611, 0.8879484534263611, 3.2375564575195312, '01:18']
Better model found at epoch 5 with valid_loss value: 0.476424902677536.
[6, 0.4792785942554474, 0.4718993604183197, 0.9370958209037781, 0.9887343645095825, 0.07468976080417633, 0.17496220767498016, 1.3712445497512817, 0.8804826140403748, 0.8851681351661682, 0.8851681351661682, 1.201014757156372, '01:20']
Better model found at epoch 6 with valid_loss value: 0.4718993604183197.
[7, 0.4738906919956207, 0.46241992712020874, 0.9234798550605774, 0.9882662892341614, 0.08531484752893448, 0.1750997006893158, 1.4040570259094238, 0.8555630445480347, 0.8615463376045227, 0.8615463376045227, 1.3559670448303223, '01:18']
Better model found at epoch 7 with valid_loss value: 0.46241992712020874.
[8, 0.4723268151283264, 0.46359583735466003, 0.9210578799247742, 0.9868007302284241, 0.08546916395425797, 0.1759047508239746, 1.477722406387329, 0.8544020056724548, 0.8586564064025879, 0.8586564064025879, 1.6348689794540405, '01:18']
[9, 0.46827253699302673, 0.4578302502632141, 0.9173123836517334, 0.9888991117477417, 0.09063605964183807, 0.17487989366054535, 1.372493028640747, 0.8484127521514893, 0.8525621294975281, 0.8525621294975281, 1.0218349695205688, '01:18']
Better model found at epoch 9 with valid_loss value: 0.4578302502632141.
[10, 0.4623391926288605, 0.4585649073123932, 0.9170839190483093, 0.986575186252594, 0.09107412397861481, 0.17609962821006775, 1.4832701683044434, 0.844075083732605, 0.8523812294006348, 0.8523812294006348, 2.099888801574707, '01:19']
[11, 0.46071192622184753, 0.4541904926300049, 0.9113976359367371, 0.9874891042709351, 0.09638751298189163, 0.17564035952091217, 1.459486961364746, 0.8343245387077332, 0.8423725962638855, 0.8423725962638855, 1.5851045846939087, '01:17']
Better model found at epoch 11 with valid_loss value: 0.4541904926300049.
[12, 0.45972469449043274, 0.4566591680049896, 0.9104905724525452, 0.9871025085449219, 0.09490088373422623, 0.1758691966533661, 1.4670891761779785, 0.8352579474449158, 0.8419694304466248, 0.8419695496559143, 1.5891039371490479, '01:18']
[13, 0.45907849073410034, 0.4642674922943115, 0.9188051819801331, 0.9850635528564453, 0.08588956296443939, 0.17683161795139313, 1.5368313789367676, 0.8498997092247009, 0.8555792570114136, 0.8555792570114136, 2.2842307090759277, '01:19']
[14, 0.4644258916378021, 0.45808443427085876, 0.9173410534858704, 0.9882293939590454, 0.09031994640827179, 0.1752370148897171, 1.3884305953979492, 0.8505995273590088, 0.8532969355583191, 0.8532969355583191, 1.0785762071609497, '01:18']
[15, 0.4653472602367401, 0.45476579666137695, 0.9122956991195679, 0.9868101477622986, 0.0970362052321434, 0.17600153386592865, 1.4557830095291138, 0.8380749225616455, 0.8442115187644958, 0.8442115187644958, 1.6620681285858154, '01:18']
[16, 0.45585542917251587, 0.4667852222919464, 0.9199682474136353, 0.9827447533607483, 0.08440340310335159, 0.17797879874706268, 1.5852030515670776, 0.8448963761329651, 0.8571821451187134, 0.8571821451187134, 2.9623022079467773, '01:18']
[17, 0.4528120160102844, 0.4553217589855194, 0.9116314649581909, 0.9860159158706665, 0.09617506712675095, 0.17636312544345856, 1.4917359352111816, 0.8341869711875916, 0.8438785076141357, 0.8438785076141357, 1.858388900756836, '01:18']
[18, 0.44536659121513367, 0.4507438838481903, 0.9072598218917847, 0.9895970821380615, 0.10077113658189774, 0.17451345920562744, 1.311949610710144, 0.8291051387786865, 0.8380493521690369, 0.8380493521690369, 0.8637728095054626, '01:18']
Better model found at epoch 18 with valid_loss value: 0.4507438838481903.
[19, 0.45538631081581116, 0.45509907603263855, 0.9135743975639343, 0.9893832802772522, 0.09529583901166916, 0.17459554970264435, 1.3222988843917847, 0.8429489135742188, 0.8475440740585327, 0.8475440740585327, 0.8147146105766296, '01:17']
[20, 0.45476001501083374, 0.44987455010414124, 0.9056634902954102, 0.9895967245101929, 0.10117659717798233, 0.17449013888835907, 1.319303035736084, 0.8289183378219604, 0.8356989622116089, 0.8356989622116089, 0.7921449542045593, '01:18']
Better model found at epoch 20 with valid_loss value: 0.44987455010414124.
[21, 0.4510311782360077, 0.4711475074291229, 0.9181714653968811, 0.9779806137084961, 0.0853739082813263, 0.18057796359062195, 1.6626965999603271, 0.8296892046928406, 0.8542434573173523, 0.8542434573173523, 4.762657642364502, '01:19']
[22, 0.4473559856414795, 0.46205487847328186, 0.916898250579834, 0.9863378405570984, 0.08783938735723495, 0.1761120706796646, 1.4946720600128174, 0.8466629981994629, 0.851402223110199, 0.851402223110199, 1.8338806629180908, '01:19']
[23, 0.44275373220443726, 0.45747074484825134, 0.905430257320404, 0.9831996560096741, 0.09761185199022293, 0.17786924540996552, 1.582963466644287, 0.817173957824707, 0.8328118920326233, 0.8328118920326233, 2.7896780967712402, '01:18']
[24, 0.45094215869903564, 0.46554821729660034, 0.9130610823631287, 0.9809115529060364, 0.09005773812532425, 0.17905032634735107, 1.6269663572311401, 0.8245722055435181, 0.8455976247787476, 0.8455976247787476, 3.9071733951568604, '01:17']
[25, 0.449957937002182, 0.4708256125450134, 0.9224873781204224, 0.9832518100738525, 0.08107268810272217, 0.17783020436763763, 1.553351879119873, 0.8476777076721191, 0.8618423342704773, 0.8618423342704773, 2.6369259357452393, '01:20']
[26, 0.4610201418399811, 0.47209063172340393, 0.9201300740242004, 0.9769450426101685, 0.08356446772813797, 0.1809663474559784, 1.6701040267944336, 0.8298100829124451, 0.8572479486465454, 0.8572479486465454, 4.9843668937683105, '01:18']
[27, 0.4442702829837799, 0.4409005045890808, 0.8935093283653259, 0.9881775975227356, 0.11341738700866699, 0.1752842515707016, 1.4040745496749878, 0.8079179525375366, 0.8151004910469055, 0.8151004910469055, 1.2507691383361816, '01:20']
Better model found at epoch 27 with valid_loss value: 0.4409005045890808.
[28, 0.43295302987098694, 0.4659314453601837, 0.9153251051902771, 0.9805445671081543, 0.08783386647701263, 0.17919474840164185, 1.6326160430908203, 0.8291934132575989, 0.8490861058235168, 0.8490861058235168, 3.699073553085327, '01:17']
[29, 0.44215524196624756, 0.4404279589653015, 0.8913795351982117, 0.9886935353279114, 0.11450421065092087, 0.1750650703907013, 1.3723281621932983, 0.8054782152175903, 0.8135933876037598, 0.8135933876037598, 1.0946991443634033, '01:17']
Better model found at epoch 29 with valid_loss value: 0.4404279589653015.
[30, 0.43622440099716187, 0.44236475229263306, 0.8952106237411499, 0.9896013140678406, 0.11032021045684814, 0.17455098032951355, 1.3331419229507446, 0.8112789392471313, 0.8190839886665344, 0.8190839886665344, 0.8718996644020081, '01:17']
[31, 0.446878045797348, 0.45671194791793823, 0.9133931994438171, 0.9892146587371826, 0.09248735755681992, 0.1746973693370819, 1.354070782661438, 0.8416638970375061, 0.8499071002006531, 0.8499071002006531, 1.0056424140930176, '01:17']
[32, 0.4455755949020386, 0.437550812959671, 0.8922449350357056, 0.9899695515632629, 0.11783848702907562, 0.1743796467781067, 1.3111404180526733, 0.8060458302497864, 0.8140523433685303, 0.8140523433685303, 0.8031373620033264, '01:18']
Better model found at epoch 32 with valid_loss value: 0.437550812959671.
[33, 0.4443623125553131, 0.4349055886268616, 0.8843922019004822, 0.9866060018539429, 0.12159458547830582, 0.1762334108352661, 1.4975194931030273, 0.788333535194397, 0.8002998232841492, 0.8002999424934387, 1.874643087387085, '01:18']
Better model found at epoch 33 with valid_loss value: 0.4349055886268616.
[34, 0.4386168122291565, 0.4437258243560791, 0.8943099975585938, 0.9866572022438049, 0.11077942699193954, 0.17615263164043427, 1.4939820766448975, 0.8058446049690247, 0.8162945508956909, 0.8162945508956909, 1.874021053314209, '01:18']
[35, 0.4317161738872528, 0.47394564747810364, 0.918167233467102, 0.9793601036071777, 0.08456718176603317, 0.17994728684425354, 1.6168631315231323, 0.8332648873329163, 0.8544065952301025, 0.8544065952301025, 3.457963705062866, '01:18']
[36, 0.43746060132980347, 0.4450470209121704, 0.8964238166809082, 0.9890857338905334, 0.10837925970554352, 0.17490778863430023, 1.3083982467651367, 0.8125010132789612, 0.8222892880439758, 0.8222892880439758, 0.8229293823242188, '01:19']
[37, 0.4403059780597687, 0.46666207909584045, 0.9115046858787537, 0.9779404401779175, 0.09211048483848572, 0.1807294487953186, 1.6737664937973022, 0.8138857483863831, 0.8430520296096802, 0.8430520296096802, 4.854381084442139, '01:18']
[38, 0.4477454721927643, 0.44123053550720215, 0.8948583006858826, 0.9875251054763794, 0.11214804649353027, 0.1757325828075409, 1.4356731176376343, 0.8114893436431885, 0.8186162710189819, 0.8186162710189819, 1.3807182312011719, '01:19']
[39, 0.4313368797302246, 0.4396025538444519, 0.8929097652435303, 0.9889549016952515, 0.11343950033187866, 0.17501884698867798, 1.366083025932312, 0.8075318932533264, 0.8164168000221252, 0.8164168000221252, 1.0841983556747437, '01:20']
[40, 0.436099112033844, 0.4312950670719147, 0.8814001679420471, 0.9875515699386597, 0.12456811219453812, 0.1757274717092514, 1.4452370405197144, 0.786374032497406, 0.7953782677650452, 0.7953782677650452, 1.44292151927948, '01:18']
Better model found at epoch 40 with valid_loss value: 0.4312950670719147.
[41, 0.4401104748249054, 0.44118139147758484, 0.8942399024963379, 0.9893879294395447, 0.11259684711694717, 0.17470993101596832, 1.350269079208374, 0.8090015649795532, 0.8178316950798035, 0.8178316950798035, 0.9831612706184387, '01:19']
[42, 0.4408791661262512, 0.4433407187461853, 0.8972725868225098, 0.986205518245697, 0.1112368255853653, 0.17651763558387756, 1.4708021879196167, 0.8079530000686646, 0.8209132552146912, 0.8209132552146912, 1.7491308450698853, '01:18']
[43, 0.43594273924827576, 0.43670618534088135, 0.8889975547790527, 0.9875166416168213, 0.11713214963674545, 0.1757187694311142, 1.4354746341705322, 0.7987919449806213, 0.8069186806678772, 0.8069186806678772, 1.376761555671692, '01:18']
[44, 0.43508222699165344, 0.43775418400764465, 0.8868595361709595, 0.9874532222747803, 0.11744347214698792, 0.17580485343933105, 1.4448643922805786, 0.7984283566474915, 0.8054209351539612, 0.8054209351539612, 1.3729877471923828, '01:18']
[45, 0.4456024169921875, 0.4579877555370331, 0.9105794429779053, 0.9871891140937805, 0.09461276233196259, 0.17585362493991852, 1.4418692588806152, 0.8321461081504822, 0.8437222242355347, 0.8437222242355347, 1.6251308917999268, '01:18']
[46, 0.4390835464000702, 0.49278712272644043, 0.9249574542045593, 0.9716930389404297, 0.07619524747133255, 0.18384239077568054, 1.7181041240692139, 0.8329411745071411, 0.86375892162323, 0.86375892162323, 5.249899387359619, '01:18']
[47, 0.44070714712142944, 0.448625773191452, 0.9014891386032104, 0.9873725175857544, 0.10341883450746536, 0.1756642609834671, 1.4572739601135254, 0.8213997483253479, 0.8287712931632996, 0.8287712931632996, 1.8685927391052246, '01:18']
[48, 0.4346780478954315, 0.44045260548591614, 0.895619809627533, 0.9895856380462646, 0.11296243220567703, 0.17462727427482605, 1.2827264070510864, 0.8113830089569092, 0.8211652636528015, 0.8211652636528015, 0.7565761804580688, '01:18']
No improvement since epoch 40: early stopping
----------
3
----------
DLS create!
[0, 0.519210696220398, 0.5047308206558228, 0.967798113822937, 0.990423321723938, 0.008154711686074734, 0.1794770210981369, 1.327990174293518, 0.9590259194374084, 0.9465214610099792, 0.9465214610099792, inf, '01:18']
Better model found at epoch 0 with valid_loss value: 0.5047308206558228.
[1, 0.5036336183547974, 0.49485471844673157, 0.9512284994125366, 0.9813459515571594, 0.04948621243238449, 0.1785363256931305, 1.5298998355865479, 0.9254389405250549, 0.9169108271598816, 0.9169108271598816, inf, '01:20']
Better model found at epoch 1 with valid_loss value: 0.49485471844673157.
[2, 0.4934346079826355, 0.4976198077201843, 0.9479191303253174, 0.9745832681655884, 0.052399151027202606, 0.18185631930828094, 1.624882459640503, 0.9123536348342896, 0.9103620648384094, 0.9103620648384094, inf, '01:19']
[3, 0.49180784821510315, 0.4937954843044281, 0.9536401033401489, 0.9890437126159668, 0.045315444469451904, 0.17476022243499756, 1.3134357929229736, 0.9285491108894348, 0.9208660125732422, 0.9208660125732422, inf, '01:18']
Better model found at epoch 3 with valid_loss value: 0.4937954843044281.
[4, 0.4833330810070038, 0.4800335168838501, 0.9334128499031067, 0.9867656230926514, 0.06438454985618591, 0.17578761279582977, 1.4427229166030884, 0.8943052291870117, 0.8860389590263367, 0.8860389590263367, inf, '01:17']
Better model found at epoch 4 with valid_loss value: 0.4800335168838501.
[5, 0.4718712866306305, 0.47323209047317505, 0.9206329584121704, 0.9862388372421265, 0.07685001194477081, 0.17619699239730835, 1.4909363985061646, 0.8693681955337524, 0.8651654720306396, 0.8651654720306396, inf, '01:17']
Better model found at epoch 5 with valid_loss value: 0.47323209047317505.
[6, 0.47458416223526, 0.4825812578201294, 0.9340308308601379, 0.9879320859909058, 0.06055782735347748, 0.17520645260810852, 1.4102345705032349, 0.8915507793426514, 0.8872690796852112, 0.8872690796852112, inf, '01:17']
[7, 0.47306445240974426, 0.46324968338012695, 0.916354238986969, 0.9886706471443176, 0.08615019172430038, 0.17506267130374908, 1.3677735328674316, 0.8626149892807007, 0.8578927516937256, 0.8578927516937256, inf, '01:17']
Better model found at epoch 7 with valid_loss value: 0.46324968338012695.
[8, 0.46603816747665405, 0.4919014275074005, 0.9277896285057068, 0.9762089252471924, 0.06631506979465485, 0.18118125200271606, 1.6731617450714111, 0.8738576769828796, 0.876949667930603, 0.876949667930603, inf, '01:17']
[9, 0.46406617760658264, 0.46112579107284546, 0.9086495041847229, 0.9871450662612915, 0.08931764960289001, 0.17572905123233795, 1.426664113998413, 0.8500799536705017, 0.845159113407135, 0.845159113407135, inf, '01:17']
Better model found at epoch 9 with valid_loss value: 0.46112579107284546.
[10, 0.4581880271434784, 0.4684591591358185, 0.9169397950172424, 0.9886960983276367, 0.07864554226398468, 0.1748552918434143, 1.3404706716537476, 0.8659363985061646, 0.8603628277778625, 0.8603628277778625, inf, '01:17']
[11, 0.46220505237579346, 0.4575066566467285, 0.9053230881690979, 0.9883416295051575, 0.0929768905043602, 0.1750849187374115, 1.3802673816680908, 0.8444386124610901, 0.8403005003929138, 0.8403005003929138, inf, '01:17']
Better model found at epoch 11 with valid_loss value: 0.4575066566467285.
[12, 0.4584547281265259, 0.4584583044052124, 0.9081132411956787, 0.9888012409210205, 0.08989135921001434, 0.1748199611902237, 1.3672899007797241, 0.842831552028656, 0.8431332111358643, 0.8431331515312195, inf, '01:17']
[13, 0.4588727056980133, 0.47306984663009644, 0.9221394062042236, 0.9880062341690063, 0.07486436516046524, 0.17520521581172943, 1.382322907447815, 0.8726298213005066, 0.8683180212974548, 0.8683180212974548, inf, '01:17']
[14, 0.4541112780570984, 0.4659605622291565, 0.9143732786178589, 0.9891752600669861, 0.08277219533920288, 0.17459753155708313, 1.294216275215149, 0.8556091785430908, 0.8550962209701538, 0.8550962209701538, inf, '01:17']
[15, 0.4545011818408966, 0.4719217121601105, 0.9122667908668518, 0.9816814661026001, 0.08237911760807037, 0.17858101427555084, 1.5802438259124756, 0.8478025197982788, 0.8515282869338989, 0.8515282869338989, inf, '01:17']
[16, 0.4509437680244446, 0.4649087190628052, 0.9069718718528748, 0.9831029772758484, 0.0881432518362999, 0.17769193649291992, 1.5514883995056152, 0.8442957401275635, 0.8422171473503113, 0.8422171473503113, inf, '01:17']
[17, 0.4645000994205475, 0.45275452733039856, 0.902197003364563, 0.9885371327400208, 0.09843862056732178, 0.1750212013721466, 1.3672356605529785, 0.8402245044708252, 0.8351904153823853, 0.8351904153823853, inf, '01:16']
Better model found at epoch 17 with valid_loss value: 0.45275452733039856.
[18, 0.4546405076980591, 0.4698191285133362, 0.9224488139152527, 0.9905284643173218, 0.07501453161239624, 0.17382948100566864, 1.180365800857544, 0.8598701357841492, 0.8673487305641174, 0.8673487305641174, inf, '01:19']
[19, 0.4513663053512573, 0.4750722646713257, 0.9221154451370239, 0.9879937767982483, 0.07215902209281921, 0.17510822415351868, 1.3796296119689941, 0.874174952507019, 0.8683696985244751, 0.8683696985244751, inf, '01:17']
[20, 0.4488752484321594, 0.44523823261260986, 0.8914415240287781, 0.9892885088920593, 0.10910288244485855, 0.17466264963150024, 1.3244456052780151, 0.8176470994949341, 0.8181654810905457, 0.8181654810905457, inf, '01:17']
Better model found at epoch 20 with valid_loss value: 0.44523823261260986.
[21, 0.4502909779548645, 0.4461250305175781, 0.8940813541412354, 0.9886288642883301, 0.10668058693408966, 0.17492978274822235, 1.3764749765396118, 0.8236538767814636, 0.8214333057403564, 0.8214333057403564, inf, '01:17']
[22, 0.44192373752593994, 0.4600376486778259, 0.9055125117301941, 0.989864706993103, 0.09018141031265259, 0.1742350310087204, 1.2709650993347168, 0.8397808074951172, 0.842961311340332, 0.842961311340332, inf, '01:17']
[23, 0.45000338554382324, 0.45678165555000305, 0.9017782211303711, 0.9843601584434509, 0.09577194601297379, 0.17723119258880615, 1.5211646556854248, 0.8323156237602234, 0.8338848352432251, 0.8338848352432251, inf, '01:17']
[24, 0.44242143630981445, 0.45157942175865173, 0.8954851031303406, 0.9878710508346558, 0.10447855293750763, 0.1753600835800171, 1.3729288578033447, 0.8239754438400269, 0.8241996169090271, 0.8241996169090271, inf, '01:17']
[25, 0.44950106739997864, 0.4494812786579132, 0.8987244367599487, 0.9885567426681519, 0.10179125517606735, 0.17506444454193115, 1.3732960224151611, 0.829897940158844, 0.8292509317398071, 0.8292509317398071, inf, '01:17']
[26, 0.43804511427879333, 0.4488723874092102, 0.8899464011192322, 0.9880380034446716, 0.10442283749580383, 0.17533628642559052, 1.4176887273788452, 0.8212805390357971, 0.8160879611968994, 0.8160879611968994, inf, '01:16']
[27, 0.4484519958496094, 0.5385870933532715, 0.9315194487571716, 0.9630409479141235, 0.061593443155288696, 0.1883387565612793, 1.7493038177490234, 0.8658571243286133, 0.8823171854019165, 0.8823171854019165, inf, '01:17']
[28, 0.4514804780483246, 0.44576138257980347, 0.8892675638198853, 0.9863492846488953, 0.10918514430522919, 0.1763000190258026, 1.4744739532470703, 0.8155098557472229, 0.8148764371871948, 0.8148764371871948, inf, '01:17']
No improvement since epoch 20: early stopping
----------
4
----------
DLS create!
[0, 0.5244175791740417, 0.5020238161087036, 0.9810361266136169, 0.994450569152832, 0.008151129819452763, 0.17911376059055328, 1.3606911897659302, 0.9613813161849976, 0.9633492827415466, 0.9633492827415466, 0.2230919748544693, '01:18']
Better model found at epoch 0 with valid_loss value: 0.5020238161087036.
[1, 0.50311279296875, 0.49516722559928894, 0.977907657623291, 0.9933084845542908, 0.031929392367601395, 0.17490741610527039, 1.3087334632873535, 0.9583975076675415, 0.9575009942054749, 0.9575009942054749, 0.937562108039856, '01:18']
Better model found at epoch 1 with valid_loss value: 0.49516722559928894.
[2, 0.4938657879829407, 0.4738209545612335, 0.9533743858337402, 0.9910306930541992, 0.06128770112991333, 0.17573866248130798, 1.462512731552124, 0.9081675410270691, 0.9133443832397461, 0.9133443832397461, 2.35424542427063, '01:17']
Better model found at epoch 2 with valid_loss value: 0.4738209545612335.
[3, 0.4840909540653229, 0.4775169789791107, 0.9442116618156433, 0.9826919436454773, 0.061320628970861435, 0.1795569211244583, 1.6979652643203735, 0.8831871151924133, 0.8993521928787231, 0.8993521928787231, 7.065212726593018, '01:19']
[4, 0.477858304977417, 0.46692773699760437, 0.9441379904747009, 0.9936240911483765, 0.0659116730093956, 0.17420929670333862, 1.3189690113067627, 0.8945363163948059, 0.898442804813385, 0.898442804813385, 0.8091148138046265, '01:17']
Better model found at epoch 4 with valid_loss value: 0.46692773699760437.
[5, 0.4756140112876892, 0.46090564131736755, 0.9354166388511658, 0.991605281829834, 0.07459457218647003, 0.17529529333114624, 1.483621597290039, 0.8774546980857849, 0.884245753288269, 0.884245753288269, 2.278660774230957, '01:19']
Better model found at epoch 5 with valid_loss value: 0.46090564131736755.
[6, 0.46252724528312683, 0.4582217037677765, 0.9315997362136841, 0.9924654364585876, 0.07654659450054169, 0.17476870119571686, 1.4312597513198853, 0.8726121187210083, 0.878052294254303, 0.878052294254303, 1.5975232124328613, '01:17']
Better model found at epoch 6 with valid_loss value: 0.4582217037677765.
[7, 0.4672721326351166, 0.45298153162002563, 0.9264095425605774, 0.9935063719749451, 0.08272967487573624, 0.17426952719688416, 1.3584870100021362, 0.8608577847480774, 0.8692408800125122, 0.8692408800125122, 1.1128737926483154, '01:20']
Better model found at epoch 7 with valid_loss value: 0.45298153162002563.
[8, 0.46249279379844666, 0.4516963064670563, 0.9254688620567322, 0.9937666058540344, 0.08393232524394989, 0.17413058876991272, 1.322532057762146, 0.8604027628898621, 0.8677648305892944, 0.8677648305892944, 0.8404012322425842, '01:19']
Better model found at epoch 8 with valid_loss value: 0.4516963064670563.
[9, 0.4645426571369171, 0.4595998227596283, 0.9332435727119446, 0.9942815899848938, 0.07556398957967758, 0.17384102940559387, 1.2416551113128662, 0.8745212554931641, 0.8827184438705444, 0.8827184438705444, 0.5397500395774841, '01:20']
[10, 0.46412357687950134, 0.4475252628326416, 0.9164009094238281, 0.9886998534202576, 0.09326688945293427, 0.1768748164176941, 1.6070863008499146, 0.8346487283706665, 0.8529659509658813, 0.8529659509658813, 3.9156458377838135, '01:19']
Better model found at epoch 10 with valid_loss value: 0.4475252628326416.
[11, 0.45942381024360657, 0.44394567608833313, 0.9153154492378235, 0.993052065372467, 0.09304975718259811, 0.17453211545944214, 1.4157862663269043, 0.8419641256332397, 0.8514191508293152, 0.8514191508293152, 1.4203062057495117, '01:19']
Better model found at epoch 11 with valid_loss value: 0.44394567608833313.
[12, 0.46265992522239685, 0.46181270480155945, 0.9289910197257996, 0.9865072965621948, 0.07704449445009232, 0.17788413166999817, 1.6436177492141724, 0.8549334406852722, 0.8734050393104553, 0.8734050393104553, 4.888110637664795, '01:19']
[13, 0.4600575268268585, 0.4547470510005951, 0.9189621806144714, 0.9849370718002319, 0.0861392617225647, 0.17869022488594055, 1.688250184059143, 0.8301911354064941, 0.8572905659675598, 0.8572905659675598, 5.912946701049805, '01:18']
[14, 0.45014724135398865, 0.4504148066043854, 0.9161247611045837, 0.9879271388053894, 0.08935388177633286, 0.17711582779884338, 1.6252379417419434, 0.8346627950668335, 0.8536503314971924, 0.8536503314971924, 4.5757269859313965, '01:19']
[15, 0.4621270000934601, 0.43855106830596924, 0.9073935151100159, 0.9908753633499146, 0.10202331095933914, 0.17576290667057037, 1.5307139158248901, 0.8248843550682068, 0.8387828469276428, 0.8387828469276428, 2.7361066341400146, '01:18']
Better model found at epoch 15 with valid_loss value: 0.43855106830596924.
[16, 0.45310166478157043, 0.4465658366680145, 0.9146220684051514, 0.9903352856636047, 0.09299621731042862, 0.1759653091430664, 1.5600477457046509, 0.8386808633804321, 0.8515623807907104, 0.8515623807907104, 3.0446035861968994, '01:19']
[17, 0.45016905665397644, 0.45017024874687195, 0.9185009002685547, 0.9909998774528503, 0.08747967332601547, 0.17560207843780518, 1.5268003940582275, 0.8486030101776123, 0.8580269813537598, 0.8580269813537598, 2.57771897315979, '01:18']
[18, 0.4532707631587982, 0.4355278015136719, 0.9044484496116638, 0.9913800954818726, 0.10736528784036636, 0.17551176249980927, 1.5070286989212036, 0.8215330243110657, 0.8348540663719177, 0.8348540663719177, 2.4423530101776123, '01:19']
Better model found at epoch 18 with valid_loss value: 0.4355278015136719.
[19, 0.44658738374710083, 0.44148483872413635, 0.9105985164642334, 0.9929556846618652, 0.09595461934804916, 0.1746091991662979, 1.4230430126190186, 0.8392744660377502, 0.8463315367698669, 0.8463315367698669, 1.5424708127975464, '01:18']
[20, 0.4543936848640442, 0.4320266842842102, 0.900030255317688, 0.9932883977890015, 0.10824891179800034, 0.17444093525409698, 1.3835073709487915, 0.819056510925293, 0.8287301063537598, 0.8287301063537598, 1.1712239980697632, '01:20']
Better model found at epoch 20 with valid_loss value: 0.4320266842842102.
[21, 0.45197200775146484, 0.4582199156284332, 0.9220553636550903, 0.9871074557304382, 0.08117622882127762, 0.17762134969234467, 1.6559414863586426, 0.8439925909042358, 0.8634724020957947, 0.8634724020957947, 4.666934967041016, '01:18']
[22, 0.4532105028629303, 0.4321225881576538, 0.9021035432815552, 0.9932389259338379, 0.11326886713504791, 0.17454120516777039, 1.3867969512939453, 0.8225913047790527, 0.831710934638977, 0.831710934638977, 1.3698961734771729, '01:19']
[23, 0.4615069329738617, 0.43457961082458496, 0.902252197265625, 0.9902406930923462, 0.10765066742897034, 0.17608533799648285, 1.5609737634658813, 0.8142391443252563, 0.8317450284957886, 0.8317450284957886, 3.028080463409424, '01:18']
[24, 0.452171266078949, 0.4540703594684601, 0.9148539304733276, 0.9857900738716125, 0.08883790671825409, 0.17830343544483185, 1.682869553565979, 0.8273574709892273, 0.8517065644264221, 0.8517065644264221, 5.9683051109313965, '01:20']
[25, 0.4455561935901642, 0.4451306462287903, 0.918441891670227, 0.9935490489006042, 0.09370332211256027, 0.17438462376594543, 1.3613743782043457, 0.8503873348236084, 0.8573601841926575, 0.8573601841926575, 1.1996999979019165, '01:18']
[26, 0.4488849639892578, 0.4374413788318634, 0.9038833975791931, 0.9904338121414185, 0.10395795851945877, 0.17601776123046875, 1.5576996803283691, 0.8198937773704529, 0.8354949355125427, 0.8354949355125427, 3.288302183151245, '01:19']
[27, 0.440681129693985, 0.42450982332229614, 0.8910142779350281, 0.9933249950408936, 0.12061280012130737, 0.17454363405704498, 1.3867032527923584, 0.8096297979354858, 0.8168817758560181, 0.8168817758560181, 1.2580395936965942, '01:18']
Better model found at epoch 27 with valid_loss value: 0.42450982332229614.
[28, 0.4355853796005249, 0.42669862508773804, 0.8896009922027588, 0.9932765960693359, 0.11558244377374649, 0.17449557781219482, 1.3932639360427856, 0.8092283606529236, 0.8151898384094238, 0.8151898384094238, 1.201490044593811, '01:20']
[29, 0.44459211826324463, 0.44562312960624695, 0.909540593624115, 0.9873377680778503, 0.09527549147605896, 0.17761623859405518, 1.6593177318572998, 0.8227629661560059, 0.8419179320335388, 0.8419179320335388, 4.476959705352783, '01:19']
[30, 0.44905638694763184, 0.4310534596443176, 0.8968747854232788, 0.9917216897010803, 0.10985494405031204, 0.1753426492214203, 1.4920011758804321, 0.8083329200744629, 0.8235998749732971, 0.8235998749732971, 2.1477019786834717, '01:20']
[31, 0.4468782842159271, 0.4253992438316345, 0.8898951411247253, 0.9916600584983826, 0.11732470244169235, 0.17537522315979004, 1.504108190536499, 0.7974905967712402, 0.8134530186653137, 0.8134528994560242, 2.217848300933838, '01:20']
[32, 0.44721725583076477, 0.4274604916572571, 0.8943126797676086, 0.9937531352043152, 0.11619936674833298, 0.17422086000442505, 1.3275049924850464, 0.8125234842300415, 0.8208101987838745, 0.8208101987838745, 0.9051425457000732, '01:19']
[33, 0.44745853543281555, 0.44150054454803467, 0.9068446755409241, 0.9905388355255127, 0.09944112598896027, 0.17598207294940948, 1.5040771961212158, 0.8225924372673035, 0.8401497602462769, 0.8401497602462769, 2.5279338359832764, '01:18']
[34, 0.44867753982543945, 0.4272167682647705, 0.8919592499732971, 0.9927272796630859, 0.11531271785497665, 0.17478811740875244, 1.444342017173767, 0.8086498379707336, 0.8186770081520081, 0.8186770081520081, 1.7807297706604004, '01:19']
[35, 0.44148847460746765, 0.42541512846946716, 0.8902931809425354, 0.9919819235801697, 0.11935043334960938, 0.17525571584701538, 1.4735220670700073, 0.8016072511672974, 0.8154628872871399, 0.8154628872871399, 2.1895062923431396, '01:19']
No improvement since epoch 27: early stopping
Unet_res152 Done!
