Models will save to FPN_dpn131_x
Use dpn131 encoder
Start training...
----------
0
----------
DLS create!
[0, 0.52655029296875, 0.5167044997215271, 0.9937458038330078, 0.0, 0.17503228783607483, 1.036553144454956, 0.9982797503471375, 0.993587076663971, 0.993587076663971, 0.0, '02:36']
[1, 0.5204628109931946, 0.5160332918167114, 0.9937458038330078, 0.0, 0.17519313097000122, 1.0320169925689697, 0.9986676573753357, 0.9935287237167358, 0.9935287237167358, 0.0, '02:38']
[2, 0.5152279734611511, 0.5106006264686584, 0.9803292751312256, 0.031067630276083946, 0.18227966129779816, 1.6948727369308472, 0.9461011290550232, 0.9496841430664062, 0.9496841430664062, 3.841017246246338, '02:36']
[3, 0.5119760632514954, 0.49966415762901306, 0.9817823171615601, 0.04378098249435425, 0.18163681030273438, 1.6775811910629272, 0.9256775975227356, 0.9344980716705322, 0.9344980716705322, 3.688076972961426, '02:35']
[4, 0.5055063366889954, 0.5026460289955139, 0.9878619909286499, 0.024184025824069977, 0.17748069763183594, 1.5239516496658325, 0.9552595019340515, 0.9529953002929688, 0.9529953002929688, 1.6574598550796509, '02:35']
[5, 0.5003533959388733, 0.5219722986221313, 0.9683462977409363, 0.03187555447220802, 0.1874571442604065, 1.7793190479278564, 0.9360053539276123, 0.9462082982063293, 0.9462082982063293, 8.277542114257812, '02:36']
[6, 0.4915720224380493, 0.4904411733150482, 0.9917498230934143, 0.03585361689329147, 0.17478232085704803, 1.3466917276382446, 0.9382317662239075, 0.9366830587387085, 0.9366830587387085, 0.650453507900238, '02:35']
[7, 0.4893213212490082, 0.47716498374938965, 0.9899240732192993, 0.05533197149634361, 0.1758798211812973, 1.4574483633041382, 0.9093253016471863, 0.9093289971351624, 0.9093289971351624, 1.330043911933899, '02:36']
[8, 0.4834771752357483, 0.4706297516822815, 0.9922189116477966, 0.06233743578195572, 0.17440307140350342, 1.3147830963134766, 0.8947897553443909, 0.8968262076377869, 0.8968262076377869, 0.660426914691925, '02:34']
[9, 0.4811450242996216, 0.4524126350879669, 0.9915333390235901, 0.08805637061595917, 0.17511682212352753, 1.3841642141342163, 0.8629958033561707, 0.8645907640457153, 0.8645907640457153, 0.9013561606407166, '02:35']
[10, 0.47816282510757446, 0.4531107544898987, 0.9897828698158264, 0.08862057328224182, 0.17596735060214996, 1.4750239849090576, 0.8604218363761902, 0.8638499975204468, 0.8638499975204468, 1.5362035036087036, '02:35']
[11, 0.46453630924224854, 0.4540487825870514, 0.9921977519989014, 0.08038245886564255, 0.17458906769752502, 1.2964974641799927, 0.862920880317688, 0.8672381639480591, 0.8672381639480591, 0.639258623123169, '02:35']
[12, 0.4739968478679657, 0.4713687300682068, 0.9854356646537781, 0.07084482908248901, 0.17822271585464478, 1.6038658618927002, 0.8756222724914551, 0.8850473165512085, 0.8850473165512085, 2.6970808506011963, '02:34']
[13, 0.46801847219467163, 0.4451963007450104, 0.9906321167945862, 0.0968967154622078, 0.1754341721534729, 1.445289969444275, 0.8427231907844543, 0.8452494740486145, 0.8452494740486145, 1.314150333404541, '02:36']
[14, 0.47192782163619995, 0.5143046975135803, 0.9667467474937439, 0.05540047585964203, 0.18901966512203217, 1.807266354560852, 0.8851255178451538, 0.9131260514259338, 0.9131260514259338, 8.509079933166504, '02:36']
[15, 0.4581132233142853, 0.4587109684944153, 0.9877831339836121, 0.08445664495229721, 0.17685385048389435, 1.5646030902862549, 0.8515258431434631, 0.8580884337425232, 0.8580884337425232, 2.016918420791626, '02:35']
[16, 0.4618505835533142, 0.44547489285469055, 0.9889068007469177, 0.09868817776441574, 0.17643952369689941, 1.5201914310455322, 0.8365048766136169, 0.8418056964874268, 0.8418056964874268, 1.6343952417373657, '02:35']
[17, 0.4703560471534729, 0.45557263493537903, 0.9936224818229675, 0.07701916992664337, 0.17377999424934387, 1.1507542133331299, 0.8662399649620056, 0.8749657273292542, 0.8749657273292542, 0.264403760433197, '02:36']
[18, 0.4523669481277466, 0.4567371606826782, 0.9924120306968689, 0.07774706184864044, 0.17434412240982056, 1.3005247116088867, 0.8658590316772461, 0.8702945113182068, 0.8702945113182068, 0.6760440468788147, '02:36']
[19, 0.4590027630329132, 0.4361324906349182, 0.9891181588172913, 0.11030299961566925, 0.1762586385011673, 1.504542350769043, 0.8152378797531128, 0.8241268396377563, 0.8241268396377563, 1.7328381538391113, '02:37']
[20, 0.46142449975013733, 0.44126707315444946, 0.9891892671585083, 0.10309111326932907, 0.1762714833021164, 1.5137113332748413, 0.8296616077423096, 0.8358863592147827, 0.8358863592147827, 1.702946662902832, '02:36']
[21, 0.46521303057670593, 0.43489331007003784, 0.9903433322906494, 0.10974372923374176, 0.17563320696353912, 1.457815408706665, 0.8208746314048767, 0.8247861266136169, 0.8247861266136169, 1.3975396156311035, '02:35']
[22, 0.449231892824173, 0.4491158425807953, 0.9846561551094055, 0.09984274953603745, 0.17867261171340942, 1.6191034317016602, 0.8236919045448303, 0.8411006331443787, 0.8411006331443787, 2.993626117706299, '02:37']
[23, 0.4530443549156189, 0.4614381492137909, 0.9811369180679321, 0.09093144536018372, 0.18060573935508728, 1.6854606866836548, 0.8243194818496704, 0.8512039184570312, 0.8512039184570312, 3.7775580883026123, '02:36']
[24, 0.44701841473579407, 0.4513177275657654, 0.9847108125686646, 0.0994071364402771, 0.17859680950641632, 1.6474806070327759, 0.8187209367752075, 0.8364042639732361, 0.8364042639732361, 3.1887433528900146, '02:34']
[25, 0.4611247479915619, 0.44450563192367554, 0.983741283416748, 0.10610154271125793, 0.1792013943195343, 1.6636680364608765, 0.8030099272727966, 0.8270371556282043, 0.8270371556282043, 3.393296241760254, '02:35']
[26, 0.4547367990016937, 0.4348982274532318, 0.9923835396766663, 0.1064314991235733, 0.1745242029428482, 1.317376971244812, 0.8287842273712158, 0.8314991593360901, 0.8314992785453796, 0.7349082827568054, '02:34']
[27, 0.4494827091693878, 0.4247579872608185, 0.9897379279136658, 0.12400694191455841, 0.17612460255622864, 1.473392128944397, 0.7961435914039612, 0.8056440949440002, 0.8056440949440002, 1.6373904943466187, '02:34']
[28, 0.4439990818500519, 0.42633378505706787, 0.9909141063690186, 0.12027300894260406, 0.17535628378391266, 1.4584075212478638, 0.8025150895118713, 0.8069984316825867, 0.8069984316825867, 1.3455768823623657, '02:34']
[29, 0.44755324721336365, 0.42727839946746826, 0.9891207814216614, 0.12197814136743546, 0.17633788287639618, 1.5098117589950562, 0.7960948348045349, 0.8065826892852783, 0.8065826892852783, 1.8196182250976562, '02:34']
[30, 0.4482479691505432, 0.4574415981769562, 0.99361652135849, 0.07666752487421036, 0.17366060614585876, 1.1240339279174805, 0.8622319102287292, 0.8747221231460571, 0.8747221231460571, 0.24089424312114716, '02:34']
[31, 0.45220160484313965, 0.4160815179347992, 0.991972029209137, 0.13142715394496918, 0.17488634586334229, 1.362505555152893, 0.7881483435630798, 0.7943273782730103, 0.7943273782730103, 1.0338526964187622, '02:35']
[32, 0.4517732560634613, 0.4614470899105072, 0.9794857501983643, 0.09583263099193573, 0.18185466527938843, 1.7296005487442017, 0.8165314197540283, 0.8502723574638367, 0.8502723574638367, 4.622526168823242, '02:35']
[33, 0.4453948438167572, 0.4499009847640991, 0.9852997064590454, 0.10377102345228195, 0.1790487915277481, 1.6204575300216675, 0.8294205665588379, 0.8471555113792419, 0.8471555113792419, 2.9936206340789795, '02:35']
[34, 0.45046064257621765, 0.4330400228500366, 0.9871135950088501, 0.11760398000478745, 0.17757049202919006, 1.588086724281311, 0.7970985174179077, 0.8138502836227417, 0.8138502836227417, 2.4339611530303955, '02:34']
[35, 0.44244420528411865, 0.43110305070877075, 0.9913588762283325, 0.11363191902637482, 0.17523013055324554, 1.3949307203292847, 0.8154934644699097, 0.8216758966445923, 0.8216758966445923, 1.1072279214859009, '02:34']
[36, 0.4421340227127075, 0.42562949657440186, 0.9913265705108643, 0.12081769108772278, 0.17521138489246368, 1.3920975923538208, 0.8022069334983826, 0.8087482452392578, 0.8087482452392578, 1.0961602926254272, '02:34']
[37, 0.44267094135284424, 0.4661848843097687, 0.9820135831832886, 0.08330962806940079, 0.18007202446460724, 1.6858489513397217, 0.8430178761482239, 0.8625617623329163, 0.8625617623329163, 4.099472999572754, '02:34']
[38, 0.43980878591537476, 0.43542593717575073, 0.9904361963272095, 0.10807030647993088, 0.1756136566400528, 1.437988519668579, 0.8219605684280396, 0.8264466524124146, 0.8264466524124146, 1.2652831077575684, '02:34']
[39, 0.43374285101890564, 0.4220612645149231, 0.9890525937080383, 0.13021521270275116, 0.17658013105392456, 1.5056456327438354, 0.7852082848548889, 0.7962417602539062, 0.7962417602539062, 1.6926535367965698, '02:34']
[40, 0.4353594481945038, 0.4228033125400543, 0.9893834590911865, 0.12978266179561615, 0.1765083223581314, 1.5013691186904907, 0.7853364944458008, 0.7990533113479614, 0.7990533113479614, 1.7142927646636963, '02:34']
No improvement since epoch 31: early stopping
----------
1
----------
DLS create!
[0, 0.5199613571166992, 0.5157338976860046, 0.9925030469894409, 0.003434218466281891, 0.17535997927188873, 1.2350443601608276, 0.9919203519821167, 0.9579269886016846, 0.9579269886016846, inf, '02:34']
[1, 0.5110653042793274, 0.5474358201026917, 0.9708681702613831, 0.017864057794213295, 0.18841738998889923, 1.7856589555740356, 0.9733924269676208, 0.9408509731292725, 0.9408509731292725, inf, '02:35']
[2, 0.5072015523910522, 0.5218726992607117, 0.992927610874176, nan, 0.17380790412425995, 1.1109607219696045, 0.9949410557746887, 0.9640756845474243, 0.9640756845474243, nan, '02:35']
[3, 0.5112432241439819, 0.5201025605201721, 0.9919649958610535, 0.0043546659871935844, 0.1742658168077469, 1.2866452932357788, 0.9872942566871643, 0.9591948986053467, 0.9591948986053467, inf, '02:34']
[4, 0.49986445903778076, 0.5243723392486572, 0.9926742911338806, nan, 0.17434927821159363, 1.1658973693847656, 0.9914647936820984, 0.9616602063179016, 0.9616602063179016, nan, '02:34']
[5, 0.5017504692077637, 0.5069923996925354, 0.9831467866897583, 0.02908794954419136, 0.18011243641376495, 1.6727408170700073, 0.9464631676673889, 0.9172393679618835, 0.9172393679618835, inf, '02:34']
[6, 0.5049379467964172, 0.5040360689163208, 0.9854495525360107, 0.031928882002830505, 0.17897732555866241, 1.641717553138733, 0.9441917538642883, 0.9160072803497314, 0.9160072803497314, inf, '02:35']
[7, 0.500889778137207, 0.5010039806365967, 0.984917163848877, 0.035391997545957565, 0.1790338158607483, 1.6488858461380005, 0.9352990388870239, 0.9077879786491394, 0.9077879786491394, inf, '02:34']
[8, 0.4976691007614136, 0.49264946579933167, 0.9868815541267395, 0.04225986823439598, 0.17784635722637177, 1.6140992641448975, 0.92562335729599, 0.8993825316429138, 0.8993825316429138, inf, '02:35']
[9, 0.49751797318458557, 0.4817369282245636, 0.9906580448150635, 0.05027008056640625, 0.17549721896648407, 1.467404842376709, 0.9126014113426208, 0.8896853923797607, 0.8896853923797607, inf, '02:35']
[10, 0.49374106526374817, 0.4959845244884491, 0.99246746301651, 0.03427346795797348, 0.17422813177108765, 1.2966009378433228, 0.9398025870323181, 0.9175406694412231, 0.9175406694412231, inf, '02:34']
[11, 0.493621826171875, 0.4724977910518646, 0.9876836538314819, 0.06853655725717545, 0.17716602981090546, 1.5881203413009644, 0.8865349292755127, 0.865903913974762, 0.865903913974762, inf, '02:34']
[12, 0.4787285625934601, 0.5042251944541931, 0.9755640625953674, 0.050759024918079376, 0.18304738402366638, 1.7642014026641846, 0.8995211720466614, 0.8847416043281555, 0.8847416043281555, inf, '02:35']
[13, 0.48224937915802, 0.46751469373703003, 0.9884481430053711, 0.07422979176044464, 0.17643266916275024, 1.5759069919586182, 0.8736761808395386, 0.8532037734985352, 0.8532037734985352, inf, '02:36']
[14, 0.4787571430206299, 0.4699113965034485, 0.9868082404136658, 0.07067232578992844, 0.17732028663158417, 1.6206811666488647, 0.8752481937408447, 0.8556958436965942, 0.8556958436965942, inf, '02:34']
[15, 0.46957483887672424, 0.4537515342235565, 0.9892500042915344, 0.09077351540327072, 0.1758762001991272, 1.5641155242919922, 0.8423678278923035, 0.8237015008926392, 0.8237015008926392, inf, '02:35']
[16, 0.47493666410446167, 0.4537065327167511, 0.9905370473861694, 0.08821374177932739, 0.17535631358623505, 1.4988709688186646, 0.8553488850593567, 0.8336931467056274, 0.8336931467056274, inf, '02:35']
[17, 0.4774026572704315, 0.4706541895866394, 0.987604022026062, 0.08719911426305771, 0.17852990329265594, 1.6218698024749756, 0.8770027756690979, 0.85831218957901, 0.85831218957901, inf, '02:35']
[18, 0.4727318286895752, 0.4509356617927551, 0.9873773455619812, 0.0993967056274414, 0.1774052232503891, 1.6292376518249512, 0.8346729874610901, 0.8216484189033508, 0.8216484189033508, inf, '02:35']
[19, 0.4757934510707855, 0.45470380783081055, 0.9907896518707275, 0.08623815327882767, 0.17515656352043152, 1.485131025314331, 0.8542354106903076, 0.8346123099327087, 0.8346123099327087, inf, '02:35']
[20, 0.46180352568626404, 0.4549209475517273, 0.9929805994033813, 0.08064352720975876, 0.17373836040496826, 1.2574796676635742, 0.8500584363937378, 0.835598349571228, 0.835598349571228, inf, '02:35']
[21, 0.4658525288105011, 0.46105119585990906, 0.9896250367164612, 0.07895137369632721, 0.17565251886844635, 1.5142470598220825, 0.8619844913482666, 0.8395300507545471, 0.8395300507545471, inf, '02:34']
[22, 0.4653833508491516, 0.43823984265327454, 0.9911495447158813, 0.10534211248159409, 0.17503033578395844, 1.4721142053604126, 0.8262136578559875, 0.804059624671936, 0.8040597438812256, inf, '02:35']
[23, 0.46976855397224426, 0.4475441873073578, 0.9919455647468567, 0.0927775427699089, 0.1744692474603653, 1.3834080696105957, 0.8432039618492126, 0.8220131397247314, 0.8220131397247314, inf, '02:34']
[24, 0.4558864235877991, 0.44445571303367615, 0.9883356690406799, 0.10399938374757767, 0.17663909494876862, 1.5933051109313965, 0.8267959952354431, 0.8107181787490845, 0.8107181787490845, inf, '02:35']
[25, 0.46450114250183105, 0.44699642062187195, 0.9883589744567871, 0.09791893512010574, 0.17651627957820892, 1.602358102798462, 0.8313197493553162, 0.8139788508415222, 0.8139788508415222, inf, '02:34']
[26, 0.46214401721954346, 0.45641452074050903, 0.9865649342536926, 0.09166643023490906, 0.17770051956176758, 1.6511965990066528, 0.8407597541809082, 0.8260937929153442, 0.8260937929153442, inf, '02:35']
[27, 0.46450158953666687, 0.4435514211654663, 0.989240288734436, 0.10138474404811859, 0.17602425813674927, 1.560552716255188, 0.8308785557746887, 0.8092544078826904, 0.8092544078826904, inf, '02:34']
[28, 0.46216413378715515, 0.4568498432636261, 0.9874995350837708, 0.0862453356385231, 0.17687641084194183, 1.6201632022857666, 0.8494528532028198, 0.8305185437202454, 0.8305185437202454, inf, '02:34']
[29, 0.453337699174881, 0.4387792646884918, 0.9883225560188293, 0.1093447133898735, 0.17671239376068115, 1.6109529733657837, 0.8120899200439453, 0.7981604933738708, 0.7981606125831604, inf, '02:35']
[30, 0.46543291211128235, 0.440970242023468, 0.9897277355194092, 0.10896101593971252, 0.17618483304977417, 1.5437151193618774, 0.8278745412826538, 0.8096463680267334, 0.8096463680267334, inf, '02:34']
[31, 0.44914576411247253, 0.4313846528530121, 0.9907524585723877, 0.11462896317243576, 0.17522254586219788, 1.4983770847320557, 0.8118763566017151, 0.790129542350769, 0.790129542350769, inf, '02:34']
[32, 0.44143012166023254, 0.42945247888565063, 0.9905536770820618, 0.12012428045272827, 0.17537330090999603, 1.498033046722412, 0.808161735534668, 0.783727765083313, 0.783727765083313, inf, '02:35']
[33, 0.4502083361148834, 0.43731221556663513, 0.989808201789856, 0.10760001838207245, 0.17575480043888092, 1.5304642915725708, 0.8190474510192871, 0.7992876172065735, 0.7992876172065735, inf, '02:34']
[34, 0.45160025358200073, 0.4319199025630951, 0.9900698661804199, 0.11540784686803818, 0.1756439059972763, 1.510650634765625, 0.8098814487457275, 0.7890368103981018, 0.7890368103981018, inf, '02:35']
[35, 0.45086756348609924, 0.44202715158462524, 0.9893621206283569, 0.10178837180137634, 0.1759350299835205, 1.5416587591171265, 0.8253037333488464, 0.806145191192627, 0.806145191192627, inf, '02:35']
[36, 0.445585697889328, 0.4342728853225708, 0.9923308491706848, 0.10901425033807755, 0.1743522584438324, 1.3456867933273315, 0.8239139318466187, 0.7991043329238892, 0.7991043329238892, inf, '02:34']
[37, 0.4488564133644104, 0.4506370723247528, 0.9862710237503052, 0.09835953265428543, 0.1776224821805954, 1.630176067352295, 0.8267914652824402, 0.8136029243469238, 0.8136029243469238, inf, '02:35']
[38, 0.4470860958099365, 0.436188668012619, 0.9884746074676514, 0.11096512526273727, 0.1766379475593567, 1.5911526679992676, 0.812004029750824, 0.796168327331543, 0.796168327331543, inf, '02:36']
[39, 0.4490629732608795, 0.4551374614238739, 0.9870750904083252, 0.09553937613964081, 0.1773315668106079, 1.6147154569625854, 0.837774395942688, 0.8224561810493469, 0.8224561810493469, inf, '02:35']
[40, 0.4527007043361664, 0.44247299432754517, 0.9921196699142456, 0.09751397371292114, 0.1743011176586151, 1.3556944131851196, 0.8258497714996338, 0.8094431161880493, 0.8094431161880493, inf, '02:34']
[41, 0.44865018129348755, 0.4232221245765686, 0.9925497770309448, 0.12311358004808426, 0.1741955280303955, 1.3621408939361572, 0.7972401976585388, 0.7763327956199646, 0.7763327956199646, inf, '02:34']
[42, 0.448676735162735, 0.4305068850517273, 0.9902126789093018, 0.11356709152460098, 0.1756819486618042, 1.5166603326797485, 0.8109102249145508, 0.7896095514297485, 0.7896095514297485, inf, '02:34']
[43, 0.4529615044593811, 0.447864830493927, 0.9859822392463684, 0.10332619398832321, 0.1782163381576538, 1.660407304763794, 0.8236126899719238, 0.8112460970878601, 0.8112460970878601, inf, '02:34']
[44, 0.45284339785575867, 0.4393172562122345, 0.989774763584137, 0.10421062260866165, 0.17579855024814606, 1.5291905403137207, 0.8246883153915405, 0.803276002407074, 0.803276002407074, inf, '02:35']
[45, 0.45062047243118286, 0.44116851687431335, 0.9877496957778931, 0.10791903734207153, 0.17694517970085144, 1.6113251447677612, 0.8150709271430969, 0.7997951507568359, 0.7997951507568359, inf, '02:35']
[46, 0.45317739248275757, 0.4235045313835144, 0.9917228817939758, 0.1208016574382782, 0.17471399903297424, 1.4378275871276855, 0.7984182238578796, 0.7774259448051453, 0.7774259448051453, inf, '02:34']
[47, 0.45090150833129883, 0.46998921036720276, 0.979209840297699, 0.08591882884502411, 0.18182319402694702, 1.7451252937316895, 0.8415670394897461, 0.836995005607605, 0.836995005607605, inf, '02:34']
[48, 0.445961058139801, 0.453135222196579, 0.9854265451431274, 0.10051074624061584, 0.17825599014759064, 1.6606850624084473, 0.8222958445549011, 0.8105860352516174, 0.8105860352516174, inf, '02:34']
[49, 0.4420091211795807, 0.42815354466438293, 0.9907553791999817, 0.121193528175354, 0.17524202167987823, 1.5027252435684204, 0.8005896210670471, 0.7788316607475281, 0.7788316607475281, inf, '02:34']
[50, 0.44073566794395447, 0.43353426456451416, 0.9911742806434631, 0.11193717271089554, 0.17495335638523102, 1.4379985332489014, 0.8105366826057434, 0.7888706922531128, 0.7888706922531128, inf, '02:34']
No improvement since epoch 41: early stopping
----------
2
----------
DLS create!
[0, 0.5219762921333313, 0.5222700238227844, 0.9927894473075867, 0.0, 0.17398029565811157, 1.0149787664413452, 0.9992209076881409, 0.996573805809021, 0.996573805809021, 0.0, '02:34']
[1, 0.5179798603057861, 0.5249704122543335, 0.9927894473075867, 0.0, 0.17386844754219055, 1.0207597017288208, 0.999043345451355, 0.9967255592346191, 0.9967255592346191, 0.0, '02:35']
[2, 0.5198787450790405, 0.5180382132530212, 0.9926009774208069, 0.0018243500962853432, 0.17460806667804718, 1.1483551263809204, 0.9930300116539001, 0.9897621273994446, 0.9897621273994446, 0.07912009209394455, '02:35']
[3, 0.5126507878303528, 0.5009095072746277, 0.9909690022468567, 0.031239761039614677, 0.17591248452663422, 1.3801517486572266, 0.9520781636238098, 0.9527449607849121, 0.9527449607849121, 1.0663456916809082, '02:34']
[4, 0.5065947771072388, 0.5103511810302734, 0.9899426698684692, 0.022305559366941452, 0.17560911178588867, 1.436577558517456, 0.9644145965576172, 0.9637566804885864, 0.9637566804885864, 1.4013971090316772, '02:35']
[5, 0.4986116290092468, 0.5299379825592041, 0.9710517525672913, 0.02027869038283825, 0.18503236770629883, 1.7313698530197144, 0.9643570184707642, 0.964202344417572, 0.964202344417572, 10.689399719238281, '02:35']
[6, 0.4963313341140747, 0.5040737986564636, 0.9916033744812012, 0.02099536545574665, 0.17489708960056305, 1.2946960926055908, 0.9616555571556091, 0.9612034559249878, 0.9612034559249878, 0.6030819416046143, '02:34']
[7, 0.49496251344680786, 0.48002105951309204, 0.9906918406486511, 0.06093825772404671, 0.1749720573425293, 1.3991810083389282, 0.9041872024536133, 0.9082896113395691, 0.9082897305488586, 1.116533637046814, '02:34']
[8, 0.48295238614082336, 0.48778998851776123, 0.9908887147903442, 0.049697842448949814, 0.17468106746673584, 1.3833260536193848, 0.9165686964988708, 0.9207136034965515, 0.9207136034965515, 1.0408421754837036, '02:34']
[9, 0.48455190658569336, 0.48028624057769775, 0.9879341125488281, 0.06039159372448921, 0.17620456218719482, 1.5496494770050049, 0.8932764530181885, 0.9002259373664856, 0.9002259373664856, 2.4877705574035645, '02:34']
[10, 0.4741353392601013, 0.47221076488494873, 0.9865637421607971, 0.07199323177337646, 0.17699620127677917, 1.6079851388931274, 0.8695218563079834, 0.8816279172897339, 0.8816279172897339, 3.4212327003479004, '02:35']
[11, 0.47914552688598633, 0.49574124813079834, 0.980778157711029, 0.05140554904937744, 0.18059518933296204, 1.6966081857681274, 0.9023180603981018, 0.9188975691795349, 0.9188975691795349, 6.70094108581543, '02:34']
[12, 0.4747116267681122, 0.46844515204429626, 0.9908595085144043, 0.07397393137216568, 0.1748666614294052, 1.3978058099746704, 0.8810170888900757, 0.886189877986908, 0.886189877986908, 1.2010109424591064, '02:35']
[13, 0.4700608551502228, 0.47629818320274353, 0.9830337166786194, 0.07272183895111084, 0.17892540991306305, 1.6716145277023315, 0.8630176186561584, 0.881648063659668, 0.881648063659668, 5.217110633850098, '02:34']
[14, 0.4594171643257141, 0.4604256749153137, 0.9887573719024658, 0.08639876544475555, 0.17596210539340973, 1.5173414945602417, 0.8569467663764954, 0.8657114505767822, 0.8657114505767822, 2.272515058517456, '02:34']
[15, 0.46238431334495544, 0.4597506523132324, 0.9884462356567383, 0.08966729044914246, 0.17630037665367126, 1.544816255569458, 0.8496748805046082, 0.8632016181945801, 0.8632016181945801, 2.5153753757476807, '02:35']
[16, 0.45205631852149963, 0.46643295884132385, 0.9917048215866089, 0.07470522075891495, 0.17413419485092163, 1.288906455039978, 0.8674614429473877, 0.8753844499588013, 0.8753844499588013, 0.6975428462028503, '02:35']
[17, 0.4614981412887573, 0.46382737159729004, 0.9875093102455139, 0.08469604700803757, 0.17663626372814178, 1.5541105270385742, 0.8623525500297546, 0.8708670139312744, 0.8708670139312744, 2.8776535987854004, '02:35']
[18, 0.45453888177871704, 0.4687279462814331, 0.9868095517158508, 0.07787279039621353, 0.17688234150409698, 1.5964229106903076, 0.8598562479019165, 0.8729866743087769, 0.8729866743087769, 3.0094316005706787, '02:35']
[19, 0.4583972692489624, 0.4618214964866638, 0.9888493418693542, 0.0814317837357521, 0.17588108777999878, 1.52348792552948, 0.8605283498764038, 0.87169349193573, 0.87169349193573, 2.245483875274658, '02:35']
[20, 0.4558895230293274, 0.4529625475406647, 0.9908106327056885, 0.09013506770133972, 0.1748170554637909, 1.404477834701538, 0.8514569997787476, 0.8579554557800293, 0.8579554557800293, 1.250335693359375, '02:35']
[21, 0.45552390813827515, 0.4726974070072174, 0.9832243323326111, 0.07836674898862839, 0.178894504904747, 1.679019808769226, 0.8522463440895081, 0.8732548356056213, 0.8732548356056213, 4.768486976623535, '02:34']
[22, 0.4434219300746918, 0.4554881453514099, 0.9893577098846436, 0.0923968181014061, 0.17549848556518555, 1.4947408437728882, 0.8395155668258667, 0.8485276103019714, 0.8485274910926819, 1.9996130466461182, '02:34']
[23, 0.44772353768348694, 0.4532226026058197, 0.9893014430999756, 0.09288464486598969, 0.17570415139198303, 1.5012974739074707, 0.8423080444335938, 0.851335883140564, 0.851335883140564, 1.8969950675964355, '02:34']
[24, 0.44741979241371155, 0.4508322477340698, 0.9893255233764648, 0.09879914671182632, 0.17568446695804596, 1.4950988292694092, 0.8383562564849854, 0.8467767238616943, 0.8467767238616943, 2.0431129932403564, '02:34']
[25, 0.4499485194683075, 0.46235382556915283, 0.9876837134361267, 0.08396787196397781, 0.17643460631370544, 1.5733367204666138, 0.848304271697998, 0.8616926670074463, 0.8616926074028015, 2.959514856338501, '02:35']
[26, 0.44452184438705444, 0.4605131447315216, 0.9877005219459534, 0.08616252988576889, 0.1764540672302246, 1.5677827596664429, 0.8440925478935242, 0.8588371276855469, 0.8588371276855469, 2.773526191711426, '02:34']
[27, 0.45477625727653503, 0.4756368398666382, 0.9811208248138428, 0.0780031755566597, 0.18000783026218414, 1.6983299255371094, 0.844446063041687, 0.8723686337471008, 0.8723686337471008, 6.158951759338379, '02:34']
[28, 0.4449400305747986, 0.45274344086647034, 0.9906117916107178, 0.09088253974914551, 0.17480996251106262, 1.4240162372589111, 0.8418047428131104, 0.8498929142951965, 0.8498929142951965, 1.4039784669876099, '02:36']
[29, 0.4359220862388611, 0.46358850598335266, 0.9848518967628479, 0.08492454886436462, 0.17797434329986572, 1.6441274881362915, 0.838342547416687, 0.8597120642662048, 0.8597120642662048, 4.040521144866943, '02:34']
[30, 0.44056934118270874, 0.4592246115207672, 0.9889759421348572, 0.08803185820579529, 0.17570777237415314, 1.5132280588150024, 0.8484739661216736, 0.8580853939056396, 0.8580853939056396, 2.313420534133911, '02:34']
[31, 0.4414047598838806, 0.44816523790359497, 0.9888465404510498, 0.10268490016460419, 0.17591828107833862, 1.519491195678711, 0.8275663256645203, 0.8383920192718506, 0.8383920192718506, 1.979585886001587, '02:36']
[32, 0.44156813621520996, 0.45200324058532715, 0.9905156493186951, 0.09563752263784409, 0.17488041520118713, 1.4397846460342407, 0.8362396359443665, 0.8444716334342957, 0.8444715142250061, 1.5033555030822754, '02:34']
[33, 0.44329020380973816, 0.4583498239517212, 0.9855366945266724, 0.09189949184656143, 0.1776808351278305, 1.619678258895874, 0.8319383859634399, 0.8519585132598877, 0.8519583940505981, 3.548011302947998, '02:34']
[34, 0.43964052200317383, 0.4596460461616516, 0.9904365539550781, 0.08405416458845139, 0.17493262887001038, 1.4430655241012573, 0.8560994267463684, 0.8644526600837708, 0.8644526600837708, 1.5628430843353271, '02:35']
[35, 0.44571220874786377, 0.45049479603767395, 0.990172266960144, 0.09620687365531921, 0.1750580072402954, 1.4445644617080688, 0.8350945711135864, 0.8426564931869507, 0.8426564931869507, 1.5074286460876465, '02:34']
[36, 0.4240072965621948, 0.4412730932235718, 0.9909688234329224, 0.10898221284151077, 0.17467893660068512, 1.3643087148666382, 0.8214788436889648, 0.827245831489563, 0.827245831489563, 1.0216381549835205, '02:35']
[37, 0.4427306652069092, 0.4427891969680786, 0.9908658862113953, 0.10780481994152069, 0.17485661804676056, 1.380335807800293, 0.8259574174880981, 0.834014892578125, 0.834014892578125, 1.1074806451797485, '02:35']
[38, 0.4427778124809265, 0.46187299489974976, 0.9870699048042297, 0.08762610703706741, 0.17680875957012177, 1.6034600734710693, 0.8434441089630127, 0.8575230240821838, 0.8575230240821838, 3.2707409858703613, '02:34']
[39, 0.4420846402645111, 0.44328027963638306, 0.9917683005332947, 0.10445484519004822, 0.17424094676971436, 1.3240184783935547, 0.8260830640792847, 0.832206130027771, 0.832206130027771, 0.8825475573539734, '02:34']
[40, 0.43523603677749634, 0.4559798240661621, 0.9920284152030945, 0.08547209203243256, 0.17405490577220917, 1.2463352680206299, 0.845194399356842, 0.8559802174568176, 0.8559802174568176, 0.5398136377334595, '02:34']
[41, 0.43361788988113403, 0.4739406108856201, 0.983863890171051, 0.07771895825862885, 0.17844858765602112, 1.660918951034546, 0.85137939453125, 0.8689433336257935, 0.8689433336257935, 4.103442192077637, '02:36']
[42, 0.4397878646850586, 0.4519174098968506, 0.9861558079719543, 0.10000312328338623, 0.1774403303861618, 1.5966434478759766, 0.8268647193908691, 0.8442128896713257, 0.8442128896713257, 3.330040454864502, '02:34']
[43, 0.429286390542984, 0.45575085282325745, 0.9878675937652588, 0.09672065079212189, 0.17644622921943665, 1.5429693460464478, 0.8390052318572998, 0.8477312922477722, 0.8477312922477722, 2.4810662269592285, '02:35']
[44, 0.4297884702682495, 0.44040921330451965, 0.9891700148582458, 0.11101823300123215, 0.17577028274536133, 1.4926387071609497, 0.8133015036582947, 0.8228699564933777, 0.8228699564933777, 1.887865424156189, '02:34']
[45, 0.432728111743927, 0.4414718747138977, 0.9906637072563171, 0.1080675795674324, 0.17490831017494202, 1.385361909866333, 0.819401741027832, 0.8255497813224792, 0.8255497813224792, 1.1284254789352417, '02:34']
[46, 0.42897018790245056, 0.43909338116645813, 0.9888716340065002, 0.1140659973025322, 0.17596155405044556, 1.5102921724319458, 0.8102990388870239, 0.821393609046936, 0.821393609046936, 2.0219976902008057, '02:34']
[47, 0.42842525243759155, 0.4497714638710022, 0.9897677898406982, 0.10054587572813034, 0.17536140978336334, 1.435730218887329, 0.8328589200973511, 0.8391950130462646, 0.8391950130462646, 1.4527491331100464, '02:34']
[48, 0.4395987093448639, 0.4537275731563568, 0.9842046499252319, 0.10069381445646286, 0.17852449417114258, 1.6722310781478882, 0.8100860118865967, 0.838066577911377, 0.838066577911377, 4.572450160980225, '02:34']
[49, 0.44224685430526733, 0.44214701652526855, 0.9907411932945251, 0.1053643748164177, 0.17479705810546875, 1.3982322216033936, 0.8237261772155762, 0.8303118348121643, 0.8303118348121643, 1.1735484600067139, '02:34']
[50, 0.43075600266456604, 0.4390483796596527, 0.9900957942008972, 0.11170024424791336, 0.17524565756320953, 1.4455815553665161, 0.8148804903030396, 0.8230357766151428, 0.8230357766151428, 1.4611032009124756, '02:35']
[51, 0.4407711327075958, 0.43808409571647644, 0.989685595035553, 0.11428861320018768, 0.17545980215072632, 1.4750641584396362, 0.8097919225692749, 0.8186282515525818, 0.8186282515525818, 1.589050054550171, '02:36']
[52, 0.42933768033981323, 0.44311657547950745, 0.9910970330238342, 0.10353188961744308, 0.17457784712314606, 1.3885825872421265, 0.8239892721176147, 0.8320996165275574, 0.8320996165275574, 1.2563763856887817, '02:34']
[53, 0.43006372451782227, 0.4468621611595154, 0.9915183186531067, 0.0953192189335823, 0.17437122762203217, 1.3489527702331543, 0.8351728320121765, 0.8425620198249817, 0.8425620198249817, 1.01888108253479, '02:35']
[54, 0.4336610734462738, 0.4515688717365265, 0.9869617819786072, 0.09739544987678528, 0.17691372334957123, 1.602700114250183, 0.8212007284164429, 0.8386387825012207, 0.8386387825012207, 2.9835798740386963, '02:36']
[55, 0.42973440885543823, 0.44696947932243347, 0.988743245601654, 0.09930792450904846, 0.17590655386447906, 1.5175293684005737, 0.8241729140281677, 0.8378986120223999, 0.8378986120223999, 2.317420482635498, '02:34']
[56, 0.43323010206222534, 0.4500652253627777, 0.9906553626060486, 0.09750934690237045, 0.1749650239944458, 1.4242873191833496, 0.842162013053894, 0.8487402200698853, 0.8487402200698853, 1.402558445930481, '02:35']
[57, 0.42220932245254517, 0.4545705020427704, 0.98917156457901, 0.09430013597011566, 0.17565171420574188, 1.5044326782226562, 0.8354195356369019, 0.8442125916481018, 0.8442125916481018, 1.8392843008041382, '02:35']
[58, 0.4342695474624634, 0.4403180181980133, 0.9909592866897583, 0.10848082602024078, 0.17479179799556732, 1.4109383821487427, 0.8250592350959778, 0.8316365480422974, 0.8316366076469421, 1.36276376247406, '02:35']
[59, 0.4200567305088043, 0.4341371953487396, 0.9908148646354675, 0.11595102399587631, 0.17478860914707184, 1.4194859266281128, 0.8075302839279175, 0.8137677907943726, 0.8137677907943726, 1.2855305671691895, '02:35']
[60, 0.42835113406181335, 0.4593490660190582, 0.9862522482872009, 0.08916930854320526, 0.17729023098945618, 1.5996792316436768, 0.8377637267112732, 0.8543965816497803, 0.8543965816497803, 3.3211967945098877, '02:34']
[61, 0.420929878950119, 0.4404549300670624, 0.989843487739563, 0.11028674989938736, 0.1753413826227188, 1.4408446550369263, 0.8124667406082153, 0.8204653859138489, 0.8204653859138489, 1.5975133180618286, '02:36']
[62, 0.4254968464374542, 0.44114986062049866, 0.9917804002761841, 0.10515287518501282, 0.1742546707391739, 1.2658782005310059, 0.8179557919502258, 0.8301596641540527, 0.8301596641540527, 0.7539137005805969, '02:35']
[63, 0.4331803321838379, 0.4381873309612274, 0.9912123084068298, 0.10933602601289749, 0.17462894320487976, 1.3832262754440308, 0.8173219561576843, 0.8256558179855347, 0.8256558179855347, 1.171806812286377, '02:34']
[64, 0.42204925417900085, 0.4423379898071289, 0.9906210899353027, 0.10384829342365265, 0.17498241364955902, 1.4043084383010864, 0.8206892609596252, 0.8296967148780823, 0.8296967148780823, 1.2685953378677368, '02:35']
[65, 0.4337025284767151, 0.43537357449531555, 0.9899603724479675, 0.11384723335504532, 0.17537198960781097, 1.4595459699630737, 0.8087208867073059, 0.8188259601593018, 0.8188259601593018, 1.754996657371521, '02:35']
[66, 0.42145153880119324, 0.4537191689014435, 0.9840654134750366, 0.10243508964776993, 0.1785927414894104, 1.6762309074401855, 0.8040859699249268, 0.8331719636917114, 0.8331719636917114, 4.332299709320068, '02:35']
[67, 0.4329157769680023, 0.4391723871231079, 0.9876629114151001, 0.11394549161195755, 0.17669619619846344, 1.561037540435791, 0.8047853112220764, 0.8207552433013916, 0.8207552433013916, 2.487614154815674, '02:35']
[68, 0.4214598536491394, 0.4383494555950165, 0.9894465804100037, 0.11291326582431793, 0.17568236589431763, 1.4698632955551147, 0.8105928897857666, 0.8195509314537048, 0.8195509314537048, 1.7519186735153198, '02:35']
No improvement since epoch 59: early stopping
----------
3
----------
DLS create!
[0, 0.5211967825889587, 0.5225120782852173, 0.9926014542579651, 0.0, 0.17490068078041077, 1.023650050163269, 0.999313235282898, 0.9943726658821106, 0.9943726658821106, 0.0, '02:34']
[1, 0.5198522806167603, 0.522172212600708, 0.9926014542579651, 0.0, 0.17452745139598846, 1.0158346891403198, 0.9995248913764954, 0.9951329231262207, 0.9951329231262207, 0.0, '02:35']
[2, 0.5188549757003784, 0.5087417364120483, 0.9920318722724915, 0.006374790333211422, 0.1755485087633133, 1.2000457048416138, 0.979912281036377, 0.974727213382721, 0.974727213382721, 0.15148255228996277, '02:36']
[3, 0.5033661723136902, 0.5071622729301453, 0.9908537268638611, 0.025873662903904915, 0.1745266318321228, 1.3166402578353882, 0.9514557123184204, 0.9514480829238892, 0.9514480829238892, 0.6340735554695129, '02:34']
[4, 0.5023336410522461, 0.5022282600402832, 0.9916920065879822, 0.025520075112581253, 0.17426535487174988, 1.2239603996276855, 0.9529536366462708, 0.9534828066825867, 0.9534828066825867, 0.3122882843017578, '02:35']
[5, 0.49336007237434387, 0.4984792172908783, 0.987569272518158, 0.037222422659397125, 0.17672644555568695, 1.42405366897583, 0.9385466575622559, 0.937202513217926, 0.937202513217926, 1.514512538909912, '02:35']
[6, 0.49230045080184937, 0.5340067744255066, 0.9735318422317505, 0.038157299160957336, 0.18340729176998138, 1.7481374740600586, 0.9200904369354248, 0.931393563747406, 0.9313936233520508, 6.636039733886719, '02:35']
[7, 0.49018943309783936, 0.48238351941108704, 0.983901858329773, 0.06523235887289047, 0.1782771348953247, 1.600978136062622, 0.8816859126091003, 0.8918936252593994, 0.8918936252593994, 3.1667206287384033, '02:34']
[8, 0.4781263768672943, 0.4781363010406494, 0.9902507066726685, 0.0615568608045578, 0.17483428120613098, 1.3427587747573853, 0.8941161036491394, 0.8969194293022156, 0.8969194293022156, 0.886008620262146, '02:34']
[9, 0.47819414734840393, 0.47226035594940186, 0.9888781309127808, 0.07191693037748337, 0.17564824223518372, 1.4367444515228271, 0.8813086152076721, 0.8844104409217834, 0.8844104409217834, 1.4612678289413452, '02:35']
[10, 0.46711012721061707, 0.4901167154312134, 0.9923235177993774, 0.04263516142964363, 0.17359064519405365, 1.114532709121704, 0.9002749919891357, 0.9179949760437012, 0.9179949760437012, 0.17248407006263733, '02:35']
[11, 0.4716299772262573, 0.46630287170410156, 0.9905894994735718, 0.0733681321144104, 0.17484229803085327, 1.3233445882797241, 0.8795950412750244, 0.8812294602394104, 0.8812294602394104, 0.7384492754936218, '02:34']
[12, 0.46423718333244324, 0.48828813433647156, 0.9792457818984985, 0.06570445746183395, 0.18075579404830933, 1.6831109523773193, 0.8688384890556335, 0.8886130452156067, 0.8886130452156067, 4.829543113708496, '02:35']
[13, 0.4762628972530365, 0.48044106364250183, 0.9857051968574524, 0.06357945501804352, 0.1775180995464325, 1.526653528213501, 0.8914036750793457, 0.8994395136833191, 0.8994395136833191, 2.4121360778808594, '02:35']
[14, 0.46532192826271057, 0.4773713946342468, 0.985478937625885, 0.0679277777671814, 0.17758388817310333, 1.568015217781067, 0.8794138431549072, 0.8879050612449646, 0.8879050612449646, 2.5754997730255127, '02:35']
[15, 0.463706374168396, 0.4729311764240265, 0.9865132570266724, 0.07128827273845673, 0.1768980771303177, 1.507164716720581, 0.8721985220909119, 0.8816072940826416, 0.8816072940826416, 2.037527561187744, '02:35']
[16, 0.4620370864868164, 0.470199316740036, 0.9894634485244751, 0.07081840187311172, 0.1753520518541336, 1.3945980072021484, 0.8814535140991211, 0.8851073384284973, 0.8851073384284973, 1.2056872844696045, '02:35']
[17, 0.45708781480789185, 0.4693496823310852, 0.9841691851615906, 0.07943299412727356, 0.17820130288600922, 1.5793429613113403, 0.8579139113426208, 0.871333658695221, 0.871333658695221, 2.6978795528411865, '02:34']
[18, 0.4610311686992645, 0.4580569863319397, 0.9909137487411499, 0.08674667775630951, 0.1746194213628769, 1.3199329376220703, 0.858460545539856, 0.8630605936050415, 0.8630606532096863, 0.7644672989845276, '02:35']
[19, 0.4536322355270386, 0.4755500257015228, 0.9830096960067749, 0.0753888338804245, 0.17918969690799713, 1.6205400228500366, 0.866172730922699, 0.8807463049888611, 0.8807463049888611, 3.156916379928589, '02:34']
[20, 0.4517538249492645, 0.46268418431282043, 0.9895795583724976, 0.0790475606918335, 0.17526182532310486, 1.3949415683746338, 0.8627732396125793, 0.868815541267395, 0.8688154816627502, 1.1631044149398804, '02:34']
[21, 0.45213234424591064, 0.46589457988739014, 0.987821102142334, 0.08249500393867493, 0.1761929839849472, 1.4518195390701294, 0.8540874719619751, 0.8623640537261963, 0.8623640537261963, 1.5112030506134033, '02:36']
[22, 0.45120251178741455, 0.46124252676963806, 0.988370418548584, 0.08380099385976791, 0.17595620453357697, 1.4504364728927612, 0.8559429049491882, 0.8628036975860596, 0.8628036975860596, 1.4255168437957764, '02:34']
[23, 0.4483930468559265, 0.461514413356781, 0.9863981604576111, 0.0878048837184906, 0.1770934760570526, 1.5248619318008423, 0.8463141918182373, 0.8571102023124695, 0.8571102023124695, 2.21274733543396, '02:35']
[24, 0.4490911364555359, 0.45403122901916504, 0.9888298511505127, 0.09409452229738235, 0.17568570375442505, 1.4333442449569702, 0.8401240706443787, 0.8485143184661865, 0.8485143184661865, 1.3928073644638062, '02:36']
[25, 0.44708967208862305, 0.45811358094215393, 0.9905937910079956, 0.08482396602630615, 0.17474927008152008, 1.3218681812286377, 0.8585066795349121, 0.8633806705474854, 0.8633806705474854, 0.820836067199707, '02:35']
[26, 0.44785818457603455, 0.46473345160484314, 0.9879063963890076, 0.08044114708900452, 0.17611423134803772, 1.4815311431884766, 0.8583613038063049, 0.8653117418289185, 0.8653117418289185, 1.7010613679885864, '02:35']
[27, 0.44609948992729187, 0.4694594740867615, 0.9910107851028442, 0.07209194451570511, 0.17438170313835144, 1.2486658096313477, 0.867921769618988, 0.8755275011062622, 0.8755275011062622, 0.5740625858306885, '02:34']
[28, 0.44330400228500366, 0.46042442321777344, 0.9911990165710449, 0.08558298647403717, 0.17429810762405396, 1.2719367742538452, 0.849265456199646, 0.8578798174858093, 0.8578798174858093, 0.6315639615058899, '02:35']
[29, 0.43156445026397705, 0.46047136187553406, 0.9903361797332764, 0.08148019760847092, 0.17483654618263245, 1.3081350326538086, 0.85745769739151, 0.8652740716934204, 0.8652740716934204, 0.8417755365371704, '02:34']
[30, 0.4474027454853058, 0.4595230221748352, 0.9889613389968872, 0.08399948477745056, 0.17560911178588867, 1.4330617189407349, 0.8522688150405884, 0.8596622347831726, 0.8596622347831726, 1.4680873155593872, '02:35']
[31, 0.42574021220207214, 0.4670715928077698, 0.9903010129928589, 0.07893164455890656, 0.1747928261756897, 1.3280601501464844, 0.8634882569313049, 0.8693463802337646, 0.8693463802337646, 0.8614621758460999, '02:35']
[32, 0.43871039152145386, 0.46048495173454285, 0.9851644039154053, 0.09012734144926071, 0.1776929348707199, 1.5597240924835205, 0.8375505208969116, 0.8517055511474609, 0.8517055511474609, 2.6543169021606445, '02:35']
[33, 0.44715428352355957, 0.45276588201522827, 0.9883308410644531, 0.09576556086540222, 0.17594492435455322, 1.4395447969436646, 0.835667610168457, 0.8456320762634277, 0.8456320762634277, 1.445565938949585, '02:34']
[34, 0.43030381202697754, 0.45796188712120056, 0.9892019033432007, 0.08500295132398605, 0.17544056475162506, 1.3786916732788086, 0.8508073687553406, 0.8584139347076416, 0.8584139347076416, 1.11161208152771, '02:35']
[35, 0.4477533996105194, 0.4571009576320648, 0.9885247349739075, 0.08749669790267944, 0.17588171362876892, 1.4552795886993408, 0.8467140793800354, 0.8559046983718872, 0.8559046983718872, 1.6302013397216797, '02:35']
[36, 0.44360631704330444, 0.4651000201702118, 0.9867369532585144, 0.0799190029501915, 0.17682887613773346, 1.5073318481445312, 0.8559539318084717, 0.8663244843482971, 0.8663244843482971, 1.9988696575164795, '02:35']
[37, 0.43393054604530334, 0.46205565333366394, 0.987612247467041, 0.08393481373786926, 0.17640440165996552, 1.4890000820159912, 0.8492937684059143, 0.8585792779922485, 0.8585792779922485, 1.7368719577789307, '02:34']
[38, 0.44494903087615967, 0.44777703285217285, 0.9906826019287109, 0.09757062047719955, 0.17463141679763794, 1.3108159303665161, 0.831138014793396, 0.8384331464767456, 0.8384331464767456, 0.751973569393158, '02:35']
[39, 0.43241098523139954, 0.45382577180862427, 0.9894233345985413, 0.0946902334690094, 0.1753259152173996, 1.389853835105896, 0.8362805247306824, 0.8452618718147278, 0.8452618718147278, 1.1588680744171143, '02:35']
[40, 0.42882680892944336, 0.4560256898403168, 0.9896938800811768, 0.0876876562833786, 0.1752382069826126, 1.3659085035324097, 0.8496311902999878, 0.856557309627533, 0.856557309627533, 0.9942106604576111, '02:35']
[41, 0.4359675347805023, 0.457121342420578, 0.9889011979103088, 0.08794346451759338, 0.17561541497707367, 1.4025630950927734, 0.8449679613113403, 0.8534675240516663, 0.8534675240516663, 1.247676968574524, '02:35']
[42, 0.430044025182724, 0.4588148891925812, 0.9887623190879822, 0.08519300073385239, 0.17570650577545166, 1.438611388206482, 0.849336564540863, 0.8558544516563416, 0.8558544516563416, 1.3288025856018066, '02:34']
[43, 0.4332532286643982, 0.45771950483322144, 0.9863236546516418, 0.08987899869680405, 0.17698433995246887, 1.520524263381958, 0.8369462490081787, 0.8487608432769775, 0.8487608432769775, 2.0986924171447754, '02:35']
[44, 0.44121551513671875, 0.4513200521469116, 0.9879907369613647, 0.09868942946195602, 0.1761474907398224, 1.4763398170471191, 0.8278645277023315, 0.8368068337440491, 0.8368067741394043, 1.7199468612670898, '02:35']
[45, 0.44371914863586426, 0.45077285170555115, 0.9894000291824341, 0.09460078924894333, 0.1753627210855484, 1.399369716644287, 0.8363785743713379, 0.8435297012329102, 0.8435297012329102, 1.2317603826522827, '02:34']
[46, 0.43214935064315796, 0.4575059115886688, 0.9893090128898621, 0.08435177803039551, 0.17544393241405487, 1.3665993213653564, 0.8476506471633911, 0.8567394614219666, 0.8567394614219666, 1.099935531616211, '02:35']
[47, 0.4390401840209961, 0.44851958751678467, 0.9888907074928284, 0.0986446812748909, 0.17592282593250275, 1.4463921785354614, 0.8388985395431519, 0.846718430519104, 0.846718430519104, 1.570560336112976, '02:35']
No improvement since epoch 38: early stopping
----------
4
----------
DLS create!
[0, 0.5263160467147827, 0.5269003510475159, 0.9904769659042358, nan, 0.17438340187072754, 1.018958330154419, 0.9992932677268982, 0.9860731959342957, 0.9860731959342957, nan, '02:35']
[1, 0.5195501446723938, 0.5403254628181458, 0.9904769659042358, nan, 0.17369046807289124, 1.017254114151001, 0.9992696046829224, 0.9882706999778748, 0.9882706999778748, nan, '02:34']
[2, 0.5189423561096191, 0.52556973695755, 0.9904769659042358, nan, 0.17518043518066406, 1.023106336593628, 0.9990770220756531, 0.9839031100273132, 0.9839031100273132, nan, '02:36']
[3, 0.514401912689209, 0.5080825090408325, 0.9866711497306824, 0.030723869800567627, 0.1776849627494812, 1.4044947624206543, 0.9578240513801575, 0.9438820481300354, 0.9438820481300354, inf, '02:35']
[4, 0.5121559500694275, 0.5212985873222351, 0.9895024299621582, 0.007622882258147001, 0.17497453093528748, 1.249900221824646, 0.985893726348877, 0.9730768203735352, 0.9730768203735352, inf, '02:34']
[5, 0.5037631988525391, 0.48486948013305664, 0.9869213104248047, 0.06364259868860245, 0.17619380354881287, 1.413879632949829, 0.9065521359443665, 0.8960475325584412, 0.8960475325584412, inf, '02:36']
[6, 0.4977015554904938, 0.5458948016166687, 0.9658828377723694, 0.04673667624592781, 0.1864342838525772, 1.7620768547058105, 0.9081138372421265, 0.9086571931838989, 0.9086571931838989, inf, '02:34']
[7, 0.49772408604621887, 0.5091959834098816, 0.9903111457824707, 0.019254518672823906, 0.17381931841373444, 1.1207687854766846, 0.9461888074874878, 0.9449858069419861, 0.9449858069419861, inf, '02:35']
[8, 0.49096810817718506, 0.49404242634773254, 0.9903234243392944, 0.040227554738521576, 0.17406664788722992, 1.1497832536697388, 0.9278422594070435, 0.9223160743713379, 0.9223160743713379, inf, '02:35']
[9, 0.48911967873573303, 0.48790180683135986, 0.989357590675354, 0.051359567791223526, 0.17433743178844452, 1.2499985694885254, 0.9027994275093079, 0.9004283547401428, 0.9004283547401428, inf, '02:37']
[10, 0.47555413842201233, 0.47617411613464355, 0.9876313805580139, 0.06966985762119293, 0.17529161274433136, 1.3983819484710693, 0.8861128091812134, 0.877449631690979, 0.877449631690979, inf, '02:35']
[11, 0.47164925932884216, 0.4979292154312134, 0.9778097867965698, 0.06360061466693878, 0.18043330311775208, 1.6601841449737549, 0.8832602500915527, 0.8834311962127686, 0.8834311962127686, inf, '02:35']
[12, 0.467562735080719, 0.4679983854293823, 0.9857302308082581, 0.08806616067886353, 0.1764010787010193, 1.4818365573883057, 0.8588865995407104, 0.8510708212852478, 0.8510708212852478, inf, '02:35']
[13, 0.46400216221809387, 0.4645853042602539, 0.9838756322860718, 0.09359116107225418, 0.1774808019399643, 1.5425833463668823, 0.8461595773696899, 0.8435341119766235, 0.8435341119766235, inf, '02:34']
[14, 0.46542492508888245, 0.4794868230819702, 0.9903508424758911, 0.06533018499612808, 0.1736970692873001, 1.14803147315979, 0.8750272393226624, 0.8808853030204773, 0.8808853030204773, inf, '02:35']
[15, 0.4602782726287842, 0.46674826741218567, 0.9885724186897278, nan, 0.17479397356510162, 1.3215339183807373, 0.8645697832107544, 0.8596073389053345, 0.8596073389053345, nan, '02:34']
[16, 0.46150362491607666, 0.48533007502555847, 0.9738621115684509, 0.08365633338689804, 0.18283240497112274, 1.7064409255981445, 0.8409532904624939, 0.853197455406189, 0.853197455406189, inf, '02:34']
[17, 0.4595281183719635, 0.45271530747413635, 0.9895723462104797, 0.10259818285703659, 0.17420558631420135, 1.280591607093811, 0.8271076679229736, 0.8246468901634216, 0.8246468901634216, inf, '02:35']
[18, 0.45691168308258057, 0.45966821908950806, 0.986574649810791, 0.09675239771604538, 0.1760271191596985, 1.4409102201461792, 0.8473761081695557, 0.8405867218971252, 0.8405867218971252, inf, '02:35']
[19, 0.4632607102394104, 0.44797155261039734, 0.9864435791969299, 0.11063537001609802, 0.17629612982273102, 1.466683268547058, 0.8280883431434631, 0.8245834708213806, 0.8245834708213806, inf, '02:35']
[20, 0.46309134364128113, 0.4510710537433624, 0.9877679347991943, 0.10461901128292084, 0.17549139261245728, 1.3896605968475342, 0.8412430882453918, 0.8334054350852966, 0.8334054350852966, inf, '02:35']
[21, 0.459314227104187, 0.4470267593860626, 0.9892038106918335, 0.11059392988681793, 0.17450588941574097, 1.3115959167480469, 0.8225217461585999, 0.8171831369400024, 0.8171831369400024, inf, '02:34']
[22, 0.4570191204547882, 0.4573824405670166, 0.9869843125343323, 0.0982714593410492, 0.17571395635604858, 1.4294393062591553, 0.8365052342414856, 0.8335160613059998, 0.8335160613059998, inf, '02:35']
[23, 0.4635154604911804, 0.4380112886428833, 0.9872310161590576, 0.12223140150308609, 0.17589932680130005, 1.4410320520401, 0.8103688359260559, 0.8088927865028381, 0.8088927865028381, inf, '02:35']
[24, 0.453426718711853, 0.45895522832870483, 0.9822602272033691, 0.10432272404432297, 0.1782614141702652, 1.5837023258209229, 0.8198226690292358, 0.821416974067688, 0.8214170932769775, inf, '02:35']
[25, 0.4496716558933258, 0.45468002557754517, 0.9882938861846924, nan, 0.17512379586696625, 1.3733421564102173, 0.8408644795417786, 0.8384206891059875, 0.8384206891059875, nan, '02:34']
[26, 0.4658859372138977, 0.44327688217163086, 0.9860017895698547, 0.11651291698217392, 0.17643387615680695, 1.4814437627792358, 0.8171384930610657, 0.8160756826400757, 0.8160756826400757, inf, '02:35']
[27, 0.44883212447166443, 0.4337180554866791, 0.9888371825218201, 0.13091635704040527, 0.17481999099254608, 1.3491170406341553, 0.7933437824249268, 0.7894742488861084, 0.7894742488861084, inf, '02:34']
[28, 0.44814586639404297, 0.43809545040130615, 0.9877561330795288, 0.12165118753910065, 0.17545774579048157, 1.4079982042312622, 0.8058109879493713, 0.8030216693878174, 0.8030216693878174, inf, '02:35']
[29, 0.4499422013759613, 0.4415929317474365, 0.9841541647911072, 0.12174276262521744, 0.17753653228282928, 1.5410590171813965, 0.79495769739151, 0.8012567162513733, 0.8012567162513733, inf, '02:35']
[30, 0.4464817941188812, 0.43353161215782166, 0.9877216815948486, 0.12717396020889282, 0.1756635159254074, 1.4074761867523193, 0.7987776398658752, 0.7978631854057312, 0.7978631854057312, inf, '02:34']
[31, 0.4443694055080414, 0.4473474621772766, 0.9864349961280823, 0.11030687391757965, 0.176166370511055, 1.4237093925476074, 0.8115106225013733, 0.8138017058372498, 0.8138017058372498, inf, '02:35']
[32, 0.4550168216228485, 0.44889530539512634, 0.9813532829284668, 0.11679946631193161, 0.1792982667684555, 1.5923388004302979, 0.8037036061286926, 0.8122768402099609, 0.8122768402099609, inf, '02:35']
[33, 0.44406983256340027, 0.4413205683231354, 0.9878855347633362, 0.11943744868040085, 0.1752825826406479, 1.4059728384017944, 0.8070517182350159, 0.8025912046432495, 0.8025912046432495, inf, '02:35']
[34, 0.4458077847957611, 0.4401565492153168, 0.9845966696739197, 0.12234373390674591, 0.17724613845348358, 1.533719778060913, 0.7894322872161865, 0.7953048348426819, 0.7953048348426819, inf, '02:35']
[35, 0.4436764121055603, 0.4410822093486786, 0.9854172468185425, 0.11925747245550156, 0.17684750258922577, 1.5037482976913452, 0.8028344511985779, 0.8044437170028687, 0.8044437170028687, inf, '02:35']
[36, 0.4536589980125427, 0.43007612228393555, 0.9867329001426697, 0.1343391090631485, 0.1763441413640976, 1.4590365886688232, 0.7923065423965454, 0.7941015958786011, 0.7941015958786011, inf, '02:35']
[37, 0.43534475564956665, 0.43759685754776, 0.9852290153503418, 0.1267707347869873, 0.17689558863639832, 1.5136891603469849, 0.7867193222045898, 0.7891395688056946, 0.7891395092010498, inf, '02:36']
[38, 0.4480801224708557, 0.42985594272613525, 0.989967405796051, 0.13597919046878815, 0.17427441477775574, 1.2340905666351318, 0.7953090071678162, 0.7931535243988037, 0.7931535243988037, inf, '02:34']
[39, 0.44324299693107605, 0.4332685172557831, 0.9884747862815857, 0.12716610729694366, 0.17502577602863312, 1.3586080074310303, 0.7948555946350098, 0.7932165861129761, 0.7932165861129761, inf, '02:36']
[40, 0.439847856760025, 0.4537774622440338, 0.9816675782203674, 0.11099519580602646, 0.17882107198238373, 1.5959322452545166, 0.7997651100158691, 0.8099788427352905, 0.8099788427352905, inf, '02:35']
[41, 0.4423867464065552, 0.43237191438674927, 0.9859526753425598, 0.12843084335327148, 0.17674154043197632, 1.4808160066604614, 0.7866493463516235, 0.791561484336853, 0.791561484336853, inf, '02:34']
[42, 0.4446888267993927, 0.4527541995048523, 0.9798634648323059, 0.11240418255329132, 0.17977674305438995, 1.6342251300811768, 0.7946373224258423, 0.8077467083930969, 0.8077467083930969, inf, '02:35']
[43, 0.446940541267395, 0.4318116009235382, 0.9864132404327393, 0.13064390420913696, 0.17638753354549408, 1.4892569780349731, 0.7838833928108215, 0.786681592464447, 0.786681592464447, inf, '02:35']
[44, 0.4379419982433319, 0.4373624324798584, 0.9869696497917175, 0.12726977467536926, 0.1758895218372345, 1.4474350214004517, 0.7898215651512146, 0.7888215780258179, 0.7888215780258179, inf, '02:34']
[45, 0.44822314381599426, 0.4537525475025177, 0.9812824726104736, 0.11178900301456451, 0.17869369685649872, 1.4691485166549683, 0.8157764077186584, 0.8170735836029053, 0.8170735836029053, inf, '02:35']
[46, 0.44981640577316284, 0.42655473947525024, 0.9876322150230408, 0.13656391203403473, 0.1756332367658615, 1.427470326423645, 0.7787915468215942, 0.7786432504653931, 0.7786432504653931, inf, '02:35']
[47, 0.43714064359664917, 0.4252864122390747, 0.9887866973876953, 0.1411893218755722, 0.17490050196647644, 1.3590941429138184, 0.7782079577445984, 0.7739907503128052, 0.7739907503128052, inf, '02:35']
[48, 0.4410344362258911, 0.4214839041233063, 0.9880488514900208, 0.149403914809227, 0.17578375339508057, 1.4117608070373535, 0.7794666290283203, 0.7779237627983093, 0.7779238820075989, inf, '02:35']
[49, 0.43508562445640564, 0.4427529573440552, 0.9834077954292297, 0.12063123285770416, 0.17797699570655823, 1.5491816997528076, 0.7884306907653809, 0.7988303899765015, 0.7988303899765015, inf, '02:34']
[50, 0.4424781799316406, 0.4314497709274292, 0.9859175682067871, 0.1314900666475296, 0.17658470571041107, 1.5039517879486084, 0.7798343896865845, 0.7839292883872986, 0.7839292883872986, inf, '02:36']
[51, 0.44276857376098633, 0.4409491717815399, 0.9897767305374146, 0.11691149324178696, 0.17422252893447876, 1.2540397644042969, 0.8034089803695679, 0.8067891001701355, 0.8067891001701355, inf, '02:35']
[52, 0.4408453702926636, 0.4286821484565735, 0.989641547203064, 0.13146239519119263, 0.1744629591703415, 1.2959778308868408, 0.789520263671875, 0.7903805375099182, 0.7903805375099182, inf, '02:35']
[53, 0.4400522708892822, 0.4308442771434784, 0.9880309700965881, nan, 0.1754419207572937, 1.3827433586120605, 0.7902525067329407, 0.7908686399459839, 0.7908686995506287, nan, '02:35']
[54, 0.42808493971824646, 0.4288831055164337, 0.988243043422699, 0.1350187063217163, 0.1752556413412094, 1.3999853134155273, 0.7839093208312988, 0.7827529907226562, 0.7827529907226562, inf, '02:35']
[55, 0.43978574872016907, 0.4424891173839569, 0.982452929019928, 0.12202464789152145, 0.1785930097103119, 1.582011103630066, 0.7862153649330139, 0.7976139187812805, 0.7976139187812805, inf, '02:36']
[56, 0.42873477935791016, 0.4230778217315674, 0.9879409670829773, 0.14141064882278442, 0.17551422119140625, 1.4086896181106567, 0.7749727964401245, 0.7742494940757751, 0.7742494940757751, inf, '02:35']
[57, 0.4306052625179291, 0.4335964024066925, 0.9855139851570129, 0.1268431544303894, 0.1769101768732071, 1.495138168334961, 0.7843500375747681, 0.7902776002883911, 0.7902776002883911, inf, '02:34']
No improvement since epoch 48: early stopping
FPN_dpn131 Done!
