Models will save to FPN_vgg19_x
Use vgg19_bn encoder
Start training...
----------
0
----------
DLS create!
[0, 0.522412121295929, 0.5183229446411133, 0.9937458038330078, 0.0, 0.17364415526390076, 1.0168383121490479, 0.9946025013923645, 0.9942727088928223, 0.9942727088928223, 0.0, '00:56']
[1, 0.5125460624694824, 0.49611830711364746, 0.991620659828186, 0.025435347110033035, 0.1752534657716751, 1.3577386140823364, 0.952520489692688, 0.9500428438186646, 0.9500428438186646, 0.6832316517829895, '00:54']
[2, 0.5062407851219177, 0.5023764967918396, 0.9928615689277649, 0.01532906573265791, 0.17482402920722961, 1.2579233646392822, 0.965449869632721, 0.9636881947517395, 0.9636881947517395, 0.3097972273826599, '00:54']
[3, 0.5043696761131287, 0.48798564076423645, 0.9874969720840454, 0.0476948618888855, 0.17785298824310303, 1.555585265159607, 0.9235034584999084, 0.9243710041046143, 0.9243710041046143, 1.807925820350647, '00:55']
[4, 0.49680855870246887, 0.49048104882240295, 0.9929132461547852, 0.0337071493268013, 0.17465266585350037, 1.2357984781265259, 0.9446806311607361, 0.9432205557823181, 0.9432205557823181, 0.35810139775276184, '00:55']
[5, 0.49773454666137695, 0.4750940501689911, 0.9893314242362976, 0.060605488717556, 0.1764601469039917, 1.475681185722351, 0.9060853123664856, 0.9051449298858643, 0.9051449298858643, 1.294607162475586, '00:55']
[6, 0.49613475799560547, 0.4769439697265625, 0.9904853105545044, 0.058688096702098846, 0.1757265031337738, 1.4191972017288208, 0.9101952910423279, 0.9081891179084778, 0.9081891179084778, 0.9710995554924011, '00:55']
[7, 0.4974386692047119, 0.4759131073951721, 0.9901385307312012, 0.05748554691672325, 0.17638219892978668, 1.4338229894638062, 0.913297176361084, 0.9119502902030945, 0.9119502902030945, 1.1039583683013916, '00:55']
[8, 0.48722630739212036, 0.49003636837005615, 0.9805259108543396, 0.05314904823899269, 0.1806277185678482, 1.682051181793213, 0.9019007682800293, 0.9103294610977173, 0.9103294610977173, 3.444056510925293, '00:55']
[9, 0.49053245782852173, 0.4829557538032532, 0.9910298585891724, 0.04175425320863724, 0.1754680573940277, 1.3772914409637451, 0.9277575612068176, 0.9244930744171143, 0.9244930744171143, 0.7876231074333191, '00:56']
[10, 0.4874846339225769, 0.48576638102531433, 0.9844176769256592, 0.05342543497681618, 0.17892016470432281, 1.6040421724319458, 0.9108089208602905, 0.9124646782875061, 0.9124646782875061, 2.313016653060913, '00:55']
[11, 0.48343220353126526, 0.500145435333252, 0.9718092679977417, 0.05436963587999344, 0.18561795353889465, 1.7626441717147827, 0.8932157158851624, 0.9125006794929504, 0.9125006794929504, 5.631267547607422, '00:56']
[12, 0.47797322273254395, 0.47234538197517395, 0.9878136515617371, 0.06588838249444962, 0.17705431580543518, 1.5375100374221802, 0.8917475342750549, 0.8914399743080139, 0.8914399743080139, 1.8092490434646606, '00:56']
[13, 0.4753410816192627, 0.45734015107154846, 0.989840567111969, 0.08135883510112762, 0.17610770463943481, 1.4655605554580688, 0.8696474432945251, 0.8710263967514038, 0.8710263967514038, 1.3692656755447388, '00:57']
[14, 0.4750605523586273, 0.45718544721603394, 0.9888356924057007, 0.08322601765394211, 0.17645210027694702, 1.4868035316467285, 0.865336537361145, 0.865091860294342, 0.865091860294342, 1.383394479751587, '00:57']
[15, 0.4780809283256531, 0.45328596234321594, 0.9881990551948547, 0.08921115100383759, 0.17684780061244965, 1.5312161445617676, 0.8516315817832947, 0.8554982542991638, 0.8554982542991638, 1.676088809967041, '00:56']
[16, 0.4742937684059143, 0.4507776200771332, 0.9900875687599182, 0.08897703886032104, 0.17596031725406647, 1.4380764961242676, 0.8604068160057068, 0.8596138954162598, 0.8596138954162598, 1.0767422914505005, '00:57']
[17, 0.4721638560295105, 0.4706138074398041, 0.9822964072227478, 0.07865387201309204, 0.180172398686409, 1.6570042371749878, 0.8640008568763733, 0.8766365051269531, 0.8766365051269531, 2.9108476638793945, '00:57']
[18, 0.4730199873447418, 0.4753052294254303, 0.980863630771637, 0.07546382397413254, 0.18126842379570007, 1.6790717840194702, 0.8675674796104431, 0.8828747272491455, 0.8828747272491455, 3.7774405479431152, '00:56']
[19, 0.4630037546157837, 0.4407469630241394, 0.9921680688858032, 0.09675668179988861, 0.1745963841676712, 1.3277790546417236, 0.8408779501914978, 0.8401932120323181, 0.8401932120323181, 0.6660966277122498, '00:57']
[20, 0.45981529355049133, 0.4387430250644684, 0.991719126701355, 0.1017359271645546, 0.17491088807582855, 1.3596868515014648, 0.8369994759559631, 0.8366137146949768, 0.8366137146949768, 0.8064028024673462, '00:58']
[21, 0.4658849239349365, 0.4477541446685791, 0.9926847815513611, 0.08450521528720856, 0.1742454320192337, 1.2625799179077148, 0.8513997197151184, 0.8549612164497375, 0.8549612164497375, 0.503345787525177, '00:57']
[22, 0.4636857211589813, 0.5113610029220581, 0.9661606550216675, 0.06641662865877151, 0.18871411681175232, 1.8231916427612305, 0.848384439945221, 0.8897002935409546, 0.8897002935409546, 7.135411739349365, '00:57']
[23, 0.4612637460231781, 0.44288551807403564, 0.9899680614471436, 0.09894915670156479, 0.1758345365524292, 1.4349548816680908, 0.8381743431091309, 0.8387125134468079, 0.8387125134468079, 1.1226025819778442, '00:57']
[24, 0.46674999594688416, 0.44702523946762085, 0.9887351393699646, 0.09701195359230042, 0.17666637897491455, 1.5046653747558594, 0.8458149433135986, 0.8479831218719482, 0.8479831218719482, 1.4679967164993286, '00:57']
[25, 0.46261078119277954, 0.4329809248447418, 0.9915601015090942, 0.10993198305368423, 0.17496146261692047, 1.36836838722229, 0.8234043121337891, 0.8234607577323914, 0.8234607577323914, 0.8777308464050293, '00:57']
[26, 0.46077921986579895, 0.4394167363643646, 0.9924682974815369, 0.09828975051641464, 0.17454732954502106, 1.3030076026916504, 0.8405932188034058, 0.8416481614112854, 0.8416481614112854, 0.6762779951095581, '00:58']
[27, 0.4576110541820526, 0.43869155645370483, 0.990242600440979, 0.10483759641647339, 0.17581194639205933, 1.4568074941635132, 0.8313607573509216, 0.8328806161880493, 0.8328806161880493, 1.2851718664169312, '00:57']
[28, 0.4571743905544281, 0.4619728922843933, 0.9932901859283447, 0.06359485536813736, 0.17391830682754517, 1.1695399284362793, 0.8780154585838318, 0.8856349587440491, 0.8856349587440491, 0.2461010366678238, '00:57']
[29, 0.45414140820503235, 0.49163714051246643, 0.9736955761909485, 0.08082403987646103, 0.18469806015491486, 1.7788426876068115, 0.8308789134025574, 0.8663279414176941, 0.8663279414176941, 5.263745307922363, '00:57']
[30, 0.46029579639434814, 0.43083319067955017, 0.9911056160926819, 0.11173031479120255, 0.17527274787425995, 1.3956652879714966, 0.8203677535057068, 0.8200855851173401, 0.8200855851173401, 0.960006594657898, '00:56']
[31, 0.465376615524292, 0.43794533610343933, 0.9928532242774963, 0.09908793866634369, 0.1742926836013794, 1.2499030828475952, 0.8352469801902771, 0.838932991027832, 0.838932991027832, 0.5008148550987244, '00:56']
[32, 0.45486047863960266, 0.44235512614250183, 0.9930893778800964, 0.0922766700387001, 0.17406758666038513, 1.2269843816757202, 0.8388168811798096, 0.8453889489173889, 0.8453889489173889, 0.42551758885383606, '00:56']
[33, 0.459693044424057, 0.47242116928100586, 0.9874415993690491, 0.06848664581775665, 0.17699958384037018, 1.537848711013794, 0.878179669380188, 0.881296694278717, 0.881296694278717, 1.703026533126831, '00:57']
[34, 0.45680445432662964, 0.4301363229751587, 0.991226315498352, 0.11325495690107346, 0.17515680193901062, 1.3696277141571045, 0.8154560923576355, 0.8162753582000732, 0.8162753582000732, 0.8711481690406799, '00:57']
[35, 0.45962831377983093, 0.49268320202827454, 0.9739792346954346, 0.06711230427026749, 0.18437513709068298, 1.769342303276062, 0.8618058562278748, 0.8875511288642883, 0.8875511288642883, 5.408681869506836, '00:58']
[36, 0.4571731984615326, 0.44706425070762634, 0.9894160032272339, 0.0940750315785408, 0.1761859953403473, 1.4674090147018433, 0.8402845859527588, 0.8439258933067322, 0.8439258933067322, 1.345091700553894, '00:57']
[37, 0.44855400919914246, 0.43585777282714844, 0.9912999868392944, 0.10372046381235123, 0.17506040632724762, 1.3511921167373657, 0.825553834438324, 0.8271113038063049, 0.8271113038063049, 0.7928375005722046, '00:57']
[38, 0.45018628239631653, 0.43733444809913635, 0.9925874471664429, 0.10071224719285965, 0.17427365481853485, 1.290036678314209, 0.8247557878494263, 0.8306372761726379, 0.8306372761726379, 0.657447099685669, '00:57']
[39, 0.4481120705604553, 0.43281716108322144, 0.9918124675750732, 0.10807958245277405, 0.1747712343931198, 1.3249002695083618, 0.8176982402801514, 0.821803092956543, 0.821803092956543, 0.727105975151062, '00:57']
[40, 0.45555877685546875, 0.4279993176460266, 0.9879364967346191, 0.12434510886669159, 0.17714911699295044, 1.5677326917648315, 0.7936014533042908, 0.8043420910835266, 0.8043420910835266, 1.9501802921295166, '00:57']
[41, 0.4450482428073883, 0.4283628761768341, 0.9898803234100342, 0.11908206343650818, 0.17593123018741608, 1.4518816471099854, 0.8065835237503052, 0.8087001442909241, 0.8087001442909241, 1.2431718111038208, '00:58']
[42, 0.44726213812828064, 0.4284021556377411, 0.988522469997406, 0.12274564057588577, 0.17673198878765106, 1.5360876321792603, 0.7978861331939697, 0.804916262626648, 0.804916262626648, 1.7522969245910645, '00:57']
[43, 0.44104909896850586, 0.4197372496128082, 0.9904930591583252, 0.13018961250782013, 0.1757819950580597, 1.446392297744751, 0.7943757772445679, 0.7979860305786133, 0.7979860305786133, 1.2140856981277466, '00:57']
[44, 0.4465532898902893, 0.4338454604148865, 0.9868868589401245, 0.11905603855848312, 0.17769674956798553, 1.5720288753509521, 0.7973679304122925, 0.809773862361908, 0.809773862361908, 1.9741085767745972, '00:57']
[45, 0.44498297572135925, 0.4260959029197693, 0.9881755113601685, 0.12387161701917648, 0.17697125673294067, 1.5376299619674683, 0.7934490442276001, 0.8019528388977051, 0.8019528388977051, 1.752737045288086, '00:57']
[46, 0.43875962495803833, 0.4347015619277954, 0.98762047290802, 0.11478694528341293, 0.17717964947223663, 1.5504525899887085, 0.8041185736656189, 0.813056468963623, 0.813056468963623, 1.766432523727417, '00:57']
[47, 0.44168993830680847, 0.4204283356666565, 0.9917470812797546, 0.1260627955198288, 0.17492814362049103, 1.3419708013534546, 0.7976534962654114, 0.7999006509780884, 0.7999006509780884, 0.7984026074409485, '00:58']
[48, 0.43925222754478455, 0.42898088693618774, 0.9885661602020264, 0.1197640672326088, 0.17664743959903717, 1.4951015710830688, 0.7999181151390076, 0.806266188621521, 0.806266188621521, 1.5336496829986572, '00:58']
[49, 0.44986721873283386, 0.4379926323890686, 0.9864575266838074, 0.11180760711431503, 0.17777854204177856, 1.5889861583709717, 0.8064276576042175, 0.8190596103668213, 0.8190596103668213, 2.263136625289917, '00:58']
[50, 0.4449513554573059, 0.518068253993988, 0.9620507955551147, 0.0643203929066658, 0.19054362177848816, 1.8385276794433594, 0.8485740423202515, 0.8911269307136536, 0.8911269307136536, 8.62549114227295, '00:57']
[51, 0.4429140090942383, 0.4316415786743164, 0.9910249710083008, 0.11037687957286835, 0.17526401579380035, 1.369504451751709, 0.8144306540489197, 0.8186566829681396, 0.8186566829681396, 0.8907262682914734, '00:58']
[52, 0.44749152660369873, 0.4306088387966156, 0.9923276305198669, 0.1116958037018776, 0.1745600402355194, 1.3042446374893188, 0.8129734396934509, 0.8182316422462463, 0.8182316422462463, 0.6806845664978027, '00:58']
No improvement since epoch 43: early stopping
----------
1
----------
DLS create!
[0, 0.516622006893158, 0.5089423656463623, 0.9822327494621277, 0.034493718296289444, 0.17980262637138367, 1.6602301597595215, 0.9364615678787231, 0.9414309859275818, 0.9414309859275818, 4.861139297485352, '00:57']
[1, 0.5076931118965149, 0.4952225685119629, 0.9834530353546143, 0.04544755443930626, 0.1797725409269333, 1.6370832920074463, 0.9224065542221069, 0.9291574358940125, 0.9291574358940125, 4.346980571746826, '00:57']
[2, 0.49964308738708496, 0.48702260851860046, 0.9894446134567261, 0.04964704066514969, 0.17646543681621552, 1.4740760326385498, 0.922190248966217, 0.9242467284202576, 0.9242467284202576, 1.4936422109603882, '00:57']
[3, 0.5033889412879944, 0.486355721950531, 0.9896851778030396, 0.04423103854060173, 0.17639949917793274, 1.4567632675170898, 0.9276484847068787, 0.9282371401786804, 0.9282371401786804, 1.4109760522842407, '00:58']
[4, 0.4951188862323761, 0.4813757538795471, 0.9902224540710449, 0.05206587538123131, 0.17573866248130798, 1.44210946559906, 0.915108323097229, 0.9179316163063049, 0.9179316163063049, 1.3059651851654053, '00:57']
[5, 0.4908495545387268, 0.5164288282394409, 0.9703481197357178, 0.04538634791970253, 0.18587349355220795, 1.7818723917007446, 0.9093310832977295, 0.9242533445358276, 0.9242533445358276, 9.912111282348633, '00:58']
[6, 0.4959157109260559, 0.4788825213909149, 0.9920490980148315, 0.0501449815928936, 0.17458680272102356, 1.3100944757461548, 0.9119457006454468, 0.9167554974555969, 0.9167554974555969, 0.5796985626220703, '00:57']
[7, 0.4899423122406006, 0.4651612639427185, 0.9893918037414551, 0.07404859364032745, 0.17598456144332886, 1.4951053857803345, 0.8767023682594299, 0.881960391998291, 0.881960391998291, 1.9224605560302734, '00:57']
[8, 0.4782765507698059, 0.47760018706321716, 0.993022084236145, 0.05269120633602142, 0.17363382875919342, 1.1350144147872925, 0.8938997387886047, 0.9085049033164978, 0.9085049033164978, 0.20979365706443787, '00:57']
[9, 0.48652008175849915, 0.4783557951450348, 0.9910182356834412, 0.057718321681022644, 0.1748816817998886, 1.3784363269805908, 0.8971372246742249, 0.9016684293746948, 0.9016684293746948, 0.9576917290687561, '00:57']
[10, 0.48651355504989624, 0.45507991313934326, 0.9900082945823669, 0.08861946314573288, 0.17583729326725006, 1.4705582857131958, 0.8648313283920288, 0.8677567839622498, 0.8677567839622498, 1.5325168371200562, '00:58']
[11, 0.4790738821029663, 0.442089319229126, 0.9901213049888611, 0.10760548710823059, 0.17558538913726807, 1.4554381370544434, 0.8323188424110413, 0.8377687335014343, 0.8377687335014343, 1.4684525728225708, '00:57']
[12, 0.4754059612751007, 0.4911234974861145, 0.9783883094787598, 0.06155623495578766, 0.18183881044387817, 1.7207634449005127, 0.8838634490966797, 0.900053083896637, 0.900053083896637, 6.090307235717773, '00:57']
[13, 0.4772449731826782, 0.4887838661670685, 0.9812024831771851, 0.056028272956609726, 0.1801246851682663, 1.6752262115478516, 0.8966112732887268, 0.906982421875, 0.906982421875, 5.442083835601807, '00:58']
[14, 0.47377312183380127, 0.46029824018478394, 0.9923167824745178, 0.07472225278615952, 0.17415815591812134, 1.2739185094833374, 0.8701944351196289, 0.8758870959281921, 0.8758870959281921, 0.541883111000061, '00:58']
[15, 0.4718124568462372, 0.5010977387428284, 0.9699234366416931, 0.06465915590524673, 0.18659454584121704, 1.7843996286392212, 0.8694742918014526, 0.8984187245368958, 0.8984187245368958, 9.548674583435059, '00:57']
[16, 0.45940279960632324, 0.4501948952674866, 0.9846794605255127, 0.10325895249843597, 0.17851285636425018, 1.637266993522644, 0.8253613710403442, 0.839906632900238, 0.839906632900238, 3.3859426975250244, '00:57']
[17, 0.46977105736732483, 0.4410182237625122, 0.9922305941581726, 0.10267207026481628, 0.17429986596107483, 1.313712239265442, 0.8321369886398315, 0.8383718729019165, 0.8383718729019165, 0.6961033344268799, '00:57']
[18, 0.4733295142650604, 0.4816739559173584, 0.9930779933929443, 0.04783324897289276, 0.1734953224658966, 1.11574387550354, 0.8851308226585388, 0.9114777445793152, 0.9114777445793152, 0.1802152395248413, '00:57']
[19, 0.4636865258216858, 0.4643580913543701, 0.9811450839042664, 0.09061719477176666, 0.1804342418909073, 1.697765588760376, 0.8351163864135742, 0.8562940359115601, 0.8562940359115601, 5.035380840301514, '00:57']
[20, 0.4635137617588043, 0.42940258979797363, 0.9891349077224731, 0.12068721652030945, 0.1760915070772171, 1.5285617113113403, 0.8009571433067322, 0.8087993860244751, 0.8087993860244751, 1.9018369913101196, '00:57']
[21, 0.45821860432624817, 0.44583702087402344, 0.9868406057357788, 0.10261953622102737, 0.1771923154592514, 1.5828895568847656, 0.8241173028945923, 0.8339937925338745, 0.8339939117431641, 2.7798969745635986, '00:57']
[22, 0.4542270600795746, 0.44088539481163025, 0.991592526435852, 0.09986794739961624, 0.17452172935009003, 1.361061930656433, 0.8253175616264343, 0.8329237699508667, 0.8329237699508667, 0.9771135449409485, '00:57']
[23, 0.4609770178794861, 0.4301086962223053, 0.9924864172935486, 0.11514431238174438, 0.17418496310710907, 1.2827470302581787, 0.810905933380127, 0.8186795711517334, 0.8186795711517334, 0.7066173553466797, '00:57']
[24, 0.4651324152946472, 0.44062137603759766, 0.9868527054786682, 0.10940604656934738, 0.17721974849700928, 1.595197081565857, 0.8120669722557068, 0.8237640857696533, 0.8237640857696533, 2.7983815670013428, '00:57']
[25, 0.46235036849975586, 0.4830508828163147, 0.9744320511817932, 0.07813780754804611, 0.18381740152835846, 1.7653441429138184, 0.8388252854347229, 0.8714683651924133, 0.8714683651924133, 7.531321048736572, '00:58']
[26, 0.46790629625320435, 0.42290225625038147, 0.9919288158416748, 0.12642303109169006, 0.17453575134277344, 1.3492329120635986, 0.798741340637207, 0.8042298555374146, 0.8042298555374146, 0.8653672337532043, '00:57']
[27, 0.4605778753757477, 0.4506041407585144, 0.9860711693763733, 0.09708253294229507, 0.1776057928800583, 1.5966200828552246, 0.8289607763290405, 0.8423866033554077, 0.8423866033554077, 3.0764801502227783, '00:58']
[28, 0.4582800567150116, 0.42633509635925293, 0.9903272986412048, 0.12348360568284988, 0.17546680569648743, 1.4692983627319336, 0.8021125793457031, 0.8092464208602905, 0.8092464208602905, 1.6047427654266357, '00:57']
[29, 0.45107269287109375, 0.4207952916622162, 0.9900621771812439, 0.1331135779619217, 0.17570042610168457, 1.4963456392288208, 0.7885589003562927, 0.7969529032707214, 0.7969527840614319, 1.7533631324768066, '00:57']
[30, 0.45587167143821716, 0.42385199666023254, 0.9893724322319031, 0.127859964966774, 0.17608919739723206, 1.5280425548553467, 0.7907789349555969, 0.7993950247764587, 0.7993951439857483, 1.819694995880127, '00:57']
[31, 0.4542270004749298, 0.41862139105796814, 0.9890769124031067, 0.1347370445728302, 0.1762588769197464, 1.5398688316345215, 0.7803635001182556, 0.7904625535011292, 0.7904625535011292, 1.9064011573791504, '00:57']
[32, 0.4574248492717743, 0.4574667811393738, 0.9860413074493408, 0.08826171606779099, 0.17762966454029083, 1.5928786993026733, 0.8495557904243469, 0.858122706413269, 0.858122706413269, 3.085355281829834, '00:57']
[33, 0.4474635422229767, 0.4486878514289856, 0.9836676716804504, 0.10775993764400482, 0.1790745109319687, 1.673300862312317, 0.8095863461494446, 0.8289880156517029, 0.8289880156517029, 4.051921844482422, '00:58']
[34, 0.44784292578697205, 0.411271870136261, 0.9914743304252625, 0.13965551555156708, 0.17480899393558502, 1.3894810676574707, 0.7765955924987793, 0.779694676399231, 0.779694676399231, 0.9744864702224731, '00:58']
[35, 0.4464966058731079, 0.414501428604126, 0.9909321665763855, 0.1369384080171585, 0.17513349652290344, 1.4328041076660156, 0.7776702642440796, 0.7841660976409912, 0.7841660976409912, 1.234788179397583, '00:57']
[36, 0.4495902359485626, 0.445053368806839, 0.9843469858169556, 0.10999647527933121, 0.17867732048034668, 1.6522769927978516, 0.8062960505485535, 0.8262205123901367, 0.8262205123901367, 3.5004494190216064, '00:57']
[37, 0.44406694173812866, 0.41045093536376953, 0.9913296103477478, 0.14213725924491882, 0.17493796348571777, 1.4138420820236206, 0.7719334959983826, 0.7779881954193115, 0.7779881954193115, 1.242091417312622, '00:57']
[38, 0.44267743825912476, 0.421920508146286, 0.9929453730583191, 0.12361235171556473, 0.1738332062959671, 1.2005133628845215, 0.7790781259536743, 0.7985368967056274, 0.7985368967056274, 0.4497106969356537, '00:57']
[39, 0.44592300057411194, 0.4137249290943146, 0.9927294850349426, 0.13615135848522186, 0.1741752028465271, 1.2855032682418823, 0.7845926284790039, 0.7907251119613647, 0.7907251119613647, 0.6514765620231628, '00:58']
[40, 0.4477046728134155, 0.4403676986694336, 0.9871827960014343, 0.11164817214012146, 0.17706459760665894, 1.5659356117248535, 0.8121291995048523, 0.823880672454834, 0.823880672454834, 2.9401865005493164, '00:57']
[41, 0.44667741656303406, 0.434156596660614, 0.9933033585548401, 0.10329975932836533, 0.17356614768505096, 1.1435894966125488, 0.7991307377815247, 0.8239724040031433, 0.8239724040031433, 0.26824554800987244, '00:58']
[42, 0.44180816411972046, 0.42070281505584717, 0.9889109134674072, 0.1324475109577179, 0.17626678943634033, 1.5382336378097534, 0.7825202941894531, 0.7915032505989075, 0.7915032505989075, 1.8909375667572021, '00:59']
[43, 0.4415033757686615, 0.4808845818042755, 0.9733040928840637, 0.08415742963552475, 0.1844169646501541, 1.7786909341812134, 0.8246527910232544, 0.8610691428184509, 0.8610691428184509, 8.037450790405273, '00:57']
[44, 0.4408071041107178, 0.4260213077068329, 0.9930123090744019, 0.11674859374761581, 0.17382746934890747, 1.2034510374069214, 0.793202817440033, 0.8088575005531311, 0.8088575005531311, 0.42790502309799194, '00:57']
[45, 0.4415261447429657, 0.42050614953041077, 0.9896238446235657, 0.12914709746837616, 0.17577597498893738, 1.5049617290496826, 0.7808845043182373, 0.7896202206611633, 0.7896202206611633, 1.7562906742095947, '00:57']
[46, 0.43459299206733704, 0.43068957328796387, 0.9921873211860657, 0.11507318168878555, 0.1742040514945984, 1.3201688528060913, 0.7952342629432678, 0.8105378150939941, 0.8105378150939941, 0.8857501745223999, '00:57']
No improvement since epoch 37: early stopping
----------
2
----------
DLS create!
[0, 0.5229500532150269, 0.5148262977600098, 0.9926363825798035, 0.002242459449917078, 0.18136101961135864, 1.2874369621276855, 0.9792884588241577, 0.9742664694786072, 0.9742664694786072, 0.07683076709508896, '00:55']
[1, 0.5118077993392944, 0.5126904249191284, 0.9824916124343872, 0.023992111906409264, 0.1806735247373581, 1.5978363752365112, 0.9593225717544556, 0.9578646421432495, 0.9578646421432495, 4.609079360961914, '00:55']
[2, 0.49914419651031494, 0.4925045073032379, 0.990383505821228, 0.04052829369902611, 0.17503252625465393, 1.3716670274734497, 0.9292603731155396, 0.931557297706604, 0.931557297706604, 1.1922383308410645, '00:55']
[3, 0.5009555816650391, 0.4889546036720276, 0.9855707883834839, 0.05316530913114548, 0.17864660918712616, 1.5525082349777222, 0.920468270778656, 0.922761082649231, 0.922761082649231, 3.1480939388275146, '00:55']
[4, 0.4916761815547943, 0.48654890060424805, 0.9891690015792847, 0.04562974348664284, 0.17621566355228424, 1.4517773389816284, 0.9244476556777954, 0.9252559542655945, 0.9252559542655945, 1.7419768571853638, '00:55']
[5, 0.49995291233062744, 0.4954308867454529, 0.9905802607536316, 0.03327149525284767, 0.175693079829216, 1.3785006999969482, 0.9444096088409424, 0.9431897401809692, 0.9431897401809692, 0.9593780040740967, '00:56']
[6, 0.5026999115943909, 0.4923245906829834, 0.9908576607704163, 0.035968415439128876, 0.17519518733024597, 1.364784598350525, 0.9326306581497192, 0.9347628355026245, 0.9347628355026245, 0.9916042685508728, '00:56']
[7, 0.4937373399734497, 0.4927619695663452, 0.9876806139945984, 0.046005453914403915, 0.17670294642448425, 1.5012297630310059, 0.9224650859832764, 0.9260249137878418, 0.9260249137878418, 2.411741256713867, '00:55']
[8, 0.4901743531227112, 0.4851546287536621, 0.9878909587860107, 0.05197925865650177, 0.17646169662475586, 1.5121996402740479, 0.9089164733886719, 0.9139516353607178, 0.9139516353607178, 2.2066996097564697, '00:56']
[9, 0.4911538064479828, 0.4860478639602661, 0.9864867329597473, 0.05234521999955177, 0.17722752690315247, 1.5541280508041382, 0.9098767638206482, 0.9146523475646973, 0.9146523475646973, 2.93971848487854, '00:55']
[10, 0.4894857406616211, 0.485055148601532, 0.9903220534324646, 0.04542337730526924, 0.17538374662399292, 1.3848557472229004, 0.9220318794250488, 0.9226680994033813, 0.9226680994033813, 1.1139342784881592, '00:56']
[11, 0.4879423975944519, 0.48113614320755005, 0.9859588742256165, 0.06072133779525757, 0.17747311294078827, 1.5750465393066406, 0.892720639705658, 0.9003739356994629, 0.9003739356994629, 3.095048427581787, '00:55']
[12, 0.4860871136188507, 0.4797031879425049, 0.9891179800033569, 0.0625266581773758, 0.17639796435832977, 1.4590919017791748, 0.9066594839096069, 0.9102569818496704, 0.9102569818496704, 1.909290075302124, '00:56']
[13, 0.47830912470817566, 0.4871949553489685, 0.9844545722007751, 0.05333429202437401, 0.1784004122018814, 1.6169078350067139, 0.9042690396308899, 0.9104159474372864, 0.9104159474372864, 3.690865993499756, '00:55']
[14, 0.47469913959503174, 0.498367041349411, 0.978399395942688, 0.04998493567109108, 0.1813715398311615, 1.6615668535232544, 0.9127156734466553, 0.9208385944366455, 0.9208385944366455, 6.1824235916137695, '00:55']
[15, 0.47270527482032776, 0.47327929735183716, 0.9890137910842896, 0.06767799705266953, 0.17584800720214844, 1.470787525177002, 0.8845838308334351, 0.8897206783294678, 0.8897206783294678, 1.7872952222824097, '00:55']
[16, 0.47230061888694763, 0.47374463081359863, 0.9892463684082031, 0.06765946745872498, 0.17566291987895966, 1.4626315832138062, 0.8867226243019104, 0.8907228112220764, 0.8907228112220764, 1.4612088203430176, '00:56']
[17, 0.4714617431163788, 0.48602738976478577, 0.9912161827087402, 0.05135122686624527, 0.174692764878273, 1.3102573156356812, 0.9177024364471436, 0.9176397323608398, 0.9176397323608398, 0.575687050819397, '00:56']
[18, 0.46334317326545715, 0.4650275409221649, 0.9855672121047974, 0.0834970697760582, 0.17775441706180573, 1.5974875688552856, 0.8534467816352844, 0.866508424282074, 0.866508424282074, 3.2117536067962646, '00:55']
[19, 0.46908655762672424, 0.46208131313323975, 0.9905995726585388, 0.08270592242479324, 0.17504115402698517, 1.3877922296524048, 0.8717005252838135, 0.87410968542099, 0.87410968542099, 1.0677664279937744, '00:55']
[20, 0.4661032259464264, 0.4713878035545349, 0.9906573295593262, 0.0653475821018219, 0.1747690588235855, 1.3772886991500854, 0.8819353580474854, 0.8872013688087463, 0.8872013688087463, 1.0976942777633667, '00:55']
[21, 0.45701292157173157, 0.46575021743774414, 0.9880727529525757, 0.0801963210105896, 0.17621538043022156, 1.5021250247955322, 0.8596110939979553, 0.8678863048553467, 0.8678863048553467, 2.4734623432159424, '00:55']
[22, 0.45509177446365356, 0.4853302240371704, 0.980067789554596, 0.06955379992723465, 0.1806299090385437, 1.6969876289367676, 0.8665003776550293, 0.8854039311408997, 0.8854039311408997, 5.340821266174316, '00:55']
[23, 0.45599111914634705, 0.4810318052768707, 0.9923994541168213, 0.051104143261909485, 0.17373579740524292, 1.1710255146026611, 0.897342324256897, 0.909485936164856, 0.909485936164856, 0.29725584387779236, '00:55']
[24, 0.4548579156398773, 0.45766332745552063, 0.9875520467758179, 0.08923450857400894, 0.17675906419754028, 1.530171513557434, 0.8486117124557495, 0.8577486872673035, 0.8577486872673035, 2.1388418674468994, '00:55']
[25, 0.46336573362350464, 0.4663357138633728, 0.9834221005439758, 0.08677797764539719, 0.17924544215202332, 1.6529971361160278, 0.8456963300704956, 0.8659601211547852, 0.8659601211547852, 3.860996723175049, '00:56']
[26, 0.4607897996902466, 0.4564233720302582, 0.9894790649414062, 0.0885322242975235, 0.17550909519195557, 1.4502192735671997, 0.8499109745025635, 0.8565704226493835, 0.8565704226493835, 1.548198938369751, '00:55']
[27, 0.45838797092437744, 0.45793789625167847, 0.9900087714195251, 0.08622343093156815, 0.17531432211399078, 1.4322987794876099, 0.8595296740531921, 0.8624902963638306, 0.8624902963638306, 1.3273332118988037, '00:55']
[28, 0.4648631513118744, 0.4660734236240387, 0.9902418851852417, 0.07566014677286148, 0.1752263605594635, 1.4014009237289429, 0.8792979121208191, 0.8816384673118591, 0.8816384673118591, 1.148317575454712, '00:55']
[29, 0.4539932310581207, 0.4677223563194275, 0.9918238520622253, 0.06837425380945206, 0.17411188781261444, 1.2409285306930542, 0.8748387098312378, 0.8821332454681396, 0.8821332454681396, 0.4903509020805359, '00:55']
[30, 0.45368364453315735, 0.45552217960357666, 0.9872985482215881, 0.09566137194633484, 0.17688733339309692, 1.5420539379119873, 0.8441644906997681, 0.8533852100372314, 0.8533852100372314, 2.4482154846191406, '00:55']
[31, 0.446346253156662, 0.45371925830841064, 0.9907838702201843, 0.08952721953392029, 0.17481108009815216, 1.3287131786346436, 0.8483388423919678, 0.8543589115142822, 0.8543589115142822, 0.8504601120948792, '00:55']
[32, 0.447977751493454, 0.4584043025970459, 0.9888529181480408, 0.08652190119028091, 0.17596320807933807, 1.4833052158355713, 0.8526268601417542, 0.8608179688453674, 0.8608179688453674, 1.8409298658370972, '00:56']
[33, 0.4492679238319397, 0.45886117219924927, 0.985802173614502, 0.08953427523374557, 0.17754819989204407, 1.5919783115386963, 0.8368533253669739, 0.852167546749115, 0.852167546749115, 2.8628945350646973, '00:55']
[34, 0.4423395097255707, 0.4521293342113495, 0.9906711578369141, 0.0915142297744751, 0.1748897284269333, 1.3698934316635132, 0.8472185730934143, 0.8528839349746704, 0.8528839349746704, 1.0221670866012573, '00:55']
[35, 0.4450845420360565, 0.4541884958744049, 0.9911626577377319, 0.0908641442656517, 0.17475654184818268, 1.3326609134674072, 0.8581106662750244, 0.8609862923622131, 0.8609862923622131, 0.7490211129188538, '00:55']
[36, 0.44585850834846497, 0.45265820622444153, 0.9906474351882935, 0.09084511548280716, 0.1749035269021988, 1.3651134967803955, 0.8495978116989136, 0.8537587523460388, 0.8537587523460388, 0.906241774559021, '00:55']
[37, 0.4420691132545471, 0.4656413197517395, 0.9913523197174072, 0.07188867777585983, 0.17434579133987427, 1.2703953981399536, 0.868009626865387, 0.8743616938591003, 0.8743616938591003, 0.5449081659317017, '00:55']
[38, 0.43934088945388794, 0.4489496946334839, 0.9899632930755615, 0.09552867710590363, 0.17528626322746277, 1.4092869758605957, 0.8373027443885803, 0.8438501954078674, 0.8438501954078674, 1.1972482204437256, '00:55']
[39, 0.447476327419281, 0.44692960381507874, 0.9896490573883057, 0.10279972106218338, 0.17552034556865692, 1.438435435295105, 0.8335822224617004, 0.83961021900177, 0.83961021900177, 1.3395479917526245, '00:56']
[40, 0.4437601566314697, 0.45925936102867126, 0.9872679114341736, 0.09007252007722855, 0.17669330537319183, 1.5440592765808105, 0.8425174951553345, 0.852096676826477, 0.852096676826477, 2.2515416145324707, '00:55']
[41, 0.44024917483329773, 0.45038771629333496, 0.9915608167648315, 0.09466367959976196, 0.17439348995685577, 1.3098983764648438, 0.8447084426879883, 0.8493590950965881, 0.8493590950965881, 0.7712404131889343, '00:56']
[42, 0.432587593793869, 0.4596019983291626, 0.989621639251709, 0.08373758941888809, 0.17545367777347565, 1.436719298362732, 0.8577671647071838, 0.8619983196258545, 0.8619983196258545, 1.4259456396102905, '00:55']
[43, 0.43973323702812195, 0.45694679021835327, 0.9905893206596375, 0.08509805798530579, 0.17493216693401337, 1.3765316009521484, 0.8565821647644043, 0.8609327077865601, 0.8609327077865601, 1.1245055198669434, '00:55']
[44, 0.4393661916255951, 0.4546155035495758, 0.9906867146492004, 0.08711012452840805, 0.17478594183921814, 1.3633077144622803, 0.8478609919548035, 0.8530430197715759, 0.8530430197715759, 0.9328978657722473, '00:57']
[45, 0.4363565444946289, 0.4562411308288574, 0.9913477897644043, 0.08479196578264236, 0.17443934082984924, 1.3190563917160034, 0.8526517152786255, 0.8577696681022644, 0.8577696681022644, 0.7410150766372681, '00:55']
[46, 0.4365118741989136, 0.45085570216178894, 0.9892995953559875, 0.09586235135793686, 0.17562995851039886, 1.4630604982376099, 0.8314258456230164, 0.8416752815246582, 0.8416752815246582, 1.8041256666183472, '00:55']
[47, 0.43583306670188904, 0.4607907235622406, 0.9892412424087524, 0.08456053584814072, 0.17555317282676697, 1.4584202766418457, 0.8527900576591492, 0.8589085340499878, 0.8589085340499878, 1.5226176977157593, '00:55']
[48, 0.4363443851470947, 0.46413543820381165, 0.9923192858695984, 0.06915736943483353, 0.17382705211639404, 1.176746129989624, 0.8629636168479919, 0.8756055235862732, 0.8756055235862732, 0.3042794167995453, '00:55']
No improvement since epoch 39: early stopping
----------
3
----------
DLS create!
[0, 0.5219557881355286, 0.5223837494850159, 0.9917357563972473, 0.000767077668569982, 0.17598837614059448, 1.184585452079773, 0.9966385960578918, 0.9896929264068604, 0.9896929264068604, 0.1696879118680954, '00:56']
[1, 0.5072599053382874, 0.834162175655365, 0.8322603702545166, 0.010350553318858147, 0.25419896841049194, 1.946991205215454, 0.9770838022232056, 0.9800289273262024, 0.9800289273262024, 44.09516525268555, '00:57']
[2, 0.5007314085960388, 0.5227250456809998, 0.9681674242019653, 0.03566344827413559, 0.18678732216358185, 1.748050332069397, 0.92934650182724, 0.9405972361564636, 0.9405972361564636, 7.009679317474365, '00:55']
[3, 0.5000171661376953, 0.49023371934890747, 0.9885189533233643, 0.04862445220351219, 0.17591042816638947, 1.4355071783065796, 0.9180082678794861, 0.9161039590835571, 0.9161039590835571, 1.1264621019363403, '00:55']
[4, 0.4955674707889557, 0.4869404137134552, 0.9835917949676514, 0.0576198436319828, 0.17857804894447327, 1.5837708711624146, 0.9004238247871399, 0.9059993624687195, 0.9059993624687195, 2.5336227416992188, '00:56']
[5, 0.4987057149410248, 0.5041155815124512, 0.9733918905258179, 0.05179416760802269, 0.18413758277893066, 1.715941071510315, 0.9011339545249939, 0.9178604483604431, 0.9178604483604431, 5.415537357330322, '00:55']
[6, 0.49074316024780273, 0.48974609375, 0.9835808277130127, 0.05431816726922989, 0.17879560589790344, 1.5993870496749878, 0.9091044664382935, 0.9126220345497131, 0.9126220345497131, 2.396430015563965, '00:55']
[7, 0.4905424416065216, 0.49276402592658997, 0.9909101724624634, 0.035216983407735825, 0.17473271489143372, 1.2902799844741821, 0.9388020634651184, 0.9368323683738708, 0.9368323683738708, 0.513481080532074, '00:55']
[8, 0.48891451954841614, 0.4825432002544403, 0.9865713715553284, 0.06019657477736473, 0.17679201066493988, 1.503434658050537, 0.8979325294494629, 0.8998212218284607, 0.8998212218284607, 1.790597915649414, '00:55']
[9, 0.4874013066291809, 0.4798852503299713, 0.9909248948097229, 0.052958983927965164, 0.1746334731578827, 1.2797166109085083, 0.9073779582977295, 0.9086577892303467, 0.9086577892303467, 0.543549656867981, '00:55']
[10, 0.4840899109840393, 0.4761633574962616, 0.9885652661323547, 0.06523725390434265, 0.17574022710323334, 1.4348305463790894, 0.8902918696403503, 0.8900234699249268, 0.8900234699249268, 1.1861783266067505, '00:55']
[11, 0.48353198170661926, 0.47565311193466187, 0.9909942150115967, 0.060353443026542664, 0.17453332245349884, 1.2936292886734009, 0.8954665064811707, 0.8979244828224182, 0.8979244828224182, 0.5915520191192627, '00:55']
[12, 0.4814964830875397, 0.4793301224708557, 0.9874610304832458, 0.06272605806589127, 0.17668941617012024, 1.4868272542953491, 0.8969089388847351, 0.900018572807312, 0.900018572807312, 1.532307744026184, '00:55']
[13, 0.4670756459236145, 0.47111475467681885, 0.9904707074165344, 0.06804430484771729, 0.17478132247924805, 1.3368982076644897, 0.8866802453994751, 0.8867582678794861, 0.8867582678794861, 0.7053938508033752, '00:56']
[14, 0.4712607264518738, 0.47904106974601746, 0.9920846819877625, 0.05740801990032196, 0.17380383610725403, 1.159456491470337, 0.8894729614257812, 0.9011126756668091, 0.9011126756668091, 0.2428862452507019, '00:55']
[15, 0.4745531380176544, 0.47540080547332764, 0.9918006062507629, 0.05683402717113495, 0.17411600053310394, 1.2011483907699585, 0.9000855684280396, 0.9030519723892212, 0.9030519723892212, 0.32815855741500854, '00:55']
[16, 0.4778441786766052, 0.46428385376930237, 0.9898571372032166, 0.07570026069879532, 0.17513930797576904, 1.3729603290557861, 0.8750417232513428, 0.8749449253082275, 0.8749449253082275, 0.8554775714874268, '00:55']
[17, 0.4727301597595215, 0.46541762351989746, 0.9912607073783875, 0.07384075969457626, 0.1744326651096344, 1.2643530368804932, 0.8789991736412048, 0.8810067176818848, 0.8810067176818848, 0.49743151664733887, '00:55']
[18, 0.45808979868888855, 0.4581267237663269, 0.9911938905715942, 0.08131025731563568, 0.17435383796691895, 1.2753450870513916, 0.8589630722999573, 0.8624714016914368, 0.8624714016914368, 0.5390214920043945, '00:55']
[19, 0.4624401032924652, 0.49810791015625, 0.97598797082901, 0.058885179460048676, 0.18259282410144806, 1.7200102806091309, 0.8806154131889343, 0.9012841582298279, 0.9012841582298279, 4.63238525390625, '00:55']
[20, 0.457061767578125, 0.46496132016181946, 0.9891254901885986, 0.07679454237222672, 0.1755024492740631, 1.4131911993026733, 0.8689386248588562, 0.8719390034675598, 0.8719390034675598, 1.1016875505447388, '00:56']
[21, 0.465690016746521, 0.4813581705093384, 0.9918277263641357, 0.05137303099036217, 0.17389951646327972, 1.181481122970581, 0.8983947038650513, 0.9088369607925415, 0.9088369607925415, 0.31535470485687256, '00:56']
[22, 0.46884578466415405, 0.47554826736450195, 0.9839646816253662, 0.07150348275899887, 0.1783759891986847, 1.5938509702682495, 0.8722322583198547, 0.8832436203956604, 0.8832436203956604, 2.744265556335449, '00:56']
[23, 0.45879116654396057, 0.4711553752422333, 0.9884229302406311, 0.07011009007692337, 0.17588545382022858, 1.448986530303955, 0.8810124397277832, 0.8841466307640076, 0.8841466307640076, 1.2859774827957153, '00:55']
[24, 0.4570388197898865, 0.4608021080493927, 0.9891777038574219, 0.08270646631717682, 0.1754688024520874, 1.4038379192352295, 0.8624304533004761, 0.864840567111969, 0.864840567111969, 1.0903171300888062, '00:56']
[25, 0.4564407765865326, 0.4619544446468353, 0.9886225461959839, 0.08198630064725876, 0.17579452693462372, 1.4374653100967407, 0.8641915321350098, 0.8645657300949097, 0.8645657300949097, 1.138685941696167, '00:55']
[26, 0.45461466908454895, 0.45819512009620667, 0.9910106062889099, 0.08348612487316132, 0.17442671954631805, 1.2913832664489746, 0.8560543656349182, 0.8614513874053955, 0.8614513874053955, 0.6222217082977295, '00:55']
[27, 0.44745051860809326, 0.5034273266792297, 0.9721519947052002, 0.06002872809767723, 0.1843792051076889, 1.7378321886062622, 0.8693276047706604, 0.8962676525115967, 0.8962676525115967, 6.294214248657227, '00:55']
No improvement since epoch 18: early stopping
----------
4
----------
DLS create!
[0, 0.5169913172721863, 0.5275689363479614, 0.9694643616676331, 0.04232386499643326, 0.1860000640153885, 1.705873727798462, 0.9310659170150757, 0.9220935702323914, 0.9220935702323914, inf, '00:56']
[1, 0.5005348920822144, 0.4962809681892395, 0.9870966672897339, nan, 0.1759907752275467, 1.3875449895858765, 0.9248553514480591, 0.9132283329963684, 0.9132283329963684, nan, '00:55']
[2, 0.5009552836418152, 0.4969811737537384, 0.9727348685264587, 0.06266210973262787, 0.18460950255393982, 1.6716086864471436, 0.8953065872192383, 0.8952544331550598, 0.8952544331550598, inf, '00:55']
[3, 0.49688205122947693, 0.49515143036842346, 0.9789788126945496, 0.06018056720495224, 0.1799568235874176, 1.5896703004837036, 0.8991608619689941, 0.8897578716278076, 0.8897578716278076, inf, '00:56']
[4, 0.49177590012550354, 0.5233157277107239, 0.9639753103256226, 0.04619539529085159, 0.18727144598960876, 1.7330256700515747, 0.9139539003372192, 0.910190224647522, 0.910190224647522, inf, '00:55']
[5, 0.4882065951824188, 0.49329450726509094, 0.9896231889724731, 0.04397875815629959, 0.17418669164180756, 1.202404260635376, 0.9153421521186829, 0.9110117554664612, 0.9110117554664612, inf, '00:55']
[6, 0.488847553730011, 0.5181918144226074, 0.9611705541610718, 0.05734966695308685, 0.18918782472610474, 1.7550772428512573, 0.8870366811752319, 0.8941104412078857, 0.8941104412078857, inf, '00:55']
[7, 0.4882870316505432, 0.49531954526901245, 0.9893568754196167, 0.04460570588707924, 0.17430990934371948, 1.2164431810379028, 0.9172506332397461, 0.9114574193954468, 0.9114574193954468, inf, '00:55']
[8, 0.48788484930992126, 0.47719818353652954, 0.9820179343223572, 0.07390275597572327, 0.1786525696516037, 1.534855604171753, 0.8815186619758606, 0.8722595572471619, 0.8722595572471619, inf, '00:56']
[9, 0.48344114422798157, 0.4894507825374603, 0.9895000457763672, 0.0512554869055748, 0.17420236766338348, 1.2124756574630737, 0.901884138584137, 0.8987108469009399, 0.8987108469009399, inf, '00:55']
[10, 0.48264771699905396, 0.4759860038757324, 0.9888798594474792, 0.0659751296043396, 0.1746918261051178, 1.2826706171035767, 0.8850334286689758, 0.8780655264854431, 0.8780655264854431, inf, '00:56']
[11, 0.48254674673080444, 0.4933571517467499, 0.9887654781341553, 0.045065999031066895, 0.17467693984508514, 1.2766146659851074, 0.9159619212150574, 0.9080304503440857, 0.9080304503440857, inf, '00:55']
[12, 0.49151909351348877, 0.48273760080337524, 0.9876185059547424, 0.06763514131307602, 0.1759941428899765, 1.3699774742126465, 0.8987495303153992, 0.8876965045928955, 0.8876965045928955, inf, '00:55']
[13, 0.4731391966342926, 0.49371927976608276, 0.9841691851615906, 0.05518392100930214, 0.17705322802066803, 1.4875645637512207, 0.9047229290008545, 0.8933915495872498, 0.8933915495872498, inf, '00:55']
[14, 0.47372201085090637, 0.466584175825119, 0.9860982894897461, 0.08257460594177246, 0.17625842988491058, 1.4314287900924683, 0.8655030131340027, 0.8547496795654297, 0.8547496795654297, inf, '00:55']
[15, 0.47390350699424744, 0.46032196283340454, 0.9873767495155334, 0.08944207429885864, 0.17553949356079102, 1.3608571290969849, 0.8541190028190613, 0.84500652551651, 0.84500652551651, inf, '00:55']
[16, 0.4699825644493103, 0.46491408348083496, 0.9848106503486633, 0.09024035930633545, 0.1770240217447281, 1.4802873134613037, 0.853487491607666, 0.8466331958770752, 0.8466331958770752, inf, '00:55']
[17, 0.464920312166214, 0.4607277810573578, 0.9885261058807373, 0.08587679266929626, 0.1748535931110382, 1.3199946880340576, 0.8551891446113586, 0.8469654321670532, 0.8469654321670532, inf, '00:55']
[18, 0.46315285563468933, 0.45969158411026, 0.9852452278137207, 0.09185297042131424, 0.17675352096557617, 1.4650373458862305, 0.8510993123054504, 0.8413501977920532, 0.8413501977920532, inf, '00:57']
[19, 0.4544050693511963, 0.4576965570449829, 0.986286997795105, 0.09826536476612091, 0.1761435568332672, 1.431715726852417, 0.8386768698692322, 0.8303400278091431, 0.8303400278091431, inf, '00:57']
[20, 0.4542355239391327, 0.4501343369483948, 0.9860520958900452, 0.10402222722768784, 0.17644937336444855, 1.4468226432800293, 0.8316090703010559, 0.8243510723114014, 0.8243510723114014, inf, '00:55']
[21, 0.4588778018951416, 0.445862740278244, 0.9872463345527649, 0.10912725329399109, 0.17570264637470245, 1.3993123769760132, 0.8261715769767761, 0.8170680403709412, 0.8170680403709412, inf, '00:56']
[22, 0.4658987522125244, 0.45298290252685547, 0.988593578338623, 0.10023926198482513, 0.17493237555027008, 1.3118654489517212, 0.8395546078681946, 0.8335854411125183, 0.8335854411125183, inf, '00:55']
[23, 0.45255333185195923, 0.45051369071006775, 0.9837685227394104, 0.10931268334388733, 0.17758537828922272, 1.5118106603622437, 0.8167629241943359, 0.8125249147415161, 0.8125249147415161, inf, '00:55']
[24, 0.4570515751838684, 0.45731258392333984, 0.9899504780769348, 0.08812569081783295, 0.17413561046123505, 1.2128677368164062, 0.842847466468811, 0.8439823389053345, 0.8439823389053345, inf, '00:55']
[25, 0.45584169030189514, 0.46050912141799927, 0.9885571002960205, 0.0917501375079155, 0.1749495267868042, 1.3123422861099243, 0.8538390398025513, 0.8438381552696228, 0.8438381552696228, inf, '00:56']
[26, 0.454780250787735, 0.44460418820381165, 0.9875801801681519, 0.11376164853572845, 0.17550702393054962, 1.3762078285217285, 0.8148033022880554, 0.8075394034385681, 0.8075394034385681, inf, '00:56']
[27, 0.4498107433319092, 0.4454024136066437, 0.9893710613250732, 0.10630082339048386, 0.17440050840377808, 1.2645716667175293, 0.8165525197982788, 0.814405083656311, 0.814405083656311, inf, '00:56']
[28, 0.4529494643211365, 0.44369813799858093, 0.9874283075332642, 0.11037203669548035, 0.1756938397884369, 1.3971002101898193, 0.8221519589424133, 0.8154712915420532, 0.8154712915420532, inf, '00:56']
[29, 0.451535701751709, 0.4470645487308502, 0.9873904585838318, 0.11097420752048492, 0.17553646862506866, 1.3781120777130127, 0.8144350647926331, 0.808434009552002, 0.808434009552002, inf, '00:55']
[30, 0.44654929637908936, 0.4593268036842346, 0.9899506568908691, 0.08859936147928238, 0.17401854693889618, 1.1941787004470825, 0.8395169377326965, 0.8426992893218994, 0.8426992893218994, inf, '00:55']
[31, 0.44327351450920105, 0.4691036641597748, 0.9799349904060364, 0.09929833561182022, 0.17964191734790802, 1.6084990501403809, 0.8225914835929871, 0.8252357244491577, 0.8252357244491577, inf, '00:55']
[32, 0.45119360089302063, 0.47269827127456665, 0.9792746901512146, 0.08889883011579514, 0.17993023991584778, 1.6156548261642456, 0.8380215167999268, 0.8411350846290588, 0.8411350846290588, inf, '00:55']
[33, 0.4475596249103546, 0.46189239621162415, 0.9899856448173523, nan, 0.17391878366470337, 1.1711955070495605, 0.8343562483787537, 0.8419786095619202, 0.8419786095619202, nan, '00:55']
[34, 0.4473341107368469, 0.43668368458747864, 0.9873426556587219, 0.12540102005004883, 0.17567719519138336, 1.393158197402954, 0.7939843535423279, 0.7881276607513428, 0.7881276607513428, inf, '00:55']
[35, 0.44912397861480713, 0.4652153551578522, 0.9896597862243652, nan, 0.17412826418876648, 1.1927164793014526, 0.8479383587837219, 0.8506234288215637, 0.8506234288215637, nan, '00:55']
[36, 0.44474372267723083, 0.45134133100509644, 0.9870484471321106, 0.10165266692638397, 0.175714910030365, 1.4092230796813965, 0.8303380012512207, 0.8216721415519714, 0.8216721415519714, inf, '00:57']
[37, 0.44437673687934875, 0.4538758397102356, 0.9878574013710022, 0.10011106729507446, 0.17520926892757416, 1.3511897325515747, 0.8297852277755737, 0.8242771029472351, 0.8242771029472351, inf, '00:57']
[38, 0.44094154238700867, 0.44637322425842285, 0.9886826276779175, 0.10609744489192963, 0.17481601238250732, 1.3043644428253174, 0.8203547596931458, 0.8168523907661438, 0.8168523907661438, inf, '00:55']
[39, 0.44435521960258484, 0.46319127082824707, 0.9852507710456848, 0.09260028600692749, 0.17667149007320404, 1.4675694704055786, 0.8415417075157166, 0.8353140354156494, 0.8353140354156494, inf, '00:55']
[40, 0.44291940331459045, 0.4456140995025635, 0.9895374178886414, 0.10558449476957321, 0.1743277758359909, 1.233418345451355, 0.8137123584747314, 0.8140692114830017, 0.8140692114830017, inf, '00:55']
[41, 0.44247087836265564, 0.43875980377197266, 0.9849258661270142, 0.1228126809000969, 0.17706771194934845, 1.4922090768814087, 0.798062801361084, 0.7948724031448364, 0.7948724031448364, inf, '00:55']
[42, 0.4463372230529785, 0.426130473613739, 0.9879086017608643, 0.1320473849773407, 0.17548857629299164, 1.3721182346343994, 0.7850930094718933, 0.7798951268196106, 0.7798951268196106, inf, '00:55']
[43, 0.43059393763542175, 0.44307732582092285, 0.9893991351127625, 0.10980512946844101, 0.1743842512369156, 1.252145528793335, 0.8064061999320984, 0.8060829043388367, 0.8060829043388367, inf, '00:55']
[44, 0.4362204372882843, 0.4247957170009613, 0.986355721950531, 0.13775601983070374, 0.17640815675258636, 1.4344730377197266, 0.776199460029602, 0.7729747891426086, 0.7729747891426086, inf, '00:56']
[45, 0.4429878294467926, 0.45447269082069397, 0.9878243803977966, 0.09857235103845596, 0.17518563568592072, 1.3462005853652954, 0.8295378088951111, 0.825040340423584, 0.825040340423584, inf, '00:56']
[46, 0.4394342601299286, 0.4330575466156006, 0.9880185127258301, 0.1215447410941124, 0.17533254623413086, 1.36952805519104, 0.7998247742652893, 0.7940790057182312, 0.7940791249275208, inf, '00:56']
[47, 0.42858079075813293, 0.4354040324687958, 0.9881398677825928, 0.12240033596754074, 0.17515608668327332, 1.3544598817825317, 0.7916474342346191, 0.7900874614715576, 0.7900874614715576, inf, '00:55']
[48, 0.4356761574745178, 0.4274286925792694, 0.985702395439148, 0.13354156911373138, 0.17676660418510437, 1.4639787673950195, 0.778533399105072, 0.7780178785324097, 0.7780178785324097, inf, '00:55']
[49, 0.43937191367149353, 0.44513192772865295, 0.9813692569732666, 0.11915402859449387, 0.17902231216430664, 1.5665391683578491, 0.7949435710906982, 0.7985791563987732, 0.7985791563987732, inf, '00:55']
[50, 0.43059149384498596, 0.4353783428668976, 0.9893797636032104, 0.11793434619903564, 0.1745036244392395, 1.2745634317398071, 0.8032839894294739, 0.7986248731613159, 0.7986248731613159, inf, '00:56']
[51, 0.4274965226650238, 0.43113085627555847, 0.9892123341560364, nan, 0.17460638284683228, 1.2902483940124512, 0.7873838543891907, 0.786166787147522, 0.786166787147522, nan, '00:55']
[52, 0.43619734048843384, 0.4271950125694275, 0.9865648150444031, 0.1341620534658432, 0.17628322541713715, 1.4398643970489502, 0.7833819389343262, 0.7790989279747009, 0.7790989279747009, inf, '00:55']
[53, 0.4347854256629944, 0.4246640205383301, 0.98897784948349, 0.12976209819316864, 0.17487208545207977, 1.3216567039489746, 0.7816116213798523, 0.7788735628128052, 0.7788735628128052, inf, '00:55']
[54, 0.43374356627464294, 0.42733919620513916, 0.9858700633049011, 0.1357838362455368, 0.1766081154346466, 1.464123010635376, 0.7769889235496521, 0.7750307321548462, 0.7750308513641357, inf, '00:56']
[55, 0.4333897829055786, 0.43022632598876953, 0.986634373664856, 0.12900008261203766, 0.17608478665351868, 1.4241318702697754, 0.7869576811790466, 0.7825644612312317, 0.7825644612312317, inf, '00:57']
[56, 0.43050417304039, 0.42938315868377686, 0.9850069880485535, 0.13382452726364136, 0.17707157135009766, 1.479029893875122, 0.7771968245506287, 0.7754927277565002, 0.7754927277565002, inf, '00:55']
[57, 0.42587047815322876, 0.44615545868873596, 0.9818700551986694, 0.11467625200748444, 0.17866036295890808, 1.5567585229873657, 0.7993938326835632, 0.8018873333930969, 0.8018873333930969, inf, '00:55']
[58, 0.4282459616661072, 0.4243123233318329, 0.987401008605957, 0.13488754630088806, 0.1757325679063797, 1.3874258995056152, 0.7750529050827026, 0.7721374034881592, 0.7721374034881592, inf, '00:55']
[59, 0.4300094544887543, 0.432904988527298, 0.9894297122955322, 0.12546870112419128, 0.1744631677865982, 1.2716985940933228, 0.7896864414215088, 0.7870650291442871, 0.7870650291442871, inf, '00:56']
[60, 0.4382626712322235, 0.4332229495048523, 0.9894310235977173, 0.12108027935028076, 0.17447277903556824, 1.2731173038482666, 0.7930521368980408, 0.7935891151428223, 0.7935891151428223, inf, '00:56']
[61, 0.430562824010849, 0.42021283507347107, 0.9874659776687622, 0.1394379734992981, 0.17585168778896332, 1.3997387886047363, 0.7697737216949463, 0.767218828201294, 0.767218828201294, inf, '00:55']
[62, 0.4301617741584778, 0.42583391070365906, 0.9884374141693115, 0.13234539330005646, 0.17512300610542297, 1.344083547592163, 0.7849414348602295, 0.7794812917709351, 0.7794812917709351, inf, '00:55']
[63, 0.42668765783309937, 0.43119004368782043, 0.9889847040176392, 0.12278950214385986, 0.17480412125587463, 1.3011040687561035, 0.7949368953704834, 0.793965220451355, 0.793965220451355, inf, '00:56']
[64, 0.4322117865085602, 0.42415523529052734, 0.9887647032737732, 0.13671115040779114, 0.17488083243370056, 1.3210784196853638, 0.771766185760498, 0.7700783610343933, 0.7700783610343933, inf, '00:56']
[65, 0.43850696086883545, 0.44948524236679077, 0.9904764890670776, 0.09868837147951126, 0.1739165484905243, 1.1899269819259644, 0.8177355527877808, 0.8278129696846008, 0.8278129696846008, inf, '00:55']
[66, 0.42102816700935364, 0.4354760944843292, 0.9884150624275208, 0.12054012715816498, 0.17504242062568665, 1.309754729270935, 0.7951937913894653, 0.7923715114593506, 0.7923715114593506, inf, '00:55']
[67, 0.4210529625415802, 0.41790062189102173, 0.9880673289299011, 0.13912738859653473, 0.17538899183273315, 1.373297929763794, 0.767828643321991, 0.7650762796401978, 0.7650762796401978, inf, '00:55']
[68, 0.42725980281829834, 0.43096452951431274, 0.9887323975563049, 0.12726940214633942, 0.17489352822303772, 1.3237574100494385, 0.7843241095542908, 0.7816378474235535, 0.7816378474235535, inf, '00:55']
[69, 0.4304617643356323, 0.42120474576950073, 0.9873687624931335, 0.13590233027935028, 0.17576411366462708, 1.3870958089828491, 0.775215208530426, 0.7708008885383606, 0.7708008885383606, inf, '00:55']
[70, 0.4270261824131012, 0.4234471619129181, 0.9891587495803833, 0.13286787271499634, 0.1747395098209381, 1.3006947040557861, 0.7771883010864258, 0.776265025138855, 0.776265025138855, inf, '00:56']
[71, 0.424235075712204, 0.42393171787261963, 0.987037181854248, 0.13836359977722168, 0.17599228024482727, 1.4239857196807861, 0.7738775610923767, 0.7704216837882996, 0.7704216837882996, inf, '00:55']
[72, 0.42298129200935364, 0.4313858449459076, 0.9878429770469666, 0.12655691802501678, 0.1754949986934662, 1.385552167892456, 0.79308021068573, 0.7882502675056458, 0.7882503271102905, inf, '00:55']
[73, 0.4298308789730072, 0.4238027334213257, 0.9891964197158813, 0.13396921753883362, 0.17464371025562286, 1.3038607835769653, 0.7747419476509094, 0.7740241885185242, 0.7740241885185242, inf, '00:55']
[74, 0.42900848388671875, 0.4436098337173462, 0.9832268953323364, 0.12564049661159515, 0.17798124253749847, 1.5364234447479248, 0.7809300422668457, 0.7825286984443665, 0.7825286984443665, inf, '00:55']
[75, 0.42279163002967834, 0.426096647977829, 0.9904205799102783, nan, 0.17397120594978333, 1.1904516220092773, 0.7815048694610596, 0.7861611247062683, 0.7861611247062683, nan, '00:55']
[76, 0.42053869366645813, 0.43546608090400696, 0.9902089238166809, nan, 0.17400486767292023, 1.1956630945205688, 0.7853972911834717, 0.7951738834381104, 0.7951738834381104, nan, '00:56']
No improvement since epoch 67: early stopping
FPN_vgg19 Done!
