Models will save to FPN_res152_x
Use resnet152 encoder
Start training...
----------
0
----------
DLS create!
[0, 0.5222795605659485, 0.5159151554107666, 0.9934243559837341, 0.003468443639576435, 0.17511849105358124, 1.1749223470687866, 0.9913814663887024, 0.9871695041656494, 0.9871695041656494, 0.11229028552770615, '01:11']
[1, 0.5142996311187744, 0.4985694885253906, 0.9914253950119019, 0.025936612859368324, 0.1758563369512558, 1.4021230936050415, 0.9583905339241028, 0.9546147584915161, 0.9546147584915161, 0.817138135433197, '01:07']
[2, 0.5124087333679199, 0.5075510144233704, 0.9934983849525452, 0.007228237111121416, 0.17409107089042664, 1.1289527416229248, 0.9777511358261108, 0.9768519401550293, 0.9768519401550293, 0.09444349259138107, '01:09']
[3, 0.506438136100769, 0.48620733618736267, 0.99149090051651, 0.04523281008005142, 0.17590869963169098, 1.391941785812378, 0.9324678182601929, 0.9317505955696106, 0.9317505955696106, 0.8753757476806641, '01:08']
[4, 0.5051789879798889, 0.5069829225540161, 0.9905130863189697, 0.02044491469860077, 0.17582908272743225, 1.4245357513427734, 0.9660171866416931, 0.9633594751358032, 0.9633594751358032, 1.107054591178894, '01:10']
[5, 0.5070582628250122, 0.49771589040756226, 0.990565836429596, 0.027479471638798714, 0.17556919157505035, 1.4112179279327393, 0.9499617218971252, 0.9475254416465759, 0.9475254416465759, 0.9319422245025635, '01:08']
[6, 0.5032633543014526, 0.47965750098228455, 0.9909474849700928, 0.05069928988814354, 0.17588384449481964, 1.427286982536316, 0.918083131313324, 0.9184551239013672, 0.9184551239013672, 1.0809338092803955, '01:08']
[7, 0.49249494075775146, 0.48188516497612, 0.9896538257598877, 0.050076935440301895, 0.17602409422397614, 1.4632294178009033, 0.9156655669212341, 0.9153839945793152, 0.9153839945793152, 1.5097166299819946, '01:08']
[8, 0.49952074885368347, 0.49196040630340576, 0.9857160449028015, 0.04720566049218178, 0.17879393696784973, 1.597301959991455, 0.9233459830284119, 0.9279462695121765, 0.9279462695121765, 2.714419364929199, '01:08']
[9, 0.4912303686141968, 0.4816115200519562, 0.9877755641937256, 0.05472083017230034, 0.1781662404537201, 1.5205665826797485, 0.9120969176292419, 0.9176405668258667, 0.9176405668258667, 2.0363218784332275, '01:08']
[10, 0.4855746030807495, 0.46267616748809814, 0.9918448328971863, 0.07154420763254166, 0.17513233423233032, 1.3759657144546509, 0.8844797611236572, 0.88631671667099, 0.88631671667099, 0.8972088098526001, '01:09']
[11, 0.48055359721183777, 0.4619519114494324, 0.9923431277275085, 0.07065653055906296, 0.17444509267807007, 1.317745566368103, 0.8799716234207153, 0.8813780546188354, 0.8813780546188354, 0.6422624588012695, '01:09']
[12, 0.47462892532348633, 0.4583066701889038, 0.9886006116867065, 0.08471406251192093, 0.1767515391111374, 1.5196924209594727, 0.8658450841903687, 0.8710957765579224, 0.8710957765579224, 1.9318773746490479, '01:08']
[13, 0.4685114920139313, 0.44983983039855957, 0.9893479943275452, 0.09289959073066711, 0.17618446052074432, 1.495388150215149, 0.8483697175979614, 0.8532856702804565, 0.8532856702804565, 1.7287508249282837, '01:09']
[14, 0.47468212246894836, 0.44238701462745667, 0.9918752908706665, 0.10302208364009857, 0.17487412691116333, 1.36578369140625, 0.84408038854599, 0.8458759784698486, 0.8458759784698486, 0.9477267861366272, '01:09']
[15, 0.46344369649887085, 0.4610346555709839, 0.9910637736320496, 0.07494892925024033, 0.17504726350307465, 1.3941676616668701, 0.8723546862602234, 0.8747940063476562, 0.8747940063476562, 1.0551375150680542, '01:08']
[16, 0.4652239978313446, 0.4472719430923462, 0.9891258478164673, 0.09806713461875916, 0.1764046549797058, 1.4975284337997437, 0.8396355509757996, 0.8463020920753479, 0.8463020920753479, 1.542717695236206, '01:08']
[17, 0.4634622633457184, 0.4379979074001312, 0.990501880645752, 0.10466960072517395, 0.17554466426372528, 1.4360440969467163, 0.8248045444488525, 0.8295217752456665, 0.8295217752456665, 1.2208865880966187, '01:08']
[18, 0.4641697108745575, 0.4511990547180176, 0.9928064942359924, 0.08556630462408066, 0.1742422878742218, 1.2312135696411133, 0.8575929999351501, 0.8623291850090027, 0.8623291850090027, 0.45662981271743774, '01:08']
[19, 0.46707114577293396, 0.4449169635772705, 0.9919354915618896, 0.09506618231534958, 0.1746540516614914, 1.341083288192749, 0.8416098356246948, 0.8450273275375366, 0.8450273275375366, 0.8397047519683838, '01:08']
[20, 0.4640016257762909, 0.43994268774986267, 0.9885091781616211, 0.10644350200891495, 0.17662550508975983, 1.531516194343567, 0.8180441856384277, 0.8279482126235962, 0.8279482126235962, 1.8795421123504639, '01:08']
[21, 0.4649159014225006, 0.4339440166950226, 0.990050733089447, 0.11287863552570343, 0.17584747076034546, 1.4496692419052124, 0.8176414966583252, 0.8248167037963867, 0.8248167037963867, 1.4478431940078735, '01:10']
[22, 0.46299296617507935, 0.44633418321609497, 0.9911850094795227, 0.09397061914205551, 0.17518627643585205, 1.3742077350616455, 0.8444561958312988, 0.848514199256897, 0.848514199256897, 1.0560522079467773, '01:08']
[23, 0.4545755386352539, 0.4519304037094116, 0.9857666492462158, 0.09618209302425385, 0.17807917296886444, 1.5988422632217407, 0.8270745873451233, 0.8424147367477417, 0.8424147367477417, 2.522969961166382, '01:08']
[24, 0.4625859260559082, 0.4286172688007355, 0.9905309081077576, 0.11921452730894089, 0.1756313294172287, 1.4486359357833862, 0.8100404739379883, 0.8151747584342957, 0.8151747584342957, 1.3596744537353516, '01:08']
[25, 0.46159473061561584, 0.43474695086479187, 0.9897624254226685, 0.1153191328048706, 0.1762656271457672, 1.47925865650177, 0.821769118309021, 0.8292773365974426, 0.8292773365974426, 1.614815354347229, '01:09']
[26, 0.44316402077674866, 0.4374472200870514, 0.992864727973938, 0.10528545826673508, 0.1741936206817627, 1.2516117095947266, 0.8172200322151184, 0.8289249539375305, 0.8289249539375305, 0.6252177357673645, '01:09']
[27, 0.454188734292984, 0.43250295519828796, 0.9903483986854553, 0.11214935034513474, 0.17562034726142883, 1.4482709169387817, 0.813919186592102, 0.8186599612236023, 0.8186599612236023, 1.3005751371383667, '01:08']
[28, 0.457144170999527, 0.4257674515247345, 0.9902694821357727, 0.12350822240114212, 0.1758260726928711, 1.4449923038482666, 0.8053561449050903, 0.8109217286109924, 0.8109217286109924, 1.343178153038025, '01:10']
[29, 0.45367056131362915, 0.44329768419265747, 0.9929611682891846, 0.09361588209867477, 0.1741243600845337, 1.260798454284668, 0.8405342698097229, 0.8468533754348755, 0.8468533754348755, 0.571918785572052, '01:09']
[30, 0.4570086896419525, 0.44296544790267944, 0.9891337156295776, 0.10356210172176361, 0.17656564712524414, 1.5199182033538818, 0.8298811912536621, 0.8378580808639526, 0.8378580808639526, 1.6908917427062988, '01:09']
[31, 0.4501834511756897, 0.42897528409957886, 0.9903445243835449, 0.11852330714464188, 0.17573736608028412, 1.4442120790481567, 0.8072194457054138, 0.8155785202980042, 0.8155785202980042, 1.3816499710083008, '01:10']
[32, 0.4444502592086792, 0.42966318130493164, 0.9892937541007996, 0.11824734508991241, 0.1762077659368515, 1.504209041595459, 0.8011960387229919, 0.8092548847198486, 0.8092548847198486, 1.7207945585250854, '01:09']
[33, 0.44739285111427307, 0.44045108556747437, 0.9913876056671143, 0.10164738446474075, 0.1750970035791397, 1.353658676147461, 0.8330548405647278, 0.839147686958313, 0.839147686958313, 0.927700936794281, '01:09']
[34, 0.45700427889823914, 0.4553106725215912, 0.9841607213020325, 0.09658884257078171, 0.17911668121814728, 1.6317850351333618, 0.8218243718147278, 0.8426499962806702, 0.8426498174667358, 2.9001822471618652, '01:09']
[35, 0.44908735156059265, 0.4346553683280945, 0.9876549243927002, 0.11514031141996384, 0.17723849415779114, 1.5664573907852173, 0.8029621839523315, 0.816896378993988, 0.816896378993988, 2.1984353065490723, '01:10']
[36, 0.4454847276210785, 0.4325796663761139, 0.9902903437614441, 0.11160118132829666, 0.17568239569664001, 1.458514928817749, 0.8190072774887085, 0.8233417272567749, 0.8233417272567749, 1.4569315910339355, '01:08']
[37, 0.44698506593704224, 0.4670928418636322, 0.976356565952301, 0.0901883989572525, 0.18301789462566376, 1.758236050605774, 0.8176774382591248, 0.8523958921432495, 0.8523958921432495, 5.4271368980407715, '01:07']
No improvement since epoch 28: early stopping
----------
1
----------
DLS create!
[0, 0.521786630153656, 0.5162233710289001, 0.993131697177887, nan, 0.17562006413936615, 1.0577973127365112, 0.996702253818512, 0.961631715297699, 0.961631715297699, nan, '01:08']
[1, 0.5143230557441711, 0.5139188170433044, 0.9925905466079712, 0.005171327851712704, 0.17442487180233002, 1.236741542816162, 0.9846784472465515, 0.9533222317695618, 0.9533222317695618, inf, '01:07']
[2, 0.5167285799980164, 0.5088499784469604, 0.9927105903625488, 0.011115482077002525, 0.1745213270187378, 1.2407680749893188, 0.9735627770423889, 0.9439784288406372, 0.9439784288406372, inf, '01:07']
[3, 0.5066125392913818, 0.4977186918258667, 0.9881142973899841, 0.040813855826854706, 0.17782139778137207, 1.5352003574371338, 0.9414620399475098, 0.9141298532485962, 0.9141298532485962, inf, '01:07']
[4, 0.5052907466888428, 0.4990878105163574, 0.9889681339263916, 0.029780244454741478, 0.17643789947032928, 1.5190839767456055, 0.9460935592651367, 0.9187005162239075, 0.9187004566192627, inf, '01:07']
[5, 0.49874770641326904, 0.48325639963150024, 0.9903095364570618, 0.04905930534005165, 0.17576783895492554, 1.4758384227752686, 0.9149690270423889, 0.8914667367935181, 0.8914667367935181, inf, '01:07']
[6, 0.4921934902667999, 0.4833422601222992, 0.9835172295570374, 0.06118599325418472, 0.17908021807670593, 1.6639652252197266, 0.8940259218215942, 0.8730883002281189, 0.8730883002281189, inf, '01:07']
[7, 0.49112439155578613, 0.48646220564842224, 0.9825081825256348, 0.05573780834674835, 0.17920464277267456, 1.6837873458862305, 0.8970414996147156, 0.8767572641372681, 0.8767572641372681, inf, '01:08']
[8, 0.48717424273490906, 0.4957123398780823, 0.9860880970954895, 0.03957037255167961, 0.1778896003961563, 1.606722116470337, 0.9291220307350159, 0.9049929976463318, 0.9049929976463318, inf, '01:08']
[9, 0.4826831817626953, 0.4731002151966095, 0.9893906712532043, 0.06393308192491531, 0.17567478120326996, 1.5074115991592407, 0.8824352025985718, 0.8624510169029236, 0.8624510169029236, inf, '01:09']
[10, 0.4766683280467987, 0.46687939763069153, 0.989059329032898, 0.07438741624355316, 0.17589932680130005, 1.5108121633529663, 0.8735699653625488, 0.8521116375923157, 0.8521116375923157, inf, '01:08']
[11, 0.47249314188957214, 0.45852169394493103, 0.9927513003349304, 0.07942435890436172, 0.1738208830356598, 1.2444254159927368, 0.8568276762962341, 0.8394400477409363, 0.8394400477409363, inf, '01:08']
[12, 0.4704345166683197, 0.47153180837631226, 0.9823490381240845, 0.07611699402332306, 0.17965959012508392, 1.6797237396240234, 0.8686554431915283, 0.8544468879699707, 0.8544468879699707, inf, '01:09']
[13, 0.475201815366745, 0.4708079695701599, 0.9926050305366516, 0.06028549373149872, 0.17389985918998718, 1.257698893547058, 0.8869425654411316, 0.8669226765632629, 0.8669226765632629, inf, '01:08']
[14, 0.4683320224285126, 0.46638163924217224, 0.9838277101516724, 0.08022770285606384, 0.17876459658145905, 1.676077127456665, 0.8583969473838806, 0.843421459197998, 0.843421459197998, inf, '01:09']
[15, 0.46978116035461426, 0.45948150753974915, 0.9917062520980835, 0.08463548868894577, 0.17448081076145172, 1.397342324256897, 0.8558045625686646, 0.8370553851127625, 0.8370553851127625, inf, '01:08']
[16, 0.4617834687232971, 0.4448617994785309, 0.9888508915901184, 0.1019062027335167, 0.17633026838302612, 1.5484431982040405, 0.8291951417922974, 0.8107183575630188, 0.8107183575630188, inf, '01:09']
[17, 0.46570953726768494, 0.4606042206287384, 0.9850738644599915, 0.08747091144323349, 0.17817507684230804, 1.657699465751648, 0.8415098190307617, 0.8281207084655762, 0.8281207084655762, inf, '01:08']
[18, 0.4596576690673828, 0.4543876349925995, 0.9864280223846436, 0.0911678895354271, 0.1774907410144806, 1.6330909729003906, 0.8396158218383789, 0.8247076869010925, 0.8247076869010925, inf, '01:08']
[19, 0.4599498212337494, 0.432264119386673, 0.9906092286109924, 0.11506009846925735, 0.1753002256155014, 1.48610258102417, 0.8131720423698425, 0.7889320850372314, 0.7889320850372314, inf, '01:08']
[20, 0.46345946192741394, 0.44093528389930725, 0.9893159866333008, 0.10386696457862854, 0.17595535516738892, 1.5513557195663452, 0.8240031003952026, 0.8053363561630249, 0.8053363561630249, inf, '01:08']
[21, 0.4616601765155792, 0.44613170623779297, 0.9908511638641357, 0.09784800559282303, 0.17513975501060486, 1.4199278354644775, 0.8378664255142212, 0.8175471425056458, 0.8175471425056458, inf, '01:08']
[22, 0.46101129055023193, 0.4646579325199127, 0.985336422920227, 0.08041350543498993, 0.1781182736158371, 1.670456886291504, 0.8561641573905945, 0.8386266231536865, 0.8386266231536865, inf, '01:09']
[23, 0.46155020594596863, 0.4298144280910492, 0.9912808537483215, 0.11727869510650635, 0.17496369779109955, 1.440895676612854, 0.810442328453064, 0.7872514128684998, 0.7872514128684998, inf, '01:08']
[24, 0.45485469698905945, 0.4554935395717621, 0.9836797714233398, 0.09644089639186859, 0.17922741174697876, 1.6926692724227905, 0.8261285424232483, 0.8197215795516968, 0.8197215795516968, inf, '01:08']
[25, 0.4553743004798889, 0.44430097937583923, 0.9891778230667114, 0.10131856799125671, 0.17602035403251648, 1.5645666122436523, 0.8284251093864441, 0.809290885925293, 0.809290885925293, inf, '01:08']
[26, 0.4578494727611542, 0.43394050002098083, 0.9907045364379883, 0.11328122764825821, 0.17517586052417755, 1.4805291891098022, 0.8138165473937988, 0.7948192954063416, 0.7948192954063416, inf, '01:08']
[27, 0.45993492007255554, 0.4455035328865051, 0.9889602661132812, 0.10027522593736649, 0.17608164250850677, 1.5439040660858154, 0.8246560096740723, 0.8109845519065857, 0.8109845519065857, inf, '01:09']
[28, 0.4584389328956604, 0.4314318001270294, 0.9920254945755005, 0.11427471041679382, 0.17437492311000824, 1.3808673620224, 0.8128553032875061, 0.7891947627067566, 0.7891947627067566, inf, '01:08']
[29, 0.4477269649505615, 0.43447262048721313, 0.9897535443305969, 0.1107265055179596, 0.1757536381483078, 1.5283104181289673, 0.8134128451347351, 0.7940000295639038, 0.7940000295639038, inf, '01:08']
[30, 0.4477725923061371, 0.4432758092880249, 0.9851067066192627, 0.10773263871669769, 0.17825208604335785, 1.6783366203308105, 0.8041979074478149, 0.7980316281318665, 0.7980316281318665, inf, '01:08']
[31, 0.4552391469478607, 0.42463064193725586, 0.991917610168457, 0.12564359605312347, 0.17453992366790771, 1.3904168605804443, 0.8025321960449219, 0.7781508564949036, 0.7781509757041931, inf, '01:08']
[32, 0.45035040378570557, 0.4433237612247467, 0.9909586310386658, 0.10051974654197693, 0.1749400645494461, 1.4761223793029785, 0.8306643962860107, 0.8079584836959839, 0.8079584836959839, inf, '01:08']
[33, 0.444582462310791, 0.4321376085281372, 0.9896931052207947, 0.1187668964266777, 0.17581936717033386, 1.5467935800552368, 0.8052347898483276, 0.7845748662948608, 0.7845748662948608, inf, '01:08']
[34, 0.4519251883029938, 0.43541067838668823, 0.9902698397636414, 0.10988134890794754, 0.17538727819919586, 1.5079458951950073, 0.8158350586891174, 0.794189989566803, 0.794189989566803, inf, '01:09']
[35, 0.43640583753585815, 0.43567243218421936, 0.9924057722091675, 0.10997644811868668, 0.174152672290802, 1.3063805103302002, 0.813420295715332, 0.7945321798324585, 0.7945321798324585, inf, '01:09']
[36, 0.44668930768966675, 0.43437740206718445, 0.9904746413230896, 0.11244188249111176, 0.17533591389656067, 1.5026493072509766, 0.8148465752601624, 0.7931826710700989, 0.7931826710700989, inf, '01:08']
[37, 0.45238304138183594, 0.42707526683807373, 0.9901336431503296, 0.12239114940166473, 0.17549480497837067, 1.5314419269561768, 0.7992962598800659, 0.7796177864074707, 0.7796177864074707, inf, '01:09']
[38, 0.4404613673686981, 0.4311408996582031, 0.9910281896591187, 0.11601818352937698, 0.17505024373531342, 1.4700233936309814, 0.8088257312774658, 0.785776674747467, 0.785776674747467, inf, '01:08']
[39, 0.44577935338020325, 0.42906641960144043, 0.9901515245437622, 0.12028096616268158, 0.17561441659927368, 1.5041022300720215, 0.8022578358650208, 0.7819938063621521, 0.7819938063621521, inf, '01:08']
[40, 0.44728437066078186, 0.4344533383846283, 0.9895179271697998, 0.11711433529853821, 0.17623284459114075, 1.5497040748596191, 0.8128244280815125, 0.7959649562835693, 0.7959649562835693, inf, '01:09']
No improvement since epoch 31: early stopping
----------
2
----------
DLS create!
[0, 0.5221644639968872, 0.5197858810424805, 0.9927894473075867, 0.0, 0.17431247234344482, 1.0275912284851074, 0.9977696537971497, 0.9945974946022034, 0.9945974946022034, 0.0, '01:09']
[1, 0.5156506896018982, 0.5073549151420593, 0.9900025129318237, 0.026674626395106316, 0.17696040868759155, 1.4589159488677979, 0.9625445008277893, 0.9610157012939453, 0.9610157012939453, 1.6089272499084473, '01:08']
[2, 0.5165006518363953, 0.5176646113395691, 0.9922550320625305, 0.0013225721195340157, 0.17434225976467133, 1.1734066009521484, 0.9915984272956848, 0.989493727684021, 0.989493727684021, 0.1975993663072586, '01:09']
[3, 0.5052061080932617, 0.5102085471153259, 0.9903005361557007, 0.0209454707801342, 0.17501887679100037, 1.4361492395401, 0.9586032032966614, 0.9595638513565063, 0.9595638513565063, 1.2887561321258545, '01:08']
[4, 0.5052366256713867, 0.5130252242088318, 0.9859933257102966, 0.025188328698277473, 0.17953361570835114, 1.5820295810699463, 0.9620543718338013, 0.9614392518997192, 0.9614392518997192, 3.662022590637207, '01:08']
[5, 0.5044653415679932, 0.506737470626831, 0.992490828037262, 0.010127626359462738, 0.1744820773601532, 1.2215757369995117, 0.9664514660835266, 0.967971682548523, 0.967971682548523, 0.21044720709323883, '01:09']
[6, 0.495257705450058, 0.49593451619148254, 0.9872799515724182, 0.04220416024327278, 0.17661483585834503, 1.5721536874771118, 0.9248508810997009, 0.9293707013130188, 0.9293707013130188, 3.2988009452819824, '01:08']
[7, 0.489222913980484, 0.4877709150314331, 0.9856558442115784, 0.05507313460111618, 0.17772117257118225, 1.6069608926773071, 0.9015200734138489, 0.912259578704834, 0.912259578704834, 4.045920372009277, '01:09']
[8, 0.4888109564781189, 0.5188520550727844, 0.9662173986434937, 0.04403550922870636, 0.18854190409183502, 1.797529935836792, 0.9097836017608643, 0.9311351180076599, 0.9311351180076599, 13.768939971923828, '01:08']
[9, 0.48450183868408203, 0.4850166141986847, 0.990715503692627, 0.05062185600399971, 0.1746750921010971, 1.4075639247894287, 0.9070616960525513, 0.9135186672210693, 0.9135186672210693, 1.3207459449768066, '01:09']
[10, 0.47692233324050903, 0.48237454891204834, 0.9839978814125061, 0.06591524928808212, 0.17833802103996277, 1.661623477935791, 0.8764904141426086, 0.8907511830329895, 0.8907511830329895, 4.4916815757751465, '01:08']
[11, 0.46955275535583496, 0.4707981050014496, 0.9908589124679565, 0.06902163475751877, 0.17458777129650116, 1.386755108833313, 0.8786414861679077, 0.8839324116706848, 0.8839324116706848, 1.102378010749817, '01:09']
[12, 0.47136661410331726, 0.4776924252510071, 0.9924600720405579, 0.060530174523591995, 0.173682302236557, 1.1752519607543945, 0.8885740637779236, 0.900691568851471, 0.900691568851471, 0.3464328348636627, '01:08']
[13, 0.4644738733768463, 0.4880525469779968, 0.9826732277870178, 0.0591871477663517, 0.17910246551036835, 1.6719629764556885, 0.8895437121391296, 0.9041255712509155, 0.9041255712509155, 5.320891857147217, '01:09']
[14, 0.4700881838798523, 0.518840491771698, 0.9664700627326965, 0.04800187423825264, 0.18729127943515778, 1.8054054975509644, 0.8926267623901367, 0.9177191853523254, 0.9177191853523254, 14.267632484436035, '01:09']
[15, 0.46629419922828674, 0.4624364674091339, 0.9905897974967957, 0.08137592673301697, 0.17480631172657013, 1.3954625129699707, 0.8641595840454102, 0.8703962564468384, 0.8703962564468384, 1.2059717178344727, '01:08']
[16, 0.4620114266872406, 0.4647608697414398, 0.9885368347167969, 0.08204907923936844, 0.17603962123394012, 1.4900320768356323, 0.8641088008880615, 0.8709085583686829, 0.8709085583686829, 2.0976240634918213, '01:09']
[17, 0.4475915729999542, 0.4644295573234558, 0.9912242889404297, 0.0774817168712616, 0.17452125251293182, 1.3588829040527344, 0.8704903721809387, 0.8757551312446594, 0.8757551312446594, 0.9604451060295105, '01:08']
[18, 0.4560857117176056, 0.47173771262168884, 0.9919610619544983, 0.06741058826446533, 0.17395375669002533, 1.2753515243530273, 0.8779760599136353, 0.8875110149383545, 0.8875110149383545, 0.6462374925613403, '01:08']
[19, 0.4592253565788269, 0.4641880393028259, 0.9894482493400574, 0.07869676500558853, 0.17537669837474823, 1.4888066053390503, 0.8626010417938232, 0.869956910610199, 0.869956910610199, 1.9293009042739868, '01:08']
[20, 0.46046316623687744, 0.4656040370464325, 0.9874774217605591, 0.07983073592185974, 0.17647647857666016, 1.5822463035583496, 0.8556362986564636, 0.8692715167999268, 0.8692715167999268, 3.266136407852173, '01:09']
[21, 0.4612525999546051, 0.46044284105300903, 0.989170491695404, 0.08091124892234802, 0.175654798746109, 1.5178945064544678, 0.8591722846031189, 0.867609441280365, 0.867609441280365, 2.053478717803955, '01:08']
[22, 0.4526078402996063, 0.4568350911140442, 0.9889727830886841, 0.08715291321277618, 0.17570261657238007, 1.5269724130630493, 0.845950722694397, 0.8569003939628601, 0.8569003939628601, 2.4145843982696533, '01:08']
[23, 0.4493730068206787, 0.46248680353164673, 0.9873079061508179, 0.08453895151615143, 0.17666861414909363, 1.5729742050170898, 0.8537256717681885, 0.8626965880393982, 0.8626965880393982, 2.6671290397644043, '01:08']
[24, 0.46180883049964905, 0.4659522473812103, 0.9870955348014832, 0.08008217811584473, 0.17708304524421692, 1.5778664350509644, 0.8618541359901428, 0.8755046725273132, 0.8755046725273132, 2.7623422145843506, '01:09']
[25, 0.456559956073761, 0.4565332233905792, 0.9895219206809998, 0.08484574407339096, 0.17540448904037476, 1.4932078123092651, 0.851224422454834, 0.8604406118392944, 0.8604406118392944, 2.0348942279815674, '01:09']
[26, 0.4550512731075287, 0.45332440733909607, 0.99130779504776, 0.08786958456039429, 0.1744638830423355, 1.3325629234313965, 0.85240638256073, 0.8583642244338989, 0.8583642244338989, 0.9412283897399902, '01:09']
[27, 0.43615370988845825, 0.45687294006347656, 0.9906402826309204, 0.08759037405252457, 0.1747509092092514, 1.4146476984024048, 0.8467556834220886, 0.8535414934158325, 0.8535414934158325, 1.3257590532302856, '01:09']
[28, 0.4493563175201416, 0.505795419216156, 0.9738483428955078, 0.059102777391672134, 0.1836710423231125, 1.7722880840301514, 0.8752303719520569, 0.8997893333435059, 0.8997893333435059, 9.377135276794434, '01:09']
[29, 0.4375520348548889, 0.45140010118484497, 0.9917724132537842, 0.09162852168083191, 0.17419356107711792, 1.2983365058898926, 0.8432122468948364, 0.8510249853134155, 0.8510249853134155, 0.7578763365745544, '01:09']
[30, 0.4425734579563141, 0.44700682163238525, 0.9897684454917908, 0.10016651451587677, 0.17535488307476044, 1.4226447343826294, 0.8294928669929504, 0.836308479309082, 0.836308479309082, 1.3574308156967163, '01:09']
[31, 0.44166088104248047, 0.4493502676486969, 0.9914616942405701, 0.09565243124961853, 0.17432980239391327, 1.3302146196365356, 0.8384126424789429, 0.8454049825668335, 0.8454049229621887, 0.8779322504997253, '01:09']
[32, 0.4522048830986023, 0.4596201479434967, 0.9874815344810486, 0.08753960579633713, 0.17673586308956146, 1.545915126800537, 0.8520582318305969, 0.8635465502738953, 0.8635465502738953, 2.7049405574798584, '01:09']
[33, 0.43923118710517883, 0.4573507308959961, 0.9915522336959839, 0.08183019608259201, 0.17425882816314697, 1.3141553401947021, 0.8538866639137268, 0.860897958278656, 0.860897958278656, 0.7989690899848938, '01:09']
[34, 0.4425068497657776, 0.45358890295028687, 0.9921051859855652, 0.0872063860297203, 0.17400714755058289, 1.2620720863342285, 0.8447492122650146, 0.8547647595405579, 0.8547647595405579, 0.6189435124397278, '01:09']
[35, 0.44377705454826355, 0.45537206530570984, 0.9883772134780884, 0.09040622413158417, 0.17619864642620087, 1.5523030757904053, 0.8412694334983826, 0.8542079925537109, 0.8542079925537109, 2.941901206970215, '01:09']
[36, 0.4354449212551117, 0.46023160219192505, 0.9914897084236145, 0.08146170526742935, 0.174283966422081, 1.2843358516693115, 0.8525134921073914, 0.8636423349380493, 0.8636423349380493, 0.7934747338294983, '01:09']
[37, 0.4352973997592926, 0.4694117605686188, 0.9913790225982666, 0.07346329838037491, 0.1743001788854599, 1.3422960042953491, 0.8691191673278809, 0.8763577938079834, 0.8763577938079834, 0.8709456324577332, '01:09']
[38, 0.4414535462856293, 0.4475879371166229, 0.9913132786750793, 0.09669241309165955, 0.17446431517601013, 1.3485783338546753, 0.8357317447662354, 0.840814471244812, 0.840814471244812, 0.9546877145767212, '01:09']
[39, 0.4291825592517853, 0.4596116244792938, 0.9922546744346619, 0.08280584216117859, 0.17388994991779327, 1.2338801622390747, 0.85334312915802, 0.8635125756263733, 0.8635125756263733, 0.49638527631759644, '01:09']
No improvement since epoch 30: early stopping
----------
3
----------
DLS create!
[0, 0.5198349356651306, 0.5111093521118164, 0.9898018836975098, 0.01647038385272026, 0.17682239413261414, 1.3917609453201294, 0.9743213653564453, 0.9679682850837708, 0.9679682850837708, 0.852989137172699, '01:10']
[1, 0.5157647132873535, 0.5252662897109985, 0.9925825595855713, 0.001448525465093553, 0.17371200025081635, 1.0386583805084229, 0.9879603385925293, 0.9889770150184631, 0.9889770150184631, 0.006538713350892067, '01:09']
[2, 0.5096827149391174, 0.4953612685203552, 0.9873295426368713, 0.04022892192006111, 0.17732413113117218, 1.514338731765747, 0.9348862171173096, 0.9334895610809326, 0.9334895610809326, 1.7698813676834106, '01:09']
[3, 0.5072270631790161, 0.5198442339897156, 0.9923501014709473, 0.003467415226623416, 0.17373406887054443, 1.1127499341964722, 0.9816819429397583, 0.9857025742530823, 0.9857025742530823, 0.12134673446416855, '01:09']
[4, 0.5030043125152588, 0.5046547651290894, 0.9919359087944031, 0.01868516393005848, 0.1745757758617401, 1.2225109338760376, 0.9601791501045227, 0.9582669734954834, 0.9582669734954834, 0.2297808676958084, '01:10']
[5, 0.5011845827102661, 0.49349087476730347, 0.9907562732696533, 0.03609847277402878, 0.175749272108078, 1.3012820482254028, 0.9434083104133606, 0.9406252503395081, 0.9406252503395081, 0.4971889853477478, '01:10']
[6, 0.4966384172439575, 0.49341416358947754, 0.991603434085846, 0.03452472388744354, 0.17435064911842346, 1.226609706878662, 0.9363616108894348, 0.9372574090957642, 0.9372574090957642, 0.356393039226532, '01:09']
[7, 0.4952155649662018, 0.5116950869560242, 0.9925569891929626, 0.011899508535861969, 0.17350344359874725, 1.05462646484375, 0.9586578607559204, 0.9672756195068359, 0.9672756195068359, 0.03850610554218292, '01:09']
[8, 0.49098411202430725, 0.4859775900840759, 0.9914996027946472, 0.0470147542655468, 0.17429137229919434, 1.2540677785873413, 0.9170313477516174, 0.9196485280990601, 0.9196485280990601, 0.4320325553417206, '01:10']
[9, 0.4880787432193756, 0.5161496996879578, 0.9777958393096924, 0.029313022270798683, 0.18153688311576843, 1.6607563495635986, 0.9475584030151367, 0.9490734934806824, 0.9490734934806824, 5.897055625915527, '01:10']
[10, 0.47865796089172363, 0.4635259509086609, 0.9894281029701233, 0.08372703194618225, 0.1755184531211853, 1.4182885885238647, 0.8696198463439941, 0.8728407621383667, 0.8728407621383667, 1.2165316343307495, '01:11']
[11, 0.4766436517238617, 0.47397753596305847, 0.9884564876556396, 0.06923535466194153, 0.17589525878429413, 1.4512306451797485, 0.8840453028678894, 0.8878968358039856, 0.8878968358039856, 1.4443215131759644, '01:11']
[12, 0.4716058373451233, 0.46281227469444275, 0.9890183210372925, 0.08394092321395874, 0.17567521333694458, 1.424507737159729, 0.8666470646858215, 0.869813084602356, 0.869813084602356, 1.233539342880249, '01:10']
[13, 0.47246092557907104, 0.49946391582489014, 0.975614070892334, 0.05481356382369995, 0.18254907429218292, 1.695061445236206, 0.8883733153343201, 0.908484935760498, 0.908484935760498, 5.634626388549805, '01:09']
[14, 0.4832180142402649, 0.5148748755455017, 0.9716091156005859, 0.044144175946712494, 0.1853526532649994, 1.7595044374465942, 0.9103074669837952, 0.9267424941062927, 0.9267424941062927, 6.932595729827881, '01:10']
[15, 0.4690389633178711, 0.466054230928421, 0.989624559879303, 0.07792621850967407, 0.17524626851081848, 1.3996167182922363, 0.8730917572975159, 0.8743299841880798, 0.8743299841880798, 1.025431752204895, '01:10']
[16, 0.45884934067726135, 0.49323201179504395, 0.9801969528198242, 0.05875745415687561, 0.17996551096439362, 1.6522011756896973, 0.8866870403289795, 0.8989701271057129, 0.8989701271057129, 4.597894191741943, '01:09']
[17, 0.4706130027770996, 0.47169357538223267, 0.9855673909187317, 0.07503733783960342, 0.1775078922510147, 1.557302713394165, 0.8675252199172974, 0.8787935376167297, 0.8787935972213745, 2.3643853664398193, '01:09']
[18, 0.45741719007492065, 0.46805062890052795, 0.9913781881332397, 0.07177219539880753, 0.17421795427799225, 1.2516157627105713, 0.8689439296722412, 0.8774423003196716, 0.8774423003196716, 0.5385118722915649, '01:09']
[19, 0.45898234844207764, 0.4649392366409302, 0.9875365495681763, 0.08167998492717743, 0.17644166946411133, 1.4914718866348267, 0.8598830699920654, 0.8695876598358154, 0.8695876598358154, 1.786629557609558, '01:09']
[20, 0.4513987898826599, 0.49049651622772217, 0.9845792651176453, 0.06276659667491913, 0.17827445268630981, 1.5879652500152588, 0.8897746205329895, 0.9002315402030945, 0.9002315402030945, 2.6734824180603027, '01:09']
[21, 0.46141374111175537, 0.4760497808456421, 0.9823094010353088, 0.0738660916686058, 0.17918285727500916, 1.6129850149154663, 0.8637046217918396, 0.8789923191070557, 0.8789923191070557, 3.645035982131958, '01:09']
No improvement since epoch 12: early stopping
----------
4
----------
DLS create!
[0, 0.5250558853149414, 0.5226064324378967, 0.9904234409332275, nan, 0.17469511926174164, 1.104850172996521, 0.9918582439422607, 0.9788737893104553, 0.9788737893104553, nan, '01:09']
[1, 0.5174181461334229, 0.5135427713394165, 0.9827945828437805, 0.03664128854870796, 0.18446427583694458, 1.545536994934082, 0.9577646851539612, 0.9457926154136658, 0.9457926154136658, inf, '01:09']
[2, 0.5045813918113708, 0.508523166179657, 0.9889306426048279, 0.029906321316957474, 0.17490604519844055, 1.2812678813934326, 0.9463644027709961, 0.937191903591156, 0.937191903591156, inf, '01:09']
[3, 0.5067082047462463, 0.4924977123737335, 0.9873864054679871, 0.05446601286530495, 0.17608357965946198, 1.4045344591140747, 0.9193712472915649, 0.9089391231536865, 0.9089391231536865, inf, '01:09']
[4, 0.5004348754882812, 0.4883019030094147, 0.9887892603874207, 0.05479459837079048, 0.17521078884601593, 1.3091480731964111, 0.9183354377746582, 0.9092617034912109, 0.9092617034912109, inf, '01:09']
[5, 0.4959835708141327, 0.5039944648742676, 0.990045964717865, 0.022747892886400223, 0.17417828738689423, 1.1726267337799072, 0.9448125958442688, 0.9386851191520691, 0.9386851191520691, inf, '01:09']
[6, 0.49304503202438354, 0.5234387516975403, 0.9698726534843445, 0.04225508123636246, 0.18445667624473572, 1.7182945013046265, 0.9216494560241699, 0.9184498190879822, 0.9184498190879822, inf, '01:09']
[7, 0.4865826964378357, 0.47596773505210876, 0.9828861355781555, 0.07837983220815659, 0.17806831002235413, 1.5512220859527588, 0.8759192824363708, 0.868322491645813, 0.868322491645813, inf, '01:09']
[8, 0.479156494140625, 0.4616387188434601, 0.9866995811462402, 0.09259751439094543, 0.1757873296737671, 1.4490665197372437, 0.8494289517402649, 0.8430243730545044, 0.8430243730545044, inf, '01:09']
[9, 0.4775908589363098, 0.46600961685180664, 0.987209677696228, 0.0871390774846077, 0.1755422204732895, 1.4037282466888428, 0.8601064085960388, 0.852348268032074, 0.852348268032074, inf, '01:09']
[10, 0.4742623269557953, 0.4863339364528656, 0.9823925495147705, 0.06678446382284164, 0.17795532941818237, 1.570554256439209, 0.8806681036949158, 0.8780589699745178, 0.8780589699745178, inf, '01:09']
[11, 0.4688061773777008, 0.471203088760376, 0.9878783822059631, 0.08123157918453217, 0.17509141564369202, 1.3730462789535522, 0.8631647825241089, 0.8557502031326294, 0.8557502031326294, inf, '01:09']
[12, 0.47301337122917175, 0.5193131566047668, 0.958128809928894, 0.06345361471176147, 0.1903085708618164, 1.7924429178237915, 0.8632275462150574, 0.881955087184906, 0.881955087184906, inf, '01:09']
[13, 0.47544461488723755, 0.4706863462924957, 0.9852445125579834, 0.0825628787279129, 0.17706406116485596, 1.4816175699234009, 0.875210702419281, 0.8700201511383057, 0.8700201511383057, inf, '01:09']
[14, 0.46770215034484863, 0.465218722820282, 0.9889216423034668, 0.08328588306903839, 0.17456847429275513, 1.3020037412643433, 0.8594282269477844, 0.8553780317306519, 0.8553780317306519, inf, '01:09']
[15, 0.46455490589141846, 0.457071989774704, 0.9884456396102905, 0.09636671841144562, 0.17483815550804138, 1.3448408842086792, 0.8413606286048889, 0.8350613117218018, 0.8350613117218018, inf, '01:09']
[16, 0.455459326505661, 0.45189088582992554, 0.9876136183738708, 0.10600277036428452, 0.17530225217342377, 1.3896254301071167, 0.829983115196228, 0.8227792978286743, 0.8227792978286743, inf, '01:09']
[17, 0.4634736478328705, 0.45916464924812317, 0.9867371320724487, 0.09245065599679947, 0.17578044533729553, 1.4236962795257568, 0.8488590121269226, 0.8425289988517761, 0.8425289988517761, inf, '01:09']
[18, 0.4593924582004547, 0.47057023644447327, 0.9797071814537048, 0.09008020907640457, 0.17961035668849945, 1.632710576057434, 0.8385289907455444, 0.8441917300224304, 0.8441917300224304, inf, '01:08']
[19, 0.4470328390598297, 0.45254406332969666, 0.9870999455451965, 0.10755148530006409, 0.17566098272800446, 1.4201745986938477, 0.8201192021369934, 0.8171183466911316, 0.8171183466911316, inf, '01:08']
[20, 0.4598800837993622, 0.4600476324558258, 0.9852088093757629, 0.09281887859106064, 0.17675301432609558, 1.5060985088348389, 0.8449844717979431, 0.8427214622497559, 0.8427214622497559, inf, '01:10']
[21, 0.4547636806964874, 0.4552607834339142, 0.9904391169548035, 0.09805340319871902, 0.17371731996536255, 1.1613351106643677, 0.8248929977416992, 0.8320814967155457, 0.8320814967155457, inf, '01:10']
[22, 0.4528818726539612, 0.4493841230869293, 0.9885143637657166, 0.112058624625206, 0.17488621175289154, 1.3335580825805664, 0.8214172720909119, 0.8162733912467957, 0.8162733912467957, inf, '01:10']
[23, 0.44818028807640076, 0.44798919558525085, 0.9862364530563354, 0.10951663553714752, 0.17609447240829468, 1.4497368335723877, 0.812038779258728, 0.8119327425956726, 0.8119327425956726, inf, '01:09']
[24, 0.4514062702655792, 0.46033576130867004, 0.9902799129486084, 0.08935500681400299, 0.173817977309227, 1.1691415309906006, 0.8398743867874146, 0.8462322950363159, 0.8462322950363159, inf, '01:09']
[25, 0.4579089283943176, 0.4376181662082672, 0.9883617162704468, 0.12155763059854507, 0.17504261434078217, 1.3675142526626587, 0.803305983543396, 0.8002656698226929, 0.8002656698226929, inf, '01:10']
[26, 0.4514642655849457, 0.43696704506874084, 0.9892424941062927, 0.12088697403669357, 0.17449477314949036, 1.3048549890518188, 0.8037511706352234, 0.8008409738540649, 0.8008409738540649, inf, '01:10']
[27, 0.4493389427661896, 0.4512768089771271, 0.9858826398849487, 0.1081087738275528, 0.17629185318946838, 1.4781217575073242, 0.8209220170974731, 0.8176310062408447, 0.8176310062408447, inf, '01:09']
[28, 0.4441903531551361, 0.4457510709762573, 0.9833590984344482, 0.11652682721614838, 0.17783933877944946, 1.5683095455169678, 0.8039700388908386, 0.8063486218452454, 0.8063486218452454, inf, '01:12']
[29, 0.44836491346359253, 0.4547446668148041, 0.9861758351325989, 0.10376549512147903, 0.1761271208524704, 1.4686570167541504, 0.8304094076156616, 0.8238331079483032, 0.8238331079483032, inf, '01:11']
[30, 0.4449756145477295, 0.44430696964263916, 0.9874134659767151, 0.11387680470943451, 0.17571519315242767, 1.4141813516616821, 0.8145277500152588, 0.8115041851997375, 0.8115041851997375, inf, '01:09']
[31, 0.45190611481666565, 0.45578643679618835, 0.981907308101654, 0.10655487328767776, 0.17874446511268616, 1.576387643814087, 0.8209040760993958, 0.8221268653869629, 0.8221268653869629, inf, '01:09']
[32, 0.44940295815467834, 0.4492272734642029, 0.9865091443061829, 0.10943758487701416, 0.176082581281662, 1.4334425926208496, 0.8297913670539856, 0.8241850137710571, 0.8241850137710571, inf, '01:10']
[33, 0.44655653834342957, 0.4613563120365143, 0.9812429547309875, 0.10280498117208481, 0.1790519654750824, 1.6077160835266113, 0.811211109161377, 0.8222135901451111, 0.8222135901451111, inf, '01:09']
[34, 0.4467621147632599, 0.43747806549072266, 0.9900820851325989, nan, 0.17410136759281158, 1.2263213396072388, 0.8020541667938232, 0.8024685382843018, 0.8024685382843018, nan, '01:09']
[35, 0.44684022665023804, 0.426098108291626, 0.988556981086731, 0.13618165254592896, 0.17505832016468048, 1.3516110181808472, 0.7840317487716675, 0.7795115113258362, 0.7795113921165466, inf, '01:09']
[36, 0.4456210136413574, 0.4413606524467468, 0.9826388955116272, 0.12203819304704666, 0.17830993235111237, 1.5726423263549805, 0.7924512624740601, 0.7993990778923035, 0.7993990778923035, inf, '01:09']
[37, 0.4450385570526123, 0.4399011731147766, 0.9887176752090454, 0.11545836180448532, 0.17483161389827728, 1.350205659866333, 0.805757999420166, 0.8049535155296326, 0.8049535155296326, inf, '01:09']
[38, 0.4474807381629944, 0.44151270389556885, 0.986330509185791, 0.11988145858049393, 0.17627184092998505, 1.4614825248718262, 0.8067152500152588, 0.8061447143554688, 0.8061447143554688, inf, '01:09']
[39, 0.44955581426620483, 0.4390495717525482, 0.9839000105857849, 0.12388317286968231, 0.17767643928527832, 1.5526269674301147, 0.79548180103302, 0.8001460433006287, 0.8001460433006287, inf, '01:09']
[40, 0.4439980685710907, 0.44175952672958374, 0.9855520129203796, 0.11805947124958038, 0.1765948385000229, 1.4933152198791504, 0.8002406358718872, 0.801453173160553, 0.801453173160553, inf, '01:09']
[41, 0.44825080037117004, 0.44889917969703674, 0.9825567603111267, 0.11258486658334732, 0.17838382720947266, 1.588923454284668, 0.8037340044975281, 0.812652051448822, 0.812652051448822, inf, '01:09']
[42, 0.44041067361831665, 0.4297202527523041, 0.9883233904838562, 0.13164833188056946, 0.1751926839351654, 1.3909573554992676, 0.7917356491088867, 0.7893808484077454, 0.7893808484077454, inf, '01:09']
[43, 0.44699469208717346, 0.43594828248023987, 0.9871866703033447, 0.12265949696302414, 0.1757293939590454, 1.422703742980957, 0.8003175258636475, 0.7970516681671143, 0.7970516681671143, inf, '01:09']
[44, 0.43863657116889954, 0.4389265477657318, 0.9896053075790405, 0.12214666604995728, 0.17435117065906525, 1.2550736665725708, 0.7975859045982361, 0.7991130352020264, 0.7991130352020264, inf, '01:09']
No improvement since epoch 35: early stopping
FPN_res152 Done!
