Models will save to FPN_xcep_x
Use xception encoder
Start training...
----------
0
----------
DLS create!
[0, 0.5160452723503113, 0.504480242729187, 0.9909531474113464, 0.021615197882056236, 0.17605996131896973, 1.3958197832107544, 0.9635476469993591, 0.9596017599105835, 0.9596017599105835, 1.0495787858963013, '00:45']
[1, 0.504535973072052, 0.5593258738517761, 0.9347745180130005, 0.025041505694389343, 0.2080601006746292, 1.8252079486846924, 0.952895998954773, 0.9622985124588013, 0.9622985124588013, 20.12816047668457, '00:44']
[2, 0.5009335279464722, 0.4992501139640808, 0.9925973415374756, 0.02607075497508049, 0.17437003552913666, 1.2726882696151733, 0.9536759853363037, 0.9533687829971313, 0.9533687829971313, 0.45427459478378296, '00:44']
[3, 0.504074215888977, 0.500201404094696, 0.9929079413414001, 0.019107084721326828, 0.1745530366897583, 1.240626573562622, 0.9614378809928894, 0.9590256214141846, 0.9590256214141846, 0.33990466594696045, '00:44']
[4, 0.49882978200912476, 0.49192631244659424, 0.9929424524307251, 0.026265129446983337, 0.17460997402668, 1.246163249015808, 0.9478349089622498, 0.9464649558067322, 0.9464649558067322, 0.2989882528781891, '00:44']
[5, 0.4976945221424103, 0.472582072019577, 0.9906979203224182, 0.05996064469218254, 0.17557783424854279, 1.4217219352722168, 0.9002823233604431, 0.9007181525230408, 0.9007181525230408, 1.0574116706848145, '00:45']
[6, 0.4872070550918579, 0.48528552055358887, 0.9924042224884033, 0.04114348441362381, 0.17463169991970062, 1.3026565313339233, 0.9308898448944092, 0.9301865100860596, 0.9301865100860596, 0.5442227125167847, '00:46']
[7, 0.4881184995174408, 0.47927483916282654, 0.9913409948348999, 0.04705602303147316, 0.17523588240146637, 1.3860057592391968, 0.9177682995796204, 0.9170482754707336, 0.9170481562614441, 0.8438636660575867, '00:45']
[8, 0.486081600189209, 0.4709264039993286, 0.9895051717758179, 0.06434908509254456, 0.17679665982723236, 1.5078020095825195, 0.898685872554779, 0.9013434648513794, 0.9013434648513794, 1.6200459003448486, '00:45']
[9, 0.475188672542572, 0.46239081025123596, 0.9930622577667236, 0.06567347794771194, 0.17407412827014923, 1.215039849281311, 0.8799021244049072, 0.8867982029914856, 0.8867982029914856, 0.4018656313419342, '00:46']
[10, 0.4680972695350647, 0.4597979485988617, 0.9927096962928772, 0.07040010392665863, 0.1741783618927002, 1.2813714742660522, 0.8722275495529175, 0.8775494694709778, 0.8775494694709778, 0.5779085159301758, '00:46']
[11, 0.4633103609085083, 0.4538053572177887, 0.9922301769256592, 0.08023769408464432, 0.17457513511180878, 1.2684818506240845, 0.8640884757041931, 0.8671221733093262, 0.8671221733093262, 0.5793299674987793, '00:45']
[12, 0.4658639132976532, 0.45339080691337585, 0.9885609745979309, 0.09056280553340912, 0.17698341608047485, 1.538382887840271, 0.8526332974433899, 0.8600826859474182, 0.8600826859474182, 1.8721667528152466, '00:45']
[13, 0.46803104877471924, 0.48146969079971313, 0.9932720065116882, 0.04147530347108841, 0.1738486886024475, 1.164028286933899, 0.9132642149925232, 0.9218063354492188, 0.9218063354492188, 0.23716852068901062, '00:45']
[14, 0.4602382183074951, 0.45205801725387573, 0.9922768473625183, 0.08275659382343292, 0.1744968146085739, 1.2669073343276978, 0.8585606217384338, 0.8620437979698181, 0.8620438575744629, 0.5633507370948792, '00:45']
[15, 0.447746604681015, 0.44717246294021606, 0.9880598187446594, 0.09962648898363113, 0.1770683079957962, 1.4786217212677002, 0.8346225619316101, 0.8431892991065979, 0.8431892991065979, 1.6966986656188965, '00:44']
[16, 0.46116235852241516, 0.445449560880661, 0.9900360703468323, 0.09829675406217575, 0.17598892748355865, 1.4189718961715698, 0.8385531902313232, 0.8466079235076904, 0.8466079235076904, 1.2704280614852905, '00:45']
[17, 0.46522557735443115, 0.46181631088256836, 0.9817530512809753, 0.090788334608078, 0.18073894083499908, 1.6932735443115234, 0.8353410959243774, 0.8595460057258606, 0.8595460057258606, 3.840005397796631, '00:45']
[18, 0.44732850790023804, 0.4285115599632263, 0.9893312454223633, 0.12068282812833786, 0.1764034628868103, 1.5116146802902222, 0.803871750831604, 0.8122310042381287, 0.8122310042381287, 1.6895959377288818, '00:45']
[19, 0.44116026163101196, 0.42638441920280457, 0.9912293553352356, 0.11957219988107681, 0.17545820772647858, 1.4078572988510132, 0.8108491897583008, 0.8155694603919983, 0.8155694603919983, 1.0646378993988037, '00:45']
[20, 0.4528534412384033, 0.5030484199523926, 0.9665083885192871, 0.07166711241006851, 0.1885593980550766, 1.8235466480255127, 0.8369939923286438, 0.881868839263916, 0.881868839263916, 8.022500991821289, '00:44']
[21, 0.44252586364746094, 0.44096946716308594, 0.9918947219848633, 0.09938053786754608, 0.1748347282409668, 1.3312647342681885, 0.8339750170707703, 0.839986264705658, 0.839986264705658, 0.801815390586853, '00:45']
[22, 0.4507671892642975, 0.45147499442100525, 0.9865657687187195, 0.09411559253931046, 0.177741140127182, 1.593737006187439, 0.8318813443183899, 0.8446687459945679, 0.8446686267852783, 2.595827102661133, '00:44']
[23, 0.4447566270828247, 0.42783164978027344, 0.9912840723991394, 0.11567939072847366, 0.1751984804868698, 1.4112986326217651, 0.8069024682044983, 0.8118695616722107, 0.8118695616722107, 1.147251009941101, '00:44']
[24, 0.4491277039051056, 0.42820507287979126, 0.992283821105957, 0.11386359483003616, 0.1747167408466339, 1.311830759048462, 0.8111720681190491, 0.8176000118255615, 0.8176000118255615, 0.7791078090667725, '00:45']
[25, 0.4427379369735718, 0.44636568427085876, 0.9833977222442627, 0.10944168269634247, 0.1798514574766159, 1.6427562236785889, 0.8033589124679565, 0.8287087082862854, 0.8287087082862854, 3.0579493045806885, '00:45']
[26, 0.4392460286617279, 0.44055646657943726, 0.9853373765945435, 0.11028213053941727, 0.17847013473510742, 1.6268070936203003, 0.8009568452835083, 0.8208529949188232, 0.8208529949188232, 2.8503382205963135, '00:46']
[27, 0.43863463401794434, 0.449325829744339, 0.984946608543396, 0.09909583628177643, 0.17887648940086365, 1.6341338157653809, 0.8272266983985901, 0.8433660864830017, 0.8433660864830017, 2.8766167163848877, '00:45']
[28, 0.4467267692089081, 0.4291633367538452, 0.9929055571556091, 0.11112509667873383, 0.1742086112499237, 1.280956506729126, 0.8112515211105347, 0.818174421787262, 0.818174421787262, 0.6144161224365234, '00:45']
No improvement since epoch 19: early stopping
----------
1
----------
DLS create!
[0, 0.522522509098053, 0.5185094475746155, 0.993131697177887, nan, 0.17762184143066406, 1.1131181716918945, 0.9955803751945496, 0.9590114951133728, 0.9590114951133728, nan, '00:45']
[1, 0.5103281736373901, 0.5069981217384338, 0.984908938407898, 0.02591332420706749, 0.17900213599205017, 1.6074506044387817, 0.9570627808570862, 0.9263141751289368, 0.9263141751289368, inf, '00:45']
[2, 0.5050134658813477, 0.5163977146148682, 0.9874616861343384, 0.006413452792912722, 0.1781521737575531, 1.5231945514678955, 0.985630989074707, 0.9507163166999817, 0.9507163166999817, inf, '00:44']
[3, 0.49945148825645447, 0.5114154815673828, 0.9835755228996277, 0.026105711236596107, 0.17916570603847504, 1.6542413234710693, 0.950790524482727, 0.9219222068786621, 0.9219222068786621, inf, '00:45']
[4, 0.500252902507782, 0.5062947869300842, 0.9913376569747925, 0.018139490857720375, 0.17475074529647827, 1.377258539199829, 0.9622545838356018, 0.9345489740371704, 0.9345489740371704, inf, '00:46']
[5, 0.49224957823753357, 0.49993088841438293, 0.9913947582244873, 0.025039099156856537, 0.17483258247375488, 1.379701852798462, 0.9521620273590088, 0.923311173915863, 0.923311173915863, inf, '00:45']
[6, 0.48757708072662354, 0.4859236478805542, 0.992706298828125, 0.03688207268714905, 0.17397761344909668, 1.2553324699401855, 0.9201747179031372, 0.8991519808769226, 0.8991519808769226, inf, '00:45']
[7, 0.4908938407897949, 0.47854384779930115, 0.9897786974906921, 0.05740255489945412, 0.17561545968055725, 1.5106290578842163, 0.8980799317359924, 0.8743867874145508, 0.8743867874145508, inf, '00:46']
[8, 0.4871584177017212, 0.46700742840766907, 0.9861848950386047, 0.0799562856554985, 0.177750363945961, 1.6392884254455566, 0.8622223734855652, 0.844169020652771, 0.844169020652771, inf, '00:46']
[9, 0.48140302300453186, 0.4791525900363922, 0.9923126101493835, 0.04619788005948067, 0.1740749180316925, 1.315922498703003, 0.9019941091537476, 0.8839948773384094, 0.8839948773384094, inf, '00:45']
[10, 0.4799833595752716, 0.46286264061927795, 0.988739550113678, 0.07882088422775269, 0.17650605738162994, 1.573040246963501, 0.8667364120483398, 0.8458226323127747, 0.8458226323127747, inf, '00:44']
[11, 0.47426140308380127, 0.46780797839164734, 0.9918821454048157, 0.05839557945728302, 0.1745547205209732, 1.3476723432540894, 0.8886202573776245, 0.8644850850105286, 0.8644850850105286, inf, '00:45']
[12, 0.46579378843307495, 0.500200629234314, 0.9720287322998047, 0.0665154755115509, 0.1851949542760849, 1.7923494577407837, 0.8650367259979248, 0.8614519238471985, 0.8614519238471985, inf, '00:45']
[13, 0.4581179618835449, 0.44114869832992554, 0.9902746081352234, 0.10643155127763748, 0.17563655972480774, 1.5103615522384644, 0.830479085445404, 0.808005690574646, 0.808005690574646, inf, '00:44']
[14, 0.46244850754737854, 0.45134779810905457, 0.9915921688079834, 0.08595729619264603, 0.17458990216255188, 1.393743634223938, 0.847528338432312, 0.827003002166748, 0.827003002166748, inf, '00:45']
[15, 0.46708229184150696, 0.4385106861591339, 0.9919188022613525, 0.10425390303134918, 0.17468570172786713, 1.3939894437789917, 0.8308074474334717, 0.8092880249023438, 0.8092880249023438, inf, '00:45']
[16, 0.46536803245544434, 0.4780833423137665, 0.9783205389976501, 0.07668023556470871, 0.18223856389522552, 1.7481106519699097, 0.8572553396224976, 0.8514145612716675, 0.8514145612716675, inf, '00:46']
[17, 0.45621979236602783, 0.4533211588859558, 0.9930438995361328, 0.08069518208503723, 0.17380796372890472, 1.2528306245803833, 0.8520444631576538, 0.8350200653076172, 0.8350200653076172, inf, '00:45']
[18, 0.4584677815437317, 0.4477580785751343, 0.992765486240387, 0.08974755555391312, 0.17411428689956665, 1.275525689125061, 0.849574625492096, 0.8269814848899841, 0.8269814848899841, inf, '00:45']
[19, 0.44875988364219666, 0.4558646082878113, 0.9865273833274841, 0.09117450565099716, 0.17748013138771057, 1.6363593339920044, 0.8398798704147339, 0.8245578408241272, 0.8245578408241272, inf, '00:45']
[20, 0.4426558315753937, 0.43593472242355347, 0.9906989932060242, 0.10785774886608124, 0.17522913217544556, 1.4973499774932861, 0.8158981800079346, 0.7966588735580444, 0.7966588735580444, inf, '00:46']
[21, 0.45684167742729187, 0.4481492042541504, 0.9922932386398315, 0.09029499441385269, 0.17415456473827362, 1.2949459552764893, 0.8371772766113281, 0.8194747567176819, 0.8194747567176819, inf, '00:44']
[22, 0.4510752856731415, 0.4508185386657715, 0.9854966998100281, 0.10010924935340881, 0.17837554216384888, 1.660175085067749, 0.8265653848648071, 0.8146770000457764, 0.8146770000457764, inf, '00:45']
[23, 0.449715256690979, 0.4675101041793823, 0.9892557263374329, 0.06994713097810745, 0.1758640557527542, 1.5039968490600586, 0.8753904104232788, 0.8529344797134399, 0.8529344797134399, inf, '00:46']
[24, 0.44590330123901367, 0.44026437401771545, 0.9869235157966614, 0.11146187037229538, 0.1775103062391281, 1.644156813621521, 0.8090993762016296, 0.7964040637016296, 0.7964040637016296, inf, '00:45']
[25, 0.4483916759490967, 0.4417440891265869, 0.9888027906417847, 0.1063937395811081, 0.1764223724603653, 1.5630340576171875, 0.8209902048110962, 0.8051072359085083, 0.8051072359085083, inf, '00:45']
[26, 0.4569178521633148, 0.44182243943214417, 0.9907104969024658, 0.1052878201007843, 0.17523205280303955, 1.4829368591308594, 0.8239253163337708, 0.8044743537902832, 0.8044743537902832, inf, '00:45']
[27, 0.4457252621650696, 0.4231288731098175, 0.9899464249610901, 0.12636835873126984, 0.175848126411438, 1.5496041774749756, 0.7926303744316101, 0.7725504636764526, 0.7725504636764526, inf, '00:45']
[28, 0.44849494099617004, 0.42849886417388916, 0.9906548261642456, 0.11517875641584396, 0.1753450483083725, 1.4909465312957764, 0.8072835206985474, 0.7853049635887146, 0.7853049039840698, inf, '00:45']
[29, 0.4460602402687073, 0.43207281827926636, 0.9917017817497253, 0.1100335344672203, 0.17472682893276215, 1.3780232667922974, 0.8180579543113708, 0.793693482875824, 0.793693482875824, inf, '00:45']
[30, 0.4268858730792999, 0.4327133297920227, 0.987690806388855, 0.11841651797294617, 0.177133247256279, 1.6223903894424438, 0.8015831112861633, 0.7858852744102478, 0.7858852744102478, inf, '00:45']
[31, 0.4582926630973816, 0.4380270838737488, 0.9868874549865723, 0.1144016906619072, 0.17773182690143585, 1.6373395919799805, 0.8070416450500488, 0.7948543429374695, 0.7948543429374695, inf, '00:45']
[32, 0.4401749074459076, 0.431736022233963, 0.988767683506012, 0.11846528947353363, 0.1764744222164154, 1.5888065099716187, 0.8001231551170349, 0.7855293154716492, 0.7855293154716492, inf, '00:44']
[33, 0.4466060400009155, 0.42702123522758484, 0.9917685985565186, 0.12420781701803207, 0.17492841184139252, 1.4005885124206543, 0.812594473361969, 0.787909984588623, 0.787909984588623, inf, '00:45']
[34, 0.43292784690856934, 0.42215266823768616, 0.991672933101654, 0.12313036620616913, 0.1748424619436264, 1.3969413042068481, 0.7978976368904114, 0.7756608724594116, 0.7756608724594116, inf, '00:46']
[35, 0.44742512702941895, 0.4761163294315338, 0.9736526012420654, 0.09020591527223587, 0.18481695652008057, 1.8040266036987305, 0.8139515519142151, 0.8277818560600281, 0.8277818560600281, inf, '00:45']
[36, 0.4462319314479828, 0.43635788559913635, 0.985870897769928, 0.11609168350696564, 0.17808645963668823, 1.679740071296692, 0.7900944352149963, 0.7849346399307251, 0.7849346399307251, inf, '00:45']
[37, 0.4277958869934082, 0.45517727732658386, 0.985776960849762, 0.09306380152702332, 0.17787227034568787, 1.5006271600723267, 0.8478255271911621, 0.8248618245124817, 0.8248618245124817, inf, '00:46']
[38, 0.43615204095840454, 0.44499659538269043, 0.9848344326019287, 0.10926669836044312, 0.17884774506092072, 1.6868866682052612, 0.8082333207130432, 0.8014265894889832, 0.8014265894889832, inf, '00:45']
[39, 0.4352622926235199, 0.4196246266365051, 0.9902715086936951, 0.1321103721857071, 0.17574571073055267, 1.5170120000839233, 0.7870599627494812, 0.767058253288269, 0.767058253288269, inf, '00:46']
[40, 0.44576528668403625, 0.4276086986064911, 0.9902723431587219, 0.11847789585590363, 0.17560720443725586, 1.511454463005066, 0.8037928938865662, 0.7818112373352051, 0.7818112969398499, inf, '00:45']
[41, 0.45036396384239197, 0.42295128107070923, 0.9881492853164673, 0.13922527432441711, 0.17727366089820862, 1.5857104063034058, 0.7850943207740784, 0.7720856666564941, 0.7720856666564941, inf, '00:45']
[42, 0.4379785656929016, 0.4072718322277069, 0.991350531578064, 0.14717848598957062, 0.17516975104808807, 1.3736978769302368, 0.7702478170394897, 0.7465668320655823, 0.7465668320655823, inf, '00:46']
[43, 0.4411616921424866, 0.4329814314842224, 0.9915517568588257, 0.10884017497301102, 0.17464789748191833, 1.4255080223083496, 0.8118862509727478, 0.7906501293182373, 0.7906501293182373, inf, '00:45']
[44, 0.42245155572891235, 0.4356094300746918, 0.991048276424408, 0.10647282004356384, 0.17508189380168915, 1.4144091606140137, 0.8193607926368713, 0.7988728284835815, 0.7988728284835815, inf, '00:45']
[45, 0.4325353503227234, 0.43327057361602783, 0.9878333806991577, 0.11791003495454788, 0.1770455688238144, 1.613228678703308, 0.8012903332710266, 0.78414386510849, 0.78414386510849, inf, '00:45']
[46, 0.4335394501686096, 0.4055715501308441, 0.9910810589790344, 0.14742842316627502, 0.17524556815624237, 1.4795444011688232, 0.7636377215385437, 0.741088330745697, 0.7410882115364075, inf, '00:46']
[47, 0.4338212311267853, 0.4403759837150574, 0.9853916764259338, 0.11974699795246124, 0.17851318418979645, 1.5685155391693115, 0.8126055598258972, 0.7944610118865967, 0.7944610118865967, inf, '00:45']
[48, 0.4406173527240753, 0.45396721363067627, 0.9839019179344177, 0.10196006298065186, 0.1792026311159134, 1.7093130350112915, 0.8144556879997253, 0.8107568025588989, 0.8107568025588989, inf, '00:45']
[49, 0.42580923438072205, 0.4237815737724304, 0.9907702207565308, 0.12444139271974564, 0.17525005340576172, 1.4555373191833496, 0.796875536441803, 0.7727592587471008, 0.7727592587471008, inf, '00:46']
[50, 0.420072078704834, 0.4333370625972748, 0.9865837097167969, 0.12235406786203384, 0.17773489654064178, 1.647425889968872, 0.7875420451164246, 0.7789153456687927, 0.7789153456687927, inf, '00:45']
[51, 0.4248167872428894, 0.4176338315010071, 0.9912636280059814, 0.13206899166107178, 0.17504027485847473, 1.377037763595581, 0.7894357442855835, 0.765481173992157, 0.765481173992157, inf, '00:45']
[52, 0.4386734068393707, 0.41105523705482483, 0.9914825558662415, 0.13869108259677887, 0.17491517961025238, 1.4815832376480103, 0.7739088535308838, 0.7516369223594666, 0.7516369223594666, inf, '00:45']
[53, 0.4215507209300995, 0.4196048676967621, 0.9910047650337219, 0.12939834594726562, 0.1751634180545807, 1.4704509973526, 0.7892597913742065, 0.7654282450675964, 0.7654282450675964, inf, '00:45']
[54, 0.4225410521030426, 0.4320765733718872, 0.9857804775238037, 0.12173774838447571, 0.17821572721004486, 1.6793935298919678, 0.7844488620758057, 0.7788167595863342, 0.7788167595863342, inf, '00:45']
[55, 0.4219576418399811, 0.4368751347064972, 0.9922655820846558, 0.10495179891586304, 0.17421512305736542, 1.3510078191757202, 0.8168522715568542, 0.7961438894271851, 0.7961438894271851, inf, '00:45']
No improvement since epoch 46: early stopping
----------
2
----------
DLS create!
[0, 0.5141083002090454, 0.5195640325546265, 0.9927892088890076, 0.0, 0.17398372292518616, 1.0468953847885132, 0.9910298585891724, 0.9900019764900208, 0.9900019764900208, 0.00010523325181566179, '00:46']
[1, 0.4989151954650879, 0.49225425720214844, 0.989924967288971, 0.04069327563047409, 0.17539635300636292, 1.4420454502105713, 0.9296858310699463, 0.9316170811653137, 0.9316170811653137, 1.765622615814209, '00:45']
[2, 0.501170814037323, 0.4952048361301422, 0.9917022585868835, 0.031140737235546112, 0.17441800236701965, 1.3185641765594482, 0.9385812282562256, 0.9424870014190674, 0.9424870014190674, 0.7717887163162231, '00:45']
[3, 0.49537450075149536, 0.5146026015281677, 0.9926031827926636, 0.017756914719939232, 0.17362429201602936, 1.113146185874939, 0.9633646011352539, 0.9672822952270508, 0.9672822952270508, 0.10682650655508041, '00:45']
[4, 0.48780250549316406, 0.48842310905456543, 0.9915063977241516, 0.04372541606426239, 0.17439070343971252, 1.3428341150283813, 0.9191651940345764, 0.9253864288330078, 0.9253864288330078, 0.9494986534118652, '00:45']
[5, 0.48720794916152954, 0.48756441473960876, 0.9828492999076843, 0.0594615712761879, 0.17974241077899933, 1.6880216598510742, 0.8918983340263367, 0.907864511013031, 0.907864511013031, 5.599898815155029, '00:45']
[6, 0.48702967166900635, 0.4865834414958954, 0.991249680519104, 0.05105827376246452, 0.17447465658187866, 1.3686020374298096, 0.9065667986869812, 0.9130313396453857, 0.9130313396453857, 1.0800714492797852, '00:45']
[7, 0.4717714190483093, 0.4757176339626312, 0.9906338453292847, 0.06442295014858246, 0.174916610121727, 1.4243336915969849, 0.8875515460968018, 0.8950973153114319, 0.8950973153114319, 1.5844486951828003, '00:45']
[8, 0.4712912142276764, 0.47037968039512634, 0.9882725477218628, 0.0736803188920021, 0.17682532966136932, 1.5513216257095337, 0.880162239074707, 0.8907670378684998, 0.8907670378684998, 2.592174768447876, '00:45']
[9, 0.47243741154670715, 0.47427240014076233, 0.9916301369667053, 0.060579877346754074, 0.17438377439975739, 1.3407660722732544, 0.8947275280952454, 0.9006427526473999, 0.9006427526473999, 0.8884000778198242, '00:45']
[10, 0.46692824363708496, 0.4645856022834778, 0.9897662401199341, 0.07871886342763901, 0.17561373114585876, 1.468559980392456, 0.87236487865448, 0.8789185285568237, 0.8789185285568237, 1.6876246929168701, '00:45']
[11, 0.466825008392334, 0.48408740758895874, 0.9809999465942383, 0.06861960887908936, 0.18019743263721466, 1.7160364389419556, 0.8655910491943359, 0.8890939950942993, 0.8890939950942993, 5.980428218841553, '00:45']
[12, 0.4663372337818146, 0.4655785858631134, 0.9908545613288879, 0.07510187476873398, 0.17498840391635895, 1.4095860719680786, 0.880081057548523, 0.8850332498550415, 0.8850332498550415, 1.1516484022140503, '00:46']
[13, 0.4654054343700409, 0.46437692642211914, 0.9881789088249207, 0.07935092598199844, 0.17666950821876526, 1.5452969074249268, 0.867682933807373, 0.8773752450942993, 0.8773752450942993, 2.343928813934326, '00:45']
[14, 0.45188480615615845, 0.46271979808807373, 0.9915606379508972, 0.07707948982715607, 0.17431612312793732, 1.3350379467010498, 0.8636139035224915, 0.8697746992111206, 0.8697746992111206, 0.9582616686820984, '00:45']
[15, 0.45776429772377014, 0.4641161859035492, 0.9906607270240784, 0.07220682501792908, 0.17487721145153046, 1.420424461364746, 0.8733618855476379, 0.8784465789794922, 0.8784465789794922, 1.175225019454956, '00:45']
[16, 0.4537544250488281, 0.47774738073349, 0.9797036051750183, 0.07709073275327682, 0.1811261922121048, 1.7206026315689087, 0.8517621159553528, 0.8787081837654114, 0.8787081837654114, 6.796967506408691, '00:46']
[17, 0.4447559416294098, 0.4543047845363617, 0.991091787815094, 0.08611402660608292, 0.1745959371328354, 1.3649357557296753, 0.8478901982307434, 0.8539658784866333, 0.8539658784866333, 1.018738865852356, '00:45']
[18, 0.438870906829834, 0.4620145559310913, 0.9874354004859924, 0.08659178763628006, 0.17661207914352417, 1.5734968185424805, 0.8435019254684448, 0.8559516072273254, 0.8559516072273254, 2.766876220703125, '00:45']
[19, 0.45263025164604187, 0.45427921414375305, 0.9896318316459656, 0.09342090040445328, 0.17569540441036224, 1.4684185981750488, 0.8501802086830139, 0.8577553629875183, 0.8577553629875183, 1.5783380270004272, '00:46']
[20, 0.4511217474937439, 0.4594055414199829, 0.9887905120849609, 0.08494248986244202, 0.17598110437393188, 1.511315107345581, 0.8558655977249146, 0.8638546466827393, 0.8638546466827393, 2.0076091289520264, '00:46']
[21, 0.4526363015174866, 0.4575146734714508, 0.9916925430297852, 0.08033335208892822, 0.1743423342704773, 1.3236405849456787, 0.8631778955459595, 0.8690869212150574, 0.8690869212150574, 0.778962254524231, '00:46']
[22, 0.43635478615760803, 0.4470953047275543, 0.9888573288917542, 0.10158830881118774, 0.1761600375175476, 1.5155551433563232, 0.831481397151947, 0.8417640924453735, 0.8417640924453735, 2.0619618892669678, '00:45']
[23, 0.4493565559387207, 0.4526655077934265, 0.9912880063056946, 0.08978099375963211, 0.1745685636997223, 1.3920292854309082, 0.848828911781311, 0.8547691106796265, 0.8547691106796265, 1.1047626733779907, '00:46']
[24, 0.43833428621292114, 0.4539218544960022, 0.9899921417236328, 0.09320471435785294, 0.1752908080816269, 1.4603428840637207, 0.8459383845329285, 0.8512131571769714, 0.8512131571769714, 1.4016823768615723, '00:45']
[25, 0.44318777322769165, 0.44411700963974, 0.9904711842536926, 0.0993741825222969, 0.17526541650295258, 1.4385062456130981, 0.8374742865562439, 0.8446363806724548, 0.8446363806724548, 1.449415922164917, '00:45']
[26, 0.4386919438838959, 0.4678238034248352, 0.9924854636192322, 0.06134871020913124, 0.17379595339298248, 1.1991828680038452, 0.8791418671607971, 0.8891094923019409, 0.8891094923019409, 0.35378289222717285, '00:45']
[27, 0.44069263339042664, 0.4406980276107788, 0.9906068444252014, 0.10369834303855896, 0.17510069906711578, 1.4425699710845947, 0.8257778882980347, 0.8337504267692566, 0.8337504267692566, 1.4764422178268433, '00:46']
[28, 0.4483802914619446, 0.45800015330314636, 0.9871248006820679, 0.08785292506217957, 0.1769823580980301, 1.5946475267410278, 0.8483380079269409, 0.8611680865287781, 0.8611680865287781, 3.0006020069122314, '00:45']
[29, 0.441089391708374, 0.44923996925354004, 0.9900045394897461, 0.0953180268406868, 0.17533545196056366, 1.4816975593566895, 0.8385183215141296, 0.8463932275772095, 0.8463932275772095, 1.7433475255966187, '00:44']
[30, 0.43494996428489685, 0.47233477234840393, 0.9842267036437988, 0.07876890152692795, 0.17846007645130157, 1.6616653203964233, 0.8552956581115723, 0.871686577796936, 0.871686577796936, 3.7535011768341064, '00:46']
[31, 0.4326245188713074, 0.46370452642440796, 0.9904983043670654, 0.0790679082274437, 0.17482969164848328, 1.4304722547531128, 0.8585237860679626, 0.8663250207901001, 0.8663250207901001, 1.445268988609314, '00:46']
[32, 0.43067774176597595, 0.45077523589134216, 0.9886873960494995, 0.09179062396287918, 0.17619198560714722, 1.520150899887085, 0.8404901027679443, 0.8503156900405884, 0.8503156900405884, 2.1948087215423584, '00:45']
[33, 0.43249478936195374, 0.4402107000350952, 0.9911676049232483, 0.10693661868572235, 0.17465537786483765, 1.3778767585754395, 0.8219253420829773, 0.8284083008766174, 0.8284083604812622, 1.0332378149032593, '00:45']
[34, 0.43467822670936584, 0.44300705194473267, 0.9900930523872375, 0.10619796067476273, 0.17525984346866608, 1.4680471420288086, 0.8208065629005432, 0.8310183882713318, 0.8310183882713318, 1.6717795133590698, '00:46']
[35, 0.43232572078704834, 0.4570086598396301, 0.9867664575576782, 0.09106806665658951, 0.1771201342344284, 1.5782712697982788, 0.8389099836349487, 0.853214681148529, 0.853214681148529, 3.1474528312683105, '00:45']
[36, 0.4269750714302063, 0.4366229176521301, 0.9915889501571655, 0.10879412293434143, 0.17448881268501282, 1.346993088722229, 0.8201234340667725, 0.8259193301200867, 0.8259193301200867, 0.8591147065162659, '00:45']
[37, 0.4405866265296936, 0.43871867656707764, 0.9863242506980896, 0.11639180779457092, 0.17783081531524658, 1.5998412370681763, 0.8068711757659912, 0.8276079297065735, 0.8276079297065735, 3.1174943447113037, '00:45']
[38, 0.43074730038642883, 0.4469735622406006, 0.9881669878959656, 0.09819623082876205, 0.17649105191230774, 1.5643284320831299, 0.8278801441192627, 0.8417066335678101, 0.8417066335678101, 2.4177658557891846, '00:46']
[39, 0.43109697103500366, 0.4505293667316437, 0.9917809367179871, 0.08908748626708984, 0.17424707114696503, 1.2717787027359009, 0.8409746289253235, 0.849481463432312, 0.849481463432312, 0.6456295251846313, '00:45']
[40, 0.4187747538089752, 0.45489630103111267, 0.9919121861457825, 0.08289375901222229, 0.17414946854114532, 1.26839280128479, 0.850497841835022, 0.8611850738525391, 0.8611850738525391, 0.5876761078834534, '00:45']
[41, 0.4327665865421295, 0.45784303545951843, 0.9861001372337341, 0.0912834107875824, 0.17755886912345886, 1.6233769655227661, 0.8365633487701416, 0.8535543084144592, 0.8535543084144592, 3.2865045070648193, '00:46']
[42, 0.4308454692363739, 0.43243247270584106, 0.9909635782241821, 0.11928466707468033, 0.17479375004768372, 1.4107625484466553, 0.808351993560791, 0.8147088885307312, 0.8147088885307312, 1.175995111465454, '00:46']
[43, 0.421415776014328, 0.4396913945674896, 0.9912097454071045, 0.10614465922117233, 0.17466987669467926, 1.369526982307434, 0.8217933773994446, 0.8280117511749268, 0.8280117511749268, 1.083484411239624, '00:45']
[44, 0.4221532344818115, 0.44419845938682556, 0.9874764084815979, 0.11101467907428741, 0.1767909824848175, 1.5880485773086548, 0.8042440414428711, 0.8248465061187744, 0.8248465061187744, 2.795529842376709, '00:45']
[45, 0.4260372221469879, 0.4357243478298187, 0.9889611601829529, 0.11471566557884216, 0.1760224997997284, 1.5375021696090698, 0.8055286407470703, 0.8189388513565063, 0.8189388513565063, 2.19042706489563, '00:46']
[46, 0.42923998832702637, 0.4450865089893341, 0.9913947582244873, 0.09940902888774872, 0.17481309175491333, 1.316558599472046, 0.8384254574775696, 0.8468557596206665, 0.8468557596206665, 0.9583568572998047, '00:46']
[47, 0.42632928490638733, 0.4299037456512451, 0.9910373687744141, 0.12083786725997925, 0.17481447756290436, 1.3978700637817383, 0.8051838278770447, 0.8109515905380249, 0.8109515905380249, 1.1566866636276245, '00:45']
[48, 0.4272218644618988, 0.4478885233402252, 0.9893442988395691, 0.10063406080007553, 0.17562340199947357, 1.5231654644012451, 0.8264482617378235, 0.8363465070724487, 0.8363465070724487, 2.063671588897705, '00:45']
[49, 0.4336225986480713, 0.43442532420158386, 0.9919846653938293, 0.11186017841100693, 0.17415229976177216, 1.3240677118301392, 0.8107014894485474, 0.8187351822853088, 0.8187351822853088, 0.8501617908477783, '00:46']
[50, 0.4294838607311249, 0.44007739424705505, 0.9924360513687134, 0.10034719109535217, 0.17391103506088257, 1.257546305656433, 0.8254329562187195, 0.8353154063224792, 0.8353154063224792, 0.5478787422180176, '00:45']
[51, 0.42202064394950867, 0.4490358233451843, 0.9869905114173889, 0.10204099863767624, 0.17713811993598938, 1.5722606182098389, 0.8261096477508545, 0.8397125005722046, 0.8397125005722046, 2.5963428020477295, '00:45']
[52, 0.4155901372432709, 0.4312308430671692, 0.9893345236778259, 0.12325387448072433, 0.17599910497665405, 1.5040725469589233, 0.802266538143158, 0.812016487121582, 0.812016487121582, 2.145420789718628, '00:46']
[53, 0.42230185866355896, 0.46343880891799927, 0.9922041893005371, 0.07348675280809402, 0.17395053803920746, 1.1768497228622437, 0.8650569319725037, 0.8763687014579773, 0.8763687014579773, 0.41286489367485046, '00:45']
[54, 0.41343653202056885, 0.4344566762447357, 0.9898591041564941, 0.11245245486497879, 0.1755490005016327, 1.4825278520584106, 0.8106154203414917, 0.8199064135551453, 0.8199064135551453, 1.6264076232910156, '00:45']
[55, 0.42031964659690857, 0.4342684745788574, 0.9918248653411865, 0.1100979596376419, 0.1743272840976715, 1.3184616565704346, 0.8185791373252869, 0.8247169256210327, 0.8247169256210327, 0.7780734896659851, '00:44']
[56, 0.4172554910182953, 0.43573305010795593, 0.9923506379127502, 0.10590512305498123, 0.17411518096923828, 1.2765353918075562, 0.8192461133003235, 0.8281451463699341, 0.8281451463699341, 0.6587686538696289, '00:45']
No improvement since epoch 47: early stopping
----------
3
----------
DLS create!
[0, 0.5243816375732422, 0.5074705481529236, 0.99250328540802, 0.0038589336909353733, 0.17579713463783264, 1.1369572877883911, 0.9769374132156372, 0.9714174270629883, 0.9714174270629883, 0.02798769809305668, '00:46']
[1, 0.5128010511398315, 0.5326235890388489, 0.9925477504730225, 0.0010399505263194442, 0.17347456514835358, 1.048926591873169, 0.9837445020675659, 0.9891226291656494, 0.9891226291656494, 0.011618583463132381, '00:44']
[2, 0.5061476230621338, 0.5155265927314758, 0.9799363613128662, 0.03135760501027107, 0.18358665704727173, 1.5989383459091187, 0.955675482749939, 0.9540567398071289, 0.9540567398071289, 4.397101402282715, '00:45']
[3, 0.501020610332489, 0.4948626458644867, 0.9875308871269226, 0.04150766506791115, 0.17705537378787994, 1.4878031015396118, 0.9349597096443176, 0.9314578175544739, 0.9314578175544739, 1.475406527519226, '00:45']
[4, 0.503045380115509, 0.5016781687736511, 0.9918729066848755, 0.015688670799136162, 0.17470164597034454, 1.1869760751724243, 0.9610310792922974, 0.9587230086326599, 0.9587230086326599, 0.17054039239883423, '00:46']
[5, 0.4902980625629425, 0.48513299226760864, 0.9855172634124756, 0.054324839264154434, 0.1780579537153244, 1.5519330501556396, 0.9110750555992126, 0.911216676235199, 0.911216676235199, 1.98270583152771, '00:45']
[6, 0.4917808175086975, 0.5107738971710205, 0.9921049475669861, 0.01661061681807041, 0.17394429445266724, 1.166008710861206, 0.9576327800750732, 0.9614989161491394, 0.9614989161491394, 0.17784665524959564, '00:44']
[7, 0.48893794417381287, 0.48084908723831177, 0.983144223690033, 0.06713157147169113, 0.1790817528963089, 1.6100879907608032, 0.8806799650192261, 0.891947865486145, 0.891947865486145, 3.0808775424957275, '00:46']
[8, 0.48323559761047363, 0.47612306475639343, 0.9893502593040466, 0.06228085979819298, 0.17569339275360107, 1.3806644678115845, 0.89694744348526, 0.8972541689872742, 0.8972541689872742, 1.0000826120376587, '00:45']
[9, 0.48275548219680786, 0.5043976306915283, 0.9915667772293091, 0.02525303326547146, 0.17432251572608948, 1.2386749982833862, 0.9530184864997864, 0.954100489616394, 0.954100489616394, 0.3900565207004547, '00:44']
[10, 0.47657307982444763, 0.4728158116340637, 0.9913190603256226, 0.06483194231987, 0.17440684139728546, 1.2691569328308105, 0.8891404271125793, 0.8914183378219604, 0.8914183378219604, 0.5349912047386169, '00:45']
[11, 0.464132159948349, 0.47902238368988037, 0.9905751347541809, 0.061873771250247955, 0.17464613914489746, 1.31980299949646, 0.8869398832321167, 0.8930209279060364, 0.8930209279060364, 0.7728796601295471, '00:46']
[12, 0.46151283383369446, 0.47319602966308594, 0.9913125038146973, 0.06123736873269081, 0.17428040504455566, 1.2339321374893188, 0.8817866444587708, 0.890625, 0.890625, 0.4560603201389313, '00:45']
[13, 0.4745144546031952, 0.49300992488861084, 0.9812076091766357, 0.05473863705992699, 0.18065978586673737, 1.6489074230194092, 0.9043241739273071, 0.9163320660591125, 0.9163320660591125, 3.958805799484253, '00:45']
[14, 0.45883217453956604, 0.48224619030952454, 0.9877381920814514, 0.0604935847222805, 0.1762610524892807, 1.4591752290725708, 0.8909804821014404, 0.8970518112182617, 0.8970518112182617, 1.7207069396972656, '00:46']
[15, 0.46303609013557434, 0.4602687656879425, 0.9913896322250366, 0.07746638357639313, 0.17436139285564423, 1.2669624090194702, 0.8662393689155579, 0.8716995120048523, 0.8716995120048523, 0.5271719098091125, '00:46']
[16, 0.44933122396469116, 0.48085522651672363, 0.9890903830528259, 0.060406703501939774, 0.17549024522304535, 1.4168437719345093, 0.8925431370735168, 0.8966930508613586, 0.8966930508613586, 1.3200087547302246, '00:45']
[17, 0.45557811856269836, 0.4648395776748657, 0.9905135035514832, 0.0728696659207344, 0.17497293651103973, 1.3289504051208496, 0.8777886629104614, 0.8812536001205444, 0.8812536001205444, 0.7734143137931824, '00:45']
[18, 0.44631513953208923, 0.45927199721336365, 0.9915280342102051, 0.07254638522863388, 0.17453321814537048, 1.2653268575668335, 0.870707094669342, 0.8754787445068359, 0.8754787445068359, 0.4879077076911926, '00:47']
[19, 0.44531723856925964, 0.48208898305892944, 0.9813882112503052, 0.06777976453304291, 0.17991384863853455, 1.619803547859192, 0.8742873668670654, 0.8878329396247864, 0.8878329396247864, 3.386958122253418, '00:45']
[20, 0.4468638002872467, 0.4780671298503876, 0.9816086292266846, 0.07695899903774261, 0.17974984645843506, 1.6422736644744873, 0.8585198521614075, 0.8754903674125671, 0.8754903674125671, 3.6660497188568115, '00:45']
[21, 0.45376622676849365, 0.45739543437957764, 0.9898428916931152, 0.08310118317604065, 0.17526668310165405, 1.369361400604248, 0.8566728830337524, 0.8616015911102295, 0.8616015911102295, 1.0361779928207397, '00:45']
[22, 0.45668894052505493, 0.4597432017326355, 0.9895416498184204, 0.08189059048891068, 0.17536740005016327, 1.3960657119750977, 0.855403482913971, 0.8614917397499084, 0.8614917397499084, 1.1089190244674683, '00:46']
[23, 0.4586251676082611, 0.45855191349983215, 0.9859164357185364, 0.09653973579406738, 0.17839156091213226, 1.5700650215148926, 0.8506046533584595, 0.8631092309951782, 0.8631092309951782, 2.3728129863739014, '00:45']
[24, 0.4447607696056366, 0.4610961675643921, 0.9889471530914307, 0.08067997545003891, 0.17567381262779236, 1.4090790748596191, 0.8558980822563171, 0.8625651597976685, 0.8625650405883789, 1.213517665863037, '00:45']
[25, 0.4437316954135895, 0.4787667393684387, 0.9923132658004761, 0.055975109338760376, 0.17365512251853943, 1.1142277717590332, 0.8829794526100159, 0.9003642201423645, 0.9003642201423645, 0.19885224103927612, '00:46']
[26, 0.44603174924850464, 0.45615527033805847, 0.9907792806625366, 0.0859520211815834, 0.17463116347789764, 1.3124487400054932, 0.8464640378952026, 0.8552711606025696, 0.8552711606025696, 0.7887281775474548, '00:46']
[27, 0.44523653388023376, 0.45586588978767395, 0.991059422492981, 0.08416228741407394, 0.17459702491760254, 1.2817878723144531, 0.8507073521614075, 0.8600903749465942, 0.8600903749465942, 0.7107515335083008, '00:45']
[28, 0.43292516469955444, 0.46235203742980957, 0.9899193048477173, 0.08379990607500076, 0.1750916838645935, 1.3684449195861816, 0.8524360656738281, 0.8611748814582825, 0.8611748814582825, 1.0661303997039795, '00:45']
[29, 0.42901062965393066, 0.45634809136390686, 0.9898949265480042, 0.08623706549406052, 0.17514163255691528, 1.3687245845794678, 0.8481175899505615, 0.8540185689926147, 0.8540185689926147, 1.046439528465271, '00:46']
[30, 0.4377005398273468, 0.45848575234413147, 0.9889241456985474, 0.09283310920000076, 0.1760600060224533, 1.4027748107910156, 0.853853702545166, 0.8631903529167175, 0.8631903529167175, 1.3656290769577026, '00:45']
[31, 0.43315964937210083, 0.4550231695175171, 0.9889633655548096, 0.09034054726362228, 0.17571894824504852, 1.4366462230682373, 0.8416306972503662, 0.8489969968795776, 0.8489969968795776, 1.3887406587600708, '00:44']
[32, 0.44309866428375244, 0.46254223585128784, 0.9835218191146851, 0.09170602262020111, 0.17934279143810272, 1.5920774936676025, 0.8428196310997009, 0.8607323169708252, 0.8607323169708252, 3.0810964107513428, '00:45']
[33, 0.4394383132457733, 0.4535665810108185, 0.9908632636070251, 0.08776132762432098, 0.17466475069522858, 1.3183575868606567, 0.8439728021621704, 0.8535339832305908, 0.8535339832305908, 0.8777737021446228, '00:45']
[34, 0.4315495193004608, 0.45288577675819397, 0.9880243539810181, 0.09637150913476944, 0.17622783780097961, 1.4825321435928345, 0.8309917449951172, 0.8403815031051636, 0.8403815031051636, 1.6968274116516113, '00:44']
[35, 0.43393439054489136, 0.4524478018283844, 0.9908131957054138, 0.09337812662124634, 0.17463089525699615, 1.3298239707946777, 0.8410000205039978, 0.8475803732872009, 0.8475803732872009, 0.8477003574371338, '00:45']
[36, 0.44077545404434204, 0.4576895236968994, 0.9865345358848572, 0.09131614118814468, 0.17708605527877808, 1.5329996347427368, 0.8368946313858032, 0.84976726770401, 0.84976726770401, 2.3345155715942383, '00:45']
[37, 0.4340624511241913, 0.4449579417705536, 0.9909768104553223, 0.0943417102098465, 0.17465712130069733, 1.3169806003570557, 0.8345476388931274, 0.8425122499465942, 0.8425122499465942, 0.8136168718338013, '00:45']
[38, 0.44046610593795776, 0.46403512358665466, 0.9833258390426636, 0.0889291912317276, 0.17888887226581573, 1.6037083864212036, 0.8352053761482239, 0.8540342450141907, 0.8540342450141907, 3.1144649982452393, '00:45']
[39, 0.43539488315582275, 0.45173296332359314, 0.9899778366088867, 0.0918947160243988, 0.1753033548593521, 1.3455568552017212, 0.8440117239952087, 0.8505682349205017, 0.8505682349205017, 1.1127686500549316, '00:44']
[40, 0.43621429800987244, 0.4566974341869354, 0.9898219704627991, 0.08853113651275635, 0.17522065341472626, 1.3904118537902832, 0.8514201641082764, 0.8562696576118469, 0.8562696576118469, 1.104738473892212, '00:45']
[41, 0.4260910749435425, 0.44808200001716614, 0.987876296043396, 0.1007557287812233, 0.17641089856624603, 1.4859812259674072, 0.8270548582077026, 0.8361545205116272, 0.8361545205116272, 1.7430797815322876, '00:44']
[42, 0.42890211939811707, 0.46010684967041016, 0.9903491139411926, 0.08098648488521576, 0.17503869533538818, 1.3209744691848755, 0.8605496287345886, 0.8678887486457825, 0.8678887486457825, 0.9485900402069092, '00:45']
[43, 0.4232138693332672, 0.443491667509079, 0.9894552230834961, 0.09953940659761429, 0.1755535751581192, 1.4099520444869995, 0.8284507989883423, 0.8360477685928345, 0.8360477685928345, 1.3203312158584595, '00:45']
[44, 0.4370601177215576, 0.4486910104751587, 0.9902273416519165, 0.09456554055213928, 0.1750134974718094, 1.3460100889205933, 0.8360335230827332, 0.8437000513076782, 0.8437000513076782, 0.9100790023803711, '00:44']
[45, 0.4204366207122803, 0.4528542757034302, 0.9882413148880005, 0.09159421920776367, 0.17613406479358673, 1.4549071788787842, 0.8324768543243408, 0.8441931009292603, 0.8441931009292603, 1.596142053604126, '00:44']
[46, 0.42760348320007324, 0.4534750282764435, 0.9897143840789795, 0.09039541333913803, 0.1752522885799408, 1.3696105480194092, 0.8375158905982971, 0.8466141819953918, 0.8466141819953918, 1.0852665901184082, '00:45']
[47, 0.4172587990760803, 0.45648908615112305, 0.9915991425514221, 0.07859793305397034, 0.17424723505973816, 1.240091323852539, 0.8501728773117065, 0.8623246550559998, 0.8623246550559998, 0.5553857088088989, '00:45']
[48, 0.4168435335159302, 0.4460901916027069, 0.9892317652702332, 0.10177333652973175, 0.17563483119010925, 1.426546335220337, 0.8269997835159302, 0.8338782787322998, 0.8338782787322998, 1.523636817932129, '00:45']
[49, 0.4293052554130554, 0.4605161249637604, 0.9896513223648071, 0.08829598873853683, 0.1752644032239914, 1.385392665863037, 0.850113034248352, 0.8547620177268982, 0.8547620177268982, 1.1196467876434326, '00:44']
[50, 0.4160348176956177, 0.44374197721481323, 0.9878325462341309, 0.10741373151540756, 0.17653237283229828, 1.4862242937088013, 0.8232579231262207, 0.8291677236557007, 0.8291677236557007, 1.817238211631775, '00:44']
[51, 0.43104639649391174, 0.45611461997032166, 0.9840742945671082, 0.09864981472492218, 0.178443044424057, 1.6136378049850464, 0.8209312558174133, 0.8376713991165161, 0.8376713991165161, 3.1021065711975098, '00:45']
[52, 0.4256170988082886, 0.46102553606033325, 0.9912448525428772, 0.08100555092096329, 0.1745237112045288, 1.215624213218689, 0.8602975606918335, 0.8718600869178772, 0.8718600869178772, 0.6747807264328003, '00:45']
No improvement since epoch 43: early stopping
----------
4
----------
DLS create!
[0, 0.5248828530311584, 0.5266952514648438, 0.9904768466949463, nan, 0.17502626776695251, 1.0986541509628296, 0.991365909576416, 0.9774582982063293, 0.9774582982063293, nan, '00:44']
[1, 0.5119246244430542, 0.5080152750015259, 0.9868811368942261, nan, 0.17632368206977844, 1.4085465669631958, 0.9484541416168213, 0.9364634156227112, 0.9364634156227112, nan, '00:44']
[2, 0.5034066438674927, 0.4991280138492584, 0.9781110286712646, 0.05243688449263573, 0.18140150606632233, 1.6420437097549438, 0.9143257141113281, 0.9068806767463684, 0.9068806767463684, inf, '00:44']
[3, 0.49690213799476624, 0.5023434162139893, 0.984178900718689, 0.043336156755685806, 0.17750392854213715, 1.5189062356948853, 0.9275064468383789, 0.9168199896812439, 0.9168199896812439, inf, '00:45']
[4, 0.5011592507362366, 0.514796257019043, 0.9895585179328918, nan, 0.1744924634695053, 1.1909936666488647, 0.9687396287918091, 0.9581127166748047, 0.9581127166748047, nan, '00:44']
[5, 0.49396657943725586, 0.4928935170173645, 0.9889881014823914, 0.043368641287088394, 0.1747390776872635, 1.3124024868011475, 0.9197105169296265, 0.9113367199897766, 0.9113367199897766, inf, '00:45']
[6, 0.49564144015312195, 0.48083898425102234, 0.9875645041465759, 0.06264655292034149, 0.17585226893424988, 1.391485333442688, 0.9029646515846252, 0.8923000693321228, 0.8923000693321228, inf, '00:44']
[7, 0.4914528727531433, 0.48784521222114563, 0.9882609844207764, 0.051761288195848465, 0.1752515286207199, 1.352146863937378, 0.9143073558807373, 0.9042471051216125, 0.9042471051216125, inf, '00:44']
[8, 0.48455148935317993, 0.49637311697006226, 0.989844799041748, nan, 0.17390911281108856, 1.177910327911377, 0.9121553897857666, 0.9141132831573486, 0.9141132831573486, nan, '00:45']
[9, 0.4845859408378601, 0.47402262687683105, 0.9852272272109985, 0.07313259690999985, 0.17706091701984406, 1.5046768188476562, 0.8834683299064636, 0.8737937808036804, 0.8737937808036804, inf, '00:45']
[10, 0.4695102274417877, 0.471771240234375, 0.9886989593505859, 0.07522810250520706, 0.17478500306606293, 1.3299853801727295, 0.8735249638557434, 0.8666390180587769, 0.8666390180587769, inf, '00:44']
[11, 0.47425925731658936, 0.4698711633682251, 0.987980306148529, 0.07456167042255402, 0.17518648505210876, 1.3838443756103516, 0.874568521976471, 0.8659195303916931, 0.8659195303916931, inf, '00:44']
[12, 0.46614477038383484, 0.46195438504219055, 0.9867050647735596, 0.09036616235971451, 0.17603625357151031, 1.432901382446289, 0.8537957668304443, 0.847292959690094, 0.847292959690094, inf, '00:44']
[13, 0.4642648994922638, 0.4611065983772278, 0.9896028637886047, 0.0874965488910675, 0.1742473542690277, 1.2599518299102783, 0.8447332382202148, 0.8436775207519531, 0.8436775207519531, inf, '00:45']
[14, 0.46349015831947327, 0.45097240805625916, 0.9857608675956726, 0.10865052044391632, 0.1766011118888855, 1.5137280225753784, 0.8178154826164246, 0.8179490566253662, 0.8179490566253662, inf, '00:45']
[15, 0.4636632800102234, 0.46453994512557983, 0.9890553951263428, 0.07929431647062302, 0.17468075454235077, 1.3160661458969116, 0.8665151000022888, 0.8611519932746887, 0.8611519932746887, inf, '00:44']
[16, 0.4665932059288025, 0.4544619917869568, 0.9884659051895142, 0.09503598511219025, 0.17523303627967834, 1.3582727909088135, 0.8501275181770325, 0.8446123600006104, 0.8446123600006104, inf, '00:44']
[17, 0.45554739236831665, 0.4511394798755646, 0.9894924163818359, 0.09935933351516724, 0.174363911151886, 1.2970162630081177, 0.8297714591026306, 0.8274866938591003, 0.8274866938591003, inf, '00:45']
[18, 0.4650889039039612, 0.4479575753211975, 0.9880204200744629, 0.10699194669723511, 0.1753385215997696, 1.3969268798828125, 0.8291606903076172, 0.8238458633422852, 0.8238458633422852, inf, '00:45']
[19, 0.46369606256484985, 0.45102447271347046, 0.9852421283721924, 0.10515610873699188, 0.17701230943202972, 1.5224210023880005, 0.8268758058547974, 0.824885368347168, 0.824885368347168, inf, '00:44']
[20, 0.44847729802131653, 0.44285377860069275, 0.9878867268562317, 0.10971488803625107, 0.17532624304294586, 1.3964606523513794, 0.8211207389831543, 0.8147878050804138, 0.8147878050804138, inf, '00:44']
[21, 0.44876542687416077, 0.4357876181602478, 0.9868969321250916, 0.12446898967027664, 0.17602643370628357, 1.459496259689331, 0.7977257370948792, 0.7950798869132996, 0.7950798869132996, inf, '00:45']
[22, 0.44343408942222595, 0.4919832646846771, 0.9712437391281128, 0.08720332384109497, 0.1844591200351715, 1.7296067476272583, 0.8313141465187073, 0.8506036400794983, 0.8506036400794983, inf, '00:45']
[23, 0.4403170645236969, 0.4706370532512665, 0.9808560609817505, 0.0859760046005249, 0.17929784953594208, 1.6166033744812012, 0.8482045531272888, 0.8505131006240845, 0.8505131006240845, inf, '00:44']
[24, 0.4503284990787506, 0.44804978370666504, 0.9861764311790466, 0.111407570540905, 0.1763295829296112, 1.4769858121871948, 0.8108841180801392, 0.8113499283790588, 0.8113499283790588, inf, '00:44']
[25, 0.43146973848342896, 0.4351828098297119, 0.9872691035270691, 0.12336728721857071, 0.1757570058107376, 1.4515085220336914, 0.795707643032074, 0.7929770946502686, 0.7929770946502686, inf, '00:44']
[26, 0.4516235888004303, 0.45290157198905945, 0.9900626540184021, nan, 0.1739567369222641, 1.199779748916626, 0.8251292109489441, 0.8292601704597473, 0.8292601704597473, nan, '00:44']
[27, 0.44686442613601685, 0.4296790659427643, 0.9894869327545166, 0.1275467723608017, 0.1746153086423874, 1.3476816415786743, 0.7902674674987793, 0.7905356884002686, 0.7905356884002686, inf, '00:45']
[28, 0.447096586227417, 0.43170467019081116, 0.9885712265968323, 0.12815061211585999, 0.17504765093326569, 1.3876796960830688, 0.7924208045005798, 0.7912299633026123, 0.7912299633026123, inf, '00:44']
[29, 0.44667989015579224, 0.44519034028053284, 0.9903017282485962, 0.10979483276605606, 0.1738705188035965, 1.2101010084152222, 0.8122984766960144, 0.8161312937736511, 0.8161312937736511, inf, '00:45']
[30, 0.4502292573451996, 0.44664788246154785, 0.9819425940513611, 0.1200498640537262, 0.17914356291294098, 1.6001449823379517, 0.8009960651397705, 0.8086384534835815, 0.8086384534835815, inf, '00:44']
[31, 0.4443278908729553, 0.4324742257595062, 0.9871017932891846, 0.12945608794689178, 0.17608071863651276, 1.4596596956253052, 0.7961586117744446, 0.796083390712738, 0.796083390712738, inf, '00:44']
[32, 0.4454236328601837, 0.4274497330188751, 0.9845650792121887, 0.13984356820583344, 0.17789380252361298, 1.5477344989776611, 0.7772707939147949, 0.7827811241149902, 0.7827811241149902, inf, '00:44']
[33, 0.45943164825439453, 0.46096962690353394, 0.9781015515327454, 0.10845829546451569, 0.1810866743326187, 1.657655954360962, 0.8090987205505371, 0.8247042894363403, 0.8247042894363403, inf, '00:44']
[34, 0.4445943832397461, 0.4286552667617798, 0.9872385263442993, 0.13145548105239868, 0.1758257895708084, 1.4583134651184082, 0.7815998792648315, 0.7816184759140015, 0.7816184759140015, inf, '00:44']
[35, 0.4439433515071869, 0.4576176404953003, 0.9905306696891785, nan, 0.17365410923957825, 1.1384683847427368, 0.8268596529960632, 0.8430010676383972, 0.8430010676383972, nan, '00:44']
[36, 0.4408753514289856, 0.4252731204032898, 0.9875323176383972, 0.13591419160366058, 0.17568828165531158, 1.4431815147399902, 0.7804824113845825, 0.778574526309967, 0.778574526309967, inf, '00:44']
[37, 0.4453125298023224, 0.4292958676815033, 0.9848728179931641, 0.14072418212890625, 0.1778264045715332, 1.5430175065994263, 0.7838122844696045, 0.7877551913261414, 0.7877551913261414, inf, '00:44']
[38, 0.44212716817855835, 0.4283251464366913, 0.9892803430557251, 0.12464269250631332, 0.1745847463607788, 1.3293637037277222, 0.7857224345207214, 0.7876745462417603, 0.7876745462417603, inf, '00:45']
[39, 0.447450190782547, 0.42114242911338806, 0.9880586266517639, 0.13985872268676758, 0.17560867965221405, 1.4176760911941528, 0.7818519473075867, 0.7804370522499084, 0.7804370522499084, inf, '00:44']
[40, 0.4432876408100128, 0.45887503027915955, 0.9905569553375244, nan, 0.17364925146102905, 1.1622886657714844, 0.8284825682640076, 0.8459780812263489, 0.8459780812263489, nan, '00:44']
[41, 0.4449201226234436, 0.4427361488342285, 0.9865928888320923, 0.1097402572631836, 0.17618872225284576, 1.4775041341781616, 0.8136016726493835, 0.8135926127433777, 0.8135926127433777, inf, '00:44']
[42, 0.437388151884079, 0.44614139199256897, 0.982134222984314, 0.11971690505743027, 0.1787525713443756, 1.599172830581665, 0.7892708778381348, 0.8020979762077332, 0.8020979762077332, inf, '00:44']
[43, 0.43662095069885254, 0.4307505786418915, 0.9892646670341492, 0.12245288491249084, 0.17470622062683105, 1.3091522455215454, 0.7933721542358398, 0.794764518737793, 0.794764518737793, inf, '00:44']
[44, 0.4417511522769928, 0.4261544644832611, 0.9876316785812378, 0.14399291574954987, 0.17623218894004822, 1.4567174911499023, 0.785496175289154, 0.7854781746864319, 0.7854781746864319, inf, '00:44']
[45, 0.4265485107898712, 0.4448457658290863, 0.9900537729263306, 0.1098460853099823, 0.17402581870555878, 1.2354445457458496, 0.8093298673629761, 0.812883734703064, 0.812883734703064, inf, '00:44']
[46, 0.4309634864330292, 0.4132102429866791, 0.986238956451416, 0.15876473486423492, 0.1768762171268463, 1.5187779664993286, 0.7530131936073303, 0.7548105716705322, 0.7548105716705322, inf, '00:45']
[47, 0.4304087162017822, 0.42493024468421936, 0.9878532886505127, 0.13600189983844757, 0.1756221055984497, 1.4338244199752808, 0.7773798704147339, 0.7771139144897461, 0.7771139144897461, inf, '00:44']
[48, 0.4254903495311737, 0.4151127338409424, 0.9880106449127197, 0.14671990275382996, 0.17568422853946686, 1.4352070093154907, 0.7652170658111572, 0.7648272514343262, 0.7648272514343262, inf, '00:44']
[49, 0.4373648762702942, 0.42935317754745483, 0.9832761883735657, 0.14005190134048462, 0.17848901450634003, 1.5848925113677979, 0.770720362663269, 0.7802932262420654, 0.7802932262420654, inf, '00:44']
[50, 0.42972785234451294, 0.43294620513916016, 0.9864733815193176, 0.12700241804122925, 0.17628970742225647, 1.4831774234771729, 0.7859638929367065, 0.7875379920005798, 0.7875379920005798, inf, '00:44']
[51, 0.41027992963790894, 0.42559558153152466, 0.9885547161102295, nan, 0.17526115477085114, 1.3573015928268433, 0.781183660030365, 0.7818547487258911, 0.7818547487258911, nan, '00:45']
[52, 0.4310339689254761, 0.41940343379974365, 0.9888302683830261, 0.1403679996728897, 0.17511722445487976, 1.401315689086914, 0.7744605541229248, 0.7726907730102539, 0.7726907730102539, inf, '00:44']
[53, 0.4245292842388153, 0.41820213198661804, 0.9862449169158936, 0.14557500183582306, 0.17651471495628357, 1.4978792667388916, 0.7593121528625488, 0.7590373754501343, 0.7590373754501343, inf, '00:44']
[54, 0.43558594584465027, 0.42309269309043884, 0.9885118007659912, 0.13643795251846313, 0.17505772411823273, 1.3487191200256348, 0.768794596195221, 0.7716030478477478, 0.7716030478477478, inf, '00:44']
[55, 0.43545499444007874, 0.4031912684440613, 0.9888701438903809, 0.1602565497159958, 0.17521144449710846, 1.402170181274414, 0.7440831661224365, 0.7430489659309387, 0.743048906326294, inf, '00:44']
[56, 0.4106625020503998, 0.4102292060852051, 0.9895713925361633, 0.15106084942817688, 0.1746741682291031, 1.3350756168365479, 0.7536037564277649, 0.7535234093666077, 0.7535234093666077, inf, '00:45']
[57, 0.4288749694824219, 0.41841620206832886, 0.9842538237571716, 0.14928506314754486, 0.17776817083358765, 1.5528087615966797, 0.7516096830368042, 0.7618486881256104, 0.7618486881256104, inf, '00:45']
[58, 0.4345962107181549, 0.43042537569999695, 0.9871002435684204, 0.13264776766300201, 0.17585010826587677, 1.4644526243209839, 0.781984269618988, 0.781654417514801, 0.7816543579101562, inf, '00:44']
[59, 0.42333632707595825, 0.42604541778564453, 0.9834495782852173, 0.1435055434703827, 0.17804214358329773, 1.5635368824005127, 0.7632561326026917, 0.768635630607605, 0.768635630607605, inf, '00:44']
[60, 0.41954505443573, 0.4308445453643799, 0.9889912009239197, 0.13401220738887787, 0.17477788031101227, 1.3575198650360107, 0.7812830209732056, 0.7810400724411011, 0.7810400724411011, inf, '00:45']
[61, 0.42583417892456055, 0.4193962812423706, 0.9887202978134155, 0.13615095615386963, 0.175019770860672, 1.373185396194458, 0.7676172852516174, 0.7696056365966797, 0.7696056365966797, inf, '00:45']
[62, 0.4250355660915375, 0.41243183612823486, 0.9839719533920288, 0.161515474319458, 0.17808537185192108, 1.5838584899902344, 0.7339981198310852, 0.7440112233161926, 0.7440112233161926, inf, '00:45']
[63, 0.429304301738739, 0.4329019784927368, 0.9863947629928589, 0.13227006793022156, 0.17634642124176025, 1.508131742477417, 0.7796363234519958, 0.782840371131897, 0.782840371131897, inf, '00:44']
[64, 0.42812684178352356, 0.40462955832481384, 0.9886528849601746, 0.16720564663410187, 0.17545366287231445, 1.4101433753967285, 0.7492607235908508, 0.7444248795509338, 0.7444248795509338, inf, '00:44']
No improvement since epoch 55: early stopping
FPN_xcep Done!
