Models will save to FPN_effb7_x
Use efficientnet-b7 encoder
Start training...
----------
0
----------
DLS create!
[0, 0.5198857188224792, 0.5228078365325928, 0.9937458038330078, 0.0, 0.17350555956363678, 1.005179762840271, 0.9999208450317383, 0.9987589716911316, 0.9987589716911316, 0.0, '02:07']
[1, 0.5170462131500244, 0.5258775353431702, 0.9937458038330078, 0.0, 0.1733390837907791, 1.001002311706543, 0.9994425177574158, 0.9994709491729736, 0.9994709491729736, 0.0, '02:06']
[2, 0.5186576843261719, 0.5253126621246338, 0.993466317653656, 0.00015665061073377728, 0.17369936406612396, 1.0567848682403564, 0.9995594620704651, 0.9981551766395569, 0.9981551766395569, 0.06555356830358505, '02:05']
[3, 0.5047145485877991, 0.5050278306007385, 0.9911205768585205, 0.01711438223719597, 0.17572489380836487, 1.4171462059020996, 0.9648438692092896, 0.9630805253982544, 0.9630805253982544, 1.8965787887573242, '02:07']
[4, 0.5097146034240723, 0.512804388999939, 0.9928413033485413, 0.0059218863025307655, 0.17490750551223755, 1.259020209312439, 0.9881731867790222, 0.9847642779350281, 0.9847642779350281, 0.6413711309432983, '02:06']
[5, 0.4962038993835449, 0.5157160758972168, 0.9934386014938354, 0.0044169374741613865, 0.17397309839725494, 1.1136919260025024, 0.9881657958030701, 0.9875419735908508, 0.9875419735908508, 0.14858178794384003, '02:05']
[6, 0.5013734698295593, 0.4965839087963104, 0.991270124912262, 0.028247838839888573, 0.17532846331596375, 1.2999669313430786, 0.948304295539856, 0.9496073126792908, 0.9496073126792908, 0.8293082118034363, '02:05']
[7, 0.4996521770954132, 0.520125687122345, 0.9910223484039307, 0.0037110603880137205, 0.17587274312973022, 1.3728693723678589, 0.9948773384094238, 0.9913414120674133, 0.9913414120674133, 2.0113823413848877, '02:07']
[8, 0.49541279673576355, 0.4898930788040161, 0.9921683669090271, 0.036231379956007004, 0.1745591014623642, 1.3533116579055786, 0.9305936098098755, 0.9328939318656921, 0.9328939318656921, 0.9350911974906921, '02:06']
[9, 0.48235243558883667, 0.49257877469062805, 0.9907821416854858, 0.035790760070085526, 0.17522460222244263, 1.4412322044372559, 0.9300515055656433, 0.9323517680168152, 0.9323517680168152, 1.467799425125122, '02:05']
[10, 0.4857087731361389, 0.47822871804237366, 0.9891904592514038, 0.05622965097427368, 0.17642682790756226, 1.5331662893295288, 0.8997272849082947, 0.9041597843170166, 0.9041597843170166, 2.1820573806762695, '02:06']
[11, 0.48741111159324646, 0.45620420575141907, 0.9900630116462708, 0.08562366664409637, 0.17611238360404968, 1.4929001331329346, 0.8634462356567383, 0.8687885403633118, 0.8687885403633118, 1.7702016830444336, '02:07']
[12, 0.47883063554763794, 0.4543265104293823, 0.9915198087692261, 0.08441507071256638, 0.17509782314300537, 1.3755062818527222, 0.862696647644043, 0.8658711910247803, 0.8658711910247803, 1.0129956007003784, '02:05']
[13, 0.481533020734787, 0.481632262468338, 0.9933872222900391, 0.04206746071577072, 0.17386282980442047, 1.164699673652649, 0.9172191023826599, 0.9246865510940552, 0.9246865510940552, 0.25943523645401, '02:05']
[14, 0.47524741291999817, 0.4557921588420868, 0.9915926456451416, 0.0809146836400032, 0.17513631284236908, 1.334783673286438, 0.8686131834983826, 0.8726409077644348, 0.8726409077644348, 0.8554452657699585, '02:06']
[15, 0.4686910808086395, 0.49107351899147034, 0.9779166579246521, 0.07197752594947815, 0.18268001079559326, 1.7403689622879028, 0.8665390014648438, 0.8869565725326538, 0.8869565725326538, 7.2901930809021, '02:05']
[16, 0.4799865186214447, 0.45325109362602234, 0.9922596216201782, 0.08483047783374786, 0.17475365102291107, 1.3454570770263672, 0.8674516081809998, 0.8693395853042603, 0.8693395853042603, 0.8520185947418213, '02:06']
[17, 0.46958810091018677, 0.4811592400074005, 0.9933695197105408, 0.04075799509882927, 0.1740332990884781, 1.1410231590270996, 0.9196584224700928, 0.9246999621391296, 0.9246999621391296, 0.25636225938796997, '02:05']
[18, 0.45575645565986633, 0.46024635434150696, 0.993078351020813, 0.07451414316892624, 0.17402786016464233, 1.226991891860962, 0.8693982362747192, 0.8779656291007996, 0.8779656291007996, 0.5257415771484375, '02:06']
[19, 0.461531400680542, 0.4576396644115448, 0.9929067492485046, 0.0754314661026001, 0.17405211925506592, 1.2474703788757324, 0.8588181734085083, 0.8705583810806274, 0.8705583810806274, 0.5358109474182129, '02:06']
[20, 0.45939067006111145, 0.4408314526081085, 0.9884207248687744, 0.10771232843399048, 0.17686231434345245, 1.5363216400146484, 0.823945164680481, 0.8338435292243958, 0.8338435292243958, 2.363443374633789, '02:05']
[21, 0.46606141328811646, 0.4440549910068512, 0.9928966164588928, 0.09213189780712128, 0.17422285676002502, 1.2952743768692017, 0.8437442183494568, 0.8501019477844238, 0.8501019477844238, 0.6884399652481079, '02:05']
[22, 0.46565335988998413, 0.44086742401123047, 0.9921136498451233, 0.10034652799367905, 0.17473104596138, 1.3605875968933105, 0.8366442322731018, 0.8426557779312134, 0.8426557779312134, 1.1054139137268066, '02:07']
[23, 0.45950207114219666, 0.44341400265693665, 0.9897017478942871, 0.1040070652961731, 0.1761566400527954, 1.4381970167160034, 0.8302337527275085, 0.8392478823661804, 0.8392478823661804, 1.4793471097946167, '02:06']
[24, 0.46280956268310547, 0.4559186100959778, 0.9851872324943542, 0.09297876805067062, 0.17858126759529114, 1.59172523021698, 0.8435527682304382, 0.8581684827804565, 0.8581684827804565, 3.368410348892212, '02:06']
[25, 0.45904555916786194, 0.48119625449180603, 0.9825979471206665, 0.06534278392791748, 0.17971092462539673, 1.6691341400146484, 0.8813531398773193, 0.8916525840759277, 0.8916525840759277, 5.328902244567871, '02:05']
[26, 0.4567157030105591, 0.4856293797492981, 0.9930664896965027, 0.03544221445918083, 0.17436406016349792, 1.231378436088562, 0.931612491607666, 0.9332669377326965, 0.9332669377326965, 0.4113181531429291, '02:07']
[27, 0.4558175802230835, 0.4389844536781311, 0.9908506870269775, 0.1049664244055748, 0.17543648183345795, 1.4354296922683716, 0.8295197486877441, 0.8350269198417664, 0.8350269198417664, 1.4257105588912964, '02:05']
[28, 0.44986769556999207, 0.43498334288597107, 0.9912064671516418, 0.10780735313892365, 0.1753324717283249, 1.435528039932251, 0.8225820660591125, 0.828728199005127, 0.828728199005127, 1.4297730922698975, '02:05']
[29, 0.4538861811161041, 0.43803924322128296, 0.9930259585380554, 0.10082172602415085, 0.1741376519203186, 1.2687861919403076, 0.8292070627212524, 0.8373602628707886, 0.8373602628707886, 0.6995499730110168, '02:05']
[30, 0.45273563265800476, 0.4370245039463043, 0.9932605624198914, 0.1026606410741806, 0.1740553230047226, 1.230953574180603, 0.8286321759223938, 0.8374624848365784, 0.8374624848365784, 0.5275733470916748, '02:07']
[31, 0.4483720660209656, 0.4442933201789856, 0.99197918176651, 0.09440875053405762, 0.17468853294849396, 1.3603894710540771, 0.8392593264579773, 0.8459743857383728, 0.8459743857383728, 0.9934952855110168, '02:06']
[32, 0.46182042360305786, 0.4519200921058655, 0.9837380051612854, 0.1021730825304985, 0.17933450639247894, 1.6663439273834229, 0.8223774433135986, 0.843108057975769, 0.843108057975769, 4.885941028594971, '02:05']
[33, 0.4561372697353363, 0.43509772419929504, 0.9926332831382751, 0.10476036369800568, 0.1743631511926651, 1.3044977188110352, 0.8210141062736511, 0.8305147886276245, 0.8305147886276245, 0.7723904848098755, '02:05']
[34, 0.4511129856109619, 0.4304411709308624, 0.9921668171882629, 0.11384763568639755, 0.1747795194387436, 1.3480671644210815, 0.8137603998184204, 0.8214324116706848, 0.8214324712753296, 0.9909080266952515, '02:08']
[35, 0.45199984312057495, 0.4327738881111145, 0.990991473197937, 0.11916021257638931, 0.17582358419895172, 1.457664132118225, 0.821118950843811, 0.8276665806770325, 0.8276665806770325, 1.5759592056274414, '02:06']
[36, 0.454070121049881, 0.43410417437553406, 0.9928686022758484, 0.10542742908000946, 0.17432282865047455, 1.290906548500061, 0.8218281865119934, 0.8299112319946289, 0.8299112319946289, 0.7417467832565308, '02:05']
[37, 0.4434308409690857, 0.4387850761413574, 0.9883162379264832, 0.11019198596477509, 0.17683765292167664, 1.5495966672897339, 0.8125092387199402, 0.8252184987068176, 0.8252184987068176, 2.4346771240234375, '02:05']
[38, 0.4399344027042389, 0.4345113933086395, 0.9900026917457581, 0.11043047159910202, 0.17581667006015778, 1.4635895490646362, 0.8169956207275391, 0.8248221278190613, 0.8248221278190613, 1.7518677711486816, '02:07']
[39, 0.4439730942249298, 0.4375143051147461, 0.989326536655426, 0.10784978419542313, 0.17629535496234894, 1.4631128311157227, 0.8152634501457214, 0.8276593685150146, 0.8276593685150146, 1.9258817434310913, '02:06']
[40, 0.4488774538040161, 0.43500256538391113, 0.9892454147338867, 0.11277790367603302, 0.17642472684383392, 1.4935065507888794, 0.8164863586425781, 0.825690746307373, 0.825690746307373, 2.003085136413574, '02:05']
[41, 0.4503565728664398, 0.4431152939796448, 0.992280900478363, 0.09688084572553635, 0.1745830625295639, 1.3174495697021484, 0.8387844562530518, 0.845725953578949, 0.8457258343696594, 0.8201422095298767, '02:05']
[42, 0.44177258014678955, 0.42566633224487305, 0.9915845990180969, 0.11974602937698364, 0.17503200471401215, 1.4044159650802612, 0.801912784576416, 0.8079491257667542, 0.8079491257667542, 1.2146351337432861, '02:07']
[43, 0.4501112103462219, 0.4244038760662079, 0.9906373620033264, 0.12756462395191193, 0.1756754368543625, 1.4576438665390015, 0.8014350533485413, 0.8102439641952515, 0.8102439641952515, 1.6774773597717285, '02:06']
[44, 0.4482135474681854, 0.43141257762908936, 0.9924750924110413, 0.11116411536931992, 0.17444932460784912, 1.3348076343536377, 0.819094717502594, 0.8246219754219055, 0.8246219754219055, 0.8724825978279114, '02:05']
[45, 0.4477297365665436, 0.47265133261680603, 0.9766037464141846, 0.08872818946838379, 0.18307970464229584, 1.7488083839416504, 0.8234086036682129, 0.8578435182571411, 0.8578435182571411, 7.066767692565918, '02:05']
[46, 0.4467858374118805, 0.42117470502853394, 0.9899618029594421, 0.12971101701259613, 0.1760724037885666, 1.5131285190582275, 0.7906838059425354, 0.8014870882034302, 0.8014870882034302, 2.203372001647949, '02:06']
[47, 0.4299480617046356, 0.43416520953178406, 0.9931025505065918, 0.10570605099201202, 0.17405188083648682, 1.2843079566955566, 0.8161109685897827, 0.8260101079940796, 0.8260101079940796, 0.7326701879501343, '02:06']
[48, 0.4487689435482025, 0.43645352125167847, 0.987245500087738, 0.11928899586200714, 0.17779414355754852, 1.5683183670043945, 0.8065076470375061, 0.8234778046607971, 0.8234778046607971, 2.7188291549682617, '02:06']
[49, 0.4460429549217224, 0.4537524878978729, 0.9882302284240723, 0.09731083363294601, 0.17697806656360626, 1.4962950944900513, 0.8367005586624146, 0.8521807193756104, 0.8521807193756104, 2.0099947452545166, '02:05']
[50, 0.4475785791873932, 0.44408759474754333, 0.9886742234230042, 0.10054805129766464, 0.17659208178520203, 1.483854055404663, 0.8299611806869507, 0.8413074016571045, 0.8413074016571045, 2.206815719604492, '02:07']
[51, 0.44080445170402527, 0.43434056639671326, 0.9886150360107422, 0.11318600922822952, 0.1765938550233841, 1.570245623588562, 0.8067604899406433, 0.8197709918022156, 0.8197709918022156, 2.7819552421569824, '02:05']
[52, 0.4450940489768982, 0.42912447452545166, 0.9908121824264526, 0.12382104247808456, 0.17584989964962006, 1.439284086227417, 0.8085775375366211, 0.8186652660369873, 0.8186652660369873, 1.4034205675125122, '02:05']
[53, 0.4449339210987091, 0.4125409722328186, 0.9918575882911682, 0.13645072281360626, 0.17499107122421265, 1.4185664653778076, 0.7842633724212646, 0.7899760007858276, 0.7899760007858276, 1.4274234771728516, '02:05']
[54, 0.43215107917785645, 0.4391671121120453, 0.9884193539619446, 0.10704679787158966, 0.17670844495296478, 1.566974401473999, 0.8146737813949585, 0.8267742395401001, 0.8267742395401001, 2.501767158508301, '02:07']
[55, 0.4323912560939789, 0.4891614615917206, 0.976529061794281, 0.0826602578163147, 0.18313007056713104, 1.7605018615722656, 0.8303082585334778, 0.8656667470932007, 0.8656667470932007, 7.540134906768799, '02:06']
[56, 0.42320966720581055, 0.4729251265525818, 0.9772346019744873, 0.08860311657190323, 0.1826333850622177, 1.7387800216674805, 0.8261261582374573, 0.8584386706352234, 0.8584386706352234, 6.8198418617248535, '02:05']
[57, 0.4289252758026123, 0.43223732709884644, 0.9880360960960388, 0.11575956642627716, 0.1768413782119751, 1.4965678453445435, 0.8054565787315369, 0.8179004192352295, 0.8179004192352295, 2.2933199405670166, '02:05']
[58, 0.45093145966529846, 0.4316262900829315, 0.9897171258926392, 0.11994650214910507, 0.17625686526298523, 1.4278836250305176, 0.8109091520309448, 0.8211656808853149, 0.8211656808853149, 1.5565911531448364, '02:07']
[59, 0.4335138499736786, 0.4380403459072113, 0.9861311912536621, 0.11536373943090439, 0.17807433009147644, 1.5824757814407349, 0.8022191524505615, 0.8208058476448059, 0.8208058476448059, 2.9562127590179443, '02:05']
[60, 0.42640233039855957, 0.4450361430644989, 0.9827245473861694, 0.10935850441455841, 0.1798003762960434, 1.6085556745529175, 0.8016324639320374, 0.8281875848770142, 0.8281875848770142, 3.696582794189453, '02:06']
[61, 0.42910173535346985, 0.42618218064308167, 0.993134617805481, 0.11455599963665009, 0.17408940196037292, 1.2834097146987915, 0.8044496178627014, 0.8146969676017761, 0.8146969676017761, 0.7006605267524719, '02:05']
[62, 0.43575429916381836, 0.438090056180954, 0.9836311340332031, 0.11556777358055115, 0.17941226065158844, 1.666556715965271, 0.7908416986465454, 0.8167306780815125, 0.8167306780815125, 4.569304466247559, '02:07']
No improvement since epoch 53: early stopping
----------
1
----------
DLS create!
[0, 0.5198527574539185, 0.5203713178634644, 0.9931315183639526, nan, 0.17404690384864807, 1.0043394565582275, 0.9999598860740662, 0.9762660264968872, 0.9762660264968872, nan, '02:06']
[1, 0.5114181041717529, 0.5288615822792053, 0.9931315183639526, nan, 0.17335404455661774, 1.0022567510604858, 0.9997524619102478, 0.9784661531448364, 0.9784661531448364, nan, '02:05']
[2, 0.5178457498550415, 0.5180834531784058, 0.9931001663208008, nan, 0.1744403839111328, 1.0884062051773071, 0.9918311834335327, 0.9682905673980713, 0.9682905673980713, nan, '02:07']
[3, 0.504787266254425, 0.5134667754173279, 0.9877259731292725, 0.01775219477713108, 0.17695027589797974, 1.5660134553909302, 0.9693721532821655, 0.9458524584770203, 0.9458524584770203, inf, '02:06']
[4, 0.503700852394104, 0.5097023248672485, 0.9929505586624146, 0.015347182750701904, 0.17382964491844177, 1.1679750680923462, 0.9682590365409851, 0.9521967172622681, 0.9521967172622681, inf, '02:05']
[5, 0.5021827220916748, 0.4953248202800751, 0.9896182417869568, 0.04015321284532547, 0.1761750876903534, 1.521664023399353, 0.9334592223167419, 0.9168112874031067, 0.9168112874031067, inf, '02:04']
[6, 0.49026426672935486, 0.47523850202560425, 0.9897620677947998, 0.06107526272535324, 0.17607179284095764, 1.5138438940048218, 0.8977388739585876, 0.8834068179130554, 0.8834068179130554, inf, '02:04']
[7, 0.5033488869667053, 0.4807084798812866, 0.9918212890625, 0.05756866931915283, 0.17536890506744385, 1.4196525812149048, 0.915753960609436, 0.8992324471473694, 0.8992324471473694, inf, '02:03']
[8, 0.4870402216911316, 0.48709994554519653, 0.992579996585846, 0.03682677447795868, 0.17449937760829926, 1.2645033597946167, 0.9321035146713257, 0.9143511056900024, 0.9143511056900024, inf, '02:03']
[9, 0.4880412220954895, 0.4992718994617462, 0.9792794585227966, 0.06239223852753639, 0.1815926432609558, 1.7460705041885376, 0.8784242868423462, 0.8800382614135742, 0.8800382614135742, inf, '02:04']
[10, 0.4848038852214813, 0.4656491279602051, 0.9923210144042969, 0.07094518840312958, 0.1741393655538559, 1.3497475385665894, 0.8744619488716125, 0.8645333051681519, 0.8645333051681519, inf, '02:04']
[11, 0.4832674264907837, 0.4794784486293793, 0.9919651746749878, 0.05152894929051399, 0.17440669238567352, 1.3378671407699585, 0.9049139022827148, 0.8912570476531982, 0.8912570476531982, inf, '02:04']
[12, 0.4793497622013092, 0.45828893780708313, 0.9912639260292053, 0.08351032435894012, 0.17498990893363953, 1.4123544692993164, 0.8674317598342896, 0.85281902551651, 0.85281902551651, inf, '02:03']
[13, 0.47987833619117737, 0.4545370936393738, 0.9918158650398254, 0.08757060021162033, 0.17450840771198273, 1.406337022781372, 0.8522008061408997, 0.8417462110519409, 0.8417460918426514, inf, '02:03']
[14, 0.4725075662136078, 0.48743000626564026, 0.9817222356796265, 0.06548956036567688, 0.18047088384628296, 1.7119261026382446, 0.8821896910667419, 0.8777365684509277, 0.8777365684509277, inf, '02:03']
[15, 0.47745370864868164, 0.49638161063194275, 0.9932071566581726, 0.028010278940200806, 0.17353972792625427, 1.0760637521743774, 0.9374731779098511, 0.9266067147254944, 0.9266067147254944, inf, '02:03']
[16, 0.4665526747703552, 0.4570299983024597, 0.9884189963340759, 0.092128224670887, 0.1766069233417511, 1.5603984594345093, 0.8485780954360962, 0.8403622508049011, 0.8403622508049011, inf, '02:03']
[17, 0.4606741666793823, 0.450389564037323, 0.9912625551223755, 0.09436997026205063, 0.17504757642745972, 1.4235150814056396, 0.8498096466064453, 0.8383486866950989, 0.8383486866950989, inf, '02:03']
[18, 0.4718519449234009, 0.4607967436313629, 0.9927277565002441, 0.07353349775075912, 0.17393651604652405, 1.2888591289520264, 0.8676018118858337, 0.8582335710525513, 0.8582335710525513, inf, '02:03']
[19, 0.4677000641822815, 0.43780869245529175, 0.9926341772079468, 0.1039440855383873, 0.17405913770198822, 1.3478530645370483, 0.8234583139419556, 0.8134356737136841, 0.8134356737136841, inf, '02:03']
[20, 0.4544176161289215, 0.4424826502799988, 0.9914650917053223, 0.10301104187965393, 0.17483043670654297, 1.44912588596344, 0.8287183046340942, 0.8187494874000549, 0.8187494874000549, inf, '02:04']
[21, 0.462386816740036, 0.4432530701160431, 0.9912785887718201, 0.10218203067779541, 0.17496821284294128, 1.4578862190246582, 0.8353450894355774, 0.8249532580375671, 0.8249532580375671, inf, '02:03']
[22, 0.4561983346939087, 0.4413827955722809, 0.9896707534790039, 0.1062239333987236, 0.17582033574581146, 1.5360227823257446, 0.8248386979103088, 0.8159502148628235, 0.8159502148628235, inf, '02:03']
[23, 0.4577684998512268, 0.45565149188041687, 0.9898942708969116, 0.09137257188558578, 0.17563080787658691, 1.420526146888733, 0.8470773100852966, 0.8380897045135498, 0.8380897045135498, inf, '02:04']
[24, 0.4619661867618561, 0.4379406273365021, 0.9902326464653015, 0.10903880000114441, 0.17559199035167694, 1.4838465452194214, 0.8191239833831787, 0.8113797307014465, 0.8113797307014465, inf, '02:03']
[25, 0.46309930086135864, 0.4564647972583771, 0.9860737919807434, 0.08957740664482117, 0.1776512712240219, 1.6475141048431396, 0.8391432166099548, 0.8359962701797485, 0.8359962701797485, inf, '02:03']
[26, 0.4561821520328522, 0.44769617915153503, 0.9880251288414001, 0.09972521662712097, 0.1766686737537384, 1.5862699747085571, 0.826785147190094, 0.8215683102607727, 0.8215683102607727, inf, '02:04']
[27, 0.4561440646648407, 0.4451688826084137, 0.9904398322105408, 0.10101492702960968, 0.17538058757781982, 1.5047332048416138, 0.8295553922653198, 0.8207539319992065, 0.8207539319992065, inf, '02:03']
[28, 0.4567186236381531, 0.44327300786972046, 0.9917159676551819, 0.10051629692316055, 0.1746906340122223, 1.386625051498413, 0.831086277961731, 0.822267472743988, 0.822267472743988, inf, '02:03']
No improvement since epoch 19: early stopping
----------
2
----------
DLS create!
[0, 0.5200694799423218, 0.5325977206230164, 0.9927894473075867, 0.0, 0.17332378029823303, 1.0008994340896606, 1.0000009536743164, 0.9997677803039551, 0.9997677803039551, 0.0, '02:04']
[1, 0.5149001479148865, 0.5231645107269287, 0.9927894473075867, 0.0, 0.17398856580257416, 1.0106275081634521, 0.999505877494812, 0.9969052672386169, 0.9969052672386169, 0.0, '02:04']
[2, 0.5125452280044556, 0.522351861000061, 0.9925372004508972, 0.004893649835139513, 0.1737593710422516, 1.1135064363479614, 0.991186261177063, 0.9910022616386414, 0.9910022616386414, 0.3141900300979614, '02:04']
[3, 0.5051146745681763, 0.5260198712348938, 0.9927894473075867, 0.0, 0.17359736561775208, 1.0035334825515747, 0.999843955039978, 0.9985139966011047, 0.9985139966011047, 1.2824733630623086e-06, '02:04']
[4, 0.5042088031768799, 0.5183942914009094, 0.9916537404060364, 0.010861077345907688, 0.17422810196876526, 1.253235101699829, 0.9771794676780701, 0.9790019989013672, 0.9790019989013672, 1.856863021850586, '02:04']
[5, 0.4933963716030121, 0.5180514454841614, 0.9914965033531189, 0.016634736210107803, 0.17426207661628723, 1.2734990119934082, 0.9693182706832886, 0.970822811126709, 0.970822811126709, 1.989562749862671, '02:04']
[6, 0.4811577796936035, 0.5077202916145325, 0.9919083714485168, 0.023822905495762825, 0.17524157464504242, 1.297412395477295, 0.9670388102531433, 0.966674268245697, 0.966674268245697, 0.7666542530059814, '02:04']
[7, 0.4864022731781006, 0.4772787392139435, 0.9910496473312378, 0.06466908752918243, 0.17483055591583252, 1.4017832279205322, 0.9000779390335083, 0.9062474370002747, 0.9062474370002747, 1.563457727432251, '02:04']
[8, 0.48031288385391235, 0.4849196970462799, 0.9909940361976624, 0.04884621873497963, 0.17461636662483215, 1.436693787574768, 0.9098550081253052, 0.9174882769584656, 0.9174882769584656, 1.494821548461914, '02:04']
[9, 0.4732639491558075, 0.4674019515514374, 0.9885395169258118, 0.07806231081485748, 0.17616085708141327, 1.56385338306427, 0.8662617206573486, 0.8785989880561829, 0.8785989880561829, 3.3815104961395264, '02:04']
[10, 0.46343931555747986, 0.47270408272743225, 0.9890779852867126, 0.07000698894262314, 0.17575041949748993, 1.4982277154922485, 0.8825543522834778, 0.8882557153701782, 0.8882557153701782, 1.9043136835098267, '02:04']
[11, 0.4718701243400574, 0.4824995994567871, 0.9848319292068481, 0.0614437460899353, 0.1781459003686905, 1.650383710861206, 0.8871068358421326, 0.9008696675300598, 0.9008696675300598, 7.076941013336182, '02:04']
[12, 0.4674486517906189, 0.4717250168323517, 0.990352988243103, 0.06855807453393936, 0.17501668632030487, 1.4597333669662476, 0.8795019388198853, 0.8889339566230774, 0.8889339566230774, 2.0699260234832764, '02:04']
[13, 0.46304890513420105, 0.48449262976646423, 0.9821236729621887, 0.0668414980173111, 0.1799306571483612, 1.6948870420455933, 0.8782069087028503, 0.8965024352073669, 0.8965024352073669, 8.635516166687012, '02:04']
[14, 0.4633556008338928, 0.477527379989624, 0.9896883368492126, 0.06313508003950119, 0.17533759772777557, 1.495488166809082, 0.8909125924110413, 0.8969315886497498, 0.8969315886497498, 1.9636104106903076, '02:04']
[15, 0.47102877497673035, 0.5122156739234924, 0.972076952457428, 0.04733967408537865, 0.1853318214416504, 1.7964972257614136, 0.8945615887641907, 0.9231988191604614, 0.9231988191604614, 15.468911170959473, '02:04']
[16, 0.4705277383327484, 0.46555453538894653, 0.9906396269798279, 0.07683318853378296, 0.1749695986509323, 1.4354792833328247, 0.8733060359954834, 0.8812789916992188, 0.8812789916992188, 1.4739201068878174, '02:04']
[17, 0.45363789796829224, 0.47337496280670166, 0.9872323870658875, 0.07323011755943298, 0.17674687504768372, 1.5975794792175293, 0.8694451451301575, 0.8797982931137085, 0.8797982931137085, 3.4556727409362793, '02:04']
[18, 0.4532458186149597, 0.45803627371788025, 0.990864634513855, 0.08584026247262955, 0.17485757172107697, 1.3891260623931885, 0.8611316680908203, 0.8683741092681885, 0.8683741092681885, 1.3539079427719116, '02:04']
[19, 0.46508917212486267, 0.5141018629074097, 0.9777325987815857, 0.050049491226673126, 0.1818639487028122, 1.7595279216766357, 0.8948654532432556, 0.9162852168083191, 0.9162852168083191, 13.110315322875977, '02:04']
[20, 0.4653274714946747, 0.46574392914772034, 0.9913586974143982, 0.07465244829654694, 0.17447657883167267, 1.3466989994049072, 0.8760273456573486, 0.881905198097229, 0.881905198097229, 0.9754050970077515, '02:04']
[21, 0.4569166600704193, 0.4787459671497345, 0.983730673789978, 0.06696588546037674, 0.178678497672081, 1.6411488056182861, 0.8774299621582031, 0.8934087157249451, 0.8934087157249451, 7.799835681915283, '02:04']
[22, 0.45600318908691406, 0.46234652400016785, 0.9902666211128235, 0.07875959575176239, 0.1750655323266983, 1.4381215572357178, 0.8622109293937683, 0.8701848983764648, 0.8701848387718201, 1.5565884113311768, '02:04']
[23, 0.4533219039440155, 0.46395644545555115, 0.9892820119857788, 0.07955577969551086, 0.17568552494049072, 1.4924286603927612, 0.8633179068565369, 0.8725820779800415, 0.8725820779800415, 2.3272106647491455, '02:04']
[24, 0.4564691483974457, 0.47271549701690674, 0.9917871952056885, 0.06386260688304901, 0.17416433990001678, 1.3036671876907349, 0.8853606581687927, 0.8947786092758179, 0.8947786092758179, 0.7805749177932739, '02:04']
[25, 0.45047497749328613, 0.5054845213890076, 0.9885574579238892, 0.029753806069493294, 0.17579469084739685, 1.5640466213226318, 0.9373518228530884, 0.9456058740615845, 0.9456058740615845, 4.150461196899414, '02:04']
[26, 0.44970574975013733, 0.47107186913490295, 0.991895318031311, 0.0634022131562233, 0.17420490086078644, 1.314914584159851, 0.8878204226493835, 0.8953325152397156, 0.8953325152397156, 0.8475196361541748, '02:04']
[27, 0.4464242458343506, 0.48062771558761597, 0.992736279964447, 0.055800389498472214, 0.173518568277359, 1.118143081665039, 0.8865692615509033, 0.9053016901016235, 0.9053016901016235, 0.22785212099552155, '02:04']
No improvement since epoch 18: early stopping
----------
3
----------
DLS create!
[0, 0.5200091004371643, 0.533310055732727, 0.9926015734672546, nan, 0.17332331836223602, 1.000429391860962, 0.9999996423721313, 0.9787477850914001, 0.9787477850914001, nan, '02:04']
[1, 0.5132853984832764, 0.5294418334960938, 0.9926015734672546, nan, 0.173380509018898, 1.0010627508163452, 0.9997147917747498, 0.9782823920249939, 0.9782823920249939, nan, '02:03']
[2, 0.5116624236106873, 0.5265718698501587, 0.9925932288169861, nan, 0.17349034547805786, 1.0189762115478516, 0.9989279508590698, 0.9770672917366028, 0.9770672917366028, nan, '02:03']
[3, 0.5060031414031982, 0.5117602348327637, 0.9917073845863342, 0.011320827528834343, 0.17632880806922913, 1.305830717086792, 0.9803526401519775, 0.9553521275520325, 0.9553521275520325, inf, '02:03']
[4, 0.49114540219306946, 0.4995252788066864, 0.990348756313324, 0.03373678773641586, 0.17508476972579956, 1.388832926750183, 0.9410886764526367, 0.9210913777351379, 0.9210913777351379, inf, '02:03']
[5, 0.49744269251823425, 0.5116980671882629, 0.9916080236434937, 0.02038501761853695, 0.1741831749677658, 1.2684181928634644, 0.9657660722732544, 0.9456615447998047, 0.9456615447998047, inf, '02:04']
[6, 0.4878118932247162, 0.49529093503952026, 0.9873353838920593, 0.04366033524274826, 0.17677053809165955, 1.5422059297561646, 0.9205120801925659, 0.9035433530807495, 0.9035433530807495, inf, '02:04']
[7, 0.49068546295166016, 0.48078057169914246, 0.9857257604598999, 0.06730057299137115, 0.17785409092903137, 1.6055151224136353, 0.8818838596343994, 0.8750670552253723, 0.8750670552253723, inf, '02:04']
[8, 0.4914209842681885, 0.4824811816215515, 0.9911678433418274, 0.05529714748263359, 0.17462080717086792, 1.3067351579666138, 0.9111356735229492, 0.8944684863090515, 0.8944684863090515, inf, '02:03']
[9, 0.47424766421318054, 0.47934725880622864, 0.991000235080719, 0.06368210166692734, 0.17444342374801636, 1.3083478212356567, 0.88985675573349, 0.8746715188026428, 0.8746715188026428, inf, '02:03']
[10, 0.47629696130752563, 0.48431625962257385, 0.9864778518676758, 0.05892527475953102, 0.17740538716316223, 1.5196473598480225, 0.8938173651695251, 0.8861029148101807, 0.8861029148101807, inf, '02:04']
[11, 0.46360352635383606, 0.47341299057006836, 0.9867258667945862, 0.07244691252708435, 0.17705519497394562, 1.510530710220337, 0.8710439205169678, 0.8652812242507935, 0.8652812242507935, inf, '02:04']
[12, 0.4744482636451721, 0.4791630804538727, 0.9832148551940918, 0.07354068756103516, 0.17883962392807007, 1.649431824684143, 0.8608986735343933, 0.8620936274528503, 0.8620936274528503, inf, '02:04']
[13, 0.45739951729774475, 0.5089144110679626, 0.992530882358551, nan, 0.17367751896381378, 1.0507487058639526, 0.9596332311630249, 0.9414016604423523, 0.9414016604423523, nan, '02:03']
[14, 0.47063615918159485, 0.48065537214279175, 0.9901424646377563, 0.06275027245283127, 0.17511536180973053, 1.3468389511108398, 0.8982410430908203, 0.8837307691574097, 0.8837307691574097, inf, '02:04']
[15, 0.45565322041511536, 0.4634929597377777, 0.9909412264823914, 0.08306445181369781, 0.17453716695308685, 1.3292900323867798, 0.8610603213310242, 0.8482273817062378, 0.8482273817062378, inf, '02:03']
[16, 0.4569507837295532, 0.46977853775024414, 0.989716112613678, 0.07515944540500641, 0.1751587688922882, 1.4030826091766357, 0.8706219792366028, 0.857689380645752, 0.857689380645752, inf, '02:04']
[17, 0.45250189304351807, 0.4791141152381897, 0.9919676184654236, 0.06043025106191635, 0.17407448589801788, 1.1955620050430298, 0.9002020359039307, 0.8839755654335022, 0.8839755654335022, inf, '02:04']
[18, 0.46648141741752625, 0.48211583495140076, 0.9917625188827515, 0.056065790355205536, 0.17403480410575867, 1.2333623170852661, 0.9005783200263977, 0.8858190774917603, 0.8858190774917603, inf, '02:04']
[19, 0.44856974482536316, 0.46390339732170105, 0.988034188747406, 0.08272174000740051, 0.17608238756656647, 1.5077239274978638, 0.8492626547813416, 0.8432198166847229, 0.8432198166847229, inf, '02:04']
[20, 0.45540693402290344, 0.46759551763534546, 0.9881515502929688, 0.08076588809490204, 0.17598791420459747, 1.507305383682251, 0.856268048286438, 0.8479646444320679, 0.8479646444320679, inf, '02:04']
[21, 0.45474106073379517, 0.47653940320014954, 0.9854945540428162, 0.0705944150686264, 0.17751836776733398, 1.5605041980743408, 0.866883397102356, 0.8627184629440308, 0.8627184629440308, inf, '02:04']
[22, 0.4495379626750946, 0.5098943114280701, 0.9745892882347107, 0.055716730654239655, 0.18350568413734436, 1.745161771774292, 0.8879989981651306, 0.8887476921081543, 0.8887476921081543, inf, '02:04']
[23, 0.44570687413215637, 0.47165846824645996, 0.9856049418449402, 0.07989832758903503, 0.17742927372455597, 1.5802278518676758, 0.8464075326919556, 0.8471299409866333, 0.8471299409866333, inf, '02:04']
[24, 0.4434128403663635, 0.4694257080554962, 0.9919541478157043, 0.07237298041582108, 0.17389850318431854, 1.2293660640716553, 0.8665621280670166, 0.8579347133636475, 0.8579347133636475, inf, '02:04']
No improvement since epoch 15: early stopping
----------
4
----------
DLS create!
[0, 0.5190128684043884, 0.5403249859809875, 0.9904770255088806, nan, 0.17336122691631317, 1.0026893615722656, 1.0000287294387817, 0.9785298109054565, 0.9785298109054565, nan, '02:04']
[1, 0.5122592449188232, 0.5293887257575989, 0.9904770255088806, nan, 0.17381972074508667, 1.0056248903274536, 0.9995020031929016, 0.9761782288551331, 0.9761782288551331, nan, '02:04']
[2, 0.5101220607757568, 0.5240678191184998, 0.9895193576812744, 0.009713800624012947, 0.17428219318389893, 1.2272907495498657, 0.9776754975318909, 0.9574100375175476, 0.9574100375175476, inf, '02:04']
[3, 0.5006709098815918, 0.5080371499061584, 0.9884485006332397, 0.035583995282649994, 0.17475642263889313, 1.2458277940750122, 0.9367164373397827, 0.9165113568305969, 0.9165113568305969, inf, '02:04']
[4, 0.4989120364189148, 0.48996421694755554, 0.9831377863883972, 0.05918749049305916, 0.1782146394252777, 1.5816415548324585, 0.9029377102851868, 0.8839056491851807, 0.8839056491851807, inf, '02:04']
[5, 0.5030847191810608, 0.5427007079124451, 0.9902677536010742, 0.0003066107747144997, 0.17350752651691437, 1.055838704109192, 0.9993500709533691, 0.9779925346374512, 0.9779925346374512, inf, '02:04']
[6, 0.49318718910217285, 0.5340105295181274, 0.9904770255088806, nan, 0.17353220283985138, 1.001784086227417, 1.0001026391983032, 0.9777427911758423, 0.9777427911758423, nan, '02:04']
[7, 0.5022212266921997, 0.5325155854225159, 0.9901324510574341, 0.001593699329532683, 0.17641575634479523, 1.1718199253082275, 0.9998308420181274, 0.9717341065406799, 0.9717341065406799, inf, '02:04']
[8, 0.49922364950180054, 0.5125995874404907, 0.9901078939437866, 0.019438739866018295, 0.17398959398269653, 1.15264093875885, 0.9641742706298828, 0.9433800578117371, 0.9433800578117371, inf, '02:04']
[9, 0.48704802989959717, 0.48468032479286194, 0.9862797260284424, 0.06457052379846573, 0.1761237382888794, 1.4811233282089233, 0.8895372748374939, 0.8716935515403748, 0.8716935515403748, inf, '02:04']
[10, 0.48396623134613037, 0.4844624698162079, 0.9882449507713318, 0.0585324726998806, 0.1750989556312561, 1.3644801378250122, 0.8980002403259277, 0.8811486959457397, 0.8811486959457397, inf, '02:04']
[11, 0.48165059089660645, 0.48839911818504333, 0.9883461594581604, 0.05484730377793312, 0.17485485970973969, 1.3800324201583862, 0.8997241854667664, 0.8834776282310486, 0.8834776282310486, inf, '02:04']
[12, 0.47857925295829773, 0.4906049370765686, 0.9902792572975159, 0.04511522874236107, 0.17368006706237793, 1.1674739122390747, 0.8985498547554016, 0.8929416537284851, 0.8929416537284851, inf, '02:04']
[13, 0.4785066843032837, 0.47337672114372253, 0.989202082157135, 0.06972718238830566, 0.17468048632144928, 1.308121919631958, 0.8837893605232239, 0.8655628561973572, 0.8655628561973572, inf, '02:04']
[14, 0.47050151228904724, 0.4814733564853668, 0.9889821410179138, 0.06478913128376007, 0.17447535693645477, 1.3365044593811035, 0.8795804977416992, 0.865915834903717, 0.865915834903717, inf, '02:04']
[15, 0.4694424271583557, 0.46339401602745056, 0.9884652495384216, 0.08715459704399109, 0.1748894602060318, 1.3764930963516235, 0.8481541275978088, 0.8334706425666809, 0.8334706425666809, inf, '02:04']
[16, 0.4663643538951874, 0.4639921486377716, 0.9890666604042053, 0.08441229909658432, 0.17456656694412231, 1.3302359580993652, 0.853876531124115, 0.8386489748954773, 0.8386489748954773, inf, '02:04']
[17, 0.4740329384803772, 0.4727405309677124, 0.9888994097709656, 0.07641845941543579, 0.17457443475723267, 1.354809045791626, 0.8614332675933838, 0.8495466113090515, 0.8495466113090515, inf, '02:04']
[18, 0.4669314920902252, 0.5062064528465271, 0.9770967960357666, 0.05656244233250618, 0.18133629858493805, 1.6794270277023315, 0.8915932178497314, 0.8843238353729248, 0.8843238353729248, inf, '02:04']
[19, 0.4656733572483063, 0.48076120018959045, 0.9821823239326477, 0.08345716446638107, 0.1783781796693802, 1.609102487564087, 0.8488723635673523, 0.8419510126113892, 0.8419510126113892, inf, '02:04']
[20, 0.4676995575428009, 0.4641750156879425, 0.98983234167099, nan, 0.1741066724061966, 1.2127147912979126, 0.8523299098014832, 0.8429092764854431, 0.8429092764854431, nan, '02:04']
[21, 0.4641213119029999, 0.46164143085479736, 0.9895340204238892, 0.09052962809801102, 0.17421051859855652, 1.3090234994888306, 0.8365865349769592, 0.8266408443450928, 0.8266408443450928, inf, '02:04']
[22, 0.46737635135650635, 0.4693000912666321, 0.9860145449638367, 0.08605705946683884, 0.17621488869190216, 1.501081109046936, 0.8488000631332397, 0.8357301950454712, 0.8357301950454712, inf, '02:04']
[23, 0.45350033044815063, 0.49185582995414734, 0.9905977249145508, nan, 0.1734759658575058, 1.0808595418930054, 0.8855369687080383, 0.8858345746994019, 0.8858345746994019, nan, '02:04']
[24, 0.46777671575546265, 0.4498906433582306, 0.9880017638206482, 0.10450789332389832, 0.17534980177879333, 1.3998887538909912, 0.8290665745735168, 0.8147831559181213, 0.8147831559181213, inf, '02:04']
[25, 0.4632710814476013, 0.4582735300064087, 0.9846858382225037, 0.10420981794595718, 0.1772439330816269, 1.5434321165084839, 0.82390296459198, 0.8161037564277649, 0.8161037564277649, inf, '02:04']
[26, 0.4583951532840729, 0.4598700702190399, 0.9838517308235168, 0.10367389768362045, 0.17762424051761627, 1.5776629447937012, 0.8191881775856018, 0.8139874935150146, 0.8139874935150146, inf, '02:04']
[27, 0.45201581716537476, 0.4565010368824005, 0.9852783679962158, 0.10021480172872543, 0.17682987451553345, 1.5328208208084106, 0.828971803188324, 0.8205229043960571, 0.8205229043960571, inf, '02:04']
[28, 0.46407172083854675, 0.44928619265556335, 0.9869766235351562, 0.10721002519130707, 0.17585186660289764, 1.464163899421692, 0.8221451044082642, 0.8085010051727295, 0.8085010051727295, inf, '02:04']
[29, 0.45363402366638184, 0.46062415838241577, 0.9894647598266602, 0.08957541733980179, 0.17443251609802246, 1.2829867601394653, 0.8493518829345703, 0.8374620676040649, 0.8374620676040649, inf, '02:04']
[30, 0.4478200376033783, 0.45763203501701355, 0.9877561926841736, 0.0973396971821785, 0.17527338862419128, 1.4206937551498413, 0.8380781412124634, 0.8202702403068542, 0.8202702403068542, inf, '02:04']
[31, 0.4538171887397766, 0.47392693161964417, 0.9797460436820984, 0.08526577800512314, 0.1797693818807602, 1.638826608657837, 0.8462928533554077, 0.8422600626945496, 0.8422600626945496, inf, '02:04']
[32, 0.447469562292099, 0.46950629353523254, 0.9810620546340942, 0.09460088610649109, 0.17897820472717285, 1.6191071271896362, 0.8278995752334595, 0.8253342509269714, 0.8253342509269714, inf, '02:04']
[33, 0.44075971841812134, 0.4554902911186218, 0.9896371364593506, 0.09746041893959045, 0.1742008477449417, 1.2868131399154663, 0.8354088068008423, 0.8215686678886414, 0.8215686678886414, inf, '02:04']
[34, 0.4426864683628082, 0.48866069316864014, 0.9762666821479797, 0.08033519983291626, 0.18170049786567688, 1.68738853931427, 0.8475779891014099, 0.8470670580863953, 0.8470670580863953, inf, '02:04']
[35, 0.4463975429534912, 0.4603201448917389, 0.9848557710647583, 0.09751005470752716, 0.1770036518573761, 1.5127975940704346, 0.832952618598938, 0.8227298259735107, 0.8227298259735107, inf, '02:04']
[36, 0.45234695076942444, 0.4639795124530792, 0.980796217918396, 0.10337434709072113, 0.1792607605457306, 1.6354916095733643, 0.8140797019004822, 0.8144497275352478, 0.8144497275352478, inf, '02:04']
[37, 0.45382946729660034, 0.4651978313922882, 0.990453839302063, nan, 0.17373110353946686, 1.150115728378296, 0.8501374125480652, 0.8478708863258362, 0.8478708863258362, nan, '02:04']
No improvement since epoch 28: early stopping
FPN_effb7 Done!
