Models will save to Linknet_dense161_x
Use densenet161 encoder
Start training...
----------
0
----------
DLS create!
[0, 0.5312445759773254, 0.5157848000526428, 0.9937458038330078, 0.0, 0.18234001100063324, 1.1709555387496948, 0.9872950911521912, 0.9815413355827332, 0.9815413355827332, 0.0, '01:28']
[1, 0.5055568218231201, 0.49245601892471313, 0.9853798151016235, 0.04944157972931862, 0.17972373962402344, 1.5680299997329712, 0.9332493543624878, 0.937404990196228, 0.937404990196228, 2.79862117767334, '01:27']
[2, 0.4947117269039154, 0.4827653169631958, 0.9897327423095703, 0.05215506628155708, 0.17618003487586975, 1.4475359916687012, 0.9249308705329895, 0.9245176315307617, 0.9245176315307617, 1.389878511428833, '01:27']
[3, 0.4934927821159363, 0.4856516122817993, 0.9788259267807007, 0.05424957722425461, 0.18064714968204498, 1.6551533937454224, 0.8999831676483154, 0.9126383662223816, 0.9126383662223816, 4.825708866119385, '01:27']
[4, 0.48182955384254456, 0.4775346517562866, 0.9902047514915466, 0.05535964295268059, 0.17536790668964386, 1.4206163883209229, 0.9090015292167664, 0.9097223877906799, 0.9097223877906799, 1.2014082670211792, '01:27']
[5, 0.48453646898269653, 0.4729136824607849, 0.9800660014152527, 0.0686112642288208, 0.17986740171909332, 1.6344465017318726, 0.8786687254905701, 0.8900455236434937, 0.8900455236434937, 4.538506984710693, '01:27']
[6, 0.477007120847702, 0.5085740685462952, 0.9732319712638855, 0.04623226448893547, 0.18410053849220276, 1.7207069396972656, 0.9089215993881226, 0.9247733354568481, 0.9247733354568481, 6.372636318206787, '01:28']
[7, 0.4749453067779541, 0.45843377709388733, 0.9879289865493774, 0.0800960510969162, 0.1765759140253067, 1.542427897453308, 0.8638595938682556, 0.8691984415054321, 0.8691984415054321, 2.2034125328063965, '01:27']
[8, 0.46765705943107605, 0.45101577043533325, 0.9870774149894714, 0.09171300381422043, 0.17697452008724213, 1.524052381515503, 0.8481884002685547, 0.8555154800415039, 0.8555154800415039, 2.870079278945923, '01:27']
[9, 0.46649402379989624, 0.45571866631507874, 0.9928807616233826, 0.08238854259252548, 0.17405898869037628, 1.240989327430725, 0.8621577024459839, 0.8683555722236633, 0.8683555722236633, 0.5262311697006226, '01:27']
[10, 0.4608718752861023, 0.4557653069496155, 0.9903995990753174, 0.08224198967218399, 0.17544513940811157, 1.4575051069259644, 0.8606435656547546, 0.8619282841682434, 0.8619282841682434, 1.2640434503555298, '01:27']
[11, 0.46149614453315735, 0.4742601215839386, 0.9927917122840881, 0.05763634666800499, 0.17402195930480957, 1.2037550210952759, 0.8992111682891846, 0.906058669090271, 0.906058669090271, 0.44244152307510376, '01:27']
[12, 0.4710899889469147, 0.4554552733898163, 0.9822385907173157, 0.08787709474563599, 0.17927959561347961, 1.6581509113311768, 0.8350123763084412, 0.8531696796417236, 0.8531696796417236, 3.8318967819213867, '01:27']
[13, 0.46929290890693665, 0.4580010771751404, 0.9928604364395142, 0.07785964757204056, 0.17408613860607147, 1.2480287551879883, 0.8693011999130249, 0.8741888403892517, 0.8741888403892517, 0.5240382552146912, '01:27']
[14, 0.45642563700675964, 0.4613470733165741, 0.9926854968070984, 0.07420173287391663, 0.1741633117198944, 1.2423429489135742, 0.8721911907196045, 0.8799455165863037, 0.8799455165863037, 0.5797617435455322, '01:27']
[15, 0.4623716175556183, 0.45663905143737793, 0.9817745089530945, 0.08845238387584686, 0.17964103817939758, 1.6634770631790161, 0.831237256526947, 0.8512614369392395, 0.8512614369392395, 3.684114933013916, '01:27']
[16, 0.4735109508037567, 0.4350508451461792, 0.9901204705238342, 0.10933562368154526, 0.17563298344612122, 1.463820457458496, 0.8224189281463623, 0.8277978301048279, 0.8277978301048279, 1.5654491186141968, '01:27']
[17, 0.4629914462566376, 0.45955783128738403, 0.9863146543502808, 0.08413463830947876, 0.17767691612243652, 1.5821970701217651, 0.8494073152542114, 0.8594979047775269, 0.8594979047775269, 2.458583116531372, '01:27']
[18, 0.4546690285205841, 0.4275529682636261, 0.9918693900108337, 0.11758439242839813, 0.1747540682554245, 1.369133710861206, 0.8094967007637024, 0.8131328821182251, 0.8131328821182251, 0.9799787402153015, '01:27']
[19, 0.4631160497665405, 0.43825414776802063, 0.9906324148178101, 0.10433760285377502, 0.17528009414672852, 1.4290783405303955, 0.8327119946479797, 0.8352192640304565, 0.8352192640304565, 1.2917989492416382, '01:27']
[20, 0.4545075595378876, 0.4340040981769562, 0.9911214113235474, 0.10910037904977798, 0.17505186796188354, 1.4033573865890503, 0.8194833993911743, 0.8245429992675781, 0.8245429992675781, 1.2444649934768677, '01:27']
[21, 0.4523886442184448, 0.4408382773399353, 0.992466926574707, 0.0992879793047905, 0.17437784373760223, 1.300270676612854, 0.8353704214096069, 0.8399239182472229, 0.8399239182472229, 0.719111979007721, '01:27']
[22, 0.45263999700546265, 0.4420926570892334, 0.9863226413726807, 0.10434151440858841, 0.17773225903511047, 1.5920307636260986, 0.8100524544715881, 0.8265515565872192, 0.8265515565872192, 2.601318836212158, '01:27']
[23, 0.45126086473464966, 0.4333959221839905, 0.9916468262672424, 0.10919579863548279, 0.17479941248893738, 1.3724747896194458, 0.819914698600769, 0.8251717686653137, 0.8251717686653137, 1.0361275672912598, '01:27']
[24, 0.4507102072238922, 0.43605899810791016, 0.990020215511322, 0.10699835419654846, 0.17572717368602753, 1.4816309213638306, 0.8213360905647278, 0.8263421654701233, 0.8263421654701233, 1.6087985038757324, '01:27']
[25, 0.44419482350349426, 0.4406462013721466, 0.9888334274291992, 0.10387258976697922, 0.17640353739261627, 1.4766862392425537, 0.8173848390579224, 0.8280025720596313, 0.8280025720596313, 1.6717197895050049, '01:27']
[26, 0.4459506571292877, 0.4648703336715698, 0.9816399812698364, 0.08703338354825974, 0.18004988133907318, 1.6114124059677124, 0.8289738893508911, 0.8510308861732483, 0.8510308861732483, 3.1976399421691895, '01:27']
[27, 0.4475954473018646, 0.4316237270832062, 0.9880122542381287, 0.11532439291477203, 0.17690691351890564, 1.5545846223831177, 0.7973400950431824, 0.8113837838172913, 0.8113837838172913, 2.189394235610962, '01:27']
No improvement since epoch 18: early stopping
----------
1
----------
DLS create!
[0, 0.576432466506958, 0.540908932685852, 0.9931298494338989, nan, 0.19623833894729614, 1.1365500688552856, 0.9982908368110657, 0.9575716853141785, 0.9575716853141785, nan, '01:27']
[1, 0.52977454662323, 0.5194761157035828, 0.9927551746368408, 3.966155418311246e-06, 0.1818855255842209, 1.3086928129196167, 0.9843746423721313, 0.949478268623352, 0.949478268623352, inf, '01:28']
[2, 0.5076311826705933, 0.5217633843421936, 0.9832389950752258, 0.00916125439107418, 0.17985378205776215, 1.544363260269165, 0.9894729852676392, 0.9535378813743591, 0.9535378813743591, inf, '01:27']
[3, 0.5022232532501221, 0.4878564774990082, 0.990141749382019, 0.04942984879016876, 0.17594826221466064, 1.4462995529174805, 0.9306674599647522, 0.9028258919715881, 0.9028258919715881, inf, '01:27']
[4, 0.49424585700035095, 0.48091962933540344, 0.9811921715736389, 0.06262446194887161, 0.17963095009326935, 1.6644293069839478, 0.8937398791313171, 0.8747362494468689, 0.8747362494468689, inf, '01:27']
[5, 0.48473837971687317, 0.4752250015735626, 0.9878123998641968, 0.06359300762414932, 0.17656314373016357, 1.5716310739517212, 0.8908878564834595, 0.8705923557281494, 0.8705923557281494, inf, '01:28']
[6, 0.4844234883785248, 0.45831599831581116, 0.9899440407752991, 0.08662527054548264, 0.1754787713289261, 1.5020016431808472, 0.8656936883926392, 0.8430345058441162, 0.8430345058441162, inf, '01:28']
[7, 0.4752562642097473, 0.45167702436447144, 0.9912545680999756, 0.09201978892087936, 0.1746944785118103, 1.4460780620574951, 0.8495638370513916, 0.8286895155906677, 0.8286896347999573, inf, '01:27']
[8, 0.47456642985343933, 0.44676199555397034, 0.9907354116439819, 0.09856528043746948, 0.17500850558280945, 1.473997950553894, 0.8430213332176208, 0.8194112777709961, 0.8194112777709961, inf, '01:27']
[9, 0.47386395931243896, 0.47642242908477783, 0.9815648198127747, 0.06580787152051926, 0.17915865778923035, 1.6834088563919067, 0.873909056186676, 0.8594852685928345, 0.8594852685928345, inf, '01:28']
[10, 0.4699538052082062, 0.47268232703208923, 0.9785000681877136, 0.07588736712932587, 0.1808973252773285, 1.7277287244796753, 0.8526614308357239, 0.843708872795105, 0.843708872795105, inf, '01:28']
[11, 0.4619326591491699, 0.4465486407279968, 0.9901007413864136, 0.0970403179526329, 0.17535006999969482, 1.50521981716156, 0.8371226191520691, 0.8135372996330261, 0.8135372996330261, inf, '01:27']
[12, 0.4575732946395874, 0.456317663192749, 0.9927610158920288, 0.08662829548120499, 0.17388828098773956, 1.2544796466827393, 0.8541965484619141, 0.8372064232826233, 0.8372064232826233, inf, '01:28']
[13, 0.4709203541278839, 0.4551216661930084, 0.9884839653968811, 0.08692203462123871, 0.17612268030643463, 1.5616282224655151, 0.8512537479400635, 0.8297101855278015, 0.8297101855278015, inf, '01:28']
[14, 0.4576147794723511, 0.4611217975616455, 0.9866209030151367, 0.08018675446510315, 0.17688514292240143, 1.6097822189331055, 0.8543863296508789, 0.8368717432022095, 0.8368717432022095, inf, '01:28']
[15, 0.4603599011898041, 0.4422234296798706, 0.988242506980896, 0.10457679629325867, 0.17632287740707397, 1.5908533334732056, 0.8232517838478088, 0.8025972843170166, 0.8025972843170166, inf, '01:28']
[16, 0.4579804539680481, 0.4344554841518402, 0.9909343719482422, 0.113400399684906, 0.17489279806613922, 1.4535188674926758, 0.8162705302238464, 0.7936151027679443, 0.7936151027679443, inf, '01:28']
[17, 0.46776607632637024, 0.43779468536376953, 0.9892019033432007, 0.10719625651836395, 0.1758180856704712, 1.5347436666488647, 0.818702757358551, 0.8002507090568542, 0.8002507090568542, inf, '01:27']
[18, 0.4577218294143677, 0.4434492290019989, 0.9913941621780396, 0.0990009680390358, 0.1746668666601181, 1.4350247383117676, 0.8275089859962463, 0.8097658753395081, 0.8097658753395081, inf, '01:28']
[19, 0.45140740275382996, 0.5346133708953857, 0.957539975643158, 0.04777253791689873, 0.19167615473270416, 1.8459179401397705, 0.8881839513778687, 0.8841709494590759, 0.8841709494590759, inf, '01:28']
[20, 0.4539183974266052, 0.4387127757072449, 0.9910211563110352, 0.10665286332368851, 0.17486628890037537, 1.465795636177063, 0.8202278017997742, 0.8000790476799011, 0.8000790476799011, inf, '01:27']
[21, 0.4534783363342285, 0.4471466839313507, 0.985702633857727, 0.09857109934091568, 0.1776224970817566, 1.6487928628921509, 0.8169043660163879, 0.8061774373054504, 0.8061774373054504, inf, '01:28']
[22, 0.4607865512371063, 0.4382869005203247, 0.9920130372047424, 0.10632766038179398, 0.17434412240982056, 1.3817580938339233, 0.8186702132225037, 0.8011062145233154, 0.8011062145233154, inf, '01:27']
[23, 0.44584131240844727, 0.4435751140117645, 0.9903547763824463, 0.09923242777585983, 0.1751563549041748, 1.4815598726272583, 0.8299262523651123, 0.8082640767097473, 0.8082640767097473, inf, '01:28']
[24, 0.4449322521686554, 0.4592137038707733, 0.9833143949508667, 0.09210747480392456, 0.1790703386068344, 1.6949468851089478, 0.8220003247261047, 0.8128681182861328, 0.8128681182861328, inf, '01:27']
[25, 0.4463525116443634, 0.5064758062362671, 0.9721829295158386, 0.05315103009343147, 0.18416042625904083, 1.7665070295333862, 0.8875411748886108, 0.8751518726348877, 0.8751518726348877, inf, '01:27']
No improvement since epoch 16: early stopping
----------
2
----------
DLS create!
[0, 0.5161705017089844, 0.5098588466644287, 0.9925121068954468, 0.008086936548352242, 0.17875683307647705, 1.2609394788742065, 0.9777445197105408, 0.9747856259346008, 0.9747856259346008, 0.17640449106693268, '01:28']
[1, 0.4987053871154785, 0.4893006980419159, 0.9889787435531616, 0.04851948842406273, 0.1761413812637329, 1.4510101079940796, 0.9297177195549011, 0.9332284331321716, 0.9332284331321716, 2.274217128753662, '01:28']
[2, 0.4959004819393158, 0.4919867217540741, 0.9876784086227417, 0.04237208515405655, 0.17618107795715332, 1.4820423126220703, 0.9316254258155823, 0.9355608224868774, 0.9355608224868774, 2.9940929412841797, '01:28']
[3, 0.47857820987701416, 0.4790252447128296, 0.986569344997406, 0.06097359582781792, 0.17678895592689514, 1.5885521173477173, 0.8918347954750061, 0.9006401896476746, 0.9006401896476746, 3.5755152702331543, '01:28']
[4, 0.46614885330200195, 0.4803825616836548, 0.9864858388900757, 0.061253875494003296, 0.17689432203769684, 1.5649166107177734, 0.8910184502601624, 0.8976343274116516, 0.8976343274116516, 2.5972063541412354, '01:28']
[5, 0.4715113639831543, 0.47521188855171204, 0.982844352722168, 0.06929194182157516, 0.17852318286895752, 1.6603668928146362, 0.8652101755142212, 0.8819640278816223, 0.8819640278816223, 5.247679710388184, '01:28']
[6, 0.4742729067802429, 0.4720399081707001, 0.9876564145088196, 0.0690365806221962, 0.1762479990720749, 1.544238567352295, 0.8785206079483032, 0.886070728302002, 0.886070728302002, 2.5301291942596436, '01:28']
[7, 0.4621254503726959, 0.467679500579834, 0.9911792278289795, 0.07428005337715149, 0.1744069755077362, 1.3340622186660767, 0.8800016045570374, 0.885353684425354, 0.885353684425354, 0.9793119430541992, '01:28']
[8, 0.46004313230514526, 0.4606703519821167, 0.990702211856842, 0.08094053715467453, 0.17470423877239227, 1.3799456357955933, 0.8620503544807434, 0.8693652749061584, 0.8693652749061584, 1.229488730430603, '01:28']
[9, 0.4634426236152649, 0.47589871287345886, 0.9884473085403442, 0.0636272206902504, 0.17583249509334564, 1.4826558828353882, 0.8870097994804382, 0.8942129015922546, 0.8942129015922546, 2.2921833992004395, '01:28']
[10, 0.45216965675354004, 0.4629988670349121, 0.9903961420059204, 0.07805807888507843, 0.1748318374156952, 1.4056299924850464, 0.8667677044868469, 0.8726975321769714, 0.8726975321769714, 1.298966884613037, '01:28']
[11, 0.46289145946502686, 0.45828777551651, 0.9898253679275513, 0.08458290994167328, 0.17509587109088898, 1.4585909843444824, 0.8550176620483398, 0.8634999394416809, 0.8634999394416809, 1.9116425514221191, '01:28']
[12, 0.44781848788261414, 0.506136953830719, 0.9727846384048462, 0.05687131732702255, 0.18359920382499695, 1.7037113904953003, 0.8822190165519714, 0.9015350937843323, 0.9015350937843323, 6.003743648529053, '01:27']
[13, 0.4596986472606659, 0.46662211418151855, 0.9884546399116516, 0.07433319836854935, 0.17572098970413208, 1.5256898403167725, 0.8687337040901184, 0.8774440884590149, 0.8774440884590149, 2.442614793777466, '01:28']
[14, 0.45707911252975464, 0.4624936580657959, 0.9866986274719238, 0.08308840543031693, 0.176923006772995, 1.5968908071517944, 0.8479994535446167, 0.8636835813522339, 0.8636835813522339, 3.287289619445801, '01:28']
[15, 0.45738115906715393, 0.5282822251319885, 0.9688926935195923, 0.04501935467123985, 0.18574655055999756, 1.7644321918487549, 0.8945273756980896, 0.9181344509124756, 0.9181344509124756, 8.007237434387207, '01:28']
[16, 0.4480278491973877, 0.46023592352867126, 0.9909833073616028, 0.0811106264591217, 0.1744895726442337, 1.3738092184066772, 0.8568665385246277, 0.8654236197471619, 0.8654236197471619, 1.0675711631774902, '01:28']
[17, 0.45694786310195923, 0.4614366292953491, 0.9847930669784546, 0.08224251121282578, 0.17754898965358734, 1.6122140884399414, 0.842435896396637, 0.860048234462738, 0.860048234462738, 4.106298446655273, '01:28']
[18, 0.45486146211624146, 0.45276767015457153, 0.990024983882904, 0.0909445658326149, 0.17502538859844208, 1.4620486497879028, 0.8416363000869751, 0.8515677452087402, 0.8515677452087402, 1.860358476638794, '01:28']
[19, 0.44529640674591064, 0.4531148374080658, 0.9907081723213196, 0.08963816612958908, 0.1746678352355957, 1.4232200384140015, 0.841583788394928, 0.8504053950309753, 0.8504053950309753, 1.4011605978012085, '01:28']
[20, 0.44025009870529175, 0.47479042410850525, 0.9855406880378723, 0.06993494927883148, 0.17731191217899323, 1.632397174835205, 0.8669283986091614, 0.8803070187568665, 0.8803070187568665, 4.218348026275635, '01:28']
[21, 0.4496273994445801, 0.4596540331840515, 0.9855737090110779, 0.08680517971515656, 0.17748558521270752, 1.6192806959152222, 0.8368325233459473, 0.8545985221862793, 0.8545985221862793, 3.4443371295928955, '01:28']
[22, 0.4464375674724579, 0.460225373506546, 0.9885714054107666, 0.08317428827285767, 0.17587332427501678, 1.5237464904785156, 0.8533272743225098, 0.8633738160133362, 0.8633738160133362, 2.227161407470703, '01:28']
[23, 0.44323888421058655, 0.5036970376968384, 0.974244236946106, 0.06669001281261444, 0.1833372265100479, 1.7309982776641846, 0.8503034710884094, 0.8811399936676025, 0.8811399936676025, 6.180048942565918, '01:28']
[24, 0.4397011697292328, 0.4640081822872162, 0.991142213344574, 0.07686983048915863, 0.17442530393600464, 1.336267113685608, 0.8645860552787781, 0.8733643293380737, 0.8733643293380737, 0.9742786288261414, '01:28']
[25, 0.43839091062545776, 0.45358559489250183, 0.9917938113212585, 0.08966969698667526, 0.1741327941417694, 1.2788444757461548, 0.844382643699646, 0.8553205728530884, 0.8553205728530884, 0.775199830532074, '01:28']
[26, 0.44021785259246826, 0.4524548649787903, 0.9897189736366272, 0.09854867309331894, 0.17525988817214966, 1.3560864925384521, 0.8390059471130371, 0.8464285731315613, 0.8464285731315613, 1.0949358940124512, '01:28']
[27, 0.4470864534378052, 0.4449073076248169, 0.9903151988983154, 0.10215649008750916, 0.17496171593666077, 1.4559041261672974, 0.8281455039978027, 0.8363096714019775, 0.8363096714019775, 1.6884615421295166, '01:28']
[28, 0.4392086863517761, 0.449748694896698, 0.9915124177932739, 0.094023197889328, 0.17433778941631317, 1.3081265687942505, 0.8422603011131287, 0.8475399613380432, 0.8475399613380432, 0.7573944926261902, '01:28']
[29, 0.4477643668651581, 0.44579586386680603, 0.989682674407959, 0.10047688335180283, 0.17526018619537354, 1.470089316368103, 0.8249833583831787, 0.834220826625824, 0.834220826625824, 1.7212738990783691, '01:27']
[30, 0.44987252354621887, 0.4479089677333832, 0.9882396459579468, 0.09810410439968109, 0.176021546125412, 1.5552937984466553, 0.8238937854766846, 0.8369424939155579, 0.8369424939155579, 2.6473875045776367, '01:28']
[31, 0.44035428762435913, 0.4711700677871704, 0.9849860668182373, 0.07933583110570908, 0.17782385647296906, 1.5179263353347778, 0.8529908061027527, 0.8667987585067749, 0.8667987585067749, 2.6329638957977295, '01:28']
[32, 0.4519437551498413, 0.4516701102256775, 0.9874582886695862, 0.09356457740068436, 0.17639805376529694, 1.5315152406692505, 0.8324852585792542, 0.8468337655067444, 0.8468337655067444, 2.6945290565490723, '01:28']
[33, 0.44717204570770264, 0.4537510275840759, 0.9865293502807617, 0.09249008446931839, 0.17691226303577423, 1.583685278892517, 0.832640528678894, 0.8468979001045227, 0.8468979001045227, 2.9634950160980225, '01:28']
[34, 0.43575426936149597, 0.4597250521183014, 0.9848106503486633, 0.09206299483776093, 0.17790798842906952, 1.5689997673034668, 0.8273194432258606, 0.844802737236023, 0.844802737236023, 2.8828577995300293, '01:28']
[35, 0.4327787458896637, 0.44911816716194153, 0.9906828999519348, 0.09618282318115234, 0.17476077377796173, 1.4012759923934937, 0.8347384333610535, 0.8440670967102051, 0.8440670967102051, 1.429638147354126, '01:28']
[36, 0.44902482628822327, 0.4651693105697632, 0.9844145178794861, 0.07994510978460312, 0.1778338998556137, 1.6365056037902832, 0.8470374941825867, 0.8642847537994385, 0.8642847537994385, 4.96837043762207, '01:28']
No improvement since epoch 27: early stopping
----------
3
----------
DLS create!
[0, 0.5601413249969482, 0.5336565971374512, 0.992597222328186, 0.0, 0.19214822351932526, 1.1428720951080322, 0.9943723678588867, 0.9846282005310059, 0.9846282005310059, 0.00258839875459671, '01:28']
[1, 0.51935213804245, 0.5140325427055359, 0.9925044178962708, 2.2727830582880415e-05, 0.18569636344909668, 1.4075251817703247, 0.9589024186134338, 0.9615206122398376, 0.9615206122398376, 0.024609625339508057, '01:28']
[2, 0.5050039887428284, 0.50152587890625, 0.9833866953849792, 0.041999056935310364, 0.17962856590747833, 1.4485136270523071, 0.9494186043739319, 0.9507429599761963, 0.9507429599761963, 3.5117366313934326, '01:28']
[3, 0.4952971041202545, 0.48658567667007446, 0.9848443269729614, 0.05607636645436287, 0.1777164489030838, 1.4988974332809448, 0.9183085560798645, 0.9212461113929749, 0.9212461113929749, 2.7772958278656006, '01:28']
[4, 0.48483145236968994, 0.48791879415512085, 0.9848836064338684, 0.05085008218884468, 0.1774180382490158, 1.5347254276275635, 0.9156449437141418, 0.9180582165718079, 0.9180582761764526, 2.8469059467315674, '01:28']
[5, 0.4888589382171631, 0.4763852655887604, 0.9868358373641968, 0.0654311329126358, 0.17655040323734283, 1.4971979856491089, 0.8932948112487793, 0.8962903618812561, 0.8962903618812561, 2.174095630645752, '01:28']
[6, 0.4762164056301117, 0.47208914160728455, 0.9899735450744629, 0.07019909471273422, 0.17504668235778809, 1.3670151233673096, 0.8900581002235413, 0.8919887542724609, 0.8919887542724609, 1.0570176839828491, '01:28']
[7, 0.46308478713035583, 0.48186588287353516, 0.9874975085258484, 0.058516230434179306, 0.1762590855360031, 1.4757441282272339, 0.8998176455497742, 0.9013122916221619, 0.9013122916221619, 1.5254442691802979, '01:27']
[8, 0.47376540303230286, 0.4673433005809784, 0.9859944581985474, 0.07752872258424759, 0.17697545886039734, 1.538946509361267, 0.8634417057037354, 0.8722212314605713, 0.8722212314605713, 2.505175828933716, '01:28']
[9, 0.47321826219558716, 0.4893893301486969, 0.9789881706237793, 0.05623729154467583, 0.1800350695848465, 1.6368217468261719, 0.894340455532074, 0.9049331545829773, 0.9049331545829773, 5.0774712562561035, '01:28']
[10, 0.465406209230423, 0.4968954920768738, 0.9742557406425476, 0.05590757355093956, 0.18262621760368347, 1.6931746006011963, 0.8808644413948059, 0.9010269045829773, 0.9010269045829773, 5.5582380294799805, '01:28']
[11, 0.4650820791721344, 0.473675012588501, 0.985587477684021, 0.06956545263528824, 0.17705629765987396, 1.520147442817688, 0.8782152533531189, 0.8848738670349121, 0.8848738670349121, 2.5344626903533936, '01:28']
[12, 0.45371079444885254, 0.462028443813324, 0.9875585436820984, 0.08295310288667679, 0.1762322038412094, 1.4859482049942017, 0.8543624877929688, 0.861068844795227, 0.861068844795227, 1.8961467742919922, '01:28']
[13, 0.45438987016677856, 0.47511547803878784, 0.9809088110923767, 0.07453541457653046, 0.17964749038219452, 1.6467779874801636, 0.8546466827392578, 0.8718575835227966, 0.8718575835227966, 3.9852683544158936, '01:28']
[14, 0.45557403564453125, 0.4838390648365021, 0.9919670820236206, 0.052437178790569305, 0.17388349771499634, 1.1536192893981934, 0.908236563205719, 0.9144436717033386, 0.9144436717033386, 0.28830209374427795, '01:27']
[15, 0.4516487717628479, 0.4597574472427368, 0.9873299598693848, 0.0863991379737854, 0.17635218799114227, 1.488464117050171, 0.8499711155891418, 0.857357382774353, 0.857357382774353, 1.9535216093063354, '01:28']
[16, 0.4607684016227722, 0.463569700717926, 0.9904218912124634, 0.08000003546476364, 0.17464502155780792, 1.321264624595642, 0.86932373046875, 0.872515082359314, 0.872515082359314, 0.8933809995651245, '01:28']
[17, 0.4535960555076599, 0.47680091857910156, 0.9837173819541931, 0.06907454133033752, 0.1781408190727234, 1.6137253046035767, 0.869809091091156, 0.87918621301651, 0.87918621301651, 3.1086161136627197, '01:28']
[18, 0.4605443477630615, 0.45646530389785767, 0.98961341381073, 0.08811193704605103, 0.1751548945903778, 1.3926633596420288, 0.8537625074386597, 0.8568504452705383, 0.8568504452705383, 1.1456538438796997, '01:28']
[19, 0.44127607345581055, 0.46624013781547546, 0.9892252683639526, 0.07635241746902466, 0.17527832090854645, 1.4017665386199951, 0.8675801157951355, 0.8713340163230896, 0.8713340163230896, 1.4016149044036865, '01:28']
[20, 0.45532530546188354, 0.469951868057251, 0.9917266368865967, 0.07351255416870117, 0.17409785091876984, 1.2198872566223145, 0.881484866142273, 0.8874980807304382, 0.8874980807304382, 0.4842217266559601, '01:28']
[21, 0.45491811633110046, 0.4569043219089508, 0.9886800050735474, 0.08828724920749664, 0.17564919590950012, 1.4298299551010132, 0.8503721952438354, 0.855564534664154, 0.855564534664154, 1.4940484762191772, '01:27']
[22, 0.44757428765296936, 0.454292356967926, 0.9908872246742249, 0.08934537321329117, 0.1744985729455948, 1.3212251663208008, 0.8457533717155457, 0.8524123430252075, 0.8524123430252075, 0.7906169891357422, '01:28']
[23, 0.4489518105983734, 0.45736005902290344, 0.9898446202278137, 0.08636151254177094, 0.17504622042179108, 1.4021782875061035, 0.8501914143562317, 0.8553908467292786, 0.8553908467292786, 1.1883965730667114, '01:28']
[24, 0.44369152188301086, 0.45028960704803467, 0.9892891645431519, 0.09603367745876312, 0.17536675930023193, 1.4108834266662598, 0.8319521546363831, 0.8407647609710693, 0.8407647609710693, 1.369546890258789, '01:28']
[25, 0.44771808385849, 0.45658978819847107, 0.9896712899208069, 0.08842984586954117, 0.17513500154018402, 1.3668030500411987, 0.8486270308494568, 0.8543866276741028, 0.8543866276741028, 1.1125874519348145, '01:28']
[26, 0.4395366609096527, 0.462510883808136, 0.9859529137611389, 0.08342256397008896, 0.1770443171262741, 1.547232747077942, 0.8470910787582397, 0.8571091890335083, 0.8571090698242188, 2.2854244709014893, '01:28']
[27, 0.43737122416496277, 0.4530448913574219, 0.9887614846229553, 0.09269290417432785, 0.17560981214046478, 1.4292579889297485, 0.8385795950889587, 0.8456925749778748, 0.8456925749778748, 1.4198036193847656, '01:27']
[28, 0.4428640305995941, 0.45483654737472534, 0.9882951974868774, 0.09029100090265274, 0.17588049173355103, 1.454000473022461, 0.8385483622550964, 0.8476830720901489, 0.8476830720901489, 1.6850193738937378, '01:28']
[29, 0.4434111416339874, 0.4644991159439087, 0.9870951175689697, 0.08011957257986069, 0.17647670209407806, 1.4878990650177002, 0.8540078401565552, 0.8637104034423828, 0.8637104034423828, 1.9198249578475952, '01:28']
[30, 0.43955597281455994, 0.46184954047203064, 0.9892792701721191, 0.0831068605184555, 0.17533190548419952, 1.3367650508880615, 0.8552733659744263, 0.8631607294082642, 0.8631607294082642, 1.053882122039795, '01:28']
[31, 0.4377194941043854, 0.4673745036125183, 0.9881134629249573, 0.07650867849588394, 0.17588089406490326, 1.4119477272033691, 0.8624728322029114, 0.8691632747650146, 0.8691632747650146, 1.3600537776947021, '01:28']
[32, 0.4435007572174072, 0.4939894676208496, 0.9721251726150513, 0.06651981174945831, 0.1841110736131668, 1.7245548963546753, 0.8562668561935425, 0.8832269906997681, 0.8832269906997681, 5.933252334594727, '01:28']
[33, 0.43930330872535706, 0.463503360748291, 0.985285758972168, 0.08412215113639832, 0.17732080817222595, 1.5192899703979492, 0.8455074429512024, 0.8563319444656372, 0.8563319444656372, 2.353477954864502, '01:28']
No improvement since epoch 24: early stopping
----------
4
----------
DLS create!
[0, 0.5453248023986816, 0.5289710164070129, 0.9904149770736694, nan, 0.18907049298286438, 1.186409831047058, 0.9893468618392944, 0.9694604277610779, 0.9694604277610779, nan, '01:28']
[1, 0.5152257680892944, 0.5056207180023193, 0.9879397749900818, 0.04443437606096268, 0.179121196269989, 1.322603464126587, 0.9619308114051819, 0.9475170969963074, 0.9475170969963074, inf, '01:28']
[2, 0.5019387602806091, 0.4919882118701935, 0.9840571880340576, 0.05465536564588547, 0.177662655711174, 1.4433242082595825, 0.9284988641738892, 0.9179579615592957, 0.9179579615592957, inf, '01:28']
[3, 0.48942795395851135, 0.512837290763855, 0.95392906665802, 0.05236133560538292, 0.19016095995903015, 1.7416958808898926, 0.9015038013458252, 0.9040118455886841, 0.9040118455886841, inf, '01:27']
[4, 0.48799437284469604, 0.4923025965690613, 0.9760212302207947, 0.05825286731123924, 0.18028277158737183, 1.6040362119674683, 0.9060720205307007, 0.8972342014312744, 0.8972342014312744, inf, '01:28']
[5, 0.48666438460350037, 0.4799153208732605, 0.9847391247749329, 0.06840842217206955, 0.1762966811656952, 1.4534798860549927, 0.8960631489753723, 0.8849418759346008, 0.8849418759346008, inf, '01:28']
[6, 0.4822586476802826, 0.47058427333831787, 0.9858452677726746, 0.07850746810436249, 0.17597444355487823, 1.4425684213638306, 0.8787996768951416, 0.868719220161438, 0.868719220161438, inf, '01:28']
[7, 0.47457775473594666, 0.46817317605018616, 0.9830392003059387, 0.08406154811382294, 0.1774512678384781, 1.5385016202926636, 0.8649619817733765, 0.8580445051193237, 0.8580445051193237, inf, '01:28']
[8, 0.47143468260765076, 0.4817885756492615, 0.9805623888969421, 0.07082292437553406, 0.17846383154392242, 1.5807914733886719, 0.8798714280128479, 0.8724772334098816, 0.8724772334098816, inf, '01:27']
[9, 0.47207024693489075, 0.4755198657512665, 0.9786036014556885, 0.08184655755758286, 0.17971716821193695, 1.6164199113845825, 0.8530629873275757, 0.8541946411132812, 0.8541946411132812, inf, '01:28']
[10, 0.46453726291656494, 0.4731290936470032, 0.986272931098938, 0.07719758152961731, 0.17594660818576813, 1.4354265928268433, 0.873013973236084, 0.8675148487091064, 0.8675148487091064, inf, '01:28']
[11, 0.46421387791633606, 0.47422364354133606, 0.9884024262428284, 0.07430858165025711, 0.1747473180294037, 1.3424787521362305, 0.873346209526062, 0.8697084784507751, 0.8697084784507751, inf, '01:28']
[12, 0.45833054184913635, 0.4596444368362427, 0.9858773946762085, 0.09594419598579407, 0.17623184621334076, 1.430156946182251, 0.8398066163063049, 0.8355648517608643, 0.8355648517608643, inf, '01:28']
[13, 0.4620451331138611, 0.45004841685295105, 0.9886515736579895, 0.10454770922660828, 0.17473891377449036, 1.3384078741073608, 0.8291656970977783, 0.8261079788208008, 0.8261079788208008, inf, '01:28']
[14, 0.4638514518737793, 0.45872053503990173, 0.9872075319290161, 0.09430249780416489, 0.17550265789031982, 1.421558141708374, 0.8444874882698059, 0.8377311825752258, 0.8377311825752258, inf, '01:27']
[15, 0.4563661813735962, 0.4582611322402954, 0.9870802760124207, 0.09633243829011917, 0.17561505734920502, 1.3821452856063843, 0.8380870223045349, 0.8360174298286438, 0.8360174298286438, inf, '01:28']
[16, 0.457886278629303, 0.46307602524757385, 0.9796655774116516, 0.09519491344690323, 0.17929719388484955, 1.613606572151184, 0.8250148892402649, 0.831656813621521, 0.831656813621521, inf, '01:28']
[17, 0.45872899889945984, 0.4415673017501831, 0.9870917201042175, 0.11532742530107498, 0.17558178305625916, 1.4337352514266968, 0.8116633892059326, 0.8089051842689514, 0.8089051842689514, inf, '01:28']
[18, 0.4494195878505707, 0.4417377710342407, 0.9871642589569092, 0.11779375374317169, 0.17561917006969452, 1.4237593412399292, 0.807990550994873, 0.8026736974716187, 0.8026736974716187, inf, '01:28']
[19, 0.4495278298854828, 0.44991254806518555, 0.9833362102508545, 0.10938246548175812, 0.1774284988641739, 1.5481953620910645, 0.8112700581550598, 0.8116883039474487, 0.8116883039474487, inf, '01:28']
[20, 0.44965285062789917, 0.44816434383392334, 0.989558756351471, 0.10651027411222458, 0.17425976693630219, 1.2815815210342407, 0.8247839212417603, 0.8237548470497131, 0.8237548470497131, inf, '01:28']
[21, 0.4542648494243622, 0.4441079795360565, 0.9844662547111511, 0.11385694891214371, 0.1770317256450653, 1.5301567316055298, 0.8021849393844604, 0.8053765892982483, 0.8053765892982483, inf, '01:27']
[22, 0.44809165596961975, 0.4374331831932068, 0.9880933165550232, 0.12140348553657532, 0.17511816322803497, 1.3959985971450806, 0.7973563075065613, 0.7958378791809082, 0.7958378791809082, inf, '01:28']
[23, 0.4578346908092499, 0.437957763671875, 0.9865233302116394, 0.12085596472024918, 0.1758754402399063, 1.4531710147857666, 0.7978350520133972, 0.7976185083389282, 0.7976185083389282, inf, '01:28']
[24, 0.4523969292640686, 0.44282078742980957, 0.9886710047721863, 0.11499980092048645, 0.1747356504201889, 1.3380061388015747, 0.8135206699371338, 0.8114926218986511, 0.8114926218986511, inf, '01:28']
[25, 0.44694915413856506, 0.4581185579299927, 0.9904245138168335, 0.09182346612215042, 0.17373287677764893, 1.1702598333358765, 0.8380154371261597, 0.8456286191940308, 0.8456286191940308, inf, '01:28']
[26, 0.4487970471382141, 0.44210126996040344, 0.9865561127662659, 0.1156054213643074, 0.17589956521987915, 1.4462724924087524, 0.8083847761154175, 0.8058916330337524, 0.8058916330337524, inf, '01:28']
[27, 0.45414018630981445, 0.43708714842796326, 0.9896088242530823, 0.12177607417106628, 0.1742841750383377, 1.2871135473251343, 0.8001382946968079, 0.800110399723053, 0.800110399723053, inf, '01:28']
[28, 0.4488412141799927, 0.4334288239479065, 0.9873449206352234, 0.12729544937610626, 0.17558543384075165, 1.431283712387085, 0.7883151173591614, 0.7862647175788879, 0.7862647175788879, inf, '01:28']
[29, 0.44911110401153564, 0.46043404936790466, 0.9767671227455139, 0.10228323936462402, 0.1808595359325409, 1.6551772356033325, 0.8017284870147705, 0.8176005482673645, 0.8176005482673645, inf, '01:28']
[30, 0.445295512676239, 0.4485575258731842, 0.9803529381752014, 0.10954399406909943, 0.17910557985305786, 1.5971853733062744, 0.8027918338775635, 0.8122700452804565, 0.8122700452804565, inf, '01:28']
[31, 0.45020806789398193, 0.4516054391860962, 0.9815847277641296, 0.10367532819509506, 0.17835907638072968, 1.563904047012329, 0.813448429107666, 0.8203363418579102, 0.8203363418579102, inf, '01:28']
[32, 0.4396115839481354, 0.45089250802993774, 0.9893023371696472, 0.10265962034463882, 0.17441140115261078, 1.2515106201171875, 0.8316928744316101, 0.8311233520507812, 0.8311233520507812, inf, '01:28']
[33, 0.44270503520965576, 0.4511391222476959, 0.9888818860054016, 0.1022094264626503, 0.17463259398937225, 1.3261266946792603, 0.8211438059806824, 0.822278618812561, 0.822278618812561, inf, '01:28']
[34, 0.44702932238578796, 0.4269671142101288, 0.986005425453186, 0.13447220623493195, 0.17630185186862946, 1.4732446670532227, 0.7709599733352661, 0.7735130190849304, 0.7735130190849304, inf, '01:28']
[35, 0.4437446892261505, 0.4198668897151947, 0.9874439835548401, 0.14359447360038757, 0.1755801886320114, 1.435448408126831, 0.7636678218841553, 0.763829231262207, 0.763829231262207, inf, '01:28']
[36, 0.44109466671943665, 0.426523894071579, 0.9892844557762146, 0.13611584901809692, 0.17456625401973724, 1.322744607925415, 0.7818136215209961, 0.7790626287460327, 0.7790626287460327, inf, '01:29']
[37, 0.444158136844635, 0.44368839263916016, 0.9839458465576172, 0.11571289598941803, 0.17732378840446472, 1.528024435043335, 0.8019664883613586, 0.8030583262443542, 0.8030583262443542, inf, '01:28']
[38, 0.43795710802078247, 0.4569132626056671, 0.9813065528869629, 0.10245876759290695, 0.17863303422927856, 1.5853755474090576, 0.8072252869606018, 0.8170648813247681, 0.8170648813247681, inf, '01:29']
[39, 0.4372815191745758, 0.45742160081863403, 0.9820123910903931, 0.10250912606716156, 0.17830853164196014, 1.5439189672470093, 0.8155732154846191, 0.8197241425514221, 0.8197241425514221, inf, '01:28']
[40, 0.44604402780532837, 0.44394347071647644, 0.9871991276741028, 0.1123732253909111, 0.17554590106010437, 1.4290391206741333, 0.8084386587142944, 0.8073150515556335, 0.8073150515556335, inf, '01:29']
[41, 0.4453938901424408, 0.4228736460208893, 0.9888873100280762, 0.13979174196720123, 0.1747855842113495, 1.3352147340774536, 0.7764334678649902, 0.7758870720863342, 0.7758870720863342, inf, '01:28']
[42, 0.44429898262023926, 0.4287238121032715, 0.9893215298652649, 0.13203372061252594, 0.17458076775074005, 1.293233871459961, 0.7848185300827026, 0.7858518958091736, 0.7858518958091736, inf, '01:28']
[43, 0.448538601398468, 0.4814750552177429, 0.9749413132667542, 0.08931922167539597, 0.18212072551250458, 1.6322499513626099, 0.818545401096344, 0.836466908454895, 0.836466908454895, inf, '01:28']
[44, 0.4255804419517517, 0.4296567142009735, 0.9898720383644104, 0.13121797144412994, 0.17414617538452148, 1.2621591091156006, 0.7815568447113037, 0.7829872965812683, 0.7829872965812683, inf, '01:28']
No improvement since epoch 35: early stopping
Linknet_dense161 Done!
