Models will save to Linknet_dpn131_x
Use dpn131 encoder
Start training...
----------
0
----------
DLS create!
[0, 0.5770137906074524, 0.5698988437652588, 0.9937384724617004, 3.525845386320725e-06, 0.19854527711868286, 1.22188138961792, 0.9996755719184875, 0.9887511730194092, 0.9887511730194092, 0.0024517911951988935, '02:56']
[1, 0.5262661576271057, 0.5172825455665588, 0.9937458038330078, 0.0, 0.1809995174407959, 1.139870047569275, 0.9933853149414062, 0.9861196279525757, 0.9861196279525757, 0.0, '02:54']
[2, 0.5050022006034851, 0.5655375123023987, 0.9032424092292786, 0.015484192408621311, 0.2099151909351349, 1.6653738021850586, 0.9712511301040649, 0.9740452170372009, 0.9740452170372009, 30.292924880981445, '02:55']
[3, 0.4978158473968506, 0.4899457097053528, 0.9748449921607971, 0.05388636142015457, 0.18181093037128448, 1.5565810203552246, 0.9160171747207642, 0.9255385994911194, 0.9255385994911194, 6.539484977722168, '02:54']
[4, 0.48289743065834045, 0.48571571707725525, 0.981223464012146, 0.05370709300041199, 0.17953439056873322, 1.6406539678573608, 0.9010819792747498, 0.9107356071472168, 0.9107356071472168, 4.148146152496338, '02:54']
[5, 0.4817441403865814, 0.462157666683197, 0.9863656759262085, 0.07811754941940308, 0.17746056616306305, 1.5978842973709106, 0.8653923869132996, 0.8731008768081665, 0.8731008768081665, 2.6558754444122314, '02:54']
[6, 0.4714673161506653, 0.4512907862663269, 0.9908167719841003, 0.08924873918294907, 0.17528139054775238, 1.4219614267349243, 0.8570912480354309, 0.8591088652610779, 0.8591088652610779, 1.2099207639694214, '02:54']
[7, 0.4696451723575592, 0.4786601960659027, 0.9935483932495117, 0.05325563624501228, 0.17365147173404694, 1.1287727355957031, 0.8988287448883057, 0.9142130613327026, 0.9142130613327026, 0.2679263651371002, '02:54']
[8, 0.46070197224617004, 0.4511706233024597, 0.9912964701652527, 0.08844637870788574, 0.17487803101539612, 1.4013727903366089, 0.8534092903137207, 0.8551632165908813, 0.8551632165908813, 1.1018635034561157, '02:54']
[9, 0.47041580080986023, 0.445054292678833, 0.9882720112800598, 0.09916424751281738, 0.1763518750667572, 1.5229488611221313, 0.8396494388580322, 0.8463611602783203, 0.8463611602783203, 2.1390321254730225, '02:54']
[10, 0.4655025601387024, 0.4445127248764038, 0.9916112422943115, 0.09588007628917694, 0.17480510473251343, 1.3899614810943604, 0.8429090976715088, 0.845423698425293, 0.845423698425293, 1.019242763519287, '02:54']
[11, 0.4626060426235199, 0.4641333818435669, 0.9843056201934814, 0.07923630625009537, 0.17857739329338074, 1.6515008211135864, 0.851136326789856, 0.8633814454078674, 0.8633814454078674, 3.2181928157806396, '02:54']
[12, 0.46261927485466003, 0.43664953112602234, 0.9931681752204895, 0.10583952814340591, 0.17403468489646912, 1.2538131475448608, 0.8244212865829468, 0.833544135093689, 0.833544135093689, 0.5831652879714966, '02:54']
[13, 0.464425653219223, 0.4487658441066742, 0.9868022799491882, 0.09300587326288223, 0.1770806759595871, 1.572637915611267, 0.8399307131767273, 0.8477904796600342, 0.8477904796600342, 2.5185189247131348, '02:54']
[14, 0.4519709050655365, 0.43491438031196594, 0.9922855496406555, 0.10779283940792084, 0.17443442344665527, 1.3399373292922974, 0.8236184120178223, 0.827646791934967, 0.827646791934967, 0.8896139860153198, '02:54']
[15, 0.4539582431316376, 0.4477705955505371, 0.9848231673240662, 0.09796135872602463, 0.17838330566883087, 1.6483274698257446, 0.8157996535301208, 0.833549439907074, 0.833549439907074, 3.1073598861694336, '02:54']
[16, 0.4522877335548401, 0.4301324784755707, 0.9906424880027771, 0.11450481414794922, 0.1753869354724884, 1.4658925533294678, 0.8089309334754944, 0.8145751953125, 0.8145751953125, 1.5043056011199951, '02:54']
[17, 0.45068612694740295, 0.4413659870624542, 0.9902588725090027, 0.1006840169429779, 0.17555037140846252, 1.4706523418426514, 0.8279164433479309, 0.8319231271743774, 0.8319231271743774, 1.4193216562271118, '02:54']
[18, 0.4420437812805176, 0.44326290488243103, 0.985377848148346, 0.10376700758934021, 0.17821873724460602, 1.6489723920822144, 0.805480420589447, 0.8244135975837708, 0.8244135975837708, 3.18053936958313, '02:54']
[19, 0.449067085981369, 0.44866490364074707, 0.9929764866828918, 0.0891096293926239, 0.1740124523639679, 1.2609680891036987, 0.845978319644928, 0.8540388345718384, 0.8540388345718384, 0.5689714550971985, '02:54']
[20, 0.45465463399887085, 0.42015835642814636, 0.9916443228721619, 0.12738609313964844, 0.17493748664855957, 1.4012526273727417, 0.7954195141792297, 0.8001189231872559, 0.8001189231872559, 1.177304744720459, '02:54']
[21, 0.44684168696403503, 0.4150523543357849, 0.9917382597923279, 0.1334964483976364, 0.17486856877803802, 1.4046839475631714, 0.7843007445335388, 0.789339005947113, 0.789339005947113, 1.1769126653671265, '02:55']
[22, 0.4546744227409363, 0.42705294489860535, 0.990366518497467, 0.11827918887138367, 0.17560692131519318, 1.492861032485962, 0.8031904697418213, 0.8100473284721375, 0.8100473284721375, 1.649578332901001, '02:55']
[23, 0.44750821590423584, 0.41914620995521545, 0.9924753308296204, 0.12782208621501923, 0.17441041767597198, 1.3445566892623901, 0.7930383086204529, 0.7974087595939636, 0.7974087595939636, 0.8916183114051819, '02:55']
[24, 0.4526796340942383, 0.4291009306907654, 0.9883211255073547, 0.1159423366189003, 0.17653816938400269, 1.5619100332260132, 0.799871027469635, 0.8119896054267883, 0.8119896054267883, 2.3313276767730713, '02:55']
[25, 0.45434749126434326, 0.4199337065219879, 0.9922335743904114, 0.1289396733045578, 0.174597829580307, 1.3557208776474, 0.7980185151100159, 0.8016631603240967, 0.8016631603240967, 0.9675040245056152, '02:56']
[26, 0.45194870233535767, 0.42390120029449463, 0.9904288649559021, 0.1229957863688469, 0.1755484938621521, 1.4708787202835083, 0.7982731461524963, 0.8052944540977478, 0.8052944540977478, 1.5660077333450317, '02:56']
[27, 0.44677597284317017, 0.4158163070678711, 0.9922606348991394, 0.13163435459136963, 0.17456062138080597, 1.3646652698516846, 0.7872517704963684, 0.7915085554122925, 0.7915085554122925, 1.010145664215088, '02:55']
[28, 0.43800103664398193, 0.4209277033805847, 0.9910597205162048, 0.12569335103034973, 0.17519496381282806, 1.4265222549438477, 0.7895146012306213, 0.7955719232559204, 0.7955719232559204, 1.309092402458191, '02:55']
[29, 0.44113293290138245, 0.41711896657943726, 0.9921985268592834, 0.13022299110889435, 0.17461653053760529, 1.3628923892974854, 0.7877801060676575, 0.7933804988861084, 0.7933804988861084, 0.9972902536392212, '02:56']
[30, 0.43832680583000183, 0.4169246554374695, 0.9902732372283936, 0.13040822744369507, 0.1756168007850647, 1.4816317558288574, 0.7802444100379944, 0.7879111766815186, 0.7879111766815186, 1.6104050874710083, '02:57']
No improvement since epoch 21: early stopping
----------
1
----------
DLS create!
[0, 0.5421860218048096, 0.5249374508857727, 0.9930627942085266, 0.0003543588682077825, 0.1883784532546997, 1.2693616151809692, 0.9858542084693909, 0.9505650997161865, 0.9505650997161865, inf, '02:56']
[1, 0.510819137096405, 0.4984719753265381, 0.9912638068199158, 0.049287039786577225, 0.1783483773469925, 1.3752280473709106, 0.9541866779327393, 0.9250264763832092, 0.9250264763832092, inf, '02:56']
[2, 0.49593672156333923, 0.48641765117645264, 0.9847860336303711, 0.06069366633892059, 0.17881931364536285, 1.624698281288147, 0.9077823162078857, 0.8875123262405396, 0.8875123262405396, inf, '02:56']
[3, 0.48669853806495667, 0.49277251958847046, 0.9860272407531738, 0.04323596879839897, 0.17726723849773407, 1.6080561876296997, 0.9207066893577576, 0.8986421227455139, 0.8986421227455139, inf, '02:56']
[4, 0.47752076387405396, 0.4615561068058014, 0.9891984462738037, 0.08004092425107956, 0.1757306307554245, 1.5413389205932617, 0.8671503067016602, 0.8437938690185547, 0.8437938690185547, inf, '02:57']
[5, 0.4660196304321289, 0.453048437833786, 0.9919557571411133, 0.08927343040704727, 0.174329474568367, 1.384450912475586, 0.8535149097442627, 0.8308216333389282, 0.8308216333389282, inf, '02:56']
[6, 0.47274428606033325, 0.4456493854522705, 0.9917681217193604, 0.10131494700908661, 0.17448021471500397, 1.4084254503250122, 0.8397912383079529, 0.8179864883422852, 0.8179864883422852, inf, '02:56']
[7, 0.4707081615924835, 0.44967031478881836, 0.9892105460166931, 0.09338359534740448, 0.17581897974014282, 1.5532482862472534, 0.8443138599395752, 0.8230984807014465, 0.8230984807014465, inf, '02:56']
[8, 0.45803168416023254, 0.434842050075531, 0.991117537021637, 0.11107929050922394, 0.17478622496128082, 1.4775229692459106, 0.8105015754699707, 0.7926952838897705, 0.7926952838897705, inf, '02:56']
[9, 0.4557347297668457, 0.43799614906311035, 0.9921867847442627, 0.10759367048740387, 0.1742582619190216, 1.3894824981689453, 0.8237308263778687, 0.8024142384529114, 0.8024142384529114, inf, '02:56']
[10, 0.4489164650440216, 0.46490731835365295, 0.991214394569397, 0.0729183703660965, 0.1745823621749878, 1.4484010934829712, 0.8662118315696716, 0.8459010720252991, 0.8459010720252991, inf, '02:56']
[11, 0.45463842153549194, 0.4656459093093872, 0.9825680255889893, 0.0786430686712265, 0.17893241345882416, 1.6841806173324585, 0.8492376804351807, 0.8373972773551941, 0.8373972773551941, inf, '02:56']
[12, 0.44969573616981506, 0.4366360604763031, 0.9911226630210876, 0.1088317334651947, 0.17479421198368073, 1.4802626371383667, 0.8156161904335022, 0.795932412147522, 0.795932412147522, inf, '02:56']
[13, 0.45961883664131165, 0.4398442506790161, 0.991449773311615, 0.10534550994634628, 0.17465396225452423, 1.4406828880310059, 0.8252576589584351, 0.8033179044723511, 0.8033179044723511, inf, '02:56']
[14, 0.45389777421951294, 0.4466955065727234, 0.9918718934059143, 0.09661155194044113, 0.17432871460914612, 1.4022271633148193, 0.8368399143218994, 0.8176878094673157, 0.8176878094673157, inf, '02:55']
[15, 0.45357799530029297, 0.4302591383457184, 0.9912776350975037, 0.11769485473632812, 0.17482973635196686, 1.4537397623062134, 0.8116101622581482, 0.7895760536193848, 0.7895760536193848, inf, '02:56']
[16, 0.44155922532081604, 0.4272443652153015, 0.9908161163330078, 0.11951431632041931, 0.1750570684671402, 1.4934210777282715, 0.7986579537391663, 0.7786941528320312, 0.7786941528320312, inf, '02:55']
[17, 0.4594551622867584, 0.43405815958976746, 0.9886818528175354, 0.11312687397003174, 0.17614367604255676, 1.5889837741851807, 0.8052637577056885, 0.7886792421340942, 0.7886792421340942, inf, '02:56']
[18, 0.4553372263908386, 0.43592289090156555, 0.9898443222045898, 0.10889258235692978, 0.1755058467388153, 1.5425381660461426, 0.8152815103530884, 0.7948052287101746, 0.794805109500885, inf, '02:56']
[19, 0.4502203166484833, 0.4268895983695984, 0.9906874895095825, 0.12044177949428558, 0.17511612176895142, 1.515507459640503, 0.7973300814628601, 0.7779926657676697, 0.7779926657676697, inf, '02:56']
[20, 0.4503153860569, 0.44373852014541626, 0.9854697585105896, 0.10437632352113724, 0.1778569370508194, 1.66935133934021, 0.8114980459213257, 0.7992884516716003, 0.7992885708808899, inf, '02:56']
[21, 0.45740288496017456, 0.42685168981552124, 0.9894031882286072, 0.12056311964988708, 0.17578786611557007, 1.5633248090744019, 0.7937686443328857, 0.7745243310928345, 0.7745243310928345, inf, '02:55']
[22, 0.45132771134376526, 0.44036540389060974, 0.9870784878730774, 0.10474266111850739, 0.1769709587097168, 1.6304264068603516, 0.8092257380485535, 0.797724723815918, 0.797724723815918, inf, '02:55']
[23, 0.442138135433197, 0.436172753572464, 0.9901264309883118, 0.1093752309679985, 0.17527735233306885, 1.519069790840149, 0.8148491978645325, 0.7950862646102905, 0.7950862646102905, inf, '02:55']
[24, 0.4429321885108948, 0.4357649087905884, 0.9886489510536194, 0.10943344980478287, 0.17614799737930298, 1.5919936895370483, 0.8049768209457397, 0.7890031933784485, 0.7890031933784485, inf, '02:56']
[25, 0.442108690738678, 0.4301709234714508, 0.9924638271331787, 0.1157434806227684, 0.17416323721408844, 1.3657175302505493, 0.8051474690437317, 0.7865411043167114, 0.7865411043167114, inf, '02:55']
[26, 0.4453665614128113, 0.4260343313217163, 0.9889877438545227, 0.12307631224393845, 0.17610327899456024, 1.5970414876937866, 0.7868717312812805, 0.7703690528869629, 0.7703690528869629, inf, '02:56']
[27, 0.44380319118499756, 0.44258904457092285, 0.9861608743667603, 0.10476581752300262, 0.17748002707958221, 1.6518977880477905, 0.8048895001411438, 0.7960029244422913, 0.7960029244422913, inf, '02:57']
[28, 0.44322529435157776, 0.41530922055244446, 0.9914258718490601, 0.13605168461799622, 0.1748218685388565, 1.470144510269165, 0.7767297029495239, 0.7569454908370972, 0.7569454908370972, inf, '02:55']
[29, 0.44437673687934875, 0.43612805008888245, 0.9882571697235107, 0.10990428924560547, 0.1763746589422226, 1.6028079986572266, 0.8063327670097351, 0.7918494939804077, 0.7918494939804077, inf, '02:56']
[30, 0.4461129605770111, 0.43500998616218567, 0.987418532371521, 0.11210933327674866, 0.17661793529987335, 1.5953832864761353, 0.8031709790229797, 0.7895587682723999, 0.7895587682723999, inf, '02:56']
[31, 0.4481356739997864, 0.41979560256004333, 0.9901965260505676, 0.1294889599084854, 0.17540179193019867, 1.5331922769546509, 0.7817923426628113, 0.7648800015449524, 0.7648800015449524, inf, '02:56']
[32, 0.45167142152786255, 0.4176355302333832, 0.9912999868392944, 0.1332305371761322, 0.17487134039402008, 1.4663749933242798, 0.7841483354568481, 0.7634573578834534, 0.7634573578834534, inf, '02:57']
[33, 0.42662313580513, 0.4298758804798126, 0.993022084236145, 0.11687719076871872, 0.17385905981063843, 1.2696479558944702, 0.800478458404541, 0.7856109738349915, 0.7856109738349915, inf, '02:56']
[34, 0.4428333640098572, 0.42067238688468933, 0.9899647831916809, 0.1290244162082672, 0.17555631697177887, 1.5519330501556396, 0.7808430194854736, 0.7625624537467957, 0.7625624537467957, inf, '02:57']
[35, 0.44297751784324646, 0.4125940799713135, 0.9922531247138977, 0.1401662975549698, 0.17435164749622345, 1.3920047283172607, 0.7749809622764587, 0.7541234493255615, 0.7541234493255615, inf, '02:56']
[36, 0.4305952191352844, 0.4184317886829376, 0.9906411170959473, 0.13136062026023865, 0.1752062737941742, 1.5244594812393188, 0.7780758738517761, 0.7580663561820984, 0.7580664753913879, inf, '02:56']
[37, 0.4435940384864807, 0.42505642771720886, 0.989639163017273, 0.12214057892560959, 0.17558160424232483, 1.552121639251709, 0.7894243001937866, 0.7728615403175354, 0.7728615403175354, inf, '02:56']
[38, 0.4362157881259918, 0.4155287742614746, 0.9901700615882874, 0.13651730120182037, 0.17554911971092224, 1.540338397026062, 0.7742474675178528, 0.7563852071762085, 0.7563852071762085, inf, '02:56']
[39, 0.4466550350189209, 0.4185755252838135, 0.9916092157363892, 0.13122789561748505, 0.17469437420368195, 1.4519975185394287, 0.7842105031013489, 0.7649702429771423, 0.7649702429771423, inf, '02:56']
[40, 0.4439551830291748, 0.4271840453147888, 0.9910662174224854, 0.11954187601804733, 0.17494121193885803, 1.4835689067840576, 0.7970030903816223, 0.7782324552536011, 0.7782324552536011, inf, '02:56']
[41, 0.44132229685783386, 0.4229920208454132, 0.9919048547744751, 0.12507395446300507, 0.17446604371070862, 1.4044195413589478, 0.7914645075798035, 0.770993173122406, 0.770993173122406, inf, '02:56']
[42, 0.4442285895347595, 0.4276942312717438, 0.9912707805633545, 0.11901090294122696, 0.17480416595935822, 1.4678438901901245, 0.8035982847213745, 0.7829433083534241, 0.7829433083534241, inf, '02:56']
[43, 0.45117083191871643, 0.424442321062088, 0.9899317622184753, 0.12249090522527695, 0.1754872351884842, 1.5457520484924316, 0.7882550358772278, 0.7714473605155945, 0.7714473605155945, inf, '02:56']
[44, 0.4477325677871704, 0.4199364483356476, 0.9915876984596252, 0.13013161718845367, 0.1747155338525772, 1.4387474060058594, 0.7893993854522705, 0.767579972743988, 0.767579972743988, inf, '02:56']
No improvement since epoch 35: early stopping
----------
2
----------
DLS create!
[0, 0.5708073973655701, 0.5406540036201477, 0.9927799105644226, 0.0, 0.19561854004859924, 1.1326018571853638, 0.9987777471542358, 0.9876845479011536, 0.9876845479011536, 0.0030135707929730415, '02:55']
[1, 0.523352861404419, 0.517655611038208, 0.9793740510940552, 0.03187635913491249, 0.18598167598247528, 1.471300721168518, 0.9688056111335754, 0.9695752859115601, 0.9695752859115601, 7.100861549377441, '02:56']
[2, 0.5044170618057251, 0.5032004117965698, 0.9873907566070557, 0.03506423532962799, 0.17798767983913422, 1.443687081336975, 0.9566386342048645, 0.9581136703491211, 0.9581136703491211, 2.967118263244629, '02:56']
[3, 0.495636522769928, 0.4845487177371979, 0.9860650897026062, 0.05628436803817749, 0.17733153700828552, 1.5708460807800293, 0.9078121781349182, 0.9172683954238892, 0.9172683954238892, 3.852073907852173, '02:56']
[4, 0.48862385749816895, 0.48362013697624207, 0.9887591004371643, 0.0527704656124115, 0.17575368285179138, 1.5004582405090332, 0.9120950698852539, 0.9175911545753479, 0.9175911545753479, 2.362307548522949, '02:55']
[5, 0.47382593154907227, 0.4870576560497284, 0.986413836479187, 0.05102289468050003, 0.1768300086259842, 1.5890464782714844, 0.9085010886192322, 0.9162084460258484, 0.9162084460258484, 3.4307777881622314, '02:56']
[6, 0.4856908917427063, 0.47192782163619995, 0.9900360703468323, 0.07036156207323074, 0.17493048310279846, 1.4185138940811157, 0.8877116441726685, 0.8955117464065552, 0.8955117464065552, 1.858573317527771, '02:57']
[7, 0.4678455591201782, 0.4660922586917877, 0.9898256659507751, 0.07618805766105652, 0.17516487836837769, 1.4658470153808594, 0.8704721331596375, 0.8786868453025818, 0.8786868453025818, 1.8056132793426514, '02:57']
[8, 0.4681893587112427, 0.5200155973434448, 0.9650170207023621, 0.04013008251786232, 0.18699201941490173, 1.8035705089569092, 0.9089055061340332, 0.9283469915390015, 0.9283469915390015, 14.016181945800781, '02:56']
[9, 0.4702618420124054, 0.4732607305049896, 0.987371563911438, 0.0674230307340622, 0.17641957104206085, 1.5749355554580688, 0.8760617971420288, 0.8878406882286072, 0.8878406882286072, 3.1488308906555176, '02:56']
[10, 0.4603469967842102, 0.4743662476539612, 0.9862491488456726, 0.06672347337007523, 0.17688176035881042, 1.5984346866607666, 0.8769031167030334, 0.8880659937858582, 0.8880659937858582, 3.565495729446411, '02:56']
[11, 0.4579475522041321, 0.46171143651008606, 0.9911559224128723, 0.07936649024486542, 0.1743943989276886, 1.3857066631317139, 0.8612367510795593, 0.8708199858665466, 0.8708199858665466, 1.2921161651611328, '02:56']
[12, 0.45654237270355225, 0.46617135405540466, 0.9898538589477539, 0.0745634064078331, 0.17507609724998474, 1.4780632257461548, 0.8672231435775757, 0.8754059672355652, 0.8754059672355652, 1.9029922485351562, '02:55']
[13, 0.45563632249832153, 0.4689703583717346, 0.9828165173530579, 0.0777171403169632, 0.1787177473306656, 1.6689889430999756, 0.8456601500511169, 0.8679451942443848, 0.8679451942443848, 4.987339973449707, '02:56']
[14, 0.45729613304138184, 0.47024399042129517, 0.9836030602455139, 0.07661843299865723, 0.17830641567707062, 1.6692079305648804, 0.8447681069374084, 0.8672787547111511, 0.8672787547111511, 4.806859493255615, '02:56']
[15, 0.45478418469429016, 0.4528405964374542, 0.9898417592048645, 0.08989564329385757, 0.175130695104599, 1.4822978973388672, 0.8407134413719177, 0.8516080379486084, 0.8516080379486084, 1.9648133516311646, '02:58']
[16, 0.44961994886398315, 0.46190503239631653, 0.988618016242981, 0.08057462424039841, 0.1756128966808319, 1.5078610181808472, 0.8593515157699585, 0.8676594495773315, 0.8676594495773315, 2.1141164302825928, '02:57']
[17, 0.44026997685432434, 0.45914942026138306, 0.9862945675849915, 0.08603570610284805, 0.17696331441402435, 1.6150213479995728, 0.8372011184692383, 0.8537582755088806, 0.8537582755088806, 3.7145423889160156, '02:56']
[18, 0.4464639723300934, 0.4513808786869049, 0.9904338121414185, 0.0916031077504158, 0.17479485273361206, 1.4293162822723389, 0.841600775718689, 0.8493377566337585, 0.8493377566337585, 1.4773813486099243, '02:56']
[19, 0.4450841546058655, 0.4583437740802765, 0.9881098866462708, 0.08552316576242447, 0.17611263692378998, 1.5443180799484253, 0.8418333530426025, 0.8557112216949463, 0.8557112216949463, 2.7152767181396484, '02:57']
[20, 0.4494664669036865, 0.46561723947525024, 0.9844677448272705, 0.07782454043626785, 0.17773555219173431, 1.646544337272644, 0.8495940566062927, 0.8687806725502014, 0.8687806725502014, 4.611791610717773, '02:55']
[21, 0.4442876875400543, 0.446575403213501, 0.9897530674934387, 0.10035648196935654, 0.17526128888130188, 1.445786952972412, 0.8287009596824646, 0.8381468653678894, 0.8381468653678894, 1.767325758934021, '02:56']
[22, 0.4512175917625427, 0.45175179839134216, 0.9892276525497437, 0.0937126874923706, 0.17551776766777039, 1.5042815208435059, 0.8377686738967896, 0.8499934673309326, 0.8499934673309326, 2.4228568077087402, '02:56']
[23, 0.44612860679626465, 0.4486131966114044, 0.9881862998008728, 0.09654776751995087, 0.1760006994009018, 1.535565733909607, 0.8296982645988464, 0.8417941927909851, 0.8417941927909851, 2.312520980834961, '02:55']
[24, 0.45171284675598145, 0.44987615942955017, 0.9874704480171204, 0.09424219280481339, 0.17639102041721344, 1.585839033126831, 0.8242980241775513, 0.8429228067398071, 0.8429228067398071, 3.4160401821136475, '02:56']
[25, 0.4370902478694916, 0.4452396333217621, 0.9901381731033325, 0.10036934912204742, 0.17501278221607208, 1.4249016046524048, 0.8305028080940247, 0.8383664488792419, 0.8383664488792419, 1.3832101821899414, '02:57']
[26, 0.43375763297080994, 0.48145774006843567, 0.9781132936477661, 0.07018674165010452, 0.18103399872779846, 1.7306838035583496, 0.8482555150985718, 0.8776818513870239, 0.8776818513870239, 7.695741176605225, '02:56']
[27, 0.44113850593566895, 0.443453848361969, 0.9913410544395447, 0.1034298911690712, 0.17438820004463196, 1.3291537761688232, 0.8215152621269226, 0.8324758410453796, 0.8324758410453796, 0.9556179046630859, '02:56']
[28, 0.44193992018699646, 0.44141265749931335, 0.9879371523857117, 0.10618114471435547, 0.17627660930156708, 1.577519178390503, 0.8033278584480286, 0.8225691318511963, 0.8225691318511963, 2.9364545345306396, '02:57']
[29, 0.43492937088012695, 0.45230376720428467, 0.989580512046814, 0.09273020923137665, 0.1753489226102829, 1.499062418937683, 0.8338099718093872, 0.8465073704719543, 0.8465073704719543, 2.1989586353302, '02:56']
[30, 0.4417729377746582, 0.4424551725387573, 0.9893801808357239, 0.10288986563682556, 0.1754530370235443, 1.507184386253357, 0.8143779635429382, 0.8276443481445312, 0.8276443481445312, 2.0925893783569336, '02:56']
[31, 0.4368461072444916, 0.4422905743122101, 0.9911829233169556, 0.10480368882417679, 0.17449627816677094, 1.3721355199813843, 0.8191115260124207, 0.8312551379203796, 0.8312551379203796, 1.194573998451233, '02:57']
[32, 0.4366215467453003, 0.49934419989585876, 0.9686008095741272, 0.06277965009212494, 0.18587319552898407, 1.7994716167449951, 0.8473193645477295, 0.8885315656661987, 0.8885315656661987, 11.384964942932129, '02:58']
[33, 0.4372190237045288, 0.440110445022583, 0.988646924495697, 0.10808029770851135, 0.1759491264820099, 1.5427652597427368, 0.8082171678543091, 0.8236984014511108, 0.8236984014511108, 2.5231308937072754, '02:56']
[34, 0.43806299567222595, 0.4386313557624817, 0.9902041554450989, 0.10888294130563736, 0.17504793405532837, 1.4384323358535767, 0.8142130374908447, 0.8236814141273499, 0.8236814141273499, 1.6638909578323364, '02:55']
[35, 0.43338748812675476, 0.4329926073551178, 0.9905056357383728, 0.11580246686935425, 0.17490869760513306, 1.4272387027740479, 0.8037179112434387, 0.8142083287239075, 0.814208447933197, 1.5934683084487915, '02:57']
[36, 0.42740052938461304, 0.45698443055152893, 0.9835414886474609, 0.09173145890235901, 0.17844121158123016, 1.6730380058288574, 0.8163180947303772, 0.8416875600814819, 0.8416874408721924, 4.785837173461914, '02:57']
[37, 0.4368293285369873, 0.4418824315071106, 0.9889533519744873, 0.10359911620616913, 0.1756453514099121, 1.5327332019805908, 0.8108614683151245, 0.8253743648529053, 0.8253743648529053, 2.520094156265259, '02:57']
[38, 0.4392244815826416, 0.4444742798805237, 0.9879541993141174, 0.1033240556716919, 0.17615318298339844, 1.5454496145248413, 0.817196249961853, 0.8298771381378174, 0.8298771381378174, 2.4548187255859375, '02:57']
[39, 0.4385948181152344, 0.4524933099746704, 0.9845141172409058, 0.09657019376754761, 0.17804349958896637, 1.6511720418930054, 0.8137445449829102, 0.8369792103767395, 0.8369792103767395, 3.8567419052124023, '02:56']
[40, 0.4256785809993744, 0.4552616775035858, 0.9854886531829834, 0.09243686497211456, 0.1774730235338211, 1.6163405179977417, 0.8216854929924011, 0.8425132632255554, 0.8425132632255554, 3.4055211544036865, '02:58']
[41, 0.4348616600036621, 0.4428409934043884, 0.9881080389022827, 0.10413740575313568, 0.1761271208524704, 1.5525720119476318, 0.815168023109436, 0.8292219042778015, 0.8292219638824463, 2.853936195373535, '02:57']
[42, 0.43834489583969116, 0.44052550196647644, 0.9917053580284119, 0.1059035211801529, 0.17420066893100739, 1.3309695720672607, 0.8190921545028687, 0.8302549123764038, 0.8302549123764038, 0.9606272578239441, '02:58']
[43, 0.4262920022010803, 0.44050899147987366, 0.9906667470932007, 0.10753584653139114, 0.1747829169034958, 1.3994759321212769, 0.8208264708518982, 0.8306509852409363, 0.8306509852409363, 1.5070135593414307, '02:57']
[44, 0.42859509587287903, 0.43424493074417114, 0.9906590580940247, 0.11523701250553131, 0.1747913509607315, 1.3860963582992554, 0.8072922825813293, 0.8151113390922546, 0.8151113390922546, 1.1811190843582153, '02:57']
No improvement since epoch 35: early stopping
----------
3
----------
DLS create!
[0, 0.5941881537437439, 0.5640005469322205, 0.9921166300773621, 0.0009799943072721362, 0.2058250457048416, 1.2638205289840698, 0.9987143874168396, 0.9863377213478088, 0.9863377213478088, 0.1565817892551422, '02:58']
[1, 0.5352379083633423, 0.5240110158920288, 0.9925143122673035, 0.0003196336328983307, 0.1846098005771637, 1.1852761507034302, 0.9907209873199463, 0.9827457666397095, 0.9827457666397095, 0.027191583067178726, '02:57']
[2, 0.5085776448249817, 0.5087026953697205, 0.9909449219703674, 0.0319606252014637, 0.17792478203773499, 1.2849998474121094, 0.9748491048812866, 0.9706833362579346, 0.9706833362579346, 0.6211954951286316, '02:59']
[3, 0.4966293275356293, 0.5081743597984314, 0.9661175012588501, 0.038687724620103836, 0.18519671261310577, 1.6714409589767456, 0.92603600025177, 0.9380519986152649, 0.9380519986152649, 9.71566390991211, '02:58']
[4, 0.4888940453529358, 0.48513802886009216, 0.9876289367675781, 0.05619237944483757, 0.17633332312107086, 1.4580554962158203, 0.9177883863449097, 0.9186800122261047, 0.9186800122261047, 1.8313912153244019, '02:59']
[5, 0.48058778047561646, 0.4806715250015259, 0.9881470799446106, 0.05951785668730736, 0.17586594820022583, 1.4574060440063477, 0.9057915210723877, 0.9061927199363708, 0.9061927199363708, 1.8307528495788574, '02:58']
[6, 0.4746154248714447, 0.4771581292152405, 0.9910680651664734, 0.06210075691342354, 0.1743558645248413, 1.2856464385986328, 0.899356484413147, 0.902863621711731, 0.902863621711731, 0.6927359700202942, '02:57']
[7, 0.4704286456108093, 0.4637468457221985, 0.9897643327713013, 0.08088569343090057, 0.17511813342571259, 1.4018375873565674, 0.869097113609314, 0.8732248544692993, 0.8732248544692993, 1.3297760486602783, '02:56']
[8, 0.46921736001968384, 0.47726842761039734, 0.9885197877883911, 0.06618454307317734, 0.17569604516029358, 1.4282913208007812, 0.8981487154960632, 0.8991069793701172, 0.8991069793701172, 1.4416251182556152, '02:55']
[9, 0.46821925044059753, 0.4616175889968872, 0.9868220090866089, 0.08427700400352478, 0.17641237378120422, 1.482117772102356, 0.8602506518363953, 0.8664841055870056, 0.8664841055870056, 2.219033718109131, '02:56']
[10, 0.4583672881126404, 0.4989517629146576, 0.975809633731842, 0.05664403364062309, 0.182033509016037, 1.7005802392959595, 0.8801666498184204, 0.8981993198394775, 0.8981993198394775, 5.467516899108887, '02:56']
[11, 0.4638851583003998, 0.4675899147987366, 0.9899007081985474, 0.07600892335176468, 0.17486409842967987, 1.359189748764038, 0.8742566704750061, 0.8766483068466187, 0.8766483068466187, 1.0193463563919067, '02:55']
[12, 0.4649358093738556, 0.4536416828632355, 0.9901557564735413, 0.09267865866422653, 0.1749037504196167, 1.3743029832839966, 0.8493318557739258, 0.853347897529602, 0.853347897529602, 1.1230801343917847, '02:55']
[13, 0.4513562023639679, 0.4629499614238739, 0.9898032546043396, 0.07923169434070587, 0.1749986708164215, 1.3804879188537598, 0.8651100397109985, 0.8685890436172485, 0.8685890436172485, 1.0711158514022827, '02:56']
[14, 0.4569118618965149, 0.45265138149261475, 0.990308403968811, 0.09278343617916107, 0.17483007907867432, 1.374735713005066, 0.8465315103530884, 0.8509429097175598, 0.8509429097175598, 1.0633736848831177, '02:55']
[15, 0.45509475469589233, 0.46567973494529724, 0.9881254434585571, 0.0779372826218605, 0.1758710891008377, 1.4816662073135376, 0.8620709180831909, 0.8670814633369446, 0.8670814633369446, 1.6845993995666504, '02:55']
[16, 0.44739043712615967, 0.4528106451034546, 0.989681601524353, 0.09155027568340302, 0.17509353160858154, 1.399400234222412, 0.8452141284942627, 0.8494707345962524, 0.8494707345962524, 1.2128733396530151, '02:56']
[17, 0.4457588791847229, 0.449451744556427, 0.9896022081375122, 0.09645497798919678, 0.17511509358882904, 1.4063283205032349, 0.8346141576766968, 0.8409626483917236, 0.8409626483917236, 1.3545098304748535, '02:56']
[18, 0.46137315034866333, 0.46039655804634094, 0.985228419303894, 0.0859118103981018, 0.17733824253082275, 1.5695595741271973, 0.8415294289588928, 0.8529949188232422, 0.8529949188232422, 2.837982416152954, '02:56']
[19, 0.4457319974899292, 0.45076099038124084, 0.9903779029846191, 0.09546691924333572, 0.1747608780860901, 1.3571401834487915, 0.8392540812492371, 0.8431626558303833, 0.8431626558303833, 0.9300583600997925, '02:55']
[20, 0.43856504559516907, 0.4683576226234436, 0.9922811388969421, 0.06993186473846436, 0.1737186461687088, 1.1496857404708862, 0.8688169121742249, 0.8840360641479492, 0.8840360641479492, 0.28913262486457825, '02:56']
[21, 0.44251999258995056, 0.46384820342063904, 0.985411524772644, 0.08379039168357849, 0.1773247867822647, 1.5563931465148926, 0.8457737565040588, 0.8562552332878113, 0.8562552332878113, 2.683795928955078, '02:56']
[22, 0.4398118257522583, 0.4847673177719116, 0.9912025928497314, 0.05178765952587128, 0.17423507571220398, 1.2057085037231445, 0.9025527238845825, 0.9118543267250061, 0.9118543267250061, 0.5444576740264893, '02:55']
[23, 0.45151591300964355, 0.459408700466156, 0.9891836643218994, 0.08407517522573471, 0.17524848878383636, 1.379304051399231, 0.8559566736221313, 0.8609662055969238, 0.8609662055969238, 1.136788249015808, '02:55']
[24, 0.43175119161605835, 0.4643315076828003, 0.9917086362838745, 0.07712613046169281, 0.1740424633026123, 1.1986463069915771, 0.8661655783653259, 0.8739199638366699, 0.8739199638366699, 0.4351117014884949, '02:56']
[25, 0.45027753710746765, 0.45081350207328796, 0.9884222149848938, 0.09417808800935745, 0.1757946014404297, 1.4569408893585205, 0.8370435833930969, 0.8425076603889465, 0.8425076603889465, 1.5710595846176147, '02:55']
[26, 0.44400739669799805, 0.4530734419822693, 0.9914238452911377, 0.09089178591966629, 0.17422519624233246, 1.2557382583618164, 0.8459077477455139, 0.8533509373664856, 0.8533509373664856, 0.5957911014556885, '02:55']
No improvement since epoch 17: early stopping
----------
4
----------
DLS create!
[0, 0.5537120699882507, 0.5321412682533264, 0.9904769659042358, nan, 0.1897897720336914, 1.1195353269577026, 0.9956095814704895, 0.9734725952148438, 0.9734725952148438, nan, '02:56']
[1, 0.5180447101593018, 0.5472635626792908, 0.9904706478118896, nan, 0.17884603142738342, 1.2153255939483643, 0.9858120679855347, 0.9691861271858215, 0.9691861271858215, nan, '02:55']
[2, 0.5017483830451965, 0.4991767108440399, 0.9856520891189575, 0.04585997760295868, 0.17739731073379517, 1.424733281135559, 0.9429835677146912, 0.9321522116661072, 0.9321522116661072, inf, '02:56']
[3, 0.48845091462135315, 0.4756270945072174, 0.9841703772544861, 0.07547514140605927, 0.1769460141658783, 1.4966131448745728, 0.8842981457710266, 0.8776899576187134, 0.8776899576187134, inf, '02:55']
[4, 0.48196935653686523, 0.48869767785072327, 0.9718987345695496, 0.06784618645906448, 0.18271292746067047, 1.6890370845794678, 0.8739574551582336, 0.8775864839553833, 0.8775864839553833, inf, '02:55']
[5, 0.4765782654285431, 0.4707620143890381, 0.9887105226516724, 0.0791863426566124, 0.17458468675613403, 1.3078123331069946, 0.8690727949142456, 0.8655995726585388, 0.8655995726585388, inf, '02:58']
[6, 0.4719092547893524, 0.4653361439704895, 0.9854511618614197, 0.0867142304778099, 0.17629778385162354, 1.4880547523498535, 0.8531866073608398, 0.8492394089698792, 0.8492394089698792, inf, '02:56']
[7, 0.4613305628299713, 0.5132887959480286, 0.9731672406196594, 0.050344616174697876, 0.1821877807378769, 1.6871768236160278, 0.8996309041976929, 0.9004588723182678, 0.9004588723182678, inf, '02:58']
[8, 0.464347779750824, 0.45954522490501404, 0.9885777831077576, 0.0929877907037735, 0.174809992313385, 1.345203161239624, 0.8551754951477051, 0.8508762717247009, 0.8508762717247009, inf, '02:55']
[9, 0.455224871635437, 0.44471287727355957, 0.9876947402954102, 0.11215367913246155, 0.17517797648906708, 1.391937017440796, 0.8174068927764893, 0.8134610056877136, 0.8134610056877136, inf, '02:56']
[10, 0.4540155529975891, 0.44682013988494873, 0.9868481159210205, 0.10967417061328888, 0.1756611317396164, 1.4395581483840942, 0.8180241584777832, 0.8139048218727112, 0.8139048218727112, inf, '02:57']
[11, 0.4553196430206299, 0.4546127915382385, 0.9897521138191223, 0.09941433370113373, 0.17408372461795807, 1.25460946559906, 0.8321558833122253, 0.8340814113616943, 0.8340814113616943, inf, '02:57']
[12, 0.45983123779296875, 0.43667012453079224, 0.9873601198196411, 0.12173037230968475, 0.1755896508693695, 1.440580129623413, 0.7980771064758301, 0.7980375289916992, 0.7980375289916992, inf, '02:56']
[13, 0.44550570845603943, 0.4480607807636261, 0.9860104918479919, 0.10870867967605591, 0.17615823447704315, 1.4916521310806274, 0.8115279078483582, 0.8115301132202148, 0.8115301132202148, inf, '02:57']
[14, 0.44526001811027527, 0.44520220160484314, 0.9890354871749878, 0.10945327579975128, 0.17455066740512848, 1.32454514503479, 0.8166248202323914, 0.8151715993881226, 0.8151715993881226, inf, '02:56']
[15, 0.4373897612094879, 0.4398081600666046, 0.9880180358886719, 0.11766476929187775, 0.17514991760253906, 1.40054190158844, 0.8039934039115906, 0.8022577166557312, 0.8022577166557312, inf, '02:56']
[16, 0.44435158371925354, 0.44273412227630615, 0.9876906275749207, 0.11426523327827454, 0.1753251701593399, 1.4112468957901, 0.8105517029762268, 0.8065767288208008, 0.8065767288208008, inf, '02:55']
[17, 0.44188207387924194, 0.43839120864868164, 0.9873369336128235, 0.11964286863803864, 0.17552092671394348, 1.434728741645813, 0.8025050759315491, 0.7988300323486328, 0.7988300323486328, inf, '02:55']
[18, 0.43706822395324707, 0.4375647008419037, 0.9889077544212341, 0.12159726768732071, 0.17465747892856598, 1.3273221254348755, 0.7993242740631104, 0.7984492778778076, 0.7984492778778076, inf, '02:55']
[19, 0.4496312141418457, 0.43266433477401733, 0.9883184432983398, 0.12630347907543182, 0.17498381435871124, 1.3947211503982544, 0.7896097302436829, 0.7901141047477722, 0.7901141047477722, inf, '02:55']
[20, 0.4529277980327606, 0.4376155138015747, 0.9886846542358398, 0.12010451406240463, 0.17482984066009521, 1.380953311920166, 0.8001163601875305, 0.7992289066314697, 0.7992287874221802, inf, '02:55']
[21, 0.4435791075229645, 0.4430011808872223, 0.9866654872894287, 0.11263865977525711, 0.17580732703208923, 1.4631233215332031, 0.807278573513031, 0.8083479404449463, 0.8083479404449463, inf, '02:55']
[22, 0.4427284598350525, 0.4299207031726837, 0.9891808032989502, 0.12984079122543335, 0.17452922463417053, 1.3414958715438843, 0.7848339080810547, 0.7858339548110962, 0.7858339548110962, inf, '02:55']
[23, 0.4435792863368988, 0.4490278661251068, 0.9816769957542419, 0.1117468848824501, 0.17862051725387573, 1.600177526473999, 0.7910311222076416, 0.8039905428886414, 0.8039905428886414, inf, '02:54']
[24, 0.44052860140800476, 0.43347519636154175, 0.9869223237037659, 0.12694747745990753, 0.17584256827831268, 1.4566041231155396, 0.7842942476272583, 0.7851861119270325, 0.7851861119270325, inf, '02:55']
[25, 0.4526882469654083, 0.4393651485443115, 0.9861825108528137, 0.12034636735916138, 0.17620310187339783, 1.4620246887207031, 0.8042692542076111, 0.8025658130645752, 0.8025658130645752, inf, '02:55']
[26, 0.44477608799934387, 0.4305467903614044, 0.9897170662879944, 0.12992310523986816, 0.1742490530014038, 1.2771148681640625, 0.786023736000061, 0.7872616648674011, 0.7872616648674011, inf, '02:55']
[27, 0.4483000934123993, 0.445020854473114, 0.988832414150238, 0.11140631139278412, 0.17465847730636597, 1.3474764823913574, 0.8166592121124268, 0.8137957453727722, 0.8137957453727722, inf, '02:56']
[28, 0.4384572207927704, 0.42664092779159546, 0.9868686199188232, 0.13581795990467072, 0.175846129655838, 1.4552007913589478, 0.7742754220962524, 0.774373471736908, 0.7743735313415527, inf, '02:55']
[29, 0.4340725243091583, 0.425083190202713, 0.9887576103210449, 0.1372935026884079, 0.17483803629875183, 1.3615753650665283, 0.7762889266014099, 0.7759039998054504, 0.7759039998054504, inf, '02:55']
[30, 0.43481338024139404, 0.4568941593170166, 0.9839268326759338, 0.10067687183618546, 0.177305668592453, 1.5184024572372437, 0.8185473084449768, 0.8206877708435059, 0.8206877708435059, inf, '02:55']
[31, 0.45096683502197266, 0.4379391670227051, 0.9880989789962769, 0.12020057439804077, 0.175053209066391, 1.396743655204773, 0.7987251877784729, 0.7973207831382751, 0.7973207831382751, inf, '02:56']
[32, 0.44336771965026855, 0.4281727969646454, 0.9869785308837891, 0.13430504500865936, 0.1758420616388321, 1.4708408117294312, 0.7717488408088684, 0.773117184638977, 0.773117184638977, inf, '02:55']
[33, 0.4387663006782532, 0.4298168420791626, 0.9898791909217834, 0.13408681750297546, 0.1741446703672409, 1.2527780532836914, 0.7811052799224854, 0.7865540981292725, 0.7865540981292725, inf, '02:55']
[34, 0.43601348996162415, 0.4299497902393341, 0.9884929656982422, 0.1328105479478836, 0.17502135038375854, 1.371806263923645, 0.7833364009857178, 0.7819486260414124, 0.7819486260414124, inf, '02:55']
[35, 0.4283616542816162, 0.44941627979278564, 0.9815048575401306, 0.1113881766796112, 0.1787009835243225, 1.5887341499328613, 0.7971743941307068, 0.8058088421821594, 0.8058088421821594, inf, '02:55']
[36, 0.4319766163825989, 0.4534851312637329, 0.9822418093681335, 0.10893727093935013, 0.17829157412052155, 1.5808982849121094, 0.8030558824539185, 0.8097689151763916, 0.8097689151763916, inf, '02:56']
[37, 0.4273204505443573, 0.4314667880535126, 0.9880048632621765, 0.12852010130882263, 0.1752222329378128, 1.4053385257720947, 0.7873793840408325, 0.7860039472579956, 0.7860039472579956, inf, '02:55']
[38, 0.43839189410209656, 0.43100011348724365, 0.9849412441253662, 0.13074690103530884, 0.17694976925849915, 1.5214773416519165, 0.7762069702148438, 0.7804343700408936, 0.7804343700408936, inf, '02:55']
No improvement since epoch 29: early stopping
Linknet_dpn131 Done!
