Models will save to Linknet_mobs4_x
Use mobileone_s4 encoder
Start training...
----------
0
----------
DLS create!
[0, 0.6082533597946167, 0.5644431114196777, 0.9934220314025879, 0.0, 0.2066650092601776, 1.2454586029052734, 0.9978838562965393, 0.987543523311615, 0.987543523311615, 0.10159267485141754, '00:55']
[1, 0.5456604957580566, 2.704228401184082, 0.9194945096969604, 0.007579057477414608, 0.22660930454730988, 1.9216400384902954, 0.9930641055107117, 0.9854034185409546, 0.9854034185409546, 21.88901710510254, '00:54']
[2, 0.524782121181488, 0.518079936504364, 0.9936897158622742, 0.00011096431262558326, 0.1858871579170227, 1.3216760158538818, 0.9748084545135498, 0.9733974933624268, 0.9733974933624268, 0.012793740257620811, '00:54']
[3, 0.5128839015960693, 0.4990440011024475, 0.9890674948692322, 0.04526503011584282, 0.17986933887004852, 1.4219156503677368, 0.9517887234687805, 0.9528312683105469, 0.9528312683105469, 1.4102407693862915, '00:54']
[4, 0.49943357706069946, 0.48479557037353516, 0.9882035255432129, 0.061142437160015106, 0.17821145057678223, 1.4908148050308228, 0.9244983196258545, 0.9257953763008118, 0.9257953763008118, 1.7305454015731812, '00:54']
[5, 0.48751646280288696, 0.4935559332370758, 0.9808477163314819, 0.05252379924058914, 0.18031111359596252, 1.6451802253723145, 0.9074562191963196, 0.9177742004394531, 0.9177742004394531, 3.6379027366638184, '00:54']
[6, 0.47215357422828674, 0.820677638053894, 0.9475336074829102, 0.032812949270009995, 0.19701793789863586, 1.8055830001831055, 0.9265106320381165, 0.942087709903717, 0.942087709903717, 11.91164493560791, '00:54']
[7, 0.4735069274902344, 0.4799571931362152, 0.9887866973876953, 0.055828340351581573, 0.1762581169605255, 1.4883793592453003, 0.9107223153114319, 0.9106508493423462, 0.9106508493423462, 1.6228910684585571, '00:54']
[8, 0.4726773500442505, 0.46064093708992004, 0.9857720136642456, 0.08010809868574142, 0.17770272493362427, 1.597985029220581, 0.8599149584770203, 0.8657421469688416, 0.8657421469688416, 2.269160270690918, '00:54']
[9, 0.4641468822956085, 0.44880950450897217, 0.9885960221290588, 0.09486074000597, 0.17651063203811646, 1.5175482034683228, 0.8472002148628235, 0.8507989048957825, 0.8507988452911377, 1.7007575035095215, '00:54']
[10, 0.4638669192790985, 0.4395532011985779, 0.9855626821517944, 0.10461677610874176, 0.177817240357399, 1.5945543050765991, 0.8169599771499634, 0.8270967602729797, 0.8270967602729797, 2.4521830081939697, '00:54']
[11, 0.46599718928337097, 0.44909805059432983, 0.9848464131355286, 0.09334781020879745, 0.17805646359920502, 1.6092579364776611, 0.8353493213653564, 0.8454079627990723, 0.8454079627990723, 2.8898019790649414, '00:54']
[12, 0.45588400959968567, 0.4171445071697235, 0.9913023710250854, 0.13080410659313202, 0.17505137622356415, 1.3999522924423218, 0.7930787205696106, 0.7933052778244019, 0.7933052778244019, 1.062339425086975, '00:55']
[13, 0.46176081895828247, 0.4357983469963074, 0.9877646565437317, 0.10879655182361603, 0.1768227219581604, 1.5438406467437744, 0.8196917176246643, 0.8244022130966187, 0.8244022130966187, 2.093834400177002, '00:54']
[14, 0.4490344822406769, 0.4329201281070709, 0.9879493117332458, 0.11182199418544769, 0.17670838534832, 1.5239585638046265, 0.8131324648857117, 0.8177703022956848, 0.8177703022956848, 1.7765727043151855, '00:54']
[15, 0.45414742827415466, 0.4416540563106537, 0.9872254133224487, 0.10204830765724182, 0.17703305184841156, 1.5486855506896973, 0.8251521587371826, 0.830784797668457, 0.830784797668457, 2.0123138427734375, '00:54']
[16, 0.45794087648391724, 0.42437124252319336, 0.9906099438667297, 0.12255426496267319, 0.17529648542404175, 1.4114000797271729, 0.8054224848747253, 0.8078088164329529, 0.8078088164329529, 1.2217230796813965, '00:54']
[17, 0.4379960298538208, 0.4171162247657776, 0.9905557036399841, 0.1300053596496582, 0.1754928082227707, 1.4332523345947266, 0.7874822616577148, 0.7897680997848511, 0.7897680997848511, 1.1865571737289429, '00:54']
[18, 0.4406460225582123, 0.42181873321533203, 0.9910388588905334, 0.12496847659349442, 0.17518995702266693, 1.3756412267684937, 0.7991788387298584, 0.801516592502594, 0.801516592502594, 0.9890016913414001, '00:54']
[19, 0.44410592317581177, 0.4373987913131714, 0.9876686930656433, 0.10747035592794418, 0.17697195708751678, 1.5567309856414795, 0.8144680857658386, 0.8208795189857483, 0.8208795189857483, 2.0984556674957275, '00:54']
[20, 0.4445241391658783, 0.4138835072517395, 0.9903985857963562, 0.13663455843925476, 0.17563092708587646, 1.4442179203033447, 0.78235924243927, 0.7850739359855652, 0.7850739359855652, 1.2699253559112549, '00:54']
[21, 0.43688058853149414, 0.4142454266548157, 0.9916276335716248, 0.13423635065555573, 0.1749618798494339, 1.3534772396087646, 0.7826014757156372, 0.7864293456077576, 0.7864293456077576, 0.8890973925590515, '00:54']
[22, 0.4434499442577362, 0.4351375997066498, 0.9891643524169922, 0.10776136815547943, 0.17609669268131256, 1.4464629888534546, 0.8192479610443115, 0.8240393996238708, 0.8240393996238708, 1.3923357725143433, '00:54']
[23, 0.4363130033016205, 0.42339327931404114, 0.9920920729637146, 0.12233799695968628, 0.174630269408226, 1.3260024785995483, 0.8010187745094299, 0.8028275966644287, 0.8028275966644287, 0.7598584890365601, '00:54']
[24, 0.4358096420764923, 0.4130549728870392, 0.991693377494812, 0.1351698338985443, 0.1748967170715332, 1.3791948556900024, 0.7838013172149658, 0.7856549024581909, 0.7856549024581909, 1.0425516366958618, '00:54']
[25, 0.44569507241249084, 0.4191666841506958, 0.9873030185699463, 0.1297716498374939, 0.17725791037082672, 1.5844378471374512, 0.7729059457778931, 0.786228597164154, 0.7862286567687988, 2.2367398738861084, '00:54']
[26, 0.4358718991279602, 0.41473808884620667, 0.9899762272834778, 0.1338166445493698, 0.17585389316082, 1.478365421295166, 0.7811893224716187, 0.7841209173202515, 0.7841209173202515, 1.4106758832931519, '00:54']
[27, 0.43401601910591125, 0.433915376663208, 0.9895493984222412, 0.10910733789205551, 0.1759726107120514, 1.4091236591339111, 0.8109121918678284, 0.819581925868988, 0.819581925868988, 1.3928464651107788, '00:54']
[28, 0.4347604811191559, 0.4206942021846771, 0.9889745116233826, 0.1275397390127182, 0.17636588215827942, 1.514977216720581, 0.7883655428886414, 0.7933973073959351, 0.7933973073959351, 1.6939700841903687, '00:54']
[29, 0.43369561433792114, 0.4121491611003876, 0.9927407503128052, 0.13632194697856903, 0.17433351278305054, 1.2939075231552124, 0.7784821391105652, 0.7831944823265076, 0.7831944823265076, 0.6930848956108093, '00:54']
[30, 0.43342292308807373, 0.42879122495651245, 0.9869801998138428, 0.11835134029388428, 0.1773764193058014, 1.5564318895339966, 0.7930827736854553, 0.8053036332130432, 0.8053036332130432, 2.155129909515381, '00:54']
[31, 0.43091487884521484, 0.43647971749305725, 0.9859359860420227, 0.10972457379102707, 0.17790700495243073, 1.5798667669296265, 0.8002194762229919, 0.8144325017929077, 0.8144325017929077, 2.215125799179077, '00:54']
[32, 0.43656694889068604, 0.4237266182899475, 0.985784649848938, 0.12626409530639648, 0.1781030297279358, 1.629151463508606, 0.7703889608383179, 0.7877427935600281, 0.7877427935600281, 2.578258514404297, '00:54']
[33, 0.4342598021030426, 0.4188477694988251, 0.9892464280128479, 0.1275639832019806, 0.17618323862552643, 1.5174658298492432, 0.7831529974937439, 0.7884546518325806, 0.7884546518325806, 1.7739496231079102, '00:54']
[34, 0.4337376356124878, 0.4492625892162323, 0.9816656112670898, 0.10010384023189545, 0.18008922040462494, 1.6850712299346924, 0.8067483901977539, 0.8286803364753723, 0.8286803364753723, 3.920858383178711, '00:54']
[35, 0.42274102568626404, 0.41277438402175903, 0.9919962286949158, 0.13704802095890045, 0.17476414144039154, 1.2931643724441528, 0.7715365886688232, 0.7806664705276489, 0.7806664705276489, 0.8211007118225098, '00:54']
[36, 0.43092378973960876, 0.40702393651008606, 0.99277263879776, 0.1424180269241333, 0.17432568967342377, 1.3044463396072388, 0.7680609822273254, 0.773267388343811, 0.773267388343811, 0.7462378144264221, '00:54']
[37, 0.4203735589981079, 0.4139036238193512, 0.9903374910354614, 0.13368932902812958, 0.1756698191165924, 1.421782374382019, 0.7738077640533447, 0.7810176610946655, 0.7810176610946655, 1.2128463983535767, '00:54']
[38, 0.4172596037387848, 0.4213775396347046, 0.9879167079925537, 0.12633484601974487, 0.17694327235221863, 1.5625132322311401, 0.7803850769996643, 0.7896416783332825, 0.7896416783332825, 2.080526828765869, '00:54']
[39, 0.4392188489437103, 0.43006038665771484, 0.9861357808113098, 0.11833470314741135, 0.1779789924621582, 1.6101367473602295, 0.7937944531440735, 0.8062558174133301, 0.8062558174133301, 2.5215752124786377, '00:54']
[40, 0.42640966176986694, 0.40332067012786865, 0.9920272827148438, 0.1467496007680893, 0.1747630536556244, 1.3747007846832275, 0.7657234072685242, 0.7674224376678467, 0.7674224376678467, 0.9567594528198242, '00:54']
[41, 0.41873395442962646, 0.4230014979839325, 0.9871074557304382, 0.12631669640541077, 0.17737942934036255, 1.5442739725112915, 0.7757614850997925, 0.7890391945838928, 0.7890391945838928, 1.9150757789611816, '00:54']
[42, 0.4277518689632416, 0.4069582223892212, 0.9910417795181274, 0.14178024232387543, 0.17525649070739746, 1.4311538934707642, 0.7687894701957703, 0.7705693244934082, 0.7705693244934082, 1.2478052377700806, '00:54']
[43, 0.419578492641449, 0.4081939458847046, 0.9910309314727783, 0.14137858152389526, 0.1752987802028656, 1.4040881395339966, 0.7665184140205383, 0.7720113396644592, 0.7720113396644592, 1.113142728805542, '00:54']
[44, 0.4215729832649231, 0.41752734780311584, 0.9932100772857666, 0.12918610870838165, 0.17406782507896423, 1.2169312238693237, 0.782676100730896, 0.7940127849578857, 0.7940127849578857, 0.5098906755447388, '00:54']
[45, 0.42655107378959656, 0.44407007098197937, 0.9877424836158752, 0.10128241032361984, 0.17689931392669678, 1.4458330869674683, 0.8210872411727905, 0.8311890363693237, 0.8311890363693237, 1.5393472909927368, '00:54']
[46, 0.43128854036331177, 0.4098653197288513, 0.9892699718475342, 0.13811051845550537, 0.17615021765232086, 1.510784387588501, 0.7699748277664185, 0.7741591930389404, 0.7741591930389404, 1.6885052919387817, '00:54']
[47, 0.42191287875175476, 0.41188985109329224, 0.9899842739105225, 0.13492083549499512, 0.1758590191602707, 1.4306174516677856, 0.7755312323570251, 0.779754102230072, 0.779754102230072, 1.2363582849502563, '00:54']
[48, 0.4215685725212097, 0.4179614782333374, 0.98823082447052, 0.13822102546691895, 0.1767556518316269, 1.473931908607483, 0.7658741474151611, 0.7727956175804138, 0.7727956175804138, 1.519341230392456, '00:54']
[49, 0.4292338788509369, 0.4103180468082428, 0.9874452948570251, 0.13956531882286072, 0.17707262933254242, 1.574151635169983, 0.7655872702598572, 0.7757611274719238, 0.7757611274719238, 2.200533390045166, '00:54']
No improvement since epoch 40: early stopping
----------
1
----------
DLS create!
[0, 0.6549106240272522, 0.6336328983306885, 0.992061972618103, 0.00035309145459905267, 0.23271341621875763, 1.4508934020996094, 0.9975274205207825, 0.9863654971122742, 0.9863654971122742, 0.567685604095459, '00:54']
[1, 0.5734230279922485, 0.5457949042320251, 0.9930906295776367, 0.0, 0.19895854592323303, 1.1801350116729736, 0.99701988697052, 0.9866155385971069, 0.9866155385971069, 0.016507551074028015, '00:54']
[2, 0.5394113063812256, 0.5329973101615906, 0.9927526712417603, 0.0028445927891880274, 0.188788041472435, 1.3269718885421753, 0.9840620160102844, 0.979483962059021, 0.979483962059021, 0.16673383116722107, '00:54']
[3, 0.5227764844894409, 0.5147591233253479, 0.9927358031272888, 0.008436925709247589, 0.18481522798538208, 1.3571034669876099, 0.9684619903564453, 0.9687058329582214, 0.9687058329582214, 0.16628436744213104, '00:54']
