Models will save to Linknet_effb7_x
Use efficientnet-b7 encoder
Start training...
----------
0
----------
DLS create!
[0, 0.5266419649124146, 0.526840090751648, 0.9937458038330078, 0.0, 0.18852216005325317, 1.2366398572921753, 0.9926181435585022, 0.984438955783844, 0.984438955783844, 0.0, '02:08']
[1, 0.5025373101234436, 0.49915704131126404, 0.9929930567741394, 0.018498003482818604, 0.17595882713794708, 1.2691049575805664, 0.9655835032463074, 0.9625465869903564, 0.9625465869903564, 0.3653269410133362, '02:06']
[2, 0.49635788798332214, 0.49159181118011475, 0.9821865558624268, 0.043346554040908813, 0.1793738305568695, 1.6208891868591309, 0.9251235127449036, 0.9293246865272522, 0.9293246865272522, 4.848501205444336, '02:07']
[3, 0.4826894700527191, 0.48932790756225586, 0.973904013633728, 0.05724385753273964, 0.1831277757883072, 1.7380013465881348, 0.8811935782432556, 0.9031104445457458, 0.9031104445457458, 8.21062183380127, '02:07']
[4, 0.47390368580818176, 0.4635901153087616, 0.9922886490821838, 0.07292228937149048, 0.17445531487464905, 1.3291059732437134, 0.8825427889823914, 0.8857147693634033, 0.8857147693634033, 0.8502707481384277, '02:08']
[5, 0.4746871888637543, 0.49104538559913635, 0.9703844785690308, 0.060439832508563995, 0.1851479411125183, 1.75813889503479, 0.8710708618164062, 0.8990610241889954, 0.8990610241889954, 8.42284107208252, '02:07']
[6, 0.46369367837905884, 0.45695561170578003, 0.9891431927680969, 0.08299481123685837, 0.1761622428894043, 1.423210859298706, 0.8558231592178345, 0.8650282025337219, 0.8650282025337219, 1.6540589332580566, '02:07']
[7, 0.47092387080192566, 0.48553645610809326, 0.9743556976318359, 0.06885245442390442, 0.1835566610097885, 1.7607011795043945, 0.858512282371521, 0.8833860158920288, 0.8833860158920288, 8.033702850341797, '02:07']
[8, 0.46436235308647156, 0.4755920171737671, 0.9814382791519165, 0.07215762138366699, 0.18006107211112976, 1.5627038478851318, 0.8644932508468628, 0.8792030811309814, 0.8792030811309814, 3.034179210662842, '02:07']
[9, 0.4625625014305115, 0.46219658851623535, 0.9933044910430908, 0.07388851046562195, 0.17395241558551788, 1.1700644493103027, 0.878147542476654, 0.8854997754096985, 0.8854995965957642, 0.40741026401519775, '02:07']
[10, 0.4605037271976471, 0.4670140743255615, 0.9879094362258911, 0.07280639559030533, 0.17669086158275604, 1.4754542112350464, 0.8716288805007935, 0.8798741102218628, 0.8798741102218628, 2.0607569217681885, '02:07']
[11, 0.45775994658470154, 0.4397169351577759, 0.9886131882667542, 0.10475117713212967, 0.17640423774719238, 1.5181636810302734, 0.8232257962226868, 0.8323075771331787, 0.8323075771331787, 2.2115581035614014, '02:07']
[12, 0.45583242177963257, 0.47987204790115356, 0.9785246849060059, 0.06972480565309525, 0.18138857185840607, 1.658280611038208, 0.8708332777023315, 0.8855096101760864, 0.8855096101760864, 5.737273693084717, '02:06']
[13, 0.46743297576904297, 0.43643954396247864, 0.9922769665718079, 0.10860689729452133, 0.17464932799339294, 1.3148863315582275, 0.8286339044570923, 0.8350451588630676, 0.8350451588630676, 0.833753228187561, '02:09']
[14, 0.45416754484176636, 0.5060356259346008, 0.9690630435943604, 0.05691367760300636, 0.18632346391677856, 1.7592401504516602, 0.8744339942932129, 0.900530219078064, 0.900530219078064, 8.24181079864502, '02:08']
[15, 0.449542373418808, 0.43615925312042236, 0.9914356470108032, 0.10743478685617447, 0.17504319548606873, 1.3861788511276245, 0.8210219144821167, 0.829035758972168, 0.829035758972168, 1.2690916061401367, '02:06']
[16, 0.45339760184288025, 0.5477224588394165, 0.9481760263442993, 0.04184216633439064, 0.1963554322719574, 1.8272643089294434, 0.8962147831916809, 0.9245765209197998, 0.9245765209197998, 14.795454025268555, '02:10']
[17, 0.45590052008628845, 0.4520241320133209, 0.9931012988090515, 0.08587142825126648, 0.1741350144147873, 1.2371381521224976, 0.8560041189193726, 0.8643431067466736, 0.8643431067466736, 0.5482373237609863, '02:07']
[18, 0.4460130035877228, 0.4899263083934784, 0.9733412265777588, 0.0675935223698616, 0.18411758542060852, 1.6006971597671509, 0.8554527163505554, 0.8839435577392578, 0.8839435577392578, 4.763874053955078, '02:08']
[19, 0.4537028968334198, 0.4677823781967163, 0.9774967432022095, 0.0809294730424881, 0.18195945024490356, 1.6663204431533813, 0.8370292782783508, 0.8645965456962585, 0.8645965456962585, 5.084202289581299, '02:07']
[20, 0.45663216710090637, 0.4482566714286804, 0.9913874268531799, 0.09204425662755966, 0.17500369250774384, 1.3325141668319702, 0.8410008549690247, 0.8503935933113098, 0.8503935933113098, 0.9785165190696716, '02:07']
[21, 0.4560474753379822, 0.4722297489643097, 0.9755514860153198, 0.078664131462574, 0.18292388319969177, 1.738202452659607, 0.8342683911323547, 0.866607666015625, 0.866607666015625, 6.796755313873291, '02:06']
[22, 0.44335904717445374, 0.4587225615978241, 0.9832935929298401, 0.09024405479431152, 0.17927736043930054, 1.604183316230774, 0.8320643305778503, 0.849395751953125, 0.849395751953125, 3.1740028858184814, '02:06']
[23, 0.4364871084690094, 0.5090810656547546, 0.9683924913406372, 0.05665045231580734, 0.18664462864398956, 1.6859833002090454, 0.8691720366477966, 0.8978942036628723, 0.8978941440582275, 7.079475402832031, '02:08']
[24, 0.44182661175727844, 0.43653470277786255, 0.9876947402954102, 0.1108514815568924, 0.17707163095474243, 1.5200177431106567, 0.808550238609314, 0.8213019967079163, 0.8213019967079163, 2.2840163707733154, '02:07']
No improvement since epoch 15: early stopping
----------
1
----------
DLS create!
[0, 0.5381262898445129, 0.5459305644035339, 0.9931315183639526, nan, 0.1996563971042633, 1.353078007698059, 0.994303822517395, 0.9647421836853027, 0.9647421836853027, nan, '02:08']
[1, 0.5079767107963562, 0.507813036441803, 0.991003155708313, 0.023800428956747055, 0.17899292707443237, 1.4198368787765503, 0.9705274701118469, 0.9478569030761719, 0.9478569030761719, inf, '02:08']
[2, 0.49870750308036804, 0.4861988127231598, 0.9889374375343323, 0.04965852200984955, 0.17628049850463867, 1.5196360349655151, 0.9224093556404114, 0.9059861302375793, 0.9059861302375793, inf, '02:08']
[3, 0.4893924295902252, 0.46791982650756836, 0.987024188041687, 0.0752350389957428, 0.17674119770526886, 1.566633701324463, 0.8794806003570557, 0.8678621053695679, 0.8678621053695679, inf, '02:08']
[4, 0.48491397500038147, 0.47439107298851013, 0.9886143803596497, 0.06366155296564102, 0.17597627639770508, 1.5578043460845947, 0.8897074460983276, 0.8759921193122864, 0.8759921193122864, inf, '02:09']
[5, 0.47811102867126465, 0.4540216624736786, 0.9905465841293335, 0.08946814388036728, 0.17506441473960876, 1.501265525817871, 0.8520267009735107, 0.839256763458252, 0.839256763458252, inf, '02:09']
[6, 0.47915810346603394, 0.46867966651916504, 0.983484148979187, 0.07607924193143845, 0.1787055879831314, 1.6888806819915771, 0.8581940531730652, 0.8547564148902893, 0.8547564148902893, inf, '02:08']
[7, 0.4662085771560669, 0.45395708084106445, 0.9881277680397034, 0.0908782109618187, 0.17635776102542877, 1.5927624702453613, 0.8452311754226685, 0.8362455368041992, 0.8362455368041992, inf, '02:09']
[8, 0.4660944938659668, 0.47021976113319397, 0.9882781505584717, 0.06976543366909027, 0.1760893017053604, 1.5713361501693726, 0.8777685761451721, 0.8653621077537537, 0.8653621077537537, inf, '02:08']
[9, 0.4560948312282562, 0.4442601799964905, 0.9874254465103149, 0.10247043520212173, 0.17669174075126648, 1.6145081520080566, 0.8238726258277893, 0.8172271251678467, 0.8172271251678467, inf, '02:08']
[10, 0.4585755169391632, 0.4640670716762543, 0.987699568271637, 0.07838790863752365, 0.17651532590389252, 1.6044106483459473, 0.8567711710929871, 0.8498523235321045, 0.8498523235321045, inf, '02:08']
[11, 0.46530067920684814, 0.4488597810268402, 0.9928121566772461, 0.09505680203437805, 0.17384283244609833, 1.3049249649047852, 0.836178719997406, 0.8318353891372681, 0.8318353891372681, inf, '02:09']
[12, 0.45979300141334534, 0.45315417647361755, 0.9831420183181763, 0.09508376568555832, 0.1789288967847824, 1.6923987865447998, 0.8201960921287537, 0.8239576816558838, 0.8239576816558838, inf, '02:08']
[13, 0.4682227075099945, 0.4529424011707306, 0.9873012900352478, 0.09353742748498917, 0.17677859961986542, 1.5906089544296265, 0.8413810133934021, 0.8349576592445374, 0.8349576592445374, inf, '02:08']
[14, 0.4633888602256775, 0.4574894309043884, 0.9879776239395142, 0.09237245470285416, 0.17650684714317322, 1.534005045890808, 0.8550922870635986, 0.8456301093101501, 0.8456299901008606, inf, '02:08']
[15, 0.46047428250312805, 0.4387159049510956, 0.9909206032752991, 0.10869292169809341, 0.17500171065330505, 1.4627454280853271, 0.8213636875152588, 0.8111683130264282, 0.8111683130264282, inf, '02:08']
[16, 0.45570969581604004, 0.4453496038913727, 0.992188036441803, 0.09886308014392853, 0.17428924143314362, 1.3994380235671997, 0.8392428159713745, 0.8265878558158875, 0.8265878558158875, inf, '02:08']
[17, 0.45567408204078674, 0.4336358606815338, 0.991129457950592, 0.11416047811508179, 0.1749640256166458, 1.4884803295135498, 0.8073021173477173, 0.7980589270591736, 0.7980589270591736, inf, '02:08']
[18, 0.45400819182395935, 0.4481149911880493, 0.9837430119514465, 0.10209252685308456, 0.1787330061197281, 1.670657992362976, 0.8149446845054626, 0.8150943517684937, 0.8150943517684937, inf, '02:10']
[19, 0.46581771969795227, 0.4412546753883362, 0.987492024898529, 0.10522187501192093, 0.17663630843162537, 1.5982577800750732, 0.8186232447624207, 0.8131681680679321, 0.8131681680679321, inf, '02:10']
[20, 0.45092132687568665, 0.5050392150878906, 0.9638012051582336, 0.06383442878723145, 0.18884044885635376, 1.831602931022644, 0.8489990234375, 0.8694650530815125, 0.8694650530815125, inf, '02:08']
[21, 0.4539445638656616, 0.43564411997795105, 0.9898303151130676, 0.11453434079885483, 0.17554928362369537, 1.527245283126831, 0.8143877983093262, 0.8062182068824768, 0.8062182068824768, inf, '02:08']
[22, 0.45024439692497253, 0.4439537227153778, 0.991312563419342, 0.10111656039953232, 0.17475078999996185, 1.458191156387329, 0.8299374580383301, 0.8202966451644897, 0.8202966451644897, inf, '02:08']
[23, 0.4466850161552429, 0.4316962957382202, 0.9911676645278931, 0.11596395820379257, 0.1749339997768402, 1.4581546783447266, 0.8117341995239258, 0.8009448647499084, 0.8009448647499084, inf, '02:08']
[24, 0.44618624448776245, 0.4390127658843994, 0.9925359487533569, 0.10624698549509048, 0.17411459982395172, 1.2889554500579834, 0.8201336860656738, 0.813018262386322, 0.813018262386322, inf, '02:08']
[25, 0.45871713757514954, 0.434715211391449, 0.9880902767181396, 0.11597472429275513, 0.17649425566196442, 1.5972126722335815, 0.798558235168457, 0.7984235286712646, 0.7984235286712646, inf, '02:08']
[26, 0.4513573944568634, 0.4309022128582001, 0.9918919205665588, 0.11820237338542938, 0.17448677122592926, 1.397091031074524, 0.8110483288764954, 0.7991958260536194, 0.7991958260536194, inf, '02:08']
[27, 0.4456386864185333, 0.4238652288913727, 0.9900479912757874, 0.1273384541273117, 0.17555417120456696, 1.5554591417312622, 0.7897787690162659, 0.781143307685852, 0.781143307685852, inf, '02:08']
[28, 0.45136672258377075, 0.42875099182128906, 0.9907758235931396, 0.11984743177890778, 0.17513489723205566, 1.498673677444458, 0.8017869591712952, 0.7933493256568909, 0.7933493256568909, inf, '02:08']
[29, 0.45153287053108215, 0.43496066331863403, 0.987155556678772, 0.1156415194272995, 0.17712529003620148, 1.6236748695373535, 0.7953917384147644, 0.7948135733604431, 0.7948135733604431, inf, '02:08']
[30, 0.45125341415405273, 0.44363120198249817, 0.9928708672523499, 0.101064033806324, 0.17391736805438995, 1.2275022268295288, 0.827799916267395, 0.823708176612854, 0.823708176612854, inf, '02:08']
[31, 0.4458986520767212, 0.4242870807647705, 0.9900386333465576, 0.12682849168777466, 0.1756020337343216, 1.496411919593811, 0.7910850048065186, 0.7822228074073792, 0.7822228074073792, inf, '02:08']
[32, 0.45665132999420166, 0.43638646602630615, 0.9854894876480103, 0.1117558628320694, 0.17787958681583405, 1.6626484394073486, 0.7959352731704712, 0.7994303107261658, 0.7994303107261658, inf, '02:08']
[33, 0.4439827501773834, 0.4238640367984772, 0.9905709624290466, 0.12413174659013748, 0.17525707185268402, 1.5047177076339722, 0.7919078469276428, 0.7828236222267151, 0.7828235626220703, inf, '02:08']
[34, 0.4525379538536072, 0.44099509716033936, 0.9849198460578918, 0.10594599694013596, 0.17796237766742706, 1.6661162376403809, 0.8040366172790527, 0.8066389560699463, 0.8066389560699463, inf, '02:08']
[35, 0.4437146782875061, 0.4249710142612457, 0.9875180125236511, 0.12466215342283249, 0.17694471776485443, 1.629568338394165, 0.7811795473098755, 0.7801451086997986, 0.7801450490951538, inf, '02:08']
[36, 0.4490034282207489, 0.4513292610645294, 0.9824151992797852, 0.1005234569311142, 0.17947480082511902, 1.6927493810653687, 0.8045964241027832, 0.8134560585021973, 0.8134560585021973, inf, '02:09']
[37, 0.44212931394577026, 0.4395391345024109, 0.9906738996505737, 0.10594022274017334, 0.17510952055454254, 1.4396345615386963, 0.8205007314682007, 0.8100984692573547, 0.8100985288619995, inf, '02:08']
[38, 0.44894173741340637, 0.43448761105537415, 0.9885470867156982, 0.1127413958311081, 0.17623144388198853, 1.5638805627822876, 0.8062447309494019, 0.8008663654327393, 0.8008663654327393, inf, '02:08']
[39, 0.4443143606185913, 0.4249221384525299, 0.9919083714485168, 0.12491697818040848, 0.17455758154392242, 1.387755036354065, 0.7989235520362854, 0.7876150608062744, 0.7876150608062744, inf, '02:08']
[40, 0.4460810720920563, 0.4337334930896759, 0.9898144602775574, 0.1122463196516037, 0.17561854422092438, 1.5106135606765747, 0.8072393536567688, 0.8031019568443298, 0.8031019568443298, inf, '02:08']
[41, 0.4374081492424011, 0.4298454821109772, 0.989133894443512, 0.11801795661449432, 0.1759321540594101, 1.5556995868682861, 0.7941421866416931, 0.7888712286949158, 0.7888712286949158, inf, '02:08']
[42, 0.4412137567996979, 0.4277814030647278, 0.9923828840255737, 0.12059540301561356, 0.17422430217266083, 1.3891280889511108, 0.8057186603546143, 0.7958903908729553, 0.7958903908729553, inf, '02:08']
No improvement since epoch 33: early stopping
----------
2
----------
DLS create!
[0, 0.5380963087081909, 0.5281647443771362, 0.9927894473075867, 0.0, 0.18707193434238434, 1.1191118955612183, 0.9973998665809631, 0.9881980419158936, 0.9881980419158936, 0.0, '02:08']
[1, 0.5032564997673035, 0.5145954489707947, 0.9927263855934143, 0.0040384200401604176, 0.17562249302864075, 1.1037406921386719, 0.9918181896209717, 0.9880908131599426, 0.9880908131599426, 0.07661398500204086, '02:08']
[2, 0.48640450835227966, 0.4922148585319519, 0.9807285666465759, 0.04981636255979538, 0.1791769117116928, 1.624385118484497, 0.9168218970298767, 0.9258711338043213, 0.9258711338043213, 9.518210411071777, '02:09']
[3, 0.47406187653541565, 0.49312227964401245, 0.9860418438911438, 0.0458824560046196, 0.17691749334335327, 1.5818668603897095, 0.9164884090423584, 0.9260591864585876, 0.9260591864585876, 5.751000881195068, '02:08']
[4, 0.4752652943134308, 0.5090259909629822, 0.9743809103965759, 0.043321408331394196, 0.18252509832382202, 1.645277976989746, 0.9099923968315125, 0.9258944392204285, 0.9258944392204285, 8.829784393310547, '02:07']
[5, 0.4686531126499176, 0.4764861464500427, 0.9830858111381531, 0.06891756504774094, 0.17850495874881744, 1.64885413646698, 0.8710997104644775, 0.8852521777153015, 0.8852521777153015, 5.682458877563477, '02:09']
[6, 0.4661167562007904, 0.47804704308509827, 0.98564612865448, 0.06492533534765244, 0.1770496815443039, 1.5722342729568481, 0.8821656107902527, 0.8935560584068298, 0.8935560584068298, 6.4392290115356445, '02:08']
[7, 0.4611595869064331, 0.5069196820259094, 0.973981499671936, 0.04519695043563843, 0.18295131623744965, 1.7677870988845825, 0.9067953824996948, 0.9235696792602539, 0.9235696792602539, 15.485321998596191, '02:08']
[8, 0.4601294696331024, 0.488058865070343, 0.9826539158821106, 0.06059329956769943, 0.17884071171283722, 1.5625920295715332, 0.8884836435317993, 0.9002389311790466, 0.9002389311790466, 3.013439893722534, '02:08']
[9, 0.46584054827690125, 0.463332861661911, 0.9888742566108704, 0.07980982959270477, 0.17563816905021667, 1.5131393671035767, 0.8628085255622864, 0.8707009553909302, 0.8707009553909302, 2.2413747310638428, '02:09']
[10, 0.4656379222869873, 0.45880672335624695, 0.9897298812866211, 0.0849354937672615, 0.1752542406320572, 1.4715443849563599, 0.8530398011207581, 0.8638941645622253, 0.8638941645622253, 2.112264394760132, '02:09']
[11, 0.4631206691265106, 0.4635525345802307, 0.9906520247459412, 0.07939065247774124, 0.1748475581407547, 1.4103732109069824, 0.8649322390556335, 0.8750826716423035, 0.8750826716423035, 1.4402393102645874, '02:09']
[12, 0.45484015345573425, 0.4743269681930542, 0.9831671118736267, 0.07173971831798553, 0.17859065532684326, 1.6620148420333862, 0.8620396256446838, 0.8793321251869202, 0.8793321251869202, 5.227414608001709, '02:08']
[13, 0.4533855617046356, 0.48620060086250305, 0.9782764315605164, 0.0625704824924469, 0.18081055581569672, 1.7287958860397339, 0.8659024834632874, 0.8915889859199524, 0.8915889859199524, 11.534918785095215, '02:09']
[14, 0.4590747356414795, 0.46902748942375183, 0.9920328855514526, 0.07319917529821396, 0.17402352392673492, 1.299253225326538, 0.8838591575622559, 0.8893911838531494, 0.8893911838531494, 0.8404587507247925, '02:08']
[15, 0.4587644338607788, 0.4599109888076782, 0.9901236891746521, 0.08795876055955887, 0.1751640886068344, 1.4392534494400024, 0.8588135242462158, 0.867335855960846, 0.867335855960846, 2.161241292953491, '02:09']
[16, 0.45405635237693787, 0.48344168066978455, 0.9793404340744019, 0.0690801814198494, 0.1806715875864029, 1.6872068643569946, 0.8533976674079895, 0.8823267221450806, 0.8823267221450806, 5.984893798828125, '02:09']
[17, 0.4530433118343353, 0.4802020192146301, 0.9924860596656799, 0.05553556606173515, 0.173702672123909, 1.2140398025512695, 0.8976671099662781, 0.9092657566070557, 0.9092657566070557, 0.5334804654121399, '02:09']
[18, 0.45138442516326904, 0.4777199625968933, 0.985930860042572, 0.0676850751042366, 0.17717210948467255, 1.519615650177002, 0.8751128911972046, 0.8861225843429565, 0.8861225843429565, 2.5420315265655518, '02:09']
[19, 0.44606778025627136, 0.4751470983028412, 0.9925932288169861, 0.061905112117528915, 0.17361503839492798, 1.153681755065918, 0.884616494178772, 0.8994511961936951, 0.8994511961936951, 0.3353706896305084, '02:09']
No improvement since epoch 10: early stopping
----------
3
----------
DLS create!
[0, 0.5345190763473511, 0.526798665523529, 0.9926015734672546, nan, 0.18618448078632355, 1.1636621952056885, 0.9965755939483643, 0.9658156633377075, 0.9658156633377075, nan, '02:09']
[1, 0.5029278993606567, 0.5112664103507996, 0.9924255013465881, 0.0063340794295072556, 0.17520268261432648, 1.128653645515442, 0.9846622943878174, 0.9597002863883972, 0.9597002863883972, inf, '02:08']
[2, 0.49138131737709045, 0.482816219329834, 0.9858391880989075, 0.061137568205595016, 0.1776152402162552, 1.5406849384307861, 0.9070203900337219, 0.8928976655006409, 0.8928976655006409, inf, '02:08']
[3, 0.47603315114974976, 0.4845634996891022, 0.9884817600250244, 0.0541359968483448, 0.17581787705421448, 1.483555555343628, 0.9082373976707458, 0.8911228775978088, 0.8911228775978088, inf, '02:08']
[4, 0.4785686135292053, 0.4799727201461792, 0.9870695471763611, 0.0635814368724823, 0.17683377861976624, 1.5201690196990967, 0.8932862877845764, 0.8800768256187439, 0.8800768256187439, inf, '02:08']
[5, 0.4619261622428894, 0.4811142385005951, 0.9804496765136719, 0.06715557724237442, 0.17981085181236267, 1.6482911109924316, 0.8659088015556335, 0.8647542595863342, 0.8647542595863342, inf, '02:09']
[6, 0.46791666746139526, 0.48704996705055237, 0.9812064170837402, 0.06068585440516472, 0.17934317886829376, 1.5701481103897095, 0.8907794952392578, 0.8819498419761658, 0.8819498419761658, inf, '02:08']
[7, 0.4626796841621399, 0.590671718120575, 0.9272043704986572, 0.032409463077783585, 0.2059711068868637, 1.8578009605407715, 0.9073574542999268, 0.9201818704605103, 0.9201818704605103, inf, '02:09']
[8, 0.4600368142127991, 0.5018936991691589, 0.9902210831642151, 0.036233898252248764, 0.17478761076927185, 1.2261250019073486, 0.9320136308670044, 0.9183297157287598, 0.9183297157287598, inf, '02:08']
[9, 0.458716481924057, 0.4639350175857544, 0.9889038801193237, 0.0800044909119606, 0.17552529275417328, 1.4497063159942627, 0.8611254096031189, 0.8488383889198303, 0.8488383889198303, inf, '02:09']
[10, 0.46245521306991577, 0.4766078293323517, 0.9892549514770508, 0.06500685214996338, 0.17532333731651306, 1.3906406164169312, 0.880153238773346, 0.8702313899993896, 0.8702313899993896, inf, '02:08']
[11, 0.45680877566337585, 0.47006210684776306, 0.9853848218917847, 0.076173797249794, 0.17740638554096222, 1.5417306423187256, 0.8533573746681213, 0.8506776690483093, 0.8506776690483093, inf, '02:08']
[12, 0.4600878953933716, 0.4641253352165222, 0.9873846769332886, 0.08193691074848175, 0.17634883522987366, 1.537558674812317, 0.850311815738678, 0.8435508608818054, 0.8435508608818054, inf, '02:10']
[13, 0.4577941596508026, 0.5048953294754028, 0.9734238386154175, 0.05214252322912216, 0.1831250637769699, 1.6195828914642334, 0.8831812739372253, 0.8866138458251953, 0.8866138458251953, inf, '02:09']
[14, 0.44317683577537537, 0.459859162569046, 0.9897923469543457, 0.08504964411258698, 0.17508620023727417, 1.4125498533248901, 0.8501225709915161, 0.8401250243186951, 0.8401250243186951, inf, '02:09']
[15, 0.45391231775283813, 0.48329535126686096, 0.9774107336997986, 0.06930243223905563, 0.1814134120941162, 1.6729730367660522, 0.8489577770233154, 0.8582487106323242, 0.8582487106323242, inf, '02:10']
[16, 0.4524432420730591, 0.4915838837623596, 0.9773435592651367, 0.06404479593038559, 0.18145674467086792, 1.6667735576629639, 0.8607866764068604, 0.8667184710502625, 0.8667184710502625, inf, '02:08']
[17, 0.44859451055526733, 0.4698983132839203, 0.9842367172241211, 0.07905019074678421, 0.1780298799276352, 1.5790431499481201, 0.8437498211860657, 0.8444092869758606, 0.8444092869758606, inf, '02:08']
[18, 0.4504023492336273, 0.5678767561912537, 0.9388083815574646, 0.04011841490864754, 0.2007216215133667, 1.8494232892990112, 0.8824591040611267, 0.905453622341156, 0.905453622341156, inf, '02:08']
[19, 0.44868093729019165, 0.47386330366134644, 0.9811328053474426, 0.073469378054142, 0.1793338805437088, 1.6381500959396362, 0.8510063290596008, 0.8538128137588501, 0.8538128137588501, inf, '02:08']
[20, 0.4439270496368408, 0.44903528690338135, 0.9887611269950867, 0.09866316616535187, 0.17559891939163208, 1.4766905307769775, 0.827170729637146, 0.8179752826690674, 0.8179752826690674, inf, '02:07']
[21, 0.4487992227077484, 0.46902570128440857, 0.9848544001579285, 0.07698209583759308, 0.1775878369808197, 1.5969351530075073, 0.8477271199226379, 0.8473906517028809, 0.8473906517028809, inf, '02:07']
[22, 0.4364527761936188, 0.47039300203323364, 0.9829341769218445, 0.07944823801517487, 0.17870928347110748, 1.620344638824463, 0.8404078483581543, 0.8436074256896973, 0.8436074256896973, inf, '02:08']
[23, 0.429560124874115, 0.4555014371871948, 0.9887529611587524, 0.09113971143960953, 0.17561209201812744, 1.475930094718933, 0.8379244208335876, 0.8285031914710999, 0.8285031914710999, inf, '02:08']
[24, 0.44380828738212585, 0.4910028278827667, 0.9759277701377869, 0.06650163233280182, 0.18220949172973633, 1.6934592723846436, 0.857478141784668, 0.8624770641326904, 0.8624770641326904, inf, '02:07']
[25, 0.43282297253608704, 0.45866990089416504, 0.9865697026252747, 0.08871226012706757, 0.17689242959022522, 1.505149006843567, 0.8290848731994629, 0.8294113874435425, 0.8294113874435425, inf, '02:09']
[26, 0.4430176913738251, 0.45029720664024353, 0.9877430200576782, 0.09993325918912888, 0.1761757731437683, 1.4960535764694214, 0.8189684152603149, 0.814486026763916, 0.814486026763916, inf, '02:09']
[27, 0.4362421929836273, 0.4622035324573517, 0.9858443140983582, 0.08624117076396942, 0.17709939181804657, 1.5198825597763062, 0.8386332392692566, 0.8348225355148315, 0.8348225355148315, inf, '02:10']
[28, 0.4413779079914093, 0.4694229066371918, 0.9920136332511902, 0.0717206820845604, 0.17387090623378754, 1.1802151203155518, 0.8675757050514221, 0.8620958924293518, 0.8620958924293518, inf, '02:09']
[29, 0.43986058235168457, 0.46587657928466797, 0.9827945232391357, 0.08618119359016418, 0.17881757020950317, 1.6342581510543823, 0.8255840539932251, 0.8300162553787231, 0.8300163745880127, inf, '02:08']
No improvement since epoch 20: early stopping
----------
4
----------
DLS create!
[0, 0.5328062176704407, 0.5268001556396484, 0.9904770255088806, nan, 0.1844264268875122, 1.1017580032348633, 0.9976071715354919, 0.964525580406189, 0.964525580406189, nan, '02:07']
[1, 0.49737074971199036, 0.5231857299804688, 0.9904497265815735, nan, 0.17462363839149475, 1.0442560911178589, 0.9958392381668091, 0.9707609415054321, 0.9707609415054321, nan, '02:09']
[2, 0.4939213991165161, 0.4731422960758209, 0.9862239360809326, 0.07748521119356155, 0.1760074943304062, 1.4516798257827759, 0.884221076965332, 0.8647601008415222, 0.8647601008415222, inf, '02:08']
[3, 0.4885256588459015, 0.4821052551269531, 0.9868589043617249, 0.06310085952281952, 0.17561930418014526, 1.452688217163086, 0.896011233329773, 0.8778163194656372, 0.8778163194656372, inf, '02:09']
[4, 0.47181618213653564, 0.480546772480011, 0.9863959550857544, 0.06731213629245758, 0.17582596838474274, 1.4261507987976074, 0.8863016963005066, 0.8680186867713928, 0.8680186867713928, inf, '02:08']
[5, 0.47270381450653076, 0.4843466281890869, 0.9798120260238647, 0.07187847793102264, 0.1792450249195099, 1.6252247095108032, 0.870259702205658, 0.8596985340118408, 0.8596985340118408, inf, '02:09']
[6, 0.4665628671646118, 0.6390866637229919, 0.9092041850090027, 0.03450365737080574, 0.21424750983715057, 1.890545129776001, 0.8979822397232056, 0.9143388867378235, 0.9143388867378235, inf, '02:08']
[7, 0.4646943509578705, 0.4540274739265442, 0.9887974858283997, 0.09948990494012833, 0.17469891905784607, 1.3399937152862549, 0.8400829434394836, 0.8230217099189758, 0.8230217099189758, inf, '02:09']
[8, 0.4680751860141754, 0.4723639190196991, 0.9863274097442627, 0.07699141651391983, 0.1758878380060196, 1.4657617807388306, 0.8706584572792053, 0.8531322479248047, 0.8531322479248047, inf, '02:08']
[9, 0.45427343249320984, 0.4673876166343689, 0.9899219870567322, 0.08400460332632065, 0.17402283847332, 1.21299147605896, 0.8552817106246948, 0.8470913767814636, 0.8470914363861084, inf, '02:09']
[10, 0.4565402567386627, 0.47455641627311707, 0.9859247207641602, 0.07776562869548798, 0.17625443637371063, 1.347429633140564, 0.8620140552520752, 0.8520908951759338, 0.8520908951759338, inf, '02:09']
[11, 0.4644674062728882, 0.455885648727417, 0.9881240129470825, 0.09689203649759293, 0.17516577243804932, 1.3523342609405518, 0.8431163430213928, 0.8277533650398254, 0.827753484249115, inf, '02:09']
[12, 0.4628472328186035, 0.45240283012390137, 0.9828274250030518, 0.10736273229122162, 0.17803052067756653, 1.551956295967102, 0.8121275305747986, 0.8070235252380371, 0.8070235252380371, inf, '02:09']
[13, 0.45886823534965515, 0.4489805996417999, 0.9837482571601868, 0.11053678393363953, 0.17753706872463226, 1.5363526344299316, 0.8136611580848694, 0.8045321702957153, 0.8045322299003601, inf, '02:08']
[14, 0.45336538553237915, 0.4569186568260193, 0.9807045459747314, 0.10239651799201965, 0.17903654277324677, 1.6019184589385986, 0.813447117805481, 0.8117926120758057, 0.8117926120758057, inf, '02:08']
[15, 0.45209795236587524, 0.47608280181884766, 0.9899066686630249, 0.07272409647703171, 0.1739223301410675, 1.206599235534668, 0.8741068243980408, 0.8636196851730347, 0.8636196851730347, inf, '02:09']
[16, 0.44798794388771057, 0.46303707361221313, 0.9789629578590393, 0.09610581398010254, 0.17988736927509308, 1.6216788291931152, 0.8211056590080261, 0.8215253949165344, 0.8215253949165344, inf, '02:09']
[17, 0.44918474555015564, 0.4723852574825287, 0.9906098246574402, 0.07563235610723495, 0.1736043095588684, 1.136903166770935, 0.8608359098434448, 0.8577043414115906, 0.8577043414115906, inf, '02:08']
[18, 0.45052534341812134, 0.4448792636394501, 0.9863230586051941, 0.11270787566900253, 0.17621833086013794, 1.456207036972046, 0.8128718137741089, 0.8021734952926636, 0.8021734952926636, inf, '02:08']
[19, 0.4488048255443573, 0.45774805545806885, 0.9834538102149963, 0.1024790108203888, 0.17788846790790558, 1.4975097179412842, 0.830076277256012, 0.8201960325241089, 0.8201960325241089, inf, '02:08']
[20, 0.4436420798301697, 0.4879188537597656, 0.9904243350028992, nan, 0.17361818253993988, 1.1276549100875854, 0.8808943033218384, 0.8825562000274658, 0.8825562000274658, nan, '02:09']
[21, 0.44759637117385864, 0.44148731231689453, 0.9839697480201721, 0.1179213747382164, 0.17749615013599396, 1.539925456047058, 0.7921950817108154, 0.7910296320915222, 0.7910296320915222, inf, '02:08']
[22, 0.45377057790756226, 0.4877318739891052, 0.9762639403343201, 0.07037196308374405, 0.18099765479564667, 1.612966537475586, 0.8668950796127319, 0.8595841526985168, 0.8595841526985168, inf, '02:08']
[23, 0.4472653269767761, 0.45805075764656067, 0.9775129556655884, 0.10348264127969742, 0.1806769222021103, 1.6321250200271606, 0.7993866205215454, 0.8045925498008728, 0.8045925498008728, inf, '02:09']
[24, 0.4397105276584625, 0.4314630627632141, 0.9889817833900452, 0.1284615695476532, 0.17472974956035614, 1.3630722761154175, 0.7860817909240723, 0.7764110565185547, 0.7764110565185547, inf, '02:09']
[25, 0.44232118129730225, 0.43528038263320923, 0.9860849976539612, 0.12299767136573792, 0.17634020745754242, 1.4698776006698608, 0.7887392044067383, 0.7807712554931641, 0.7807713150978088, inf, '02:09']
[26, 0.44501426815986633, 0.44878119230270386, 0.9817355275154114, 0.11083301901817322, 0.17872557044029236, 1.5857990980148315, 0.7963804006576538, 0.7984550595283508, 0.7984550595283508, inf, '02:09']
[27, 0.4501592814922333, 0.44328802824020386, 0.9867895841598511, 0.11354070901870728, 0.17585110664367676, 1.4730616807937622, 0.8077629208564758, 0.7963702082633972, 0.7963702082633972, inf, '02:09']
[28, 0.44648978114128113, 0.4335261583328247, 0.9873529672622681, 0.12705948948860168, 0.1756437122821808, 1.4340131282806396, 0.7953318953514099, 0.7820603847503662, 0.7820603847503662, inf, '02:08']
[29, 0.44126439094543457, 0.4402628540992737, 0.988495945930481, 0.11897864192724228, 0.1750447303056717, 1.3443058729171753, 0.805203378200531, 0.7938566207885742, 0.7938566207885742, inf, '02:11']
[30, 0.433340460062027, 0.4428359866142273, 0.9867714047431946, 0.11647249013185501, 0.1759425848722458, 1.4131251573562622, 0.8069403767585754, 0.7928866147994995, 0.7928866147994995, inf, '02:10']
[31, 0.4406813979148865, 0.4697994291782379, 0.990883469581604, nan, 0.17347177863121033, 1.0888055562973022, 0.8482667803764343, 0.8520193696022034, 0.8520193696022034, nan, '02:10']
[32, 0.43790292739868164, 0.4475996792316437, 0.9857747554779053, 0.11152152717113495, 0.17651012539863586, 1.4888226985931396, 0.8047575950622559, 0.7949459552764893, 0.7949459552764893, inf, '02:09']
[33, 0.4426325559616089, 0.43676766753196716, 0.9880470037460327, 0.12182291597127914, 0.17528381943702698, 1.4205305576324463, 0.7948358058929443, 0.7823208570480347, 0.7823208570480347, inf, '02:10']
No improvement since epoch 24: early stopping
Linknet_effb7 Done!
