Models will save to Linknet_incv4_x
Use inceptionv4 encoder
Start training...
----------
0
----------
DLS create!
[0, 0.5891550779342651, 0.5470526218414307, 0.9937224388122559, 0.0, 0.20133022964000702, 1.189869999885559, 0.9940667748451233, 0.9859272837638855, 0.9859272837638855, 0.006284056697040796, '01:08']
[1, 0.5262341499328613, 0.5151929259300232, 0.9936333894729614, 0.003826420521363616, 0.1838635802268982, 1.2689369916915894, 0.9790611863136292, 0.9762533903121948, 0.9762533903121948, 0.04055177420377731, '01:06']
[2, 0.510023832321167, 0.5019376873970032, 0.9833853244781494, 0.046396560966968536, 0.18336963653564453, 1.5148698091506958, 0.9438261389732361, 0.950616717338562, 0.950616717338562, 3.516751766204834, '01:06']
[3, 0.4936666190624237, 0.4919663071632385, 0.9851902723312378, 0.04889053478837013, 0.17922121286392212, 1.5288453102111816, 0.9344548583030701, 0.9376603960990906, 0.9376603960990906, 2.7622058391571045, '01:06']
[4, 0.49185577034950256, 0.4799662232398987, 0.9845322370529175, 0.056785948574543, 0.17785459756851196, 1.5636367797851562, 0.9082087278366089, 0.9112229943275452, 0.9112229943275452, 3.181584596633911, '01:06']
[5, 0.4958667457103729, 0.48077264428138733, 0.984461784362793, 0.05824080482125282, 0.17870625853538513, 1.5829144716262817, 0.9069122076034546, 0.9132368564605713, 0.9132368564605713, 2.911114454269409, '01:07']
[6, 0.4906686544418335, 0.47932231426239014, 0.9856724739074707, 0.055607087910175323, 0.17750491201877594, 1.5691447257995605, 0.9067981243133545, 0.9100515842437744, 0.9100515842437744, 2.686272621154785, '01:06']
[7, 0.489216685295105, 0.4908021092414856, 0.9871856570243835, 0.042259663343429565, 0.17677120864391327, 1.5355693101882935, 0.9280121326446533, 0.928383469581604, 0.928383469581604, 2.0912702083587646, '01:06']
[8, 0.48061951994895935, 0.48153287172317505, 0.9811069369316101, 0.0588696263730526, 0.17986994981765747, 1.6664657592773438, 0.8903145790100098, 0.9006810188293457, 0.9006810188293457, 3.778118371963501, '01:06']
[9, 0.4901880621910095, 0.47537702322006226, 0.9882137775421143, 0.06039274483919144, 0.17624503374099731, 1.467978596687317, 0.9052814841270447, 0.9064537286758423, 0.9064537286758423, 1.75942063331604, '01:07']
[10, 0.4822506010532379, 0.48885518312454224, 0.9793236255645752, 0.05368369445204735, 0.1808563619852066, 1.6445411443710327, 0.9019291400909424, 0.9124559760093689, 0.9124559760093689, 3.7907702922821045, '01:06']
[11, 0.4778714179992676, 0.48674511909484863, 0.9802068471908569, 0.057393018156290054, 0.18034981191158295, 1.6535096168518066, 0.8907150030136108, 0.9022148251533508, 0.9022148251533508, 3.6025049686431885, '01:06']
[12, 0.47980162501335144, 0.47747302055358887, 0.9902113676071167, 0.05662408843636513, 0.17545157670974731, 1.4042249917984009, 0.9128523468971252, 0.9131637215614319, 0.9131637215614319, 1.2895034551620483, '01:06']
[13, 0.4835342466831207, 0.4819137156009674, 0.9847105145454407, 0.05653712525963783, 0.1781810224056244, 1.5153096914291382, 0.9009712934494019, 0.9067239165306091, 0.9067239165306091, 2.35017728805542, '01:06']
[14, 0.4833058714866638, 0.4696096181869507, 0.986745297908783, 0.06962496787309647, 0.17716318368911743, 1.502388596534729, 0.8872677087783813, 0.8917191624641418, 0.8917191624641418, 1.986289620399475, '01:06']
[15, 0.4844801425933838, 0.4663567543029785, 0.989138662815094, 0.0704522430896759, 0.17619121074676514, 1.4805265665054321, 0.8873007893562317, 0.8898917436599731, 0.8898917436599731, 1.5600615739822388, '01:06']
[16, 0.4730965495109558, 0.46382763981819153, 0.9895456433296204, 0.0734512060880661, 0.17580446600914001, 1.4456627368927002, 0.8809101581573486, 0.8827357888221741, 0.8827357888221741, 1.3949590921401978, '01:06']
[17, 0.47538745403289795, 0.46451643109321594, 0.9913642406463623, 0.06980374455451965, 0.17491023242473602, 1.3493316173553467, 0.886286199092865, 0.887819230556488, 0.887819230556488, 0.880851686000824, '01:06']
[18, 0.46631303429603577, 0.4704591631889343, 0.9863226413726807, 0.07011328637599945, 0.17749238014221191, 1.5443248748779297, 0.8760302662849426, 0.8825042843818665, 0.8825042843818665, 2.1917314529418945, '01:07']
[19, 0.47162047028541565, 0.4555473327636719, 0.990321695804596, 0.08142971992492676, 0.17541848123073578, 1.4418845176696777, 0.8640745878219604, 0.8669902086257935, 0.8669902086257935, 1.3131760358810425, '01:06']
[20, 0.46523764729499817, 0.4606093764305115, 0.9861356616020203, 0.08215077221393585, 0.17767371237277985, 1.532777190208435, 0.8570311665534973, 0.8672783374786377, 0.8672783374786377, 2.3314905166625977, '01:08']
[21, 0.46214115619659424, 0.45562872290611267, 0.98618084192276, 0.08560624718666077, 0.17750754952430725, 1.5992560386657715, 0.8454305529594421, 0.8558574318885803, 0.8558574318885803, 2.6210601329803467, '01:07']
[22, 0.46747326850891113, 0.45425209403038025, 0.9851418733596802, 0.08752906322479248, 0.17796491086483002, 1.610244870185852, 0.8423502445220947, 0.8563913106918335, 0.8563913106918335, 3.03548002243042, '01:07']
[23, 0.46349772810935974, 0.4472886621952057, 0.9887501001358032, 0.09558701515197754, 0.17630451917648315, 1.4747871160507202, 0.84145587682724, 0.8495549559593201, 0.8495549559593201, 1.8449022769927979, '01:06']
[24, 0.46268609166145325, 0.4463565945625305, 0.9876698851585388, 0.09573596715927124, 0.17684417963027954, 1.5485295057296753, 0.8335716724395752, 0.8437157869338989, 0.8437157869338989, 2.1550986766815186, '01:06']
[25, 0.46244242787361145, 0.4441238343715668, 0.9881008863449097, 0.09907077997922897, 0.1767323613166809, 1.5408378839492798, 0.828745424747467, 0.837773859500885, 0.8377740383148193, 2.0104904174804688, '01:06']
[26, 0.4550555348396301, 0.4440893232822418, 0.9913960695266724, 0.0955984964966774, 0.17495685815811157, 1.373584508895874, 0.8410276770591736, 0.8447638750076294, 0.8447638750076294, 1.0010654926300049, '01:06']
[27, 0.4610027074813843, 0.4911489486694336, 0.9720513820648193, 0.06816781312227249, 0.18490515649318695, 1.7636876106262207, 0.8483707308769226, 0.8812825083732605, 0.8812825083732605, 5.999312877655029, '01:07']
[28, 0.4608149528503418, 0.4400259554386139, 0.9920799732208252, 0.10070525854825974, 0.17458276450634003, 1.3469176292419434, 0.8363393545150757, 0.8387763500213623, 0.8387763500213623, 0.8527281880378723, '01:07']
[29, 0.46310755610466003, 0.4523591697216034, 0.9922860860824585, 0.0846937820315361, 0.17439286410808563, 1.3042668104171753, 0.8586448431015015, 0.8618935942649841, 0.8618935942649841, 0.6862175464630127, '01:08']
[30, 0.45701107382774353, 0.456420361995697, 0.991561770439148, 0.0806431695818901, 0.1747845560312271, 1.343017816543579, 0.8646385073661804, 0.8677034378051758, 0.8677034378051758, 0.8697292804718018, '01:06']
[31, 0.4581279158592224, 0.44733157753944397, 0.9870381951332092, 0.0950113907456398, 0.17713727056980133, 1.5651344060897827, 0.831783652305603, 0.842020571231842, 0.842020571231842, 2.3044967651367188, '01:07']
[32, 0.4616384208202362, 0.4425306022167206, 0.9916146993637085, 0.09741167724132538, 0.17482739686965942, 1.3839374780654907, 0.8390169143676758, 0.8426203727722168, 0.8426203727722168, 1.0733094215393066, '01:06']
[33, 0.4566040337085724, 0.45266836881637573, 0.9851326942443848, 0.0904397964477539, 0.17809906601905823, 1.5614933967590332, 0.833126425743103, 0.8490332961082458, 0.8490332961082458, 2.7798898220062256, '01:07']
[34, 0.45173215866088867, 0.43767431378364563, 0.9908379316329956, 0.1043897196650505, 0.17532147467136383, 1.4286781549453735, 0.8262303471565247, 0.8301069140434265, 0.8301069140434265, 1.255981683731079, '01:06']
[35, 0.4575705826282501, 0.44230395555496216, 0.9883934259414673, 0.09955444931983948, 0.17645356059074402, 1.4982692003250122, 0.8298745155334473, 0.8383006453514099, 0.8383006453514099, 1.8334760665893555, '01:07']
[36, 0.4537339508533478, 0.4337536096572876, 0.9902694821357727, 0.11056262254714966, 0.17563562095165253, 1.4369163513183594, 0.8135836720466614, 0.8206700086593628, 0.8206700086593628, 1.3666977882385254, '01:07']
[37, 0.4436350464820862, 0.47109517455101013, 0.9931187629699707, 0.06177688017487526, 0.1738862693309784, 1.1883385181427002, 0.8862475156784058, 0.8981814384460449, 0.8981814384460449, 0.4134778678417206, '01:08']
[38, 0.45125457644462585, 0.44804757833480835, 0.9914147257804871, 0.09153156727552414, 0.17488308250904083, 1.3230053186416626, 0.8432661890983582, 0.8502350449562073, 0.8502350449562073, 0.9253553152084351, '01:06']
[39, 0.44770151376724243, 0.4398369789123535, 0.9914352893829346, 0.10139437764883041, 0.1749955266714096, 1.340356469154358, 0.8279011249542236, 0.8333598971366882, 0.8333598971366882, 0.933675229549408, '01:07']
[40, 0.45504721999168396, 0.4436911642551422, 0.9875483512878418, 0.09977491945028305, 0.17703337967395782, 1.533014178276062, 0.8239250183105469, 0.8351118564605713, 0.8351118564605713, 2.0796046257019043, '01:07']
[41, 0.45804694294929504, 0.44490838050842285, 0.9839464426040649, 0.10210894048213959, 0.17884038388729095, 1.6272391080856323, 0.8096426129341125, 0.8308847546577454, 0.8308847546577454, 3.1316111087799072, '01:06']
[42, 0.4474020004272461, 0.4442400634288788, 0.9852908253669739, 0.10253610461950302, 0.17821753025054932, 1.6093169450759888, 0.8126875162124634, 0.8278077244758606, 0.8278077244758606, 2.629056215286255, '01:07']
[43, 0.45221924781799316, 0.4295378029346466, 0.9909043908119202, 0.11463367193937302, 0.17528046667575836, 1.4166765213012695, 0.8072289824485779, 0.813974916934967, 0.813974916934967, 1.269870400428772, '01:06']
[44, 0.4445391297340393, 0.42920106649398804, 0.9914620518684387, 0.1150037944316864, 0.1750137358903885, 1.366294026374817, 0.808379054069519, 0.8145937323570251, 0.8145937323570251, 1.1078541278839111, '01:07']
[45, 0.4509499669075012, 0.43417972326278687, 0.989196240901947, 0.10929041355848312, 0.1761680692434311, 1.5195796489715576, 0.8122398853302002, 0.8186471462249756, 0.8186471462249756, 1.8144339323043823, '01:07']
[46, 0.44556924700737, 0.45215755701065063, 0.9855912923812866, 0.09286446124315262, 0.17804768681526184, 1.5676259994506836, 0.8288934230804443, 0.8434314727783203, 0.8434314727783203, 2.4112136363983154, '01:07']
[47, 0.4606533646583557, 0.4316779673099518, 0.9906735420227051, 0.11344191431999207, 0.1754230260848999, 1.4118547439575195, 0.8123301863670349, 0.8188742399215698, 0.8188742399215698, 1.2520124912261963, '01:06']
[48, 0.46029508113861084, 0.42486897110939026, 0.989860475063324, 0.12186672538518906, 0.1758614182472229, 1.4833117723464966, 0.7989386320114136, 0.8055616021156311, 0.8055616021156311, 1.6615321636199951, '01:08']
[49, 0.44110092520713806, 0.4611055850982666, 0.9815226793289185, 0.08700405061244965, 0.18002033233642578, 1.6822336912155151, 0.8313550353050232, 0.8517941832542419, 0.8517942428588867, 3.8869104385375977, '01:06']
[50, 0.43903106451034546, 0.4372292459011078, 0.9889806509017944, 0.10814856737852097, 0.17629896104335785, 1.4936351776123047, 0.8131227493286133, 0.8209977149963379, 0.8209977149963379, 1.6696722507476807, '01:07']
[51, 0.45101284980773926, 0.4379269778728485, 0.9860832691192627, 0.1089748665690422, 0.1778305619955063, 1.5901836156845093, 0.8045732378959656, 0.8210484981536865, 0.8210484981536865, 2.520421028137207, '01:07']
[52, 0.44362348318099976, 0.4261391758918762, 0.9900899529457092, 0.12035459280014038, 0.17573806643486023, 1.4841961860656738, 0.7980191707611084, 0.8038085103034973, 0.8038085103034973, 1.5721633434295654, '01:06']
[53, 0.44246602058410645, 0.42635172605514526, 0.9918023347854614, 0.11906156688928604, 0.1748318374156952, 1.3379724025726318, 0.8058936595916748, 0.8112547993659973, 0.8112547993659973, 0.9388618469238281, '01:06']
[54, 0.44635725021362305, 0.4348263740539551, 0.9909835457801819, 0.10957525670528412, 0.1752537190914154, 1.3628184795379639, 0.8221744298934937, 0.8272908329963684, 0.8272908329963684, 1.1619586944580078, '01:06']
[55, 0.44303351640701294, 0.43997475504875183, 0.9855484962463379, 0.1076274886727333, 0.1781362146139145, 1.6178581714630127, 0.8049638271331787, 0.8221091628074646, 0.8221091628074646, 2.8132989406585693, '01:07']
[56, 0.4432365894317627, 0.4519296884536743, 0.9871208667755127, 0.09233886003494263, 0.17726273834705353, 1.4987136125564575, 0.8303638100624084, 0.8433837890625, 0.8433837890625, 1.9719674587249756, '01:06']
[57, 0.44291216135025024, 0.438487708568573, 0.9861586689949036, 0.10866688936948776, 0.17783384025096893, 1.5963919162750244, 0.8010267615318298, 0.8175218105316162, 0.8175218105316162, 2.674774169921875, '01:07']
No improvement since epoch 48: early stopping
----------
1
----------
DLS create!
[0, 0.5282331109046936, 0.5171599388122559, 0.9931302666664124, 1.3361126320887706e-06, 0.18770071864128113, 1.3918923139572144, 0.9650571942329407, 0.9373175501823425, 0.9373175501823425, inf, '01:06']
[1, 0.5062085390090942, 0.5072464346885681, 0.9703517556190491, 0.040647201240062714, 0.1857037991285324, 1.6277503967285156, 0.936538815498352, 0.9161484241485596, 0.9161484241485596, inf, '01:07']
[2, 0.4936850070953369, 0.5862023830413818, 0.8999369740486145, 0.025033434852957726, 0.21600401401519775, 1.8754760026931763, 0.935295045375824, 0.9261553287506104, 0.9261553287506104, inf, '01:07']
[3, 0.48693424463272095, 0.4663814604282379, 0.9895273447036743, 0.07513142377138138, 0.17565414309501648, 1.517265796661377, 0.8789449334144592, 0.8570863008499146, 0.8570863008499146, inf, '01:07']
[4, 0.483847439289093, 0.5066554546356201, 0.9673243761062622, 0.0440819077193737, 0.18580590188503265, 1.7811501026153564, 0.9035611748695374, 0.8944257497787476, 0.8944257497787476, inf, '01:07']
[5, 0.48609399795532227, 0.4695868492126465, 0.9839757680892944, 0.07273587584495544, 0.17810021340847015, 1.6272845268249512, 0.8707943558692932, 0.8554977178573608, 0.8554977178573608, inf, '01:07']
[6, 0.47829702496528625, 0.4805983006954193, 0.9779127240180969, 0.06482430547475815, 0.1811525672674179, 1.7117549180984497, 0.872192919254303, 0.8640812039375305, 0.8640812039375305, inf, '01:07']
[7, 0.47161176800727844, 0.48381128907203674, 0.974510669708252, 0.06572719663381577, 0.18300706148147583, 1.7632371187210083, 0.8567337393760681, 0.8576866984367371, 0.8576866984367371, inf, '01:07']
[8, 0.47615158557891846, 0.4494710862636566, 0.992671549320221, 0.10025595873594284, 0.17399375140666962, 1.3008129596710205, 0.8465753197669983, 0.8273488879203796, 0.8273488879203796, inf, '01:07']
[9, 0.4754351079463959, 0.46229973435401917, 0.9887202382087708, 0.07901277393102646, 0.17590512335300446, 1.5046358108520508, 0.8627334833145142, 0.8423494100570679, 0.8423494100570679, inf, '01:07']
[10, 0.4669521450996399, 0.46459925174713135, 0.9854576587677002, 0.07886748760938644, 0.17769305408000946, 1.587204933166504, 0.8571141362190247, 0.8405172228813171, 0.8405172228813171, inf, '01:07']
[11, 0.47270944714546204, 0.4429234564304352, 0.9872297048568726, 0.10245896875858307, 0.17680685222148895, 1.6073178052902222, 0.8215022087097168, 0.8069621324539185, 0.8069621324539185, inf, '01:07']
[12, 0.46910804510116577, 0.4458538889884949, 0.9919147491455078, 0.09765665233135223, 0.174388587474823, 1.375905156135559, 0.8373634815216064, 0.8181914687156677, 0.8181914687156677, inf, '01:07']
[13, 0.4642154276371002, 0.45552924275398254, 0.9841707348823547, 0.09064114093780518, 0.1783570498228073, 1.6826096773147583, 0.8236446976661682, 0.8178697824478149, 0.8178697824478149, inf, '01:07']
[14, 0.46319466829299927, 0.4450875222682953, 0.9919443726539612, 0.09928789734840393, 0.1744413524866104, 1.3898241519927979, 0.8378633260726929, 0.8180957436561584, 0.8180957436561584, inf, '01:07']
[15, 0.46042072772979736, 0.4472462832927704, 0.9834116101264954, 0.09879222512245178, 0.17877961695194244, 1.6788121461868286, 0.8111432194709778, 0.8057595491409302, 0.8057595491409302, inf, '01:07']
[16, 0.46241235733032227, 0.4388565123081207, 0.988976001739502, 0.10543373972177505, 0.17591404914855957, 1.5733100175857544, 0.8142250180244446, 0.7977175116539001, 0.7977175116539001, inf, '01:06']
[17, 0.46096256375312805, 0.43533360958099365, 0.9892470836639404, 0.11068081855773926, 0.17577531933784485, 1.5547174215316772, 0.8126457333564758, 0.7931511402130127, 0.7931511402130127, inf, '01:07']
[18, 0.45398151874542236, 0.43468785285949707, 0.9913439154624939, 0.11182476580142975, 0.17481672763824463, 1.4237855672836304, 0.8153085112571716, 0.7940922975540161, 0.7940922975540161, inf, '01:06']
[19, 0.46372324228286743, 0.43168026208877563, 0.9911183714866638, 0.11591358482837677, 0.1749226301908493, 1.470689058303833, 0.8129207491874695, 0.7898586392402649, 0.7898586392402649, inf, '01:07']
[20, 0.45358023047447205, 0.4325599670410156, 0.9909830093383789, 0.11358806490898132, 0.17497915029525757, 1.4723107814788818, 0.8118079304695129, 0.7897005081176758, 0.7897005081176758, inf, '01:06']
[21, 0.4551298916339874, 0.4429248571395874, 0.9931681156158447, 0.1014169454574585, 0.17365485429763794, 1.2131837606430054, 0.8231717348098755, 0.8116570711135864, 0.8116570711135864, inf, '01:07']
[22, 0.45457932353019714, 0.44943490624427795, 0.9840497374534607, 0.0987296998500824, 0.17866449058055878, 1.681823492050171, 0.8138543963432312, 0.8074313402175903, 0.8074313402175903, inf, '01:06']
[23, 0.44677796959877014, 0.4329701066017151, 0.9902853965759277, 0.11372305452823639, 0.1752774715423584, 1.5004979372024536, 0.8114833831787109, 0.7898347973823547, 0.7898347973823547, inf, '01:07']
[24, 0.4476753771305084, 0.45417436957359314, 0.9841009974479675, 0.09156543761491776, 0.1783679872751236, 1.676095962524414, 0.8296674489974976, 0.8158521056175232, 0.8158521056175232, inf, '01:07']
[25, 0.44784122705459595, 0.45269775390625, 0.9855049848556519, 0.09141259640455246, 0.17762675881385803, 1.643924355506897, 0.8348090648651123, 0.8185501098632812, 0.8185501098632812, inf, '01:07']
[26, 0.4524518549442291, 0.4629855155944824, 0.9802682399749756, 0.08618496358394623, 0.180379718542099, 1.7452423572540283, 0.8249678611755371, 0.8216705918312073, 0.8216705918312073, inf, '01:07']
[27, 0.45211300253868103, 0.43304648995399475, 0.9878451824188232, 0.11293298006057739, 0.1765763759613037, 1.6030396223068237, 0.8037889003753662, 0.7865630984306335, 0.7865630984306335, inf, '01:06']
[28, 0.44528505206108093, 0.4286203980445862, 0.9910886883735657, 0.11745861917734146, 0.17498047649860382, 1.3913213014602661, 0.8032199144363403, 0.7811779379844666, 0.7811779379844666, inf, '01:06']
[29, 0.4541621208190918, 0.4285014271736145, 0.9880959391593933, 0.12072372436523438, 0.1765197515487671, 1.5816214084625244, 0.79192054271698, 0.7755982279777527, 0.7755982279777527, inf, '01:06']
[30, 0.45282530784606934, 0.41782146692276, 0.9917066693305969, 0.1325407773256302, 0.17471322417259216, 1.4290235042572021, 0.7837705612182617, 0.7623056173324585, 0.7623056173324585, inf, '01:07']
[31, 0.4403582513332367, 0.41745567321777344, 0.9916501641273499, 0.1330660879611969, 0.1746157705783844, 1.430988073348999, 0.7856028079986572, 0.7637238502502441, 0.7637238502502441, inf, '01:07']
[32, 0.44063854217529297, 0.4231922924518585, 0.9911006093025208, 0.12570048868656158, 0.1749926656484604, 1.3931448459625244, 0.7917318940162659, 0.7698302865028381, 0.7698302865028381, inf, '01:07']
[33, 0.45915287733078003, 0.42431604862213135, 0.991062581539154, 0.1240832582116127, 0.174932062625885, 1.4813241958618164, 0.7963542938232422, 0.7736421227455139, 0.7736421227455139, inf, '01:06']
[34, 0.4412934184074402, 0.44080278277397156, 0.9917240738868713, 0.10451588034629822, 0.17456693947315216, 1.2630589008331299, 0.8260986804962158, 0.8059039115905762, 0.8059039115905762, inf, '01:06']
[35, 0.4426628649234772, 0.45309141278266907, 0.9817467331886292, 0.09618639945983887, 0.1797715425491333, 1.722900390625, 0.8090061545372009, 0.8071581125259399, 0.8071581125259399, inf, '01:06']
[36, 0.4508585035800934, 0.4170454740524292, 0.9900229573249817, 0.13370174169540405, 0.17561833560466766, 1.523657202720642, 0.7789204120635986, 0.7614163160324097, 0.7614162564277649, inf, '01:07']
[37, 0.44188472628593445, 0.4224216639995575, 0.9905140995979309, 0.12451868504285812, 0.175236314535141, 1.5090314149856567, 0.7862671613693237, 0.7661198377609253, 0.7661198377609253, inf, '01:07']
[38, 0.4430176913738251, 0.43379706144332886, 0.9897322654724121, 0.11336027830839157, 0.17565687000751495, 1.4510788917541504, 0.8000283241271973, 0.7833253145217896, 0.7833253145217896, inf, '01:07']
[39, 0.44938212633132935, 0.41703009605407715, 0.991766095161438, 0.13293811678886414, 0.17466585338115692, 1.4050030708312988, 0.7829464077949524, 0.7606436014175415, 0.7606436014175415, inf, '01:07']
[40, 0.45367079973220825, 0.4166814088821411, 0.9916071891784668, 0.13461390137672424, 0.1747201830148697, 1.4086852073669434, 0.7853021621704102, 0.761311411857605, 0.761311411857605, inf, '01:06']
[41, 0.4484172761440277, 0.4231899082660675, 0.9916735291481018, 0.12364703416824341, 0.17456918954849243, 1.4435280561447144, 0.7891901731491089, 0.7707902789115906, 0.7707902789115906, inf, '01:07']
[42, 0.4451087713241577, 0.4211217164993286, 0.9920932054519653, 0.12789858877658844, 0.17446839809417725, 1.3236953020095825, 0.7910693287849426, 0.7681728005409241, 0.7681728005409241, inf, '01:06']
[43, 0.4449111223220825, 0.4255196154117584, 0.9883866310119629, 0.12368781119585037, 0.17633619904518127, 1.5817465782165527, 0.788274347782135, 0.771883487701416, 0.771883487701416, inf, '01:07']
[44, 0.4500214457511902, 0.43207991123199463, 0.9877336621284485, 0.1149064153432846, 0.17670002579689026, 1.6033284664154053, 0.7953250408172607, 0.7821206450462341, 0.7821206450462341, inf, '01:07']
[45, 0.445652037858963, 0.4231381416320801, 0.990923285484314, 0.12404247373342514, 0.17505456507205963, 1.4818627834320068, 0.7912307381629944, 0.7715518474578857, 0.7715518474578857, inf, '01:06']
[46, 0.439199835062027, 0.4337919354438782, 0.9880841374397278, 0.1123412624001503, 0.17647938430309296, 1.593733310699463, 0.8009462356567383, 0.7865723371505737, 0.7865723371505737, inf, '01:07']
[47, 0.4474456012248993, 0.42079639434814453, 0.9901363253593445, 0.12667153775691986, 0.17553459107875824, 1.510190725326538, 0.7843350172042847, 0.7667107582092285, 0.7667107582092285, inf, '01:07']
[48, 0.4350892901420593, 0.4323437213897705, 0.9867328405380249, 0.11474854499101639, 0.17718231678009033, 1.6316819190979004, 0.7933576703071594, 0.7795835137367249, 0.7795835137367249, inf, '01:08']
[49, 0.4395744502544403, 0.46750298142433167, 0.9781191945075989, 0.08784446120262146, 0.18172144889831543, 1.7536474466323853, 0.8165909051895142, 0.8185803294181824, 0.8185803294181824, inf, '01:07']
No improvement since epoch 40: early stopping
----------
2
----------
DLS create!
[0, 0.6018794178962708, 0.6173446178436279, 0.9898696541786194, 0.0021496741101145744, 0.20638351142406464, 1.535975694656372, 0.9986221194267273, 0.9870293140411377, 0.9870293140411377, 1.3510189056396484, '01:08']
[1, 0.5348342061042786, 0.5203190445899963, 0.9927787780761719, 0.0, 0.1848042905330658, 1.2635647058486938, 0.9838942289352417, 0.9796379804611206, 0.9796379804611206, 0.005585959646850824, '01:06']
[2, 0.5097841024398804, 0.5598249435424805, 0.9768925905227661, 0.018773050978779793, 0.1979292631149292, 1.6993862390518188, 0.9708138108253479, 0.9729408025741577, 0.9729408025741577, 8.183340072631836, '01:08']
[3, 0.5042130351066589, 0.5136910080909729, 0.9921972155570984, 0.007855696603655815, 0.17505979537963867, 1.2288907766342163, 0.98653644323349, 0.9834994077682495, 0.9834994077682495, 0.3376976549625397, '01:07']
[4, 0.4952901303768158, 0.49303585290908813, 0.9871500730514526, 0.042758189141750336, 0.1767684370279312, 1.499854564666748, 0.9341108798980713, 0.937163770198822, 0.937163770198822, 2.821676254272461, '01:07']
[5, 0.49199041724205017, 0.49299460649490356, 0.9839174151420593, 0.04629664495587349, 0.17814460396766663, 1.5726399421691895, 0.9243672490119934, 0.929087221622467, 0.929087221622467, 4.598704814910889, '01:07']
[6, 0.4858466386795044, 0.48821204900741577, 0.9857470989227295, 0.049412649124860764, 0.1771557778120041, 1.5813066959381104, 0.9124353528022766, 0.9201939702033997, 0.9201939702033997, 3.7705540657043457, '01:07']
[7, 0.4895716607570648, 0.48841220140457153, 0.9854814410209656, 0.04964427649974823, 0.17708368599414825, 1.5577893257141113, 0.9152765870094299, 0.9202188849449158, 0.9202188849449158, 3.6317977905273438, '01:07']
[8, 0.49223318696022034, 0.49240052700042725, 0.9815242886543274, 0.04877825453877449, 0.17927277088165283, 1.6349244117736816, 0.9139934182167053, 0.922248899936676, 0.922248899936676, 6.225860118865967, '01:08']
[9, 0.4863587021827698, 0.4803682565689087, 0.9883095622062683, 0.05816096067428589, 0.1759476363658905, 1.4880309104919434, 0.9062733054161072, 0.9111735224723816, 0.9111735224723816, 2.321892499923706, '01:07']
[10, 0.4845446050167084, 0.48302435874938965, 0.9863405823707581, 0.055219508707523346, 0.17675498127937317, 1.5367093086242676, 0.9049769043922424, 0.9125727415084839, 0.9125728011131287, 3.1019506454467773, '01:07']
[11, 0.4791702926158905, 0.49055415391921997, 0.9887369871139526, 0.04655671492218971, 0.17583926022052765, 1.4640896320343018, 0.9248569011688232, 0.9288519620895386, 0.9288519024848938, 1.8659193515777588, '01:07']
[12, 0.48008835315704346, 0.474160373210907, 0.988368034362793, 0.06578721851110458, 0.17586497962474823, 1.4925599098205566, 0.892330527305603, 0.8980109095573425, 0.8980109095573425, 2.421670913696289, '01:07']
[13, 0.4791266620159149, 0.47604626417160034, 0.9888764023780823, 0.06235291063785553, 0.17560987174510956, 1.4797935485839844, 0.8946456909179688, 0.8984797596931458, 0.8984797596931458, 2.143955945968628, '01:07']
[14, 0.4773324728012085, 0.481975793838501, 0.9832107424736023, 0.06097441166639328, 0.17855162918567657, 1.6471158266067505, 0.8855825662612915, 0.8969886898994446, 0.8969886898994446, 4.62969446182251, '01:07']
[15, 0.4725758135318756, 0.48212119936943054, 0.9872452020645142, 0.0572674497961998, 0.1765696406364441, 1.5115824937820435, 0.9011327624320984, 0.9048042297363281, 0.9048042297363281, 2.2301628589630127, '01:07']
[16, 0.4792574942111969, 0.4823775589466095, 0.9812994003295898, 0.06229522451758385, 0.17952463030815125, 1.6562161445617676, 0.8891265392303467, 0.901852011680603, 0.901852011680603, 5.855816841125488, '01:07']
[17, 0.47812420129776, 0.4806322455406189, 0.9842581748962402, 0.060947928577661514, 0.17795205116271973, 1.5673723220825195, 0.8926512598991394, 0.9023883938789368, 0.9023883938789368, 3.596869945526123, '01:07']
[18, 0.4655716121196747, 0.47799044847488403, 0.9870902299880981, 0.06155330687761307, 0.17653311789035797, 1.5460280179977417, 0.8922134637832642, 0.8980777859687805, 0.8980777859687805, 2.7371432781219482, '01:07']
[19, 0.46562203764915466, 0.4722137451171875, 0.9913387894630432, 0.0706448033452034, 0.1743864119052887, 1.2698261737823486, 0.8889026641845703, 0.8937551975250244, 0.8937551975250244, 0.7585135698318481, '01:07']
[20, 0.46846047043800354, 0.4735526740550995, 0.9823514819145203, 0.07282394915819168, 0.17906150221824646, 1.6548899412155151, 0.8626524806022644, 0.8793727159500122, 0.8793727159500122, 4.86496114730835, '01:07']
[21, 0.4572596251964569, 0.47104716300964355, 0.9908218383789062, 0.06964713335037231, 0.1746109277009964, 1.3298600912094116, 0.8846870064735413, 0.889200747013092, 0.889200747013092, 0.8124890923500061, '01:07']
[22, 0.4559377133846283, 0.47360220551490784, 0.9844503998756409, 0.07040337473154068, 0.17799320816993713, 1.6390384435653687, 0.8705663084983826, 0.8836673498153687, 0.8836673498153687, 3.875873565673828, '01:07']
[23, 0.46949735283851624, 0.4601770341396332, 0.9893712401390076, 0.08568243682384491, 0.1755681335926056, 1.4551373720169067, 0.862269937992096, 0.8699151277542114, 0.8699151277542114, 1.8724358081817627, '01:07']
[24, 0.465738445520401, 0.47132277488708496, 0.9914190769195557, 0.07347670197486877, 0.17429706454277039, 1.2708473205566406, 0.8875411748886108, 0.8917613625526428, 0.8917613625526428, 0.6063552498817444, '01:07']
[25, 0.450642853975296, 0.46345657110214233, 0.9877685904502869, 0.08396659791469574, 0.17633509635925293, 1.482417106628418, 0.861411452293396, 0.8689953684806824, 0.8689953684806824, 2.0633952617645264, '01:07']
[26, 0.4636703133583069, 0.4613026976585388, 0.9885627031326294, 0.08336745202541351, 0.17578215897083282, 1.4761110544204712, 0.860073983669281, 0.867311418056488, 0.867311418056488, 2.2577097415924072, '01:07']
[27, 0.46580296754837036, 0.4903755486011505, 0.9923118352890015, 0.04167936369776726, 0.17378480732440948, 1.1872665882110596, 0.9220054745674133, 0.9320738911628723, 0.9320738911628723, 0.43660134077072144, '01:07']
[28, 0.46517911553382874, 0.4567943513393402, 0.9894968867301941, 0.08604761958122253, 0.17540179193019867, 1.4952281713485718, 0.8518764972686768, 0.8602813482284546, 0.8602813482284546, 1.8359497785568237, '01:07']
[29, 0.4574364125728607, 0.4626745283603668, 0.9890609383583069, 0.0805753692984581, 0.17563368380069733, 1.5143139362335205, 0.8599217534065247, 0.868517279624939, 0.868517279624939, 2.2489073276519775, '01:07']
[30, 0.45449477434158325, 0.4748026132583618, 0.9813467264175415, 0.07266559451818466, 0.17954231798648834, 1.671309232711792, 0.8584270477294922, 0.8774173855781555, 0.8774173259735107, 4.8222336769104, '01:07']
[31, 0.4550040066242218, 0.4740292727947235, 0.9833468198776245, 0.07281668484210968, 0.17850229144096375, 1.6536579132080078, 0.8607761263847351, 0.8767222762107849, 0.8767222762107849, 4.304474830627441, '01:07']
[32, 0.4534109830856323, 0.4486583471298218, 0.9900626540184021, 0.09663678705692291, 0.17509502172470093, 1.4180861711502075, 0.8359091877937317, 0.8434383869171143, 0.8434383869171143, 1.334729790687561, '01:07']
[33, 0.4479883015155792, 0.47999146580696106, 0.9889079332351685, 0.06035282462835312, 0.1755845695734024, 1.5119823217391968, 0.8930197358131409, 0.9003280997276306, 0.9003280997276306, 2.0091428756713867, '01:07']
[34, 0.4457564949989319, 0.4711456298828125, 0.9858468174934387, 0.07307485491037369, 0.1771632730960846, 1.6061291694641113, 0.8674511313438416, 0.8776094913482666, 0.8776094913482666, 3.5726044178009033, '01:07']
[35, 0.4496271014213562, 0.4777262508869171, 0.9834323525428772, 0.06881489604711533, 0.1783829778432846, 1.5950020551681519, 0.8739523887634277, 0.8832736611366272, 0.8832736611366272, 3.7290782928466797, '01:07']
[36, 0.4516405761241913, 0.4547314941883087, 0.9893292188644409, 0.08978436142206192, 0.17552676796913147, 1.4645931720733643, 0.8455244898796082, 0.8543490171432495, 0.8543490171432495, 1.9832539558410645, '01:06']
[37, 0.4477636516094208, 0.45407038927078247, 0.9884249567985535, 0.09248749911785126, 0.1759750247001648, 1.4719161987304688, 0.8406039476394653, 0.8489512801170349, 0.8489512801170349, 1.7223637104034424, '01:07']
[38, 0.4464493691921234, 0.45338761806488037, 0.9915332794189453, 0.09020759910345078, 0.17432039976119995, 1.3181804418563843, 0.8497723937034607, 0.8582265377044678, 0.8582265377044678, 0.9429820775985718, '01:07']
[39, 0.45056048035621643, 0.4498477876186371, 0.9913828372955322, 0.09584274142980576, 0.17443916201591492, 1.30868399143219, 0.8417373895645142, 0.8496032357215881, 0.8496032357215881, 0.833078920841217, '01:07']
[40, 0.44314777851104736, 0.4488982558250427, 0.9900413751602173, 0.09512026607990265, 0.17512407898902893, 1.4632155895233154, 0.8369643688201904, 0.8453391194343567, 0.8453391194343567, 1.6632919311523438, '01:07']
[41, 0.44418075680732727, 0.455520898103714, 0.987666666507721, 0.09022717922925949, 0.1763785481452942, 1.500952124595642, 0.8410229086875916, 0.8514350056648254, 0.8514350056648254, 2.178689956665039, '01:08']
No improvement since epoch 32: early stopping
----------
3
----------
DLS create!
[0, 0.5512206554412842, 0.531531810760498, 0.9926014542579651, 0.0, 0.19117289781570435, 1.1781162023544312, 0.992547869682312, 0.983533501625061, 0.983533501625061, 0.0, '01:07']
[1, 0.516370952129364, 0.5083481073379517, 0.9926014542579651, 0.0, 0.18150876462459564, 1.3148163557052612, 0.9650511145591736, 0.9639866948127747, 0.9639866948127747, 0.0, '01:08']
[2, 0.5056130886077881, 0.5027570128440857, 0.9914314150810242, 0.028098952025175095, 0.17768599092960358, 1.2984646558761597, 0.9628468155860901, 0.9607042670249939, 0.9607042670249939, 0.48606419563293457, '01:07']
[3, 0.4933677315711975, 0.4867320954799652, 0.9846951961517334, 0.05292171239852905, 0.17775507271289825, 1.5325403213500977, 0.9153134226799011, 0.9191652536392212, 0.9191652536392212, 2.949385404586792, '01:06']
[4, 0.48595282435417175, 0.4844270944595337, 0.9860258102416992, 0.056755781173706055, 0.17717234790325165, 1.5199414491653442, 0.9110811352729797, 0.9136248230934143, 0.9136248230934143, 2.5135724544525146, '01:07']
[5, 0.48256516456604004, 0.49210166931152344, 0.9915429353713989, 0.04064750671386719, 0.1741655021905899, 1.2312064170837402, 0.9316849708557129, 0.9346951246261597, 0.9346951246261597, 0.4551609754562378, '01:07']
[6, 0.4783207178115845, 0.4807337820529938, 0.9875430464744568, 0.05841458588838577, 0.17624889314174652, 1.4820655584335327, 0.9041412472724915, 0.9061408638954163, 0.9061408638954163, 2.1112146377563477, '01:07']
[7, 0.47742342948913574, 0.47628986835479736, 0.9867922067642212, 0.06393584609031677, 0.17659080028533936, 1.5194923877716064, 0.8910834789276123, 0.8957154750823975, 0.8957154750823975, 2.3333189487457275, '01:07']
[8, 0.47411713004112244, 0.4708693325519562, 0.990687906742096, 0.06975172460079193, 0.17461417615413666, 1.3405226469039917, 0.8853219747543335, 0.8883868455886841, 0.8883868455886841, 0.895325243473053, '01:07']
[9, 0.4630858302116394, 0.48526573181152344, 0.9897114634513855, 0.052326999604701996, 0.17499063909053802, 1.3938089609146118, 0.9087256789207458, 0.9112603068351746, 0.9112603068351746, 1.1855788230895996, '01:07']
[10, 0.46965715289115906, 0.46591371297836304, 0.9863975644111633, 0.07862665504217148, 0.17683416604995728, 1.542669653892517, 0.8620770573616028, 0.8706006407737732, 0.8706006407737732, 2.3989028930664062, '01:07']
[11, 0.4646487236022949, 0.4676123857498169, 0.9857301712036133, 0.0768858790397644, 0.17718960344791412, 1.5644878149032593, 0.8620015382766724, 0.8711929321289062, 0.8711929321289062, 2.5757246017456055, '01:07']
[12, 0.45525890588760376, 0.4623677134513855, 0.9899271726608276, 0.07975869625806808, 0.17506517469882965, 1.388261318206787, 0.8649355173110962, 0.8673073053359985, 0.8673073053359985, 1.009448528289795, '01:07']
[13, 0.4432889521121979, 0.48785266280174255, 0.9775893688201904, 0.0673295259475708, 0.1812320202589035, 1.6673954725265503, 0.8651736378669739, 0.8841878175735474, 0.8841878175735474, 5.354403018951416, '01:07']
[14, 0.4526405334472656, 0.4894832670688629, 0.9761505722999573, 0.06244714558124542, 0.18204452097415924, 1.7177085876464844, 0.8724170327186584, 0.8907261490821838, 0.8907261490821838, 5.30888032913208, '01:06']
[15, 0.44877931475639343, 0.4724275469779968, 0.9902591109275818, 0.06869722157716751, 0.17476904392242432, 1.3334167003631592, 0.8809942603111267, 0.884712278842926, 0.884712278842926, 0.9110949635505676, '01:08']
[16, 0.4548189043998718, 0.47267645597457886, 0.9820241332054138, 0.07689014077186584, 0.179121732711792, 1.6314973831176758, 0.8494202494621277, 0.86758953332901, 0.86758953332901, 3.6421449184417725, '01:07']
[17, 0.44333088397979736, 0.45991599559783936, 0.9882512092590332, 0.08484934270381927, 0.17588353157043457, 1.4477745294570923, 0.849617063999176, 0.8565426468849182, 0.8565426468849182, 1.572737216949463, '01:07']
[18, 0.4358382523059845, 0.4614148437976837, 0.9919416308403015, 0.08061747252941132, 0.17393390834331512, 1.1807962656021118, 0.8591733574867249, 0.8681780695915222, 0.8681780695915222, 0.3735209107398987, '01:07']
[19, 0.45131850242614746, 0.47460150718688965, 0.9809693098068237, 0.07520309090614319, 0.17962577939033508, 1.6376943588256836, 0.8515771627426147, 0.8712331652641296, 0.8712331652641296, 3.988178253173828, '01:07']
[20, 0.443586528301239, 0.4756935238838196, 0.9923192858695984, 0.06303972750902176, 0.17367997765541077, 1.1321903467178345, 0.8827536702156067, 0.8972166776657104, 0.8972166776657104, 0.2611727714538574, '01:07']
[21, 0.4357268512248993, 0.4680115878582001, 0.984187126159668, 0.0804227888584137, 0.17799831926822662, 1.5772895812988281, 0.8449816107749939, 0.8606289625167847, 0.8606289625167847, 2.8617055416107178, '01:07']
[22, 0.45185816287994385, 0.4737705588340759, 0.9913812279701233, 0.06408756971359253, 0.17418180406093597, 1.2242909669876099, 0.8854731321334839, 0.8929378390312195, 0.8929378390312195, 0.4655400216579437, '01:07']
[23, 0.44417184591293335, 0.469908207654953, 0.9855487942695618, 0.075574591755867, 0.17716066539287567, 1.5145550966262817, 0.862431526184082, 0.8733924031257629, 0.8733924031257629, 2.6397736072540283, '01:07']
[24, 0.447361022233963, 0.4817643165588379, 0.9785526394844055, 0.07139308750629425, 0.1809290647506714, 1.6612316370010376, 0.852047860622406, 0.8758304715156555, 0.8758304715156555, 4.988940238952637, '01:06']
[25, 0.43681541085243225, 0.45780542492866516, 0.9877092838287354, 0.08805150538682938, 0.1761854588985443, 1.5064219236373901, 0.8406984210014343, 0.8503766059875488, 0.8503766059875488, 1.9449987411499023, '01:07']
[26, 0.45015615224838257, 0.4575989842414856, 0.989684522151947, 0.086332768201828, 0.1750657558441162, 1.3804184198379517, 0.8540130853652954, 0.8598484396934509, 0.8598484396934509, 1.1968618631362915, '01:07']
[27, 0.4415937066078186, 0.4660705029964447, 0.9912992715835571, 0.07512572407722473, 0.17425291240215302, 1.239853858947754, 0.8686288595199585, 0.8745753169059753, 0.8745753169059753, 0.5565416216850281, '01:07']
[28, 0.4404493570327759, 0.45130202174186707, 0.990514874458313, 0.09429975599050522, 0.17474497854709625, 1.3396272659301758, 0.8357736468315125, 0.8448485136032104, 0.8448485136032104, 0.9697859287261963, '01:07']
[29, 0.44159427285194397, 0.47577059268951416, 0.9822679758071899, 0.07443366944789886, 0.17897199094295502, 1.5858818292617798, 0.8569919466972351, 0.8723433017730713, 0.8723433017730713, 3.572716474533081, '01:07']
[30, 0.4368373453617096, 0.466312438249588, 0.9917181134223938, 0.07466696202754974, 0.1740214079618454, 1.1933385133743286, 0.8644875884056091, 0.8758058547973633, 0.8758058547973633, 0.45712810754776, '01:08']
[31, 0.44037702679634094, 0.4553661644458771, 0.9884958863258362, 0.09081929922103882, 0.17581988871097565, 1.449669599533081, 0.8389551639556885, 0.8479206562042236, 0.8479206562042236, 1.5508009195327759, '01:07']
[32, 0.43376362323760986, 0.45322099328041077, 0.9896575808525085, 0.09214327484369278, 0.17514768242835999, 1.3725515604019165, 0.8377360105514526, 0.8458229303359985, 0.8458229303359985, 1.1387842893600464, '01:07']
[33, 0.4305378794670105, 0.44971737265586853, 0.9898086190223694, 0.0959160178899765, 0.17510205507278442, 1.3874784708023071, 0.82965087890625, 0.8391534686088562, 0.8391534686088562, 1.2688711881637573, '01:07']
[34, 0.44480955600738525, 0.4544796049594879, 0.9883606433868408, 0.09054343402385712, 0.1758660078048706, 1.452171802520752, 0.8401026725769043, 0.8489676713943481, 0.8489676713943481, 1.6827971935272217, '01:07']
[35, 0.4321781098842621, 0.45094403624534607, 0.9908093810081482, 0.09405866265296936, 0.1745556741952896, 1.3130896091461182, 0.8368629217147827, 0.8435849547386169, 0.8435849547386169, 0.8173250555992126, '01:07']
[36, 0.4371221959590912, 0.45456215739250183, 0.9899049997329712, 0.09045641869306564, 0.17503750324249268, 1.3565510511398315, 0.8398762941360474, 0.8499319553375244, 0.8499319553375244, 1.140745997428894, '01:07']
[37, 0.42370980978012085, 0.4668113589286804, 0.9869144558906555, 0.07905168831348419, 0.17658458650112152, 1.4629013538360596, 0.8498069643974304, 0.8635990023612976, 0.8635990023612976, 1.947474718093872, '01:07']
[38, 0.4424307346343994, 0.46576207876205444, 0.9824140071868896, 0.08320128172636032, 0.17884588241577148, 1.6094616651535034, 0.841061532497406, 0.8583990931510925, 0.8583990931510925, 3.777766466140747, '01:07']
[39, 0.43566250801086426, 0.4544293284416199, 0.9873087406158447, 0.09112820029258728, 0.17641016840934753, 1.5036860704421997, 0.83260577917099, 0.8450266718864441, 0.8450266718864441, 2.0415892601013184, '01:07']
[40, 0.44549718499183655, 0.4560123085975647, 0.9892203211784363, 0.08823175728321075, 0.17536716163158417, 1.4094613790512085, 0.8472995758056641, 0.8532953262329102, 0.8532953262329102, 1.3641310930252075, '01:07']
[41, 0.4427744746208191, 0.47129368782043457, 0.9824293851852417, 0.07859406620264053, 0.17889569699764252, 1.6172219514846802, 0.845371663570404, 0.8635143637657166, 0.8635143637657166, 3.671987533569336, '01:07']
[42, 0.4452097415924072, 0.46318137645721436, 0.9868484139442444, 0.08111515641212463, 0.17650465667247772, 1.5161093473434448, 0.8551754951477051, 0.8634480237960815, 0.8634480237960815, 2.3514597415924072, '01:07']
No improvement since epoch 33: early stopping
----------
4
----------
DLS create!
[0, 0.5607951879501343, 0.5422332286834717, 0.9897846579551697, 0.0004981508827768266, 0.18944230675697327, 1.2921816110610962, 0.9924426674842834, 0.9714782238006592, 0.9714782238006592, inf, '01:07']
[1, 0.5181966423988342, 0.5035979747772217, 0.9883965253829956, 0.023790905252099037, 0.1808810830116272, 1.387619972229004, 0.950388491153717, 0.9386671781539917, 0.9386671781539917, inf, '01:07']
[2, 0.5032575130462646, 0.4992453455924988, 0.9873222708702087, 0.05246955528855324, 0.17621833086013794, 1.3607593774795532, 0.9376733899116516, 0.9250893592834473, 0.9250893592834473, inf, '01:07']
[3, 0.49721425771713257, 0.4913068115711212, 0.9751003384590149, 0.06174152344465256, 0.18177135288715363, 1.6045717000961304, 0.906768262386322, 0.9025281667709351, 0.9025281667709351, inf, '01:07']
[4, 0.4960029423236847, 0.4862065613269806, 0.9836016297340393, 0.06173253431916237, 0.17725960910320282, 1.48103666305542, 0.9098355174064636, 0.8998082280158997, 0.8998082280158997, inf, '01:07']
[5, 0.48513874411582947, 0.48005759716033936, 0.9836280941963196, 0.07012872397899628, 0.17717380821704865, 1.4936790466308594, 0.8952027559280396, 0.8846933245658875, 0.8846933245658875, inf, '01:07']
[6, 0.4853948652744293, 0.48472297191619873, 0.9843739867210388, 0.062373507767915726, 0.17681573331356049, 1.4823307991027832, 0.9020476341247559, 0.8928937315940857, 0.8928937315940857, inf, '01:07']
[7, 0.48594966530799866, 0.480802059173584, 0.9844964146614075, 0.06904808431863785, 0.17680931091308594, 1.4794373512268066, 0.8903719782829285, 0.8812661170959473, 0.8812661170959473, inf, '01:06']
[8, 0.4893174171447754, 0.48631200194358826, 0.9875742197036743, 0.05723195895552635, 0.17514362931251526, 1.3602558374404907, 0.9078243374824524, 0.8993373513221741, 0.8993373513221741, inf, '01:07']
[9, 0.48332127928733826, 0.49110403656959534, 0.9789850115776062, 0.06418970972299576, 0.1794564574956894, 1.6111040115356445, 0.8908078074455261, 0.8862476944923401, 0.8862476944923401, inf, '01:07']
[10, 0.47877252101898193, 0.4883613884449005, 0.9895198941230774, 0.052727110683918, 0.17418518662452698, 1.2324092388153076, 0.9068701863288879, 0.9039362668991089, 0.9039362668991089, inf, '01:07']
[11, 0.4840380847454071, 0.4976211488246918, 0.9874317049980164, 0.043045658618211746, 0.17518804967403412, 1.3713639974594116, 0.9278987050056458, 0.9197414517402649, 0.9197414517402649, inf, '01:07']
[12, 0.48267513513565063, 0.48376914858818054, 0.9809076189994812, 0.0672139972448349, 0.1784786432981491, 1.5855430364608765, 0.8869192600250244, 0.8806853294372559, 0.8806853294372559, inf, '01:07']
[13, 0.4832734763622284, 0.4749067723751068, 0.9889868497848511, 0.07261893153190613, 0.1745138019323349, 1.292884111404419, 0.8838194608688354, 0.8785058259963989, 0.8785058259963989, inf, '01:07']
[14, 0.477075457572937, 0.4692689776420593, 0.9842805862426758, 0.08159831911325455, 0.17688916623592377, 1.5066990852355957, 0.8694283962249756, 0.8616945147514343, 0.8616945147514343, inf, '01:08']
[15, 0.46932724118232727, 0.4721757173538208, 0.9866196513175964, 0.07557877898216248, 0.17578062415122986, 1.4438729286193848, 0.8745853304862976, 0.8656425476074219, 0.8656425476074219, inf, '01:07']
[16, 0.4698086380958557, 0.4802238643169403, 0.9889717698097229, 0.06510809808969498, 0.17442966997623444, 1.2837775945663452, 0.8854226469993591, 0.8834296464920044, 0.8834296464920044, inf, '01:07']
[17, 0.46337881684303284, 0.48005667328834534, 0.982727587223053, 0.07220255583524704, 0.17775215208530426, 1.5440444946289062, 0.8749001026153564, 0.8708860874176025, 0.8708860874176025, inf, '01:07']
[18, 0.4672996997833252, 0.5035239458084106, 0.9894803166389465, 0.03816433250904083, 0.17404936254024506, 1.2044967412948608, 0.9275668263435364, 0.9284641146659851, 0.9284641146659851, inf, '01:08']
[19, 0.4668908417224884, 0.45912203192710876, 0.9846804738044739, 0.09567002952098846, 0.17686785757541656, 1.5059161186218262, 0.8417472839355469, 0.83878093957901, 0.83878093957901, inf, '01:06']
[20, 0.449766606092453, 0.4553656280040741, 0.9882418513298035, 0.0984109565615654, 0.17492149770259857, 1.3554010391235352, 0.8400028347969055, 0.8333317041397095, 0.8333317041397095, inf, '01:07']
[21, 0.45890194177627563, 0.4591280221939087, 0.9898216128349304, 0.09300980716943741, 0.17412348091602325, 1.231201171875, 0.8464114665985107, 0.8464681506156921, 0.8464681506156921, inf, '01:07']
[22, 0.46885401010513306, 0.46716445684432983, 0.9772402048110962, 0.09401082247495651, 0.18075266480445862, 1.652592658996582, 0.8348222970962524, 0.8395399451255798, 0.8395399451255798, inf, '01:06']
[23, 0.4548441469669342, 0.4518549144268036, 0.985837996006012, 0.10490746051073074, 0.17638839781284332, 1.4698309898376465, 0.8281524181365967, 0.8230200409889221, 0.8230200409889221, inf, '01:07']
[24, 0.4516921937465668, 0.46150392293930054, 0.9820161461830139, 0.0971132218837738, 0.1782492995262146, 1.5834152698516846, 0.8305389285087585, 0.8297565579414368, 0.8297565579414368, inf, '01:06']
[25, 0.4622054398059845, 0.4559728503227234, 0.9862207174301147, 0.09796381741762161, 0.17602455615997314, 1.4760431051254272, 0.8363047242164612, 0.8312488198280334, 0.8312488198280334, inf, '01:06']
[26, 0.4520936906337738, 0.4529961347579956, 0.9900006055831909, 0.10115737468004227, 0.17401888966560364, 1.2134342193603516, 0.8341929316520691, 0.8341625332832336, 0.8341625332832336, inf, '01:07']
[27, 0.45010751485824585, 0.4560859501361847, 0.9849688410758972, 0.09761880338191986, 0.17666494846343994, 1.4809397459030151, 0.8352711796760559, 0.8332545161247253, 0.8332545161247253, inf, '01:07']
[28, 0.4388616681098938, 0.4603705108165741, 0.9835459589958191, 0.10171705484390259, 0.17758210003376007, 1.4930499792099, 0.8227294087409973, 0.8231109380722046, 0.8231109380722046, inf, '01:08']
[29, 0.4452746510505676, 0.46151939034461975, 0.9892189502716064, 0.09050345420837402, 0.17440342903137207, 1.2577087879180908, 0.8492535948753357, 0.8470906019210815, 0.8470906019210815, inf, '01:07']
[30, 0.45583558082580566, 0.4423169195652008, 0.9835668802261353, 0.11601557582616806, 0.17751143872737885, 1.5549349784851074, 0.7966814637184143, 0.8028787970542908, 0.8028787970542908, inf, '01:07']
[31, 0.45074087381362915, 0.44588762521743774, 0.9860975742340088, 0.11255469173192978, 0.17628559470176697, 1.4212168455123901, 0.812748372554779, 0.8107184171676636, 0.8107184171676636, inf, '01:06']
[32, 0.44585466384887695, 0.4455762505531311, 0.9837344288825989, 0.11353551596403122, 0.17739202082157135, 1.5390595197677612, 0.8035558462142944, 0.8071417212486267, 0.8071417212486267, inf, '01:07']
[33, 0.44728589057922363, 0.4376946985721588, 0.9876304864883423, 0.12085447460412979, 0.1754075586795807, 1.4008644819259644, 0.8030564785003662, 0.8001702427864075, 0.8001702427864075, inf, '01:07']
[34, 0.4450788199901581, 0.44789114594459534, 0.9876057505607605, 0.10830117017030716, 0.17533323168754578, 1.3885079622268677, 0.8208781480789185, 0.8170273900032043, 0.8170273900032043, inf, '01:06']
[35, 0.44407835602760315, 0.4431433379650116, 0.9857138395309448, 0.11564069241285324, 0.17645320296287537, 1.4861253499984741, 0.8058870434761047, 0.8033260107040405, 0.8033260107040405, inf, '01:07']
[36, 0.44254377484321594, 0.4315095841884613, 0.9873757362365723, 0.12918521463871002, 0.17560555040836334, 1.4304678440093994, 0.7872124910354614, 0.7867283225059509, 0.7867283225059509, inf, '01:07']
[37, 0.4361031949520111, 0.4749555289745331, 0.9749469757080078, 0.09326022863388062, 0.18207520246505737, 1.6624664068222046, 0.8155417442321777, 0.8316918015480042, 0.8316918015480042, inf, '01:07']
[38, 0.4433262348175049, 0.4354642927646637, 0.9862403273582458, 0.12575028836727142, 0.17620456218719482, 1.4750052690505981, 0.7877019643783569, 0.7890271544456482, 0.7890271544456482, inf, '01:08']
[39, 0.43951064348220825, 0.44837746024131775, 0.9834023714065552, 0.11143241822719574, 0.17765945196151733, 1.5641497373580933, 0.803916335105896, 0.807970404624939, 0.807970404624939, inf, '01:08']
[40, 0.4400017261505127, 0.44149816036224365, 0.9889804124832153, 0.11584904789924622, 0.17458750307559967, 1.3281025886535645, 0.8099987506866455, 0.8079508543014526, 0.8079508543014526, inf, '01:07']
[41, 0.43618038296699524, 0.45019471645355225, 0.9903565645217896, 0.1068316251039505, 0.17381852865219116, 1.1762590408325195, 0.8211170434951782, 0.8261979222297668, 0.8261979222297668, inf, '01:07']
[42, 0.4444657862186432, 0.44733723998069763, 0.9852778911590576, 0.11200021952390671, 0.17667753994464874, 1.5008039474487305, 0.8060739636421204, 0.807563304901123, 0.807563304901123, inf, '01:07']
[43, 0.4390019476413727, 0.4306564927101135, 0.9890496134757996, 0.13211354613304138, 0.17464041709899902, 1.3242284059524536, 0.7896373867988586, 0.7881202101707458, 0.7881202101707458, inf, '01:07']
[44, 0.43900546431541443, 0.4369931221008301, 0.9897767305374146, 0.12223774939775467, 0.17418430745601654, 1.2532814741134644, 0.7977032661437988, 0.7987501621246338, 0.7987502217292786, inf, '01:07']
[45, 0.4469703733921051, 0.4387427866458893, 0.9863240122795105, 0.12025757879018784, 0.17612700164318085, 1.4738308191299438, 0.8005708456039429, 0.7986962199211121, 0.7986962199211121, inf, '01:08']
[46, 0.44510483741760254, 0.44871360063552856, 0.9812791347503662, 0.11115854978561401, 0.17869654297828674, 1.5923751592636108, 0.7999531626701355, 0.8095223903656006, 0.8095223903656006, inf, '01:07']
[47, 0.4337764382362366, 0.4382947087287903, 0.9889717102050781, 0.11979871243238449, 0.17464545369148254, 1.3094137907028198, 0.8000112771987915, 0.800108790397644, 0.8001088500022888, inf, '01:07']
[48, 0.4380491077899933, 0.433686226606369, 0.9898841977119446, 0.1264905333518982, 0.17419379949569702, 1.2568767070770264, 0.7947335243225098, 0.7946839928627014, 0.7946839928627014, inf, '01:08']
[49, 0.44079726934432983, 0.435703307390213, 0.9890919327735901, 0.123359315097332, 0.1746501326560974, 1.3257876634597778, 0.797706663608551, 0.7965148091316223, 0.7965148091316223, inf, '01:08']
[50, 0.4267531931400299, 0.42898041009902954, 0.9882705211639404, 0.13174086809158325, 0.17511512339115143, 1.3663285970687866, 0.7806881070137024, 0.7813180685043335, 0.7813180685043335, inf, '01:08']
[51, 0.4393292963504791, 0.42376795411109924, 0.9870548844337463, 0.13839185237884521, 0.17574690282344818, 1.441591501235962, 0.7707715630531311, 0.7723478674888611, 0.7723478674888611, inf, '01:07']
[52, 0.43614664673805237, 0.4375247061252594, 0.988675594329834, 0.12235662341117859, 0.1748524308204651, 1.3373323678970337, 0.8027655482292175, 0.799348771572113, 0.799348771572113, inf, '01:06']
[53, 0.43946751952171326, 0.42538172006607056, 0.9869770407676697, 0.13516704738140106, 0.17583101987838745, 1.4414862394332886, 0.7774409055709839, 0.7780560255050659, 0.7780560255050659, inf, '01:07']
[54, 0.4318898022174835, 0.4459266662597656, 0.9892318844795227, 0.10995084792375565, 0.17448778450489044, 1.2928262948989868, 0.8164719343185425, 0.8167355060577393, 0.8167355060577393, inf, '01:07']
[55, 0.43872952461242676, 0.43553629517555237, 0.9888082146644592, 0.12230121344327927, 0.17471876740455627, 1.3602925539016724, 0.7934226393699646, 0.7942166924476624, 0.7942166924476624, inf, '01:06']
[56, 0.44855615496635437, 0.4298044741153717, 0.9895327687263489, 0.13194410502910614, 0.17437055706977844, 1.2721868753433228, 0.7808007597923279, 0.7856346964836121, 0.7856346964836121, inf, '01:07']
[57, 0.42896464467048645, 0.4310356676578522, 0.9856275320053101, 0.12930041551589966, 0.1765836924314499, 1.4985677003860474, 0.7750219106674194, 0.7805370092391968, 0.7805370092391968, inf, '01:07']
[58, 0.4418570399284363, 0.4341762959957123, 0.9887247085571289, 0.1264142096042633, 0.17480972409248352, 1.3598811626434326, 0.7924494743347168, 0.7898109555244446, 0.7898109555244446, inf, '01:07']
[59, 0.4185417592525482, 0.42432278394699097, 0.9896090030670166, 0.13793747127056122, 0.174350768327713, 1.3079240322113037, 0.7685795426368713, 0.7714861035346985, 0.7714861035346985, inf, '01:08']
[60, 0.4355733096599579, 0.4359721839427948, 0.9870249032974243, 0.1218809187412262, 0.1757642924785614, 1.425959825515747, 0.7918201088905334, 0.7936611175537109, 0.7936611175537109, inf, '01:07']
No improvement since epoch 51: early stopping
Linknet_incv4 Done!
