Models will save to Linknet_vgg19_x
Use vgg19_bn encoder
Start training...
----------
0
----------
DLS create!
[0, 0.544015109539032, 0.5225573182106018, 0.9937458038330078, 0.0, 0.1857188642024994, 1.1293703317642212, 0.9921609163284302, 0.9849123358726501, 0.9849123358726501, 0.0, '01:10']
[1, 0.512831449508667, 0.504603922367096, 0.9918887615203857, 0.03370814397931099, 0.1785861700773239, 1.3202439546585083, 0.9702882766723633, 0.9677098393440247, 0.9677098393440247, 0.5982456803321838, '01:08']
[2, 0.4974486231803894, 0.4905392825603485, 0.9840786457061768, 0.05235772207379341, 0.18057304620742798, 1.5994173288345337, 0.9225956797599792, 0.9307324290275574, 0.9307324290275574, 3.169138193130493, '01:09']
[3, 0.49475154280662537, 0.5017831921577454, 0.965196967124939, 0.04795268177986145, 0.18752284348011017, 1.7472575902938843, 0.9006761908531189, 0.9234833717346191, 0.9234833717346191, 9.199070930480957, '01:08']
[4, 0.4887566566467285, 0.47699058055877686, 0.9880059361457825, 0.057693056762218475, 0.1767238825559616, 1.5278713703155518, 0.9055750370025635, 0.9080373644828796, 0.9080373644828796, 1.9140630960464478, '01:08']
[5, 0.4849631190299988, 0.4836065471172333, 0.9877460598945618, 0.048625316470861435, 0.1767498403787613, 1.5351996421813965, 0.916429877281189, 0.9182997941970825, 0.9182997941970825, 1.947259783744812, '01:08']
[6, 0.48949307203292847, 0.47734907269477844, 0.9868547320365906, 0.0595485121011734, 0.17771993577480316, 1.5379244089126587, 0.9056257009506226, 0.9109262228012085, 0.9109262228012085, 2.2809300422668457, '01:08']
[7, 0.4855203628540039, 0.4884668290615082, 0.9760921597480774, 0.05439809337258339, 0.18236586451530457, 1.7212016582489014, 0.8907682299613953, 0.907958447933197, 0.907958447933197, 5.474592208862305, '01:08']
[8, 0.48100411891937256, 0.4771712124347687, 0.9885170459747314, 0.05518645793199539, 0.17637968063354492, 1.506925344467163, 0.9081460237503052, 0.9086383581161499, 0.9086383581161499, 1.6597113609313965, '01:08']
[9, 0.48284488916397095, 0.4726557433605194, 0.9879862666130066, 0.06241728365421295, 0.17663174867630005, 1.5239323377609253, 0.8954416513442993, 0.8975444436073303, 0.8975444436073303, 1.7882407903671265, '01:08']
[10, 0.4783610999584198, 0.4692477583885193, 0.9881281852722168, 0.06698068976402283, 0.17649441957473755, 1.5167306661605835, 0.8898506164550781, 0.891069769859314, 0.891069769859314, 1.9091006517410278, '01:08']
[11, 0.47886088490486145, 0.47446906566619873, 0.9831892251968384, 0.06508898735046387, 0.17898844182491302, 1.6392450332641602, 0.8858405351638794, 0.8942770957946777, 0.894277036190033, 3.5362648963928223, '01:08']
[12, 0.47245779633522034, 0.46769967675209045, 0.9888470768928528, 0.06801243126392365, 0.1760805994272232, 1.490465521812439, 0.8882937431335449, 0.889473557472229, 0.889473557472229, 1.6376557350158691, '01:09']
[13, 0.4751598834991455, 0.46815556287765503, 0.9895208477973938, 0.06581400334835052, 0.17576338350772858, 1.4738152027130127, 0.8909780383110046, 0.8917729258537292, 0.8917729258537292, 1.5484169721603394, '01:09']
[14, 0.47763338685035706, 0.4653765559196472, 0.9906619787216187, 0.06948686391115189, 0.1752467155456543, 1.409133791923523, 0.8889956474304199, 0.8886818885803223, 0.8886818885803223, 1.0870107412338257, '01:09']
[15, 0.48115742206573486, 0.45798972249031067, 0.9877728223800659, 0.0810960978269577, 0.1766999214887619, 1.5313670635223389, 0.8654161691665649, 0.8701661229133606, 0.8701661229133606, 2.0856587886810303, '01:08']
[16, 0.4755329489707947, 0.47138312458992004, 0.9848328828811646, 0.06932006031274796, 0.17830005288124084, 1.6231215000152588, 0.8733580708503723, 0.8821014165878296, 0.8821014165878296, 2.8053252696990967, '01:09']
[17, 0.4770837128162384, 0.4556412398815155, 0.9913641810417175, 0.083440400660038, 0.17491477727890015, 1.3747506141662598, 0.8693808913230896, 0.8712518215179443, 0.8712518215179443, 1.0687450170516968, '01:09']
[18, 0.46900734305381775, 0.4584428369998932, 0.9882619380950928, 0.08007769286632538, 0.1764701008796692, 1.5268710851669312, 0.864406168460846, 0.8693127036094666, 0.8693127036094666, 1.8972688913345337, '01:09']
[19, 0.46938565373420715, 0.45773860812187195, 0.9890523552894592, 0.07996430993080139, 0.17601335048675537, 1.4894691705703735, 0.8651456832885742, 0.8677436113357544, 0.8677436113357544, 1.6172757148742676, '01:09']
[20, 0.4623050391674042, 0.4606010317802429, 0.9925366640090942, 0.07318481057882309, 0.17420154809951782, 1.2795047760009766, 0.8719418048858643, 0.8779390454292297, 0.8779390454292297, 0.6120919585227966, '01:09']
[21, 0.4625062942504883, 0.4519023597240448, 0.991477906703949, 0.08507034927606583, 0.17484188079833984, 1.369425654411316, 0.8610098361968994, 0.8617812991142273, 0.8617812991142273, 0.9691750407218933, '01:09']
[22, 0.4643845558166504, 0.45972874760627747, 0.9906205534934998, 0.07490826398134232, 0.17521829903125763, 1.423669695854187, 0.8708909153938293, 0.8724756836891174, 0.8724756836891174, 1.1300082206726074, '01:08']
[23, 0.4631710350513458, 0.4523512125015259, 0.9846572875976562, 0.09113487601280212, 0.17835144698619843, 1.6289315223693848, 0.8337132930755615, 0.8485757112503052, 0.8485757112503052, 2.952096700668335, '01:09']
[24, 0.46138012409210205, 0.4500666558742523, 0.9854224920272827, 0.09331624954938889, 0.17791828513145447, 1.6066185235977173, 0.8337110280990601, 0.8452828526496887, 0.8452828526496887, 2.8259356021881104, '01:08']
[25, 0.45479705929756165, 0.4686506688594818, 0.9835176467895508, 0.07372035086154938, 0.17875324189662933, 1.6585001945495605, 0.8566775321960449, 0.8712129592895508, 0.8712129592895508, 3.2987940311431885, '01:08']
[26, 0.460485577583313, 0.4663234055042267, 0.9935509562492371, 0.06566103547811508, 0.17370596528053284, 1.1355069875717163, 0.8801095485687256, 0.8933775424957275, 0.8933775424957275, 0.26171544194221497, '01:09']
[27, 0.4614374339580536, 0.4393111765384674, 0.9897684454917908, 0.10282415896654129, 0.17578282952308655, 1.4852300882339478, 0.8278800249099731, 0.8314974904060364, 0.8314974904060364, 1.5735613107681274, '01:09']
[28, 0.46225908398628235, 0.43945184350013733, 0.9867368340492249, 0.10526582598686218, 0.1774190217256546, 1.5844484567642212, 0.8150418400764465, 0.8284818530082703, 0.8284818530082703, 2.4590775966644287, '01:08']
[29, 0.45049840211868286, 0.4493221342563629, 0.9871889352798462, 0.09307090938091278, 0.17711327970027924, 1.585407018661499, 0.8341901302337646, 0.8431488275527954, 0.8431488275527954, 2.4120819568634033, '01:08']
[30, 0.46279752254486084, 0.43475502729415894, 0.9906864762306213, 0.10903491824865341, 0.17542801797389984, 1.4173007011413574, 0.8219319581985474, 0.8268226385116577, 0.8268226385116577, 1.2610985040664673, '01:09']
[31, 0.4580671787261963, 0.4344022274017334, 0.9911120533943176, 0.10801513493061066, 0.17513136565685272, 1.42572820186615, 0.8237819075584412, 0.8272761106491089, 0.8272761106491089, 1.2477599382400513, '01:09']
[32, 0.44811251759529114, 0.4765790104866028, 0.9790593385696411, 0.07187945395708084, 0.18130727112293243, 1.7243928909301758, 0.8499948382377625, 0.8760435581207275, 0.8760435581207275, 4.674253940582275, '01:08']
[33, 0.45229604840278625, 0.4640776813030243, 0.9890088438987732, 0.07398436218500137, 0.1760597974061966, 1.483947515487671, 0.8727713227272034, 0.8748371601104736, 0.8748371601104736, 1.674439549446106, '01:09']
[34, 0.4444165825843811, 0.4337702691555023, 0.9886461496353149, 0.1105203703045845, 0.17643019556999207, 1.5287542343139648, 0.8089362382888794, 0.818881094455719, 0.818881094455719, 2.003368616104126, '01:08']
[35, 0.45653796195983887, 0.4389563798904419, 0.9928687214851379, 0.10098017007112503, 0.17414002120494843, 1.2727762460708618, 0.8281258940696716, 0.8362609148025513, 0.8362609148025513, 0.6737430691719055, '01:09']
[36, 0.45154961943626404, 0.4334816336631775, 0.9892993569374084, 0.11112990975379944, 0.1761350780725479, 1.4963845014572144, 0.8127550482749939, 0.8196002244949341, 0.8196002244949341, 1.694949746131897, '01:09']
[37, 0.4410884380340576, 0.4412406384944916, 0.9843747019767761, 0.10654839128255844, 0.17871154844760895, 1.6572664976119995, 0.8060406446456909, 0.8260883688926697, 0.8260883688926697, 3.386640787124634, '01:08']
[38, 0.4418800175189972, 0.4346444010734558, 0.9910842180252075, 0.10740523785352707, 0.17513829469680786, 1.4049736261367798, 0.821015477180481, 0.8252726793289185, 0.8252727389335632, 1.1578009128570557, '01:09']
[39, 0.45612064003944397, 0.4494543671607971, 0.9848086833953857, 0.09516885131597519, 0.17844243347644806, 1.6313527822494507, 0.8213462233543396, 0.839383065700531, 0.839383065700531, 2.9401581287384033, '01:08']
[40, 0.4453408718109131, 0.45390957593917847, 0.9936118125915527, 0.0810035765171051, 0.17371250689029694, 1.1684056520462036, 0.8508418202400208, 0.867723822593689, 0.8677237033843994, 0.37073591351509094, '01:09']
[41, 0.43857717514038086, 0.42960891127586365, 0.9931584000587463, 0.11460805684328079, 0.17404817044734955, 1.2328853607177734, 0.8114731907844543, 0.8197398781776428, 0.8197398781776428, 0.5631089806556702, '01:09']
[42, 0.4441991150379181, 0.4469565451145172, 0.9891350865364075, 0.09685846418142319, 0.17618152499198914, 1.441572904586792, 0.8304684162139893, 0.8405657410621643, 0.8405657410621643, 1.51926589012146, '01:09']
[43, 0.44775328040122986, 0.4419880509376526, 0.9922243356704712, 0.09730423241853714, 0.1744716912508011, 1.3299399614334106, 0.8373662233352661, 0.841460108757019, 0.841460108757019, 0.8348315358161926, '01:09']
[44, 0.4472769796848297, 0.4205184280872345, 0.9923683404922485, 0.12531298398971558, 0.17447026073932648, 1.3413127660751343, 0.7943525910377502, 0.7984867691993713, 0.7984867691993713, 0.8685064315795898, '01:09']
[45, 0.44086381793022156, 0.42440831661224365, 0.992306649684906, 0.12153009325265884, 0.17453275620937347, 1.3356038331985474, 0.802848756313324, 0.8086686134338379, 0.8086686134338379, 0.8843638300895691, '01:09']
[46, 0.4525057077407837, 0.41966989636421204, 0.9925172328948975, 0.1261681765317917, 0.17441010475158691, 1.3223063945770264, 0.7938898801803589, 0.7985654473304749, 0.7985654473304749, 0.8533763289451599, '01:09']
[47, 0.45017650723457336, 0.43383705615997314, 0.992543637752533, 0.10905561596155167, 0.17434920370578766, 1.311423897743225, 0.8231419920921326, 0.8278135061264038, 0.8278135061264038, 0.7700034976005554, '01:09']
[48, 0.45516079664230347, 0.42060792446136475, 0.9889340996742249, 0.12632042169570923, 0.1762450635433197, 1.5327391624450684, 0.785707950592041, 0.7962161898612976, 0.7962161898612976, 2.057076930999756, '01:09']
[49, 0.4418160021305084, 0.42873209714889526, 0.9907708764076233, 0.11565623432397842, 0.1753329187631607, 1.4358386993408203, 0.8098255395889282, 0.8141230940818787, 0.8141230940818787, 1.2894140481948853, '01:08']
[50, 0.4475195109844208, 0.4230019450187683, 0.9907585978507996, 0.12204669415950775, 0.17535123229026794, 1.4536994695663452, 0.7963536977767944, 0.801717221736908, 0.801717221736908, 1.394774079322815, '01:09']
[51, 0.4436611235141754, 0.4678049087524414, 0.9758408069610596, 0.08530569821596146, 0.18290632963180542, 1.7609052658081055, 0.8143259882926941, 0.8508933782577515, 0.8508933782577515, 5.622432708740234, '01:08']
[52, 0.4411013126373291, 0.414732426404953, 0.9917005300521851, 0.13406752049922943, 0.17491057515144348, 1.3877249956130981, 0.7840760350227356, 0.7888035178184509, 0.7888035178184509, 1.1036300659179688, '01:09']
[53, 0.4464888274669647, 0.41956570744514465, 0.9910210371017456, 0.12685304880142212, 0.17518573999404907, 1.4442497491836548, 0.7915536761283875, 0.7962204813957214, 0.7962204813957214, 1.3770651817321777, '01:09']
[54, 0.4359472095966339, 0.42794734239578247, 0.9901372194290161, 0.11701904982328415, 0.1756727248430252, 1.4626363515853882, 0.8053558468818665, 0.8116392493247986, 0.8116392493247986, 1.5057612657546997, '01:09']
[55, 0.44101718068122864, 0.430509090423584, 0.9870249629020691, 0.11593928188085556, 0.17731651663780212, 1.5780202150344849, 0.7953938245773315, 0.8098981976509094, 0.8098981976509094, 2.4173824787139893, '01:09']
[56, 0.440829336643219, 0.41954755783081055, 0.9896740317344666, 0.12806566059589386, 0.17599642276763916, 1.518095850944519, 0.7815367579460144, 0.7919321656227112, 0.7919321656227112, 1.8469520807266235, '01:09']
[57, 0.4320937991142273, 0.4173842966556549, 0.9913997054100037, 0.12934109568595886, 0.1750468611717224, 1.4178049564361572, 0.7877744436264038, 0.7915686964988708, 0.7915686964988708, 1.2241947650909424, '01:09']
[58, 0.44332391023635864, 0.42120516300201416, 0.9910963177680969, 0.12457333505153656, 0.17521417140960693, 1.422363042831421, 0.794349730014801, 0.799379825592041, 0.799379825592041, 1.2607660293579102, '01:09']
[59, 0.43673384189605713, 0.42173102498054504, 0.9904974699020386, 0.1242462694644928, 0.17552517354488373, 1.491072416305542, 0.7922385334968567, 0.7976439595222473, 0.7976439595222473, 1.5738362073898315, '01:09']
[60, 0.4560575485229492, 0.41865208745002747, 0.9907057285308838, 0.12787383794784546, 0.17544817924499512, 1.4676599502563477, 0.791019082069397, 0.795138955116272, 0.795138955116272, 1.4759494066238403, '01:09']
[61, 0.43755680322647095, 0.4127679169178009, 0.9911444187164307, 0.13568173348903656, 0.17521092295646667, 1.4321175813674927, 0.7793988585472107, 0.7831428050994873, 0.7831428050994873, 1.2629190683364868, '01:09']
[62, 0.4434492886066437, 0.4340299665927887, 0.9872998595237732, 0.11116968095302582, 0.1771610528230667, 1.595253348350525, 0.8051199913024902, 0.8176143765449524, 0.8176143765449524, 2.585914134979248, '01:09']
[63, 0.43726903200149536, 0.4189399182796478, 0.9897521138191223, 0.12787601351737976, 0.17589090764522552, 1.507330298423767, 0.7820732593536377, 0.7899561524391174, 0.7899561524391174, 1.8124761581420898, '01:09']
[64, 0.4403088390827179, 0.4190797209739685, 0.9918443560600281, 0.12762798368930817, 0.1748015582561493, 1.3775947093963623, 0.7900585532188416, 0.7948600053787231, 0.7948600053787231, 1.0374315977096558, '01:09']
[65, 0.4399288296699524, 0.470624715089798, 0.974766194820404, 0.08668435364961624, 0.18365857005119324, 1.7812159061431885, 0.8096678853034973, 0.8498926758766174, 0.8498925566673279, 6.389974594116211, '01:09']
[66, 0.43769019842147827, 0.4173995852470398, 0.9914332628250122, 0.1303962767124176, 0.17504067718982697, 1.4096511602401733, 0.7888759970664978, 0.7941001057624817, 0.7941001057624817, 1.2025105953216553, '01:09']
[67, 0.43769800662994385, 0.4280436336994171, 0.9881108999252319, 0.11868752539157867, 0.17681653797626495, 1.5675355195999146, 0.7932755947113037, 0.80447918176651, 0.80447918176651, 2.153921127319336, '01:09']
[68, 0.4411740005016327, 0.42548757791519165, 0.9882887601852417, 0.12186994403600693, 0.17674347758293152, 1.536020040512085, 0.7889569997787476, 0.8011817336082458, 0.8011817336082458, 2.0351250171661377, '01:09']
[69, 0.4537826478481293, 0.42770230770111084, 0.9882258176803589, 0.1175973191857338, 0.1766037791967392, 1.5395240783691406, 0.8020572066307068, 0.8113703727722168, 0.8113703727722168, 2.1613259315490723, '01:09']
[70, 0.4380735754966736, 0.4200591444969177, 0.9917928576469421, 0.12562993168830872, 0.17481441795825958, 1.3749347925186157, 0.7943019866943359, 0.7998858690261841, 0.7998858690261841, 1.0982413291931152, '01:08']
No improvement since epoch 61: early stopping
----------
1
----------
DLS create!
[0, 0.5375920534133911, 0.5204123258590698, 0.993131697177887, nan, 0.18385204672813416, 1.1637028455734253, 0.9915837645530701, 0.9542111754417419, 0.9542111754417419, nan, '01:09']
[1, 0.5088900923728943, 0.5067607164382935, 0.9923767447471619, 0.017121609300374985, 0.17675566673278809, 1.2719171047210693, 0.9772835373878479, 0.9437233805656433, 0.9437233805656433, inf, '01:09']
[2, 0.4980165958404541, 0.4851359724998474, 0.9864690899848938, 0.052550025284290314, 0.1773303747177124, 1.5611716508865356, 0.9204264879226685, 0.893160879611969, 0.893160879611969, inf, '01:09']
[3, 0.4904499351978302, 0.500408411026001, 0.9921116232872009, 0.02922176383435726, 0.1746177226305008, 1.2985920906066895, 0.9586775302886963, 0.9291175007820129, 0.9291175007820129, inf, '01:09']
[4, 0.49192410707473755, 0.4783160090446472, 0.9839872717857361, 0.062334466725587845, 0.17815321683883667, 1.6264915466308594, 0.8965144157409668, 0.8725581169128418, 0.8725581169128418, inf, '01:09']
[5, 0.48724836111068726, 0.4924424886703491, 0.9791169762611389, 0.050706151872873306, 0.18083380162715912, 1.7161056995391846, 0.9053242802619934, 0.8846300840377808, 0.8846300840377808, inf, '01:09']
[6, 0.4879798889160156, 0.47999122738838196, 0.9837765693664551, 0.05858413130044937, 0.17809000611305237, 1.6307774782180786, 0.8968217968940735, 0.8745456337928772, 0.8745456337928772, inf, '01:09']
[7, 0.4893953502178192, 0.4804714024066925, 0.9881929159164429, 0.05494252219796181, 0.17613905668258667, 1.5269358158111572, 0.9094665050506592, 0.8833264708518982, 0.8833264708518982, inf, '01:09']
[8, 0.4881373345851898, 0.4732842445373535, 0.9869548678398132, 0.06595465540885925, 0.17677634954452515, 1.5868297815322876, 0.8912847638130188, 0.8651331067085266, 0.8651331067085266, inf, '01:09']
[9, 0.48965585231781006, 0.4766940474510193, 0.9866625070571899, 0.06162649020552635, 0.17692404985427856, 1.601518154144287, 0.8941550254821777, 0.8701484203338623, 0.8701484203338623, inf, '01:09']
[10, 0.4866126477718353, 0.47674643993377686, 0.9856036901473999, 0.06125093251466751, 0.1772710233926773, 1.5964727401733398, 0.8957307934761047, 0.8710057735443115, 0.8710057735443115, inf, '01:09']
[11, 0.4884343147277832, 0.474714070558548, 0.9847233295440674, 0.06723172217607498, 0.17760388553142548, 1.5908608436584473, 0.8900405168533325, 0.8672780394554138, 0.8672780394554138, inf, '01:09']
[12, 0.4850093424320221, 0.47443369030952454, 0.9910914301872253, 0.062332767993211746, 0.17469468712806702, 1.403532862663269, 0.8990011811256409, 0.8755099773406982, 0.8755099773406982, inf, '01:09']
[13, 0.4859926402568817, 0.46848735213279724, 0.9891350865364075, 0.07147425413131714, 0.17588111758232117, 1.5087206363677979, 0.8880245089530945, 0.8636409640312195, 0.8636409640312195, inf, '01:09']
[14, 0.48126789927482605, 0.4632472097873688, 0.9866472482681274, 0.07814741134643555, 0.17696058750152588, 1.6062328815460205, 0.8663862347602844, 0.8454741835594177, 0.8454741835594177, inf, '01:09']
[15, 0.48324188590049744, 0.4676031172275543, 0.9886873960494995, 0.07594422250986099, 0.1757589727640152, 1.4908474683761597, 0.8851669430732727, 0.859609067440033, 0.859609067440033, inf, '01:09']
[16, 0.4689524173736572, 0.45289745926856995, 0.991446852684021, 0.09034568816423416, 0.1746123880147934, 1.4229230880737305, 0.854354739189148, 0.8307058811187744, 0.8307058811187744, inf, '01:09']
[17, 0.4752451181411743, 0.4581363797187805, 0.9856864213943481, 0.08636926859617233, 0.1776331663131714, 1.6429575681686401, 0.8495618104934692, 0.8321495652198792, 0.8321495652198792, inf, '01:08']
[18, 0.47491228580474854, 0.4542795717716217, 0.9900498986244202, 0.08958445489406586, 0.17534847557544708, 1.5118736028671265, 0.8559740781784058, 0.8323834538459778, 0.8323834538459778, inf, '01:09']
[19, 0.4756006896495819, 0.4490709602832794, 0.9905542135238647, 0.09499263763427734, 0.17513807117938995, 1.489803671836853, 0.8459358811378479, 0.8240292072296143, 0.8240292072296143, inf, '01:09']
[20, 0.46796661615371704, 0.4983691871166229, 0.9737431406974792, 0.05657733231782913, 0.1835472732782364, 1.7765171527862549, 0.8789042234420776, 0.8712542057037354, 0.8712542057037354, inf, '01:09']
[21, 0.46985718607902527, 0.4565434753894806, 0.9841161966323853, 0.08842946588993073, 0.17832785844802856, 1.655138373374939, 0.8395988941192627, 0.8298723101615906, 0.8298723101615906, inf, '01:09']
[22, 0.4665898382663727, 0.45200592279434204, 0.9887661337852478, 0.09240175038576126, 0.17611631751060486, 1.5620936155319214, 0.8453101515769958, 0.8245014548301697, 0.8245014548301697, inf, '01:09']
[23, 0.4631989300251007, 0.4582824110984802, 0.9925603866577148, 0.0813378095626831, 0.17398090660572052, 1.2988300323486328, 0.8626408576965332, 0.8429276943206787, 0.8429276943206787, inf, '01:09']
[24, 0.46627670526504517, 0.45102736353874207, 0.9862810969352722, 0.09399750828742981, 0.1773090660572052, 1.616729497909546, 0.8342536091804504, 0.8203462958335876, 0.8203462362289429, inf, '01:09']
[25, 0.4624679982662201, 0.44683998823165894, 0.9885008931159973, 0.09840378165245056, 0.17629294097423553, 1.573447823524475, 0.8282590508460999, 0.8102904558181763, 0.8102904558181763, inf, '01:09']
[26, 0.4616762697696686, 0.4611239433288574, 0.9882539510726929, 0.08016026020050049, 0.17627733945846558, 1.5763969421386719, 0.8601500391960144, 0.8362638354301453, 0.8362638354301453, inf, '01:09']
[27, 0.4549902677536011, 0.43678247928619385, 0.9911642670631409, 0.11192478984594345, 0.17488902807235718, 1.4511302709579468, 0.8191623687744141, 0.7987152338027954, 0.7987152338027954, inf, '01:09']
[28, 0.46073174476623535, 0.45704299211502075, 0.9888709187507629, 0.08301975578069687, 0.1758943349123001, 1.5638160705566406, 0.8534760475158691, 0.8316512107849121, 0.8316512107849121, inf, '01:09']
[29, 0.45722076296806335, 0.43547874689102173, 0.9923825860023499, 0.11323719471693039, 0.1741420179605484, 1.3544503450393677, 0.8180471658706665, 0.798403799533844, 0.798403799533844, inf, '01:09']
[30, 0.46394532918930054, 0.44936221837997437, 0.9864120483398438, 0.09719988703727722, 0.17738507688045502, 1.6476144790649414, 0.8265297412872314, 0.8115589022636414, 0.8115589022636414, inf, '01:09']
[31, 0.4673386812210083, 0.44958725571632385, 0.9902359247207642, 0.09305868297815323, 0.1751009076833725, 1.481105089187622, 0.8422775268554688, 0.822669506072998, 0.822669506072998, inf, '01:09']
[32, 0.459545373916626, 0.4696063697338104, 0.9793581962585449, 0.0827665701508522, 0.18093252182006836, 1.7516387701034546, 0.8308742642402649, 0.8286703824996948, 0.8286703824996948, inf, '01:09']
[33, 0.4545270502567291, 0.455507755279541, 0.9867487549781799, 0.08699940145015717, 0.1770140528678894, 1.6255019903182983, 0.838017463684082, 0.8240231871604919, 0.8240231871604919, inf, '01:09']
[34, 0.4596652388572693, 0.43067073822021484, 0.9919472336769104, 0.11784934252500534, 0.17443504929542542, 1.3907231092453003, 0.8094725012779236, 0.7885684370994568, 0.7885684370994568, inf, '01:09']
[35, 0.45688486099243164, 0.441158264875412, 0.9922603368759155, 0.10422836989164352, 0.17422917485237122, 1.3268818855285645, 0.8277890086174011, 0.8090265989303589, 0.8090265989303589, inf, '01:09']
[36, 0.443105012178421, 0.4313141405582428, 0.9916860461235046, 0.11461079120635986, 0.17451123893260956, 1.4231181144714355, 0.8076474070549011, 0.787882924079895, 0.787882924079895, inf, '01:09']
[37, 0.45768025517463684, 0.44446542859077454, 0.9923460483551025, 0.09956780076026917, 0.17413929104804993, 1.3289707899093628, 0.8318621516227722, 0.8147984147071838, 0.8147984147071838, inf, '01:09']
[38, 0.4562135338783264, 0.4415927529335022, 0.99000084400177, 0.10192312300205231, 0.17538434267044067, 1.5181094408035278, 0.8266029953956604, 0.8061385750770569, 0.8061385154724121, inf, '01:09']
[39, 0.4545324444770813, 0.4613417387008667, 0.9805502891540527, 0.08537556231021881, 0.18008987605571747, 1.7155201435089111, 0.8297443389892578, 0.8263874053955078, 0.826387345790863, inf, '01:09']
[40, 0.4526558518409729, 0.43621110916137695, 0.9884730577468872, 0.11047987639904022, 0.17629864811897278, 1.5876648426055908, 0.8091954588890076, 0.7914060354232788, 0.7914060354232788, inf, '01:09']
[41, 0.4554489254951477, 0.4313497841358185, 0.9926021099090576, 0.11534352600574493, 0.1740465611219406, 1.32845139503479, 0.8094332814216614, 0.7901262044906616, 0.7901262044906616, inf, '01:09']
[42, 0.45016351342201233, 0.42893537878990173, 0.9903876781463623, 0.11759365350008011, 0.17526163160800934, 1.5237540006637573, 0.8013699650764465, 0.7822369933128357, 0.7822369933128357, inf, '01:09']
[43, 0.4515215754508972, 0.43407580256462097, 0.9890353083610535, 0.1118292286992073, 0.17590557038784027, 1.5567859411239624, 0.8098058104515076, 0.7908775210380554, 0.7908775210380554, inf, '01:09']
[44, 0.43608108162879944, 0.43110376596450806, 0.990144670009613, 0.11602728068828583, 0.17539013922214508, 1.5293762683868408, 0.8031714558601379, 0.7827748656272888, 0.7827748656272888, inf, '01:09']
[45, 0.4523630440235138, 0.43896520137786865, 0.9895498156547546, 0.10614665597677231, 0.17572101950645447, 1.5438976287841797, 0.8181777596473694, 0.8009371161460876, 0.8009371161460876, inf, '01:09']
[46, 0.44222891330718994, 0.4322599470615387, 0.9907569289207458, 0.11260008811950684, 0.17508400976657867, 1.4847773313522339, 0.8096539974212646, 0.7891117334365845, 0.7891117334365845, inf, '01:09']
[47, 0.4533299505710602, 0.4506417214870453, 0.9889863729476929, 0.09139081835746765, 0.17591392993927002, 1.569089651107788, 0.8371301889419556, 0.8165383338928223, 0.8165383338928223, inf, '01:09']
[48, 0.44692960381507874, 0.43942081928253174, 0.9875677227973938, 0.10647964477539062, 0.1767704039812088, 1.604112982749939, 0.8103838562965393, 0.7958651781082153, 0.7958651781082153, inf, '01:09']
[49, 0.44389837980270386, 0.42899343371391296, 0.9898131489753723, 0.11820559948682785, 0.1756022572517395, 1.548995852470398, 0.7987321615219116, 0.77812659740448, 0.77812659740448, inf, '01:09']
[50, 0.4377952516078949, 0.43022775650024414, 0.9921474456787109, 0.11628179997205734, 0.17428115010261536, 1.3729077577590942, 0.8062403202056885, 0.7863454222679138, 0.7863454222679138, inf, '01:09']
[51, 0.44634273648262024, 0.4310607314109802, 0.988889217376709, 0.11558277159929276, 0.17605969309806824, 1.5748662948608398, 0.8015641570091248, 0.784377932548523, 0.784377932548523, inf, '01:09']
No improvement since epoch 42: early stopping
----------
2
----------
DLS create!
[0, 0.5372552275657654, 0.5231155753135681, 0.9927894473075867, 0.0, 0.18471860885620117, 1.1278083324432373, 0.9933016896247864, 0.9856178760528564, 0.9856178760528564, 0.0, '01:09']
[1, 0.5088843703269958, 0.5061450004577637, 0.9814451336860657, 0.0455857552587986, 0.18366952240467072, 1.5178194046020508, 0.9446336627006531, 0.9529647827148438, 0.9529647827148438, 6.396925926208496, '01:09']
[2, 0.4957771301269531, 0.49422985315322876, 0.986786425113678, 0.045464497059583664, 0.17737922072410583, 1.5378659963607788, 0.9317761659622192, 0.9382396340370178, 0.9382396340370178, 3.3744571208953857, '01:09']
[3, 0.49249768257141113, 0.5081391930580139, 0.9716746211051941, 0.03510724753141403, 0.18381428718566895, 1.682065725326538, 0.9339049458503723, 0.942520260810852, 0.942520260810852, 11.007552146911621, '01:09']
[4, 0.49032506346702576, 0.4930455982685089, 0.9844515323638916, 0.04495088383555412, 0.17740009725093842, 1.5637905597686768, 0.9203857779502869, 0.927721381187439, 0.927721381187439, 4.699009418487549, '01:09']
[5, 0.4919884502887726, 0.49004724621772766, 0.9910486340522766, 0.044484835118055344, 0.1747933030128479, 1.3670852184295654, 0.9308033585548401, 0.9339160919189453, 0.9339160919189453, 1.0713486671447754, '01:09']
[6, 0.4798477590084076, 0.4891422390937805, 0.9906853437423706, 0.04405161738395691, 0.17462924122810364, 1.3762205839157104, 0.9234909415245056, 0.9276840686798096, 0.9276840686798096, 1.241852045059204, '01:08']
[7, 0.4876028895378113, 0.5053074955940247, 0.9665684700012207, 0.04639938101172447, 0.1860170066356659, 1.7415659427642822, 0.9022287130355835, 0.9229373335838318, 0.9229373335838318, 13.968409538269043, '01:09']
[8, 0.4794260859489441, 0.49090176820755005, 0.9785069227218628, 0.053241174668073654, 0.18056143820285797, 1.6884890794754028, 0.8977328538894653, 0.9113154411315918, 0.9113154411315918, 7.623071193695068, '01:09']
[9, 0.4861660301685333, 0.4851369857788086, 0.9889476895332336, 0.05086648091673851, 0.1755639910697937, 1.458782434463501, 0.9162456393241882, 0.9203090667724609, 0.9203090667724609, 2.199087142944336, '01:09']
[10, 0.4822774827480316, 0.4812389314174652, 0.9884668588638306, 0.05634314566850662, 0.17572563886642456, 1.5029340982437134, 0.9028197526931763, 0.909848690032959, 0.909848690032959, 2.600452184677124, '01:09']
[11, 0.4810871183872223, 0.49595165252685547, 0.9762755632400513, 0.04836662858724594, 0.1816539168357849, 1.7099761962890625, 0.9033011794090271, 0.9187221527099609, 0.9187221527099609, 8.531476974487305, '01:09']
[12, 0.48132866621017456, 0.4924793541431427, 0.9781084656715393, 0.05161968618631363, 0.1807747185230255, 1.685718297958374, 0.9001742601394653, 0.9141585230827332, 0.9141585230827332, 7.389054775238037, '01:09']
[13, 0.4883826971054077, 0.4797267019748688, 0.9901964068412781, 0.05785137414932251, 0.17511935532093048, 1.4074959754943848, 0.9094172120094299, 0.913057267665863, 0.913057267665863, 1.375243902206421, '01:09']
[14, 0.48534533381462097, 0.4808279871940613, 0.9893940091133118, 0.056362640112638474, 0.17542824149131775, 1.4666606187820435, 0.9058114886283875, 0.9117830991744995, 0.9117830991744995, 2.018455743789673, '01:09']
[15, 0.4798266291618347, 0.48621800541877747, 0.9788872599601746, 0.05800289660692215, 0.18043196201324463, 1.6771544218063354, 0.8906732201576233, 0.9059202671051025, 0.9059202671051025, 7.427920818328857, '01:09']
[16, 0.47781258821487427, 0.4812620282173157, 0.9866423606872559, 0.0578678734600544, 0.17671886086463928, 1.5719119310379028, 0.894629955291748, 0.9038020968437195, 0.9038020968437195, 3.4148364067077637, '01:09']
[17, 0.4752061367034912, 0.4818178415298462, 0.9811287522315979, 0.06268993020057678, 0.17958217859268188, 1.6790249347686768, 0.878112256526947, 0.8953530192375183, 0.8953530192375183, 6.148660182952881, '01:09']
[18, 0.4730321764945984, 0.4839586615562439, 0.9889499545097351, 0.052498821169137955, 0.1754951775074005, 1.4590463638305664, 0.9078166484832764, 0.9114975333213806, 0.9114975333213806, 1.8905197381973267, '01:09']
[19, 0.471107542514801, 0.4856894612312317, 0.9827821254730225, 0.05675409361720085, 0.1787494719028473, 1.6599748134613037, 0.8905883431434631, 0.903954029083252, 0.903954029083252, 4.543887138366699, '01:09']
[20, 0.45789825916290283, 0.4749765396118164, 0.9865033626556396, 0.06486542522907257, 0.17677108943462372, 1.5557936429977417, 0.8808980584144592, 0.8901392221450806, 0.890139102935791, 2.5891826152801514, '01:09']
[21, 0.4639320373535156, 0.49385932087898254, 0.9747771620750427, 0.05617294833064079, 0.1825295090675354, 1.7473161220550537, 0.8818086981773376, 0.904232919216156, 0.904232919216156, 9.460005760192871, '01:10']
[22, 0.4662628769874573, 0.4781714975833893, 0.9859668612480164, 0.06286162883043289, 0.17710311710834503, 1.5653668642044067, 0.8867530226707458, 0.8956202864646912, 0.8956202864646912, 3.594930648803711, '01:09']
[23, 0.47033417224884033, 0.47098657488822937, 0.9868969321250916, 0.06981940567493439, 0.17660747468471527, 1.5797585248947144, 0.8738889098167419, 0.8839389681816101, 0.8839389681816101, 3.1311042308807373, '01:09']
[24, 0.46002939343452454, 0.47482144832611084, 0.9917362332344055, 0.06269287317991257, 0.17415492236614227, 1.302425503730774, 0.8928689360618591, 0.9001604914665222, 0.9001604914665222, 0.7532369494438171, '01:09']
[25, 0.47498300671577454, 0.4671687185764313, 0.9894779324531555, 0.07383187115192413, 0.1753559112548828, 1.4531015157699585, 0.8753247857093811, 0.881961464881897, 0.881961464881897, 1.6227519512176514, '01:09']
[26, 0.46090105175971985, 0.47810953855514526, 0.9885059595108032, 0.0602567233145237, 0.17567293345928192, 1.5130234956741333, 0.8927242159843445, 0.9003916382789612, 0.9003916382789612, 2.5035643577575684, '01:09']
[27, 0.47259604930877686, 0.47682029008865356, 0.9884529709815979, 0.06279520690441132, 0.17584830522537231, 1.5139150619506836, 0.8895177245140076, 0.8971740007400513, 0.8971740007400513, 2.3944342136383057, '01:09']
[28, 0.4687846004962921, 0.46497341990470886, 0.9892451763153076, 0.07624518126249313, 0.17550534009933472, 1.4844810962677002, 0.8677765727043152, 0.8760430216789246, 0.8760430216789246, 1.972147822380066, '01:09']
[29, 0.4588809609413147, 0.46586504578590393, 0.9883394241333008, 0.07594133168458939, 0.17590846121311188, 1.5301523208618164, 0.8634417057037354, 0.8739462494850159, 0.8739462494850159, 2.6188888549804688, '01:09']
[30, 0.46501702070236206, 0.46434831619262695, 0.9885865449905396, 0.07795760035514832, 0.17564089596271515, 1.5084807872772217, 0.8639150857925415, 0.8746267557144165, 0.8746267557144165, 2.582496166229248, '01:09']
[31, 0.46421682834625244, 0.4700722098350525, 0.9852762222290039, 0.07399839907884598, 0.17751432955265045, 1.6154671907424927, 0.8607280254364014, 0.8759034276008606, 0.8759034276008606, 3.6565098762512207, '01:09']
[32, 0.4650799036026001, 0.46382787823677063, 0.989456295967102, 0.07853300869464874, 0.17542590200901031, 1.4909664392471313, 0.8663902878761292, 0.8750825524330139, 0.8750825524330139, 1.9894177913665771, '01:09']
[33, 0.46019381284713745, 0.461838960647583, 0.9908229112625122, 0.07984113693237305, 0.1746392548084259, 1.3974913358688354, 0.8637773394584656, 0.8723658919334412, 0.8723658919334412, 1.2904950380325317, '01:09']
[34, 0.4527193307876587, 0.4732973575592041, 0.9848136305809021, 0.07069091498851776, 0.1777905374765396, 1.645970106124878, 0.8630415797233582, 0.8797448873519897, 0.8797448873519897, 4.0117316246032715, '01:09']
[35, 0.4543943703174591, 0.4898298680782318, 0.9922125339508057, 0.04359852895140648, 0.17382124066352844, 1.217508316040039, 0.9171403646469116, 0.9281890392303467, 0.9281890392303467, 0.47628000378608704, '01:09']
[36, 0.4580778479576111, 0.4693906903266907, 0.9843372702598572, 0.07589256763458252, 0.17805230617523193, 1.6554198265075684, 0.8541711568832397, 0.8719072937965393, 0.8719072937965393, 4.2581963539123535, '01:09']
[37, 0.4551486074924469, 0.49548661708831787, 0.9927917122840881, 0.03782682120800018, 0.173455148935318, 1.0804173946380615, 0.9214712977409363, 0.9388204216957092, 0.9388204216957092, 0.13686461746692657, '01:09']
[38, 0.45481908321380615, 0.4702661335468292, 0.9921786189079285, 0.06721527874469757, 0.17385798692703247, 1.2504053115844727, 0.8752630949020386, 0.8893070816993713, 0.8893070816993713, 0.6213063597679138, '01:09']
[39, 0.4527602195739746, 0.4723469614982605, 0.9922893047332764, 0.06816565245389938, 0.1738201230764389, 1.1894720792770386, 0.8820468783378601, 0.8934385776519775, 0.8934385776519775, 0.37847989797592163, '01:09']
[40, 0.45620015263557434, 0.45683935284614563, 0.9903936386108398, 0.08561407029628754, 0.17487172782421112, 1.4240527153015137, 0.8510367274284363, 0.8592829704284668, 0.859282910823822, 1.3871312141418457, '01:09']
[41, 0.45643770694732666, 0.45294520258903503, 0.9906411170959473, 0.09066776186227798, 0.17477011680603027, 1.4187726974487305, 0.8465142846107483, 0.8546388149261475, 0.8546388149261475, 1.326042890548706, '01:09']
[42, 0.45190414786338806, 0.466494619846344, 0.9860407114028931, 0.07737148553133011, 0.17710047960281372, 1.6034722328186035, 0.8573516011238098, 0.8702713251113892, 0.8702713251113892, 3.1228854656219482, '01:09']
[43, 0.4577650725841522, 0.46321097016334534, 0.9855743646621704, 0.08280931413173676, 0.17746320366859436, 1.6305445432662964, 0.8399360179901123, 0.8587378859519958, 0.8587378859519958, 3.6349265575408936, '01:09']
[44, 0.4388786256313324, 0.45733189582824707, 0.9922793507575989, 0.0875588059425354, 0.1738537847995758, 1.2304543256759644, 0.8529826998710632, 0.8642929792404175, 0.8642929792404175, 0.5425362586975098, '01:09']
[45, 0.4442403018474579, 0.4630764424800873, 0.9845934510231018, 0.08456578105688095, 0.17799989879131317, 1.6545441150665283, 0.8368152976036072, 0.8564374446868896, 0.8564374446868896, 3.9505081176757812, '01:09']
[46, 0.44890186190605164, 0.4545515477657318, 0.9907649159431458, 0.08906276524066925, 0.1746947318315506, 1.3941850662231445, 0.8505837321281433, 0.858248770236969, 0.858248770236969, 1.2496272325515747, '01:09']
[47, 0.4460010528564453, 0.4807099997997284, 0.9800154566764832, 0.0685301274061203, 0.18022558093070984, 1.7083464860916138, 0.86146080493927, 0.8838210701942444, 0.8838210701942444, 5.896631717681885, '01:09']
[48, 0.4548928439617157, 0.4600272476673126, 0.991458535194397, 0.08183998614549637, 0.17433243989944458, 1.274544358253479, 0.8621285557746887, 0.8700814247131348, 0.8700814247131348, 0.7132822871208191, '01:09']
[49, 0.440339058637619, 0.45167651772499084, 0.987917423248291, 0.09439212828874588, 0.17620086669921875, 1.5413157939910889, 0.829406201839447, 0.8426075577735901, 0.8426075577735901, 2.518059253692627, '01:09']
[50, 0.4503498077392578, 0.45337313413619995, 0.9919774532318115, 0.09211523085832596, 0.17399440705776215, 1.2662653923034668, 0.8414925932884216, 0.85402911901474, 0.85402911901474, 0.6875482797622681, '01:09']
[51, 0.4510738253593445, 0.45111390948295593, 0.9909799695014954, 0.09249827265739441, 0.1745453178882599, 1.390038251876831, 0.8407217264175415, 0.8499537110328674, 0.8499537110328674, 1.247338891029358, '01:09']
[52, 0.43077415227890015, 0.4717579483985901, 0.9832419157028198, 0.07609270513057709, 0.17856968939304352, 1.6557875871658325, 0.8544248342514038, 0.8710153698921204, 0.8710153698921204, 4.313185691833496, '01:09']
[53, 0.44666656851768494, 0.44749441742897034, 0.9898577928543091, 0.0975126400589943, 0.1752074658870697, 1.4543309211730957, 0.8308690190315247, 0.8411935567855835, 0.8411935567855835, 1.7102266550064087, '01:09']
[54, 0.44854283332824707, 0.4494732916355133, 0.9909000992774963, 0.09501071274280548, 0.17464053630828857, 1.3832401037216187, 0.8360412120819092, 0.8448277115821838, 0.8448277115821838, 1.2472076416015625, '01:09']
[55, 0.44520077109336853, 0.4731336832046509, 0.9851735234260559, 0.07089781761169434, 0.17755696177482605, 1.6353814601898193, 0.8639160990715027, 0.8796091675758362, 0.8796091675758362, 4.414519786834717, '01:09']
[56, 0.4398650527000427, 0.45545804500579834, 0.9873036742210388, 0.09020302444696426, 0.17656393349170685, 1.59868323802948, 0.8290091156959534, 0.8473026752471924, 0.8473026752471924, 3.08909273147583, '01:09']
[57, 0.44067612290382385, 0.4502057135105133, 0.9892127513885498, 0.09442503750324249, 0.17544400691986084, 1.4860094785690308, 0.8337844014167786, 0.8456461429595947, 0.8456460237503052, 2.1836421489715576, '01:09']
[58, 0.44488605856895447, 0.44881048798561096, 0.9897770881652832, 0.09687979519367218, 0.17525406181812286, 1.4561347961425781, 0.8357717990875244, 0.8446741700172424, 0.8446741700172424, 1.6309150457382202, '01:09']
[59, 0.431099534034729, 0.45513543486595154, 0.9910315275192261, 0.08892087638378143, 0.17452991008758545, 1.368963599205017, 0.846321702003479, 0.8550234436988831, 0.8550234436988831, 1.143011212348938, '01:09']
[60, 0.43070194125175476, 0.44610825181007385, 0.9886179566383362, 0.1003582552075386, 0.17585508525371552, 1.5305241346359253, 0.8238934874534607, 0.8360582590103149, 0.8360582590103149, 2.2451376914978027, '01:09']
[61, 0.4378383159637451, 0.4533013701438904, 0.9876436591148376, 0.09250082820653915, 0.17640192806720734, 1.58160400390625, 0.8291759490966797, 0.8446298837661743, 0.8446298837661743, 2.931928873062134, '01:09']
[62, 0.44055595993995667, 0.45214372873306274, 0.9887716174125671, 0.09223342686891556, 0.17574217915534973, 1.539386510848999, 0.8358919620513916, 0.8473706841468811, 0.8473706841468811, 2.4156644344329834, '01:09']
[63, 0.44194671511650085, 0.4553745985031128, 0.992350161075592, 0.08647649735212326, 0.17381985485553741, 1.2141106128692627, 0.8458589315414429, 0.8598677515983582, 0.8598677515983582, 0.5097805857658386, '01:09']
[64, 0.4304554760456085, 0.44927874207496643, 0.9891254901885986, 0.09742804616689682, 0.17559318244457245, 1.4901281595230103, 0.828590452671051, 0.8391001224517822, 0.8391001224517822, 2.015714168548584, '01:09']
[65, 0.44034966826438904, 0.45684167742729187, 0.9872270822525024, 0.08755840361118317, 0.17648065090179443, 1.592831015586853, 0.8376368880271912, 0.852974534034729, 0.852974534034729, 3.1933891773223877, '01:10']
[66, 0.44155505299568176, 0.4499742090702057, 0.9914157390594482, 0.09630133211612701, 0.17440828680992126, 1.301493763923645, 0.8457227349281311, 0.8510576486587524, 0.8510575294494629, 0.7767281532287598, '01:09']
[67, 0.44168174266815186, 0.44458484649658203, 0.9886285066604614, 0.10093686729669571, 0.17585764825344086, 1.5416662693023682, 0.8187506198883057, 0.8339477181434631, 0.8339477181434631, 2.6075234413146973, '01:09']
[68, 0.43698054552078247, 0.4498412311077118, 0.9902371168136597, 0.09377888590097427, 0.1749906837940216, 1.4498398303985596, 0.8351364135742188, 0.8444554805755615, 0.8444554805755615, 1.5177208185195923, '01:09']
[69, 0.43405431509017944, 0.44730132818222046, 0.9872931241989136, 0.10072251409292221, 0.1766062080860138, 1.571720004081726, 0.8158562183380127, 0.8328133225440979, 0.8328133225440979, 3.0867340564727783, '01:10']
[70, 0.43548789620399475, 0.4471786618232727, 0.9899718761444092, 0.09792666882276535, 0.17517432570457458, 1.4336678981781006, 0.8322935104370117, 0.8398902416229248, 0.8398902416229248, 1.4894829988479614, '01:09']
[71, 0.4374155104160309, 0.4558183252811432, 0.9850789904594421, 0.09198809415102005, 0.17775283753871918, 1.6460100412368774, 0.8168110251426697, 0.8429219126701355, 0.842921793460846, 4.299080848693848, '01:10']
[72, 0.43156686425209045, 0.4543358385562897, 0.9900919795036316, 0.08864488452672958, 0.17503800988197327, 1.4606786966323853, 0.8416277766227722, 0.8517686128616333, 0.8517686128616333, 1.7097419500350952, '01:09']
[73, 0.445059210062027, 0.44351068139076233, 0.9883611798286438, 0.1030828207731247, 0.17604483664035797, 1.5495598316192627, 0.8164024949073792, 0.8326012492179871, 0.8326012492179871, 2.6258583068847656, '01:09']
[74, 0.44288796186447144, 0.44671717286109924, 0.987420916557312, 0.10065937042236328, 0.17650362849235535, 1.5975255966186523, 0.8107444643974304, 0.8303661346435547, 0.8303661346435547, 3.0443413257598877, '01:09']
[75, 0.441010445356369, 0.4435693323612213, 0.9915720224380493, 0.1023424044251442, 0.17428269982337952, 1.3461394309997559, 0.8267384171485901, 0.8359114527702332, 0.8359114527702332, 1.0566248893737793, '01:09']
[76, 0.43276575207710266, 0.4484444856643677, 0.9916852712631226, 0.09838999062776566, 0.174172043800354, 1.3337693214416504, 0.8338273763656616, 0.8433890342712402, 0.843389093875885, 0.9184542894363403, '01:09']
[77, 0.4377000033855438, 0.43910321593284607, 0.9903804659843445, 0.10771346092224121, 0.17495854198932648, 1.4526572227478027, 0.8145768642425537, 0.8246998190879822, 0.8246998190879822, 1.5604838132858276, '01:10']
[78, 0.4434332549571991, 0.44422680139541626, 0.9874923825263977, 0.10353000462055206, 0.17652004957199097, 1.587761640548706, 0.8086789846420288, 0.8281252980232239, 0.8281252980232239, 2.9763646125793457, '01:09']
[79, 0.4370741844177246, 0.45289885997772217, 0.9920986890792847, 0.08864700049161911, 0.17395468056201935, 1.2652934789657593, 0.8397394418716431, 0.8532135486602783, 0.8532135486602783, 0.6971554160118103, '01:09']
[80, 0.4312354028224945, 0.4549631178379059, 0.9885785579681396, 0.08770155906677246, 0.17584297060966492, 1.528148889541626, 0.8396300077438354, 0.8531727194786072, 0.8531727194786072, 2.350590229034424, '01:09']
[81, 0.42883211374282837, 0.4481256604194641, 0.9863699078559875, 0.09987147897481918, 0.17712491750717163, 1.5992649793624878, 0.8145359754562378, 0.8331119418144226, 0.8331119418144226, 3.0023787021636963, '01:09']
[82, 0.44005921483039856, 0.4424111247062683, 0.9911434054374695, 0.10290748625993729, 0.17449726164340973, 1.391841173171997, 0.8263558745384216, 0.8344301581382751, 0.8344301581382751, 1.278885841369629, '01:09']
[83, 0.4388769567012787, 0.4382546842098236, 0.9917183518409729, 0.10950389504432678, 0.17421212792396545, 1.3403308391571045, 0.8171371221542358, 0.825927197933197, 0.825927197933197, 0.9914656281471252, '01:10']
[84, 0.4352385997772217, 0.45353877544403076, 0.9893113970756531, 0.09004983305931091, 0.1754712015390396, 1.4729009866714478, 0.8428014516830444, 0.8505102396011353, 0.8505102396011353, 1.7728984355926514, '01:09']
[85, 0.433933287858963, 0.44022995233535767, 0.9896076321601868, 0.10580407828092575, 0.17534859478473663, 1.51078200340271, 0.8132109045982361, 0.8256335854530334, 0.8256335854530334, 2.146688461303711, '01:09']
[86, 0.4365561902523041, 0.4458237290382385, 0.9903877973556519, 0.09812341630458832, 0.17491604387760162, 1.4433629512786865, 0.8293642401695251, 0.837308943271637, 0.837308943271637, 1.5327155590057373, '01:09']
[87, 0.4283410310745239, 0.4484545588493347, 0.9869251251220703, 0.09885641187429428, 0.17684707045555115, 1.598658800125122, 0.8151125311851501, 0.8349480032920837, 0.8349480032920837, 3.314008951187134, '01:09']
[88, 0.43896862864494324, 0.44570136070251465, 0.9876654744148254, 0.10077511519193649, 0.17638255655765533, 1.5847008228302002, 0.8137176036834717, 0.831415057182312, 0.831415057182312, 2.9596192836761475, '01:09']
[89, 0.43549883365631104, 0.44706928730010986, 0.9904525876045227, 0.09602407366037369, 0.17482535541057587, 1.4404956102371216, 0.8300148248672485, 0.8392637372016907, 0.8392637372016907, 1.4577924013137817, '01:09']
----------
3
----------
DLS create!
[0, 0.535031259059906, 0.520290732383728, 0.9926014542579651, 0.0, 0.18219149112701416, 1.0978060960769653, 0.9947081804275513, 0.9857642650604248, 0.9857642650604248, 2.0275492715882137e-06, '01:09']
[1, 0.5130448937416077, 0.5046689510345459, 0.9911245107650757, 0.025492768734693527, 0.17763164639472961, 1.2990761995315552, 0.9672166109085083, 0.9638936519622803, 0.9638936519622803, 0.4896424114704132, '01:08']
[2, 0.4998205304145813, 0.49251750111579895, 0.9859408140182495, 0.04686639457941055, 0.17764557898044586, 1.4730290174484253, 0.9357178211212158, 0.9359052777290344, 0.9359052777290344, 2.307965040206909, '01:09']
[3, 0.49433085322380066, 0.49922800064086914, 0.9785537719726562, 0.04510396346449852, 0.18100467324256897, 1.6321110725402832, 0.926734447479248, 0.9312862157821655, 0.9312862157821655, 5.079130172729492, '01:09']
[4, 0.4907216429710388, 0.4942866563796997, 0.9779901504516602, 0.04882471263408661, 0.18086282908916473, 1.6511809825897217, 0.9131189584732056, 0.920425295829773, 0.920425295829773, 4.7721333503723145, '01:08']
[5, 0.4859378933906555, 0.4846384823322296, 0.9870392084121704, 0.05293475463986397, 0.17634952068328857, 1.4804822206497192, 0.9143694043159485, 0.9142486453056335, 0.9142486453056335, 1.914567232131958, '01:09']
[6, 0.4869849681854248, 0.4949464499950409, 0.9744617342948914, 0.051217466592788696, 0.18243083357810974, 1.6546708345413208, 0.9097782373428345, 0.9203547239303589, 0.9203547239303589, 6.290126323699951, '01:08']
[7, 0.4841066300868988, 0.4932825565338135, 0.9887821674346924, 0.04037683084607124, 0.1754845529794693, 1.419386863708496, 0.9337080121040344, 0.9314339756965637, 0.9314339756965637, 1.2006804943084717, '01:09']
[8, 0.4825093448162079, 0.4910286068916321, 0.9906916618347168, 0.04285559058189392, 0.17452946305274963, 1.297653079032898, 0.9291095733642578, 0.929352879524231, 0.929352879524231, 0.6836296916007996, '01:08']
[9, 0.4724775552749634, 0.4843870997428894, 0.9902032017707825, 0.05128609016537666, 0.17474710941314697, 1.3157631158828735, 0.914624810218811, 0.915198802947998, 0.915198802947998, 0.9392579197883606, '01:08']
[10, 0.48567891120910645, 0.48314595222473145, 0.9834826588630676, 0.05825963616371155, 0.17813760042190552, 1.554995059967041, 0.9042394161224365, 0.9088030457496643, 0.9088030457496643, 3.2068428993225098, '01:08']
[11, 0.4827425181865692, 0.48800379037857056, 0.9901210069656372, 0.04549390822649002, 0.17483854293823242, 1.325470209121704, 0.9265990853309631, 0.9247774481773376, 0.9247774481773376, 0.869901180267334, '01:08']
[12, 0.4742279648780823, 0.4843860864639282, 0.9883547425270081, 0.053764112293720245, 0.17590202391147614, 1.447973608970642, 0.9133628010749817, 0.9129451513290405, 0.9129451513290405, 1.5391744375228882, '01:09']
[13, 0.4748396575450897, 0.4922148883342743, 0.9752188324928284, 0.054529041051864624, 0.1818358600139618, 1.6705595254898071, 0.8928853869438171, 0.9070628881454468, 0.9070627689361572, 6.08603048324585, '01:09']
[14, 0.4747762382030487, 0.48846691846847534, 0.9875892400741577, 0.047665081918239594, 0.17625154554843903, 1.4629312753677368, 0.920613169670105, 0.9205819964408875, 0.9205819964408875, 1.7071553468704224, '01:09']
[15, 0.4770137667655945, 0.4734273850917816, 0.9877513647079468, 0.06737645715475082, 0.17598891258239746, 1.464163064956665, 0.8887349963188171, 0.890777051448822, 0.890777051448822, 1.841021180152893, '01:09']
[16, 0.47151488065719604, 0.47786667943000793, 0.9914700388908386, 0.058671560138463974, 0.1741873323917389, 1.2499572038650513, 0.9006675481796265, 0.9051156044006348, 0.9051156044006348, 0.5440409779548645, '01:09']
[17, 0.46899527311325073, 0.49650129675865173, 0.9761729836463928, 0.05566434934735298, 0.1818132996559143, 1.7022323608398438, 0.8865419626235962, 0.9007561802864075, 0.9007561802864075, 5.165040016174316, '01:09']
[18, 0.4631422460079193, 0.47149813175201416, 0.9905461668968201, 0.06774342805147171, 0.17467914521694183, 1.3165359497070312, 0.8877014517784119, 0.8906468152999878, 0.8906468152999878, 0.8113877773284912, '01:09']
[19, 0.47037073969841003, 0.4932715594768524, 0.9923818707466125, 0.03970407694578171, 0.17361722886562347, 1.0964213609695435, 0.9234951138496399, 0.9343845248222351, 0.9343845248222351, 0.16237783432006836, '01:09']
[20, 0.4705224931240082, 0.4744005501270294, 0.9833636283874512, 0.06936798989772797, 0.1781802922487259, 1.5929532051086426, 0.8739591240882874, 0.8826249837875366, 0.8826249837875366, 3.0732815265655518, '01:09']
[21, 0.4676745533943176, 0.4704369306564331, 0.9915273785591125, 0.07005373388528824, 0.1741378754377365, 1.233741044998169, 0.8836901783943176, 0.8896318674087524, 0.8896318674087524, 0.5347138047218323, '01:09']
[22, 0.4658413827419281, 0.46989738941192627, 0.9878465533256531, 0.07151425629854202, 0.1759851723909378, 1.4696993827819824, 0.8772627115249634, 0.8808092474937439, 0.8808092474937439, 1.8348065614700317, '01:10']
[23, 0.45814478397369385, 0.47714999318122864, 0.9852423071861267, 0.0656607374548912, 0.17724420130252838, 1.558587908744812, 0.8802420496940613, 0.8855195045471191, 0.8855195045471191, 2.6439695358276367, '01:09']
[24, 0.4547176957130432, 0.4807339608669281, 0.9913865327835083, 0.05377054587006569, 0.1741737574338913, 1.2305208444595337, 0.9013146758079529, 0.9084012508392334, 0.9084012508392334, 0.4807540476322174, '01:09']
[25, 0.4675324559211731, 0.46479636430740356, 0.9873157143592834, 0.07832232862710953, 0.17624355852603912, 1.4732656478881836, 0.8684404492378235, 0.8736623525619507, 0.8736623525619507, 1.9075788259506226, '01:09']
[26, 0.46365073323249817, 0.46976396441459656, 0.9892451763153076, 0.07097827643156052, 0.17519511282444, 1.4003543853759766, 0.8786557912826538, 0.8817365169525146, 0.8817365169525146, 1.2957299947738647, '01:09']
[27, 0.46303367614746094, 0.4689910113811493, 0.9908652305603027, 0.07079903781414032, 0.17446856200695038, 1.304985761642456, 0.8809137940406799, 0.8846377730369568, 0.8846377730369568, 0.7306393384933472, '01:10']
[28, 0.4658496677875519, 0.47632721066474915, 0.9913918375968933, 0.06146110221743584, 0.1741420030593872, 1.2344319820404053, 0.8933635354042053, 0.9002811312675476, 0.9002811312675476, 0.5491150617599487, '01:09']
[29, 0.4506520628929138, 0.4652116000652313, 0.9859765768051147, 0.07901711016893387, 0.1769491285085678, 1.5327550172805786, 0.8589287996292114, 0.8662707805633545, 0.8662707805633545, 2.3327109813690186, '01:09']
[30, 0.4557587206363678, 0.4678885340690613, 0.9904347062110901, 0.07135660201311111, 0.17469659447669983, 1.333445429801941, 0.876430094242096, 0.8802457451820374, 0.8802457451820374, 0.8510922789573669, '01:09']
[31, 0.461647629737854, 0.4711279571056366, 0.9849500060081482, 0.0733654573559761, 0.17751047015190125, 1.5686614513397217, 0.8645548224449158, 0.874097466468811, 0.874097466468811, 2.648904800415039, '01:09']
[32, 0.4508790969848633, 0.4646216928958893, 0.9893690943717957, 0.07648346573114395, 0.1752975434064865, 1.3806970119476318, 0.868049681186676, 0.8723879456520081, 0.8723879456520081, 1.1349064111709595, '01:09']
[33, 0.4472401738166809, 0.485745370388031, 0.9922021627426147, 0.04846510291099548, 0.17370156943798065, 1.133021593093872, 0.9079956412315369, 0.9187831878662109, 0.9187831878662109, 0.23888635635375977, '01:09']
[34, 0.4536534249782562, 0.5093045234680176, 0.9702581167221069, 0.04878902807831764, 0.18477663397789001, 1.7420729398727417, 0.8889105916023254, 0.912230372428894, 0.912230372428894, 7.299903869628906, '01:09']
[35, 0.4559938907623291, 0.46798133850097656, 0.9883090853691101, 0.07522451132535934, 0.17584121227264404, 1.4394994974136353, 0.8643413782119751, 0.8715358376502991, 0.8715358376502991, 1.4909031391143799, '01:10']
[36, 0.4400118887424469, 0.47213560342788696, 0.9919964075088501, 0.066128671169281, 0.17384332418441772, 1.1722279787063599, 0.87751305103302, 0.889559805393219, 0.889559805393219, 0.3739568293094635, '01:09']
[37, 0.4512369930744171, 0.471391886472702, 0.9868019223213196, 0.0724908858537674, 0.17657946050167084, 1.4996371269226074, 0.8661813139915466, 0.8745431303977966, 0.8745431303977966, 1.9816313982009888, '01:09']
[38, 0.4458402395248413, 0.46180620789527893, 0.9913954138755798, 0.0779268890619278, 0.17419585585594177, 1.2462409734725952, 0.8594557642936707, 0.8692893385887146, 0.8692893385887146, 0.5626526474952698, '01:09']
[39, 0.44459667801856995, 0.4711010456085205, 0.9866290092468262, 0.0712551400065422, 0.17662928998470306, 1.4814295768737793, 0.872099757194519, 0.8784012794494629, 0.8784012794494629, 1.797154188156128, '01:09']
[40, 0.45636507868766785, 0.4815606474876404, 0.9922698736190796, 0.054043132811784744, 0.1736762523651123, 1.129164457321167, 0.8967129588127136, 0.9110506772994995, 0.9110506772994995, 0.2434116005897522, '01:09']
[41, 0.4509916603565216, 0.4647025167942047, 0.9878035187721252, 0.07851721346378326, 0.17610955238342285, 1.4622724056243896, 0.8607028126716614, 0.8677724003791809, 0.8677724003791809, 1.6066769361495972, '01:09']
[42, 0.4481775462627411, 0.4587891697883606, 0.9877041578292847, 0.08517239987850189, 0.1761482208967209, 1.4892538785934448, 0.8477318286895752, 0.8551233410835266, 0.8551233410835266, 1.9158687591552734, '01:09']
[43, 0.4483330547809601, 0.46081510186195374, 0.991017758846283, 0.08119978755712509, 0.17438600957393646, 1.2821630239486694, 0.8602936267852783, 0.8653509616851807, 0.8653509616851807, 0.6706435680389404, '01:09']
[44, 0.4459603428840637, 0.45052921772003174, 0.9886360168457031, 0.09443694353103638, 0.17564691603183746, 1.4542497396469116, 0.8324102759361267, 0.8398067951202393, 0.8398067951202393, 1.611119031906128, '01:09']
[45, 0.440468966960907, 0.4577093720436096, 0.9913467764854431, 0.08500174432992935, 0.17422248423099518, 1.2657030820846558, 0.8506689667701721, 0.8597995638847351, 0.8597995638847351, 0.6950312256813049, '01:09']
[46, 0.4464978575706482, 0.4518817961215973, 0.990874171257019, 0.09272971004247665, 0.17449109256267548, 1.3064042329788208, 0.8402911424636841, 0.8473711609840393, 0.8473711609840393, 0.8149855136871338, '01:09']
[47, 0.4437483549118042, 0.4617747664451599, 0.9878675937652588, 0.08130573481321335, 0.17602652311325073, 1.4627841711044312, 0.8546909689903259, 0.8611099123954773, 0.8611099123954773, 1.6145811080932617, '01:09']
[48, 0.44508564472198486, 0.45672473311424255, 0.99014812707901, 0.08556625992059708, 0.1748705953359604, 1.341541051864624, 0.8527858853340149, 0.8588510751724243, 0.8588510751724243, 0.9928300380706787, '01:09']
[49, 0.43472984433174133, 0.45607268810272217, 0.9897308945655823, 0.08736252039670944, 0.17507921159267426, 1.4056118726730347, 0.8449565172195435, 0.8518409132957458, 0.8518409132957458, 1.281860589981079, '01:09']
[50, 0.44731470942497253, 0.4644647538661957, 0.986485481262207, 0.08007889986038208, 0.1767456829547882, 1.5379451513290405, 0.853245735168457, 0.8615610599517822, 0.8615610599517822, 2.1946027278900146, '01:09']
[51, 0.4390426576137543, 0.45690515637397766, 0.9863815307617188, 0.09021234512329102, 0.17688456177711487, 1.5376394987106323, 0.8330130577087402, 0.8458635210990906, 0.8458635210990906, 2.4498555660247803, '01:09']
[52, 0.43859097361564636, 0.4565788507461548, 0.9908002614974976, 0.08571938425302505, 0.17454376816749573, 1.2943159341812134, 0.8525781035423279, 0.8587356209754944, 0.8587356209754944, 0.7816193103790283, '01:09']
[53, 0.44637542963027954, 0.45615944266319275, 0.9874881505966187, 0.08782709389925003, 0.17623430490493774, 1.489230990409851, 0.841629147529602, 0.8508396744728088, 0.8508396744728088, 1.9986051321029663, '01:09']
No improvement since epoch 44: early stopping
----------
4
----------
DLS create!
[0, 0.5603101253509521, 0.5354555249214172, 0.9904261827468872, nan, 0.19189688563346863, 1.1367079019546509, 0.9965238571166992, 0.9738274812698364, 0.9738274812698364, nan, '01:09']
[1, 0.520235002040863, 0.5097503662109375, 0.9904766082763672, 6.894578291394282e-06, 0.18181829154491425, 1.288938283920288, 0.9658331274986267, 0.9520047307014465, 0.9520047307014465, inf, '01:09']
[2, 0.5073561668395996, 0.5067116022109985, 0.9884311556816101, 0.02865411341190338, 0.17657651007175446, 1.2953811883926392, 0.9641964435577393, 0.9509766697883606, 0.9509766697883606, inf, '01:09']
[3, 0.4990701377391815, 0.49030470848083496, 0.9839264750480652, 0.05732852965593338, 0.1769648790359497, 1.426629662513733, 0.9221954941749573, 0.9116794466972351, 0.9116794466972351, inf, '01:09']
[4, 0.49069851636886597, 0.4901486039161682, 0.9875798225402832, 0.0527995340526104, 0.175297811627388, 1.3585206270217896, 0.9210895299911499, 0.9105550050735474, 0.9105550050735474, inf, '01:08']
[5, 0.49025383591651917, 0.48615309596061707, 0.9849964380264282, 0.059462886303663254, 0.176384836435318, 1.4567266702651978, 0.9077721834182739, 0.8974570035934448, 0.8974570035934448, inf, '01:09']
[6, 0.49328210949897766, 0.4859737753868103, 0.9871097803115845, 0.060086626559495926, 0.17543664574623108, 1.389299750328064, 0.9083232879638672, 0.8985682129859924, 0.8985682129859924, inf, '01:09']
[7, 0.4915900230407715, 0.482346773147583, 0.9823553562164307, 0.0666397288441658, 0.17750011384487152, 1.4989672899246216, 0.8999359011650085, 0.8898659944534302, 0.8898659348487854, inf, '01:09']
[8, 0.4880606532096863, 0.48018938302993774, 0.9845775365829468, 0.06743089109659195, 0.17670680582523346, 1.4814701080322266, 0.8963948488235474, 0.8862013220787048, 0.8862013220787048, inf, '01:09']
[9, 0.485823392868042, 0.47779029607772827, 0.9831840991973877, 0.07135871797800064, 0.1771496683359146, 1.4811575412750244, 0.8923820853233337, 0.8818140625953674, 0.8818140625953674, inf, '01:09']
[10, 0.48966968059539795, 0.4854080080986023, 0.9869625568389893, 0.05935611203312874, 0.1755145639181137, 1.4012768268585205, 0.9050613045692444, 0.8963152170181274, 0.8963152170181274, inf, '01:09']
[11, 0.48149073123931885, 0.49886465072631836, 0.987882137298584, 0.042968012392520905, 0.17485728859901428, 1.3482582569122314, 0.9282830357551575, 0.9204431772232056, 0.9204431772232056, inf, '01:09']
[12, 0.48880791664123535, 0.4877638816833496, 0.9873068928718567, 0.057790737599134445, 0.17532236874103546, 1.368080973625183, 0.911931574344635, 0.9016841650009155, 0.9016841650009155, inf, '01:09']
[13, 0.4841831624507904, 0.49073177576065063, 0.9863364696502686, 0.053657352924346924, 0.17583872377872467, 1.4173054695129395, 0.9167132377624512, 0.9061411023139954, 0.9061411023139954, inf, '01:09']
[14, 0.4780992865562439, 0.49389171600341797, 0.9889222383499146, 0.04847241938114166, 0.1743575930595398, 1.269310474395752, 0.9171449542045593, 0.9132342338562012, 0.9132342338562012, inf, '01:09']
[15, 0.4767950177192688, 0.4760585427284241, 0.9862512350082397, 0.0720028281211853, 0.17584529519081116, 1.4436930418014526, 0.8833906650543213, 0.8745201230049133, 0.8745201230049133, inf, '01:09']
[16, 0.4782378673553467, 0.47442081570625305, 0.9845195412635803, 0.07560853660106659, 0.17684513330459595, 1.5127211809158325, 0.8754503130912781, 0.8667075634002686, 0.8667075634002686, inf, '01:09']
[17, 0.4734664261341095, 0.46951407194137573, 0.9858806133270264, 0.07950986921787262, 0.1761140376329422, 1.4659007787704468, 0.8716841340065002, 0.863359808921814, 0.863359808921814, inf, '01:09']
[18, 0.4754761755466461, 0.46386685967445374, 0.9883915185928345, 0.08623050898313522, 0.1748793125152588, 1.356018304824829, 0.8611617088317871, 0.8554182648658752, 0.8554182648658752, inf, '01:09']
[19, 0.4676124155521393, 0.47134876251220703, 0.9815327525138855, 0.08105365931987762, 0.17847010493278503, 1.588144302368164, 0.8635646104812622, 0.859845757484436, 0.859845757484436, inf, '01:10']
[20, 0.46927130222320557, 0.4819354712963104, 0.9896625280380249, 0.06127769127488136, 0.17408041656017303, 1.2445849180221558, 0.8905733823776245, 0.8905647993087769, 0.8905647993087769, inf, '01:09']
[21, 0.47639966011047363, 0.4700520932674408, 0.9852392077445984, 0.08006659895181656, 0.17630353569984436, 1.47837495803833, 0.8702617883682251, 0.8620943427085876, 0.8620943427085876, inf, '01:09']
[22, 0.4741691052913666, 0.4855656325817108, 0.9899197816848755, 0.058234646916389465, 0.17388930916786194, 1.2021595239639282, 0.892038881778717, 0.8958382606506348, 0.8958382606506348, inf, '01:09']
[23, 0.4744836091995239, 0.4835345149040222, 0.9898000955581665, 0.06117503345012665, 0.17392970621585846, 1.2152522802352905, 0.8881307244300842, 0.8925952911376953, 0.8925951719284058, inf, '01:09']
[24, 0.4784443974494934, 0.46696358919143677, 0.9884448647499084, 0.08128726482391357, 0.17476388812065125, 1.3505312204360962, 0.8650695085525513, 0.8601813912391663, 0.8601813912391663, inf, '01:09']
[25, 0.4742971956729889, 0.47754502296447754, 0.9890149831771851, 0.07010392099618912, 0.17432613670825958, 1.290771722793579, 0.8801398873329163, 0.8779157400131226, 0.8779157400131226, inf, '01:09']
[26, 0.4698643982410431, 0.4792383313179016, 0.9861688613891602, 0.0680738016963005, 0.17593157291412354, 1.4500374794006348, 0.8835381269454956, 0.8762128949165344, 0.8762128949165344, inf, '01:09']
[27, 0.4723615050315857, 0.4641915261745453, 0.9885013699531555, 0.08622628450393677, 0.17474131286144257, 1.336169958114624, 0.858589231967926, 0.8528724908828735, 0.8528724908828735, inf, '01:09']
No improvement since epoch 18: early stopping
Linknet_vgg19 Done!
