Models will save to Linknet_xcep_x
Use xception encoder
Start training...
----------
0
----------
DLS create!
[0, 0.5638929605484009, 0.5377168655395508, 0.993565022945404, 0.00010215111979050562, 0.1943940669298172, 1.2026814222335815, 0.9985852837562561, 0.9883820414543152, 0.9883820414543152, 0.06787610799074173, '01:40']
[1, 0.5233098864555359, 0.5127954483032227, 0.9937458038330078, 0.0, 0.18053169548511505, 1.1683930158615112, 0.9861509799957275, 0.9804329872131348, 0.9804329872131348, 0.0, '01:38']
[2, 0.504006564617157, 0.4963195025920868, 0.9824399352073669, 0.04505211487412453, 0.1807842254638672, 1.5225764513015747, 0.9393107891082764, 0.9438450932502747, 0.9438450932502747, 3.8895816802978516, '01:44']
[3, 0.49396079778671265, 0.4806439280509949, 0.9877917766571045, 0.05909722298383713, 0.17720945179462433, 1.471858263015747, 0.9168080687522888, 0.9188516736030579, 0.9188516736030579, 1.647032618522644, '01:37']
[4, 0.4858008921146393, 0.478219211101532, 0.9909881353378296, 0.0543639101088047, 0.17513407766819, 1.382930874824524, 0.9144569635391235, 0.914034903049469, 0.914034903049469, 0.9461953043937683, '01:38']
[5, 0.4819566607475281, 0.4675680696964264, 0.9920353889465332, 0.06704338639974594, 0.1746605932712555, 1.3273396492004395, 0.8937872052192688, 0.8958537578582764, 0.8958537578582764, 0.7815313339233398, '01:44']
[6, 0.48273107409477234, 0.4773963391780853, 0.9850886464118958, 0.06138613820075989, 0.17813125252723694, 1.6198066473007202, 0.8902533650398254, 0.897529661655426, 0.897529661655426, 3.014366865158081, '01:37']
[7, 0.4706353545188904, 0.4580405354499817, 0.9862111806869507, 0.08425426483154297, 0.17769503593444824, 1.5772920846939087, 0.8515269160270691, 0.8625689148902893, 0.8625689148902893, 2.3696582317352295, '01:38']
[8, 0.46807098388671875, 0.46374818682670593, 0.9897095561027527, 0.07407527416944504, 0.1757795363664627, 1.464687466621399, 0.8746053576469421, 0.876011312007904, 0.876011312007904, 1.2922004461288452, '01:44']
[9, 0.4628630578517914, 0.5643478035926819, 0.9344676733016968, 0.0378321036696434, 0.20267972350120544, 1.8793281316757202, 0.8914356827735901, 0.9307084083557129, 0.9307084083557129, 16.40434455871582, '01:38']
[10, 0.46766960620880127, 0.4495057761669159, 0.9917904734611511, 0.08879942446947098, 0.17472098767757416, 1.368518352508545, 0.8565948605537415, 0.8576457500457764, 0.8576457500457764, 0.9394357204437256, '01:38']
[11, 0.4722682535648346, 0.4442514479160309, 0.9915630221366882, 0.09650516510009766, 0.17484118044376373, 1.3797622919082642, 0.8438547253608704, 0.8468644618988037, 0.8468644618988037, 1.049499273300171, '01:44']
[12, 0.4629856050014496, 0.43649959564208984, 0.9887433052062988, 0.10826731473207474, 0.17640940845012665, 1.5092523097991943, 0.8177307844161987, 0.8265631198883057, 0.8265631198883057, 1.8647433519363403, '01:38']
[13, 0.4556756913661957, 0.45520734786987305, 0.986510694026947, 0.08862847089767456, 0.17766670882701874, 1.6103712320327759, 0.8458821773529053, 0.856080174446106, 0.856080174446106, 2.634657382965088, '01:37']
[14, 0.4576858580112457, 0.4444817006587982, 0.9877303838729858, 0.09799767285585403, 0.17680497467517853, 1.556060552597046, 0.8315290212631226, 0.8398021459579468, 0.8398021459579468, 2.0897672176361084, '01:44']
[15, 0.4565882682800293, 0.4318045675754547, 0.9907160401344299, 0.1149742528796196, 0.1753762662410736, 1.439408540725708, 0.8171132206916809, 0.8216506838798523, 0.8216506838798523, 1.3662010431289673, '01:37']
[16, 0.4564574956893921, 0.4424750506877899, 0.9927139282226562, 0.09666675329208374, 0.1742142289876938, 1.2780858278274536, 0.836985170841217, 0.8422644734382629, 0.8422644734382629, 0.641599178314209, '01:38']
[17, 0.4569605588912964, 0.4303116500377655, 0.9912893176078796, 0.11635883152484894, 0.17509083449840546, 1.3984194993972778, 0.8156141042709351, 0.8193627595901489, 0.8193627595901489, 1.165371298789978, '01:44']
[18, 0.44721177220344543, 0.4281724691390991, 0.9901750087738037, 0.11721743643283844, 0.17570552229881287, 1.4551030397415161, 0.804805338382721, 0.8110864758491516, 0.8110864758491516, 1.4680007696151733, '01:37']
[19, 0.44372138381004333, 0.4406417906284332, 0.9876819252967834, 0.10495199263095856, 0.17705802619457245, 1.5510715246200562, 0.8127192854881287, 0.8251020312309265, 0.8251020312309265, 2.092050552368164, '01:38']
[20, 0.44985416531562805, 0.4380356967449188, 0.9877833724021912, 0.10624193400144577, 0.17686372995376587, 1.5616638660430908, 0.8141595721244812, 0.823630690574646, 0.823630690574646, 2.0794618129730225, '01:43']
[21, 0.4423985183238983, 0.43277060985565186, 0.9914129376411438, 0.10976993292570114, 0.17495888471603394, 1.4054973125457764, 0.8161140084266663, 0.8204857110977173, 0.8204857110977173, 1.1314374208450317, '01:38']
[22, 0.43598923087120056, 0.43245771527290344, 0.9911404848098755, 0.11254478245973587, 0.1751936376094818, 1.3800946474075317, 0.812655508518219, 0.8190723657608032, 0.8190723657608032, 1.1056705713272095, '01:37']
[23, 0.43127143383026123, 0.4258780777454376, 0.9919068217277527, 0.11907767504453659, 0.17475827038288116, 1.347638726234436, 0.8046202063560486, 0.8091814517974854, 0.8091814517974854, 0.9177878499031067, '01:44']
[24, 0.4430762827396393, 0.45017048716545105, 0.9934741854667664, 0.08945582807064056, 0.173776313662529, 1.17283034324646, 0.8449918031692505, 0.8575908541679382, 0.8575908541679382, 0.36675700545310974, '01:38']
[25, 0.4486435055732727, 0.4361781179904938, 0.9898651242256165, 0.10603388398885727, 0.175835981965065, 1.4768036603927612, 0.8200986981391907, 0.8265125155448914, 0.8265125155448914, 1.5901598930358887, '01:38']
[26, 0.44617170095443726, 0.43102389574050903, 0.9895764589309692, 0.11366619169712067, 0.17608942091464996, 1.4921461343765259, 0.8082666993141174, 0.8166077733039856, 0.8166077733039856, 1.708496332168579, '01:43']
[27, 0.4527893364429474, 0.5133341550827026, 0.9561551213264465, 0.06334151327610016, 0.19296546280384064, 1.8561815023422241, 0.8304762244224548, 0.8869609832763672, 0.8869608640670776, 11.445223808288574, '01:37']
[28, 0.44687843322753906, 0.43200215697288513, 0.9875307083129883, 0.11548734456300735, 0.17723442614078522, 1.5354282855987549, 0.796420156955719, 0.8120868802070618, 0.8120868802070618, 2.1219820976257324, '01:39']
[29, 0.4349370300769806, 0.4440636932849884, 0.9869478940963745, 0.10090421885251999, 0.1774221956729889, 1.5933641195297241, 0.8212171196937561, 0.8320029973983765, 0.8320029973983765, 2.3495430946350098, '01:44']
[30, 0.44609948992729187, 0.4424508213996887, 0.9857131242752075, 0.1028972864151001, 0.17802020907402039, 1.5875942707061768, 0.8111411929130554, 0.8268850445747375, 0.8268850445747375, 2.5072576999664307, '01:38']
[31, 0.4415225386619568, 0.4237916171550751, 0.9907796382904053, 0.1223921924829483, 0.17541451752185822, 1.4286705255508423, 0.7957335710525513, 0.8032609820365906, 0.8032609820365906, 1.3248533010482788, '01:38']
[32, 0.43930280208587646, 0.4350167512893677, 0.9912070631980896, 0.10815878957509995, 0.17514541745185852, 1.3970260620117188, 0.8183136582374573, 0.8260238766670227, 0.8260238766670227, 1.192042589187622, '01:44']
[33, 0.4342171847820282, 0.430198609828949, 0.9902912974357605, 0.11416996270418167, 0.17575719952583313, 1.4105473756790161, 0.8042547702789307, 0.8154569268226624, 0.8154569268226624, 1.3808549642562866, '01:37']
[34, 0.44648754596710205, 0.4286794662475586, 0.9873350858688354, 0.11802104860544205, 0.17726801335811615, 1.5912442207336426, 0.7900969982147217, 0.8048362135887146, 0.8048362135887146, 2.4438846111297607, '01:39']
[35, 0.4352962076663971, 0.4260648488998413, 0.9897486567497253, 0.11924440413713455, 0.17591603100299835, 1.466019868850708, 0.7989863157272339, 0.8058136105537415, 0.8058136105537415, 1.5164908170700073, '01:44']
[36, 0.43195563554763794, 0.42841213941574097, 0.9914567470550537, 0.11593406647443771, 0.17498727142810822, 1.3617196083068848, 0.8025131225585938, 0.8099568486213684, 0.8099568486213684, 0.9853829145431519, '01:37']
[37, 0.4341064989566803, 0.41502711176872253, 0.9911168813705444, 0.13337120413780212, 0.17525866627693176, 1.4118015766143799, 0.7810999751091003, 0.7875568866729736, 0.7875568866729736, 1.2850406169891357, '01:40']
[38, 0.4378919005393982, 0.4299528896808624, 0.9883207678794861, 0.11721477657556534, 0.1767692267894745, 1.5292308330535889, 0.7922054529190063, 0.8049666285514832, 0.8049666285514832, 1.946494221687317, '01:44']
[39, 0.4427925646305084, 0.44068634510040283, 0.9882747530937195, 0.10443145036697388, 0.17684154212474823, 1.4702489376068115, 0.8176273107528687, 0.8294950723648071, 0.8294950723648071, 1.7440634965896606, '01:37']
[40, 0.44886529445648193, 0.42094090580940247, 0.9899678826332092, 0.12472261488437653, 0.17576120793819427, 1.4809215068817139, 0.791263997554779, 0.7978072762489319, 0.7978072762489319, 1.573456048965454, '01:39']
[41, 0.44595038890838623, 0.46256327629089355, 0.9768219590187073, 0.0893026664853096, 0.1824965924024582, 1.7391886711120605, 0.8114916086196899, 0.8453809022903442, 0.8453809022903442, 5.198022842407227, '01:44']
[42, 0.4383855164051056, 0.41885724663734436, 0.9910114407539368, 0.1277533918619156, 0.17525941133499146, 1.4041259288787842, 0.7867950201034546, 0.7944192290306091, 0.7944192290306091, 1.2453044652938843, '01:38']
[43, 0.44344833493232727, 0.4488358497619629, 0.9801835417747498, 0.10154560208320618, 0.1810070276260376, 1.6989914178848267, 0.7977390885353088, 0.8292408585548401, 0.8292408585548401, 4.086752891540527, '01:38']
[44, 0.43867242336273193, 0.42132312059402466, 0.9907809495925903, 0.12626351416110992, 0.1754586547613144, 1.4167307615280151, 0.7856162190437317, 0.7934439182281494, 0.7934439182281494, 1.2649060487747192, '01:43']
[45, 0.44083940982818604, 0.4458591639995575, 0.9828500151634216, 0.10368391871452332, 0.17959389090538025, 1.6544643640518188, 0.7989434003829956, 0.823663592338562, 0.823663592338562, 3.2873787879943848, '01:37']
[46, 0.43800365924835205, 0.4251415729522705, 0.9915314316749573, 0.11999654769897461, 0.17496761679649353, 1.3660688400268555, 0.8037980794906616, 0.8079568147659302, 0.8079568147659302, 0.9892621040344238, '01:37']
No improvement since epoch 37: early stopping
----------
1
----------
DLS create!
[0, 0.5630507469177246, 0.537579357624054, 0.9929297566413879, 0.00013503918307833374, 0.19109128415584564, 1.2384819984436035, 0.9954335689544678, 0.9563537240028381, 0.9563537240028381, inf, '01:44']
[1, 0.5212861895561218, 0.5096004605293274, 0.992920458316803, 0.006863694172352552, 0.1825970709323883, 1.3583556413650513, 0.9666886329650879, 0.9369688034057617, 0.9369688034057617, inf, '01:37']
[2, 0.501952052116394, 0.4907996952533722, 0.9917193651199341, 0.04474148526787758, 0.17687857151031494, 1.3767311573028564, 0.9392935037612915, 0.9115719795227051, 0.9115719795227051, inf, '01:38']
[3, 0.4954378008842468, 0.4898332357406616, 0.9728986620903015, 0.057080190628767014, 0.1831449270248413, 1.7123545408248901, 0.8925822377204895, 0.8810774683952332, 0.8810774683952332, inf, '01:43']
[4, 0.48953473567962646, 0.47397634387016296, 0.988982081413269, 0.06325796246528625, 0.17590422928333282, 1.5268971920013428, 0.8973656296730042, 0.8717235326766968, 0.8717235326766968, inf, '01:37']
[5, 0.482625275850296, 0.4641411602497101, 0.9887538552284241, 0.07692011445760727, 0.17600968480110168, 1.5520315170288086, 0.8711987733840942, 0.8495572209358215, 0.8495572209358215, inf, '01:39']
[6, 0.47373396158218384, 0.4536229372024536, 0.9908073544502258, 0.09270630776882172, 0.17494575679302216, 1.4547655582427979, 0.8564854264259338, 0.8331072330474854, 0.8331072330474854, inf, '01:45']
[7, 0.4732036292552948, 0.47905880212783813, 0.9820364117622375, 0.06306902319192886, 0.17864350974559784, 1.6177364587783813, 0.8888311386108398, 0.8705869317054749, 0.8705869317054749, inf, '01:37']
[8, 0.4775856137275696, 0.4501057267189026, 0.9888783097267151, 0.09413591772317886, 0.17596426606178284, 1.5646942853927612, 0.8395873308181763, 0.821138858795166, 0.821138858795166, inf, '01:39']
[9, 0.4672833979129791, 0.4759882986545563, 0.986368715763092, 0.063870370388031, 0.17711760103702545, 1.6031278371810913, 0.879637598991394, 0.863317608833313, 0.863317608833313, inf, '01:44']
[10, 0.46368950605392456, 0.46225395798683167, 0.9869967699050903, 0.08098981529474258, 0.17691746354103088, 1.611625075340271, 0.8583844900131226, 0.8371880650520325, 0.8371880650520325, inf, '01:37']
[11, 0.46724534034729004, 0.4472090005874634, 0.9911010265350342, 0.09488638490438461, 0.17481456696987152, 1.4752594232559204, 0.8353281617164612, 0.816037118434906, 0.816037118434906, inf, '01:42']
[12, 0.4693968892097473, 0.46667414903640747, 0.9812466502189636, 0.07940313220024109, 0.17970135807991028, 1.6753321886062622, 0.8461619019508362, 0.8360624313354492, 0.8360624313354492, inf, '01:45']
[13, 0.4648561179637909, 0.43721333146095276, 0.9923960566520691, 0.11019222438335419, 0.17415829002857208, 1.3502529859542847, 0.8218123316764832, 0.8020299077033997, 0.8020299077033997, inf, '01:38']
[14, 0.4537079632282257, 0.4331224262714386, 0.9911964535713196, 0.11292983591556549, 0.17483341693878174, 1.4681204557418823, 0.8113363981246948, 0.7913692593574524, 0.7913692593574524, inf, '01:40']
[15, 0.45324403047561646, 0.46397000551223755, 0.9824323058128357, 0.08363643288612366, 0.17936639487743378, 1.7018487453460693, 0.8370799422264099, 0.830309271812439, 0.830309271812439, inf, '01:45']
[16, 0.45481595396995544, 0.4968794584274292, 0.9677644371986389, 0.06321313232183456, 0.18651117384433746, 1.8193352222442627, 0.8508327603340149, 0.858215868473053, 0.858215868473053, inf, '01:38']
[17, 0.46414121985435486, 0.5549628734588623, 0.9460817575454712, 0.048146456480026245, 0.19777944684028625, 1.8777415752410889, 0.8676744103431702, 0.882236123085022, 0.882236123085022, inf, '01:38']
[18, 0.4582836627960205, 0.45056217908859253, 0.9920315146446228, 0.09247144311666489, 0.17433279752731323, 1.3395311832427979, 0.8478458523750305, 0.8253883123397827, 0.8253883123397827, inf, '01:45']
[19, 0.44787153601646423, 0.4287356436252594, 0.9912685751914978, 0.1185036301612854, 0.1748497486114502, 1.4198797941207886, 0.8065412044525146, 0.7832160592079163, 0.7832160592079163, inf, '01:37']
[20, 0.45076337456703186, 0.48940297961235046, 0.9719583988189697, 0.06760667264461517, 0.18476338684558868, 1.8050434589385986, 0.8478183746337891, 0.85396808385849, 0.85396808385849, inf, '01:38']
[21, 0.4557947814464569, 0.46267566084861755, 0.9816076159477234, 0.0855339840054512, 0.17969422042369843, 1.7095654010772705, 0.8334432244300842, 0.8249120116233826, 0.8249120116233826, inf, '01:45']
[22, 0.44586145877838135, 0.4556175768375397, 0.9844635128974915, 0.09323357045650482, 0.17845557630062103, 1.684375286102295, 0.8216016888618469, 0.8118755221366882, 0.8118755221366882, inf, '01:37']
[23, 0.4581758379936218, 0.45400840044021606, 0.9898537993431091, 0.08684775233268738, 0.17549502849578857, 1.494820475578308, 0.846493124961853, 0.8275381922721863, 0.8275381922721863, inf, '01:38']
[24, 0.4437108337879181, 0.4464550316333771, 0.9867942333221436, 0.10087346285581589, 0.17712707817554474, 1.5710779428482056, 0.8184952139854431, 0.8038183450698853, 0.8038183450698853, inf, '01:44']
[25, 0.4440343677997589, 0.4260123372077942, 0.9905248880386353, 0.12158134579658508, 0.17523324489593506, 1.4796568155288696, 0.7999767661094666, 0.7780017852783203, 0.7780017852783203, inf, '01:37']
[26, 0.44193318486213684, 0.42819324135780334, 0.9901683926582336, 0.11776375770568848, 0.17546865344047546, 1.524636149406433, 0.7986730337142944, 0.7808171510696411, 0.7808171510696411, inf, '01:38']
[27, 0.44673779606819153, 0.46118971705436707, 0.9809190630912781, 0.0882275253534317, 0.18023106455802917, 1.727001428604126, 0.8285776972770691, 0.821959912776947, 0.821959912776947, inf, '01:44']
[28, 0.4477757215499878, 0.4399925768375397, 0.9872667193412781, 0.10506117343902588, 0.17699311673641205, 1.6066242456436157, 0.8097198605537415, 0.7973435521125793, 0.7973435521125793, inf, '01:37']
[29, 0.44792553782463074, 0.4482898414134979, 0.9879816770553589, 0.09611980617046356, 0.17655958235263824, 1.5832066535949707, 0.8291971683502197, 0.8112906813621521, 0.8112907409667969, inf, '01:39']
[30, 0.44359296560287476, 0.4434637725353241, 0.987821102142334, 0.10081034898757935, 0.17662258446216583, 1.5861819982528687, 0.8199820518493652, 0.803096354007721, 0.803096354007721, inf, '01:44']
[31, 0.450033962726593, 0.4282056987285614, 0.9926959276199341, 0.12023282051086426, 0.1740407645702362, 1.286714792251587, 0.8050349950790405, 0.7849267721176147, 0.7849267721176147, inf, '01:37']
[32, 0.44563138484954834, 0.42398104071617126, 0.9921376705169678, 0.12310955673456192, 0.17440269887447357, 1.3437321186065674, 0.7960789799690247, 0.7768474221229553, 0.7768474221229553, inf, '01:40']
[33, 0.44749146699905396, 0.42885756492614746, 0.9892955422401428, 0.11816368252038956, 0.175874263048172, 1.5511000156402588, 0.8018157482147217, 0.7817592024803162, 0.7817592024803162, inf, '01:45']
[34, 0.4483780860900879, 0.4419351816177368, 0.9872262477874756, 0.1037258580327034, 0.17694780230522156, 1.6265838146209717, 0.815058708190918, 0.8009668588638306, 0.8009668588638306, inf, '01:37']
[35, 0.44263675808906555, 0.4562459886074066, 0.9809438586235046, 0.09322470426559448, 0.18019121885299683, 1.7209643125534058, 0.8162277936935425, 0.81246417760849, 0.81246417760849, inf, '01:41']
[36, 0.4489268660545349, 0.44373297691345215, 0.9895519614219666, 0.09863056987524033, 0.1756831407546997, 1.4957187175750732, 0.8303316831588745, 0.8080294132232666, 0.8080294132232666, inf, '01:43']
[37, 0.43600815534591675, 0.4374435842037201, 0.989383339881897, 0.10809078812599182, 0.17581340670585632, 1.5247093439102173, 0.8158177733421326, 0.7947571277618408, 0.7947571277618408, inf, '01:37']
[38, 0.4522207975387573, 0.42648130655288696, 0.9900047183036804, 0.12089984118938446, 0.17556636035442352, 1.530234456062317, 0.795128345489502, 0.7778400182723999, 0.7778400182723999, inf, '01:43']
[39, 0.4411942958831787, 0.4203087389469147, 0.9912646412849426, 0.1277054250240326, 0.1748391091823578, 1.4710725545883179, 0.7874754071235657, 0.7667576670646667, 0.7667576670646667, inf, '01:40']
[40, 0.43634405732154846, 0.4312976896762848, 0.9873784780502319, 0.11689504235982895, 0.17699874937534332, 1.6326264142990112, 0.7923420071601868, 0.778640627861023, 0.778640627861023, inf, '01:37']
[41, 0.4450766146183014, 0.5315665602684021, 0.9528377056121826, 0.05621811002492905, 0.1943962126970291, 1.8791660070419312, 0.8472400307655334, 0.8681693077087402, 0.8681693077087402, inf, '01:40']
[42, 0.4481045603752136, 0.4386866092681885, 0.986851692199707, 0.10649757087230682, 0.17711186408996582, 1.6276534795761108, 0.8062580823898315, 0.7946982383728027, 0.7946982383728027, inf, '01:41']
[43, 0.4458622932434082, 0.42858171463012695, 0.9928256869316101, 0.11719224601984024, 0.1739586442708969, 1.2654666900634766, 0.8047252297401428, 0.7870129942893982, 0.7870129942893982, inf, '01:37']
[44, 0.43999534845352173, 0.45407572388648987, 0.993186354637146, 0.08366192132234573, 0.1736266016960144, 1.156375765800476, 0.8477871417999268, 0.8361623287200928, 0.8361623883247375, inf, '01:41']
[45, 0.43799063563346863, 0.428641140460968, 0.9920898079872131, 0.1171613335609436, 0.17437216639518738, 1.3155299425125122, 0.8017520308494568, 0.7840115427970886, 0.7840116024017334, inf, '01:41']
[46, 0.44569137692451477, 0.42275261878967285, 0.9914435148239136, 0.1252540946006775, 0.1747777909040451, 1.447837233543396, 0.794744074344635, 0.7736920118331909, 0.7736920118331909, inf, '01:37']
[47, 0.43729642033576965, 0.42499223351478577, 0.9912927746772766, 0.12137185782194138, 0.17482665181159973, 1.455649495124817, 0.7954308390617371, 0.7757033109664917, 0.7757033109664917, inf, '01:42']
[48, 0.41965970396995544, 0.4290522336959839, 0.9879876971244812, 0.11943599581718445, 0.17671728134155273, 1.6027069091796875, 0.7896149158477783, 0.7751062512397766, 0.7751062512397766, inf, '01:41']
No improvement since epoch 39: early stopping
----------
2
----------
DLS create!
[0, 0.5454880595207214, 0.5291815400123596, 0.9927894473075867, 0.0, 0.1887109875679016, 1.1576370000839233, 0.9948260188102722, 0.9860764741897583, 0.9860764741897583, 0.0, '01:38']
[1, 0.5128350257873535, 0.507189154624939, 0.9896516799926758, 0.03187553584575653, 0.1797207146883011, 1.3882663249969482, 0.9650894403457642, 0.9657532572746277, 0.9657532572746277, 1.7783570289611816, '01:41']
[2, 0.4947297275066376, 0.5031760931015015, 0.9910404086112976, 0.02825874462723732, 0.17592409253120422, 1.3500515222549438, 0.9632319808006287, 0.9629056453704834, 0.9629056453704834, 1.012743592262268, '01:42']
[3, 0.4910784363746643, 0.48990345001220703, 0.979767918586731, 0.05100887268781662, 0.17973782122135162, 1.6467677354812622, 0.907037615776062, 0.9186703562736511, 0.9186703562736511, 7.356416702270508, '01:37']
[4, 0.4801321029663086, 0.4831914007663727, 0.9877718091011047, 0.05432790890336037, 0.17619405686855316, 1.5319621562957764, 0.9069533944129944, 0.913070797920227, 0.913070797920227, 2.784449577331543, '01:41']
[5, 0.4805345833301544, 0.48211514949798584, 0.9872003793716431, 0.0565422959625721, 0.17622144520282745, 1.5130585432052612, 0.9054439067840576, 0.9113984107971191, 0.9113984107971191, 3.1854002475738525, '01:40']
[6, 0.4774639904499054, 0.4810844659805298, 0.9907616972923279, 0.05706912651658058, 0.17459510266780853, 1.375792384147644, 0.9068847298622131, 0.9114863872528076, 0.9114863872528076, 1.2255239486694336, '01:37']
[7, 0.476707398891449, 0.47227537631988525, 0.9892759323120117, 0.06685786694288254, 0.1754639595746994, 1.5034478902816772, 0.8822474479675293, 0.8904872536659241, 0.8904872536659241, 2.1037940979003906, '01:42']
[8, 0.46708548069000244, 0.4685712456703186, 0.9885951280593872, 0.07263471931219101, 0.1757214069366455, 1.5173875093460083, 0.8735557794570923, 0.8814608454704285, 0.8814608454704285, 2.2128958702087402, '01:42']
[9, 0.4644586145877838, 0.47220954298973083, 0.9919474124908447, 0.0664287582039833, 0.1740303635597229, 1.282923698425293, 0.8859002590179443, 0.8949465751647949, 0.8949465751647949, 0.71293044090271, '01:37']
[10, 0.4646110534667969, 0.46639835834503174, 0.9894051551818848, 0.07356865704059601, 0.1753518432378769, 1.4913389682769775, 0.86949622631073, 0.8768985271453857, 0.8768985271453857, 1.8960496187210083, '01:42']
[11, 0.4683264493942261, 0.4656558036804199, 0.9890377521514893, 0.07548636943101883, 0.17558956146240234, 1.4860739707946777, 0.8713506460189819, 0.8781407475471497, 0.8781407475471497, 1.9096485376358032, '01:42']
[12, 0.45918846130371094, 0.4685426950454712, 0.9852321743965149, 0.076268769800663, 0.17756466567516327, 1.6200611591339111, 0.859038233757019, 0.8734074831008911, 0.8734074831008911, 3.799139976501465, '01:38']
[13, 0.46314066648483276, 0.4592558741569519, 0.9866506457328796, 0.08597822487354279, 0.17686934769153595, 1.5741764307022095, 0.8489221334457397, 0.8628995418548584, 0.8628995418548584, 2.94535493850708, '01:41']
[14, 0.4536079466342926, 0.4612677991390228, 0.9853571653366089, 0.0840546265244484, 0.17745698988437653, 1.5831390619277954, 0.8449705243110657, 0.8602358102798462, 0.8602358102798462, 3.3645269870758057, '01:40']
[15, 0.4409182369709015, 0.458327978849411, 0.9913904666900635, 0.08731197565793991, 0.17436598241329193, 1.278700828552246, 0.8587366938591003, 0.8657720685005188, 0.8657720685005188, 0.6944575309753418, '01:37']
[16, 0.4524933993816376, 0.4604148864746094, 0.9898579716682434, 0.08228297531604767, 0.17511385679244995, 1.4415562152862549, 0.8570860028266907, 0.8658564686775208, 0.8658564686775208, 1.722105860710144, '01:42']
[17, 0.45175155997276306, 0.45558932423591614, 0.9873404502868652, 0.0899801254272461, 0.17657002806663513, 1.5673385858535767, 0.8362957239151001, 0.8502181768417358, 0.8502181768417358, 2.553013324737549, '01:42']
[18, 0.4436889588832855, 0.4569588899612427, 0.9881777763366699, 0.08739624917507172, 0.17608840763568878, 1.5318760871887207, 0.8438681960105896, 0.854280948638916, 0.854280948638916, 2.2090179920196533, '01:37']
[19, 0.4464891850948334, 0.4467967748641968, 0.9912570118904114, 0.09912313520908356, 0.17445333302021027, 1.3488825559616089, 0.8304206132888794, 0.8385187387466431, 0.8385187387466431, 0.935753345489502, '01:42']
[20, 0.4505741596221924, 0.449882447719574, 0.9901779890060425, 0.0950763151049614, 0.17508099973201752, 1.4099757671356201, 0.8389935493469238, 0.8461954593658447, 0.8461954593658447, 1.303837776184082, '01:41']
[21, 0.4411493241786957, 0.4566958248615265, 0.9912389516830444, 0.09024728089570999, 0.17448417842388153, 1.29988694190979, 0.8542947173118591, 0.861544132232666, 0.861544132232666, 0.7870902419090271, '01:37']
[22, 0.4513891041278839, 0.44731730222702026, 0.9888743758201599, 0.09865312278270721, 0.17570920288562775, 1.5037084817886353, 0.828783392906189, 0.8409157395362854, 0.8409157395362854, 2.120516777038574, '01:43']
[23, 0.43776556849479675, 0.4875625669956207, 0.9769232869148254, 0.06445766240358353, 0.18166905641555786, 1.751899003982544, 0.8595387935638428, 0.8870937824249268, 0.8870937824249268, 7.485911846160889, '01:42']
[24, 0.43895697593688965, 0.4638550877571106, 0.9837784171104431, 0.08479800820350647, 0.17838414013385773, 1.6524314880371094, 0.832061767578125, 0.8533222675323486, 0.8533222675323486, 4.259454250335693, '01:38']
[25, 0.44770950078964233, 0.4582679867744446, 0.9914680123329163, 0.08224225044250488, 0.1742909997701645, 1.3263002634048462, 0.8568153977394104, 0.865885853767395, 0.865885853767395, 0.958587110042572, '01:43']
[26, 0.442411333322525, 0.45420417189598083, 0.9892351627349854, 0.08982601761817932, 0.17539167404174805, 1.4888604879379272, 0.8419480919837952, 0.852053701877594, 0.852053701877594, 2.2501938343048096, '01:41']
[27, 0.4390801191329956, 0.4582611322402954, 0.9839502573013306, 0.08980494737625122, 0.1782342791557312, 1.6376652717590332, 0.8279190063476562, 0.8490110039710999, 0.8490110039710999, 3.720684766769409, '01:37']
[28, 0.4385143220424652, 0.4536609947681427, 0.9860198497772217, 0.09352148324251175, 0.1771923005580902, 1.6143584251403809, 0.8257001638412476, 0.8426266312599182, 0.8426266312599182, 3.3587756156921387, '01:42']
No improvement since epoch 19: early stopping
----------
3
----------
DLS create!
[0, 0.5815566182136536, 0.5431870222091675, 0.9924128651618958, 0.0, 0.19797775149345398, 1.2031925916671753, 0.9969981908798218, 0.9857532382011414, 0.9857532382011414, 0.04294610396027565, '01:41']
[1, 0.5269021987915039, 0.5140655636787415, 0.9924418330192566, 0.003309805179014802, 0.18326511979103088, 1.2996376752853394, 0.9741767048835754, 0.9714303016662598, 0.9714303016662598, 0.0610356479883194, '01:38']
[2, 0.5076797008514404, 0.5070506930351257, 0.9839272499084473, 0.03813326358795166, 0.1826176941394806, 1.526761531829834, 0.9513124823570251, 0.9541593194007874, 0.9541593194007874, 3.353708505630493, '01:41']
[3, 0.49555379152297974, 0.487653911113739, 0.9854512810707092, 0.053951360285282135, 0.17761701345443726, 1.4947254657745361, 0.9225437045097351, 0.9248150587081909, 0.9248150587081909, 2.505065441131592, '01:41']
[4, 0.47961410880088806, 0.5250049233436584, 0.96033775806427, 0.03236701339483261, 0.18893638253211975, 1.74186110496521, 0.9397441744804382, 0.9467427134513855, 0.9467427134513855, 9.480107307434082, '01:37']
[5, 0.47483494877815247, 0.4798126816749573, 0.9892127513885498, 0.05945165455341339, 0.17532502114772797, 1.4157296419143677, 0.9019581079483032, 0.9026881456375122, 0.9026879668235779, 1.413989782333374, '01:41']
[6, 0.4764212965965271, 0.4727337956428528, 0.9890021085739136, 0.07551948726177216, 0.17543524503707886, 1.410871982574463, 0.8807156682014465, 0.8828847408294678, 0.8828847408294678, 1.4881645441055298, '01:41']
[7, 0.4610377550125122, 0.4758850336074829, 0.988432765007019, 0.06554989516735077, 0.17580737173557281, 1.4567495584487915, 0.8899930119514465, 0.8913096785545349, 0.8913096785545349, 1.530072569847107, '01:36']
[8, 0.47151103615760803, 0.4698636531829834, 0.9886854290962219, 0.07284631580114365, 0.17561869323253632, 1.4418197870254517, 0.8788881301879883, 0.8811717629432678, 0.8811717629432678, 1.5649877786636353, '01:41']
[9, 0.459619402885437, 0.48617270588874817, 0.980112612247467, 0.063301220536232, 0.1798754334449768, 1.6190049648284912, 0.8792020082473755, 0.89264976978302, 0.89264976978302, 4.596158027648926, '01:41']
[10, 0.46696165204048157, 0.5326234102249146, 0.9545841813087463, 0.044138990342617035, 0.19222646951675415, 1.813053011894226, 0.8861548900604248, 0.9190387725830078, 0.9190387725830078, 11.114065170288086, '01:36']
[11, 0.46404242515563965, 0.47025066614151, 0.9913693070411682, 0.07069242000579834, 0.17429232597351074, 1.2884501218795776, 0.8824765086174011, 0.8868474364280701, 0.8868474364280701, 0.6381805539131165, '01:42']
[12, 0.4638001024723053, 0.47263452410697937, 0.9922063946723938, 0.06803873181343079, 0.17378222942352295, 1.1638073921203613, 0.8827500939369202, 0.8929545283317566, 0.8929545283317566, 0.32382065057754517, '01:42']
[13, 0.4582310914993286, 0.47223183512687683, 0.9810231924057007, 0.07673037052154541, 0.17952442169189453, 1.6408933401107788, 0.8507856130599976, 0.8687995076179504, 0.8687994480133057, 3.9839107990264893, '01:35']
[14, 0.45445141196250916, 0.4781795144081116, 0.9871968030929565, 0.06230124086141586, 0.17626939713954926, 1.404892921447754, 0.8872861862182617, 0.89295494556427, 0.89295494556427, 1.4901742935180664, '01:44']
[15, 0.4507209360599518, 0.5145343542098999, 0.966860294342041, 0.05377737432718277, 0.18661092221736908, 1.7346065044403076, 0.8780774474143982, 0.9034230709075928, 0.9034230709075928, 6.815208435058594, '01:40']
[16, 0.44400691986083984, 0.4587571918964386, 0.9878345727920532, 0.0874776616692543, 0.1761181652545929, 1.444990873336792, 0.8456366062164307, 0.8541215062141418, 0.8541215062141418, 1.6308425664901733, '01:38']
[17, 0.4461466670036316, 0.4667675495147705, 0.9903560876846313, 0.0744951143860817, 0.17471235990524292, 1.334360122680664, 0.8699852824211121, 0.8750702142715454, 0.8750702142715454, 0.9454740881919861, '01:44']
[18, 0.43766292929649353, 0.47158098220825195, 0.9911335110664368, 0.06845525652170181, 0.17431426048278809, 1.2301150560379028, 0.8807591199874878, 0.8856192231178284, 0.8856192231178284, 0.5655427575111389, '01:39']
[19, 0.44756314158439636, 0.4636971056461334, 0.9859113097190857, 0.08367063105106354, 0.17712093889713287, 1.5153841972351074, 0.8455866575241089, 0.8571134209632874, 0.8571134209632874, 2.205883502960205, '01:38']
[20, 0.4411560595035553, 0.46379354596138, 0.9918869137763977, 0.07727594673633575, 0.17393960058689117, 1.1882603168487549, 0.8651615381240845, 0.8742645382881165, 0.8742645382881165, 0.4045405983924866, '01:43']
[21, 0.4429904818534851, 0.4585646986961365, 0.9906684756278992, 0.08470352739095688, 0.17464855313301086, 1.2983975410461426, 0.8547852635383606, 0.8598086833953857, 0.8598086833953857, 0.7676312923431396, '01:37']
[22, 0.43656042218208313, 0.48493242263793945, 0.9810143709182739, 0.06717727333307266, 0.17963053286075592, 1.6024285554885864, 0.8681437373161316, 0.8814083337783813, 0.8814083337783813, 3.0471365451812744, '01:36']
[23, 0.44595620036125183, 0.4648475646972656, 0.9908336400985718, 0.07708510011434555, 0.17450542747974396, 1.2832976579666138, 0.8683640956878662, 0.8730142712593079, 0.8730142712593079, 0.6885892748832703, '01:44']
[24, 0.4371817111968994, 0.45868319272994995, 0.9866725206375122, 0.08808917552232742, 0.1767662614583969, 1.5205967426300049, 0.8410385251045227, 0.8511693477630615, 0.8511693477630615, 2.0501081943511963, '01:36']
[25, 0.43661245703697205, 0.4591170847415924, 0.9871875643730164, 0.08548551797866821, 0.17645257711410522, 1.4730658531188965, 0.8471361398696899, 0.8564646244049072, 0.8564646244049072, 1.8600248098373413, '01:37']
[26, 0.430295467376709, 0.46219998598098755, 0.9875038266181946, 0.08671638369560242, 0.17648907005786896, 1.493913173675537, 0.8467978835105896, 0.8564178943634033, 0.8564178943634033, 1.832287311553955, '01:45']
[27, 0.43902575969696045, 0.46339333057403564, 0.9898025393486023, 0.07872284948825836, 0.17505180835723877, 1.3396074771881104, 0.8608021140098572, 0.8667718768119812, 0.8667718768119812, 0.9073424935340881, '01:37']
[28, 0.449817419052124, 0.45365822315216064, 0.9874966740608215, 0.09141271561384201, 0.17614640295505524, 1.470666766166687, 0.8393641114234924, 0.8480193614959717, 0.8480193614959717, 1.8718798160552979, '01:38']
[29, 0.4379979968070984, 0.4617098271846771, 0.9869478940963745, 0.08451304584741592, 0.17657150328159332, 1.4973763227462769, 0.8476123809814453, 0.8556702733039856, 0.8556702733039856, 1.8955234289169312, '01:45']
[30, 0.43587157130241394, 0.4696269929409027, 0.9849547147750854, 0.07686509191989899, 0.17756442725658417, 1.5768033266067505, 0.8555962443351746, 0.8660544753074646, 0.8660544753074646, 2.828676223754883, '01:38']
[31, 0.43286195397377014, 0.45728546380996704, 0.9885855317115784, 0.08670397847890854, 0.1757933795452118, 1.4072694778442383, 0.8470150232315063, 0.8545653223991394, 0.8545653223991394, 1.2664448022842407, '01:37']
[32, 0.4420206546783447, 0.4887841045856476, 0.9784133434295654, 0.06439248472452164, 0.18080125749111176, 1.6233339309692383, 0.8658393025398254, 0.8859745860099792, 0.8859745860099792, 4.1061224937438965, '01:44']
[33, 0.4322325587272644, 0.45340222120285034, 0.9914777278900146, 0.0901818573474884, 0.1741778552532196, 1.2474321126937866, 0.8402957320213318, 0.8515074253082275, 0.8515074253082275, 0.6123611927032471, '01:35']
[34, 0.4336913228034973, 0.45507165789604187, 0.9906027913093567, 0.08900454640388489, 0.1746855080127716, 1.2841804027557373, 0.8473430275917053, 0.8537650108337402, 0.8537650108337402, 0.7328542470932007, '01:38']
[35, 0.4192180931568146, 0.47474703192710876, 0.9818832874298096, 0.07742346078157425, 0.17919039726257324, 1.5789215564727783, 0.8507735133171082, 0.8667334318161011, 0.8667334318161011, 3.3358113765716553, '01:45']
[36, 0.42720308899879456, 0.4577581286430359, 0.9905743598937988, 0.08366603404283524, 0.17465926706790924, 1.3011611700057983, 0.8517739176750183, 0.8585487604141235, 0.8585487604141235, 0.7435280084609985, '01:38']
[37, 0.43547093868255615, 0.44478949904441833, 0.9899044632911682, 0.10256966203451157, 0.17499418556690216, 1.381035327911377, 0.8231214284896851, 0.830802321434021, 0.830802321434021, 1.1385042667388916, '01:38']
[38, 0.41814368963241577, 0.4683902859687805, 0.9923919439315796, 0.07142622768878937, 0.17364102602005005, 1.1150375604629517, 0.8623072504997253, 0.8803531527519226, 0.8803531527519226, 0.2518593668937683, '01:45']
[39, 0.44334083795547485, 0.45820149779319763, 0.9902156591415405, 0.08509748429059982, 0.17480966448783875, 1.3116799592971802, 0.8452978730201721, 0.8562701940536499, 0.8562701940536499, 0.906492292881012, '01:39']
[40, 0.42711445689201355, 0.464500367641449, 0.9893307685852051, 0.07816845178604126, 0.17532841861248016, 1.3169053792953491, 0.8592362403869629, 0.8684313893318176, 0.8684313893318176, 1.0513885021209717, '01:38']
[41, 0.43077778816223145, 0.45593345165252686, 0.9864432215690613, 0.09061933308839798, 0.17686806619167328, 1.5198992490768433, 0.8334067463874817, 0.8458948731422424, 0.8458948731422424, 2.1761953830718994, '01:44']
[42, 0.4467124342918396, 0.45601847767829895, 0.9902568459510803, 0.08634684979915619, 0.1748262643814087, 1.3359044790267944, 0.8518813252449036, 0.8573951125144958, 0.8573951125144958, 0.9350880980491638, '01:40']
[43, 0.439566045999527, 0.44472071528434753, 0.9900109171867371, 0.1023736521601677, 0.1750023365020752, 1.3368257284164429, 0.8198391795158386, 0.831741213798523, 0.8317410945892334, 1.01491117477417, '01:38']
[44, 0.43233156204223633, 0.4522721469402313, 0.9868600964546204, 0.09695453941822052, 0.17677664756774902, 1.5030452013015747, 0.820003867149353, 0.8344942927360535, 0.8344942927360535, 2.0217278003692627, '01:44']
[45, 0.4338397979736328, 0.44749194383621216, 0.9878301620483398, 0.09854716807603836, 0.17613449692726135, 1.4512391090393066, 0.8229385614395142, 0.8343587517738342, 0.8343587517738342, 1.7166972160339355, '01:42']
[46, 0.4242238998413086, 0.4486997127532959, 0.988679051399231, 0.097140371799469, 0.17569787800312042, 1.4395266771316528, 0.827392041683197, 0.835690438747406, 0.835690438747406, 1.4843196868896484, '01:37']
[47, 0.43288812041282654, 0.4644189178943634, 0.9851919412612915, 0.08285077661275864, 0.17750947177410126, 1.5059760808944702, 0.84116131067276, 0.8574236035346985, 0.8574236035346985, 2.2233943939208984, '01:43']
[48, 0.4269697070121765, 0.45741239190101624, 0.9854547381401062, 0.09075697511434555, 0.17737826704978943, 1.520446538925171, 0.8285878300666809, 0.8444951772689819, 0.8444951772689819, 2.419996976852417, '01:41']
[49, 0.4356383979320526, 0.46956971287727356, 0.9832098484039307, 0.07976751029491425, 0.17841333150863647, 1.4827048778533936, 0.8478785157203674, 0.8637044429779053, 0.8637044429779053, 2.5514109134674072, '01:38']
[50, 0.426339328289032, 0.44392460584640503, 0.9902488589286804, 0.10242604464292526, 0.17486658692359924, 1.3443495035171509, 0.8208754658699036, 0.8296539187431335, 0.8296539187431335, 1.0161677598953247, '01:41']
[51, 0.42398250102996826, 0.4532264471054077, 0.9884176850318909, 0.09350064396858215, 0.17584440112113953, 1.406084418296814, 0.8305051922798157, 0.8412097096443176, 0.8412097096443176, 1.4727262258529663, '01:41']
[52, 0.4150876998901367, 0.44939544796943665, 0.9909374713897705, 0.09548912942409515, 0.17451514303684235, 1.295208215713501, 0.8347113728523254, 0.8412055969238281, 0.8412055969238281, 0.7638716697692871, '01:38']
[53, 0.42082679271698, 0.4486503303050995, 0.9916777610778809, 0.09650454670190811, 0.1740945279598236, 1.2199392318725586, 0.8323221206665039, 0.8421100974082947, 0.8421100974082947, 0.5282924771308899, '01:42']
[54, 0.43674057722091675, 0.4469667673110962, 0.990724503993988, 0.09876624494791031, 0.17466691136360168, 1.3034546375274658, 0.8333616256713867, 0.8398197293281555, 0.8398197293281555, 0.7808343768119812, '01:42']
[55, 0.41782718896865845, 0.4581092596054077, 0.9852505922317505, 0.09138346463441849, 0.17751432955265045, 1.542538046836853, 0.8279504179954529, 0.8422568440437317, 0.8422568440437317, 2.3625478744506836, '01:38']
[56, 0.4264592230319977, 0.45208579301834106, 0.9902375936508179, 0.09077773988246918, 0.17488250136375427, 1.3238189220428467, 0.8397504687309265, 0.8478987216949463, 0.8478988409042358, 0.8709579110145569, '01:43']
[57, 0.42154043912887573, 0.4518745243549347, 0.9883195757865906, 0.09458418935537338, 0.17594361305236816, 1.4250938892364502, 0.8315446376800537, 0.8416609764099121, 0.8416609764099121, 1.4960330724716187, '01:41']
[58, 0.4207035005092621, 0.44614994525909424, 0.9875950217247009, 0.10163135826587677, 0.17631128430366516, 1.4605002403259277, 0.8168286681175232, 0.8290797472000122, 0.8290797472000122, 1.7391681671142578, '01:38']
[59, 0.4239526689052582, 0.44611015915870667, 0.9892439842224121, 0.10125316679477692, 0.1754283607006073, 1.3698142766952515, 0.8203955292701721, 0.8326104283332825, 0.8326104283332825, 1.2078417539596558, '01:44']
No improvement since epoch 50: early stopping
----------
4
----------
DLS create!
[0, 0.5418108701705933, 0.5275205969810486, 0.990475058555603, nan, 0.18585054576396942, 1.1212120056152344, 0.9962088465690613, 0.9745880961418152, 0.9745880961418152, nan, '01:44']
[1, 0.5149790644645691, 0.5067604780197144, 0.9904769659042358, nan, 0.1793653517961502, 1.2446192502975464, 0.9657264947891235, 0.9507706761360168, 0.9507706761360168, nan, '01:36']
[2, 0.501574695110321, 0.49328485131263733, 0.977354109287262, 0.06169723719358444, 0.1811591535806656, 1.4918756484985352, 0.9232232570648193, 0.9155358672142029, 0.9155358672142029, inf, '01:43']
[3, 0.4905809760093689, 0.4898611009120941, 0.9814632534980774, 0.058197181671857834, 0.1778763085603714, 1.5129483938217163, 0.9139177799224854, 0.9035817980766296, 0.9035817980766296, inf, '01:44']
[4, 0.4769604206085205, 0.47361424565315247, 0.9828420877456665, 0.07817661017179489, 0.17760424315929413, 1.5291028022766113, 0.8758895993232727, 0.8686257600784302, 0.8686257600784302, inf, '01:38']
[5, 0.4785365164279938, 0.4680422246456146, 0.9878348708152771, 0.08299773186445236, 0.1751377433538437, 1.3561232089996338, 0.869803786277771, 0.8624591827392578, 0.8624591827392578, inf, '01:40']
[6, 0.4742005169391632, 0.4819208085536957, 0.987648069858551, 0.06663400679826736, 0.17504557967185974, 1.3672057390213013, 0.8915069103240967, 0.884215235710144, 0.884215235710144, inf, '01:45']
[7, 0.4771360754966736, 0.46740007400512695, 0.9881971478462219, 0.0821494460105896, 0.1749466061592102, 1.369067907333374, 0.8665649890899658, 0.8616121411323547, 0.8616121411323547, inf, '01:38']
[8, 0.47069188952445984, 0.4585397243499756, 0.9873285889625549, 0.0943777784705162, 0.17543907463550568, 1.4199503660202026, 0.8475083112716675, 0.8417381048202515, 0.8417381048202515, inf, '01:37']
[9, 0.46414512395858765, 0.4551015794277191, 0.9893397688865662, 0.09742093086242676, 0.17434760928153992, 1.2993495464324951, 0.836361289024353, 0.8354657888412476, 0.8354657888412476, inf, '01:45']
[10, 0.4599669575691223, 0.4575871229171753, 0.9866239428520203, 0.09593380242586136, 0.17575514316558838, 1.4513300657272339, 0.8376071453094482, 0.8343980312347412, 0.8343980312347412, inf, '01:38']
[11, 0.4602535367012024, 0.44941455125808716, 0.9873515963554382, 0.1058744266629219, 0.17551042139530182, 1.406143307685852, 0.8286982178688049, 0.8228185176849365, 0.8228186368942261, inf, '01:37']
[12, 0.45636826753616333, 0.6274790167808533, 0.9075415730476379, 0.03672807663679123, 0.21577927470207214, 1.8974436521530151, 0.8906945586204529, 0.922087550163269, 0.922087550163269, inf, '01:44']
[13, 0.45826447010040283, 0.49849894642829895, 0.9656832218170166, 0.06955121457576752, 0.18629667162895203, 1.7496896982192993, 0.8609355092048645, 0.871640682220459, 0.871640682220459, inf, '01:35']
[14, 0.4500168561935425, 0.45965808629989624, 0.9886549711227417, 0.09115216881036758, 0.17469820380210876, 1.344035267829895, 0.845831036567688, 0.8439115881919861, 0.8439115881919861, inf, '01:39']
[15, 0.4526628851890564, 0.4643816649913788, 0.9853426814079285, 0.08741046488285065, 0.17638148367404938, 1.4948146343231201, 0.8506438732147217, 0.8469914793968201, 0.8469914793968201, inf, '01:45']
[16, 0.451622873544693, 0.45226767659187317, 0.9873074293136597, 0.10312735289335251, 0.1755620688199997, 1.3580209016799927, 0.8313881754875183, 0.8279332518577576, 0.8279332518577576, inf, '01:37']
[17, 0.4433521330356598, 0.4378809630870819, 0.9856479167938232, 0.1217111125588417, 0.1765366494655609, 1.4926667213439941, 0.7947521209716797, 0.7957996726036072, 0.7957996726036072, inf, '01:36']
[18, 0.44285184144973755, 0.4407757818698883, 0.9881594777107239, 0.11807462573051453, 0.17514021694660187, 1.3621102571487427, 0.8082091808319092, 0.8046804666519165, 0.8046804666519165, inf, '01:45']
[19, 0.44351503252983093, 0.43636929988861084, 0.9876192808151245, 0.12174830585718155, 0.1753993183374405, 1.3977057933807373, 0.7970796227455139, 0.7976418137550354, 0.7976418137550354, inf, '01:38']
[20, 0.45324549078941345, 0.4396851658821106, 0.9882931709289551, 0.11760009080171585, 0.17502878606319427, 1.3800445795059204, 0.8056427836418152, 0.8039104342460632, 0.8039104342460632, inf, '01:38']
[21, 0.44697850942611694, 0.44341614842414856, 0.9843910336494446, 0.11533655971288681, 0.1771845817565918, 1.5213204622268677, 0.80377197265625, 0.8043926954269409, 0.8043926954269409, inf, '01:43']
[22, 0.4432756304740906, 0.4527885317802429, 0.9876887798309326, 0.10255376249551773, 0.17537038028240204, 1.3105674982070923, 0.8224674463272095, 0.8250256776809692, 0.8250256776809692, inf, '01:36']
[23, 0.45057612657546997, 0.4448915421962738, 0.9856055378913879, 0.11368756741285324, 0.17654471099376678, 1.4595311880111694, 0.8055317401885986, 0.8061622381210327, 0.8061622381210327, inf, '01:37']
[24, 0.4439130127429962, 0.45922306180000305, 0.9795176386833191, 0.10193461924791336, 0.1797531396150589, 1.6440248489379883, 0.8094954490661621, 0.8211479187011719, 0.8211479187011719, inf, '01:43']
[25, 0.4440813958644867, 0.43598809838294983, 0.9889216423034668, 0.1230892464518547, 0.1747194528579712, 1.3383055925369263, 0.8019042611122131, 0.8002181649208069, 0.8002181649208069, inf, '01:37']
[26, 0.44332078099250793, 0.431917667388916, 0.9889589548110962, 0.12890519201755524, 0.17485390603542328, 1.345105767250061, 0.7963629961013794, 0.7952053546905518, 0.7952054142951965, inf, '01:38']
[27, 0.4470471143722534, 0.48285824060440063, 0.9682918787002563, 0.08374049514532089, 0.18514341115951538, 1.7221697568893433, 0.8288668394088745, 0.848863959312439, 0.848863959312439, inf, '01:43']
[28, 0.43796589970588684, 0.45040979981422424, 0.9804458618164062, 0.10828044265508652, 0.17917084693908691, 1.5944875478744507, 0.8014482259750366, 0.8102019429206848, 0.8102018237113953, inf, '01:37']
[29, 0.4312679171562195, 0.44984546303749084, 0.9826474189758301, 0.10951004922389984, 0.17815005779266357, 1.5340708494186401, 0.8023785948753357, 0.8084056973457336, 0.8084056973457336, inf, '01:38']
[30, 0.4439374506473541, 0.4255765676498413, 0.9891476631164551, 0.13517162203788757, 0.17471392452716827, 1.3414433002471924, 0.7826974391937256, 0.7825484871864319, 0.7825484871864319, inf, '01:44']
[31, 0.4350455105304718, 0.4699089825153351, 0.9731886386871338, 0.10032238066196442, 0.18304918706417084, 1.7057088613510132, 0.8068535923957825, 0.8227537870407104, 0.8227537870407104, inf, '01:37']
[32, 0.43798917531967163, 0.4729772210121155, 0.9729044437408447, 0.0958789810538292, 0.18313828110694885, 1.7078529596328735, 0.8080710172653198, 0.8267858028411865, 0.8267858028411865, inf, '01:37']
[33, 0.44296959042549133, 0.43631526827812195, 0.9849775433540344, 0.12355437874794006, 0.176838219165802, 1.5261573791503906, 0.7896658182144165, 0.7927072644233704, 0.7927072644233704, inf, '01:43']
[34, 0.4349783658981323, 0.4350965917110443, 0.9838073253631592, 0.1271342933177948, 0.1776139885187149, 1.5506190061569214, 0.7725395560264587, 0.7812309265136719, 0.7812309265136719, inf, '01:37']
[35, 0.4403539001941681, 0.42099687457084656, 0.9886255860328674, 0.14189957082271576, 0.17497789859771729, 1.3780111074447632, 0.7678045034408569, 0.7684498429298401, 0.7684498429298401, inf, '01:36']
[36, 0.4296523630619049, 0.437175452709198, 0.9899755716323853, 0.12256859242916107, 0.17410004138946533, 1.223453402519226, 0.7981504201889038, 0.8014622330665588, 0.8014622330665588, inf, '01:44']
[37, 0.43123874068260193, 0.4347855746746063, 0.984394907951355, 0.12564966082572937, 0.17726419866085052, 1.5276299715042114, 0.7804171442985535, 0.7859703302383423, 0.7859703302383423, inf, '01:37']
[38, 0.44269514083862305, 0.42610490322113037, 0.988420844078064, 0.1338905543088913, 0.17506416141986847, 1.375652551651001, 0.7771292924880981, 0.7801626324653625, 0.7801626324653625, inf, '01:38']
[39, 0.4313434660434723, 0.45173370838165283, 0.9902607798576355, 0.10340467840433121, 0.1738155633211136, 1.1937974691390991, 0.8144062757492065, 0.8257437348365784, 0.8257437348365784, inf, '01:44']
[40, 0.43779096007347107, 0.446363627910614, 0.9795363545417786, 0.11559455841779709, 0.17982645332813263, 1.6281229257583618, 0.7820949554443359, 0.7980213761329651, 0.7980213761329651, inf, '01:37']
[41, 0.43776655197143555, 0.42336583137512207, 0.9885926842689514, 0.13902194797992706, 0.1749759465456009, 1.3691924810409546, 0.7699432969093323, 0.7723268866539001, 0.7723268866539001, inf, '01:37']
[42, 0.44215768575668335, 0.4703119397163391, 0.9755159020423889, 0.09457990527153015, 0.18179476261138916, 1.6867785453796387, 0.8121711611747742, 0.829384446144104, 0.829384446144104, inf, '01:43']
[43, 0.4374883770942688, 0.4368060827255249, 0.9832085371017456, 0.12454977631568909, 0.17790649831295013, 1.5568087100982666, 0.7741872668266296, 0.7844591736793518, 0.7844592928886414, inf, '01:36']
[44, 0.4234619736671448, 0.4348267912864685, 0.9863123893737793, 0.12542667984962463, 0.17621397972106934, 1.428072452545166, 0.7847329378128052, 0.7868072390556335, 0.7868072390556335, inf, '01:37']
No improvement since epoch 35: early stopping
Linknet_xcep Done!
