Models will save to MAnet_res152_x
Use resnet152 encoder
Start training...
----------
0
----------
DLS create!
[0, 0.5304548144340515, 0.5593844652175903, 0.9688143134117126, 0.025802655145525932, 0.21292364597320557, 1.496281623840332, 0.9646801352500916, 0.9718414545059204, 0.9718414545059204, 8.338440895080566, '01:30']
[1, 0.5025057792663574, 0.4863620698451996, 0.9869498610496521, 0.049152109771966934, 0.1775941401720047, 1.5235657691955566, 0.9240437746047974, 0.9269388318061829, 0.9269388318061829, 2.2349188327789307, '01:29']
[2, 0.4902431070804596, 0.5077109932899475, 0.9668362736701965, 0.050379250198602676, 0.18776026368141174, 1.785825490951538, 0.8926628828048706, 0.9176850318908691, 0.9176850318908691, 8.628066062927246, '01:29']
[3, 0.48745104670524597, 0.47220003604888916, 0.9885466694831848, 0.06708909571170807, 0.17643745243549347, 1.504003643989563, 0.8932220935821533, 0.8956050276756287, 0.8956050276756287, 2.113797664642334, '01:29']
[4, 0.4835022985935211, 0.5208966135978699, 0.9677495360374451, 0.0467970035970211, 0.18729890882968903, 1.8046754598617554, 0.8954535722732544, 0.9192106127738953, 0.9192106127738953, 8.328107833862305, '01:29']
[5, 0.47558754682540894, 0.4563547372817993, 0.9906337857246399, 0.08148800581693649, 0.17530612647533417, 1.4221676588058472, 0.8674799203872681, 0.8684844374656677, 0.8684844374656677, 1.2180678844451904, '01:29']
[6, 0.4665704369544983, 0.47043827176094055, 0.9920536875724792, 0.06372039765119553, 0.17459267377853394, 1.2503715753555298, 0.8971253633499146, 0.8996912240982056, 0.8996912240982056, 0.5908706188201904, '01:29']
[7, 0.4693792760372162, 0.456877201795578, 0.9914265871047974, 0.07965601980686188, 0.1749555617570877, 1.3627732992172241, 0.8702037930488586, 0.8721703886985779, 0.8721703886985779, 0.8923956751823425, '01:29']
[8, 0.4724021255970001, 0.45152437686920166, 0.989618182182312, 0.0887879952788353, 0.17591260373592377, 1.4404550790786743, 0.857638418674469, 0.860680103302002, 0.860680103302002, 1.4049630165100098, '01:29']
[9, 0.4617311954498291, 0.44090235233306885, 0.9901478886604309, 0.10114232450723648, 0.17562788724899292, 1.4391206502914429, 0.8314003944396973, 0.8380693197250366, 0.8380693197250366, 1.432503581047058, '01:29']
[10, 0.4642857313156128, 0.46477246284484863, 0.9918235540390015, 0.07124411314725876, 0.1748427003622055, 1.3022092580795288, 0.8850591778755188, 0.8881140351295471, 0.8881140351295471, 0.7982273697853088, '01:31']
[11, 0.46958014369010925, 0.4496247470378876, 0.9864212274551392, 0.09475181996822357, 0.17762057483196259, 1.5863875150680542, 0.834380567073822, 0.8472328782081604, 0.8472328782081604, 2.5218451023101807, '01:29']
[12, 0.45229098200798035, 0.447727233171463, 0.9905685782432556, 0.09189748764038086, 0.1753387749195099, 1.4352390766143799, 0.8443361520767212, 0.8472564816474915, 0.8472564816474915, 1.2419451475143433, '01:29']
[13, 0.4482298195362091, 0.44629937410354614, 0.9905818104743958, 0.09386283904314041, 0.1754351407289505, 1.4010835886001587, 0.8381463289260864, 0.8439427018165588, 0.8439427018165588, 1.109503984451294, '01:29']
[14, 0.459724098443985, 0.43674275279045105, 0.9902732372283936, 0.10624456405639648, 0.1756763905286789, 1.449536681175232, 0.8267548084259033, 0.831426203250885, 0.831426203250885, 1.3429309129714966, '01:29']
[15, 0.45860761404037476, 0.4666190445423126, 0.9796831607818604, 0.08516059070825577, 0.1813540905714035, 1.7050315141677856, 0.8346497416496277, 0.861112654209137, 0.861112654209137, 4.180271148681641, '01:29']
[16, 0.44921213388442993, 0.49958673119544983, 0.966850221157074, 0.0639103576540947, 0.1871410608291626, 1.800708293914795, 0.8596336841583252, 0.8888586759567261, 0.8888586759567261, 8.789773941040039, '01:31']
[17, 0.4468318223953247, 0.44433432817459106, 0.9901878833770752, 0.09776151180267334, 0.17562730610370636, 1.4163328409194946, 0.8357577919960022, 0.8414823412895203, 0.8414823412895203, 1.2342424392700195, '01:29']
[18, 0.4591316878795624, 0.4349122941493988, 0.9883065223693848, 0.10986631363630295, 0.17658264935016632, 1.5024991035461426, 0.8153184056282043, 0.8249399065971375, 0.8249399065971375, 1.9330819845199585, '01:29']
[19, 0.4604005217552185, 0.45303550362586975, 0.9841878414154053, 0.09599363803863525, 0.17901846766471863, 1.6359096765518188, 0.8248238563537598, 0.8431560397148132, 0.8431560397148132, 2.9460675716400146, '01:29']
[20, 0.4592030346393585, 0.4527723491191864, 0.9890041351318359, 0.08707268536090851, 0.17609630525112152, 1.4540135860443115, 0.8488380908966064, 0.8555899858474731, 0.8555899858474731, 1.4749057292938232, '01:29']
[21, 0.4559001624584198, 0.4410225450992584, 0.9870542287826538, 0.1032717153429985, 0.17728745937347412, 1.5856128931045532, 0.8199026584625244, 0.8313714265823364, 0.8313714265823364, 2.532935619354248, '01:29']
[22, 0.458864688873291, 0.44053930044174194, 0.9862655401229858, 0.11211016029119492, 0.17822568118572235, 1.5909563302993774, 0.8137394189834595, 0.8336578607559204, 0.8336578607559204, 2.637418746948242, '01:29']
[23, 0.44890332221984863, 0.445400208234787, 0.9854263663291931, 0.1018650159239769, 0.1781960427761078, 1.599077820777893, 0.8109302520751953, 0.829440176486969, 0.829440176486969, 2.7462058067321777, '01:29']
[24, 0.4517153799533844, 0.44151169061660767, 0.9904358386993408, 0.10061117261648178, 0.175533726811409, 1.350809097290039, 0.8212912678718567, 0.8342264890670776, 0.8342264890670776, 1.1546878814697266, '01:29']
[25, 0.44901180267333984, 0.4374527931213379, 0.9927389025688171, 0.10319254547357559, 0.1742725670337677, 1.252017617225647, 0.823966920375824, 0.8330218195915222, 0.8330218195915222, 0.6136397123336792, '01:29']
[26, 0.42871806025505066, 0.43407511711120605, 0.9873923063278198, 0.11246810108423233, 0.17720094323158264, 1.5319459438323975, 0.8010194301605225, 0.8154819011688232, 0.8154819011688232, 2.136406183242798, '01:29']
[27, 0.44126343727111816, 0.49523574113845825, 0.9699063897132874, 0.07165040820837021, 0.18603095412254333, 1.7967948913574219, 0.840057373046875, 0.8735571503639221, 0.8735571503639221, 7.31282901763916, '01:29']
[28, 0.4508945345878601, 0.42102569341659546, 0.9919602870941162, 0.12430843710899353, 0.1747138351202011, 1.372006893157959, 0.7979216575622559, 0.8024431467056274, 0.8024431467056274, 1.0215104818344116, '01:29']
[29, 0.44578617811203003, 0.4378223121166229, 0.9862311482429504, 0.10894233733415604, 0.17771334946155548, 1.5827809572219849, 0.8023402094841003, 0.8182615637779236, 0.8182615637779236, 2.4272384643554688, '01:29']
[30, 0.4445113241672516, 0.42812836170196533, 0.9891297221183777, 0.11743871867656708, 0.17631232738494873, 1.4748743772506714, 0.7952786684036255, 0.8079531788825989, 0.8079531788825989, 1.680420994758606, '01:29']
[31, 0.437053382396698, 0.42710891366004944, 0.9908751249313354, 0.11936154216527939, 0.175371915102005, 1.3437440395355225, 0.7938227653503418, 0.8067120909690857, 0.8067120909690857, 1.156870722770691, '01:29']
[32, 0.4457789361476898, 0.4304503798484802, 0.9880053997039795, 0.11596215516328812, 0.17691783607006073, 1.525862216949463, 0.7963311672210693, 0.8106265068054199, 0.8106265068054199, 1.9967385530471802, '01:29']
[33, 0.4421902894973755, 0.4451230764389038, 0.991357684135437, 0.09464208036661148, 0.17512235045433044, 1.3633029460906982, 0.8398256301879883, 0.8478458523750305, 0.8478458523750305, 0.9882413744926453, '01:29']
[34, 0.43997809290885925, 0.4310201108455658, 0.9918872714042664, 0.1131514459848404, 0.17480231821537018, 1.3201645612716675, 0.8131742477416992, 0.8215850591659546, 0.8215850591659546, 0.8882272243499756, '01:29']
[35, 0.43542420864105225, 0.4291822612285614, 0.991366982460022, 0.11540526896715164, 0.17500659823417664, 1.374258279800415, 0.8074207305908203, 0.8130069971084595, 0.8130069971084595, 1.062518835067749, '01:29']
[36, 0.43884962797164917, 0.4209614098072052, 0.9902125597000122, 0.12559543550014496, 0.17572708427906036, 1.4504154920578003, 0.787567675113678, 0.7971578240394592, 0.7971578240394592, 1.4980343580245972, '01:29']
[37, 0.4389974772930145, 0.4338141679763794, 0.9915611743927002, 0.10854102671146393, 0.1750207096338272, 1.2945854663848877, 0.8149744272232056, 0.8265874981880188, 0.8265873789787292, 0.9052077531814575, '01:29']
[38, 0.449259877204895, 0.4287882447242737, 0.9875646829605103, 0.116596519947052, 0.1771022528409958, 1.5735009908676147, 0.7947993278503418, 0.8103192448616028, 0.8103192448616028, 2.4095523357391357, '01:29']
[39, 0.4390086531639099, 0.43302688002586365, 0.9869284629821777, 0.1136416494846344, 0.1773865669965744, 1.5438523292541504, 0.7959766387939453, 0.8112941384315491, 0.8112941384315491, 2.2793002128601074, '01:29']
[40, 0.4430776834487915, 0.44808438420295715, 0.9863581657409668, 0.0934893861413002, 0.17749595642089844, 1.5610113143920898, 0.8331643342971802, 0.8461754322052002, 0.8461755514144897, 2.7762882709503174, '01:29']
[41, 0.4443129301071167, 0.4376233220100403, 0.9875143766403198, 0.10814234614372253, 0.17715509235858917, 1.5030171871185303, 0.8069177865982056, 0.8218011856079102, 0.8218011856079102, 1.9522687196731567, '01:29']
[42, 0.4388267397880554, 0.41561469435691833, 0.9911009669303894, 0.13199447095394135, 0.1752975583076477, 1.4201395511627197, 0.7801953554153442, 0.7886671423912048, 0.7886671423912048, 1.2787226438522339, '01:29']
[43, 0.453056663274765, 0.4236828088760376, 0.9903095960617065, 0.12108620256185532, 0.1756281703710556, 1.4547691345214844, 0.7968508005142212, 0.8051508665084839, 0.8051507472991943, 1.4907101392745972, '01:29']
[44, 0.4430310130119324, 0.422298401594162, 0.9893593788146973, 0.12378577888011932, 0.17612811923027039, 1.4794888496398926, 0.7884516716003418, 0.7994234561920166, 0.7994234561920166, 1.673582673072815, '01:31']
[45, 0.43813878297805786, 0.4400753974914551, 0.9858238697052002, 0.10835547745227814, 0.17798180878162384, 1.5977345705032349, 0.7987522482872009, 0.8171176910400391, 0.8171176910400391, 2.660470962524414, '01:29']
[46, 0.44124653935432434, 0.42335817217826843, 0.9876647591590881, 0.12467719614505768, 0.1771441102027893, 1.564490556716919, 0.7789576053619385, 0.797789990901947, 0.797789990901947, 2.3166561126708984, '01:29']
[47, 0.4248533546924591, 0.45660126209259033, 0.985417366027832, 0.0937514379620552, 0.17818766832351685, 1.6295377016067505, 0.8243891000747681, 0.8389556407928467, 0.8389556407928467, 2.7423276901245117, '01:29']
[48, 0.4318546950817108, 0.421222448348999, 0.9914351105690002, 0.1254298835992813, 0.17505083978176117, 1.3870468139648438, 0.7869978547096252, 0.7953059673309326, 0.7953059673309326, 1.109681248664856, '01:29']
[49, 0.4384010136127472, 0.4241379201412201, 0.9870671629905701, 0.1259109526872635, 0.1774911880493164, 1.5874712467193604, 0.773084282875061, 0.7911028861999512, 0.7911028861999512, 2.3922388553619385, '01:29']
[50, 0.43190518021583557, 0.4334039092063904, 0.987425684928894, 0.11476000398397446, 0.1773480623960495, 1.5165014266967773, 0.798629641532898, 0.8137505054473877, 0.8137505054473877, 2.0718135833740234, '01:29']
[51, 0.43623387813568115, 0.41484659910202026, 0.9910800457000732, 0.13428428769111633, 0.17535138130187988, 1.390898585319519, 0.7724587321281433, 0.7841680645942688, 0.7841680645942688, 1.2093425989151, '01:29']
[52, 0.43095287680625916, 0.4244896173477173, 0.9905734658241272, 0.12294864654541016, 0.17557017505168915, 1.4189165830612183, 0.7863341569900513, 0.7990981936454773, 0.7990981936454773, 1.3120930194854736, '01:29']
[53, 0.43391287326812744, 0.4276826083660126, 0.9860711693763733, 0.12021353095769882, 0.17793667316436768, 1.5755212306976318, 0.7818596959114075, 0.8016676306724548, 0.8016676306724548, 2.506707191467285, '01:29']
[54, 0.4383094310760498, 0.4286261796951294, 0.9864923357963562, 0.12552446126937866, 0.1780778020620346, 1.6040246486663818, 0.7783560752868652, 0.8006373643875122, 0.8006373047828674, 2.5434410572052, '01:29']
[55, 0.43090417981147766, 0.4163469672203064, 0.9894770383834839, 0.13191747665405273, 0.17615491151809692, 1.4750192165374756, 0.7738147974014282, 0.7885658144950867, 0.7885658144950867, 1.720024824142456, '01:29']
[56, 0.4347485303878784, 0.43999016284942627, 0.9850375056266785, 0.11024320125579834, 0.1785311996936798, 1.623826026916504, 0.7897807359695435, 0.8139552474021912, 0.8139552474021912, 2.9698097705841064, '01:29']
[57, 0.42739447951316833, 0.4595359265804291, 0.9835588335990906, 0.10561298578977585, 0.1795591562986374, 1.6329102516174316, 0.7940773963928223, 0.8197519779205322, 0.8197519779205322, 3.1209936141967773, '01:29']
[58, 0.43625786900520325, 0.427272766828537, 0.9874827265739441, 0.12168310582637787, 0.17730793356895447, 1.5251015424728394, 0.7879849672317505, 0.8063059449195862, 0.8063059449195862, 2.181943893432617, '01:29']
[59, 0.4374808967113495, 0.41864702105522156, 0.9918630719184875, 0.12873642146587372, 0.17487436532974243, 1.3444604873657227, 0.7889020442962646, 0.7971490025520325, 0.7971490025520325, 0.9886257648468018, '01:29']
[60, 0.43263933062553406, 0.41635197401046753, 0.9914913773536682, 0.13152453303337097, 0.17513826489448547, 1.3700917959213257, 0.7746101021766663, 0.7886250615119934, 0.7886250615119934, 1.1462485790252686, '01:29']
No improvement since epoch 51: early stopping
----------
1
----------
DLS create!
[0, 0.5272263288497925, 0.5094344019889832, 0.9930257797241211, 0.005540730431675911, 0.17858527600765228, 1.2441514730453491, 0.9798884391784668, 0.9461624026298523, 0.9461624026298523, inf, '01:29']
[1, 0.49866241216659546, 0.49829018115997314, 0.9771293997764587, 0.04754490777850151, 0.18240775167942047, 1.6854292154312134, 0.9207460284233093, 0.9007912874221802, 0.9007912874221802, inf, '01:29']
[2, 0.4964457154273987, 0.4954354763031006, 0.9805664420127869, 0.04326867684721947, 0.18058468401432037, 1.6444005966186523, 0.9267389178276062, 0.9043198823928833, 0.9043198823928833, inf, '01:32']
[3, 0.4912980794906616, 0.48995742201805115, 0.9918860197067261, 0.03983910754323006, 0.1744401603937149, 1.3619532585144043, 0.930549144744873, 0.9056183695793152, 0.9056183695793152, inf, '01:29']
[4, 0.48365625739097595, 0.4787901043891907, 0.9840847849845886, 0.06168204918503761, 0.17834749817848206, 1.6191422939300537, 0.8930505514144897, 0.8732147812843323, 0.8732147812843323, inf, '01:29']
[5, 0.48233363032341003, 0.4969537556171417, 0.992451548576355, 0.03900323808193207, 0.1740134209394455, 1.2655333280563354, 0.9254894256591797, 0.9051427245140076, 0.9051427245140076, inf, '01:29']
[6, 0.4801577925682068, 0.4541431665420532, 0.9912538528442383, 0.08927257359027863, 0.1747686117887497, 1.4298216104507446, 0.8582170009613037, 0.8351726531982422, 0.8351726531982422, inf, '01:29']
[7, 0.478267103433609, 0.4713449478149414, 0.9909889698028564, 0.06638534367084503, 0.1748628318309784, 1.4124867916107178, 0.8939094543457031, 0.8675896525382996, 0.8675896525382996, inf, '01:29']
[8, 0.4755660891532898, 0.44457530975341797, 0.9911055564880371, 0.10228462517261505, 0.17490483820438385, 1.4464850425720215, 0.8409121632575989, 0.8159958720207214, 0.8159958720207214, inf, '01:29']
[9, 0.46712547540664673, 0.46368303894996643, 0.9904256463050842, 0.07367031276226044, 0.1750601828098297, 1.4711507558822632, 0.8656589388847351, 0.8464573621749878, 0.8464573621749878, inf, '01:29']
[10, 0.4605987071990967, 0.4289861023426056, 0.9911286234855652, 0.12085092812776566, 0.17489776015281677, 1.4702852964401245, 0.8066446781158447, 0.7828253507614136, 0.7828253507614136, inf, '01:29']
[11, 0.4593774676322937, 0.46514859795570374, 0.9839779138565063, 0.08346837759017944, 0.178567036986351, 1.6891981363296509, 0.8459298610687256, 0.8309324383735657, 0.8309324383735657, inf, '01:29']
[12, 0.46611467003822327, 0.43396881222724915, 0.9913604259490967, 0.11618606746196747, 0.17487910389900208, 1.4449213743209839, 0.8189377188682556, 0.7960144877433777, 0.7960144877433777, inf, '01:29']
[13, 0.463024377822876, 0.4590991139411926, 0.9840367436408997, 0.08983071148395538, 0.17855247855186462, 1.673506498336792, 0.833777904510498, 0.8207281827926636, 0.8207281827926636, inf, '01:30']
[14, 0.45482340455055237, 0.45149075984954834, 0.9906409382820129, 0.08823315799236298, 0.17504611611366272, 1.4286693334579468, 0.8465523719787598, 0.8266165256500244, 0.8266165256500244, inf, '01:29']
[15, 0.46039777994155884, 0.4731491506099701, 0.9773890376091003, 0.07877333462238312, 0.18179036676883698, 1.7505892515182495, 0.8400089144706726, 0.8375452160835266, 0.8375452160835266, inf, '01:29']
[16, 0.46172022819519043, 0.43823251128196716, 0.99285888671875, 0.10941199958324432, 0.1738564819097519, 1.2723876237869263, 0.8208557963371277, 0.803017258644104, 0.803017258644104, inf, '01:29']
[17, 0.45230385661125183, 0.45411476492881775, 0.9844136834144592, 0.09314097464084625, 0.17829172313213348, 1.680411458015442, 0.8260005116462708, 0.8153504133224487, 0.8153504133224487, inf, '01:29']
[18, 0.45602160692214966, 0.4399678409099579, 0.989891529083252, 0.10344105958938599, 0.1754908561706543, 1.4810328483581543, 0.8218323588371277, 0.8004406094551086, 0.8004406094551086, inf, '01:29']
[19, 0.45058006048202515, 0.4365508258342743, 0.9896132946014404, 0.10837386548519135, 0.17570562660694122, 1.5347884893417358, 0.8109719157218933, 0.7927034497261047, 0.7927034497261047, inf, '01:30']
No improvement since epoch 10: early stopping
----------
2
----------
DLS create!
[0, 0.5210465788841248, 0.5199691653251648, 0.9927894473075867, 0.0, 0.17860861122608185, 1.3171542882919312, 0.9606560468673706, 0.9614066481590271, 0.9614066481590271, 0.0, '01:29']
[1, 0.5016379952430725, 0.5265222787857056, 0.9888553023338318, 0.026333745568990707, 0.1762271523475647, 1.4356098175048828, 0.9584156274795532, 0.9578289985656738, 0.9578289985656738, 2.181615114212036, '01:30']
[2, 0.48484694957733154, 0.5022276639938354, 0.9904599189758301, 0.0380011647939682, 0.17473505437374115, 1.4012483358383179, 0.9324660897254944, 0.9366335868835449, 0.9366335868835449, 1.3448282480239868, '01:29']
[3, 0.48670047521591187, 0.48165059089660645, 0.9886084198951721, 0.05719463899731636, 0.17582817375659943, 1.4833403825759888, 0.9076434373855591, 0.9138858318328857, 0.9138858318328857, 2.484409809112549, '01:29']
[4, 0.47907519340515137, 0.48286736011505127, 0.983019232749939, 0.057519879192113876, 0.17821051180362701, 1.6246904134750366, 0.8937971591949463, 0.9054381251335144, 0.9054381251335144, 5.1021809577941895, '01:29']
[5, 0.4841300845146179, 0.46986621618270874, 0.9883830547332764, 0.0721634030342102, 0.17581512033939362, 1.4842594861984253, 0.8833430409431458, 0.8907042741775513, 0.8907042741775513, 2.633084774017334, '01:29']
[6, 0.4764607846736908, 0.48604974150657654, 0.9916121363639832, 0.04839051142334938, 0.174148827791214, 1.3103697299957275, 0.9148839712142944, 0.9206883907318115, 0.9206883907318115, 0.7206071019172668, '01:29']
[7, 0.4705834686756134, 0.47038617730140686, 0.987095832824707, 0.07080325484275818, 0.17648139595985413, 1.5506434440612793, 0.8782248497009277, 0.8872087597846985, 0.887208878993988, 3.1525864601135254, '01:29']
[8, 0.4704071581363678, 0.4656360149383545, 0.9869908094406128, 0.07833517342805862, 0.17664361000061035, 1.5569655895233154, 0.8631049394607544, 0.8719867467880249, 0.8719867467880249, 3.160959482192993, '01:29']
[9, 0.4570578932762146, 0.4593885838985443, 0.9913961291313171, 0.08214415609836578, 0.17433270812034607, 1.325423240661621, 0.8590248227119446, 0.8661817908287048, 0.8661817908287048, 0.8855510950088501, '01:29']
[10, 0.46556001901626587, 0.4711882770061493, 0.9825913906097412, 0.07754716277122498, 0.17864379286766052, 1.6424837112426758, 0.8531985282897949, 0.8690330386161804, 0.8690330982208252, 5.842541217803955, '01:30']
[11, 0.45671701431274414, 0.4555542767047882, 0.988672137260437, 0.08943796902894974, 0.17571215331554413, 1.48739492893219, 0.8486307263374329, 0.8568756580352783, 0.8568756580352783, 2.244006395339966, '01:29']
[12, 0.4533853232860565, 0.45388394594192505, 0.9900768399238586, 0.091217041015625, 0.1750403195619583, 1.4294451475143433, 0.843063473701477, 0.8502241969108582, 0.8502241969108582, 1.4884350299835205, '01:29']
[13, 0.4659031629562378, 0.4638208746910095, 0.9880296587944031, 0.07875530421733856, 0.17611286044120789, 1.5232443809509277, 0.8634166121482849, 0.8719693422317505, 0.8719693422317505, 2.451751708984375, '01:29']
[14, 0.45669063925743103, 0.46445587277412415, 0.9864201545715332, 0.08011802285909653, 0.1769825667142868, 1.570178508758545, 0.8547053337097168, 0.8667551279067993, 0.8667551279067993, 3.008849620819092, '01:29']
[15, 0.46144968271255493, 0.4592116177082062, 0.9871117472648621, 0.0851302295923233, 0.17659083008766174, 1.5506831407546997, 0.8481126427650452, 0.8586456179618835, 0.8586456179618835, 3.02280855178833, '01:29']
[16, 0.4554629325866699, 0.4884965717792511, 0.9792051315307617, 0.0663447305560112, 0.1805865615606308, 1.707190752029419, 0.8656333684921265, 0.8855447173118591, 0.8855447173118591, 7.235105037689209, '01:29']
[17, 0.4503558576107025, 0.46093684434890747, 0.9885110259056091, 0.08214686065912247, 0.17586782574653625, 1.4775562286376953, 0.8551042675971985, 0.8643980026245117, 0.8643980026245117, 1.990612506866455, '01:29']
[18, 0.45748165249824524, 0.4581177532672882, 0.9902120232582092, 0.08915165066719055, 0.17502270638942719, 1.35861074924469, 0.8599362969398499, 0.8654053807258606, 0.8654053807258606, 1.215767741203308, '01:29']
[19, 0.4423302114009857, 0.4546491801738739, 0.9879612326622009, 0.09267619997262955, 0.17618006467819214, 1.511435627937317, 0.839584231376648, 0.8485656380653381, 0.8485656380653381, 2.4949939250946045, '01:29']
[20, 0.4596727192401886, 0.4710407555103302, 0.9836252331733704, 0.07180559635162354, 0.17824244499206543, 1.632124423980713, 0.8660501837730408, 0.8799015283584595, 0.8799015283584595, 4.6583147048950195, '01:29']
[21, 0.4462966322898865, 0.468262642621994, 0.9918088316917419, 0.07221360504627228, 0.1741374135017395, 1.2212039232254028, 0.8805996775627136, 0.8866431713104248, 0.8866430521011353, 0.48163142800331116, '01:29']
No improvement since epoch 12: early stopping
----------
3
----------
DLS create!
[0, 0.511114776134491, 0.5030511021614075, 0.9772659540176392, 0.04155486822128296, 0.18228918313980103, 1.5142375230789185, 0.9428518414497375, 0.9468072056770325, 0.9468072056770325, 5.166529178619385, '01:31']
[1, 0.49861064553260803, 0.5252825617790222, 0.9909148216247559, 0.03157655522227287, 0.1744462102651596, 1.2557430267333984, 0.9531915187835693, 0.9528329372406006, 0.9528329372406006, 0.5915544629096985, '01:29']
[2, 0.48897531628608704, 0.48388221859931946, 0.98682701587677, 0.05390443280339241, 0.17638662457466125, 1.4751994609832764, 0.9148750305175781, 0.9144493937492371, 0.9144493937492371, 2.0155820846557617, '01:29']
[3, 0.48470720648765564, 0.48848482966423035, 0.9804936051368713, 0.05312969535589218, 0.17914138734340668, 1.608686923980713, 0.9049301147460938, 0.9108573198318481, 0.9108573198318481, 3.908170223236084, '01:29']
[4, 0.48760509490966797, 0.4738183319568634, 0.988533079624176, 0.06861019134521484, 0.17581391334533691, 1.4371604919433594, 0.8934287428855896, 0.895757257938385, 0.895757257938385, 1.5890188217163086, '01:29']
[5, 0.47359514236450195, 0.4771401286125183, 0.9851641654968262, 0.06547735631465912, 0.17716868221759796, 1.5449846982955933, 0.8809126019477844, 0.8874834179878235, 0.8874834179878235, 2.8190054893493652, '01:29']
[6, 0.47668254375457764, 0.4722713828086853, 0.9890965819358826, 0.07045014947652817, 0.17545008659362793, 1.4136481285095215, 0.8891655802726746, 0.8900332450866699, 0.8900332450866699, 1.235782504081726, '01:29']
[7, 0.4722684621810913, 0.4969639480113983, 0.9756585955619812, 0.057469937950372696, 0.18199284374713898, 1.7112553119659424, 0.8757656216621399, 0.8966912031173706, 0.8966912031173706, 5.891829013824463, '01:29']
[8, 0.4598824083805084, 0.46408116817474365, 0.9887225031852722, 0.08003043383359909, 0.1755114644765854, 1.3932561874389648, 0.8629000782966614, 0.8680099248886108, 0.8680099248886108, 1.327841877937317, '01:29']
[9, 0.46298468112945557, 0.4713939428329468, 0.9899557828903198, 0.06923360377550125, 0.1749163717031479, 1.3501169681549072, 0.8818783760070801, 0.8850352168083191, 0.8850352168083191, 0.9330992102622986, '01:29']
[10, 0.46320515871047974, 0.47167855501174927, 0.9859784841537476, 0.07312487810850143, 0.17690826952457428, 1.5348471403121948, 0.8667111396789551, 0.8751655220985413, 0.8751655220985413, 2.4186549186706543, '01:30']
[11, 0.46892136335372925, 0.47051501274108887, 0.9884428381919861, 0.06879694014787674, 0.17580145597457886, 1.4405959844589233, 0.8841779828071594, 0.8864515423774719, 0.8864515423774719, 1.3836551904678345, '01:29']
[12, 0.46360868215560913, 0.47720828652381897, 0.9843175411224365, 0.06874939054250717, 0.17761172354221344, 1.5430550575256348, 0.8749113082885742, 0.8833993673324585, 0.8833993673324585, 2.7678725719451904, '01:29']
[13, 0.45977404713630676, 0.4589248597621918, 0.9886989593505859, 0.08464953303337097, 0.17557619512081146, 1.4047980308532715, 0.8563721179962158, 0.8613804578781128, 0.8613804578781128, 1.284317970275879, '01:29']
[14, 0.4554581642150879, 0.4720973074436188, 0.9849033951759338, 0.07265394181013107, 0.17746201157569885, 1.5424842834472656, 0.867459774017334, 0.8760689496994019, 0.8760689496994019, 2.2554545402526855, '01:29']
[15, 0.4525304138660431, 0.4542563557624817, 0.9879401326179504, 0.09298522770404816, 0.17600084841251373, 1.4322081804275513, 0.8415665030479431, 0.8486440181732178, 0.8486440181732178, 1.5636320114135742, '01:30']
[16, 0.4586358368396759, 0.4752993583679199, 0.9859972596168518, 0.06912249326705933, 0.17693215608596802, 1.5030075311660767, 0.8764560222625732, 0.8820932507514954, 0.8820932507514954, 2.0129098892211914, '01:31']
[17, 0.44260174036026, 0.45889782905578613, 0.988221287727356, 0.0868714228272438, 0.17593057453632355, 1.4054253101348877, 0.8489642143249512, 0.8574506640434265, 0.8574506640434265, 1.594193696975708, '01:31']
[18, 0.44667911529541016, 0.46958908438682556, 0.9857663512229919, 0.07408276945352554, 0.17709530889987946, 1.4860306978225708, 0.8597561717033386, 0.8717946410179138, 0.8717947602272034, 2.045309543609619, '01:30']
[19, 0.44350919127464294, 0.46354445815086365, 0.9870869517326355, 0.08071909844875336, 0.17652679979801178, 1.4695773124694824, 0.8521576523780823, 0.8630599975585938, 0.8630599975585938, 1.807489037513733, '01:30']
[20, 0.4480363726615906, 0.45808011293411255, 0.9891834259033203, 0.08529213815927505, 0.17541317641735077, 1.3773494958877563, 0.8445826768875122, 0.8553652763366699, 0.8553652763366699, 1.2536742687225342, '01:30']
[21, 0.44839921593666077, 0.4684770703315735, 0.9866251349449158, 0.0784897655248642, 0.1766989380121231, 1.4924697875976562, 0.8569415807723999, 0.8647665977478027, 0.8647665977478027, 2.1001620292663574, '01:30']
[22, 0.44388988614082336, 0.4637954831123352, 0.9906131625175476, 0.07642631232738495, 0.17463810741901398, 1.270222544670105, 0.8642908930778503, 0.8721746802330017, 0.8721746802330017, 0.8265119791030884, '01:30']
[23, 0.43766140937805176, 0.4525178074836731, 0.9902141094207764, 0.09091879427433014, 0.1748502403497696, 1.3082704544067383, 0.8450419306755066, 0.8514467477798462, 0.8514467477798462, 0.8367473483085632, '01:30']
[24, 0.44267183542251587, 0.46904948353767395, 0.9851667881011963, 0.07910298556089401, 0.17751257121562958, 1.4944400787353516, 0.8494117259979248, 0.862396240234375, 0.862396240234375, 1.943056344985962, '01:29']
[25, 0.43923038244247437, 0.4651937782764435, 0.9905373454093933, 0.07697733491659164, 0.17460452020168304, 1.2750991582870483, 0.8626734018325806, 0.8705335259437561, 0.8705335259437561, 0.7631359100341797, '01:30']
[26, 0.4396268427371979, 0.4554336965084076, 0.9883281588554382, 0.09152805060148239, 0.17583878338336945, 1.4274159669876099, 0.8372061252593994, 0.8443676829338074, 0.8443676829338074, 1.453113317489624, '01:30']
[27, 0.44398316740989685, 0.4696212112903595, 0.9855058789253235, 0.07511403411626816, 0.17747583985328674, 1.5089964866638184, 0.8609499931335449, 0.8732471466064453, 0.8732471466064453, 2.205064058303833, '01:29']
[28, 0.4435425400733948, 0.4584788680076599, 0.9856760501861572, 0.08584147691726685, 0.1771821528673172, 1.5203425884246826, 0.8467493653297424, 0.8573192954063416, 0.8573192954063416, 2.2837512493133545, '01:29']
[29, 0.4396820664405823, 0.4501541256904602, 0.9874981641769409, 0.09391391277313232, 0.17630535364151, 1.4649620056152344, 0.8352906107902527, 0.8432847261428833, 0.8432847261428833, 1.7010873556137085, '01:30']
[30, 0.43496575951576233, 0.4642527401447296, 0.9874577522277832, 0.07824170589447021, 0.1763458102941513, 1.4221079349517822, 0.8588759899139404, 0.8675395250320435, 0.8675395250320435, 1.5118311643600464, '01:29']
[31, 0.43395498394966125, 0.4513820707798004, 0.9908007383346558, 0.0924370214343071, 0.17449447512626648, 1.2931157350540161, 0.8467317223548889, 0.8507867455482483, 0.8507867455482483, 0.7377715110778809, '01:30']
[32, 0.4362671971321106, 0.461704283952713, 0.9846471548080444, 0.08565222471952438, 0.17773683369159698, 1.5411655902862549, 0.8372971415519714, 0.8507349491119385, 0.8507349491119385, 2.4808855056762695, '01:29']
[33, 0.4468127191066742, 0.4505760073661804, 0.9877552390098572, 0.09366884082555771, 0.17619900405406952, 1.4651782512664795, 0.834114670753479, 0.8434892892837524, 0.8434892892837524, 1.7673455476760864, '01:30']
[34, 0.4305046498775482, 0.46145662665367126, 0.9899371862411499, 0.07991872727870941, 0.17500180006027222, 1.3505345582962036, 0.8580365180969238, 0.8645074367523193, 0.8645074367523193, 0.9927247166633606, '01:29']
[35, 0.4367857575416565, 0.48036178946495056, 0.9769133925437927, 0.07634875178337097, 0.18174557387828827, 1.697243094444275, 0.8356212973594666, 0.8641983270645142, 0.8641983270645142, 4.885848045349121, '01:29']
[36, 0.4430954158306122, 0.46164411306381226, 0.9840949177742004, 0.08467303961515427, 0.1779821217060089, 1.5452022552490234, 0.8366573452949524, 0.8531667590141296, 0.8531667590141296, 2.6272964477539062, '01:29']
[37, 0.42716699838638306, 0.5148804187774658, 0.9707353115081787, 0.05704626441001892, 0.18481199443340302, 1.7242751121520996, 0.8743625283241272, 0.8961362242698669, 0.8961362242698669, 8.046550750732422, '01:29']
[38, 0.44083452224731445, 0.4549749195575714, 0.9867980480194092, 0.08931515365839005, 0.1766514778137207, 1.457772135734558, 0.8359168767929077, 0.8488092422485352, 0.8488092422485352, 1.727065086364746, '01:29']
No improvement since epoch 29: early stopping
----------
4
----------
DLS create!
[0, 0.527977705001831, 0.5060912370681763, 0.9890874624252319, 0.020300837233662605, 0.17935645580291748, 1.322066068649292, 0.9642394185066223, 0.9488632678985596, 0.9488632678985596, inf, '01:29']
[1, 0.5004684925079346, 0.5520519614219666, 0.9169291257858276, 0.01913459599018097, 0.2014956772327423, 1.685014247894287, 0.9641996622085571, 0.955624520778656, 0.955624520778656, inf, '01:29']
[2, 0.48836660385131836, 0.4964732527732849, 0.9887065887451172, 0.04633288085460663, 0.17461802065372467, 1.2925500869750977, 0.9240480661392212, 0.9175077676773071, 0.9175077676773071, inf, '01:29']
[3, 0.48981189727783203, 0.4845288395881653, 0.9878891706466675, 0.0601281076669693, 0.17506885528564453, 1.3461753129959106, 0.9052691459655762, 0.8965120315551758, 0.8965120315551758, inf, '01:30']
[4, 0.49221497774124146, 0.48721927404403687, 0.9749631881713867, 0.06635919213294983, 0.18157918751239777, 1.6211398839950562, 0.8889381289482117, 0.8887025117874146, 0.8887025117874146, inf, '01:29']
[5, 0.47570982575416565, 0.47841233015060425, 0.9875054955482483, 0.06962693482637405, 0.17513470351696014, 1.3762327432632446, 0.8866643309593201, 0.8795660138130188, 0.8795660138130188, inf, '01:30']
[6, 0.4678201675415039, 0.473724365234375, 0.9749457240104675, 0.08787886053323746, 0.18173101544380188, 1.6704187393188477, 0.8398790955543518, 0.8466728925704956, 0.8466728329658508, inf, '01:29']
[7, 0.47420811653137207, 0.454021155834198, 0.9877712726593018, 0.1009102463722229, 0.17526952922344208, 1.3646955490112305, 0.8433292508125305, 0.8371140360832214, 0.8371140360832214, inf, '01:29']
[8, 0.4698200821876526, 0.4791419208049774, 0.9886419773101807, 0.06859678775072098, 0.17460598051548004, 1.3102411031723022, 0.8860765099525452, 0.8816016912460327, 0.8816016912460327, inf, '01:29']
[9, 0.4527755677700043, 0.4762411415576935, 0.9783565998077393, 0.08889161050319672, 0.1802278459072113, 1.6426794528961182, 0.8327150344848633, 0.8413566946983337, 0.8413566946983337, inf, '01:31']
[10, 0.4751533567905426, 0.509761393070221, 0.9902482032775879, nan, 0.17364557087421417, 1.085100769996643, 0.9449860453605652, 0.9444355368614197, 0.9444355368614197, nan, '01:30']
[11, 0.4657684862613678, 0.4666038155555725, 0.9752660989761353, 0.09666039794683456, 0.18150991201400757, 1.6569653749465942, 0.8260910511016846, 0.8338096737861633, 0.8338096737861633, inf, '01:29']
[12, 0.45966506004333496, 0.44516682624816895, 0.9875645637512207, 0.11237475275993347, 0.17533479630947113, 1.401923656463623, 0.8227414488792419, 0.8164785504341125, 0.8164785504341125, inf, '01:29']
[13, 0.45768216252326965, 0.45368829369544983, 0.9833468198776245, 0.10282450169324875, 0.17751239240169525, 1.53439462184906, 0.8279401659965515, 0.8259841203689575, 0.8259841203689575, inf, '01:29']
[14, 0.45596522092819214, 0.44161584973335266, 0.986966609954834, 0.11799071729183197, 0.17578831315040588, 1.4089208841323853, 0.8137884140014648, 0.8079811930656433, 0.8079811930656433, inf, '01:29']
[15, 0.4681808352470398, 0.45193642377853394, 0.9875103235244751, 0.10240893065929413, 0.175423726439476, 1.3976279497146606, 0.836979329586029, 0.8318815231323242, 0.8318815231323242, inf, '01:29']
[16, 0.46877244114875793, 0.4690406024456024, 0.9746370315551758, 0.09252196550369263, 0.18185487389564514, 1.6513828039169312, 0.8273121118545532, 0.8392421007156372, 0.8392421007156372, inf, '01:29']
[17, 0.4471018314361572, 0.44672468304634094, 0.9862662553787231, 0.10924939811229706, 0.17603924870491028, 1.461516261100769, 0.8168650269508362, 0.8152317404747009, 0.8152317404747009, inf, '01:29']
[18, 0.4601452052593231, 0.4653577506542206, 0.9849050641059875, 0.0869903489947319, 0.17663255333900452, 1.49728524684906, 0.8506902456283569, 0.8480854034423828, 0.8480854034423828, inf, '01:29']
[19, 0.45018279552459717, 0.4389348328113556, 0.9861243367195129, 0.12023009359836578, 0.17619939148426056, 1.469160556793213, 0.796748697757721, 0.796781063079834, 0.796781063079834, inf, '01:29']
[20, 0.45235535502433777, 0.44940662384033203, 0.9879024028778076, 0.10568109154701233, 0.17517665028572083, 1.3832988739013672, 0.8284240365028381, 0.8221664428710938, 0.8221664428710938, inf, '01:29']
[21, 0.4457975924015045, 0.4429301619529724, 0.9876196980476379, 0.11160045862197876, 0.17533466219902039, 1.3937479257583618, 0.8168342113494873, 0.8144927024841309, 0.8144927024841309, inf, '01:29']
[22, 0.45139265060424805, 0.4423600733280182, 0.984615683555603, 0.1140836849808693, 0.17694154381752014, 1.5005204677581787, 0.8019228577613831, 0.8062226176261902, 0.8062226176261902, inf, '01:29']
[23, 0.4394233524799347, 0.45314326882362366, 0.9798522591590881, 0.1112363412976265, 0.1796383559703827, 1.6012392044067383, 0.7914879322052002, 0.8060081005096436, 0.8060081005096436, inf, '01:29']
[24, 0.4380212724208832, 0.44232243299484253, 0.9872103929519653, 0.11694919317960739, 0.1755586713552475, 1.4051004648208618, 0.8093004822731018, 0.8036772012710571, 0.8036772012710571, inf, '01:29']
[25, 0.4427221119403839, 0.42984479665756226, 0.986214280128479, 0.1305781751871109, 0.1762177050113678, 1.4405781030654907, 0.7831495404243469, 0.7847462296485901, 0.7847462296485901, inf, '01:29']
[26, 0.44236186146736145, 0.4420340955257416, 0.9843932390213013, 0.11409473419189453, 0.17711195349693298, 1.526974081993103, 0.8023653030395508, 0.8063477277755737, 0.8063477277755737, inf, '01:30']
[27, 0.4475257992744446, 0.43399763107299805, 0.9862471222877502, 0.1234474778175354, 0.17612098157405853, 1.4710142612457275, 0.789924681186676, 0.7917304635047913, 0.7917304635047913, inf, '01:29']
[28, 0.4398283064365387, 0.4872109293937683, 0.9740771055221558, 0.08598463237285614, 0.18247082829475403, 1.6863784790039062, 0.8222217559814453, 0.8402756452560425, 0.8402756452560425, inf, '01:29']
[29, 0.44188931584358215, 0.42772698402404785, 0.9843183755874634, 0.1351270228624344, 0.1773487627506256, 1.5334569215774536, 0.7679563164710999, 0.7753559947013855, 0.7753559947013855, inf, '01:29']
[30, 0.45209524035453796, 0.45773962140083313, 0.9903742074966431, 0.09550623595714569, 0.17374658584594727, 1.1464288234710693, 0.8352112174034119, 0.8416269421577454, 0.8416269421577454, inf, '01:29']
[31, 0.443233460187912, 0.43182602524757385, 0.9885017275810242, 0.12875239551067352, 0.17491531372070312, 1.3471702337265015, 0.7955196499824524, 0.7907626032829285, 0.7907626032829285, inf, '01:29']
[32, 0.44497159123420715, 0.4383026659488678, 0.9850311875343323, 0.12201151251792908, 0.17692619562149048, 1.5067425966262817, 0.786018967628479, 0.7924080491065979, 0.7924080491065979, inf, '01:29']
[33, 0.43514931201934814, 0.42797383666038513, 0.9890398979187012, 0.13298393785953522, 0.17465148866176605, 1.3290133476257324, 0.7855733036994934, 0.7834154367446899, 0.7834154367446899, inf, '01:29']
[34, 0.4301588535308838, 0.43208348751068115, 0.9883338809013367, 0.12772579491138458, 0.17505821585655212, 1.3489946126937866, 0.7919946908950806, 0.7878757119178772, 0.7878757119178772, inf, '01:29']
[35, 0.4347071349620819, 0.4273143708705902, 0.9888643026351929, 0.13356968760490417, 0.17474134266376495, 1.3367950916290283, 0.7807691693305969, 0.7808626890182495, 0.7808626890182495, inf, '01:29']
[36, 0.4287969470024109, 0.4379062056541443, 0.989763617515564, 0.11994105577468872, 0.17419108748435974, 1.2595771551132202, 0.7951470613479614, 0.7994922995567322, 0.7994922995567322, inf, '01:29']
[37, 0.4337306320667267, 0.43478792905807495, 0.9878675937652588, 0.12313640862703323, 0.17521457374095917, 1.3857795000076294, 0.7911399006843567, 0.7912328243255615, 0.7912328243255615, inf, '01:29']
[38, 0.44012734293937683, 0.46368512511253357, 0.9772781729698181, 0.09887418895959854, 0.18078382313251495, 1.6534075736999512, 0.82027667760849, 0.827907145023346, 0.827907145023346, inf, '01:29']
[39, 0.4444475471973419, 0.4386592209339142, 0.9867677688598633, 0.118934266269207, 0.17585933208465576, 1.4539976119995117, 0.8043613433837891, 0.8005887269973755, 0.8005887269973755, inf, '01:29']
[40, 0.43621236085891724, 0.4337860345840454, 0.9885177612304688, 0.12539774179458618, 0.1749294102191925, 1.3519624471664429, 0.7901132702827454, 0.7893247604370117, 0.7893247604370117, inf, '01:31']
[41, 0.44307005405426025, 0.4453587830066681, 0.9865859150886536, 0.11324381083250046, 0.17597950994968414, 1.4483518600463867, 0.8017591834068298, 0.803207278251648, 0.803207278251648, inf, '01:29']
[42, 0.4411035478115082, 0.4440234899520874, 0.9896183609962463, nan, 0.174281045794487, 1.2379306554794312, 0.8139052987098694, 0.8179296255111694, 0.8179296255111694, nan, '01:30']
[43, 0.438357949256897, 0.4278917610645294, 0.9897428154945374, 0.13199567794799805, 0.1742936372756958, 1.2663413286209106, 0.78486168384552, 0.7850761413574219, 0.7850761413574219, inf, '01:29']
[44, 0.43708962202072144, 0.43199795484542847, 0.9888556003570557, 0.12868842482566833, 0.17475366592407227, 1.314532995223999, 0.786463737487793, 0.7900285124778748, 0.7900285124778748, inf, '01:29']
No improvement since epoch 35: early stopping
MAnet_res152 Done!
