Models will save to MAnet_xcep_x
Use xception encoder
Start training...
----------
0
----------
DLS create!
[0, 0.5901915431022644, 0.5344858765602112, 0.9935504198074341, 0.0005646738572977483, 0.18636946380138397, 1.195000171661377, 0.9970570206642151, 0.9879152178764343, 0.9879152178764343, 0.07310100644826889, '01:05']
[1, 0.5200692415237427, 0.5044287443161011, 0.9864373803138733, 0.035104695707559586, 0.18211862444877625, 1.4927374124526978, 0.9561463594436646, 0.9575660228729248, 0.9575660228729248, 2.598936080932617, '01:04']
[2, 0.5041476488113403, 0.4990529417991638, 0.9926002621650696, 0.02196933515369892, 0.17500336468219757, 1.2696797847747803, 0.9625470638275146, 0.959869384765625, 0.959869384765625, 0.4106346368789673, '01:04']
[3, 0.48969030380249023, 0.4905054271221161, 0.9888484477996826, 0.04334165155887604, 0.17639325559139252, 1.488067626953125, 0.9295136332511902, 0.9290033578872681, 0.9290033578872681, 1.631504774093628, '01:04']
[4, 0.49344077706336975, 0.479053258895874, 0.9880673289299011, 0.05703159049153328, 0.17669600248336792, 1.5101087093353271, 0.9121111035346985, 0.9133585095405579, 0.9133585095405579, 1.9316703081130981, '01:04']
[5, 0.49592646956443787, 0.48210328817367554, 0.9914300441741943, 0.04948768392205238, 0.17498722672462463, 1.365060567855835, 0.9234598278999329, 0.9225696921348572, 0.9225696921348572, 0.8387082815170288, '01:04']
[6, 0.4834824502468109, 0.47142601013183594, 0.9877578020095825, 0.06499982625246048, 0.17669616639614105, 1.5332443714141846, 0.893794596195221, 0.8956412672996521, 0.8956412672996521, 2.1244161128997803, '01:04']
[7, 0.48892146348953247, 0.4844226539134979, 0.9831468462944031, 0.055787861347198486, 0.1793534904718399, 1.633465051651001, 0.9045740365982056, 0.9130991101264954, 0.9130991101264954, 3.585812568664551, '01:04']
[8, 0.48339858651161194, 0.47590166330337524, 0.9911585450172424, 0.0578523650765419, 0.17522169649600983, 1.3752827644348145, 0.9129390120506287, 0.9122257828712463, 0.9122257828712463, 0.9485214948654175, '01:04']
[9, 0.4827651381492615, 0.48291754722595215, 0.9854199290275574, 0.0601859949529171, 0.1787804514169693, 1.5892610549926758, 0.9064597487449646, 0.9128755927085876, 0.9128755927085876, 2.5548839569091797, '01:04']
[10, 0.4841364622116089, 0.47203123569488525, 0.987667977809906, 0.06477993726730347, 0.1767880618572235, 1.5270193815231323, 0.8946959376335144, 0.8979899287223816, 0.8979899287223816, 2.025139808654785, '01:04']
[11, 0.48085448145866394, 0.4716099798679352, 0.99210125207901, 0.060000743716955185, 0.17459063231945038, 1.318521499633789, 0.9022672176361084, 0.9023440480232239, 0.9023440480232239, 0.6639387607574463, '01:04']
[12, 0.4720402657985687, 0.48071742057800293, 0.9799044728279114, 0.0637521967291832, 0.18060053884983063, 1.7147821187973022, 0.8724946975708008, 0.8888061046600342, 0.8888061046600342, 4.406806468963623, '01:04']
[13, 0.47225216031074524, 0.4544214904308319, 0.9909618496894836, 0.08315623551607132, 0.17511345446109772, 1.411637544631958, 0.864980161190033, 0.8659114241600037, 0.8659114241600037, 1.1469978094100952, '01:04']
[14, 0.46267595887184143, 0.47203966975212097, 0.9780425429344177, 0.07695315778255463, 0.18169069290161133, 1.7260363101959229, 0.8472702503204346, 0.8702006936073303, 0.8702006936073303, 4.869831085205078, '01:04']
[15, 0.4700201749801636, 0.4538794755935669, 0.9884876608848572, 0.08738858252763748, 0.1765517145395279, 1.5246210098266602, 0.8569681644439697, 0.8627752661705017, 0.8627752661705017, 2.003807306289673, '01:04']
[16, 0.4675118029117584, 0.4646906554698944, 0.9796834588050842, 0.08366063237190247, 0.1810580939054489, 1.6997647285461426, 0.8412620425224304, 0.8652012944221497, 0.8652012944221497, 4.636354923248291, '01:04']
[17, 0.46307432651519775, 0.4584982395172119, 0.9889589548110962, 0.08034058660268784, 0.1763974279165268, 1.4945954084396362, 0.8664314150810242, 0.8717453479766846, 0.8717453479766846, 1.758085012435913, '01:04']
[18, 0.4628029465675354, 0.4727042317390442, 0.9922950863838196, 0.058790408074855804, 0.174392431974411, 1.2342209815979004, 0.8967949748039246, 0.9014575481414795, 0.9014575481414795, 0.49168336391448975, '01:04']
[19, 0.47189173102378845, 0.4538987874984741, 0.9926372766494751, 0.08094333112239838, 0.1742507368326187, 1.2892001867294312, 0.8629513382911682, 0.8673762679100037, 0.8673762679100037, 0.6716924905776978, '01:03']
[20, 0.467771053314209, 0.45663896203041077, 0.9851651787757874, 0.08865030854940414, 0.17832884192466736, 1.636723279953003, 0.8404619693756104, 0.8548005819320679, 0.8548005819320679, 2.9706971645355225, '01:04']
[21, 0.45746779441833496, 0.44766080379486084, 0.9927022457122803, 0.0893314778804779, 0.17419803142547607, 1.2535516023635864, 0.8436713814735413, 0.8530624508857727, 0.8530624508857727, 0.5941329598426819, '01:04']
[22, 0.4533928334712982, 0.4416869878768921, 0.9894607067108154, 0.10220400243997574, 0.1759205162525177, 1.438904047012329, 0.8276327848434448, 0.8329256772994995, 0.8329256772994995, 1.5361175537109375, '01:04']
[23, 0.46240419149398804, 0.4686538577079773, 0.9783139824867249, 0.08266571909189224, 0.181842640042305, 1.7289879322052002, 0.8344888687133789, 0.8626523613929749, 0.8626523613929749, 4.966779708862305, '01:04']
[24, 0.4488348960876465, 0.4387527406215668, 0.9882373809814453, 0.10569288581609726, 0.1766919493675232, 1.5183539390563965, 0.8166196942329407, 0.8265591859817505, 0.8265591859817505, 1.9544299840927124, '01:04']
[25, 0.44999176263809204, 0.4409213662147522, 0.9865965247154236, 0.10535543411970139, 0.17763680219650269, 1.5664622783660889, 0.8159275650978088, 0.8298617601394653, 0.8298617601394653, 2.437546968460083, '01:04']
[26, 0.4517829418182373, 0.4577159583568573, 0.9815740585327148, 0.09163487702608109, 0.1801433563232422, 1.6918617486953735, 0.823580801486969, 0.8460034728050232, 0.8460034728050232, 3.9741499423980713, '01:04']
[27, 0.44963353872299194, 0.443435400724411, 0.9858716726303101, 0.10361815989017487, 0.17796622216701508, 1.5998525619506836, 0.8127809166908264, 0.8282580971717834, 0.8282578587532043, 2.6087698936462402, '01:04']
[28, 0.4517470896244049, 0.4617226719856262, 0.9774156212806702, 0.08958125114440918, 0.18220792710781097, 1.7278060913085938, 0.8191720843315125, 0.8500993847846985, 0.8500993847846985, 4.820091247558594, '01:04']
[29, 0.44495636224746704, 0.45309799909591675, 0.992838978767395, 0.08307357877492905, 0.17405492067337036, 1.2385408878326416, 0.8510708212852478, 0.8621560335159302, 0.8621560335159302, 0.5036892890930176, '01:04']
[30, 0.4527556896209717, 0.4317203164100647, 0.9922966361045837, 0.10966969281435013, 0.1745316982269287, 1.3238816261291504, 0.8197768330574036, 0.8249478936195374, 0.8249478936195374, 0.8303086161613464, '01:04']
[31, 0.4473690986633301, 0.44013142585754395, 0.986204981803894, 0.10571824014186859, 0.17776313424110413, 1.5718072652816772, 0.8128726482391357, 0.8277631998062134, 0.8277631998062134, 2.451144218444824, '01:04']
[32, 0.4459942579269409, 0.4371350407600403, 0.987245500087738, 0.11039111018180847, 0.17729860544204712, 1.5325313806533813, 0.8045995235443115, 0.818504810333252, 0.818504810333252, 2.1501967906951904, '01:04']
[33, 0.4478098750114441, 0.43637385964393616, 0.9867211580276489, 0.11360682547092438, 0.17759469151496887, 1.5562430620193481, 0.8057469725608826, 0.8179585337638855, 0.8179585337638855, 2.263164520263672, '01:04']
[34, 0.4422105550765991, 0.42664697766304016, 0.9916872978210449, 0.11649489402770996, 0.17487755417823792, 1.3677363395690918, 0.8060662746429443, 0.8117131590843201, 0.8117131590843201, 1.0108723640441895, '01:04']
[35, 0.43821442127227783, 0.45289745926856995, 0.9815837740898132, 0.09894881397485733, 0.1802043616771698, 1.6152257919311523, 0.8121614456176758, 0.8357113003730774, 0.8357113003730774, 3.1749866008758545, '01:04']
[36, 0.44050145149230957, 0.42852917313575745, 0.9907239675521851, 0.11459987610578537, 0.17545872926712036, 1.4380027055740356, 0.806273877620697, 0.8127046227455139, 0.8127046227455139, 1.333277702331543, '01:04']
[37, 0.4494873285293579, 0.4534730613231659, 0.989256739616394, 0.08462352305650711, 0.17553958296775818, 1.2532765865325928, 0.8530333042144775, 0.8619025349617004, 0.8619025349617004, 0.9478166103363037, '01:04']
[38, 0.448302686214447, 0.42266905307769775, 0.9914791584014893, 0.12299845367670059, 0.17502331733703613, 1.399057149887085, 0.7953883409500122, 0.8019306659698486, 0.8019306659698486, 1.1371450424194336, '01:03']
[39, 0.4371740520000458, 0.43710559606552124, 0.9917457699775696, 0.10525953769683838, 0.17481675744056702, 1.3232518434524536, 0.8304335474967957, 0.8331725001335144, 0.8331725001335144, 0.8055976033210754, '01:04']
[40, 0.4394179880619049, 0.43071240186691284, 0.9878780245780945, 0.11542728543281555, 0.1768362671136856, 1.4632537364959717, 0.7996285557746887, 0.8133912682533264, 0.8133912682533264, 1.779166579246521, '01:04']
[41, 0.4387611746788025, 0.4310709238052368, 0.9868472814559937, 0.11754097044467926, 0.1775827556848526, 1.5858550071716309, 0.7944903373718262, 0.8101661801338196, 0.8101661801338196, 2.525716543197632, '01:04']
[42, 0.44299551844596863, 0.43550896644592285, 0.9874535799026489, 0.11100221425294876, 0.17722846567630768, 1.5203311443328857, 0.802370548248291, 0.8172842264175415, 0.8172842264175415, 2.0348916053771973, '01:04']
[43, 0.4314764142036438, 0.45724454522132874, 0.9790126085281372, 0.09638179838657379, 0.18150906264781952, 1.722104787826538, 0.8014386892318726, 0.8346675038337708, 0.8346675038337708, 4.623539447784424, '01:04']
[44, 0.43271833658218384, 0.4371137320995331, 0.9892686009407043, 0.10587561875581741, 0.17614969611167908, 1.482959508895874, 0.814083456993103, 0.823440432548523, 0.823440432548523, 1.702645182609558, '01:04']
[45, 0.4420924484729767, 0.4419407546520233, 0.9870303273200989, 0.1036241203546524, 0.1773802638053894, 1.5477710962295532, 0.8153492212295532, 0.8290891647338867, 0.8290891647338867, 2.155524730682373, '01:04']
[46, 0.42813482880592346, 0.42626604437828064, 0.9927255511283875, 0.11602265387773514, 0.17426848411560059, 1.2667467594146729, 0.7977949380874634, 0.8091558218002319, 0.8091557025909424, 0.6445464491844177, '01:04']
[47, 0.43088996410369873, 0.4204879701137543, 0.9905453324317932, 0.12531678378582, 0.1755419820547104, 1.4295604228973389, 0.7879693508148193, 0.7969359159469604, 0.7969359159469604, 1.3350776433944702, '01:04']
[48, 0.43383121490478516, 0.4221586287021637, 0.9928711652755737, 0.12304934114217758, 0.17425405979156494, 1.257983922958374, 0.7936578392982483, 0.8044477701187134, 0.8044477701187134, 0.6594516634941101, '01:04']
[49, 0.444085031747818, 0.4438196122646332, 0.9907827973365784, 0.09559322893619537, 0.17528004944324493, 1.3439793586730957, 0.8412455320358276, 0.8472083210945129, 0.8472083210945129, 1.0038058757781982, '01:04']
[50, 0.4312044084072113, 0.4498099386692047, 0.9824418425559998, 0.10161882638931274, 0.17970451712608337, 1.646521806716919, 0.8072264790534973, 0.8291743397712708, 0.8291743397712708, 3.351661443710327, '01:04']
[51, 0.43505173921585083, 0.4212646484375, 0.9880440831184387, 0.12700136005878448, 0.1768372505903244, 1.5583022832870483, 0.7792377471923828, 0.7924407720565796, 0.7924407720565796, 2.1352503299713135, '01:04']
[52, 0.4146357476711273, 0.43036842346191406, 0.9879823923110962, 0.11770452558994293, 0.17697004973888397, 1.5215883255004883, 0.7919930219650269, 0.8052167296409607, 0.8052167296409607, 1.9340875148773193, '01:04']
[53, 0.4482439160346985, 0.4267280697822571, 0.9914731383323669, 0.11810427904129028, 0.1750468611717224, 1.3574589490890503, 0.800227165222168, 0.8102367520332336, 0.8102367520332336, 0.9721547961235046, '01:04']
[54, 0.4314853549003601, 0.4324837923049927, 0.9879264831542969, 0.1152099072933197, 0.1770498901605606, 1.470837950706482, 0.8020039796829224, 0.8157670497894287, 0.8157671093940735, 1.788233995437622, '01:04']
[55, 0.43197348713874817, 0.4254094362258911, 0.9891954660415649, 0.12268887460231781, 0.17634578049182892, 1.4869850873947144, 0.7958640456199646, 0.8061356544494629, 0.8061356544494629, 1.7744983434677124, '01:04']
[56, 0.44247227907180786, 0.43872183561325073, 0.993583619594574, 0.10104957967996597, 0.1737440675497055, 1.1588102579116821, 0.8202511072158813, 0.8374689817428589, 0.8374689817428589, 0.3533748686313629, '01:04']
No improvement since epoch 47: early stopping
----------
1
----------
DLS create!
[0, 0.5349245071411133, 0.5078309774398804, 0.992955207824707, 0.005629055202007294, 0.1813090741634369, 1.3121094703674316, 0.9697414040565491, 0.9377332329750061, 0.9377332329750061, inf, '01:04']
[1, 0.5049029588699341, 0.4884965121746063, 0.9897293448448181, 0.04940998554229736, 0.17643305659294128, 1.453768253326416, 0.9358022212982178, 0.9059951305389404, 0.9059951305389404, inf, '01:04']
[2, 0.4938608407974243, 0.49325913190841675, 0.9787614941596985, 0.04810648784041405, 0.18057575821876526, 1.647141695022583, 0.9168367385864258, 0.8951685428619385, 0.8951685428619385, inf, '01:04']
[3, 0.4972781240940094, 0.482828825712204, 0.9915780425071716, 0.056976597756147385, 0.1754905879497528, 1.4123690128326416, 0.921646237373352, 0.8944728970527649, 0.8944728970527649, inf, '01:04']
[4, 0.49006304144859314, 0.48368799686431885, 0.9855532646179199, 0.05407966300845146, 0.17776396870613098, 1.5798758268356323, 0.9104115962982178, 0.8879461288452148, 0.8879461288452148, inf, '01:04']
[5, 0.4779570400714874, 0.4841628074645996, 0.9828734993934631, 0.0582130067050457, 0.17876234650611877, 1.6745527982711792, 0.8957064747810364, 0.8721684813499451, 0.8721684813499451, inf, '01:04']
[6, 0.4890841245651245, 0.46930330991744995, 0.9829614758491516, 0.07579988241195679, 0.17888827621936798, 1.6568711996078491, 0.8737801909446716, 0.8537473678588867, 0.8537473678588867, inf, '01:04']
[7, 0.48235073685646057, 0.46626248955726624, 0.9889043569564819, 0.07442069053649902, 0.17605538666248322, 1.508195161819458, 0.8803876042366028, 0.8571211695671082, 0.8571211695671082, inf, '01:04']
[8, 0.48596853017807007, 0.4617920517921448, 0.9863221645355225, 0.0811392292380333, 0.17719803750514984, 1.6042784452438354, 0.8637364506721497, 0.8440890908241272, 0.8440890908241272, inf, '01:04']
[9, 0.47239014506340027, 0.4572683274745941, 0.9864732027053833, 0.08956445753574371, 0.17719942331314087, 1.6234724521636963, 0.8459380865097046, 0.82778400182724, 0.8277838826179504, inf, '01:04']
[10, 0.47450122237205505, 0.46803247928619385, 0.9927003383636475, 0.07016433030366898, 0.17392116785049438, 1.2487187385559082, 0.8857568502426147, 0.864897608757019, 0.864897608757019, inf, '01:04']
[11, 0.4794326424598694, 0.5302082896232605, 0.9643915891647339, 0.034229494631290436, 0.18775159120559692, 1.804502010345459, 0.9222169518470764, 0.9077160358428955, 0.9077160358428955, inf, '01:04']
[12, 0.47306588292121887, 0.4604189395904541, 0.985718846321106, 0.08485591411590576, 0.17750923335552216, 1.5577929019927979, 0.8591943979263306, 0.8396222591400146, 0.8396222591400146, inf, '01:04']
[13, 0.4730527400970459, 0.45471474528312683, 0.9899138808250427, 0.08816535770893097, 0.17556700110435486, 1.4538298845291138, 0.8594387173652649, 0.8342898488044739, 0.8342898488044739, inf, '01:04']
[14, 0.4683363735675812, 0.4670511782169342, 0.9823945760726929, 0.07958362251520157, 0.1794660985469818, 1.6792670488357544, 0.8551793098449707, 0.8428150415420532, 0.8428150415420532, inf, '01:04']
[15, 0.4667171239852905, 0.470716267824173, 0.9930837154388428, 0.06348342448472977, 0.17371851205825806, 1.1445099115371704, 0.888761579990387, 0.8704609274864197, 0.8704609274864197, inf, '01:04']
[16, 0.46679744124412537, 0.44657328724861145, 0.992007315158844, 0.09642354398965836, 0.17441672086715698, 1.3759316205978394, 0.8454853892326355, 0.8222289681434631, 0.8222289681434631, inf, '01:04']
[17, 0.4730745255947113, 0.4986260235309601, 0.9929362535476685, 0.029185043647885323, 0.17370787262916565, 1.1396918296813965, 0.9376207590103149, 0.9207843542098999, 0.9207843542098999, inf, '01:04']
[18, 0.46486908197402954, 0.4455487132072449, 0.9852351546287537, 0.10282004624605179, 0.17802464962005615, 1.659649133682251, 0.812187671661377, 0.8026869297027588, 0.8026869297027588, inf, '01:04']
[19, 0.4664112329483032, 0.4820237159729004, 0.982390284538269, 0.06160895898938179, 0.1793704777956009, 1.6815816164016724, 0.8857072591781616, 0.8687189817428589, 0.8687189817428589, inf, '01:04']
[20, 0.4660192131996155, 0.4343014359474182, 0.9898294806480408, 0.11488393694162369, 0.1756046861410141, 1.5096774101257324, 0.816862940788269, 0.7953656315803528, 0.7953656315803528, inf, '01:04']
[21, 0.45760011672973633, 0.47231850028038025, 0.9781217575073242, 0.08126690983772278, 0.18157565593719482, 1.7544198036193848, 0.8357844352722168, 0.8319229483604431, 0.8319229483604431, inf, '01:04']
[22, 0.4590441882610321, 0.45587629079818726, 0.9869744181632996, 0.08743097633123398, 0.177028626203537, 1.5569100379943848, 0.8422268629074097, 0.8278781175613403, 0.8278781175613403, inf, '01:04']
[23, 0.45274123549461365, 0.4598329961299896, 0.9876444935798645, 0.08168929070234299, 0.1764526069164276, 1.5693222284317017, 0.8502122163772583, 0.835037350654602, 0.835037350654602, inf, '01:04']
[24, 0.45381394028663635, 0.4607243835926056, 0.9801293611526489, 0.09042390435934067, 0.18055878579616547, 1.7373616695404053, 0.8199098110198975, 0.8178247213363647, 0.8178247213363647, inf, '01:04']
[25, 0.45002439618110657, 0.43156805634498596, 0.9918031692504883, 0.113834448158741, 0.17454928159713745, 1.416577935218811, 0.8104207515716553, 0.7905579805374146, 0.7905579805374146, inf, '01:04']
[26, 0.4476696252822876, 0.4384532868862152, 0.9926829934120178, 0.10602977126836777, 0.17412492632865906, 1.280564546585083, 0.8301630616188049, 0.8087502717971802, 0.8087502717971802, inf, '01:04']
[27, 0.4505796432495117, 0.4447820484638214, 0.987553596496582, 0.10366139560937881, 0.17696142196655273, 1.5932140350341797, 0.8295194506645203, 0.8089174628257751, 0.8089174628257751, inf, '01:04']
[28, 0.44577428698539734, 0.4316558241844177, 0.9901334643363953, 0.11693302541971207, 0.1754477322101593, 1.475783109664917, 0.810221254825592, 0.7868110537528992, 0.7868110537528992, inf, '01:04']
[29, 0.4497171640396118, 0.4337831437587738, 0.9887170195579529, 0.11358346045017242, 0.17633673548698425, 1.5630546808242798, 0.8043592572212219, 0.787589967250824, 0.787589967250824, inf, '01:04']
[30, 0.4466957449913025, 0.5440235137939453, 0.9517332911491394, 0.0548522025346756, 0.19509360194206238, 1.873923897743225, 0.8513200283050537, 0.870913028717041, 0.870913028717041, inf, '01:04']
[31, 0.447343647480011, 0.4420567452907562, 0.9908036589622498, 0.10091600567102432, 0.1750284731388092, 1.4697113037109375, 0.8223832249641418, 0.8037960529327393, 0.8037960529327393, inf, '01:04']
[32, 0.44933298230171204, 0.4206450879573822, 0.9903666973114014, 0.12924724817276, 0.1754235327243805, 1.5078011751174927, 0.7858791351318359, 0.7665466070175171, 0.7665466666221619, inf, '01:04']
[33, 0.43956729769706726, 0.45645788311958313, 0.9817218780517578, 0.09199611842632294, 0.17977972328662872, 1.7115812301635742, 0.8231990337371826, 0.8171637058258057, 0.8171637058258057, inf, '01:04']
[34, 0.43850627541542053, 0.45059138536453247, 0.9844886660575867, 0.09712067991495132, 0.17840728163719177, 1.6727097034454346, 0.815513551235199, 0.8065364956855774, 0.8065364956855774, inf, '01:04']
[35, 0.4455847144126892, 0.4323316216468811, 0.992616593837738, 0.11292915046215057, 0.17408600449562073, 1.2989952564239502, 0.8146758079528809, 0.794123113155365, 0.794123113155365, inf, '01:04']
[36, 0.45080530643463135, 0.4274979829788208, 0.9887567162513733, 0.12036684155464172, 0.17612895369529724, 1.577877163887024, 0.7933542132377625, 0.7779231071472168, 0.7779231071472168, inf, '01:04']
[37, 0.44522401690483093, 0.4198823869228363, 0.9913931488990784, 0.12710772454738617, 0.17484493553638458, 1.4488235712051392, 0.7884020209312439, 0.7680791616439819, 0.7680791616439819, inf, '01:04']
[38, 0.44609174132347107, 0.4227651059627533, 0.9916459918022156, 0.12537559866905212, 0.17463929951190948, 1.3965814113616943, 0.7939741015434265, 0.7726677060127258, 0.7726677060127258, inf, '01:04']
[39, 0.44708725810050964, 0.42670515179634094, 0.992039680480957, 0.12098456919193268, 0.17440323531627655, 1.3680545091629028, 0.8029026985168457, 0.7811867594718933, 0.7811867594718933, inf, '01:04']
[40, 0.4488837420940399, 0.4644876718521118, 0.9799658060073853, 0.07933691143989563, 0.18023614585399628, 1.692748785018921, 0.8430373072624207, 0.8372282385826111, 0.8372282385826111, inf, '01:04']
[41, 0.44166553020477295, 0.42329007387161255, 0.9916235208511353, 0.12313246726989746, 0.17464222013950348, 1.4125655889511108, 0.7956217527389526, 0.7728058099746704, 0.7728058099746704, inf, '01:04']
[42, 0.4388596713542938, 0.4210478961467743, 0.9908324480056763, 0.1274164766073227, 0.17514188587665558, 1.4581327438354492, 0.7917357683181763, 0.7683513760566711, 0.7683513760566711, inf, '01:04']
[43, 0.4329289197921753, 0.4248916506767273, 0.9913885593414307, 0.12269144505262375, 0.17477934062480927, 1.4349533319473267, 0.7958648800849915, 0.7751458287239075, 0.7751458287239075, inf, '01:04']
[44, 0.4399041533470154, 0.4578121602535248, 0.9796102046966553, 0.09738896787166595, 0.18162792921066284, 1.7395766973495483, 0.8136524558067322, 0.8132534027099609, 0.8132534027099609, inf, '01:04']
[45, 0.4422743618488312, 0.4284818172454834, 0.9886960983276367, 0.12127210199832916, 0.17647118866443634, 1.5314265489578247, 0.8040323257446289, 0.7839340567588806, 0.7839340567588806, inf, '01:04']
[46, 0.4349672198295593, 0.43754276633262634, 0.9857735633850098, 0.11187181621789932, 0.1778108775615692, 1.6646384000778198, 0.7932226061820984, 0.7848767638206482, 0.7848767638206482, inf, '01:04']
No improvement since epoch 37: early stopping
----------
2
----------
DLS create!
[0, 0.520658552646637, 0.5182510614395142, 0.9925457239151001, 0.007318742107599974, 0.17707863450050354, 1.2357560396194458, 0.9849149584770203, 0.9813539385795593, 0.9813539385795593, 0.18794989585876465, '01:04']
[1, 0.5019657611846924, 0.49404072761535645, 0.9888440370559692, 0.03857007622718811, 0.17641820013523102, 1.460913062095642, 0.9386001229286194, 0.9419763684272766, 0.9419763684272766, 2.252894878387451, '01:04']
[2, 0.48989176750183105, 0.4830653965473175, 0.9864602088928223, 0.054613079875707626, 0.1769949495792389, 1.566956877708435, 0.9043750762939453, 0.9113019108772278, 0.9113019108772278, 3.3663508892059326, '01:04']
[3, 0.4886856973171234, 0.4871302843093872, 0.9819366931915283, 0.05624335631728172, 0.1793428659439087, 1.6693671941757202, 0.8963013887405396, 0.9079979062080383, 0.9079979062080383, 5.737936019897461, '01:04']
[4, 0.4837770462036133, 0.48299941420555115, 0.9910389184951782, 0.04772217944264412, 0.17468805611133575, 1.3347177505493164, 0.9154762029647827, 0.9192273020744324, 0.9192273020744324, 1.0266876220703125, '01:04']
[5, 0.48352569341659546, 0.4805164039134979, 0.9837532043457031, 0.06129347160458565, 0.1784430593252182, 1.6423497200012207, 0.8887282609939575, 0.9017553925514221, 0.9017553925514221, 5.092151165008545, '01:04']
[6, 0.47962653636932373, 0.47628459334373474, 0.9897143840789795, 0.05971252918243408, 0.17560270428657532, 1.4579559564590454, 0.9006913900375366, 0.9072219133377075, 0.9072219133377075, 1.858420968055725, '01:04']
[7, 0.4761417508125305, 0.49899426102638245, 0.9714091420173645, 0.051612045615911484, 0.18452616035938263, 1.7625682353973389, 0.8913248181343079, 0.913415789604187, 0.913415789604187, 10.886964797973633, '01:04']
[8, 0.4704612195491791, 0.4702039957046509, 0.9851253628730774, 0.07160148024559021, 0.17771166563034058, 1.6199791431427002, 0.8705618381500244, 0.8827930092811584, 0.8827930092811584, 4.017106533050537, '01:04']
[9, 0.4697677791118622, 0.46796005964279175, 0.9896537065505981, 0.07128386944532394, 0.1753258854150772, 1.4703608751296997, 0.8765183687210083, 0.8816748261451721, 0.8816748261451721, 1.8966573476791382, '01:04']
[10, 0.46641311049461365, 0.46333199739456177, 0.9876068234443665, 0.07843348383903503, 0.17630553245544434, 1.557595133781433, 0.860594630241394, 0.8709465861320496, 0.8709465861320496, 2.837406635284424, '01:04']
[11, 0.4603385925292969, 0.4739786684513092, 0.9916145205497742, 0.06242906674742699, 0.17418409883975983, 1.3362553119659424, 0.8866909742355347, 0.8951514959335327, 0.8951514959335327, 0.9160904288291931, '01:04']
[12, 0.45748040080070496, 0.46642574667930603, 0.9864075779914856, 0.07524825632572174, 0.17697224020957947, 1.5915906429290771, 0.8658220767974854, 0.8759424686431885, 0.8759424686431885, 3.3777143955230713, '01:04']
[13, 0.45628151297569275, 0.4683271050453186, 0.9880635738372803, 0.07153651863336563, 0.17616713047027588, 1.4979976415634155, 0.8758299350738525, 0.883729875087738, 0.883729875087738, 2.4373083114624023, '01:04']
[14, 0.4643687605857849, 0.46974608302116394, 0.9918650984764099, 0.06921248883008957, 0.17407085001468658, 1.2965012788772583, 0.8843649625778198, 0.8909076452255249, 0.8909076452255249, 0.7357472777366638, '01:04']
[15, 0.4580698013305664, 0.46343058347702026, 0.9874743223190308, 0.07893674820661545, 0.1764131337404251, 1.5590406656265259, 0.8639415502548218, 0.8721645474433899, 0.8721645474433899, 2.6498031616210938, '01:04']
[16, 0.45366835594177246, 0.47044211626052856, 0.983330249786377, 0.07655687630176544, 0.17879857122898102, 1.6448116302490234, 0.8615691661834717, 0.8729294538497925, 0.8729294538497925, 4.438206672668457, '01:04']
[17, 0.4509064257144928, 0.4605995714664459, 0.9867417216300964, 0.08304552733898163, 0.17676731944084167, 1.5734801292419434, 0.8499958515167236, 0.8608690500259399, 0.8608690500259399, 2.891127824783325, '01:04']
[18, 0.44773152470588684, 0.4552417993545532, 0.9885332584381104, 0.08988366276025772, 0.17601054906845093, 1.5126506090164185, 0.846565842628479, 0.8542741537094116, 0.8542741537094116, 2.503859519958496, '01:04']
[19, 0.4513757526874542, 0.471519410610199, 0.9916594624519348, 0.0650765597820282, 0.17412549257278442, 1.3261704444885254, 0.8855200409889221, 0.8911235332489014, 0.8911235332489014, 0.7811621427536011, '01:04']
[20, 0.4514724016189575, 0.4683542251586914, 0.9790429472923279, 0.0820058211684227, 0.1809069812297821, 1.7200766801834106, 0.8402559757232666, 0.8661277890205383, 0.8661277890205383, 7.41650390625, '01:04']
[21, 0.449173241853714, 0.45844385027885437, 0.9903073310852051, 0.08375214785337448, 0.1750093698501587, 1.3630231618881226, 0.8610708713531494, 0.8649788498878479, 0.8649788498878479, 1.2824043035507202, '01:04']
[22, 0.4467841684818268, 0.47155940532684326, 0.9791527986526489, 0.07778219878673553, 0.1807008683681488, 1.7155545949935913, 0.8459999561309814, 0.8700857758522034, 0.8700857758522034, 7.068228721618652, '01:04']
[23, 0.44464313983917236, 0.4597375988960266, 0.9866330027580261, 0.08657706528902054, 0.1769169420003891, 1.5837947130203247, 0.8403863906860352, 0.8543638586997986, 0.8543638586997986, 3.37949275970459, '01:04']
[24, 0.4432401955127716, 0.4653008282184601, 0.9917991161346436, 0.07374482601881027, 0.1740914136171341, 1.265885591506958, 0.8705319762229919, 0.8771450519561768, 0.8771450519561768, 0.5945249199867249, '01:04']
[25, 0.4507490396499634, 0.4804171919822693, 0.9770728945732117, 0.07099933922290802, 0.1815975308418274, 1.7358735799789429, 0.8499805331230164, 0.8794388175010681, 0.8794388175010681, 8.380109786987305, '01:04']
[26, 0.4436526894569397, 0.44493335485458374, 0.9884452819824219, 0.10300251096487045, 0.17612679302692413, 1.5046106576919556, 0.825943112373352, 0.835574746131897, 0.835574746131897, 2.2389657497406006, '01:04']
[27, 0.4348691999912262, 0.45156392455101013, 0.9904465079307556, 0.09105892479419708, 0.17495959997177124, 1.3728140592575073, 0.8474607467651367, 0.8525341153144836, 0.8525341153144836, 1.222378134727478, '01:04']
[28, 0.45038002729415894, 0.47765395045280457, 0.9770318269729614, 0.07353229075670242, 0.1815207302570343, 1.713495135307312, 0.8513274192810059, 0.8759259581565857, 0.8759259581565857, 7.206609725952148, '01:04']
[29, 0.44718828797340393, 0.46641814708709717, 0.9819469451904297, 0.08257470279932022, 0.1793086975812912, 1.676324486732483, 0.8359975218772888, 0.8591161966323853, 0.8591161966323853, 4.9629387855529785, '01:04']
[30, 0.43229740858078003, 0.47896552085876465, 0.9921042919158936, 0.05708451569080353, 0.17391227185726166, 1.1968214511871338, 0.8857119679450989, 0.9019807577133179, 0.9019807577133179, 0.524990439414978, '01:04']
[31, 0.4404090642929077, 0.4438880383968353, 0.9888601899147034, 0.10447268187999725, 0.17572952806949615, 1.4552918672561646, 0.8251582980155945, 0.8322380781173706, 0.8322380781173706, 1.9188717603683472, '01:04']
[32, 0.44183140993118286, 0.44934430718421936, 0.9905238151550293, 0.09383644163608551, 0.17492420971393585, 1.3123570680618286, 0.8412825465202332, 0.8471719026565552, 0.8471718430519104, 0.9010659456253052, '01:04']
[33, 0.43821340799331665, 0.44513511657714844, 0.9883646368980408, 0.10113488882780075, 0.17601105570793152, 1.5257083177566528, 0.8257361054420471, 0.8363831043243408, 0.8363831043243408, 2.3488662242889404, '01:04']
[34, 0.4407159090042114, 0.4944019615650177, 0.9673664569854736, 0.06776430457830429, 0.18650338053703308, 1.8043227195739746, 0.8468062281608582, 0.8828029632568359, 0.8828029632568359, 12.91008186340332, '01:04']
[35, 0.4332144856452942, 0.4487557113170624, 0.9884771108627319, 0.09666062891483307, 0.17605385184288025, 1.4798146486282349, 0.8313663005828857, 0.8412008881568909, 0.8412008881568909, 1.951544165611267, '01:04']
[36, 0.4362618625164032, 0.4355478286743164, 0.989240288734436, 0.11209965497255325, 0.17567336559295654, 1.4883817434310913, 0.8142996430397034, 0.8223217129707336, 0.8223217129707336, 1.787114143371582, '01:04']
[37, 0.43712547421455383, 0.44442620873451233, 0.9882699847221375, 0.10067234933376312, 0.17606884241104126, 1.544684648513794, 0.823987603187561, 0.8355402946472168, 0.8355402946472168, 2.6503219604492188, '01:04']
[38, 0.4331022799015045, 0.4473579525947571, 0.9908277988433838, 0.09651550650596619, 0.1747211366891861, 1.387062430381775, 0.8380945324897766, 0.8436993956565857, 0.8436993956565857, 1.098944902420044, '01:04']
[39, 0.42491838335990906, 0.45493969321250916, 0.9854608178138733, 0.093345046043396, 0.17760038375854492, 1.623661994934082, 0.8247285485267639, 0.8433061838150024, 0.8433061838150024, 3.822838544845581, '01:04']
[40, 0.42183995246887207, 0.4469900131225586, 0.9880081415176392, 0.10350026190280914, 0.1762717366218567, 1.5333755016326904, 0.8156862258911133, 0.8269600868225098, 0.8269600868225098, 2.146535873413086, '01:04']
[41, 0.4436612129211426, 0.44445714354515076, 0.986487865447998, 0.10132579505443573, 0.17702598869800568, 1.593945026397705, 0.815055251121521, 0.8321536779403687, 0.8321536779403687, 3.1312241554260254, '01:04']
[42, 0.42804139852523804, 0.44878044724464417, 0.9916947484016418, 0.0931512713432312, 0.1741977483034134, 1.2858328819274902, 0.835637092590332, 0.8453623652458191, 0.8453623652458191, 0.7738382816314697, '01:04']
[43, 0.4367586076259613, 0.44954538345336914, 0.9856081604957581, 0.0983768031001091, 0.17764481902122498, 1.6243493556976318, 0.8203616142272949, 0.8367443084716797, 0.8367443084716797, 3.856304883956909, '01:04']
[44, 0.43749651312828064, 0.43651866912841797, 0.9879629015922546, 0.11322471499443054, 0.17639324069023132, 1.5493661165237427, 0.806368350982666, 0.8188818693161011, 0.8188818693161011, 2.5578339099884033, '01:04']
[45, 0.43382298946380615, 0.46766313910484314, 0.9812552332878113, 0.08578833192586899, 0.17975090444087982, 1.694200873374939, 0.8308413624763489, 0.8525189757347107, 0.8525189757347107, 5.489931106567383, '01:04']
No improvement since epoch 36: early stopping
----------
3
----------
DLS create!
[0, 0.5175497531890869, 0.5147935748100281, 0.9922447800636292, 0.008418788202106953, 0.18095114827156067, 1.2888468503952026, 0.9812803268432617, 0.9757269620895386, 0.9757269620895386, 0.14547140896320343, '01:04']
[1, 0.4994542896747589, 0.4900698661804199, 0.9854468107223511, 0.048468075692653656, 0.1774761825799942, 1.4836702346801758, 0.9282453060150146, 0.9284195899963379, 0.9284195899963379, 2.3650290966033936, '01:04']
[2, 0.4890815019607544, 0.5304608345031738, 0.9569797515869141, 0.03627002611756325, 0.19065925478935242, 1.8039087057113647, 0.9197699427604675, 0.9344742894172668, 0.9344742894172668, 12.95944595336914, '01:04']
[3, 0.4884180724620819, 0.4847163259983063, 0.9866982698440552, 0.05395494028925896, 0.1765090823173523, 1.4780176877975464, 0.9145698547363281, 0.9142835736274719, 0.9142835736274719, 1.8382469415664673, '01:04']
[4, 0.4860128164291382, 0.4773036241531372, 0.9868897199630737, 0.06335904449224472, 0.17639586329460144, 1.481873631477356, 0.8957219123840332, 0.8960573077201843, 0.8960573077201843, 1.7465933561325073, '01:04']
[5, 0.4871850311756134, 0.4878832697868347, 0.9908599257469177, 0.047527071088552475, 0.17470231652259827, 1.3076155185699463, 0.9257408380508423, 0.9256226420402527, 0.9256226420402527, 0.7330353856086731, '01:04']
[6, 0.4802494943141937, 0.4720102846622467, 0.9859426617622375, 0.07008802890777588, 0.17690862715244293, 1.5382028818130493, 0.8779916167259216, 0.8826009035110474, 0.8826009035110474, 2.3996078968048096, '01:04']
[7, 0.47059276700019836, 0.4677240550518036, 0.9888450503349304, 0.07287584990262985, 0.1755993664264679, 1.4361697435379028, 0.8809217214584351, 0.881787896156311, 0.881787896156311, 1.3527733087539673, '01:04']
[8, 0.47012120485305786, 0.46735984086990356, 0.9878756403923035, 0.07733786851167679, 0.17646056413650513, 1.4351862668991089, 0.8845733404159546, 0.8865967988967896, 0.8865967988967896, 1.6042346954345703, '01:04']
[9, 0.4652896225452423, 0.46950098872184753, 0.9858012795448303, 0.07576141506433487, 0.17711247503757477, 1.5243874788284302, 0.8688968420028687, 0.8763120770454407, 0.8763120770454407, 2.589672088623047, '01:04']
[10, 0.45783841609954834, 0.4766504764556885, 0.9839481115341187, 0.07334345579147339, 0.17796754837036133, 1.5974128246307373, 0.8600748181343079, 0.8705567121505737, 0.8705567121505737, 2.9790289402008057, '01:04']
[11, 0.4665365517139435, 0.48495230078697205, 0.9919396638870239, 0.0492396205663681, 0.17388956248760223, 1.1470329761505127, 0.911247193813324, 0.919154703617096, 0.919154703617096, 0.27059176564216614, '01:04']
[12, 0.465534508228302, 0.46165481209754944, 0.9909477233886719, 0.0799887627363205, 0.17445778846740723, 1.2890390157699585, 0.8698074221611023, 0.8730651140213013, 0.8730651140213013, 0.652722954750061, '01:05']
[13, 0.46754297614097595, 0.45513296127319336, 0.9902331829071045, 0.09020489454269409, 0.17502249777317047, 1.355433464050293, 0.859318196773529, 0.8618988990783691, 0.8618988990783691, 0.9520026445388794, '01:04']
[14, 0.45977282524108887, 0.4570571482181549, 0.9897741079330444, 0.08385080099105835, 0.17509359121322632, 1.373382806777954, 0.8602410554885864, 0.8629702925682068, 0.8629702925682068, 1.0060595273971558, '01:04']
[15, 0.46136224269866943, 0.46847209334373474, 0.9833489656448364, 0.07990117371082306, 0.17839543521404266, 1.612496256828308, 0.8479769825935364, 0.8610754609107971, 0.8610755801200867, 3.021012306213379, '01:04']
[16, 0.4492027163505554, 0.4600215554237366, 0.9902172088623047, 0.08188186585903168, 0.17480579018592834, 1.3390285968780518, 0.856554388999939, 0.8608192205429077, 0.8608192205429077, 0.855557918548584, '01:04']
[17, 0.45627474784851074, 0.46027103066444397, 0.9857065677642822, 0.08536576479673386, 0.17728020250797272, 1.5005214214324951, 0.8505914211273193, 0.8595984578132629, 0.8595986366271973, 1.990304946899414, '01:04']
[18, 0.44235265254974365, 0.46678459644317627, 0.9884618520736694, 0.07542679458856583, 0.17572133243083954, 1.3733569383621216, 0.8623949289321899, 0.8713365197181702, 0.8713365197181702, 1.298963189125061, '01:04']
[19, 0.445181667804718, 0.4558010697364807, 0.9910556077957153, 0.0867840051651001, 0.17440350353717804, 1.2581138610839844, 0.8494207859039307, 0.8558717370033264, 0.8558717370033264, 0.6030909419059753, '01:04']
[20, 0.4498364329338074, 0.455669105052948, 0.9903954863548279, 0.0862073302268982, 0.17476122081279755, 1.3476190567016602, 0.8554547429084778, 0.8593366146087646, 0.8593366146087646, 0.9018559455871582, '01:04']
[21, 0.44004228711128235, 0.46572554111480713, 0.985437273979187, 0.07933469116687775, 0.17737063765525818, 1.5254549980163574, 0.853972315788269, 0.864380419254303, 0.864380419254303, 2.2780282497406006, '01:04']
[22, 0.4374736249446869, 0.4587227702140808, 0.9860278964042664, 0.08572190999984741, 0.17718924582004547, 1.5287721157073975, 0.8388547897338867, 0.8541707992553711, 0.8541707992553711, 2.406398296356201, '01:04']
No improvement since epoch 13: early stopping
----------
4
----------
DLS create!
[0, 0.5248884558677673, 0.51195228099823, 0.9904699921607971, 5.822810999234207e-05, 0.18021295964717865, 1.2816845178604126, 0.9709001779556274, 0.9559776186943054, 0.9559776186943054, inf, '01:04']
[1, 0.5010701417922974, 0.484699010848999, 0.983708918094635, 0.06511197239160538, 0.17758655548095703, 1.514130711555481, 0.9034206867218018, 0.8941201567649841, 0.8941201567649841, inf, '01:04']
[2, 0.4986189901828766, 0.49211591482162476, 0.9727716445922852, 0.06756141036748886, 0.1838809698820114, 1.6515148878097534, 0.8953319191932678, 0.8960250616073608, 0.8960250616073608, inf, '01:04']
[3, 0.4856804609298706, 0.48088765144348145, 0.9775018692016602, 0.07512960582971573, 0.18045790493488312, 1.6219500303268433, 0.8757488131523132, 0.8727323412895203, 0.8727323412895203, inf, '01:04']
[4, 0.483597069978714, 0.5316715240478516, 0.9461808204650879, 0.05172615498304367, 0.19556023180484772, 1.811405062675476, 0.8929173946380615, 0.9044716358184814, 0.9044716358184814, inf, '01:04']
[5, 0.4860575199127197, 0.4761473536491394, 0.985901415348053, 0.0726446658372879, 0.1763494312763214, 1.4517430067062378, 0.8870425224304199, 0.8791045546531677, 0.8791045546531677, inf, '01:04']
[6, 0.47511550784111023, 0.4649057984352112, 0.9823795557022095, 0.09017401933670044, 0.17812952399253845, 1.5610100030899048, 0.8509112000465393, 0.8483769297599792, 0.8483769297599792, inf, '01:04']
[7, 0.4712379276752472, 0.4743356704711914, 0.9879173040390015, nan, 0.17503274977207184, 1.341461181640625, 0.8759109377861023, 0.8720138669013977, 0.8720138669013977, nan, '01:04']
[8, 0.47114279866218567, 0.4603883624076843, 0.9863979816436768, 0.09325152635574341, 0.17587164044380188, 1.4246037006378174, 0.847166121006012, 0.8397753834724426, 0.8397753834724426, inf, '01:04']
[9, 0.4658718705177307, 0.44611209630966187, 0.9881941676139832, 0.11170946806669235, 0.17511247098445892, 1.3680824041366577, 0.8313051462173462, 0.8248516321182251, 0.8248516321182251, inf, '01:04']
[10, 0.4743978977203369, 0.45627766847610474, 0.9813382625579834, 0.10172005742788315, 0.17869926989078522, 1.581023931503296, 0.830077052116394, 0.8293280005455017, 0.8293280005455017, inf, '01:04']
[11, 0.4648782014846802, 0.4486652612686157, 0.9888167977333069, 0.1059778705239296, 0.17464439570903778, 1.3072150945663452, 0.8219560384750366, 0.8213560581207275, 0.8213560581207275, inf, '01:04']
[12, 0.4530738890171051, 0.47022709250450134, 0.9807930588722229, 0.08855137974023819, 0.17888352274894714, 1.5780448913574219, 0.8403950929641724, 0.8422301411628723, 0.8422301411628723, inf, '01:04']
[13, 0.4615793228149414, 0.44745075702667236, 0.9871185421943665, 0.10788483917713165, 0.1755787432193756, 1.375611424446106, 0.8239247798919678, 0.8197880387306213, 0.8197880387306213, inf, '01:04']
[14, 0.45396703481674194, 0.5076561570167542, 0.9611579775810242, 0.07493004202842712, 0.1887376457452774, 1.7789990901947021, 0.8377541899681091, 0.8598657846450806, 0.8598657846450806, inf, '01:04']
[15, 0.4546685516834259, 0.4431111216545105, 0.9849778413772583, 0.1137499064207077, 0.17675308883190155, 1.49767005443573, 0.806248664855957, 0.8070589900016785, 0.8070590496063232, inf, '01:04']
[16, 0.4488547146320343, 0.5123710632324219, 0.9598572254180908, 0.0655895322561264, 0.18901945650577545, 1.786668062210083, 0.8530973792076111, 0.8756154179573059, 0.8756154179573059, inf, '01:04']
[17, 0.44728949666023254, 0.4740084707736969, 0.9813255071640015, 0.08030322194099426, 0.17849788069725037, 1.571267008781433, 0.8508133888244629, 0.8543010950088501, 0.8543010950088501, inf, '01:04']
[18, 0.4445788264274597, 0.46699488162994385, 0.985857367515564, 0.08007126301527023, 0.17600733041763306, 1.4525350332260132, 0.8668021559715271, 0.8595937490463257, 0.8595937490463257, inf, '01:04']
[19, 0.44179975986480713, 0.4408019483089447, 0.9881091713905334, 0.1144709661602974, 0.17510487139225006, 1.3757836818695068, 0.8120096325874329, 0.8090462684631348, 0.8090462684631348, inf, '01:04']
[20, 0.4556925892829895, 0.4342081844806671, 0.9854739308357239, 0.12158463150262833, 0.17658782005310059, 1.5010788440704346, 0.7937915325164795, 0.7961238026618958, 0.7961238026618958, inf, '01:04']
[21, 0.4475861191749573, 0.43116268515586853, 0.9857315421104431, 0.1271151900291443, 0.17646047472953796, 1.4811205863952637, 0.7858873009681702, 0.7870259881019592, 0.7870259881019592, inf, '01:04']
[22, 0.4550737738609314, 0.46378040313720703, 0.9751464128494263, 0.09710254520177841, 0.18173165619373322, 1.6840311288833618, 0.8131982088088989, 0.8281223177909851, 0.8281223177909851, inf, '01:04']
[23, 0.44242987036705017, 0.43282076716423035, 0.9879793524742126, 0.12713314592838287, 0.17521673440933228, 1.3501102924346924, 0.7942296862602234, 0.7917317152023315, 0.7917317152023315, inf, '01:04']
[24, 0.4456232786178589, 0.43295490741729736, 0.9860925078392029, 0.12588374316692352, 0.17642518877983093, 1.4902825355529785, 0.7882802486419678, 0.7882962822914124, 0.7882962822914124, inf, '01:04']
[25, 0.43273407220840454, 0.455097496509552, 0.9751948714256287, 0.11199086159467697, 0.1822030246257782, 1.6890994310379028, 0.7928685545921326, 0.8087661266326904, 0.8087661266326904, inf, '01:04']
[26, 0.4376120865345001, 0.4456760883331299, 0.984559953212738, 0.11450745165348053, 0.1771836280822754, 1.5352116823196411, 0.7924939393997192, 0.7992156744003296, 0.7992156744003296, inf, '01:04']
[27, 0.4324040412902832, 0.4304300844669342, 0.9854811429977417, 0.1327873021364212, 0.17661374807357788, 1.4804856777191162, 0.7809076905250549, 0.7797505259513855, 0.7797505259513855, inf, '01:04']
[28, 0.4366011321544647, 0.4401859641075134, 0.986564040184021, 0.11738801002502441, 0.17592838406562805, 1.4183019399642944, 0.7946569323539734, 0.7986407279968262, 0.7986407279968262, inf, '01:04']
[29, 0.44166895747184753, 0.45926156640052795, 0.9901518821716309, nan, 0.17387248575687408, 1.182110071182251, 0.8436360955238342, 0.8460284471511841, 0.8460284471511841, nan, '01:04']
[30, 0.4382239580154419, 0.44352370500564575, 0.982132077217102, 0.1160406768321991, 0.17852889001369476, 1.5851058959960938, 0.7832969427108765, 0.7957426309585571, 0.7957426309585571, inf, '01:04']
[31, 0.4314902424812317, 0.45404282212257385, 0.9885702729225159, nan, 0.17483849823474884, 1.3318772315979004, 0.8305933475494385, 0.8309909701347351, 0.8309909701347351, nan, '01:04']
[32, 0.44785404205322266, 0.4342650771141052, 0.9896605610847473, 0.12367775291204453, 0.17432604730129242, 1.2717527151107788, 0.7968376874923706, 0.7982713580131531, 0.7982713580131531, inf, '01:04']
[33, 0.4394325613975525, 0.44638127088546753, 0.9852769374847412, 0.11330246925354004, 0.1765715628862381, 1.505554437637329, 0.8097748756408691, 0.8059180974960327, 0.8059180974960327, inf, '01:04']
[34, 0.43914270401000977, 0.43085554242134094, 0.9860040545463562, 0.13063445687294006, 0.17627371847629547, 1.489943265914917, 0.7795908451080322, 0.7801996469497681, 0.7801996469497681, inf, '01:04']
[35, 0.43995562195777893, 0.4243086278438568, 0.9850946068763733, 0.1377849578857422, 0.17679725587368011, 1.504866600036621, 0.7657976746559143, 0.7707439661026001, 0.7707440853118896, inf, '01:04']
[36, 0.4388594627380371, 0.42722979187965393, 0.9845359325408936, 0.14674492180347443, 0.17801052331924438, 1.4926773309707642, 0.783078670501709, 0.7827242612838745, 0.7827242612838745, inf, '01:04']
[37, 0.4359939396381378, 0.4258058965206146, 0.986937940120697, 0.13704121112823486, 0.17578867077827454, 1.4271419048309326, 0.7766880393028259, 0.7738590836524963, 0.7738590836524963, inf, '01:04']
[38, 0.4423687756061554, 0.4249022901058197, 0.9833370447158813, 0.14464031159877777, 0.17791615426540375, 1.5095628499984741, 0.7663943767547607, 0.7697579860687256, 0.7697580456733704, inf, '01:04']
[39, 0.4343358278274536, 0.4169405400753021, 0.9861593842506409, 0.14723287522792816, 0.176301047205925, 1.4657024145126343, 0.7584719061851501, 0.7596196532249451, 0.7596196532249451, inf, '01:04']
[40, 0.4287526607513428, 0.433746874332428, 0.9868446588516235, 0.12746325135231018, 0.17590676248073578, 1.4222160577774048, 0.7858591675758362, 0.7864364385604858, 0.7864364385604858, inf, '01:04']
[41, 0.4440777003765106, 0.41733360290527344, 0.9874917268753052, 0.14515544474124908, 0.1756923794746399, 1.4351290464401245, 0.7659618854522705, 0.7652576565742493, 0.7652576565742493, inf, '01:04']
[42, 0.4315773546695709, 0.4501645267009735, 0.9790741205215454, 0.11680897325277328, 0.1800183802843094, 1.618658185005188, 0.7821303606033325, 0.7978370189666748, 0.7978370189666748, inf, '01:04']
[43, 0.4396946132183075, 0.41539067029953003, 0.9899603724479675, 0.144179105758667, 0.17427308857440948, 1.2735081911087036, 0.7622300982475281, 0.7664203643798828, 0.7664203643798828, inf, '01:04']
[44, 0.418001264333725, 0.4237455129623413, 0.9857097864151001, 0.13965876400470734, 0.17656171321868896, 1.4856890439987183, 0.7603245377540588, 0.765254557132721, 0.765254557132721, inf, '01:04']
[45, 0.4267788529396057, 0.4163629114627838, 0.9889020323753357, 0.14914028346538544, 0.17486175894737244, 1.3617274761199951, 0.7485172748565674, 0.7503572106361389, 0.7503572106361389, inf, '01:04']
[46, 0.42969703674316406, 0.42415812611579895, 0.9823533296585083, 0.1423293501138687, 0.17854459583759308, 1.5813933610916138, 0.756356418132782, 0.764124870300293, 0.764124870300293, inf, '01:04']
[47, 0.4326537549495697, 0.4379885196685791, 0.9793606996536255, 0.12748508155345917, 0.18010076880455017, 1.634639859199524, 0.7685324549674988, 0.782600462436676, 0.782600462436676, inf, '01:04']
[48, 0.42613524198532104, 0.4185680150985718, 0.987385630607605, 0.14268217980861664, 0.17551414668560028, 1.4342291355133057, 0.7648876309394836, 0.76384037733078, 0.7638402581214905, inf, '01:04']
[49, 0.42504170536994934, 0.40754398703575134, 0.9892298579216003, 0.1553885042667389, 0.1747990995645523, 1.3356150388717651, 0.741956353187561, 0.7467268705368042, 0.7467268705368042, inf, '01:04']
[50, 0.42575061321258545, 0.41690969467163086, 0.9876214861869812, 0.1446646898984909, 0.17547617852687836, 1.4033751487731934, 0.7638707160949707, 0.762392520904541, 0.762392520904541, inf, '01:04']
[51, 0.42792925238609314, 0.4240700602531433, 0.9873226284980774, 0.13770951330661774, 0.17565950751304626, 1.4538390636444092, 0.7666880488395691, 0.7684028148651123, 0.7684028148651123, inf, '01:04']
[52, 0.4057765603065491, 0.4096733331680298, 0.9855126738548279, nan, 0.17708493769168854, 1.5089473724365234, 0.7354826927185059, 0.7434501051902771, 0.7434501051902771, nan, '01:04']
[53, 0.42525672912597656, 0.4196663200855255, 0.9833130240440369, 0.14765959978103638, 0.17810878157615662, 1.5786350965499878, 0.7446956634521484, 0.7540814876556396, 0.7540814876556396, inf, '01:04']
[54, 0.42485159635543823, 0.4188731014728546, 0.9826574921607971, 0.1566149741411209, 0.17868928611278534, 1.5524388551712036, 0.7493818998336792, 0.7566933035850525, 0.7566932439804077, inf, '01:04']
[55, 0.4232226312160492, 0.4245413541793823, 0.9892576336860657, 0.13588707149028778, 0.17461152374744415, 1.3053948879241943, 0.7681661248207092, 0.7752383351325989, 0.7752383351325989, inf, '01:04']
[56, 0.41616326570510864, 0.41611817479133606, 0.983585000038147, 0.153710275888443, 0.17800335586071014, 1.5636746883392334, 0.729056179523468, 0.7445304989814758, 0.7445304989814758, inf, '01:04']
[57, 0.41291019320487976, 0.42902088165283203, 0.982230544090271, 0.13889537751674652, 0.17853930592536926, 1.5502777099609375, 0.7556989789009094, 0.7658444046974182, 0.7658444046974182, inf, '01:04']
[58, 0.41857168078422546, 0.4364565312862396, 0.9833275079727173, 0.12598823010921478, 0.1779416799545288, 1.5591219663619995, 0.7699363231658936, 0.7801351547241211, 0.7801351547241211, inf, '01:04']
No improvement since epoch 49: early stopping
MAnet_xcep Done!
