Models will save to MAnet_dpn131_x
Use dpn131 encoder
Start training...
----------
0
----------
DLS create!
[0, 0.5112704634666443, 0.4941712021827698, 0.9909250140190125, 0.03620445728302002, 0.17809908092021942, 1.3716850280761719, 0.945937991142273, 0.9471415281295776, 0.9471415281295776, 1.2693748474121094, '02:58']
[1, 0.4992113411426544, 0.4885506331920624, 0.9880383014678955, 0.04340619593858719, 0.17637592554092407, 1.4795808792114258, 0.9318257570266724, 0.9324291348457336, 0.9324291348457336, 2.4713101387023926, '02:57']
[2, 0.48685988783836365, 0.4785233736038208, 0.9828125834465027, 0.06345263123512268, 0.17886874079704285, 1.6190568208694458, 0.8892674446105957, 0.8975049257278442, 0.8975049257278442, 4.27642297744751, '02:57']
[3, 0.48871225118637085, 0.4730898141860962, 0.9906177520751953, 0.06387998908758163, 0.17535549402236938, 1.4258503913879395, 0.903574526309967, 0.9047654271125793, 0.9047654271125793, 1.6497483253479004, '02:57']
[4, 0.4873688817024231, 0.4623590409755707, 0.9909044504165649, 0.07499750703573227, 0.17507891356945038, 1.4145541191101074, 0.8817039728164673, 0.8844621777534485, 0.8844621777534485, 1.6154271364212036, '02:57']
[5, 0.4737810492515564, 0.4645950198173523, 0.9921967387199402, 0.0690007209777832, 0.17444945871829987, 1.322303056716919, 0.8850443959236145, 0.8886485695838928, 0.8886485695838928, 0.9162764549255371, '02:57']
[6, 0.4749196767807007, 0.46953392028808594, 0.979987621307373, 0.07610174268484116, 0.18066169321537018, 1.6823997497558594, 0.8529193997383118, 0.8728873133659363, 0.8728873133659363, 5.02508544921875, '02:57']
[7, 0.48013707995414734, 0.46173879504203796, 0.9931085109710693, 0.07353620231151581, 0.17396438121795654, 1.2461562156677246, 0.8763062357902527, 0.8844142556190491, 0.8844142556190491, 0.5720632076263428, '02:57']
[8, 0.46828946471214294, 0.4892035722732544, 0.9793044328689575, 0.05347246676683426, 0.18093466758728027, 1.684920072555542, 0.8966855406761169, 0.9103188514709473, 0.9103188514709473, 6.071446895599365, '02:57']
[9, 0.4661036729812622, 0.4428611397743225, 0.9888678789138794, 0.10076962411403656, 0.1761411875486374, 1.4996566772460938, 0.8348356485366821, 0.8413970470428467, 0.8413970470428467, 2.301025867462158, '02:57']
[10, 0.45876526832580566, 0.4959524869918823, 0.9744017720222473, 0.0663975402712822, 0.18374080955982208, 1.7307066917419434, 0.8622833490371704, 0.8853299021720886, 0.8853299021720886, 6.561477184295654, '02:57']
[11, 0.47475048899650574, 0.4505454897880554, 0.9890320301055908, 0.09095660597085953, 0.17595764994621277, 1.467594027519226, 0.8534812331199646, 0.8592466711997986, 0.8592466711997986, 2.01637864112854, '02:57']
[12, 0.4597110152244568, 0.44889020919799805, 0.9860456585884094, 0.0982460156083107, 0.17800739407539368, 1.5541749000549316, 0.831637978553772, 0.8462321758270264, 0.8462322950363159, 2.872941255569458, '02:57']
[13, 0.4576423764228821, 0.4392658472061157, 0.9887245297431946, 0.10548420250415802, 0.17645826935768127, 1.5069074630737305, 0.8213520050048828, 0.8312771320343018, 0.8312771320343018, 2.339195966720581, '02:57']
[14, 0.4615170359611511, 0.4466113746166229, 0.9861997961997986, 0.09700028598308563, 0.17765264213085175, 1.5677158832550049, 0.8260951638221741, 0.841605544090271, 0.841605544090271, 3.295538902282715, '02:57']
[15, 0.45380258560180664, 0.4408429265022278, 0.9922397136688232, 0.10096418857574463, 0.17453284561634064, 1.331937551498413, 0.8340185880661011, 0.8409210443496704, 0.8409211039543152, 0.9399780631065369, '02:57']
[16, 0.4515773355960846, 0.44990554451942444, 0.9840065240859985, 0.09680721908807755, 0.1788051724433899, 1.6461342573165894, 0.8223515152931213, 0.8408017754554749, 0.8408017754554749, 4.095424175262451, '02:57']
[17, 0.45364707708358765, 0.4418494403362274, 0.9911432266235352, 0.10001114755868912, 0.17508958280086517, 1.4016423225402832, 0.8338326811790466, 0.8401749730110168, 0.8401749730110168, 1.2879377603530884, '02:57']
[18, 0.4552629888057709, 0.4483918845653534, 0.9913523197174072, 0.09070490300655365, 0.17497308552265167, 1.398239016532898, 0.8476809859275818, 0.853397786617279, 0.853397786617279, 1.278059959411621, '02:57']
[19, 0.4366067945957184, 0.44726887345314026, 0.9880605936050415, 0.09650041908025742, 0.17671094834804535, 1.490478515625, 0.8302922248840332, 0.8429033160209656, 0.8429033160209656, 2.4226982593536377, '02:57']
[20, 0.45404019951820374, 0.435653418302536, 0.9884635210037231, 0.10980303585529327, 0.17658203840255737, 1.5007190704345703, 0.8107359409332275, 0.823547899723053, 0.823547899723053, 2.4286961555480957, '02:57']
[21, 0.45064112544059753, 0.4333758056163788, 0.9891071319580078, 0.11271874606609344, 0.17627207934856415, 1.466322660446167, 0.8101001977920532, 0.8214813470840454, 0.8214813470840454, 1.8839155435562134, '02:57']
[22, 0.44054657220840454, 0.4391171634197235, 0.9875779747962952, 0.10734038054943085, 0.177119642496109, 1.5141733884811401, 0.8135911822319031, 0.8279021978378296, 0.8279021978378296, 2.334031581878662, '02:57']
[23, 0.44457167387008667, 0.43909597396850586, 0.9920681715011597, 0.10326226055622101, 0.17464539408683777, 1.3154296875, 0.8297518491744995, 0.8386067152023315, 0.8386067152023315, 0.8969972133636475, '02:57']
[24, 0.4446234107017517, 0.45491719245910645, 0.9920531511306763, 0.0847264751791954, 0.1745172142982483, 1.3160041570663452, 0.8599984645843506, 0.8666446208953857, 0.8666446208953857, 1.0212231874465942, '02:57']
[25, 0.4439776539802551, 0.4416072368621826, 0.9872196316719055, 0.10436023026704788, 0.17717373371124268, 1.5508294105529785, 0.8197745680809021, 0.8305323123931885, 0.8305323123931885, 2.7105460166931152, '02:57']
[26, 0.45453158020973206, 0.428044855594635, 0.9893024563789368, 0.11828542500734329, 0.17622005939483643, 1.4991806745529175, 0.7986732721328735, 0.8098594546318054, 0.8098594546318054, 2.1905393600463867, '02:57']
[27, 0.441802442073822, 0.4431789815425873, 0.9862549901008606, 0.10338831692934036, 0.17780861258506775, 1.592999815940857, 0.8203563690185547, 0.8355880379676819, 0.8355880379676819, 2.9190821647644043, '02:57']
[28, 0.44727441668510437, 0.4941635727882385, 0.9752528071403503, 0.08278987556695938, 0.18372978270053864, 1.769487977027893, 0.8206495642662048, 0.85797119140625, 0.85797119140625, 7.641489505767822, '02:57']
[29, 0.4469645321369171, 0.43291598558425903, 0.9929612278938293, 0.11034533381462097, 0.17420247197151184, 1.266800880432129, 0.8168086409568787, 0.8265639543533325, 0.8265639543533325, 0.8113422393798828, '02:57']
[30, 0.43500664830207825, 0.4640723466873169, 0.9937566518783569, 0.06991199404001236, 0.1736159324645996, 1.1208854913711548, 0.8702736496925354, 0.8874536752700806, 0.8874536752700806, 0.28686606884002686, '02:57']
[31, 0.4476616382598877, 0.4433779716491699, 0.9851304888725281, 0.10158351808786392, 0.17819230258464813, 1.5974711179733276, 0.8122361302375793, 0.8314778208732605, 0.8314778804779053, 3.6006124019622803, '02:57']
[32, 0.4490683376789093, 0.4395955502986908, 0.985732913017273, 0.10978248715400696, 0.17814981937408447, 1.6147398948669434, 0.7967041730880737, 0.8181077241897583, 0.8181077241897583, 3.3724207878112793, '02:57']
[33, 0.43257176876068115, 0.4416157901287079, 0.9886298775672913, 0.1057526171207428, 0.1765855848789215, 1.4471555948257446, 0.8112092614173889, 0.8264355063438416, 0.8264355063438416, 1.7087467908859253, '02:57']
[34, 0.44924336671829224, 0.4254542589187622, 0.9889295697212219, 0.12251689285039902, 0.1764339655637741, 1.5276892185211182, 0.7925428152084351, 0.8055256605148315, 0.8055256605148315, 2.3766238689422607, '02:57']
[35, 0.44905251264572144, 0.44363370537757874, 0.9853493571281433, 0.10351650416851044, 0.17824575304985046, 1.597409963607788, 0.8093520998954773, 0.829628586769104, 0.829628586769104, 3.1424388885498047, '02:57']
[36, 0.44453972578048706, 0.4640897810459137, 0.9817593097686768, 0.09006302058696747, 0.18008780479431152, 1.6367977857589722, 0.8241736888885498, 0.8481556177139282, 0.8481556177139282, 3.7342305183410645, '02:58']
[37, 0.44026660919189453, 0.4330616295337677, 0.9889875650405884, 0.11398635059595108, 0.17645429074764252, 1.4579774141311646, 0.8037368059158325, 0.8173491954803467, 0.8173490762710571, 1.7174046039581299, '02:57']
[38, 0.4338017404079437, 0.432578980922699, 0.9915176630020142, 0.11148469895124435, 0.1750333309173584, 1.3551437854766846, 0.8130394220352173, 0.821975588798523, 0.821975588798523, 1.1057828664779663, '02:57']
[39, 0.4435965418815613, 0.45351967215538025, 0.986331582069397, 0.09327816218137741, 0.1776685118675232, 1.5582574605941772, 0.8287602066993713, 0.8443949818611145, 0.8443949818611145, 2.5794413089752197, '02:57']
[40, 0.445647269487381, 0.4248315393924713, 0.9905992150306702, 0.12208802253007889, 0.17554597556591034, 1.4404436349868774, 0.8005961179733276, 0.8090782761573792, 0.8090782761573792, 1.6152684688568115, '02:57']
[41, 0.4430829882621765, 0.4345606565475464, 0.9871507883071899, 0.11321819573640823, 0.17738379538059235, 1.570616364479065, 0.7980155944824219, 0.8148177862167358, 0.8148177862167358, 2.871192216873169, '02:57']
[42, 0.43875852227211, 0.43069809675216675, 0.9918634295463562, 0.11328361183404922, 0.1748005449771881, 1.35088050365448, 0.8094794750213623, 0.8181788325309753, 0.8181788325309753, 1.0838634967803955, '02:57']
[43, 0.44400691986083984, 0.42456209659576416, 0.9875648021697998, 0.12429019063711166, 0.17717231810092926, 1.5705382823944092, 0.7845123410224915, 0.8007999658584595, 0.8007999658584595, 2.8757269382476807, '02:57']
[44, 0.4401789903640747, 0.4310818612575531, 0.9899246096611023, 0.11453285068273544, 0.17590861022472382, 1.4476308822631836, 0.8090177774429321, 0.8179938793182373, 0.8179938793182373, 1.7026780843734741, '02:57']
[45, 0.43771204352378845, 0.4335475265979767, 0.9869236946105957, 0.11444003880023956, 0.17753301560878754, 1.567797064781189, 0.7949677109718323, 0.8132753372192383, 0.8132753372192383, 2.7448108196258545, '02:57']
[46, 0.43586453795433044, 0.44133347272872925, 0.9832468628883362, 0.10841649025678635, 0.17944037914276123, 1.6450448036193848, 0.793660581111908, 0.8214352130889893, 0.8214352130889893, 4.018946170806885, '02:57']
[47, 0.43457654118537903, 0.427767813205719, 0.9888288378715515, 0.11978228390216827, 0.176448792219162, 1.5201059579849243, 0.7912106513977051, 0.8041595220565796, 0.8041595220565796, 2.2685372829437256, '02:58']
[48, 0.4242776036262512, 0.42638087272644043, 0.9886177778244019, 0.12344402819871902, 0.17666439712047577, 1.5122060775756836, 0.784446656703949, 0.8003659248352051, 0.8003659248352051, 2.1575582027435303, '02:57']
[49, 0.43576666712760925, 0.42020460963249207, 0.9919227361679077, 0.1274385154247284, 0.1749127060174942, 1.3729076385498047, 0.7913211584091187, 0.799723744392395, 0.799723744392395, 1.1923972368240356, '02:58']
[50, 0.4364282488822937, 0.42164814472198486, 0.991628110408783, 0.12372836470603943, 0.17497199773788452, 1.3832367658615112, 0.7942371368408203, 0.8028882741928101, 0.8028882741928101, 1.2609599828720093, '02:57']
[51, 0.4261965751647949, 0.4233914315700531, 0.9894521236419678, 0.12503865361213684, 0.1761757880449295, 1.522504448890686, 0.7852315902709961, 0.79729163646698, 0.79729163646698, 2.2089943885803223, '02:57']
[52, 0.4323745667934418, 0.42518189549446106, 0.9882171154022217, 0.1236235573887825, 0.17686086893081665, 1.5369466543197632, 0.7809916734695435, 0.7987791895866394, 0.7987791895866394, 2.4341671466827393, '02:57']
[53, 0.4503367245197296, 0.43270379304885864, 0.987669050693512, 0.11584057658910751, 0.17722700536251068, 1.533977746963501, 0.800078809261322, 0.8162761330604553, 0.8162761330604553, 2.3401691913604736, '02:57']
[54, 0.42360198497772217, 0.43239709734916687, 0.9909047484397888, 0.11236739158630371, 0.17531469464302063, 1.3953831195831299, 0.8070752024650574, 0.8178719282150269, 0.8178719878196716, 1.2660722732543945, '02:57']
[55, 0.4391298294067383, 0.4370317757129669, 0.9858495593070984, 0.11453735083341599, 0.17810343205928802, 1.6002631187438965, 0.7881293892860413, 0.8101059794425964, 0.8101059794425964, 3.1718966960906982, '02:57']
[56, 0.4327825903892517, 0.4270053505897522, 0.9890544414520264, 0.1211964339017868, 0.17643406987190247, 1.517160177230835, 0.7900537252426147, 0.8052934408187866, 0.8052934408187866, 2.475369930267334, '02:57']
[57, 0.4545952081680298, 0.43189483880996704, 0.9896013140678406, 0.11242296546697617, 0.17602840065956116, 1.4663100242614746, 0.8079141974449158, 0.8188527226448059, 0.8188527226448059, 1.9625836610794067, '02:57']
[58, 0.45016103982925415, 0.45210567116737366, 0.978999674320221, 0.09994866698980331, 0.18139122426509857, 1.687949299812317, 0.7989515066146851, 0.8328414559364319, 0.8328414559364319, 5.433256149291992, '02:57']
No improvement since epoch 49: early stopping
----------
1
----------
DLS create!
[0, 0.5228877663612366, 0.5053024291992188, 0.9929713606834412, 0.0020310457330197096, 0.17819875478744507, 1.3126254081726074, 0.9697292447090149, 0.9464907646179199, 0.9464907646179199, inf, '02:57']
[1, 0.5008394718170166, 0.49736207723617554, 0.9886027574539185, 0.03813447058200836, 0.17793506383895874, 1.4867289066314697, 0.9452598094940186, 0.9262818098068237, 0.9262818098068237, inf, '02:58']
[2, 0.5012441873550415, 0.492262601852417, 0.9871991872787476, 0.04117864742875099, 0.17670588195323944, 1.5566508769989014, 0.9337673187255859, 0.9140247702598572, 0.9140247702598572, inf, '02:57']
[3, 0.4902142286300659, 0.4855610132217407, 0.9926532506942749, 0.0495016984641552, 0.17388276755809784, 1.2503985166549683, 0.9178733229637146, 0.9057285189628601, 0.9057285189628601, inf, '02:58']
[4, 0.48790642619132996, 0.47068554162979126, 0.9899629354476929, 0.06939280033111572, 0.17537513375282288, 1.492057204246521, 0.8863685727119446, 0.8737578392028809, 0.8737578392028809, inf, '02:58']
[5, 0.4797494411468506, 0.4655710756778717, 0.988845705986023, 0.0742851048707962, 0.17591126263141632, 1.5496479272842407, 0.8735750913619995, 0.8607286810874939, 0.8607286810874939, inf, '02:58']
[6, 0.4732697904109955, 0.4627205729484558, 0.9898558855056763, 0.07928203791379929, 0.17536287009716034, 1.5095932483673096, 0.8667129874229431, 0.854713499546051, 0.8547134399414062, inf, '02:58']
[7, 0.46946874260902405, 0.48850083351135254, 0.9798741340637207, 0.05979229882359505, 0.1804337352514267, 1.7158197164535522, 0.882659375667572, 0.8776021599769592, 0.8776021599769592, inf, '02:58']
[8, 0.4735054671764374, 0.476016104221344, 0.98326575756073, 0.06826052069664001, 0.17884840071201324, 1.6907753944396973, 0.8722019791603088, 0.8666127920150757, 0.8666127920150757, inf, '02:58']
[9, 0.46855980157852173, 0.46564820408821106, 0.9828211665153503, 0.08036535233259201, 0.1789628267288208, 1.6654247045516968, 0.8509451746940613, 0.849540114402771, 0.849540114402771, inf, '02:58']
[10, 0.47076529264450073, 0.47278574109077454, 0.9821479320526123, 0.07277228683233261, 0.17928308248519897, 1.6939072608947754, 0.8642731308937073, 0.8584676384925842, 0.8584676384925842, inf, '02:58']
[11, 0.4636983871459961, 0.4596579074859619, 0.9865809082984924, 0.08331873267889023, 0.17705309391021729, 1.6178957223892212, 0.8499000072479248, 0.8427991271018982, 0.8427991271018982, inf, '02:57']
[12, 0.4564327895641327, 0.44441118836402893, 0.9911001324653625, 0.10239176452159882, 0.17502418160438538, 1.3895124197006226, 0.8382854461669922, 0.8255209922790527, 0.825520932674408, inf, '02:57']
[13, 0.46986764669418335, 0.4510565996170044, 0.992060661315918, 0.09168118238449097, 0.17427878081798553, 1.3617721796035767, 0.8473159670829773, 0.8341743350028992, 0.8341743350028992, inf, '02:57']
[14, 0.4665687680244446, 0.442005455493927, 0.9904568791389465, 0.10496003180742264, 0.17540916800498962, 1.4597548246383667, 0.8277816772460938, 0.8162060976028442, 0.8162060976028442, inf, '02:57']
[15, 0.4563390016555786, 0.44758471846580505, 0.9918944835662842, 0.09451226145029068, 0.17437143623828888, 1.3561540842056274, 0.8370276093482971, 0.8276956677436829, 0.8276956677436829, inf, '02:57']
[16, 0.46282753348350525, 0.44294559955596924, 0.9883133172988892, 0.10297510772943497, 0.17634660005569458, 1.5899715423583984, 0.8188067674636841, 0.8129589557647705, 0.8129589557647705, inf, '02:57']
[17, 0.45915424823760986, 0.4472588896751404, 0.9925563931465149, 0.0987740233540535, 0.17411263287067413, 1.2689536809921265, 0.8439279794692993, 0.8328897953033447, 0.8328897953033447, inf, '02:57']
[18, 0.4603326916694641, 0.4544750154018402, 0.9834389686584473, 0.09331963956356049, 0.17884200811386108, 1.6978718042373657, 0.8222916722297668, 0.825643002986908, 0.825643002986908, inf, '02:57']
[19, 0.44752126932144165, 0.44720160961151123, 0.9885480999946594, 0.10064633190631866, 0.17636963725090027, 1.5309629440307617, 0.8260581493377686, 0.8192068934440613, 0.8192068934440613, inf, '02:58']
[20, 0.45518550276756287, 0.46170520782470703, 0.981873095035553, 0.0883655697107315, 0.17987419664859772, 1.70939040184021, 0.8284090757369995, 0.8343004584312439, 0.8343004584312439, inf, '02:58']
[21, 0.45797133445739746, 0.4324922263622284, 0.9902653694152832, 0.11466886103153229, 0.17537052929401398, 1.5003489255905151, 0.8042348027229309, 0.7953259348869324, 0.7953259348869324, inf, '02:57']
[22, 0.44777151942253113, 0.4613182246685028, 0.9843640923500061, 0.08770346641540527, 0.17849010229110718, 1.6822154521942139, 0.8309394121170044, 0.8340443968772888, 0.8340443968772888, inf, '02:58']
[23, 0.45571979880332947, 0.45017850399017334, 0.9916220307350159, 0.08998865634202957, 0.17448867857456207, 1.405207872390747, 0.842373788356781, 0.831764817237854, 0.831764817237854, inf, '02:58']
[24, 0.4565054774284363, 0.4599590003490448, 0.9830455780029297, 0.0879717692732811, 0.17910884320735931, 1.6859979629516602, 0.8335819840431213, 0.835187554359436, 0.835187554359436, inf, '02:57']
[25, 0.4534299075603485, 0.43605467677116394, 0.9903162121772766, 0.11086072772741318, 0.17534862458705902, 1.4706605672836304, 0.8166308999061584, 0.8061354756355286, 0.8061354756355286, inf, '02:57']
[26, 0.44790902733802795, 0.44660088419914246, 0.9912226796150208, 0.09878013283014297, 0.17514486610889435, 1.381417155265808, 0.840894341468811, 0.8314072489738464, 0.8314072489738464, inf, '02:57']
[27, 0.44695615768432617, 0.4526745080947876, 0.9888344407081604, 0.0890130028128624, 0.17595897614955902, 1.5043210983276367, 0.8407058715820312, 0.8336159586906433, 0.8336159586906433, inf, '02:57']
[28, 0.4453195035457611, 0.4323092997074127, 0.9918746948242188, 0.11486925184726715, 0.17441841959953308, 1.4082893133163452, 0.8086222410202026, 0.7993214726448059, 0.7993214726448059, inf, '02:57']
[29, 0.4564569592475891, 0.44323843717575073, 0.98530113697052, 0.10732938349246979, 0.178139790892601, 1.6710866689682007, 0.80305016040802, 0.8062398433685303, 0.8062398433685303, inf, '02:58']
[30, 0.43402764201164246, 0.44544094800949097, 0.9918084740638733, 0.09853141754865646, 0.17446598410606384, 1.35085129737854, 0.8289327621459961, 0.8228141069412231, 0.8228141069412231, inf, '02:57']
[31, 0.4362715780735016, 0.43252888321876526, 0.9908317923545837, 0.11373140662908554, 0.17510484158992767, 1.4317222833633423, 0.8075395822525024, 0.797728955745697, 0.797728955745697, inf, '02:58']
[32, 0.44675394892692566, 0.4416588246822357, 0.9861900210380554, 0.10854482650756836, 0.17786037921905518, 1.6476577520370483, 0.8047375082969666, 0.8060154318809509, 0.8060154318809509, inf, '02:57']
[33, 0.4443643093109131, 0.43038874864578247, 0.9920691251754761, 0.11703493446111679, 0.1744297295808792, 1.3320831060409546, 0.8038603067398071, 0.7947844862937927, 0.7947844862937927, inf, '02:58']
[34, 0.45004162192344666, 0.43017491698265076, 0.9917184710502625, 0.12087096273899078, 0.17477385699748993, 1.4204822778701782, 0.8077313899993896, 0.798312783241272, 0.798312783241272, inf, '02:57']
[35, 0.4512077867984772, 0.4477139115333557, 0.9897339940071106, 0.09747602045536041, 0.17564281821250916, 1.4147419929504395, 0.83366858959198, 0.8255071043968201, 0.8255071640014648, inf, '02:58']
[36, 0.4430783987045288, 0.4600889980792999, 0.989171028137207, 0.0813307836651802, 0.17582771182060242, 1.4727909564971924, 0.8520405292510986, 0.8445465564727783, 0.8445465564727783, inf, '02:57']
[37, 0.44475868344306946, 0.4406350553035736, 0.9866348505020142, 0.1085442304611206, 0.1773388534784317, 1.6134452819824219, 0.8039475679397583, 0.8038977980613708, 0.8038977980613708, inf, '02:57']
[38, 0.4315743148326874, 0.4933263957500458, 0.9730678200721741, 0.07631224393844604, 0.1843564659357071, 1.8000383377075195, 0.8287890553474426, 0.8462293744087219, 0.8462293744087219, inf, '02:57']
[39, 0.4493478238582611, 0.4491497278213501, 0.9851214289665222, 0.09936410188674927, 0.17814797163009644, 1.6496779918670654, 0.8165175318717957, 0.8174700736999512, 0.8174700736999512, inf, '02:57']
[40, 0.4592515826225281, 0.43754711747169495, 0.9885163307189941, 0.10899514704942703, 0.17635716497898102, 1.568190574645996, 0.8142050504684448, 0.809102475643158, 0.809102475643158, inf, '02:57']
[41, 0.45365703105926514, 0.4342578947544098, 0.989186704158783, 0.11272778362035751, 0.17608527839183807, 1.5626654624938965, 0.8072124719619751, 0.8011032938957214, 0.8011032938957214, inf, '02:58']
[42, 0.4417983889579773, 0.43865010142326355, 0.9888874888420105, 0.11000465601682663, 0.1761629432439804, 1.5610333681106567, 0.8053781390190125, 0.799717366695404, 0.799717366695404, inf, '02:58']
[43, 0.4480472207069397, 0.4273332953453064, 0.9912109375, 0.12040561437606812, 0.17493511736392975, 1.4363387823104858, 0.7996248602867126, 0.7905259728431702, 0.7905259728431702, inf, '02:57']
[44, 0.4537474513053894, 0.4307071268558502, 0.9882194995880127, 0.11965528875589371, 0.1767382025718689, 1.6036744117736816, 0.7931838631629944, 0.7908839583396912, 0.7908839583396912, inf, '02:57']
[45, 0.45252200961112976, 0.43818074464797974, 0.9884535670280457, 0.11020920425653458, 0.17637917399406433, 1.5306411981582642, 0.8119910359382629, 0.8045576214790344, 0.8045576214790344, inf, '02:57']
[46, 0.4501186013221741, 0.43447503447532654, 0.9879087209701538, 0.11265649646520615, 0.17667876183986664, 1.5960413217544556, 0.8045206069946289, 0.8008589744567871, 0.8008589744567871, inf, '02:57']
[47, 0.45461583137512207, 0.42779040336608887, 0.9905973672866821, 0.11925838887691498, 0.17530031502246857, 1.4757721424102783, 0.799381673336029, 0.7908293008804321, 0.7908293008804321, inf, '02:58']
[48, 0.44264712929725647, 0.44879013299942017, 0.9880871176719666, 0.09589783102273941, 0.17649716138839722, 1.5698620080947876, 0.8268635272979736, 0.8206193447113037, 0.8206193447113037, inf, '02:58']
[49, 0.44069066643714905, 0.44646456837654114, 0.9854750037193298, 0.10219226777553558, 0.17791344225406647, 1.6652214527130127, 0.806803822517395, 0.810613751411438, 0.8106136918067932, inf, '02:57']
[50, 0.4383395314216614, 0.4369775354862213, 0.9878669381141663, 0.11398487538099289, 0.17695453763008118, 1.5839325189590454, 0.8013368248939514, 0.7993047833442688, 0.7993047833442688, inf, '02:58']
[51, 0.4380371868610382, 0.44548529386520386, 0.9881869554519653, 0.09664708375930786, 0.17631736397743225, 1.5440534353256226, 0.824103832244873, 0.8188126683235168, 0.8188126683235168, inf, '02:58']
[52, 0.4366443157196045, 0.4534311294555664, 0.9868682622909546, 0.09455212950706482, 0.17712236940860748, 1.6175817251205444, 0.8263677358627319, 0.8246758580207825, 0.8246758580207825, inf, '02:58']
No improvement since epoch 43: early stopping
----------
2
----------
DLS create!
[0, 0.5128031969070435, 0.5044687390327454, 0.9905453324317932, 0.02259312942624092, 0.17865204811096191, 1.4016495943069458, 0.9606375694274902, 0.9621590971946716, 0.9621590971946716, 2.1409223079681396, '02:58']
[1, 0.49390730261802673, 0.49191397428512573, 0.9795027375221252, 0.05277455598115921, 0.1805039495229721, 1.709309697151184, 0.901028037071228, 0.9169572591781616, 0.9169572591781616, 10.697958946228027, '02:59']
[2, 0.49071043729782104, 0.567846417427063, 0.9245710968971252, 0.023719199001789093, 0.2048652321100235, 1.8708570003509521, 0.9406450390815735, 0.9583556056022644, 0.9583556056022644, 62.35448455810547, '02:58']
[3, 0.4930413067340851, 0.4924204647541046, 0.9862060546875, 0.04401497542858124, 0.1769922375679016, 1.5943048000335693, 0.9233922362327576, 0.9296484589576721, 0.9296484589576721, 4.78762674331665, '02:58']
[4, 0.4771798849105835, 0.4967326819896698, 0.9829549789428711, 0.04647458717226982, 0.17867040634155273, 1.6839152574539185, 0.9117356538772583, 0.9205107092857361, 0.9205107092857361, 6.699387550354004, '02:57']
[5, 0.4804106056690216, 0.48196062445640564, 0.9877639412879944, 0.05811532586812973, 0.17623673379421234, 1.5597013235092163, 0.8995908498764038, 0.9079306721687317, 0.9079306721687317, 4.071191310882568, '02:57']
[6, 0.48035556077957153, 0.47829192876815796, 0.9894306659698486, 0.06257086247205734, 0.17540092766284943, 1.4400438070297241, 0.9014992713928223, 0.906226634979248, 0.906226634979248, 1.8766199350357056, '02:57']
[7, 0.4719972014427185, 0.4794396758079529, 0.9832245111465454, 0.06658558547496796, 0.178606778383255, 1.6763033866882324, 0.8729958534240723, 0.8897926807403564, 0.8897926807403564, 6.657815456390381, '02:58']
[8, 0.47025448083877563, 0.4701630771160126, 0.98734050989151, 0.07235191017389297, 0.17656785249710083, 1.5809592008590698, 0.8722312450408936, 0.884614109992981, 0.884614109992981, 4.417510032653809, '02:57']
[9, 0.46673038601875305, 0.46899983286857605, 0.987579882144928, 0.07467897981405258, 0.176399365067482, 1.5238593816757202, 0.8693056106567383, 0.8797123432159424, 0.8797123432159424, 2.90440034866333, '02:58']
[10, 0.4577529728412628, 0.4661882221698761, 0.989931583404541, 0.0757024809718132, 0.17512288689613342, 1.403493881225586, 0.8669036626815796, 0.8766989707946777, 0.8766989707946777, 1.7798806428909302, '02:58']
[11, 0.4609658420085907, 0.46271032094955444, 0.9895486831665039, 0.08148115873336792, 0.1755523979663849, 1.4612377882003784, 0.8638217449188232, 0.8715073466300964, 0.8715074062347412, 1.777104139328003, '02:58']
[12, 0.4605685770511627, 0.4879741072654724, 0.9779450297355652, 0.06279867142438889, 0.1812000870704651, 1.700071930885315, 0.8766033053398132, 0.8970229625701904, 0.8970229625701904, 11.123574256896973, '02:58']
[13, 0.4589543342590332, 0.47235381603240967, 0.9859755635261536, 0.07211979478597641, 0.17720527946949005, 1.5644540786743164, 0.8698326349258423, 0.8816751837730408, 0.8816751837730408, 3.7645421028137207, '02:58']
[14, 0.4539647102355957, 0.4640953838825226, 0.9884026050567627, 0.08215814083814621, 0.17602819204330444, 1.4349170923233032, 0.8651036024093628, 0.8735142350196838, 0.8735142350196838, 2.250323534011841, '02:58']
[15, 0.43682053685188293, 0.4692399799823761, 0.9903668761253357, 0.07207740098237991, 0.17493155598640442, 1.3297244310379028, 0.8772156834602356, 0.8818491101264954, 0.8818491101264954, 0.9656702280044556, '02:58']
[16, 0.4409673810005188, 0.46375977993011475, 0.9867074489593506, 0.08291058987379074, 0.17688633501529694, 1.55126953125, 0.8448424935340881, 0.8609694242477417, 0.8609693646430969, 3.1866235733032227, '02:58']
[17, 0.45588815212249756, 0.4589410126209259, 0.9896585941314697, 0.08599449694156647, 0.17535749077796936, 1.4199520349502563, 0.8598166108131409, 0.8662847280502319, 0.8662847280502319, 1.5022623538970947, '02:58']
[18, 0.4511614143848419, 0.4647497236728668, 0.9911652207374573, 0.07699864357709885, 0.17451825737953186, 1.3406487703323364, 0.8749171495437622, 0.8802435398101807, 0.8802435398101807, 0.9561703205108643, '02:58']
[19, 0.45656806230545044, 0.45070624351501465, 0.9882534742355347, 0.09907221049070358, 0.1762046366930008, 1.4943443536758423, 0.8373585343360901, 0.8484103083610535, 0.8484103083610535, 2.124724864959717, '02:58']
[20, 0.4555429220199585, 0.45977357029914856, 0.988213062286377, 0.0838255062699318, 0.1760587990283966, 1.4995311498641968, 0.8540264368057251, 0.8628485202789307, 0.8628485202789307, 2.3994736671447754, '02:57']
[21, 0.4461023211479187, 0.46649742126464844, 0.9868089556694031, 0.08180849999189377, 0.1767895221710205, 1.5521806478500366, 0.855618417263031, 0.8639695644378662, 0.8639695644378662, 4.0266032218933105, '02:58']
[22, 0.44813278317451477, 0.46606504917144775, 0.9920803904533386, 0.07516562193632126, 0.17401660978794098, 1.2083523273468018, 0.876980185508728, 0.8844999670982361, 0.8844999670982361, 0.5179222822189331, '02:58']
[23, 0.4458650052547455, 0.455832302570343, 0.9885194301605225, 0.08953368663787842, 0.17584054172039032, 1.4866838455200195, 0.8434674739837646, 0.8544247150421143, 0.8544247150421143, 2.117166042327881, '02:58']
[24, 0.4443066716194153, 0.45530965924263, 0.9902461767196655, 0.08898494392633438, 0.17499496042728424, 1.3972641229629517, 0.8457752466201782, 0.8566070795059204, 0.8566070795059204, 1.581165075302124, '02:58']
[25, 0.4462147355079651, 0.4547261595726013, 0.99014812707901, 0.09079389274120331, 0.17510002851486206, 1.4067574739456177, 0.8456006646156311, 0.852173388004303, 0.852173388004303, 1.3075121641159058, '02:58']
[26, 0.4507722854614258, 0.46029728651046753, 0.98827064037323, 0.08464881777763367, 0.1761595904827118, 1.5220460891723633, 0.8550781607627869, 0.8643324971199036, 0.8643324971199036, 2.213181495666504, '02:58']
[27, 0.4379938244819641, 0.45307886600494385, 0.9907824993133545, 0.09369729459285736, 0.17476679384708405, 1.3547005653381348, 0.8483593463897705, 0.8556673526763916, 0.8556673526763916, 1.3518813848495483, '02:58']
[28, 0.44384071230888367, 0.4649537205696106, 0.9886273145675659, 0.07806847244501114, 0.1759035438299179, 1.486707329750061, 0.8684859275817871, 0.8758710026741028, 0.8758710026741028, 2.226740837097168, '02:58']
No improvement since epoch 19: early stopping
----------
3
----------
DLS create!
[0, 0.5246644616127014, 0.5040430426597595, 0.9926015734672546, nan, 0.1797511875629425, 1.336451768875122, 0.9592730402946472, 0.9385785460472107, 0.9385785460472107, nan, '02:58']
[1, 0.4963766038417816, 0.5009623169898987, 0.9875915050506592, 0.03629028797149658, 0.17672310769557953, 1.4347689151763916, 0.9467810392379761, 0.9258202910423279, 0.9258202910423279, inf, '02:58']
[2, 0.49453553557395935, 0.4986271560192108, 0.9831193089485168, 0.046637747436761856, 0.1793842911720276, 1.6137146949768066, 0.9273450970649719, 0.9121992588043213, 0.9121992588043213, inf, '02:58']
[3, 0.4860355854034424, 0.5251909494400024, 0.961323618888855, 0.03186986222863197, 0.18858084082603455, 1.7665289640426636, 0.9340446591377258, 0.9244403839111328, 0.9244403839111328, inf, '02:58']
[4, 0.469551146030426, 0.48498067259788513, 0.9857670068740845, 0.05688493698835373, 0.17706815898418427, 1.5248891115188599, 0.8931620717048645, 0.8811507225036621, 0.8811507225036621, inf, '02:58']
[5, 0.4701947271823883, 0.500890851020813, 0.9924771189689636, 0.030284807085990906, 0.17357073724269867, 1.1124950647354126, 0.9386703968048096, 0.9277344942092896, 0.9277344942092896, inf, '02:57']
[6, 0.47830840945243835, 0.4687840938568115, 0.9901729822158813, 0.07560042291879654, 0.17498335242271423, 1.368056058883667, 0.8805235624313354, 0.8663927316665649, 0.8663927316665649, inf, '02:58']
[7, 0.4628061056137085, 0.5009817481040955, 0.9779322147369385, 0.05121692642569542, 0.18097934126853943, 1.577714443206787, 0.8931657671928406, 0.8915371298789978, 0.8915371298789978, inf, '02:58']
[8, 0.4666985869407654, 0.4615498185157776, 0.9890421032905579, 0.084444060921669, 0.1756175458431244, 1.4408841133117676, 0.8615190386772156, 0.85086590051651, 0.85086590051651, inf, '02:57']
[9, 0.45891737937927246, 0.4732096791267395, 0.9874153137207031, 0.07147157937288284, 0.17626994848251343, 1.4629002809524536, 0.8667740821838379, 0.8585520386695862, 0.8585520386695862, inf, '02:57']
[10, 0.45929574966430664, 0.4675908386707306, 0.9897589087486267, 0.07372555136680603, 0.175070658326149, 1.4104351997375488, 0.8688726425170898, 0.857740044593811, 0.857740044593811, inf, '02:57']
[11, 0.4550638198852539, 0.48151078820228577, 0.9913655519485474, 0.05877149477601051, 0.17412550747394562, 1.2705312967300415, 0.8934532403945923, 0.8821071982383728, 0.8821071982383728, inf, '02:58']
[12, 0.4505373537540436, 0.4758022129535675, 0.9825127720832825, 0.07149071246385574, 0.178701251745224, 1.6361558437347412, 0.856192946434021, 0.8555759787559509, 0.8555759787559509, inf, '02:57']
[13, 0.4719397723674774, 0.4687253534793854, 0.9858657121658325, 0.07365445047616959, 0.17700551450252533, 1.5316810607910156, 0.8627254366874695, 0.8573964238166809, 0.8573964238166809, inf, '02:57']
[14, 0.45941704511642456, 0.4725327491760254, 0.9868687391281128, 0.07287897914648056, 0.17649954557418823, 1.5139302015304565, 0.8584349155426025, 0.8529526591300964, 0.8529526591300964, inf, '02:58']
[15, 0.4521768093109131, 0.4627121388912201, 0.990143358707428, 0.0798102542757988, 0.17480722069740295, 1.366578459739685, 0.8597490191459656, 0.8480327129364014, 0.8480327129364014, inf, '02:58']
[16, 0.44728732109069824, 0.47072699666023254, 0.9834694862365723, 0.07358059287071228, 0.17809416353702545, 1.5864322185516357, 0.8551511168479919, 0.8542793989181519, 0.8542793989181519, inf, '02:58']
[17, 0.4533993601799011, 0.469685822725296, 0.9899528622627258, 0.07353246212005615, 0.17495715618133545, 1.3441152572631836, 0.8716557025909424, 0.8608438968658447, 0.8608438968658447, inf, '02:58']
No improvement since epoch 8: early stopping
----------
4
----------
DLS create!
[0, 0.5081639885902405, 0.511184811592102, 0.9655013084411621, 0.04232630133628845, 0.18670791387557983, 1.681087613105774, 0.9297770261764526, 0.914158284664154, 0.914158284664154, inf, '02:58']
[1, 0.49458539485931396, 0.4945307672023773, 0.9861378073692322, 0.04731617122888565, 0.17597225308418274, 1.438128113746643, 0.923728883266449, 0.9033136367797852, 0.9033136367797852, inf, '02:58']
[2, 0.4929089844226837, 0.4841730296611786, 0.9868856072425842, 0.06119948625564575, 0.17599183320999146, 1.3895788192749023, 0.9108429551124573, 0.8889137506484985, 0.8889137506484985, inf, '02:58']
[3, 0.4843662679195404, 0.4879753291606903, 0.9805364012718201, 0.06200703978538513, 0.17856113612651825, 1.58829665184021, 0.8957289457321167, 0.8777719736099243, 0.8777719736099243, inf, '02:58']
[4, 0.4897586405277252, 0.4853253960609436, 0.9889216423034668, 0.058601249009370804, 0.1745971292257309, 1.3119112253189087, 0.9080024361610413, 0.8894244432449341, 0.8894244432449341, inf, '02:58']
[5, 0.48091867566108704, 0.48155561089515686, 0.9852124452590942, 0.06557013094425201, 0.1764218658208847, 1.5053995847702026, 0.886074423789978, 0.8701538443565369, 0.8701538443565369, inf, '02:58']
[6, 0.47893327474594116, 0.49571529030799866, 0.9746400117874146, 0.05908703804016113, 0.18164990842342377, 1.657050371170044, 0.8911404013633728, 0.8808305263519287, 0.8808305263519287, inf, '02:58']
[7, 0.47250232100486755, 0.45899513363838196, 0.9887874722480774, 0.09497769922018051, 0.1748018115758896, 1.354397177696228, 0.8497169613838196, 0.834531843662262, 0.834531843662262, inf, '02:58']
[8, 0.47614821791648865, 0.46898260712623596, 0.9885609745979309, 0.08139395713806152, 0.17473097145557404, 1.358667254447937, 0.8719950914382935, 0.8541918396949768, 0.8541918396949768, inf, '02:58']
[9, 0.464006245136261, 0.4580058455467224, 0.984920084476471, 0.09684014320373535, 0.17680570483207703, 1.494224190711975, 0.8419765830039978, 0.8281862139701843, 0.8281862139701843, inf, '02:57']
[10, 0.46043887734413147, 0.46667516231536865, 0.9889676570892334, 0.08379165828227997, 0.17445240914821625, 1.3272240161895752, 0.8575333952903748, 0.845155656337738, 0.845155656337738, inf, '02:58']
[11, 0.4649885594844818, 0.4699680507183075, 0.9882955551147461, 0.0780491977930069, 0.17491461336612701, 1.3530755043029785, 0.8721528649330139, 0.8555514812469482, 0.8555514812469482, inf, '02:58']
[12, 0.45506346225738525, 0.4791739881038666, 0.9775480628013611, 0.08508964627981186, 0.180705264210701, 1.6654573678970337, 0.8360416293144226, 0.8357480764389038, 0.8357480764389038, inf, '02:58']
[13, 0.46008262038230896, 0.45330071449279785, 0.9875231385231018, nan, 0.17540307343006134, 1.3571349382400513, 0.842779278755188, 0.8233336210250854, 0.8233336210250854, nan, '02:58']
[14, 0.45822420716285706, 0.4491255581378937, 0.9857845902442932, 0.10843922942876816, 0.17644327878952026, 1.4855083227157593, 0.8212395906448364, 0.8075661659240723, 0.8075661659240723, inf, '02:58']
[15, 0.4544546902179718, 0.45497241616249084, 0.9892071485519409, 0.10027019679546356, 0.17449405789375305, 1.2636194229125977, 0.8299254179000854, 0.8190176486968994, 0.8190176486968994, inf, '02:58']
[16, 0.4556654691696167, 0.43949729204177856, 0.9877447485923767, 0.12245801091194153, 0.175365149974823, 1.380511999130249, 0.805135190486908, 0.7915011644363403, 0.7915011644363403, inf, '02:58']
[17, 0.4546739459037781, 0.44747984409332275, 0.9883677363395691, 0.11096689850091934, 0.17492906749248505, 1.3527179956436157, 0.8252062201499939, 0.8105329275131226, 0.8105329275131226, inf, '02:58']
[18, 0.45887595415115356, 0.45128029584884644, 0.9836878776550293, 0.10811060667037964, 0.17759831249713898, 1.5392704010009766, 0.8147674798965454, 0.8055369257926941, 0.8055369257926941, inf, '02:58']
[19, 0.4429898262023926, 0.44250497221946716, 0.9854465126991272, 0.12372371554374695, 0.1766965538263321, 1.4495298862457275, 0.7997066378593445, 0.788406491279602, 0.788406491279602, inf, '02:58']
[20, 0.46167007088661194, 0.45209208130836487, 0.9856122732162476, 0.10284074395895004, 0.17646712064743042, 1.4711495637893677, 0.8230739235877991, 0.8134124279022217, 0.8134124279022217, inf, '02:58']
[21, 0.4536191523075104, 0.4560241103172302, 0.9844303727149963, 0.10013967752456665, 0.17698919773101807, 1.5367990732192993, 0.8278053402900696, 0.8164495825767517, 0.8164495825767517, inf, '02:58']
[22, 0.4518561065196991, 0.4433897137641907, 0.9882413148880005, 0.11506961286067963, 0.17503830790519714, 1.3500986099243164, 0.8107042908668518, 0.7990238070487976, 0.7990238070487976, inf, '02:58']
[23, 0.4440848231315613, 0.44454053044319153, 0.9850859642028809, 0.11940797418355942, 0.1768377721309662, 1.4389604330062866, 0.8057122826576233, 0.7938860058784485, 0.7938860058784485, inf, '02:58']
[24, 0.4529542028903961, 0.4527381360530853, 0.9887888431549072, 0.10201839357614517, 0.1746804416179657, 1.3464006185531616, 0.82408607006073, 0.8135438561439514, 0.8135438561439514, inf, '02:58']
[25, 0.46464648842811584, 0.44943827390670776, 0.9880611300468445, 0.10854831337928772, 0.1751905381679535, 1.3724247217178345, 0.8347094655036926, 0.8197603225708008, 0.8197604417800903, inf, '02:58']
No improvement since epoch 16: early stopping
MAnet_dpn131 Done!
