Models will save to MAnet_incv4_x
Use inceptionv4 encoder
Start training...
----------
0
----------
DLS create!
[0, 0.5335848927497864, 0.5101422071456909, 0.9937458038330078, 0.0, 0.17967449128627777, 1.176611065864563, 0.9824527502059937, 0.9773473143577576, 0.9773473143577576, 0.0, '01:18']
[1, 0.5045775175094604, 0.4931286871433258, 0.9775746464729309, 0.0505341999232769, 0.18231691420078278, 1.5548546314239502, 0.9242454767227173, 0.9333768486976624, 0.9333768486976624, 5.394035816192627, '01:16']
[2, 0.49117064476013184, 0.521615207195282, 0.9863983392715454, 0.043298132717609406, 0.17732253670692444, 1.5121676921844482, 0.9339529275894165, 0.9345487952232361, 0.9345487952232361, 2.1713614463806152, '01:16']
[3, 0.49460121989250183, 0.5138912796974182, 0.9822707772254944, 0.04260072112083435, 0.17977292835712433, 1.6211721897125244, 0.9291163086891174, 0.9333627223968506, 0.9333627223968506, 3.511754274368286, '01:16']
[4, 0.4884166717529297, 0.48493248224258423, 0.9862754940986633, 0.04857192188501358, 0.17735105752944946, 1.5747103691101074, 0.9163013100624084, 0.9181982278823853, 0.9181982278823853, 2.4789884090423584, '01:16']
[5, 0.49078717827796936, 0.4779645800590515, 0.9866129755973816, 0.05903666093945503, 0.1773296296596527, 1.5443613529205322, 0.9053001999855042, 0.907533586025238, 0.907533586025238, 2.4261908531188965, '01:16']
[6, 0.49095597863197327, 0.48056405782699585, 0.9905731678009033, 0.054395779967308044, 0.1752328723669052, 1.3744442462921143, 0.9212837219238281, 0.9199559688568115, 0.9199559688568115, 1.0950396060943604, '01:17']
[7, 0.4927542507648468, 0.48667487502098083, 0.9912752509117126, 0.0445648618042469, 0.17483969032764435, 1.3384500741958618, 0.9291654229164124, 0.9292447566986084, 0.9292447566986084, 0.8400101661682129, '01:18']
[8, 0.4884573519229889, 0.4932224452495575, 0.9784915447235107, 0.055442098528146744, 0.1831952929496765, 1.666114091873169, 0.9094734787940979, 0.9226566553115845, 0.9226565361022949, 4.8990631103515625, '01:16']
[9, 0.4864096939563751, 0.4793071150779724, 0.9882468581199646, 0.054690975695848465, 0.17676100134849548, 1.4529755115509033, 0.9155663847923279, 0.9161532521247864, 0.9161532521247864, 1.5903568267822266, '01:16']
[10, 0.48760971426963806, 0.48335370421409607, 0.9905157089233398, 0.04829167202115059, 0.17529131472110748, 1.3865392208099365, 0.9211907982826233, 0.9205774068832397, 0.9205774068832397, 1.0028244256973267, '01:16']
[11, 0.4825862646102905, 0.473802387714386, 0.9860983490943909, 0.06295760720968246, 0.17745766043663025, 1.5505123138427734, 0.8910079002380371, 0.8954742550849915, 0.8954742550849915, 2.221362590789795, '01:16']
[12, 0.48440685868263245, 0.49251165986061096, 0.9744753241539001, 0.053691212087869644, 0.18309271335601807, 1.7087764739990234, 0.8938108086585999, 0.9105927348136902, 0.9105927348136902, 5.259726524353027, '01:16']
[13, 0.48346683382987976, 0.5264237523078918, 0.9520276784896851, 0.0465332567691803, 0.19393332302570343, 1.8294363021850586, 0.8851224184036255, 0.9182360768318176, 0.9182360768318176, 11.532976150512695, '01:17']
[14, 0.4909578263759613, 0.48333826661109924, 0.9908454418182373, 0.04689929261803627, 0.1753467470407486, 1.3981444835662842, 0.9266384243965149, 0.9262452721595764, 0.9262452721595764, 1.1175134181976318, '01:16']
[15, 0.49337244033813477, 0.4750041663646698, 0.9899506568908691, 0.06414616852998734, 0.1760021150112152, 1.3723227977752686, 0.9088683724403381, 0.9095529317855835, 0.9095529317855835, 1.1319912672042847, '01:16']
[16, 0.48773694038391113, 0.4909687340259552, 0.9752289652824402, 0.05281367525458336, 0.18258947134017944, 1.721268892288208, 0.8936707973480225, 0.9099589586257935, 0.9099589586257935, 5.798072814941406, '01:16']
[17, 0.4699758291244507, 0.4658677875995636, 0.9913137555122375, 0.0688265934586525, 0.17490556836128235, 1.3558986186981201, 0.8870434165000916, 0.8883153796195984, 0.8883153796195984, 0.9463837146759033, '01:16']
[18, 0.47651994228363037, 0.4579009413719177, 0.9886289238929749, 0.0814405158162117, 0.17632435262203217, 1.4846023321151733, 0.8670743107795715, 0.8721342086791992, 0.8721342086791992, 1.770188570022583, '01:16']
[19, 0.4658470153808594, 0.46605390310287476, 0.9866779446601868, 0.07303132116794586, 0.17719766497612, 1.5453975200653076, 0.869056761264801, 0.8770534992218018, 0.8770534992218018, 2.224903106689453, '01:16']
[20, 0.4708627462387085, 0.46084895730018616, 0.9911545515060425, 0.07669331878423691, 0.17498354613780975, 1.3126100301742554, 0.8660271167755127, 0.8744285106658936, 0.8744285106658936, 0.9399588108062744, '01:18']
[21, 0.478153795003891, 0.45915427803993225, 0.9866155385971069, 0.08619609475135803, 0.17772391438484192, 1.5188814401626587, 0.8598806858062744, 0.8703902959823608, 0.8703902959823608, 2.1839306354522705, '01:16']
[22, 0.46993160247802734, 0.4660432040691376, 0.985684871673584, 0.07571759819984436, 0.1778486669063568, 1.532490849494934, 0.8644736409187317, 0.8737665414810181, 0.8737665414810181, 2.1606876850128174, '01:18']
[23, 0.4742225408554077, 0.4705004096031189, 0.9888193011283875, 0.0642683357000351, 0.17611640691757202, 1.4132463932037354, 0.8897567391395569, 0.8940333724021912, 0.8940333724021912, 1.3657499551773071, '01:16']
[24, 0.46938544511795044, 0.4443979263305664, 0.9909835457801819, 0.09562663733959198, 0.17517277598381042, 1.3810173273086548, 0.839820921421051, 0.8461336493492126, 0.8461336493492126, 1.145041823387146, '01:16']
[25, 0.46494826674461365, 0.44696128368377686, 0.9857515692710876, 0.0967039167881012, 0.17796285450458527, 1.590875267982483, 0.8256995677947998, 0.8424261212348938, 0.8424261212348938, 2.6744794845581055, '01:16']
[26, 0.458330899477005, 0.4425773322582245, 0.9881719946861267, 0.10087227821350098, 0.1766982227563858, 1.48859703540802, 0.8285887241363525, 0.8395513296127319, 0.8395513296127319, 1.866445779800415, '01:16']
[27, 0.44656938314437866, 0.4692915380001068, 0.9842531085014343, 0.07454618066549301, 0.1786671280860901, 1.5930036306381226, 0.8639923334121704, 0.8746088743209839, 0.8746088743209839, 2.761608839035034, '01:16']
[28, 0.4516400396823883, 0.442934513092041, 0.9889953136444092, 0.09959547966718674, 0.17627443373203278, 1.4785932302474976, 0.8282228708267212, 0.837518572807312, 0.837518572807312, 1.7156901359558105, '01:16']
[29, 0.46223464608192444, 0.4668474495410919, 0.9786058068275452, 0.07994993031024933, 0.18135322630405426, 1.718815803527832, 0.8380602598190308, 0.8631975650787354, 0.8631975650787354, 4.662591457366943, '01:16']
[30, 0.45189034938812256, 0.4366140365600586, 0.990906298160553, 0.10447689145803452, 0.17525316774845123, 1.3520113229751587, 0.8209247589111328, 0.8300994634628296, 0.8300995826721191, 1.066697120666504, '01:16']
[31, 0.44943758845329285, 0.4423852264881134, 0.9899631142616272, 0.09945003688335419, 0.1757953017950058, 1.4409562349319458, 0.8275873064994812, 0.8351542949676514, 0.8351544141769409, 1.4556852579116821, '01:16']
[32, 0.45265644788742065, 0.43707895278930664, 0.9905855655670166, 0.10581900179386139, 0.17550905048847198, 1.3563932180404663, 0.8194321393966675, 0.830953061580658, 0.830953061580658, 1.241477370262146, '01:16']
[33, 0.4502619504928589, 0.4442504644393921, 0.9883242249488831, 0.09948216378688812, 0.17666706442832947, 1.5416990518569946, 0.8226643800735474, 0.8319485187530518, 0.8319485187530518, 1.8581079244613647, '01:16']
[34, 0.4529816806316376, 0.43744537234306335, 0.9886075258255005, 0.10540968179702759, 0.17649145424365997, 1.5096968412399292, 0.8193408846855164, 0.8280037641525269, 0.8280037641525269, 1.7754850387573242, '01:16']
[35, 0.4567604959011078, 0.4413566589355469, 0.9900510907173157, 0.09878215938806534, 0.17569699883460999, 1.4459666013717651, 0.8302996158599854, 0.8377934098243713, 0.8377934098243713, 1.4152779579162598, '01:16']
[36, 0.4435768723487854, 0.4430750906467438, 0.9913586974143982, 0.09686283022165298, 0.17501918971538544, 1.3676083087921143, 0.8373348116874695, 0.8421949744224548, 0.8421949744224548, 1.0876108407974243, '01:16']
[37, 0.4549868106842041, 0.4353124797344208, 0.991674542427063, 0.10680928081274033, 0.17483428120613098, 1.3247512578964233, 0.8223161101341248, 0.8286500573158264, 0.8286500573158264, 0.902922511100769, '01:18']
[38, 0.4487976133823395, 0.44988879561424255, 0.9859259724617004, 0.0926123708486557, 0.1778314709663391, 1.553560495376587, 0.831874430179596, 0.8472375273704529, 0.8472375273704529, 2.338785171508789, '01:16']
[39, 0.4396599233150482, 0.4716423451900482, 0.9779298305511475, 0.08647114783525467, 0.18208123743534088, 1.7290561199188232, 0.8186935186386108, 0.8497541546821594, 0.8497541546821594, 4.740267753601074, '01:16']
[40, 0.44789475202560425, 0.446454793214798, 0.988115668296814, 0.09437624365091324, 0.1767052412033081, 1.4387576580047607, 0.8335669636726379, 0.8454006314277649, 0.8454006314277649, 1.7262840270996094, '01:17']
[41, 0.45027098059654236, 0.43225720524787903, 0.989314615726471, 0.11231222748756409, 0.1762780398130417, 1.466379165649414, 0.8052961826324463, 0.8172905445098877, 0.8172905445098877, 1.6293195486068726, '01:16']
[42, 0.4446460008621216, 0.42506664991378784, 0.9904024600982666, 0.12039173394441605, 0.1756478101015091, 1.4298781156539917, 0.795259952545166, 0.804427981376648, 0.804427981376648, 1.374875783920288, '01:16']
[43, 0.44123560190200806, 0.42951059341430664, 0.9877524375915527, 0.11652085930109024, 0.17705067992210388, 1.5592422485351562, 0.793704092502594, 0.8088198304176331, 0.8088198304176331, 2.245415449142456, '01:16']
[44, 0.4361591339111328, 0.4362010359764099, 0.9909153580665588, 0.10547765344381332, 0.17527347803115845, 1.3775699138641357, 0.8188837766647339, 0.8276169896125793, 0.8276169896125793, 1.118387222290039, '01:16']
[45, 0.43755170702934265, 0.45259401202201843, 0.9922014474868774, 0.08543339371681213, 0.17450644075870514, 1.261547565460205, 0.8491248488426208, 0.859013557434082, 0.859013557434082, 0.6346644163131714, '01:19']
[46, 0.45044204592704773, 0.42647477984428406, 0.9909322261810303, 0.11964033544063568, 0.17541424930095673, 1.4124573469161987, 0.8074682950973511, 0.812900960445404, 0.812900960445404, 1.2510238885879517, '01:16']
[47, 0.4415341317653656, 0.43221423029899597, 0.9908664226531982, 0.11005248129367828, 0.1753147691488266, 1.3869590759277344, 0.8133858442306519, 0.8205626606941223, 0.8205626606941223, 1.1752755641937256, '01:18']
[48, 0.43551695346832275, 0.43741732835769653, 0.9886648654937744, 0.10962435603141785, 0.17654290795326233, 1.455735445022583, 0.7996874451637268, 0.8152678608894348, 0.8152678608894348, 1.6634330749511719, '01:16']
[49, 0.4489641487598419, 0.4393056631088257, 0.9864413738250732, 0.10680090636014938, 0.177754744887352, 1.5917569398880005, 0.810841977596283, 0.825994074344635, 0.825994074344635, 2.42633318901062, '01:16']
[50, 0.43545442819595337, 0.4450080692768097, 0.9858877062797546, 0.10319522768259048, 0.1781594604253769, 1.570953130722046, 0.8115983009338379, 0.8291070461273193, 0.8291070461273193, 2.514638662338257, '01:16']
[51, 0.4431215524673462, 0.43231329321861267, 0.9902589321136475, 0.11421695351600647, 0.17593012750148773, 1.4135651588439941, 0.814350962638855, 0.8234052062034607, 0.8234052062034607, 1.254827857017517, '01:16']
No improvement since epoch 42: early stopping
----------
1
----------
DLS create!
[0, 0.5285016894340515, 0.511722981929779, 0.993131697177887, nan, 0.1817820966243744, 1.265831708908081, 0.9748274087905884, 0.942622721195221, 0.942622721195221, nan, '01:17']
[1, 0.5025668740272522, 0.4897501766681671, 0.9819832444190979, 0.05854053422808647, 0.18060830235481262, 1.5790504217147827, 0.9198950529098511, 0.8986116051673889, 0.8986116051673889, inf, '01:17']
[2, 0.4974765181541443, 0.4792919456958771, 0.9866750240325928, 0.06771060824394226, 0.17679063975811005, 1.5531138181686401, 0.8948834538459778, 0.8707408308982849, 0.8707408308982849, inf, '01:19']
[3, 0.4942621886730194, 0.5171012878417969, 0.9885315299034119, 0.04064921662211418, 0.17583481967449188, 1.4945552349090576, 0.9326717257499695, 0.9061672687530518, 0.9061672687530518, inf, '01:17']
[4, 0.49112075567245483, 0.49049293994903564, 0.9841099381446838, 0.05581122636795044, 0.1778670698404312, 1.606137752532959, 0.9014427065849304, 0.879971981048584, 0.879971981048584, inf, '01:16']
[5, 0.489189475774765, 0.4927675127983093, 0.986937940120697, 0.04707785323262215, 0.17697098851203918, 1.5809175968170166, 0.9225435256958008, 0.8958273530006409, 0.8958273530006409, inf, '01:16']
[6, 0.4931812286376953, 0.48047223687171936, 0.988129198551178, 0.060206204652786255, 0.17626534402370453, 1.4910526275634766, 0.9112215042114258, 0.8849427103996277, 0.8849427103996277, inf, '01:16']
[7, 0.4899183213710785, 0.5087531208992004, 0.9796606302261353, 0.03947003558278084, 0.18056900799274445, 1.6825611591339111, 0.9291437864303589, 0.9056570529937744, 0.9056570529937744, inf, '01:16']
[8, 0.48818424344062805, 0.4901493191719055, 0.9760627746582031, 0.052956584841012955, 0.18190431594848633, 1.6957285404205322, 0.902170717716217, 0.8850345015525818, 0.8850346207618713, inf, '01:16']
[9, 0.4864109456539154, 0.4707570970058441, 0.9862357378005981, 0.06909188628196716, 0.17716164886951447, 1.6065466403961182, 0.8799054622650146, 0.8593786954879761, 0.8593786954879761, inf, '01:16']
[10, 0.4776829481124878, 0.5450983643531799, 0.9462110996246338, 0.03432823717594147, 0.19586323201656342, 1.8555676937103271, 0.9180490374565125, 0.9080295562744141, 0.9080295562744141, inf, '01:16']
[11, 0.4802885055541992, 0.4674686789512634, 0.9873629808425903, 0.07484644651412964, 0.17645522952079773, 1.5330917835235596, 0.8795866370201111, 0.8576513528823853, 0.8576513528823853, inf, '01:16']
[12, 0.4840452969074249, 0.4745258390903473, 0.9796306490898132, 0.0736943855881691, 0.18084898591041565, 1.7231032848358154, 0.8618381023406982, 0.8517040610313416, 0.8517040014266968, inf, '01:16']
[13, 0.47995075583457947, 0.46835318207740784, 0.9843072891235352, 0.07448334991931915, 0.17794208228588104, 1.6371917724609375, 0.8663812875747681, 0.8471395373344421, 0.8471395373344421, inf, '01:17']
[14, 0.4705103933811188, 0.4870215654373169, 0.9831655621528625, 0.05204925313591957, 0.17860423028469086, 1.6611528396606445, 0.9007609486579895, 0.8809475302696228, 0.8809475302696228, inf, '01:16']
[15, 0.47558122873306274, 0.4615071713924408, 0.9890444874763489, 0.07936108857393265, 0.17578692734241486, 1.5249428749084473, 0.8716215491294861, 0.8475069403648376, 0.8475069403648376, inf, '01:16']
[16, 0.47261184453964233, 0.4572366774082184, 0.9868479371070862, 0.08585336059331894, 0.17695392668247223, 1.6086626052856445, 0.854093074798584, 0.8337869048118591, 0.8337869048118591, inf, '01:16']
[17, 0.4793907105922699, 0.4564380943775177, 0.9892175793647766, 0.08740120381116867, 0.1759798526763916, 1.534458875656128, 0.8633210062980652, 0.8369471430778503, 0.8369471430778503, inf, '01:16']
[18, 0.48087528347969055, 0.4627276360988617, 0.9916864633560181, 0.07841131836175919, 0.1744246631860733, 1.3792990446090698, 0.8724358081817627, 0.8521842360496521, 0.8521842360496521, inf, '01:16']
[19, 0.470659077167511, 0.4681417942047119, 0.983769416809082, 0.07483997195959091, 0.17854252457618713, 1.6820425987243652, 0.8646668195724487, 0.8462126851081848, 0.8462126851081848, inf, '01:16']
[20, 0.47170817852020264, 0.4502061605453491, 0.9895720481872559, 0.09674055129289627, 0.1757008135318756, 1.5024935007095337, 0.8526753187179565, 0.8281333446502686, 0.8281333446502686, inf, '01:17']
[21, 0.4587094783782959, 0.46206244826316833, 0.9837456941604614, 0.08424943685531616, 0.17863363027572632, 1.6814298629760742, 0.8438087701797485, 0.8300411701202393, 0.8300411701202393, inf, '01:16']
[22, 0.4702582359313965, 0.4444703459739685, 0.9888275265693665, 0.09981850534677505, 0.17602114379405975, 1.559028148651123, 0.8338109850883484, 0.8138932585716248, 0.8138933777809143, inf, '01:17']
[23, 0.4696234464645386, 0.5272355079650879, 0.9498098492622375, 0.04402011260390282, 0.19466058909893036, 1.8412014245986938, 0.8983602523803711, 0.8950231075286865, 0.8950231075286865, inf, '01:16']
[24, 0.45846787095069885, 0.47087448835372925, 0.9781036972999573, 0.0810689777135849, 0.18155570328235626, 1.7414461374282837, 0.8406018614768982, 0.8361779451370239, 0.8361779451370239, inf, '01:17']
[25, 0.4725756347179413, 0.4510837197303772, 0.9871483445167542, 0.09203678369522095, 0.17698819935321808, 1.613022804260254, 0.8369789719581604, 0.8185948729515076, 0.8185948729515076, inf, '01:17']
[26, 0.46919184923171997, 0.44296860694885254, 0.9893785715103149, 0.10290279984474182, 0.17611122131347656, 1.538222312927246, 0.8347864747047424, 0.8138202428817749, 0.8138202428817749, inf, '01:17']
[27, 0.46342507004737854, 0.43478596210479736, 0.9911150932312012, 0.11360731720924377, 0.17486734688282013, 1.4437081813812256, 0.8241945505142212, 0.8005256652832031, 0.8005256652832031, inf, '01:17']
[28, 0.4519691467285156, 0.44848427176475525, 0.9841063618659973, 0.1004578098654747, 0.1787058413028717, 1.675048828125, 0.8161551356315613, 0.8066203594207764, 0.8066203594207764, inf, '01:17']
[29, 0.46130985021591187, 0.4367714822292328, 0.9881329536437988, 0.11189288645982742, 0.17668582499027252, 1.5991759300231934, 0.8140852451324463, 0.7939212322235107, 0.7939212322235107, inf, '01:17']
[30, 0.4513128101825714, 0.43954628705978394, 0.992245078086853, 0.10303380340337753, 0.17415571212768555, 1.3223084211349487, 0.8289132118225098, 0.8054311871528625, 0.8054311871528625, inf, '01:17']
[31, 0.4570153057575226, 0.42988234758377075, 0.9910245537757874, 0.11592413485050201, 0.17493242025375366, 1.4514453411102295, 0.8095746040344238, 0.7873131632804871, 0.7873131632804871, inf, '01:17']
[32, 0.45256778597831726, 0.4315691888332367, 0.9916996955871582, 0.11586618423461914, 0.17452599108219147, 1.395679235458374, 0.8132941126823425, 0.7913848757743835, 0.7913848757743835, inf, '01:17']
[33, 0.4488970935344696, 0.4436867833137512, 0.9877412915229797, 0.10122615098953247, 0.17656005918979645, 1.5643317699432373, 0.8244259357452393, 0.8074638843536377, 0.8074638843536377, inf, '01:17']
[34, 0.4533523619174957, 0.6894967555999756, 0.8668389916419983, 0.02012556418776512, 0.23490747809410095, 1.9398622512817383, 0.931706428527832, 0.9309142231941223, 0.9309142231941223, inf, '01:17']
[35, 0.4495139420032501, 0.4489400088787079, 0.991744875907898, 0.09039326012134552, 0.1744673252105713, 1.3357118368148804, 0.8538639545440674, 0.8266794085502625, 0.8266794085502625, inf, '01:17']
[36, 0.45690616965293884, 0.43887874484062195, 0.9874405264854431, 0.10710463672876358, 0.176620215177536, 1.546127200126648, 0.8218052983283997, 0.802426278591156, 0.802426278591156, inf, '01:16']
[37, 0.45325833559036255, 0.4432925581932068, 0.9842386245727539, 0.10644558817148209, 0.17859822511672974, 1.6327705383300781, 0.8166171908378601, 0.8030785918235779, 0.8030785918235779, inf, '01:18']
[38, 0.4469219446182251, 0.4751768708229065, 0.9760017395019531, 0.07744495570659637, 0.1826593577861786, 1.751151204109192, 0.8434544205665588, 0.8420700430870056, 0.8420700430870056, inf, '01:16']
[39, 0.4493025839328766, 0.4467948377132416, 0.9809012413024902, 0.10667112469673157, 0.18030515313148499, 1.6989153623580933, 0.8090474605560303, 0.8011080622673035, 0.8011080622673035, inf, '01:16']
[40, 0.4531190097332001, 0.47741997241973877, 0.9764684438705444, 0.08494798839092255, 0.18245364725589752, 1.7238166332244873, 0.8353421092033386, 0.829196572303772, 0.829196572303772, inf, '01:16']
No improvement since epoch 31: early stopping
----------
2
----------
DLS create!
[0, 0.5179765224456787, 0.5155588984489441, 0.9904488921165466, 0.005676752887666225, 0.1824672967195511, 1.4089618921279907, 0.977790892124176, 0.9742404818534851, 0.9742404818534851, 1.270656943321228, '01:17']
[1, 0.49929147958755493, 0.5024569630622864, 0.9792362451553345, 0.04346826672554016, 0.1805395931005478, 1.6896768808364868, 0.9187799096107483, 0.9298421740531921, 0.9298421740531921, 7.4741621017456055, '01:17']
[2, 0.4942801296710968, 0.5107050538063049, 0.991578996181488, 0.0175706148147583, 0.17671172320842743, 1.3520022630691528, 0.9707340002059937, 0.9688858389854431, 0.9688858389854431, 0.6946983337402344, '01:16']
[3, 0.49024081230163574, 0.48984354734420776, 0.9863881468772888, 0.04884935915470123, 0.1769527792930603, 1.5220462083816528, 0.9196203947067261, 0.9231005311012268, 0.9231005311012268, 3.561434030532837, '01:16']
[4, 0.4783821105957031, 0.49824559688568115, 0.9885627031326294, 0.04617450013756752, 0.17694489657878876, 1.5135029554367065, 0.9347004294395447, 0.9378187656402588, 0.9378187656402588, 2.301074981689453, '01:17']
[5, 0.4821481704711914, 0.481293261051178, 0.9908477663993835, 0.05982975661754608, 0.17478670179843903, 1.356574535369873, 0.9059545397758484, 0.9100416302680969, 0.9100416302680969, 1.2708189487457275, '01:17']
[6, 0.4875088036060333, 0.5755321979522705, 0.926857590675354, 0.030352715402841568, 0.20481975376605988, 1.8788514137268066, 0.9175353646278381, 0.9445054531097412, 0.9445054531097412, 33.22209548950195, '01:17']
[7, 0.48618990182876587, 0.4836006164550781, 0.9824278354644775, 0.060439445078372955, 0.17899727821350098, 1.6652849912643433, 0.8866344094276428, 0.8998031616210938, 0.8998031616210938, 5.619144439697266, '01:16']
[8, 0.4771692156791687, 0.48821884393692017, 0.9853051900863647, 0.0534343384206295, 0.17736485600471497, 1.5955674648284912, 0.9036500453948975, 0.9129350781440735, 0.9129350781440735, 4.451119422912598, '01:16']
[9, 0.4744968116283417, 0.4661186635494232, 0.9899821877479553, 0.07658791542053223, 0.17507289350032806, 1.4450582265853882, 0.8719000220298767, 0.8792286515235901, 0.8792286515235901, 1.7555437088012695, '01:17']
[10, 0.46491360664367676, 0.47921451926231384, 0.9833070039749146, 0.06858952343463898, 0.17839832603931427, 1.6405850648880005, 0.8718281984329224, 0.884684681892395, 0.884684681892395, 5.041902542114258, '01:17']
[11, 0.47074565291404724, 0.5092191696166992, 0.9701064229011536, 0.05530092120170593, 0.18510489165782928, 1.7911819219589233, 0.8693422675132751, 0.9023670554161072, 0.9023670554161072, 10.795047760009766, '01:16']
[12, 0.4625300168991089, 0.4713350236415863, 0.9851916432380676, 0.07733990252017975, 0.17774280905723572, 1.5719724893569946, 0.8655262589454651, 0.8768489360809326, 0.8768489360809326, 3.3267288208007812, '01:16']
[13, 0.46004030108451843, 0.4945822060108185, 0.9733617305755615, 0.05901528149843216, 0.18332833051681519, 1.7575373649597168, 0.8722400665283203, 0.8982349038124084, 0.8982349038124084, 10.367484092712402, '01:16']
[14, 0.456911563873291, 0.45782217383384705, 0.990036129951477, 0.08616331219673157, 0.17503899335861206, 1.4202399253845215, 0.8541734218597412, 0.8599475026130676, 0.8599475026130676, 1.398944616317749, '01:16']
[15, 0.45330363512039185, 0.4977056682109833, 0.9786152243614197, 0.05747127905488014, 0.180970698595047, 1.7175735235214233, 0.876368522644043, 0.8988329172134399, 0.8988329172134399, 6.495636940002441, '01:16']
[16, 0.46380823850631714, 0.47631222009658813, 0.9829429388046265, 0.06907256692647934, 0.17856015264987946, 1.654057264328003, 0.8651883006095886, 0.8822634816169739, 0.8822634816169739, 5.224050045013428, '01:16']
[17, 0.4533978998661041, 0.4582718312740326, 0.9893137216567993, 0.08581160008907318, 0.175458624958992, 1.4284018278121948, 0.8508022427558899, 0.8585489988327026, 0.8585489988327026, 1.5733857154846191, '01:17']
[18, 0.4470197558403015, 0.4720325767993927, 0.9921554923057556, 0.0662570595741272, 0.1738865226507187, 1.2295684814453125, 0.8841921091079712, 0.8928826451301575, 0.8928826451301575, 0.478863924741745, '01:16']
[19, 0.4572199285030365, 0.4556020498275757, 0.9896637201309204, 0.09049705415964127, 0.17533615231513977, 1.3831202983856201, 0.8484011292457581, 0.8556654453277588, 0.8556654453277588, 1.2477771043777466, '01:16']
[20, 0.4424656927585602, 0.46073997020721436, 0.9906385540962219, 0.08175045251846313, 0.174733966588974, 1.3563828468322754, 0.8582146763801575, 0.864775538444519, 0.864775538444519, 1.089081048965454, '01:17']
[21, 0.44507884979248047, 0.4635983109474182, 0.98635333776474, 0.08307735621929169, 0.17715288698673248, 1.5610674619674683, 0.850857138633728, 0.8647493720054626, 0.8647493720054626, 2.9411497116088867, '01:16']
[22, 0.44516894221305847, 0.4502837359905243, 0.9900132417678833, 0.09503088146448135, 0.17521633207798004, 1.4153759479522705, 0.8431394696235657, 0.8481024503707886, 0.8481024503707886, 1.2579938173294067, '01:16']
[23, 0.44206979870796204, 0.45946261286735535, 0.9879233837127686, 0.08758120238780975, 0.17632441222667694, 1.529153823852539, 0.844988226890564, 0.8571041226387024, 0.8571041226387024, 2.770531177520752, '01:17']
[24, 0.4521538019180298, 0.4714975953102112, 0.9815965294837952, 0.07887113094329834, 0.1796463578939438, 1.6945914030075073, 0.8392162322998047, 0.8654076457023621, 0.8654076457023621, 5.041438102722168, '01:17']
[25, 0.43992722034454346, 0.4618406593799591, 0.9841574430465698, 0.08467930555343628, 0.17812100052833557, 1.6505581140518188, 0.8351891040802002, 0.8568128943443298, 0.8568128943443298, 4.07071590423584, '01:17']
[26, 0.44035014510154724, 0.46293511986732483, 0.9858884811401367, 0.08241858333349228, 0.17731066048145294, 1.6042653322219849, 0.849854052066803, 0.8626957535743713, 0.8626957535743713, 3.396336555480957, '01:16']
[27, 0.4418734312057495, 0.4675958752632141, 0.9920086860656738, 0.0690576359629631, 0.17403097450733185, 1.1753243207931519, 0.8731147050857544, 0.883948802947998, 0.883948802947998, 0.4313713312149048, '01:16']
[28, 0.44648921489715576, 0.4479637145996094, 0.9886290431022644, 0.09852046519517899, 0.17585058510303497, 1.506475806236267, 0.8321712017059326, 0.8415743708610535, 0.8415743708610535, 2.2938995361328125, '01:16']
[29, 0.43503203988075256, 0.4606287181377411, 0.9859469532966614, 0.08673228323459625, 0.17724786698818207, 1.5792083740234375, 0.8397185802459717, 0.8533740639686584, 0.8533740639686584, 2.989072561264038, '01:16']
[30, 0.4487397372722626, 0.4455898106098175, 0.9888519048690796, 0.10156428813934326, 0.17585231363773346, 1.4798238277435303, 0.8305314779281616, 0.8386732935905457, 0.8386732935905457, 1.6698888540267944, '01:17']
[31, 0.4342038035392761, 0.4540494978427887, 0.9919307231903076, 0.08743106573820114, 0.17406709492206573, 1.2560920715332031, 0.8461078405380249, 0.8552654981613159, 0.8552654981613159, 0.5510282516479492, '01:17']
[32, 0.43699195981025696, 0.46056419610977173, 0.9849591255187988, 0.08819590508937836, 0.1779194474220276, 1.6190168857574463, 0.8328920006752014, 0.8526084423065186, 0.8526084423065186, 3.768916606903076, '01:17']
[33, 0.44106659293174744, 0.45224255323410034, 0.989517092704773, 0.09201253950595856, 0.1754414290189743, 1.469746708869934, 0.8402920961380005, 0.8487898111343384, 0.8487898111343384, 1.6779154539108276, '01:17']
[34, 0.4307447373867035, 0.4564082622528076, 0.9866220951080322, 0.08821709454059601, 0.17693163454532623, 1.5886642932891846, 0.8330873847007751, 0.8498421311378479, 0.8498421311378479, 2.8808233737945557, '01:17']
[35, 0.4338352680206299, 0.44856327772140503, 0.9888918995857239, 0.09836459159851074, 0.1757681518793106, 1.4589691162109375, 0.8295961618423462, 0.8400654196739197, 0.8400654196739197, 1.8529454469680786, '01:17']
[36, 0.44436582922935486, 0.4451666474342346, 0.9874507784843445, 0.100956991314888, 0.17659462988376617, 1.5691194534301758, 0.8174106478691101, 0.8341168165206909, 0.8341168761253357, 2.6562087535858154, '01:16']
[37, 0.42902034521102905, 0.4745946526527405, 0.9848358035087585, 0.07850190252065659, 0.1777898371219635, 1.6044580936431885, 0.8516980409622192, 0.8674629926681519, 0.8674629926681519, 4.421564102172852, '01:16']
[38, 0.44632309675216675, 0.45646145939826965, 0.9890375137329102, 0.08788374066352844, 0.17561045289039612, 1.4832955598831177, 0.8451621532440186, 0.8542351126670837, 0.8542351126670837, 1.8642933368682861, '01:16']
[39, 0.43926912546157837, 0.4469913840293884, 0.9900991320610046, 0.09702283889055252, 0.17509149014949799, 1.3839141130447388, 0.8339628577232361, 0.840812623500824, 0.840812623500824, 1.131589651107788, '01:17']
[40, 0.4312622547149658, 0.4432967007160187, 0.9886451959609985, 0.10444193333387375, 0.17604053020477295, 1.5044490098953247, 0.8267873525619507, 0.8368306756019592, 0.8368306756019592, 2.0620687007904053, '01:17']
[41, 0.4345235526561737, 0.448087215423584, 0.989205002784729, 0.09806878864765167, 0.17559081315994263, 1.447287917137146, 0.8302754163742065, 0.8380617499351501, 0.8380617499351501, 1.6520071029663086, '01:17']
[42, 0.4373736083507538, 0.464614599943161, 0.9866145253181458, 0.07960712909698486, 0.1768035590648651, 1.5917657613754272, 0.8528403043746948, 0.8647922873497009, 0.8647922873497009, 3.2670092582702637, '01:17']
[43, 0.4206179082393646, 0.44354650378227234, 0.9899665713310242, 0.10437197238206863, 0.17517128586769104, 1.447407841682434, 0.8208783268928528, 0.8278783559799194, 0.8278783559799194, 1.5975396633148193, '01:17']
[44, 0.4236536920070648, 0.43596386909484863, 0.9886580109596252, 0.11205477267503738, 0.17591434717178345, 1.5106682777404785, 0.8031365275382996, 0.8155128359794617, 0.8155127167701721, 2.0026209354400635, '01:17']
[45, 0.4330248236656189, 0.43956851959228516, 0.9895439147949219, 0.10944822430610657, 0.17548556625843048, 1.448901653289795, 0.8153904676437378, 0.825624942779541, 0.825624942779541, 1.8428430557250977, '01:16']
[46, 0.4321676790714264, 0.4425532817840576, 0.9899370074272156, 0.10187626630067825, 0.17522241175174713, 1.4570629596710205, 0.8271172642707825, 0.8364025950431824, 0.8364025950431824, 1.6379289627075195, '01:16']
[47, 0.4230198562145233, 0.4425499141216278, 0.990646481513977, 0.1035430058836937, 0.1748187392950058, 1.3579539060592651, 0.8243285417556763, 0.8319740891456604, 0.8319740891456604, 1.123328685760498, '01:16']
[48, 0.4365620017051697, 0.45169034600257874, 0.9868909120559692, 0.09951905906200409, 0.17690414190292358, 1.5981237888336182, 0.8135952353477478, 0.8327435851097107, 0.8327435851097107, 3.221334457397461, '01:16']
[49, 0.4351257383823395, 0.44011691212654114, 0.9896693825721741, 0.10738856345415115, 0.17529650032520294, 1.4253215789794922, 0.8177053332328796, 0.8253472447395325, 0.8253472447395325, 1.662514567375183, '01:16']
[50, 0.44079241156578064, 0.441566526889801, 0.9872168898582458, 0.10497286170721054, 0.17680688202381134, 1.5644443035125732, 0.8121967315673828, 0.8274483680725098, 0.8274483680725098, 2.4444053173065186, '01:16']
[51, 0.43276476860046387, 0.4329114556312561, 0.9905959963798523, 0.11371351033449173, 0.1749332696199417, 1.4251396656036377, 0.8101467490196228, 0.817571759223938, 0.817571759223938, 1.359344244003296, '01:16']
[52, 0.43252137303352356, 0.4384705126285553, 0.9890641570091248, 0.1098087877035141, 0.1756838858127594, 1.473689317703247, 0.8119315505027771, 0.8202908635139465, 0.8202908635139465, 1.6876360177993774, '01:16']
[53, 0.4267134666442871, 0.4468187987804413, 0.9905562400817871, 0.09968619793653488, 0.17482705414295197, 1.3792120218276978, 0.8283955454826355, 0.8373404145240784, 0.8373404145240784, 1.3270174264907837, '01:16']
[54, 0.4361952245235443, 0.439316064119339, 0.9892397522926331, 0.10727076232433319, 0.1757165938615799, 1.456712007522583, 0.818605363368988, 0.8271517157554626, 0.8271517157554626, 1.665526270866394, '01:16']
[55, 0.42413681745529175, 0.43894797563552856, 0.9904505610466003, 0.10867583006620407, 0.17497606575489044, 1.3744721412658691, 0.8193974494934082, 0.8265385627746582, 0.8265385627746582, 1.1681132316589355, '01:16']
[56, 0.429789274930954, 0.4273504316806793, 0.9906831383705139, 0.12266721576452255, 0.1748470962047577, 1.3912546634674072, 0.7959901690483093, 0.8039000630378723, 0.8039000630378723, 1.1993680000305176, '01:16']
[57, 0.41573649644851685, 0.44273629784584045, 0.9882510304450989, 0.10619582235813141, 0.17614631354808807, 1.5267637968063354, 0.8153969049453735, 0.8268921971321106, 0.8268921971321106, 2.3497097492218018, '01:16']
[58, 0.4355694651603699, 0.43804028630256653, 0.9904536604881287, 0.10906437039375305, 0.17496486008167267, 1.4009381532669067, 0.8141816854476929, 0.8213772177696228, 0.8213772177696228, 1.2318874597549438, '01:16']
[59, 0.4177359342575073, 0.4439111053943634, 0.9911530017852783, 0.10136332362890244, 0.1745709627866745, 1.3691611289978027, 0.8292538523674011, 0.8356778025627136, 0.8356778025627136, 1.073272943496704, '01:16']
[60, 0.42367470264434814, 0.45063695311546326, 0.9924190640449524, 0.0920238122344017, 0.1737743467092514, 1.2020875215530396, 0.8317265510559082, 0.8480165004730225, 0.8480165004730225, 0.4580458104610443, '01:16']
[61, 0.426241934299469, 0.4377484619617462, 0.9903639554977417, 0.11199533194303513, 0.1750219464302063, 1.4050021171569824, 0.8155702948570251, 0.8238730430603027, 0.8238730430603027, 1.4249351024627686, '01:17']
[62, 0.42653989791870117, 0.4381071925163269, 0.9912682771682739, 0.10711424797773361, 0.17449578642845154, 1.3609650135040283, 0.817993700504303, 0.8266060948371887, 0.8266060948371887, 1.0844347476959229, '01:16']
[63, 0.4164808690547943, 0.4308999180793762, 0.990280032157898, 0.11967093497514725, 0.1750887930393219, 1.394797682762146, 0.7987008094787598, 0.8055658936500549, 0.8055658936500549, 1.207566738128662, '01:18']
[64, 0.4226478040218353, 0.42996567487716675, 0.9901431798934937, 0.11943259090185165, 0.17524421215057373, 1.4173420667648315, 0.8039537072181702, 0.8116418123245239, 0.8116418123245239, 1.4276329278945923, '01:17']
[65, 0.41919973492622375, 0.43384063243865967, 0.9890779852867126, 0.11474108695983887, 0.17575274407863617, 1.5054521560668945, 0.799832284450531, 0.8100368976593018, 0.8100368976593018, 1.8483967781066895, '01:17']
No improvement since epoch 56: early stopping
----------
3
----------
DLS create!
[0, 0.5297227501869202, 0.5121474862098694, 0.9924716949462891, 0.002330232411623001, 0.1843339502811432, 1.3939095735549927, 0.9593887329101562, 0.9615089297294617, 0.9615089297294617, 0.048037201166152954, '01:17']
[1, 0.49989721179008484, 0.4903075098991394, 0.9868719577789307, 0.0473889522254467, 0.17721763253211975, 1.4959611892700195, 0.9292677640914917, 0.9295439720153809, 0.9295439720153809, 2.185054302215576, '01:19']
[2, 0.4966104030609131, 0.4940362870693207, 0.9813875555992126, 0.04793369024991989, 0.17964211106300354, 1.599214792251587, 0.9208505153656006, 0.9272823929786682, 0.9272823929786682, 3.7676079273223877, '01:17']
[3, 0.48088374733924866, 0.49518340826034546, 0.9906550049781799, 0.03887998312711716, 0.17461200058460236, 1.2929998636245728, 0.9381167888641357, 0.9384104609489441, 0.9384104609489441, 0.6924064755439758, '01:17']
[4, 0.48909083008766174, 0.49257519841194153, 0.9915529489517212, 0.037272557616233826, 0.17428991198539734, 1.2343955039978027, 0.9337454438209534, 0.934783935546875, 0.934783935546875, 0.3896690607070923, '01:17']
[5, 0.48170939087867737, 0.4802330434322357, 0.9881264567375183, 0.06050707399845123, 0.1760171353816986, 1.44162917137146, 0.9066624641418457, 0.9070838093757629, 0.9070838093757629, 1.5595436096191406, '01:17']
[6, 0.48773863911628723, 0.49577367305755615, 0.9907675385475159, 0.0413491390645504, 0.1746533364057541, 1.290786623954773, 0.9327268600463867, 0.9337756633758545, 0.9337756633758545, 0.6910324096679688, '01:17']
[7, 0.48634499311447144, 0.4772776961326599, 0.9874761700630188, 0.0633617639541626, 0.17615719139575958, 1.479528784751892, 0.8924425840377808, 0.896109938621521, 0.8961098194122314, 2.1317341327667236, '01:19']
[8, 0.4710249900817871, 0.46947523951530457, 0.9896015524864197, 0.07055792957544327, 0.17523597180843353, 1.3618320226669312, 0.8820160031318665, 0.8835357427597046, 0.8835357427597046, 1.022843599319458, '01:17']
[9, 0.4690984785556793, 0.4685066044330597, 0.9833921790122986, 0.07884780317544937, 0.17840957641601562, 1.6069469451904297, 0.8563552498817444, 0.867369532585144, 0.867369532585144, 3.1924216747283936, '01:17']
[10, 0.46667370200157166, 0.5144485831260681, 0.9691864252090454, 0.048726290464401245, 0.18528246879577637, 1.7440223693847656, 0.8891041874885559, 0.9115798473358154, 0.911579966545105, 7.886933326721191, '01:17']
[11, 0.463884562253952, 0.49297770857810974, 0.9833868145942688, 0.04861720651388168, 0.17805959284305573, 1.5113027095794678, 0.9098882675170898, 0.9164553284645081, 0.9164553284645081, 3.5064852237701416, '01:17']
[12, 0.4594525396823883, 0.45978403091430664, 0.990379273891449, 0.08152460306882858, 0.17480731010437012, 1.3296489715576172, 0.8658025860786438, 0.8692622184753418, 0.8692622184753418, 0.8676027655601501, '01:17']
[13, 0.45096099376678467, 0.47213080525398254, 0.9919255971908569, 0.06645403802394867, 0.17388734221458435, 1.1758334636688232, 0.8825918436050415, 0.8909969925880432, 0.8909969925880432, 0.33829978108406067, '01:19']
[14, 0.45430317521095276, 0.4638216495513916, 0.9907734990119934, 0.0753217488527298, 0.17455576360225677, 1.2737863063812256, 0.8714277148246765, 0.8753026127815247, 0.8753026127815247, 0.6153427362442017, '01:17']
[15, 0.4516650140285492, 0.46813204884529114, 0.9841044545173645, 0.07820151001214981, 0.1780523657798767, 1.5589759349822998, 0.8607211709022522, 0.8709263801574707, 0.8709263801574707, 3.029184579849243, '01:17']
[16, 0.45514655113220215, 0.4994678795337677, 0.9923052787780762, 0.03274533152580261, 0.17359352111816406, 1.0686684846878052, 0.9357300996780396, 0.9450351595878601, 0.9450351595878601, 0.12559054791927338, '01:17']
[17, 0.4577251076698303, 0.48508456349372864, 0.9762911200523376, 0.07005373388528824, 0.18216775357723236, 1.7000752687454224, 0.8524311780929565, 0.8784859776496887, 0.8784859776496887, 5.691173076629639, '01:17']
[18, 0.4529091715812683, 0.455903559923172, 0.9898761510848999, 0.08807335793972015, 0.17513041198253632, 1.367795705795288, 0.8533387780189514, 0.8583385944366455, 0.8583385944366455, 0.9920178651809692, '01:18']
[19, 0.447199285030365, 0.4694357216358185, 0.988723635673523, 0.06902024894952774, 0.17564710974693298, 1.382332682609558, 0.8779799342155457, 0.8815639615058899, 0.8815639615058899, 1.0537195205688477, '01:16']
[20, 0.4330926537513733, 0.4652099609375, 0.9862476587295532, 0.07909202575683594, 0.17697177827358246, 1.4646705389022827, 0.8544664978981018, 0.8649160861968994, 0.864916205406189, 1.8682138919830322, '01:17']
[21, 0.44218432903289795, 0.46194902062416077, 0.9860543608665466, 0.08118725568056107, 0.1769302487373352, 1.5272612571716309, 0.8502362370491028, 0.861971378326416, 0.861971378326416, 2.3048858642578125, '01:17']
[22, 0.45378488302230835, 0.4560399651527405, 0.9878777265548706, 0.08693034201860428, 0.17611974477767944, 1.4534906148910522, 0.8469648957252502, 0.855245053768158, 0.855245053768158, 1.6154283285140991, '01:17']
[23, 0.4472721517086029, 0.4558996856212616, 0.9899441599845886, 0.08661448210477829, 0.17502352595329285, 1.392629861831665, 0.8500333428382874, 0.8552119731903076, 0.8552119731903076, 1.1098418235778809, '01:16']
[24, 0.44024524092674255, 0.4574236273765564, 0.9859057068824768, 0.08969607949256897, 0.1771596223115921, 1.5194144248962402, 0.8356960415840149, 0.847314715385437, 0.847314715385437, 2.039771318435669, '01:17']
[25, 0.44316908717155457, 0.4834556579589844, 0.9787539839744568, 0.07283181697130203, 0.18086475133895874, 1.652573585510254, 0.8471793532371521, 0.8725584745407104, 0.8725584745407104, 4.669285297393799, '01:17']
[26, 0.4488540589809418, 0.4624232053756714, 0.9849884510040283, 0.08608421683311462, 0.17762704193592072, 1.5484097003936768, 0.8323442339897156, 0.8503559827804565, 0.8503559827804565, 2.6321229934692383, '01:17']
[27, 0.4359356462955475, 0.4585464894771576, 0.9853890538215637, 0.08596408367156982, 0.17743630707263947, 1.5203994512557983, 0.8387399911880493, 0.8536232113838196, 0.8536232113838196, 2.341695785522461, '01:17']
[28, 0.4468095302581787, 0.44669732451438904, 0.9880771636962891, 0.10137814283370972, 0.1763196736574173, 1.4607768058776855, 0.8345262408256531, 0.8425803184509277, 0.8425803184509277, 1.5011491775512695, '01:17']
[29, 0.43656495213508606, 0.4580617845058441, 0.9909194111824036, 0.08352281898260117, 0.1745118349790573, 1.2528457641601562, 0.8586927056312561, 0.8643266558647156, 0.8643266558647156, 0.575718343257904, '01:17']
[30, 0.42981940507888794, 0.45791107416152954, 0.9911314845085144, 0.083695188164711, 0.17433877289295197, 1.2694003582000732, 0.8478845357894897, 0.8596941232681274, 0.8596941232681274, 0.6564684510231018, '01:17']
[31, 0.4315316379070282, 0.46863827109336853, 0.9852364659309387, 0.07771175354719162, 0.17741252481937408, 1.5470942258834839, 0.8514755368232727, 0.8649491667747498, 0.8649491667747498, 2.735055446624756, '01:17']
[32, 0.4296322166919708, 0.4616491198539734, 0.9909050464630127, 0.07807127386331558, 0.1745327115058899, 1.2746963500976562, 0.8657850027084351, 0.8718546032905579, 0.8718546032905579, 0.6884205937385559, '01:19']
[33, 0.42796584963798523, 0.4548031985759735, 0.9875438809394836, 0.09222688525915146, 0.17621316015720367, 1.4686896800994873, 0.8323594927787781, 0.8422218561172485, 0.8422218561172485, 1.7504044771194458, '01:17']
[34, 0.4251464903354645, 0.45607438683509827, 0.9905900359153748, 0.0878978744149208, 0.17466606199741364, 1.2640069723129272, 0.8419762849807739, 0.8531205654144287, 0.8531205654144287, 0.6970621347427368, '01:17']
[35, 0.4328272342681885, 0.4570659399032593, 0.991899847984314, 0.08280380070209503, 0.17396125197410583, 1.1659085750579834, 0.850533127784729, 0.8629468679428101, 0.8629468679428101, 0.35209333896636963, '01:17']
[36, 0.43683451414108276, 0.4408493638038635, 0.9885873198509216, 0.1056627631187439, 0.17582891881465912, 1.453088641166687, 0.8126850128173828, 0.823982834815979, 0.823982834815979, 1.6017473936080933, '01:17']
[37, 0.4288604259490967, 0.4573418200016022, 0.9868404269218445, 0.09083729237318039, 0.17677374184131622, 1.454506516456604, 0.8297369480133057, 0.8446701169013977, 0.8446701169013977, 1.8357514142990112, '01:16']
[38, 0.43950921297073364, 0.4531823694705963, 0.9841983318328857, 0.09580418467521667, 0.1782877892255783, 1.5811091661453247, 0.816947340965271, 0.8377963304519653, 0.8377963304519653, 3.022190809249878, '01:17']
[39, 0.4216586649417877, 0.4501791298389435, 0.9900129437446594, 0.09305167198181152, 0.175058051943779, 1.3543096780776978, 0.8342506289482117, 0.8444783687591553, 0.8444783687591553, 1.0344085693359375, '01:17']
[40, 0.43562933802604675, 0.46495917439460754, 0.9837782979011536, 0.08422660082578659, 0.17833292484283447, 1.5790152549743652, 0.8359511494636536, 0.8541674017906189, 0.8541674017906189, 3.265578031539917, '01:17']
[41, 0.42926448583602905, 0.4482024013996124, 0.9899450540542603, 0.09704689681529999, 0.1750820428133011, 1.3516559600830078, 0.8313772082328796, 0.8396761417388916, 0.8396761417388916, 0.9997497200965881, '01:17']
[42, 0.4235408306121826, 0.4634455740451813, 0.9906153678894043, 0.07886835932731628, 0.17463408410549164, 1.2671633958816528, 0.8608325123786926, 0.8691540956497192, 0.8691540956497192, 0.6883776783943176, '01:17']
[43, 0.43574774265289307, 0.4497528076171875, 0.9911518096923828, 0.09411927312612534, 0.1744273453950882, 1.2592806816101074, 0.838257908821106, 0.8473299145698547, 0.8473299145698547, 0.6320520639419556, '01:17']
[44, 0.4304913282394409, 0.4493255019187927, 0.9916059374809265, 0.09423945844173431, 0.17411555349826813, 1.2392957210540771, 0.831034243106842, 0.8437041640281677, 0.8437041640281677, 0.5632100701332092, '01:17']
[45, 0.42756032943725586, 0.45471131801605225, 0.9863008260726929, 0.094690702855587, 0.17698287963867188, 1.500599980354309, 0.8266476988792419, 0.8381784558296204, 0.8381784558296204, 1.8759369850158691, '01:19']
No improvement since epoch 36: early stopping
----------
4
----------
DLS create!
[0, 0.5181280970573425, 0.5055961608886719, 0.9904560446739197, 0.0002794161846395582, 0.18193623423576355, 1.3550208806991577, 0.951067328453064, 0.9398150444030762, 0.9398150444030762, inf, '01:17']
[1, 0.4998568296432495, 0.48929592967033386, 0.9799262881278992, 0.06270327419042587, 0.17987701296806335, 1.5475457906723022, 0.9123177528381348, 0.9036319851875305, 0.9036319851875305, inf, '01:17']
[2, 0.490436851978302, 0.4936797022819519, 0.9817943572998047, 0.05295445770025253, 0.1779487580060959, 1.5410360097885132, 0.915305495262146, 0.9057124853134155, 0.9057124853134155, inf, '01:17']
[3, 0.4898773431777954, 0.4894394874572754, 0.9816347360610962, 0.05966915190219879, 0.17820192873477936, 1.5633068084716797, 0.9015204310417175, 0.8945189714431763, 0.8945189714431763, inf, '01:17']
[4, 0.48524877429008484, 0.4850054085254669, 0.9852384924888611, 0.06417959183454514, 0.1767278015613556, 1.4722188711166382, 0.8998148441314697, 0.8902848362922668, 0.8902848362922668, inf, '01:17']
[5, 0.484864741563797, 0.4696859121322632, 0.9858493804931641, 0.08471623063087463, 0.17669309675693512, 1.4530085325241089, 0.878743052482605, 0.8712367415428162, 0.8712367415428162, inf, '01:17']
[6, 0.47964853048324585, 0.5412315726280212, 0.9470962882041931, 0.04669973999261856, 0.19551396369934082, 1.8231334686279297, 0.8959799408912659, 0.9102008938789368, 0.9102008938789368, inf, '01:17']
[7, 0.47383129596710205, 0.48892706632614136, 0.9888371825218201, 0.05573253706097603, 0.174493670463562, 1.3036231994628906, 0.9038509130477905, 0.8996251225471497, 0.8996251225471497, inf, '01:17']
[8, 0.47370707988739014, 0.5014470219612122, 0.9733285307884216, 0.05709252506494522, 0.18247200548648834, 1.689200520515442, 0.8919611573219299, 0.8924512267112732, 0.8924512267112732, inf, '01:17']
[9, 0.4738304316997528, 0.46770209074020386, 0.9825414419174194, 0.08874215185642242, 0.17797040939331055, 1.5505636930465698, 0.852380633354187, 0.8484989404678345, 0.8484989404678345, inf, '01:17']
[10, 0.47299206256866455, 0.478998601436615, 0.9897672533988953, 0.0689687505364418, 0.1741672307252884, 1.1983442306518555, 0.8892713189125061, 0.8867114186286926, 0.8867114186286926, inf, '01:17']
[11, 0.4654119312763214, 0.4599303603172302, 0.9839133024215698, 0.09426779299974442, 0.17733857035636902, 1.5270198583602905, 0.8388884663581848, 0.8385865092277527, 0.8385865092277527, inf, '01:17']
[12, 0.4558223485946655, 0.4581683874130249, 0.9883219599723816, nan, 0.17497241497039795, 1.2786784172058105, 0.8441994190216064, 0.8395430445671082, 0.8395430445671082, nan, '01:17']
[13, 0.462179571390152, 0.46045398712158203, 0.9867367744445801, 0.09488537162542343, 0.17576193809509277, 1.4318889379501343, 0.8341019749641418, 0.8320026397705078, 0.8320026397705078, inf, '01:17']
[14, 0.4518205523490906, 0.4657992422580719, 0.9797044396400452, 0.09348571300506592, 0.17958767712116241, 1.6258867979049683, 0.8301383256912231, 0.8371452689170837, 0.8371452689170837, inf, '01:19']
[15, 0.45860156416893005, 0.4588216543197632, 0.9809606075286865, 0.10073993355035782, 0.17892906069755554, 1.5338927507400513, 0.8322286605834961, 0.8334200978279114, 0.8334200978279114, inf, '01:17']
[16, 0.4481501877307892, 0.4665624499320984, 0.978426456451416, 0.09540882706642151, 0.1802104413509369, 1.6329542398452759, 0.8223570585250854, 0.8322350382804871, 0.8322350382804871, inf, '01:17']
[17, 0.4460175037384033, 0.44277262687683105, 0.9868699312210083, 0.11629673093557358, 0.17587240040302277, 1.4030771255493164, 0.8116872906684875, 0.8081049919128418, 0.8081049919128418, inf, '01:17']
[18, 0.451398104429245, 0.45436540246009827, 0.9849814772605896, 0.10132641345262527, 0.1766868382692337, 1.4986149072647095, 0.8314386606216431, 0.8251085877418518, 0.8251085877418518, inf, '01:19']
[19, 0.45034047961235046, 0.44955697655677795, 0.988494336605072, nan, 0.17490017414093018, 1.2879345417022705, 0.8283799290657043, 0.8233674764633179, 0.8233674764633179, nan, '01:17']
[20, 0.4433138072490692, 0.4330967962741852, 0.9880756139755249, 0.12533581256866455, 0.17523379623889923, 1.377199411392212, 0.7899582982063293, 0.7902680039405823, 0.7902680039405823, inf, '01:17']
[21, 0.44710972905158997, 0.4941898286342621, 0.9899356365203857, 0.04435482993721962, 0.17385900020599365, 1.1432342529296875, 0.9092658162117004, 0.9130117893218994, 0.9130117893218994, inf, '01:17']
[22, 0.451365202665329, 0.48159369826316833, 0.981082022190094, 0.07700012624263763, 0.1789781004190445, 1.5736758708953857, 0.8682936429977417, 0.8687868118286133, 0.8687868118286133, inf, '01:17']
[23, 0.44542235136032104, 0.4370322525501251, 0.9882423281669617, 0.12268567830324173, 0.1750815063714981, 1.3596824407577515, 0.8038002848625183, 0.7985227704048157, 0.7985227704048157, inf, '01:17']
[24, 0.44977718591690063, 0.4374667704105377, 0.9861548542976379, 0.12126093357801437, 0.17624855041503906, 1.4708048105239868, 0.7958424687385559, 0.7981234788894653, 0.7981234788894653, inf, '01:16']
[25, 0.4391314387321472, 0.4293205440044403, 0.9856504201889038, 0.13211870193481445, 0.17653034627437592, 1.4948794841766357, 0.7774905562400818, 0.779161810874939, 0.779161810874939, inf, '01:17']
[26, 0.4504944384098053, 0.4361828863620758, 0.9857833981513977, 0.12070657312870026, 0.17673209309577942, 1.5087690353393555, 0.7962591648101807, 0.7991411685943604, 0.7991411685943604, inf, '01:17']
[27, 0.4346831738948822, 0.4294053614139557, 0.9874458312988281, 0.13124728202819824, 0.17558811604976654, 1.4220150709152222, 0.7833485007286072, 0.7819899320602417, 0.7819899320602417, inf, '01:17']
[28, 0.44419094920158386, 0.43949589133262634, 0.9824302196502686, 0.1242508515715599, 0.17830799520015717, 1.5925943851470947, 0.7778046131134033, 0.7876172661781311, 0.7876172661781311, inf, '01:17']
[29, 0.4297580122947693, 0.45335015654563904, 0.9817874431610107, 0.10820431262254715, 0.17856910824775696, 1.6015467643737793, 0.800045371055603, 0.8097015619277954, 0.8097015619277954, inf, '01:17']
[30, 0.4436565935611725, 0.4272840917110443, 0.9861009120941162, 0.13167838752269745, 0.17622528970241547, 1.48147714138031, 0.7781643271446228, 0.7803762555122375, 0.7803762555122375, inf, '01:17']
[31, 0.43605464696884155, 0.42245423793792725, 0.9884425401687622, 0.14027108252048492, 0.17500624060630798, 1.3603678941726685, 0.7748913168907166, 0.7724533081054688, 0.7724533081054688, inf, '01:17']
[32, 0.43850165605545044, 0.43043604493141174, 0.986336350440979, 0.12929299473762512, 0.17619018256664276, 1.4549368619918823, 0.7859371304512024, 0.7858838438987732, 0.7858838438987732, inf, '01:17']
[33, 0.44200292229652405, 0.42944854497909546, 0.9873570203781128, 0.13066425919532776, 0.17564304172992706, 1.4231598377227783, 0.7856629490852356, 0.7854681015014648, 0.7854680418968201, inf, '01:17']
[34, 0.435443252325058, 0.45416849851608276, 0.9896683096885681, 0.09824797511100769, 0.17416636645793915, 1.2342350482940674, 0.8359209895133972, 0.8349549174308777, 0.8349549174308777, inf, '01:17']
[35, 0.44091320037841797, 0.42967119812965393, 0.9874484539031982, 0.125716894865036, 0.17558220028877258, 1.4306559562683105, 0.7819114923477173, 0.7857785224914551, 0.7857785224914551, inf, '01:17']
[36, 0.42946162819862366, 0.4338235557079315, 0.9846713542938232, 0.12770752608776093, 0.17703859508037567, 1.5216078758239746, 0.7794738411903381, 0.7828445434570312, 0.7828445434570312, inf, '01:17']
[37, 0.43687811493873596, 0.4362649917602539, 0.985992968082428, 0.12303554266691208, 0.17641134560108185, 1.4468694925308228, 0.7921072840690613, 0.7952674627304077, 0.7952674627304077, inf, '01:17']
[38, 0.4440024495124817, 0.42497724294662476, 0.9874560832977295, 0.1312166452407837, 0.1755593717098236, 1.416046380996704, 0.7771021723747253, 0.7788549661636353, 0.7788549661636353, inf, '01:17']
[39, 0.4386973977088928, 0.43478408455848694, 0.9837839603424072, 0.12273412942886353, 0.17767350375652313, 1.5290037393569946, 0.7818414568901062, 0.788486897945404, 0.788486897945404, inf, '01:17']
[40, 0.44066542387008667, 0.4161025881767273, 0.9882151484489441, 0.1492023915052414, 0.17523165047168732, 1.374104619026184, 0.7616575360298157, 0.7609548568725586, 0.7609548568725586, inf, '01:17']
[41, 0.43113693594932556, 0.45415443181991577, 0.9801394939422607, 0.10756046324968338, 0.1794021874666214, 1.6170822381973267, 0.8035585284233093, 0.8134153485298157, 0.8134153485298157, inf, '01:17']
[42, 0.427402526140213, 0.43501436710357666, 0.9853728413581848, 0.1274089813232422, 0.17661145329475403, 1.4969106912612915, 0.7868457436561584, 0.7854351997375488, 0.7854351997375488, inf, '01:17']
[43, 0.4308607578277588, 0.4169703423976898, 0.9860410690307617, 0.14785532653331757, 0.176624596118927, 1.4975367784500122, 0.758602499961853, 0.7608334422111511, 0.7608334422111511, inf, '01:17']
[44, 0.43393343687057495, 0.42474067211151123, 0.9883671998977661, 0.13509710133075714, 0.17506064474582672, 1.3738489151000977, 0.774698793888092, 0.7749040126800537, 0.7749038934707642, inf, '01:17']
[45, 0.43786823749542236, 0.4246841371059418, 0.9838804006576538, 0.1364039182662964, 0.1777123063802719, 1.5450559854507446, 0.7626053690910339, 0.7693359851837158, 0.7693359851837158, inf, '01:17']
[46, 0.44161346554756165, 0.44059404730796814, 0.9880272150039673, 0.11744745075702667, 0.1751539558172226, 1.3267543315887451, 0.8026832342147827, 0.8049640655517578, 0.8049640655517578, inf, '01:17']
[47, 0.43381714820861816, 0.42531609535217285, 0.9886144399642944, 0.13335451483726501, 0.17484255135059357, 1.342360258102417, 0.7812311053276062, 0.7838388681411743, 0.7838388681411743, inf, '01:17']
[48, 0.4263128638267517, 0.41488271951675415, 0.9889442324638367, 0.15002939105033875, 0.17490364611148834, 1.368618130683899, 0.7577861547470093, 0.760137677192688, 0.760137677192688, inf, '01:17']
[49, 0.436684787273407, 0.4183647930622101, 0.9889071583747864, 0.14258411526679993, 0.17480355501174927, 1.332518219947815, 0.7658321261405945, 0.7682647109031677, 0.7682647109031677, inf, '01:17']
[50, 0.43717819452285767, 0.424752414226532, 0.9843183755874634, 0.13706189393997192, 0.17725367844104767, 1.525432825088501, 0.7665355801582336, 0.7724593877792358, 0.7724593877792358, inf, '01:17']
[51, 0.4288421869277954, 0.4236910343170166, 0.9887229800224304, 0.13822880387306213, 0.1748420149087906, 1.3647123575210571, 0.7721750140190125, 0.7698661088943481, 0.7698661088943481, inf, '01:17']
[52, 0.4384824335575104, 0.4306694269180298, 0.9825889468193054, 0.13519775867462158, 0.1784249097108841, 1.563081979751587, 0.7760952711105347, 0.7820562124252319, 0.7820562124252319, inf, '01:17']
[53, 0.4333169460296631, 0.4318525493144989, 0.9897478222846985, 0.12965285778045654, 0.17428553104400635, 1.252319097518921, 0.7864671349525452, 0.7895042300224304, 0.7895042300224304, inf, '01:17']
[54, 0.4304244816303253, 0.4197692275047302, 0.9887984991073608, 0.1447969377040863, 0.17486876249313354, 1.3228012323379517, 0.7633607983589172, 0.7625235319137573, 0.7625235319137573, inf, '01:17']
[55, 0.4216587543487549, 0.4258020222187042, 0.9891397953033447, 0.13451062142848969, 0.1746778041124344, 1.303759217262268, 0.7743328809738159, 0.7780956029891968, 0.7780956029891968, inf, '01:17']
[56, 0.4223608076572418, 0.4237655699253082, 0.9889457821846008, 0.13899478316307068, 0.17477835714817047, 1.3148266077041626, 0.7745668292045593, 0.7752454876899719, 0.7752454876899719, inf, '01:17']
[57, 0.4283980429172516, 0.43439528346061707, 0.9893189668655396, 0.1260000467300415, 0.17449255287647247, 1.2939603328704834, 0.7917639017105103, 0.7913044095039368, 0.7913044095039368, inf, '01:17']
No improvement since epoch 48: early stopping
MAnet_incv4 Done!
