Models will save to MAnet_effb7_x
Use efficientnet-b7 encoder
Start training...
----------
0
----------
DLS create!
[0, 0.5171112418174744, 0.513792872428894, 0.9937458038330078, 0.0, 0.1789887249469757, 1.128026008605957, 0.9916119575500488, 0.984657347202301, 0.984657347202301, 0.0, '02:15']
[1, 0.5025690793991089, 0.5116340517997742, 0.9936857223510742, 0.002392726019024849, 0.17414790391921997, 1.0791717767715454, 0.9882781505584717, 0.9861620664596558, 0.9861620664596558, 0.027632616460323334, '02:14']
[2, 0.49527984857559204, 0.5110527276992798, 0.9610273241996765, 0.04305024817585945, 0.18897947669029236, 1.7723780870437622, 0.9092063307762146, 0.9281784892082214, 0.9281784892082214, 13.313136100769043, '02:14']
[3, 0.49155551195144653, 0.47129711508750916, 0.9916844367980957, 0.06656519323587418, 0.17469051480293274, 1.3385429382324219, 0.8982723355293274, 0.8996977806091309, 0.8996977806091309, 0.9303309321403503, '02:14']
[4, 0.48477476835250854, 0.4811300039291382, 0.9859333038330078, 0.05865351855754852, 0.17753247916698456, 1.5748776197433472, 0.8927583694458008, 0.8993784785270691, 0.8993784785270691, 3.1810195446014404, '02:13']
[5, 0.47697871923446655, 0.5312286019325256, 0.9706063270568848, 0.048504266887903214, 0.18493734300136566, 1.6686517000198364, 0.8981873393058777, 0.9147506356239319, 0.9147506356239319, 7.394161701202393, '02:14']
[6, 0.47362658381462097, 0.4745704233646393, 0.9792715907096863, 0.07276662439107895, 0.18097910284996033, 1.6636959314346313, 0.8582715392112732, 0.8789728879928589, 0.8789728879928589, 4.524802207946777, '02:13']
[7, 0.45870089530944824, 0.4625621736049652, 0.982212483882904, 0.08099084347486496, 0.1794128715991974, 1.6378014087677002, 0.8491877317428589, 0.8662803173065186, 0.8662803173065186, 4.275733470916748, '02:14']
[8, 0.45922306180000305, 0.4441606104373932, 0.9900301098823547, 0.09775938093662262, 0.17566634714603424, 1.4321810007095337, 0.8384315967559814, 0.8452170491218567, 0.8452170491218567, 1.507183313369751, '02:14']
[9, 0.45803287625312805, 0.4569249451160431, 0.9837086796760559, 0.09264262765645981, 0.17891304194927216, 1.5749276876449585, 0.8379561305046082, 0.8523555994033813, 0.8523555994033813, 3.3714120388031006, '02:14']
[10, 0.46562764048576355, 0.48191165924072266, 0.9771549105644226, 0.07018420100212097, 0.18196918070316315, 1.7096660137176514, 0.8596562743186951, 0.8799706101417542, 0.8799706101417542, 5.632252216339111, '02:14']
[11, 0.46936166286468506, 0.4800575375556946, 0.9754844903945923, 0.07863779366016388, 0.18289008736610413, 1.711479902267456, 0.8418421745300293, 0.8662340044975281, 0.8662340044975281, 5.742562294006348, '02:13']
[12, 0.47070226073265076, 0.4922788143157959, 0.9715979695320129, 0.06854697316884995, 0.18491898477077484, 1.7672438621520996, 0.8475858569145203, 0.8813814520835876, 0.8813815712928772, 8.364049911499023, '02:13']
[13, 0.46447208523750305, 0.4455938935279846, 0.9899486303329468, 0.0966264083981514, 0.17572133243083954, 1.4632117748260498, 0.8365364670753479, 0.8433368802070618, 0.8433368802070618, 1.647150993347168, '02:13']
[14, 0.45389533042907715, 0.44746798276901245, 0.991703450679779, 0.0919714942574501, 0.17475809156894684, 1.338821530342102, 0.8479517102241516, 0.8545230031013489, 0.8545230031013489, 0.9753151535987854, '02:14']
[15, 0.45645955204963684, 0.4761523902416229, 0.9750149846076965, 0.07776651531457901, 0.1831032782793045, 1.726656198501587, 0.8411048054695129, 0.8687447309494019, 0.8687447309494019, 6.802319526672363, '02:14']
[16, 0.4568973481655121, 0.44693708419799805, 0.9863660931587219, 0.09944803267717361, 0.1776094138622284, 1.5659784078598022, 0.8202855587005615, 0.8345668911933899, 0.8345668911933899, 3.158067226409912, '02:13']
[17, 0.45975688099861145, 0.43871355056762695, 0.9887836575508118, 0.10707021504640579, 0.17630243301391602, 1.4983266592025757, 0.818418025970459, 0.8280648589134216, 0.8280648589134216, 2.1408488750457764, '02:14']
[18, 0.45135489106178284, 0.4529225528240204, 0.9906496405601501, 0.08828993886709213, 0.17565277218818665, 1.3314251899719238, 0.856404185295105, 0.8650954365730286, 0.8650954365730286, 1.1411278247833252, '02:13']
[19, 0.4585159122943878, 0.43832552433013916, 0.9859192371368408, 0.10902699083089828, 0.17788729071617126, 1.6045728921890259, 0.8121544122695923, 0.8288436532020569, 0.8288435935974121, 3.5180439949035645, '02:13']
[20, 0.4521290063858032, 0.44202521443367004, 0.9925315976142883, 0.0985228419303894, 0.17428754270076752, 1.3082915544509888, 0.8337010145187378, 0.8418251872062683, 0.8418251872062683, 0.8293977379798889, '02:14']
[21, 0.4520255923271179, 0.48400282859802246, 0.9712132811546326, 0.07725244760513306, 0.18535007536411285, 1.7867622375488281, 0.8222501277923584, 0.8654686808586121, 0.8654686808586121, 8.08656120300293, '02:14']
[22, 0.4579605460166931, 0.4303887188434601, 0.9921745657920837, 0.11363211274147034, 0.1746811866760254, 1.3649753332138062, 0.816792368888855, 0.8220357894897461, 0.8220357894897461, 1.0926991701126099, '02:13']
[23, 0.4496380388736725, 0.4583018124103546, 0.9787914752960205, 0.09174159914255142, 0.18122459948062897, 1.6703839302062988, 0.8222712874412537, 0.8483104109764099, 0.8483104109764099, 4.840971946716309, '02:13']
[24, 0.4505634307861328, 0.43184489011764526, 0.9883891940116882, 0.11600364744663239, 0.17661738395690918, 1.5616891384124756, 0.7971103191375732, 0.8090732097625732, 0.8090732097625732, 2.5959277153015137, '02:14']
[25, 0.45481953024864197, 0.43416351079940796, 0.9924153089523315, 0.10959548503160477, 0.17457053065299988, 1.2985162734985352, 0.8228858709335327, 0.830407977104187, 0.830407977104187, 0.8346673250198364, '02:13']
[26, 0.44744873046875, 0.44237613677978516, 0.9870878458023071, 0.1023370772600174, 0.1772940754890442, 1.5033916234970093, 0.817499577999115, 0.8346589803695679, 0.8346589803695679, 2.2865493297576904, '02:14']
[27, 0.43754544854164124, 0.429656982421875, 0.9924529194831848, 0.115244559943676, 0.17444849014282227, 1.3231958150863647, 0.8097256422042847, 0.8174806237220764, 0.8174806237220764, 0.9678466320037842, '02:14']
[28, 0.4402046501636505, 0.43857112526893616, 0.9898895025253296, 0.10883773118257523, 0.17588838934898376, 1.381546974182129, 0.8124666213989258, 0.8255323767662048, 0.8255323767662048, 1.3602650165557861, '02:14']
[29, 0.43618905544281006, 0.44526585936546326, 0.9916675090789795, 0.097538061439991, 0.17483220994472504, 1.3792890310287476, 0.8310971260070801, 0.8401861190795898, 0.8401861190795898, 1.1503347158432007, '02:14']
[30, 0.44721880555152893, 0.4527137577533722, 0.9830690622329712, 0.09762802720069885, 0.17956139147281647, 1.666385531425476, 0.8177559971809387, 0.8416870832443237, 0.8416870832443237, 4.477890968322754, '02:13']
[31, 0.4580248296260834, 0.4396354556083679, 0.9877462387084961, 0.11037031561136246, 0.17722640931606293, 1.5336289405822754, 0.8094507455825806, 0.8271390199661255, 0.8271390199661255, 2.2988178730010986, '02:14']
[32, 0.4485296308994293, 0.44107070565223694, 0.9842411279678345, 0.11282679438591003, 0.17905478179454803, 1.6526196002960205, 0.8007669448852539, 0.8233296871185303, 0.8233296871185303, 5.024555206298828, '02:14']
[33, 0.45035451650619507, 0.44962918758392334, 0.9834902882575989, 0.09744331240653992, 0.1793121099472046, 1.6407718658447266, 0.8214484453201294, 0.8442490100860596, 0.8442490100860596, 3.857787609100342, '02:13']
[34, 0.43977606296539307, 0.4528769552707672, 0.9921221733093262, 0.0846465602517128, 0.17456835508346558, 1.2503985166549683, 0.8435916304588318, 0.8607913851737976, 0.8607913851737976, 0.6896902918815613, '02:13']
[35, 0.4372626841068268, 0.4220355749130249, 0.9901129603385925, 0.12561671435832977, 0.17575407028198242, 1.4820621013641357, 0.7858583331108093, 0.7981030344963074, 0.7981030344963074, 1.9243528842926025, '02:14']
[36, 0.4425283670425415, 0.4288019835948944, 0.992012083530426, 0.11551328003406525, 0.17479340732097626, 1.3515340089797974, 0.8103153705596924, 0.8187987208366394, 0.8187987208366394, 1.0171490907669067, '02:13']
[37, 0.4416036009788513, 0.43883341550827026, 0.9910200238227844, 0.10219357162714005, 0.17519010603427887, 1.4093375205993652, 0.8258828520774841, 0.8334023356437683, 0.8334023356437683, 1.467660665512085, '02:14']
[38, 0.446295827627182, 0.4296269118785858, 0.991320013999939, 0.11503306776285172, 0.1750490367412567, 1.4252265691757202, 0.8069952726364136, 0.8150946497917175, 0.8150946497917175, 1.519276738166809, '02:14']
[39, 0.45124584436416626, 0.459575891494751, 0.9784102439880371, 0.09546006470918655, 0.1818951815366745, 1.7226982116699219, 0.8050837516784668, 0.8400362730026245, 0.8400362133979797, 6.296978950500488, '02:13']
[40, 0.4448430836200714, 0.42748793959617615, 0.9908977746963501, 0.11657601594924927, 0.17532701790332794, 1.437305212020874, 0.8016817569732666, 0.810242772102356, 0.810242772102356, 1.5305025577545166, '02:14']
[41, 0.45211896300315857, 0.422982394695282, 0.9910303950309753, 0.12597452104091644, 0.17538435757160187, 1.4278875589370728, 0.7935792207717896, 0.8026918768882751, 0.8026918768882751, 1.3989912271499634, '02:14']
[42, 0.438260942697525, 0.4330466389656067, 0.9917522072792053, 0.11119328439235687, 0.17480599880218506, 1.3717117309570312, 0.8132158517837524, 0.821374773979187, 0.821374773979187, 1.1549116373062134, '02:13']
[43, 0.4384022057056427, 0.5046189427375793, 0.962161123752594, 0.07265857607126236, 0.19022871553897858, 1.8250360488891602, 0.8237238526344299, 0.8745352029800415, 0.8745352029800415, 12.005516052246094, '02:13']
[44, 0.44459179043769836, 0.4270767271518707, 0.9897664189338684, 0.12001913785934448, 0.17597660422325134, 1.4843878746032715, 0.7962260842323303, 0.8076441287994385, 0.8076441287994385, 1.928884744644165, '02:14']
No improvement since epoch 35: early stopping
----------
1
----------
DLS create!
[0, 0.516230046749115, 0.5152449607849121, 0.9931315183639526, nan, 0.17617438733577728, 1.0945550203323364, 0.9954501390457153, 0.9691527485847473, 0.9691527485847473, nan, '02:14']
[1, 0.49869394302368164, 0.5199286937713623, 0.9931221604347229, 0.0004232965293340385, 0.17371004819869995, 1.0528316497802734, 0.9947221279144287, 0.9735962748527527, 0.9735962748527527, inf, '02:14']
[2, 0.49121612310409546, 0.4923452138900757, 0.988515317440033, 0.0424116849899292, 0.1758299171924591, 1.528123378753662, 0.9278026223182678, 0.9106773138046265, 0.9106773138046265, inf, '02:15']
[3, 0.48286405205726624, 0.5085852146148682, 0.9596619009971619, 0.05139593780040741, 0.1892050951719284, 1.7911120653152466, 0.8885044455528259, 0.8935114145278931, 0.8935114145278931, inf, '02:14']
[4, 0.47544386982917786, 0.4729383885860443, 0.9907526969909668, 0.06348863244056702, 0.174825519323349, 1.4351047277450562, 0.8884444236755371, 0.8752519488334656, 0.8752519488334656, inf, '02:14']
[5, 0.4717211425304413, 0.4598856568336487, 0.9907367825508118, 0.08044100552797318, 0.1748468428850174, 1.456404209136963, 0.8633687496185303, 0.8524500131607056, 0.8524500131607056, inf, '02:14']
[6, 0.4783557653427124, 0.45500174164772034, 0.9877488613128662, 0.0893096849322319, 0.17648501694202423, 1.5883897542953491, 0.8438790440559387, 0.8353816866874695, 0.8353816866874695, inf, '02:14']
[7, 0.4758250117301941, 0.5741759538650513, 0.9354237914085388, 0.036286287009716034, 0.20178218185901642, 1.8916267156600952, 0.899922251701355, 0.912900447845459, 0.912900447845459, inf, '02:14']
[8, 0.4655318856239319, 0.4440062940120697, 0.9891340732574463, 0.1033751592040062, 0.17586275935173035, 1.5253559350967407, 0.8298554420471191, 0.8189488053321838, 0.8189488053321838, inf, '02:15']
[9, 0.46214842796325684, 0.45106440782546997, 0.9923205971717834, 0.09490249305963516, 0.17407171428203583, 1.3120735883712769, 0.8450050950050354, 0.8356577754020691, 0.8356577754020691, inf, '02:14']
[10, 0.4618395268917084, 0.4652768075466156, 0.9910445809364319, 0.0738765150308609, 0.1746693104505539, 1.4334098100662231, 0.8763800859451294, 0.8629733324050903, 0.8629733324050903, inf, '02:14']
[11, 0.46267592906951904, 0.4394502341747284, 0.9911248683929443, 0.10690397769212723, 0.17483006417751312, 1.4611557722091675, 0.8249604105949402, 0.812334418296814, 0.812334418296814, inf, '02:14']
[12, 0.4676399827003479, 0.4528455436229706, 0.9929994940757751, 0.0902390107512474, 0.17379644513130188, 1.2525606155395508, 0.8521198630332947, 0.8445605039596558, 0.8445605039596558, inf, '02:14']
[13, 0.45703476667404175, 0.47406262159347534, 0.993135929107666, 0.06374163925647736, 0.1735733449459076, 1.1556813716888428, 0.8829507231712341, 0.8806644678115845, 0.8806644678115845, inf, '02:14']
[14, 0.44980400800704956, 0.48841390013694763, 0.9919986128807068, 0.05508923530578613, 0.17407868802547455, 1.357155442237854, 0.8962653279304504, 0.887997567653656, 0.887997567653656, inf, '02:14']
[15, 0.46219220757484436, 0.4397813081741333, 0.9900906085968018, 0.10773768275976181, 0.17518308758735657, 1.4905513525009155, 0.8235235214233398, 0.8121789693832397, 0.8121789693832397, inf, '02:14']
[16, 0.46397510170936584, 0.44992807507514954, 0.9839090704917908, 0.09899362921714783, 0.17859528958797455, 1.6556147336959839, 0.8188253045082092, 0.818209707736969, 0.8182098269462585, inf, '02:14']
[17, 0.4558159112930298, 0.45769360661506653, 0.991399347782135, 0.08693568408489227, 0.1745816320180893, 1.3866066932678223, 0.8583656549453735, 0.8460504412651062, 0.8460504412651062, inf, '02:14']
[18, 0.45198994874954224, 0.4629841148853302, 0.9923637509346008, 0.07599447667598724, 0.17405889928340912, 1.2824372053146362, 0.863530695438385, 0.8558940887451172, 0.8558940887451172, inf, '02:14']
[19, 0.4538154602050781, 0.43616652488708496, 0.9884496927261353, 0.11110761761665344, 0.17638419568538666, 1.5616353750228882, 0.8060799241065979, 0.7994874119758606, 0.7994874119758606, inf, '02:15']
[20, 0.4486052691936493, 0.4725005328655243, 0.9715652465820312, 0.08630131185054779, 0.1847885549068451, 1.7856355905532837, 0.8217703700065613, 0.8345763683319092, 0.8345763683319092, inf, '02:14']
[21, 0.45365026593208313, 0.4464436173439026, 0.9915021657943726, 0.09448201209306717, 0.174612894654274, 1.4070591926574707, 0.8342716693878174, 0.8263646960258484, 0.8263646960258484, inf, '02:14']
[22, 0.46092718839645386, 0.46487197279930115, 0.9931392073631287, 0.07216417044401169, 0.17355909943580627, 1.1652567386627197, 0.8591257929801941, 0.8626512885093689, 0.8626512885093689, inf, '02:14']
[23, 0.4538194239139557, 0.4442847967147827, 0.9872698783874512, 0.09989835321903229, 0.17687302827835083, 1.6032419204711914, 0.8237875699996948, 0.8168874979019165, 0.8168874979019165, inf, '02:14']
[24, 0.45126914978027344, 0.43898001313209534, 0.9850395917892456, 0.11217176914215088, 0.17813119292259216, 1.6680481433868408, 0.800826907157898, 0.7969663739204407, 0.7969663739204407, inf, '02:14']
[25, 0.4458944797515869, 0.43184077739715576, 0.988247811794281, 0.11537449061870575, 0.1763850897550583, 1.5743021965026855, 0.8046329617500305, 0.7957100868225098, 0.7957100868225098, inf, '02:14']
[26, 0.44381216168403625, 0.43834537267684937, 0.9916519522666931, 0.10570628941059113, 0.1745578646659851, 1.4153697490692139, 0.8205477595329285, 0.8103301525115967, 0.8103301525115967, inf, '02:14']
[27, 0.4463372230529785, 0.4316795766353607, 0.9911729097366333, 0.11362795531749725, 0.1749049872159958, 1.4362473487854004, 0.8111439347267151, 0.7992963194847107, 0.7992963194847107, inf, '02:15']
[28, 0.44598013162612915, 0.43030545115470886, 0.9880445599555969, 0.11839411407709122, 0.17660795152187347, 1.5874582529067993, 0.7974570989608765, 0.7908081412315369, 0.7908081412315369, inf, '02:14']
[29, 0.4493323266506195, 0.4261484146118164, 0.9889355897903442, 0.12268023937940598, 0.176226407289505, 1.5495359897613525, 0.7961637377738953, 0.7865257859230042, 0.7865257859230042, inf, '02:15']
[30, 0.44424813985824585, 0.4293782114982605, 0.9875907301902771, 0.1203649491071701, 0.17687049508094788, 1.6178860664367676, 0.7868269085884094, 0.7839714884757996, 0.7839715480804443, inf, '02:14']
[31, 0.44445639848709106, 0.45494043827056885, 0.9910674095153809, 0.0866178423166275, 0.17492711544036865, 1.3490303754806519, 0.858672022819519, 0.8473913073539734, 0.8473913073539734, inf, '02:14']
[32, 0.4410557746887207, 0.4711226224899292, 0.973823606967926, 0.08775343000888824, 0.18381665647029877, 1.7815265655517578, 0.8098034262657166, 0.8296313881874084, 0.8296313881874084, inf, '02:13']
[33, 0.44960978627204895, 0.4235018789768219, 0.9907137751579285, 0.1287456601858139, 0.1752059906721115, 1.4859919548034668, 0.7963356971740723, 0.7853261828422546, 0.7853262424468994, inf, '02:14']
[34, 0.43906012177467346, 0.4735574722290039, 0.9762699604034424, 0.08367601037025452, 0.18250857293605804, 1.7650057077407837, 0.8225703239440918, 0.8365846276283264, 0.8365846276283264, inf, '02:14']
[35, 0.4517344534397125, 0.42877647280693054, 0.9875090718269348, 0.12597595155239105, 0.17717306315898895, 1.5921580791473389, 0.7971788644790649, 0.7912333607673645, 0.7912333607673645, inf, '02:14']
[36, 0.4562265872955322, 0.49118664860725403, 0.9674487709999084, 0.07477810978889465, 0.18684135377407074, 1.8126606941223145, 0.8292508721351624, 0.8513231873512268, 0.851323127746582, inf, '02:14']
[37, 0.45018061995506287, 0.46193698048591614, 0.9816597700119019, 0.09252633899450302, 0.17976409196853638, 1.6995213031768799, 0.8233136534690857, 0.8247504830360413, 0.8247504830360413, inf, '02:14']
[38, 0.44165584444999695, 0.4319451153278351, 0.9884888529777527, 0.1153646782040596, 0.1764766424894333, 1.5769381523132324, 0.8005568981170654, 0.7944172620773315, 0.7944172620773315, inf, '02:14']
[39, 0.44782325625419617, 0.433782160282135, 0.9908522367477417, 0.11256632953882217, 0.17496249079704285, 1.4547462463378906, 0.8077954649925232, 0.7969458699226379, 0.7969458699226379, inf, '02:14']
[40, 0.4339567720890045, 0.4517320990562439, 0.9928211569786072, 0.08712275326251984, 0.17386533319950104, 1.2471976280212402, 0.8399724364280701, 0.8366508483886719, 0.8366508483886719, inf, '02:13']
[41, 0.4429440498352051, 0.4606662690639496, 0.9810085296630859, 0.09098615497350693, 0.1802607625722885, 1.7414171695709229, 0.8109593391418457, 0.824759840965271, 0.824759840965271, inf, '02:14']
[42, 0.44763797521591187, 0.4444552958011627, 0.984733521938324, 0.10993876308202744, 0.17827005684375763, 1.5565159320831299, 0.8166109919548035, 0.807479739189148, 0.807479739189148, inf, '02:14']
No improvement since epoch 33: early stopping
----------
2
----------
DLS create!
[0, 0.5169717073440552, 0.5186648368835449, 0.9927894473075867, 0.0, 0.17634336650371552, 1.050618290901184, 0.999760091304779, 0.9938398599624634, 0.9938398599624634, 0.0, '02:14']
[1, 0.4953009784221649, 0.5024042725563049, 0.9840457439422607, 0.0333392471075058, 0.17821575701236725, 1.5288277864456177, 0.9491532444953918, 0.9518691301345825, 0.9518691897392273, 9.029354095458984, '02:14']
[2, 0.49506786465644836, 0.48740315437316895, 0.9891698360443115, 0.05115104466676712, 0.17557215690612793, 1.4441618919372559, 0.9225456714630127, 0.9273014664649963, 0.9273014664649963, 3.0833065509796143, '02:14']
[3, 0.4871475100517273, 0.49074652791023254, 0.9887959957122803, 0.04491470381617546, 0.17537379264831543, 1.4750339984893799, 0.9211656451225281, 0.9267600774765015, 0.9267600774765015, 3.5579566955566406, '02:14']
[4, 0.48342904448509216, 0.7555625438690186, 0.8319313526153564, 0.012159658595919609, 0.25222349166870117, 1.9365302324295044, 0.9764308929443359, 0.9770171642303467, 0.9770171642303467, 150.56117248535156, '02:14']
[5, 0.4894215166568756, 0.49494943022727966, 0.9772608280181885, 0.05162426829338074, 0.1813884675502777, 1.676466703414917, 0.907490611076355, 0.9236170649528503, 0.9236170649528503, 12.837631225585938, '02:15']
[6, 0.4768231511116028, 0.4817368686199188, 0.9867158532142639, 0.056978702545166016, 0.17676183581352234, 1.5775938034057617, 0.9001535177230835, 0.9087953567504883, 0.9087953567504883, 4.459437370300293, '02:14']
[7, 0.4741800129413605, 0.4819087088108063, 0.991936206817627, 0.05511294677853584, 0.1739727258682251, 1.282320261001587, 0.9048947691917419, 0.9142701625823975, 0.9142701625823975, 0.7914793491363525, '02:14']
[8, 0.47594377398490906, 0.5052664279937744, 0.9721890687942505, 0.04231927543878555, 0.18362213671207428, 1.7634330987930298, 0.9092881083488464, 0.927932858467102, 0.927932858467102, 15.845449447631836, '02:14']
[9, 0.47672051191329956, 0.4898032248020172, 0.9819572567939758, 0.05266852304339409, 0.1791679710149765, 1.6759229898452759, 0.9052072763442993, 0.9162414073944092, 0.9162414073944092, 9.22118091583252, '02:14']
[10, 0.46885284781455994, 0.476362943649292, 0.9842149615287781, 0.0660032257437706, 0.17794308066368103, 1.6446782350540161, 0.8726155757904053, 0.8895846605300903, 0.8895846605300903, 7.302881717681885, '02:15']
[11, 0.4678479731082916, 0.473846435546875, 0.9867151379585266, 0.06883176416158676, 0.1771172732114792, 1.6210951805114746, 0.8759946823120117, 0.891769528388977, 0.891769528388977, 5.175969123840332, '02:14']
[12, 0.46133553981781006, 0.48369911313056946, 0.9782270193099976, 0.06515636295080185, 0.18096913397312164, 1.723828911781311, 0.8644496202468872, 0.890261173248291, 0.890261173248291, 10.265825271606445, '02:14']
[13, 0.46532419323921204, 0.7350668907165527, 0.8579544425010681, 0.02060355246067047, 0.2405400574207306, 1.9426957368850708, 0.9276916980743408, 0.9613862633705139, 0.9613862633705139, 79.6295166015625, '02:15']
[14, 0.4600197374820709, 0.47209012508392334, 0.9918688535690308, 0.0691903606057167, 0.1740180104970932, 1.2840900421142578, 0.8828147649765015, 0.8909865617752075, 0.8909865617752075, 0.7259069085121155, '02:14']
[15, 0.4520608186721802, 0.4646361172199249, 0.9884402751922607, 0.07717588543891907, 0.17587445676326752, 1.5416415929794312, 0.8647515177726746, 0.8737770915031433, 0.8737770915031433, 2.9775211811065674, '02:14']
[16, 0.4654715955257416, 0.4630277752876282, 0.9872206449508667, 0.08013944327831268, 0.1766316294670105, 1.5955146551132202, 0.854125440120697, 0.8688925504684448, 0.8688925504684448, 3.3536317348480225, '02:14']
[17, 0.45024213194847107, 0.4657101035118103, 0.9845553636550903, 0.08134397119283676, 0.17792560160160065, 1.5942758321762085, 0.8504436016082764, 0.8656747937202454, 0.8656747937202454, 3.3429760932922363, '02:14']
[18, 0.45134133100509644, 0.4740663766860962, 0.9924882054328918, 0.06446150690317154, 0.1736389845609665, 1.2040225267410278, 0.8776065707206726, 0.8941327929496765, 0.8941327929496765, 0.4523077607154846, '02:14']
[19, 0.45782655477523804, 0.4792852997779846, 0.9799044132232666, 0.06777110695838928, 0.18040691316127777, 1.7145241498947144, 0.8693886399269104, 0.8917157649993896, 0.8917157649993896, 11.665762901306152, '02:14']
[20, 0.4382796883583069, 0.492418110370636, 0.977037787437439, 0.06375852227210999, 0.1816728562116623, 1.7415452003479004, 0.8689600825309753, 0.8906834721565247, 0.8906834721565247, 11.031657218933105, '02:14']
[21, 0.4510630667209625, 0.4630946218967438, 0.9899999499320984, 0.0780612900853157, 0.17518576979637146, 1.4318560361862183, 0.8682741522789001, 0.8764302730560303, 0.8764302730560303, 1.9410897493362427, '02:14']
[22, 0.46167999505996704, 0.4610808789730072, 0.9915086030960083, 0.07953751087188721, 0.174334317445755, 1.3485040664672852, 0.8682897090911865, 0.8754510879516602, 0.8754510879516602, 1.0745066404342651, '02:15']
[23, 0.4516041576862335, 0.48465314507484436, 0.9763233065605164, 0.06890322268009186, 0.18208038806915283, 1.757209062576294, 0.8471717238426208, 0.8820887207984924, 0.8820887207984924, 12.417035102844238, '02:14']
[24, 0.4520636200904846, 0.4616910517215729, 0.9840342402458191, 0.08577251434326172, 0.17838263511657715, 1.6597799062728882, 0.8364273309707642, 0.8606283068656921, 0.8606283068656921, 6.209819316864014, '02:14']
[25, 0.4455903172492981, 0.4644099175930023, 0.9901970624923706, 0.07912453263998032, 0.1750549077987671, 1.3316959142684937, 0.8745031952857971, 0.8783966898918152, 0.8783966898918152, 0.9452134370803833, '02:14']
[26, 0.4454694986343384, 0.4601433575153351, 0.9864926934242249, 0.08904945105314255, 0.17710696160793304, 1.516171932220459, 0.8448496460914612, 0.8566429018974304, 0.8566429018974304, 2.5135905742645264, '02:16']
[27, 0.4462833106517792, 0.4685688614845276, 0.9824399352073669, 0.07723326981067657, 0.1789102554321289, 1.6832513809204102, 0.8444539308547974, 0.8698244690895081, 0.8698244690895081, 7.6292877197265625, '02:14']
[28, 0.4436512589454651, 0.4561174213886261, 0.9869972467422485, 0.09320714324712753, 0.17686335742473602, 1.522971272468567, 0.833500862121582, 0.8478037118911743, 0.8478037118911743, 2.8356635570526123, '02:14']
[29, 0.4409172236919403, 0.4628252685070038, 0.9912936091423035, 0.08360668271780014, 0.17460297048091888, 1.335488200187683, 0.8679033517837524, 0.8735673427581787, 0.8735673427581787, 1.1272399425506592, '02:14']
[30, 0.4457148015499115, 0.4695468842983246, 0.9846535325050354, 0.0779004916548729, 0.17794521152973175, 1.594422459602356, 0.8519864678382874, 0.8705750703811646, 0.8705750703811646, 4.1241984367370605, '02:14']
[31, 0.44213128089904785, 0.45270422101020813, 0.9899228811264038, 0.09223616868257523, 0.17513693869113922, 1.4505432844161987, 0.8423593044281006, 0.850586473941803, 0.850586473941803, 2.0874881744384766, '02:14']
[32, 0.44853419065475464, 0.4653784930706024, 0.9822546243667603, 0.08455295115709305, 0.17920297384262085, 1.6878952980041504, 0.8282058238983154, 0.8584166765213013, 0.8584166765213013, 6.389448165893555, '02:14']
[33, 0.4559808671474457, 0.46025407314300537, 0.9922212362289429, 0.08253641426563263, 0.1739407479763031, 1.259291648864746, 0.8654080629348755, 0.8737823367118835, 0.8737823367118835, 0.7925291061401367, '02:14']
[34, 0.44001537561416626, 0.4569169580936432, 0.9912658333778381, 0.085187166929245, 0.17445474863052368, 1.3722429275512695, 0.8550302386283875, 0.8631612658500671, 0.8631612658500671, 1.4183449745178223, '02:14']
[35, 0.43953821063041687, 0.47008708119392395, 0.9828976988792419, 0.07899042963981628, 0.17883223295211792, 1.6572344303131104, 0.8424760699272156, 0.8672377467155457, 0.8672377467155457, 4.902493953704834, '02:14']
[36, 0.43588000535964966, 0.4587903320789337, 0.9901416301727295, 0.08524145185947418, 0.17514026165008545, 1.3656327724456787, 0.8599117398262024, 0.8665351867675781, 0.8665351867675781, 1.4678622484207153, '02:15']
[37, 0.4415169656276703, 0.5121292471885681, 0.9928396344184875, 0.018610985949635506, 0.17334628105163574, 1.0355955362319946, 0.9451261162757874, 0.9664777517318726, 0.9664777517318726, 0.06938938051462173, '02:14']
[38, 0.44542238116264343, 0.44621044397354126, 0.9892200827598572, 0.09774870425462723, 0.1756332665681839, 1.4878724813461304, 0.8334327936172485, 0.8447750210762024, 0.8447750210762024, 2.4737648963928223, '02:14']
[39, 0.4356962740421295, 0.4387556314468384, 0.9905022382736206, 0.10817179083824158, 0.17496241629123688, 1.4485526084899902, 0.8112063407897949, 0.8254326581954956, 0.8254326581954956, 1.8564786911010742, '02:15']
[40, 0.44269880652427673, 0.46075475215911865, 0.9923374056816101, 0.07799243181943893, 0.17382477223873138, 1.236121416091919, 0.8568053841590881, 0.8719676733016968, 0.8719676733016968, 0.650192141532898, '02:14']
[41, 0.4333856403827667, 0.45013314485549927, 0.9865725636482239, 0.09776229411363602, 0.17714181542396545, 1.615776777267456, 0.8146369457244873, 0.8388010859489441, 0.8388010859489441, 3.820282459259033, '02:14']
[42, 0.44084692001342773, 0.47065868973731995, 0.9861716628074646, 0.07238592952489853, 0.17705753445625305, 1.6384706497192383, 0.8611584901809692, 0.877680778503418, 0.877680778503418, 4.762686729431152, '02:14']
[43, 0.4332052171230316, 0.46882009506225586, 0.9856785535812378, 0.07657302170991898, 0.17737869918346405, 1.549583077430725, 0.8552072644233704, 0.8714021444320679, 0.8714023232460022, 3.9287161827087402, '02:14']
[44, 0.4326513111591339, 0.45168060064315796, 0.9902306199073792, 0.09439186006784439, 0.17502355575561523, 1.419618844985962, 0.8401473760604858, 0.8477576375007629, 0.8477576375007629, 1.9217756986618042, '02:15']
[45, 0.4309084713459015, 0.4441218674182892, 0.9873858094215393, 0.10308060050010681, 0.17663690447807312, 1.574228048324585, 0.8136557340621948, 0.8316229581832886, 0.8316229581832886, 3.569563627243042, '02:15']
[46, 0.43734878301620483, 0.46601375937461853, 0.9924979209899902, 0.07397496700286865, 0.17375507950782776, 1.2054272890090942, 0.868337094783783, 0.8810198307037354, 0.8810198307037354, 0.47394803166389465, '02:14']
[47, 0.4411967694759369, 0.4430882930755615, 0.9890899062156677, 0.10110970586538315, 0.17570500075817108, 1.509096622467041, 0.822328507900238, 0.8371235728263855, 0.8371235728263855, 2.390350341796875, '02:14']
[48, 0.4378279149532318, 0.46045246720314026, 0.9830618500709534, 0.08970814943313599, 0.17892180383205414, 1.660264253616333, 0.8265106081962585, 0.852360725402832, 0.852360725402832, 5.410325050354004, '02:15']
No improvement since epoch 39: early stopping
----------
3
----------
DLS create!
[0, 0.5090111494064331, 0.5192734599113464, 0.9926015734672546, nan, 0.17421779036521912, 1.0402759313583374, 0.9969310760498047, 0.9727869629859924, 0.9727869629859924, nan, '02:14']
[1, 0.49805259704589844, 0.5187874436378479, 0.992484450340271, 0.004317643586546183, 0.17375464737415314, 1.0818592309951782, 0.9875503182411194, 0.9672409892082214, 0.9672409892082214, inf, '02:14']
[2, 0.48837360739707947, 0.4787100851535797, 0.9884541630744934, 0.06243325397372246, 0.17587381601333618, 1.4700874090194702, 0.8981000781059265, 0.8823437094688416, 0.8823437094688416, inf, '02:14']
[3, 0.48927026987075806, 0.47244536876678467, 0.9876894354820251, 0.06998472660779953, 0.1763036549091339, 1.4910105466842651, 0.8822706937789917, 0.872052788734436, 0.872052788734436, inf, '02:14']
[4, 0.4807095229625702, 0.47238805890083313, 0.9833937883377075, 0.07185940444469452, 0.1781519055366516, 1.6209297180175781, 0.8618898391723633, 0.8590449094772339, 0.8590449094772339, inf, '02:14']
[5, 0.473460853099823, 0.4906415641307831, 0.9885138273239136, 0.04698305204510689, 0.17555345594882965, 1.3616862297058105, 0.9129147529602051, 0.900596559047699, 0.900596559047699, inf, '02:14']
[6, 0.46701568365097046, 0.4718804359436035, 0.9847678542137146, 0.07204611599445343, 0.1775098443031311, 1.572422742843628, 0.862846314907074, 0.8576401472091675, 0.8576401472091675, inf, '02:14']
[7, 0.4680786430835724, 0.4718078076839447, 0.987136721611023, 0.07032301276922226, 0.17651493847370148, 1.5459178686141968, 0.8758129477500916, 0.8629410862922668, 0.8629410862922668, inf, '02:14']
[8, 0.4690794050693512, 0.5503916144371033, 0.945442795753479, 0.02768377959728241, 0.19689418375492096, 1.819108486175537, 0.9333758354187012, 0.9328557252883911, 0.9328557252883911, inf, '02:14']
[9, 0.4616469740867615, 0.5092102289199829, 0.9724326133728027, 0.04914011061191559, 0.18359467387199402, 1.7341127395629883, 0.8917584419250488, 0.8913654685020447, 0.8913654685020447, inf, '02:15']
[10, 0.4555400311946869, 0.4720936119556427, 0.9889295697212219, 0.06811000406742096, 0.1753782331943512, 1.4318989515304565, 0.8762235641479492, 0.8633100986480713, 0.8633100986480713, inf, '02:14']
[11, 0.4466760456562042, 0.46233463287353516, 0.9887232780456543, 0.0818316787481308, 0.17558367550373077, 1.4229841232299805, 0.8549630641937256, 0.8449164628982544, 0.8449164628982544, inf, '02:14']
[12, 0.45236796140670776, 0.5267174243927002, 0.9626339077949524, 0.033147428184747696, 0.18747854232788086, 1.791810154914856, 0.9207653403282166, 0.9165126085281372, 0.9165126085281372, inf, '02:14']
[13, 0.4523029625415802, 0.4599364101886749, 0.9909427165985107, 0.08176907896995544, 0.1744581162929535, 1.3395313024520874, 0.8605825304985046, 0.8492148518562317, 0.8492148518562317, inf, '02:15']
[14, 0.45301708579063416, 0.4754524528980255, 0.9809662103652954, 0.07260763645172119, 0.17946024239063263, 1.6185998916625977, 0.853147566318512, 0.8550441861152649, 0.8550440669059753, inf, '02:14']
[15, 0.4520344138145447, 0.49720877408981323, 0.9699366092681885, 0.056965846568346024, 0.18465326726436615, 1.7424708604812622, 0.8667505383491516, 0.8784608840942383, 0.8784608840942383, inf, '02:13']
[16, 0.4528258442878723, 0.4973646402359009, 0.9742076992988586, 0.05912031978368759, 0.18272562325000763, 1.7346649169921875, 0.8622608780860901, 0.8725674748420715, 0.8725674748420715, inf, '02:13']
[17, 0.4485096335411072, 0.45933830738067627, 0.9914340972900391, 0.08471319079399109, 0.1741723269224167, 1.2461813688278198, 0.847965657711029, 0.8417935967445374, 0.8417935967445374, inf, '02:13']
[18, 0.4552319049835205, 0.47280237078666687, 0.984533429145813, 0.07225392013788223, 0.17744068801403046, 1.5157805681228638, 0.8637567758560181, 0.858171820640564, 0.858171820640564, inf, '02:13']
[19, 0.4477076530456543, 0.4636133015155792, 0.9860074520111084, 0.08082728087902069, 0.17689615488052368, 1.5664936304092407, 0.8461800217628479, 0.8410376310348511, 0.8410376310348511, inf, '02:14']
[20, 0.45371490716934204, 0.4624435007572174, 0.9889295697212219, 0.0798875018954277, 0.17551350593566895, 1.4630640745162964, 0.8515747785568237, 0.8450168967247009, 0.8450168967247009, inf, '02:13']
[21, 0.4486744999885559, 0.4828638434410095, 0.9916606545448303, 0.056942060589790344, 0.1739463210105896, 1.2146852016448975, 0.8897413611412048, 0.8837607502937317, 0.8837607502937317, inf, '02:14']
[22, 0.4526560604572296, 0.4538481533527374, 0.9886711835861206, 0.09085188806056976, 0.1756722331047058, 1.4767485857009888, 0.836971640586853, 0.8273862600326538, 0.8273862600326538, inf, '02:14']
[23, 0.44049882888793945, 0.4700571596622467, 0.9904130697250366, 0.06895091384649277, 0.17468267679214478, 1.3245781660079956, 0.8777551054954529, 0.8651459217071533, 0.8651459217071533, inf, '02:15']
[24, 0.4445948004722595, 0.47092482447624207, 0.98194420337677, 0.07852330058813095, 0.17917178571224213, 1.6304033994674683, 0.8354912996292114, 0.8423181772232056, 0.8423181772232056, inf, '02:14']
[25, 0.4415757954120636, 0.46445879340171814, 0.9887399077415466, 0.07950766384601593, 0.17563284933567047, 1.4231423139572144, 0.8547477126121521, 0.8476446866989136, 0.8476446866989136, inf, '02:14']
[26, 0.44259631633758545, 0.4630657434463501, 0.986022412776947, 0.08263260871171951, 0.17703987658023834, 1.569419503211975, 0.8405741453170776, 0.8375542163848877, 0.8375542163848877, inf, '02:14']
[27, 0.439733624458313, 0.457308828830719, 0.9893479943275452, 0.08650239557027817, 0.1752861589193344, 1.3855148553848267, 0.8457068204879761, 0.837830126285553, 0.837830126285553, inf, '02:14']
[28, 0.43374428153038025, 0.47354546189308167, 0.9813740253448486, 0.07579322904348373, 0.17944425344467163, 1.6339571475982666, 0.8422947525978088, 0.8483037948608398, 0.8483037948608398, inf, '02:14']
[29, 0.4415680170059204, 0.46165233850479126, 0.9875498414039612, 0.0833754763007164, 0.17619821429252625, 1.4794094562530518, 0.8419085741043091, 0.8383365869522095, 0.8383365869522095, inf, '02:14']
[30, 0.4441021680831909, 0.46451207995414734, 0.9915587306022644, 0.07746417820453644, 0.17417676746845245, 1.209831953048706, 0.8714902997016907, 0.8586359620094299, 0.8586359620094299, inf, '02:17']
[31, 0.44587182998657227, 0.4586312174797058, 0.9895433783531189, 0.08422581106424332, 0.17517948150634766, 1.3692125082015991, 0.8520340323448181, 0.843112051486969, 0.843112051486969, inf, '02:15']
No improvement since epoch 22: early stopping
----------
4
----------
DLS create!
[0, 0.5081560611724854, 0.5263078212738037, 0.9904770255088806, nan, 0.17439530789852142, 1.0224597454071045, 0.9996711611747742, 0.9745648503303528, 0.9745648503303528, nan, '02:14']
[1, 0.49782413244247437, 0.5298207402229309, 0.9904804229736328, nan, 0.1736990511417389, 1.0167031288146973, 0.997313380241394, 0.9752290844917297, 0.9752290844917297, nan, '02:14']
[2, 0.48918452858924866, 0.48138684034347534, 0.9868552684783936, 0.06615706533193588, 0.1755400002002716, 1.425345540046692, 0.8975518345832825, 0.8776258230209351, 0.8776258230209351, inf, '02:15']
[3, 0.48073670268058777, 0.5023336410522461, 0.9898936152458191, 0.03785450756549835, 0.1738848239183426, 1.197314739227295, 0.9301822185516357, 0.9175851941108704, 0.9175851941108704, inf, '02:15']
[4, 0.4801800549030304, 0.4707338809967041, 0.9860541224479675, 0.07929857820272446, 0.17606842517852783, 1.4838663339614868, 0.8652511239051819, 0.8502110242843628, 0.8502110242843628, inf, '02:15']
[5, 0.47745367884635925, 0.467650443315506, 0.9861137866973877, 0.08267569541931152, 0.1759238839149475, 1.4820245504379272, 0.8597509264945984, 0.8448936343193054, 0.8448936343193054, inf, '02:14']
[6, 0.47030365467071533, 0.4547443985939026, 0.9871892333030701, 0.0986240953207016, 0.17541231215000153, 1.4386342763900757, 0.8363375067710876, 0.8219653964042664, 0.8219653964042664, inf, '02:15']
[7, 0.4695236086845398, 0.4596020579338074, 0.988346517086029, 0.0926857441663742, 0.174790158867836, 1.3842676877975464, 0.8463068008422852, 0.8317170739173889, 0.8317170739173889, inf, '02:14']
[8, 0.46581971645355225, 0.5162271857261658, 0.9643092751502991, 0.06381288170814514, 0.1870252788066864, 1.7672457695007324, 0.8582141399383545, 0.8676682710647583, 0.8676682710647583, inf, '02:15']
[9, 0.46673277020454407, 0.4604297876358032, 0.9832402467727661, 0.0947781652212143, 0.177524134516716, 1.5468876361846924, 0.8351055383682251, 0.8263043761253357, 0.8263044953346252, inf, '02:14']
[10, 0.46356409788131714, 0.49342647194862366, 0.9730754494667053, 0.07161155343055725, 0.18255764245986938, 1.7116931676864624, 0.8520126342773438, 0.8547168374061584, 0.8547168374061584, inf, '02:15']
[11, 0.46641141176223755, 0.5703131556510925, 0.9372790455818176, 0.047283291816711426, 0.20002268254756927, 1.8424652814865112, 0.8810651898384094, 0.8937277793884277, 0.8937278985977173, inf, '02:14']
[12, 0.47296342253685, 0.4646991491317749, 0.9870920777320862, 0.08568413555622101, 0.1754177361726761, 1.441063642501831, 0.8590865135192871, 0.8450785875320435, 0.8450785875320435, inf, '02:15']
[13, 0.4551091492176056, 0.4770299792289734, 0.9899319410324097, 0.07232976704835892, 0.1738160103559494, 1.2433375120162964, 0.8603556752204895, 0.8564363121986389, 0.8564363121986389, inf, '02:14']
[14, 0.4575425088405609, 0.45744773745536804, 0.9883133172988892, 0.09638460725545883, 0.17491695284843445, 1.350303053855896, 0.8411521315574646, 0.8275660872459412, 0.8275660872459412, inf, '02:14']
[15, 0.4593912363052368, 0.45218807458877563, 0.9853847622871399, 0.10449235141277313, 0.17645412683486938, 1.5239053964614868, 0.8132075071334839, 0.8063938021659851, 0.8063938021659851, inf, '02:14']
[16, 0.4621905982494354, 0.45626965165138245, 0.9869397878646851, 0.09724807739257812, 0.1755811870098114, 1.4270581007003784, 0.8449432253837585, 0.8275448679924011, 0.8275448679924011, inf, '02:14']
[17, 0.4651995301246643, 0.48632609844207764, 0.9666872024536133, 0.07402044534683228, 0.18532314896583557, 1.7310234308242798, 0.8500111699104309, 0.8562096953392029, 0.8562096953392029, inf, '02:14']
[18, 0.4542236626148224, 0.44276002049446106, 0.9890710115432739, 0.11417490988969803, 0.1746453493833542, 1.3454687595367432, 0.8132138848304749, 0.8005819320678711, 0.8005819320678711, inf, '02:14']
[19, 0.4508035480976105, 0.4503609240055084, 0.9840182065963745, 0.10496499389410019, 0.17719268798828125, 1.5368516445159912, 0.8175058960914612, 0.8094336986541748, 0.8094336986541748, inf, '02:15']
[20, 0.44315582513809204, 0.44841429591178894, 0.9836662411689758, 0.11122967302799225, 0.1775471270084381, 1.5748720169067383, 0.8010518550872803, 0.7965390086174011, 0.7965390086174011, inf, '02:15']
[21, 0.4494436979293823, 0.4500555694103241, 0.9881614446640015, 0.10706552863121033, 0.17503851652145386, 1.3583483695983887, 0.8188776969909668, 0.8058754801750183, 0.8058754801750183, inf, '02:16']
[22, 0.4583583474159241, 0.4512713551521301, 0.9803166389465332, 0.11044074594974518, 0.17938774824142456, 1.6254222393035889, 0.801055371761322, 0.8025693297386169, 0.8025693297386169, inf, '02:15']
[23, 0.4578128755092621, 0.4690726399421692, 0.9747779965400696, 0.0894041657447815, 0.18168221414089203, 1.6774630546569824, 0.8234869837760925, 0.827940821647644, 0.827940821647644, inf, '02:15']
[24, 0.4442713260650635, 0.4585004448890686, 0.9903610944747925, nan, 0.17383909225463867, 1.1756582260131836, 0.8355204463005066, 0.8313999772071838, 0.8313999772071838, nan, '02:14']
[25, 0.4500754773616791, 0.46490639448165894, 0.9773826003074646, 0.09399697929620743, 0.18065644800662994, 1.6528517007827759, 0.8188096284866333, 0.8222483992576599, 0.8222483992576599, inf, '02:15']
[26, 0.4525109529495239, 0.43897464871406555, 0.9854521155357361, 0.12108930200338364, 0.17664067447185516, 1.4986262321472168, 0.7917296886444092, 0.7858254313468933, 0.7858254313468933, inf, '02:14']
[27, 0.44852858781814575, 0.4496540129184723, 0.9874893426895142, 0.10910109430551529, 0.17559751868247986, 1.3711216449737549, 0.8310195803642273, 0.8155573606491089, 0.8155573606491089, inf, '02:14']
[28, 0.439837783575058, 0.4465045630931854, 0.9834843873977661, 0.11167953908443451, 0.17760738730430603, 1.5619224309921265, 0.800410270690918, 0.7961461544036865, 0.7961461544036865, inf, '02:14']
[29, 0.4371020495891571, 0.45655301213264465, 0.9898073077201843, 0.09623566269874573, 0.17411142587661743, 1.2466254234313965, 0.8372960090637207, 0.8263133764266968, 0.8263133764266968, inf, '02:15']
[30, 0.44796958565711975, 0.4494386613368988, 0.9899092316627502, 0.10833786427974701, 0.17400485277175903, 1.2589634656906128, 0.8133375644683838, 0.8065676689147949, 0.8065676689147949, inf, '02:14']
[31, 0.45884832739830017, 0.4595242440700531, 0.9893732666969299, 0.09896927326917648, 0.17447039484977722, 1.2850099802017212, 0.8470252752304077, 0.8365763425827026, 0.8365763425827026, inf, '02:14']
[32, 0.4489695727825165, 0.44576913118362427, 0.9833358526229858, 0.11414812505245209, 0.1777668595314026, 1.575745701789856, 0.7994846701622009, 0.7969105839729309, 0.7969105839729309, inf, '02:15']
[33, 0.45932185649871826, 0.44334301352500916, 0.9864130616188049, 0.1114388108253479, 0.17583459615707397, 1.4845706224441528, 0.8082570433616638, 0.799430251121521, 0.799430251121521, inf, '02:15']
[34, 0.4444653391838074, 0.46668288111686707, 0.9905760884284973, 0.08158359676599503, 0.17359384894371033, 1.1579900979995728, 0.845093846321106, 0.8469473123550415, 0.8469473123550415, inf, '02:16']
[35, 0.4413873851299286, 0.44388073682785034, 0.9827041625976562, 0.1152200773358345, 0.1779399961233139, 1.5693185329437256, 0.7956865429878235, 0.7914060354232788, 0.7914060354232788, inf, '02:14']
No improvement since epoch 26: early stopping
MAnet_effb7 Done!
