Models will save to MAnet_mitb5_x
Use mit_b5 encoder
Start training...
----------
0
----------
DLS create!
[0, 0.5295226573944092, 0.5111044645309448, 0.993744969367981, 7.774563641760324e-07, 0.18025194108486176, 1.3215231895446777, 0.9791330099105835, 0.9751526713371277, 0.9751526713371277, 0.0002480467373970896, '02:24']
[1, 0.502698540687561, 0.519760012626648, 0.9608621597290039, 0.03094905987381935, 0.18910332024097443, 1.7509382963180542, 0.9417944550514221, 0.9500172734260559, 0.9500172734260559, 10.058548927307129, '02:22']
[2, 0.5000454783439636, 0.8242936134338379, 0.6527401208877563, 0.01029101014137268, 0.31732672452926636, 1.8830715417861938, 0.9756231307983398, 0.9797847867012024, 0.9797847867012024, 117.85969543457031, '02:22']
[3, 0.5064455270767212, 0.49250105023384094, 0.9889495372772217, 0.03948643058538437, 0.17763552069664001, 1.4474754333496094, 0.9438263177871704, 0.9436485767364502, 0.9436485767364502, 1.6849403381347656, '02:22']
[4, 0.4965488910675049, 0.4901544749736786, 0.9897997975349426, 0.039368581026792526, 0.1757241040468216, 1.4282755851745605, 0.9378839731216431, 0.9369709491729736, 0.9369709491729736, 1.3537460565567017, '02:23']
[5, 0.4977063536643982, 0.49194252490997314, 0.983096182346344, 0.04322304204106331, 0.17886635661125183, 1.613883137702942, 0.9264466166496277, 0.9293182492256165, 0.9293182492256165, 3.4635236263275146, '02:23']
[6, 0.4912852942943573, 0.48517632484436035, 0.9898068308830261, 0.045650262385606766, 0.17586073279380798, 1.4439103603363037, 0.9279590249061584, 0.9277075529098511, 0.9277075529098511, 1.486631989479065, '02:23']
[7, 0.4920482933521271, 0.4882795512676239, 0.9917100071907043, 0.04192252829670906, 0.17483848333358765, 1.3163014650344849, 0.9377046227455139, 0.9363009929656982, 0.9363009929656982, 0.7699931263923645, '02:24']
[8, 0.4931294322013855, 0.47904011607170105, 0.9851821064949036, 0.057757917791604996, 0.17811083793640137, 1.590144157409668, 0.9027403593063354, 0.9083750247955322, 0.9083750247955322, 2.998717784881592, '02:24']
[9, 0.4844539165496826, 0.48119744658470154, 0.9913808703422546, 0.047937896102666855, 0.1748812049627304, 1.367864966392517, 0.9216108918190002, 0.9220530390739441, 0.9220530390739441, 0.9547436237335205, '02:23']
[10, 0.4823872745037079, 0.47355917096138, 0.9833065271377563, 0.06421420723199844, 0.1786666065454483, 1.6325383186340332, 0.8852460384368896, 0.8938093781471252, 0.8938093781471252, 3.6480863094329834, '02:23']
[11, 0.4786476194858551, 0.4772535562515259, 0.9801724553108215, 0.06511086225509644, 0.18045322597026825, 1.7064075469970703, 0.8725923895835876, 0.8892295360565186, 0.8892295360565186, 4.61341667175293, '02:23']
[12, 0.477189838886261, 0.4672892689704895, 0.9912552237510681, 0.06609168648719788, 0.17492400109767914, 1.3961213827133179, 0.8904958963394165, 0.8916277885437012, 0.8916277885437012, 1.0990800857543945, '02:23']
[13, 0.47979530692100525, 0.4630299210548401, 0.986871600151062, 0.07596975564956665, 0.17731024324893951, 1.5728477239608765, 0.8727875351905823, 0.8801770806312561, 0.8801770806312561, 2.7322869300842285, '02:27']
[14, 0.47942063212394714, 0.4753386378288269, 0.9834928512573242, 0.06338025629520416, 0.17883192002773285, 1.637595772743225, 0.8859385848045349, 0.8967283368110657, 0.8967283368110657, 3.583423137664795, '02:23']
[15, 0.4722660779953003, 0.4641419053077698, 0.9875668883323669, 0.07347186654806137, 0.176771879196167, 1.5723553895950317, 0.8720026016235352, 0.8774755001068115, 0.8774755001068115, 2.410012722015381, '02:23']
[16, 0.4671631455421448, 0.462999552488327, 0.9822635054588318, 0.07952220737934113, 0.1793818473815918, 1.6771240234375, 0.8489482402801514, 0.8662122488021851, 0.8662122488021851, 4.122162818908691, '02:23']
[17, 0.4728335738182068, 0.45246750116348267, 0.9907995462417603, 0.08485309779644012, 0.17526675760746002, 1.4436894655227661, 0.8610394597053528, 0.8633741140365601, 0.8633741140365601, 1.3313500881195068, '02:23']
[18, 0.4790428578853607, 0.45546045899391174, 0.9914191365242004, 0.08352936059236526, 0.1751268059015274, 1.4067796468734741, 0.8710079789161682, 0.873350203037262, 0.873350203037262, 1.094427227973938, '02:23']
[19, 0.4738996922969818, 0.46071282029151917, 0.9832658171653748, 0.08124411106109619, 0.17892640829086304, 1.655571460723877, 0.8506805300712585, 0.8666925430297852, 0.8666926026344299, 3.8939998149871826, '02:27']
[20, 0.4726303219795227, 0.46765631437301636, 0.993296205997467, 0.06570691615343094, 0.17396259307861328, 1.2038295269012451, 0.8920808434486389, 0.8976863026618958, 0.8976863026618958, 0.37648114562034607, '02:23']
[21, 0.4651016294956207, 0.4514150023460388, 0.9854413866996765, 0.09204313158988953, 0.17807985842227936, 1.6322613954544067, 0.8349285125732422, 0.8478552103042603, 0.8478552103042603, 3.202484607696533, '02:26']
[22, 0.46329137682914734, 0.4807933568954468, 0.9735376834869385, 0.07320064306259155, 0.18416553735733032, 1.7724909782409668, 0.8437842726707458, 0.876449465751648, 0.876449465751648, 6.611652374267578, '02:24']
[23, 0.465025931596756, 0.45669203996658325, 0.9873602390289307, 0.08432702720165253, 0.17717398703098297, 1.5677186250686646, 0.8574557900428772, 0.8650366067886353, 0.8650366067886353, 2.416820764541626, '02:24']
[24, 0.455404132604599, 0.47021281719207764, 0.9785529971122742, 0.0787339061498642, 0.18151777982711792, 1.7051271200180054, 0.8444183468818665, 0.8680239319801331, 0.8680239319801331, 4.833766460418701, '02:23']
[25, 0.46239975094795227, 0.44749584794044495, 0.9889740943908691, 0.09376098215579987, 0.17621345818042755, 1.5107879638671875, 0.8428433537483215, 0.8475795388221741, 0.8475795388221741, 1.7882367372512817, '02:23']
[26, 0.46053022146224976, 0.43986058235168457, 0.9902031421661377, 0.10161988437175751, 0.17557187378406525, 1.4837439060211182, 0.8309125304222107, 0.834525465965271, 0.834525465965271, 1.4860866069793701, '02:24']
[27, 0.4596553444862366, 0.49704787135124207, 0.9679633378982544, 0.061763595789670944, 0.18706251680850983, 1.797113299369812, 0.8601003885269165, 0.8956629633903503, 0.8956629633903503, 7.827905654907227, '02:26']
[28, 0.464352011680603, 0.443135529756546, 0.9916127920150757, 0.0973597839474678, 0.17483557760715485, 1.3440430164337158, 0.8415941596031189, 0.8459230661392212, 0.8459230661392212, 0.8866734504699707, '02:24']
[29, 0.46505898237228394, 0.45786502957344055, 0.9814828634262085, 0.08795001357793808, 0.180160254240036, 1.6913543939590454, 0.8307948112487793, 0.8555967807769775, 0.8555967807769775, 4.247347831726074, '02:24']
[30, 0.46300530433654785, 0.4507712125778198, 0.9825102090835571, 0.09403853863477707, 0.17952586710453033, 1.6748100519180298, 0.8243486881256104, 0.8463045954704285, 0.8463045954704285, 3.9587199687957764, '02:23']
[31, 0.4669382870197296, 0.46439918875694275, 0.9927808046340942, 0.0699349194765091, 0.17430010437965393, 1.283524513244629, 0.8860737681388855, 0.8885930776596069, 0.8885930776596069, 0.5341036915779114, '02:24']
[32, 0.45808473229408264, 0.4345107078552246, 0.9924918413162231, 0.10658590495586395, 0.17439019680023193, 1.3302077054977417, 0.8256973624229431, 0.8300786018371582, 0.8300786018371582, 0.7982175946235657, '02:23']
[33, 0.4638841450214386, 0.5037358999252319, 0.9629559516906738, 0.06143564358353615, 0.18941374123096466, 1.8306050300598145, 0.8493788838386536, 0.8926860690116882, 0.8926860690116882, 9.625377655029297, '02:24']
[34, 0.4474012851715088, 0.44674912095069885, 0.9912208318710327, 0.09264237433671951, 0.17500711977481842, 1.3764339685440063, 0.8387735486030579, 0.8435415029525757, 0.8435415029525757, 0.9380825757980347, '02:23']
[35, 0.4541805684566498, 0.573106050491333, 0.9265366792678833, 0.04296578839421272, 0.2081015706062317, 1.904280424118042, 0.8621634840965271, 0.922919750213623, 0.922919750213623, 20.0257568359375, '02:23']
[36, 0.4565093517303467, 0.42949843406677246, 0.9923039674758911, 0.11335935443639755, 0.17449931800365448, 1.3346948623657227, 0.8153384923934937, 0.8188201785087585, 0.8188201785087585, 0.8160066604614258, '02:23']
[37, 0.454019159078598, 0.4349057674407959, 0.9881939888000488, 0.11034753918647766, 0.1767810732126236, 1.5442627668380737, 0.8111206889152527, 0.8215202689170837, 0.8215202689170837, 1.9522528648376465, '02:23']
[38, 0.45114079117774963, 0.4309350550174713, 0.9911614656448364, 0.11159315705299377, 0.1751135140657425, 1.369218349456787, 0.8124344944953918, 0.8183600902557373, 0.8183600902557373, 0.9990407824516296, '02:23']
[39, 0.44736871123313904, 0.4816628694534302, 0.9740995764732361, 0.0756705179810524, 0.18401238322257996, 1.7347378730773926, 0.8386071920394897, 0.8706295490264893, 0.8706295490264893, 5.368087291717529, '02:24']
[40, 0.44913768768310547, 0.44775304198265076, 0.9935700297355652, 0.08858532458543777, 0.17373085021972656, 1.165923833847046, 0.8449004888534546, 0.8574458956718445, 0.8574458956718445, 0.32889747619628906, '02:26']
[41, 0.4379810392856598, 0.5022410154342651, 0.9626964926719666, 0.06562100350856781, 0.18959221243858337, 1.8258332014083862, 0.8336777091026306, 0.8835646510124207, 0.8835645318031311, 8.996188163757324, '02:24']
[42, 0.44066721200942993, 0.425749272108078, 0.9897438287734985, 0.12040457129478455, 0.17592480778694153, 1.4769567251205444, 0.7979671359062195, 0.8051975965499878, 0.8051975965499878, 1.5522325038909912, '02:23']
[43, 0.45944535732269287, 0.44081300497055054, 0.988532543182373, 0.1163337305188179, 0.17723135650157928, 1.5539114475250244, 0.8266088366508484, 0.8376877307891846, 0.8376877307891846, 2.0548079013824463, '02:23']
[44, 0.4511278569698334, 0.4318822920322418, 0.9871795177459717, 0.11432978510856628, 0.1772630363702774, 1.5579485893249512, 0.8000538945198059, 0.8142368197441101, 0.8142368197441101, 2.209204912185669, '02:25']
[45, 0.4404531717300415, 0.4413837194442749, 0.9916685819625854, 0.10004863888025284, 0.1748138815164566, 1.3817241191864014, 0.8366363644599915, 0.8398635387420654, 0.8398635387420654, 0.989540696144104, '02:24']
[46, 0.4558156430721283, 0.44806861877441406, 0.9823737740516663, 0.10052226483821869, 0.17972825467586517, 1.7002382278442383, 0.8036226034164429, 0.8314544558525085, 0.8314544558525085, 4.144813537597656, '02:23']
[47, 0.44512420892715454, 0.4434649348258972, 0.9920914769172668, 0.1013529896736145, 0.17492181062698364, 1.3291707038879395, 0.8373085856437683, 0.8420504331588745, 0.8420505523681641, 0.8245058655738831, '02:24']
[48, 0.4463863968849182, 0.45990851521492004, 0.9791399836540222, 0.09138887375593185, 0.18152721226215363, 1.721617341041565, 0.8105440139770508, 0.8454908132553101, 0.8454908132553101, 4.7406206130981445, '02:23']
[49, 0.4468550384044647, 0.45782649517059326, 0.9929483532905579, 0.08009251207113266, 0.1739881932735443, 1.1756515502929688, 0.8579195141792297, 0.871134340763092, 0.871134340763092, 0.4858987629413605, '02:23']
[50, 0.44764983654022217, 0.4228605329990387, 0.9895535707473755, 0.12441039085388184, 0.17609918117523193, 1.5193185806274414, 0.792218804359436, 0.8019615411758423, 0.8019615411758423, 1.8004403114318848, '02:25']
[51, 0.44929808378219604, 0.4415314793586731, 0.9932793378829956, 0.09672152251005173, 0.17396032810211182, 1.2196182012557983, 0.8360755443572998, 0.8442638516426086, 0.8442638516426086, 0.44871383905410767, '02:25']
[52, 0.450415700674057, 0.4289149343967438, 0.9869759678840637, 0.11927322298288345, 0.17751561105251312, 1.60261070728302, 0.7883402705192566, 0.8066297173500061, 0.8066297173500061, 2.548170566558838, '02:23']
[53, 0.43776729702949524, 0.5455566048622131, 0.9404300451278687, 0.05248277634382248, 0.20078985393047333, 1.8892241716384888, 0.8466616272926331, 0.9057108759880066, 0.9057108759880066, 16.735126495361328, '02:24']
[54, 0.43512648344039917, 0.43204811215400696, 0.992956280708313, 0.11103866994380951, 0.17414763569831848, 1.2351279258728027, 0.814244270324707, 0.8234982490539551, 0.8234982490539551, 0.5441786050796509, '02:23']
[55, 0.44208434224128723, 0.46543771028518677, 0.9937620162963867, 0.06727340817451477, 0.17365530133247375, 1.1042282581329346, 0.8801015019416809, 0.8927562832832336, 0.8927562832832336, 0.18430301547050476, '02:25']
[56, 0.4307610094547272, 0.43192169070243835, 0.9864606261253357, 0.11760488152503967, 0.1778513491153717, 1.6087708473205566, 0.792526364326477, 0.8110939264297485, 0.811093807220459, 2.612417221069336, '02:23']
[57, 0.44639530777931213, 0.43536609411239624, 0.9872804880142212, 0.11502903699874878, 0.17746859788894653, 1.513403058052063, 0.8028245568275452, 0.8182100653648376, 0.8182100653648376, 1.9945350885391235, '02:23']
[58, 0.44485363364219666, 0.4448019862174988, 0.9924709796905518, 0.09420749545097351, 0.17434808611869812, 1.281189203262329, 0.8399901986122131, 0.8480948805809021, 0.8480948805809021, 0.7121381163597107, '02:24']
[59, 0.441812664270401, 0.41894957423210144, 0.9918422102928162, 0.12666799128055573, 0.17475001513957977, 1.3771381378173828, 0.7896481156349182, 0.7954490780830383, 0.7954490780830383, 1.0527669191360474, '02:23']
[60, 0.445207804441452, 0.42846015095710754, 0.9880292415618896, 0.11787570267915726, 0.17690415680408478, 1.5639675855636597, 0.7952110767364502, 0.809299111366272, 0.809299111366272, 2.1735756397247314, '02:27']
[61, 0.4469623565673828, 0.427737295627594, 0.9924807548522949, 0.11699382960796356, 0.17441613972187042, 1.3104348182678223, 0.810066819190979, 0.8158411979675293, 0.8158411979675293, 0.7708796262741089, '02:23']
[62, 0.4332386553287506, 0.44782066345214844, 0.982811450958252, 0.09896127879619598, 0.17948411405086517, 1.671198844909668, 0.8072105646133423, 0.8327822685241699, 0.8327822685241699, 3.5863242149353027, '02:23']
[63, 0.437725305557251, 0.4948916435241699, 0.9931834936141968, 0.03080272674560547, 0.17379505932331085, 1.114565134048462, 0.934415340423584, 0.9462984204292297, 0.9462984204292297, 0.24208810925483704, '02:23']
[64, 0.44445157051086426, 0.42741289734840393, 0.9885653257369995, 0.12103550136089325, 0.17665685713291168, 1.5579144954681396, 0.7876641154289246, 0.8003388047218323, 0.8003388047218323, 1.972869634628296, '02:23']
[65, 0.4413233697414398, 0.42104464769363403, 0.9915359020233154, 0.12745189666748047, 0.17507074773311615, 1.380589246749878, 0.8003841638565063, 0.8041905164718628, 0.8041905164718628, 1.057119369506836, '02:25']
[66, 0.43340128660202026, 0.44781845808029175, 0.9798129200935364, 0.10106980800628662, 0.18093790113925934, 1.7062695026397705, 0.7962948083877563, 0.8291416168212891, 0.8291416168212891, 4.477441787719727, '02:23']
[67, 0.44096633791923523, 0.4607027471065521, 0.9775025844573975, 0.09382325410842896, 0.1823100596666336, 1.7507067918777466, 0.8000227808952332, 0.838685154914856, 0.838685154914856, 5.205232620239258, '02:24']
[68, 0.4350876808166504, 0.4193550646305084, 0.9914911985397339, 0.12530861794948578, 0.17495617270469666, 1.434722661972046, 0.7909953594207764, 0.7954788208007812, 0.7954788208007812, 1.262526512145996, '02:28']
No improvement since epoch 59: early stopping
----------
1
----------
DLS create!
[0, 0.555061399936676, 0.5199726223945618, 0.993131697177887, nan, 0.1820141077041626, 1.1286897659301758, 0.9959679245948792, 0.9575069546699524, 0.9575069546699524, nan, '02:25']
[1, 0.5122202038764954, 0.4992850720882416, 0.9928401708602905, 0.006679340731352568, 0.17800265550613403, 1.3421443700790405, 0.957194447517395, 0.9263885617256165, 0.9263885617256165, inf, '02:26']
[2, 0.507389485836029, 0.5012414455413818, 0.9861598014831543, 0.027692055329680443, 0.17719267308712006, 1.3878368139266968, 0.9577051401138306, 0.9267301559448242, 0.9267301559448242, inf, '02:24']
[3, 0.5037177801132202, 0.5021505355834961, 0.9864866733551025, 0.027807539328932762, 0.17651289701461792, 1.4192442893981934, 0.9552566409111023, 0.9261447191238403, 0.9261447191238403, inf, '02:25']
[4, 0.5000113248825073, 0.4976571500301361, 0.9785638451576233, 0.03886115178465843, 0.17974160611629486, 1.558241605758667, 0.9382355213165283, 0.9114230275154114, 0.9114230275154114, inf, '02:25']
[5, 0.49198514223098755, 0.495958536863327, 0.9901525378227234, 0.03267264738678932, 0.17514961957931519, 1.4338871240615845, 0.9427986741065979, 0.9167962670326233, 0.9167962670326233, inf, '02:27']
[6, 0.49230435490608215, 0.4947737455368042, 0.9842154383659363, 0.040234655141830444, 0.17778602242469788, 1.5975658893585205, 0.9301955103874207, 0.9041978716850281, 0.9041978716850281, inf, '02:24']
[7, 0.48433125019073486, 0.4790281355381012, 0.9843999147415161, 0.061531756073236465, 0.17814166843891144, 1.6522127389907837, 0.8909987211227417, 0.8705851435661316, 0.8705851435661316, inf, '02:24']
[8, 0.5020928382873535, 0.5172348022460938, 0.993131697177887, nan, 0.1776173710823059, 1.0689640045166016, 0.9940673112869263, 0.9574448466300964, 0.9574448466300964, nan, '02:24']
[9, 0.5142720937728882, 0.5157254934310913, 0.993131697177887, nan, 0.1758016049861908, 1.054243564605713, 0.9956063628196716, 0.9604895710945129, 0.9604895710945129, nan, '02:25']
[10, 0.5087430477142334, 0.5028463006019592, 0.9852747917175293, 0.02886470966041088, 0.1793084591627121, 1.4695589542388916, 0.9549987316131592, 0.9256198406219482, 0.9256198406219482, inf, '02:25']
[11, 0.49817711114883423, 0.4921230673789978, 0.9884434342384338, 0.03994271159172058, 0.17599663138389587, 1.4633640050888062, 0.9336152672767639, 0.907768726348877, 0.907768726348877, inf, '02:24']
[12, 0.49279865622520447, 0.5149276256561279, 0.9556124806404114, 0.04085277020931244, 0.19067707657814026, 1.7065998315811157, 0.9206531047821045, 0.907558023929596, 0.907558023929596, inf, '02:25']
[13, 0.49864786863327026, 0.4855775237083435, 0.990104615688324, 0.05084242299199104, 0.17563502490520477, 1.443101167678833, 0.9237607717514038, 0.8992443084716797, 0.8992443084716797, inf, '02:25']
[14, 0.4878444969654083, 0.4842601716518402, 0.9921424984931946, 0.0455317422747612, 0.17417354881763458, 1.338165521621704, 0.9152293801307678, 0.894507884979248, 0.894507884979248, inf, '02:26']
[15, 0.4883098602294922, 0.47455769777297974, 0.9848189949989319, 0.06699040532112122, 0.17820177972316742, 1.6179938316345215, 0.886588990688324, 0.8692542910575867, 0.8692542910575867, inf, '02:25']
[16, 0.48153889179229736, 0.46773892641067505, 0.9901625514030457, 0.07062287628650665, 0.1750916838645935, 1.4733943939208984, 0.8779323697090149, 0.8585872054100037, 0.8585872054100037, inf, '02:25']
[17, 0.46845030784606934, 0.4668824374675751, 0.9862787127494812, 0.07382388412952423, 0.17712724208831787, 1.6290385723114014, 0.8643800616264343, 0.8469564318656921, 0.8469564318656921, inf, '02:24']
[18, 0.4754772484302521, 0.460740864276886, 0.9912733435630798, 0.07950154691934586, 0.17467337846755981, 1.428196668624878, 0.8701689839363098, 0.8480228185653687, 0.8480228185653687, inf, '02:24']
[19, 0.47580572962760925, 0.4706934988498688, 0.9805246591567993, 0.07393954694271088, 0.18002940714359283, 1.6996190547943115, 0.8579976558685303, 0.8501209616661072, 0.8501209616661072, inf, '02:27']
[20, 0.47479763627052307, 0.46763357520103455, 0.9916341304779053, 0.0676117092370987, 0.17439812421798706, 1.4005306959152222, 0.8821832537651062, 0.8604167103767395, 0.8604167103767395, inf, '02:24']
[21, 0.46772727370262146, 0.4527766704559326, 0.9911162853240967, 0.086299367249012, 0.17474976181983948, 1.4629199504852295, 0.8504396080970764, 0.8293202519416809, 0.8293202519416809, inf, '02:26']
[22, 0.4644721448421478, 0.46069249510765076, 0.984585165977478, 0.08387072384357452, 0.17811939120292664, 1.660469651222229, 0.844243586063385, 0.8333141803741455, 0.833314061164856, inf, '02:24']
[23, 0.4729711711406708, 0.5040681958198547, 0.9603044986724854, 0.05683193355798721, 0.18970030546188354, 1.820383071899414, 0.8657671809196472, 0.8720733523368835, 0.8720733523368835, inf, '02:27']
[24, 0.46382659673690796, 0.46334993839263916, 0.9898290038108826, 0.07490664720535278, 0.1752890795469284, 1.5197505950927734, 0.8643500208854675, 0.844205915927887, 0.844205915927887, inf, '02:26']
[25, 0.4602454900741577, 0.4547755718231201, 0.9908149242401123, 0.08476559072732925, 0.17483976483345032, 1.4380006790161133, 0.853152334690094, 0.8314121961593628, 0.8314121961593628, inf, '02:25']
[26, 0.46787139773368835, 0.4832015037536621, 0.9924742579460144, 0.05057105794548988, 0.17387178540229797, 1.276383638381958, 0.9058599472045898, 0.887660026550293, 0.887660026550293, inf, '02:26']
[27, 0.46647173166275024, 0.4711487591266632, 0.9929711222648621, 0.06488565355539322, 0.17357830703258514, 1.2239679098129272, 0.867365300655365, 0.8618852496147156, 0.8618852496147156, inf, '02:26']
[28, 0.4618978500366211, 0.4742865562438965, 0.9776493310928345, 0.07469277828931808, 0.18166066706180573, 1.7495580911636353, 0.8455140590667725, 0.8443296551704407, 0.8443296551704407, inf, '02:24']
[29, 0.4694315195083618, 0.4518592953681946, 0.9888365268707275, 0.08997564762830734, 0.17580264806747437, 1.5547666549682617, 0.844151496887207, 0.823638916015625, 0.8236390352249146, inf, '02:24']
[30, 0.4668191969394684, 0.4518545866012573, 0.9897518754005432, 0.08930940926074982, 0.17557567358016968, 1.5236369371414185, 0.8514861464500427, 0.8294621706008911, 0.8294621706008911, inf, '02:24']
[31, 0.46044814586639404, 0.4528827369213104, 0.9917667508125305, 0.08282830566167831, 0.17436926066875458, 1.3998171091079712, 0.849545419216156, 0.8312345743179321, 0.8312345743179321, inf, '02:24']
[32, 0.46486690640449524, 0.44871675968170166, 0.9858418703079224, 0.09918031841516495, 0.17757821083068848, 1.6045788526535034, 0.8331894278526306, 0.8181975483894348, 0.8181975483894348, inf, '02:25']
[33, 0.4526355266571045, 0.4631250202655792, 0.9929602742195129, 0.07238604873418808, 0.17363010346889496, 1.2250844240188599, 0.854218602180481, 0.8481585383415222, 0.8481585383415222, inf, '02:25']
[34, 0.45588287711143494, 0.44309696555137634, 0.9866719841957092, 0.10188668221235275, 0.17709693312644958, 1.6359049081802368, 0.8139561414718628, 0.8013126254081726, 0.8013126254081726, inf, '02:24']
[35, 0.4662936329841614, 0.44822579622268677, 0.9889955520629883, 0.09238439053297043, 0.1759861409664154, 1.555902123451233, 0.8419262766838074, 0.8200926184654236, 0.8200927376747131, inf, '02:25']
[36, 0.4641781151294708, 0.4387339949607849, 0.9914661645889282, 0.10586323589086533, 0.17473305761814117, 1.4374487400054932, 0.8283475041389465, 0.806642472743988, 0.806642472743988, inf, '02:25']
[37, 0.4682057797908783, 0.44852596521377563, 0.9918711185455322, 0.09257123619318008, 0.17445108294487, 1.3814910650253296, 0.8473280668258667, 0.8261335492134094, 0.8261335492134094, inf, '02:24']
[38, 0.4600696861743927, 0.48136791586875916, 0.9718847870826721, 0.0797121524810791, 0.18522489070892334, 1.8056020736694336, 0.8299207091331482, 0.8377370238304138, 0.8377370238304138, inf, '02:25']
[39, 0.46644482016563416, 0.44695159792900085, 0.9882256388664246, 0.10190073400735855, 0.17696720361709595, 1.5813956260681152, 0.8377634882926941, 0.8202365040779114, 0.8202364444732666, inf, '02:24']
[40, 0.4583587646484375, 0.4527181088924408, 0.9919249415397644, 0.08298223465681076, 0.17427407205104828, 1.3858983516693115, 0.8491013050079346, 0.8296759724617004, 0.8296759724617004, inf, '02:24']
[41, 0.4553808867931366, 0.4397749900817871, 0.9904149770736694, 0.10359402745962143, 0.17525966465473175, 1.493414282798767, 0.8284966945648193, 0.8053490519523621, 0.8053490519523621, inf, '02:27']
[42, 0.4506676197052002, 0.4426978528499603, 0.986329197883606, 0.10422274470329285, 0.17742015421390533, 1.6398301124572754, 0.8170240521430969, 0.8028680086135864, 0.8028680086135864, inf, '02:28']
[43, 0.4532364308834076, 0.43717291951179504, 0.990504264831543, 0.1057601347565651, 0.17513936758041382, 1.4952906370162964, 0.8221384882926941, 0.8014291524887085, 0.8014291524887085, inf, '02:24']
[44, 0.4506491720676422, 0.44844892621040344, 0.9924275279045105, 0.09108102321624756, 0.17401129007339478, 1.3161545991897583, 0.8385503888130188, 0.8207382559776306, 0.8207382559776306, inf, '02:24']
[45, 0.4545232355594635, 0.43586379289627075, 0.9905825257301331, 0.10657472908496857, 0.1750788688659668, 1.496485948562622, 0.8200969696044922, 0.7982129454612732, 0.7982129454612732, inf, '02:24']
[46, 0.45572924613952637, 0.4361436665058136, 0.9869884848594666, 0.11096732318401337, 0.17717528343200684, 1.6345993280410767, 0.8046196699142456, 0.7919580936431885, 0.7919580936431885, inf, '02:25']
[47, 0.45199844241142273, 0.4570717513561249, 0.9925292134284973, 0.07843194156885147, 0.17390801012516022, 1.307808518409729, 0.8553357720375061, 0.8400617837905884, 0.8400617837905884, inf, '02:24']
[48, 0.4463910758495331, 0.45011451840400696, 0.9910227060317993, 0.08760130405426025, 0.1748051792383194, 1.434394359588623, 0.8398391008377075, 0.8243467807769775, 0.8243467807769775, inf, '02:27']
[49, 0.4498935341835022, 0.4578154385089874, 0.9789127111434937, 0.09601189941167831, 0.1813972294330597, 1.74907386302948, 0.8092821836471558, 0.8106768131256104, 0.8106769323348999, inf, '02:25']
[50, 0.442599356174469, 0.4398490786552429, 0.9862749576568604, 0.10655032843351364, 0.17750898003578186, 1.6336616277694702, 0.8108941912651062, 0.7955846190452576, 0.7955846190452576, inf, '02:24']
[51, 0.4509163796901703, 0.42864036560058594, 0.9899651408195496, 0.11692611873149872, 0.1754727065563202, 1.5386803150177002, 0.8001182079315186, 0.7818055748939514, 0.7818055748939514, inf, '02:25']
[52, 0.44676530361175537, 0.43344566226005554, 0.988608717918396, 0.1131625846028328, 0.17621874809265137, 1.5857683420181274, 0.8050061464309692, 0.789400577545166, 0.789400577545166, inf, '02:24']
[53, 0.4563634693622589, 0.43277379870414734, 0.9897048473358154, 0.11334266513586044, 0.17561699450016022, 1.5501419305801392, 0.8081490993499756, 0.7903010845184326, 0.7903010845184326, inf, '02:24']
[54, 0.45189470052719116, 0.4392893612384796, 0.9876717925071716, 0.10554683953523636, 0.17658376693725586, 1.6078846454620361, 0.8113193511962891, 0.7960690855979919, 0.7960690855979919, inf, '02:30']
[55, 0.45508843660354614, 0.42904457449913025, 0.9913943409919739, 0.11536364257335663, 0.17469672858715057, 1.4546277523040771, 0.8089699745178223, 0.7861821055412292, 0.7861821055412292, inf, '02:24']
[56, 0.45124414563179016, 0.4321458041667938, 0.9901958107948303, 0.11338388174772263, 0.17556896805763245, 1.5273488759994507, 0.8149705529212952, 0.7915971875190735, 0.7915971875190735, inf, '02:25']
[57, 0.44642606377601624, 0.4375654458999634, 0.9892856478691101, 0.1060129925608635, 0.175816148519516, 1.552264928817749, 0.8177239298820496, 0.7972177267074585, 0.7972177267074585, inf, '02:24']
[58, 0.45374512672424316, 0.4552479386329651, 0.9876033663749695, 0.08655091375112534, 0.1767960488796234, 1.5770587921142578, 0.8473509550094604, 0.828338623046875, 0.828338623046875, inf, '02:24']
[59, 0.4446519911289215, 0.4459860026836395, 0.9916810989379883, 0.09088435769081116, 0.17445828020572662, 1.3750139474868774, 0.8427497148513794, 0.8200620412826538, 0.8200620412826538, inf, '02:25']
[60, 0.4527811110019684, 0.440560519695282, 0.9847334027290344, 0.10852675139904022, 0.17836830019950867, 1.6815980672836304, 0.8081091642379761, 0.7961062788963318, 0.7961062788963318, inf, '02:24']
No improvement since epoch 51: early stopping
----------
2
----------
DLS create!
[0, 0.5301443338394165, 0.5095988512039185, 0.9927894473075867, 0.0, 0.18069668114185333, 1.319328784942627, 0.9722336530685425, 0.9695338606834412, 0.9695338606834412, 0.0, '02:25']
[1, 0.5045696496963501, 0.5090882182121277, 0.9918704032897949, 0.014574317261576653, 0.17468878626823425, 1.2358297109603882, 0.9758809208869934, 0.9747641682624817, 0.9747641682624817, 0.5242550373077393, '02:25']
[2, 0.4903968870639801, 0.5515759587287903, 0.9333453178405762, 0.030722955241799355, 0.20243848860263824, 1.84093177318573, 0.9291214942932129, 0.9482542872428894, 0.9482542872428894, 32.528621673583984, '02:24']
[3, 0.49129948019981384, 0.5007268786430359, 0.9813576340675354, 0.04396707937121391, 0.18072059750556946, 1.6454612016677856, 0.9308657050132751, 0.9366521239280701, 0.9366521239280701, 6.014883995056152, '02:25']
[4, 0.4891595244407654, 0.5022441744804382, 0.9909064769744873, 0.030165255069732666, 0.1747060865163803, 1.3535562753677368, 0.9528644680976868, 0.9541198015213013, 0.9541198015213013, 1.1149401664733887, '02:24']
[5, 0.48730719089508057, 0.49318620562553406, 0.9877411127090454, 0.041726965457201004, 0.1763262152671814, 1.528486728668213, 0.9278258085250854, 0.932460367679596, 0.932460367679596, 2.7718167304992676, '02:24']
[6, 0.48406222462654114, 0.4858507513999939, 0.9823660850524902, 0.055293262004852295, 0.17887331545352936, 1.6613084077835083, 0.8975746631622314, 0.9083794355392456, 0.9083794355392456, 5.82183313369751, '02:24']
[7, 0.47934573888778687, 0.4839971959590912, 0.9847639203071594, 0.05559111386537552, 0.17776936292648315, 1.6340590715408325, 0.8969994783401489, 0.9066868424415588, 0.9066868424415588, 4.483458042144775, '02:24']
[8, 0.47307223081588745, 0.47811609506607056, 0.9908339977264404, 0.057160139083862305, 0.17461790144443512, 1.4054057598114014, 0.8972065448760986, 0.9049708247184753, 0.9049708247184753, 1.4011778831481934, '02:24']
[9, 0.4667244255542755, 0.47688472270965576, 0.9873391389846802, 0.0634547546505928, 0.17639479041099548, 1.585584282875061, 0.8808639645576477, 0.8899094462394714, 0.8899094462394714, 3.2064285278320312, '02:24']
[10, 0.4698660373687744, 0.5043062567710876, 0.9696825742721558, 0.051700614392757416, 0.18541362881660461, 1.788151741027832, 0.8885393738746643, 0.9121017456054688, 0.9121017456054688, 12.292816162109375, '02:24']
[11, 0.4736346900463104, 0.48455631732940674, 0.9913620352745056, 0.05383576452732086, 0.1745741069316864, 1.3537817001342773, 0.9159866571426392, 0.9206476211547852, 0.9206476211547852, 0.9885496497154236, '02:24']
[12, 0.46280035376548767, 0.4701668322086334, 0.9903895258903503, 0.06738390028476715, 0.17484435439109802, 1.4293752908706665, 0.8802173137664795, 0.8878042697906494, 0.8878042697906494, 1.5649118423461914, '02:24']
[13, 0.46445780992507935, 0.5102294087409973, 0.9648217558860779, 0.05041880905628204, 0.18759946525096893, 1.8119308948516846, 0.8797235488891602, 0.9124746918678284, 0.9124746918678284, 15.036603927612305, '02:24']
[14, 0.4694867730140686, 0.4793800711631775, 0.9914175868034363, 0.0549328550696373, 0.17431388795375824, 1.351548433303833, 0.9017553925514221, 0.9092088341712952, 0.9092088341712952, 0.9838106632232666, '02:24']
[15, 0.4637385904788971, 0.480442076921463, 0.9863594770431519, 0.06046015024185181, 0.17705954611301422, 1.6125788688659668, 0.8876997232437134, 0.8990354537963867, 0.8990354537963867, 3.881361246109009, '02:24']
[16, 0.4581710398197174, 0.46975016593933105, 0.9882979393005371, 0.07146424800157547, 0.17581526935100555, 1.542258858680725, 0.8686385750770569, 0.8771215677261353, 0.8771215677261353, 2.9819228649139404, '02:24']
[17, 0.45552366971969604, 0.4618387818336487, 0.9893519282341003, 0.07932347059249878, 0.17538249492645264, 1.5158320665359497, 0.8544533252716064, 0.86453777551651, 0.8645378947257996, 2.359708309173584, '02:24']
[18, 0.4636985659599304, 0.5080265402793884, 0.9657642245292664, 0.05276322737336159, 0.1873057782649994, 1.813133955001831, 0.8727816343307495, 0.9086461067199707, 0.9086461067199707, 14.072216033935547, '02:26']
[19, 0.470365434885025, 0.47327810525894165, 0.9902210235595703, 0.06325697898864746, 0.1749081015586853, 1.4536679983139038, 0.8868217468261719, 0.8948709964752197, 0.8948709964752197, 1.8313957452774048, '02:27']
[20, 0.4551900327205658, 0.4624648094177246, 0.9868658185005188, 0.07830219715833664, 0.1767388880252838, 1.5997737646102905, 0.8564536571502686, 0.868667483329773, 0.868667483329773, 3.579400062561035, '02:23']
[21, 0.45313191413879395, 0.47301775217056274, 0.9826840758323669, 0.0736268013715744, 0.17894282937049866, 1.676031470298767, 0.8596296906471252, 0.876960813999176, 0.876960813999176, 4.662409782409668, '02:25']
[22, 0.45571115612983704, 0.46270811557769775, 0.9854828119277954, 0.08157277852296829, 0.1773875653743744, 1.6259002685546875, 0.8444231152534485, 0.8618868589401245, 0.8618868589401245, 4.100565433502197, '02:27']
[23, 0.46225467324256897, 0.4621562659740448, 0.987116277217865, 0.07977619022130966, 0.17652612924575806, 1.5811426639556885, 0.8522250652313232, 0.8660022616386414, 0.8660022616386414, 3.377431869506836, '02:24']
[24, 0.45284342765808105, 0.4748881161212921, 0.991572916507721, 0.05931420624256134, 0.17413635551929474, 1.3434616327285767, 0.8867840766906738, 0.8978508710861206, 0.8978508114814758, 0.9459537267684937, '02:24']
[25, 0.4550638496875763, 0.458324134349823, 0.9902602434158325, 0.08160332590341568, 0.17494992911815643, 1.4608533382415771, 0.8569436073303223, 0.8653367161750793, 0.8653367161750793, 1.8141629695892334, '02:24']
[26, 0.44716957211494446, 0.4597354531288147, 0.9894822239875793, 0.08007513731718063, 0.17542079091072083, 1.4826754331588745, 0.861175000667572, 0.8676972389221191, 0.8676972389221191, 1.9203072786331177, '02:24']
[27, 0.44453027844429016, 0.45665761828422546, 0.9849684238433838, 0.09040370583534241, 0.17783011496067047, 1.614473581314087, 0.8329864740371704, 0.8497937917709351, 0.8497937917709351, 4.075683116912842, '02:24']
[28, 0.448312908411026, 0.4581994414329529, 0.9889703392982483, 0.08296792209148407, 0.17562440037727356, 1.4848272800445557, 0.8559201955795288, 0.8625576496124268, 0.8625576496124268, 1.8563904762268066, '02:24']
[29, 0.4409448802471161, 0.48183315992355347, 0.9762014150619507, 0.07040657103061676, 0.18207131326198578, 1.753828525543213, 0.85045325756073, 0.8794111013412476, 0.8794111013412476, 7.948339462280273, '02:24']
[30, 0.4510344862937927, 0.45710259675979614, 0.9918810129165649, 0.08445999771356583, 0.17414343357086182, 1.302908182144165, 0.8594540953636169, 0.8668279647827148, 0.8668279647827148, 0.7122066617012024, '02:24']
[31, 0.4582826793193817, 0.5000938177108765, 0.9681396484375, 0.06372605264186859, 0.18642500042915344, 1.805675745010376, 0.8515372276306152, 0.889534056186676, 0.889534056186676, 12.220964431762695, '02:24']
[32, 0.4488185942173004, 0.4907788336277008, 0.9733586311340332, 0.06506862491369247, 0.18352216482162476, 1.77894127368927, 0.8525010347366333, 0.8863271474838257, 0.8863271474838257, 10.140057563781738, '02:24']
[33, 0.4482934772968292, 0.4446824789047241, 0.9902294278144836, 0.09832311421632767, 0.17503821849822998, 1.4540599584579468, 0.8341673016548157, 0.8418282866477966, 0.8418282866477966, 1.645459771156311, '02:25']
[34, 0.44844919443130493, 0.4511350393295288, 0.9914926290512085, 0.08963403105735779, 0.17437197268009186, 1.3380897045135498, 0.8470551371574402, 0.8540104031562805, 0.8540104031562805, 0.9350818991661072, '02:25']
[35, 0.44681668281555176, 0.4433205723762512, 0.9903697967529297, 0.10111409425735474, 0.1749487668275833, 1.458167314529419, 0.828127920627594, 0.8356859087944031, 0.8356859087944031, 1.6516637802124023, '02:26']
[36, 0.444515198469162, 0.44877222180366516, 0.9876105189323425, 0.0966959297657013, 0.17642849683761597, 1.5816905498504639, 0.8272921442985535, 0.8408305644989014, 0.8408305048942566, 3.1723310947418213, '02:24']
[37, 0.45529600977897644, 0.4947531223297119, 0.9680716395378113, 0.0673307254910469, 0.1867532879114151, 1.8101832866668701, 0.8464010953903198, 0.8857472538948059, 0.8857472538948059, 12.658287048339844, '02:24']
[38, 0.44483113288879395, 0.462094247341156, 0.9922949075698853, 0.07432056218385696, 0.1738223284482956, 1.2237008810043335, 0.8612771034240723, 0.8740635514259338, 0.8740635514259338, 0.4507564902305603, '02:24']
[39, 0.443683922290802, 0.47719502449035645, 0.975639283657074, 0.07911886274814606, 0.18322135508060455, 1.7627395391464233, 0.8381760716438293, 0.8708038926124573, 0.8708038926124573, 8.98888874053955, '02:26']
[40, 0.4322786033153534, 0.4675441086292267, 0.9914305210113525, 0.0682186633348465, 0.17434149980545044, 1.2828474044799805, 0.875762939453125, 0.884404718875885, 0.884404718875885, 0.6943634152412415, '02:24']
[41, 0.439967542886734, 0.452700138092041, 0.9919614791870117, 0.08834005147218704, 0.17409037053585052, 1.2720022201538086, 0.8508633375167847, 0.8588253259658813, 0.8588253259658813, 0.641499936580658, '02:24']
[42, 0.44249874353408813, 0.4803599715232849, 0.9797194600105286, 0.06690430641174316, 0.18022753298282623, 1.6712596416473389, 0.871790885925293, 0.8865070343017578, 0.8865070343017578, 7.716034412384033, '02:25']
[43, 0.44102442264556885, 0.45555880665779114, 0.9849350452423096, 0.09145258367061615, 0.17792125046253204, 1.6216646432876587, 0.8291592001914978, 0.8480232954025269, 0.8480232954025269, 3.739739179611206, '02:25']
[44, 0.43438538908958435, 0.45684629678726196, 0.9867168068885803, 0.08576537668704987, 0.17687271535396576, 1.5934537649154663, 0.8390407562255859, 0.8533591628074646, 0.8533591628074646, 3.1724252700805664, '02:24']
No improvement since epoch 35: early stopping
----------
3
----------
DLS create!
[0, 0.5182245373725891, 0.5099104046821594, 0.9926014542579651, 0.0, 0.17805565893650055, 1.2278153896331787, 0.9801748394966125, 0.9741572141647339, 0.9741572141647339, 0.0, '02:25']
[1, 0.5054782032966614, 0.49907055497169495, 0.9926009178161621, 3.7607028389174957e-06, 0.17823098599910736, 1.3696269989013672, 0.9505425691604614, 0.9478808045387268, 0.9478808045387268, 0.00022513698786497116, '02:24']
[2, 0.49507567286491394, 0.4963418245315552, 0.9925878047943115, 0.00017448134894948453, 0.1788405478000641, 1.3960055112838745, 0.9367304444313049, 0.9370623826980591, 0.9370623826980591, 0.004330356605350971, '02:25']
[3, 0.49437958002090454, 0.4914249777793884, 0.9843588471412659, 0.05047502741217613, 0.17721129953861237, 1.371003270149231, 0.9337164759635925, 0.9309213161468506, 0.9309213161468506, 2.296055793762207, '02:23']
[4, 0.4940811097621918, 0.49468448758125305, 0.9881298542022705, 0.04589540883898735, 0.17700400948524475, 1.3527084589004517, 0.9408407807350159, 0.9410750269889832, 0.9410750269889832, 1.8087438344955444, '02:24']
[5, 0.49741554260253906, 0.49444809556007385, 0.9763563275337219, 0.055793993175029755, 0.18115603923797607, 1.4365605115890503, 0.9265603423118591, 0.9327077269554138, 0.9327077269554138, 5.586775302886963, '02:24']
[6, 0.4873530864715576, 0.48849257826805115, 0.9894369840621948, 0.053684063255786896, 0.17480134963989258, 1.2840447425842285, 0.9272820353507996, 0.9270012378692627, 0.9270012378692627, 1.0456758737564087, '02:24']
[7, 0.48763948678970337, 0.48975956439971924, 0.9821379780769348, 0.05824599787592888, 0.17812761664390564, 1.4140642881393433, 0.9240342974662781, 0.925512433052063, 0.925512433052063, 3.7363569736480713, '02:24']
[8, 0.4899558424949646, 0.4785327613353729, 0.9880897998809814, 0.07121392339468002, 0.17562809586524963, 1.3436475992202759, 0.9084970355033875, 0.9087281823158264, 0.9087281823158264, 1.7520091533660889, '02:25']
[9, 0.48503372073173523, 0.4849891662597656, 0.9894959926605225, 0.05878347530961037, 0.17514173686504364, 1.3110471963882446, 0.9240607023239136, 0.9236337542533875, 0.9236337542533875, 1.1773000955581665, '02:25']
[10, 0.4846966862678528, 0.48709142208099365, 0.9768219590187073, 0.06013898178935051, 0.1793312132358551, 1.4693732261657715, 0.9068213105201721, 0.914650022983551, 0.914650022983551, 5.472565174102783, '02:26']
[11, 0.4823206663131714, 0.47493186593055725, 0.985486626625061, 0.07502499967813492, 0.17647121846675873, 1.403769612312317, 0.8980731964111328, 0.8992442488670349, 0.8992442488670349, 2.4231483936309814, '02:24']
[12, 0.4783843457698822, 0.47427719831466675, 0.9883530139923096, 0.07622053474187851, 0.17528657615184784, 1.3466236591339111, 0.8988583087921143, 0.8995020389556885, 0.8995020389556885, 1.6045596599578857, '02:26']
[13, 0.47868508100509644, 0.48564252257347107, 0.9839237332344055, 0.0565035305917263, 0.17719493806362152, 1.4365291595458984, 0.921203076839447, 0.9207978248596191, 0.9207978248596191, 3.069410800933838, '02:25']
[14, 0.47894468903541565, 0.4843984544277191, 0.9745115041732788, 0.06561503559350967, 0.18062762916088104, 1.5168120861053467, 0.8939008116722107, 0.9065558314323425, 0.9065558314323425, 6.316947937011719, '02:24']
[15, 0.47290852665901184, 0.4696720242500305, 0.9880091547966003, 0.079391710460186, 0.17544686794281006, 1.3764888048171997, 0.8866435885429382, 0.8889673352241516, 0.8889673352241516, 1.8435853719711304, '02:24']
[16, 0.47035595774650574, 0.47352734208106995, 0.9901233315467834, 0.07296197861433029, 0.17462016642093658, 1.3011815547943115, 0.897276759147644, 0.8990547060966492, 0.8990547060966492, 1.0145961046218872, '02:25']
[17, 0.4725176692008972, 0.4763684868812561, 0.990623414516449, 0.06754478067159653, 0.1744672954082489, 1.279387354850769, 0.9023838043212891, 0.9041255712509155, 0.9041255712509155, 0.7868019938468933, '02:25']
[18, 0.4662539064884186, 0.4616842567920685, 0.988472044467926, 0.08721093088388443, 0.17528699338436127, 1.379880666732788, 0.8715126514434814, 0.873900294303894, 0.873900294303894, 1.6431888341903687, '02:25']
[19, 0.46978822350502014, 0.46552589535713196, 0.9816800355911255, 0.08327244967222214, 0.17814558744430542, 1.4950501918792725, 0.8693303465843201, 0.8794618844985962, 0.8794618844985962, 3.696200370788574, '02:24']
[20, 0.4642721116542816, 0.46905696392059326, 0.9912139773368835, 0.07435501366853714, 0.17412413656711578, 1.239393949508667, 0.8796645998954773, 0.8885970115661621, 0.8885970115661621, 0.5967853665351868, '02:24']
[21, 0.46208876371383667, 0.4654919505119324, 0.989465594291687, 0.08143772929906845, 0.17482957243919373, 1.337199330329895, 0.8759903311729431, 0.8788986206054688, 0.8788986206054688, 1.1339818239212036, '02:23']
[22, 0.46408629417419434, 0.4610663950443268, 0.9850654602050781, 0.08722282946109772, 0.17699311673641205, 1.4820606708526611, 0.8639485239982605, 0.873661458492279, 0.873661458492279, 2.7011542320251465, '02:24']
[23, 0.4530330002307892, 0.4681462049484253, 0.9891683459281921, 0.07761839777231216, 0.1750205159187317, 1.3720407485961914, 0.880248486995697, 0.8823340535163879, 0.8823340535163879, 1.3637218475341797, '02:27']
[24, 0.45890146493911743, 0.4630652666091919, 0.9817031025886536, 0.08474894613027573, 0.17844921350479126, 1.5684685707092285, 0.8584367632865906, 0.8687840104103088, 0.8687840104103088, 3.566126823425293, '02:25']
[25, 0.45481112599372864, 0.4537450075149536, 0.9906207323074341, 0.09086550772190094, 0.1745501160621643, 1.334168791770935, 0.8534596562385559, 0.8592892289161682, 0.8592892289161682, 0.972527027130127, '02:24']
[26, 0.45553675293922424, 0.48517733812332153, 0.9699453115463257, 0.07052423059940338, 0.1849050223827362, 1.757391095161438, 0.8459288477897644, 0.8781049847602844, 0.8781049847602844, 7.323782444000244, '02:25']
[27, 0.45801296830177307, 0.4920445382595062, 0.992496132850647, 0.040776558220386505, 0.17347894608974457, 1.0902515649795532, 0.9026634097099304, 0.9288557171821594, 0.9288557171821594, 0.14743448793888092, '02:24']
[28, 0.4588063061237335, 0.44600579142570496, 0.9909794330596924, 0.09747575968503952, 0.1744573563337326, 1.3111878633499146, 0.8374397158622742, 0.842488169670105, 0.842488169670105, 0.7546778321266174, '02:25']
[29, 0.4503786563873291, 0.4755592346191406, 0.9769479632377625, 0.07723651826381683, 0.18184393644332886, 1.7184128761291504, 0.8404330015182495, 0.8655501008033752, 0.8655501008033752, 4.9785261154174805, '02:24']
[30, 0.44597309827804565, 0.47449028491973877, 0.9748355746269226, 0.08005990833044052, 0.1829553097486496, 1.7367260456085205, 0.8331024646759033, 0.8621570467948914, 0.8621570467948914, 5.775315761566162, '02:24']
[31, 0.44906729459762573, 0.44953638315200806, 0.9865865707397461, 0.0961117222905159, 0.1767617017030716, 1.5359302759170532, 0.826971173286438, 0.8379980325698853, 0.8379980325698853, 2.1143126487731934, '02:25']
[32, 0.449273943901062, 0.46308234333992004, 0.9837566018104553, 0.08627676963806152, 0.17857322096824646, 1.5797916650772095, 0.8480797410011292, 0.8633232116699219, 0.8633232116699219, 2.8364620208740234, '02:24']
[33, 0.438632071018219, 0.455413281917572, 0.9835242033004761, 0.09322366118431091, 0.17837294936180115, 1.5921119451522827, 0.8265249729156494, 0.8421840667724609, 0.8421840667724609, 2.628526210784912, '02:26']
[34, 0.440738320350647, 0.464237242937088, 0.9815924167633057, 0.08339875191450119, 0.17925411462783813, 1.6405284404754639, 0.835817277431488, 0.854093074798584, 0.854093074798584, 3.4691689014434814, '02:24']
[35, 0.4440029561519623, 0.4463967978954315, 0.9878463745117188, 0.09862219542264938, 0.17624180018901825, 1.497475028038025, 0.8282359838485718, 0.8374097943305969, 0.8374097943305969, 1.8188740015029907, '02:24']
[36, 0.44366711378097534, 0.4951632022857666, 0.9701516032218933, 0.06533433496952057, 0.1852002590894699, 1.774392008781433, 0.8518344163894653, 0.8830801248550415, 0.8830801248550415, 6.959693431854248, '02:24']
[37, 0.4454672336578369, 0.442088782787323, 0.9863764047622681, 0.10539702326059341, 0.17698660492897034, 1.5230752229690552, 0.8173778653144836, 0.8282372355461121, 0.8282372355461121, 1.9706918001174927, '02:25']
[38, 0.44805118441581726, 0.45193615555763245, 0.9873021245002747, 0.09328239411115646, 0.1763443648815155, 1.5101068019866943, 0.8358577489852905, 0.8431260585784912, 0.8431260585784912, 1.894892692565918, '02:25']
[39, 0.44314044713974, 0.4812953770160675, 0.9920228123664856, 0.05374816805124283, 0.1738000214099884, 1.1711891889572144, 0.8957687020301819, 0.9081893563270569, 0.9081893563270569, 0.3632684051990509, '02:24']
[40, 0.4458492696285248, 0.4439448118209839, 0.98727947473526, 0.1016814112663269, 0.17647314071655273, 1.4923453330993652, 0.8210360407829285, 0.8301858901977539, 0.8301858901977539, 1.7347943782806396, '02:24']
[41, 0.44189557433128357, 0.44606640934944153, 0.9897382259368896, 0.09761589020490646, 0.1750955432653427, 1.3320540189743042, 0.8328777551651001, 0.839091420173645, 0.839091420173645, 0.8907963633537292, '02:24']
[42, 0.439196914434433, 0.44287919998168945, 0.989567220211029, 0.1023595854640007, 0.175240620970726, 1.3801164627075195, 0.8259349465370178, 0.8313323855400085, 0.8313323855400085, 1.060302972793579, '02:24']
[43, 0.42918187379837036, 0.4770777225494385, 0.9730451107025146, 0.08383415639400482, 0.18393942713737488, 1.743340015411377, 0.822184145450592, 0.8547338247299194, 0.8547338247299194, 5.709368705749512, '02:25']
[44, 0.4393588900566101, 0.44241437315940857, 0.9904775023460388, 0.10193000733852386, 0.17471574246883392, 1.358228325843811, 0.823941171169281, 0.8296530842781067, 0.8296530842781067, 0.9480704665184021, '02:24']
[45, 0.44220125675201416, 0.4797779321670532, 0.9853332042694092, 0.06648562848567963, 0.17733202874660492, 1.567566990852356, 0.8752174973487854, 0.8839128017425537, 0.8839128613471985, 2.7473347187042236, '02:24']
[46, 0.4393185079097748, 0.43323972821235657, 0.9884984493255615, 0.11391688138246536, 0.17595358192920685, 1.471147060394287, 0.8097922801971436, 0.815884530544281, 0.815884530544281, 1.7234187126159668, '02:24']
[47, 0.4370218813419342, 0.4993773102760315, 0.9658068418502808, 0.0635160356760025, 0.1871410310268402, 1.7717972993850708, 0.8510963320732117, 0.8863307237625122, 0.8863307237625122, 8.803997993469238, '02:24']
[48, 0.44333359599113464, 0.4434444308280945, 0.9902945756912231, 0.10007559508085251, 0.1748637855052948, 1.3532837629318237, 0.8304997086524963, 0.8348326086997986, 0.8348326086997986, 0.8883616328239441, '02:25']
[49, 0.4480585753917694, 0.4579774737358093, 0.9923245310783386, 0.08335962146520615, 0.17370447516441345, 1.1591582298278809, 0.8479902148246765, 0.8640303611755371, 0.8640303611755371, 0.3278957009315491, '02:25']
[50, 0.4442785084247589, 0.4577820897102356, 0.9874639511108398, 0.0862806886434555, 0.17621876299381256, 1.4796135425567627, 0.8488113284111023, 0.8556151986122131, 0.8556151986122131, 1.8548444509506226, '02:24']
[51, 0.4387645423412323, 0.438524067401886, 0.988138735294342, 0.11030084639787674, 0.17617082595825195, 1.4736459255218506, 0.8166072964668274, 0.8227377533912659, 0.8227377533912659, 1.554523229598999, '02:23']
[52, 0.4423711895942688, 0.44063708186149597, 0.9903417825698853, 0.10180964320898056, 0.17487308382987976, 1.3487029075622559, 0.8225821852684021, 0.8308383822441101, 0.8308383822441101, 0.979085385799408, '02:25']
[53, 0.4335978329181671, 0.4541986584663391, 0.9841598272323608, 0.0938517227768898, 0.17806392908096313, 1.5595180988311768, 0.8258194327354431, 0.8400992751121521, 0.8400992751121521, 2.6064724922180176, '02:23']
[54, 0.4352530539035797, 0.43555566668510437, 0.9894452095031738, 0.11208714544773102, 0.17537134885787964, 1.4240986108779907, 0.8143223524093628, 0.8191124796867371, 0.8191124796867371, 1.35712730884552, '02:23']
[55, 0.4419376850128174, 0.4557107388973236, 0.9858115315437317, 0.08962142467498779, 0.17718365788459778, 1.5443930625915527, 0.8424819111824036, 0.8500234484672546, 0.8500234484672546, 2.24493670463562, '02:24']
No improvement since epoch 46: early stopping
----------
4
----------
DLS create!
[0, 0.5138912796974182, 0.5223708748817444, 0.9902142286300659, nan, 0.17544548213481903, 1.1408954858779907, 0.9930468201637268, 0.9780264496803284, 0.9780264496803284, nan, '02:24']
[1, 0.502751350402832, 0.49838361144065857, 0.9862059354782104, 0.04581688717007637, 0.17624324560165405, 1.4100773334503174, 0.9369900822639465, 0.9250078797340393, 0.9250078797340393, inf, '02:24']
[2, 0.49071288108825684, 0.4927504360675812, 0.9739623665809631, 0.05976007878780365, 0.18159328401088715, 1.6468238830566406, 0.8984296917915344, 0.8943350315093994, 0.8943350315093994, inf, '02:24']
[3, 0.4945186674594879, 0.4961417615413666, 0.9868677258491516, 0.04501791670918465, 0.17540961503982544, 1.371569275856018, 0.9292159080505371, 0.9195115566253662, 0.9195115566253662, inf, '02:25']
[4, 0.4895467460155487, 0.5006640553474426, 0.9890932440757751, 0.03715736046433449, 0.17436715960502625, 1.2528839111328125, 0.935932993888855, 0.9296925663948059, 0.9296925663948059, inf, '02:25']
[5, 0.4881577789783478, 0.501957356929779, 0.9872614145278931, 0.05314101278781891, 0.17700833082199097, 1.3784489631652832, 0.9427518844604492, 0.9310110211372375, 0.9310110211372375, inf, '02:25']
[6, 0.48619332909584045, 0.4828622341156006, 0.9826253056526184, 0.06537558883428574, 0.17766784131526947, 1.5501374006271362, 0.8923065066337585, 0.8841760754585266, 0.8841760754585266, inf, '02:25']
[7, 0.48316627740859985, 0.4844127893447876, 0.9836412668228149, 0.06437897682189941, 0.17702196538448334, 1.5128090381622314, 0.8947505354881287, 0.8866131901741028, 0.8866131901741028, inf, '02:25']
[8, 0.47407403588294983, 0.4762001931667328, 0.9795647859573364, 0.07839620113372803, 0.17922218143939972, 1.6169970035552979, 0.8637983798980713, 0.8604289889335632, 0.8604289889335632, inf, '02:25']
[9, 0.4786820709705353, 0.470296174287796, 0.9818098545074463, 0.08142420649528503, 0.17814679443836212, 1.568588137626648, 0.8623363971710205, 0.8594672083854675, 0.8594672083854675, inf, '02:25']
[10, 0.4804554283618927, 0.476905882358551, 0.986951470375061, 0.06794427335262299, 0.17577897012233734, 1.4291644096374512, 0.8888432383537292, 0.8835428357124329, 0.8835427165031433, inf, '02:25']
[11, 0.47415676712989807, 0.46773380041122437, 0.9831205606460571, 0.08326330035924911, 0.1776704043149948, 1.5421091318130493, 0.8675233721733093, 0.86130291223526, 0.86130291223526, inf, '02:25']
[12, 0.48008689284324646, 0.46831557154655457, 0.9870090484619141, 0.08108358830213547, 0.17559649050235748, 1.4152971506118774, 0.874142587184906, 0.8674979209899902, 0.8674979209899902, inf, '02:25']
[13, 0.4712066054344177, 0.47619789838790894, 0.9836190342903137, 0.07403065264225006, 0.17712529003620148, 1.5332980155944824, 0.873334527015686, 0.8679587841033936, 0.8679587841033936, inf, '02:25']
[14, 0.46618396043777466, 0.48411959409713745, 0.973211407661438, 0.07569774985313416, 0.18251337110996246, 1.6956889629364014, 0.8590468168258667, 0.8643060922622681, 0.8643060922622681, inf, '02:25']
[15, 0.46973609924316406, 0.46305233240127563, 0.9860473275184631, 0.08852389454841614, 0.17603051662445068, 1.4540272951126099, 0.8593394160270691, 0.8536278009414673, 0.8536278009414673, inf, '02:25']
[16, 0.47180673480033875, 0.47500866651535034, 0.9766517877578735, 0.08123639225959778, 0.1805052012205124, 1.6482343673706055, 0.8504360914230347, 0.8555819392204285, 0.8555819392204285, inf, '02:25']
[17, 0.46335241198539734, 0.4704727828502655, 0.9771053791046143, 0.0875135213136673, 0.18067939579486847, 1.6667450666427612, 0.8343477249145508, 0.8438360691070557, 0.8438360691070557, inf, '02:25']
[18, 0.459549218416214, 0.5024233460426331, 0.9619951844215393, 0.06945735216140747, 0.18795756995677948, 1.7716138362884521, 0.8549222946166992, 0.8709583878517151, 0.8709583878517151, inf, '02:25']
[19, 0.46258434653282166, 0.44613954424858093, 0.9860372543334961, 0.10843351483345032, 0.17611286044120789, 1.488021969795227, 0.8170716762542725, 0.8148461580276489, 0.8148461580276489, inf, '02:25']
[20, 0.45851579308509827, 0.45900994539260864, 0.9830124378204346, 0.09560760855674744, 0.17769263684749603, 1.5659023523330688, 0.83552086353302, 0.8342820405960083, 0.8342820405960083, inf, '02:25']
[21, 0.46211889386177063, 0.4545208811759949, 0.9848184585571289, 0.09953247755765915, 0.17682842910289764, 1.5163264274597168, 0.8338313102722168, 0.8318665623664856, 0.8318665623664856, inf, '02:25']
[22, 0.4663121700286865, 0.4787542223930359, 0.9719811677932739, 0.0820496678352356, 0.18339358270168304, 1.7115451097488403, 0.8410869836807251, 0.8545912504196167, 0.8545912504196167, inf, '02:25']
[23, 0.45784372091293335, 0.4512192904949188, 0.9890764355659485, 0.10161999613046646, 0.17445306479930878, 1.3116286993026733, 0.829210638999939, 0.8294556736946106, 0.8294556736946106, inf, '02:25']
[24, 0.45205971598625183, 0.46053627133369446, 0.9843034148216248, 0.09693271666765213, 0.17704254388809204, 1.5242518186569214, 0.8341169953346252, 0.8289757966995239, 0.8289757966995239, inf, '02:25']
[25, 0.45369425415992737, 0.45821523666381836, 0.989189088344574, 0.09350748360157013, 0.17433728277683258, 1.3020612001419067, 0.8391379117965698, 0.8376035094261169, 0.8376035094261169, inf, '02:25']
[26, 0.44795113801956177, 0.45084652304649353, 0.9830664396286011, 0.10593486577272415, 0.1777653843164444, 1.570380687713623, 0.8169957995414734, 0.8186264038085938, 0.8186264038085938, inf, '02:25']
[27, 0.45668038725852966, 0.47428518533706665, 0.9903680086135864, 0.07444240897893906, 0.1736946851015091, 1.1445995569229126, 0.8688015341758728, 0.8765851855278015, 0.8765851855278015, inf, '02:25']
[28, 0.4474349319934845, 0.44486358761787415, 0.9884346723556519, 0.10865792632102966, 0.17481906712055206, 1.371311902999878, 0.815028190612793, 0.812843918800354, 0.8128440380096436, inf, '02:25']
[29, 0.44869619607925415, 0.43983468413352966, 0.9879788160324097, 0.11385685950517654, 0.1752568930387497, 1.4103692770004272, 0.8078911900520325, 0.8047589659690857, 0.8047589659690857, inf, '02:25']
[30, 0.44879159331321716, 0.5149822235107422, 0.9905521273612976, 0.02245653234422207, 0.1733788549900055, 1.0338703393936157, 0.929657518863678, 0.9480475187301636, 0.9480475187301636, inf, '02:25']
[31, 0.4477950632572174, 0.43870827555656433, 0.9868381023406982, 0.11518608778715134, 0.17587535083293915, 1.4539844989776611, 0.8058354258537292, 0.8043354153633118, 0.8043354153633118, inf, '02:25']
[32, 0.4460602104663849, 0.4594700038433075, 0.9806892275810242, 0.10138382762670517, 0.1789148449897766, 1.6016156673431396, 0.8164081573486328, 0.8214026093482971, 0.8214026093482971, inf, '02:25']
[33, 0.4516628384590149, 0.4736805260181427, 0.9716443419456482, 0.09400275349617004, 0.18365658819675446, 1.7080389261245728, 0.8116594552993774, 0.8325241208076477, 0.8325241208076477, inf, '02:25']
[34, 0.4482273757457733, 0.438527375459671, 0.9865300059318542, 0.11809632927179337, 0.17599153518676758, 1.4467698335647583, 0.8015375733375549, 0.8006359934806824, 0.8006359934806824, inf, '02:25']
[35, 0.44615790247917175, 0.44149789214134216, 0.9868637919425964, 0.11265849322080612, 0.17574357986450195, 1.4515458345413208, 0.8109366297721863, 0.8083426356315613, 0.8083426356315613, inf, '02:25']
[36, 0.4463074505329132, 0.4301075041294098, 0.9881307482719421, 0.12780840694904327, 0.1751413643360138, 1.3959280252456665, 0.7891322374343872, 0.7874671816825867, 0.7874671816825867, inf, '02:25']
[37, 0.45238202810287476, 0.4640057682991028, 0.9901329874992371, 0.08183958381414413, 0.17384456098079681, 1.1937222480773926, 0.8532184362411499, 0.8579205274581909, 0.8579205274581909, inf, '02:25']
[38, 0.4334484338760376, 0.44026046991348267, 0.9884377717971802, 0.11637141555547714, 0.1748565286397934, 1.3698980808258057, 0.8036996722221375, 0.8003657460212708, 0.8003657460212708, inf, '02:25']
[39, 0.4450441300868988, 0.4271351993083954, 0.9877508878707886, 0.1319764256477356, 0.17537230253219604, 1.4106879234313965, 0.7880852818489075, 0.7859074473381042, 0.7859074473381042, inf, '02:25']
[40, 0.4501802921295166, 0.44662728905677795, 0.9880857467651367, 0.10553695261478424, 0.17508451640605927, 1.3801536560058594, 0.825224757194519, 0.821919858455658, 0.821919858455658, inf, '02:25']
[41, 0.44891607761383057, 0.43255460262298584, 0.9878033995628357, 0.12469198554754257, 0.175324946641922, 1.4036577939987183, 0.7981886267662048, 0.7936590313911438, 0.7936590313911438, inf, '02:25']
[42, 0.44432857632637024, 0.44819754362106323, 0.9813424944877625, 0.11078215390443802, 0.1786569207906723, 1.5896804332733154, 0.7986962199211121, 0.8074504733085632, 0.8074504733085632, inf, '02:25']
[43, 0.4421888589859009, 0.4589218199253082, 0.9895758032798767, 0.0912499949336052, 0.1741662472486496, 1.2658061981201172, 0.8347316384315491, 0.8403348922729492, 0.8403348922729492, inf, '02:25']
[44, 0.43778926134109497, 0.4342612028121948, 0.9875655174255371, 0.124471016228199, 0.17545023560523987, 1.4235563278198242, 0.7921142578125, 0.7905377149581909, 0.7905377149581909, inf, '02:24']
[45, 0.4447534382343292, 0.4551135003566742, 0.990658164024353, 0.09596136212348938, 0.1735958456993103, 1.13432776927948, 0.824068546295166, 0.8385069370269775, 0.8385069370269775, inf, '02:24']
[46, 0.44092848896980286, 0.4199310839176178, 0.9874509572982788, 0.14270611107349396, 0.17567436397075653, 1.4356919527053833, 0.7655553817749023, 0.7667331099510193, 0.7667331099510193, inf, '02:25']
[47, 0.4427819848060608, 0.4305117130279541, 0.9861007332801819, 0.12759661674499512, 0.17625977098941803, 1.492295503616333, 0.7804055213928223, 0.7817927002906799, 0.7817927002906799, inf, '02:25']
[48, 0.43234917521476746, 0.4470560848712921, 0.990557074546814, 0.1074305847287178, 0.1737195998430252, 1.1619646549224854, 0.8150449395179749, 0.824041485786438, 0.824041485786438, inf, '02:25']
[49, 0.43974027037620544, 0.4352611303329468, 0.9895977973937988, 0.12226708233356476, 0.17427535355091095, 1.2927793264389038, 0.7940484881401062, 0.7966285943984985, 0.7966285943984985, inf, '02:25']
[50, 0.43475380539894104, 0.4326280355453491, 0.9846334457397461, 0.12680600583553314, 0.17705565690994263, 1.533593773841858, 0.7840163707733154, 0.7853449583053589, 0.7853449583053589, inf, '02:25']
[51, 0.43967726826667786, 0.43450042605400085, 0.9825533628463745, 0.12530450522899628, 0.1782488375902176, 1.5752240419387817, 0.7766531109809875, 0.7864347100257874, 0.7864347100257874, inf, '02:25']
[52, 0.43606922030448914, 0.43245700001716614, 0.9851358532905579, 0.12659800052642822, 0.17683103680610657, 1.5008503198623657, 0.7846264243125916, 0.7864254117012024, 0.7864254117012024, inf, '02:25']
[53, 0.4454631805419922, 0.43342530727386475, 0.9808434844017029, 0.1306159645318985, 0.17923332750797272, 1.6151093244552612, 0.7710622549057007, 0.7819854617118835, 0.7819854617118835, inf, '02:25']
[54, 0.4324685037136078, 0.4354325532913208, 0.9895637035369873, 0.12434088438749313, 0.174324169754982, 1.2666138410568237, 0.7941083312034607, 0.795376718044281, 0.795376718044281, inf, '02:25']
[55, 0.43834033608436584, 0.45193615555763245, 0.9900375008583069, 0.10440106689929962, 0.17410215735435486, 1.2567775249481201, 0.8243067264556885, 0.833924412727356, 0.833924412727356, inf, '02:25']
No improvement since epoch 46: early stopping
MAnet_mitb5 Done!
