Models will save to PSPNet_xcep_x
Use xception encoder
Start training...
----------
0
----------
DLS create!
[0, 0.5144168734550476, 0.4994744062423706, 0.9860800504684448, 0.04355279728770256, 0.18068692088127136, 1.577715516090393, 0.9366183876991272, 0.9412294626235962, 0.9412295818328857, 2.322816848754883, '00:47']
[1, 0.5001492500305176, 0.4950565695762634, 0.9872615933418274, 0.03932256996631622, 0.1781778782606125, 1.5335755348205566, 0.9369373917579651, 0.9379115104675293, 0.9379115104675293, 1.9349284172058105, '00:39']
[2, 0.49942055344581604, 0.4983954429626465, 0.9917746186256409, 0.02765635959804058, 0.17511701583862305, 1.3485759496688843, 0.9497773051261902, 0.9483212828636169, 0.9483212828636169, 0.7108858823776245, '00:43']
[3, 0.49608346819877625, 0.4900246560573578, 0.9928882122039795, 0.029218774288892746, 0.17418460547924042, 1.246863603591919, 0.9353002309799194, 0.937179684638977, 0.937179684638977, 0.35704582929611206, '00:42']
[4, 0.4984811842441559, 0.4857431650161743, 0.9875875115394592, 0.04795493558049202, 0.17839360237121582, 1.5295318365097046, 0.9235275983810425, 0.9266005754470825, 0.9266005754470825, 2.111215114593506, '00:42']
[5, 0.486702561378479, 0.47827401757240295, 0.987977147102356, 0.06360278278589249, 0.17798754572868347, 1.541456937789917, 0.9032072424888611, 0.9087082743644714, 0.9087082743644714, 1.8973112106323242, '00:42']
[6, 0.4959673583507538, 0.4790581166744232, 0.9923115968704224, 0.04555977135896683, 0.17487558722496033, 1.3103928565979004, 0.9172571301460266, 0.9163514971733093, 0.9163514971733093, 0.504368007183075, '00:40']
[7, 0.48922544717788696, 0.4749675989151001, 0.9853843450546265, 0.06765197217464447, 0.17908543348312378, 1.6132735013961792, 0.8867323994636536, 0.8979420065879822, 0.8979420065879822, 2.799689292907715, '00:42']
[8, 0.486979603767395, 0.46953698992729187, 0.9903877973556519, 0.06479586660861969, 0.17582176625728607, 1.4369256496429443, 0.8931186199188232, 0.8934330940246582, 0.8934330940246582, 1.078101396560669, '00:39']
[9, 0.47859132289886475, 0.5056236386299133, 0.9704740047454834, 0.04947502538561821, 0.18668609857559204, 1.7616630792617798, 0.8989003300666809, 0.9196168780326843, 0.9196168780326843, 6.402299880981445, '00:43']
[10, 0.47596123814582825, 0.47051313519477844, 0.9918076992034912, 0.061893656849861145, 0.1748998463153839, 1.3296751976013184, 0.8940697312355042, 0.8942117094993591, 0.8942117094993591, 0.634558916091919, '00:36']
[11, 0.4823637902736664, 0.48246142268180847, 0.9837595820426941, 0.06207301840186119, 0.17961642146110535, 1.6128003597259521, 0.8889493942260742, 0.9009175896644592, 0.9009175896644592, 2.918823480606079, '00:43']
[12, 0.4753689467906952, 0.47049349546432495, 0.9807449579238892, 0.08190330862998962, 0.18152788281440735, 1.6963962316513062, 0.8513615131378174, 0.8760338425636292, 0.8760338425636292, 3.9482080936431885, '00:36']
[13, 0.4685213267803192, 0.45595791935920715, 0.9900999069213867, 0.08592052012681961, 0.17590898275375366, 1.4539891481399536, 0.8586304187774658, 0.8618585467338562, 0.8618585467338562, 1.2267518043518066, '00:43']
[14, 0.4705655872821808, 0.46500101685523987, 0.9835970401763916, 0.0841919332742691, 0.1795794814825058, 1.6136282682418823, 0.8537113070487976, 0.8701092004776001, 0.8701092004776001, 2.9792864322662354, '00:36']
[15, 0.4730207026004791, 0.4539366066455841, 0.9894952774047852, 0.09009157866239548, 0.1765076071023941, 1.4734240770339966, 0.8554036617279053, 0.863260805606842, 0.863260805606842, 1.4136347770690918, '00:43']
[16, 0.4749488830566406, 0.46155092120170593, 0.988024115562439, 0.07971452176570892, 0.17719830572605133, 1.51837956905365, 0.866674542427063, 0.872979998588562, 0.872979998588562, 1.7677922248840332, '00:38']
[17, 0.46847614645957947, 0.4583236575126648, 0.9856024980545044, 0.09042620658874512, 0.17848411202430725, 1.5902788639068604, 0.8441547155380249, 0.8583918213844299, 0.8583919405937195, 2.455838441848755, '00:43']
[18, 0.4683573842048645, 0.4662019610404968, 0.982637882232666, 0.08567148447036743, 0.18082059919834137, 1.6481388807296753, 0.8518431782722473, 0.8738061189651489, 0.8738061189651489, 3.2755050659179688, '00:36']
[19, 0.46272870898246765, 0.46310144662857056, 0.9888878464698792, 0.08047815412282944, 0.17685776948928833, 1.4805363416671753, 0.870938777923584, 0.8771167397499084, 0.8771167397499084, 1.5196653604507446, '00:43']
[20, 0.4584987759590149, 0.4567672610282898, 0.9885828495025635, 0.08472003787755966, 0.1768806278705597, 1.470086693763733, 0.8568546772003174, 0.8638978600502014, 0.8638978600502014, 1.5582503080368042, '00:37']
[21, 0.46957066655158997, 0.46353277564048767, 0.9872051477432251, 0.08074482530355453, 0.1774965077638626, 1.5307197570800781, 0.8615674376487732, 0.8696991205215454, 0.8696991205215454, 1.8997563123703003, '00:43']
[22, 0.467149019241333, 0.5321288704872131, 0.9533551931381226, 0.04810427129268646, 0.19561268389225006, 1.8325215578079224, 0.8887889981269836, 0.9224836826324463, 0.9224836826324463, 12.023172378540039, '00:39']
[23, 0.45871731638908386, 0.4689880609512329, 0.991727352142334, 0.06389804184436798, 0.17473599314689636, 1.3389544486999512, 0.8824573159217834, 0.8865417838096619, 0.8865417838096619, 0.7566054463386536, '00:43']
[24, 0.46987348794937134, 0.4588342010974884, 0.9851822257041931, 0.09374373406171799, 0.1793031543493271, 1.6048744916915894, 0.8409609198570251, 0.8598324656486511, 0.8598324656486511, 2.5926756858825684, '00:39']
No improvement since epoch 15: early stopping
----------
1
----------
DLS create!
[0, 0.5049779415130615, 0.49966245889663696, 0.9770298600196838, 0.04924740269780159, 0.18366511166095734, 1.7413108348846436, 0.9161542057991028, 0.8958246111869812, 0.8958246111869812, inf, '00:43']
[1, 0.49704471230506897, 0.49108895659446716, 0.9911825060844421, 0.041344184428453445, 0.1759725660085678, 1.4276219606399536, 0.9379318356513977, 0.9092154502868652, 0.9092154502868652, inf, '00:39']
[2, 0.4956638813018799, 0.4839155972003937, 0.991754949092865, 0.045849647372961044, 0.1748715043067932, 1.3924436569213867, 0.9169362783432007, 0.8903982639312744, 0.8903982639312744, inf, '00:43']
[3, 0.4952857494354248, 0.4728999733924866, 0.9910897612571716, 0.060477763414382935, 0.17527371644973755, 1.4259669780731201, 0.9004799723625183, 0.8717913627624512, 0.8717913627624512, inf, '00:40']
[4, 0.48739808797836304, 0.4689764082431793, 0.9905136227607727, 0.06790938228368759, 0.17553643882274628, 1.4632104635238647, 0.8904252052307129, 0.863495945930481, 0.863495945930481, inf, '00:43']
[5, 0.48722776770591736, 0.4811561703681946, 0.9923235774040222, 0.04744353145360947, 0.17415964603424072, 1.2996549606323242, 0.9075624346733093, 0.8839225769042969, 0.8839225769042969, inf, '00:40']
[6, 0.48724451661109924, 0.47406378388404846, 0.9923675656318665, 0.05392492190003395, 0.17427784204483032, 1.3252843618392944, 0.8966037631034851, 0.8735361695289612, 0.8735361695289612, inf, '00:44']
[7, 0.48345327377319336, 0.4691765606403351, 0.9871634840965271, 0.07384825497865677, 0.17735017836093903, 1.6073861122131348, 0.8763635754585266, 0.8535072207450867, 0.8535072207450867, inf, '00:42']
[8, 0.4854870140552521, 0.4578153192996979, 0.9901474118232727, 0.08291751146316528, 0.17604120075702667, 1.4973541498184204, 0.870844841003418, 0.8441040515899658, 0.8441040515899658, inf, '00:44']
[9, 0.48336145281791687, 0.4645514488220215, 0.9895178079605103, 0.07560614496469498, 0.17599034309387207, 1.5281561613082886, 0.8766496777534485, 0.8511664867401123, 0.8511664867401123, inf, '00:42']
[10, 0.4708087146282196, 0.449297159910202, 0.9904800653457642, 0.09065918624401093, 0.1754084676504135, 1.442713975906372, 0.8483549356460571, 0.8239538073539734, 0.8239536881446838, inf, '00:42']
[11, 0.477656751871109, 0.4706946611404419, 0.9917260408401489, 0.05814222991466522, 0.17458130419254303, 1.3576102256774902, 0.8915011882781982, 0.8675190806388855, 0.8675190806388855, inf, '00:43']
[12, 0.4711878001689911, 0.44927310943603516, 0.9906268119812012, 0.08853232860565186, 0.17538779973983765, 1.464861512184143, 0.8523110747337341, 0.8259268403053284, 0.8259268403053284, inf, '00:39']
[13, 0.4754776656627655, 0.457658052444458, 0.9866090416908264, 0.0887068584561348, 0.17783257365226746, 1.614973545074463, 0.850706160068512, 0.832889199256897, 0.832889199256897, inf, '00:42']
[14, 0.47108253836631775, 0.450332909822464, 0.9912591576576233, 0.09166566282510757, 0.17503900825977325, 1.4282954931259155, 0.8507606983184814, 0.8258237838745117, 0.8258237242698669, inf, '00:39']
[15, 0.46788036823272705, 0.454651415348053, 0.98968505859375, 0.08509897440671921, 0.1758059561252594, 1.4481712579727173, 0.8580666780471802, 0.8317829966545105, 0.8317829966545105, inf, '00:43']
[16, 0.4718662202358246, 0.4649622440338135, 0.9918320775032043, 0.07088295370340347, 0.17456601560115814, 1.3836675882339478, 0.877804696559906, 0.8539581894874573, 0.8539581894874573, inf, '00:38']
[17, 0.4746592342853546, 0.4642309844493866, 0.9926380515098572, 0.07026680558919907, 0.17401470243930817, 1.2878159284591675, 0.8699774146080017, 0.8505657911300659, 0.8505657911300659, inf, '00:43']
[18, 0.46890488266944885, 0.46130526065826416, 0.9925339221954346, 0.07212502509355545, 0.1741396188735962, 1.2577849626541138, 0.8748571276664734, 0.8512734770774841, 0.8512734770774841, inf, '00:36']
[19, 0.46456179022789, 0.4849878251552582, 0.9926590919494629, 0.04206632077693939, 0.17381350696086884, 1.1543307304382324, 0.8980538845062256, 0.8900097012519836, 0.8900097012519836, inf, '00:43']
[20, 0.4648283123970032, 0.44066229462623596, 0.9908952116966248, 0.09890257567167282, 0.175182044506073, 1.4405075311660767, 0.8347073793411255, 0.8100436329841614, 0.8100437521934509, inf, '00:36']
[21, 0.46834656596183777, 0.45464280247688293, 0.9884222149848938, 0.08971032500267029, 0.1765695959329605, 1.5635099411010742, 0.8492423295974731, 0.8276146054267883, 0.8276146054267883, inf, '00:43']
[22, 0.46041151881217957, 0.4392509460449219, 0.989652693271637, 0.10713107883930206, 0.17630992829799652, 1.5087907314300537, 0.8304843902587891, 0.8082311153411865, 0.8082311153411865, inf, '00:36']
[23, 0.46517178416252136, 0.45479264855384827, 0.9924222826957703, 0.0792812928557396, 0.17425484955310822, 1.2960422039031982, 0.8591347932815552, 0.8380783796310425, 0.8380783796310425, inf, '00:43']
[24, 0.4566401541233063, 0.4509618282318115, 0.991536021232605, 0.08850599825382233, 0.17475032806396484, 1.3576642274856567, 0.8474381566047668, 0.8251442909240723, 0.8251442909240723, inf, '00:38']
[25, 0.4648555815219879, 0.44524669647216797, 0.9912603497505188, 0.09437485784292221, 0.17499752342700958, 1.4248636960983276, 0.8420990109443665, 0.8184969425201416, 0.8184970021247864, inf, '00:43']
[26, 0.47378113865852356, 0.4872320592403412, 0.9755716323852539, 0.07411912828683853, 0.18398305773735046, 1.7817318439483643, 0.8530728816986084, 0.8531005382537842, 0.8531005382537842, inf, '00:36']
[27, 0.4657181203365326, 0.442229300737381, 0.9909371137619019, 0.10395337641239166, 0.17530246078968048, 1.449580430984497, 0.8343865871429443, 0.808616578578949, 0.808616578578949, inf, '00:43']
[28, 0.46617740392684937, 0.4454859793186188, 0.9871786832809448, 0.10665501654148102, 0.17771349847316742, 1.560357928276062, 0.8317588567733765, 0.8125349283218384, 0.8125349283218384, inf, '00:38']
[29, 0.4626457393169403, 0.44948503375053406, 0.9915514588356018, 0.09055891633033752, 0.17495743930339813, 1.4265577793121338, 0.8504408597946167, 0.8256641030311584, 0.8256641030311584, inf, '00:43']
[30, 0.4609479606151581, 0.4437097907066345, 0.9868943691253662, 0.10666217654943466, 0.1777251958847046, 1.6130845546722412, 0.8272493481636047, 0.8086894154548645, 0.8086894154548645, inf, '00:39']
[31, 0.45600250363349915, 0.4554215967655182, 0.9929788708686829, 0.07612615823745728, 0.17381714284420013, 1.1908901929855347, 0.8558144569396973, 0.8388069868087769, 0.8388069868087769, inf, '00:43']
No improvement since epoch 22: early stopping
----------
2
----------
DLS create!
[0, 0.5011888742446899, 0.49880921840667725, 0.9901300668716431, 0.03485976532101631, 0.17542321979999542, 1.4283312559127808, 0.9369959831237793, 0.9394811391830444, 0.9394811391830444, 1.5827322006225586, '00:40']
[1, 0.5022742748260498, 0.5026638507843018, 0.9906402826309204, 0.024679217487573624, 0.1755419373512268, 1.4081822633743286, 0.9520869255065918, 0.9527284502983093, 0.9527284502983093, 1.2497488260269165, '00:43']
[2, 0.4939092993736267, 0.49426084756851196, 0.99107825756073, 0.04045435041189194, 0.174904927611351, 1.369042158126831, 0.9258074760437012, 0.9293429255485535, 0.9293429255485535, 0.934080958366394, '00:39']
[3, 0.4989684224128723, 0.49142223596572876, 0.9832003712654114, 0.05618409439921379, 0.18055306375026703, 1.6574419736862183, 0.9072954654693604, 0.9212711453437805, 0.9212711453437805, 5.121499538421631, '00:43']
[4, 0.48907119035720825, 0.4962150454521179, 0.9838033318519592, 0.04649468883872032, 0.17907610535621643, 1.6442389488220215, 0.9167068004608154, 0.9250768423080444, 0.9250768423080444, 4.480736255645752, '00:40']
[5, 0.48896336555480957, 0.48154324293136597, 0.988499104976654, 0.05764808878302574, 0.17670480906963348, 1.5186644792556763, 0.9055328965187073, 0.9122225642204285, 0.9122225642204285, 2.216499090194702, '00:43']
[6, 0.4864213764667511, 0.49152302742004395, 0.9820222854614258, 0.05896180495619774, 0.18044216930866241, 1.6688294410705566, 0.9021286368370056, 0.9128828644752502, 0.9128828644752502, 5.623502254486084, '00:42']
[7, 0.4771312475204468, 0.4810757040977478, 0.9901646375656128, 0.057214152067899704, 0.17513519525527954, 1.4273253679275513, 0.9003196954727173, 0.9036366939544678, 0.9036366939544678, 1.383847951889038, '00:43']
[8, 0.48205506801605225, 0.47624191641807556, 0.9858325123786926, 0.06687267124652863, 0.17824363708496094, 1.6095621585845947, 0.8846935629844666, 0.895955502986908, 0.895955502986908, 3.347865104675293, '00:43']
[9, 0.47205808758735657, 0.4768476188182831, 0.9864689111709595, 0.06360778212547302, 0.1775122433900833, 1.5946307182312012, 0.8875489830970764, 0.8959723711013794, 0.8959723711013794, 2.867379665374756, '00:41']
[10, 0.47957131266593933, 0.4717545509338379, 0.9902558922767639, 0.06723698228597641, 0.17525766789913177, 1.4475927352905273, 0.8835189938545227, 0.8888339996337891, 0.8888339996337891, 1.3351037502288818, '00:42']
[11, 0.47584980726242065, 0.46910786628723145, 0.9876826405525208, 0.07332231104373932, 0.17694224417209625, 1.565268635749817, 0.8738435506820679, 0.8851813077926636, 0.8851813077926636, 2.663170337677002, '00:40']
[12, 0.4763103127479553, 0.46825796365737915, 0.9897592067718506, 0.07031674683094025, 0.17578348517417908, 1.4618730545043945, 0.8828251361846924, 0.8897055387496948, 0.8897055387496948, 1.5038323402404785, '00:42']
[13, 0.4689108729362488, 0.49496757984161377, 0.9771069884300232, 0.05929158627986908, 0.1827036291360855, 1.7437962293624878, 0.8865216374397278, 0.9043198823928833, 0.9043198823928833, 7.740035057067871, '00:40']
[14, 0.47210660576820374, 0.48902106285095215, 0.980021059513092, 0.06457837671041489, 0.18093326687812805, 1.6566543579101562, 0.8914259672164917, 0.9011349678039551, 0.9011349678039551, 6.776507377624512, '00:43']
[15, 0.4748859703540802, 0.4708406329154968, 0.9889858961105347, 0.06944280862808228, 0.17588895559310913, 1.4881724119186401, 0.8787229657173157, 0.8845316767692566, 0.8845316767692566, 1.7087829113006592, '00:37']
[16, 0.45862531661987305, 0.4806617498397827, 0.9916905164718628, 0.05274834483861923, 0.17416316270828247, 1.2515822649002075, 0.8920340538024902, 0.9024003744125366, 0.9024003744125366, 0.5915305018424988, '00:43']
[17, 0.46950405836105347, 0.4801604449748993, 0.9835818409919739, 0.06941952556371689, 0.17883892357349396, 1.6537468433380127, 0.8724968433380127, 0.8858662843704224, 0.8858663439750671, 5.027608871459961, '00:35']
[18, 0.46977710723876953, 0.46987444162368774, 0.9908420443534851, 0.06546357274055481, 0.17482779920101166, 1.347332239151001, 0.8836702108383179, 0.8878604769706726, 0.8878604769706726, 0.8971929550170898, '00:44']
[19, 0.4671444296836853, 0.46902328729629517, 0.9891855716705322, 0.0759054571390152, 0.17575204372406006, 1.479471206665039, 0.8722932934761047, 0.8771947026252747, 0.8771947026252747, 1.9576287269592285, '00:37']
[20, 0.4697117805480957, 0.4720568358898163, 0.9853275418281555, 0.07799026370048523, 0.1780448704957962, 1.6166669130325317, 0.8597959876060486, 0.8754144310951233, 0.8754144310951233, 3.796238899230957, '00:43']
[21, 0.46986496448516846, 0.46308696269989014, 0.9878164529800415, 0.08163968473672867, 0.1767239272594452, 1.558524250984192, 0.8585043549537659, 0.8691454529762268, 0.8691454529762268, 2.989424467086792, '00:36']
[22, 0.4615570604801178, 0.46255791187286377, 0.9867231249809265, 0.08247458189725876, 0.1773310899734497, 1.5754971504211426, 0.8538361191749573, 0.8666388392448425, 0.8666388392448425, 2.859880208969116, '00:43']
[23, 0.4563424587249756, 0.4693572223186493, 0.9866442084312439, 0.07776067405939102, 0.17722178995609283, 1.5824425220489502, 0.8590506911277771, 0.8707830905914307, 0.8707830905914307, 2.91542649269104, '00:37']
[24, 0.460323691368103, 0.4693622291088104, 0.9891219735145569, 0.07469365745782852, 0.17578794062137604, 1.4849879741668701, 0.8733505606651306, 0.8790211081504822, 0.8790211081504822, 1.8047943115234375, '00:43']
[25, 0.45913034677505493, 0.4679984748363495, 0.9903003573417664, 0.07630745321512222, 0.17508256435394287, 1.4048936367034912, 0.8705369830131531, 0.8759774565696716, 0.8759774565696716, 1.4381582736968994, '00:36']
[26, 0.45942422747612, 0.4907035529613495, 0.9758500456809998, 0.06863416731357574, 0.18350182473659515, 1.759143590927124, 0.8590604662895203, 0.8899791836738586, 0.8899791836738586, 7.773662567138672, '00:43']
[27, 0.45991379022598267, 0.4639934301376343, 0.9898838400840759, 0.08412129431962967, 0.17530785501003265, 1.4655475616455078, 0.8549838662147522, 0.8623781800270081, 0.8623781800270081, 1.6986415386199951, '00:36']
[28, 0.44848963618278503, 0.46453335881233215, 0.9885597825050354, 0.07845500856637955, 0.17623627185821533, 1.4600728750228882, 0.87049400806427, 0.8747151494026184, 0.8747151494026184, 2.0571506023406982, '00:43']
[29, 0.4546058475971222, 0.4681466221809387, 0.9909700751304626, 0.07360360026359558, 0.1746348887681961, 1.3570594787597656, 0.870063304901123, 0.8748399615287781, 0.8748399615287781, 1.0012807846069336, '00:38']
[30, 0.458706259727478, 0.4580042362213135, 0.9860824942588806, 0.09176624566316605, 0.17774821817874908, 1.6090418100357056, 0.840603232383728, 0.8566901683807373, 0.8566901683807373, 3.547525644302368, '00:43']
[31, 0.45471423864364624, 0.47009360790252686, 0.9815537333488464, 0.08420910686254501, 0.18033334612846375, 1.6999760866165161, 0.8454018235206604, 0.8684642910957336, 0.8684642910957336, 6.137950897216797, '00:38']
[32, 0.45345041155815125, 0.4659177362918854, 0.9871326684951782, 0.07826119661331177, 0.17711815237998962, 1.5705021619796753, 0.8616651892662048, 0.8721619844436646, 0.8721619844436646, 2.7816293239593506, '00:43']
[33, 0.4481227993965149, 0.46045371890068054, 0.9871278405189514, 0.08946918696165085, 0.1771937757730484, 1.5514785051345825, 0.8512380123138428, 0.862578809261322, 0.8625786900520325, 3.0386271476745605, '00:43']
[34, 0.45885083079338074, 0.4562235474586487, 0.9895288944244385, 0.08511184900999069, 0.17599475383758545, 1.4126732349395752, 0.8594717979431152, 0.8671616315841675, 0.867161750793457, 1.5214208364486694, '00:41']
[35, 0.456601083278656, 0.4584670066833496, 0.9906461238861084, 0.08409132808446884, 0.1750485897064209, 1.3770805597305298, 0.8590905070304871, 0.8660008907318115, 0.8660008907318115, 1.4433871507644653, '00:42']
[36, 0.4454836845397949, 0.4515301585197449, 0.9878608584403992, 0.0929492935538292, 0.17670373618602753, 1.5582987070083618, 0.8347477912902832, 0.848899781703949, 0.848899781703949, 2.5614912509918213, '00:39']
[37, 0.4468051493167877, 0.45208773016929626, 0.9897793531417847, 0.08961179107427597, 0.1754382848739624, 1.4297879934310913, 0.8441603183746338, 0.8521286845207214, 0.8521286845207214, 1.3314480781555176, '00:43']
[38, 0.44065168499946594, 0.46920597553253174, 0.9883942604064941, 0.07962716370820999, 0.17613549530506134, 1.5146783590316772, 0.8595754504203796, 0.8686743378639221, 0.8686743378639221, 2.3020668029785156, '00:37']
[39, 0.445141077041626, 0.45602232217788696, 0.9881582856178284, 0.08955761045217514, 0.17629066109657288, 1.5150763988494873, 0.8395748734474182, 0.8503402471542358, 0.8503402471542358, 2.0052645206451416, '00:43']
[40, 0.448313444852829, 0.4492211639881134, 0.9912126064300537, 0.09576093405485153, 0.17472124099731445, 1.3608965873718262, 0.840945839881897, 0.8467105627059937, 0.8467105627059937, 1.0122812986373901, '00:35']
[41, 0.45601582527160645, 0.454568088054657, 0.9895554780960083, 0.08791621774435043, 0.17569442093372345, 1.4397962093353271, 0.8514177203178406, 0.8588659167289734, 0.8588659167289734, 1.551353096961975, '00:43']
[42, 0.451341837644577, 0.48439744114875793, 0.9765662550926208, 0.07566720992326736, 0.18286649882793427, 1.752564787864685, 0.8441435098648071, 0.8765469789505005, 0.8765469789505005, 7.015709400177002, '00:35']
[43, 0.4545726180076599, 0.4675132930278778, 0.9920255541801453, 0.0706678181886673, 0.17401784658432007, 1.2427611351013184, 0.8686901926994324, 0.8788166046142578, 0.8788166046142578, 0.5916679501533508, '00:43']
[44, 0.4495098292827606, 0.44954606890678406, 0.9902926683425903, 0.09359239786863327, 0.17513802647590637, 1.4273200035095215, 0.8401263952255249, 0.8471094965934753, 0.8471096158027649, 1.2791610956192017, '00:36']
[45, 0.45056262612342834, 0.49290627241134644, 0.9752686023712158, 0.07264269888401031, 0.18352065980434418, 1.7679842710494995, 0.8467133045196533, 0.8803896903991699, 0.8803896903991699, 9.082762718200684, '00:43']
[46, 0.44140511751174927, 0.4606228470802307, 0.9919866323471069, 0.07735466212034225, 0.17414510250091553, 1.2586147785186768, 0.8551861047744751, 0.8665594458580017, 0.8665594458580017, 0.5659182667732239, '00:37']
[47, 0.43225252628326416, 0.4510337710380554, 0.9902193546295166, 0.09789732098579407, 0.1752791851758957, 1.426352858543396, 0.8384535908699036, 0.8453710079193115, 0.8453710079193115, 1.4100620746612549, '00:43']
[48, 0.4401511549949646, 0.46362680196762085, 0.9828102588653564, 0.0919853076338768, 0.17929725348949432, 1.6188730001449585, 0.8412506580352783, 0.8555739521980286, 0.8555739521980286, 3.9482409954071045, '00:37']
[49, 0.4308992028236389, 0.45331135392189026, 0.990460991859436, 0.0907844677567482, 0.17499998211860657, 1.372987151145935, 0.8441551327705383, 0.851811408996582, 0.851811408996582, 1.2459442615509033, '00:43']
No improvement since epoch 40: early stopping
----------
3
----------
DLS create!
[0, 0.5037164688110352, 0.5093216896057129, 0.9867209196090698, 0.031629323959350586, 0.1774609386920929, 1.5075302124023438, 0.9478309750556946, 0.9465106725692749, 0.9465106725692749, 2.388303518295288, '00:39']
[1, 0.4996351897716522, 0.49101588129997253, 0.9870432019233704, 0.04423622786998749, 0.17737893760204315, 1.5062373876571655, 0.9283109903335571, 0.9267151355743408, 0.9267151355743408, 1.9310606718063354, '00:44']
[2, 0.4938375651836395, 0.4917561709880829, 0.9900887608528137, 0.04263412207365036, 0.17569640278816223, 1.3624590635299683, 0.9321642518043518, 0.9309136271476746, 0.9309136271476746, 0.8842900991439819, '00:39']
[3, 0.4893018901348114, 0.48976579308509827, 0.9900485277175903, 0.0342291034758091, 0.1755974143743515, 1.354858160018921, 0.9332457780838013, 0.9302736520767212, 0.9302736520767212, 0.7304829359054565, '00:43']
[4, 0.4984244406223297, 0.48567548394203186, 0.9839675426483154, 0.05872785300016403, 0.1796664148569107, 1.5822938680648804, 0.9052472114562988, 0.9125192761421204, 0.9125192761421204, 3.11305832862854, '00:41']
[5, 0.4847421646118164, 0.48211294412612915, 0.9878723621368408, 0.055005885660648346, 0.17642775177955627, 1.467812180519104, 0.9024233222007751, 0.905507504940033, 0.905507504940033, 1.6574249267578125, '00:43']
[6, 0.4802679121494293, 0.5068632364273071, 0.9923841953277588, 0.022871749475598335, 0.1735585778951645, 1.1076840162277222, 0.9351315498352051, 0.949274480342865, 0.949274480342865, 0.12288790941238403, '00:43']
[7, 0.47862905263900757, 0.47443246841430664, 0.9896412491798401, 0.06522523611783981, 0.1758957952260971, 1.4109554290771484, 0.8941938877105713, 0.8942615389823914, 0.8942615389823914, 1.0880502462387085, '00:40']
[8, 0.472541481256485, 0.5165075063705444, 0.9657952189445496, 0.04904859885573387, 0.18823206424713135, 1.7740823030471802, 0.8889262080192566, 0.9153380990028381, 0.9153380990028381, 8.467690467834473, '00:43']
[9, 0.4724740982055664, 0.4741596281528473, 0.9907613396644592, 0.06310372799634933, 0.1747516542673111, 1.329359769821167, 0.8884188532829285, 0.890589714050293, 0.890589714050293, 0.7529672384262085, '00:40']
[10, 0.4781215786933899, 0.4755645990371704, 0.9902766346931458, 0.0619865283370018, 0.17510946094989777, 1.3610635995864868, 0.8914435505867004, 0.8941510915756226, 0.8941510915756226, 0.8457632660865784, '00:43']
[11, 0.46747177839279175, 0.4941520690917969, 0.9914958477020264, 0.046671051532030106, 0.17421674728393555, 1.2035101652145386, 0.9130017161369324, 0.9197428822517395, 0.9197428822517395, 0.38253530859947205, '00:39']
[12, 0.4698218107223511, 0.4859256148338318, 0.9763838052749634, 0.0725627914071083, 0.18327432870864868, 1.7139441967010498, 0.8679457902908325, 0.8874697685241699, 0.8874697685241699, 5.239846706390381, '00:43']
[13, 0.4755518138408661, 0.4678003489971161, 0.9886293411254883, 0.07571718841791153, 0.17670337855815887, 1.4448891878128052, 0.8848496675491333, 0.887550413608551, 0.887550413608551, 1.2719825506210327, '00:36']
[14, 0.4659078121185303, 0.4824860394001007, 0.9833608865737915, 0.06665407866239548, 0.17894628643989563, 1.6050002574920654, 0.8784360289573669, 0.89014732837677, 0.89014732837677, 2.7710280418395996, '00:44']
[15, 0.46146586537361145, 0.4782422184944153, 0.9857016205787659, 0.06367827206850052, 0.17792929708957672, 1.5165168046951294, 0.8918353319168091, 0.8953368067741394, 0.8953368067741394, 1.8591949939727783, '00:35']
[16, 0.4646071791648865, 0.4822581112384796, 0.9831532835960388, 0.06133590266108513, 0.17895422875881195, 1.5968716144561768, 0.8839264512062073, 0.8925135135650635, 0.8925135135650635, 2.930976390838623, '00:44']
[17, 0.46244144439697266, 0.4818342626094818, 0.9904730319976807, 0.050246626138687134, 0.1749161332845688, 1.3429515361785889, 0.9028792381286621, 0.9076456427574158, 0.9076456427574158, 0.8058919906616211, '00:35']
[18, 0.4636596143245697, 0.49440285563468933, 0.9757382273674011, 0.06464271992444992, 0.18427006900310516, 1.7056928873062134, 0.8808638453483582, 0.9017083644866943, 0.9017083644866943, 4.778440475463867, '00:44']
[19, 0.467573344707489, 0.49638205766677856, 0.9769814014434814, 0.06331193447113037, 0.1826682686805725, 1.6916414499282837, 0.875839114189148, 0.8977344036102295, 0.8977344036102295, 4.485851764678955, '00:36']
[20, 0.4568476378917694, 0.4781627058982849, 0.9916388392448425, 0.05617997422814369, 0.17423100769519806, 1.2340950965881348, 0.8956783413887024, 0.900558590888977, 0.900558590888977, 0.4092477262020111, '00:44']
[21, 0.46001359820365906, 0.47089099884033203, 0.9905187487602234, 0.06640854477882385, 0.17498786747455597, 1.31869375705719, 0.8811256289482117, 0.8842172026634216, 0.8842172026634216, 0.6749048829078674, '00:37']
[22, 0.46117541193962097, 0.4867735207080841, 0.9772235155105591, 0.07173638790845871, 0.18220607936382294, 1.6943168640136719, 0.8634029626846313, 0.8819996118545532, 0.8819996118545532, 4.767951965332031, '00:45']
No improvement since epoch 13: early stopping
----------
4
----------
DLS create!
[0, 0.5024308562278748, 0.49584245681762695, 0.989205002784729, 0.032580241560935974, 0.17495259642601013, 1.2861275672912598, 0.934682309627533, 0.9236238598823547, 0.9236238598823547, inf, '00:37']
[1, 0.4982861280441284, 0.5152327418327332, 0.9902488589286804, 0.012045389041304588, 0.17390625178813934, 1.1586318016052246, 0.9522433876991272, 0.9485004544258118, 0.9485004544258118, inf, '00:44']
[2, 0.49819761514663696, 0.4890878200531006, 0.9861350059509277, 0.054351627826690674, 0.17709146440029144, 1.4560140371322632, 0.9173130989074707, 0.9067744612693787, 0.9067744612693787, inf, '00:38']
[3, 0.49522095918655396, 0.48454633355140686, 0.9854557514190674, 0.05933268368244171, 0.1769067943096161, 1.479546308517456, 0.9041921496391296, 0.8931061029434204, 0.8931061029434204, inf, '00:44']
[4, 0.4926189184188843, 0.4778372645378113, 0.9844717979431152, 0.0698261633515358, 0.1777961701154709, 1.5239704847335815, 0.8899245858192444, 0.8810387849807739, 0.8810387849807739, inf, '00:38']
[5, 0.48916593194007874, 0.4785307049751282, 0.9826276898384094, 0.07403583079576492, 0.17897392809391022, 1.550438642501831, 0.8851052522659302, 0.8784287571907043, 0.8784286975860596, inf, '00:44']
[6, 0.4839257299900055, 0.5004164576530457, 0.9865528345108032, 0.052682142704725266, 0.17685413360595703, 1.4469133615493774, 0.9199772477149963, 0.9095227122306824, 0.9095227122306824, inf, '00:40']
[7, 0.48059576749801636, 0.508906900882721, 0.9899211525917053, 0.033134445548057556, 0.173944354057312, 1.1867414712905884, 0.9236896634101868, 0.9222590923309326, 0.9222590923309326, inf, '00:44']
[8, 0.47423550486564636, 0.4664057493209839, 0.9785985350608826, 0.09941277652978897, 0.18091443181037903, 1.644834280014038, 0.8349146842956543, 0.8383497595787048, 0.8383497595787048, inf, '00:40']
[9, 0.4828979969024658, 0.4612055718898773, 0.9878911375999451, 0.08655796945095062, 0.17563681304454803, 1.4077728986740112, 0.860016405582428, 0.8519024848937988, 0.8519024848937988, inf, '00:44']
[10, 0.4745078384876251, 0.4505627155303955, 0.9864025115966797, 0.10385417193174362, 0.17652791738510132, 1.4609137773513794, 0.8352079391479492, 0.8288158774375916, 0.8288158774375916, inf, '00:41']
[11, 0.48013344407081604, 0.47471848130226135, 0.9888766407966614, 0.07346093654632568, 0.17510424554347992, 1.3325797319412231, 0.8825625777244568, 0.8740698099136353, 0.8740698099136353, inf, '00:44']
[12, 0.47783544659614563, 0.45575836300849915, 0.9858704805374146, 0.09483255445957184, 0.17673787474632263, 1.4754531383514404, 0.8438277244567871, 0.8379806876182556, 0.8379806876182556, inf, '00:41']
[13, 0.47299185395240784, 0.4606308937072754, 0.9872118234634399, 0.09064769744873047, 0.1758435219526291, 1.4314687252044678, 0.851688802242279, 0.8438412547111511, 0.8438412547111511, inf, '00:45']
[14, 0.47766077518463135, 0.475658118724823, 0.9782827496528625, 0.09021832793951035, 0.1810513436794281, 1.6363884210586548, 0.8529648184776306, 0.8535048365592957, 0.8535048365592957, inf, '00:42']
[15, 0.478035032749176, 0.5072965621948242, 0.9904038310050964, 0.027209414169192314, 0.17366568744182587, 1.1084660291671753, 0.9228492975234985, 0.9294030070304871, 0.9294030070304871, inf, '00:44']
[16, 0.4693584740161896, 0.4562341272830963, 0.9807416796684265, 0.10699000954627991, 0.17985661327838898, 1.6090236902236938, 0.8250783681869507, 0.8276897668838501, 0.8276897668838501, inf, '00:41']
[17, 0.474761039018631, 0.46754515171051025, 0.9880514144897461, 0.08429574221372604, 0.17560604214668274, 1.376871943473816, 0.8688229918479919, 0.8614834547042847, 0.8614834547042847, inf, '00:45']
[18, 0.47001707553863525, 0.4475085139274597, 0.9855278134346008, 0.10978025943040848, 0.17733903229236603, 1.4965589046478271, 0.8281159400939941, 0.8237910270690918, 0.8237910270690918, inf, '00:38']
[19, 0.46447518467903137, 0.47726762294769287, 0.9769963622093201, 0.0868692472577095, 0.18140318989753723, 1.6330362558364868, 0.8498638868331909, 0.8521426320075989, 0.8521426320075989, inf, '00:44']
[20, 0.4691760241985321, 0.47082793712615967, 0.9898668527603149, 0.06957396864891052, 0.1740962713956833, 1.214731216430664, 0.8671392202377319, 0.8669087886810303, 0.8669087886810303, inf, '00:38']
[21, 0.46369966864585876, 0.44958359003067017, 0.9873887896537781, 0.10541941225528717, 0.17583255469799042, 1.4327017068862915, 0.8302162289619446, 0.8233000040054321, 0.8233000040054321, inf, '00:44']
[22, 0.46066486835479736, 0.4519593417644501, 0.984924852848053, 0.10513390600681305, 0.177524596452713, 1.5152167081832886, 0.8302395939826965, 0.8270730972290039, 0.8270730972290039, inf, '00:38']
[23, 0.4610585868358612, 0.4404217600822449, 0.987472653388977, 0.11671051383018494, 0.17591698467731476, 1.4271601438522339, 0.8157837986946106, 0.8092178702354431, 0.8092178702354431, inf, '00:44']
[24, 0.4569985866546631, 0.47648605704307556, 0.9897818565368652, 0.07353769242763519, 0.17408959567546844, 1.228075385093689, 0.8590049147605896, 0.8616041541099548, 0.8616041541099548, inf, '00:38']
[25, 0.4576075077056885, 0.4454873502254486, 0.9851328730583191, 0.11823240667581558, 0.17735548317432404, 1.5089560747146606, 0.8166700005531311, 0.8126745820045471, 0.8126745820045471, inf, '00:44']
[26, 0.4641473591327667, 0.47714921832084656, 0.9864251613616943, nan, 0.17608729004859924, 1.4074355363845825, 0.8721930980682373, 0.8642061352729797, 0.8642061352729797, nan, '00:39']
[27, 0.4628228545188904, 0.4511341154575348, 0.9797335863113403, 0.11640676856040955, 0.18036556243896484, 1.6317329406738281, 0.8100275993347168, 0.8133500814437866, 0.8133500814437866, inf, '00:45']
[28, 0.45182162523269653, 0.44665759801864624, 0.9896768927574158, 0.0989190861582756, 0.17440202832221985, 1.268860936164856, 0.8258165717124939, 0.8236804604530334, 0.8236804604530334, inf, '00:38']
[29, 0.45740315318107605, 0.4497450292110443, 0.9864382147789001, 0.10257961601018906, 0.17655719816684723, 1.4625020027160645, 0.8360579013824463, 0.829994797706604, 0.829994797706604, inf, '00:44']
[30, 0.46050676703453064, 0.4344238042831421, 0.9872516393661499, 0.1259176880121231, 0.17604592442512512, 1.4407998323440552, 0.8020938038825989, 0.7954071164131165, 0.7954071164131165, inf, '00:38']
[31, 0.46233364939689636, 0.4621570110321045, 0.9896039366722107, 0.07855498045682907, 0.17452089488506317, 1.2426676750183105, 0.8626942038536072, 0.8575310111045837, 0.8575310111045837, inf, '00:45']
[32, 0.4624549150466919, 0.44256776571273804, 0.9858337044715881, 0.11481694877147675, 0.17697353661060333, 1.4985666275024414, 0.8153336644172668, 0.8133379220962524, 0.8133379220962524, inf, '00:38']
[33, 0.4590872824192047, 0.4482036828994751, 0.9819713234901428, 0.11771933734416962, 0.17891564965248108, 1.5543646812438965, 0.809199869632721, 0.8089819550514221, 0.8089819550514221, inf, '00:45']
[34, 0.45052143931388855, 0.4761727452278137, 0.9739187359809875, 0.10184384882450104, 0.18368947505950928, 1.6347582340240479, 0.8369408845901489, 0.8403294682502747, 0.8403294682502747, inf, '00:37']
[35, 0.45534005761146545, 0.43228915333747864, 0.9870489835739136, 0.12917405366897583, 0.17626698315143585, 1.459625482559204, 0.7977833151817322, 0.7932597398757935, 0.7932597994804382, inf, '00:45']
[36, 0.46519067883491516, 0.44861161708831787, 0.9882882833480835, 0.10289932787418365, 0.17522329092025757, 1.373329520225525, 0.8292115330696106, 0.8222044706344604, 0.8222044706344604, inf, '00:37']
[37, 0.45534464716911316, 0.43670618534088135, 0.9872815012931824, 0.12539300322532654, 0.1760084629058838, 1.442658543586731, 0.7983669638633728, 0.7943524122238159, 0.7943524122238159, inf, '00:44']
[38, 0.464994877576828, 0.43945246934890747, 0.9878394603729248, 0.11451107263565063, 0.17560720443725586, 1.3856325149536133, 0.8140774965286255, 0.8080665469169617, 0.8080665469169617, inf, '00:38']
[39, 0.4401652216911316, 0.4350980818271637, 0.9879264831542969, 0.1283334493637085, 0.175545334815979, 1.3960208892822266, 0.7953990697860718, 0.7915115356445312, 0.7915115356445312, inf, '00:45']
[40, 0.4530642330646515, 0.44561266899108887, 0.9885772466659546, 0.11509105563163757, 0.1751335710287094, 1.3218302726745605, 0.8143167495727539, 0.8121126294136047, 0.8121126294136047, inf, '00:38']
[41, 0.45382624864578247, 0.4344560205936432, 0.9844744205474854, 0.13358674943447113, 0.1780296117067337, 1.5484580993652344, 0.7943011522293091, 0.7951537370681763, 0.7951539158821106, inf, '00:44']
[42, 0.45283031463623047, 0.45333555340766907, 0.9872177243232727, 0.10435443371534348, 0.17573250830173492, 1.4265778064727783, 0.8305703401565552, 0.8230682611465454, 0.8230682611465454, inf, '00:38']
[43, 0.4486033022403717, 0.4771369397640228, 0.9696073532104492, 0.10394389927387238, 0.18630245327949524, 1.696185827255249, 0.827582836151123, 0.8396389484405518, 0.8396389484405518, inf, '00:44']
[44, 0.45363080501556396, 0.42439866065979004, 0.9896302819252014, 0.13478583097457886, 0.17499376833438873, 1.3098702430725098, 0.7964048385620117, 0.7896174192428589, 0.7896174192428589, inf, '00:37']
[45, 0.4530596435070038, 0.4410944879055023, 0.9854210019111633, 0.12346115708351135, 0.17710359394550323, 1.498885989189148, 0.7974233031272888, 0.7968435883522034, 0.7968435883522034, inf, '00:44']
[46, 0.45105335116386414, 0.43171894550323486, 0.9864727258682251, 0.13512074947357178, 0.17653247714042664, 1.4734418392181396, 0.7846401929855347, 0.7836494445800781, 0.7836494445800781, inf, '00:38']
[47, 0.43863555788993835, 0.4325203597545624, 0.9878299832344055, 0.13681964576244354, 0.1756862998008728, 1.3791943788528442, 0.7848616242408752, 0.7822481989860535, 0.7822481989860535, inf, '00:45']
[48, 0.44272470474243164, 0.4204997420310974, 0.9893084168434143, 0.14518265426158905, 0.17488819360733032, 1.3510257005691528, 0.7704099416732788, 0.7684067487716675, 0.7684067487716675, inf, '00:37']
[49, 0.4466512203216553, 0.4357853829860687, 0.9811803698539734, 0.1345631182193756, 0.1796838641166687, 1.6086602210998535, 0.7852703332901001, 0.7895310521125793, 0.7895310521125793, inf, '00:45']
[50, 0.45283591747283936, 0.44602760672569275, 0.9824362397193909, 0.12147266417741776, 0.17881636321544647, 1.5980801582336426, 0.7978187799453735, 0.802433967590332, 0.802433967590332, inf, '00:37']
[51, 0.4517526626586914, 0.43205899000167847, 0.9892328977584839, 0.1256418377161026, 0.17486609518527985, 1.3544344902038574, 0.798980712890625, 0.7965490221977234, 0.7965490221977234, inf, '00:45']
[52, 0.4427107870578766, 0.47829416394233704, 0.9756691455841064, 0.09894853085279465, 0.18238840997219086, 1.6715582609176636, 0.8265572190284729, 0.8384315371513367, 0.8384315371513367, inf, '00:37']
[53, 0.4484092593193054, 0.42965543270111084, 0.9848251342773438, 0.1401284635066986, 0.17769719660282135, 1.5321146249771118, 0.7742180228233337, 0.7792476415634155, 0.7792476415634155, inf, '00:44']
[54, 0.4497915804386139, 0.43421944975852966, 0.9834016561508179, 0.13629935681819916, 0.1784791201353073, 1.5606569051742554, 0.7840622663497925, 0.7864848375320435, 0.7864847183227539, inf, '00:37']
[55, 0.4456663429737091, 0.43020135164260864, 0.9854435920715332, 0.13759970664978027, 0.1771298050880432, 1.5002171993255615, 0.7839725613594055, 0.7822023034095764, 0.7822023034095764, inf, '00:44']
[56, 0.4409737288951874, 0.433150053024292, 0.9892101287841797, 0.12925678491592407, 0.17475144565105438, 1.3278557062149048, 0.7907521724700928, 0.7869346737861633, 0.7869346737861633, inf, '00:40']
[57, 0.4520101249217987, 0.4269624650478363, 0.9860865473747253, 0.13936257362365723, 0.17699360847473145, 1.500626564025879, 0.7829134464263916, 0.7825286984443665, 0.7825286984443665, inf, '00:44']
No improvement since epoch 48: early stopping
PSPNet_xcep Done!
