Models will save to PSPNet_mitb5_x
Use mit_b5 encoder
Start training...
----------
0
----------
DLS create!
[0, 0.5144315361976624, 0.4998244047164917, 0.9919107556343079, 0.021837325766682625, 0.1757911592721939, 1.358719825744629, 0.9596774578094482, 0.9559168815612793, 0.9559168815612793, 0.6053577661514282, '01:12']
[1, 0.5080626606941223, 0.5079581141471863, 0.984200119972229, 0.03220042586326599, 0.1803123652935028, 1.5997188091278076, 0.9511657357215881, 0.9513856768608093, 0.9513856768608093, 2.956890106201172, '01:10']
[2, 0.5072441697120667, 0.5018844604492188, 0.9932475686073303, 0.014442254789173603, 0.17429453134536743, 1.2107261419296265, 0.9607021808624268, 0.9598791003227234, 0.9598791003227234, 0.1754191517829895, '01:11']
[3, 0.5061239004135132, 0.4967377483844757, 0.9914061427116394, 0.027451053261756897, 0.17680415511131287, 1.3889329433441162, 0.9549961090087891, 0.9528102874755859, 0.9528102874755859, 0.7484357953071594, '01:10']
[4, 0.5037564635276794, 0.4890965223312378, 0.991546630859375, 0.03648124262690544, 0.17532436549663544, 1.3646154403686523, 0.9362962245941162, 0.934470534324646, 0.934470534324646, 0.6917416453361511, '01:11']
[5, 0.4974548816680908, 0.5092150568962097, 0.9804728031158447, 0.04272010922431946, 0.18322935700416565, 1.6884413957595825, 0.9332907795906067, 0.9425804018974304, 0.9425804018974304, 4.072558879852295, '01:12']
[6, 0.5054080486297607, 0.4864353835582733, 0.9887409210205078, 0.05183045193552971, 0.17736811935901642, 1.5201196670532227, 0.9204702973365784, 0.9228057265281677, 0.9228057265281677, 1.6311546564102173, '01:12']
[7, 0.5059195756912231, 0.5038368701934814, 0.9828045964241028, 0.03380826860666275, 0.1816544532775879, 1.6087543964385986, 0.948038637638092, 0.9498966336250305, 0.9498966336250305, 3.4301111698150635, '01:11']
[8, 0.5006643533706665, 0.5000327825546265, 0.9769427180290222, 0.05009961128234863, 0.1846807450056076, 1.7261922359466553, 0.9124844074249268, 0.92779541015625, 0.92779541015625, 5.316135883331299, '01:11']
[9, 0.4983610510826111, 0.4885443150997162, 0.9908844828605652, 0.041714366525411606, 0.17630638182163239, 1.4127720594406128, 0.9358941912651062, 0.9342294931411743, 0.9342294931411743, 1.0099389553070068, '01:11']
[10, 0.49602043628692627, 0.49489569664001465, 0.9930815696716309, 0.025924069806933403, 0.1739564836025238, 1.2102082967758179, 0.9411179423332214, 0.9444947838783264, 0.9444947838783264, 0.2689742147922516, '01:11']
[11, 0.4906957745552063, 0.48762962222099304, 0.9818456172943115, 0.056590307503938675, 0.1806284338235855, 1.6634501218795776, 0.9006158113479614, 0.9119852185249329, 0.9119852185249329, 3.819573402404785, '01:11']
[12, 0.4897037446498871, 0.48287615180015564, 0.9822391271591187, 0.06573919951915741, 0.18161235749721527, 1.6641358137130737, 0.8928781747817993, 0.9082123637199402, 0.9082123637199402, 3.5967085361480713, '01:11']
[13, 0.4824347496032715, 0.4691013991832733, 0.9904716610908508, 0.06575636565685272, 0.17587515711784363, 1.4445117712020874, 0.8929373621940613, 0.893959641456604, 0.893959641456604, 1.1588923931121826, '01:10']
[14, 0.4865249991416931, 0.4694855511188507, 0.9906994700431824, 0.06222746521234512, 0.17553003132343292, 1.4308358430862427, 0.892912745475769, 0.8946406841278076, 0.8946406841278076, 1.1136696338653564, '01:11']
[15, 0.4866088926792145, 0.48849138617515564, 0.9791426658630371, 0.06051420792937279, 0.1821742206811905, 1.7144076824188232, 0.8871506452560425, 0.9046639800071716, 0.9046639800071716, 4.448817729949951, '01:11']
[16, 0.4792724549770355, 0.4783172011375427, 0.9933964014053345, 0.04608210548758507, 0.17386364936828613, 1.1791740655899048, 0.910284161567688, 0.9162977933883667, 0.9162977933883667, 0.26606371998786926, '01:12']
[17, 0.4768359065055847, 0.4768708050251007, 0.9915369153022766, 0.058274004608392715, 0.17490775883197784, 1.3135099411010742, 0.8970633149147034, 0.8982961773872375, 0.8982961177825928, 0.7728409171104431, '01:12']
[18, 0.48607414960861206, 0.4835065007209778, 0.993622899055481, 0.03749082610011101, 0.17367912828922272, 1.1272048950195312, 0.9164788126945496, 0.9262629151344299, 0.9262629151344299, 0.15245012938976288, '01:11']
[19, 0.48548340797424316, 0.4858008027076721, 0.9801313877105713, 0.06450990587472916, 0.18171709775924683, 1.685443639755249, 0.8819254636764526, 0.9002700448036194, 0.9002700448036194, 4.1152729988098145, '01:11']
[20, 0.47860103845596313, 0.524869978427887, 0.9608374238014221, 0.05086885020136833, 0.19119736552238464, 1.8310409784317017, 0.8850523829460144, 0.9148101210594177, 0.9148101210594177, 10.298029899597168, '01:11']
[21, 0.4789465367794037, 0.47037065029144287, 0.9934337735176086, 0.05830063298344612, 0.17430809140205383, 1.184275507926941, 0.9044915437698364, 0.90396648645401, 0.90396648645401, 0.23590947687625885, '01:11']
[22, 0.48632359504699707, 0.5055776834487915, 0.9936506748199463, 0.0214880108833313, 0.1734718531370163, 1.071594476699829, 0.9394383430480957, 0.9545542001724243, 0.9545542001724243, 0.07729921489953995, '01:11']
No improvement since epoch 13: early stopping
----------
1
----------
DLS create!
[0, 0.5188515186309814, 0.5040226578712463, 0.9881206154823303, 0.028603224083781242, 0.18135201930999756, 1.5240792036056519, 0.9558397531509399, 0.924726128578186, 0.924726128578186, inf, '01:11']
[1, 0.5048993229866028, 0.5052205920219421, 0.9845021963119507, 0.02834773063659668, 0.17921532690525055, 1.6104565858840942, 0.9512070417404175, 0.9201644659042358, 0.9201644659042358, inf, '01:11']
[2, 0.5097346901893616, 0.498751699924469, 0.9899308681488037, 0.026593603193759918, 0.1760949194431305, 1.4696522951126099, 0.9478462934494019, 0.920120358467102, 0.920120358467102, inf, '01:12']
[3, 0.5048347115516663, 0.4944027364253998, 0.9845146536827087, 0.0430971197783947, 0.17983390390872955, 1.6250848770141602, 0.9315080046653748, 0.9047030210494995, 0.9047030210494995, inf, '01:12']
[4, 0.5032377243041992, 0.4924602210521698, 0.9871118664741516, 0.049177221953868866, 0.17983807623386383, 1.5945032835006714, 0.9308457970619202, 0.9051566123962402, 0.9051566123962402, inf, '01:13']
[5, 0.505597710609436, 0.5091078281402588, 0.9926457405090332, 0.010808740742504597, 0.1740299016237259, 1.2509561777114868, 0.9557900428771973, 0.9343447685241699, 0.9343447685241699, inf, '01:12']
[6, 0.4962129294872284, 0.4945169687271118, 0.9915794134140015, 0.03548875078558922, 0.1745678037405014, 1.3949687480926514, 0.9305643439292908, 0.9061042666435242, 0.9061042666435242, inf, '01:12']
[7, 0.49655261635780334, 0.4892275333404541, 0.9912304282188416, 0.039526257663965225, 0.17522461712360382, 1.4142299890518188, 0.9279991984367371, 0.9007238149642944, 0.9007238149642944, inf, '01:12']
[8, 0.5011561512947083, 0.4957004189491272, 0.9850068092346191, 0.04189462214708328, 0.17919857800006866, 1.6337577104568481, 0.9299229383468628, 0.9037803411483765, 0.9037803411483765, inf, '01:11']
[9, 0.4963626563549042, 0.50774085521698, 0.9919447302818298, 0.02008889615535736, 0.17464995384216309, 1.3488823175430298, 0.9502854943275452, 0.9260423183441162, 0.9260423183441162, inf, '01:11']
[10, 0.4996419847011566, 0.48850494623184204, 0.9921510219573975, 0.04124738648533821, 0.174307182431221, 1.3432400226593018, 0.9218075275421143, 0.8990225791931152, 0.8990225791931152, inf, '01:12']
[11, 0.4930214583873749, 0.48894113302230835, 0.9917982220649719, 0.0437396764755249, 0.1744874119758606, 1.372039556503296, 0.9182419180870056, 0.8945637941360474, 0.8945637941360474, inf, '01:11']
[12, 0.49476194381713867, 0.47508111596107483, 0.9899405837059021, 0.0649341344833374, 0.1759311407804489, 1.516243815422058, 0.8973536491394043, 0.8727590441703796, 0.8727590441703796, inf, '01:11']
[13, 0.49750712513923645, 0.5095582604408264, 0.9921022653579712, 0.02371956594288349, 0.1744098663330078, 1.3433747291564941, 0.9531594514846802, 0.9270429015159607, 0.9270429015159607, inf, '01:13']
[14, 0.4973542392253876, 0.47827771306037903, 0.9903054237365723, 0.061271484941244125, 0.17558084428310394, 1.4964311122894287, 0.898460328578949, 0.8727483153343201, 0.8727483153343201, inf, '01:12']
[15, 0.48352161049842834, 0.47824743390083313, 0.9841345548629761, 0.06979644298553467, 0.17920589447021484, 1.6735481023788452, 0.8810949921607971, 0.8637122511863708, 0.8637122511863708, inf, '01:12']
[16, 0.4850062429904938, 0.4856959581375122, 0.982417643070221, 0.06225788593292236, 0.17984457314014435, 1.6934674978256226, 0.892853319644928, 0.8726109266281128, 0.8726109266281128, inf, '01:11']
[17, 0.4836257994174957, 0.47480663657188416, 0.9912509918212891, 0.0592988058924675, 0.17495450377464294, 1.4369512796401978, 0.8992041945457458, 0.8738227486610413, 0.8738227486610413, inf, '01:12']
[18, 0.49128055572509766, 0.4802405536174774, 0.9924050569534302, 0.05034922808408737, 0.17486564815044403, 1.3325777053833008, 0.911389946937561, 0.8860681653022766, 0.8860681653022766, inf, '01:12']
[19, 0.48561665415763855, 0.4695328176021576, 0.9841189384460449, 0.07896962761878967, 0.17926336824893951, 1.686460256576538, 0.8617786765098572, 0.8492240905761719, 0.8492240905761719, inf, '01:12']
[20, 0.4880549907684326, 0.4633079767227173, 0.9923650026321411, 0.07323870807886124, 0.1743679940700531, 1.3421181440353394, 0.8802245259284973, 0.8562920689582825, 0.8562920689582825, inf, '01:12']
[21, 0.4845072329044342, 0.4670957326889038, 0.9917266368865967, 0.07017603516578674, 0.17496620118618011, 1.4096726179122925, 0.8884956240653992, 0.8622564077377319, 0.8622564077377319, inf, '01:12']
[22, 0.4837658107280731, 0.4631675183773041, 0.9922446012496948, 0.07427755743265152, 0.1745588332414627, 1.3558036088943481, 0.8821606040000916, 0.8579127192497253, 0.8579127192497253, inf, '01:11']
[23, 0.48593756556510925, 0.4823834300041199, 0.9804767966270447, 0.06618797779083252, 0.18118204176425934, 1.728834867477417, 0.8768798112869263, 0.8650370836257935, 0.8650370836257935, inf, '01:12']
[24, 0.4810728430747986, 0.48532813787460327, 0.9798572063446045, 0.06548579782247543, 0.18127527832984924, 1.7487677335739136, 0.8734652996063232, 0.8632248044013977, 0.8632248044013977, inf, '01:12']
[25, 0.4795936942100525, 0.4652121663093567, 0.9926888942718506, 0.06897135078907013, 0.17402617633342743, 1.2873845100402832, 0.8778072595596313, 0.855953574180603, 0.855953574180603, inf, '01:12']
[26, 0.4710993468761444, 0.45091161131858826, 0.9914634823799133, 0.08958838880062103, 0.17493240535259247, 1.4122880697250366, 0.8567292094230652, 0.831575870513916, 0.831575870513916, inf, '01:12']
[27, 0.4744069278240204, 0.48476138710975647, 0.9782660007476807, 0.06980137526988983, 0.18253940343856812, 1.7414230108261108, 0.8718773126602173, 0.8623325228691101, 0.8623325228691101, inf, '01:12']
[28, 0.4693245589733124, 0.4535256326198578, 0.992228090763092, 0.08142577111721039, 0.17434027791023254, 1.3614686727523804, 0.8609383702278137, 0.836757242679596, 0.836757242679596, inf, '01:11']
[29, 0.4793650805950165, 0.4570942223072052, 0.988523542881012, 0.08559068292379379, 0.17670519649982452, 1.5760242938995361, 0.8567194938659668, 0.8366738557815552, 0.8366738557815552, inf, '01:12']
[30, 0.46979376673698425, 0.4618642032146454, 0.9913234710693359, 0.07276744395494461, 0.1750919073820114, 1.385856032371521, 0.8779934048652649, 0.8533276915550232, 0.8533276915550232, inf, '01:11']
[31, 0.47271493077278137, 0.4561721384525299, 0.98990398645401, 0.0814877599477768, 0.175681009888649, 1.5390386581420898, 0.8590870499610901, 0.8351614475250244, 0.835161566734314, inf, '01:11']
[32, 0.48517531156539917, 0.49636703729629517, 0.9924899339675903, 0.030362779274582863, 0.17485326528549194, 1.276620864868164, 0.9503319263458252, 0.919856071472168, 0.919856071472168, inf, '01:12']
[33, 0.46756595373153687, 0.47629159688949585, 0.9826443791389465, 0.07163462787866592, 0.17989827692508698, 1.6879712343215942, 0.875359058380127, 0.8583000302314758, 0.8583000302314758, inf, '01:12']
[34, 0.47534823417663574, 0.46922096610069275, 0.984390139579773, 0.0820886567234993, 0.1787295788526535, 1.6929682493209839, 0.8501942753791809, 0.8372517824172974, 0.8372517824172974, inf, '01:12']
[35, 0.47066330909729004, 0.48813268542289734, 0.9930198788642883, 0.04071753844618797, 0.17357000708580017, 1.1538180112838745, 0.9043521285057068, 0.8910814523696899, 0.8910814523696899, inf, '01:11']
No improvement since epoch 26: early stopping
----------
2
----------
DLS create!
[0, 0.5158028602600098, 0.5115740299224854, 0.9820842742919922, 0.0274420864880085, 0.18247908353805542, 1.606407880783081, 0.9553215503692627, 0.9551174640655518, 0.9551174640655518, 5.782580852508545, '01:11']
[1, 0.5087764263153076, 0.508658766746521, 0.9808135032653809, 0.03156749904155731, 0.18276526033878326, 1.6511664390563965, 0.9514772295951843, 0.9532502889633179, 0.9532502889633179, 6.541518688201904, '01:12']
[2, 0.5100622773170471, 0.5142371654510498, 0.9921402335166931, 0.009407955221831799, 0.17430351674556732, 1.2589846849441528, 0.9696943759918213, 0.9704857468605042, 0.9704857468605042, 0.38342615962028503, '01:12']
[3, 0.5090020298957825, 0.5177449584007263, 0.9892154932022095, 0.015397956594824791, 0.17780180275440216, 1.4712351560592651, 0.974245548248291, 0.9710376262664795, 0.9710376262664795, 1.900138020515442, '01:12']
[4, 0.5068899393081665, 0.5254340171813965, 0.9926348328590393, 0.0008012069738470018, 0.17443671822547913, 1.132946252822876, 0.9927682280540466, 0.990946352481842, 0.990946352481842, 0.07217687368392944, '01:11']
[5, 0.5024499297142029, 0.5028881430625916, 0.9901626110076904, 0.022291166707873344, 0.17573094367980957, 1.417802095413208, 0.9551487565040588, 0.9550528526306152, 0.9550528526306152, 1.503894329071045, '01:12']
[6, 0.5028252005577087, 0.5310537219047546, 0.9927188754081726, 0.00011944038124056533, 0.17388369143009186, 1.1363756656646729, 0.9944148063659668, 0.9935294389724731, 0.9935294389724731, 0.03588356450200081, '01:14']
[7, 0.5114531517028809, 0.5070841908454895, 0.9902989864349365, 0.02808968350291252, 0.18015189468860626, 1.4407579898834229, 0.9582076668739319, 0.9589537382125854, 0.9589537382125854, 1.406785011291504, '01:11']
[8, 0.5142333507537842, 0.5120996832847595, 0.9743584394454956, 0.03588096797466278, 0.18540078401565552, 1.7027232646942139, 0.9398605823516846, 0.9463338851928711, 0.9463338851928711, 9.95485782623291, '01:12']
[9, 0.5060397386550903, 0.4992470145225525, 0.9895209074020386, 0.02926705963909626, 0.17651008069515228, 1.4596083164215088, 0.9474899768829346, 0.9476132392883301, 0.9476132392883301, 1.8461575508117676, '01:11']
[10, 0.5027073621749878, 0.4991512894630432, 0.9796727895736694, 0.047246504575014114, 0.18220116198062897, 1.680957555770874, 0.9198298454284668, 0.9311049580574036, 0.9311049580574036, 6.945552349090576, '01:12']
[11, 0.49449586868286133, 0.5147716403007507, 0.9805994629859924, 0.03655179217457771, 0.18122047185897827, 1.6785422563552856, 0.9364356398582458, 0.9426397085189819, 0.9426397085189819, 6.4131245613098145, '01:12']
[12, 0.5049602389335632, 0.5112614631652832, 0.9920922517776489, 0.006362108048051596, 0.17436455190181732, 1.249191403388977, 0.9699831008911133, 0.9705324172973633, 0.9705324172973633, 0.4557531177997589, '01:12']
[13, 0.4938878118991852, 0.4920315742492676, 0.9900705218315125, 0.04412630945444107, 0.17566967010498047, 1.4440381526947021, 0.926485002040863, 0.9307361841201782, 0.9307361841201782, 1.6130915880203247, '01:12']
[14, 0.49267759919166565, 0.4964970350265503, 0.9900202751159668, 0.04232503101229668, 0.1756315976381302, 1.4534040689468384, 0.9297815561294556, 0.9329540729522705, 0.9329540729522705, 1.8197470903396606, '01:12']
[15, 0.4938691556453705, 0.49063363671302795, 0.9847633242607117, 0.050193123519420624, 0.1786380410194397, 1.625002384185791, 0.9145452976226807, 0.9213181734085083, 0.9213181734085083, 4.531703948974609, '01:11']
[16, 0.49080222845077515, 0.4878416657447815, 0.9886969327926636, 0.05242833495140076, 0.1764104664325714, 1.505652904510498, 0.913881242275238, 0.9178739786148071, 0.9178739786148071, 2.298567771911621, '01:12']
[17, 0.49246498942375183, 0.4979188144207001, 0.992411732673645, 0.02988235279917717, 0.1738775670528412, 1.2014715671539307, 0.9282235503196716, 0.9353216290473938, 0.9353216290473938, 0.304044634103775, '01:12']
[18, 0.4883415699005127, 0.479157030582428, 0.9882316589355469, 0.06395220011472702, 0.1763921082019806, 1.5326824188232422, 0.8909791111946106, 0.8984425663948059, 0.8984424471855164, 2.7069666385650635, '01:13']
[19, 0.4897395372390747, 0.490434855222702, 0.9847745895385742, 0.05337732285261154, 0.17865215241909027, 1.6041460037231445, 0.9072577953338623, 0.9164752960205078, 0.9164754152297974, 4.056013584136963, '01:12']
[20, 0.49087703227996826, 0.4923039376735687, 0.9917606115341187, 0.03989648446440697, 0.17456097900867462, 1.3034168481826782, 0.9289323687553406, 0.9309836030006409, 0.9309836030006409, 0.6002419590950012, '01:12']
[21, 0.4933006763458252, 0.4799725413322449, 0.9916800856590271, 0.05569768324494362, 0.1746193766593933, 1.3410412073135376, 0.9068284630775452, 0.912190318107605, 0.912190318107605, 0.9230917692184448, '01:12']
[22, 0.48570334911346436, 0.49283137917518616, 0.9921760559082031, 0.03363548219203949, 0.17403049767017365, 1.2386988401412964, 0.9235841631889343, 0.9315414428710938, 0.9315414428710938, 0.5067882537841797, '01:12']
[23, 0.4808625280857086, 0.481272429227829, 0.9839653372764587, 0.06608516722917557, 0.1789662390947342, 1.6532225608825684, 0.8839969038963318, 0.897824764251709, 0.897824764251709, 4.981511116027832, '01:12']
[24, 0.4799658954143524, 0.4805713891983032, 0.9844080805778503, 0.0654943510890007, 0.1787519007921219, 1.6450248956680298, 0.8849990367889404, 0.8980433344841003, 0.8980433344841003, 4.572131633758545, '01:11']
[25, 0.4798499345779419, 0.4836772680282593, 0.9860130548477173, 0.06079506129026413, 0.17769208550453186, 1.579483151435852, 0.8930745720863342, 0.9033339619636536, 0.9033339619636536, 3.3922603130340576, '01:12']
[26, 0.47838687896728516, 0.4839126169681549, 0.9920538663864136, 0.046165239065885544, 0.17417903244495392, 1.2801828384399414, 0.9129877090454102, 0.918449878692627, 0.918449878692627, 0.610977292060852, '01:12']
[27, 0.4646289050579071, 0.49431538581848145, 0.983176589012146, 0.0613400973379612, 0.17899678647518158, 1.6693698167800903, 0.8832441568374634, 0.8983575105667114, 0.8983575105667114, 4.491678714752197, '01:12']
No improvement since epoch 18: early stopping
----------
3
----------
DLS create!
[0, 0.5163542628288269, 0.5275037884712219, 0.9926014542579651, 0.0, 0.17346981167793274, 1.0242723226547241, 0.994606614112854, 0.9959539175033569, 0.9959539175033569, 0.0, '01:12']
[1, 0.5082465410232544, 0.5080589056015015, 0.9911319613456726, 0.01709781587123871, 0.1750127375125885, 1.2942967414855957, 0.961758553981781, 0.9592735171318054, 0.9592735171318054, 0.48805639147758484, '01:12']
[2, 0.5121352672576904, 0.5445682406425476, 0.9926014542579651, 0.0, 0.17337557673454285, 1.0122400522232056, 1.0003446340560913, 0.999661386013031, 0.999661386013031, 0.0, '01:11']
[3, 0.5147374868392944, 0.5076756477355957, 0.9817556142807007, 0.03105911612510681, 0.1808796375989914, 1.6041626930236816, 0.9533921480178833, 0.9504379630088806, 0.9504379630088806, 2.963625907897949, '01:12']
[4, 0.5092664361000061, 0.5167472958564758, 0.9801816940307617, 0.03055587410926819, 0.1865835040807724, 1.6010029315948486, 0.9615427851676941, 0.9606316685676575, 0.9606316685676575, 3.556117057800293, '01:11']
[5, 0.5109105706214905, 0.506048321723938, 0.9901866912841797, 0.018008949235081673, 0.17658250033855438, 1.3555717468261719, 0.9704035520553589, 0.9647559523582458, 0.9647559523582458, 0.6809614300727844, '01:11']
[6, 0.5097677707672119, 0.5131816267967224, 0.9736738801002502, 0.03511243313550949, 0.1853894591331482, 1.6582790613174438, 0.944864809513092, 0.9468486309051514, 0.9468486309051514, 6.260473251342773, '01:12']
[7, 0.5066791772842407, 0.5063027739524841, 0.9891729354858398, 0.02203909121453762, 0.17584389448165894, 1.3946685791015625, 0.9600672721862793, 0.9562984704971313, 0.9562984704971313, 0.9113420248031616, '01:11']
[8, 0.5072551965713501, 0.5125657320022583, 0.9920497536659241, 0.008291369304060936, 0.17445631325244904, 1.2113169431686401, 0.9712589383125305, 0.9698508977890015, 0.9698508977890015, 0.17706142365932465, '01:11']
[9, 0.5081446766853333, 0.5082170963287354, 0.9909526705741882, 0.021039791405200958, 0.1750793755054474, 1.2943681478500366, 0.9615190625190735, 0.9585273265838623, 0.9585273265838623, 0.5275916457176208, '01:11']
[10, 0.5091804265975952, 0.5095155835151672, 0.9914566278457642, 0.014322389848530293, 0.17452871799468994, 1.2378454208374023, 0.9652723670005798, 0.9641954302787781, 0.9641954302787781, 0.29611292481422424, '01:11']
[11, 0.5050287246704102, 0.5023356080055237, 0.9868513941764832, 0.028797170147299767, 0.17731274664402008, 1.4754557609558105, 0.9505169987678528, 0.9463255405426025, 0.9463255405426025, 1.620424747467041, '01:11']
[12, 0.5040728449821472, 0.5080497860908508, 0.9911003112792969, 0.01697561703622341, 0.1748868227005005, 1.2754696607589722, 0.9650739431381226, 0.9627735018730164, 0.9627735018730164, 0.41515228152275085, '01:11']
[13, 0.5020142793655396, 0.504798412322998, 0.9820335507392883, 0.03273528441786766, 0.18025191128253937, 1.6073760986328125, 0.9481235146522522, 0.9454996585845947, 0.9454996585845947, 2.8971505165100098, '01:11']
[14, 0.5027585029602051, 0.5002169609069824, 0.9896308779716492, 0.027297163382172585, 0.1762172132730484, 1.3771132230758667, 0.9562970995903015, 0.9517926573753357, 0.9517926573753357, 0.8326032161712646, '01:11']
[15, 0.5016870498657227, 0.5064781904220581, 0.9893399477005005, 0.025599446147680283, 0.17579878866672516, 1.3764556646347046, 0.9550598859786987, 0.9514076709747314, 0.9514076709747314, 0.912198543548584, '01:11']
[16, 0.5020879507064819, 0.501338541507721, 0.9821340441703796, 0.035254307091236115, 0.18036766350269318, 1.5878480672836304, 0.9439046382904053, 0.9417183995246887, 0.9417182803153992, 3.137502431869507, '01:11']
[17, 0.5024290680885315, 0.5019727349281311, 0.9895434975624084, 0.02792244218289852, 0.1758883148431778, 1.3774058818817139, 0.9538373351097107, 0.9499692320823669, 0.9499692320823669, 0.8860962390899658, '01:11']
[18, 0.5079604387283325, 0.5065922737121582, 0.9902721047401428, 0.02359507605433464, 0.17539016902446747, 1.3448617458343506, 0.9610713124275208, 0.9575291275978088, 0.9575292468070984, 0.9113520383834839, '01:11']
[19, 0.503895103931427, 0.5024343729019165, 0.9861718416213989, 0.03327159583568573, 0.17784807085990906, 1.5001349449157715, 0.951301634311676, 0.9467895030975342, 0.9467895030975342, 1.9081237316131592, '01:11']
[20, 0.5047342777252197, 0.4968896210193634, 0.9881541132926941, 0.03430084511637688, 0.17757616937160492, 1.4676238298416138, 0.9472920894622803, 0.9430315494537354, 0.9430315494537354, 1.4570878744125366, '01:11']
[21, 0.5030505061149597, 0.499164342880249, 0.9844225645065308, 0.03662266209721565, 0.17931093275547028, 1.5458524227142334, 0.9417990446090698, 0.9396587014198303, 0.9396587014198303, 2.7450296878814697, '01:11']
[22, 0.5039233565330505, 0.49883103370666504, 0.9873809218406677, 0.03401659429073334, 0.17734979093074799, 1.4764490127563477, 0.9464023113250732, 0.9422109127044678, 0.9422109127044678, 1.6154145002365112, '01:12']
[23, 0.49400100111961365, 0.49591779708862305, 0.9875823855400085, 0.037201154977083206, 0.1766124814748764, 1.4426116943359375, 0.9379388689994812, 0.9339139461517334, 0.9339139461517334, 1.4530466794967651, '01:11']
[24, 0.505431056022644, 0.5004511475563049, 0.9905716180801392, 0.024271544069051743, 0.17647600173950195, 1.3360031843185425, 0.9569056034088135, 0.9518449306488037, 0.9518449306488037, 0.6150826811790466, '01:11']
[25, 0.5059995055198669, 0.49761655926704407, 0.98769611120224, 0.033149220049381256, 0.17798826098442078, 1.4732667207717896, 0.9456676244735718, 0.942628800868988, 0.942628800868988, 1.7044695615768433, '01:11']
[26, 0.5153961777687073, 0.5058643817901611, 0.9840462803840637, 0.02812495455145836, 0.1793956309556961, 1.5627974271774292, 0.9548242688179016, 0.9508101344108582, 0.9508100748062134, 2.4824843406677246, '01:11']
[27, 0.5121906399726868, 0.5107200741767883, 0.9828755259513855, 0.026522226631641388, 0.18110956251621246, 1.5800548791885376, 0.9570281505584717, 0.9543740153312683, 0.9543740153312683, 3.010401725769043, '01:11']
[28, 0.511023759841919, 0.5086348056793213, 0.9913179874420166, 0.0145280035212636, 0.17507100105285645, 1.294984221458435, 0.9660316705703735, 0.9630266427993774, 0.9630266427993774, 0.4313618838787079, '01:11']
[29, 0.5078147053718567, 0.511330246925354, 0.9761722087860107, 0.03378644585609436, 0.18477623164653778, 1.6689757108688354, 0.9473253488540649, 0.947120726108551, 0.947120726108551, 4.67620849609375, '01:11']
[30, 0.5130332112312317, 0.511089026927948, 0.991722047328949, 0.014475462958216667, 0.17525841295719147, 1.2578387260437012, 0.9673207402229309, 0.9631962776184082, 0.9631962776184082, 0.2815082371234894, '01:11']
[31, 0.507620632648468, 0.5198121070861816, 0.968032956123352, 0.03243524953722954, 0.18828697502613068, 1.7320457696914673, 0.9449824690818787, 0.9480534195899963, 0.9480534195899963, 7.037786960601807, '01:11']
[32, 0.5063239336013794, 0.5081481337547302, 0.9836711883544922, 0.030187085270881653, 0.18089576065540314, 1.553902268409729, 0.9534925222396851, 0.9497397541999817, 0.9497397541999817, 2.346924066543579, '01:11']
No improvement since epoch 23: early stopping
----------
4
----------
DLS create!
[0, 0.5146946907043457, 0.5137033462524414, 0.9856790900230408, 0.025153111666440964, 0.1776203066110611, 1.4520536661148071, 0.9554927349090576, 0.9418067336082458, 0.9418067336082458, inf, '01:11']
[1, 0.509186327457428, 0.5151268839836121, 0.9660564064979553, 0.0506717711687088, 0.18782110512256622, 1.7268874645233154, 0.9190629124641418, 0.9132609963417053, 0.9132609963417053, inf, '01:11']
[2, 0.5061659812927246, 0.49963194131851196, 0.9861065149307251, 0.038116127252578735, 0.1783449351787567, 1.4301785230636597, 0.9442621469497681, 0.9299190640449524, 0.9299190640449524, inf, '01:11']
[3, 0.5057736039161682, 0.5025802254676819, 0.9803528189659119, 0.04413272440433502, 0.1800675094127655, 1.587470531463623, 0.9317474961280823, 0.9203147292137146, 0.9203147292137146, inf, '01:12']
[4, 0.5050804615020752, 0.5073725581169128, 0.9898084402084351, 0.02345460094511509, 0.17414310574531555, 1.2146210670471191, 0.9436297416687012, 0.9377076029777527, 0.9377076029777527, inf, '01:11']
[5, 0.5040736198425293, 0.5057793855667114, 0.9892472624778748, 0.023292018100619316, 0.1756950169801712, 1.301718831062317, 0.9512684941291809, 0.9383457899093628, 0.9383457899093628, inf, '01:11']
[6, 0.5049974322319031, 0.5099083781242371, 0.9874405860900879, 0.032153401523828506, 0.17568397521972656, 1.3967982530593872, 0.9432671666145325, 0.9323620200157166, 0.9323620200157166, inf, '01:12']
[7, 0.5032141208648682, 0.5005229115486145, 0.9858381152153015, 0.04595879837870598, 0.17737840116024017, 1.46341872215271, 0.9332082271575928, 0.9205806851387024, 0.9205806851387024, inf, '01:11']
[8, 0.5004240870475769, 0.504681408405304, 0.9815438389778137, 0.04633573815226555, 0.18105147778987885, 1.5754005908966064, 0.930545449256897, 0.9205235242843628, 0.9205235242843628, inf, '01:11']
[9, 0.49501556158065796, 0.4965718984603882, 0.984486997127533, 0.05045553296804428, 0.1778932362794876, 1.5043634176254272, 0.923524022102356, 0.9116626977920532, 0.9116626977920532, inf, '01:11']
[10, 0.4995836615562439, 0.49368372559547424, 0.9852699041366577, 0.05457233265042305, 0.1774616241455078, 1.4766783714294434, 0.9152995347976685, 0.9029127955436707, 0.9029127955436707, inf, '01:11']
[11, 0.4986523389816284, 0.4919513463973999, 0.9832577705383301, 0.056923795491456985, 0.17956778407096863, 1.54024338722229, 0.9166246056556702, 0.9081451296806335, 0.9081451296806335, inf, '01:11']
[12, 0.49657362699508667, 0.48823514580726624, 0.9875408411026001, 0.05077551677823067, 0.17564275860786438, 1.3955628871917725, 0.9145340323448181, 0.9044574499130249, 0.9044574499130249, inf, '01:11']
[13, 0.4843936264514923, 0.5024444460868835, 0.9892513751983643, 0.03483187034726143, 0.1743626892566681, 1.2763584852218628, 0.9269371628761292, 0.9232326149940491, 0.9232326149940491, inf, '01:11']
[14, 0.49090123176574707, 0.5060446858406067, 0.9889382719993591, 0.026597533375024796, 0.17523294687271118, 1.280932903289795, 0.9465529918670654, 0.9340290427207947, 0.9340290427207947, inf, '01:11']
[15, 0.4940793812274933, 0.4951602518558502, 0.9876807928085327, 0.04960913956165314, 0.17533034086227417, 1.392359733581543, 0.9133904576301575, 0.9029332995414734, 0.9029332995414734, inf, '01:11']
[16, 0.48047205805778503, 0.5025140047073364, 0.9895272254943848, 0.04298168793320656, 0.17418499290943146, 1.2445337772369385, 0.916976809501648, 0.9134858846664429, 0.9134858846664429, inf, '01:12']
[17, 0.49527037143707275, 0.4688998758792877, 0.9873353242874146, 0.07964088022708893, 0.17618867754936218, 1.4247033596038818, 0.8788207173347473, 0.8682098984718323, 0.8682098984718323, inf, '01:11']
[18, 0.4876086711883545, 0.4885505139827728, 0.9881511330604553, 0.05369594693183899, 0.17510877549648285, 1.3627960681915283, 0.9066722989082336, 0.896697998046875, 0.896697998046875, inf, '01:11']
[19, 0.4739019572734833, 0.48705995082855225, 0.9780334830284119, 0.0752694308757782, 0.1808490753173828, 1.6526492834091187, 0.8685964345932007, 0.8682543039321899, 0.8682544231414795, inf, '01:12']
[20, 0.4753706157207489, 0.48749351501464844, 0.9822602272033691, 0.06405629217624664, 0.1785891354084015, 1.5664128065109253, 0.8906106352806091, 0.8843059539794922, 0.8843059539794922, inf, '01:11']
[21, 0.4726089835166931, 0.500596821308136, 0.9901098012924194, nan, 0.1737394630908966, 1.1614326238632202, 0.9123978018760681, 0.9164974093437195, 0.9164974093437195, nan, '01:12']
[22, 0.48094722628593445, 0.4846258759498596, 0.9902312755584717, 0.04219686985015869, 0.17404705286026, 1.1854170560836792, 0.9067638516426086, 0.9051875472068787, 0.9051875472068787, inf, '01:12']
[23, 0.47826993465423584, 0.48186469078063965, 0.98128741979599, 0.0731097161769867, 0.17893533408641815, 1.604907512664795, 0.873677134513855, 0.8706881999969482, 0.8706883192062378, inf, '01:11']
[24, 0.48043325543403625, 0.46358469128608704, 0.9843758940696716, 0.08859779685735703, 0.17803817987442017, 1.5335599184036255, 0.8591593503952026, 0.8536247611045837, 0.8536247611045837, inf, '01:11']
[25, 0.47462376952171326, 0.45908963680267334, 0.9870603680610657, 0.09819420427083969, 0.1772957593202591, 1.4525266885757446, 0.86331707239151, 0.8549968004226685, 0.8549968004226685, inf, '01:11']
[26, 0.4782767593860626, 0.4615344703197479, 0.9863598346710205, 0.08579894155263901, 0.1763944923877716, 1.4649282693862915, 0.8613313436508179, 0.8509166836738586, 0.8509166836738586, inf, '01:12']
[27, 0.4710628390312195, 0.47652381658554077, 0.9881243705749512, 0.07524033635854721, 0.17508679628372192, 1.3579270839691162, 0.8720000386238098, 0.8642838597297668, 0.8642838597297668, inf, '01:12']
[28, 0.4783491790294647, 0.4789804518222809, 0.9898209571838379, 0.05984022095799446, 0.17419232428073883, 1.2188105583190918, 0.8873398303985596, 0.8852036595344543, 0.8852036595344543, inf, '01:12']
[29, 0.4721558392047882, 0.47134169936180115, 0.9863248467445374, 0.07024352252483368, 0.17634420096874237, 1.4616316556930542, 0.8759374022483826, 0.8685428500175476, 0.8685428500175476, inf, '01:11']
[30, 0.47964125871658325, 0.4822978377342224, 0.9771707653999329, 0.07571792602539062, 0.18190768361091614, 1.6504309177398682, 0.8716168403625488, 0.8725047707557678, 0.8725047707557678, inf, '01:11']
[31, 0.4626503884792328, 0.4673313498497009, 0.988288938999176, 0.07549471408128738, 0.17498357594013214, 1.3602385520935059, 0.8614358901977539, 0.8562772274017334, 0.8562772274017334, inf, '01:11']
[32, 0.4635797441005707, 0.4892670810222626, 0.9903424978256226, 0.04699882119894028, 0.17362506687641144, 1.1322187185287476, 0.8841196298599243, 0.8978656530380249, 0.8978656530380249, inf, '01:12']
[33, 0.46824488043785095, 0.47154995799064636, 0.9851909279823303, 0.07814676314592361, 0.17688557505607605, 1.4943338632583618, 0.8661855459213257, 0.8596656918525696, 0.8596656918525696, inf, '01:11']
[34, 0.47316285967826843, 0.4823744595050812, 0.9762818813323975, 0.08174649626016617, 0.1819453239440918, 1.6783441305160522, 0.8536015152931213, 0.8594314455986023, 0.8594314455986023, inf, '01:11']
No improvement since epoch 25: early stopping
PSPNet_mitb5 Done!
