Models will save to PSPNet_res152_x
Use resnet152 encoder
Start training...
----------
0
----------
DLS create!
[0, 0.5005429983139038, 0.5646370649337769, 0.9317777156829834, 0.020118191838264465, 0.2053658664226532, 1.8585453033447266, 0.9615357518196106, 0.9658893346786499, 0.9658893346786499, 20.67083740234375, '00:57']
[1, 0.5047780275344849, 0.5116291642189026, 0.982878565788269, 0.030137034133076668, 0.18398408591747284, 1.5917259454727173, 0.9554299712181091, 0.9581696391105652, 0.9581696391105652, 3.611964464187622, '01:02']
[2, 0.5027431845664978, 0.4847125709056854, 0.9889718890190125, 0.05027515068650246, 0.17695239186286926, 1.4979424476623535, 0.9193058609962463, 0.9211925864219666, 0.9211925864219666, 1.6443690061569214, '00:58']
[3, 0.4931590259075165, 0.5011029839515686, 0.9854525327682495, 0.04301982745528221, 0.17893390357494354, 1.5905355215072632, 0.9280081987380981, 0.9306304454803467, 0.9306304454803467, 2.3043251037597656, '01:03']
[4, 0.4913201630115509, 0.4760627746582031, 0.9923093914985657, 0.05579988658428192, 0.17487092316150665, 1.3237208127975464, 0.907135009765625, 0.9067584276199341, 0.9067584276199341, 0.5690734386444092, '01:00']
[5, 0.4809519946575165, 0.4910486936569214, 0.9908033013343811, 0.03921438381075859, 0.17524869740009308, 1.357759714126587, 0.9311026930809021, 0.9294583797454834, 0.9294583797454834, 0.7985305786132812, '00:59']
[6, 0.4836815297603607, 0.4697219729423523, 0.9858677983283997, 0.07451160252094269, 0.17811837792396545, 1.5776987075805664, 0.8732651472091675, 0.8807967901229858, 0.8807967901229858, 2.2913596630096436, '01:02']
[7, 0.48338496685028076, 0.45973724126815796, 0.9888593554496765, 0.07911277562379837, 0.17678231000900269, 1.5174916982650757, 0.8700931668281555, 0.8752475380897522, 0.8752475380897522, 1.612983226776123, '00:54']
[8, 0.4713687002658844, 0.47783443331718445, 0.9825764894485474, 0.07018686830997467, 0.17970740795135498, 1.657749891281128, 0.8690526485443115, 0.8814199566841125, 0.8814199566841125, 3.2774670124053955, '01:03']
[9, 0.4824478328227997, 0.48081886768341064, 0.9901627898216248, 0.0508965440094471, 0.1758960783481598, 1.4285578727722168, 0.9164289236068726, 0.9159421920776367, 0.9159421920776367, 1.1352461576461792, '00:59']
[10, 0.47748106718063354, 0.4634086787700653, 0.9878746867179871, 0.08019967377185822, 0.17714177072048187, 1.5097534656524658, 0.8675523996353149, 0.8750119805335999, 0.8750119805335999, 1.7446683645248413, '01:00']
[11, 0.4743087589740753, 0.4928686022758484, 0.9769662022590637, 0.06352557986974716, 0.1826479583978653, 1.720287561416626, 0.8714602589607239, 0.8940593004226685, 0.8940593004226685, 4.751333713531494, '01:02']
[12, 0.46820253133773804, 0.48646050691604614, 0.9814427495002747, 0.06317873299121857, 0.18078535795211792, 1.660823106765747, 0.8864777088165283, 0.9019500613212585, 0.9019500613212585, 3.5624797344207764, '00:54']
[13, 0.4720442593097687, 0.4717443883419037, 0.9929410219192505, 0.0588739812374115, 0.17417478561401367, 1.2355810403823853, 0.8951378464698792, 0.8993067741394043, 0.8993067741394043, 0.43629148602485657, '01:02']
[14, 0.4668513536453247, 0.45213618874549866, 0.9924109578132629, 0.08443226665258408, 0.1745346635580063, 1.2802928686141968, 0.8603079319000244, 0.8640617728233337, 0.8640617728233337, 0.6228252053260803, '00:56']
[15, 0.4626212418079376, 0.4461263418197632, 0.9919705986976624, 0.09067126363515854, 0.17484860122203827, 1.3445496559143066, 0.8485209345817566, 0.8518588542938232, 0.8518589735031128, 0.7979062795639038, '01:03']
[16, 0.46978095173835754, 0.4528874456882477, 0.9889875650405884, 0.08934658020734787, 0.17634516954421997, 1.5170273780822754, 0.8466009497642517, 0.8514687418937683, 0.8514687418937683, 1.7290877103805542, '01:02']
[17, 0.4635063111782074, 0.45561927556991577, 0.9855846762657166, 0.09441611915826797, 0.17861273884773254, 1.6255086660385132, 0.8406153321266174, 0.855777382850647, 0.855777382850647, 2.7063815593719482, '00:55']
[18, 0.46647879481315613, 0.4642021059989929, 0.9875215291976929, 0.08007911592721939, 0.1772477626800537, 1.4937050342559814, 0.860356867313385, 0.8690613508224487, 0.8690613508224487, 1.7223875522613525, '01:02']
[19, 0.45848390460014343, 0.4627010226249695, 0.9923109412193298, 0.07231097668409348, 0.17471693456172943, 1.2478063106536865, 0.8785308003425598, 0.8826457858085632, 0.8826457858085632, 0.5550351738929749, '00:55']
[20, 0.46274784207344055, 0.4521355628967285, 0.9871546030044556, 0.09758149087429047, 0.17787635326385498, 1.5511314868927002, 0.8404357433319092, 0.852635383605957, 0.852635383605957, 2.0935585498809814, '01:02']
[21, 0.47019797563552856, 0.4886632561683655, 0.9768822193145752, 0.06586750596761703, 0.1829599142074585, 1.7390024662017822, 0.8749191761016846, 0.8935527801513672, 0.8935527801513672, 5.774722576141357, '01:01']
[22, 0.4592072367668152, 0.4938236176967621, 0.9753440618515015, 0.06843462586402893, 0.18482071161270142, 1.7453064918518066, 0.8651738166809082, 0.8946342468261719, 0.8946342468261719, 5.570676803588867, '00:59']
[23, 0.4575181007385254, 0.460813969373703, 0.9923012256622314, 0.07509490102529526, 0.17436544597148895, 1.3128361701965332, 0.8653837442398071, 0.869025707244873, 0.869025707244873, 0.6522176265716553, '01:02']
[24, 0.45458897948265076, 0.46205276250839233, 0.9848252534866333, 0.08575110882520676, 0.1789223700761795, 1.6172114610671997, 0.8523634672164917, 0.8643633723258972, 0.8643633723258972, 2.8821794986724854, '00:53']
No improvement since epoch 15: early stopping
----------
1
----------
DLS create!
[0, 0.5158097147941589, 0.5191784501075745, 0.9912706613540649, 0.023089135065674782, 0.1759837567806244, 1.4116542339324951, 0.9604144096374512, 0.9327484965324402, 0.9327484965324402, inf, '01:02']
[1, 0.5023797750473022, 0.4852809011936188, 0.9875075817108154, 0.0519397109746933, 0.17763228714466095, 1.5609922409057617, 0.9178565740585327, 0.8901336789131165, 0.8901336789131165, inf, '00:56']
[2, 0.5011252164840698, 0.4845879375934601, 0.9914480447769165, 0.04572352394461632, 0.17558786273002625, 1.4098492860794067, 0.9249034523963928, 0.8988765478134155, 0.8988765478134155, inf, '01:03']
[3, 0.487623006105423, 0.4833916425704956, 0.9919232130050659, 0.046451322734355927, 0.1744222193956375, 1.3527162075042725, 0.9148619771003723, 0.888771653175354, 0.888771653175354, inf, '01:02']
[4, 0.49131709337234497, 0.47254136204719543, 0.9890907406806946, 0.0661294162273407, 0.17654941976070404, 1.5398658514022827, 0.8954493403434753, 0.8698880672454834, 0.8698880672454834, inf, '00:54']
[5, 0.4865872859954834, 0.5102769732475281, 0.9827061295509338, 0.027478016912937164, 0.17964453995227814, 1.6437535285949707, 0.9506627917289734, 0.922819197177887, 0.922819197177887, inf, '01:03']
[6, 0.48948442935943604, 0.475203275680542, 0.9898847341537476, 0.06460527330636978, 0.17597322165966034, 1.4789661169052124, 0.8965239524841309, 0.8721766471862793, 0.8721766471862793, inf, '00:55']
[7, 0.4822366237640381, 0.48608705401420593, 0.9921759366989136, 0.03798483684659004, 0.17427830398082733, 1.311532735824585, 0.9209930896759033, 0.8969472050666809, 0.8969472050666809, inf, '01:02']
[8, 0.4825688898563385, 0.4914940297603607, 0.9828373193740845, 0.053568556904792786, 0.1801403909921646, 1.6614243984222412, 0.9081293344497681, 0.8880661725997925, 0.8880661725997925, inf, '01:02']
[9, 0.4861781895160675, 0.4664224684238434, 0.9885650873184204, 0.07562743127346039, 0.17692027986049652, 1.5609409809112549, 0.8806172609329224, 0.8577240109443665, 0.8577240109443665, inf, '00:59']
[10, 0.4881483316421509, 0.4657159745693207, 0.990595817565918, 0.07522518187761307, 0.17598311603069305, 1.4438005685806274, 0.8878685235977173, 0.860285758972168, 0.860285758972168, inf, '01:03']
[11, 0.4801672697067261, 0.47763556241989136, 0.9851082563400269, 0.06595506519079208, 0.1783646196126938, 1.634917974472046, 0.8841390609741211, 0.8642507791519165, 0.8642507791519165, inf, '00:55']
[12, 0.4763190448284149, 0.45828381180763245, 0.9912961721420288, 0.07576131075620651, 0.17499296367168427, 1.4027340412139893, 0.8740227818489075, 0.8465228080749512, 0.8465228080749512, inf, '01:03']
[13, 0.468953937292099, 0.4632275104522705, 0.9901981949806213, 0.07499056309461594, 0.1756398230791092, 1.4460506439208984, 0.8751895427703857, 0.8522502779960632, 0.8522502779960632, inf, '00:59']
[14, 0.47140759229660034, 0.4515542685985565, 0.9897680878639221, 0.09128809720277786, 0.1757277548313141, 1.5067209005355835, 0.8464540839195251, 0.8235991597175598, 0.8235990405082703, inf, '01:02']
[15, 0.47755587100982666, 0.45810961723327637, 0.9913146495819092, 0.07564430683851242, 0.17496012151241302, 1.4158638715744019, 0.8724891543388367, 0.8463118076324463, 0.8463118076324463, inf, '01:02']
[16, 0.4673197269439697, 0.4474005699157715, 0.9882795214653015, 0.09825680404901505, 0.17679525911808014, 1.5794947147369385, 0.83759605884552, 0.8178298473358154, 0.8178298473358154, inf, '00:58']
[17, 0.4621506631374359, 0.4578903615474701, 0.986930251121521, 0.08984880894422531, 0.1775137335062027, 1.6060761213302612, 0.8502747416496277, 0.8320876359939575, 0.8320876359939575, inf, '01:02']
[18, 0.47070541977882385, 0.4519861936569214, 0.9887416958808899, 0.09229175746440887, 0.17645341157913208, 1.5513724088668823, 0.8476398587226868, 0.8270347714424133, 0.8270347714424133, inf, '00:55']
[19, 0.4681277275085449, 0.46465879678726196, 0.9849739074707031, 0.08243709802627563, 0.17883874475955963, 1.6494245529174805, 0.8624857068061829, 0.8436436653137207, 0.8436436653137207, inf, '01:02']
[20, 0.4699385166168213, 0.4568648338317871, 0.9912235140800476, 0.082936592400074, 0.17493321001529694, 1.4016858339309692, 0.8593915700912476, 0.8368754982948303, 0.8368754982948303, inf, '01:01']
[21, 0.4674241840839386, 0.44979697465896606, 0.9874894618988037, 0.09758057445287704, 0.17703349888324738, 1.609226942062378, 0.8315780758857727, 0.8132970333099365, 0.813296914100647, inf, '01:00']
[22, 0.45806193351745605, 0.4489923417568207, 0.987083911895752, 0.10029024630784988, 0.1775294840335846, 1.614869475364685, 0.8336691856384277, 0.8148854970932007, 0.8148854970932007, inf, '01:03']
[23, 0.46162769198417664, 0.4367699921131134, 0.9905910491943359, 0.11088719964027405, 0.17562878131866455, 1.4795827865600586, 0.8257359266281128, 0.8023744225502014, 0.8023744821548462, inf, '00:55']
[24, 0.4610866904258728, 0.4384654760360718, 0.9904624819755554, 0.10888659209012985, 0.17564716935157776, 1.4775234460830688, 0.8310583829879761, 0.8049718737602234, 0.8049718737602234, inf, '01:02']
[25, 0.4603569209575653, 0.4394395053386688, 0.9906742572784424, 0.10570041835308075, 0.17533838748931885, 1.4658974409103394, 0.8295663595199585, 0.8022978901863098, 0.8022978901863098, inf, '00:58']
[26, 0.463333398103714, 0.46334701776504517, 0.986423909664154, 0.08021096140146255, 0.1776985079050064, 1.6312642097473145, 0.8626107573509216, 0.842366635799408, 0.842366635799408, inf, '01:02']
[27, 0.4641910791397095, 0.4609176516532898, 0.9840001463890076, 0.08609139919281006, 0.17916671931743622, 1.6600490808486938, 0.8535219430923462, 0.8363144397735596, 0.8363144397735596, inf, '01:00']
[28, 0.45712801814079285, 0.45404863357543945, 0.987606406211853, 0.09586190432310104, 0.17707353830337524, 1.6169794797897339, 0.8374531865119934, 0.8206104636192322, 0.8206104636192322, inf, '00:59']
[29, 0.4506448209285736, 0.4491339325904846, 0.9870446920394897, 0.09847704321146011, 0.17731977999210358, 1.6137326955795288, 0.8265697956085205, 0.8100637197494507, 0.8100637197494507, inf, '01:02']
[30, 0.4647301733493805, 0.4370654821395874, 0.9885688424110413, 0.10987293720245361, 0.17659762501716614, 1.5857653617858887, 0.8141196966171265, 0.7972531914710999, 0.7972531914710999, inf, '00:55']
[31, 0.46435487270355225, 0.44879448413848877, 0.9860714077949524, 0.0999889224767685, 0.17806391417980194, 1.646010398864746, 0.8282677531242371, 0.8143432140350342, 0.8143432140350342, inf, '01:03']
[32, 0.4446139633655548, 0.46597129106521606, 0.9820091724395752, 0.08763683587312698, 0.18002891540527344, 1.712075114250183, 0.8352906703948975, 0.8274379372596741, 0.8274379372596741, inf, '00:58']
No improvement since epoch 23: early stopping
----------
2
----------
DLS create!
[0, 0.5098090171813965, 0.49989914894104004, 0.9900596141815186, 0.029492245987057686, 0.17675843834877014, 1.4453091621398926, 0.9521066546440125, 0.9531006217002869, 0.9531006217002869, 1.496722936630249, '01:03']
[1, 0.49641454219818115, 0.48699066042900085, 0.9895742535591125, 0.05146058276295662, 0.1764240562915802, 1.4820146560668945, 0.9185571074485779, 0.9237887263298035, 0.9237887263298035, 1.8903580904006958, '01:03']
[2, 0.49503761529922485, 0.4906042516231537, 0.9896757006645203, 0.04907450079917908, 0.17596694827079773, 1.4557043313980103, 0.9200775027275085, 0.9246217012405396, 0.9246217012405396, 1.8058489561080933, '00:57']
[3, 0.49009695649147034, 0.48830121755599976, 0.9902206063270569, 0.05028923600912094, 0.17517510056495667, 1.4198728799819946, 0.9134502410888672, 0.9170656204223633, 0.9170656204223633, 1.5240384340286255, '01:03']
[4, 0.48839038610458374, 0.4974850118160248, 0.9848109483718872, 0.04621478170156479, 0.17823737859725952, 1.6187243461608887, 0.9182981252670288, 0.9253943562507629, 0.9253943562507629, 4.354499816894531, '00:56']
[5, 0.4866355061531067, 0.48357465863227844, 0.9867842197418213, 0.060694050043821335, 0.1773798167705536, 1.561427354812622, 0.8992248177528381, 0.9081701040267944, 0.9081701040267944, 2.868898630142212, '01:03']
[6, 0.47966068983078003, 0.4905834496021271, 0.9890691041946411, 0.04654940962791443, 0.17621763050556183, 1.4595353603363037, 0.9220231175422668, 0.9239792227745056, 0.9239792227745056, 1.4214421510696411, '00:59']
[7, 0.4813094735145569, 0.4837091267108917, 0.9900295734405518, 0.052647337317466736, 0.1752522736787796, 1.438032865524292, 0.9073188304901123, 0.910762369632721, 0.910762369632721, 1.2525981664657593, '01:02']
[8, 0.4736308455467224, 0.47294411063194275, 0.9902217984199524, 0.06699194014072418, 0.17512892186641693, 1.4282019138336182, 0.8824293613433838, 0.8880568742752075, 0.8880568742752075, 1.3713566064834595, '01:03']
[9, 0.47339871525764465, 0.47426721453666687, 0.991683840751648, 0.0632481500506401, 0.1742558479309082, 1.283203125, 0.8868663907051086, 0.8928423523902893, 0.8928423523902893, 0.5914126634597778, '00:55']
[10, 0.4676016569137573, 0.4770323932170868, 0.9884016513824463, 0.06786099821329117, 0.17628213763237, 1.5256577730178833, 0.8873127102851868, 0.8930580019950867, 0.8930580019950867, 2.208653688430786, '01:03']
[11, 0.4667041301727295, 0.49030062556266785, 0.9790278077125549, 0.06744562089443207, 0.18115545809268951, 1.719290852546692, 0.8678960204124451, 0.8896312117576599, 0.8896312117576599, 6.527888298034668, '00:56']
[12, 0.46910446882247925, 0.4740016460418701, 0.9903789162635803, 0.06278271228075027, 0.17514115571975708, 1.409509539604187, 0.8944560885429382, 0.8983374238014221, 0.8983374238014221, 1.2612955570220947, '01:02']
[13, 0.4651586413383484, 0.4990152418613434, 0.9749307036399841, 0.058464210480451584, 0.18431103229522705, 1.7623587846755981, 0.8945027589797974, 0.9112064838409424, 0.9112064838409424, 9.558207511901855, '01:02']
[14, 0.46981340646743774, 0.4649239778518677, 0.9871003031730652, 0.0799960196018219, 0.17700618505477905, 1.5703206062316895, 0.860662043094635, 0.8721867203712463, 0.8721867203712463, 2.6426286697387695, '01:00']
[15, 0.4581786096096039, 0.5154696702957153, 0.9730859994888306, 0.04824047163128853, 0.1841188222169876, 1.7546412944793701, 0.9052379727363586, 0.9182776808738708, 0.9182776808738708, 8.760255813598633, '01:03']
[16, 0.4713251292705536, 0.47140100598335266, 0.9883604049682617, 0.07612288743257523, 0.17634515464305878, 1.539491891860962, 0.8737697601318359, 0.8812143802642822, 0.8812143802642822, 2.37408709526062, '00:56']
[17, 0.4766678512096405, 0.47296226024627686, 0.9893811941146851, 0.0669892281293869, 0.17598113417625427, 1.481977105140686, 0.8892257809638977, 0.8963176012039185, 0.8963176012039185, 1.9806876182556152, '01:03']
[18, 0.45995843410491943, 0.4599038362503052, 0.9896029233932495, 0.08634619414806366, 0.17552083730697632, 1.464851975440979, 0.8554569482803345, 0.8624823093414307, 0.8624823093414307, 1.7284009456634521, '00:59']
[19, 0.4514373540878296, 0.47596460580825806, 0.9890300631523132, 0.06789612770080566, 0.17575432360172272, 1.4914565086364746, 0.8838916420936584, 0.8893154859542847, 0.8893154859542847, 2.1912882328033447, '01:02']
[20, 0.4628150761127472, 0.4675314128398895, 0.9915959239006042, 0.0661163330078125, 0.17435267567634583, 1.319917917251587, 0.8817324638366699, 0.8875713348388672, 0.8875713348388672, 0.8553685545921326, '01:01']
[21, 0.4594351053237915, 0.4687355160713196, 0.9902364611625671, 0.07337900996208191, 0.1751856803894043, 1.41717529296875, 0.8779392838478088, 0.8823116421699524, 0.8823116421699524, 1.5179874897003174, '00:59']
[22, 0.457250714302063, 0.45685967803001404, 0.9917497038841248, 0.08647405356168747, 0.17421840131282806, 1.2798278331756592, 0.8517367839813232, 0.8574762344360352, 0.8574762344360352, 0.5926852822303772, '01:03']
[23, 0.4568515717983246, 0.45710378885269165, 0.9901365041732788, 0.08724106103181839, 0.1754351705312729, 1.4189621210098267, 0.8619829416275024, 0.867332398891449, 0.867332398891449, 1.325932264328003, '00:55']
[24, 0.45556676387786865, 0.46702322363853455, 0.990728497505188, 0.0706760436296463, 0.1747347116470337, 1.3708300590515137, 0.8750426769256592, 0.879118800163269, 0.879118800163269, 0.9883332848548889, '01:03']
[25, 0.4520890712738037, 0.4636813700199127, 0.9886932969093323, 0.08245399594306946, 0.17593368887901306, 1.532169222831726, 0.8557628989219666, 0.8647408485412598, 0.8647408485412598, 2.1982266902923584, '00:58']
[26, 0.4545421898365021, 0.5075467228889465, 0.9711627960205078, 0.061413127928972244, 0.18537300825119019, 1.7883286476135254, 0.8646731376647949, 0.8971482515335083, 0.8971482515335083, 10.627080917358398, '01:03']
[27, 0.4514729976654053, 0.4565623104572296, 0.9907287955284119, 0.08738512545824051, 0.17485247552394867, 1.3788402080535889, 0.8542370200157166, 0.8583812713623047, 0.8583812713623047, 1.0421785116195679, '01:03']
[28, 0.45582136511802673, 0.4639816880226135, 0.9872317314147949, 0.07768869400024414, 0.1771775186061859, 1.591562271118164, 0.8608914613723755, 0.8745834827423096, 0.8745834827423096, 2.9644041061401367, '00:55']
[29, 0.462230920791626, 0.4596514403820038, 0.9882151484489441, 0.08729105442762375, 0.17634005844593048, 1.5458080768585205, 0.8522770404815674, 0.8633543848991394, 0.8633543848991394, 2.4036002159118652, '01:02']
[30, 0.45388513803482056, 0.45769309997558594, 0.9899839162826538, 0.08432863652706146, 0.1752837896347046, 1.4367753267288208, 0.8540878295898438, 0.8613104224205017, 0.8613104224205017, 1.4945906400680542, '00:55']
[31, 0.4587016701698303, 0.4688771963119507, 0.9858791828155518, 0.07608530670404434, 0.17763328552246094, 1.6144365072250366, 0.8621373176574707, 0.8768711686134338, 0.8768711686134338, 3.330139398574829, '01:03']
[32, 0.4533417224884033, 0.4750126898288727, 0.9911558628082275, 0.06760431081056595, 0.17447318136692047, 1.3700883388519287, 0.8799401521682739, 0.8846713900566101, 0.8846713900566101, 0.9896643757820129, '01:02']
[33, 0.4495680630207062, 0.4521169066429138, 0.9898168444633484, 0.08965810388326645, 0.17561183869838715, 1.437867522239685, 0.8514020442962646, 0.8577555418014526, 0.8577555418014526, 1.432407021522522, '00:59']
[34, 0.45339837670326233, 0.46384742856025696, 0.9892470836639404, 0.07998478412628174, 0.1756247729063034, 1.4858766794204712, 0.8614546656608582, 0.8678819537162781, 0.8678819537162781, 1.6005643606185913, '01:03']
[35, 0.4548889100551605, 0.4680936932563782, 0.9885053038597107, 0.07910357415676117, 0.17604513466358185, 1.5197768211364746, 0.8643476366996765, 0.8712155222892761, 0.8712155222892761, 1.939995288848877, '00:55']
[36, 0.448555052280426, 0.4565497934818268, 0.9885477423667908, 0.09213746339082718, 0.17606842517852783, 1.5244741439819336, 0.8429653644561768, 0.8520069122314453, 0.8520069122314453, 2.034284830093384, '01:03']
[37, 0.4432278275489807, 0.46266695857048035, 0.9868013858795166, 0.08002180606126785, 0.17707349359989166, 1.5503208637237549, 0.8510764241218567, 0.8637410402297974, 0.8637410402297974, 2.5153181552886963, '00:59']
[38, 0.44744673371315, 0.4564935266971588, 0.9916032552719116, 0.08551359176635742, 0.1745452582836151, 1.3035905361175537, 0.8607157468795776, 0.865179181098938, 0.865179181098938, 0.7019532322883606, '01:03']
[39, 0.45286667346954346, 0.4563903212547302, 0.9875050187110901, 0.08878230303525925, 0.17685844004154205, 1.5439660549163818, 0.8449280858039856, 0.8575990200042725, 0.8575990200042725, 2.2893624305725098, '01:01']
[40, 0.4496873617172241, 0.45928990840911865, 0.9885944724082947, 0.08462096750736237, 0.17606118321418762, 1.528480887413025, 0.851999819278717, 0.861475944519043, 0.861475944519043, 2.042769432067871, '00:59']
[41, 0.4441744387149811, 0.47143545746803284, 0.984718382358551, 0.07924778014421463, 0.17822659015655518, 1.6424063444137573, 0.8582253456115723, 0.8726034164428711, 0.8726032972335815, 4.2899909019470215, '01:03']
[42, 0.4452485144138336, 0.4574151337146759, 0.9871720671653748, 0.0950959101319313, 0.17757868766784668, 1.5409446954727173, 0.8546553254127502, 0.8632040619850159, 0.8632040619850159, 2.5233397483825684, '00:55']
No improvement since epoch 33: early stopping
----------
3
----------
DLS create!
[0, 0.5038557052612305, 0.5087204575538635, 0.983398973941803, 0.03799733519554138, 0.17869417369365692, 1.595649003982544, 0.9336228966712952, 0.9338721036911011, 0.9338721036911011, 3.349642038345337, '01:03']
[1, 0.4970039129257202, 0.5011470317840576, 0.9919933080673218, 0.016490940004587173, 0.17431947588920593, 1.1984566450119019, 0.9533706307411194, 0.9535491466522217, 0.9535491466522217, 0.24437807500362396, '00:57']
[2, 0.48557567596435547, 0.5059869289398193, 0.9916636347770691, 0.022155994549393654, 0.17465142905712128, 1.221764326095581, 0.9596037268638611, 0.9577955603599548, 0.9577955603599548, 0.26160696148872375, '00:30']
[3, 0.4918650686740875, 0.48724085092544556, 0.9886069297790527, 0.0555407889187336, 0.1758686900138855, 1.4115084409713745, 0.9052464962005615, 0.9077743291854858, 0.9077743291854858, 1.4375849962234497, '00:30']
[4, 0.48744502663612366, 0.487964391708374, 0.9892691969871521, 0.04559619352221489, 0.17611360549926758, 1.4057326316833496, 0.9248618483543396, 0.9236783981323242, 0.9236783981323242, 1.0375618934631348, '00:30']
[5, 0.4918093681335449, 0.4837348759174347, 0.9889983534812927, 0.05623627454042435, 0.17634500563144684, 1.4347507953643799, 0.9149773120880127, 0.9156328439712524, 0.9156328439712524, 1.3142063617706299, '00:30']
[6, 0.4906991124153137, 0.4860946536064148, 0.9844383001327515, 0.057751722633838654, 0.17847980558872223, 1.5552289485931396, 0.9013262987136841, 0.9094144701957703, 0.9094144701957703, 2.9067273139953613, '00:30']
[7, 0.4796232581138611, 0.48261144757270813, 0.9902587532997131, 0.05536096170544624, 0.1750233918428421, 1.3287616968154907, 0.9024565815925598, 0.9050992131233215, 0.9050992131233215, 0.7728818655014038, '00:30']
[8, 0.4703783094882965, 0.48437729477882385, 0.988192617893219, 0.055390309542417526, 0.17612464725971222, 1.4376860857009888, 0.9019184112548828, 0.9056577682495117, 0.9056577682495117, 1.4295538663864136, '00:30']
[9, 0.4774426221847534, 0.6185356974601746, 0.9368050694465637, 0.03201770782470703, 0.20279134809970856, 1.8507858514785767, 0.9233783483505249, 0.944386899471283, 0.944386899471283, 19.766376495361328, '00:31']
[10, 0.4662356674671173, 0.4810192584991455, 0.9908021092414856, 0.051767539232969284, 0.17456266283988953, 1.2592941522598267, 0.898588240146637, 0.9063451290130615, 0.9063451290130615, 0.7012752890586853, '00:30']
[11, 0.46266934275627136, 0.47593316435813904, 0.9874610304832458, 0.06701931357383728, 0.17673708498477936, 1.4619166851043701, 0.8882862329483032, 0.8938218951225281, 0.8938218951225281, 1.9450182914733887, '00:30']
[12, 0.4691794514656067, 0.47309619188308716, 0.9867690205574036, 0.0707656592130661, 0.17706742882728577, 1.4978910684585571, 0.8771597146987915, 0.8855263590812683, 0.8855263590812683, 1.8216384649276733, '00:30']
[13, 0.4604574739933014, 0.48528406023979187, 0.9909842014312744, 0.04658473655581474, 0.17445965111255646, 1.2403231859207153, 0.9079044461250305, 0.9147490859031677, 0.9147490859031677, 0.4912700951099396, '00:30']
[14, 0.47048062086105347, 0.4737672209739685, 0.9882017970085144, 0.06880006939172745, 0.17617075145244598, 1.423228144645691, 0.8823813796043396, 0.8873485326766968, 0.8873485326766968, 1.3524068593978882, '00:30']
[15, 0.47240713238716125, 0.47200721502304077, 0.9889577031135559, 0.06966252624988556, 0.17604558169841766, 1.4074451923370361, 0.8888409733772278, 0.8902852535247803, 0.8902852535247803, 1.1213855743408203, '00:49']
[16, 0.46325498819351196, 0.47372308373451233, 0.9900209307670593, 0.06792392581701279, 0.17535775899887085, 1.3531183004379272, 0.8933377861976624, 0.8957991600036621, 0.8957991600036621, 0.8353381752967834, '01:00']
[17, 0.46370717883110046, 0.4672904312610626, 0.9892146587371826, 0.07209303975105286, 0.17561209201812744, 1.4029959440231323, 0.8733612298965454, 0.8794605135917664, 0.8794605135917664, 1.2024388313293457, '01:03']
[18, 0.46125298738479614, 0.4775899648666382, 0.9874804615974426, 0.06578770279884338, 0.17635980248451233, 1.4345759153366089, 0.8794459700584412, 0.8865132927894592, 0.8865132927894592, 1.4260329008102417, '00:57']
[19, 0.4489692747592926, 0.471936970949173, 0.9883324503898621, 0.0664668157696724, 0.17600496113300323, 1.4236258268356323, 0.877383828163147, 0.8843193054199219, 0.8843193054199219, 1.4130120277404785, '00:59']
[20, 0.4553239047527313, 0.47932934761047363, 0.9869488477706909, 0.06065202131867409, 0.17669838666915894, 1.4876748323440552, 0.8894913792610168, 0.8944628834724426, 0.8944628834724426, 1.7662357091903687, '01:03']
[21, 0.45677411556243896, 0.47107332944869995, 0.9878858327865601, 0.07602715492248535, 0.17615237832069397, 1.466708779335022, 0.8671903610229492, 0.8723189234733582, 0.8723188638687134, 1.5170321464538574, '00:57']
[22, 0.4636872410774231, 0.4649873971939087, 0.9882816076278687, 0.07634793967008591, 0.1760588437318802, 1.4239331483840942, 0.8672001361846924, 0.8732945919036865, 0.8732945919036865, 1.3616089820861816, '00:57']
[23, 0.4550928473472595, 0.46392202377319336, 0.9886502027511597, 0.07874321937561035, 0.17577038705348969, 1.4274113178253174, 0.8590367436408997, 0.8661597371101379, 0.8661597371101379, 1.3087185621261597, '01:03']
[24, 0.4595049023628235, 0.46626216173171997, 0.989018976688385, 0.0717189833521843, 0.17564602196216583, 1.4110795259475708, 0.8708407282829285, 0.8761823773384094, 0.8761823773384094, 1.3021399974822998, '00:58']
[25, 0.45172834396362305, 0.47403618693351746, 0.9839984178543091, 0.07351192831993103, 0.17833271622657776, 1.5782831907272339, 0.8640472888946533, 0.8772477507591248, 0.8772477507591248, 2.7511608600616455, '00:57']
[26, 0.4522455036640167, 0.47016915678977966, 0.9847500324249268, 0.07541537284851074, 0.17811259627342224, 1.5503162145614624, 0.8584543466567993, 0.8704196214675903, 0.8704196214675903, 2.2895209789276123, '01:02']
[27, 0.4483000338077545, 0.4862041771411896, 0.9914870858192444, 0.05963585153222084, 0.1740882843732834, 1.2291231155395508, 0.883992075920105, 0.8950091600418091, 0.8950091600418091, 0.5037515759468079, '01:00']
[28, 0.45254239439964294, 0.46571147441864014, 0.9898971319198608, 0.08151880651712418, 0.17508956789970398, 1.3702882528305054, 0.8592569828033447, 0.8633711338043213, 0.8633710741996765, 1.0052499771118164, '00:56']
[29, 0.44215157628059387, 0.48010340332984924, 0.9827304482460022, 0.0659753680229187, 0.17897765338420868, 1.5717581510543823, 0.8683055639266968, 0.8838164806365967, 0.8838164806365967, 2.8959977626800537, '01:01']
[30, 0.44486668705940247, 0.45636457204818726, 0.9878467917442322, 0.08653708547353745, 0.17636868357658386, 1.4775785207748413, 0.8477356433868408, 0.8554650545120239, 0.8554650545120239, 1.5837842226028442, '01:00']
[31, 0.4455997347831726, 0.46966177225112915, 0.9852279424667358, 0.07536299526691437, 0.1776558756828308, 1.5432255268096924, 0.8606475591659546, 0.8728866577148438, 0.8728866577148438, 2.3076529502868652, '00:57']
[32, 0.4404448866844177, 0.46235391497612, 0.9887906312942505, 0.07938443124294281, 0.1757459044456482, 1.415520429611206, 0.85776287317276, 0.8640371561050415, 0.8640371561050415, 1.2406654357910156, '01:03']
[33, 0.450008749961853, 0.45858126878738403, 0.9877926707267761, 0.08648266643285751, 0.17627228796482086, 1.4912647008895874, 0.8443670272827148, 0.8529151678085327, 0.8529151678085327, 1.7195888757705688, '01:02']
[34, 0.4566099941730499, 0.45795804262161255, 0.988400936126709, 0.0852428674697876, 0.1761743426322937, 1.4542622566223145, 0.8559836745262146, 0.8624922037124634, 0.8624922037124634, 1.4927572011947632, '00:57']
[35, 0.4421684443950653, 0.46185556054115295, 0.9850764274597168, 0.08599679917097092, 0.1778903752565384, 1.5681570768356323, 0.8437992334365845, 0.8571458458900452, 0.8571458458900452, 2.620936393737793, '01:01']
[36, 0.45005106925964355, 0.4777074158191681, 0.9809263944625854, 0.07696747034788132, 0.18012793362140656, 1.6460731029510498, 0.8493923544883728, 0.8715400695800781, 0.8715400695800781, 3.598604202270508, '01:04']
[37, 0.43047425150871277, 0.4531145989894867, 0.9883735179901123, 0.0881345272064209, 0.17600315809249878, 1.449986219406128, 0.8428438901901245, 0.8494320511817932, 0.8494320511817932, 1.4387937784194946, '00:58']
[38, 0.446214497089386, 0.4647725522518158, 0.9893500208854675, 0.0739426538348198, 0.17577335238456726, 1.3902891874313354, 0.8719905614852905, 0.8762434124946594, 0.8762434124946594, 1.0887656211853027, '01:00']
[39, 0.4379177987575531, 0.47639191150665283, 0.9783651232719421, 0.08279263973236084, 0.1816805601119995, 1.6834113597869873, 0.8393590450286865, 0.8638375401496887, 0.8638375401496887, 4.490390300750732, '01:03']
[40, 0.4390549063682556, 0.47951024770736694, 0.9808850884437561, 0.0743071436882019, 0.18012918531894684, 1.6341211795806885, 0.8544461131095886, 0.8741196393966675, 0.8741196393966675, 3.41056752204895, '00:56']
[41, 0.43366801738739014, 0.45727863907814026, 0.988286018371582, 0.0915960967540741, 0.17603012919425964, 1.4483070373535156, 0.8403184413909912, 0.8480575680732727, 0.8480575680732727, 1.4093817472457886, '00:57']
[42, 0.44415542483329773, 0.4568561613559723, 0.9878790378570557, 0.08887094259262085, 0.17647530138492584, 1.4720287322998047, 0.8446232080459595, 0.8539892435073853, 0.8539892435073853, 1.7440260648727417, '01:03']
[43, 0.4325868785381317, 0.4593146741390228, 0.9892220497131348, 0.08296354115009308, 0.1755300909280777, 1.396823763847351, 0.8514487743377686, 0.8595132827758789, 0.8595132827758789, 1.2031241655349731, '00:58']
[44, 0.44166433811187744, 0.4671773910522461, 0.984931468963623, 0.08130747079849243, 0.17780540883541107, 1.5489376783370972, 0.8456342220306396, 0.8603346347808838, 0.8603346347808838, 2.3819420337677, '00:57']
[45, 0.446644127368927, 0.4588879644870758, 0.989087700843811, 0.08943244069814682, 0.17552167177200317, 1.428882360458374, 0.8440011143684387, 0.8517517447471619, 0.8517517447471619, 1.3294228315353394, '01:03']
[46, 0.44960495829582214, 0.4605366587638855, 0.9855896830558777, 0.09206483513116837, 0.17768877744674683, 1.5477443933486938, 0.8355832099914551, 0.8489965200424194, 0.8489965200424194, 2.2343051433563232, '01:00']
No improvement since epoch 37: early stopping
----------
4
----------
DLS create!
[0, 0.510027289390564, 0.5697800517082214, 0.9883036017417908, 0.01527173537760973, 0.17580848932266235, 1.343052864074707, 0.9642531871795654, 0.9518263936042786, 0.9518263936042786, inf, '00:57']
[1, 0.5024269223213196, 0.497937947511673, 0.9885914921760559, 0.04335726052522659, 0.1751873642206192, 1.3266551494598389, 0.9272891879081726, 0.9161112308502197, 0.9161112308502197, inf, '01:02']
[2, 0.4942222237586975, 0.4897715747356415, 0.9845180511474609, 0.058400243520736694, 0.17754560708999634, 1.5066922903060913, 0.9097325801849365, 0.8991641402244568, 0.8991641402244568, inf, '01:02']
[3, 0.4953080117702484, 0.5014305710792542, 0.9870854616165161, 0.03742336481809616, 0.17595601081848145, 1.409295678138733, 0.9339937567710876, 0.9243677258491516, 0.9243677258491516, inf, '00:57']
[4, 0.48897451162338257, 0.48804402351379395, 0.9849860668182373, 0.05648697912693024, 0.17694972455501556, 1.4814307689666748, 0.9078959226608276, 0.8955463767051697, 0.8955463767051697, inf, '01:00']
[5, 0.4878639578819275, 0.4835854768753052, 0.9887452721595764, 0.06403281539678574, 0.17500971257686615, 1.3248790502548218, 0.8969141244888306, 0.8878682255744934, 0.8878682255744934, inf, '01:03']
[6, 0.4884661138057709, 0.4789679944515228, 0.9867495894432068, 0.06531300395727158, 0.176500141620636, 1.427344799041748, 0.9001458287239075, 0.8886180520057678, 0.8886180520057678, inf, '00:57']
[7, 0.4777001738548279, 0.46948009729385376, 0.984700620174408, 0.0875883623957634, 0.1772790402173996, 1.4931427240371704, 0.8573729991912842, 0.8514682650566101, 0.8514682650566101, inf, '00:59']
[8, 0.4759429395198822, 0.47814565896987915, 0.9847295880317688, 0.08357053995132446, 0.17727446556091309, 1.4913731813430786, 0.8712857365608215, 0.8612950444221497, 0.8612950444221497, inf, '01:03']
[9, 0.4794135093688965, 0.4623497724533081, 0.9848796725273132, 0.09441301971673965, 0.17731550335884094, 1.479417085647583, 0.8564523458480835, 0.8491173982620239, 0.8491173982620239, inf, '00:57']
[10, 0.4777480959892273, 0.4665561318397522, 0.9872665405273438, 0.0799940899014473, 0.1758832186460495, 1.4110016822814941, 0.8702968955039978, 0.8617854118347168, 0.8617854118347168, inf, '00:59']
[11, 0.4732040762901306, 0.49004003405570984, 0.9830799102783203, 0.06060510501265526, 0.17788763344287872, 1.5245779752731323, 0.8961933255195618, 0.8893259167671204, 0.8893259167671204, inf, '01:03']
[12, 0.4746793806552887, 0.4663255512714386, 0.9868655204772949, 0.08756168931722641, 0.17610183358192444, 1.4250673055648804, 0.8604909777641296, 0.8534547686576843, 0.8534547686576843, inf, '00:57']
[13, 0.46609729528427124, 0.45330023765563965, 0.9879377484321594, 0.09645009785890579, 0.1754213571548462, 1.3606117963790894, 0.8427700400352478, 0.8362996578216553, 0.8362996578216553, inf, '00:58']
[14, 0.46999841928482056, 0.45657339692115784, 0.9870503544807434, 0.09874942153692245, 0.1760365217924118, 1.4327006340026855, 0.8463824987411499, 0.8383013010025024, 0.8383013010025024, inf, '01:03']
[15, 0.4655230939388275, 0.4688414931297302, 0.9813704490661621, 0.08745066076517105, 0.1790684014558792, 1.568240761756897, 0.8562187552452087, 0.8540799021720886, 0.8540799021720886, inf, '00:55']
[16, 0.4692781865596771, 0.46512171626091003, 0.9847905039787292, 0.0896676704287529, 0.17719246447086334, 1.5121417045593262, 0.8526996970176697, 0.8482275605201721, 0.8482275605201721, inf, '00:58']
[17, 0.4669819176197052, 0.4552787244319916, 0.9845349192619324, 0.10378243774175644, 0.17779232561588287, 1.5172942876815796, 0.8370178937911987, 0.8359438180923462, 0.8359438180923462, inf, '01:03']
[18, 0.4634073078632355, 0.4475193917751312, 0.9871296286582947, 0.10296881943941116, 0.17593836784362793, 1.4089821577072144, 0.8319944143295288, 0.8261785507202148, 0.8261785507202148, inf, '00:56']
[19, 0.46516183018684387, 0.4604315459728241, 0.9848061203956604, 0.09297692030668259, 0.17702597379684448, 1.5228321552276611, 0.8401504755020142, 0.836235523223877, 0.836235523223877, inf, '00:57']
[20, 0.45736855268478394, 0.45462456345558167, 0.9881481528282166, 0.09521624445915222, 0.17520292103290558, 1.3870000839233398, 0.8413583636283875, 0.8346869945526123, 0.8346869945526123, inf, '01:03']
[21, 0.45591142773628235, 0.4572090804576874, 0.9894156455993652, 0.0917021855711937, 0.17437724769115448, 1.270180106163025, 0.8393210172653198, 0.8371813893318176, 0.8371813893318176, inf, '00:56']
[22, 0.46260014176368713, 0.45434653759002686, 0.9835206866264343, 0.10518696904182434, 0.17792785167694092, 1.5274776220321655, 0.8251758813858032, 0.8237660527229309, 0.8237660527229309, inf, '00:57']
[23, 0.4559207260608673, 0.4698077142238617, 0.9895309805870056, nan, 0.1742415577173233, 1.2310757637023926, 0.8562338948249817, 0.8533879518508911, 0.8533879518508911, nan, '01:03']
[24, 0.4515042006969452, 0.45465537905693054, 0.9829064607620239, 0.11044152081012726, 0.17818045616149902, 1.5417476892471313, 0.8180098533630371, 0.8163046836853027, 0.8163046836853027, inf, '00:57']
[25, 0.4592828154563904, 0.453646183013916, 0.9890931248664856, nan, 0.1746891438961029, 1.304413080215454, 0.8396484851837158, 0.8341930508613586, 0.8341930508613586, nan, '00:57']
[26, 0.45441871881484985, 0.45579665899276733, 0.9889267683029175, nan, 0.17474760115146637, 1.3152079582214355, 0.8407297730445862, 0.8358902931213379, 0.8358902931213379, nan, '01:03']
[27, 0.45238324999809265, 0.45269545912742615, 0.9887328743934631, 0.10720241814851761, 0.17511454224586487, 1.306779384613037, 0.8336488008499146, 0.8295272588729858, 0.8295272588729858, inf, '01:00']
No improvement since epoch 18: early stopping
PSPNet_res152 Done!
