Models will save to PSPNet_incv4_x
Use inceptionv4 encoder
Start training...
----------
0
----------
DLS create!
[0, 0.5222527980804443, 0.5226050019264221, 0.993744432926178, 0.0, 0.17537781596183777, 1.1664130687713623, 0.983502984046936, 0.9780935049057007, 0.9780935049057007, 0.0003530654648784548, '00:30']
[1, 0.5128190517425537, 0.5088732242584229, 0.9917242527008057, 0.018968839198350906, 0.17694784700870514, 1.3318634033203125, 0.9736261963844299, 0.9683541059494019, 0.9683541059494019, 0.4856429100036621, '00:27']
[2, 0.5062927007675171, 0.5623984336853027, 0.9380484223365784, 0.023915551602840424, 0.2089913785457611, 1.7822344303131104, 0.9576976895332336, 0.9673508405685425, 0.9673508405685425, 13.684850692749023, '00:27']
[3, 0.5076242685317993, 0.5037477016448975, 0.9916879534721375, 0.026534048840403557, 0.17687241733074188, 1.339545488357544, 0.9616446495056152, 0.9566875100135803, 0.9566875100135803, 0.4666939675807953, '00:27']
[4, 0.49700406193733215, 0.48520928621292114, 0.9880527853965759, 0.05102678760886192, 0.17721615731716156, 1.5059654712677002, 0.9214913845062256, 0.9206275343894958, 0.9206275343894958, 1.4505622386932373, '00:27']
[5, 0.49566391110420227, 0.5010024905204773, 0.9925702214241028, 0.02415335923433304, 0.17459575831890106, 1.246872067451477, 0.9548924565315247, 0.9530900120735168, 0.9530900120735168, 0.3715893030166626, '00:27']
[6, 0.49683570861816406, 0.5184752345085144, 0.9924418926239014, 0.011285386979579926, 0.17480772733688354, 1.2282441854476929, 0.964968204498291, 0.9613410830497742, 0.9613410830497742, 0.23402060568332672, '00:27']
[7, 0.48803672194480896, 0.5188964009284973, 0.993110179901123, 0.0029184422455728054, 0.1738286018371582, 1.1043297052383423, 0.9826412796974182, 0.9863144755363464, 0.9863144755363464, 0.13725075125694275, '00:28']
[8, 0.48775815963745117, 0.5229399800300598, 0.9681926369667053, 0.0361672043800354, 0.18758156895637512, 1.772111177444458, 0.9310009479522705, 0.9402928352355957, 0.9402928352355957, 5.436039924621582, '00:27']
[9, 0.4828803837299347, 0.5101178288459778, 0.9931821227073669, 0.017154010012745857, 0.17374512553215027, 1.1218806505203247, 0.9548213481903076, 0.961555540561676, 0.9615554809570312, 0.15994127094745636, '00:27']
[10, 0.4852723181247711, 0.5008705258369446, 0.9795750379562378, 0.0497407466173172, 0.1818142831325531, 1.6838246583938599, 0.9149715900421143, 0.9210203289985657, 0.9210203289985657, 3.194495439529419, '00:28']
[11, 0.48680004477500916, 0.513482391834259, 0.9737895131111145, 0.04570376127958298, 0.18459321558475494, 1.7318211793899536, 0.915497362613678, 0.9257969260215759, 0.9257969260215759, 4.624191761016846, '00:27']
[12, 0.48042821884155273, 0.4779171347618103, 0.9910911321640015, 0.04903586581349373, 0.17541298270225525, 1.305974006652832, 0.9171140789985657, 0.9132770895957947, 0.9132770895957947, 0.5546272397041321, '00:28']
[13, 0.47395455837249756, 0.4960484206676483, 0.9780392646789551, 0.05713914334774017, 0.1820373386144638, 1.685184121131897, 0.8988015055656433, 0.9066405892372131, 0.9066405892372131, 3.3520665168762207, '00:27']
[14, 0.47571423649787903, 0.47655466198921204, 0.9855290055274963, 0.07143527269363403, 0.17809659242630005, 1.5351539850234985, 0.8817068934440613, 0.8835939764976501, 0.8835939764976501, 1.7453278303146362, '00:27']
[15, 0.47995778918266296, 0.47509458661079407, 0.9894778728485107, 0.06340824067592621, 0.1763104349374771, 1.4253534078598022, 0.9035808444023132, 0.9010810852050781, 0.9010810852050781, 1.0775301456451416, '00:27']
[16, 0.4715777039527893, 0.4858740270137787, 0.9902563691139221, 0.04468769207596779, 0.1757710725069046, 1.3833552598953247, 0.9234885573387146, 0.9205335378646851, 0.9205335378646851, 0.7515010237693787, '00:28']
[17, 0.48065587878227234, 0.4706490635871887, 0.9903932213783264, 0.06396770477294922, 0.17573826014995575, 1.3856123685836792, 0.8995590209960938, 0.8960249423980713, 0.8960249423980713, 0.8083397150039673, '00:27']
[18, 0.47961199283599854, 0.46744146943092346, 0.9917831420898438, 0.06530502438545227, 0.17497962713241577, 1.3089848756790161, 0.8970785140991211, 0.8944016695022583, 0.8944016695022583, 0.5363816022872925, '00:27']
[19, 0.480933278799057, 0.46736475825309753, 0.9901503324508667, 0.06867030262947083, 0.1756862848997116, 1.394957423210144, 0.8889985680580139, 0.8862798810005188, 0.8862798810005188, 0.8773877024650574, '00:27']
[20, 0.4706163704395294, 0.48475444316864014, 0.9899336099624634, 0.05555761605501175, 0.17569755017757416, 1.3852404356002808, 0.9073516726493835, 0.9054140448570251, 0.9054140448570251, 0.844611644744873, '00:27']
[21, 0.4666965901851654, 0.48268944025039673, 0.981968879699707, 0.06392892450094223, 0.18027764558792114, 1.6162091493606567, 0.8849349617958069, 0.8959534168243408, 0.8959534168243408, 2.4620325565338135, '00:27']
[22, 0.47343453764915466, 0.5046082735061646, 0.9719498753547668, 0.048198893666267395, 0.18605265021324158, 1.747994065284729, 0.9086750149726868, 0.9237067699432373, 0.9237067699432373, 5.008211135864258, '00:27']
[23, 0.4722033739089966, 0.47858408093452454, 0.9884650707244873, 0.059622183442115784, 0.1766165792942047, 1.474171757698059, 0.9033648371696472, 0.9019776582717896, 0.9019776582717896, 1.2223299741744995, '00:27']
[24, 0.47086286544799805, 0.46607738733291626, 0.9855561852455139, 0.07980611175298691, 0.17865140736103058, 1.5382517576217651, 0.8714988827705383, 0.8781329393386841, 0.8781329393386841, 1.7812023162841797, '00:26']
[25, 0.477662056684494, 0.4675832688808441, 0.9907981753349304, 0.06854290515184402, 0.17531751096248627, 1.3586796522140503, 0.8885787725448608, 0.8867266178131104, 0.8867266178131104, 0.7332026958465576, '00:27']
[26, 0.46798673272132874, 0.5020991563796997, 0.9714528918266296, 0.057283420115709305, 0.18615387380123138, 1.7534387111663818, 0.888565182685852, 0.9080145955085754, 0.9080145955085754, 5.150609970092773, '00:27']
[27, 0.47159072756767273, 0.48150143027305603, 0.9915527701377869, 0.05048420652747154, 0.17504379153251648, 1.297645092010498, 0.9184500575065613, 0.9166742563247681, 0.9166742563247681, 0.5362222790718079, '00:27']
[28, 0.4677504003047943, 0.47881439328193665, 0.9917485117912292, 0.050820667296648026, 0.17462728917598724, 1.277540922164917, 0.902804434299469, 0.904380738735199, 0.904380738735199, 0.4863796830177307, '00:28']
[29, 0.4676862061023712, 0.4715353846549988, 0.9887882471084595, 0.06874490529298782, 0.17634834349155426, 1.4120261669158936, 0.8883903622627258, 0.886647641658783, 0.886647641658783, 1.062643051147461, '00:27']
[30, 0.46572041511535645, 0.5191231966018677, 0.9671891927719116, 0.0417039729654789, 0.1878783255815506, 1.7650916576385498, 0.91832435131073, 0.9313902258872986, 0.9313902258872986, 5.910375595092773, '00:27']
[31, 0.4673865735530853, 0.4639955461025238, 0.9876141548156738, 0.07620397210121155, 0.17694425582885742, 1.4799085855484009, 0.8706291913986206, 0.8702180981636047, 0.8702180981636047, 1.3179031610488892, '00:27']
[32, 0.46538421511650085, 0.45964884757995605, 0.9891879558563232, 0.083143450319767, 0.17624321579933167, 1.416867733001709, 0.8679100871086121, 0.8674878478050232, 0.8674878478050232, 1.0682379007339478, '00:28']
[33, 0.4587832987308502, 0.4777131974697113, 0.9890989661216736, 0.0622749999165535, 0.1763206273317337, 1.42671799659729, 0.9024361371994019, 0.899182915687561, 0.899182915687561, 1.0707015991210938, '00:27']
[34, 0.46796271204948425, 0.4719592034816742, 0.9871234893798828, 0.06903509795665741, 0.17723770439624786, 1.4941834211349487, 0.8830426335334778, 0.8829580545425415, 0.8829580545425415, 1.4315556287765503, '00:27']
[35, 0.45640841126441956, 0.4703834354877472, 0.9866087436676025, 0.0674908459186554, 0.1775277554988861, 1.547353982925415, 0.8809181451797485, 0.8838120698928833, 0.8838120698928833, 1.689942479133606, '00:27']
[36, 0.455249547958374, 0.49419209361076355, 0.9755101203918457, 0.059502013027668, 0.18395376205444336, 1.679912805557251, 0.8910714983940125, 0.9044559001922607, 0.9044559001922607, 4.131316661834717, '00:27']
[37, 0.4534420669078827, 0.5275982022285461, 0.9683178067207336, 0.040669165551662445, 0.18708473443984985, 1.7785017490386963, 0.91433185338974, 0.9291930794715881, 0.9291930794715881, 5.250863075256348, '00:28']
[38, 0.45303642749786377, 0.4768001437187195, 0.9915556907653809, 0.052691251039505005, 0.17477217316627502, 1.3018302917480469, 0.9008064270019531, 0.9018764495849609, 0.9018764495849609, 0.5741620063781738, '00:27']
[39, 0.46470946073532104, 0.45679113268852234, 0.9872336387634277, 0.08851468563079834, 0.17760270833969116, 1.5211341381072998, 0.8597684502601624, 0.8620598912239075, 0.8620598912239075, 1.5774530172348022, '00:26']
[40, 0.45938026905059814, 0.4812251031398773, 0.9825422167778015, 0.06586398929357529, 0.17989467084407806, 1.597869634628296, 0.8838185667991638, 0.8915377855300903, 0.8915377855300903, 2.272617816925049, '00:28']
[41, 0.46184322237968445, 0.4648277461528778, 0.9862592220306396, 0.0802781879901886, 0.1781913936138153, 1.558273196220398, 0.8696142435073853, 0.875818133354187, 0.875818133354187, 1.7563811540603638, '00:27']
[42, 0.45720645785331726, 0.4481927454471588, 0.9900463223457336, 0.09691722691059113, 0.17582373321056366, 1.4054341316223145, 0.8487523198127747, 0.8471269011497498, 0.8471269011497498, 0.979390025138855, '00:27']
[43, 0.4580489695072174, 0.48352178931236267, 0.980163037776947, 0.06924271583557129, 0.18120108544826508, 1.6519291400909424, 0.8748257160186768, 0.8880045413970947, 0.8880045413970947, 2.9207093715667725, '00:27']
[44, 0.45876798033714294, 0.4597017168998718, 0.9918560981750488, 0.0705183669924736, 0.17475509643554688, 1.278812050819397, 0.8782050013542175, 0.8773949146270752, 0.8773949146270752, 0.5100971460342407, '00:27']
[45, 0.45624077320098877, 0.4572290778160095, 0.9877225756645203, 0.08561278879642487, 0.17710264027118683, 1.4756742715835571, 0.858078122138977, 0.8598288893699646, 0.8598288893699646, 1.364196538925171, '00:26']
[46, 0.4478204548358917, 0.4812990427017212, 0.9928597211837769, 0.046153195202350616, 0.1740233600139618, 1.1602752208709717, 0.9017689824104309, 0.912294328212738, 0.912294328212738, 0.25476038455963135, '00:27']
[47, 0.44910529255867004, 0.4669804275035858, 0.986721932888031, 0.07598315924406052, 0.17771124839782715, 1.4906730651855469, 0.877560019493103, 0.878468930721283, 0.878468930721283, 1.4498727321624756, '00:27']
[48, 0.45453694462776184, 0.462674617767334, 0.9845244884490967, 0.08242373168468475, 0.17894501984119415, 1.604646921157837, 0.856692910194397, 0.8662718534469604, 0.8662718534469604, 2.2060911655426025, '00:27']
[49, 0.45577654242515564, 0.4585249125957489, 0.9916942715644836, 0.07471100986003876, 0.1746980845928192, 1.2876230478286743, 0.8682337403297424, 0.8692053556442261, 0.8692053556442261, 0.5670870542526245, '00:27']
[50, 0.4554630219936371, 0.46585220098495483, 0.9841063022613525, 0.0852450430393219, 0.1791556477546692, 1.544005274772644, 0.8609514832496643, 0.8652825951576233, 0.8652825951576233, 1.8455610275268555, '00:28']
[51, 0.4589133858680725, 0.4546525180339813, 0.9871338605880737, 0.09001055359840393, 0.17740888893604279, 1.5217407941818237, 0.8519825339317322, 0.8544849753379822, 0.8544849753379822, 1.5605459213256836, '00:27']
No improvement since epoch 42: early stopping
----------
1
----------
DLS create!
[0, 0.5161331295967102, 0.5070543885231018, 0.9913876056671143, 0.01361940149217844, 0.1765521913766861, 1.3474239110946655, 0.9656481146812439, 0.9599125385284424, 0.9599125385284424, 0.5811336040496826, '00:27']
[1, 0.5070198774337769, 0.5282532572746277, 0.9931275844573975, 0.0, 0.17354229092597961, 1.0344408750534058, 0.9943857789039612, 0.9955865740776062, 0.9955865740776062, 0.0003786211018450558, '00:29']
[2, 0.49720725417137146, 0.5147006511688232, 0.9916589856147766, 0.016213059425354004, 0.17432795464992523, 1.2623157501220703, 0.9563121795654297, 0.9615611433982849, 0.9615611433982849, 0.4135808050632477, '00:27']
[3, 0.49829578399658203, 0.4918338358402252, 0.9837756752967834, 0.04805269464850426, 0.18018704652786255, 1.5995326042175293, 0.9286155104637146, 0.9280804991722107, 0.9280804991722107, 3.225144147872925, '00:27']
[4, 0.4986785650253296, 0.5120165348052979, 0.9928522706031799, 0.007331026252359152, 0.17368018627166748, 1.1266449689865112, 0.9586997032165527, 0.9705581665039062, 0.9705581665039062, 0.08132587373256683, '00:28']
[5, 0.49638381600379944, 0.4844914674758911, 0.9877513647079468, 0.05354234203696251, 0.17696312069892883, 1.5148484706878662, 0.9149789214134216, 0.9155861735343933, 0.9155861735343933, 1.812310814857483, '00:27']
[6, 0.4928060472011566, 0.48731929063796997, 0.9847637414932251, 0.050758007913827896, 0.17843788862228394, 1.5768078565597534, 0.915252685546875, 0.9170310497283936, 0.9170310497283936, 3.0282254219055176, '00:27']
[7, 0.4930088222026825, 0.4833635687828064, 0.9848312139511108, 0.06161815673112869, 0.18019136786460876, 1.6125283241271973, 0.9121888279914856, 0.9138097167015076, 0.9138097167015076, 2.8114864826202393, '00:29']
[8, 0.49084845185279846, 0.48282483220100403, 0.9920821785926819, 0.03818799555301666, 0.1747860610485077, 1.2900704145431519, 0.924588143825531, 0.9244579076766968, 0.9244579076766968, 0.4535943567752838, '00:28']
[9, 0.48303672671318054, 0.4798734784126282, 0.9858498573303223, 0.058820512145757675, 0.17808173596858978, 1.57826828956604, 0.9050882458686829, 0.904263436794281, 0.904263436794281, 2.693624258041382, '00:27']
[10, 0.48815128207206726, 0.4761657118797302, 0.9855046272277832, 0.06604219973087311, 0.1786191314458847, 1.5897639989852905, 0.8942616581916809, 0.896260678768158, 0.896260678768158, 2.661478281021118, '00:27']
[11, 0.48837631940841675, 0.4813016653060913, 0.992432713508606, 0.04326368495821953, 0.1741238683462143, 1.2403614521026611, 0.9115910530090332, 0.916023850440979, 0.916023850440979, 0.32952460646629333, '00:27']
[12, 0.4880439043045044, 0.49142763018608093, 0.9908323287963867, 0.037251997739076614, 0.17509713768959045, 1.3591469526290894, 0.9322499632835388, 0.9327702522277832, 0.9327702522277832, 0.7322726249694824, '00:27']
[13, 0.4901496469974518, 0.47615087032318115, 0.991142749786377, 0.05622612312436104, 0.17547522485256195, 1.3748981952667236, 0.9110004901885986, 0.9097754955291748, 0.9097754955291748, 0.8336933851242065, '00:27']
[14, 0.4868912398815155, 0.4711516797542572, 0.9878126978874207, 0.06745786219835281, 0.17714406549930573, 1.5186710357666016, 0.8943435549736023, 0.8928437232971191, 0.8928437232971191, 1.8034934997558594, '00:27']
[15, 0.4823157787322998, 0.46750107407569885, 0.990358829498291, 0.0677395910024643, 0.17539013922214508, 1.4002039432525635, 0.886869490146637, 0.8867208361625671, 0.8867208361625671, 1.1521576642990112, '00:28']
[16, 0.48421794176101685, 0.4654935598373413, 0.9897022843360901, 0.07099802047014236, 0.17572163045406342, 1.4528660774230957, 0.8837862014770508, 0.8816787004470825, 0.8816787004470825, 1.3668837547302246, '00:27']
[17, 0.4804530739784241, 0.47204098105430603, 0.9916436076164246, 0.05899716913700104, 0.17492857575416565, 1.325514554977417, 0.9040292501449585, 0.903192400932312, 0.903192400932312, 0.6616397500038147, '00:27']
[18, 0.4761279821395874, 0.46857234835624695, 0.991242527961731, 0.0616132877767086, 0.17487649619579315, 1.331644058227539, 0.8934037685394287, 0.8917117118835449, 0.8917117118835449, 0.6337466239929199, '00:27']
[19, 0.48315170407295227, 0.4703027307987213, 0.9856305122375488, 0.07314089685678482, 0.1785503625869751, 1.5873171091079712, 0.8833712339401245, 0.8875263333320618, 0.8875263333320618, 2.5310752391815186, '00:27']
[20, 0.47625553607940674, 0.46922653913497925, 0.9822433590888977, 0.07922292500734329, 0.1800725758075714, 1.658759593963623, 0.8695400953292847, 0.8763206005096436, 0.8763206005096436, 3.8930602073669434, '00:28']
[21, 0.4787481427192688, 0.5124203562736511, 0.960121214389801, 0.06257092952728271, 0.19228270649909973, 1.8256194591522217, 0.8772389888763428, 0.9018368721008301, 0.9018368721008301, 11.903765678405762, '00:27']
[22, 0.47921833395957947, 0.4642360210418701, 0.9895184636116028, 0.07067113369703293, 0.17615441977977753, 1.4537074565887451, 0.8869603872299194, 0.8841142058372498, 0.8841142058372498, 1.2790805101394653, '00:27']
[23, 0.4763847887516022, 0.4615262746810913, 0.9846939444541931, 0.0869196206331253, 0.17895576357841492, 1.6084673404693604, 0.8647907376289368, 0.8686370253562927, 0.8686370253562927, 2.864048957824707, '00:27']
[24, 0.47473374009132385, 0.47137895226478577, 0.9791845083236694, 0.080613873898983, 0.18170654773712158, 1.6922799348831177, 0.8616106510162354, 0.8739413022994995, 0.8739413022994995, 4.887935161590576, '00:28']
[25, 0.4712751805782318, 0.46884453296661377, 0.985117495059967, 0.07693202048540115, 0.17847688496112823, 1.5896810293197632, 0.884863018989563, 0.8824465870857239, 0.8824465870857239, 2.9902467727661133, '00:28']
[26, 0.4754115641117096, 0.46180790662765503, 0.9918570518493652, 0.07019829750061035, 0.17477037012577057, 1.3156410455703735, 0.8817343711853027, 0.8828930258750916, 0.8828930258750916, 0.6632471680641174, '00:27']
[27, 0.46616876125335693, 0.49847346544265747, 0.9670860171318054, 0.06576810032129288, 0.18763436377048492, 1.7800135612487793, 0.8844669461250305, 0.8967563509941101, 0.8967564702033997, 9.588151931762695, '00:27']
[28, 0.47209274768829346, 0.4578908681869507, 0.9886297583580017, 0.08083312958478928, 0.17692776024341583, 1.4626950025558472, 0.8739292025566101, 0.8729581832885742, 0.8729581832885742, 1.2652348279953003, '00:27']
[29, 0.46435514092445374, 0.4542483389377594, 0.9871943593025208, 0.09182633459568024, 0.17735125124454498, 1.5346320867538452, 0.8529343008995056, 0.8548551797866821, 0.8548551797866821, 2.463724136352539, '00:27']
[30, 0.46655717492103577, 0.45725828409194946, 0.9879622459411621, 0.08619510382413864, 0.1769188940525055, 1.5050621032714844, 0.8639993071556091, 0.8639450073242188, 0.8639450073242188, 1.8936021327972412, '00:27']
[31, 0.46567076444625854, 0.48209649324417114, 0.9925714135169983, 0.0451115258038044, 0.17395205795764923, 1.1586235761642456, 0.9077404141426086, 0.9136067628860474, 0.9136067628860474, 0.20330551266670227, '00:28']
[32, 0.47247788310050964, 0.4747677445411682, 0.9908726811408997, 0.053059741854667664, 0.17494934797286987, 1.3522868156433105, 0.8969720005989075, 0.9020547866821289, 0.9020547866821289, 0.8465523719787598, '00:27']
[33, 0.4720822870731354, 0.4490247368812561, 0.9909405708312988, 0.09096863120794296, 0.17527878284454346, 1.328514575958252, 0.8574982285499573, 0.8551836609840393, 0.8551836609840393, 0.6820034980773926, '00:29']
[34, 0.4669937193393707, 0.4738004207611084, 0.9921022057533264, 0.057067837566137314, 0.17422649264335632, 1.2698701620101929, 0.8897925019264221, 0.8962973356246948, 0.8962973356246948, 0.5359424948692322, '00:27']
[35, 0.47251802682876587, 0.45072460174560547, 0.9875576496124268, 0.09597205370664597, 0.1772194355726242, 1.5453194379806519, 0.8518624305725098, 0.8515103459358215, 0.8515103459358215, 1.913856863975525, '00:27']
[36, 0.470758855342865, 0.44227585196495056, 0.9897117018699646, 0.10147938132286072, 0.1759260594844818, 1.458080530166626, 0.8394842147827148, 0.8390956521034241, 0.8390956521034241, 1.451350212097168, '00:27']
[37, 0.46901804208755493, 0.4454614222049713, 0.9905707240104675, 0.0947818011045456, 0.17554178833961487, 1.4054056406021118, 0.8513618111610413, 0.8498042821884155, 0.8498042821884155, 0.9482771754264832, '00:27']
[38, 0.4684966504573822, 0.466106116771698, 0.9925197958946228, 0.058993034064769745, 0.17412124574184418, 1.2269971370697021, 0.8838174939155579, 0.8905997276306152, 0.8905997276306152, 0.3354676067829132, '00:27']
[39, 0.4676002264022827, 0.4667189419269562, 0.9873989224433899, 0.0748278945684433, 0.17686450481414795, 1.519404649734497, 0.871436595916748, 0.8743829727172852, 0.8743829727172852, 2.162165403366089, '00:27']
[40, 0.46762561798095703, 0.4380408525466919, 0.9898943901062012, 0.1077466532588005, 0.17595164477825165, 1.439874291419983, 0.8341851830482483, 0.8344380259513855, 0.8344380259513855, 1.5233289003372192, '00:27']
[41, 0.45897045731544495, 0.44278815388679504, 0.9891020059585571, 0.10197147727012634, 0.17623786628246307, 1.5012751817703247, 0.8382472395896912, 0.8367422223091125, 0.8367422223091125, 1.4186674356460571, '00:27']
[42, 0.4616442620754242, 0.4676530957221985, 0.9776285290718079, 0.08972805738449097, 0.18271388113498688, 1.7186630964279175, 0.8463549017906189, 0.8622127771377563, 0.8622127771377563, 5.838569641113281, '00:27']
[43, 0.4556582570075989, 0.4548535645008087, 0.9907585978507996, 0.08349481225013733, 0.17511576414108276, 1.3733677864074707, 0.8551859259605408, 0.8586142659187317, 0.8586142659187317, 1.0878005027770996, '00:28']
[44, 0.46118414402008057, 0.43875017762184143, 0.9883402585983276, 0.10794086754322052, 0.17680135369300842, 1.4940907955169678, 0.8287250995635986, 0.830741286277771, 0.830741286277771, 1.6764519214630127, '00:27']
[45, 0.4587826132774353, 0.45185598731040955, 0.9870766997337341, 0.09488578885793686, 0.1773911714553833, 1.5518765449523926, 0.8445546627044678, 0.8501837849617004, 0.8501837849617004, 2.4708099365234375, '00:27']
[46, 0.4605419635772705, 0.4438175559043884, 0.9858102202415466, 0.1063726618885994, 0.17816036939620972, 1.6042847633361816, 0.8236138820648193, 0.8319901823997498, 0.8319901823997498, 2.400296688079834, '00:28']
[47, 0.45767268538475037, 0.4372493028640747, 0.9894225001335144, 0.10250404477119446, 0.17579638957977295, 1.4515154361724854, 0.8242089152336121, 0.8253644108772278, 0.8253644108772278, 1.5483872890472412, '00:27']
[48, 0.4563029110431671, 0.48080214858055115, 0.9814491868019104, 0.07021891325712204, 0.18002301454544067, 1.661245346069336, 0.8793955445289612, 0.8849011659622192, 0.8849012851715088, 3.8669378757476807, '00:27']
[49, 0.46119529008865356, 0.46246984601020813, 0.9806408286094666, 0.08861013501882553, 0.1807575672864914, 1.6444422006607056, 0.8517290353775024, 0.8616010546684265, 0.8616010546684265, 4.764654636383057, '00:27']
[50, 0.4608144760131836, 0.435333788394928, 0.9870808720588684, 0.11361762881278992, 0.17744854092597961, 1.5329076051712036, 0.815203070640564, 0.8237454295158386, 0.8237454295158386, 2.3827598094940186, '00:27']
[51, 0.4594295620918274, 0.4482669234275818, 0.9897435903549194, 0.09390167891979218, 0.1758093535900116, 1.363253116607666, 0.8508750796318054, 0.8516220450401306, 0.8516220450401306, 1.59559166431427, '00:26']
[52, 0.4572547376155853, 0.4414006471633911, 0.9847434163093567, 0.1123957708477974, 0.17874214053153992, 1.6310335397720337, 0.8118732571601868, 0.8242278099060059, 0.8242278099060059, 3.1345200538635254, '00:27']
[53, 0.4451262354850769, 0.4581514298915863, 0.9882158041000366, 0.08119889348745346, 0.17638729512691498, 1.4965403079986572, 0.8612442016601562, 0.8631097078323364, 0.8631097078323364, 1.894770860671997, '00:28']
[54, 0.44868144392967224, 0.4324866831302643, 0.9872925281524658, 0.119013711810112, 0.1773553490638733, 1.567932367324829, 0.8079010248184204, 0.8141391277313232, 0.8141391277313232, 2.1418302059173584, '00:27']
[55, 0.45393308997154236, 0.4893512427806854, 0.9668960571289062, 0.08127700537443161, 0.1888606995344162, 1.788640022277832, 0.8500977754592896, 0.8776688575744629, 0.8776688575744629, 9.361608505249023, '00:27']
[56, 0.4517184793949127, 0.4511831998825073, 0.9830687642097473, 0.10238585621118546, 0.1796056032180786, 1.6147106885910034, 0.8360604047775269, 0.8431902527809143, 0.8431902527809143, 3.6092240810394287, '00:27']
[57, 0.44774526357650757, 0.4537123441696167, 0.9801461696624756, 0.10464490205049515, 0.18105706572532654, 1.6969388723373413, 0.8159317970275879, 0.8345975875854492, 0.8345975875854492, 4.803009033203125, '00:26']
[58, 0.43839728832244873, 0.4618743360042572, 0.9914795756340027, 0.07267025858163834, 0.1746731847524643, 1.248193621635437, 0.8684564232826233, 0.8787869215011597, 0.8787868618965149, 0.968941330909729, '00:27']
[59, 0.43448150157928467, 0.4440397322177887, 0.9847270250320435, 0.11112739145755768, 0.17861253023147583, 1.5774835348129272, 0.8208534717559814, 0.8278910517692566, 0.8278910517692566, 3.54319429397583, '00:27']
[60, 0.4393414258956909, 0.4373379647731781, 0.9890139698982239, 0.10786706954240799, 0.1761130541563034, 1.4958720207214355, 0.8176278471946716, 0.8227380514144897, 0.8227380514144897, 1.7829217910766602, '00:27']
[61, 0.43828505277633667, 0.4548357129096985, 0.9825367331504822, 0.10095810890197754, 0.1799468696117401, 1.67351233959198, 0.8239743113517761, 0.8396915197372437, 0.8396915197372437, 4.0590643882751465, '00:27']
[62, 0.4447271525859833, 0.4665756821632385, 0.9766455292701721, 0.09561910480260849, 0.18304364383220673, 1.7453064918518066, 0.8222439885139465, 0.8478183746337891, 0.8478183746337891, 6.242018699645996, '00:26']
[63, 0.44992199540138245, 0.43681198358535767, 0.9904471635818481, 0.10448134690523148, 0.17548887431621552, 1.4189534187316895, 0.8300484418869019, 0.8297145962715149, 0.8297145962715149, 1.0551091432571411, '00:27']
No improvement since epoch 54: early stopping
----------
2
----------
DLS create!
[0, 0.510728120803833, 0.5138194561004639, 0.9914208650588989, 0.021278386935591698, 0.17509925365447998, 1.2759491205215454, 0.9673912525177002, 0.9651885032653809, 0.9651885032653809, 0.537273645401001, '00:27']
[1, 0.5030898451805115, 0.4996146261692047, 0.9916781187057495, 0.034837860614061356, 0.1743418574333191, 1.2330695390701294, 0.9353221654891968, 0.9368857145309448, 0.9368857145309448, 0.38365694880485535, '00:27']
[2, 0.5047463774681091, 0.5148422122001648, 0.9920589923858643, 0.01273751724511385, 0.17484456300735474, 1.2354440689086914, 0.9730473160743713, 0.9695615768432617, 0.9695615768432617, 0.22321417927742004, '00:27']
[3, 0.4953981935977936, 0.4962227940559387, 0.9851031303405762, 0.04455957189202309, 0.17810754477977753, 1.5475852489471436, 0.924234926700592, 0.9235169291496277, 0.9235169291496277, 2.1325488090515137, '00:26']
[4, 0.49861785769462585, 0.5121292471885681, 0.986354410648346, 0.03648778423666954, 0.17846812307834625, 1.5037909746170044, 0.9431456327438354, 0.9420355558395386, 0.9420355558395386, 1.7613518238067627, '00:27']
[5, 0.493121862411499, 0.4919552206993103, 0.9885045886039734, 0.044288430362939835, 0.1769796460866928, 1.4486910104751587, 0.9295592904090881, 0.9272313117980957, 0.9272313117980957, 1.235357403755188, '00:27']
[6, 0.4949358105659485, 0.5211507081985474, 0.9836394786834717, 0.03237829729914665, 0.1810278445482254, 1.5469605922698975, 0.9602580666542053, 0.9617123603820801, 0.9617123603820801, 2.6978461742401123, '00:27']
[7, 0.48940300941467285, 0.48647958040237427, 0.9889189004898071, 0.049062248319387436, 0.1758444458246231, 1.4125339984893799, 0.9156249165534973, 0.9132879972457886, 0.9132879972457886, 0.9595355987548828, '00:27']
[8, 0.48939645290374756, 0.4736208915710449, 0.9900047183036804, 0.06191188842058182, 0.17545555531978607, 1.3685060739517212, 0.8984613418579102, 0.8967979550361633, 0.8967979550361633, 0.8189074993133545, '00:27']
[9, 0.4882655739784241, 0.48289754986763, 0.991409420967102, 0.045692238956689835, 0.17436476051807404, 1.219146966934204, 0.9077367186546326, 0.9103792905807495, 0.9103792905807495, 0.3139137327671051, '00:27']
[10, 0.4791518449783325, 0.48803797364234924, 0.9860337376594543, 0.05709339305758476, 0.17768169939517975, 1.5480509996414185, 0.9076945185661316, 0.9084085822105408, 0.9084085822105408, 2.0091917514801025, '00:27']
[11, 0.4781348407268524, 0.484416663646698, 0.9856743216514587, 0.06052762269973755, 0.17785950005054474, 1.5361348390579224, 0.8991463780403137, 0.900120198726654, 0.900120198726654, 1.7121237516403198, '00:27']
[12, 0.48099446296691895, 0.46978580951690674, 0.9867826700210571, 0.07570008933544159, 0.17750532925128937, 1.5258697271347046, 0.8841134905815125, 0.8841087818145752, 0.8841087818145752, 1.672965407371521, '00:27']
[13, 0.4761256277561188, 0.5160843133926392, 0.963008463382721, 0.05906992405653, 0.19015683233737946, 1.8077906370162964, 0.8709362149238586, 0.9029812216758728, 0.9029812216758728, 7.830941677093506, '00:27']
[14, 0.47629719972610474, 0.4776532053947449, 0.9857420325279236, 0.06682494282722473, 0.1777147650718689, 1.5468971729278564, 0.888576865196228, 0.8903661966323853, 0.8903661966323853, 1.9031109809875488, '00:27']
[15, 0.4742637574672699, 0.4758613705635071, 0.9910479187965393, 0.06631603091955185, 0.1745714545249939, 1.2826215028762817, 0.8837987780570984, 0.8874796032905579, 0.8874796032905579, 0.5429190397262573, '00:27']
[16, 0.47100305557250977, 0.4636904001235962, 0.9887357354164124, 0.08184758573770523, 0.17590996623039246, 1.4163693189620972, 0.8602696061134338, 0.8610664010047913, 0.8610664010047913, 1.0408943891525269, '00:27']
[17, 0.4773905575275421, 0.48371556401252747, 0.9833009243011475, 0.06131274625658989, 0.17958976328372955, 1.621833324432373, 0.8972380757331848, 0.9017385244369507, 0.9017385244369507, 2.7108943462371826, '00:27']
[18, 0.46640151739120483, 0.468570739030838, 0.9861214756965637, 0.07660289853811264, 0.1775873303413391, 1.5502194166183472, 0.8712879419326782, 0.8748666644096375, 0.8748666644096375, 1.8849323987960815, '00:27']
[19, 0.47177210450172424, 0.4762304127216339, 0.9906091094017029, 0.06875215470790863, 0.17514663934707642, 1.331275463104248, 0.8883876800537109, 0.8872771263122559, 0.8872771263122559, 0.6312515139579773, '00:27']
[20, 0.4713611602783203, 0.46298500895500183, 0.9910948276519775, 0.07420724630355835, 0.1751646250486374, 1.2943671941757202, 0.8833129405975342, 0.8821154236793518, 0.8821154236793518, 0.5165143013000488, '00:27']
[21, 0.4651670455932617, 0.4692210853099823, 0.9895787239074707, 0.07242413610219955, 0.17556557059288025, 1.4035441875457764, 0.8785359859466553, 0.8793195486068726, 0.8793195486068726, 1.1237722635269165, '00:27']
[22, 0.4611165225505829, 0.46326783299446106, 0.9857392907142639, 0.08589894324541092, 0.1778477281332016, 1.5460821390151978, 0.8640413284301758, 0.8656846284866333, 0.8656846284866333, 2.4568817615509033, '00:27']
[23, 0.461235910654068, 0.4979637861251831, 0.9706915020942688, 0.06573070585727692, 0.18572571873664856, 1.7652833461761475, 0.8676693439483643, 0.8902555108070374, 0.8902555108070374, 5.947916507720947, '00:27']
[24, 0.4617956578731537, 0.4604685604572296, 0.9909653067588806, 0.07858976721763611, 0.17478635907173157, 1.3227421045303345, 0.8706449866294861, 0.8704569935798645, 0.8704569935798645, 0.6426926255226135, '00:27']
[25, 0.4639369249343872, 0.4610857367515564, 0.9906246066093445, 0.07657120376825333, 0.17488813400268555, 1.3068506717681885, 0.8557407259941101, 0.8581676483154297, 0.8581676483154297, 0.5992794036865234, '00:27']
[26, 0.46099376678466797, 0.5191084742546082, 0.9676290154457092, 0.05387074872851372, 0.1870729774236679, 1.7788197994232178, 0.8893740773200989, 0.9081021547317505, 0.9081021547317505, 7.7556939125061035, '00:27']
[27, 0.45752596855163574, 0.4591175317764282, 0.9899088740348816, 0.08364413678646088, 0.17541946470737457, 1.3697776794433594, 0.8637531995773315, 0.8630730509757996, 0.8630730509757996, 0.8761041164398193, '00:27']
[28, 0.4456610083580017, 0.46049314737319946, 0.9852055907249451, 0.0944126695394516, 0.17793063819408417, 1.5797500610351562, 0.8381459712982178, 0.8458276987075806, 0.8458276987075806, 2.0734381675720215, '00:27']
[29, 0.4549840986728668, 0.45326516032218933, 0.9864449501037598, 0.0971042662858963, 0.17748655378818512, 1.5309406518936157, 0.840194582939148, 0.8456461429595947, 0.8456461429595947, 1.7528375387191772, '00:27']
[30, 0.45435523986816406, 0.4441257417201996, 0.9858891367912292, 0.1123528927564621, 0.17791512608528137, 1.551640272140503, 0.8260995745658875, 0.8305398225784302, 0.8305398225784302, 2.2186431884765625, '00:27']
[31, 0.45759060978889465, 0.45217955112457275, 0.9887802600860596, 0.09632954001426697, 0.1760399043560028, 1.4287687540054321, 0.8443354964256287, 0.8463667035102844, 0.8463667035102844, 1.1004867553710938, '00:27']
[32, 0.45675569772720337, 0.46909114718437195, 0.9914531707763672, 0.07806935161352158, 0.17435169219970703, 1.236950159072876, 0.8627336621284485, 0.8685447573661804, 0.8685447573661804, 0.5005401372909546, '00:27']
[33, 0.450955331325531, 0.46522215008735657, 0.9896734952926636, 0.0832236260175705, 0.17545968294143677, 1.4096165895462036, 0.8620551228523254, 0.8657771944999695, 0.8657771944999695, 1.1029058694839478, '00:27']
[34, 0.44554632902145386, 0.4677485227584839, 0.9780946969985962, 0.09602811187505722, 0.18225109577178955, 1.7025606632232666, 0.8315634727478027, 0.8522550463676453, 0.8522550463676453, 3.824014663696289, '00:27']
[35, 0.44564974308013916, 0.4453371465206146, 0.9875607490539551, 0.10568652302026749, 0.17682045698165894, 1.4863280057907104, 0.8298933506011963, 0.8335986733436584, 0.8335986733436584, 1.5504190921783447, '00:28']
[36, 0.44212886691093445, 0.43586617708206177, 0.9885322451591492, 0.11458370834589005, 0.17635805904865265, 1.4515396356582642, 0.8182348012924194, 0.8184298276901245, 0.8184298276901245, 1.2824100255966187, '00:27']
[37, 0.44198763370513916, 0.43698298931121826, 0.9891850352287292, 0.1145850270986557, 0.17585816979408264, 1.4292898178100586, 0.8150542974472046, 0.8189876675605774, 0.8189876675605774, 1.248124122619629, '00:27']
[38, 0.4490768611431122, 0.46134865283966064, 0.9898819327354431, 0.08575590699911118, 0.17527945339679718, 1.3909978866577148, 0.8563786745071411, 0.8583348989486694, 0.8583348989486694, 0.9672734141349792, '00:27']
[39, 0.4409758746623993, 0.47770804166793823, 0.9749804139137268, 0.08637773245573044, 0.18356212973594666, 1.726183295249939, 0.8444106578826904, 0.8633289933204651, 0.8633289933204651, 5.742353439331055, '00:27']
[40, 0.44273266196250916, 0.4747125208377838, 0.9793547987937927, 0.08232948184013367, 0.18129846453666687, 1.6791521310806274, 0.8513215780258179, 0.8682559728622437, 0.8682559728622437, 3.603883981704712, '00:28']
[41, 0.4385961890220642, 0.4596254229545593, 0.9796991348266602, 0.10228265076875687, 0.18110324442386627, 1.68741774559021, 0.8193941116333008, 0.8366419672966003, 0.8366419672966003, 3.6439857482910156, '00:27']
[42, 0.4392499327659607, 0.45777618885040283, 0.9869771599769592, 0.0882745310664177, 0.17691731452941895, 1.5108563899993896, 0.846890389919281, 0.8510181307792664, 0.8510181307792664, 1.5501528978347778, '00:27']
[43, 0.4419083893299103, 0.4570850133895874, 0.9859092235565186, 0.09165932983160019, 0.17765076458454132, 1.5451955795288086, 0.8403398394584656, 0.8486127257347107, 0.8486127257347107, 2.033419132232666, '00:27']
[44, 0.4376402199268341, 0.4409428536891937, 0.9870421886444092, 0.11152384430170059, 0.1769583374261856, 1.5256984233856201, 0.8125985860824585, 0.8188127279281616, 0.8188127279281616, 1.6466811895370483, '00:27']
[45, 0.44071149826049805, 0.5107567310333252, 0.9682187438011169, 0.06216907128691673, 0.18725529313087463, 1.7792106866836548, 0.8793104887008667, 0.8992986083030701, 0.8992986083030701, 7.548301696777344, '00:27']
No improvement since epoch 36: early stopping
----------
3
----------
DLS create!
[0, 0.5119622945785522, 0.6441474556922913, 0.9926006197929382, 0.0, 0.17330969870090485, 1.0062572956085205, 0.9967336058616638, 0.9988616704940796, 0.9988616704940796, 9.484720067121089e-05, '00:27']
[1, 0.5118850469589233, 0.5092583894729614, 0.9880794286727905, 0.015143504366278648, 0.17813068628311157, 1.3812872171401978, 0.9665532112121582, 0.9613927006721497, 0.9613927006721497, 0.7912464737892151, '00:28']
[2, 0.5041781663894653, 0.4982202649116516, 0.9862484931945801, 0.03429747372865677, 0.18046866357326508, 1.4700711965560913, 0.9445903301239014, 0.9425113201141357, 0.9425113201141357, 1.33150315284729, '00:27']
[3, 0.49455776810646057, 0.5255117416381836, 0.99223792552948, 0.004571155179291964, 0.17361880838871002, 1.061486840248108, 0.9774482250213623, 0.9837143421173096, 0.9837143421173096, 0.055021755397319794, '00:27']
[4, 0.4952184557914734, 0.5155783891677856, 0.9922362565994263, 0.006491188425570726, 0.17376218736171722, 1.090196132659912, 0.970390796661377, 0.9750476479530334, 0.9750476479530334, 0.07150695472955704, '00:27']
[5, 0.4961817264556885, 0.5034624338150024, 0.9899465441703796, 0.028940679505467415, 0.1751554161310196, 1.3054664134979248, 0.9443203806877136, 0.9414676427841187, 0.9414676427841187, 0.5125568509101868, '00:27']
[6, 0.488097220659256, 0.5077851414680481, 0.9765019416809082, 0.04175763577222824, 0.18290817737579346, 1.6741619110107422, 0.9248477816581726, 0.9300668239593506, 0.9300668239593506, 3.0433003902435303, '00:27']
[7, 0.48850685358047485, 0.4967051148414612, 0.9837893843650818, 0.04262006655335426, 0.1792077124118805, 1.550299048423767, 0.929535984992981, 0.9285205006599426, 0.9285205006599426, 1.7703737020492554, '00:27']
[8, 0.4891633689403534, 0.5059860944747925, 0.978080689907074, 0.041465260088443756, 0.1827136129140854, 1.6552835702896118, 0.9317104816436768, 0.934658944606781, 0.934658944606781, 2.828963279724121, '00:27']
[9, 0.4862394630908966, 0.4961468577384949, 0.9889972805976868, 0.03247386962175369, 0.17595134675502777, 1.3639250993728638, 0.9415957927703857, 0.9368202686309814, 0.9368202686309814, 0.65906822681427, '00:27']
[10, 0.4822761118412018, 0.5098788738250732, 0.9846499562263489, 0.030678078532218933, 0.17830944061279297, 1.5237596035003662, 0.9493577480316162, 0.9468400478363037, 0.9468400478363037, 1.6725410223007202, '00:27']
[11, 0.47806888818740845, 0.4922289550304413, 0.9819533824920654, 0.05703500658273697, 0.1794455647468567, 1.5895804166793823, 0.9063335657119751, 0.9053236842155457, 0.9053235650062561, 2.3004963397979736, '00:27']
[12, 0.48468539118766785, 0.49064305424690247, 0.990147590637207, 0.033046189695596695, 0.1750396341085434, 1.2978018522262573, 0.9278579950332642, 0.9270272254943848, 0.9270272254943848, 0.5215349793434143, '00:27']
[13, 0.4811731278896332, 0.5120798945426941, 0.992489755153656, 0.006142762955278158, 0.17435622215270996, 1.1176973581314087, 0.9697606563568115, 0.966829240322113, 0.966829240322113, 0.030567489564418793, '00:27']
[14, 0.4775271415710449, 0.4857356548309326, 0.9844652414321899, 0.056254126131534576, 0.1781042516231537, 1.524080753326416, 0.9023354053497314, 0.9013817310333252, 0.9013817310333252, 1.7114094495773315, '00:28']
[15, 0.47901949286460876, 0.486021488904953, 0.9872137904167175, 0.04748273640871048, 0.17686092853546143, 1.4269967079162598, 0.9179469347000122, 0.9151055812835693, 0.9151055812835693, 1.0564523935317993, '00:27']
[16, 0.47807371616363525, 0.4863956570625305, 0.9895102977752686, 0.046416185796260834, 0.17568907141685486, 1.3393226861953735, 0.9241861701011658, 0.9202158451080322, 0.9202158451080322, 0.6443353295326233, '00:27']
[17, 0.4794052839279175, 0.4921954870223999, 0.9903712868690491, 0.04770948365330696, 0.1750515103340149, 1.3087706565856934, 0.9158751964569092, 0.9132025837898254, 0.9132025837898254, 0.5420341491699219, '00:28']
[18, 0.47283416986465454, 0.48668932914733887, 0.9843334555625916, 0.05459969490766525, 0.17847076058387756, 1.5393084287643433, 0.9097194671630859, 0.9094190001487732, 0.9094190001487732, 1.6565961837768555, '00:27']
[19, 0.46931639313697815, 0.47491711378097534, 0.9867267608642578, 0.06556941568851471, 0.17742277681827545, 1.4877511262893677, 0.8950182199478149, 0.8943941593170166, 0.8943941593170166, 1.270362377166748, '00:27']
[20, 0.47086581587791443, 0.49079859256744385, 0.9781272411346436, 0.057573381811380386, 0.18245640397071838, 1.653089165687561, 0.8991560935974121, 0.9072238206863403, 0.9072238206863403, 2.8093314170837402, '00:27']
[21, 0.4682081937789917, 0.4810328185558319, 0.9830691814422607, 0.06697957962751389, 0.1793815642595291, 1.5794144868850708, 0.8912391066551208, 0.893465518951416, 0.893465518951416, 1.9317586421966553, '00:27']
[22, 0.46335774660110474, 0.47853413224220276, 0.9887946248054504, 0.051216933876276016, 0.17621590197086334, 1.394097924232483, 0.9110807776451111, 0.9068024158477783, 0.9068024158477783, 0.825920581817627, '00:27']
[23, 0.46461740136146545, 0.48498186469078064, 0.9775335788726807, 0.07132294774055481, 0.18207602202892303, 1.6766620874404907, 0.8718072175979614, 0.8828244805335999, 0.8828244805335999, 3.2170519828796387, '00:27']
[24, 0.4619995355606079, 0.47285714745521545, 0.9852067828178406, 0.06806285679340363, 0.17808781564235687, 1.5254868268966675, 0.8879308104515076, 0.8863851428031921, 0.8863851428031921, 1.6286824941635132, '00:27']
[25, 0.4732897877693176, 0.48365747928619385, 0.9826287031173706, 0.06544722616672516, 0.1792638897895813, 1.585556983947754, 0.8882704973220825, 0.8911729454994202, 0.8911729454994202, 2.1088013648986816, '00:28']
[26, 0.46648022532463074, 0.47980615496635437, 0.9809128642082214, 0.06851071119308472, 0.18009348213672638, 1.6234489679336548, 0.8771012425422668, 0.8835033178329468, 0.8835033178329468, 2.4098258018493652, '00:27']
[27, 0.46211206912994385, 0.4840003252029419, 0.989209771156311, 0.06661009788513184, 0.1754559874534607, 1.3747302293777466, 0.8869450092315674, 0.8842698931694031, 0.8842698931694031, 0.800552248954773, '00:27']
[28, 0.458700567483902, 0.4827868342399597, 0.9916841983795166, 0.046949807554483414, 0.1741466075181961, 1.2045739889144897, 0.9050361514091492, 0.9104244709014893, 0.9104244709014893, 0.28500428795814514, '00:27']
[29, 0.4664497673511505, 0.4824660122394562, 0.9889362454414368, 0.06195657327771187, 0.17569206655025482, 1.39174485206604, 0.8950159549713135, 0.892304003238678, 0.8923039436340332, 0.8709079027175903, '00:28']
[30, 0.4659576117992401, 0.4725128412246704, 0.9876279234886169, 0.06489594280719757, 0.17636242508888245, 1.4489755630493164, 0.8878222107887268, 0.8852272629737854, 0.8852272629737854, 1.0836471319198608, '00:27']
[31, 0.46132320165634155, 0.49321603775024414, 0.9910948276519775, 0.038402725011110306, 0.17448967695236206, 1.2281962633132935, 0.9239017367362976, 0.9244282245635986, 0.9244282245635986, 0.33258989453315735, '00:27']
[32, 0.45693379640579224, 0.4758452773094177, 0.9867293238639832, 0.07094623893499374, 0.17686212062835693, 1.4962917566299438, 0.879318356513977, 0.8778067231178284, 0.8778066039085388, 1.3591195344924927, '00:27']
[33, 0.4527445137500763, 0.472665011882782, 0.9874593615531921, 0.06864255666732788, 0.1765909492969513, 1.447022795677185, 0.886995792388916, 0.8845793008804321, 0.8845793008804321, 1.122536063194275, '00:28']
[34, 0.46083691716194153, 0.5126067996025085, 0.9676321148872375, 0.05162804573774338, 0.18808819353580475, 1.743293285369873, 0.9039677977561951, 0.921394944190979, 0.921394944190979, 4.65879487991333, '00:27']
[35, 0.46215397119522095, 0.4690166711807251, 0.9890655279159546, 0.06467629969120026, 0.17601604759693146, 1.4004292488098145, 0.8913304805755615, 0.8877324461936951, 0.8877324461936951, 0.8161839246749878, '00:27']
[36, 0.4639245867729187, 0.4670316278934479, 0.9869477152824402, 0.07911315560340881, 0.17686539888381958, 1.48073410987854, 0.86983722448349, 0.8686928749084473, 0.8686928749084473, 1.272894024848938, '00:27']
[37, 0.4583300054073334, 0.46794256567955017, 0.9894261360168457, 0.07191580533981323, 0.17555923759937286, 1.372706413269043, 0.8812693953514099, 0.8796406984329224, 0.8796406984329224, 0.8055139780044556, '00:28']
[38, 0.46300914883613586, 0.4728902578353882, 0.9862737059593201, 0.07269465178251266, 0.17720437049865723, 1.5061229467391968, 0.8791310787200928, 0.8792949318885803, 0.8792949318885803, 1.3932573795318604, '00:27']
[39, 0.4539671838283539, 0.47422268986701965, 0.9879179000854492, 0.06658267974853516, 0.17619618773460388, 1.4455715417861938, 0.8894605040550232, 0.8861196041107178, 0.8861196041107178, 1.062935471534729, '00:27']
[40, 0.4559480845928192, 0.46380895376205444, 0.9903095364570618, 0.07335284352302551, 0.1749640852212906, 1.3080401420593262, 0.8707888722419739, 0.8717054724693298, 0.8717054724693298, 0.6042636036872864, '00:27']
[41, 0.4473002851009369, 0.48153984546661377, 0.9877958297729492, 0.06411156058311462, 0.17615176737308502, 1.4439635276794434, 0.889155924320221, 0.8881430625915527, 0.8881430625915527, 1.2032638788223267, '00:27']
[42, 0.4538405239582062, 0.4626932740211487, 0.9888735413551331, 0.07701963931322098, 0.17595508694648743, 1.3957295417785645, 0.8752864003181458, 0.8731482625007629, 0.8731483221054077, 0.9001246690750122, '00:27']
[43, 0.4542534351348877, 0.4649756848812103, 0.989750862121582, 0.07182014733552933, 0.175423726439476, 1.3569869995117188, 0.8788458704948425, 0.8767867088317871, 0.8767867088317871, 0.704488217830658, '00:27']
[44, 0.4550584554672241, 1.1489429473876953, 0.8726606965065002, 0.009317702613770962, 0.23442649841308594, 1.9283126592636108, 0.988185465335846, 0.9812629222869873, 0.9812629222869873, 22.470109939575195, '00:26']
[45, 0.4511040449142456, 0.4778190851211548, 0.9898192882537842, 0.06857365369796753, 0.17512784898281097, 1.3551198244094849, 0.8804387450218201, 0.8788012266159058, 0.8788012266159058, 0.7120037078857422, '00:27']
[46, 0.4560646116733551, 0.4598008394241333, 0.9903131723403931, 0.08303043991327286, 0.1751190572977066, 1.3324919939041138, 0.8646901845932007, 0.8623447418212891, 0.8623447418212891, 0.638009786605835, '00:27']
[47, 0.4544183015823364, 0.49169206619262695, 0.9885584712028503, 0.07044122368097305, 0.17578299343585968, 1.421000361442566, 0.8821134567260742, 0.8793229460716248, 0.8793229460716248, 0.9780557751655579, '00:27']
[48, 0.4545981287956238, 0.4744266867637634, 0.9914934635162354, 0.05703926086425781, 0.17424216866493225, 1.2177419662475586, 0.8878996968269348, 0.8950185179710388, 0.8950185179710388, 0.3449974060058594, '00:27']
[49, 0.4456644058227539, 0.486489474773407, 0.9910663366317749, 0.0635252371430397, 0.1744416356086731, 1.256669521331787, 0.8855324983596802, 0.888334333896637, 0.888334333896637, 0.41865426301956177, '00:27']
[50, 0.4402414858341217, 0.4674268364906311, 0.9901570081710815, 0.07423432171344757, 0.17505568265914917, 1.3074296712875366, 0.8644171953201294, 0.8694812655448914, 0.8694812655448914, 0.6410422921180725, '00:27']
[51, 0.444330632686615, 0.48046284914016724, 0.9839361310005188, 0.0671178326010704, 0.1783650666475296, 1.5618040561676025, 0.8788231015205383, 0.8831952810287476, 0.8831952810287476, 1.9526163339614868, '00:27']
[52, 0.433758944272995, 0.48495328426361084, 0.9801782369613647, 0.06985445320606232, 0.18054452538490295, 1.6365411281585693, 0.8752763271331787, 0.8817170858383179, 0.8817170858383179, 2.551487922668457, '00:27']
[53, 0.44196373224258423, 0.48331040143966675, 0.9901405572891235, 0.06869587302207947, 0.17490887641906738, 1.3357446193695068, 0.8834211230278015, 0.8820081353187561, 0.8820081353187561, 0.6350437998771667, '00:27']
[54, 0.4519634544849396, 0.4822724163532257, 0.9811551570892334, 0.06430938094854355, 0.17985406517982483, 1.6140574216842651, 0.8819702863693237, 0.888209342956543, 0.888209342956543, 2.5194919109344482, '00:27']
[55, 0.4420575499534607, 0.45921412110328674, 0.9880912899971008, 0.08810252696275711, 0.17619965970516205, 1.4275473356246948, 0.854385256767273, 0.8544968366622925, 0.8544968366622925, 1.0822694301605225, '00:27']
[56, 0.4319817125797272, 0.4797915518283844, 0.9910153746604919, 0.07280851155519485, 0.17449843883514404, 1.2491455078125, 0.866296648979187, 0.8733798861503601, 0.8733798861503601, 0.5106162428855896, '00:27']
[57, 0.4369419813156128, 0.4720870554447174, 0.9903050065040588, 0.07101260125637054, 0.17489759624004364, 1.316713571548462, 0.8737685680389404, 0.877090334892273, 0.877090334892273, 0.683194637298584, '00:27']
[58, 0.4341830015182495, 0.45087742805480957, 0.988350510597229, 0.0933927446603775, 0.1762056052684784, 1.428383708000183, 0.8426472544670105, 0.8436501026153564, 0.8436501026153564, 1.1109442710876465, '00:29']
[59, 0.43932196497917175, 0.476406067609787, 0.9904912710189819, 0.0685734674334526, 0.1746937334537506, 1.314436674118042, 0.8762505650520325, 0.8775637745857239, 0.8775637745857239, 0.6015594601631165, '00:27']
[60, 0.43610450625419617, 0.512308657169342, 0.9649342894554138, 0.05644949525594711, 0.1881958395242691, 1.7683991193771362, 0.89046710729599, 0.9068335294723511, 0.9068335294723511, 5.1479339599609375, '00:27']
[61, 0.43064236640930176, 0.4589134752750397, 0.9885861277580261, 0.08994709700345993, 0.17587129771709442, 1.425455927848816, 0.8497945070266724, 0.849433422088623, 0.849433422088623, 1.0308691263198853, '00:27']
[62, 0.4417928159236908, 0.47632724046707153, 0.9890833497047424, 0.0743127092719078, 0.1754889339208603, 1.3798238039016724, 0.8732100129127502, 0.8714877367019653, 0.8714877367019653, 0.803584098815918, '00:28']
[63, 0.44481784105300903, 0.4720693528652191, 0.9865896701812744, 0.07759600877761841, 0.17688433825969696, 1.487847924232483, 0.8649442195892334, 0.8672971725463867, 0.8672971725463867, 1.3477569818496704, '00:27']
[64, 0.43714267015457153, 0.4691966772079468, 0.984860360622406, 0.07483773678541183, 0.17792493104934692, 1.527306318283081, 0.8698077201843262, 0.8708701133728027, 0.8708701133728027, 1.5965749025344849, '00:27']
[65, 0.44816556572914124, 0.46976208686828613, 0.990254819393158, 0.07395090907812119, 0.17494001984596252, 1.3200892210006714, 0.8746320605278015, 0.8730438351631165, 0.8730438351631165, 0.6111093759536743, '00:27']
[66, 0.4339372515678406, 0.4650803208351135, 0.9870871901512146, 0.07859327644109726, 0.1766016185283661, 1.4481362104415894, 0.865601122379303, 0.8664997220039368, 0.8664997220039368, 1.2241594791412354, '00:27']
[67, 0.4264664053916931, 0.47052741050720215, 0.9884333610534668, 0.07302753627300262, 0.1758982092142105, 1.423466444015503, 0.8713288903236389, 0.8714688420295715, 0.8714688420295715, 1.0010358095169067, '00:27']
No improvement since epoch 58: early stopping
----------
4
----------
DLS create!
[0, 0.5119935870170593, 0.5346158742904663, 0.9904472827911377, 0.014958309940993786, 0.17385044693946838, 1.0906785726547241, 0.9560227990150452, 0.9593285918235779, 0.9593285918235779, 0.03905167803168297, '00:27']
[1, 0.503898024559021, 0.516807496547699, 0.9877688884735107, 0.03392808511853218, 0.17565715312957764, 1.3276970386505127, 0.9413752555847168, 0.9369600415229797, 0.9369600415229797, 0.7174457311630249, '00:27']
[2, 0.49227842688560486, 0.5033606290817261, 0.9880912899971008, 0.03414277732372284, 0.17652100324630737, 1.3195782899856567, 0.9463473558425903, 0.9398642182350159, 0.9398642182350159, 0.6432269215583801, '00:27']
[3, 0.4998832941055298, 0.5024610161781311, 0.986388623714447, 0.05030333623290062, 0.1765865832567215, 1.4041715860366821, 0.9209250807762146, 0.9163045883178711, 0.9163045883178711, 1.0401065349578857, '00:27']
[4, 0.4952811002731323, 0.5327574610710144, 0.980117917060852, 0.04171179607510567, 0.1795475333929062, 1.5603892803192139, 0.9345862865447998, 0.9291531443595886, 0.9291531443595886, 2.2286510467529297, '00:27']
[5, 0.4920303523540497, 0.4817497432231903, 0.9887153506278992, 0.052237629890441895, 0.1750853806734085, 1.2667638063430786, 0.9070175290107727, 0.9058488011360168, 0.9058488011360168, 0.5014092326164246, '00:28']
[6, 0.4850042462348938, 0.47729021310806274, 0.9881587028503418, 0.06251178681850433, 0.17521154880523682, 1.3083224296569824, 0.8884311318397522, 0.8879945278167725, 0.8879945278167725, 0.6327787041664124, '00:27']
[7, 0.48767778277397156, 0.4914189279079437, 0.9864789843559265, 0.05957358703017235, 0.17604169249534607, 1.3940321207046509, 0.8954258561134338, 0.8929634690284729, 0.8929634690284729, 0.9563130140304565, '00:27']
[8, 0.4863184988498688, 0.47813305258750916, 0.9775417447090149, 0.07837621867656708, 0.18222211301326752, 1.6077338457107544, 0.8761431574821472, 0.8804599642753601, 0.8804599642753601, 3.138427257537842, '00:27']
[9, 0.48694172501564026, 0.47944819927215576, 0.9873898029327393, 0.0633624792098999, 0.17570126056671143, 1.3437283039093018, 0.8963178396224976, 0.8962666392326355, 0.8962666392326355, 0.8856139779090881, '00:27']
[10, 0.48335495591163635, 0.4844060242176056, 0.9883999228477478, 0.06178342550992966, 0.17540474236011505, 1.2983005046844482, 0.8996750712394714, 0.8966919779777527, 0.8966919779777527, 0.5652977824211121, '00:28']
[11, 0.4824531376361847, 0.4686160981655121, 0.9872865676879883, 0.07275693863630295, 0.17590585350990295, 1.3686989545822144, 0.8808526992797852, 0.8796531558036804, 0.8796531558036804, 0.8963403105735779, '00:27']
[12, 0.4832950234413147, 0.4613271653652191, 0.9852696061134338, 0.09485994279384613, 0.17765741050243378, 1.4631998538970947, 0.8631041646003723, 0.8612380623817444, 0.8612380623817444, 1.468775987625122, '00:27']
[13, 0.482338547706604, 0.49401456117630005, 0.9898524284362793, 0.03542876988649368, 0.17410875856876373, 1.1662994623184204, 0.9167192578315735, 0.9243174195289612, 0.9243174195289612, 0.24170692265033722, '00:27']
[14, 0.48303622007369995, 0.47277653217315674, 0.9868932962417603, 0.06683275103569031, 0.17606541514396667, 1.3486168384552002, 0.8851215839385986, 0.8833445906639099, 0.8833445906639099, 0.8012269139289856, '00:28']
[15, 0.4794664978981018, 0.4604678750038147, 0.9846621155738831, 0.0891650915145874, 0.17741869390010834, 1.4690971374511719, 0.8575877547264099, 0.8557755947113037, 0.8557755947113037, 1.4484009742736816, '00:27']
[16, 0.475405752658844, 0.4766627550125122, 0.9855193495750427, 0.07519800961017609, 0.17676202952861786, 1.4457229375839233, 0.8767966628074646, 0.8756437301635742, 0.8756437301635742, 1.3063808679580688, '00:27']
[17, 0.4777262508869171, 0.47893792390823364, 0.9772576093673706, 0.07885707914829254, 0.18140582740306854, 1.6249576807022095, 0.8651492595672607, 0.871553897857666, 0.871553897857666, 2.9549214839935303, '00:27']
[18, 0.4802379012107849, 0.4663536250591278, 0.9852773547172546, 0.08253426104784012, 0.17705820500850677, 1.4463258981704712, 0.8662739992141724, 0.8659048676490784, 0.8659048676490784, 1.2292653322219849, '00:27']
[19, 0.47491440176963806, 0.4813748300075531, 0.9896557331085205, 0.051595717668533325, 0.17423972487449646, 1.197445273399353, 0.8906795978546143, 0.8975325226783752, 0.8975325226783752, 0.309192955493927, '00:27']
[20, 0.47769081592559814, 0.4754624366760254, 0.9759305119514465, 0.0893239751458168, 0.18247421085834503, 1.6287977695465088, 0.8570201992988586, 0.8629714846611023, 0.8629714846611023, 3.5888819694519043, '00:27']
[21, 0.4785653054714203, 0.5074207186698914, 0.9893694519996643, 0.05704663321375847, 0.1742832064628601, 1.2158089876174927, 0.8870121836662292, 0.8955862522125244, 0.8955862522125244, 0.3761412501335144, '00:27']
[22, 0.48343124985694885, 0.48267999291419983, 0.9877389073371887, 0.05464896187186241, 0.17577093839645386, 1.3473706245422363, 0.9064029455184937, 0.9038146138191223, 0.9038146138191223, 0.7697135210037231, '00:27']
[23, 0.4780154228210449, 0.4531596899032593, 0.9810439348220825, 0.10321946442127228, 0.1796831339597702, 1.560423731803894, 0.83283531665802, 0.8375101089477539, 0.8375101089477539, 2.3328170776367188, '00:27']
[24, 0.4721163511276245, 0.4727989435195923, 0.9806675314903259, 0.0867106094956398, 0.17944130301475525, 1.5689727067947388, 0.8559363484382629, 0.8597478866577148, 0.8597478866577148, 2.1209216117858887, '00:27']
[25, 0.47086653113365173, 0.4697881042957306, 0.9884763360023499, 0.07286954671144485, 0.17497111856937408, 1.2679989337921143, 0.8722749352455139, 0.8743923306465149, 0.8743923306465149, 0.5193899273872375, '00:28']
[26, 0.47037962079048157, 0.45209386944770813, 0.9841163158416748, 0.10699880123138428, 0.17748495936393738, 1.494220495223999, 0.8288228511810303, 0.8278816938400269, 0.8278816938400269, 1.9139397144317627, '00:27']
[27, 0.46942025423049927, 0.47833603620529175, 0.9859932661056519, 0.08466075360774994, 0.17633779346942902, 1.434513807296753, 0.8615238666534424, 0.8590685129165649, 0.8590685129165649, 1.185802698135376, '00:27']
[28, 0.4700806140899658, 0.44055575132369995, 0.9871387481689453, 0.11248190701007843, 0.17596279084682465, 1.3879172801971436, 0.8183481097221375, 0.8189809322357178, 0.8189809322357178, 1.0546060800552368, '00:27']
[29, 0.46755847334861755, 0.48235180974006653, 0.9661820530891418, 0.08874846249818802, 0.1869480311870575, 1.7143893241882324, 0.8360802531242371, 0.8548497557640076, 0.8548497557640076, 5.1163458824157715, '00:27']
[30, 0.46991440653800964, 0.48203471302986145, 0.969363808631897, 0.0935823917388916, 0.18545745313167572, 1.7114335298538208, 0.8306418061256409, 0.8461912870407104, 0.8461912870407104, 5.156529426574707, '00:27']
[31, 0.4666770100593567, 0.42903974652290344, 0.9856376051902771, 0.13439375162124634, 0.1770343780517578, 1.4537774324417114, 0.8001111745834351, 0.7980019450187683, 0.7980019450187683, 1.6492892503738403, '00:27']
[32, 0.46220046281814575, 0.4688289165496826, 0.9899531006813049, 0.07325706630945206, 0.17393963038921356, 1.1858679056167603, 0.8397018909454346, 0.8645198345184326, 0.8645198345184326, 0.3749287724494934, '00:27']
[33, 0.461002916097641, 0.44436371326446533, 0.980178713798523, 0.1275136023759842, 0.1802532821893692, 1.5943763256072998, 0.797269344329834, 0.8064678907394409, 0.8064678907394409, 2.3604543209075928, '00:26']
[34, 0.4622146487236023, 0.45396193861961365, 0.9871149659156799, 0.09540202468633652, 0.17574253678321838, 1.380763292312622, 0.837913453578949, 0.8385893106460571, 0.8385893106460571, 0.9378484487533569, '00:27']
[35, 0.46479353308677673, 0.44715410470962524, 0.9865894317626953, 0.09994067251682281, 0.1763371378183365, 1.399045705795288, 0.8346875905990601, 0.8330547213554382, 0.8330547213554382, 0.9539138674736023, '00:27']
[36, 0.45057421922683716, 0.48811715841293335, 0.9601045250892639, 0.09941141307353973, 0.1905946135520935, 1.7665597200393677, 0.8094379901885986, 0.8398418426513672, 0.8398418426513672, 6.877516269683838, '00:27']
[37, 0.45230284333229065, 0.5326410531997681, 0.958743155002594, 0.06623776257038116, 0.19056634604930878, 1.7724167108535767, 0.8577787280082703, 0.8800181746482849, 0.8800181746482849, 6.263617038726807, '00:27']
[38, 0.4499828517436981, 0.4621867537498474, 0.9876054525375366, 0.08704664558172226, 0.17544619739055634, 1.3270782232284546, 0.847165584564209, 0.847981870174408, 0.847981870174408, 0.7196497917175293, '00:27']
[39, 0.45397037267684937, 0.44894087314605713, 0.9863185882568359, 0.10306412726640701, 0.17629693448543549, 1.4196120500564575, 0.8279290795326233, 0.8278982639312744, 0.8278982639312744, 1.0845767259597778, '00:26']
[40, 0.4461534321308136, 0.44989851117134094, 0.9822186827659607, 0.1113247200846672, 0.1784670501947403, 1.5469204187393188, 0.8142176270484924, 0.8170244097709656, 0.8170244097709656, 2.2292540073394775, '00:27']
No improvement since epoch 31: early stopping
PSPNet_incv4 Done!
