Models will save to PSPNet_effb7_x
Use efficientnet-b7 encoder
Start training...
----------
0
----------
DLS create!
[0, 0.5133825540542603, 0.5163035988807678, 0.9937458038330078, 0.0, 0.17552192509174347, 1.0328930616378784, 0.9999307990074158, 0.9942300915718079, 0.9942300915718079, 0.0, '02:17']
[1, 0.5034801363945007, 0.5227652192115784, 0.9937331676483154, 0.0, 0.17346152663230896, 1.0126028060913086, 0.998985767364502, 0.9985544681549072, 0.9985544681549072, 0.0048805479891598225, '02:18']
[2, 0.4947107136249542, 0.4833084046840668, 0.9923532009124756, 0.039470408111810684, 0.1748543530702591, 1.2882332801818848, 0.9246165156364441, 0.9255807995796204, 0.9255807995796204, 0.5185532569885254, '02:15']
[3, 0.4920938014984131, 0.47454315423965454, 0.9860818982124329, 0.069520503282547, 0.17917852103710175, 1.6121177673339844, 0.8899713754653931, 0.8996971249580383, 0.8996971249580383, 3.207200288772583, '02:13']
[4, 0.4956030249595642, 0.474807471036911, 0.9924473166465759, 0.05206402391195297, 0.1747530698776245, 1.3306622505187988, 0.9087609648704529, 0.910250723361969, 0.9102508425712585, 0.7308017015457153, '02:14']
[5, 0.4848605990409851, 0.46252167224884033, 0.9918926954269409, 0.06752221286296844, 0.17485427856445312, 1.3741023540496826, 0.8821389079093933, 0.8837895393371582, 0.8837895393371582, 0.9637296199798584, '02:15']
[6, 0.48642081022262573, 0.47173312306404114, 0.9912860989570618, 0.058187346905469894, 0.17571017146110535, 1.3797895908355713, 0.9018628001213074, 0.9041192531585693, 0.9041192531585693, 1.0243860483169556, '02:16']
[7, 0.4745665490627289, 0.46923598647117615, 0.9896182417869568, 0.06989693641662598, 0.17610320448875427, 1.4435288906097412, 0.8816708922386169, 0.8855783939361572, 0.8855783939361572, 1.3570636510849, '02:15']
[8, 0.46791329979896545, 0.45663419365882874, 0.9890061616897583, 0.08657001703977585, 0.17651334404945374, 1.4959564208984375, 0.854695200920105, 0.8622533679008484, 0.8622533679008484, 1.8292012214660645, '02:09']
[9, 0.4641990661621094, 0.4783211946487427, 0.9812451601028442, 0.06996839493513107, 0.18067315220832825, 1.679911494255066, 0.8729722499847412, 0.8860957622528076, 0.8860957622528076, 4.341962814331055, '02:17']
[10, 0.4662616550922394, 0.4655476212501526, 0.9869195222854614, 0.075899139046669, 0.17755208909511566, 1.5675028562545776, 0.866899847984314, 0.8759543895721436, 0.8759543895721436, 2.5233359336853027, '02:15']
[11, 0.47722867131233215, 0.454877108335495, 0.9927454590797424, 0.07651050388813019, 0.17429812252521515, 1.283628225326538, 0.8635876178741455, 0.8694856762886047, 0.8694856762886047, 0.5935673117637634, '02:15']
[12, 0.47305524349212646, 0.4671591818332672, 0.9861637949943542, 0.07450278103351593, 0.1783132255077362, 1.5662282705307007, 0.8776042461395264, 0.8843107223510742, 0.8843107223510742, 2.5990030765533447, '02:13']
[13, 0.46913444995880127, 0.4466422200202942, 0.989847719669342, 0.09116634726524353, 0.17611438035964966, 1.4256715774536133, 0.8421570658683777, 0.8496790528297424, 0.8496791124343872, 1.3559672832489014, '02:12']
[14, 0.4650052785873413, 0.44912147521972656, 0.9890584945678711, 0.09001778066158295, 0.17651300132274628, 1.4887917041778564, 0.8438947796821594, 0.8524647355079651, 0.8524647355079651, 1.7445319890975952, '02:17']
[15, 0.4670127332210541, 0.4611123204231262, 0.9829493761062622, 0.09005023539066315, 0.1799151748418808, 1.6617376804351807, 0.8333590626716614, 0.8560550212860107, 0.8560550212860107, 4.070461273193359, '02:17']
[16, 0.4587584137916565, 0.45851969718933105, 0.9840900897979736, 0.09174937009811401, 0.17940858006477356, 1.6166585683822632, 0.8382718563079834, 0.8562448024749756, 0.8562448024749756, 3.2795581817626953, '02:17']
[17, 0.4655788242816925, 0.4557170271873474, 0.9832495450973511, 0.0967244803905487, 0.18003223836421967, 1.632875680923462, 0.8366433382034302, 0.8565629124641418, 0.8565627932548523, 4.121314525604248, '02:08']
[18, 0.4526090919971466, 0.48033756017684937, 0.9755308628082275, 0.07903878390789032, 0.18404658138751984, 1.6744320392608643, 0.8556784987449646, 0.8790236711502075, 0.8790236711502075, 4.974878311157227, '02:16']
[19, 0.4612809121608734, 0.44466742873191833, 0.991019606590271, 0.09349124878644943, 0.1754026561975479, 1.4000016450881958, 0.8453260064125061, 0.8486519455909729, 0.8486519455909729, 1.1841061115264893, '02:17']
[20, 0.4608142077922821, 0.4411976635456085, 0.9914059638977051, 0.10227915644645691, 0.1753588318824768, 1.3672537803649902, 0.8381374478340149, 0.8421211838722229, 0.8421211838722229, 1.0103412866592407, '02:16']
[21, 0.45394837856292725, 0.46015360951423645, 0.9916755557060242, 0.07342015206813812, 0.17501042783260345, 1.3600420951843262, 0.8738570213317871, 0.877263069152832, 0.877263069152832, 1.1991703510284424, '02:10']
[22, 0.4641968905925751, 0.4411748945713043, 0.9891798496246338, 0.1036229059100151, 0.17652639746665955, 1.5240575075149536, 0.8279241919517517, 0.8360881805419922, 0.8360881805419922, 1.9622809886932373, '02:16']
[23, 0.44217902421951294, 0.4417518377304077, 0.9885618686676025, 0.10199882835149765, 0.17679457366466522, 1.4888887405395508, 0.8253164887428284, 0.8346392512321472, 0.8346392512321472, 1.8128920793533325, '02:17']
[24, 0.45655250549316406, 0.4501606822013855, 0.9900642037391663, 0.09281745553016663, 0.1759515404701233, 1.4541722536087036, 0.8495737910270691, 0.8541890382766724, 0.8541890382766724, 1.5593827962875366, '02:16']
[25, 0.46341872215270996, 0.4777319133281708, 0.9759147763252258, 0.08112984150648117, 0.18384762108325958, 1.7676295042037964, 0.8347790241241455, 0.871241569519043, 0.871241569519043, 7.691319942474365, '02:17']
[26, 0.4635393023490906, 0.4477991759777069, 0.9891731142997742, 0.096988245844841, 0.17657490074634552, 1.4658664464950562, 0.8445475101470947, 0.8534032702445984, 0.8534032702445984, 1.8237996101379395, '02:10']
[27, 0.4501812160015106, 0.44788211584091187, 0.9871740937232971, 0.09829450398683548, 0.17772869765758514, 1.5491042137145996, 0.8391058444976807, 0.8487491011619568, 0.8487491011619568, 2.3654515743255615, '02:18']
[28, 0.4504377245903015, 0.44568076729774475, 0.9895231127738953, 0.09661458432674408, 0.17624910175800323, 1.449812889099121, 0.8424416780471802, 0.8477731943130493, 0.8477731943130493, 1.5141476392745972, '02:17']
[29, 0.45146724581718445, 0.47866037487983704, 0.9754611849784851, 0.08091247081756592, 0.1840265393257141, 1.6731573343276978, 0.8497142791748047, 0.8744381070137024, 0.8744381070137024, 4.76697301864624, '02:17']
[30, 0.45363283157348633, 0.4498634338378906, 0.9924277663230896, 0.08530733734369278, 0.17449147999286652, 1.268752098083496, 0.8474493026733398, 0.8570384383201599, 0.8570384383201599, 0.5942347049713135, '02:13']
[31, 0.4513216018676758, 0.43991678953170776, 0.9881455898284912, 0.10754995048046112, 0.176984041929245, 1.579749345779419, 0.819229006767273, 0.8295302987098694, 0.8295302987098694, 2.5031018257141113, '02:16']
[32, 0.4474544823169708, 0.42381352186203003, 0.9905088543891907, 0.12492306530475616, 0.17577005922794342, 1.4808311462402344, 0.8002222180366516, 0.8057243824005127, 0.8057243824005127, 1.5912516117095947, '02:16']
[33, 0.4556672275066376, 0.42671987414360046, 0.9908511638641357, 0.12263130396604538, 0.17569439113140106, 1.4423725605010986, 0.8073424100875854, 0.8145093321800232, 0.8145093321800232, 1.4433183670043945, '02:16']
[34, 0.44938263297080994, 0.44741153717041016, 0.9907887578010559, 0.09288176894187927, 0.17554640769958496, 1.3598833084106445, 0.8421059250831604, 0.8498930931091309, 0.8498930931091309, 1.0282080173492432, '02:17']
[35, 0.4495146870613098, 0.45007044076919556, 0.9822899103164673, 0.1065765917301178, 0.18041594326496124, 1.658033013343811, 0.8071892857551575, 0.832743227481842, 0.832743227481842, 3.78291392326355, '02:10']
[36, 0.4577713906764984, 0.4362020492553711, 0.9919418096542358, 0.09753181785345078, 0.1747741997241974, 1.3616851568222046, 0.8275594711303711, 0.8332098722457886, 0.8332098722457886, 0.9398846626281738, '02:18']
[37, 0.4529273211956024, 0.4437125623226166, 0.9910954833030701, 0.09324918687343597, 0.175312802195549, 1.3819342851638794, 0.834831714630127, 0.8432272672653198, 0.8432272672653198, 1.1314243078231812, '02:17']
[38, 0.4532848596572876, 0.4415972828865051, 0.9869301319122314, 0.11426286399364471, 0.1778457909822464, 1.6104705333709717, 0.8055038452148438, 0.8226062655448914, 0.8226062655448914, 2.9948649406433105, '02:17']
[39, 0.44820621609687805, 0.43993672728538513, 0.9898070096969604, 0.10353367030620575, 0.17602135241031647, 1.4802533388137817, 0.8253660202026367, 0.8319516181945801, 0.8319516181945801, 1.5621273517608643, '02:13']
[40, 0.44311073422431946, 0.4403499960899353, 0.9871987700462341, 0.10979461669921875, 0.17750181257724762, 1.5094923973083496, 0.8208456635475159, 0.8316892385482788, 0.8316891193389893, 2.033259153366089, '02:12']
[41, 0.4465702176094055, 0.43052536249160767, 0.9890530705451965, 0.11735176295042038, 0.17654123902320862, 1.5144357681274414, 0.8024704456329346, 0.8135367631912231, 0.8135367631912231, 1.932891607284546, '02:16']
No improvement since epoch 32: early stopping
----------
1
----------
DLS create!
[0, 0.5042752623558044, 0.5206819176673889, 0.9931315183639526, nan, 0.17400453984737396, 1.0154328346252441, 0.9999341368675232, 0.9763585925102234, 0.9763585925102234, nan, '02:16']
[1, 0.5052067637443542, 0.5085083246231079, 0.992856502532959, 0.012061846442520618, 0.1745402067899704, 1.2213726043701172, 0.972835898399353, 0.9528385400772095, 0.9528385400772095, inf, '02:16']
[2, 0.5010910630226135, 0.5009276866912842, 0.9871507287025452, 0.03314653038978577, 0.1772717386484146, 1.5942928791046143, 0.9414395093917847, 0.9201646447181702, 0.9201646447181702, inf, '02:12']
[3, 0.49800369143486023, 0.4996475279331207, 0.9859194755554199, 0.0386514738202095, 0.17774705588817596, 1.6357933282852173, 0.9308171272277832, 0.9147871136665344, 0.9147871136665344, inf, '02:15']
[4, 0.49476927518844604, 0.5309439301490784, 0.9929717183113098, 0.005124593153595924, 0.17356491088867188, 1.0952999591827393, 0.9767067432403564, 0.9615117311477661, 0.9615117311477661, inf, '02:17']
[5, 0.48583436012268066, 0.4816948473453522, 0.9885666370391846, 0.055954162031412125, 0.1768709421157837, 1.5380147695541382, 0.9084737300872803, 0.8928824067115784, 0.8928824067115784, inf, '02:17']
[6, 0.488219678401947, 0.4778279662132263, 0.9872286319732666, 0.06087362766265869, 0.17786531150341034, 1.6052775382995605, 0.8992395997047424, 0.8868035078048706, 0.8868035078048706, inf, '02:17']
[7, 0.4752938449382782, 0.5204163193702698, 0.9628201723098755, 0.047588445246219635, 0.19012650847434998, 1.8088338375091553, 0.9012541174888611, 0.9032988548278809, 0.9032988548278809, inf, '02:11']
[8, 0.4768869876861572, 0.4969954490661621, 0.9832090735435486, 0.04608313366770744, 0.17961916327476501, 1.6468777656555176, 0.9215375781059265, 0.907012939453125, 0.907012939453125, inf, '02:16']
[9, 0.4930702745914459, 0.4576934278011322, 0.9916606545448303, 0.08162373304367065, 0.17506875097751617, 1.4165791273117065, 0.8739102482795715, 0.85819011926651, 0.85819011926651, inf, '02:16']
[10, 0.47863391041755676, 0.4566417932510376, 0.989125669002533, 0.08799750357866287, 0.17636851966381073, 1.5473875999450684, 0.8582956790924072, 0.8474606871604919, 0.8474606871604919, inf, '02:17']
[11, 0.48246169090270996, 0.47570905089378357, 0.9848863482475281, 0.06522895395755768, 0.1785089522600174, 1.6629273891448975, 0.8819323182106018, 0.8733638525009155, 0.8733638525009155, inf, '02:15']
[12, 0.4675331711769104, 0.47913679480552673, 0.9812753200531006, 0.06830551475286484, 0.18043191730976105, 1.7264970541000366, 0.8705047369003296, 0.8679810762405396, 0.8679810762405396, inf, '02:15']
[13, 0.4760400354862213, 0.4689490497112274, 0.9895213842391968, 0.06666288524866104, 0.17572428286075592, 1.5018095970153809, 0.8849900364875793, 0.8677359819412231, 0.8677359819412231, inf, '02:16']
[14, 0.47517868876457214, 0.462889164686203, 0.9862154126167297, 0.0819811001420021, 0.17788641154766083, 1.6491296291351318, 0.8553739786148071, 0.8507129549980164, 0.8507129549980164, inf, '02:16']
[15, 0.47172313928604126, 0.4483363628387451, 0.9891111850738525, 0.09687593579292297, 0.17632760107517242, 1.5343865156173706, 0.8425893187522888, 0.8321589231491089, 0.8321589231491089, inf, '02:16']
[16, 0.4819912314414978, 0.46612411737442017, 0.9862902760505676, 0.07847915589809418, 0.17827065289020538, 1.6334725618362427, 0.871762216091156, 0.86319500207901, 0.86319500207901, inf, '02:13']
[17, 0.4694923162460327, 0.46033918857574463, 0.9859025478363037, 0.08379543572664261, 0.1779068410396576, 1.6511374711990356, 0.8505329489707947, 0.8448029160499573, 0.8448029160499573, inf, '02:15']
[18, 0.4701845347881317, 0.4442906081676483, 0.9877188205718994, 0.10116294026374817, 0.17721575498580933, 1.5771774053573608, 0.833280622959137, 0.8238351345062256, 0.8238351345062256, inf, '02:16']
[19, 0.4747452139854431, 0.4419037103652954, 0.9898504614830017, 0.10761857777833939, 0.17613303661346436, 1.5181586742401123, 0.8350843191146851, 0.8221266865730286, 0.8221266865730286, inf, '02:16']
[20, 0.46421048045158386, 0.44871821999549866, 0.991386353969574, 0.09072203189134598, 0.17503444850444794, 1.4046180248260498, 0.8543939590454102, 0.8379339575767517, 0.8379339575767517, inf, '02:17']
[21, 0.4668119251728058, 0.44930875301361084, 0.9863911867141724, 0.10315869003534317, 0.17794932425022125, 1.6143039464950562, 0.8367367386817932, 0.8287023305892944, 0.8287023305892944, inf, '02:13']
[22, 0.46519991755485535, 0.46386218070983887, 0.9927900433540344, 0.06916167587041855, 0.17377901077270508, 1.2597277164459229, 0.8633639216423035, 0.8571808338165283, 0.8571808338165283, inf, '02:17']
[23, 0.4675637185573578, 0.44429048895835876, 0.9918954968452454, 0.09746082872152328, 0.17464247345924377, 1.3773720264434814, 0.8448213934898376, 0.8296943306922913, 0.8296943306922913, inf, '02:16']
[24, 0.46608108282089233, 0.4430561363697052, 0.992220938205719, 0.09746384620666504, 0.17427857220172882, 1.3497450351715088, 0.8345586061477661, 0.8230431079864502, 0.8230431079864502, inf, '02:16']
[25, 0.46407490968704224, 0.4456382989883423, 0.9892922043800354, 0.09724311530590057, 0.1761038899421692, 1.5614773035049438, 0.8344806432723999, 0.8256008625030518, 0.8256008625030518, inf, '02:16']
[26, 0.4640873670578003, 0.44686225056648254, 0.988988995552063, 0.10361778736114502, 0.17660292983055115, 1.5351924896240234, 0.8351954817771912, 0.8251326084136963, 0.8251326084136963, inf, '02:19']
[27, 0.4557979106903076, 0.4518531560897827, 0.9892994165420532, 0.0883391946554184, 0.17596742510795593, 1.5438072681427002, 0.8447986245155334, 0.8335767388343811, 0.8335767388343811, inf, '02:16']
[28, 0.4731374979019165, 0.4450308382511139, 0.9905813336372375, 0.09843909740447998, 0.1753871589899063, 1.4730274677276611, 0.8406815528869629, 0.8268671631813049, 0.8268671631813049, inf, '02:17']
No improvement since epoch 19: early stopping
----------
2
----------
DLS create!
[0, 0.5078357458114624, 0.5199653506278992, 0.9927894473075867, 0.0, 0.1746583878993988, 1.0271817445755005, 0.9999735355377197, 0.9961137175559998, 0.9961137175559998, 0.0, '02:18']
[1, 0.49739035964012146, 0.5151039361953735, 0.9926473498344421, 0.004761767107993364, 0.17400164902210236, 1.156279444694519, 0.9832484126091003, 0.9843509793281555, 0.9843509793281555, 0.16044138371944427, '02:20']
[2, 0.4905599355697632, 0.4936577379703522, 0.986452579498291, 0.044481392949819565, 0.1775628924369812, 1.6180696487426758, 0.9189516305923462, 0.9279738664627075, 0.9279738664627075, 5.599457740783691, '02:19']
[3, 0.4927693009376526, 0.5026093125343323, 0.9883383512496948, 0.04345047101378441, 0.17639900743961334, 1.5226106643676758, 0.9208163022994995, 0.9300082325935364, 0.9300082325935364, 3.6736533641815186, '02:18']
[4, 0.47213947772979736, 0.5314659476280212, 0.9628779888153076, 0.03983744606375694, 0.1898137331008911, 1.8314604759216309, 0.914519727230072, 0.9350166916847229, 0.9350166916847229, 25.245983123779297, '02:14']
[5, 0.4846581518650055, 0.49416297674179077, 0.9918376207351685, 0.040847428143024445, 0.17437201738357544, 1.32143235206604, 0.9274483323097229, 0.9311023950576782, 0.9311023950576782, 0.8580117225646973, '02:16']
[6, 0.4845415949821472, 0.49820175766944885, 0.9913683533668518, 0.03252841532230377, 0.1744581013917923, 1.356227159500122, 0.9350744485855103, 0.9394257068634033, 0.9394257068634033, 1.0878407955169678, '02:17']
[7, 0.4767032563686371, 0.5019975900650024, 0.9809064269065857, 0.05037695914506912, 0.18012472987174988, 1.7041761875152588, 0.8954554200172424, 0.9148448705673218, 0.9148448705673218, 9.186065673828125, '02:18']
[8, 0.47088170051574707, 0.497637003660202, 0.9860260486602783, 0.04136308282613754, 0.17726539075374603, 1.6196234226226807, 0.9176332354545593, 0.9265464544296265, 0.9265464544296265, 6.118258953094482, '02:17']
[9, 0.46772298216819763, 0.5016359090805054, 0.9786977171897888, 0.05363573133945465, 0.1812751144170761, 1.717241883277893, 0.8948323130607605, 0.9112392067909241, 0.9112392067909241, 12.118698120117188, '02:14']
[10, 0.4721524119377136, 0.47418197989463806, 0.985798716545105, 0.07340963929891586, 0.17767979204654694, 1.6236796379089355, 0.8658403158187866, 0.8839142322540283, 0.8839142322540283, 4.711177825927734, '02:17']
[11, 0.4763665497303009, 0.46722733974456787, 0.9888753890991211, 0.0774957686662674, 0.17606864869594574, 1.5064857006072998, 0.872004508972168, 0.880398690700531, 0.8803987503051758, 2.17372465133667, '02:18']
[12, 0.4643198549747467, 0.4701986610889435, 0.9905027747154236, 0.07046026736497879, 0.17506396770477295, 1.452610969543457, 0.8780524730682373, 0.8871560096740723, 0.8871560096740723, 1.8260102272033691, '02:17']
[13, 0.4602612257003784, 0.48021870851516724, 0.9865020513534546, 0.06875910609960556, 0.17708872258663177, 1.5992639064788818, 0.8715364933013916, 0.8850015997886658, 0.8850015997886658, 3.308861017227173, '02:17']
[14, 0.4648699462413788, 0.4699503481388092, 0.9909018278121948, 0.06955183297395706, 0.17472228407859802, 1.379891276359558, 0.8808940052986145, 0.8869608044624329, 0.8869608044624329, 1.3579881191253662, '02:12']
[15, 0.46462759375572205, 0.48291561007499695, 0.9817694425582886, 0.06563393026590347, 0.18011362850666046, 1.7037930488586426, 0.8784945607185364, 0.896815299987793, 0.8968154191970825, 7.442637920379639, '02:18']
[16, 0.46549418568611145, 0.4644679129123688, 0.9890307188034058, 0.08110030740499496, 0.1758125126361847, 1.5217053890228271, 0.8564149737358093, 0.8692148327827454, 0.8692148327827454, 2.626842498779297, '02:18']
[17, 0.464674711227417, 0.4779026508331299, 0.9921305775642395, 0.05775570124387741, 0.17399847507476807, 1.2491306066513062, 0.8947499394416809, 0.9028753042221069, 0.9028753042221069, 0.6331526637077332, '02:17']
[18, 0.4729425013065338, 0.4845637083053589, 0.9863722920417786, 0.058786071836948395, 0.17745047807693481, 1.6308577060699463, 0.8948579430580139, 0.906000018119812, 0.906000018119812, 3.8839452266693115, '02:17']
[19, 0.46266594529151917, 0.48089665174484253, 0.9832635521888733, 0.06421631574630737, 0.1791279911994934, 1.6658557653427124, 0.8805205821990967, 0.8956100940704346, 0.8956100940704346, 6.575436592102051, '02:17']
[20, 0.4641830325126648, 0.47842878103256226, 0.9832714200019836, 0.0694967657327652, 0.1790863424539566, 1.6897478103637695, 0.8658772706985474, 0.8870646953582764, 0.8870646953582764, 5.593133926391602, '02:16']
[21, 0.4591720700263977, 0.47007444500923157, 0.9895144104957581, 0.07090567797422409, 0.17558696866035461, 1.4921587705612183, 0.8727797269821167, 0.8831344246864319, 0.8831344246864319, 2.3941879272460938, '02:16']
[22, 0.45001912117004395, 0.4771573543548584, 0.9840396642684937, 0.07667020708322525, 0.17863915860652924, 1.6462855339050293, 0.8562687039375305, 0.8792973160743713, 0.8792973160743713, 4.997416019439697, '02:17']
[23, 0.45792895555496216, 0.47109201550483704, 0.9843152761459351, 0.07256269454956055, 0.17861318588256836, 1.6185654401779175, 0.8647441864013672, 0.8829816579818726, 0.8829816579818726, 4.842745780944824, '02:12']
[24, 0.45276957750320435, 0.472960889339447, 0.9893262982368469, 0.07826557755470276, 0.1756090521812439, 1.4804468154907227, 0.8617762923240662, 0.8713389039039612, 0.8713389039039612, 2.1917617321014404, '02:18']
[25, 0.45629528164863586, 0.46949854493141174, 0.9894035458564758, 0.0727158933877945, 0.17560435831546783, 1.4757189750671387, 0.8765988349914551, 0.8838502764701843, 0.8838502764701843, 2.197892665863037, '02:17']
No improvement since epoch 16: early stopping
----------
3
----------
DLS create!
[0, 0.5138612985610962, 0.5187669396400452, 0.9926015734672546, nan, 0.17639397084712982, 1.0487725734710693, 0.9999335408210754, 0.9720342755317688, 0.9720342755317688, nan, '02:17']
[1, 0.5076892375946045, 0.5225928425788879, 0.9926011562347412, nan, 0.17362654209136963, 1.0278699398040771, 0.9921953082084656, 0.9716746211051941, 0.9716746211051941, nan, '02:16']
[2, 0.4959418773651123, 0.5584978461265564, 0.9424201846122742, 0.03241155669093132, 0.201209157705307, 1.8557162284851074, 0.9300182461738586, 0.9261916279792786, 0.9261916279792786, inf, '02:16']
[3, 0.4982905089855194, 0.4919038712978363, 0.9858079552650452, 0.05599323660135269, 0.1780073195695877, 1.5644564628601074, 0.9075139760971069, 0.8940335512161255, 0.8940335512161255, inf, '02:17']
[4, 0.4871692359447479, 0.49672046303749084, 0.9762140512466431, 0.0599944144487381, 0.18369203805923462, 1.731789469718933, 0.8904708623886108, 0.8886696100234985, 0.8886696100234985, inf, '02:17']
[5, 0.4789939224720001, 0.48534831404685974, 0.9871917963027954, 0.05821418762207031, 0.1770935356616974, 1.5438873767852783, 0.9011697769165039, 0.8863077163696289, 0.8863077163696289, inf, '02:16']
[6, 0.48415663838386536, 0.4925747513771057, 0.9798526167869568, 0.0587993822991848, 0.1822175830602646, 1.6830246448516846, 0.9008849263191223, 0.8936885595321655, 0.8936885595321655, inf, '02:11']
[7, 0.479626327753067, 0.7264115810394287, 0.870583176612854, 0.021153390407562256, 0.23610104620456696, 1.9280873537063599, 0.9352311491966248, 0.9410116076469421, 0.9410116076469421, inf, '02:16']
[8, 0.4791942238807678, 0.48198357224464417, 0.9886909127235413, 0.05631742998957634, 0.17598910629749298, 1.4783785343170166, 0.9015359878540039, 0.8860328197479248, 0.8860328197479248, inf, '02:17']
[9, 0.47286999225616455, 0.5033259391784668, 0.9750545620918274, 0.056108508259058, 0.1831425428390503, 1.7241740226745605, 0.882783830165863, 0.8857247829437256, 0.8857247829437256, inf, '02:18']
[10, 0.46990522742271423, 0.47649189829826355, 0.9894124865531921, 0.058467887341976166, 0.17559370398521423, 1.4303253889083862, 0.8914847373962402, 0.8777230381965637, 0.8777230381965637, inf, '02:13']
[11, 0.4717550277709961, 0.478351354598999, 0.992087721824646, 0.048268917948007584, 0.17408013343811035, 1.218750238418579, 0.9064821600914001, 0.8909589648246765, 0.8909589648246765, inf, '02:17']
[12, 0.4747663140296936, 0.47893330454826355, 0.9844541549682617, 0.06916499882936478, 0.17836269736289978, 1.6097338199615479, 0.8674887418746948, 0.8658702969551086, 0.8658702969551086, inf, '02:18']
[13, 0.461386114358902, 0.47753822803497314, 0.9878122806549072, 0.06704653799533844, 0.17643104493618011, 1.4985498189926147, 0.8771389126777649, 0.8663903474807739, 0.8663903474807739, inf, '02:17']
[14, 0.4657144248485565, 0.4681282341480255, 0.9897260069847107, 0.07395808398723602, 0.1754564791917801, 1.4176666736602783, 0.8745149970054626, 0.8608772158622742, 0.8608772158622742, inf, '02:13']
[15, 0.461773544549942, 0.47539815306663513, 0.9877527356147766, 0.06714636087417603, 0.1763259321451187, 1.5091302394866943, 0.8738536238670349, 0.8631934523582458, 0.8631934523582458, inf, '02:10']
[16, 0.46095898747444153, 0.5192130208015442, 0.971623957157135, 0.04806583374738693, 0.18491128087043762, 1.7497507333755493, 0.8921166658401489, 0.8956073522567749, 0.8956073522567749, inf, '02:15']
[17, 0.4669424593448639, 0.4860488474369049, 0.9823960065841675, 0.06401633471250534, 0.17957237362861633, 1.6233588457107544, 0.8776531219482422, 0.8763286471366882, 0.8763286471366882, inf, '02:16']
[18, 0.44887545704841614, 0.47644731402397156, 0.9909473061561584, 0.07196628302335739, 0.17447081208229065, 1.2924104928970337, 0.8690710663795471, 0.8588998913764954, 0.8588998913764954, inf, '02:14']
[19, 0.4549693167209625, 0.4675782322883606, 0.9879214763641357, 0.07518696784973145, 0.1762617826461792, 1.501015543937683, 0.8581703305244446, 0.849216103553772, 0.849216103553772, inf, '02:15']
[20, 0.4639536440372467, 0.48318880796432495, 0.9877062439918518, 0.06365162134170532, 0.1763543039560318, 1.4846627712249756, 0.8835899233818054, 0.8743566274642944, 0.8743566274642944, inf, '02:09']
[21, 0.45917391777038574, 0.48108139634132385, 0.9859555959701538, 0.06648530066013336, 0.17779022455215454, 1.5629347562789917, 0.8881979584693909, 0.8746004104614258, 0.8746004104614258, inf, '02:15']
[22, 0.4444585144519806, 0.48017242550849915, 0.9873314499855042, 0.061350904405117035, 0.17646674811840057, 1.5032365322113037, 0.8885506987571716, 0.8757838606834412, 0.8757838606834412, inf, '02:15']
[23, 0.4523971676826477, 0.4643820822238922, 0.9870612621307373, 0.07844291627407074, 0.17678099870681763, 1.5032676458358765, 0.8586059212684631, 0.8490266799926758, 0.8490266799926758, inf, '02:14']
[24, 0.4442084729671478, 0.4649513363838196, 0.9856541752815247, 0.08397089689970016, 0.17789113521575928, 1.5432209968566895, 0.8553163409233093, 0.8478074669837952, 0.8478074669837952, inf, '02:11']
[25, 0.4562711715698242, 0.4718289375305176, 0.9825738072395325, 0.07964640855789185, 0.17929400503635406, 1.621926188468933, 0.8544688820838928, 0.8524577617645264, 0.8524577617645264, inf, '02:15']
[26, 0.4457058906555176, 0.4794548749923706, 0.9915065169334412, 0.06052284687757492, 0.17414124310016632, 1.2439837455749512, 0.8787841796875, 0.8706018924713135, 0.8706018924713135, inf, '02:15']
[27, 0.4533554017543793, 0.46543899178504944, 0.9877437353134155, 0.08218667656183243, 0.17652954161167145, 1.5048807859420776, 0.8545650243759155, 0.8477837443351746, 0.8477837443351746, inf, '02:15']
[28, 0.45291396975517273, 0.468077152967453, 0.9870416522026062, 0.0749681293964386, 0.17698422074317932, 1.4668983221054077, 0.8688022494316101, 0.8573368191719055, 0.8573368191719055, inf, '02:14']
[29, 0.4505951404571533, 0.48625269532203674, 0.9916731119155884, 0.049261000007390976, 0.1740296632051468, 1.2084059715270996, 0.9025405049324036, 0.8908563852310181, 0.8908563852310181, inf, '02:10']
[30, 0.4534275233745575, 0.47860538959503174, 0.9918468594551086, 0.05787985026836395, 0.17392665147781372, 1.2265629768371582, 0.8863803744316101, 0.8783540725708008, 0.8783540725708008, inf, '02:15']
[31, 0.4588100016117096, 0.4580172896385193, 0.9898602962493896, 0.08210399001836777, 0.1753700226545334, 1.4342764616012573, 0.8554312586784363, 0.8456572890281677, 0.8456572890281677, inf, '02:14']
[32, 0.45381292700767517, 0.4510170817375183, 0.989812970161438, 0.09149433672428131, 0.17534410953521729, 1.3909294605255127, 0.8427549004554749, 0.8316586017608643, 0.8316586017608643, inf, '02:13']
[33, 0.4459846615791321, 0.45435696840286255, 0.9885252118110657, 0.09227178990840912, 0.1760679930448532, 1.428997278213501, 0.8374183177947998, 0.8296950459480286, 0.8296950459480286, inf, '02:12']
[34, 0.4409477412700653, 0.4715674817562103, 0.9809868931770325, 0.08585821092128754, 0.18042215704917908, 1.6046981811523438, 0.8468372225761414, 0.8460357785224915, 0.8460357785224915, inf, '02:15']
[35, 0.4505343735218048, 0.4594229757785797, 0.98745197057724, 0.08785472065210342, 0.17654147744178772, 1.5181647539138794, 0.8407996892929077, 0.8336666226387024, 0.8336666226387024, inf, '02:15']
[36, 0.45199838280677795, 0.46527475118637085, 0.9900724291801453, 0.0745258554816246, 0.17502377927303314, 1.386474370956421, 0.8607218265533447, 0.8514405488967896, 0.8514405488967896, inf, '02:14']
[37, 0.4446282684803009, 0.4673806428909302, 0.991495668888092, 0.06953202188014984, 0.17420129477977753, 1.2379816770553589, 0.8669127225875854, 0.8594992756843567, 0.8594992756843567, inf, '02:13']
[38, 0.45318278670310974, 0.4580043852329254, 0.9846858382225037, 0.09264117479324341, 0.17828397452831268, 1.5907528400421143, 0.8322206139564514, 0.8298389315605164, 0.8298389315605164, inf, '02:12']
[39, 0.4377542734146118, 0.47403642535209656, 0.9873884320259094, 0.07578514516353607, 0.17650675773620605, 1.471371054649353, 0.8623844385147095, 0.8540549278259277, 0.8540549278259277, inf, '02:12']
[40, 0.4496344327926636, 0.47026968002319336, 0.988189697265625, 0.07625925540924072, 0.17601293325424194, 1.4960418939590454, 0.8575853705406189, 0.8499824404716492, 0.8499824404716492, inf, '02:15']
[41, 0.444114089012146, 0.4736976623535156, 0.9909461736679077, 0.07389535009860992, 0.1744544506072998, 1.280490517616272, 0.8630609512329102, 0.8540228009223938, 0.8540228009223938, inf, '02:14']
No improvement since epoch 32: early stopping
----------
4
----------
DLS create!
[0, 0.5082378387451172, 0.5270563960075378, 0.9904770255088806, nan, 0.17434903979301453, 1.0243675708770752, 1.0000323057174683, 0.9750038385391235, 0.9750038385391235, nan, '02:14']
[1, 0.5056607723236084, 0.5120221972465515, 0.9900691509246826, 0.014290615916252136, 0.1747102439403534, 1.212628722190857, 0.9650466442108154, 0.942750096321106, 0.942750096321106, inf, '02:11']
[2, 0.49063193798065186, 0.5544466376304626, 0.990170955657959, 0.023505276069045067, 0.1737150400876999, 1.1697388887405396, 0.9388369917869568, 0.9283319711685181, 0.9283319711685181, inf, '02:14']
[3, 0.4885164499282837, 0.5557002425193787, 0.9889503717422485, 0.03382294625043869, 0.17445285618305206, 1.318788766860962, 0.9329442381858826, 0.9159802794456482, 0.9159802794456482, inf, '02:14']
[4, 0.49416089057922363, 0.489705353975296, 0.9860268235206604, 0.05881831794977188, 0.17676076292991638, 1.480929970741272, 0.9076236486434937, 0.8862115144729614, 0.8862115144729614, inf, '02:15']
[5, 0.4902307987213135, 0.4772107005119324, 0.987249493598938, 0.07113784551620483, 0.17616607248783112, 1.4387807846069336, 0.8895668983459473, 0.8697129487991333, 0.8697129487991333, inf, '02:10']
[6, 0.48882848024368286, 0.4887670576572418, 0.9861090183258057, 0.06932947784662247, 0.17667362093925476, 1.4647895097732544, 0.8911629319190979, 0.870850145816803, 0.870850145816803, inf, '02:13']
[7, 0.48381271958351135, 0.4858444333076477, 0.9747012853622437, 0.07664959877729416, 0.1839655488729477, 1.698900580406189, 0.8680939674377441, 0.8662797808647156, 0.8662797808647156, inf, '02:14']
[8, 0.4895152747631073, 0.46794408559799194, 0.9856351017951965, 0.08519594371318817, 0.17739985883235931, 1.5074607133865356, 0.8722118139266968, 0.8561146855354309, 0.8561146855354309, inf, '02:14']
[9, 0.48426553606987, 0.48036110401153564, 0.9886931777000427, 0.06895320862531662, 0.17485138773918152, 1.3414223194122314, 0.885353684425354, 0.867940366268158, 0.8679404258728027, inf, '02:14']
[10, 0.4845932424068451, 0.476102352142334, 0.9810328483581543, 0.0871162861585617, 0.17972837388515472, 1.6191825866699219, 0.8531789183616638, 0.8459349870681763, 0.8459349870681763, inf, '02:10']
[11, 0.47691667079925537, 0.46503308415412903, 0.9885473847389221, 0.08249904960393906, 0.1750977486371994, 1.3553670644760132, 0.8692604899406433, 0.8503860831260681, 0.8503860831260681, inf, '02:16']
[12, 0.4656732976436615, 0.4735792875289917, 0.9873271584510803, 0.07640797644853592, 0.17558959126472473, 1.4467825889587402, 0.8659753203392029, 0.8502905964851379, 0.8502905964851379, inf, '02:15']
[13, 0.47565075755119324, 0.4838542640209198, 0.978141725063324, 0.07310201972723007, 0.18072937428951263, 1.6541392803192139, 0.8633759021759033, 0.8574196696281433, 0.8574196696281433, inf, '02:16']
[14, 0.4736357033252716, 0.47417494654655457, 0.9872466921806335, 0.07487326860427856, 0.17597869038581848, 1.4437435865402222, 0.8813023567199707, 0.8628156781196594, 0.8628156781196594, inf, '02:11']
[15, 0.4684631824493408, 0.46644291281700134, 0.9868317246437073, 0.08685445040464401, 0.17587971687316895, 1.4596055746078491, 0.8554252982139587, 0.839783787727356, 0.839783787727356, inf, '02:12']
[16, 0.47216686606407166, 0.4641270339488983, 0.9885639548301697, 0.0796574279665947, 0.1751203089952469, 1.383543610572815, 0.863707423210144, 0.8485428094863892, 0.8485428094863892, inf, '02:14']
[17, 0.4634103775024414, 0.4694157838821411, 0.9821308255195618, 0.08649522811174393, 0.17855936288833618, 1.5966111421585083, 0.8480160236358643, 0.8379271626472473, 0.8379271626472473, inf, '02:15']
[18, 0.4691603183746338, 0.458329439163208, 0.9857293367385864, 0.09786815196275711, 0.17664536833763123, 1.4954023361206055, 0.8338756561279297, 0.8226763010025024, 0.8226763010025024, inf, '02:11']
[19, 0.4602886736392975, 0.4737531542778015, 0.9877623319625854, 0.078593410551548, 0.17531932890415192, 1.3824189901351929, 0.863486647605896, 0.8492116332054138, 0.8492116332054138, inf, '02:11']
[20, 0.4660729169845581, 0.4660412669181824, 0.9884091019630432, 0.08036456257104874, 0.17498433589935303, 1.3751211166381836, 0.8588405251502991, 0.8450954556465149, 0.8450954556465149, inf, '02:12']
[21, 0.4638601839542389, 0.45425304770469666, 0.9836273789405823, 0.10220485925674438, 0.1779964566230774, 1.5520288944244385, 0.8272535800933838, 0.8178487420082092, 0.8178487420082092, inf, '02:14']
[22, 0.4686255156993866, 0.45205289125442505, 0.9858037233352661, 0.09929058700799942, 0.17657049000263214, 1.503252387046814, 0.8275673389434814, 0.8158668279647827, 0.8158668279647827, inf, '02:13']
[23, 0.458808034658432, 0.4559139311313629, 0.9884776473045349, 0.09387730062007904, 0.17494262754917145, 1.3567918539047241, 0.8351208567619324, 0.822328507900238, 0.822328507900238, inf, '02:14']
[24, 0.46516406536102295, 0.46161580085754395, 0.9858613014221191, 0.0935632735490799, 0.17633765935897827, 1.4743704795837402, 0.833358645439148, 0.8197751045227051, 0.8197751045227051, inf, '02:12']
[25, 0.46442970633506775, 0.45979949831962585, 0.9818403124809265, 0.09909401088953018, 0.17877723276615143, 1.6147475242614746, 0.8223341703414917, 0.820712149143219, 0.820712149143219, inf, '02:12']
[26, 0.45893797278404236, 0.4575132429599762, 0.9882953763008118, nan, 0.17502528429031372, 1.358985185623169, 0.8381919264793396, 0.8251513242721558, 0.8251514434814453, nan, '02:15']
[27, 0.4552213251590729, 0.4549615681171417, 0.988226056098938, 0.09870964288711548, 0.17517408728599548, 1.3540012836456299, 0.8324487805366516, 0.8194912672042847, 0.8194912672042847, inf, '02:15']
[28, 0.4515502154827118, 0.46640294790267944, 0.987647533416748, nan, 0.17549705505371094, 1.3642734289169312, 0.8502891063690186, 0.834213137626648, 0.834213137626648, nan, '02:15']
[29, 0.456269234418869, 0.460593044757843, 0.9877628087997437, nan, 0.17546634376049042, 1.3826501369476318, 0.8518819808959961, 0.8345472812652588, 0.8345472812652588, nan, '02:08']
[30, 0.4566195607185364, 0.4446728229522705, 0.984615683555603, 0.11834938824176788, 0.17770519852638245, 1.5428658723831177, 0.8175942301750183, 0.8035674095153809, 0.8035674095153809, inf, '02:15']
[31, 0.46184197068214417, 0.4430226683616638, 0.9850242733955383, 0.11518193036317825, 0.177203968167305, 1.5422438383102417, 0.8149399161338806, 0.8003774881362915, 0.8003774881362915, inf, '02:14']
[32, 0.464052677154541, 0.4588954746723175, 0.9894857406616211, nan, 0.17445382475852966, 1.2851670980453491, 0.837034285068512, 0.8260750770568848, 0.8260750770568848, nan, '02:14']
[33, 0.46011292934417725, 0.4463574290275574, 0.9851829409599304, 0.10522597283124924, 0.1769321709871292, 1.5190871953964233, 0.8111981153488159, 0.8040606379508972, 0.8040606379508972, inf, '02:11']
[34, 0.4618714153766632, 0.46605926752090454, 0.9793757796287537, 0.09417907893657684, 0.1803135871887207, 1.588897466659546, 0.8524139523506165, 0.8375681042671204, 0.8375681042671204, inf, '02:15']
[35, 0.4545522630214691, 0.44688764214515686, 0.9886897206306458, nan, 0.17505083978176117, 1.3494391441345215, 0.8249706029891968, 0.8110231757164001, 0.8110231757164001, nan, '02:14']
[36, 0.45888552069664, 0.4525878131389618, 0.9843226075172424, 0.10421334952116013, 0.17730140686035156, 1.5401160717010498, 0.8187922239303589, 0.8058629035949707, 0.8058629035949707, inf, '02:15']
[37, 0.4543328881263733, 0.4516872763633728, 0.9834420680999756, 0.10293494164943695, 0.1779564768075943, 1.5372986793518066, 0.8216341733932495, 0.8126050233840942, 0.8126050233840942, inf, '02:14']
[38, 0.44762763381004333, 0.4398997128009796, 0.9835762977600098, 0.1232261061668396, 0.1780049055814743, 1.5602928400039673, 0.8005167841911316, 0.7898788452148438, 0.7898788452148438, inf, '02:13']
[39, 0.4508754312992096, 0.4535713195800781, 0.985632061958313, 0.09874409437179565, 0.17656610906124115, 1.5186097621917725, 0.8294914960861206, 0.818941593170166, 0.818941593170166, inf, '02:13']
[40, 0.4533742070198059, 0.4528115391731262, 0.9888764023780823, nan, 0.1748533695936203, 1.3198713064193726, 0.823415219783783, 0.8154347538948059, 0.8154347538948059, nan, '02:13']
[41, 0.44458115100860596, 0.4418315589427948, 0.9847664833068848, 0.12318488210439682, 0.17754079401493073, 1.4890848398208618, 0.8113670945167542, 0.796450138092041, 0.796450138092041, inf, '02:14']
[42, 0.4592441916465759, 0.44251179695129395, 0.9876742959022522, 0.12019584327936172, 0.17575566470623016, 1.4014848470687866, 0.820345938205719, 0.8008233308792114, 0.8008233308792114, inf, '02:13']
[43, 0.4449594020843506, 0.45922383666038513, 0.9786384105682373, 0.10369873046875, 0.18078774213790894, 1.5709115266799927, 0.833840012550354, 0.8205305337905884, 0.8205305337905884, inf, '02:12']
[44, 0.4523894786834717, 0.4462822675704956, 0.9822025895118713, 0.11465742439031601, 0.17866860330104828, 1.5893640518188477, 0.8117484450340271, 0.7999079823493958, 0.7999079823493958, inf, '02:13']
[45, 0.46332961320877075, 0.4608892500400543, 0.9833984375, 0.0988502949476242, 0.1778591424226761, 1.541483759880066, 0.8317756652832031, 0.8227404356002808, 0.8227404356002808, inf, '02:15']
[46, 0.4574299156665802, 0.44841063022613525, 0.9786391854286194, 0.1193709746003151, 0.18078048527240753, 1.6553806066513062, 0.8001871109008789, 0.7961989641189575, 0.7961989641189575, inf, '02:15']
[47, 0.45789408683776855, 0.4464060366153717, 0.9850528836250305, 0.11640316992998123, 0.17700409889221191, 1.5490463972091675, 0.8028049468994141, 0.7956598997116089, 0.7956598997116089, inf, '02:13']
No improvement since epoch 38: early stopping
PSPNet_effb7 Done!
