Models will save to Unet_dense161_x
Use densenet161 encoder
Start training...
----------
0
----------
DLS create!
[0, 0.5281346440315247, 0.508100688457489, 0.993553102016449, 0.005860498640686274, 0.18131516873836517, 1.34694242477417, 0.963127076625824, 0.9638270735740662, 0.9638270735740662, 0.06487775593996048, '01:20']
[1, 0.502540647983551, 0.488281786441803, 0.9850982427597046, 0.05181480944156647, 0.17800647020339966, 1.479731798171997, 0.9296208620071411, 0.9318172335624695, 0.9318172335624695, 2.852877616882324, '01:19']
[2, 0.4928465783596039, 0.48864513635635376, 0.9834964871406555, 0.04872089996933937, 0.17905765771865845, 1.5737982988357544, 0.9214310646057129, 0.9269481301307678, 0.9269481301307678, 3.2684051990509033, '01:19']
[3, 0.49553850293159485, 0.4830387830734253, 0.9846146702766418, 0.05952289700508118, 0.17886392772197723, 1.5860404968261719, 0.9073861241340637, 0.9148182272911072, 0.9148182272911072, 2.9461655616760254, '01:19']
[4, 0.48496532440185547, 0.4684927463531494, 0.9908486008644104, 0.06908312439918518, 0.17524677515029907, 1.4007515907287598, 0.8933499455451965, 0.8942777514457703, 0.8942777514457703, 1.1202291250228882, '01:21']
[5, 0.47732508182525635, 0.46208661794662476, 0.9888545870780945, 0.07600954174995422, 0.17621131241321564, 1.4929330348968506, 0.8716948628425598, 0.8743148446083069, 0.8743148446083069, 1.5003492832183838, '01:19']
[6, 0.47406381368637085, 0.4539557695388794, 0.99169921875, 0.08328013867139816, 0.17475011944770813, 1.357088327407837, 0.8649498820304871, 0.8665003776550293, 0.8665003776550293, 0.892124593257904, '01:19']
[7, 0.4668462872505188, 0.46406590938568115, 0.9886232018470764, 0.07379750907421112, 0.1763008087873459, 1.4739570617675781, 0.8730535507202148, 0.8771364092826843, 0.8771364092826843, 1.4869718551635742, '01:19']
[8, 0.4691247344017029, 0.457602322101593, 0.9882420897483826, 0.08248861134052277, 0.1765836924314499, 1.5365355014801025, 0.8586660623550415, 0.8657776713371277, 0.8657776713371277, 2.089668035507202, '01:19']
[9, 0.4718610346317291, 0.4676505923271179, 0.9853696823120117, 0.073880136013031, 0.17791274189949036, 1.598097801208496, 0.8683671355247498, 0.8750883340835571, 0.8750883340835571, 2.688364267349243, '01:19']
[10, 0.4631567895412445, 0.4461835026741028, 0.9923657774925232, 0.09544449299573898, 0.17452466487884521, 1.2997140884399414, 0.8517231345176697, 0.8534982204437256, 0.8534982204437256, 0.6885939240455627, '01:19']
[11, 0.45074766874313354, 0.44742926955223083, 0.9885064363479614, 0.0951416864991188, 0.17645971477031708, 1.523451805114746, 0.833676278591156, 0.8410552740097046, 0.8410552740097046, 1.8767887353897095, '01:19']
[12, 0.46252942085266113, 0.438385009765625, 0.9898349046707153, 0.10601389408111572, 0.17585588991641998, 1.4669770002365112, 0.8270822763442993, 0.8331257700920105, 0.8331257700920105, 1.511921763420105, '01:19']
[13, 0.46315956115722656, 0.47824200987815857, 0.9838836193084717, 0.06154735013842583, 0.17869333922863007, 1.6251353025436401, 0.8891284465789795, 0.897119402885437, 0.897119402885437, 3.6161746978759766, '01:19']
[14, 0.46416205167770386, 0.4372202455997467, 0.9921204447746277, 0.10569965839385986, 0.1745346188545227, 1.3530606031417847, 0.8296522498130798, 0.8320803046226501, 0.8320803046226501, 0.8806077837944031, '01:19']
[15, 0.45705440640449524, 0.44995903968811035, 0.9856584668159485, 0.09539489448070526, 0.17791831493377686, 1.5883418321609497, 0.824222981929779, 0.8391573429107666, 0.8391573429107666, 2.660651206970215, '01:19']
[16, 0.45984187722206116, 0.4311392307281494, 0.9913588762283325, 0.11340363323688507, 0.1750091165304184, 1.4197081327438354, 0.8164531588554382, 0.8197091221809387, 0.8197091221809387, 1.207793951034546, '01:19']
[17, 0.4585151672363281, 0.4501606822013855, 0.9861700534820557, 0.09616253525018692, 0.1777227520942688, 1.5754923820495605, 0.8261750936508179, 0.8396942615509033, 0.8396942615509033, 2.5009548664093018, '01:19']
[18, 0.4585995078086853, 0.43495410680770874, 0.9881711006164551, 0.1108202338218689, 0.1767258644104004, 1.5517323017120361, 0.8091549873352051, 0.8200421333312988, 0.8200421333312988, 2.086591958999634, '01:19']
[19, 0.45384013652801514, 0.4369799494743347, 0.9912072420120239, 0.10460362583398819, 0.1750451922416687, 1.433658242225647, 0.8251322507858276, 0.8282859325408936, 0.8282859325408936, 1.2234899997711182, '01:19']
[20, 0.44851747155189514, 0.45092618465423584, 0.9849268198013306, 0.0948423221707344, 0.17836953699588776, 1.5742082595825195, 0.8227138519287109, 0.8403626680374146, 0.8403626680374146, 2.6553022861480713, '01:19']
[21, 0.4573119282722473, 0.4490184485912323, 0.9856545329093933, 0.09640860557556152, 0.1780378818511963, 1.6008003950119019, 0.8215117454528809, 0.8378691673278809, 0.8378691673278809, 2.674851179122925, '01:19']
[22, 0.458965003490448, 0.45094212889671326, 0.9905973672866821, 0.08808855712413788, 0.17534686625003815, 1.4328285455703735, 0.852662980556488, 0.8560178875923157, 0.8560178875923157, 1.330156683921814, '01:21']
[23, 0.44716617465019226, 0.42887741327285767, 0.9911727905273438, 0.11599927395582199, 0.1751771718263626, 1.4168215990066528, 0.8123738765716553, 0.8170737028121948, 0.8170737028121948, 1.2356315851211548, '01:19']
[24, 0.45332106947898865, 0.4283709228038788, 0.9915687441825867, 0.11591032892465591, 0.17488959431648254, 1.3986271619796753, 0.8080045580863953, 0.810917854309082, 0.810917854309082, 1.0936150550842285, '01:19']
[25, 0.44590285420417786, 0.429959237575531, 0.9906348586082458, 0.11492405831813812, 0.17547039687633514, 1.4250966310501099, 0.8105678558349609, 0.8158873319625854, 0.8158873319625854, 1.2675126791000366, '01:19']
[26, 0.44195619225502014, 0.44495344161987305, 0.9905192852020264, 0.09647160768508911, 0.17539145052433014, 1.395132303237915, 0.8320658206939697, 0.8382012248039246, 0.8382012248039246, 1.1429659128189087, '01:19']
[27, 0.4507014751434326, 0.43165716528892517, 0.9867109060287476, 0.11685562133789062, 0.17758047580718994, 1.6135331392288208, 0.7936466336250305, 0.8117920756340027, 0.8117920756340027, 2.8521924018859863, '01:19']
[28, 0.4449511766433716, 0.4474102258682251, 0.9851326942443848, 0.09673184156417847, 0.17809562385082245, 1.6332684755325317, 0.823850154876709, 0.8389723896980286, 0.8389723896980286, 3.090693473815918, '01:19']
[29, 0.44575217366218567, 0.426821231842041, 0.9906771779060364, 0.11874774843454361, 0.17546586692333221, 1.4333117008209229, 0.802512526512146, 0.809697687625885, 0.809697687625885, 1.3949408531188965, '01:19']
[30, 0.4401051104068756, 0.43605828285217285, 0.9927095770835876, 0.10655079782009125, 0.1742502897977829, 1.2681946754455566, 0.8123759031295776, 0.8263123035430908, 0.8263123035430908, 0.7119430899620056, '01:19']
[31, 0.4345717132091522, 0.4247477352619171, 0.992067813873291, 0.12026676535606384, 0.1746894121170044, 1.3400216102600098, 0.7983970046043396, 0.8055204749107361, 0.8055204749107361, 0.9104894399642944, '01:21']
[32, 0.4431615471839905, 0.43084344267845154, 0.9896612167358398, 0.11466249078512192, 0.1759602427482605, 1.4680250883102417, 0.8033177852630615, 0.8118767142295837, 0.8118767142295837, 1.5951809883117676, '01:19']
[33, 0.4416903257369995, 0.42056718468666077, 0.9895203709602356, 0.12696295976638794, 0.1760813146829605, 1.5053049325942993, 0.7860856056213379, 0.7946502566337585, 0.7946502566337585, 1.7492796182632446, '01:19']
[34, 0.4529879689216614, 0.4295591115951538, 0.9915558695793152, 0.11420219391584396, 0.1749599725008011, 1.3838645219802856, 0.8101266026496887, 0.8166398406028748, 0.8166398406028748, 1.102250337600708, '01:19']
[35, 0.44017407298088074, 0.4379843771457672, 0.9886224269866943, 0.10710615664720535, 0.17659926414489746, 1.487292766571045, 0.8094799518585205, 0.8240461945533752, 0.8240461945533752, 1.8974785804748535, '01:19']
[36, 0.4439327120780945, 0.4739002287387848, 0.9783992171287537, 0.0788409411907196, 0.18177147209644318, 1.7010139226913452, 0.8423845171928406, 0.8654218912124634, 0.8654218912124634, 4.654656410217285, '01:19']
[37, 0.45241856575012207, 0.4338642358779907, 0.990608811378479, 0.10837829858064651, 0.17537105083465576, 1.4545000791549683, 0.8205335736274719, 0.8237215876579285, 0.8237215876579285, 1.3697230815887451, '01:19']
[38, 0.4494975209236145, 0.4262956976890564, 0.9890613555908203, 0.1214001253247261, 0.1764211803674698, 1.540996789932251, 0.7949939966201782, 0.8061121106147766, 0.8061121106147766, 1.9993470907211304, '01:19']
[39, 0.4529598355293274, 0.411580353975296, 0.991454541683197, 0.14293953776359558, 0.1749889999628067, 1.3984436988830566, 0.78111732006073, 0.7864844799041748, 0.7864844799041748, 1.3019565343856812, '01:19']
[40, 0.4285225570201874, 0.4192301034927368, 0.9916139841079712, 0.12778989970684052, 0.1749480664730072, 1.3703649044036865, 0.789462149143219, 0.7955546975135803, 0.7955546975135803, 1.0362752676010132, '01:19']
[41, 0.4376615881919861, 0.4266608655452728, 0.9898441433906555, 0.11996153742074966, 0.1758541315793991, 1.4850645065307617, 0.7978145480155945, 0.8056778907775879, 0.8056778907775879, 1.6485588550567627, '01:19']
[42, 0.44296976923942566, 0.4267481863498688, 0.9915491938591003, 0.11904698610305786, 0.17501989006996155, 1.3495794534683228, 0.8046739101409912, 0.811714768409729, 0.811714768409729, 1.0095926523208618, '01:19']
[43, 0.44585317373275757, 0.421817809343338, 0.9902662038803101, 0.12461137026548386, 0.1756678968667984, 1.4740650653839111, 0.7920095324516296, 0.7995668053627014, 0.7995668053627014, 1.5309656858444214, '01:19']
[44, 0.4467185139656067, 0.4192792773246765, 0.9906107783317566, 0.12840509414672852, 0.17549556493759155, 1.4616552591323853, 0.7910403609275818, 0.7964420914649963, 0.7964420914649963, 1.4417572021484375, '01:19']
[45, 0.44177499413490295, 0.4176899194717407, 0.9909572601318359, 0.13066980242729187, 0.17537032067775726, 1.4409637451171875, 0.784034788608551, 0.7913504838943481, 0.7913504838943481, 1.340219259262085, '01:19']
[46, 0.4411070942878723, 0.438768595457077, 0.985651433467865, 0.11026917397975922, 0.17814943194389343, 1.6043376922607422, 0.7946817874908447, 0.8153101205825806, 0.8153101205825806, 2.722273826599121, '01:19']
[47, 0.44046148657798767, 0.4278486669063568, 0.9896709322929382, 0.11974790692329407, 0.1761162132024765, 1.4894788265228271, 0.7995063662528992, 0.8079153895378113, 0.8079153895378113, 1.6062785387039185, '01:19']
[48, 0.43691813945770264, 0.42962101101875305, 0.9886414408683777, 0.11497382819652557, 0.17643800377845764, 1.5159754753112793, 0.7996140718460083, 0.8117310404777527, 0.8117309212684631, 2.007844924926758, '01:19']
No improvement since epoch 39: early stopping
----------
1
----------
DLS create!
[0, 0.5239165425300598, 0.5141578316688538, 0.992824137210846, 0.0030337159987539053, 0.18541987240314484, 1.389466404914856, 0.9667996168136597, 0.9371888637542725, 0.9371888637542725, inf, '01:19']
[1, 0.504753828048706, 0.48348596692085266, 0.9828755855560303, 0.057996898889541626, 0.17897860705852509, 1.6181682348251343, 0.9089314341545105, 0.8839419484138489, 0.8839419484138489, inf, '01:20']
[2, 0.49204403162002563, 0.49231722950935364, 0.973637044429779, 0.05416972562670708, 0.18259254097938538, 1.7248402833938599, 0.9034486413002014, 0.8830678462982178, 0.8830678462982178, inf, '01:19']
[3, 0.4945422410964966, 0.4809151589870453, 0.9875309467315674, 0.06052748113870621, 0.17675048112869263, 1.510542631149292, 0.9131357073783875, 0.886062741279602, 0.886062741279602, inf, '01:19']
[4, 0.49050256609916687, 0.4759097993373871, 0.9874404072761536, 0.06371311843395233, 0.17669810354709625, 1.5468336343765259, 0.8985488414764404, 0.8749183416366577, 0.8749183416366577, inf, '01:19']
[5, 0.4868218004703522, 0.4744873642921448, 0.9841773509979248, 0.06723005324602127, 0.17820121347904205, 1.6317241191864014, 0.8865857720375061, 0.8658446073532104, 0.8658446073532104, inf, '01:19']
[6, 0.48023298382759094, 0.47924482822418213, 0.9879958033561707, 0.058125969022512436, 0.17626194655895233, 1.5581425428390503, 0.9020609259605408, 0.8753466010093689, 0.8753466010093689, inf, '01:19']
[7, 0.47688084840774536, 0.44774681329727173, 0.990694522857666, 0.09811527281999588, 0.17514972388744354, 1.4870787858963013, 0.8444706797599792, 0.8219252824783325, 0.821925163269043, inf, '01:19']
[8, 0.4788411855697632, 0.4541255235671997, 0.9856026768684387, 0.09150175005197525, 0.17762555181980133, 1.6288881301879883, 0.843229353427887, 0.8281372785568237, 0.8281372785568237, inf, '01:19']
[9, 0.46325933933258057, 0.456339567899704, 0.9923357963562012, 0.08571525663137436, 0.17409735918045044, 1.3312801122665405, 0.8582900166511536, 0.838462769985199, 0.838462769985199, inf, '01:19']
[10, 0.46472257375717163, 0.4430941045284271, 0.9912289977073669, 0.1010342538356781, 0.1747523993253708, 1.4594756364822388, 0.8315944075584412, 0.8085496425628662, 0.8085496425628662, inf, '01:19']
[11, 0.46611499786376953, 0.46262678503990173, 0.9852438569068909, 0.08200564980506897, 0.17787525057792664, 1.6571444272994995, 0.8521788716316223, 0.8342435359954834, 0.8342435359954834, inf, '01:19']
[12, 0.4701901078224182, 0.4458704888820648, 0.9905484318733215, 0.09931820631027222, 0.17512084543704987, 1.4712060689926147, 0.8416759967803955, 0.8180873990058899, 0.8180873990058899, inf, '01:19']
[13, 0.46614110469818115, 0.4390994608402252, 0.9897386431694031, 0.10725042223930359, 0.17559289932250977, 1.5260483026504517, 0.8222524523735046, 0.8024847507476807, 0.8024847507476807, inf, '01:19']
[14, 0.4597323536872864, 0.4980664551258087, 0.9733890295028687, 0.06098228320479393, 0.18358847498893738, 1.778261423110962, 0.8713423013687134, 0.8626849055290222, 0.8626849055290222, inf, '01:19']
[15, 0.46648716926574707, 0.44436711072921753, 0.9918471574783325, 0.1010085865855217, 0.17455002665519714, 1.3329718112945557, 0.8373258113861084, 0.8151923418045044, 0.8151922225952148, inf, '01:19']
[16, 0.4600377380847931, 0.5024222731590271, 0.9706375002861023, 0.05750250443816185, 0.18517212569713593, 1.797924280166626, 0.8759860992431641, 0.8710609674453735, 0.8710609674453735, inf, '01:19']
[17, 0.45586055517196655, 0.45133280754089355, 0.9922365546226501, 0.08828367292881012, 0.17415329813957214, 1.344124674797058, 0.8441590070724487, 0.8272976279258728, 0.8272976279258728, inf, '01:19']
[18, 0.45234182476997375, 0.4380646347999573, 0.9910523295402527, 0.1088719293475151, 0.1748453825712204, 1.4737120866775513, 0.8204147815704346, 0.7983615398406982, 0.7983615398406982, inf, '01:19']
[19, 0.4651296138763428, 0.44129177927970886, 0.9884718656539917, 0.1050034686923027, 0.17625358700752258, 1.5859757661819458, 0.8158318400382996, 0.7997897267341614, 0.7997897267341614, inf, '01:19']
[20, 0.4544014036655426, 0.44552066922187805, 0.9879448413848877, 0.10185220092535019, 0.17653928697109222, 1.6048917770385742, 0.8215903043746948, 0.8038590550422668, 0.8038590550422668, inf, '01:19']
[21, 0.45598188042640686, 0.43145591020584106, 0.9917938113212585, 0.1156044602394104, 0.17453095316886902, 1.397392749786377, 0.8079827427864075, 0.7868248820304871, 0.7868248820304871, inf, '01:19']
[22, 0.45106741786003113, 0.4577406346797943, 0.9841627478599548, 0.08938570320606232, 0.1784311681985855, 1.6830641031265259, 0.835025429725647, 0.82110595703125, 0.8211060762405396, inf, '01:19']
[23, 0.45527133345603943, 0.47890323400497437, 0.9763683676719666, 0.07085136324167252, 0.18207776546478271, 1.7510100603103638, 0.8530743718147278, 0.8479940295219421, 0.8479940295219421, inf, '01:19']
[24, 0.44108980894088745, 0.4449819326400757, 0.9882040023803711, 0.10000386834144592, 0.17633460462093353, 1.585453987121582, 0.8215211033821106, 0.8049268126487732, 0.8049268126487732, inf, '01:19']
[25, 0.44811466336250305, 0.4303737282752991, 0.9917091131210327, 0.11642391979694366, 0.17454852163791656, 1.4190850257873535, 0.8060755729675293, 0.7844860553741455, 0.7844860553741455, inf, '01:19']
[26, 0.45589739084243774, 0.46919378638267517, 0.9815062284469604, 0.07845018804073334, 0.17977863550186157, 1.7086912393569946, 0.8483818769454956, 0.8388115763664246, 0.8388115763664246, inf, '01:19']
[27, 0.44875651597976685, 0.45447126030921936, 0.9849188327789307, 0.09370969235897064, 0.1780945062637329, 1.6672813892364502, 0.8241374492645264, 0.8120178580284119, 0.8120178580284119, inf, '01:19']
[28, 0.4513307511806488, 0.43883827328681946, 0.9910745024681091, 0.10466013848781586, 0.17477616667747498, 1.4585498571395874, 0.8232359290122986, 0.8011667132377625, 0.8011667132377625, inf, '01:19']
[29, 0.43726134300231934, 0.4311780035495758, 0.9915488958358765, 0.11651059240102768, 0.17460328340530396, 1.4193414449691772, 0.8097936511039734, 0.7849717736244202, 0.7849717736244202, inf, '01:19']
[30, 0.4468322694301605, 0.4306590259075165, 0.9915559887886047, 0.11542078107595444, 0.17468850314617157, 1.3968404531478882, 0.8076263666152954, 0.7870330214500427, 0.7870330214500427, inf, '01:19']
[31, 0.44992464780807495, 0.5025309324264526, 0.9700173735618591, 0.05038738623261452, 0.18480247259140015, 1.7838847637176514, 0.8901310563087463, 0.8793861865997314, 0.8793861865997314, inf, '01:19']
[32, 0.453779935836792, 0.4348163902759552, 0.988759458065033, 0.11369436979293823, 0.17617017030715942, 1.5754653215408325, 0.8074737787246704, 0.7876567840576172, 0.787656843662262, inf, '01:19']
[33, 0.44476741552352905, 0.42494046688079834, 0.9917110204696655, 0.12377292662858963, 0.17459425330162048, 1.4113287925720215, 0.7986320853233337, 0.7764794230461121, 0.7764794230461121, inf, '01:19']
[34, 0.4443720877170563, 0.4248657822608948, 0.9909659028053284, 0.12346544116735458, 0.17500722408294678, 1.491647481918335, 0.791966438293457, 0.7723775506019592, 0.7723775506019592, inf, '01:19']
[35, 0.4474022388458252, 0.43977048993110657, 0.988651692867279, 0.10654379427433014, 0.17608743906021118, 1.5603740215301514, 0.8198879361152649, 0.7993281483650208, 0.7993281483650208, inf, '01:19']
[36, 0.45047274231910706, 0.43902620673179626, 0.9927610158920288, 0.1055166944861412, 0.17391544580459595, 1.2780531644821167, 0.8219778537750244, 0.8035792708396912, 0.8035792708396912, inf, '01:19']
[37, 0.4408164620399475, 0.43865129351615906, 0.988341748714447, 0.10670938342809677, 0.1762954592704773, 1.5815300941467285, 0.8091506958007812, 0.7926722168922424, 0.7926722168922424, inf, '01:19']
[38, 0.44756731390953064, 0.44528257846832275, 0.9863578081130981, 0.10288577526807785, 0.17734301090240479, 1.6359782218933105, 0.8132453560829163, 0.8016072511672974, 0.8016072511672974, inf, '01:19']
[39, 0.4469924569129944, 0.43405234813690186, 0.9888190031051636, 0.11368296295404434, 0.17623497545719147, 1.5790462493896484, 0.80199134349823, 0.7874513864517212, 0.7874513864517212, inf, '01:19']
[40, 0.45045629143714905, 0.42776402831077576, 0.992469310760498, 0.11990494281053543, 0.17417044937610626, 1.3133163452148438, 0.8031203150749207, 0.7832316160202026, 0.7832316160202026, inf, '01:19']
[41, 0.441430002450943, 0.4312138259410858, 0.9913771152496338, 0.11550899595022202, 0.1747109740972519, 1.4299538135528564, 0.8040708303451538, 0.7807794809341431, 0.7807794809341431, inf, '01:19']
[42, 0.44402191042900085, 0.437558114528656, 0.9883272647857666, 0.10876964032649994, 0.17631247639656067, 1.575358271598816, 0.8107806444168091, 0.7950019836425781, 0.7950019836425781, inf, '01:19']
[43, 0.4408324658870697, 0.4511699378490448, 0.9922953844070435, 0.08724652230739594, 0.17409171164035797, 1.2786835432052612, 0.8436675071716309, 0.8252805471420288, 0.8252805471420288, inf, '01:19']
No improvement since epoch 34: early stopping
----------
2
----------
DLS create!
[0, 0.5179622769355774, 0.5080493092536926, 0.9918804168701172, 0.009433547966182232, 0.18041415512561798, 1.3660943508148193, 0.9650614857673645, 0.9647940993309021, 0.9647940993309021, 0.49337923526763916, '01:19']
[1, 0.4965648651123047, 0.494475781917572, 0.9827399849891663, 0.042953696101903915, 0.17839345335960388, 1.5722846984863281, 0.9275644421577454, 0.9329407215118408, 0.9329407215118408, 5.5345563888549805, '01:19']
[2, 0.4921691417694092, 0.48870745301246643, 0.9838945269584656, 0.051558371633291245, 0.17809520661830902, 1.59853196144104, 0.9110017418861389, 0.9202548861503601, 0.9202548265457153, 4.864833831787109, '01:19']
[3, 0.4822387099266052, 0.5349184274673462, 0.9484089612960815, 0.0295919980853796, 0.19353501498699188, 1.788840413093567, 0.9402627944946289, 0.9485713839530945, 0.9485713839530945, 21.570802688598633, '01:19']
[4, 0.4802088439464569, 0.48295703530311584, 0.9896354079246521, 0.054484669119119644, 0.17511945962905884, 1.4381811618804932, 0.9058459401130676, 0.9099549055099487, 0.9099549055099487, 1.64662766456604, '01:19']
[5, 0.469773530960083, 0.4796605706214905, 0.9819760322570801, 0.06472697854042053, 0.1789468675851822, 1.6667927503585815, 0.8774482011795044, 0.8914238810539246, 0.8914238810539246, 5.76816463470459, '01:19']
[6, 0.47489771246910095, 0.46628624200820923, 0.9889333844184875, 0.07453328371047974, 0.17555631697177887, 1.5130196809768677, 0.869638979434967, 0.8783782124519348, 0.8783782720565796, 2.416494846343994, '01:19']
[7, 0.46822673082351685, 0.4721137285232544, 0.9891783595085144, 0.067875437438488, 0.17544463276863098, 1.5092884302139282, 0.8763161897659302, 0.884034276008606, 0.884034276008606, 2.2386200428009033, '01:19']
[8, 0.4571380615234375, 0.4658302962779999, 0.9872129559516907, 0.0768352746963501, 0.1764650195837021, 1.5697776079177856, 0.8602989315986633, 0.8717333078384399, 0.8717333078384399, 3.1146299839019775, '01:19']
[9, 0.45936593413352966, 0.4660018980503082, 0.9910578727722168, 0.07523023337125778, 0.1745283454656601, 1.386344313621521, 0.872933030128479, 0.8799102902412415, 0.8799102902412415, 1.1247472763061523, '01:19']
[10, 0.46167388558387756, 0.45964691042900085, 0.9916069507598877, 0.0856669470667839, 0.17431360483169556, 1.3209792375564575, 0.8631155490875244, 0.8700061440467834, 0.8700061440467834, 0.8610763549804688, '01:19']
[11, 0.4591160714626312, 0.4703834354877472, 0.9830151796340942, 0.07774444669485092, 0.1786046326160431, 1.657114028930664, 0.846744179725647, 0.8683062791824341, 0.8683062791824341, 4.780733585357666, '01:19']
[12, 0.4607378840446472, 0.5306358337402344, 0.9617418646812439, 0.05024329572916031, 0.18929648399353027, 1.8286055326461792, 0.8773133754730225, 0.9096476435661316, 0.9096476435661316, 13.71183967590332, '01:19']
[13, 0.4638729691505432, 0.46378934383392334, 0.9846686124801636, 0.08010470122098923, 0.17763926088809967, 1.627338171005249, 0.8522669076919556, 0.8690451979637146, 0.8690451979637146, 4.59074592590332, '01:19']
[14, 0.461428701877594, 0.46797633171081543, 0.983513355255127, 0.07732021808624268, 0.17827647924423218, 1.6642934083938599, 0.8492061495780945, 0.8701481819152832, 0.8701481819152832, 5.118680953979492, '01:19']
[15, 0.4642549455165863, 0.4654717445373535, 0.9887806177139282, 0.07609687745571136, 0.17569249868392944, 1.5288161039352417, 0.8655338883399963, 0.8755533695220947, 0.8755533695220947, 2.6303601264953613, '01:19']
[16, 0.45990821719169617, 0.46120011806488037, 0.9915070533752441, 0.07923109829425812, 0.17426733672618866, 1.3399863243103027, 0.8648487329483032, 0.8721649050712585, 0.8721649050712585, 0.9088013172149658, '01:19']
[17, 0.4490135908126831, 0.45348164439201355, 0.9889601469039917, 0.09123852849006653, 0.17568467557430267, 1.5197921991348267, 0.8426833748817444, 0.852821946144104, 0.852821946144104, 2.321068286895752, '01:19']
[18, 0.4596576988697052, 0.4607216417789459, 0.9859864711761475, 0.08635810762643814, 0.17723646759986877, 1.6101889610290527, 0.8390905261039734, 0.8558999300003052, 0.8558999300003052, 3.3579108715057373, '01:19']
[19, 0.4498514235019684, 0.4644737243652344, 0.9915831685066223, 0.0745530053973198, 0.1742042750120163, 1.3096680641174316, 0.8680647015571594, 0.8749440908432007, 0.8749440908432007, 0.6993469595909119, '01:19']
[20, 0.4499512314796448, 0.46441805362701416, 0.9824645519256592, 0.08456646651029587, 0.17899486422538757, 1.6891814470291138, 0.8296907544136047, 0.8566955924034119, 0.8566955924034119, 5.3962860107421875, '01:19']
[21, 0.449264258146286, 0.4687882959842682, 0.9910092353820801, 0.06976697593927383, 0.17454016208648682, 1.3550810813903809, 0.8772908449172974, 0.8857466578483582, 0.8857466578483582, 1.0171077251434326, '01:19']
[22, 0.4428722858428955, 0.4635206460952759, 0.988041877746582, 0.08032187819480896, 0.1760922372341156, 1.458390712738037, 0.8580199480056763, 0.8658249974250793, 0.8658249974250793, 2.000908374786377, '01:19']
[23, 0.45123738050460815, 0.4542976915836334, 0.990046501159668, 0.09155309945344925, 0.17511700093746185, 1.4377297163009644, 0.8410671353340149, 0.8512907028198242, 0.8512907028198242, 1.6138155460357666, '01:19']
[24, 0.4466888904571533, 0.45157772302627563, 0.9904910922050476, 0.09315431118011475, 0.17484205961227417, 1.4284849166870117, 0.8414918780326843, 0.848723292350769, 0.848723292350769, 1.4965770244598389, '01:19']
[25, 0.43671920895576477, 0.46169012784957886, 0.9871108531951904, 0.08401421457529068, 0.17664171755313873, 1.5589009523391724, 0.8480880856513977, 0.8601529002189636, 0.8601529002189636, 2.569664478302002, '01:19']
[26, 0.4442000091075897, 0.6324422955513, 0.906528115272522, 0.02892775647342205, 0.21595115959644318, 1.900701642036438, 0.9150316119194031, 0.9459061622619629, 0.9459061622619629, 45.724609375, '01:19']
[27, 0.45308801531791687, 0.4655880033969879, 0.984193742275238, 0.08169753849506378, 0.1782047301530838, 1.651326298713684, 0.8468953967094421, 0.8656831383705139, 0.8656831383705139, 4.106755256652832, '01:19']
[28, 0.4469936788082123, 0.4515288174152374, 0.9882979989051819, 0.09455996006727219, 0.1760343313217163, 1.535256266593933, 0.8318883776664734, 0.8439016938209534, 0.8439016938209534, 2.2461748123168945, '01:19']
[29, 0.4430997669696808, 0.45291638374328613, 0.9878935217857361, 0.09316790103912354, 0.1763102412223816, 1.5748634338378906, 0.8324154019355774, 0.8456911444664001, 0.8456911444664001, 2.6548614501953125, '01:19']
[30, 0.44289451837539673, 0.4608536958694458, 0.9862021803855896, 0.08535744249820709, 0.17709995806217194, 1.620118260383606, 0.8357874751091003, 0.8540305495262146, 0.8540305495262146, 3.5383574962615967, '01:19']
[31, 0.4334118366241455, 0.4499742090702057, 0.9892337918281555, 0.09507101029157639, 0.17557215690612793, 1.5103877782821655, 0.8317807912826538, 0.8441756963729858, 0.8441756963729858, 2.0971691608428955, '01:19']
[32, 0.43900352716445923, 0.44369882345199585, 0.9900253415107727, 0.10188178718090057, 0.17512261867523193, 1.4632166624069214, 0.8212329745292664, 0.8316335082054138, 0.8316335082054138, 1.6443153619766235, '01:19']
[33, 0.43512263894081116, 0.4758266806602478, 0.9802970290184021, 0.07822559773921967, 0.18018898367881775, 1.707568645477295, 0.8370532989501953, 0.8633679747581482, 0.8633679747581482, 5.42935848236084, '01:19']
[34, 0.44284626841545105, 0.46250036358833313, 0.9838234186172485, 0.0892767608165741, 0.1784360110759735, 1.6759182214736938, 0.820027768611908, 0.8469269275665283, 0.8469269275665283, 4.714720249176025, '01:19']
[35, 0.44013360142707825, 0.4455278217792511, 0.9895685911178589, 0.10029657185077667, 0.17537592351436615, 1.5092418193817139, 0.8236136436462402, 0.8343814015388489, 0.8343814015388489, 2.064507007598877, '01:19']
[36, 0.4409075379371643, 0.4399026036262512, 0.9893608093261719, 0.10753326863050461, 0.1754760891199112, 1.4965897798538208, 0.8146201968193054, 0.8251911997795105, 0.8251911997795105, 2.0593183040618896, '01:19']
[37, 0.4470059871673584, 0.4605671167373657, 0.9851365685462952, 0.08501217514276505, 0.17764292657375336, 1.6446284055709839, 0.8371081948280334, 0.8568248748779297, 0.8568248748779297, 4.008395195007324, '01:19']
[38, 0.4314040243625641, 0.4387354254722595, 0.9907758235931396, 0.10945744812488556, 0.17475175857543945, 1.4077692031860352, 0.8211570978164673, 0.8284052610397339, 0.8284052610397339, 1.289838433265686, '01:19']
[39, 0.43872299790382385, 0.45777609944343567, 0.9867439866065979, 0.08805543184280396, 0.1768093854188919, 1.5367193222045898, 0.8422421813011169, 0.8538817167282104, 0.8538817167282104, 2.55680251121521, '01:19']
[40, 0.44057539105415344, 0.44694802165031433, 0.9900458455085754, 0.09797504544258118, 0.17515406012535095, 1.4393190145492554, 0.8319556713104248, 0.8398810625076294, 0.8398810625076294, 1.4242559671401978, '01:19']
[41, 0.4289369583129883, 0.4550803601741791, 0.9861821532249451, 0.09268549084663391, 0.17715248465538025, 1.596511960029602, 0.8281072378158569, 0.8433451056480408, 0.8433451056480408, 3.1297388076782227, '01:19']
[42, 0.4302770495414734, 0.4528898000717163, 0.9871244430541992, 0.09672486037015915, 0.17674915492534637, 1.5647525787353516, 0.8203226923942566, 0.8359135985374451, 0.8359135985374451, 2.4765841960906982, '01:19']
[43, 0.42582690715789795, 0.45281314849853516, 0.9921245574951172, 0.09197480976581573, 0.17392732203006744, 1.2252836227416992, 0.838956356048584, 0.850692868232727, 0.850692868232727, 0.5144685506820679, '01:19']
[44, 0.43375369906425476, 0.457735538482666, 0.9882414937019348, 0.08624925464391708, 0.17600609362125397, 1.5517154932022095, 0.8453701734542847, 0.8557124137878418, 0.8557124137878418, 2.5535824298858643, '01:19']
[45, 0.43630969524383545, 0.457204133272171, 0.9908861517906189, 0.08657152205705643, 0.1746242195367813, 1.3420770168304443, 0.8453965783119202, 0.8537120819091797, 0.8537120819091797, 0.9224087595939636, '01:19']
[46, 0.42886120080947876, 0.44564223289489746, 0.990196168422699, 0.09994447231292725, 0.17503200471401215, 1.4412888288497925, 0.8313661217689514, 0.8388798236846924, 0.8388798236846924, 1.6525496244430542, '01:21']
[47, 0.4363207221031189, 0.45181506872177124, 0.9878323674201965, 0.09473752975463867, 0.17628273367881775, 1.5031415224075317, 0.8363303542137146, 0.8469749689102173, 0.8469749689102173, 2.2297422885894775, '01:19']
No improvement since epoch 38: early stopping
----------
3
----------
DLS create!
[0, 0.5068507194519043, 0.5098545551300049, 0.9753276705741882, 0.03467694669961929, 0.18335801362991333, 1.6382709741592407, 0.9435521960258484, 0.9494932889938354, 0.9494932889938354, 6.126713275909424, '01:19']
[1, 0.4986070394515991, 0.48990917205810547, 0.9881073236465454, 0.04614907503128052, 0.17632295191287994, 1.4625002145767212, 0.9304142594337463, 0.929067075252533, 0.929067075252533, 1.5032434463500977, '01:19']
[2, 0.4893873631954193, 0.48875266313552856, 0.9841743111610413, 0.05260114744305611, 0.1779155731201172, 1.5826576948165894, 0.9096772074699402, 0.9127696752548218, 0.9127696752548218, 3.043949604034424, '01:19']
[3, 0.48631811141967773, 0.4744478166103363, 0.9859961271286011, 0.06955460458993912, 0.1770654022693634, 1.5299949645996094, 0.8849443197250366, 0.8902816772460938, 0.8902816772460938, 2.519556999206543, '01:22']
[4, 0.47835955023765564, 0.4743894338607788, 0.9903069734573364, 0.06504648923873901, 0.17484751343727112, 1.3681414127349854, 0.8929257988929749, 0.894687294960022, 0.894687294960022, 1.0319477319717407, '01:21']
[5, 0.4746664762496948, 0.4731503427028656, 0.9907585978507996, 0.0658506378531456, 0.17452079057693481, 1.3258463144302368, 0.8883723020553589, 0.89094078540802, 0.89094078540802, 0.7650849223136902, '01:19']
[6, 0.4711872339248657, 0.4658833146095276, 0.9894663691520691, 0.0768531933426857, 0.17532166838645935, 1.4266692399978638, 0.871869683265686, 0.8747521042823792, 0.8747521042823792, 1.304504632949829, '01:19']
[7, 0.4714357554912567, 0.46701204776763916, 0.9906116127967834, 0.07434040307998657, 0.17472068965435028, 1.3227711915969849, 0.8825985193252563, 0.8839484453201294, 0.8839484453201294, 0.8224338889122009, '01:19']
[8, 0.4685593247413635, 0.4869728088378906, 0.9864969253540039, 0.053664788603782654, 0.17642369866371155, 1.4518085718154907, 0.9098057746887207, 0.9119245409965515, 0.9119245409965515, 2.146820068359375, '01:19']
[9, 0.47079944610595703, 0.46308958530426025, 0.9896550178527832, 0.08191855251789093, 0.1752876192331314, 1.4003148078918457, 0.871935248374939, 0.875098705291748, 0.875098705291748, 1.2425975799560547, '01:19']
[10, 0.4594155251979828, 0.4536675810813904, 0.9902991056442261, 0.09203875809907913, 0.17477646470069885, 1.3528056144714355, 0.8475691676139832, 0.8526889681816101, 0.8526889681816101, 1.0163370370864868, '01:19']
[11, 0.4657650887966156, 0.4691525101661682, 0.985275387763977, 0.07749078422784805, 0.1776130348443985, 1.5436067581176758, 0.8632262349128723, 0.8752658367156982, 0.8752658367156982, 2.3363420963287354, '01:19']
[12, 0.4551037549972534, 0.46189558506011963, 0.9877249002456665, 0.08253291994333267, 0.176218643784523, 1.4987766742706299, 0.8584110140800476, 0.8644168972969055, 0.8644168972969055, 2.0605571269989014, '01:19']
[13, 0.46202757954597473, 0.5015830397605896, 0.9723565578460693, 0.05737156793475151, 0.18365900218486786, 1.7293691635131836, 0.8745120167732239, 0.8980829119682312, 0.8980829119682312, 7.106710910797119, '01:19']
[14, 0.4650755524635315, 0.4734598398208618, 0.9852507710456848, 0.07307037711143494, 0.1774061769247055, 1.5660806894302368, 0.8691592216491699, 0.877352237701416, 0.877352237701416, 2.3862862586975098, '01:19']
[15, 0.4593465030193329, 0.46696966886520386, 0.9849478006362915, 0.07907794415950775, 0.1775737851858139, 1.5512644052505493, 0.8587990403175354, 0.870121419429779, 0.870121419429779, 2.732175827026367, '01:19']
[16, 0.4470878541469574, 0.45990243554115295, 0.9901612401008606, 0.08234917372465134, 0.17486877739429474, 1.3497346639633179, 0.8581662774085999, 0.8632839918136597, 0.8632839918136597, 0.9784917831420898, '01:19']
[17, 0.44987747073173523, 0.46162745356559753, 0.9871718883514404, 0.08646164834499359, 0.17643681168556213, 1.4808945655822754, 0.8464828133583069, 0.854415774345398, 0.854415774345398, 1.9100863933563232, '01:19']
[18, 0.44948315620422363, 0.45558950304985046, 0.9873487949371338, 0.09114425629377365, 0.17635983228683472, 1.4933810234069824, 0.8397259712219238, 0.8494805097579956, 0.8494805097579956, 1.9405704736709595, '01:19']
[19, 0.4489951729774475, 0.45415768027305603, 0.9895184636116028, 0.09195173531770706, 0.1752922534942627, 1.3986331224441528, 0.846201479434967, 0.8521239757537842, 0.8521239757537842, 1.347541332244873, '01:19']
No improvement since epoch 10: early stopping
----------
4
----------
DLS create!
[0, 0.5196385979652405, 0.5104379057884216, 0.9904764294624329, nan, 0.1782645434141159, 1.204628348350525, 0.9734286069869995, 0.9581036567687988, 0.9581036567687988, nan, '01:19']
[1, 0.4998672902584076, 0.5077148675918579, 0.9883374571800232, 0.01314337458461523, 0.18416382372379303, 1.4286209344863892, 0.936981201171875, 0.9299613237380981, 0.9299613237380981, inf, '01:19']
[2, 0.49599409103393555, 0.49299460649490356, 0.9874799847602844, 0.028558505699038506, 0.17710968852043152, 1.3649048805236816, 0.9249605536460876, 0.914003312587738, 0.9140033721923828, inf, '01:19']
[3, 0.4935285449028015, 0.4804980754852295, 0.9826534390449524, 0.06807531416416168, 0.17747260630130768, 1.52301824092865, 0.8907983899116516, 0.8820350766181946, 0.8820350766181946, inf, '01:19']
[4, 0.48948073387145996, 0.48992589116096497, 0.9873256087303162, 0.05454333871603012, 0.17529931664466858, 1.3872599601745605, 0.910767674446106, 0.9017840623855591, 0.9017840623855591, inf, '01:19']
[5, 0.4801855981349945, 0.46682238578796387, 0.9827911853790283, 0.0858045294880867, 0.1776932328939438, 1.5523654222488403, 0.856805682182312, 0.8522149920463562, 0.8522149920463562, inf, '01:19']
[6, 0.47976088523864746, 0.4733775854110718, 0.9859693646430969, 0.07542191445827484, 0.17605753242969513, 1.4679341316223145, 0.8746864795684814, 0.8679212331771851, 0.8679212331771851, inf, '01:19']
[7, 0.4725947082042694, 0.4889742136001587, 0.9758436679840088, 0.07117807865142822, 0.18094852566719055, 1.6690131425857544, 0.868493914604187, 0.8694460988044739, 0.8694460988044739, inf, '01:19']
[8, 0.46765315532684326, 0.4874817132949829, 0.9750792384147644, 0.07170720398426056, 0.18129585683345795, 1.6618444919586182, 0.869982123374939, 0.868220865726471, 0.868220865726471, inf, '01:19']
[9, 0.468502402305603, 0.4724019765853882, 0.9894260764122009, 0.07366544753313065, 0.17422187328338623, 1.2674862146377563, 0.8716905117034912, 0.8712441325187683, 0.8712441325187683, inf, '01:19']
[10, 0.4686983823776245, 0.45979708433151245, 0.9875704646110535, 0.09261944890022278, 0.17529255151748657, 1.4002107381820679, 0.8489115238189697, 0.843389093875885, 0.843389093875885, inf, '01:19']
[11, 0.46263381838798523, 0.4536439776420593, 0.9860802888870239, 0.1010483056306839, 0.1761801689863205, 1.4751830101013184, 0.8307827115058899, 0.8271470665931702, 0.8271470665931702, inf, '01:19']
[12, 0.46382245421409607, 0.47176963090896606, 0.9902082681655884, 0.07645412534475327, 0.17383915185928345, 1.1924573183059692, 0.8666748404502869, 0.8707558512687683, 0.8707558512687683, inf, '01:19']
[13, 0.4620402753353119, 0.4429810643196106, 0.9881182909011841, 0.11446766555309296, 0.17511102557182312, 1.380280613899231, 0.817439615726471, 0.8113435506820679, 0.8113435506820679, inf, '01:19']
[14, 0.45826202630996704, 0.45788678526878357, 0.9873597025871277, 0.09500043839216232, 0.17540502548217773, 1.4229843616485596, 0.8427926898002625, 0.8364149928092957, 0.8364149928092957, inf, '01:19']
[15, 0.45675238966941833, 0.4459228515625, 0.9875223636627197, 0.10981905460357666, 0.1753803938627243, 1.40584135055542, 0.821508526802063, 0.8162028789520264, 0.8162028789520264, inf, '01:19']
[16, 0.4481849670410156, 0.45346564054489136, 0.9891826510429382, 0.10018405318260193, 0.17441940307617188, 1.3050634860992432, 0.835232138633728, 0.8324756622314453, 0.8324756622314453, inf, '01:19']
[17, 0.45919865369796753, 0.45505818724632263, 0.9831641912460327, 0.1029263511300087, 0.1776142567396164, 1.5603528022766113, 0.8206727504730225, 0.8219121694564819, 0.8219121694564819, inf, '01:19']
[18, 0.45665374398231506, 0.4635763168334961, 0.9784257411956787, 0.09921529144048691, 0.18023528158664703, 1.6383492946624756, 0.8160596489906311, 0.8253127932548523, 0.8253127932548523, inf, '01:19']
[19, 0.4586503803730011, 0.44857165217399597, 0.989220142364502, 0.10730187594890594, 0.17442916333675385, 1.3114558458328247, 0.8238223791122437, 0.8220672011375427, 0.8220672011375427, inf, '01:19']
[20, 0.4501781463623047, 0.4340950846672058, 0.9866619110107422, 0.12665316462516785, 0.17598332464694977, 1.4518165588378906, 0.788760244846344, 0.7887542247772217, 0.7887542247772217, inf, '01:19']
[21, 0.4531096816062927, 0.4342961013317108, 0.9876047372817993, 0.1252765655517578, 0.17548376321792603, 1.4190194606781006, 0.8013460636138916, 0.7983538508415222, 0.7983538508415222, inf, '01:19']
[22, 0.44368672370910645, 0.48886409401893616, 0.971126914024353, 0.0797019898891449, 0.1840575635433197, 1.7186992168426514, 0.8476240038871765, 0.8592681288719177, 0.8592681288719177, inf, '01:19']
[23, 0.452623188495636, 0.43764936923980713, 0.9891164898872375, 0.1231822818517685, 0.17461912333965302, 1.3186192512512207, 0.8103492259979248, 0.8079409599304199, 0.8079409599304199, inf, '01:19']
[24, 0.45627346634864807, 0.450544536113739, 0.986996054649353, 0.10727231949567795, 0.1757308393716812, 1.434934139251709, 0.8182826638221741, 0.8165791630744934, 0.8165791630744934, inf, '01:19']
[25, 0.44177353382110596, 0.46656280755996704, 0.9787188172340393, 0.10236689448356628, 0.18053758144378662, 1.6455357074737549, 0.818946897983551, 0.8296368718147278, 0.8296368718147278, inf, '01:19']
[26, 0.45172983407974243, 0.43141040205955505, 0.9876425862312317, 0.12889468669891357, 0.17535927891731262, 1.4265719652175903, 0.7856976985931396, 0.7847599983215332, 0.7847599983215332, inf, '01:19']
[27, 0.4426555633544922, 0.5012472867965698, 0.9666655659675598, 0.07564640045166016, 0.1860993355512619, 1.7206554412841797, 0.8342275023460388, 0.8579497337341309, 0.8579497337341309, inf, '01:19']
[28, 0.44595110416412354, 0.43905410170555115, 0.9866987466812134, 0.11920288950204849, 0.1758941262960434, 1.4464163780212402, 0.8001126050949097, 0.7984360456466675, 0.7984360456466675, inf, '01:19']
[29, 0.447743684053421, 0.4594551920890808, 0.9797876477241516, 0.10214105993509293, 0.17933519184589386, 1.611998200416565, 0.8116400241851807, 0.8202565312385559, 0.8202565312385559, inf, '01:19']
[30, 0.4476633369922638, 0.43870365619659424, 0.9894540309906006, 0.12039753049612045, 0.17437058687210083, 1.2778263092041016, 0.8031532764434814, 0.8029883503913879, 0.8029883503913879, inf, '01:19']
[31, 0.4462108612060547, 0.4337041676044464, 0.9857658743858337, 0.12857963144779205, 0.1764383465051651, 1.5035651922225952, 0.7765058279037476, 0.7803778052330017, 0.7803778052330017, inf, '01:19']
[32, 0.44904232025146484, 0.4385814368724823, 0.9853106141090393, 0.12191011011600494, 0.17656198143959045, 1.493425726890564, 0.7992894649505615, 0.7954800128936768, 0.7954800128936768, inf, '01:21']
[33, 0.44079655408859253, 0.4680730998516083, 0.9773834347724915, 0.09477213025093079, 0.18058480322360992, 1.651436448097229, 0.8190432190895081, 0.8290657997131348, 0.8290657997131348, inf, '01:19']
[34, 0.4393150210380554, 0.4342692196369171, 0.9883477091789246, 0.12564584612846375, 0.17502641677856445, 1.3586921691894531, 0.7930511236190796, 0.7909817099571228, 0.7909817099571228, inf, '01:19']
[35, 0.43680256605148315, 0.4355258345603943, 0.9857192635536194, 0.1263505518436432, 0.1764495074748993, 1.4992526769638062, 0.7865228652954102, 0.786223828792572, 0.786223828792572, inf, '01:19']
No improvement since epoch 26: early stopping
Unet_dense161 Done!
