Models will save to Unet_incv4_x
Use inceptionv4 encoder
Start training...
----------
0
----------
DLS create!
[0, 0.5321616530418396, 0.5302104353904724, 0.9937458038330078, 0.0, 0.17640618979930878, 1.0783979892730713, 0.9995805621147156, 0.9928452372550964, 0.9928452372550964, 0.0, '02:23']
[1, 0.5061560273170471, 0.4966542422771454, 0.9899699091911316, 0.03852546215057373, 0.17672467231750488, 1.3955508470535278, 0.9523155689239502, 0.9507898092269897, 0.9507898092269897, 1.2474573850631714, '02:18']
[2, 0.4958764612674713, 0.5160264372825623, 0.9762215614318848, 0.04230964183807373, 0.18171921372413635, 1.6702347993850708, 0.9215790629386902, 0.9305418729782104, 0.9305418729782104, 5.2837371826171875, '02:15']
[3, 0.49229738116264343, 0.4791778326034546, 0.9887464642524719, 0.05503071844577789, 0.17620882391929626, 1.5088599920272827, 0.9099567532539368, 0.9101750254631042, 0.9101750254631042, 1.6708009243011475, '02:16']
[4, 0.4915730655193329, 0.48401132225990295, 0.9852992296218872, 0.05274657905101776, 0.17776808142662048, 1.601056456565857, 0.9067897796630859, 0.9110354781150818, 0.9110354781150818, 2.6780874729156494, '02:16']
[5, 0.48756667971611023, 0.4846758246421814, 0.9866927862167358, 0.04930359870195389, 0.17716486752033234, 1.548964262008667, 0.9188239574432373, 0.9210149049758911, 0.9210149049758911, 2.418917655944824, '02:16']
[6, 0.49094098806381226, 0.4852607548236847, 0.9802950620651245, 0.055320825427770615, 0.18061845004558563, 1.6754337549209595, 0.9024167656898499, 0.9116297960281372, 0.9116297960281372, 4.646304607391357, '02:17']
[7, 0.487728089094162, 0.48000797629356384, 0.9850983619689941, 0.05619600787758827, 0.1776435375213623, 1.577095866203308, 0.9027387499809265, 0.9062653183937073, 0.9062653183937073, 2.6688451766967773, '02:18']
[8, 0.4940798878669739, 0.48173531889915466, 0.9916021823883057, 0.05062359198927879, 0.17508836090564728, 1.3377869129180908, 0.9247159957885742, 0.9239725470542908, 0.9239725470542908, 0.7494773268699646, '02:18']
[9, 0.4885222315788269, 0.4710720479488373, 0.9854628443717957, 0.06853567808866501, 0.17803780734539032, 1.5988802909851074, 0.8853804469108582, 0.8927165865898132, 0.8927165865898132, 2.8837034702301025, '02:19']
[10, 0.4766657054424286, 0.4601094126701355, 0.9902817606925964, 0.07620538026094437, 0.17545904219150543, 1.4434987306594849, 0.8769086599349976, 0.8772484660148621, 0.8772484660148621, 1.2555880546569824, '02:19']
[11, 0.47523003816604614, 0.49278709292411804, 0.9688440561294556, 0.058817699551582336, 0.18576857447624207, 1.78135085105896, 0.8701372742652893, 0.8985767960548401, 0.8985767960548401, 7.936611652374268, '02:16']
[12, 0.4762629270553589, 0.4684903621673584, 0.991276204586029, 0.06491019576787949, 0.17490290105342865, 1.383124589920044, 0.8909847140312195, 0.8914363980293274, 0.8914363980293274, 0.932991623878479, '02:17']
[13, 0.4698117673397064, 0.4597761332988739, 0.991640031337738, 0.07595306634902954, 0.1747589409351349, 1.3569416999816895, 0.8773856163024902, 0.8783519864082336, 0.8783519864082336, 0.9230839610099792, '02:17']
[14, 0.46762681007385254, 0.4748574495315552, 0.9913716912269592, 0.05735315382480621, 0.17482151091098785, 1.3850005865097046, 0.9025607705116272, 0.9042329788208008, 0.9042329788208008, 0.9666146636009216, '02:17']
[15, 0.47029346227645874, 0.45221686363220215, 0.9891887903213501, 0.0883377343416214, 0.1761498898267746, 1.4931821823120117, 0.856191098690033, 0.8604705929756165, 0.8604705929756165, 1.6139230728149414, '02:16']
[16, 0.46655476093292236, 0.4570747911930084, 0.9914031028747559, 0.07976481318473816, 0.1748243272304535, 1.3834643363952637, 0.8691054582595825, 0.8706721663475037, 0.8706721663475037, 1.0105867385864258, '02:17']
[17, 0.46510183811187744, 0.460783988237381, 0.9925564527511597, 0.07189004123210907, 0.17420491576194763, 1.3006879091262817, 0.8719655871391296, 0.8777672052383423, 0.8777672052383423, 0.6403780579566956, '02:16']
[18, 0.46963176131248474, 0.44642922282218933, 0.9901111125946045, 0.09341223537921906, 0.17560897767543793, 1.4838917255401611, 0.843286395072937, 0.8480526804924011, 0.8480526804924011, 1.5513930320739746, '02:17']
[19, 0.4659959673881531, 0.454306423664093, 0.9931451678276062, 0.08346465975046158, 0.17404380440711975, 1.218812108039856, 0.8659251928329468, 0.8716780543327332, 0.8716780543327332, 0.4584049880504608, '02:21']
[20, 0.4615309536457062, 0.44973739981651306, 0.9933018088340759, 0.08735194802284241, 0.17386582493782043, 1.2150321006774902, 0.8474475741386414, 0.8583844304084778, 0.8583844304084778, 0.4610752463340759, '02:19']
[21, 0.45770031213760376, 0.454327791929245, 0.990920901298523, 0.08348889648914337, 0.1751229166984558, 1.3866370916366577, 0.8572941422462463, 0.8626144528388977, 0.8626144528388977, 1.10017728805542, '02:16']
[22, 0.47261887788772583, 0.45762819051742554, 0.9884828925132751, 0.08107539266347885, 0.1764138638973236, 1.5347447395324707, 0.8606611490249634, 0.8660203218460083, 0.8660203218460083, 1.9546138048171997, '02:17']
[23, 0.4518643021583557, 0.4463993012905121, 0.9904468059539795, 0.09382020682096481, 0.17537705600261688, 1.4330930709838867, 0.8408834338188171, 0.8441969752311707, 0.8441969752311707, 1.303238034248352, '02:16']
[24, 0.4572572410106659, 0.4393429160118103, 0.9905214309692383, 0.10351952910423279, 0.1754213124513626, 1.456185221672058, 0.8313709497451782, 0.8344356417655945, 0.8344356417655945, 1.4800264835357666, '02:16']
[25, 0.4618884027004242, 0.44126713275909424, 0.9869429469108582, 0.10463940352201462, 0.1773512214422226, 1.5761467218399048, 0.8143947720527649, 0.8265740871429443, 0.8265740871429443, 2.2980105876922607, '02:16']
[26, 0.4526642858982086, 0.43620026111602783, 0.9923075437545776, 0.1054525300860405, 0.1744890809059143, 1.3246124982833862, 0.8271464109420776, 0.8312439322471619, 0.8312439322471619, 0.7936310768127441, '02:16']
[27, 0.4486345946788788, 0.448867529630661, 0.9920825958251953, 0.08800787478685379, 0.1745259016752243, 1.2791236639022827, 0.8495234847068787, 0.855028510093689, 0.855028510093689, 0.6975997090339661, '02:17']
[28, 0.4521609842777252, 0.47961151599884033, 0.9739440083503723, 0.08158182352781296, 0.18418346345424652, 1.7783745527267456, 0.820480227470398, 0.859049916267395, 0.859049916267395, 6.098230838775635, '02:17']
[29, 0.45575395226478577, 0.46335119009017944, 0.9935266971588135, 0.06931749731302261, 0.17372679710388184, 1.1513887643814087, 0.8744614720344543, 0.8869669437408447, 0.8869669437408447, 0.2922741174697876, '02:20']
[30, 0.4543493986129761, 0.43698257207870483, 0.9875304698944092, 0.11084483563899994, 0.17708206176757812, 1.5462909936904907, 0.8045054078102112, 0.81659996509552, 0.81659996509552, 2.0525217056274414, '02:19']
[31, 0.45442935824394226, 0.43460220098495483, 0.9894126653671265, 0.11064829677343369, 0.17604829370975494, 1.4934210777282715, 0.8195492625236511, 0.8270795941352844, 0.8270795941352844, 1.7311762571334839, '02:17']
[32, 0.44576624035835266, 0.4393073320388794, 0.9856566190719604, 0.10754822194576263, 0.17798064649105072, 1.626037836074829, 0.8007359504699707, 0.8191148638725281, 0.8191148638725281, 2.8671815395355225, '02:16']
[33, 0.45004382729530334, 0.43640053272247314, 0.9917793273925781, 0.10646592080593109, 0.17475107312202454, 1.3455032110214233, 0.8210895657539368, 0.8266743421554565, 0.8266743421554565, 0.9034074544906616, '02:16']
[34, 0.4573115110397339, 0.44078829884529114, 0.9869847297668457, 0.10575602948665619, 0.17729246616363525, 1.5661354064941406, 0.8194093704223633, 0.8305935263633728, 0.8305935263633728, 2.3880057334899902, '02:18']
[35, 0.44148948788642883, 0.4389142096042633, 0.9893429279327393, 0.10559544712305069, 0.1760266125202179, 1.487056016921997, 0.8177493810653687, 0.8249984383583069, 0.8249984383583069, 1.7154591083526611, '02:16']
[36, 0.44811487197875977, 0.4310598373413086, 0.9922254681587219, 0.11197404563426971, 0.17454202473163605, 1.319899320602417, 0.8131431341171265, 0.8188852071762085, 0.8188852071762085, 0.8135467767715454, '02:16']
[37, 0.4413505494594574, 0.4317474961280823, 0.98842853307724, 0.1162034124135971, 0.1766202598810196, 1.5417078733444214, 0.7994685173034668, 0.8101158738136292, 0.8101158738136292, 2.048487424850464, '02:18']
[38, 0.4415378272533417, 0.4330405294895172, 0.9914199709892273, 0.11190225183963776, 0.17506560683250427, 1.3803837299346924, 0.8198443651199341, 0.824103832244873, 0.824103832244873, 1.0665074586868286, '02:19']
[39, 0.4544144868850708, 0.43882811069488525, 0.9865054488182068, 0.10653436928987503, 0.17760786414146423, 1.6037218570709229, 0.8082532286643982, 0.8237407207489014, 0.8237407207489014, 2.6336560249328613, '02:22']
[40, 0.43884116411209106, 0.44652971625328064, 0.9855795502662659, 0.10021224617958069, 0.1780119687318802, 1.6105163097381592, 0.815310537815094, 0.8310246467590332, 0.8310246467590332, 2.668595314025879, '02:20']
[41, 0.44434940814971924, 0.442515105009079, 0.992073655128479, 0.09873586893081665, 0.17459209263324738, 1.288161039352417, 0.8335772156715393, 0.8405797481536865, 0.8405797481536865, 0.7560238242149353, '02:19']
[42, 0.45057031512260437, 0.4297806918621063, 0.9903445243835449, 0.11473347246646881, 0.17557954788208008, 1.4482500553131104, 0.8078956007957458, 0.814967155456543, 0.814967155456543, 1.4163190126419067, '02:18']
[43, 0.44388166069984436, 0.4333670139312744, 0.9921973347663879, 0.10898824036121368, 0.1745312660932541, 1.3112125396728516, 0.8162853717803955, 0.8215047121047974, 0.8215047121047974, 0.7771645784378052, '02:18']
[44, 0.44484302401542664, 0.45176178216934204, 0.9936643242835999, 0.08506297320127487, 0.17363578081130981, 1.1379225254058838, 0.8402084112167358, 0.860843300819397, 0.860843300819397, 0.3054634630680084, '02:17']
[45, 0.4438299536705017, 0.4852750897407532, 0.9720231890678406, 0.07413913309574127, 0.18471737205982208, 1.769413709640503, 0.8343058824539185, 0.8694865107536316, 0.8694865107536316, 6.034550189971924, '02:17']
[46, 0.4337307810783386, 0.4287429749965668, 0.9885674715042114, 0.11952880769968033, 0.17663581669330597, 1.4935157299041748, 0.7925167679786682, 0.8050041198730469, 0.8050041198730469, 1.7984826564788818, '02:18']
[47, 0.4468195140361786, 0.4250378906726837, 0.9920748472213745, 0.1206846758723259, 0.17466342449188232, 1.3511532545089722, 0.8067732453346252, 0.8096193671226501, 0.8096193671226501, 0.92703777551651, '02:18']
[48, 0.44499480724334717, 0.4245930314064026, 0.993043065071106, 0.12105343490839005, 0.17412671446800232, 1.2450501918792725, 0.7985833287239075, 0.8086178302764893, 0.8086178302764893, 0.6312185525894165, '02:21']
[49, 0.44937098026275635, 0.5218034982681274, 0.9636278748512268, 0.06287900358438492, 0.1893245428800583, 1.8346290588378906, 0.8457500338554382, 0.8872655034065247, 0.8872655034065247, 8.866456031799316, '02:20']
[50, 0.44092902541160583, 0.42282864451408386, 0.9904744029045105, 0.12410801649093628, 0.1755528450012207, 1.4329326152801514, 0.7969777584075928, 0.8027758002281189, 0.8027758002281189, 1.3966618776321411, '02:17']
[51, 0.4444023668766022, 0.4214226305484772, 0.9926825761795044, 0.12415758520364761, 0.17432841658592224, 1.3132555484771729, 0.7969781160354614, 0.8024207949638367, 0.8024207949638367, 0.7905070185661316, '02:18']
[52, 0.4476253092288971, 0.4363062381744385, 0.986695408821106, 0.11228976398706436, 0.17759157717227936, 1.595579981803894, 0.7968277931213379, 0.8133829236030579, 0.8133829236030579, 2.4603426456451416, '02:18']
[53, 0.43949276208877563, 0.42846566438674927, 0.9909318089485168, 0.11615686863660812, 0.17530646920204163, 1.388648509979248, 0.8040372729301453, 0.8135387897491455, 0.8135387897491455, 1.1930102109909058, '02:19']
[54, 0.4364023506641388, 0.442581444978714, 0.9832263588905334, 0.10940225422382355, 0.17942796647548676, 1.6815489530563354, 0.788058876991272, 0.8160054087638855, 0.8160054087638855, 3.6280272006988525, '02:18']
[55, 0.4475633203983307, 0.4343498647212982, 0.9919858574867249, 0.10835038125514984, 0.17466558516025543, 1.3518234491348267, 0.8220095038414001, 0.8264482617378235, 0.8264482617378235, 0.9234172701835632, '02:18']
[56, 0.44057050347328186, 0.42897477746009827, 0.9900773167610168, 0.11601587384939194, 0.17575810849666595, 1.4679343700408936, 0.8073822855949402, 0.8133448958396912, 0.8133448958396912, 1.4950664043426514, '02:18']
[57, 0.4439086616039276, 0.4439815878868103, 0.9820844531059265, 0.10725992918014526, 0.18005360662937164, 1.7018225193023682, 0.7903602123260498, 0.8202606439590454, 0.8202606439590454, 3.979586362838745, '02:19']
[58, 0.4371607005596161, 0.4208192527294159, 0.9920504689216614, 0.1265639364719391, 0.174727663397789, 1.3354926109313965, 0.794746994972229, 0.800231397151947, 0.800231397151947, 0.9040130376815796, '02:22']
[59, 0.4303775727748871, 0.43811970949172974, 0.9935269951820374, 0.10297850519418716, 0.1738039255142212, 1.1831480264663696, 0.8234173059463501, 0.8357117772102356, 0.8357117772102356, 0.40791550278663635, '02:22']
[60, 0.4324337840080261, 0.41144615411758423, 0.9920146465301514, 0.13730864226818085, 0.17475366592407227, 1.3708648681640625, 0.7763779759407043, 0.7805141806602478, 0.7805141806602478, 1.0076584815979004, '02:17']
[61, 0.4483816921710968, 0.4530963599681854, 0.9799968004226685, 0.09680836647748947, 0.18083488941192627, 1.7117879390716553, 0.8060224652290344, 0.8352424502372742, 0.8352424502372742, 4.528258800506592, '02:18']
[62, 0.43875575065612793, 0.4189496338367462, 0.9908297061920166, 0.1283831000328064, 0.17537248134613037, 1.4235013723373413, 0.7884669899940491, 0.7945284247398376, 0.7945284247398376, 1.304606318473816, '02:18']
[63, 0.43759840726852417, 0.42295771837234497, 0.9898232817649841, 0.12570615112781525, 0.1760251671075821, 1.4710572957992554, 0.7924927473068237, 0.8008414506912231, 0.8008415699005127, 1.574445128440857, '02:18']
[64, 0.4373125433921814, 0.4169353246688843, 0.99117511510849, 0.13085836172103882, 0.17516681551933289, 1.4213783740997314, 0.7865172624588013, 0.7912413477897644, 0.7912413477897644, 1.2630537748336792, '02:17']
[65, 0.4367820620536804, 0.4210386574268341, 0.9879834055900574, 0.12850062549114227, 0.17697103321552277, 1.5628955364227295, 0.7752001881599426, 0.7896133065223694, 0.7896133065223694, 2.1950533390045166, '02:18']
[66, 0.4280118942260742, 0.4175700843334198, 0.9900690317153931, 0.13051368296146393, 0.17584088444709778, 1.4774645566940308, 0.7796764373779297, 0.7880615592002869, 0.7880615592002869, 1.5650743246078491, '02:20']
[67, 0.4417949318885803, 0.429434597492218, 0.9926838278770447, 0.11455155909061432, 0.1743268221616745, 1.252424955368042, 0.8097979426383972, 0.819316029548645, 0.819316029548645, 0.6867201924324036, '02:24']
[68, 0.4357144236564636, 0.4224570393562317, 0.9885362982749939, 0.12636113166809082, 0.17662888765335083, 1.5451115369796753, 0.7782962918281555, 0.7915402054786682, 0.7915402054786682, 2.091301679611206, '02:21']
[69, 0.42920592427253723, 0.4325692653656006, 0.9935747981071472, 0.10971636325120926, 0.1737341433763504, 1.1764607429504395, 0.8032284379005432, 0.8208375573158264, 0.8208375573158264, 0.4078529179096222, '02:18']
No improvement since epoch 60: early stopping
----------
1
----------
DLS create!
[0, 0.524977445602417, 0.5062485933303833, 0.9928764700889587, 0.006560140289366245, 0.18183214962482452, 1.3784689903259277, 0.9607040882110596, 0.9317610263824463, 0.9317610263824463, inf, '02:17']
[1, 0.5019317865371704, 0.494151771068573, 0.9851551651954651, 0.045918043702840805, 0.17850293219089508, 1.5919761657714844, 0.9290110468864441, 0.9053890109062195, 0.9053890109062195, inf, '02:19']
[2, 0.4924886226654053, 0.47405296564102173, 0.9845395684242249, 0.06735654175281525, 0.1779712438583374, 1.6198720932006836, 0.886161744594574, 0.8664932250976562, 0.8664932250976562, inf, '02:18']
[3, 0.4937795102596283, 0.47441911697387695, 0.9912259578704834, 0.0665067583322525, 0.17511452734470367, 1.4299477338790894, 0.8990941047668457, 0.8770262598991394, 0.8770262598991394, inf, '02:17']
[4, 0.4863436818122864, 0.4742075502872467, 0.9888917803764343, 0.06367550790309906, 0.17592169344425201, 1.5260791778564453, 0.8950640559196472, 0.8720306158065796, 0.8720306158065796, inf, '02:14']
[5, 0.48747801780700684, 0.465741366147995, 0.9889207482337952, 0.07712748646736145, 0.17612916231155396, 1.5313912630081177, 0.8790056705474854, 0.8580755591392517, 0.8580755591392517, inf, '02:19']
[6, 0.4797510504722595, 0.4671984016895294, 0.9912858009338379, 0.07027959078550339, 0.17458897829055786, 1.4386650323867798, 0.876312255859375, 0.855125367641449, 0.855125367641449, inf, '02:22']
[7, 0.47331899404525757, 0.46286046504974365, 0.9899283051490784, 0.07780133187770844, 0.17526432871818542, 1.5143920183181763, 0.8640070557594299, 0.8426955342292786, 0.8426955342292786, inf, '02:21']
[8, 0.46373045444488525, 0.4594429135322571, 0.9903371334075928, 0.07991641014814377, 0.17508921027183533, 1.488800287246704, 0.8623118996620178, 0.8402464985847473, 0.8402464985847473, inf, '02:18']
[9, 0.4690772593021393, 0.4817160665988922, 0.9798319935798645, 0.06535281985998154, 0.18061652779579163, 1.7176944017410278, 0.8730425834655762, 0.8618491888046265, 0.8618491888046265, inf, '02:17']
[10, 0.4668179750442505, 0.4581671357154846, 0.983855128288269, 0.08882620185613632, 0.1786089390516281, 1.681104302406311, 0.8354727625846863, 0.8267240524291992, 0.8267240524291992, inf, '02:18']
[11, 0.4687666594982147, 0.4512890875339508, 0.9915841221809387, 0.08895400911569595, 0.17451515793800354, 1.4283488988876343, 0.8440189957618713, 0.8244579434394836, 0.8244579434394836, inf, '02:17']
[12, 0.4672245979309082, 0.46640029549598694, 0.9859340786933899, 0.07506220787763596, 0.17735256254673004, 1.6351677179336548, 0.8661925792694092, 0.84593665599823, 0.8459365367889404, inf, '02:18']
[13, 0.45555567741394043, 0.4395536482334137, 0.9912078976631165, 0.10511793196201324, 0.17473426461219788, 1.4560803174972534, 0.821245551109314, 0.7996751666069031, 0.7996751666069031, inf, '02:18']
[14, 0.4556155800819397, 0.4373542368412018, 0.9891688227653503, 0.11102163046598434, 0.17585071921348572, 1.5694283246994019, 0.8089698553085327, 0.7917366623878479, 0.7917366623878479, inf, '02:18']
[15, 0.4525829553604126, 0.49878886342048645, 0.9685759544372559, 0.06434802711009979, 0.1860801726579666, 1.813223123550415, 0.8567525148391724, 0.8571566343307495, 0.8571566343307495, inf, '02:19']
[16, 0.45202919840812683, 0.44401198625564575, 0.9921969175338745, 0.09856448322534561, 0.17421209812164307, 1.3790614604949951, 0.8306305408477783, 0.8114054203033447, 0.8114054203033447, inf, '02:22']
[17, 0.45940840244293213, 0.4432651102542877, 0.9914163947105408, 0.10028906911611557, 0.17468006908893585, 1.434160590171814, 0.8328554034233093, 0.8126988410949707, 0.8126988410949707, inf, '02:21']
[18, 0.4582240581512451, 0.43716108798980713, 0.9888718128204346, 0.10770075023174286, 0.17595088481903076, 1.5767654180526733, 0.810562252998352, 0.7943971157073975, 0.7943971157073975, inf, '02:18']
[19, 0.45445412397384644, 0.431986540555954, 0.9904477000236511, 0.11612852662801743, 0.17515993118286133, 1.5056086778640747, 0.8086948990821838, 0.7880180478096008, 0.7880180478096008, inf, '02:18']
[20, 0.45614519715309143, 0.4407334327697754, 0.9907090663909912, 0.10274092108011246, 0.17510461807250977, 1.4281606674194336, 0.8236114978790283, 0.8037002086639404, 0.8037002086639404, inf, '02:18']
[21, 0.4598504900932312, 0.4263039827346802, 0.9898375272750854, 0.1222756877541542, 0.17566171288490295, 1.5398017168045044, 0.7956179976463318, 0.7785499691963196, 0.7785499691963196, inf, '02:18']
[22, 0.45319825410842896, 0.4251594841480255, 0.9904941916465759, 0.123630590736866, 0.17540714144706726, 1.463193416595459, 0.7971978783607483, 0.7760355472564697, 0.7760355472564697, inf, '02:18']
[23, 0.4431934952735901, 0.42695683240890503, 0.9902431964874268, 0.12128821760416031, 0.17538033425807953, 1.5202076435089111, 0.7999516725540161, 0.779770016670227, 0.779770016670227, inf, '02:16']
[24, 0.4464985728263855, 0.4223456382751465, 0.9906255006790161, 0.1275281459093094, 0.17518934607505798, 1.5041468143463135, 0.7880608439445496, 0.7689844369888306, 0.7689844369888306, inf, '02:21']
[25, 0.44861313700675964, 0.4281812310218811, 0.9885267615318298, 0.11885141581296921, 0.1763017773628235, 1.595632791519165, 0.7902693748474121, 0.7756248712539673, 0.7756248712539673, inf, '02:22']
[26, 0.45070114731788635, 0.4179132282733917, 0.9919355511665344, 0.1330152302980423, 0.17448091506958008, 1.428557276725769, 0.7855647802352905, 0.7650394439697266, 0.7650394439697266, inf, '02:22']
[27, 0.4399620294570923, 0.436871737241745, 0.9858953952789307, 0.11281032115221024, 0.1777273565530777, 1.6617833375930786, 0.7969270348548889, 0.7874742150306702, 0.7874742150306702, inf, '02:18']
[28, 0.4415319859981537, 0.4296066164970398, 0.9899285435676575, 0.11815439164638519, 0.17553798854351044, 1.5387887954711914, 0.7943735718727112, 0.7774468660354614, 0.7774468660354614, inf, '02:17']
[29, 0.4558382034301758, 0.42356181144714355, 0.9906684160232544, 0.12509915232658386, 0.1751936674118042, 1.4807089567184448, 0.792513906955719, 0.7723579406738281, 0.7723579406738281, inf, '02:18']
[30, 0.44717952609062195, 0.4599137306213379, 0.9803907871246338, 0.09284219145774841, 0.18055342137813568, 1.7514652013778687, 0.8151074647903442, 0.8130426406860352, 0.8130426406860352, inf, '02:18']
[31, 0.4496622383594513, 0.44624292850494385, 0.9898380041122437, 0.09614955633878708, 0.17543847858905792, 1.5108211040496826, 0.834165096282959, 0.8134753704071045, 0.8134753704071045, inf, '02:17']
[32, 0.45077720284461975, 0.46736571192741394, 0.9826875329017639, 0.07941675186157227, 0.17909649014472961, 1.7114081382751465, 0.8453258275985718, 0.8336263298988342, 0.8336263298988342, inf, '02:17']
[33, 0.4479354918003082, 0.43361371755599976, 0.9877868294715881, 0.11276254057884216, 0.1765405237674713, 1.617911696434021, 0.7977290153503418, 0.7855778932571411, 0.7855778932571411, inf, '02:19']
[34, 0.44844457507133484, 0.4242071807384491, 0.9912351965904236, 0.12225127220153809, 0.17482192814350128, 1.4615651369094849, 0.7918636798858643, 0.7733516097068787, 0.7733516097068787, inf, '02:18']
[35, 0.44729143381118774, 0.4509549140930176, 0.982613205909729, 0.10224834084510803, 0.17944443225860596, 1.7225528955459595, 0.8014342188835144, 0.797909677028656, 0.797909677028656, inf, '02:21']
No improvement since epoch 26: early stopping
----------
2
----------
DLS create!
[0, 0.5254001021385193, 0.5261979103088379, 0.9871934056282043, 0.020802203565835953, 0.1920354664325714, 1.4477081298828125, 0.9654780030250549, 0.9688282012939453, 0.9688282012939453, 2.9978976249694824, '02:20']
[1, 0.5048376321792603, 0.51594078540802, 0.965217113494873, 0.028178485110402107, 0.1849118024110794, 1.6405783891677856, 0.9510166049003601, 0.954159140586853, 0.954159140586853, 14.186664581298828, '02:17']
[2, 0.49317216873168945, 0.49469345808029175, 0.9865882992744446, 0.041021671146154404, 0.1762028932571411, 1.4871139526367188, 0.9320055246353149, 0.9359026551246643, 0.9359026551246643, 3.5483717918395996, '02:18']
[3, 0.49548405408859253, 0.4981219172477722, 0.9832922220230103, 0.04255695641040802, 0.1787879914045334, 1.6025701761245728, 0.9308659434318542, 0.937746524810791, 0.937746524810791, 5.02592658996582, '02:17']
[4, 0.49329763650894165, 0.5067878365516663, 0.981124758720398, 0.036971308290958405, 0.17905963957309723, 1.6023873090744019, 0.9349457025527954, 0.9405739307403564, 0.9405739307403564, 6.384401321411133, '02:18']
[5, 0.49379801750183105, 0.5202029943466187, 0.9720016121864319, 0.036500442773103714, 0.18334898352622986, 1.701310634613037, 0.9286260008811951, 0.9400792121887207, 0.9400792121887207, 10.873971939086914, '02:17']
[6, 0.49248403310775757, 0.4905363917350769, 0.9856901168823242, 0.050943974405527115, 0.17714616656303406, 1.5469239950180054, 0.9140457510948181, 0.9218581318855286, 0.9218581318855286, 4.025404453277588, '02:18']
[7, 0.48645463585853577, 0.4888852834701538, 0.9834728240966797, 0.050023093819618225, 0.17789705097675323, 1.6048290729522705, 0.9085407257080078, 0.9179286360740662, 0.9179286360740662, 5.2037763595581055, '02:18']
[8, 0.4816628396511078, 0.49101078510284424, 0.982968807220459, 0.04943103715777397, 0.1785789281129837, 1.6532769203186035, 0.9064700603485107, 0.9164422154426575, 0.9164423942565918, 5.13156795501709, '02:19']
[9, 0.4829162061214447, 0.481413334608078, 0.9887349009513855, 0.05549948662519455, 0.17559298872947693, 1.4787192344665527, 0.9055697917938232, 0.9108779430389404, 0.9108779430389404, 2.376321792602539, '02:22']
[10, 0.4824989438056946, 0.4844090938568115, 0.9866141676902771, 0.053014256060123444, 0.1766417771577835, 1.565482497215271, 0.9060755968093872, 0.9128490090370178, 0.9128490090370178, 3.396009922027588, '02:21']
[11, 0.4839266836643219, 0.4814080595970154, 0.9878406524658203, 0.056568946689367294, 0.17614178359508514, 1.5210379362106323, 0.9032976031303406, 0.9109823107719421, 0.9109821319580078, 2.8077809810638428, '02:17']
[12, 0.48308438062667847, 0.48505014181137085, 0.9829312562942505, 0.05597483366727829, 0.17853590846061707, 1.6435908079147339, 0.8960368037223816, 0.9077587127685547, 0.9077587127685547, 5.544480323791504, '02:14']
[13, 0.47158166766166687, 0.4807907044887543, 0.9874103665351868, 0.05809803307056427, 0.17622627317905426, 1.5401082038879395, 0.8988415598869324, 0.9061156511306763, 0.9061156511306763, 3.037735939025879, '02:16']
[14, 0.4789960980415344, 0.47864070534706116, 0.9863332509994507, 0.060548875480890274, 0.17681747674942017, 1.5839918851852417, 0.8904457688331604, 0.8991102576255798, 0.8991102576255798, 3.654843330383301, '02:17']
[15, 0.47587209939956665, 0.513276219367981, 0.9698143601417542, 0.040009789168834686, 0.1849004179239273, 1.7665528059005737, 0.9182565212249756, 0.9325177669525146, 0.9325177669525146, 12.530799865722656, '02:17']
[16, 0.47059696912765503, 0.4809165596961975, 0.9844919443130493, 0.05967539921402931, 0.17780157923698425, 1.6146029233932495, 0.8913848400115967, 0.901151180267334, 0.901151180267334, 4.016967296600342, '02:18']
[17, 0.4778275191783905, 0.476998507976532, 0.9845734238624573, 0.06648319214582443, 0.17771656811237335, 1.6185827255249023, 0.880009651184082, 0.8918070197105408, 0.8918070197105408, 4.533967971801758, '02:17']
[18, 0.466526061296463, 0.47485461831092834, 0.9911107420921326, 0.06259394437074661, 0.17440901696681976, 1.3582719564437866, 0.8915075063705444, 0.8979887366294861, 0.8979887366294861, 1.1565585136413574, '02:21']
[19, 0.46641087532043457, 0.4896928071975708, 0.9925859570503235, 0.04584725201129913, 0.17359809577465057, 1.143437385559082, 0.9160805344581604, 0.9286664128303528, 0.9286664128303528, 0.27496519684791565, '02:21']
[20, 0.45563483238220215, 0.46560806035995483, 0.9892515540122986, 0.07802114635705948, 0.17542961239814758, 1.482099175453186, 0.8584777116775513, 0.8667764067649841, 0.8667764067649841, 2.0660603046417236, '02:18']
[21, 0.46212777495384216, 0.4693399667739868, 0.9915909171104431, 0.06979340314865112, 0.17427748441696167, 1.314311146736145, 0.8824140429496765, 0.8899263739585876, 0.8899263739585876, 0.8065168261528015, '02:17']
[22, 0.46119216084480286, 0.46503615379333496, 0.9892950057983398, 0.07761611044406891, 0.17542219161987305, 1.4704786539077759, 0.8665305972099304, 0.8749530911445618, 0.8749530911445618, 1.783878207206726, '02:17']
[23, 0.45436325669288635, 0.47119763493537903, 0.98442542552948, 0.07341638952493668, 0.17798449099063873, 1.6464070081710815, 0.8615707159042358, 0.8768126964569092, 0.8768126964569092, 4.424776077270508, '02:18']
[24, 0.4634443521499634, 0.46731123328208923, 0.9894744753837585, 0.07323312759399414, 0.1752307116985321, 1.4726285934448242, 0.8700718879699707, 0.8789178729057312, 0.8789179921150208, 2.0710947513580322, '02:17']
[25, 0.4615713953971863, 0.4699598550796509, 0.991611897945404, 0.07181929796934128, 0.174221009016037, 1.3009945154190063, 0.8854854702949524, 0.8915082812309265, 0.8915082812309265, 0.8469144105911255, '02:17']
[26, 0.4596584141254425, 0.4566616117954254, 0.9888832569122314, 0.08869113773107529, 0.17568086087703705, 1.4732767343521118, 0.848134458065033, 0.8558010458946228, 0.8558010458946228, 1.888808250427246, '02:19']
[27, 0.4523039162158966, 0.4805138409137726, 0.9800615906715393, 0.06760052591562271, 0.18005868792533875, 1.715388536453247, 0.8601195812225342, 0.8832609057426453, 0.8832608461380005, 7.397283554077148, '02:20']
[28, 0.46367332339286804, 0.4610738158226013, 0.9870628118515015, 0.08365515619516373, 0.1767055243253708, 1.5514581203460693, 0.853899359703064, 0.8677093386650085, 0.8677093386650085, 2.896968364715576, '02:21']
[29, 0.4501793086528778, 0.46142303943634033, 0.9896631836891174, 0.08070942014455795, 0.1752171367406845, 1.4890644550323486, 0.8560596704483032, 0.863682746887207, 0.863682746887207, 1.8590561151504517, '02:18']
[30, 0.4532483220100403, 0.4573614299297333, 0.9901552200317383, 0.08487452566623688, 0.1749718189239502, 1.4226945638656616, 0.8512004017829895, 0.861812174320221, 0.8618122935295105, 1.802963137626648, '02:17']
[31, 0.4526156783103943, 0.4574325680732727, 0.9885692000389099, 0.0842042788863182, 0.17578153312206268, 1.510840654373169, 0.850858747959137, 0.8607791662216187, 0.8607791662216187, 2.4455158710479736, '02:19']
[32, 0.4497368037700653, 0.47033265233039856, 0.9858108162879944, 0.07148706912994385, 0.17726092040538788, 1.600297212600708, 0.8663079142570496, 0.8797096014022827, 0.8797096014022827, 4.013534069061279, '02:18']
[33, 0.4488360285758972, 0.45799699425697327, 0.9905656576156616, 0.08433471620082855, 0.17481526732444763, 1.4006587266921997, 0.8549696803092957, 0.8623353838920593, 0.8623353838920593, 1.3476008176803589, '02:18']
[34, 0.44446441531181335, 0.468751460313797, 0.9820254445075989, 0.07961200922727585, 0.17924946546554565, 1.6844226121902466, 0.8392424583435059, 0.8649851679801941, 0.8649851679801941, 5.691868305206299, '02:18']
[35, 0.4460643529891968, 0.45775243639945984, 0.9863165020942688, 0.08766071498394012, 0.1770215481519699, 1.6010186672210693, 0.835466742515564, 0.8532193303108215, 0.8532193303108215, 3.3109893798828125, '02:19']
No improvement since epoch 26: early stopping
----------
3
----------
DLS create!
[0, 0.520531177520752, 0.505707323551178, 0.9827668070793152, 0.04127534106373787, 0.1821112483739853, 1.4948070049285889, 0.9490170478820801, 0.9535844922065735, 0.9535844922065735, 3.585289478302002, '02:22']
[1, 0.4986124038696289, 0.4909471273422241, 0.9810158610343933, 0.050523918122053146, 0.17925043404102325, 1.5691715478897095, 0.9167279601097107, 0.9233200550079346, 0.9233200550079346, 4.152446269989014, '02:22']
[2, 0.494266152381897, 0.4898310899734497, 0.9883170127868652, 0.0458943173289299, 0.17596913874149323, 1.437369704246521, 0.9293540120124817, 0.9287447333335876, 0.9287447333335876, 1.6886546611785889, '02:18']
[3, 0.48828089237213135, 0.500917911529541, 0.9822943210601807, 0.04296054318547249, 0.179779514670372, 1.5785150527954102, 0.9369270205497742, 0.9398320913314819, 0.9398320913314819, 3.3457188606262207, '02:18']
[4, 0.4833903908729553, 0.48062747716903687, 0.9860292077064514, 0.058929573744535446, 0.17711560428142548, 1.5465073585510254, 0.899262011051178, 0.9028189182281494, 0.9028189182281494, 2.4527084827423096, '02:18']
[5, 0.48875272274017334, 0.4850112795829773, 0.9821041226387024, 0.057976134121418, 0.17898029088974, 1.6114938259124756, 0.8936980962753296, 0.9050882458686829, 0.9050882458686829, 4.132168769836426, '02:18']
[6, 0.4766211211681366, 0.47061386704444885, 0.9900014996528625, 0.07157532125711441, 0.17497976124286652, 1.385680913925171, 0.8840645551681519, 0.8858504891395569, 0.8858504891395569, 1.1742634773254395, '02:19']
[7, 0.47268417477607727, 0.4744311273097992, 0.9877455234527588, 0.06730043888092041, 0.1760554164648056, 1.484314203262329, 0.886235237121582, 0.8897078037261963, 0.8897079229354858, 2.073880672454834, '02:18']
[8, 0.46783944964408875, 0.5480698347091675, 0.9550607800483704, 0.038434065878391266, 0.19248753786087036, 1.8254551887512207, 0.9059364795684814, 0.9298760294914246, 0.9298760294914246, 14.259615898132324, '02:18']
[9, 0.45829302072525024, 0.4608147442340851, 0.9914392232894897, 0.08312356472015381, 0.17419138550758362, 1.2774361371994019, 0.8622910976409912, 0.8682523965835571, 0.8682523965835571, 0.666638970375061, '02:19']
[10, 0.45971035957336426, 0.5036800503730774, 0.9732591509819031, 0.05187078192830086, 0.18310658633708954, 1.680789828300476, 0.8870747685432434, 0.9075031280517578, 0.9075031280517578, 6.103014945983887, '02:22']
[11, 0.45942941308021545, 0.46688541769981384, 0.9910709857940674, 0.07556530833244324, 0.1743278205394745, 1.2278600931167603, 0.8638607263565063, 0.8755271434783936, 0.8755271434783936, 0.5587792992591858, '02:21']
[12, 0.4605593681335449, 0.468893826007843, 0.9869925379753113, 0.07399406284093857, 0.1764482706785202, 1.4769585132598877, 0.8696473240852356, 0.8778217434883118, 0.8778217434883118, 1.9007925987243652, '02:18']
[13, 0.44712644815444946, 0.464927613735199, 0.9885005354881287, 0.07817995548248291, 0.1757165640592575, 1.4505518674850464, 0.8613590002059937, 0.8683671355247498, 0.8683671355247498, 1.5240346193313599, '02:18']
[14, 0.4503144323825836, 0.5583768486976624, 0.9504017233848572, 0.03731294348835945, 0.19457606971263885, 1.8354359865188599, 0.8998768925666809, 0.9299614429473877, 0.9299614429473877, 11.05899429321289, '02:18']
[15, 0.44704046845436096, 0.4578760862350464, 0.9873406291007996, 0.08772408217191696, 0.17645332217216492, 1.509112000465393, 0.8471222519874573, 0.8560190796852112, 0.8560189604759216, 1.9249236583709717, '02:18']
[16, 0.454586923122406, 0.461577445268631, 0.9894071221351624, 0.08157166838645935, 0.17530576884746552, 1.3597325086593628, 0.8601416945457458, 0.8666408658027649, 0.8666408658027649, 1.0492056608200073, '02:18']
[17, 0.4487808346748352, 0.46553152799606323, 0.9886026382446289, 0.08017630130052567, 0.17576803267002106, 1.3649717569351196, 0.8655292987823486, 0.8731839656829834, 0.8731839656829834, 1.2526881694793701, '02:18']
[18, 0.44971412420272827, 0.46071773767471313, 0.9864037036895752, 0.0841861218214035, 0.17679232358932495, 1.5166312456130981, 0.8488993048667908, 0.8594271540641785, 0.8594271540641785, 2.23542857170105, '02:18']
[19, 0.44570475816726685, 0.4518907368183136, 0.9895201921463013, 0.09399940818548203, 0.1753157079219818, 1.3853530883789062, 0.840916633605957, 0.8494235873222351, 0.8494235873222351, 1.211084008216858, '02:22']
[20, 0.4402371346950531, 0.455152690410614, 0.9884973764419556, 0.09054118394851685, 0.17569847404956818, 1.422011375427246, 0.8411109447479248, 0.8486426472663879, 0.8486426472663879, 1.4549909830093384, '02:22']
[21, 0.45165181159973145, 0.45778918266296387, 0.987791121006012, 0.08775277435779572, 0.17612865567207336, 1.4674113988876343, 0.846561849117279, 0.8548235893249512, 0.8548235893249512, 1.6887613534927368, '02:19']
[22, 0.4420168995857239, 0.46263760328292847, 0.9899876713752747, 0.07984595000743866, 0.1749451607465744, 1.32596755027771, 0.8558120727539062, 0.8656013011932373, 0.8656013011932373, 0.927301287651062, '02:18']
[23, 0.4409410059452057, 0.4681619703769684, 0.9886968731880188, 0.07496853917837143, 0.17558255791664124, 1.4264001846313477, 0.8693796396255493, 0.8742972016334534, 0.8742972016334534, 1.7868266105651855, '02:17']
[24, 0.4557204246520996, 0.45998889207839966, 0.9872863292694092, 0.0831633061170578, 0.17631609737873077, 1.5040255784988403, 0.8498843908309937, 0.8595151901245117, 0.8595151901245117, 2.136620044708252, '02:19']
[25, 0.4407427906990051, 0.45859575271606445, 0.9873612523078918, 0.08644966781139374, 0.17633216083049774, 1.491430401802063, 0.8420007824897766, 0.8533868789672852, 0.8533868789672852, 1.930911898612976, '02:18']
[26, 0.4500466585159302, 0.46696576476097107, 0.9850106239318848, 0.08226093649864197, 0.1775447130203247, 1.5340490341186523, 0.8423464894294739, 0.8581300973892212, 0.8581300973892212, 2.4869585037231445, '02:18']
[27, 0.4478903114795685, 0.46853893995285034, 0.9841576814651489, 0.07909369468688965, 0.1778939664363861, 1.5467934608459473, 0.8485243916511536, 0.8638787865638733, 0.8638787865638733, 2.788642644882202, '02:20']
[28, 0.443901389837265, 0.46028631925582886, 0.9873024821281433, 0.08432219922542572, 0.17642982304096222, 1.46770179271698, 0.8460257053375244, 0.8574872016906738, 0.8574872016906738, 1.7341837882995605, '02:22']
No improvement since epoch 19: early stopping
----------
4
----------
DLS create!
[0, 0.5144888758659363, 0.4979126751422882, 0.9787505865097046, 0.05483599752187729, 0.1813223958015442, 1.585042119026184, 0.9219628572463989, 0.9167621731758118, 0.9167621731758118, inf, '02:23']
[1, 0.49511051177978516, 0.4963882863521576, 0.9715768694877625, 0.05921125039458275, 0.18308189511299133, 1.682019829750061, 0.8947818279266357, 0.896423876285553, 0.896423876285553, inf, '02:21']
[2, 0.4967207908630371, 0.5008836388587952, 0.9883459806442261, 0.035243649035692215, 0.17508523166179657, 1.3124537467956543, 0.9413767457008362, 0.9329190850257874, 0.9329190850257874, inf, '02:18']
[3, 0.4910826086997986, 0.5054150819778442, 0.9694425463676453, 0.05170629173517227, 0.1847657561302185, 1.7067294120788574, 0.9054079651832581, 0.9065681099891663, 0.9065681099891663, inf, '02:19']
[4, 0.47927382588386536, 0.48499277234077454, 0.9822431802749634, 0.0671275183558464, 0.17791680991649628, 1.5612589120864868, 0.8874503374099731, 0.8802471160888672, 0.8802471160888672, inf, '02:19']
[5, 0.48089250922203064, 0.4991462528705597, 0.9903554320335388, 0.03925769776105881, 0.17368590831756592, 1.1293253898620605, 0.9207782745361328, 0.9252620935440063, 0.9252620935440063, inf, '02:17']
[6, 0.4752103090286255, 0.4881884455680847, 0.9898900389671326, 0.05547317862510681, 0.17398500442504883, 1.1844685077667236, 0.9022901654243469, 0.9025059342384338, 0.9025059342384338, inf, '02:18']
[7, 0.4765295386314392, 0.4754887521266937, 0.9898818135261536, 0.0738251581788063, 0.17408038675785065, 1.2158945798873901, 0.8797823786735535, 0.8791723847389221, 0.8791723847389221, inf, '02:17']
[8, 0.4655214846134186, 0.46889007091522217, 0.9887014627456665, 0.08147726953029633, 0.17463189363479614, 1.3284366130828857, 0.8659284114837646, 0.8616663813591003, 0.8616663813591003, inf, '02:19']
[9, 0.46234333515167236, 0.5239336490631104, 0.957215428352356, 0.05427795276045799, 0.19039036333560944, 1.7893028259277344, 0.878879189491272, 0.8944630026817322, 0.8944630026817322, inf, '02:21']
[10, 0.4650879204273224, 0.4527280032634735, 0.9864578247070312, 0.10250624269247055, 0.1759524941444397, 1.4574681520462036, 0.8309347033500671, 0.8275507688522339, 0.8275507688522339, inf, '02:21']
[11, 0.46518105268478394, 0.4652881324291229, 0.9815133213996887, 0.09088222682476044, 0.1785367727279663, 1.5916038751602173, 0.841131329536438, 0.8432343006134033, 0.8432343006134033, inf, '02:19']
[12, 0.4636227488517761, 0.45265766978263855, 0.9834463596343994, 0.10307624936103821, 0.17755821347236633, 1.5369526147842407, 0.8190137147903442, 0.8234065175056458, 0.8234065175056458, inf, '02:19']
[13, 0.4518737196922302, 0.4464578628540039, 0.9878348708152771, 0.11026648432016373, 0.17531460523605347, 1.4042654037475586, 0.8195710182189941, 0.8165907263755798, 0.8165907263755798, inf, '02:18']
[14, 0.4571389853954315, 0.45810696482658386, 0.9891790151596069, 0.09514003247022629, 0.1744670420885086, 1.2132724523544312, 0.8420765995979309, 0.8413026332855225, 0.8413026332855225, inf, '02:19']
[15, 0.4563682973384857, 0.4471902847290039, 0.9883772730827332, 0.10915182530879974, 0.1749233603477478, 1.3758230209350586, 0.8181432485580444, 0.8148829340934753, 0.8148829340934753, inf, '02:18']
[16, 0.4578132629394531, 0.4414158761501312, 0.9866002202033997, 0.117812380194664, 0.17600934207439423, 1.4446702003479004, 0.8051048517227173, 0.8040808439254761, 0.8040808439254761, inf, '02:15']
[17, 0.44851651787757874, 0.45046067237854004, 0.9893513917922974, 0.10457751154899597, 0.17435820400714874, 1.2786105871200562, 0.819778561592102, 0.8214796781539917, 0.8214796781539917, inf, '02:20']
[18, 0.4432861804962158, 0.4465612471103668, 0.9899471402168274, 0.11125613749027252, 0.17403869330883026, 1.2278265953063965, 0.8146210312843323, 0.8179702758789062, 0.8179702758789062, inf, '02:23']
[19, 0.4451134204864502, 0.4342546761035919, 0.9884970784187317, 0.12678323686122894, 0.17494623363018036, 1.3802369832992554, 0.7915432453155518, 0.7889997363090515, 0.7889997363090515, inf, '02:22']
[20, 0.45122671127319336, 0.43928733468055725, 0.987456202507019, 0.1175946444272995, 0.17546869814395905, 1.4223711490631104, 0.8028098940849304, 0.8028813600540161, 0.8028813600540161, inf, '02:18']
[21, 0.4595726728439331, 0.4413580596446991, 0.9851362705230713, 0.11814627051353455, 0.17665240168571472, 1.4945673942565918, 0.8073458075523376, 0.8083667755126953, 0.8083667755126953, inf, '02:19']
[22, 0.4286992847919464, 0.43330809473991394, 0.9872289896011353, 0.12876424193382263, 0.17564572393894196, 1.4412994384765625, 0.7834841012954712, 0.7837390899658203, 0.7837390899658203, inf, '02:18']
[23, 0.4379856288433075, 0.4480690658092499, 0.9887640476226807, 0.1089467704296112, 0.17481844127178192, 1.2655531167984009, 0.8216516971588135, 0.8201804161071777, 0.8201804161071777, inf, '02:18']
[24, 0.44472238421440125, 0.42999666929244995, 0.9858279228210449, 0.13176259398460388, 0.17647723853588104, 1.4917136430740356, 0.7800614833831787, 0.7830410003662109, 0.7830410003662109, inf, '02:18']
[25, 0.44423869252204895, 0.4567420780658722, 0.9834620356559753, 0.10116852074861526, 0.17774781584739685, 1.5426138639450073, 0.8263084888458252, 0.8269619345664978, 0.8269619345664978, inf, '02:18']
[26, 0.4451313316822052, 0.43315544724464417, 0.9874781966209412, 0.12767377495765686, 0.17544682323932648, 1.424909234046936, 0.792691707611084, 0.7899539470672607, 0.7899539470672607, inf, '02:18']
[27, 0.4320042133331299, 0.4360494911670685, 0.9888643026351929, 0.12198358029127121, 0.1748121976852417, 1.3260713815689087, 0.7989471554756165, 0.799498438835144, 0.799498438835144, inf, '02:19']
[28, 0.44575515389442444, 0.4288959205150604, 0.9892110824584961, 0.13456220924854279, 0.17457708716392517, 1.2807201147079468, 0.7846077680587769, 0.7846934199333191, 0.7846934199333191, inf, '02:22']
[29, 0.43223586678504944, 0.4358254671096802, 0.984859824180603, 0.1261531561613083, 0.17705923318862915, 1.5315665006637573, 0.7766823768615723, 0.7843458652496338, 0.7843458652496338, inf, '02:22']
[30, 0.4480402171611786, 0.4564324915409088, 0.9790695905685425, 0.1057567447423935, 0.18005843460559845, 1.6412359476089478, 0.7985424399375916, 0.8142951130867004, 0.8142951130867004, inf, '02:18']
[31, 0.43840116262435913, 0.4415143132209778, 0.9895734190940857, 0.11461791396141052, 0.17424750328063965, 1.2810131311416626, 0.8058583736419678, 0.8091511130332947, 0.8091511130332947, inf, '02:18']
[32, 0.4392636716365814, 0.4244091510772705, 0.9880027174949646, 0.13929635286331177, 0.17529278993606567, 1.3836500644683838, 0.7688091993331909, 0.7702822685241699, 0.7702822685241699, inf, '02:18']
[33, 0.4526091516017914, 0.43342727422714233, 0.9894980192184448, 0.12596860527992249, 0.17440204322338104, 1.3045676946640015, 0.7965072393417358, 0.7967542409896851, 0.7967542409896851, inf, '02:19']
[34, 0.4352208375930786, 0.4295817017555237, 0.9897469282150269, 0.13211041688919067, 0.17423494160175323, 1.2692116498947144, 0.7778596878051758, 0.7805112600326538, 0.7805112600326538, inf, '02:19']
[35, 0.4413125514984131, 0.43402886390686035, 0.9859550595283508, 0.12557022273540497, 0.17630845308303833, 1.4776151180267334, 0.7906432747840881, 0.7908081412315369, 0.7908081412315369, inf, '02:18']
[36, 0.44944989681243896, 0.43274709582328796, 0.9870414733886719, 0.12561726570129395, 0.17565983533859253, 1.4385830163955688, 0.7941102981567383, 0.793276846408844, 0.793276846408844, inf, '02:20']
[37, 0.4419131875038147, 0.43140220642089844, 0.9897186160087585, 0.12930554151535034, 0.17424093186855316, 1.2705268859863281, 0.7837718725204468, 0.7858136892318726, 0.7858136892318726, inf, '02:24']
[38, 0.44126033782958984, 0.42547735571861267, 0.986122727394104, 0.13560867309570312, 0.17634660005569458, 1.4737334251403809, 0.7656885981559753, 0.7723336219787598, 0.7723337411880493, inf, '02:24']
[39, 0.43160977959632874, 0.416315495967865, 0.9884677529335022, 0.14837996661663055, 0.1750348061323166, 1.3796136379241943, 0.7571503520011902, 0.7582696080207825, 0.7582696080207825, inf, '02:20']
[40, 0.4342947006225586, 0.4281299114227295, 0.9892420768737793, 0.13550615310668945, 0.17454539239406586, 1.297554850578308, 0.7796267867088318, 0.7814220786094666, 0.7814220786094666, inf, '02:19']
[41, 0.44245803356170654, 0.43204155564308167, 0.9839076995849609, 0.13295906782150269, 0.1777392476797104, 1.5253312587738037, 0.773246705532074, 0.7813826203346252, 0.7813826203346252, inf, '02:18']
[42, 0.42970332503318787, 0.4421907663345337, 0.9879774451255798, 0.11822716146707535, 0.17517785727977753, 1.3902124166488647, 0.8054013848304749, 0.8006861209869385, 0.8006861209869385, inf, '02:18']
[43, 0.4296290874481201, 0.4272858798503876, 0.9868376851081848, 0.13389985263347626, 0.17596538364887238, 1.438319444656372, 0.7790616154670715, 0.7793927192687988, 0.7793927192687988, inf, '02:18']
[44, 0.43637415766716003, 0.4414770007133484, 0.9824341535568237, 0.12463010847568512, 0.17837901413440704, 1.5537420511245728, 0.7781383991241455, 0.7879102826118469, 0.7879102826118469, inf, '02:19']
[45, 0.43232712149620056, 0.4621952772140503, 0.9792187213897705, 0.09642013907432556, 0.17963872849941254, 1.6246966123580933, 0.8224993348121643, 0.8308389782905579, 0.8308389782905579, inf, '02:18']
[46, 0.43806809186935425, 0.42588260769844055, 0.9862123727798462, 0.13732017576694489, 0.17633718252182007, 1.4504408836364746, 0.7676609754562378, 0.7723255753517151, 0.7723255753517151, inf, '02:18']
[47, 0.4333426356315613, 0.42326685786247253, 0.9874325394630432, 0.14147326350212097, 0.17561835050582886, 1.427244782447815, 0.7643827795982361, 0.7640666961669922, 0.7640666961669922, inf, '02:22']
[48, 0.44059619307518005, 0.42595934867858887, 0.9887386560440063, 0.1344664990901947, 0.17491813004016876, 1.353599190711975, 0.7783588767051697, 0.7777211666107178, 0.7777211666107178, inf, '02:21']
No improvement since epoch 39: early stopping
Unet_incv4 Done!
