Models will save to Unet_dpn131_x
Use dpn131 encoder
Start training...
----------
0
----------
DLS create!
[0, 0.5213904976844788, 0.5044878721237183, 0.9937455654144287, 4.339121460361639e-06, 0.18078577518463135, 1.3526142835617065, 0.9613390564918518, 0.9623846411705017, 0.9623846411705017, 0.00011326487583573908, '02:45']
[1, 0.5063612461090088, 0.4904285669326782, 0.9879533648490906, 0.04374329745769501, 0.17669664323329926, 1.4823261499404907, 0.9344052672386169, 0.9345628023147583, 0.9345628023147583, 1.9334869384765625, '02:44']
[2, 0.4968717694282532, 0.489728182554245, 0.9899333119392395, 0.04528292641043663, 0.17545194923877716, 1.419151782989502, 0.9269221425056458, 0.9265230894088745, 0.9265230894088745, 1.2474949359893799, '02:44']
[3, 0.4912588596343994, 0.48705509305000305, 0.9926258325576782, 0.04051211103796959, 0.17429669201374054, 1.256712794303894, 0.9319877624511719, 0.9332141876220703, 0.9332141876220703, 0.44372284412384033, '02:46']
[4, 0.4814513921737671, 0.47049885988235474, 0.9890085458755493, 0.06657971441745758, 0.1760774403810501, 1.528043508529663, 0.8860900402069092, 0.8878359794616699, 0.8878359794616699, 1.7368781566619873, '02:45']
[5, 0.4848451316356659, 0.4680972099304199, 0.9909603595733643, 0.06713373214006424, 0.1752161979675293, 1.4232945442199707, 0.8925501704216003, 0.8934716582298279, 0.8934716582298279, 1.20083749294281, '02:44']
[6, 0.47381630539894104, 0.45791974663734436, 0.9921867847442627, 0.07721474021673203, 0.17448994517326355, 1.3366531133651733, 0.8716651797294617, 0.8742973804473877, 0.8742973804473877, 0.7684440016746521, '02:44']
[7, 0.47539106011390686, 0.458417683839798, 0.9846010804176331, 0.08377460390329361, 0.17825451493263245, 1.6423715353012085, 0.8455989956855774, 0.8599335551261902, 0.8599335551261902, 3.325657844543457, '02:44']
[8, 0.4695264995098114, 0.45376449823379517, 0.9853609204292297, 0.08988389372825623, 0.17805394530296326, 1.6314529180526733, 0.8366319537162781, 0.8494347929954529, 0.8494347929954529, 2.901505470275879, '02:44']
[9, 0.4581851661205292, 0.4603589177131653, 0.9933120012283325, 0.07302606105804443, 0.17386701703071594, 1.1992943286895752, 0.8722779750823975, 0.8801699280738831, 0.8801699280738831, 0.398973286151886, '02:44']
[10, 0.4708191752433777, 0.44845008850097656, 0.9862983226776123, 0.09548600018024445, 0.17760984599590302, 1.6116660833358765, 0.8304259777069092, 0.8450549244880676, 0.8450549244880676, 2.7096705436706543, '02:44']
[11, 0.4585447907447815, 0.44509053230285645, 0.9864810705184937, 0.1005064845085144, 0.17760907113552094, 1.597755789756775, 0.8245105743408203, 0.8385405540466309, 0.8385405540466309, 2.552096366882324, '02:44']
[12, 0.46015119552612305, 0.444315642118454, 0.9928317666053772, 0.0945771113038063, 0.17424647510051727, 1.2532737255096436, 0.8437665104866028, 0.8498506546020508, 0.8498506546020508, 0.5700610876083374, '02:44']
[13, 0.4570307433605194, 0.45064035058021545, 0.9932327270507812, 0.0861375480890274, 0.1739000827074051, 1.2167586088180542, 0.8514449000358582, 0.8598699569702148, 0.8598699569702148, 0.44429048895835876, '02:44']
[14, 0.4594544768333435, 0.4449218511581421, 0.9923892021179199, 0.09428966045379639, 0.1744498759508133, 1.3217921257019043, 0.8471037149429321, 0.8503063321113586, 0.8503063321113586, 0.7903106212615967, '02:44']
[15, 0.449988454580307, 0.44401994347572327, 0.986473023891449, 0.10204513370990753, 0.17755922675132751, 1.6013431549072266, 0.8157819509506226, 0.8302561044692993, 0.8302561044692993, 2.6844565868377686, '02:44']
[16, 0.4495983421802521, 0.44829556345939636, 0.9860040545463562, 0.09583612531423569, 0.17772239446640015, 1.608412742614746, 0.8271663784980774, 0.8406165838241577, 0.8406165838241577, 2.8791990280151367, '02:44']
[17, 0.4457120895385742, 0.42929160594940186, 0.9919875264167786, 0.1165754646062851, 0.17475144565105438, 1.3466342687606812, 0.8130457401275635, 0.8163871765136719, 0.8163871765136719, 0.9276116490364075, '02:44']
[18, 0.45557886362075806, 0.43531519174575806, 0.9883859753608704, 0.10899405926465988, 0.17653217911720276, 1.5519187450408936, 0.813080906867981, 0.8233199119567871, 0.8233199119567871, 2.2287209033966064, '02:44']
[19, 0.4528118073940277, 0.43979373574256897, 0.9862411618232727, 0.10722167789936066, 0.17773261666297913, 1.6145033836364746, 0.8080577254295349, 0.8226509690284729, 0.8226509690284729, 2.8037490844726562, '02:44']
[20, 0.45126867294311523, 0.4232151508331299, 0.9910795092582703, 0.12327955663204193, 0.17520414292812347, 1.4279917478561401, 0.7976188659667969, 0.8035448789596558, 0.8035449981689453, 1.3356980085372925, '02:44']
[21, 0.4506237804889679, 0.4386383295059204, 0.9883210062980652, 0.10645055025815964, 0.1765855848789215, 1.5703169107437134, 0.8132405877113342, 0.8224241733551025, 0.8224241733551025, 2.1539595127105713, '02:44']
[22, 0.44701695442199707, 0.42608606815338135, 0.989174485206604, 0.12095335870981216, 0.17621079087257385, 1.530874252319336, 0.7947839498519897, 0.8041433095932007, 0.8041433095932007, 1.9484632015228271, '02:44']
[23, 0.4465358257293701, 0.42169854044914246, 0.9908564686775208, 0.1252906322479248, 0.17526192963123322, 1.438844919204712, 0.7970315217971802, 0.8009514212608337, 0.8009514212608337, 1.3737746477127075, '02:44']
[24, 0.44852668046951294, 0.4245321452617645, 0.9925788044929504, 0.11975773423910141, 0.17434580624103546, 1.3220316171646118, 0.7998771667480469, 0.8060390949249268, 0.8060390949249268, 0.8312689661979675, '02:44']
[25, 0.4466797113418579, 0.4330526292324066, 0.9866490364074707, 0.11370687186717987, 0.1774725764989853, 1.600228190422058, 0.7952388525009155, 0.8112017512321472, 0.8112017512321472, 2.6218056678771973, '02:44']
[26, 0.440033882856369, 0.4250045120716095, 0.9893860220909119, 0.12215773016214371, 0.17610374093055725, 1.5079323053359985, 0.7919849753379822, 0.8005841374397278, 0.8005841374397278, 1.7617392539978027, '02:44']
[27, 0.44779711961746216, 0.42077893018722534, 0.9913841485977173, 0.12888066470623016, 0.17515626549720764, 1.4227936267852783, 0.7987687587738037, 0.8027357459068298, 0.8027357459068298, 1.275216817855835, '02:44']
[28, 0.45225539803504944, 0.43835166096687317, 0.9874897003173828, 0.1050577238202095, 0.17697039246559143, 1.5574166774749756, 0.8190609216690063, 0.8288742899894714, 0.8288742899894714, 2.2293529510498047, '02:45']
[29, 0.44434458017349243, 0.425639808177948, 0.9921228885650635, 0.11996728181838989, 0.17469200491905212, 1.3695802688598633, 0.807918131351471, 0.811610758304596, 0.811610758304596, 1.0314006805419922, '02:44']
[30, 0.4390414357185364, 0.43081143498420715, 0.9926695227622986, 0.11173378676176071, 0.174259752035141, 1.2999439239501953, 0.8109834790229797, 0.8181753754615784, 0.8181753754615784, 0.7107387185096741, '02:44']
[31, 0.4452843964099884, 0.42166221141815186, 0.9916922450065613, 0.1280421018600464, 0.17495271563529968, 1.3696566820144653, 0.7996488213539124, 0.8041369915008545, 0.8041369915008545, 1.0713001489639282, '02:44']
[32, 0.44638457894325256, 0.4395679533481598, 0.9858884811401367, 0.10975266993045807, 0.17795082926750183, 1.6108139753341675, 0.7971264719963074, 0.8157426714897156, 0.8157426714897156, 2.6757376194000244, '02:45']
[33, 0.4365786612033844, 0.4864461123943329, 0.9731971621513367, 0.07787159830331802, 0.1844307780265808, 1.7565890550613403, 0.8253192901611328, 0.8622796535491943, 0.8622796535491943, 5.56941556930542, '02:44']
[34, 0.4430878758430481, 0.4134158194065094, 0.9912881851196289, 0.13557197153568268, 0.17518582940101624, 1.4149452447891235, 0.7778809666633606, 0.7843114733695984, 0.7843114733695984, 1.2780581712722778, '02:44']
[35, 0.4441876709461212, 0.418478786945343, 0.9927127361297607, 0.12870608270168304, 0.1743539273738861, 1.3165197372436523, 0.7918503284454346, 0.7973211407661438, 0.7973211407661438, 0.7920525670051575, '02:44']
[36, 0.4454183280467987, 0.422341525554657, 0.9889342188835144, 0.12558892369270325, 0.17637962102890015, 1.535340666770935, 0.7838823795318604, 0.7950167059898376, 0.7950167059898376, 1.9923577308654785, '02:45']
[37, 0.4455925226211548, 0.41932472586631775, 0.9891616106033325, 0.12936536967754364, 0.17631839215755463, 1.5134927034378052, 0.778974175453186, 0.7898946404457092, 0.7898946404457092, 1.8598473072052002, '02:45']
[38, 0.43460479378700256, 0.4284815490245819, 0.9926380515098572, 0.11571543663740158, 0.1743314117193222, 1.2873008251190186, 0.8055315613746643, 0.8137111663818359, 0.8137111663818359, 0.7294875383377075, '02:44']
[39, 0.432003915309906, 0.4241720139980316, 0.9932813048362732, 0.1204952746629715, 0.17392942309379578, 1.2410441637039185, 0.7913371324539185, 0.8030209541320801, 0.8030209541320801, 0.5448504090309143, '02:44']
[40, 0.4383481442928314, 0.43938159942626953, 0.9854649901390076, 0.11113566905260086, 0.17827098071575165, 1.6171543598175049, 0.7922945022583008, 0.8132655024528503, 0.8132655024528503, 2.822511672973633, '02:44']
[41, 0.43751260638237, 0.4374730885028839, 0.992940366268158, 0.10337375849485397, 0.1741180717945099, 1.2228095531463623, 0.820009171962738, 0.8319675326347351, 0.8319675326347351, 0.5465255379676819, '02:44']
[42, 0.426794171333313, 0.4489474296569824, 0.9852632880210876, 0.10370870679616928, 0.17833958566188812, 1.6230602264404297, 0.8033363819122314, 0.8222619295120239, 0.8222619295120239, 2.8499507904052734, '02:44']
[43, 0.45011019706726074, 0.4142301082611084, 0.9907666444778442, 0.1357423961162567, 0.17544400691986084, 1.4371709823608398, 0.77794349193573, 0.7863573431968689, 0.7863573431968689, 1.4127042293548584, '02:44']
No improvement since epoch 34: early stopping
----------
1
----------
DLS create!
[0, 0.5425460338592529, 0.510186493396759, 0.9925153255462646, 0.010914785787463188, 0.18083815276622772, 1.3305513858795166, 0.9744951128959656, 0.9420781135559082, 0.9420781135559082, inf, '02:45']
[1, 0.5032314658164978, 0.5052304863929749, 0.9849858283996582, 0.030079033225774765, 0.17894375324249268, 1.5304147005081177, 0.9556402564048767, 0.9253928661346436, 0.9253928661346436, inf, '02:45']
[2, 0.4962732195854187, 0.480747252702713, 0.9876313209533691, 0.059641823172569275, 0.1767635941505432, 1.5029029846191406, 0.910614550113678, 0.8861144185066223, 0.8861144185066223, inf, '02:45']
[3, 0.48779574036598206, 0.48147112131118774, 0.9869015216827393, 0.05838819220662117, 0.17698484659194946, 1.5706357955932617, 0.9026567935943604, 0.8809579610824585, 0.8809579610824585, inf, '02:45']
[4, 0.4863826632499695, 0.47461339831352234, 0.9906629920005798, 0.059982914477586746, 0.17511583864688873, 1.4712635278701782, 0.897250771522522, 0.8736140727996826, 0.8736140727996826, inf, '02:45']
[5, 0.4834781289100647, 0.4589952826499939, 0.9920224547386169, 0.08400917053222656, 0.17441052198410034, 1.3863446712493896, 0.865744948387146, 0.8454386591911316, 0.8454387187957764, inf, '02:45']
[6, 0.4795883595943451, 0.4471345841884613, 0.9918954372406006, 0.09890246391296387, 0.17460639774799347, 1.4262571334838867, 0.8425145149230957, 0.822440505027771, 0.822440505027771, inf, '02:45']
[7, 0.4744776487350464, 0.4683709144592285, 0.9883192777633667, 0.07144912332296371, 0.17623327672481537, 1.577410340309143, 0.8708583116531372, 0.8530808687210083, 0.8530808687210083, inf, '02:45']
[8, 0.47681495547294617, 0.4501144289970398, 0.9907562136650085, 0.09593749791383743, 0.17503409087657928, 1.4724345207214355, 0.8457781672477722, 0.8264144659042358, 0.8264144659042358, inf, '02:45']
[9, 0.46371331810951233, 0.4493667483329773, 0.9926869869232178, 0.09353624284267426, 0.17396825551986694, 1.3222475051879883, 0.8437232375144958, 0.8260686993598938, 0.8260686993598938, inf, '02:45']
[10, 0.47099629044532776, 0.4504566490650177, 0.989409327507019, 0.09245938062667847, 0.1756744235754013, 1.5515848398208618, 0.8408334851264954, 0.8213265538215637, 0.8213265538215637, inf, '02:45']
[11, 0.46782952547073364, 0.4424324929714203, 0.9901421666145325, 0.10351256281137466, 0.17530840635299683, 1.5214557647705078, 0.8280280232429504, 0.8067821264266968, 0.8067821264266968, inf, '02:45']
[12, 0.46378323435783386, 0.4404617249965668, 0.9881914258003235, 0.10827253013849258, 0.17648591101169586, 1.607383370399475, 0.8109924793243408, 0.7978114485740662, 0.7978114485740662, inf, '02:45']
[13, 0.46146807074546814, 0.47038787603378296, 0.9805865287780762, 0.07723680883646011, 0.180165097117424, 1.7247600555419922, 0.8531061410903931, 0.8425361514091492, 0.8425361514091492, inf, '02:45']
[14, 0.4530314803123474, 0.472805917263031, 0.9800177812576294, 0.07907465845346451, 0.18048028647899628, 1.7378519773483276, 0.838161051273346, 0.8347883820533752, 0.8347883820533752, inf, '02:45']
[15, 0.4559677839279175, 0.4419981837272644, 0.992003321647644, 0.10030505061149597, 0.1743375062942505, 1.4035804271697998, 0.827964723110199, 0.8090009093284607, 0.8090009093284607, inf, '02:45']
[16, 0.4624025821685791, 0.43189164996147156, 0.9911713600158691, 0.11704876273870468, 0.174961656332016, 1.4703145027160645, 0.8150481581687927, 0.7923882603645325, 0.7923882603645325, inf, '02:45']
[17, 0.4558923840522766, 0.4835290312767029, 0.976241946220398, 0.0663657858967781, 0.18226303160190582, 1.7559446096420288, 0.8662167191505432, 0.857452929019928, 0.857452929019928, inf, '02:45']
[18, 0.45192110538482666, 0.4253275990486145, 0.9911200404167175, 0.12289931625127792, 0.17489339411258698, 1.4826900959014893, 0.7957925796508789, 0.7742207646369934, 0.7742207646369934, inf, '02:45']
[19, 0.4553269147872925, 0.4371333420276642, 0.9882449507713318, 0.10999953001737595, 0.17642992734909058, 1.5818074941635132, 0.8101649284362793, 0.7931860685348511, 0.7931860685348511, inf, '02:45']
[20, 0.44316524267196655, 0.42873403429985046, 0.9926295876502991, 0.11761587113142014, 0.17404411733150482, 1.343518614768982, 0.8021703958511353, 0.7830593585968018, 0.7830593585968018, inf, '02:45']
[21, 0.4490276575088501, 0.4474225640296936, 0.9864962697029114, 0.09919364005327225, 0.17728768289089203, 1.6292829513549805, 0.8193376660346985, 0.8084208965301514, 0.8084208965301514, inf, '02:45']
[22, 0.45618167519569397, 0.4240625202655792, 0.9915851950645447, 0.1245853528380394, 0.17464442551136017, 1.4546316862106323, 0.7938010692596436, 0.7731422185897827, 0.7731422185897827, inf, '02:45']
[23, 0.4442026615142822, 0.4289284646511078, 0.9897740483283997, 0.11773095279932022, 0.17564459145069122, 1.5540549755096436, 0.7934050559997559, 0.7789499163627625, 0.7789499163627625, inf, '02:45']
[24, 0.44784218072891235, 0.42579764127731323, 0.9915716648101807, 0.1218370795249939, 0.17464853823184967, 1.4631396532058716, 0.7976784706115723, 0.7770127058029175, 0.7770127058029175, inf, '02:45']
[25, 0.44997063279151917, 0.42317453026771545, 0.9915514588356018, 0.12687556445598602, 0.17471180856227875, 1.444969892501831, 0.7982455492019653, 0.7746672034263611, 0.7746672034263611, inf, '02:45']
[26, 0.44509679079055786, 0.4406422972679138, 0.9875157475471497, 0.10629700869321823, 0.1768006533384323, 1.619797945022583, 0.8102295994758606, 0.7976139187812805, 0.7976139187812805, inf, '02:45']
[27, 0.4497074484825134, 0.44133293628692627, 0.9860777258872986, 0.10658848285675049, 0.17761114239692688, 1.6641360521316528, 0.8050187230110168, 0.7939363121986389, 0.7939363121986389, inf, '02:45']
[28, 0.44947829842567444, 0.4204176664352417, 0.9908263683319092, 0.12974382936954498, 0.17517617344856262, 1.4964109659194946, 0.7878859639167786, 0.766018807888031, 0.766018807888031, inf, '02:45']
[29, 0.44426870346069336, 0.42221376299858093, 0.9902724027633667, 0.127395361661911, 0.17543543875217438, 1.5409153699874878, 0.7873992323875427, 0.7679443955421448, 0.7679443955421448, inf, '02:45']
[30, 0.44982048869132996, 0.4297502338886261, 0.9891874194145203, 0.1172599345445633, 0.17592430114746094, 1.5799130201339722, 0.7960932850837708, 0.780767560005188, 0.780767560005188, inf, '02:45']
[31, 0.43272244930267334, 0.43050122261047363, 0.9910413026809692, 0.11681701242923737, 0.17498616874217987, 1.4616971015930176, 0.8016536235809326, 0.7804729342460632, 0.7804730534553528, inf, '02:45']
[32, 0.4452991485595703, 0.4328831434249878, 0.9923607707023621, 0.11210133880376816, 0.17419472336769104, 1.3658632040023804, 0.8129515051841736, 0.7915372848510742, 0.7915372848510742, inf, '02:45']
[33, 0.44947102665901184, 0.42148706316947937, 0.9917762875556946, 0.12781409919261932, 0.17458847165107727, 1.4448285102844238, 0.7910950779914856, 0.7702692747116089, 0.7702692747116089, inf, '02:45']
[34, 0.4457937479019165, 0.42179036140441895, 0.9900084733963013, 0.12908031046390533, 0.1755523830652237, 1.5475667715072632, 0.785333514213562, 0.7669709920883179, 0.7669709920883179, inf, '02:45']
[35, 0.43993711471557617, 0.4198347330093384, 0.9918173551559448, 0.1302766650915146, 0.17457027733325958, 1.4401437044143677, 0.7895443439483643, 0.7672655582427979, 0.7672655582427979, inf, '02:45']
[36, 0.43873971700668335, 0.42177048325538635, 0.9910975098609924, 0.12623633444309235, 0.17493467032909393, 1.46370530128479, 0.7860738039016724, 0.7656084299087524, 0.7656084299087524, inf, '02:45']
[37, 0.4457409083843231, 0.4758269488811493, 0.9774010181427002, 0.08074222505092621, 0.18194280564785004, 1.7548489570617676, 0.8336509466171265, 0.830111563205719, 0.830111563205719, inf, '02:45']
[38, 0.44248974323272705, 0.42983439564704895, 0.9901890754699707, 0.11624077707529068, 0.1753719449043274, 1.5395309925079346, 0.7982654571533203, 0.7798927426338196, 0.7798927426338196, inf, '02:45']
[39, 0.43905287981033325, 0.4173871874809265, 0.9921455979347229, 0.13246335089206696, 0.17434826493263245, 1.4120097160339355, 0.7796695828437805, 0.7588658928871155, 0.7588659524917603, inf, '02:45']
[40, 0.4377116858959198, 0.4341038465499878, 0.9924413561820984, 0.1125212237238884, 0.17417563498020172, 1.32120680809021, 0.8146420121192932, 0.7944748401641846, 0.7944748401641846, inf, '02:45']
[41, 0.432822585105896, 0.42143362760543823, 0.9913115501403809, 0.12600524723529816, 0.1748148649930954, 1.4710832834243774, 0.7865362167358398, 0.7677283883094788, 0.7677283883094788, inf, '02:45']
[42, 0.4478512704372406, 0.419998437166214, 0.9922318458557129, 0.12941420078277588, 0.17429205775260925, 1.3921167850494385, 0.7870277166366577, 0.7667784094810486, 0.7667784094810486, inf, '02:45']
[43, 0.44894999265670776, 0.4333198368549347, 0.9901108145713806, 0.11227138340473175, 0.1754271686077118, 1.5211594104766846, 0.8052716255187988, 0.7884962558746338, 0.7884962558746338, inf, '02:45']
[44, 0.43855008482933044, 0.43726053833961487, 0.9853445887565613, 0.11097139120101929, 0.17796438932418823, 1.6730942726135254, 0.7949290871620178, 0.7880063652992249, 0.7880063652992249, inf, '02:45']
[45, 0.4374713897705078, 0.4510318338871002, 0.982320249080658, 0.09827274084091187, 0.17943745851516724, 1.7146391868591309, 0.8092934489250183, 0.8052603006362915, 0.8052603006362915, inf, '02:45']
[46, 0.4327351450920105, 0.4256705045700073, 0.9897782802581787, 0.12266890704631805, 0.17569690942764282, 1.5420693159103394, 0.7874172329902649, 0.7724348306655884, 0.7724348306655884, inf, '02:45']
[47, 0.44428780674934387, 0.4217505156993866, 0.9887129068374634, 0.12955692410469055, 0.17637410759925842, 1.607837438583374, 0.7748138308525085, 0.7624603509902954, 0.7624603509902954, inf, '02:45']
[48, 0.4346029758453369, 0.44722914695739746, 0.9820420145988464, 0.10530548542737961, 0.1797264814376831, 1.7157295942306519, 0.7964665293693542, 0.794154703617096, 0.794154703617096, inf, '02:45']
No improvement since epoch 39: early stopping
----------
2
----------
DLS create!
[0, 0.5182814598083496, 0.504325807094574, 0.9904822111129761, 0.023746702820062637, 0.18111619353294373, 1.4055105447769165, 0.9508724808692932, 0.9557068943977356, 0.9557068943977356, 1.2975705862045288, '02:45']
[1, 0.4985027313232422, 0.4951435923576355, 0.9803265333175659, 0.04541325569152832, 0.17973974347114563, 1.6186652183532715, 0.9203499555587769, 0.9302601218223572, 0.9302601218223572, 7.256598472595215, '02:45']
[2, 0.4902070462703705, 0.483315646648407, 0.9902485013008118, 0.05568579211831093, 0.17511756718158722, 1.4437990188598633, 0.9112538695335388, 0.9163501262664795, 0.9163501262664795, 1.6097419261932373, '02:45']
[3, 0.48356664180755615, 0.4777958393096924, 0.9895443916320801, 0.06091082841157913, 0.17517878115177155, 1.4636529684066772, 0.8946146368980408, 0.9014825820922852, 0.9014825820922852, 2.0182807445526123, '02:45']
[4, 0.47502028942108154, 0.47379112243652344, 0.9875902533531189, 0.06642616540193558, 0.17625175416469574, 1.5753313302993774, 0.8767818212509155, 0.887698233127594, 0.887698233127594, 3.0905795097351074, '02:45']
[5, 0.4748646020889282, 0.4628700017929077, 0.9902921319007874, 0.08160386234521866, 0.1749904751777649, 1.457279920578003, 0.8621764779090881, 0.8711607456207275, 0.8711607456207275, 1.7203342914581299, '02:45']
[6, 0.4664458930492401, 0.507378101348877, 0.9772335886955261, 0.044827789068222046, 0.1813594549894333, 1.7458512783050537, 0.9042131304740906, 0.919921338558197, 0.919921338558197, 7.922943115234375, '02:45']
[7, 0.46884748339653015, 0.4689309597015381, 0.9912881255149841, 0.07196180522441864, 0.17442721128463745, 1.3626400232315063, 0.8793547749519348, 0.886215329170227, 0.886215329170227, 0.949836254119873, '02:45']
[8, 0.4667944610118866, 0.47068601846694946, 0.9885850548744202, 0.07024606317281723, 0.17585614323616028, 1.537973403930664, 0.8761688470840454, 0.885778546333313, 0.885778546333313, 2.573317050933838, '02:45']
[9, 0.45465126633644104, 0.46360719203948975, 0.9911831021308899, 0.07823792099952698, 0.1744549423456192, 1.3892743587493896, 0.8658961653709412, 0.8749669194221497, 0.8749669194221497, 1.3051186800003052, '02:45']
[10, 0.45459842681884766, 0.45900958776474, 0.9916521310806274, 0.08402547240257263, 0.17421169579029083, 1.3482611179351807, 0.8570912480354309, 0.8671078681945801, 0.8671078681945801, 0.9668672680854797, '02:45']
[11, 0.45848360657691956, 0.48938220739364624, 0.97617107629776, 0.06001304090023041, 0.18176044523715973, 1.7302141189575195, 0.8763543963432312, 0.8977608680725098, 0.8977608680725098, 8.8345365524292, '02:45']
[12, 0.4616985023021698, 0.45785990357398987, 0.9916828870773315, 0.08403343707323074, 0.1742420196533203, 1.333251953125, 0.8564574718475342, 0.865967869758606, 0.865967869758606, 0.9734319448471069, '02:45']
[13, 0.45590320229530334, 0.46674931049346924, 0.9924408793449402, 0.07288596034049988, 0.17374539375305176, 1.1915342807769775, 0.8674845099449158, 0.8820333480834961, 0.8820333480834961, 0.41701504588127136, '02:45']
[14, 0.45278486609458923, 0.45468413829803467, 0.9881576895713806, 0.0898413434624672, 0.17603127658367157, 1.5216089487075806, 0.8400666117668152, 0.8520712852478027, 0.8520712852478027, 2.0923073291778564, '02:45']
[15, 0.4543405771255493, 0.47375988960266113, 0.9810341000556946, 0.07370859384536743, 0.17969956994056702, 1.7048755884170532, 0.8481280207633972, 0.8748021125793457, 0.8748021125793457, 6.0563764572143555, '02:45']
[16, 0.4594709873199463, 0.44945597648620605, 0.9901562929153442, 0.09711705148220062, 0.17512841522693634, 1.4685841798782349, 0.8388698697090149, 0.8490133881568909, 0.8490133881568909, 1.699177861213684, '02:45']
[17, 0.4498152732849121, 0.45720726251602173, 0.991388201713562, 0.08837681263685226, 0.17444483935832977, 1.3695881366729736, 0.8543232679367065, 0.8632369637489319, 0.8632369637489319, 1.0910884141921997, '02:45']
[18, 0.4479459822177887, 0.4555361568927765, 0.989525318145752, 0.08782349526882172, 0.1752888709306717, 1.4591459035873413, 0.8493987917900085, 0.8576847314834595, 0.8576847314834595, 1.8727396726608276, '02:45']
[19, 0.44092774391174316, 0.4579945206642151, 0.990773618221283, 0.08406736701726913, 0.17463044822216034, 1.3952752351760864, 0.85356605052948, 0.8611505031585693, 0.8611505031585693, 1.264967441558838, '02:45']
[20, 0.4407905042171478, 0.4887777864933014, 0.9778504967689514, 0.06752937287092209, 0.1813545972108841, 1.731573224067688, 0.8551585078239441, 0.8821397423744202, 0.8821397423744202, 7.28574800491333, '02:45']
[21, 0.4486043155193329, 0.4515374004840851, 0.9898369908332825, 0.09224215894937515, 0.17520634829998016, 1.457120656967163, 0.8390113711357117, 0.8489054441452026, 0.8489054441452026, 1.6238348484039307, '02:45']
[22, 0.442124605178833, 0.45147594809532166, 0.9917696118354797, 0.0918504148721695, 0.17416690289974213, 1.3038877248764038, 0.8414583206176758, 0.8518951535224915, 0.8518951535224915, 0.8365187048912048, '02:45']
[23, 0.44572868943214417, 0.4653785526752472, 0.9852869510650635, 0.08292463421821594, 0.17753876745700836, 1.6553845405578613, 0.8363393545150757, 0.8570897579193115, 0.8570897579193115, 4.33705997467041, '02:45']
[24, 0.44602033495903015, 0.4491086006164551, 0.9917908906936646, 0.09502403438091278, 0.17418693006038666, 1.3140596151351929, 0.8379974961280823, 0.848213791847229, 0.848213791847229, 0.8461843729019165, '02:45']
[25, 0.4543878734111786, 0.4478810727596283, 0.9882953763008118, 0.09798610210418701, 0.17600548267364502, 1.5629099607467651, 0.8214174509048462, 0.8367739319801331, 0.8367739319801331, 2.931169033050537, '02:45']
[26, 0.43600842356681824, 0.4457632899284363, 0.9908723831176758, 0.10161496698856354, 0.1747201681137085, 1.3852393627166748, 0.8331051468849182, 0.8391375541687012, 0.8391375541687012, 1.1575119495391846, '02:45']
[27, 0.44119957089424133, 0.4511118531227112, 0.9904847741127014, 0.09255794435739517, 0.17484349012374878, 1.4171298742294312, 0.8407838344573975, 0.8495553731918335, 0.8495553731918335, 1.2804080247879028, '02:45']
[28, 0.43949490785598755, 0.4547034502029419, 0.990119993686676, 0.08818309754133224, 0.1750745177268982, 1.4416168928146362, 0.8467840552330017, 0.8542051315307617, 0.8542052507400513, 1.5209389925003052, '02:45']
[29, 0.4293767809867859, 0.4417532682418823, 0.9900188446044922, 0.104263536632061, 0.17513073980808258, 1.4762438535690308, 0.8150699734687805, 0.8277549147605896, 0.8277550339698792, 1.8237911462783813, '02:45']
[30, 0.4424421489238739, 0.44807499647140503, 0.9902335405349731, 0.09635499119758606, 0.17497195303440094, 1.4643062353134155, 0.8332972526550293, 0.8442242741584778, 0.8442242741584778, 1.7555633783340454, '02:45']
[31, 0.4429856240749359, 0.469117134809494, 0.9829457402229309, 0.08032703399658203, 0.1788189560174942, 1.6523938179016113, 0.8398022055625916, 0.8626076579093933, 0.8626076579093933, 3.9896247386932373, '02:45']
[32, 0.43399718403816223, 0.43611666560173035, 0.989189624786377, 0.11217992752790451, 0.17558123171329498, 1.5138756036758423, 0.8019010424613953, 0.817301332950592, 0.8173012733459473, 2.1775104999542236, '02:45']
[33, 0.44332414865493774, 0.47161200642585754, 0.9812033772468567, 0.07900901883840561, 0.17961779236793518, 1.7062445878982544, 0.8370586037635803, 0.864631712436676, 0.864631712436676, 6.342668056488037, '02:45']
[34, 0.4325025975704193, 0.449892520904541, 0.9921460747718811, 0.09391747415065765, 0.17392712831497192, 1.2895106077194214, 0.8335830569267273, 0.845151960849762, 0.845151960849762, 0.7029898762702942, '02:45']
[35, 0.4416975975036621, 0.4483286142349243, 0.9913519024848938, 0.09757360816001892, 0.17438973486423492, 1.3817687034606934, 0.8379979133605957, 0.8474356532096863, 0.8474356532096863, 1.1952000856399536, '02:45']
[36, 0.44154930114746094, 0.44308924674987793, 0.9880281090736389, 0.10393577069044113, 0.17623652517795563, 1.565647840499878, 0.8134033679962158, 0.8317705392837524, 0.8317705392837524, 2.9609696865081787, '02:45']
[37, 0.43085023760795593, 0.4391409754753113, 0.991422176361084, 0.10806197673082352, 0.174384206533432, 1.3653309345245361, 0.8157882690429688, 0.8266599774360657, 0.8266599774360657, 1.1028715372085571, '02:45']
[38, 0.44358932971954346, 0.4488659203052521, 0.9878771901130676, 0.09819405525922775, 0.1763274371623993, 1.5754286050796509, 0.818056046962738, 0.8340147733688354, 0.8340147733688354, 2.63080096244812, '02:45']
[39, 0.44128650426864624, 0.4452272355556488, 0.9896722435951233, 0.10290239006280899, 0.1753726303577423, 1.4598530530929565, 0.8206381797790527, 0.8326010704040527, 0.8326010704040527, 1.5491985082626343, '02:45']
[40, 0.42608803510665894, 0.43778643012046814, 0.991675853729248, 0.10986369103193283, 0.17425227165222168, 1.3374500274658203, 0.8133399486541748, 0.8220483064651489, 0.8220483064651489, 0.8818483352661133, '02:45']
[41, 0.43175533413887024, 0.4462481439113617, 0.9891390204429626, 0.10054966062307358, 0.1756313592195511, 1.507212519645691, 0.8240835070610046, 0.834074079990387, 0.834074079990387, 2.140350103378296, '02:45']
No improvement since epoch 32: early stopping
----------
3
----------
DLS create!
[0, 0.5321749448776245, 0.5170533061027527, 0.9926014542579651, 0.0, 0.185843363404274, 1.3350777626037598, 0.9702460765838623, 0.9693765640258789, 0.9693765640258789, 0.0, '02:45']
[1, 0.4987068176269531, 0.4916172921657562, 0.9885358214378357, 0.049897585064172745, 0.17662189900875092, 1.4328742027282715, 0.9356660842895508, 0.9353662729263306, 0.9353662729263306, 1.5167148113250732, '02:45']
[2, 0.489762544631958, 0.4828171730041504, 0.9903157353401184, 0.057221293449401855, 0.17491400241851807, 1.3542311191558838, 0.9135176539421082, 0.9143109321594238, 0.9143109321594238, 0.9875554442405701, '02:45']
[3, 0.48028209805488586, 0.4747318625450134, 0.990425169467926, 0.0655275210738182, 0.174687460064888, 1.3500404357910156, 0.893011212348938, 0.8953583240509033, 0.8953583240509033, 0.9930140376091003, '02:45']
[4, 0.48131832480430603, 0.596285343170166, 0.9102445840835571, 0.023892484605312347, 0.2118905782699585, 1.8852243423461914, 0.9321555495262146, 0.9547281265258789, 0.9547281265258789, 30.090717315673828, '02:45']
[5, 0.46932560205459595, 0.46354353427886963, 0.9894876480102539, 0.07963959127664566, 0.1751314401626587, 1.406089186668396, 0.8667269945144653, 0.8693660497665405, 0.8693660497665405, 1.2405449151992798, '02:45']
[6, 0.4628848731517792, 0.46269330382347107, 0.9902492165565491, 0.08100716769695282, 0.17479075491428375, 1.3722838163375854, 0.8629714250564575, 0.8665576577186584, 0.8665576577186584, 0.9932639598846436, '02:45']
[7, 0.4620518684387207, 0.4776710867881775, 0.9889686107635498, 0.06221207231283188, 0.17539267241954803, 1.451543927192688, 0.8892523646354675, 0.8922706842422485, 0.8922706842422485, 1.495198369026184, '02:45']
[8, 0.4709523618221283, 0.47395944595336914, 0.9916727542877197, 0.06555618345737457, 0.17408031225204468, 1.229888677597046, 0.8905497789382935, 0.896792471408844, 0.896792471408844, 0.4935568571090698, '02:45']
[9, 0.45724084973335266, 0.4668596386909485, 0.9861070513725281, 0.07976644486188889, 0.17697125673294067, 1.550792932510376, 0.8534311056137085, 0.864667534828186, 0.864667534828186, 2.6235909461975098, '02:45']
[10, 0.45597392320632935, 0.4498700201511383, 0.988947331905365, 0.09767141938209534, 0.1754913479089737, 1.447110652923584, 0.835908830165863, 0.8422358632087708, 0.8422358632087708, 1.6304550170898438, '02:45']
[11, 0.4483259320259094, 0.4777272939682007, 0.9862597584724426, 0.06532721221446991, 0.17693525552749634, 1.4895515441894531, 0.8838639259338379, 0.8897093534469604, 0.8897093534469604, 2.017817258834839, '02:45']
[12, 0.4535622298717499, 0.4604989290237427, 0.9886848330497742, 0.08396051079034805, 0.17570848762989044, 1.4402360916137695, 0.8586342334747314, 0.8636104464530945, 0.8636104464530945, 1.3752455711364746, '02:45']
[13, 0.4521990418434143, 0.4655495882034302, 0.9876210689544678, 0.07943449169397354, 0.17617200314998627, 1.4559632539749146, 0.8589850664138794, 0.8659468293190002, 0.8659468293190002, 1.5009263753890991, '02:45']
[14, 0.4537419378757477, 0.49702170491218567, 0.9715403914451599, 0.05658234655857086, 0.18376962840557098, 1.722400426864624, 0.8787193894386292, 0.9012369513511658, 0.9012369513511658, 6.32371711730957, '02:45']
[15, 0.4401989281177521, 0.46023279428482056, 0.9895544648170471, 0.08370939642190933, 0.17515933513641357, 1.3927621841430664, 0.8553506135940552, 0.8601585626602173, 0.8601585626602173, 1.1912875175476074, '02:45']
[16, 0.4500618875026703, 0.45302021503448486, 0.9885061383247375, 0.09351880848407745, 0.17579405009746552, 1.4618768692016602, 0.8354865908622742, 0.8441011905670166, 0.8441011905670166, 1.7246119976043701, '02:45']
[17, 0.4415442645549774, 0.44842997193336487, 0.9890576601028442, 0.09833187609910965, 0.17544890940189362, 1.4323970079421997, 0.8279693722724915, 0.8366825580596924, 0.8366825580596924, 1.3723154067993164, '02:45']
[18, 0.4443417489528656, 0.4514153301715851, 0.9883089065551758, 0.09546655416488647, 0.17587628960609436, 1.4691015481948853, 0.8342186212539673, 0.8418582677841187, 0.8418582677841187, 1.688147783279419, '02:45']
[19, 0.44803813099861145, 0.460914671421051, 0.9889251589775085, 0.08407461643218994, 0.17557507753372192, 1.4129265546798706, 0.8529739379882812, 0.8611071705818176, 0.8611071705818176, 1.3486663103103638, '02:45']
[20, 0.44412899017333984, 0.45635345578193665, 0.9914643168449402, 0.08660009503364563, 0.17416270077228546, 1.2788368463516235, 0.8472758531570435, 0.857444167137146, 0.857444167137146, 0.6772485375404358, '02:45']
[21, 0.4478954076766968, 0.44678938388824463, 0.989301323890686, 0.10090053826570511, 0.17533111572265625, 1.4270477294921875, 0.8227282166481018, 0.832252562046051, 0.832252562046051, 1.462406039237976, '02:45']
[22, 0.44079118967056274, 0.44929975271224976, 0.9881507754325867, 0.09744808077812195, 0.17594954371452332, 1.4839482307434082, 0.82491534948349, 0.8356972932815552, 0.8356972932815552, 1.8008242845535278, '02:45']
[23, 0.44109323620796204, 0.5072745084762573, 0.969556450843811, 0.059713587164878845, 0.18526756763458252, 1.75286865234375, 0.8604456186294556, 0.8915659189224243, 0.8915659189224243, 6.992422103881836, '02:45']
[24, 0.439776211977005, 0.4480385184288025, 0.9905223250389099, 0.09849385917186737, 0.1746988445520401, 1.3472903966903687, 0.8305285573005676, 0.8373187780380249, 0.8373188376426697, 0.9938572645187378, '02:45']
[25, 0.4273793399333954, 0.45722806453704834, 0.9905087351799011, 0.08711957931518555, 0.1747206300497055, 1.2882030010223389, 0.8484137058258057, 0.8557286262512207, 0.8557286262512207, 0.7997403740882874, '02:45']
[26, 0.44073185324668884, 0.4620518088340759, 0.9918527007102966, 0.07887240499258041, 0.1739310920238495, 1.2112139463424683, 0.8571245074272156, 0.86884605884552, 0.86884605884552, 0.457231342792511, '02:45']
[27, 0.4353952705860138, 0.47650980949401855, 0.9794232845306396, 0.07638059556484222, 0.18039894104003906, 1.646672248840332, 0.8396602869033813, 0.8651543855667114, 0.8651543855667114, 4.283763408660889, '02:45']
[28, 0.4438449442386627, 0.44695693254470825, 0.9902899265289307, 0.09897933155298233, 0.17487159371376038, 1.3545671701431274, 0.8277307748794556, 0.8359714150428772, 0.8359714150428772, 1.0363749265670776, '02:45']
[29, 0.43457645177841187, 0.4447782635688782, 0.9901421666145325, 0.10244130343198776, 0.1749112904071808, 1.3803929090499878, 0.8238998055458069, 0.8315073847770691, 0.8315073847770691, 1.1403343677520752, '02:45']
[30, 0.44894370436668396, 0.4604504704475403, 0.9838216304779053, 0.08599898964166641, 0.17810864746570587, 1.5785433053970337, 0.8406311869621277, 0.8564357161521912, 0.8564357161521912, 3.235558032989502, '02:46']
[31, 0.43245822191238403, 0.4530327022075653, 0.9911195039749146, 0.09215769916772842, 0.17437434196472168, 1.2849323749542236, 0.8400775194168091, 0.8477246165275574, 0.8477246165275574, 0.7055418491363525, '02:45']
[32, 0.451029896736145, 0.445341557264328, 0.9885783791542053, 0.10131985694169998, 0.17572207748889923, 1.43697190284729, 0.8243837356567383, 0.8344811797142029, 0.8344811797142029, 1.5580260753631592, '02:45']
[33, 0.43848806619644165, 0.4500640332698822, 0.9867695569992065, 0.09778279066085815, 0.17665383219718933, 1.5225523710250854, 0.8239610195159912, 0.8361591696739197, 0.8361591696739197, 2.2858076095581055, '02:45']
[34, 0.43574023246765137, 0.4545327425003052, 0.9871819019317627, 0.09531509131193161, 0.17652563750743866, 1.5203737020492554, 0.8252046704292297, 0.8376390337944031, 0.8376390337944031, 2.1230990886688232, '02:45']
[35, 0.4330185055732727, 0.47981858253479004, 0.9811996817588806, 0.07299353927373886, 0.17949971556663513, 1.632324457168579, 0.8557302355766296, 0.8718701601028442, 0.8718701601028442, 3.5996017456054688, '02:45']
[36, 0.42352408170700073, 0.45540186762809753, 0.9865095615386963, 0.09360165148973465, 0.17683984339237213, 1.5369981527328491, 0.8268969655036926, 0.8401582837104797, 0.8401582837104797, 2.3652443885803223, '02:45']
[37, 0.4323195815086365, 0.4444614052772522, 0.9904354214668274, 0.10312187671661377, 0.17476531863212585, 1.356050968170166, 0.8224155306816101, 0.8309558033943176, 0.8309558033943176, 1.0466713905334473, '02:45']
[38, 0.4338373839855194, 0.45492494106292725, 0.986763596534729, 0.09269668906927109, 0.17664824426174164, 1.515660285949707, 0.8321667909622192, 0.8425944447517395, 0.8425946235656738, 2.2018229961395264, '02:45']
[39, 0.43159613013267517, 0.4524107575416565, 0.9881829023361206, 0.09515523165464401, 0.17598964273929596, 1.464461088180542, 0.8290872573852539, 0.8395565152168274, 0.8395565152168274, 1.68868088722229, '02:45']
[40, 0.42987674474716187, 0.44677624106407166, 0.9903975129127502, 0.10129623860120773, 0.17480018734931946, 1.361810326576233, 0.8238061666488647, 0.8300051093101501, 0.8300051093101501, 0.9886489510536194, '02:45']
[41, 0.4266745448112488, 0.4479132890701294, 0.9905180931091309, 0.09806749224662781, 0.17479071021080017, 1.3193796873092651, 0.8317419290542603, 0.8399363160133362, 0.8399363160133362, 0.9178562164306641, '02:45']
[42, 0.44074541330337524, 0.46052202582359314, 0.9875053763389587, 0.08779088407754898, 0.1763351559638977, 1.494038701057434, 0.8393312096595764, 0.8499175906181335, 0.8499175906181335, 1.8407078981399536, '02:45']
[43, 0.42458590865135193, 0.4473303258419037, 0.9878306984901428, 0.10086779296398163, 0.17617258429527283, 1.4721847772598267, 0.8185868263244629, 0.8293437957763672, 0.8293437957763672, 1.6529009342193604, '02:45']
[44, 0.42448440194129944, 0.4412170648574829, 0.9898262619972229, 0.10679343342781067, 0.17507486045360565, 1.383013129234314, 0.8144586086273193, 0.8245794773101807, 0.8245794773101807, 1.1827149391174316, '02:45']
[45, 0.43016761541366577, 0.44334420561790466, 0.9896504282951355, 0.10460928827524185, 0.17519164085388184, 1.3940157890319824, 0.8169776797294617, 0.8266357779502869, 0.8266357779502869, 1.2243808507919312, '02:45']
[46, 0.43759945034980774, 0.4471597373485565, 0.9891205430030823, 0.09951726347208023, 0.1754695475101471, 1.421814203262329, 0.8260172605514526, 0.8351084589958191, 0.8351084589958191, 1.4412471055984497, '02:45']
[47, 0.42984360456466675, 0.44412335753440857, 0.9911938905715942, 0.1027558222413063, 0.17434066534042358, 1.2877556085586548, 0.8256784677505493, 0.8329372406005859, 0.8329372406005859, 0.7175509929656982, '02:45']
[48, 0.43422719836235046, 0.4383895993232727, 0.9893423914909363, 0.1094268262386322, 0.17538560926914215, 1.4143096208572388, 0.8124691247940063, 0.8211526870727539, 0.8211526870727539, 1.3710992336273193, '02:45']
[49, 0.4424251616001129, 0.441013365983963, 0.9897546172142029, 0.10639665275812149, 0.17511537671089172, 1.3987289667129517, 0.8158096671104431, 0.8251455426216125, 0.8251455426216125, 1.2915421724319458, '02:45']
[50, 0.4216998517513275, 0.44658130407333374, 0.9899798631668091, 0.10086382925510406, 0.1750335395336151, 1.367103934288025, 0.823343813419342, 0.8317562937736511, 0.8317562937736511, 1.1033053398132324, '02:45']
[51, 0.435133159160614, 0.45631593465805054, 0.9853308796882629, 0.09142670780420303, 0.17740096151828766, 1.5533934831619263, 0.8290565013885498, 0.8420345783233643, 0.8420345783233643, 2.5051751136779785, '02:45']
[52, 0.4320051074028015, 0.4455437958240509, 0.987721860408783, 0.10449749231338501, 0.17628154158592224, 1.5029253959655762, 0.8135435581207275, 0.824799656867981, 0.824799656867981, 1.9307448863983154, '02:45']
[53, 0.4229089021682739, 0.452901154756546, 0.9877274632453918, 0.09485378116369247, 0.176260843873024, 1.493505597114563, 0.8289486169815063, 0.8403550386428833, 0.8403550386428833, 1.9248275756835938, '02:45']
[54, 0.4296922981739044, 0.48413795232772827, 0.9772536754608154, 0.07462956756353378, 0.1816360503435135, 1.6925235986709595, 0.8378384709358215, 0.8665899038314819, 0.8665899038314819, 5.086678504943848, '02:45']
[55, 0.42303726077079773, 0.44378727674484253, 0.9891287684440613, 0.10335458070039749, 0.17550501227378845, 1.3943759202957153, 0.8230478167533875, 0.8308479189872742, 0.8308479189872742, 1.2278316020965576, '02:45']
[56, 0.42965349555015564, 0.4562912583351135, 0.991508424282074, 0.08731231093406677, 0.17412316799163818, 1.2337110042572021, 0.842692494392395, 0.8549692630767822, 0.8549692630767822, 0.5962422490119934, '02:45']
[57, 0.4283815324306488, 0.44636595249176025, 0.9886157512664795, 0.10013651102781296, 0.1756892204284668, 1.4531196355819702, 0.8221451044082642, 0.8324534296989441, 0.8324534296989441, 1.61597740650177, '02:45']
No improvement since epoch 48: early stopping
----------
4
----------
DLS create!
[0, 0.5126569867134094, 0.4976294934749603, 0.9875425696372986, 0.04596935212612152, 0.17671963572502136, 1.346660852432251, 0.9425132870674133, 0.931672990322113, 0.931672990322113, inf, '02:45']
[1, 0.49481281638145447, 0.4851098954677582, 0.9806843996047974, 0.06508991867303848, 0.17862708866596222, 1.5559425354003906, 0.8989729881286621, 0.8916125893592834, 0.8916125893592834, inf, '02:45']
[2, 0.486069917678833, 0.47813618183135986, 0.983488142490387, 0.07138952612876892, 0.17714029550552368, 1.5243260860443115, 0.8827484250068665, 0.8750194907188416, 0.8750194907188416, inf, '02:45']
[3, 0.4839288592338562, 0.4740697145462036, 0.9878067374229431, 0.0713772401213646, 0.17518913745880127, 1.3890751600265503, 0.8811797499656677, 0.8758108615875244, 0.8758108615875244, inf, '02:45']
[4, 0.4759356677532196, 0.47520190477371216, 0.9864898920059204, 0.07386106997728348, 0.1756582111120224, 1.4465994834899902, 0.8753145337104797, 0.8678199648857117, 0.8678199648857117, inf, '02:45']
[5, 0.46584710478782654, 0.49325552582740784, 0.982653021812439, 0.05974544584751129, 0.1776115894317627, 1.5670908689498901, 0.8914222121238708, 0.8863168954849243, 0.8863168954849243, inf, '02:45']
[6, 0.4687215983867645, 0.46765366196632385, 0.9845430850982666, 0.08566775172948837, 0.1765879988670349, 1.5039349794387817, 0.853139340877533, 0.8495936989784241, 0.8495936989784241, inf, '02:45']
[7, 0.45953986048698425, 0.4490623474121094, 0.9878698587417603, 0.10704545676708221, 0.17518959939479828, 1.3902395963668823, 0.8239629864692688, 0.819173276424408, 0.819173276424408, inf, '02:45']
[8, 0.4517785906791687, 0.4539250433444977, 0.9880340099334717, 0.10026676207780838, 0.1750689595937729, 1.3851079940795898, 0.8340417146682739, 0.8289757966995239, 0.8289757966995239, inf, '02:45']
[9, 0.4597468674182892, 0.4575357139110565, 0.9873281717300415, 0.09666837751865387, 0.17531992495059967, 1.4194369316101074, 0.8378943800926208, 0.8327162265777588, 0.8327162265777588, inf, '02:45']
[10, 0.45764613151550293, 0.4465002715587616, 0.9890600442886353, 0.11041323095560074, 0.17446166276931763, 1.3220129013061523, 0.8187516927719116, 0.8165488243103027, 0.8165488243103027, inf, '02:45']
[11, 0.4489526152610779, 0.4374759793281555, 0.9887412190437317, 0.12240148335695267, 0.1747852861881256, 1.3440093994140625, 0.8052212595939636, 0.8028261065483093, 0.8028261065483093, inf, '02:45']
[12, 0.45492058992385864, 0.4438607096672058, 0.9892870187759399, 0.11396947503089905, 0.17447203397750854, 1.3094713687896729, 0.8162067532539368, 0.8144317865371704, 0.8144317865371704, inf, '02:45']
[13, 0.4507482647895813, 0.4731592833995819, 0.9898137450218201, 0.07549245655536652, 0.1740102767944336, 1.232887625694275, 0.8646383285522461, 0.8676722049713135, 0.8676722049713135, inf, '02:45']
[14, 0.4482499063014984, 0.4739018380641937, 0.9831137657165527, 0.0838228315114975, 0.17762060463428497, 1.5466326475143433, 0.8461421728134155, 0.8477616310119629, 0.8477616310119629, inf, '02:45']
[15, 0.4576778709888458, 0.4565019905567169, 0.9858956336975098, 0.09727190434932709, 0.1760566383600235, 1.4812971353530884, 0.833274781703949, 0.8304022550582886, 0.8304022550582886, inf, '02:45']
[16, 0.44166162610054016, 0.4327223002910614, 0.9877715110778809, 0.12830579280853271, 0.17530116438865662, 1.4211286306381226, 0.7856658101081848, 0.7844206094741821, 0.7844206094741821, inf, '02:45']
[17, 0.44809049367904663, 0.4325886070728302, 0.9883924126625061, 0.12825970351696014, 0.1750415712594986, 1.3810505867004395, 0.7907675504684448, 0.7897683382034302, 0.7897683382034302, inf, '02:45']
[18, 0.4489198923110962, 0.4506770968437195, 0.9840720295906067, 0.10775675624608994, 0.17720061540603638, 1.5513217449188232, 0.8046055436134338, 0.8093001246452332, 0.8093001246452332, inf, '02:45']
[19, 0.448505163192749, 0.43658530712127686, 0.9875389933586121, 0.12176621705293655, 0.1754341572523117, 1.4303971529006958, 0.7963894009590149, 0.7959907054901123, 0.7959907054901123, inf, '02:45']
[20, 0.451633483171463, 0.4378114938735962, 0.9852688312530518, 0.1210506334900856, 0.1766016036272049, 1.5122294425964355, 0.7940535545349121, 0.7974198460578918, 0.7974198460578918, inf, '02:45']
[21, 0.442523330450058, 0.4462200999259949, 0.986202597618103, 0.11286108195781708, 0.17612820863723755, 1.4791899919509888, 0.8137510418891907, 0.8089882731437683, 0.8089882731437683, inf, '02:45']
[22, 0.4468734860420227, 0.429153174161911, 0.9865148067474365, 0.13327905535697937, 0.17609545588493347, 1.4680356979370117, 0.7843958139419556, 0.7821460366249084, 0.7821460366249084, inf, '02:45']
[23, 0.439858615398407, 0.45314091444015503, 0.9891168475151062, 0.10228678584098816, 0.17443910241127014, 1.314815640449524, 0.8272610902786255, 0.8284112811088562, 0.8284112215042114, inf, '02:45']
[24, 0.44637346267700195, 0.44597384333610535, 0.9897556900978088, 0.10884393006563187, 0.17412355542182922, 1.2650301456451416, 0.8170367479324341, 0.8189823627471924, 0.8189823627471924, inf, '02:45']
[25, 0.4462229907512665, 0.4274948239326477, 0.9864991307258606, 0.13487210869789124, 0.17606469988822937, 1.4722260236740112, 0.7782096266746521, 0.7774852514266968, 0.7774852514266968, inf, '02:45']
[26, 0.44908663630485535, 0.4471559226512909, 0.9838705062866211, 0.11215013265609741, 0.1774701029062271, 1.5384061336517334, 0.8014616370201111, 0.8058006763458252, 0.8058006763458252, inf, '02:45']
[27, 0.44465169310569763, 0.43939462304115295, 0.98627769947052, 0.11938709020614624, 0.1761535257101059, 1.4797618389129639, 0.7970550060272217, 0.7991906404495239, 0.7991906404495239, inf, '02:45']
[28, 0.44710206985473633, 0.45198163390159607, 0.9795438647270203, 0.11273527890443802, 0.17973369359970093, 1.603859782218933, 0.79340660572052, 0.8032147884368896, 0.8032147884368896, inf, '02:45']
[29, 0.4377809464931488, 0.42423897981643677, 0.988132894039154, 0.13829052448272705, 0.1751628816127777, 1.3940321207046509, 0.7753273844718933, 0.7756564617156982, 0.7756565809249878, inf, '02:45']
[30, 0.4387805461883545, 0.4313410818576813, 0.9879571795463562, 0.1289328783750534, 0.17526918649673462, 1.4156793355941772, 0.7865855097770691, 0.7864729762077332, 0.7864729762077332, inf, '02:45']
[31, 0.4446014165878296, 0.43171411752700806, 0.9890191555023193, 0.12933053076267242, 0.17464379966259003, 1.3300416469573975, 0.7893838286399841, 0.7881290912628174, 0.7881290912628174, inf, '02:45']
[32, 0.44044867157936096, 0.4169420003890991, 0.9893419146537781, 0.14789189398288727, 0.17452070116996765, 1.3386313915252686, 0.760377049446106, 0.7610554099082947, 0.7610554099082947, inf, '02:45']
[33, 0.4402596056461334, 0.42497748136520386, 0.9877579808235168, 0.1371559500694275, 0.17539723217487335, 1.4335880279541016, 0.7711555361747742, 0.7718836069107056, 0.7718836069107056, inf, '02:45']
[34, 0.43402618169784546, 0.4394688010215759, 0.9842562079429626, 0.12049823254346848, 0.17723047733306885, 1.5279312133789062, 0.7877871990203857, 0.7935368418693542, 0.7935369610786438, inf, '02:45']
[35, 0.44763848185539246, 0.4257519245147705, 0.9883418083190918, 0.13571256399154663, 0.17501719295978546, 1.3960130214691162, 0.7721593379974365, 0.7739314436912537, 0.7739314436912537, inf, '02:45']
[36, 0.43107470870018005, 0.4323573708534241, 0.9870334267616272, 0.1270969659090042, 0.1758081316947937, 1.448988676071167, 0.7831146717071533, 0.7846352458000183, 0.7846352458000183, inf, '02:45']
[37, 0.43261343240737915, 0.4741823077201843, 0.9797874689102173, 0.08854993432760239, 0.1793861985206604, 1.6254972219467163, 0.8320017457008362, 0.8386048078536987, 0.8386048078536987, inf, '02:45']
[38, 0.43734264373779297, 0.43665584921836853, 0.9853631258010864, 0.12221979349851608, 0.17665989696979523, 1.5188556909561157, 0.7880694270133972, 0.791694700717926, 0.791694700717926, inf, '02:45']
[39, 0.4313969612121582, 0.4230334162712097, 0.9884294271469116, nan, 0.1750866174697876, 1.3800609111785889, 0.7702848315238953, 0.7694717645645142, 0.7694717645645142, nan, '02:45']
[40, 0.4370284080505371, 0.42164161801338196, 0.9893555045127869, 0.141086146235466, 0.1744823455810547, 1.327519416809082, 0.7680421471595764, 0.7686765789985657, 0.7686765789985657, inf, '02:45']
[41, 0.4324348270893097, 0.4147733449935913, 0.9888451099395752, 0.15064582228660583, 0.17482182383537292, 1.3736964464187622, 0.753836452960968, 0.7561929821968079, 0.7561929821968079, inf, '02:45']
[42, 0.43887293338775635, 0.4188348352909088, 0.9882665872573853, 0.14482718706130981, 0.17517265677452087, 1.3984090089797974, 0.7605794072151184, 0.76221764087677, 0.76221764087677, inf, '02:45']
[43, 0.43280768394470215, 0.4371011555194855, 0.9833327531814575, 0.12406621128320694, 0.17785309255123138, 1.5481441020965576, 0.7783311009407043, 0.7880463600158691, 0.7880463600158691, inf, '02:45']
[44, 0.4460469186306, 0.4302103817462921, 0.9839367270469666, 0.1302378922700882, 0.1775779128074646, 1.5378118753433228, 0.7753853797912598, 0.7837981581687927, 0.7837981581687927, inf, '02:45']
[45, 0.42653417587280273, 0.4301254153251648, 0.9903003573417664, 0.13055936992168427, 0.17393089830875397, 1.2349371910095215, 0.7793333530426025, 0.7878692746162415, 0.787869393825531, inf, '02:45']
[46, 0.428505539894104, 0.4278777539730072, 0.9895794987678528, nan, 0.17433564364910126, 1.29630446434021, 0.7820109128952026, 0.7825990915298462, 0.7825990915298462, nan, '02:45']
[47, 0.43993550539016724, 0.43050143122673035, 0.9871028661727905, 0.13110291957855225, 0.17572493851184845, 1.4524937868118286, 0.7758762240409851, 0.7779847383499146, 0.7779847383499146, inf, '02:45']
[48, 0.43028610944747925, 0.4154454469680786, 0.9888098835945129, 0.15028035640716553, 0.1748959720134735, 1.3729511499404907, 0.757011353969574, 0.7567546963691711, 0.7567546963691711, inf, '02:45']
[49, 0.43579041957855225, 0.4327980875968933, 0.9853681325912476, 0.12873724102973938, 0.17685095965862274, 1.507151484489441, 0.775823712348938, 0.7825815081596375, 0.7825815081596375, inf, '02:45']
[50, 0.4254521429538727, 0.41790062189102173, 0.9889744520187378, 0.14778466522693634, 0.17480379343032837, 1.3477962017059326, 0.7557404637336731, 0.7558484673500061, 0.7558484673500061, inf, '02:45']
No improvement since epoch 41: early stopping
Unet_dpn131 Done!
