Models will save to Unet_xcep_x
Use xception encoder
Start training...
----------
0
----------
DLS create!
[0, 0.5376972556114197, 0.5048068165779114, 0.9920497536659241, 0.01592029072344303, 0.18276968598365784, 1.4065426588058472, 0.9554250836372375, 0.958460807800293, 0.958460807800293, 0.5587917566299438, '00:54']
[1, 0.5050262212753296, 0.4852208197116852, 0.983759343624115, 0.0521395280957222, 0.17908798158168793, 1.6052017211914062, 0.9139246940612793, 0.9201029539108276, 0.9201029539108276, 3.2344934940338135, '00:51']
[2, 0.49109822511672974, 0.48594462871551514, 0.9771792888641357, 0.058015961199998856, 0.18146975338459015, 1.671683669090271, 0.9003491997718811, 0.9077426195144653, 0.9077426195144653, 5.674643516540527, '00:52']
[3, 0.48381397128105164, 0.48561516404151917, 0.9909924864768982, 0.04610522836446762, 0.1750345528125763, 1.357943058013916, 0.9267218112945557, 0.9256221652030945, 0.9256221652030945, 0.8445465564727783, '00:54']
[4, 0.4814812242984772, 0.46702808141708374, 0.9874833822250366, 0.07149123400449753, 0.17683787643909454, 1.506807804107666, 0.8836724162101746, 0.8880683779716492, 0.8880683779716492, 1.977156400680542, '00:53']
[5, 0.4827190637588501, 0.46964123845100403, 0.9917024970054626, 0.06337505578994751, 0.17480772733688354, 1.3541896343231201, 0.8990859985351562, 0.8998307585716248, 0.8998307585716248, 0.8391512036323547, '00:51']
[6, 0.4741080403327942, 0.4514084458351135, 0.9900487065315247, 0.08901288360357285, 0.1756190061569214, 1.4714595079421997, 0.8555341958999634, 0.858242392539978, 0.858242392539978, 1.4495511054992676, '00:52']
[7, 0.4735255241394043, 0.4538078308105469, 0.9896707534790039, 0.0880064144730568, 0.1758246272802353, 1.4529697895050049, 0.8622952699661255, 0.8644523024559021, 0.8644523024559021, 1.4816778898239136, '00:52']
[8, 0.46918901801109314, 0.46064186096191406, 0.9881395697593689, 0.07697316259145737, 0.17651055753231049, 1.5482873916625977, 0.8687319159507751, 0.8725970983505249, 0.8725970983505249, 2.1490418910980225, '00:52']
[9, 0.46678823232650757, 0.43996500968933105, 0.9893237948417664, 0.10409045219421387, 0.17602261900901794, 1.494637370109558, 0.8294716477394104, 0.8349489569664001, 0.8349489569664001, 1.7251081466674805, '00:52']
[10, 0.4604354202747345, 0.4387354552745819, 0.9915357232093811, 0.10289935022592545, 0.17489740252494812, 1.3550018072128296, 0.8317204713821411, 0.8345431089401245, 0.8345431089401245, 0.9427883625030518, '00:52']
[11, 0.4588860273361206, 0.4500035047531128, 0.992674708366394, 0.08782358467578888, 0.174216166138649, 1.2425142526626587, 0.8497024178504944, 0.8571746349334717, 0.8571745157241821, 0.5475909113883972, '00:52']
[12, 0.4646984040737152, 0.4584035277366638, 0.9811065793037415, 0.09060398489236832, 0.18031230568885803, 1.7009271383285522, 0.8218296766281128, 0.8473581075668335, 0.8473581075668335, 4.082573413848877, '00:52']
[13, 0.4619733989238739, 0.45659369230270386, 0.9930045008659363, 0.08779607713222504, 0.1742798238992691, 1.2680714130401611, 0.8693636655807495, 0.8733527660369873, 0.8733527660369873, 0.5597721338272095, '00:55']
[14, 0.46543341875076294, 0.4329523742198944, 0.9903779029846191, 0.113472580909729, 0.1755833625793457, 1.4608662128448486, 0.8198695182800293, 0.8248744606971741, 0.8248744606971741, 1.523205041885376, '00:52']
[15, 0.4435782730579376, 0.45565730333328247, 0.9838115572929382, 0.09108500927686691, 0.17879736423492432, 1.608417272567749, 0.8282878398895264, 0.8451697826385498, 0.8451697826385498, 2.853559732437134, '00:53']
[16, 0.4554426372051239, 0.4475366175174713, 0.9851028323173523, 0.09695272147655487, 0.17827703058719635, 1.635793924331665, 0.8262183666229248, 0.8424498438835144, 0.8424498438835144, 3.1256773471832275, '00:52']
[17, 0.45397743582725525, 0.4336508512496948, 0.9899153709411621, 0.11011705547571182, 0.1757710874080658, 1.467585802078247, 0.8165634870529175, 0.8214022517204285, 0.8214022517204285, 1.5045174360275269, '00:53']
[18, 0.45539799332618713, 0.4308006167411804, 0.9918253421783447, 0.11483106017112732, 0.17483332753181458, 1.3677932024002075, 0.8204467296600342, 0.8222611546516418, 0.8222611546516418, 0.971854567527771, '00:51']
[19, 0.44485706090927124, 0.45111194252967834, 0.9931015372276306, 0.08820644021034241, 0.1740853637456894, 1.2246437072753906, 0.8568347096443176, 0.8638443946838379, 0.8638443946838379, 0.48228269815444946, '00:53']
[20, 0.45732420682907104, 0.4467054009437561, 0.9877192974090576, 0.09606879949569702, 0.1768684834241867, 1.543998122215271, 0.8363715410232544, 0.8443593382835388, 0.8443593382835388, 2.2450668811798096, '00:52']
[21, 0.450621634721756, 0.44130003452301025, 0.9878848195075989, 0.10255755484104156, 0.17681771516799927, 1.5203686952590942, 0.8223127126693726, 0.8312358856201172, 0.8312358856201172, 1.957578182220459, '00:53']
[22, 0.4427559971809387, 0.4488975405693054, 0.9831210374832153, 0.09988821297883987, 0.17935122549533844, 1.6624187231063843, 0.8088910579681396, 0.8304465413093567, 0.8304465413093567, 3.281102180480957, '00:52']
[23, 0.445117324590683, 0.4357905685901642, 0.9906672835350037, 0.10761964321136475, 0.17534855008125305, 1.424056053161621, 0.8169639706611633, 0.8220869302749634, 0.8220869302749634, 1.2295430898666382, '00:52']
[24, 0.4362958073616028, 0.4360605776309967, 0.9933031797409058, 0.10497181117534637, 0.17389574646949768, 1.208791732788086, 0.817008376121521, 0.8282644152641296, 0.8282644152641296, 0.47055473923683167, '00:52']
[25, 0.449862003326416, 0.4523812234401703, 0.9801458120346069, 0.09712733328342438, 0.18084967136383057, 1.703615427017212, 0.8051986694335938, 0.8363565802574158, 0.8363565802574158, 4.233504295349121, '00:52']
[26, 0.4489017426967621, 0.4582478702068329, 0.987393856048584, 0.08205786347389221, 0.17690497636795044, 1.58432936668396, 0.856082022190094, 0.8610396385192871, 0.8610396385192871, 2.5918726921081543, '00:52']
[27, 0.44869017601013184, 0.4367593824863434, 0.988309919834137, 0.1070377454161644, 0.17655692994594574, 1.5536860227584839, 0.8140393495559692, 0.8235512971878052, 0.8235512971878052, 2.1807351112365723, '00:52']
No improvement since epoch 18: early stopping
----------
1
----------
DLS create!
[0, 0.5345639586448669, 0.5165968537330627, 0.9929456114768982, 0.0053972904570400715, 0.18331877887248993, 1.3449831008911133, 0.9781420826911926, 0.9457731246948242, 0.9457731246948242, inf, '00:52']
[1, 0.50412917137146, 0.5024755597114563, 0.9780278205871582, 0.0396113283932209, 0.1826063096523285, 1.672547698020935, 0.9325077533721924, 0.9116049408912659, 0.9116049408912659, inf, '00:52']
[2, 0.49232086539268494, 0.5947521328926086, 0.9160373210906982, 0.023839030414819717, 0.21214303374290466, 1.909833312034607, 0.9363440871238708, 0.9276487827301025, 0.9276487827301025, inf, '00:53']
[3, 0.49203118681907654, 0.4848100244998932, 0.985713541507721, 0.05240766331553459, 0.1777249425649643, 1.6180275678634644, 0.909281313419342, 0.88657146692276, 0.88657146692276, inf, '00:52']
[4, 0.49292436242103577, 0.488849937915802, 0.9786258935928345, 0.057430200278759, 0.18163414299488068, 1.7183586359024048, 0.8958883881568909, 0.881691575050354, 0.881691575050354, inf, '00:52']
[5, 0.4869924485683441, 0.4703724682331085, 0.9852532148361206, 0.07194674015045166, 0.17777155339717865, 1.6389371156692505, 0.8754541873931885, 0.85612952709198, 0.85612952709198, inf, '00:52']
[6, 0.48600637912750244, 0.4674445390701294, 0.9831504225730896, 0.07819165289402008, 0.1789001226425171, 1.6743685007095337, 0.8626042008399963, 0.8475207090377808, 0.8475207090377808, inf, '00:52']
[7, 0.47740989923477173, 0.4591221213340759, 0.9913859963417053, 0.0821288600564003, 0.1746688187122345, 1.4232679605484009, 0.8664097785949707, 0.8435377478599548, 0.8435377478599548, inf, '00:52']
[8, 0.4771140515804291, 0.46116840839385986, 0.9887610077857971, 0.08161024004220963, 0.17598196864128113, 1.559255599975586, 0.86282879114151, 0.8404740691184998, 0.8404740691184998, inf, '00:54']
[9, 0.4731980264186859, 0.4471825957298279, 0.9911335110664368, 0.09853392839431763, 0.17494694888591766, 1.4603586196899414, 0.8428552746772766, 0.8209010362625122, 0.8209010362625122, inf, '00:53']
[10, 0.4764566421508789, 0.4506332278251648, 0.9915036559104919, 0.09491428732872009, 0.17479832470417023, 1.4517204761505127, 0.8470677137374878, 0.8267525434494019, 0.8267525434494019, inf, '00:52']
[11, 0.471297025680542, 0.444074809551239, 0.9878988862037659, 0.10223452001810074, 0.17659801244735718, 1.600525975227356, 0.8209831714630127, 0.8076558709144592, 0.8076558709144592, inf, '00:52']
[12, 0.46419352293014526, 0.4782564043998718, 0.9744424819946289, 0.0737752914428711, 0.18315979838371277, 1.7676905393600464, 0.8477420210838318, 0.847047746181488, 0.847047746181488, inf, '00:52']
[13, 0.46329495310783386, 0.48773881793022156, 0.9759170413017273, 0.06180901452898979, 0.18232078850269318, 1.7468278408050537, 0.8724144101142883, 0.8658085465431213, 0.8658085465431213, inf, '00:52']
[14, 0.46491557359695435, 0.44107508659362793, 0.9891115427017212, 0.10466398298740387, 0.175945445895195, 1.5726035833358765, 0.8160195350646973, 0.7997168898582458, 0.7997168898582458, inf, '00:52']
[15, 0.4609028995037079, 0.44512906670570374, 0.9915087819099426, 0.09689691662788391, 0.17458829283714294, 1.4133988618850708, 0.8333237171173096, 0.8130004405975342, 0.8130004405975342, inf, '00:52']
[16, 0.4615143835544586, 0.43577542901039124, 0.9893991351127625, 0.11358092725276947, 0.17590585350990295, 1.5630278587341309, 0.8136146664619446, 0.7953122854232788, 0.7953122854232788, inf, '00:53']
[17, 0.4549292325973511, 0.4404502511024475, 0.991989254951477, 0.1029277965426445, 0.1742836982011795, 1.3968802690505981, 0.8224403858184814, 0.8046384453773499, 0.8046384453773499, inf, '00:51']
[18, 0.4567556381225586, 0.4468063414096832, 0.9930416345596313, 0.0981542244553566, 0.17378781735897064, 1.247717261314392, 0.8381221294403076, 0.8218972086906433, 0.8218972086906433, inf, '00:52']
[19, 0.456682950258255, 0.42788413166999817, 0.9911229610443115, 0.12008100748062134, 0.17492960393428802, 1.4740195274353027, 0.8012641072273254, 0.7809688448905945, 0.7809688448905945, inf, '00:52']
[20, 0.44988390803337097, 0.44560983777046204, 0.9900237917900085, 0.09702979028224945, 0.1753821074962616, 1.5227322578430176, 0.8318494558334351, 0.8138707876205444, 0.8138707876205444, inf, '00:52']
[21, 0.4602644443511963, 0.42833244800567627, 0.9903895258903503, 0.11999713629484177, 0.17522774636745453, 1.503918170928955, 0.8047623634338379, 0.7830806970596313, 0.7830806970596313, inf, '00:52']
[22, 0.4419947564601898, 0.4634740352630615, 0.9820051789283752, 0.08907028287649155, 0.17964373528957367, 1.7217825651168823, 0.8243848085403442, 0.8196380138397217, 0.8196380138397217, inf, '00:52']
[23, 0.4457165598869324, 0.44627100229263306, 0.9924967288970947, 0.0938982367515564, 0.1739615648984909, 1.3075666427612305, 0.8347463011741638, 0.818027138710022, 0.818027138710022, inf, '00:53']
[24, 0.4507230818271637, 0.4435650110244751, 0.9839128255844116, 0.10645509511232376, 0.17873385548591614, 1.6978514194488525, 0.797946572303772, 0.7938379049301147, 0.7938379049301147, inf, '00:52']
[25, 0.4451260566711426, 0.4401037096977234, 0.9900265336036682, 0.103681281208992, 0.17536063492298126, 1.51253080368042, 0.8233286142349243, 0.8037407994270325, 0.8037407994270325, inf, '00:53']
[26, 0.43684887886047363, 0.43065568804740906, 0.9888117909431458, 0.11759526282548904, 0.17617185413837433, 1.5963162183761597, 0.795133650302887, 0.7798088192939758, 0.7798088192939758, inf, '00:52']
[27, 0.4351320266723633, 0.4240427017211914, 0.9923965334892273, 0.12588876485824585, 0.17422796785831451, 1.3212101459503174, 0.7922430038452148, 0.7712777853012085, 0.7712777853012085, inf, '00:52']
[28, 0.4410129487514496, 0.42367321252822876, 0.9905632734298706, 0.12556315958499908, 0.17525896430015564, 1.531838297843933, 0.7876006960868835, 0.7700917720794678, 0.7700917720794678, inf, '00:52']
[29, 0.43622663617134094, 0.4296967089176178, 0.9909178614616394, 0.11691610515117645, 0.1749802827835083, 1.4807559251785278, 0.8003746867179871, 0.7802735567092896, 0.7802735567092896, inf, '00:53']
[30, 0.4476059377193451, 0.4242326021194458, 0.9881557822227478, 0.12459632754325867, 0.17654210329055786, 1.595456838607788, 0.7813149094581604, 0.7670525312423706, 0.7670525312423706, inf, '00:52']
[31, 0.4334052801132202, 0.42061200737953186, 0.9918214678764343, 0.12864048779010773, 0.17455871403217316, 1.4249374866485596, 0.7870953679084778, 0.7666708827018738, 0.7666708827018738, inf, '00:51']
[32, 0.4382435977458954, 0.43489041924476624, 0.9928138256072998, 0.11012398451566696, 0.17392072081565857, 1.3166378736495972, 0.8114991784095764, 0.7961885929107666, 0.7961885929107666, inf, '00:52']
[33, 0.44584476947784424, 0.42889130115509033, 0.9917401671409607, 0.1161579117178917, 0.17457929253578186, 1.346971869468689, 0.8034982085227966, 0.7849934101104736, 0.7849934101104736, inf, '00:52']
[34, 0.4337964653968811, 0.4316991865634918, 0.9931386709213257, 0.11293935030698776, 0.17369310557842255, 1.2549282312393188, 0.7971158623695374, 0.7867190837860107, 0.7867190837860107, inf, '00:52']
[35, 0.4367983043193817, 0.44105061888694763, 0.9924253225326538, 0.098481185734272, 0.1740635484457016, 1.3479734659194946, 0.8234793543815613, 0.8068264126777649, 0.8068264126777649, inf, '00:53']
[36, 0.4443226456642151, 0.41979846358299255, 0.9909292459487915, 0.1297096461057663, 0.1750210076570511, 1.4821430444717407, 0.7841883301734924, 0.7645736336708069, 0.7645736336708069, inf, '00:53']
[37, 0.43641453981399536, 0.4431881308555603, 0.9911268353462219, 0.0988396406173706, 0.1748678833246231, 1.3798373937606812, 0.8255616426467896, 0.8082624673843384, 0.8082624673843384, inf, '00:52']
[38, 0.42980173230171204, 0.4194048047065735, 0.991322934627533, 0.12846191227436066, 0.17481110990047455, 1.4693013429641724, 0.7859488725662231, 0.7634683847427368, 0.7634683847427368, inf, '00:52']
[39, 0.43235230445861816, 0.4290572702884674, 0.9899085164070129, 0.11784279346466064, 0.17548586428165436, 1.5233519077301025, 0.7997269034385681, 0.7800759673118591, 0.7800759673118591, inf, '00:53']
[40, 0.4418852627277374, 0.4191853404045105, 0.9915682673454285, 0.1287524551153183, 0.17464303970336914, 1.4426589012145996, 0.7814698815345764, 0.761698842048645, 0.761698842048645, inf, '00:52']
[41, 0.44866281747817993, 0.4147111475467682, 0.9925870895385742, 0.1357230842113495, 0.1741657704114914, 1.366593837738037, 0.7811485528945923, 0.7605496644973755, 0.7605496644973755, inf, '00:52']
[42, 0.44143566489219666, 0.41931551694869995, 0.9906947016716003, 0.13035574555397034, 0.17522473633289337, 1.4974238872528076, 0.7879118323326111, 0.7679873108863831, 0.7679873108863831, inf, '00:52']
[43, 0.43660789728164673, 0.4136413037776947, 0.992521345615387, 0.1371115893125534, 0.17416736483573914, 1.3581875562667847, 0.7753546833992004, 0.7548096179962158, 0.7548096179962158, inf, '00:54']
[44, 0.4375760853290558, 0.4224153459072113, 0.9904142618179321, 0.12542089819908142, 0.17532016336917877, 1.437687635421753, 0.7908207178115845, 0.7709582448005676, 0.7709582448005676, inf, '00:52']
[45, 0.43611055612564087, 0.41435837745666504, 0.9904955625534058, 0.13651567697525024, 0.1753842979669571, 1.5262370109558105, 0.7723029255867004, 0.7549622058868408, 0.7549622058868408, inf, '00:54']
[46, 0.4407302737236023, 0.42585626244544983, 0.9914290308952332, 0.11938343942165375, 0.1747157722711563, 1.444244146347046, 0.7936251759529114, 0.7733791470527649, 0.7733791470527649, inf, '00:53']
[47, 0.4336749315261841, 0.4219631254673004, 0.9915662407875061, 0.12528376281261444, 0.17466305196285248, 1.4537416696548462, 0.7856448292732239, 0.766697347164154, 0.766697347164154, inf, '00:52']
[48, 0.4350549578666687, 0.4266396462917328, 0.991325855255127, 0.11931072920560837, 0.17477822303771973, 1.446075201034546, 0.7997313737869263, 0.7777033448219299, 0.7777033448219299, inf, '00:53']
[49, 0.4446166753768921, 0.46140575408935547, 0.9779163599014282, 0.08829592913389206, 0.18158769607543945, 1.7477935552597046, 0.8180447816848755, 0.820433497428894, 0.820433497428894, inf, '00:52']
[50, 0.4275340139865875, 0.42993664741516113, 0.986269474029541, 0.1194211021065712, 0.17763356864452362, 1.657408595085144, 0.7837175130844116, 0.7764278650283813, 0.7764278650283813, inf, '00:52']
[51, 0.4297802746295929, 0.4286425709724426, 0.9926778674125671, 0.11599061638116837, 0.17396385967731476, 1.3180387020111084, 0.7989025115966797, 0.7824422121047974, 0.7824422121047974, inf, '00:52']
[52, 0.4413958191871643, 0.4307887852191925, 0.9896072745323181, 0.11308516561985016, 0.17569859325885773, 1.5263434648513794, 0.8032455444335938, 0.785918653011322, 0.785918653011322, inf, '00:52']
No improvement since epoch 43: early stopping
----------
2
----------
DLS create!
[0, 0.5377011299133301, 0.5179740190505981, 0.9925863146781921, 0.001974657643586397, 0.18229973316192627, 1.3805968761444092, 0.9777494072914124, 0.9763350486755371, 0.9763350486755371, 0.11417096853256226, '00:52']
[1, 0.5050157904624939, 0.495864599943161, 0.9823418855667114, 0.044803015887737274, 0.17847655713558197, 1.512049913406372, 0.9319563508033752, 0.9382866621017456, 0.9382866621017456, 5.76907205581665, '00:52']
[2, 0.49683520197868347, 0.4942884147167206, 0.9890406131744385, 0.04118508845567703, 0.17548373341560364, 1.441684365272522, 0.9317269325256348, 0.9365021586418152, 0.9365021586418152, 2.2794065475463867, '00:52']
[3, 0.48815450072288513, 0.4937181770801544, 0.9846396446228027, 0.04394693672657013, 0.1774396002292633, 1.5759471654891968, 0.9249958395957947, 0.9294830560684204, 0.9294830560684204, 4.6024675369262695, '00:52']
[4, 0.4840007722377777, 0.48939940333366394, 0.98154217004776, 0.05511666089296341, 0.17923754453659058, 1.6741541624069214, 0.8955795764923096, 0.9067010879516602, 0.9067010879516602, 6.267356872558594, '00:52']
[5, 0.48304566740989685, 0.4879564046859741, 0.985407292842865, 0.05076289921998978, 0.17754530906677246, 1.5891761779785156, 0.9109278917312622, 0.9189766645431519, 0.9189766645431519, 3.8088479042053223, '00:52']
[6, 0.48308902978897095, 0.4763374626636505, 0.988779604434967, 0.06287848204374313, 0.17567114531993866, 1.4836970567703247, 0.8948190808296204, 0.9004911780357361, 0.9004911780357361, 2.3842992782592773, '00:51']
[7, 0.4836408793926239, 0.48567867279052734, 0.9901136755943298, 0.04897646978497505, 0.17501595616340637, 1.3909552097320557, 0.9172286987304688, 0.9214668273925781, 0.9214668273925781, 1.2575289011001587, '00:52']
[8, 0.4763243794441223, 0.4767802357673645, 0.9901339411735535, 0.06278292834758759, 0.175042524933815, 1.4216116666793823, 0.898607611656189, 0.9053043127059937, 0.9053043127059937, 1.6509910821914673, '00:52']
[9, 0.47594407200813293, 0.4707123339176178, 0.9858735799789429, 0.07197363674640656, 0.17713697254657745, 1.5832403898239136, 0.871617317199707, 0.8830992579460144, 0.8830992579460144, 3.6973118782043457, '00:52']
[10, 0.46347296237945557, 0.47321245074272156, 0.9846687316894531, 0.07162251323461533, 0.1777777075767517, 1.6392669677734375, 0.8657782673835754, 0.8794140219688416, 0.8794139623641968, 4.551367282867432, '00:52']
[11, 0.4593755900859833, 0.4685807228088379, 0.9907137751579285, 0.07014794647693634, 0.17463083565235138, 1.4192427396774292, 0.8748506903648376, 0.8829491138458252, 0.8829491138458252, 1.461426019668579, '00:52']
[12, 0.4618539810180664, 0.4718814492225647, 0.9850702285766602, 0.07142145931720734, 0.17743121087551117, 1.62451171875, 0.8662807941436768, 0.8800394535064697, 0.8800395131111145, 3.8636977672576904, '00:51']
[13, 0.4606080651283264, 0.4689742624759674, 0.9876360893249512, 0.07471015304327011, 0.17636972665786743, 1.5322716236114502, 0.8696435689926147, 0.8783531785011292, 0.8783531785011292, 2.4743916988372803, '00:52']
[14, 0.45689666271209717, 0.48916223645210266, 0.9925649166107178, 0.04932043328881264, 0.17374064028263092, 1.1369928121566772, 0.9227789640426636, 0.9300420880317688, 0.9300420880317688, 0.26697036623954773, '00:52']
[15, 0.4580422639846802, 0.4797951579093933, 0.9822055101394653, 0.06921565532684326, 0.17902971804141998, 1.6736729145050049, 0.8559989929199219, 0.8777403235435486, 0.8777403235435486, 4.358965873718262, '00:52']
[16, 0.4530719220638275, 0.46333107352256775, 0.9868263006210327, 0.0826537162065506, 0.17677591741085052, 1.5367659330368042, 0.8527932167053223, 0.8644055724143982, 0.8644054532051086, 2.809612512588501, '00:52']
[17, 0.44371193647384644, 0.47862330079078674, 0.9830421209335327, 0.06706169247627258, 0.17857174575328827, 1.6502093076705933, 0.8688446879386902, 0.8834308385848999, 0.8834308385848999, 4.677458763122559, '00:51']
[18, 0.45717620849609375, 0.48071110248565674, 0.9829545021057129, 0.06804868578910828, 0.1786080300807953, 1.660294771194458, 0.8699827194213867, 0.8839825987815857, 0.8839825987815857, 5.166301727294922, '00:51']
[19, 0.449088990688324, 0.4544627368450165, 0.9892565011978149, 0.08884377777576447, 0.17544761300086975, 1.4774253368377686, 0.8468629717826843, 0.8556199669837952, 0.8556199669837952, 2.092487096786499, '00:52']
[20, 0.4382927417755127, 0.47410908341407776, 0.9828818440437317, 0.07439280301332474, 0.1788504719734192, 1.6607615947723389, 0.8581162691116333, 0.8741253614425659, 0.8741253614425659, 4.499610424041748, '00:52']
[21, 0.4430481791496277, 0.4510786235332489, 0.9920123815536499, 0.09477901458740234, 0.17403483390808105, 1.2772711515426636, 0.8428009152412415, 0.8527698516845703, 0.8527698516845703, 0.6712841391563416, '00:51']
[22, 0.4476325511932373, 0.44681715965270996, 0.9895868897438049, 0.09917560964822769, 0.17538805305957794, 1.4712120294570923, 0.831633448600769, 0.8400506973266602, 0.8400506973266602, 1.7363587617874146, '00:52']
[23, 0.448220431804657, 0.4773276746273041, 0.9821264147758484, 0.07106363773345947, 0.17924199998378754, 1.6562628746032715, 0.8613202571868896, 0.8792649507522583, 0.8792649507522583, 4.268062114715576, '00:52']
[24, 0.43896251916885376, 0.4591042101383209, 0.9877621531486511, 0.08541048318147659, 0.17626485228538513, 1.5560377836227417, 0.8508713245391846, 0.8586208820343018, 0.8586208820343018, 2.5139591693878174, '00:52']
[25, 0.43959978222846985, 0.457150399684906, 0.9852942228317261, 0.09020661562681198, 0.17754071950912476, 1.6344205141067505, 0.8267332911491394, 0.8471872210502625, 0.8471872210502625, 4.1174798011779785, '00:52']
[26, 0.42868298292160034, 0.46638861298561096, 0.983378529548645, 0.08368869870901108, 0.1786128133535385, 1.649284839630127, 0.8348896503448486, 0.8565578460693359, 0.8565578460693359, 4.175958156585693, '00:52']
[27, 0.4381362497806549, 0.4429542124271393, 0.9885051250457764, 0.10456076264381409, 0.17595221102237701, 1.5217140913009644, 0.8154693841934204, 0.8273367881774902, 0.8273367881774902, 2.3388240337371826, '00:52']
[28, 0.4391956329345703, 0.4584779143333435, 0.9872806668281555, 0.08849858492612839, 0.17655342817306519, 1.5832351446151733, 0.8348216414451599, 0.8495203256607056, 0.8495203256607056, 3.046356201171875, '00:52']
[29, 0.43164539337158203, 0.4828800559043884, 0.9798577427864075, 0.0672965720295906, 0.18023566901683807, 1.7283598184585571, 0.859084963798523, 0.8831241130828857, 0.8831241130828857, 6.596546173095703, '00:52']
[30, 0.43517741560935974, 0.4604414403438568, 0.9921528697013855, 0.08089423179626465, 0.17391337454319, 1.1998649835586548, 0.8508323431015015, 0.8650223016738892, 0.8650223016738892, 0.4589384198188782, '00:52']
[31, 0.44160741567611694, 0.4806499183177948, 0.9780794978141785, 0.0732133761048317, 0.18126101791858673, 1.747671127319336, 0.8396161198616028, 0.8719865679740906, 0.8719865679740906, 7.354905128479004, '00:53']
[32, 0.4387837052345276, 0.4586350619792938, 0.9842780232429504, 0.08827436715364456, 0.17809949815273285, 1.6277356147766113, 0.8294394612312317, 0.8508954048156738, 0.8508954048156738, 3.8876864910125732, '00:52']
[33, 0.43283841013908386, 0.45175471901893616, 0.992252767086029, 0.09187525510787964, 0.17390038073062897, 1.2447872161865234, 0.8437110781669617, 0.854819655418396, 0.854819655418396, 0.5746294856071472, '00:52']
[34, 0.4346541464328766, 0.45728573203086853, 0.9917132258415222, 0.08262873440980911, 0.17418591678142548, 1.2900792360305786, 0.8570048809051514, 0.8650959134101868, 0.8650959134101868, 0.739784300327301, '00:52']
[35, 0.4319743514060974, 0.4544830322265625, 0.985018789768219, 0.09232145547866821, 0.17773573100566864, 1.6321616172790527, 0.8245551586151123, 0.8453586101531982, 0.8453586101531982, 3.889439582824707, '00:52']
[36, 0.4414101541042328, 0.4533257782459259, 0.989143967628479, 0.0922151431441307, 0.17572228610515594, 1.4602766036987305, 0.8489012122154236, 0.8547385334968567, 0.8547385334968567, 1.7315216064453125, '00:52']
No improvement since epoch 27: early stopping
----------
3
----------
DLS create!
[0, 0.5166126489639282, 0.508510172367096, 0.9895193576812744, 0.03606528043746948, 0.18012280762195587, 1.3340662717819214, 0.9675984978675842, 0.9654600620269775, 0.9654600620269775, 1.1243418455123901, '00:52']
[1, 0.5008865594863892, 0.4920068681240082, 0.987788200378418, 0.04740077629685402, 0.17629314959049225, 1.4003174304962158, 0.937010645866394, 0.9356648325920105, 0.9356648325920105, 1.7799443006515503, '00:52']
[2, 0.49271678924560547, 0.4872046113014221, 0.9841110706329346, 0.05401122570037842, 0.17774173617362976, 1.5386379957199097, 0.9123111963272095, 0.9147114157676697, 0.9147114157676697, 3.104562520980835, '00:52']
[3, 0.4909711480140686, 0.4882156252861023, 0.9894896745681763, 0.048939336091279984, 0.17525064945220947, 1.3811733722686768, 0.923703134059906, 0.9224461317062378, 0.9224461317062378, 1.139030933380127, '00:52']
[4, 0.4806206524372101, 0.49280884861946106, 0.9910487532615662, 0.03995410352945328, 0.17437446117401123, 1.2738628387451172, 0.9316838979721069, 0.9322683215141296, 0.9322683215141296, 0.5427455306053162, '00:52']
[5, 0.4850970506668091, 0.49535807967185974, 0.9902889728546143, 0.036658428609371185, 0.1747352033853531, 1.3260102272033691, 0.937345027923584, 0.937026858329773, 0.937026858329773, 0.8743756413459778, '00:52']
[6, 0.4892803728580475, 0.49692490696907043, 0.9709196090698242, 0.052923865616321564, 0.18433573842048645, 1.7110261917114258, 0.8985026478767395, 0.913815975189209, 0.913815975189209, 7.735592842102051, '00:51']
[7, 0.4777759611606598, 0.4794253706932068, 0.9892944693565369, 0.058758147060871124, 0.17515957355499268, 1.4017442464828491, 0.9011378288269043, 0.9008556008338928, 0.9008556008338928, 1.2746031284332275, '00:52']
[8, 0.47742483019828796, 0.48651888966560364, 0.9896175265312195, 0.04858827963471413, 0.1750655472278595, 1.361317753791809, 0.9180467128753662, 0.9185978174209595, 0.9185978174209595, 1.1668528318405151, '00:52']
[9, 0.4718373417854309, 0.47100669145584106, 0.988947331905365, 0.06906998157501221, 0.1754446029663086, 1.4313464164733887, 0.8848281502723694, 0.8851990103721619, 0.8851990103721619, 1.3894891738891602, '00:51']
[10, 0.46454328298568726, 0.4775887429714203, 0.9819364547729492, 0.0702153891324997, 0.17901906371116638, 1.6342450380325317, 0.8683780431747437, 0.8806793689727783, 0.8806793689727783, 3.4223763942718506, '00:52']
[11, 0.4562390446662903, 0.4790497422218323, 0.9844015836715698, 0.06694900989532471, 0.17773689329624176, 1.5640299320220947, 0.8786629438400269, 0.8846084475517273, 0.8846084475517273, 2.850125312805176, '00:52']
[12, 0.47231000661849976, 0.4640994071960449, 0.989622175693512, 0.07945746928453445, 0.17515848577022552, 1.405989408493042, 0.8659659624099731, 0.8680456876754761, 0.8680456876754761, 1.2043193578720093, '00:52']
[13, 0.4604468047618866, 0.4709835946559906, 0.9859697818756104, 0.07270126044750214, 0.17695651948451996, 1.5172107219696045, 0.8703805804252625, 0.8770796656608582, 0.8770796656608582, 2.3263866901397705, '00:52']
[14, 0.45079952478408813, 0.4695527255535126, 0.9862459897994995, 0.07454123347997665, 0.17673906683921814, 1.5026111602783203, 0.8653110861778259, 0.8739825487136841, 0.8739825487136841, 2.3982694149017334, '00:52']
[15, 0.4584251642227173, 0.4587351083755493, 0.9869725704193115, 0.08767666667699814, 0.17654064297676086, 1.5252761840820312, 0.8462329506874084, 0.8536012172698975, 0.8536012172698975, 2.1086843013763428, '00:52']
[16, 0.4487050771713257, 0.47064974904060364, 0.9875017404556274, 0.07372128963470459, 0.17624309659004211, 1.4580856561660767, 0.866681694984436, 0.8723337054252625, 0.8723337054252625, 1.7115038633346558, '00:52']
[17, 0.4499594271183014, 0.49811404943466187, 0.9727761149406433, 0.061241764575242996, 0.18360990285873413, 1.7279043197631836, 0.8654387593269348, 0.8913594484329224, 0.8913594484329224, 6.008190155029297, '00:52']
[18, 0.4525425434112549, 0.46778109669685364, 0.9848895072937012, 0.0783468633890152, 0.1775909960269928, 1.5609601736068726, 0.8563082814216614, 0.8673990368843079, 0.8673990368843079, 2.7141149044036865, '00:52']
[19, 0.44726935029029846, 0.48414790630340576, 0.9807188510894775, 0.06528818607330322, 0.1795411854982376, 1.616395354270935, 0.8705904483795166, 0.8846309781074524, 0.8846309781074524, 3.511388063430786, '00:52']
[20, 0.44698622822761536, 0.4605341851711273, 0.991195559501648, 0.08157093822956085, 0.17427754402160645, 1.2661319971084595, 0.8600501418113708, 0.8655864000320435, 0.8655864000320435, 0.5718359351158142, '00:52']
[21, 0.44315585494041443, 0.4653795063495636, 0.9919481873512268, 0.07551029324531555, 0.17388464510440826, 1.2002960443496704, 0.865176260471344, 0.8756240010261536, 0.8756240010261536, 0.42696672677993774, '00:52']
[22, 0.45350077748298645, 0.46043461561203003, 0.9901300072669983, 0.08154889941215515, 0.1749640852212906, 1.3751665353775024, 0.8629796504974365, 0.8652417063713074, 0.8652417063713074, 0.9573843479156494, '00:52']
[23, 0.44561460614204407, 0.46239185333251953, 0.987919270992279, 0.08236733078956604, 0.1760505586862564, 1.447880744934082, 0.8586403131484985, 0.8628432750701904, 0.8628432750701904, 1.576393961906433, '00:52']
[24, 0.4484626352787018, 0.462692528963089, 0.9874248504638672, 0.08213169127702713, 0.17630673944950104, 1.453298807144165, 0.8555782437324524, 0.8645089864730835, 0.8645089268684387, 1.7428029775619507, '00:53']
No improvement since epoch 15: early stopping
----------
4
----------
DLS create!
[0, 0.5435203313827515, 0.5188888311386108, 0.9904769659042358, nan, 0.18536145985126495, 1.2619644403457642, 0.9765802025794983, 0.9604424238204956, 0.9604424238204956, nan, '00:52']
[1, 0.5067133903503418, 0.4977114498615265, 0.9874898195266724, 0.04890129715204239, 0.17613618075847626, 1.3035129308700562, 0.9425660967826843, 0.9302559494972229, 0.9302558898925781, inf, '00:53']
[2, 0.49739107489585876, 0.5412993431091309, 0.9373564720153809, 0.03669280558824539, 0.19966551661491394, 1.733210563659668, 0.9378266930580139, 0.9351612329483032, 0.9351612329483032, inf, '00:52']
[3, 0.4886455833911896, 0.49046123027801514, 0.9876102209091187, 0.05573638528585434, 0.1748381406068802, 1.2967058420181274, 0.916745662689209, 0.9084760546684265, 0.9084760546684265, inf, '00:52']
[4, 0.49211615324020386, 0.4827563166618347, 0.9829457998275757, 0.06688258796930313, 0.17705418169498444, 1.4797629117965698, 0.8991973996162415, 0.8889071345329285, 0.8889071345329285, inf, '00:52']
[5, 0.48620229959487915, 0.493219792842865, 0.9711425304412842, 0.0671340674161911, 0.18350911140441895, 1.7104345560073853, 0.8764223456382751, 0.8799358010292053, 0.8799358010292053, inf, '00:52']
[6, 0.48771974444389343, 0.4728275239467621, 0.9865955710411072, 0.0770239308476448, 0.17559528350830078, 1.400087833404541, 0.8793510794639587, 0.8704591393470764, 0.8704591393470764, inf, '00:52']
[7, 0.48294833302497864, 0.49059489369392395, 0.9886417984962463, 0.051086194813251495, 0.17466944456100464, 1.312215805053711, 0.914121687412262, 0.907600462436676, 0.907600462436676, inf, '00:52']
[8, 0.48258185386657715, 0.4829764664173126, 0.977447509765625, 0.07154441624879837, 0.18005062639713287, 1.608871340751648, 0.8859835863113403, 0.8797319531440735, 0.8797319531440735, inf, '00:52']
[9, 0.4787796139717102, 0.47083762288093567, 0.9872915744781494, 0.07931607961654663, 0.17535068094730377, 1.4100990295410156, 0.8730785846710205, 0.8660293221473694, 0.8660293221473694, inf, '00:52']
[10, 0.4694814085960388, 0.47529715299606323, 0.9874653220176697, 0.07427298277616501, 0.1752227395772934, 1.3919576406478882, 0.8774570822715759, 0.8716247081756592, 0.8716247081756592, inf, '00:52']
[11, 0.47099485993385315, 0.4816393554210663, 0.9752110838890076, 0.0780826061964035, 0.18156185746192932, 1.678204894065857, 0.8544367551803589, 0.8610327839851379, 0.8610327839851379, inf, '00:52']
[12, 0.46696218848228455, 0.4582465887069702, 0.9849512577056885, 0.09717543423175812, 0.1767682284116745, 1.5113564729690552, 0.8412125706672668, 0.8371469378471375, 0.8371469378471375, inf, '00:52']
[13, 0.4622074365615845, 0.4544225335121155, 0.9870678782463074, 0.10173582285642624, 0.17565886676311493, 1.414635181427002, 0.836371898651123, 0.8298231959342957, 0.8298231959342957, inf, '00:52']
[14, 0.466546893119812, 0.4700145125389099, 0.9806199669837952, 0.08553685247898102, 0.17888127267360687, 1.6107869148254395, 0.8485877513885498, 0.8490794897079468, 0.8490794897079468, inf, '00:52']
[15, 0.4621668756008148, 0.4824567139148712, 0.9778256416320801, 0.07573334872722626, 0.18023809790611267, 1.6406713724136353, 0.8618425130844116, 0.8639121055603027, 0.863912045955658, inf, '00:52']
[16, 0.45129847526550293, 0.45549625158309937, 0.9861789345741272, 0.10139034688472748, 0.176066592335701, 1.468711018562317, 0.8283205628395081, 0.8254746198654175, 0.8254746198654175, inf, '00:52']
[17, 0.453069806098938, 0.4443097412586212, 0.9861996173858643, 0.11551813036203384, 0.17622129619121552, 1.4819271564483643, 0.8106244206428528, 0.8072368502616882, 0.8072368502616882, inf, '00:52']
[18, 0.44637489318847656, 0.47944486141204834, 0.9814217686653137, 0.07648099213838577, 0.17839932441711426, 1.576616883277893, 0.8622015714645386, 0.8606429696083069, 0.8606429696083069, inf, '00:51']
[19, 0.45211124420166016, 0.45500466227531433, 0.9902144074440002, 0.10153651982545853, 0.1738280951976776, 1.1990400552749634, 0.8236204981803894, 0.8309828639030457, 0.8309828639030457, inf, '00:52']
[20, 0.4542577862739563, 0.4584358334541321, 0.9896277785301208, 0.09161660075187683, 0.1741366982460022, 1.2596406936645508, 0.8338150978088379, 0.8402749300003052, 0.8402749300003052, inf, '00:52']
[21, 0.4492313265800476, 0.46173232793807983, 0.9901097416877747, 0.09012266248464584, 0.17386643588542938, 1.1988134384155273, 0.8427502512931824, 0.8475723266601562, 0.8475723266601562, inf, '00:52']
[22, 0.45432227849960327, 0.4574100077152252, 0.9830061793327332, 0.10100583732128143, 0.17778149247169495, 1.5597004890441895, 0.8226503729820251, 0.8249685168266296, 0.8249685168266296, inf, '00:52']
[23, 0.4524585008621216, 0.4905296862125397, 0.9717279076576233, 0.0766606405377388, 0.18343155086040497, 1.716232180595398, 0.8442021608352661, 0.8574690818786621, 0.8574690818786621, inf, '00:52']
[24, 0.45334964990615845, 0.44116929173469543, 0.9881283640861511, 0.11562477052211761, 0.1750982701778412, 1.3864394426345825, 0.8160337209701538, 0.809567391872406, 0.809567391872406, inf, '00:52']
[25, 0.4415977895259857, 0.43854159116744995, 0.988400936126709, nan, 0.17497023940086365, 1.3615694046020508, 0.8055078983306885, 0.80205237865448, 0.80205237865448, nan, '00:52']
[26, 0.4428817629814148, 0.4415012300014496, 0.9876277446746826, 0.11803549528121948, 0.1754169464111328, 1.4119235277175903, 0.8044420480728149, 0.8001716136932373, 0.8001716136932373, inf, '00:52']
[27, 0.4428943395614624, 0.44772830605506897, 0.9837439656257629, 0.11344396322965622, 0.17755363881587982, 1.5485515594482422, 0.803102970123291, 0.8041157126426697, 0.8041157126426697, inf, '00:52']
[28, 0.4422191083431244, 0.4436272978782654, 0.9895333051681519, 0.11373208463191986, 0.17427045106887817, 1.2882779836654663, 0.8106248378753662, 0.8094685673713684, 0.8094685673713684, inf, '00:52']
[29, 0.4505147933959961, 0.4426090717315674, 0.9825707077980042, 0.11744540929794312, 0.1780211478471756, 1.5787137746810913, 0.7928141355514526, 0.7995994687080383, 0.7995994091033936, inf, '00:52']
[30, 0.4406738877296448, 0.4915768802165985, 0.9715315103530884, 0.07558489590883255, 0.18363597989082336, 1.700702428817749, 0.8463589549064636, 0.8606607913970947, 0.8606607913970947, inf, '00:52']
[31, 0.4487423300743103, 0.4402690827846527, 0.9885711073875427, 0.11640150845050812, 0.1748722344636917, 1.3649803400039673, 0.8083112835884094, 0.8082675933837891, 0.8082675933837891, inf, '00:52']
[32, 0.4332597851753235, 0.440335750579834, 0.9886966943740845, 0.11916918307542801, 0.17478452622890472, 1.35044264793396, 0.8057265877723694, 0.8020575642585754, 0.8020575642585754, inf, '00:52']
[33, 0.4345749318599701, 0.4270714223384857, 0.9892518520355225, 0.1331714391708374, 0.1745234876871109, 1.3405848741531372, 0.77863609790802, 0.7792305946350098, 0.7792305946350098, inf, '00:52']
[34, 0.4329944849014282, 0.5218312740325928, 0.9575055241584778, 0.07060004025697708, 0.19076769053936005, 1.802019715309143, 0.8396526575088501, 0.8661536574363708, 0.8661536574363708, inf, '00:52']
[35, 0.44009605050086975, 0.4447506368160248, 0.9837547540664673, 0.11627453565597534, 0.17753995954990387, 1.5620547533035278, 0.794899046421051, 0.7993437051773071, 0.7993437051773071, inf, '00:52']
[36, 0.4289839267730713, 0.4263283312320709, 0.9874851107597351, 0.13648287951946259, 0.17557884752750397, 1.4372100830078125, 0.7766070365905762, 0.7750769257545471, 0.7750769257545471, inf, '00:52']
[37, 0.4431714713573456, 0.44771283864974976, 0.9850603342056274, 0.1135696992278099, 0.17677992582321167, 1.5074717998504639, 0.8013489842414856, 0.8029098510742188, 0.8029098510742188, inf, '00:52']
[38, 0.43668675422668457, 0.43009233474731445, 0.9890236854553223, 0.12984322011470795, 0.17469529807567596, 1.3483833074569702, 0.7899852395057678, 0.78978431224823, 0.78978431224823, inf, '00:52']
[39, 0.4403611123561859, 0.4259893298149109, 0.9875643849372864, 0.13540874421596527, 0.17556212842464447, 1.433441400527954, 0.7738052606582642, 0.7753866910934448, 0.7753866910934448, inf, '00:52']
[40, 0.43528300523757935, 0.44223323464393616, 0.9839013814926147, 0.11942026764154434, 0.1774735003709793, 1.557245135307312, 0.7888131141662598, 0.7952103614807129, 0.7952103614807129, inf, '00:52']
[41, 0.4313933849334717, 0.4467218518257141, 0.9901958107948303, 0.10893745720386505, 0.1739070862531662, 1.2181589603424072, 0.8142443299293518, 0.8188198208808899, 0.8188197016716003, inf, '00:52']
[42, 0.44156622886657715, 0.42520493268966675, 0.9878683686256409, 0.13627959787845612, 0.17536967992782593, 1.416478157043457, 0.7715787887573242, 0.7737205624580383, 0.7737205624580383, inf, '00:53']
[43, 0.43651697039604187, 0.44003716111183167, 0.9879158735275269, 0.11848330497741699, 0.17526301741600037, 1.4038957357406616, 0.7994879484176636, 0.7999643087387085, 0.7999643087387085, inf, '00:52']
[44, 0.4341200292110443, 0.43827512860298157, 0.9901899099349976, 0.11665897816419601, 0.17395983636379242, 1.2261919975280762, 0.7938465476036072, 0.8032376766204834, 0.8032376766204834, inf, '00:52']
[45, 0.4330151081085205, 0.4452812969684601, 0.9882078170776367, 0.1102810651063919, 0.17502759397029877, 1.3901402950286865, 0.8078304529190063, 0.8101675510406494, 0.8101675510406494, inf, '00:52']
[46, 0.4282912611961365, 0.42814475297927856, 0.9890233874320984, 0.13095593452453613, 0.1747031807899475, 1.353348970413208, 0.7799956798553467, 0.782593309879303, 0.782593309879303, inf, '00:52']
[47, 0.4400322437286377, 0.4200707972049713, 0.9885692000389099, 0.14230769872665405, 0.1749945878982544, 1.3735686540603638, 0.7708747386932373, 0.7709401845932007, 0.7709401845932007, inf, '00:52']
[48, 0.43259990215301514, 0.44345468282699585, 0.9802118539810181, 0.11870159208774567, 0.17945948243141174, 1.6224017143249512, 0.7828479409217834, 0.7964712977409363, 0.7964712977409363, inf, '00:52']
[49, 0.4305715560913086, 0.4365306794643402, 0.9901929497718811, nan, 0.1739770621061325, 1.2280250787734985, 0.7906382083892822, 0.7994357347488403, 0.7994357347488403, nan, '00:52']
[50, 0.4316231906414032, 0.43361660838127136, 0.9902086853981018, 0.1260935515165329, 0.17398689687252045, 1.2231016159057617, 0.7899901270866394, 0.7961877584457397, 0.7961877584457397, inf, '00:52']
[51, 0.4405265748500824, 0.43313369154930115, 0.9846282005310059, 0.12864045798778534, 0.1771630197763443, 1.5175315141677856, 0.7808646559715271, 0.784363329410553, 0.784363329410553, inf, '00:52']
[52, 0.42523449659347534, 0.42905735969543457, 0.9891047477722168, 0.13159075379371643, 0.17468364536762238, 1.3117036819458008, 0.7823849320411682, 0.7807856202125549, 0.7807856202125549, inf, '00:52']
[53, 0.4260691702365875, 0.43396124243736267, 0.9862798452377319, 0.1272316873073578, 0.1762053519487381, 1.4897780418395996, 0.7794594764709473, 0.7825987339019775, 0.7825987339019775, inf, '00:52']
[54, 0.42474398016929626, 0.43826133012771606, 0.9818790555000305, 0.12877245247364044, 0.1786338835954666, 1.593127727508545, 0.766839325428009, 0.7791199088096619, 0.7791199088096619, inf, '00:52']
[55, 0.434476375579834, 0.42966175079345703, 0.9899240732192993, 0.13004840910434723, 0.17415420711040497, 1.2702960968017578, 0.7825840711593628, 0.7869186401367188, 0.7869186401367188, inf, '00:53']
[56, 0.43313005566596985, 0.434345006942749, 0.9893323183059692, 0.12477494776248932, 0.17449821531772614, 1.2979302406311035, 0.7891916036605835, 0.7936348915100098, 0.7936348915100098, inf, '00:52']
No improvement since epoch 47: early stopping
Unet_xcep Done!
