Models will save to Unet_mitb5_x
Use mit_b5 encoder
Start training...
----------
0
----------
DLS create!
[0, 0.525413453578949, 0.5080180764198303, 0.9915330410003662, 0.017363291233778, 0.18047361075878143, 1.3736180067062378, 0.9714699387550354, 0.969419538974762, 0.969419538974762, 0.743893027305603, '02:22']
[1, 0.5118393898010254, 0.5022856593132019, 0.9809107780456543, 0.03663552552461624, 0.18191145360469818, 1.6101330518722534, 0.9446114897727966, 0.9483072757720947, 0.9483072757720947, 4.146702289581299, '02:21']
[2, 0.505277156829834, 0.5037575960159302, 0.9930253028869629, 0.01756363734602928, 0.1743621826171875, 1.2041164636611938, 0.9689753651618958, 0.9672374129295349, 0.9672374129295349, 0.2777217924594879, '02:21']
[3, 0.4963735342025757, 0.5065870881080627, 0.9733180999755859, 0.03765576332807541, 0.18326294422149658, 1.7381466627120972, 0.9250776171684265, 0.9348517656326294, 0.9348517656326294, 6.451801776885986, '02:21']
[4, 0.498602032661438, 0.5012612342834473, 0.9915428757667542, 0.026434678584337234, 0.17484261095523834, 1.3121402263641357, 0.9612694382667542, 0.9586971402168274, 0.9586971402168274, 0.844115138053894, '02:21']
[5, 0.4969576299190521, 0.48257318139076233, 0.9881430268287659, 0.05068246275186539, 0.17663142085075378, 1.4993259906768799, 0.9204258322715759, 0.9209560751914978, 0.9209560751914978, 1.9659885168075562, '02:22']
[6, 0.49738189578056335, 0.48570021986961365, 0.9911540150642395, 0.0426739901304245, 0.1752026528120041, 1.375684142112732, 0.9313848614692688, 0.9295964241027832, 0.9295964241027832, 0.8846659064292908, '02:22']
[7, 0.49007898569107056, 0.4966813325881958, 0.9850298762321472, 0.03733287379145622, 0.17791983485221863, 1.584082841873169, 0.937388002872467, 0.9383790493011475, 0.9383790493011475, 2.89998459815979, '02:22']
[8, 0.49325865507125854, 0.48288264870643616, 0.9909219145774841, 0.05356929451227188, 0.17567960917949677, 1.3913533687591553, 0.9277205467224121, 0.9263501763343811, 0.9263501763343811, 1.077315092086792, '02:22']
[9, 0.49082353711128235, 0.48124006390571594, 0.9909244775772095, 0.05085209012031555, 0.17516592144966125, 1.3863741159439087, 0.9213671088218689, 0.9208604693412781, 0.9208604693412781, 1.0401378870010376, '02:22']
[10, 0.4911732077598572, 0.47676196694374084, 0.9910888671875, 0.05672886595129967, 0.17506864666938782, 1.3815703392028809, 0.9128893613815308, 0.9126064777374268, 0.9126064777374268, 1.042008399963379, '02:22']
[11, 0.48012757301330566, 0.47125235199928284, 0.9858025312423706, 0.06661228835582733, 0.17762704193592072, 1.6001338958740234, 0.8849337100982666, 0.8908082246780396, 0.8908082246780396, 2.8308920860290527, '02:22']
[12, 0.4766294062137604, 0.4720837473869324, 0.9907316565513611, 0.061246391385793686, 0.17522136867046356, 1.4251278638839722, 0.8991190791130066, 0.8999295830726624, 0.8999295830726624, 1.1577985286712646, '02:22']
[13, 0.4796234667301178, 0.47196030616760254, 0.9886531233787537, 0.06459604203701019, 0.17634278535842896, 1.5335427522659302, 0.8905665278434753, 0.8925256133079529, 0.8925256133079529, 1.9304380416870117, '02:22']
[14, 0.4763643443584442, 0.46541130542755127, 0.9830973148345947, 0.07691004127264023, 0.17913828790187836, 1.6681246757507324, 0.8579930663108826, 0.8720439076423645, 0.8720439076423645, 3.7559902667999268, '02:22']
[15, 0.4783605635166168, 0.4618796408176422, 0.9860417246818542, 0.07822279632091522, 0.17767858505249023, 1.6095489263534546, 0.8633661270141602, 0.8724108338356018, 0.8724108338356018, 2.823253631591797, '02:22']
[16, 0.47043710947036743, 0.45453163981437683, 0.990229606628418, 0.08491845428943634, 0.1755972057580948, 1.4686399698257446, 0.8647028207778931, 0.8667266964912415, 0.8667266964912415, 1.485077142715454, '02:22']
[17, 0.47336992621421814, 0.45558053255081177, 0.9872789978981018, 0.0851447731256485, 0.17717210948467255, 1.5915061235427856, 0.8541836142539978, 0.8614557981491089, 0.8614557981491089, 2.4270179271698, '02:22']
[18, 0.4681556522846222, 0.4681553244590759, 0.993045449256897, 0.060671888291835785, 0.17402249574661255, 1.2401992082595825, 0.8931655883789062, 0.8987246155738831, 0.8987246155738831, 0.44890689849853516, '02:22']
[19, 0.4727851152420044, 0.4609895646572113, 0.9929889440536499, 0.07545123249292374, 0.17421969771385193, 1.2554954290390015, 0.8827484250068665, 0.8864434361457825, 0.8864434361457825, 0.5316546559333801, '02:22']
[20, 0.470002144575119, 0.4548242390155792, 0.9907243251800537, 0.0812043845653534, 0.1751905381679535, 1.44722580909729, 0.8632998466491699, 0.8655362725257874, 0.8655362725257874, 1.3239853382110596, '02:22']
[21, 0.4612184166908264, 0.45050349831581116, 0.9879395961761475, 0.09052474796772003, 0.17663918435573578, 1.5454221963882446, 0.847720205783844, 0.8539776802062988, 0.8539776802062988, 2.094432830810547, '02:22']
[22, 0.4614536166191101, 0.4497149586677551, 0.9883352518081665, 0.09029456228017807, 0.17646728456020355, 1.5614941120147705, 0.8432799577713013, 0.8499085903167725, 0.8499085903167725, 2.156233072280884, '02:22']
[23, 0.4730042815208435, 0.45423224568367004, 0.9917252659797668, 0.08341439813375473, 0.17474327981472015, 1.384507179260254, 0.8656137585639954, 0.8675085306167603, 0.8675085306167603, 0.9967503547668457, '02:22']
[24, 0.4668092727661133, 0.45106473565101624, 0.9877747297286987, 0.09012921899557114, 0.17680713534355164, 1.5748281478881836, 0.8464288711547852, 0.853121817111969, 0.853121817111969, 2.432288646697998, '02:22']
[25, 0.45843029022216797, 0.4387436509132385, 0.9911224246025085, 0.10189099609851837, 0.1751212328672409, 1.438547134399414, 0.8334954380989075, 0.8359538912773132, 0.8359538912773132, 1.249267578125, '02:22']
[26, 0.4626044034957886, 0.6030508875846863, 0.9134063124656677, 0.036836929619312286, 0.2139802724123001, 1.9202955961227417, 0.8755815625190735, 0.9321720004081726, 0.9321720004081726, 24.675596237182617, '02:22']
[27, 0.45768558979034424, 0.4571651518344879, 0.9818685054779053, 0.0897137001156807, 0.18002307415008545, 1.7013788223266602, 0.8280585408210754, 0.8512997627258301, 0.8512997627258301, 3.9943833351135254, '02:22']
[28, 0.457139253616333, 0.447665274143219, 0.9855495095252991, 0.09541112184524536, 0.17791783809661865, 1.635725736618042, 0.8265942931175232, 0.8416560292243958, 0.8416560292243958, 3.187439441680908, '02:22']
[29, 0.4549168050289154, 0.4514380693435669, 0.9829946756362915, 0.09438646584749222, 0.17934702336788177, 1.682403802871704, 0.82097327709198, 0.8441063165664673, 0.8441063761711121, 3.946636915206909, '02:22']
[30, 0.46036282181739807, 0.4797716438770294, 0.9937675595283508, 0.04628053307533264, 0.17364251613616943, 1.0947237014770508, 0.9109945297241211, 0.9222708344459534, 0.9222708344459534, 0.1493898630142212, '02:22']
[31, 0.45358604192733765, 0.4679069221019745, 0.9934049844741821, 0.06261184066534042, 0.17379878461360931, 1.1866745948791504, 0.8841421604156494, 0.8953929543495178, 0.8953929543495178, 0.331800639629364, '02:22']
[32, 0.4530766010284424, 0.5228359699249268, 0.9473339915275574, 0.05481232702732086, 0.19664791226387024, 1.861936092376709, 0.8519541621208191, 0.9031573534011841, 0.9031573534011841, 14.651456832885742, '02:22']
[33, 0.4472194015979767, 0.45211493968963623, 0.9932743310928345, 0.08379553258419037, 0.17386822402477264, 1.2081323862075806, 0.8526106476783752, 0.862368106842041, 0.862368106842041, 0.4095292091369629, '02:22']
[34, 0.44922488927841187, 0.46696802973747253, 0.993761420249939, 0.06228436157107353, 0.17359793186187744, 1.1203418970108032, 0.8779160380363464, 0.8948653936386108, 0.8948653936386108, 0.21177387237548828, '02:22']
No improvement since epoch 25: early stopping
----------
1
----------
DLS create!
[0, 0.5349470376968384, 0.5176197290420532, 0.993131697177887, nan, 0.18068890273571014, 1.1457204818725586, 0.9942010045051575, 0.9565397500991821, 0.9565397500991821, nan, '02:23']
[1, 0.5067978501319885, 0.5254701375961304, 0.9919270277023315, 0.007916832342743874, 0.19025951623916626, 1.4017605781555176, 0.9768361449241638, 0.9422791004180908, 0.9422791004180908, inf, '02:23']
[2, 0.5174909234046936, 0.5184076428413391, 0.993131697177887, nan, 0.17562957108020782, 1.037411093711853, 0.9999731779098511, 0.9644954800605774, 0.9644954800605774, nan, '02:22']
[3, 0.5151363611221313, 0.5091959834098816, 0.993131697177887, nan, 0.17998912930488586, 1.264060139656067, 0.9747413396835327, 0.9393149018287659, 0.9393149018287659, nan, '02:23']
[4, 0.5080955028533936, 0.5079442858695984, 0.9779244065284729, 0.026280535385012627, 0.18319177627563477, 1.5924952030181885, 0.9545652866363525, 0.9229128956794739, 0.9229128956794739, inf, '02:23']
[5, 0.5004161596298218, 0.5055881142616272, 0.9886024594306946, 0.019827453419566154, 0.17654503881931305, 1.4219944477081299, 0.9667794704437256, 0.9346076846122742, 0.9346076846122742, inf, '02:23']
[6, 0.4969402849674225, 0.5002797842025757, 0.9805545210838318, 0.03846881911158562, 0.17978887259960175, 1.6286689043045044, 0.9369021058082581, 0.9107646942138672, 0.9107646942138672, inf, '02:23']
[7, 0.4973924160003662, 0.49909666180610657, 0.9884307980537415, 0.03142842650413513, 0.17590710520744324, 1.49896240234375, 0.9440950751304626, 0.9169013500213623, 0.9169013500213623, inf, '02:23']
[8, 0.49743303656578064, 0.4901537597179413, 0.9850282669067383, 0.04589705541729927, 0.17772087454795837, 1.5704034566879272, 0.9253997206687927, 0.8990422487258911, 0.8990422487258911, inf, '02:22']
[9, 0.4923866391181946, 0.5034101605415344, 0.9717957973480225, 0.046533938497304916, 0.1847631335258484, 1.740164041519165, 0.9166368842124939, 0.8976367115974426, 0.8976367115974426, inf, '02:22']
[10, 0.48967406153678894, 0.5068444013595581, 0.9918745160102844, 0.02357771433889866, 0.17425812780857086, 1.3097827434539795, 0.9630720615386963, 0.9364373087882996, 0.9364373087882996, inf, '02:22']
[11, 0.5004541277885437, 0.5055850744247437, 0.9903079867362976, 0.019590703770518303, 0.17530503869056702, 1.3567184209823608, 0.9673988819122314, 0.9363390207290649, 0.9363390207290649, inf, '02:23']
[12, 0.49367982149124146, 0.4879433512687683, 0.9894388318061829, 0.045304328203201294, 0.17557267844676971, 1.4813255071640015, 0.9248650074005127, 0.8989421129226685, 0.8989421129226685, inf, '02:22']
[13, 0.4939482808113098, 0.48323312401771545, 0.9881748557090759, 0.05142208933830261, 0.17635498940944672, 1.5166025161743164, 0.915842592716217, 0.8907085061073303, 0.8907085061073303, inf, '02:22']
[14, 0.4912448823451996, 0.4893497824668884, 0.981460690498352, 0.05046750605106354, 0.17955414950847626, 1.6149687767028809, 0.9129086136817932, 0.8923513293266296, 0.8923513293266296, inf, '02:23']
[15, 0.48974350094795227, 0.5001407265663147, 0.9925740361213684, 0.03015504777431488, 0.1739719808101654, 1.2359212636947632, 0.9498265981674194, 0.9255423545837402, 0.9255423545837402, inf, '02:22']
[16, 0.48242509365081787, 0.4712427258491516, 0.9903179407119751, 0.06536180526018143, 0.1751416176557541, 1.484183669090271, 0.8876791596412659, 0.8652469515800476, 0.8652469515800476, inf, '02:22']
[17, 0.4772307276725769, 0.5151059031486511, 0.9580903053283691, 0.050539836287498474, 0.1908806413412094, 1.8192477226257324, 0.886623740196228, 0.884429395198822, 0.884429395198822, inf, '02:22']
[18, 0.494989275932312, 0.5157491564750671, 0.993131697177887, nan, 0.174078106880188, 1.086926817893982, 0.9901927709579468, 0.9588108062744141, 0.9588108062744141, nan, '02:22']
[19, 0.48026159405708313, 0.4694315493106842, 0.9863983988761902, 0.0713217481970787, 0.17710715532302856, 1.5960867404937744, 0.8739082217216492, 0.8560788035392761, 0.8560788035392761, inf, '02:22']
[20, 0.48807209730148315, 0.48059940338134766, 0.9907433390617371, 0.05435054004192352, 0.17496122419834137, 1.448657751083374, 0.9090386629104614, 0.8847395181655884, 0.8847395181655884, inf, '02:22']
[21, 0.4846545159816742, 0.4834620952606201, 0.9920800924301147, 0.05084751918911934, 0.17415408790111542, 1.3350642919540405, 0.9107086658477783, 0.8902438282966614, 0.8902438282966614, inf, '02:23']
[22, 0.4790993332862854, 0.4678274989128113, 0.9884502291679382, 0.07258095592260361, 0.17614582180976868, 1.5490597486495972, 0.87885582447052, 0.8568667769432068, 0.8568667769432068, inf, '02:22']
[23, 0.4764164686203003, 0.48998579382896423, 0.9772252440452576, 0.05605468526482582, 0.18155469000339508, 1.7066422700881958, 0.8905296921730042, 0.8777381777763367, 0.8777381777763367, inf, '02:22']
[24, 0.4782326817512512, 0.4672197103500366, 0.9872674942016602, 0.07343193888664246, 0.17673732340335846, 1.5809214115142822, 0.8730051517486572, 0.8545958399772644, 0.8545958399772644, inf, '02:23']
[25, 0.4722878932952881, 0.46238407492637634, 0.9905295372009277, 0.07716500014066696, 0.17518022656440735, 1.4761255979537964, 0.8728968501091003, 0.8505216836929321, 0.8505216836929321, inf, '02:22']
[26, 0.4656064510345459, 0.45817452669143677, 0.9892157316207886, 0.08492982387542725, 0.17580191791057587, 1.501889944076538, 0.8607845902442932, 0.8376824259757996, 0.8376824259757996, inf, '02:22']
[27, 0.4676009714603424, 0.5133576989173889, 0.9622804522514343, 0.05451396107673645, 0.18936288356781006, 1.8316518068313599, 0.8659584522247314, 0.874514639377594, 0.874514639377594, inf, '02:22']
[28, 0.4688229560852051, 0.48483768105506897, 0.9736412167549133, 0.06549374014139175, 0.18342381715774536, 1.7577338218688965, 0.8621028661727905, 0.8610835075378418, 0.8610835075378418, inf, '02:22']
[29, 0.46665632724761963, 0.4472837746143341, 0.9900079965591431, 0.0968523696064949, 0.17542193830013275, 1.503936767578125, 0.8412609100341797, 0.8179258704185486, 0.8179258704185486, inf, '02:23']
[30, 0.4695613384246826, 0.4604347050189972, 0.983408510684967, 0.08579854667186737, 0.1789100170135498, 1.6950175762176514, 0.8373516798019409, 0.8307046294212341, 0.8307046294212341, inf, '02:23']
[31, 0.46720895171165466, 0.45751628279685974, 0.9845359921455383, 0.08923060446977615, 0.17835520207881927, 1.687331199645996, 0.83148193359375, 0.8223183155059814, 0.8223183155059814, inf, '02:23']
[32, 0.47053489089012146, 0.45139288902282715, 0.9905767440795898, 0.09279593825340271, 0.17514127492904663, 1.4545599222183228, 0.852173924446106, 0.828644871711731, 0.828644871711731, inf, '02:23']
[33, 0.46329376101493835, 0.474384605884552, 0.9931396842002869, 0.059318907558918, 0.17361745238304138, 1.1528444290161133, 0.88686603307724, 0.8745853304862976, 0.8745853304862976, inf, '02:22']
[34, 0.4643721580505371, 0.49179989099502563, 0.9929734468460083, 0.037782374769449234, 0.17366930842399597, 1.0941739082336426, 0.9231560230255127, 0.9079322218894958, 0.9079322218894958, inf, '02:22']
[35, 0.45762893557548523, 0.44975996017456055, 0.9866585731506348, 0.096003457903862, 0.17721736431121826, 1.642295002937317, 0.8231908679008484, 0.8103758692741394, 0.8103758692741394, inf, '02:22']
[36, 0.46463990211486816, 0.4458576440811157, 0.9880437850952148, 0.0994316041469574, 0.17656388878822327, 1.612985372543335, 0.8283911347389221, 0.8100865483283997, 0.8100865483283997, inf, '02:22']
[37, 0.4540090262889862, 0.44402581453323364, 0.9902250170707703, 0.0990046039223671, 0.1752716302871704, 1.4838786125183105, 0.8311566710472107, 0.8081340789794922, 0.8081340789794922, inf, '02:22']
[38, 0.4471418261528015, 0.4520336091518402, 0.9927175641059875, 0.09003609418869019, 0.17391885817050934, 1.2786860466003418, 0.8466724753379822, 0.8286668062210083, 0.8286668062210083, inf, '02:22']
[39, 0.45436879992485046, 0.4804666042327881, 0.993108332157135, 0.054224345833063126, 0.17364241182804108, 1.1076676845550537, 0.8983973860740662, 0.8845845460891724, 0.8845845460891724, inf, '02:22']
[40, 0.4547589123249054, 0.5198566317558289, 0.961405336856842, 0.052599381655454636, 0.18981559574604034, 1.8425679206848145, 0.8710905313491821, 0.8756707310676575, 0.8756707310676575, inf, '02:22']
[41, 0.4555017352104187, 0.4590008854866028, 0.9825760126113892, 0.08929888159036636, 0.17937436699867249, 1.7173097133636475, 0.8257033824920654, 0.8206353783607483, 0.8206353783607483, inf, '02:22']
[42, 0.4520762860774994, 0.45149317383766174, 0.9879921078681946, 0.09409913420677185, 0.1765405684709549, 1.5176128149032593, 0.8394128084182739, 0.8210181593894958, 0.8210181593894958, inf, '02:22']
[43, 0.45877397060394287, 0.4450515806674957, 0.9921638369560242, 0.09680251032114029, 0.1742035299539566, 1.373258113861084, 0.8364601731300354, 0.8162572383880615, 0.8162572383880615, inf, '02:22']
[44, 0.4517533481121063, 0.4918459355831146, 0.970342755317688, 0.06968492269515991, 0.18560892343521118, 1.81577467918396, 0.8399403691291809, 0.849514365196228, 0.849514365196228, inf, '02:22']
[45, 0.4580203592777252, 0.46571189165115356, 0.9791080951690674, 0.0865841656923294, 0.18140721321105957, 1.755976676940918, 0.8249685168266296, 0.8279402256011963, 0.8279402256011963, inf, '02:23']
[46, 0.46671411395072937, 0.4908468425273895, 0.9932510256767273, 0.03818482160568237, 0.17359097301959991, 1.0953152179718018, 0.928120493888855, 0.9107906818389893, 0.9107906818389893, inf, '02:22']
No improvement since epoch 37: early stopping
----------
2
----------
DLS create!
[0, 0.5171665549278259, 0.5075064301490784, 0.9849535226821899, 0.03444303199648857, 0.1826533079147339, 1.4720518589019775, 0.9556102156639099, 0.9578622579574585, 0.9578622579574585, 4.2760114669799805, '02:22']
[1, 0.5097813010215759, 0.502149760723114, 0.9924330115318298, 0.00462512020021677, 0.17784731090068817, 1.370518684387207, 0.9553701877593994, 0.9558622241020203, 0.9558622241020203, 0.2019570767879486, '02:22']
[2, 0.5128909945487976, 0.5084179639816284, 0.9927894473075867, 0.0, 0.17656397819519043, 1.2760428190231323, 0.9713151454925537, 0.9694033265113831, 0.9694033265113831, 0.0, '02:22']
[3, 0.5092002153396606, 0.5036474466323853, 0.9927842617034912, 7.238474790938199e-05, 0.17547938227653503, 1.2648919820785522, 0.9644657373428345, 0.9636615514755249, 0.9636615514755249, 0.002507230034098029, '02:22']
[4, 0.5060058236122131, 0.5036894083023071, 0.9919873476028442, 0.007483256049454212, 0.1756177693605423, 1.2991602420806885, 0.9646260142326355, 0.9640257954597473, 0.9640257954597473, 0.4303525984287262, '02:22']
[5, 0.49987533688545227, 0.4984460771083832, 0.982488751411438, 0.04019748419523239, 0.17929689586162567, 1.589429497718811, 0.9321916699409485, 0.9392502307891846, 0.9392502307891846, 5.6738972663879395, '02:22']
[6, 0.4926230311393738, 0.498259574174881, 0.9905932545661926, 0.02914970926940441, 0.17483821511268616, 1.3503891229629517, 0.9471007585525513, 0.9495986104011536, 0.9495986104011536, 1.4180551767349243, '02:22']
[7, 0.49531862139701843, 0.5005931854248047, 0.989494264125824, 0.026531629264354706, 0.17602762579917908, 1.4190142154693604, 0.954122006893158, 0.9549006819725037, 0.9549006819725037, 1.8692375421524048, '02:22']
[8, 0.4894464612007141, 0.5064478516578674, 0.9708081483840942, 0.04518191143870354, 0.18472425639629364, 1.7639776468276978, 0.9083410501480103, 0.924270749092102, 0.924270749092102, 11.939810752868652, '02:22']
[9, 0.49160322546958923, 0.498889684677124, 0.9799352884292603, 0.04228450730443001, 0.18027153611183167, 1.6804397106170654, 0.9216738343238831, 0.9310755729675293, 0.9310755729675293, 7.065485954284668, '02:22']
[10, 0.48843932151794434, 0.4895087778568268, 0.9821128249168396, 0.05206859111785889, 0.17921237647533417, 1.6396034955978394, 0.9095856547355652, 0.9194506406784058, 0.9194506406784058, 5.858343601226807, '02:22']
[11, 0.48051440715789795, 0.4839811623096466, 0.9843366146087646, 0.05539591610431671, 0.17777703702449799, 1.6233054399490356, 0.8976560235023499, 0.9080346822738647, 0.9080346822738647, 4.8101115226745605, '02:22']
[12, 0.4747716784477234, 0.49381202459335327, 0.9776521325111389, 0.05069984123110771, 0.18108294904232025, 1.709341287612915, 0.8990826606750488, 0.9149947166442871, 0.9149947166442871, 8.564905166625977, '02:22']
[13, 0.4696136713027954, 0.4886753261089325, 0.9896425604820251, 0.04606267064809799, 0.17508099973201752, 1.462878942489624, 0.9159061908721924, 0.9200246930122375, 0.9200246930122375, 1.8938639163970947, '02:22']
[14, 0.47422006726264954, 0.48239290714263916, 0.990236759185791, 0.053955547511577606, 0.17487788200378418, 1.4442442655563354, 0.9046918749809265, 0.9118438959121704, 0.9118438959121704, 1.7177590131759644, '02:22']
[15, 0.475898802280426, 0.4763418138027191, 0.9879643321037292, 0.062280748039484024, 0.17594248056411743, 1.5476114749908447, 0.8854424357414246, 0.8950749039649963, 0.8950749039649963, 3.023874044418335, '02:22']
[16, 0.4764494001865387, 0.48192551732063293, 0.9836364388465881, 0.05800267681479454, 0.17801979184150696, 1.629284143447876, 0.8920552730560303, 0.9046822190284729, 0.9046822190284729, 5.261744976043701, '02:22']
[17, 0.4655223488807678, 0.4793526530265808, 0.9834977984428406, 0.06376292556524277, 0.17835797369480133, 1.662889838218689, 0.8762621283531189, 0.8926221132278442, 0.8926221132278442, 5.415381908416748, '02:22']
[18, 0.4639967381954193, 0.46789684891700745, 0.9895861744880676, 0.07189811766147614, 0.17531952261924744, 1.500025987625122, 0.8728268146514893, 0.8810039758682251, 0.8810039758682251, 2.1039905548095703, '02:22']
[19, 0.469683438539505, 0.47345539927482605, 0.990132212638855, 0.06390956044197083, 0.17489808797836304, 1.4596995115280151, 0.88409423828125, 0.8912031054496765, 0.8912031054496765, 1.7423975467681885, '02:22']
[20, 0.46212050318717957, 0.4716566503047943, 0.9904256463050842, 0.06507151573896408, 0.17483144998550415, 1.446767807006836, 0.8836271166801453, 0.8926863670349121, 0.8926863670349121, 1.7099547386169434, '02:22']
[21, 0.46785008907318115, 0.4682885706424713, 0.9882689714431763, 0.0713067427277565, 0.1757926195859909, 1.5352143049240112, 0.8706034421920776, 0.8807933926582336, 0.8807933926582336, 2.8761837482452393, '02:22']
[22, 0.45956695079803467, 0.4659675061702728, 0.9893468618392944, 0.073661208152771, 0.17540284991264343, 1.5031672716140747, 0.8703104853630066, 0.8800394535064697, 0.8800394535064697, 2.277639627456665, '02:22']
[23, 0.45435383915901184, 0.46602490544319153, 0.9884396195411682, 0.07592406123876572, 0.17580264806747437, 1.541559100151062, 0.8646931052207947, 0.8746849298477173, 0.8746849298477173, 2.712595224380493, '02:22']
[24, 0.46297115087509155, 0.4808790385723114, 0.9794025421142578, 0.06614252924919128, 0.18071602284908295, 1.7141574621200562, 0.8717767596244812, 0.8927709460258484, 0.8927709460258484, 7.347473621368408, '02:22']
[25, 0.456944078207016, 0.481719970703125, 0.9766398668289185, 0.06717082113027573, 0.1817757487297058, 1.7441281080245972, 0.8566558957099915, 0.8858641386032104, 0.8858641386032104, 8.814970970153809, '02:22']
[26, 0.4580603539943695, 0.47015056014060974, 0.9858673214912415, 0.07146091014146805, 0.1770666539669037, 1.6229019165039062, 0.8617275357246399, 0.8769420981407166, 0.8769420981407166, 4.128852844238281, '02:22']
[27, 0.46133655309677124, 0.4642617106437683, 0.9902545213699341, 0.07488953322172165, 0.17482973635196686, 1.447244644165039, 0.868459165096283, 0.8755460381507874, 0.8755460381507874, 1.7358943223953247, '02:22']
[28, 0.45285868644714355, 0.4677426815032959, 0.9866276979446411, 0.07611565291881561, 0.1767708659172058, 1.6124982833862305, 0.855268120765686, 0.8691163659095764, 0.8691163659095764, 3.633679151535034, '02:22']
[29, 0.46279820799827576, 0.45695436000823975, 0.9893196821212769, 0.08414991199970245, 0.17546303570270538, 1.5147274732589722, 0.8512752652168274, 0.8612554669380188, 0.8612555265426636, 2.37325119972229, '02:22']
[30, 0.46160608530044556, 0.4653783142566681, 0.9886758923530579, 0.07318181544542313, 0.1758018285036087, 1.5267424583435059, 0.8726885318756104, 0.882723331451416, 0.882723331451416, 2.7606990337371826, '02:22']
[31, 0.4566328525543213, 0.45896223187446594, 0.9897740483283997, 0.08128288388252258, 0.17516487836837769, 1.4918992519378662, 0.8556705713272095, 0.8654969334602356, 0.8654969334602356, 2.1922876834869385, '02:22']
[32, 0.45723751187324524, 0.4613720774650574, 0.991279661655426, 0.08050955832004547, 0.1745678335428238, 1.3884176015853882, 0.8693428635597229, 0.87775719165802, 0.87775719165802, 1.2272294759750366, '02:22']
[33, 0.45266056060791016, 0.4669157862663269, 0.9864524602890015, 0.07460124045610428, 0.17686578631401062, 1.6065560579299927, 0.8620341420173645, 0.8736140727996826, 0.8736140727996826, 4.085881233215332, '02:22']
[34, 0.4487595558166504, 0.4602004587650299, 0.989427924156189, 0.08060473203659058, 0.17530304193496704, 1.511491060256958, 0.8534375429153442, 0.8631349802017212, 0.8631349802017212, 2.2666525840759277, '02:22']
[35, 0.44664373993873596, 0.49044162034988403, 0.9746450185775757, 0.06387034058570862, 0.1827988177537918, 1.7675739526748657, 0.8647026419639587, 0.8889913558959961, 0.8889913558959961, 9.655231475830078, '02:22']
[36, 0.44976338744163513, 0.4649929106235504, 0.9916979074478149, 0.07260720431804657, 0.1741478145122528, 1.3400131464004517, 0.8692263960838318, 0.8796024918556213, 0.8796024918556213, 0.9091578125953674, '02:22']
[37, 0.45205891132354736, 0.46079012751579285, 0.9837682247161865, 0.08266212046146393, 0.17814470827579498, 1.6598395109176636, 0.8389434218406677, 0.8606976866722107, 0.8606976866722107, 5.2521891593933105, '02:22']
[38, 0.4457454979419708, 0.4837816059589386, 0.9926036596298218, 0.051918573677539825, 0.17354415357112885, 1.1589300632476807, 0.8877594470977783, 0.9104763865470886, 0.9104763865470886, 0.3105795085430145, '02:22']
No improvement since epoch 29: early stopping
----------
3
----------
DLS create!
[0, 0.5523856282234192, 0.5189357399940491, 0.9926014542579651, 0.0, 0.18293090164661407, 1.13251531124115, 0.9913845062255859, 0.9822069406509399, 0.9822069406509399, 0.0, '02:23']
[1, 0.5125353336334229, 0.5084121227264404, 0.9838894605636597, 0.028586817905306816, 0.182033970952034, 1.4180346727371216, 0.9614169001579285, 0.9592412710189819, 0.9592412710189819, 2.8594281673431396, '02:23']
[2, 0.5046619772911072, 0.5039252638816833, 0.9905719757080078, 0.013260954059660435, 0.17608289420604706, 1.3066009283065796, 0.9650328755378723, 0.9600411057472229, 0.9600411057472229, 0.5128523707389832, '02:23']
[3, 0.5050027370452881, 0.49367499351501465, 0.9830170273780823, 0.047367069870233536, 0.17843419313430786, 1.4446892738342285, 0.9350537657737732, 0.9347302317619324, 0.9347304105758667, 3.0914769172668457, '02:23']
[4, 0.4916173815727234, 0.5033985376358032, 0.9730843901634216, 0.04258380085229874, 0.18273679912090302, 1.6664141416549683, 0.9274138808250427, 0.9290463328361511, 0.9290463328361511, 5.0582380294799805, '02:23']
[5, 0.49374157190322876, 0.49043169617652893, 0.9891780614852905, 0.04410598427057266, 0.17546658217906952, 1.3650583028793335, 0.9339282512664795, 0.9313719272613525, 0.9313719272613525, 1.029172420501709, '02:23']
[6, 0.49293893575668335, 0.49097180366516113, 0.9897873401641846, 0.0456884391605854, 0.17518416047096252, 1.358312726020813, 0.9334022998809814, 0.9321277141571045, 0.9321277141571045, 1.0561434030532837, '02:23']
[7, 0.4881764054298401, 0.5153830051422119, 0.961830198764801, 0.04239567369222641, 0.18819928169250488, 1.7786643505096436, 0.904935359954834, 0.9249378442764282, 0.9249378442764282, 10.046709060668945, '02:23']
[8, 0.4796302616596222, 0.48692116141319275, 0.9911805391311646, 0.05040678381919861, 0.17417898774147034, 1.2528184652328491, 0.9102559685707092, 0.915814995765686, 0.915814995765686, 0.5114590525627136, '02:23']
[9, 0.4840227961540222, 0.47612255811691284, 0.9871351718902588, 0.06492085754871368, 0.1763160675764084, 1.493300437927246, 0.8918537497520447, 0.895228385925293, 0.895228385925293, 2.1581387519836426, '02:23']
[10, 0.48176309466362, 0.4763897955417633, 0.9836686253547668, 0.06626047194004059, 0.17815126478672028, 1.5845677852630615, 0.8855369091033936, 0.8922526240348816, 0.8922526240348816, 3.128977060317993, '02:23']
[11, 0.47828784584999084, 0.4668547511100769, 0.9897401332855225, 0.07527653127908707, 0.17505447566509247, 1.388588309288025, 0.878150463104248, 0.8805313110351562, 0.8805313110351562, 1.2604316473007202, '02:23']
[12, 0.47772401571273804, 0.4971124827861786, 0.9923361539840698, 0.033530689775943756, 0.1736968606710434, 1.1192222833633423, 0.9344341158866882, 0.9434030055999756, 0.9434030055999756, 0.18889017403125763, '02:22']
[13, 0.47174614667892456, 0.4846488833427429, 0.9778066873550415, 0.06124791502952576, 0.1807183027267456, 1.6643905639648438, 0.8897307515144348, 0.8950947523117065, 0.8950947523117065, 4.031866073608398, '02:22']
[14, 0.48187312483787537, 0.47179102897644043, 0.9843910336494446, 0.071290984749794, 0.17780765891075134, 1.5736826658248901, 0.8780972957611084, 0.883238673210144, 0.883238673210144, 2.772719621658325, '02:23']
[15, 0.4668072760105133, 0.47730696201324463, 0.9917625188827515, 0.06132294237613678, 0.17402513325214386, 1.2223883867263794, 0.8961164355278015, 0.902572512626648, 0.902572512626648, 0.4691106081008911, '02:23']
[16, 0.47232764959335327, 0.48593053221702576, 0.9910665154457092, 0.04844336584210396, 0.17435994744300842, 1.2929872274398804, 0.9158440828323364, 0.9190286993980408, 0.9190286993980408, 0.6674454808235168, '02:23']
[17, 0.46750620007514954, 0.462004154920578, 0.9894339442253113, 0.081180140376091, 0.17522092163562775, 1.4075684547424316, 0.8643990159034729, 0.8682936429977417, 0.8682936429977417, 1.3459739685058594, '02:23']
[18, 0.459077924489975, 0.4959348440170288, 0.9909635782241821, 0.038341037929058075, 0.1743403971195221, 1.2044745683670044, 0.9212512969970703, 0.9312095046043396, 0.9312095046043396, 0.5095424652099609, '02:23']
[19, 0.46164602041244507, 0.4847634732723236, 0.9780133962631226, 0.06575444340705872, 0.18089373409748077, 1.6578402519226074, 0.8684910535812378, 0.8871194124221802, 0.8871194124221802, 4.359683990478516, '02:23']
[20, 0.45907679200172424, 0.4814966917037964, 0.9920289516448975, 0.05484144389629364, 0.17377910017967224, 1.1766786575317383, 0.8980724811553955, 0.9089632034301758, 0.9089632034301758, 0.32496964931488037, '02:23']
[21, 0.45977115631103516, 0.4668026864528656, 0.9905049800872803, 0.07364246994256973, 0.1746392399072647, 1.3388174772262573, 0.8721200823783875, 0.8781034350395203, 0.8781034350395203, 0.9217562079429626, '02:23']
[22, 0.46146368980407715, 0.485615998506546, 0.9924136996269226, 0.049220792949199677, 0.1735784113407135, 1.1100455522537231, 0.9004876017570496, 0.9174190759658813, 0.9174190759658813, 0.19345085322856903, '02:23']
[23, 0.46165385842323303, 0.4732809066772461, 0.991701066493988, 0.0651681050658226, 0.17395329475402832, 1.2145631313323975, 0.8806586861610413, 0.8898072838783264, 0.8898072838783264, 0.43288859724998474, '02:23']
[24, 0.4606185555458069, 0.4645918309688568, 0.9852389097213745, 0.08093146234750748, 0.1773657351732254, 1.5355305671691895, 0.8575551509857178, 0.8676790595054626, 0.8676790595054626, 2.4506032466888428, '02:23']
[25, 0.4582535922527313, 0.46221062541007996, 0.9878824353218079, 0.08073747158050537, 0.17606301605701447, 1.478716254234314, 0.857950747013092, 0.8631972074508667, 0.8631973266601562, 1.6159530878067017, '02:23']
[26, 0.4545397460460663, 0.48096463084220886, 0.9840023517608643, 0.06218167394399643, 0.17794235050678253, 1.5610014200210571, 0.8815243244171143, 0.8923154473304749, 0.8923154473304749, 2.983654499053955, '02:23']
No improvement since epoch 17: early stopping
----------
4
----------
DLS create!
[0, 0.5247282385826111, 0.5206559896469116, 0.9904769659042358, nan, 0.17685601115226746, 1.0560792684555054, 0.9969632625579834, 0.9794940948486328, 0.9794940948486328, nan, '02:23']
[1, 0.5109365582466125, 0.5227291584014893, 0.9858978390693665, 0.00972247589379549, 0.18090645968914032, 1.3651132583618164, 0.9886891841888428, 0.969357967376709, 0.969357967376709, inf, '02:23']
[2, 0.497684121131897, 0.49831146001815796, 0.9788938164710999, 0.05243013799190521, 0.17943060398101807, 1.5774728059768677, 0.9215933680534363, 0.9110861420631409, 0.9110862612724304, inf, '02:23']
[3, 0.5016493797302246, 0.4952003061771393, 0.9795003533363342, 0.056811731308698654, 0.18053564429283142, 1.5419646501541138, 0.9239669442176819, 0.9140805602073669, 0.9140805602073669, inf, '02:23']
[4, 0.49454641342163086, 0.48873183131217957, 0.9763582944869995, 0.06464540958404541, 0.1809646040201187, 1.638256311416626, 0.8941621780395508, 0.8893299698829651, 0.8893299698829651, inf, '02:23']
[5, 0.5001075863838196, 0.48982033133506775, 0.986091136932373, 0.054340969771146774, 0.17645850777626038, 1.4082489013671875, 0.9224996566772461, 0.911349892616272, 0.911349892616272, inf, '02:23']
[6, 0.488646924495697, 0.4879872500896454, 0.9808022379875183, 0.0595017671585083, 0.17864646017551422, 1.5646898746490479, 0.9044596552848816, 0.8973337411880493, 0.8973337411880493, inf, '02:23']
[7, 0.49508756399154663, 0.4855811893939972, 0.9823982119560242, 0.06381724029779434, 0.17781104147434235, 1.5202012062072754, 0.9032787084579468, 0.894737184047699, 0.894737184047699, inf, '02:23']
[8, 0.4932396709918976, 0.4867682456970215, 0.9851134419441223, 0.058643776923418045, 0.17657209932804108, 1.4559928178787231, 0.9117637872695923, 0.9016385674476624, 0.9016385674476624, inf, '02:23']
[9, 0.5004432797431946, 0.4900622069835663, 0.9860028624534607, 0.05776564031839371, 0.17659839987754822, 1.3790154457092285, 0.9228931665420532, 0.9128437042236328, 0.9128437042236328, inf, '02:23']
[10, 0.4983740448951721, 0.4871600270271301, 0.9849464893341064, 0.056535445153713226, 0.17676377296447754, 1.4388710260391235, 0.9171607494354248, 0.9061411023139954, 0.9061411023139954, inf, '02:23']
[11, 0.4933769404888153, 0.4892439842224121, 0.983702540397644, 0.0593421570956707, 0.17705292999744415, 1.5103119611740112, 0.9057939052581787, 0.8961707949638367, 0.8961707949638367, inf, '02:23']
[12, 0.4860992729663849, 0.48381954431533813, 0.9822435975074768, 0.06554468721151352, 0.17775015532970428, 1.5411803722381592, 0.8962579369544983, 0.8857448697090149, 0.8857448697090149, inf, '02:23']
[13, 0.4980148375034332, 0.48659443855285645, 0.9867265224456787, 0.05783902481198311, 0.17580758035182953, 1.398566484451294, 0.9141417741775513, 0.9043807983398438, 0.9043807983398438, inf, '02:23']
[14, 0.48245832324028015, 0.49055445194244385, 0.9872505068778992, 0.05542389675974846, 0.17538432776927948, 1.4028167724609375, 0.9091211557388306, 0.901103138923645, 0.901103138923645, inf, '02:23']
[15, 0.4853008985519409, 0.48140719532966614, 0.9774787425994873, 0.07185487449169159, 0.18020842969417572, 1.6222009658813477, 0.881304144859314, 0.8766039609909058, 0.8766039609909058, inf, '02:23']
[16, 0.4783501923084259, 0.4773588478565216, 0.9834753274917603, 0.07359707355499268, 0.1773478239774704, 1.549349069595337, 0.8760311603546143, 0.87010657787323, 0.87010657787323, inf, '02:23']
[17, 0.48067113757133484, 0.4779398739337921, 0.9854749441146851, 0.06982707977294922, 0.17626547813415527, 1.4789988994598389, 0.8794847130775452, 0.874873697757721, 0.874873697757721, inf, '02:23']
[18, 0.47279471158981323, 0.474347323179245, 0.9878450036048889, 0.07476107031106949, 0.1749657541513443, 1.3719373941421509, 0.8732401728630066, 0.869179368019104, 0.869179368019104, inf, '02:23']
[19, 0.47388213872909546, 0.47191810607910156, 0.9886555075645447, 0.0764581486582756, 0.17459629476070404, 1.327873706817627, 0.8715646266937256, 0.8691694140434265, 0.8691694140434265, inf, '02:23']
[20, 0.47404709458351135, 0.4795434772968292, 0.9791924953460693, 0.07427189499139786, 0.17926821112632751, 1.6147253513336182, 0.8693655133247375, 0.8686502575874329, 0.8686502575874329, inf, '02:23']
[21, 0.46213066577911377, 0.4772571623325348, 0.9891432523727417, 0.07073129713535309, 0.1742670089006424, 1.2825779914855957, 0.8744683861732483, 0.8742837309837341, 0.8742837309837341, inf, '02:23']
[22, 0.47973790764808655, 0.47439488768577576, 0.9811227321624756, 0.07757634669542313, 0.17847441136837006, 1.5891659259796143, 0.864338755607605, 0.8631350994110107, 0.8631350994110107, inf, '02:23']
[23, 0.4738188683986664, 0.4544244110584259, 0.9870689511299133, 0.0993899405002594, 0.1755806803703308, 1.419777750968933, 0.8423280715942383, 0.8386356830596924, 0.8386356830596924, inf, '02:23']
[24, 0.4734949469566345, 0.47026383876800537, 0.9821615815162659, 0.08273513615131378, 0.17787019908428192, 1.5608971118927002, 0.8569044470787048, 0.8557121753692627, 0.8557121753692627, inf, '02:23']
[25, 0.46691811084747314, 0.4677483141422272, 0.9814146161079407, 0.08718810230493546, 0.17844948172569275, 1.5924042463302612, 0.8465681672096252, 0.8475070595741272, 0.8475070595741272, inf, '02:22']
[26, 0.45938223600387573, 0.46733495593070984, 0.9795714616775513, 0.09178879112005234, 0.17949317395687103, 1.6241779327392578, 0.83474200963974, 0.8376500606536865, 0.8376500606536865, inf, '02:23']
[27, 0.46323445439338684, 0.4534892737865448, 0.9823396801948547, 0.10517764091491699, 0.1782054901123047, 1.5813512802124023, 0.8192964196205139, 0.8211472630500793, 0.8211472630500793, inf, '02:23']
[28, 0.44582071900367737, 0.48639827966690063, 0.9904686808586121, 0.058117881417274475, 0.17357441782951355, 1.0981745719909668, 0.8841524124145508, 0.8955004811286926, 0.8955004811286926, inf, '02:23']
[29, 0.45359960198402405, 0.4794659912586212, 0.9903310537338257, 0.06648031622171402, 0.17363092303276062, 1.1377383470535278, 0.8645699620246887, 0.8788803219795227, 0.8788803219795227, inf, '02:23']
[30, 0.45551571249961853, 0.4816111922264099, 0.9896736145019531, 0.061933163553476334, 0.17399559915065765, 1.2369385957717896, 0.8826413154602051, 0.88758385181427, 0.88758385181427, inf, '02:23']
[31, 0.4567759037017822, 0.4540969431400299, 0.9886587262153625, 0.10087447613477707, 0.17475149035453796, 1.3026978969573975, 0.8405105471611023, 0.8355872631072998, 0.8355872631072998, inf, '02:23']
[32, 0.4528063237667084, 0.44689232110977173, 0.9887949228286743, 0.1081073209643364, 0.17467060685157776, 1.3416781425476074, 0.8227277994155884, 0.8180867433547974, 0.8180867433547974, inf, '02:23']
[33, 0.4540742337703705, 0.5057333111763, 0.9906314611434937, 0.03346269205212593, 0.17337751388549805, 1.035098910331726, 0.9129683375358582, 0.9323225617408752, 0.9323225617408752, inf, '02:23']
[34, 0.46088874340057373, 0.4574897587299347, 0.9882350564002991, 0.09474428743124008, 0.1749965250492096, 1.3518668413162231, 0.8449156880378723, 0.8391474485397339, 0.8391474485397339, inf, '02:23']
[35, 0.4531668424606323, 0.4932035505771637, 0.9902077317237854, 0.05094175785779953, 0.17362527549266815, 1.1532206535339355, 0.8838467001914978, 0.903230607509613, 0.903230607509613, inf, '02:23']
[36, 0.456699937582016, 0.45285406708717346, 0.9836047291755676, 0.1056724414229393, 0.1775539368391037, 1.5610089302062988, 0.8223186135292053, 0.8211196064949036, 0.8211196064949036, inf, '02:23']
[37, 0.45549413561820984, 0.46168074011802673, 0.9888536334037781, 0.08661071956157684, 0.17465895414352417, 1.3297064304351807, 0.851560115814209, 0.8534579873085022, 0.8534579873085022, inf, '02:23']
[38, 0.4453175961971283, 0.4581702947616577, 0.9892646670341492, 0.0940588116645813, 0.17433412373065948, 1.2868624925613403, 0.8407880663871765, 0.837554931640625, 0.837554931640625, inf, '02:23']
[39, 0.4586864113807678, 0.44614505767822266, 0.9864858388900757, 0.11210740357637405, 0.1760382503271103, 1.4591766595840454, 0.8234739303588867, 0.819556713104248, 0.819556713104248, inf, '02:23']
[40, 0.4515310823917389, 0.4490574896335602, 0.9845386743545532, 0.10797018557786942, 0.1770164966583252, 1.5223100185394287, 0.8189957737922668, 0.8179324865341187, 0.8179324865341187, inf, '02:23']
[41, 0.4587680697441101, 0.45027366280555725, 0.9836400747299194, 0.10692700743675232, 0.17757540941238403, 1.5314958095550537, 0.8164085149765015, 0.8187193274497986, 0.8187193274497986, inf, '02:23']
[42, 0.44985318183898926, 0.44389113783836365, 0.9894407391548157, 0.11326134204864502, 0.17439396679401398, 1.2800259590148926, 0.8197373151779175, 0.8182498812675476, 0.8182498812675476, inf, '02:23']
[43, 0.4509011507034302, 0.48632678389549255, 0.9670214056968689, 0.0819777324795723, 0.18589532375335693, 1.7395596504211426, 0.8297044634819031, 0.8517122268676758, 0.8517122268676758, inf, '02:23']
[44, 0.45687612891197205, 0.4440079927444458, 0.9814427495002747, 0.1157132089138031, 0.17877697944641113, 1.6103382110595703, 0.7936945557594299, 0.8033816814422607, 0.8033816814422607, inf, '02:23']
[45, 0.4585888683795929, 0.44609659910202026, 0.9885514378547668, 0.10915450006723404, 0.17480583488941193, 1.345322608947754, 0.8231356739997864, 0.8196809887886047, 0.8196809887886047, inf, '02:23']
[46, 0.4374757707118988, 0.49791839718818665, 0.9891783595085144, 0.04154343903064728, 0.17425625026226044, 1.2678025960922241, 0.9051990509033203, 0.9168825745582581, 0.9168825745582581, inf, '02:23']
[47, 0.44023433327674866, 0.4566846191883087, 0.9903066754341125, 0.09597234427928925, 0.1737765371799469, 1.1888691186904907, 0.8330698609352112, 0.838499903678894, 0.838499903678894, inf, '02:23']
[48, 0.4575446844100952, 0.4666133224964142, 0.9843816757202148, 0.08981257677078247, 0.17684517800807953, 1.3374497890472412, 0.8523513078689575, 0.8541083931922913, 0.8541083931922913, inf, '02:23']
[49, 0.44634607434272766, 0.4684174656867981, 0.9906520843505859, 0.08139672875404358, 0.17355553805828094, 1.1108077764511108, 0.8509425520896912, 0.863716721534729, 0.863716721534729, inf, '02:23']
[50, 0.439966082572937, 0.46517908573150635, 0.9905743598937988, 0.0848224088549614, 0.17360085248947144, 1.127089023590088, 0.8454404473304749, 0.8567646145820618, 0.8567646741867065, inf, '02:23']
[51, 0.44819870591163635, 0.462344229221344, 0.9902712106704712, 0.0908806324005127, 0.17374680936336517, 1.1653592586517334, 0.8398776650428772, 0.84833824634552, 0.84833824634552, inf, '02:23']
No improvement since epoch 42: early stopping
Unet_mitb5 Done!
