Models will save to Unet_mobs4_x
Use mobileone_s4 encoder
Start training...
----------
0
----------
DLS create!
[0, 0.5266380906105042, 0.5086624026298523, 0.9937458038330078, 0.0, 0.17860513925552368, 1.2123349905014038, 0.9802771210670471, 0.9761260151863098, 0.9761260151863098, 0.0, '00:59']
[1, 0.5023824572563171, 0.48628607392311096, 0.9900463223457336, 0.05232914537191391, 0.1763625144958496, 1.3761414289474487, 0.9333968758583069, 0.9332590699195862, 0.9332590699195862, 1.350837230682373, '00:57']
[2, 0.49277329444885254, 0.48701101541519165, 0.9756837487220764, 0.05877424404025078, 0.18299460411071777, 1.7206177711486816, 0.888852059841156, 0.9079095721244812, 0.9079095721244812, 6.0023603439331055, '00:57']
[3, 0.4844677746295929, 0.46840235590934753, 0.9903997778892517, 0.06888576596975327, 0.17559932172298431, 1.436018705368042, 0.8945764303207397, 0.895721971988678, 0.895721971988678, 1.2705204486846924, '00:57']
[4, 0.4812009334564209, 0.4576559364795685, 0.9884534478187561, 0.08336398005485535, 0.17655088007450104, 1.534606695175171, 0.863749623298645, 0.869306206703186, 0.869306206703186, 1.9471811056137085, '00:57']
[5, 0.47121772170066833, 0.48289865255355835, 0.9844610691070557, 0.054293010383844376, 0.17815127968788147, 1.5945976972579956, 0.9036363959312439, 0.908237874507904, 0.908237874507904, 2.628582239151001, '00:57']
[6, 0.4686088562011719, 0.45620864629745483, 0.9915606379508972, 0.08077642321586609, 0.17481426894664764, 1.3769115209579468, 0.8652357459068298, 0.8661074638366699, 0.8661074638366699, 0.9649912118911743, '00:57']
[7, 0.4578280448913574, 0.4430963099002838, 0.991679310798645, 0.09698108583688736, 0.17472465336322784, 1.3808461427688599, 0.8391626477241516, 0.8411235809326172, 0.8411235809326172, 1.019567608833313, '00:57']
[8, 0.4594689607620239, 0.4357473850250244, 0.9913787245750427, 0.1058780774474144, 0.17490839958190918, 1.4153374433517456, 0.8245500326156616, 0.827560305595398, 0.827560305595398, 1.1685329675674438, '00:57']
[9, 0.45996248722076416, 0.43466320633888245, 0.9898028373718262, 0.10961933434009552, 0.1758200079202652, 1.4977654218673706, 0.8215451240539551, 0.8270680904388428, 0.8270680904388428, 1.7313402891159058, '00:57']
[10, 0.45588934421539307, 0.43954551219940186, 0.9908353090286255, 0.10211693495512009, 0.17528818547725677, 1.4398908615112305, 0.831089437007904, 0.8352572917938232, 0.8352572917938232, 1.2720216512680054, '00:57']
[11, 0.45907145738601685, 0.4323093593120575, 0.9905978441238403, 0.11089257150888443, 0.17535606026649475, 1.4646143913269043, 0.8120480179786682, 0.8162314891815186, 0.8162314891815186, 1.3911519050598145, '00:57']
[12, 0.4579242765903473, 0.43978381156921387, 0.987612783908844, 0.10381416976451874, 0.17690330743789673, 1.58234703540802, 0.8184981942176819, 0.8289564847946167, 0.8289564251899719, 2.382913112640381, '00:57']
[13, 0.44938647747039795, 0.43385177850723267, 0.9911292791366577, 0.10871073603630066, 0.1750701516866684, 1.382830023765564, 0.8178888559341431, 0.8226433992385864, 0.8226433992385864, 1.079819679260254, '00:57']
[14, 0.4399350583553314, 0.4399304986000061, 0.9904488921165466, 0.10383269190788269, 0.17545460164546967, 1.4053431749343872, 0.8284560441970825, 0.8329880833625793, 0.8329880833625793, 1.154610514640808, '00:58']
[15, 0.45233768224716187, 0.4798628091812134, 0.9860115051269531, 0.0644221305847168, 0.1774337887763977, 1.5814403295516968, 0.881172239780426, 0.8893194198608398, 0.8893194198608398, 2.623662233352661, '00:58']
[16, 0.4523056149482727, 0.4512137174606323, 0.9907708764076233, 0.08985307812690735, 0.17518310248851776, 1.3911927938461304, 0.8438813090324402, 0.8496361970901489, 0.8496361970901489, 1.128373622894287, '00:57']
[17, 0.4441780745983124, 0.4268285036087036, 0.9919508099555969, 0.11663217097520828, 0.17461776733398438, 1.381658911705017, 0.8055081963539124, 0.8099385499954224, 0.8099385499954224, 1.0335265398025513, '00:57']
[18, 0.4549933075904846, 0.44876062870025635, 0.9837638139724731, 0.09711286425590515, 0.17887301743030548, 1.6058558225631714, 0.8200260996818542, 0.8396462798118591, 0.8396462798118591, 3.1195764541625977, '00:57']
[19, 0.44617021083831787, 0.4360560178756714, 0.987798810005188, 0.1087644100189209, 0.17684757709503174, 1.5881822109222412, 0.8067581057548523, 0.8186776638031006, 0.8186776638031006, 2.4161078929901123, '00:57']
[20, 0.44950321316719055, 0.47637614607810974, 0.9718763828277588, 0.07591559737920761, 0.18466360867023468, 1.7637635469436646, 0.8353123664855957, 0.8709982633590698, 0.8709982633590698, 6.798282623291016, '00:57']
[21, 0.45238086581230164, 0.42051467299461365, 0.9918263554573059, 0.12594351172447205, 0.17481429874897003, 1.4009759426116943, 0.7923210859298706, 0.7979809641838074, 0.7979809641838074, 1.1618938446044922, '00:57']
[22, 0.44157540798187256, 0.42133814096450806, 0.9892268180847168, 0.126119002699852, 0.17620229721069336, 1.4823347330093384, 0.7859668731689453, 0.7971917986869812, 0.7971917986869812, 1.7806768417358398, '00:57']
[23, 0.44643494486808777, 0.4308299720287323, 0.9905905723571777, 0.11346228420734406, 0.17539900541305542, 1.443703293800354, 0.8090782761573792, 0.8148865103721619, 0.8148865103721619, 1.3554716110229492, '00:57']
[24, 0.4419938623905182, 0.432762086391449, 0.9930482506752014, 0.10921033471822739, 0.1740906685590744, 1.2623176574707031, 0.8155069351196289, 0.8242611885070801, 0.8242611885070801, 0.602380633354187, '00:57']
[25, 0.4463830590248108, 0.4254560172557831, 0.9931142330169678, 0.12156762182712555, 0.174141526222229, 1.2530715465545654, 0.8051016330718994, 0.8125330209732056, 0.8125330209732056, 0.5939558744430542, '00:57']
[26, 0.43299803137779236, 0.43065017461776733, 0.9890656471252441, 0.11358058452606201, 0.1761987805366516, 1.5321828126907349, 0.8057460784912109, 0.8135200142860413, 0.8135200142860413, 1.9623075723648071, '00:57']
[27, 0.4327373206615448, 0.4124641716480255, 0.9915520548820496, 0.13580617308616638, 0.17498964071273804, 1.418839693069458, 0.7779446840286255, 0.7828004360198975, 0.7828004360198975, 1.2075005769729614, '00:57']
[28, 0.44063127040863037, 0.4324899911880493, 0.9888859987258911, 0.11272332072257996, 0.17631486058235168, 1.5337072610855103, 0.8104646801948547, 0.8190270662307739, 0.8190270662307739, 2.1626131534576416, '00:57']
[29, 0.44023025035858154, 0.41789159178733826, 0.9900925159454346, 0.12983770668506622, 0.17575998604297638, 1.4927843809127808, 0.7837198376655579, 0.7913826704025269, 0.7913826704025269, 1.5879145860671997, '00:57']
[30, 0.43668562173843384, 0.420314759016037, 0.989260733127594, 0.12774446606636047, 0.17621837556362152, 1.534170389175415, 0.778228759765625, 0.787963330745697, 0.787963330745697, 1.8635997772216797, '00:57']
[31, 0.440067857503891, 0.42174047231674194, 0.9895933270454407, 0.12488071620464325, 0.17593251168727875, 1.5210034847259521, 0.7871122360229492, 0.7959859371185303, 0.7959859371185303, 1.8543462753295898, '00:58']
[32, 0.4372970163822174, 0.4102117717266083, 0.9910840392112732, 0.1389104127883911, 0.17521263659000397, 1.4570086002349854, 0.7726430296897888, 0.7787539958953857, 0.7787539958953857, 1.453416347503662, '00:57']
[33, 0.4368423521518707, 0.42906996607780457, 0.9874227046966553, 0.11627157032489777, 0.17716257274150848, 1.5586940050125122, 0.7933975458145142, 0.8075321316719055, 0.8075321316719055, 2.214816093444824, '00:57']
[34, 0.44599705934524536, 0.4164811372756958, 0.9896267652511597, 0.1335422247648239, 0.17612457275390625, 1.509606122970581, 0.7792466282844543, 0.7899047136306763, 0.7899047136306763, 1.7807607650756836, '00:59']
[35, 0.4414864182472229, 0.412658154964447, 0.9905245900154114, 0.13681073486804962, 0.17559678852558136, 1.4800755977630615, 0.7728842496871948, 0.7797099351882935, 0.7797099351882935, 1.6172327995300293, '00:57']
[36, 0.4479704797267914, 0.4207918643951416, 0.9884495139122009, 0.12727509438991547, 0.17670325934886932, 1.5289363861083984, 0.7799661755561829, 0.7934492230415344, 0.7934492230415344, 1.9613431692123413, '00:57']
[37, 0.43416860699653625, 0.4067939519882202, 0.9923187494277954, 0.1436571478843689, 0.17460937798023224, 1.3519678115844727, 0.7675794959068298, 0.7729637622833252, 0.7729637622833252, 0.9487792253494263, '00:57']
[38, 0.4327120780944824, 0.44370749592781067, 0.9845269322395325, 0.10533596575260162, 0.17872770130634308, 1.6348609924316406, 0.7997804284095764, 0.8212891817092896, 0.8212891817092896, 2.8929073810577393, '00:57']
[39, 0.430855393409729, 0.41842150688171387, 0.9892453551292419, 0.13328349590301514, 0.17644312977790833, 1.5183368921279907, 0.7748253345489502, 0.787300169467926, 0.787300169467926, 1.8345445394515991, '00:57']
[40, 0.43704769015312195, 0.41599783301353455, 0.9897063374519348, 0.13179737329483032, 0.17596575617790222, 1.519273281097412, 0.7764198184013367, 0.7843971848487854, 0.7843971848487854, 1.8050285577774048, '00:58']
[41, 0.4350396394729614, 0.41849350929260254, 0.9868791103363037, 0.13201114535331726, 0.1775878518819809, 1.595893144607544, 0.762825608253479, 0.7847172617912292, 0.7847172617912292, 2.6106412410736084, '00:57']
[42, 0.4342639744281769, 0.42972955107688904, 0.993656575679779, 0.11378466337919235, 0.17375338077545166, 1.1682686805725098, 0.7977942228317261, 0.8187822103500366, 0.8187822103500366, 0.4260936677455902, '00:57']
[43, 0.43047693371772766, 0.4186967611312866, 0.9906319379806519, 0.12933430075645447, 0.1754777878522873, 1.428380012512207, 0.7834029793739319, 0.7919982075691223, 0.7919982075691223, 1.3477541208267212, '00:57']
[44, 0.4342685639858246, 0.40803393721580505, 0.9893437623977661, 0.14471948146820068, 0.1764153242111206, 1.5167624950408936, 0.7573683261871338, 0.7711057066917419, 0.7711057066917419, 1.883033037185669, '00:57']
[45, 0.4278554618358612, 0.4085567891597748, 0.9906123280525208, 0.1422215849161148, 0.17560245096683502, 1.4608612060546875, 0.7619666457176208, 0.7701672911643982, 0.7701672911643982, 1.496600866317749, '00:57']
[46, 0.4337884485721588, 0.40731340646743774, 0.9912574291229248, 0.14543047547340393, 0.17531771957874298, 1.4585964679718018, 0.7638031244277954, 0.7702587246894836, 0.7702587246894836, 1.3860502243041992, '00:59']
No improvement since epoch 37: early stopping
----------
1
----------
DLS create!
[0, 0.5249464511871338, 0.5160186886787415, 0.993131697177887, nan, 0.17681361734867096, 1.0750161409378052, 0.9970036149024963, 0.9607170820236206, 0.9607170820236206, nan, '00:57']
[1, 0.5051518082618713, 0.49364322423934937, 0.9869830012321472, 0.040166378021240234, 0.17734172940254211, 1.5006043910980225, 0.9372142553329468, 0.9109314680099487, 0.9109314680099487, inf, '00:57']
[2, 0.4936114251613617, 0.47414419054985046, 0.9911919832229614, 0.06017743796110153, 0.17474035918712616, 1.4191854000091553, 0.8998531103134155, 0.8741341233253479, 0.8741341233253479, inf, '00:57']
[3, 0.49088776111602783, 0.47100386023521423, 0.9908207058906555, 0.06760650873184204, 0.17496095597743988, 1.4529380798339844, 0.891032338142395, 0.8666198253631592, 0.8666198253631592, inf, '00:57']
[4, 0.4781937301158905, 0.46023932099342346, 0.988187849521637, 0.08255528658628464, 0.1764359474182129, 1.598149061203003, 0.8586289882659912, 0.8373875021934509, 0.8373875021934509, inf, '00:57']
[5, 0.47326141595840454, 0.4570687413215637, 0.9925892949104309, 0.08339925855398178, 0.17395269870758057, 1.3128544092178345, 0.8573504090309143, 0.8393703103065491, 0.8393703103065491, inf, '00:57']
[6, 0.4660196304321289, 0.5079951882362366, 0.9651617407798767, 0.0573534220457077, 0.18784627318382263, 1.8301928043365479, 0.8646994233131409, 0.8691816926002502, 0.8691816926002502, inf, '00:57']
[7, 0.46581390500068665, 0.45987382531166077, 0.9899696111679077, 0.08608027547597885, 0.1753075122833252, 1.5231196880340576, 0.8497079610824585, 0.8292940258979797, 0.8292940258979797, inf, '00:57']
[8, 0.46642056107521057, 0.4449694752693176, 0.9902302622795105, 0.10030239075422287, 0.1753813624382019, 1.4957236051559448, 0.8350591063499451, 0.8114418983459473, 0.8114418983459473, inf, '00:57']
[9, 0.4634038507938385, 0.444669246673584, 0.9892688989639282, 0.10175521671772003, 0.17593006789684296, 1.522433876991272, 0.8315237164497375, 0.811693549156189, 0.811693549156189, inf, '00:57']
[10, 0.4575595557689667, 0.44768640398979187, 0.989038348197937, 0.09580826759338379, 0.17591701447963715, 1.5646158456802368, 0.8327876925468445, 0.8119917511940002, 0.8119917511940002, inf, '00:58']
[11, 0.45665234327316284, 0.4376053810119629, 0.9896498918533325, 0.10865864902734756, 0.17568159103393555, 1.5312799215316772, 0.8159084320068359, 0.7948739528656006, 0.7948739528656006, inf, '00:58']
[12, 0.4573719799518585, 0.4654938876628876, 0.9885731339454651, 0.07400611788034439, 0.17605969309806824, 1.5607404708862305, 0.8648993968963623, 0.8442650437355042, 0.8442650437355042, inf, '00:58']
[13, 0.45841309428215027, 0.46884685754776, 0.9826419353485107, 0.07378419488668442, 0.17896094918251038, 1.6750856637954712, 0.8629355430603027, 0.8478471636772156, 0.8478471636772156, inf, '00:57']
[14, 0.44649115204811096, 0.4412059485912323, 0.9869489073753357, 0.10628575086593628, 0.17705267667770386, 1.6377134323120117, 0.811640739440918, 0.7967803478240967, 0.7967803478240967, inf, '00:57']
[15, 0.4523245096206665, 0.4370177686214447, 0.990970253944397, 0.10749750584363937, 0.17493002116680145, 1.4862775802612305, 0.8177132606506348, 0.7977254390716553, 0.7977254390716553, inf, '00:57']
[16, 0.4523856043815613, 0.4332617223262787, 0.989034116268158, 0.1134222000837326, 0.17602242529392242, 1.5826218128204346, 0.8035167455673218, 0.7873185276985168, 0.7873185276985168, inf, '00:57']
[17, 0.44957754015922546, 0.4418058693408966, 0.9872422814369202, 0.10614107549190521, 0.17702050507068634, 1.6263154745101929, 0.8097737431526184, 0.7954463362693787, 0.7954463362693787, inf, '00:59']
[18, 0.4538922905921936, 0.4248991310596466, 0.9911448359489441, 0.12712129950523376, 0.17500729858875275, 1.4794694185256958, 0.7976685762405396, 0.777369499206543, 0.777369499206543, inf, '00:57']
[19, 0.4492301940917969, 0.4327283203601837, 0.9930111169815063, 0.11201047152280807, 0.1737888902425766, 1.2627323865890503, 0.8060120344161987, 0.7908996939659119, 0.7908996939659119, inf, '00:58']
[20, 0.44117850065231323, 0.42866480350494385, 0.9898468852043152, 0.11861296743154526, 0.17563627660274506, 1.4734137058258057, 0.7992986440658569, 0.780489981174469, 0.780489981174469, inf, '00:57']
[21, 0.4473596513271332, 0.4926697015762329, 0.9682244062423706, 0.07152645289897919, 0.1864686757326126, 1.813319444656372, 0.8350875973701477, 0.844636082649231, 0.844636082649231, inf, '00:57']
[22, 0.4320088326931, 0.42961838841438293, 0.9913819432258606, 0.11693816632032394, 0.17474257946014404, 1.4637632369995117, 0.7988482713699341, 0.7789109349250793, 0.7789109349250793, inf, '00:57']
[23, 0.43985509872436523, 0.4332273602485657, 0.9882261753082275, 0.11412574350833893, 0.17643415927886963, 1.5700384378433228, 0.8028475642204285, 0.7858185768127441, 0.7858185768127441, inf, '00:57']
[24, 0.44502636790275574, 0.42191335558891296, 0.9909091591835022, 0.12810152769088745, 0.1750819981098175, 1.5144613981246948, 0.7876455187797546, 0.7667363882064819, 0.7667363882064819, inf, '00:59']
[25, 0.4405166804790497, 0.41857409477233887, 0.9916305541992188, 0.13018789887428284, 0.17469467222690582, 1.4398952722549438, 0.7833021879196167, 0.7632879614830017, 0.7632879614830017, inf, '00:57']
[26, 0.4493856430053711, 0.4228610396385193, 0.9896072745323181, 0.12608985602855682, 0.17580872774124146, 1.550133466720581, 0.7850156426429749, 0.7692798972129822, 0.7692798972129822, inf, '00:57']
[27, 0.4308527708053589, 0.46341997385025024, 0.9863163232803345, 0.08046058565378189, 0.17725643515586853, 1.5670722723007202, 0.8448370695114136, 0.8321938514709473, 0.832193911075592, inf, '00:57']
[28, 0.43274205923080444, 0.4236861765384674, 0.9894198179244995, 0.12463464587926865, 0.17590193450450897, 1.5287773609161377, 0.7853605151176453, 0.7700843214988708, 0.7700843214988708, inf, '00:58']
[29, 0.43704622983932495, 0.4423564076423645, 0.9873629808425903, 0.10581411421298981, 0.17690540850162506, 1.475339651107788, 0.8105645775794983, 0.7936638593673706, 0.7936638593673706, inf, '00:58']
[30, 0.4458390474319458, 0.42251476645469666, 0.9916315078735352, 0.12606140971183777, 0.1746717244386673, 1.434151530265808, 0.7967960238456726, 0.7740094661712646, 0.7740094661712646, inf, '00:57']
[31, 0.43192586302757263, 0.42771679162979126, 0.988470196723938, 0.12289294600486755, 0.17646773159503937, 1.5599644184112549, 0.7856004238128662, 0.7704432010650635, 0.7704432010650635, inf, '00:57']
[32, 0.43969762325286865, 0.4164332449436188, 0.9912827014923096, 0.13451674580574036, 0.17492054402828217, 1.453688383102417, 0.7774481177330017, 0.7561398148536682, 0.7561398148536682, inf, '00:57']
[33, 0.4443424940109253, 0.436432808637619, 0.9879537224769592, 0.11345168203115463, 0.1767074018716812, 1.6011089086532593, 0.7973563075065613, 0.7825855612754822, 0.7825855612754822, inf, '00:57']
[34, 0.4360125660896301, 0.422152578830719, 0.9900094866752625, 0.12727196514606476, 0.1755399852991104, 1.5278207063674927, 0.7865590453147888, 0.7668963670730591, 0.7668963670730591, inf, '00:57']
[35, 0.42795097827911377, 0.4454992711544037, 0.9911767244338989, 0.10060960799455643, 0.17479316890239716, 1.3464730978012085, 0.8209162354469299, 0.8054899573326111, 0.8054899573326111, inf, '00:57']
[36, 0.4295598864555359, 0.4173542261123657, 0.9918792247772217, 0.13096222281455994, 0.17454007267951965, 1.4438902139663696, 0.780978262424469, 0.7615994215011597, 0.7615994215011597, inf, '00:57']
[37, 0.42792603373527527, 0.41429105401039124, 0.9897222518920898, 0.13583675026893616, 0.17583641409873962, 1.543418526649475, 0.7695987224578857, 0.7534523606300354, 0.7534523606300354, inf, '00:57']
[38, 0.427779883146286, 0.41533663868904114, 0.9919016361236572, 0.13243266940116882, 0.17456181347370148, 1.3861231803894043, 0.7742204070091248, 0.7566266655921936, 0.7566266655921936, inf, '00:57']
[39, 0.43142634630203247, 0.40811479091644287, 0.9913058876991272, 0.14463293552398682, 0.17494821548461914, 1.4912928342819214, 0.7620664834976196, 0.7443276643753052, 0.7443276643753052, inf, '00:57']
[40, 0.423732191324234, 0.4282549023628235, 0.9925121068954468, 0.11791105568408966, 0.17404305934906006, 1.3715136051177979, 0.7952947616577148, 0.7791079878807068, 0.7791079878807068, inf, '00:58']
[41, 0.43061891198158264, 0.42250972986221313, 0.9886261224746704, 0.1258387416601181, 0.17631308734416962, 1.5871707201004028, 0.7776729464530945, 0.7645362019538879, 0.7645362019538879, inf, '00:57']
[42, 0.4382956027984619, 0.41874003410339355, 0.9904868602752686, 0.1340256631374359, 0.17545340955257416, 1.537952184677124, 0.7826106548309326, 0.7641233205795288, 0.7641233205795288, inf, '00:57']
[43, 0.4371725022792816, 0.42431870102882385, 0.9888104200363159, 0.12779578566551208, 0.17629319429397583, 1.5799369812011719, 0.7816567420959473, 0.7668061256408691, 0.7668061256408691, inf, '00:57']
[44, 0.4263290464878082, 0.4113272428512573, 0.9913808703422546, 0.14067819714546204, 0.1749187707901001, 1.4802619218826294, 0.7666113972663879, 0.7466879487037659, 0.7466879487037659, inf, '00:57']
[45, 0.42378297448158264, 0.4127003848552704, 0.9904853701591492, 0.13821086287498474, 0.1754520982503891, 1.5004757642745972, 0.765286922454834, 0.7495663166046143, 0.7495663166046143, inf, '00:58']
[46, 0.4288250207901001, 0.4167235195636749, 0.9928034543991089, 0.1339855194091797, 0.17402417957782745, 1.3216196298599243, 0.7768167853355408, 0.7595571875572205, 0.7595571875572205, inf, '00:59']
[47, 0.41923606395721436, 0.41232672333717346, 0.9896371960639954, 0.14004142582416534, 0.17587004601955414, 1.5497478246688843, 0.7598283290863037, 0.7441642880439758, 0.7441642880439758, inf, '00:58']
[48, 0.42432910203933716, 0.41093161702156067, 0.9909124374389648, 0.14014087617397308, 0.17510956525802612, 1.5025725364685059, 0.7667973041534424, 0.7470998167991638, 0.7470998167991638, inf, '00:57']
No improvement since epoch 39: early stopping
----------
2
----------
DLS create!
[0, 0.5217298269271851, 0.5082168579101562, 0.9927884936332703, 5.96400786889717e-06, 0.1789066344499588, 1.315721869468689, 0.9705345034599304, 0.9694911241531372, 0.9694911241531372, 0.0004234628868289292, '00:58']
[1, 0.4992808997631073, 0.4910869896411896, 0.9895244836807251, 0.047275640070438385, 0.17570248246192932, 1.4054182767868042, 0.9336383938789368, 0.9367667436599731, 0.9367667436599731, 1.8914642333984375, '00:58']
[2, 0.4786417484283447, 0.4832150936126709, 0.9878711700439453, 0.054758232086896896, 0.17600998282432556, 1.522440791130066, 0.9045175313949585, 0.9118326306343079, 0.9118326306343079, 2.955878496170044, '00:57']
[3, 0.4755218029022217, 0.47610995173454285, 0.9855189919471741, 0.06560183316469193, 0.17720113694667816, 1.606751799583435, 0.8791942000389099, 0.8902583122253418, 0.8902583122253418, 4.185672760009766, '00:57']
[4, 0.4700595736503601, 0.47407060861587524, 0.9887281060218811, 0.06507152318954468, 0.17560574412345886, 1.519364833831787, 0.8835999369621277, 0.8910353779792786, 0.8910353779792786, 2.249824047088623, '00:57']
[5, 0.46333110332489014, 0.4711819291114807, 0.9882456660270691, 0.07097788900136948, 0.17595119774341583, 1.4713795185089111, 0.8762007355690002, 0.8832029700279236, 0.8832029700279236, 2.099665641784668, '00:58']
[6, 0.459227979183197, 0.4803089201450348, 0.9808132648468018, 0.0677400454878807, 0.17965185642242432, 1.6760050058364868, 0.8661226630210876, 0.8845512866973877, 0.8845512866973877, 5.724041938781738, '00:57']
[7, 0.4559437036514282, 0.4646417200565338, 0.9897300601005554, 0.07761060446500778, 0.17525440454483032, 1.4805747270584106, 0.8702839612960815, 0.8773376941680908, 0.8773377537727356, 1.9451894760131836, '00:57']
[8, 0.45321300625801086, 0.4627227783203125, 0.9899708032608032, 0.0795942172408104, 0.17504863440990448, 1.4669972658157349, 0.8586027026176453, 0.8678163886070251, 0.8678163886070251, 1.8156890869140625, '00:58']
[9, 0.4538424611091614, 0.45972952246665955, 0.9903172254562378, 0.08444534987211227, 0.17497535049915314, 1.422511339187622, 0.862012505531311, 0.8680334687232971, 0.8680334687232971, 1.5184814929962158, '00:57']
[10, 0.4556999206542969, 0.4580167531967163, 0.9882494211196899, 0.08788803219795227, 0.17604447901248932, 1.541034460067749, 0.8450977206230164, 0.8565597534179688, 0.8565597534179688, 2.7019641399383545, '00:57']
[11, 0.44414404034614563, 0.4536733627319336, 0.9897542595863342, 0.09093627333641052, 0.17523707449436188, 1.4798308610916138, 0.8386483192443848, 0.8501760959625244, 0.8501760959625244, 1.9779090881347656, '00:57']
[12, 0.4424497187137604, 0.4645361006259918, 0.9833869934082031, 0.08447687327861786, 0.17851415276527405, 1.6413123607635498, 0.8370044231414795, 0.8567931652069092, 0.8567931652069092, 4.040136337280273, '00:58']
[13, 0.4417087435722351, 0.4553922712802887, 0.9881610870361328, 0.09498532861471176, 0.1761218160390854, 1.4520130157470703, 0.842066764831543, 0.8474545478820801, 0.8474545478820801, 1.6041501760482788, '00:58']
[14, 0.44730937480926514, 0.44547662138938904, 0.9903523921966553, 0.10232391953468323, 0.17500656843185425, 1.451392412185669, 0.8293068408966064, 0.8386233448982239, 0.8386233448982239, 1.7559641599655151, '00:57']
[15, 0.438574880361557, 0.4602348208427429, 0.9896352291107178, 0.08641684800386429, 0.17529335618019104, 1.3499642610549927, 0.8503541946411133, 0.8623919486999512, 0.8623919486999512, 1.0295454263687134, '00:58']
[16, 0.44374850392341614, 0.44992899894714355, 0.9870907664299011, 0.09896756708621979, 0.17667639255523682, 1.557121992111206, 0.8272333741188049, 0.8409929871559143, 0.8409929871559143, 2.946145534515381, '00:57']
[17, 0.44849511981010437, 0.4508615732192993, 0.9908773303031921, 0.0939013883471489, 0.1746734231710434, 1.4145160913467407, 0.8422882556915283, 0.8503119945526123, 0.8503119945526123, 1.4049140214920044, '00:57']
[18, 0.44599542021751404, 0.4472137987613678, 0.9894896745681763, 0.09837160259485245, 0.17541128396987915, 1.502760648727417, 0.8286200761795044, 0.8402366042137146, 0.8402366042137146, 2.1744236946105957, '00:57']
[19, 0.4431535601615906, 0.4444102644920349, 0.988246500492096, 0.10490991175174713, 0.17603670060634613, 1.5284777879714966, 0.819608747959137, 0.8306350708007812, 0.8306350708007812, 2.5915307998657227, '00:58']
[20, 0.4397261142730713, 0.4421687722206116, 0.9893569946289062, 0.10548567026853561, 0.1754855513572693, 1.4862767457962036, 0.8177388310432434, 0.8272277116775513, 0.8272277116775513, 1.9507116079330444, '00:57']
[21, 0.43875205516815186, 0.4439680874347687, 0.9906312227249146, 0.1037261113524437, 0.174818754196167, 1.4103139638900757, 0.8267014026641846, 0.8327261805534363, 0.8327261805534363, 1.4571577310562134, '00:58']
[22, 0.4375484883785248, 0.4541480243206024, 0.9890146851539612, 0.09195251017808914, 0.175575390458107, 1.518385887145996, 0.8332529664039612, 0.8433583378791809, 0.8433583378791809, 2.0631966590881348, '00:57']
[23, 0.4342336058616638, 0.44380953907966614, 0.9911585450172424, 0.103645458817482, 0.17447948455810547, 1.3813148736953735, 0.8288001418113708, 0.8348954319953918, 0.8348954916000366, 1.1633949279785156, '00:57']
[24, 0.4285340905189514, 0.4470978379249573, 0.9886704683303833, 0.10019555687904358, 0.17592206597328186, 1.511520504951477, 0.8296694159507751, 0.8388141989707947, 0.8388141989707947, 1.9827566146850586, '00:58']
[25, 0.4343794286251068, 0.4459894299507141, 0.9916366934776306, 0.09919626265764236, 0.17425329983234406, 1.3426833152770996, 0.8304703831672668, 0.8366641402244568, 0.8366641402244568, 0.8825275897979736, '00:57']
[26, 0.4373876750469208, 0.45006734132766724, 0.9913780689239502, 0.09310322254896164, 0.17444589734077454, 1.3568761348724365, 0.8431345820426941, 0.8509089946746826, 0.8509089946746826, 1.0443905591964722, '00:57']
[27, 0.436719685792923, 0.44355782866477966, 0.9895404577255249, 0.10298079997301102, 0.17539896070957184, 1.4364068508148193, 0.8274903893470764, 0.8341853618621826, 0.8341853618621826, 1.456093668937683, '00:58']
[28, 0.42943596839904785, 0.4408472180366516, 0.9885571002960205, 0.1073472797870636, 0.17595581710338593, 1.55631422996521, 0.8138059973716736, 0.8265790343284607, 0.8265790343284607, 2.4404420852661133, '00:58']
[29, 0.4276055097579956, 0.4391462504863739, 0.9900352358818054, 0.10866817831993103, 0.1751616895198822, 1.4773318767547607, 0.8141102194786072, 0.8224390149116516, 0.8224390149116516, 1.8127408027648926, '00:57']
[30, 0.42633557319641113, 0.4589412212371826, 0.9925233125686646, 0.08314213901758194, 0.17370761930942535, 1.208351731300354, 0.8494202494621277, 0.8659557700157166, 0.8659557700157166, 0.48211148381233215, '00:57']
[31, 0.4378974139690399, 0.4352240562438965, 0.9887924194335938, 0.11212798207998276, 0.17589305341243744, 1.5479406118392944, 0.8000246286392212, 0.8164404630661011, 0.8164404630661011, 2.3694822788238525, '00:58']
[32, 0.42751345038414, 0.4427769184112549, 0.9891719222068787, 0.10305317491292953, 0.17556849122047424, 1.533422827720642, 0.8135727047920227, 0.8285887241363525, 0.8285887241363525, 2.430274248123169, '00:58']
[33, 0.43864762783050537, 0.4439883828163147, 0.9872385859489441, 0.10307838022708893, 0.17672276496887207, 1.5899739265441895, 0.8119189739227295, 0.8349838256835938, 0.8349838256835938, 3.5383002758026123, '00:58']
[34, 0.42722463607788086, 0.4363212585449219, 0.9894161820411682, 0.111835777759552, 0.1754903644323349, 1.513183355331421, 0.8021681904792786, 0.8145864009857178, 0.8145864009857178, 2.1530354022979736, '00:58']
[35, 0.43049153685569763, 0.4303336441516876, 0.9906418323516846, 0.12159553915262222, 0.1749257743358612, 1.449211835861206, 0.8029752373695374, 0.8117132186889648, 0.8117132186889648, 1.4939607381820679, '00:58']
[36, 0.4353760778903961, 0.4413295090198517, 0.9863182902336121, 0.10737548023462296, 0.17719519138336182, 1.6087446212768555, 0.8049049973487854, 0.826755166053772, 0.826755166053772, 3.5048534870147705, '00:58']
[37, 0.4276624023914337, 0.43055203557014465, 0.9903751611709595, 0.11849378794431686, 0.17498363554477692, 1.4715481996536255, 0.795890748500824, 0.8065901398658752, 0.8065901398658752, 1.776057481765747, '00:58']
[38, 0.42938941717147827, 0.4314576983451843, 0.9905828833580017, 0.11937641352415085, 0.17495182156562805, 1.4220863580703735, 0.8012368083000183, 0.8108779788017273, 0.8108779788017273, 1.5347886085510254, '00:58']
[39, 0.41897934675216675, 0.43608757853507996, 0.9909156560897827, 0.11248112469911575, 0.17467476427555084, 1.4238449335098267, 0.8053849339485168, 0.8148523569107056, 0.8148523569107056, 1.4032291173934937, '00:58']
[40, 0.42692312598228455, 0.4349087178707123, 0.9883641004562378, 0.11357692629098892, 0.17608879506587982, 1.5747230052947998, 0.7897193431854248, 0.8107134103775024, 0.8107134103775024, 2.884779214859009, '00:58']
[41, 0.4216243326663971, 0.43406790494918823, 0.9910337924957275, 0.11445251107215881, 0.17463433742523193, 1.4012455940246582, 0.807619571685791, 0.8158804774284363, 0.8158804774284363, 1.3208646774291992, '00:58']
[42, 0.4194681644439697, 0.4321769177913666, 0.9906331896781921, 0.11790619790554047, 0.1748475879430771, 1.3937724828720093, 0.8040485382080078, 0.8116501569747925, 0.8116501569747925, 1.3058348894119263, '00:57']
[43, 0.4207017421722412, 0.43263959884643555, 0.9895766377449036, 0.11560097336769104, 0.17541491985321045, 1.5005311965942383, 0.7987021803855896, 0.8098452687263489, 0.8098453283309937, 2.067401170730591, '00:58']
[44, 0.42721277475357056, 0.4350862205028534, 0.9910546541213989, 0.11237180233001709, 0.17460277676582336, 1.4216572046279907, 0.8081087470054626, 0.8174968361854553, 0.8174968361854553, 1.3398268222808838, '00:57']
No improvement since epoch 35: early stopping
----------
3
----------
DLS create!
[0, 0.52274489402771, 0.5100166201591492, 0.9911682605743408, 0.01882215216755867, 0.1794830560684204, 1.331726312637329, 0.9760251641273499, 0.971328616142273, 0.971328616142273, 0.5032337307929993, '00:57']
[1, 0.4967421293258667, 0.49921804666519165, 0.9912605285644531, 0.03161478042602539, 0.1745092123746872, 1.263231635093689, 0.9504329562187195, 0.9494864344596863, 0.9494864344596863, 0.5107490420341492, '00:57']
[2, 0.48920953273773193, 0.49317172169685364, 0.987545371055603, 0.04453297331929207, 0.1763603538274765, 1.4756220579147339, 0.9293732643127441, 0.9297093749046326, 0.9297093749046326, 1.7039791345596313, '00:58']
[3, 0.4770681858062744, 0.4739350974559784, 0.9911673069000244, 0.06598822772502899, 0.17438825964927673, 1.2987568378448486, 0.8927738666534424, 0.8954793214797974, 0.8954793214797974, 0.6844507455825806, '00:58']
[4, 0.4748263359069824, 0.4783182740211487, 0.9911264181137085, 0.059303730726242065, 0.17438781261444092, 1.2914892435073853, 0.9016381502151489, 0.9035229086875916, 0.9035229086875916, 0.5859240889549255, '00:58']
[5, 0.4692249298095703, 0.4722270369529724, 0.9851976037025452, 0.07194770127534866, 0.17753876745700836, 1.571773886680603, 0.8728526830673218, 0.8828730583190918, 0.8828730583190918, 2.8217382431030273, '00:58']
[6, 0.4678530693054199, 0.497230589389801, 0.9778481125831604, 0.0524013489484787, 0.1811516433954239, 1.6849839687347412, 0.895205020904541, 0.9086921215057373, 0.9086921215057373, 5.256474494934082, '00:58']
[7, 0.45952513813972473, 0.46204686164855957, 0.9883924126625061, 0.08224840462207794, 0.17585113644599915, 1.4827930927276611, 0.8572549223899841, 0.8634145259857178, 0.8634145259857178, 1.6985194683074951, '00:58']
[8, 0.45194587111473083, 0.4584364891052246, 0.9880431294441223, 0.08642088621854782, 0.1760624200105667, 1.4919887781143188, 0.8497291803359985, 0.8572208285331726, 0.8572208285331726, 1.8542360067367554, '00:58']
[9, 0.4613664448261261, 0.45401084423065186, 0.9907554388046265, 0.09085746109485626, 0.17460621893405914, 1.340042233467102, 0.8520795702934265, 0.8557028770446777, 0.8557028770446777, 0.8946810960769653, '00:58']
[10, 0.4481487572193146, 0.4542028605937958, 0.9893442988395691, 0.09185455739498138, 0.17533281445503235, 1.4042750597000122, 0.8440797328948975, 0.8497527837753296, 0.8497527837753296, 1.251664638519287, '00:57']
[11, 0.4500889182090759, 0.476422518491745, 0.9884107708930969, 0.0661218985915184, 0.17573797702789307, 1.4281773567199707, 0.8808615803718567, 0.8876373171806335, 0.8876373171806335, 1.5842257738113403, '00:58']
[12, 0.44429129362106323, 0.46550846099853516, 0.9844169020652771, 0.08151189237833023, 0.17795893549919128, 1.5936814546585083, 0.848526120185852, 0.8627735376358032, 0.8627735376358032, 3.215975761413574, '00:58']
[13, 0.44300952553749084, 0.45820632576942444, 0.9887761473655701, 0.08581577986478806, 0.1755744218826294, 1.4522135257720947, 0.8477848172187805, 0.8529434204101562, 0.8529434204101562, 1.5080801248550415, '00:58']
[14, 0.44243985414505005, 0.4702410399913788, 0.9813150763511658, 0.08078962564468384, 0.17949460446834564, 1.6386929750442505, 0.8434540629386902, 0.8621789216995239, 0.8621789216995239, 3.7611255645751953, '00:58']
[15, 0.44835421442985535, 0.46223244071006775, 0.9868101477622986, 0.08300356566905975, 0.17665597796440125, 1.5370858907699585, 0.847844660282135, 0.8592070937156677, 0.8592070937156677, 2.4639546871185303, '00:58']
[16, 0.44820234179496765, 0.4698975384235382, 0.9811118841171265, 0.0818171426653862, 0.17962491512298584, 1.6591078042984009, 0.8356006145477295, 0.8593557476997375, 0.8593557476997375, 4.250455856323242, '00:58']
[17, 0.45066335797309875, 0.4815540015697479, 0.977869987487793, 0.06988074630498886, 0.18118615448474884, 1.6568292379379272, 0.853083074092865, 0.8791027069091797, 0.8791027069091797, 4.707963466644287, '00:58']
[18, 0.44285017251968384, 0.4963946044445038, 0.9763818979263306, 0.06300940364599228, 0.18191245198249817, 1.6101717948913574, 0.8652034997940063, 0.8884137272834778, 0.8884137272834778, 4.243505477905273, '00:57']
No improvement since epoch 9: early stopping
----------
4
----------
DLS create!
[0, 0.5234143733978271, 0.5669869780540466, 0.9904769659042358, nan, 0.176217183470726, 1.118945837020874, 0.9920505881309509, 0.9765880703926086, 0.9765880703926086, nan, '00:58']
[1, 0.4978226125240326, 0.4953484535217285, 0.985895037651062, 0.05041603744029999, 0.17629601061344147, 1.4092425107955933, 0.927698016166687, 0.9190185070037842, 0.9190185070037842, inf, '00:58']
[2, 0.49152863025665283, 0.49051356315612793, 0.9699328541755676, 0.06423172354698181, 0.1827876716852188, 1.639859914779663, 0.8877266645431519, 0.8899570107460022, 0.8899570107460022, inf, '00:59']
[3, 0.484055757522583, 0.4698580801486969, 0.9840514063835144, 0.08289425075054169, 0.177292600274086, 1.5167341232299805, 0.8675716519355774, 0.8641564249992371, 0.8641564249992371, inf, '00:57']
[4, 0.47345131635665894, 0.49736833572387695, 0.9895696640014648, 0.04523766040802002, 0.17403216660022736, 1.2303733825683594, 0.9165944457054138, 0.9165468811988831, 0.9165468811988831, inf, '00:58']
[5, 0.46718984842300415, 0.47106099128723145, 0.9854925274848938, 0.08006297796964645, 0.17626407742500305, 1.4906102418899536, 0.8616155385971069, 0.8575021624565125, 0.8575021624565125, inf, '00:58']
[6, 0.46585607528686523, 0.4623810350894928, 0.9842086434364319, 0.09091798216104507, 0.17695122957229614, 1.5276662111282349, 0.8427620530128479, 0.8425674438476562, 0.8425674438476562, inf, '00:57']
[7, 0.45864227414131165, 0.46107158064842224, 0.9880156517028809, 0.09115395694971085, 0.1749616116285324, 1.3769503831863403, 0.8462745547294617, 0.8428574800491333, 0.8428574800491333, inf, '00:58']
[8, 0.4572432041168213, 0.45595043897628784, 0.9895681142807007, 0.0981496050953865, 0.17418986558914185, 1.2799439430236816, 0.8336918354034424, 0.8358872532844543, 0.8358872532844543, inf, '00:58']
[9, 0.4541890025138855, 0.44727322459220886, 0.9881330728530884, 0.10951821506023407, 0.17502880096435547, 1.3888431787490845, 0.8185411691665649, 0.8157933354377747, 0.8157933354377747, inf, '00:58']
[10, 0.45714566111564636, 0.4465284049510956, 0.989408016204834, 0.10955378413200378, 0.17429953813552856, 1.299898386001587, 0.8152355551719666, 0.816038966178894, 0.816038966178894, inf, '00:58']
[11, 0.4513620436191559, 0.4411031901836395, 0.9856485724449158, 0.11973096430301666, 0.17648832499980927, 1.5067496299743652, 0.7971553206443787, 0.7968215942382812, 0.7968215942382812, inf, '00:58']
[12, 0.44891735911369324, 0.44218385219573975, 0.9890100955963135, 0.1151517704129219, 0.17457926273345947, 1.3399306535720825, 0.8074665069580078, 0.8065968155860901, 0.8065968155860901, inf, '00:58']
[13, 0.4593502879142761, 0.44303783774375916, 0.9869069457054138, 0.11350729316473007, 0.1757114678621292, 1.4474447965621948, 0.8096601963043213, 0.8102053999900818, 0.8102053999900818, inf, '00:58']
[14, 0.44751447439193726, 0.43514683842658997, 0.9882218837738037, 0.12352614104747772, 0.1751072257757187, 1.3830010890960693, 0.799423098564148, 0.7981360554695129, 0.7981360554695129, inf, '00:58']
[15, 0.44615569710731506, 0.43934640288352966, 0.987610936164856, 0.11935529112815857, 0.17537087202072144, 1.409646987915039, 0.8020256757736206, 0.8002856373786926, 0.8002856373786926, inf, '00:58']
[16, 0.44604724645614624, 0.43098166584968567, 0.9882528185844421, 0.1301690936088562, 0.17504335939884186, 1.3816440105438232, 0.7890183329582214, 0.7872876524925232, 0.7872876524925232, inf, '00:58']
[17, 0.4317042827606201, 0.5545974373817444, 0.972617506980896, 0.08867178857326508, 0.18333525955677032, 1.5009697675704956, 0.8283048272132874, 0.8409132361412048, 0.8409132361412048, inf, '00:58']
[18, 0.42388463020324707, 0.4474773705005646, 0.9905760288238525, 0.1117626428604126, 0.1736437827348709, 1.1566632986068726, 0.8043001294136047, 0.816490650177002, 0.816490650177002, inf, '00:58']
[19, 0.43836313486099243, 0.4424416124820709, 0.9831807613372803, 0.12014050781726837, 0.17782378196716309, 1.5447105169296265, 0.7906965017318726, 0.796082079410553, 0.796082079410553, inf, '00:58']
[20, 0.44229939579963684, 0.42777305841445923, 0.9902114868164062, 0.13723310828208923, 0.173974871635437, 1.2370558977127075, 0.7768008708953857, 0.7819151282310486, 0.7819151282310486, inf, '00:58']
[21, 0.4382432997226715, 0.42995908856391907, 0.985211968421936, 0.13306042551994324, 0.176763117313385, 1.5162943601608276, 0.7714958190917969, 0.7764211893081665, 0.7764211893081665, inf, '00:57']
[22, 0.4336036741733551, 0.44880592823028564, 0.9873442649841309, 0.1063535287976265, 0.17548887431621552, 1.424499750137329, 0.8183102607727051, 0.8189533352851868, 0.8189533352851868, inf, '00:58']
[23, 0.44664010405540466, 0.4306938946247101, 0.9863354563713074, 0.13096056878566742, 0.17618143558502197, 1.4792006015777588, 0.7780386805534363, 0.7813756465911865, 0.7813756465911865, inf, '00:58']
[24, 0.43708688020706177, 0.4395841360092163, 0.9901686906814575, 0.12143977731466293, 0.17396926879882812, 1.2010945081710815, 0.8019872903823853, 0.806757926940918, 0.806757926940918, inf, '00:58']
[25, 0.439384788274765, 0.42466506361961365, 0.9877363443374634, 0.13884161412715912, 0.17544521391391754, 1.4169632196426392, 0.7684850096702576, 0.7702049016952515, 0.7702049016952515, inf, '00:58']
[26, 0.44730818271636963, 0.4267256557941437, 0.9876200556755066, 0.13654696941375732, 0.1754044145345688, 1.4244248867034912, 0.7787330150604248, 0.7774115800857544, 0.7774115800857544, inf, '00:58']
[27, 0.44318029284477234, 0.4352280795574188, 0.9893534779548645, 0.12323769927024841, 0.17443139851093292, 1.299193263053894, 0.7992950677871704, 0.7980149388313293, 0.7980149388313293, inf, '00:58']
[28, 0.43601924180984497, 0.43807539343833923, 0.9830672144889832, 0.12296878546476364, 0.1780528575181961, 1.5476999282836914, 0.7826111316680908, 0.7922875285148621, 0.7922875285148621, inf, '00:58']
[29, 0.4422927498817444, 0.53838711977005, 0.9569202065467834, 0.07231229543685913, 0.19137325882911682, 1.709229588508606, 0.8325954079627991, 0.8615761995315552, 0.8615761995315552, inf, '00:58']
[30, 0.42809978127479553, 0.4510582387447357, 0.9864600896835327, 0.11169960349798203, 0.17600902915000916, 1.3106234073638916, 0.8030146360397339, 0.8088491559028625, 0.8088491559028625, inf, '00:58']
[31, 0.43177446722984314, 0.6850694417953491, 0.971448540687561, 0.09875234961509705, 0.18413427472114563, 1.551517128944397, 0.8096030950546265, 0.8237205743789673, 0.8237205743789673, inf, '00:58']
[32, 0.42551422119140625, 0.47044894099235535, 0.9766586422920227, 0.11273722350597382, 0.18124113976955414, 1.5536528825759888, 0.7938905954360962, 0.8050565719604492, 0.8050565719604492, inf, '00:58']
[33, 0.4307073950767517, 0.4315251410007477, 0.9830737709999084, 0.13228937983512878, 0.1778770089149475, 1.531773328781128, 0.7696678042411804, 0.7770372629165649, 0.7770372629165649, inf, '00:57']
[34, 0.43542778491973877, 0.43582817912101746, 0.9837875366210938, 0.12816980481147766, 0.17751996219158173, 1.4310704469680786, 0.7766558527946472, 0.7842223048210144, 0.7842223048210144, inf, '00:57']
No improvement since epoch 25: early stopping
Unet_mobs4 Done!
