Start training...
----------
0
----------
DLS create!
[0, 0.5645661950111389, 0.5252543091773987, 0.9918912053108215, 0.18621417880058289, 1.2048372030258179, 0.9931800365447998, '00:59']
Better model found at epoch 0 with valid_loss value: 0.5252543091773987.
[1, 0.5308167934417725, 0.5123079419136047, 0.9918037056922913, 0.18129780888557434, 1.2289284467697144, 0.978797435760498, '00:57']
Better model found at epoch 1 with valid_loss value: 0.5123079419136047.
[2, 0.5168558359146118, 0.519115149974823, 0.9912363290786743, 0.1937061995267868, 1.6629160642623901, 0.9307703971862793, '00:57']
[3, 0.5064975619316101, 0.5552115440368652, 0.9909971356391907, 0.2056068629026413, 1.8258291482925415, 0.9213971495628357, '00:58']
[4, 0.5017209649085999, 0.48803138732910156, 0.9916884899139404, 0.17558486759662628, 1.2948315143585205, 0.9325946569442749, '00:58']
Better model found at epoch 4 with valid_loss value: 0.48803138732910156.
[5, 0.4983299970626831, 0.47591930627822876, 0.9914343953132629, 0.17738647758960724, 1.4556770324707031, 0.9004761576652527, '00:57']
Better model found at epoch 5 with valid_loss value: 0.47591930627822876.
[6, 0.49476000666618347, 0.5131551623344421, 0.9911139607429504, 0.1899712234735489, 1.7536014318466187, 0.9019581079483032, '00:57']
[7, 0.4908047020435333, 0.4813450872898102, 0.991170346736908, 0.18106888234615326, 1.5747754573822021, 0.8798737525939941, '00:58']
[8, 0.49048349261283875, 0.4905805289745331, 0.9910433292388916, 0.18376196920871735, 1.669007420539856, 0.8795031309127808, '00:57']
[9, 0.4931739568710327, 0.4665059447288513, 0.9913352727890015, 0.1770595908164978, 1.4474074840545654, 0.8760265111923218, '00:57']
Better model found at epoch 9 with valid_loss value: 0.4665059447288513.
