Start training...
----------
0
----------
DLS create!
[0, 0.5682451725006104, 0.5289393663406372, 0.9915217757225037, 0.18831270933151245, 1.1725034713745117, 0.9937372803688049, '00:43']
Better model found at epoch 0 with valid_loss value: 0.5289393663406372.
[1, 0.5329303741455078, 0.5172891616821289, 0.9915297627449036, 0.17919690907001495, 1.116851568222046, 0.9912373423576355, '00:41']
Better model found at epoch 1 with valid_loss value: 0.5172891616821289.
[2, 0.5187619924545288, 0.5052882432937622, 0.9914097785949707, 0.17785222828388214, 1.265531063079834, 0.9638082385063171, '00:42']
Better model found at epoch 2 with valid_loss value: 0.5052882432937622.
[3, 0.5105382204055786, 0.4993184804916382, 0.9913745522499084, 0.1770234853029251, 1.285395860671997, 0.9525737762451172, '00:42']
Better model found at epoch 3 with valid_loss value: 0.4993184804916382.
[4, 0.5046257376670837, 0.4977248013019562, 0.9911244511604309, 0.18176987767219543, 1.4055252075195312, 0.925346314907074, '00:41']
Better model found at epoch 4 with valid_loss value: 0.4977248013019562.
[5, 0.5008282661437988, 0.4986971914768219, 0.9913505911827087, 0.1768825501203537, 1.3526066541671753, 0.9421527981758118, '00:41']
[6, 0.499847948551178, 0.4737963080406189, 0.9912801384925842, 0.175203338265419, 1.3193966150283813, 0.8956767916679382, '00:41']
Better model found at epoch 6 with valid_loss value: 0.4737963080406189.
[7, 0.48851341009140015, 0.4703880846500397, 0.9911589622497559, 0.1765507608652115, 1.449767827987671, 0.8814049959182739, '00:42']
Better model found at epoch 7 with valid_loss value: 0.4703880846500397.
[8, 0.4981039762496948, 0.48836708068847656, 0.9912434816360474, 0.17739486694335938, 1.487425446510315, 0.9115962386131287, '00:41']
[9, 0.49805209040641785, 0.48334625363349915, 0.9912694692611694, 0.17611241340637207, 1.4218635559082031, 0.9049510955810547, '00:41']
[10, 0.4919951558113098, 0.48228880763053894, 0.9910562634468079, 0.17899782955646515, 1.5510053634643555, 0.8918297290802002, '00:42']
[11, 0.4914526045322418, 0.4646214544773102, 0.9911803007125854, 0.1756994128227234, 1.3878778219223022, 0.8729936480522156, '00:42']
Better model found at epoch 11 with valid_loss value: 0.4646214544773102.
[12, 0.48290300369262695, 0.4599529206752777, 0.9909724593162537, 0.1774388998746872, 1.5184705257415771, 0.8443716168403625, '00:41']
Better model found at epoch 12 with valid_loss value: 0.4599529206752777.
[13, 0.47758930921554565, 0.4571373760700226, 0.9911355972290039, 0.17552629113197327, 1.3825005292892456, 0.8575188517570496, '00:42']
Better model found at epoch 13 with valid_loss value: 0.4571373760700226.
[14, 0.473958283662796, 0.4677389860153198, 0.9909306764602661, 0.1788674294948578, 1.582892656326294, 0.8541646599769592, '00:42']
[15, 0.47225239872932434, 0.45748695731163025, 0.9909732341766357, 0.17743735015392303, 1.5323741436004639, 0.8396839499473572, '00:42']
[16, 0.47472745180130005, 0.47423848509788513, 0.9912192821502686, 0.17565906047821045, 1.4077067375183105, 0.8839274644851685, '00:41']
[17, 0.4777643084526062, 0.4652291536331177, 0.9910586476325989, 0.17696914076805115, 1.4873439073562622, 0.8628188967704773, '00:41']
No improvement since epoch 13: early stopping
----------
1
----------
DLS create!
[0, 0.6218476295471191, 0.5534375905990601, 0.992618203163147, 0.20547421276569366, 1.250115156173706, 0.9943735599517822, '00:43']
Better model found at epoch 0 with valid_loss value: 0.5534375905990601.
[1, 0.5547019243240356, 0.5192885994911194, 0.9926626086235046, 0.1815633326768875, 1.090198278427124, 0.9957720041275024, '00:43']
Better model found at epoch 1 with valid_loss value: 0.5192885994911194.
[2, 0.5276800394058228, 0.49627333879470825, 0.9923824071884155, 0.17952501773834229, 1.3163639307022095, 0.9480037093162537, '00:42']
Better model found at epoch 2 with valid_loss value: 0.49627333879470825.
[3, 0.5123299360275269, 0.4919845163822174, 0.992437481880188, 0.17665092647075653, 1.3037772178649902, 0.9422087669372559, '00:42']
Better model found at epoch 3 with valid_loss value: 0.4919845163822174.
[4, 0.5047475099563599, 0.4941254258155823, 0.9925206899642944, 0.17517216503620148, 1.22371506690979, 0.9504041075706482, '00:42']
[5, 0.5033856630325317, 0.49271756410598755, 0.992485523223877, 0.1754724383354187, 1.2813465595245361, 0.9461356401443481, '00:41']
[6, 0.5006821751594543, 0.49185460805892944, 0.9924861788749695, 0.1749195009469986, 1.2687537670135498, 0.9396668672561646, '00:41']
Better model found at epoch 6 with valid_loss value: 0.49185460805892944.
[7, 0.49568480253219604, 0.4899343252182007, 0.9923694133758545, 0.17737561464309692, 1.4781227111816406, 0.9303781986236572, '00:43']
Better model found at epoch 7 with valid_loss value: 0.4899343252182007.
[8, 0.49611881375312805, 0.4717768728733063, 0.9923287034034729, 0.17595598101615906, 1.3942792415618896, 0.8977612853050232, '00:42']
Better model found at epoch 8 with valid_loss value: 0.4717768728733063.
[9, 0.48917004466056824, 0.4665828049182892, 0.9923184514045715, 0.1752166450023651, 1.344978928565979, 0.8861818909645081, '00:41']
Better model found at epoch 9 with valid_loss value: 0.4665828049182892.
[10, 0.4816833436489105, 0.4695866107940674, 0.9923762083053589, 0.17448963224887848, 1.2538998126983643, 0.8885619044303894, '00:42']
[11, 0.48542824387550354, 0.5025075078010559, 0.9925549030303955, 0.1740993857383728, 1.1601688861846924, 0.9511507153511047, '00:42']
[12, 0.4873456060886383, 0.49489131569862366, 0.9925156831741333, 0.17521081864833832, 1.3364657163619995, 0.9401326775550842, '00:42']
[13, 0.48577162623405457, 0.47376707196235657, 0.9923593401908875, 0.17496880888938904, 1.2806802988052368, 0.9001927375793457, '00:42']
No improvement since epoch 9: early stopping
----------
2
----------
DLS create!
[0, 0.5668582320213318, 0.5399816632270813, 0.9894329309463501, 0.19049134850502014, 1.1530663967132568, 0.998041570186615, '00:42']
Better model found at epoch 0 with valid_loss value: 0.5399816632270813.
[1, 0.532049298286438, 0.523897647857666, 0.9893224239349365, 0.18524950742721558, 1.1233668327331543, 0.9865886569023132, '00:42']
Better model found at epoch 1 with valid_loss value: 0.523897647857666.
[2, 0.5174140334129333, 0.5317494869232178, 0.9888280034065247, 0.19712713360786438, 1.527097463607788, 0.9500144720077515, '00:42']
[3, 0.5099994540214539, 0.5237907767295837, 0.9894259572029114, 0.1746392548084259, 1.0653647184371948, 0.9907892942428589, '00:41']
Better model found at epoch 3 with valid_loss value: 0.5237907767295837.
[4, 0.5094348788261414, 0.5347897410392761, 0.9893231391906738, 0.17497175931930542, 1.1680296659469604, 0.965123176574707, '00:41']
[5, 0.5040669441223145, 0.4872860312461853, 0.9890182614326477, 0.1761007159948349, 1.3255940675735474, 0.9159800410270691, '00:42']
Better model found at epoch 5 with valid_loss value: 0.4872860312461853.
[6, 0.5047274827957153, 0.5807493925094604, 0.9885901212692261, 0.2184426188468933, 1.7766523361206055, 0.9433677792549133, '00:41']
[7, 0.4960412383079529, 0.47342661023139954, 0.9889008402824402, 0.17554059624671936, 1.341522455215454, 0.880309522151947, '00:42']
Better model found at epoch 7 with valid_loss value: 0.47342661023139954.
[8, 0.4932413697242737, 0.47226640582084656, 0.9889075756072998, 0.17531511187553406, 1.3293055295944214, 0.8770284652709961, '00:42']
Better model found at epoch 8 with valid_loss value: 0.47226640582084656.
[9, 0.4994073808193207, 0.5052912831306458, 0.9892318844795227, 0.17568665742874146, 1.3314716815948486, 0.9414152503013611, '00:41']
[10, 0.4961335062980652, 0.46621039509773254, 0.9887140989303589, 0.17661821842193604, 1.4209970235824585, 0.8631637692451477, '00:41']
Better model found at epoch 10 with valid_loss value: 0.46621039509773254.
[11, 0.48649436235427856, 0.49934422969818115, 0.9890058636665344, 0.1771939992904663, 1.407212495803833, 0.9217627644538879, '00:42']
[12, 0.4844270944595337, 0.47202593088150024, 0.9889724254608154, 0.17474918067455292, 1.2951407432556152, 0.863735556602478, '00:41']
[13, 0.4931770861148834, 0.47712263464927673, 0.9887628555297852, 0.1774331033229828, 1.4915964603424072, 0.8766099810600281, '00:42']
[14, 0.4913765788078308, 0.5000588297843933, 0.9892103672027588, 0.174302875995636, 1.2231123447418213, 0.921916127204895, '00:41']
No improvement since epoch 10: early stopping
----------
3
----------
DLS create!
[0, 0.6271658539772034, 0.5790905356407166, 0.9811563491821289, 0.22048567235469818, 1.280134916305542, 1.0000584125518799, '00:42']
Better model found at epoch 0 with valid_loss value: 0.5790905356407166.
[1, 0.5604951977729797, 0.5279731750488281, 0.9811131954193115, 0.18606166541576385, 1.1216809749603271, 0.9948674440383911, '00:41']
Better model found at epoch 1 with valid_loss value: 0.5279731750488281.
[2, 0.5329875946044922, 0.523037314414978, 0.9811108112335205, 0.1795838475227356, 1.1258373260498047, 0.9917421936988831, '00:42']
Better model found at epoch 2 with valid_loss value: 0.523037314414978.
[3, 0.5191449522972107, 0.5067198276519775, 0.9809609055519104, 0.17772287130355835, 1.274669885635376, 0.9652584195137024, '00:42']
Better model found at epoch 3 with valid_loss value: 0.5067198276519775.
[4, 0.5091423988342285, 0.5206907987594604, 0.9811381101608276, 0.17495118081569672, 1.099104642868042, 0.9907718896865845, '00:42']
[5, 0.5008854269981384, 0.5188888907432556, 0.9810213446617126, 0.17615817487239838, 1.3159770965576172, 0.9679234623908997, '00:41']
[6, 0.4980199337005615, 0.48961517214775085, 0.9808259606361389, 0.17552852630615234, 1.333011507987976, 0.9221387505531311, '00:41']
Better model found at epoch 6 with valid_loss value: 0.48961517214775085.
[7, 0.48967432975769043, 0.5430390238761902, 0.9806406497955322, 0.19298480451107025, 1.7664287090301514, 0.9453361630439758, '00:41']
[8, 0.4863845705986023, 0.5516882538795471, 0.9806368350982666, 0.19255496561527252, 1.790917158126831, 0.9417100548744202, '00:41']
[9, 0.48835885524749756, 0.5302903056144714, 0.9808687567710876, 0.1864641159772873, 1.662157416343689, 0.9634051322937012, '00:42']
[10, 0.4888656437397003, 0.5053210258483887, 0.9806626439094543, 0.17997823655605316, 1.6088407039642334, 0.9147478342056274, '00:42']
No improvement since epoch 6: early stopping
----------
4
----------
DLS create!
[0, 0.5814846158027649, 0.529111921787262, 0.9931790232658386, 0.18975640833377838, 1.207916498184204, 0.9933631420135498, '00:42']
Better model found at epoch 0 with valid_loss value: 0.529111921787262.
[1, 0.5388995409011841, 0.5110040903091431, 0.9931127429008484, 0.18071164190769196, 1.2132827043533325, 0.979957640171051, '00:42']
Better model found at epoch 1 with valid_loss value: 0.5110040903091431.
[2, 0.5193163752555847, 0.49861621856689453, 0.9929630160331726, 0.17968715727329254, 1.3865972757339478, 0.9485661387443542, '00:41']
Better model found at epoch 2 with valid_loss value: 0.49861621856689453.
[3, 0.5102319717407227, 0.49305203557014465, 0.9929389953613281, 0.17846934497356415, 1.4525442123413086, 0.9362127780914307, '00:41']
Better model found at epoch 3 with valid_loss value: 0.49305203557014465.
[4, 0.5005378127098083, 0.48498502373695374, 0.9928284883499146, 0.17868436872959137, 1.5614979267120361, 0.9162824153900146, '00:42']
Better model found at epoch 4 with valid_loss value: 0.48498502373695374.
[5, 0.4980887174606323, 0.48672518134117126, 0.9929081797599792, 0.17803044617176056, 1.5217424631118774, 0.9178231358528137, '00:42']
[6, 0.4976606070995331, 0.4738880395889282, 0.9928554892539978, 0.17640382051467896, 1.4829638004302979, 0.9005563855171204, '00:42']
Better model found at epoch 6 with valid_loss value: 0.4738880395889282.
[7, 0.4884106516838074, 0.4808451235294342, 0.9929323196411133, 0.17620036005973816, 1.4803637266159058, 0.908206045627594, '00:42']
[8, 0.4896271228790283, 0.47734788060188293, 0.9929314851760864, 0.1758003830909729, 1.4547995328903198, 0.9056038856506348, '00:41']
[9, 0.4902098774909973, 0.4882475733757019, 0.9929705858230591, 0.17584674060344696, 1.454367995262146, 0.9221394062042236, '00:41']
[10, 0.4813832640647888, 0.48381921648979187, 0.9926066994667053, 0.18078160285949707, 1.6830922365188599, 0.8915311694145203, '00:42']
No improvement since epoch 6: early stopping
UnetPlusPlus Done!
